Linux 6.6.95 (ssp-study-m02) 	04/21/26 	_x86_64_	(2 CPU)

10:20:36        CPU     %user     %nice   %system   %iowait    %steal     %idle
10:20:37   [32;22m     all[0m[34;1m      4.55[0m[34;22m      0.00[0m[34;1m      8.52[0m[34;22m      0.00[0m[34;22m      0.00[0m[34;1m     86.93[0m
10:20:38   [32;22m     all[0m[34;1m      2.20[0m[34;22m      0.00[0m[34;1m      6.59[0m[34;22m      0.00[0m[34;22m      0.00[0m[34;1m     91.21[0m
10:20:39   [32;22m     all[0m[34;1m      2.72[0m[34;22m      0.00[0m[34;1m      7.07[0m[34;22m      0.00[0m[34;22m      0.00[0m[34;1m     90.22[0m
10:20:40   [32;22m     all[0m[34;1m      5.08[0m[34;22m      0.00[0m[34;1m      9.60[0m[34;22m      0.00[0m[34;22m      0.00[0m[34;1m     85.31[0m
10:20:41   [32;22m     all[0m[34;1m     10.44[0m[34;22m      0.00[0m[34;1m     13.19[0m[34;22m      0.00[0m[34;22m      0.00[0m[34;1m     76.37[0m
10:20:42   [32;22m     all[0m[34;1m      5.92[0m[34;22m      0.00[0m[34;1m     15.98[0m[34;22m      0.00[0m[34;22m      0.00[0m[34;1m     78.11[0m
10:20:43   [32;22m     all[0m[34;1m      7.47[0m[34;22m      0.00[0m[34;1m     13.79[0m[34;22m      0.00[0m[34;22m      0.00[0m[34;1m     78.74[0m
10:20:44   [32;22m     all[0m[34;1m      8.62[0m[34;22m      0.00[0m[34;1m     18.97[0m[34;22m      0.00[0m[34;22m      0.00[0m[34;1m     72.41[0m
10:20:45   [32;22m     all[0m[34;1m      9.82[0m[34;22m      0.00[0m[34;1m     23.93[0m[34;22m      0.00[0m[34;22m      0.00[0m[34;1m     66.26[0m
10:20:46   [32;22m     all[0m[34;1m     10.00[0m[34;22m      0.00[0m[34;1m     22.78[0m[34;22m      0.00[0m[34;22m      0.00[0m[34;1m     67.22[0m
10:20:47   [32;22m     all[0m[34;1m      8.00[0m[34;22m      0.00[0m[34;1m     22.86[0m[34;22m      0.00[0m[34;22m      0.00[0m[34;1m     69.14[0m
10:20:48   [32;22m     all[0m[34;1m      9.04[0m[34;22m      0.00[0m[34;1m     17.51[0m[34;22m      0.00[0m[34;22m      0.00[0m[34;1m     73.45[0m
10:20:49   [32;22m     all[0m[34;1m      6.78[0m[34;22m      0.00[0m[34;1m     24.29[0m[34;22m      0.00[0m[34;22m      0.00[0m[34;1m     68.93[0m
10:20:50   [32;22m     all[0m[34;1m      8.57[0m[34;22m      0.00[0m[34;1m     24.57[0m[34;22m      0.00[0m[34;22m      0.00[0m[34;1m     66.86[0m
10:20:51   [32;22m     all[0m[34;1m     14.94[0m[34;22m      0.00[0m[34;1m     31.03[0m[34;22m      0.00[0m[34;22m      0.00[0m[34;1m     54.02[0m
10:20:52   [32;22m     all[0m[34;1m     10.92[0m[34;22m      0.00[0m[34;1m     27.59[0m[34;22m      0.00[0m[34;22m      0.00[0m[34;1m     61.49[0m
10:20:53   [32;22m     all[0m[34;1m      7.93[0m[34;22m      0.00[0m[34;1m     29.88[0m[34;22m      0.00[0m[34;22m      0.00[0m[34;1m     62.20[0m
10:20:54   [32;22m     all[0m[34;1m      9.77[0m[34;22m      0.00[0m[34;1m     27.59[0m[34;22m      0.00[0m[34;22m      0.00[0m[34;1m     62.64[0m
10:20:55   [32;22m     all[0m[34;1m     10.18[0m[34;22m      0.00[0m[34;1m     31.74[0m[34;22m      0.00[0m[34;22m      0.00[0m[34;1m     58.08[0m
10:20:56   [32;22m     all[0m[34;1m     17.09[0m[34;22m      0.00[0m[34;1m     41.14[0m[34;22m      0.00[0m[34;22m      0.00[0m[34;1m     41.77[0m
10:20:57   [32;22m     all[0m[34;1m     11.56[0m[34;22m      0.00[0m[34;1m     35.26[0m[34;22m      0.00[0m[34;22m      0.00[0m[34;1m     53.18[0m
10:20:58   [32;22m     all[0m[34;1m     13.07[0m[34;22m      0.00[0m[34;1m     33.52[0m[34;22m      0.00[0m[34;22m      0.00[0m[34;1m     53.41[0m
10:20:59   [32;22m     all[0m[34;1m     14.29[0m[34;22m      0.00[0m[34;1m     32.14[0m[34;22m      0.00[0m[34;22m      0.00[0m[34;1m     53.57[0m
10:21:00   [32;22m     all[0m[34;1m     13.87[0m[34;22m      0.00[0m[34;1m     35.84[0m[34;22m      0.00[0m[34;22m      0.00[0m[34;1m     50.29[0m
10:21:01   [32;22m     all[0m[34;1m     16.96[0m[34;22m      0.00[0m[34;1m     36.84[0m[34;22m      0.00[0m[34;22m      0.00[0m[34;1m     46.20[0m
10:21:02   [32;22m     all[0m[34;1m      9.25[0m[34;22m      0.00[0m[34;1m     32.95[0m[34;22m      0.00[0m[34;22m      0.00[0m[34;1m     57.80[0m
10:21:03   [32;22m     all[0m[34;1m     12.35[0m[34;22m      0.00[0m[34;1m     40.12[0m[34;22m      0.00[0m[34;22m      0.00[0m[34;1m     47.53[0m
10:21:04   [32;22m     all[0m[34;1m     12.79[0m[34;22m      0.00[0m[34;1m     41.28[0m[34;22m      0.00[0m[34;22m      0.00[0m[34;1m     45.93[0m
10:21:05   [32;22m     all[0m[34;1m     13.25[0m[34;22m      0.00[0m[34;1m     30.12[0m[34;22m      0.00[0m[34;22m      0.00[0m[34;1m     56.63[0m
10:21:06   [32;22m     all[0m[34;1m     18.02[0m[34;22m      0.00[0m[34;1m     44.77[0m[34;22m      0.00[0m[34;22m      0.00[0m[34;1m     37.21[0m
10:21:07   [32;22m     all[0m[34;1m     14.20[0m[34;22m      0.00[0m[34;1m     43.79[0m[34;22m      0.00[0m[34;22m      0.00[0m[34;1m     42.01[0m
10:21:08   [32;22m     all[0m[34;1m     16.47[0m[34;22m      0.00[0m[34;1m     48.82[0m[34;22m      0.00[0m[34;22m      0.00[0m[34;1m     34.71[0m
10:21:09   [32;22m     all[0m[34;1m     18.29[0m[34;22m      0.00[0m[34;1m     46.29[0m[34;22m      0.00[0m[34;22m      0.00[0m[34;1m     35.43[0m
10:21:10   [32;22m     all[0m[34;1m     19.08[0m[34;22m      0.00[0m[34;1m     50.29[0m[34;22m      0.00[0m[34;22m      0.00[0m[34;1m     30.64[0m
10:21:11   [32;22m     all[0m[34;1m     24.29[0m[34;22m      0.00[0m[34;1m     53.11[0m[34;22m      0.00[0m[34;22m      0.00[0m[35;1m     22.60[0m
10:21:12   [32;22m     all[0m[34;1m     14.79[0m[34;22m      0.00[0m[34;1m     39.64[0m[34;22m      0.00[0m[34;22m      0.00[0m[34;1m     45.56[0m
10:21:13   [32;22m     all[0m[34;1m     13.81[0m[34;22m      0.00[0m[34;1m     33.70[0m[34;22m      0.00[0m[34;22m      0.00[0m[34;1m     52.49[0m
10:21:14   [32;22m     all[0m[34;1m     15.08[0m[34;22m      0.00[0m[34;1m     45.25[0m[34;22m      0.00[0m[34;22m      0.00[0m[34;1m     39.66[0m
10:21:15   [32;22m     all[0m[34;1m     16.57[0m[34;22m      0.00[0m[34;1m     34.29[0m[34;22m      0.00[0m[34;22m      0.00[0m[34;1m     49.14[0m
10:21:16   [32;22m     all[0m[34;1m     18.08[0m[34;22m      0.00[0m[34;1m     49.15[0m[34;22m      0.00[0m[34;22m      0.00[0m[34;1m     32.77[0m
10:21:17   [32;22m     all[0m[34;1m     22.22[0m[34;22m      0.00[0m[34;1m     51.46[0m[34;22m      0.00[0m[34;22m      0.00[0m[34;1m     26.32[0m
10:21:18   [32;22m     all[0m[34;1m     18.82[0m[34;22m      0.00[0m[34;1m     55.88[0m[34;22m      0.00[0m[34;22m      0.00[0m[34;1m     25.29[0m
10:21:19   [32;22m     all[0m[34;1m     15.79[0m[34;22m      0.00[0m[34;1m     44.44[0m[34;22m      0.00[0m[34;22m      0.00[0m[34;1m     39.77[0m
10:21:20   [32;22m     all[0m[34;1m     16.28[0m[34;22m      0.00[0m[34;1m     44.77[0m[34;22m      0.00[0m[34;22m      0.00[0m[34;1m     38.95[0m
10:21:21   [32;22m     all[0m[34;1m     20.00[0m[34;22m      0.00[0m[34;1m     50.86[0m[34;22m      0.00[0m[34;22m      0.00[0m[34;1m     29.14[0m
10:21:22   [32;22m     all[0m[34;1m     14.79[0m[34;22m      0.00[0m[34;1m     46.15[0m[34;22m      0.00[0m[34;22m      0.00[0m[34;1m     39.05[0m
10:21:23   [32;22m     all[0m[34;1m     17.54[0m[34;22m      0.00[0m[34;1m     48.54[0m[34;22m      0.00[0m[34;22m      0.00[0m[34;1m     33.92[0m
10:21:24   [32;22m     all[0m[34;1m     11.80[0m[34;22m      0.00[0m[34;1m     43.26[0m[34;22m      0.00[0m[34;22m      0.00[0m[34;1m     44.94[0m
10:21:25   [32;22m     all[0m[34;1m     17.05[0m[34;22m      0.00[0m[34;1m     37.50[0m[34;22m      0.00[0m[34;22m      0.00[0m[34;1m     45.45[0m
10:21:26   [32;22m     all[0m[34;1m     17.71[0m[34;22m      0.00[0m[34;1m     46.86[0m[34;22m      0.00[0m[34;22m      0.00[0m[34;1m     35.43[0m
10:21:27   [32;22m     all[0m[34;1m     24.14[0m[34;22m      0.00[0m[34;1m     56.90[0m[34;22m      0.00[0m[34;22m      0.00[0m[35;1m     18.97[0m
10:21:28   [32;22m     all[0m[34;1m     13.02[0m[34;22m      0.00[0m[34;1m     43.20[0m[34;22m      0.00[0m[34;22m      0.00[0m[34;1m     43.79[0m
10:21:29   [32;22m     all[0m[34;1m     15.34[0m[34;22m      0.00[0m[34;1m     52.84[0m[34;22m      0.00[0m[34;22m      0.00[0m[34;1m     31.82[0m
10:21:30   [32;22m     all[0m[34;1m     19.43[0m[34;22m      0.00[0m[34;1m     53.71[0m[34;22m      0.00[0m[34;22m      0.00[0m[34;1m     26.86[0m
10:21:31   [32;22m     all[0m[34;1m     22.81[0m[34;22m      0.00[0m[34;1m     57.31[0m[34;22m      0.00[0m[34;22m      0.00[0m[35;1m     19.88[0m
10:21:32   [32;22m     all[0m[34;1m     19.76[0m[34;22m      0.00[0m[34;1m     59.28[0m[34;22m      0.00[0m[34;22m      0.00[0m[35;1m     20.96[0m
10:21:33   [32;22m     all[0m[34;1m     20.81[0m[34;22m      0.00[0m[34;1m     60.12[0m[34;22m      0.00[0m[34;22m      0.00[0m[35;1m     19.08[0m
10:21:34   [32;22m     all[0m[34;1m     15.79[0m[34;22m      0.00[0m[34;1m     52.05[0m[34;22m      0.00[0m[34;22m      0.00[0m[34;1m     32.16[0m
10:21:35   [32;22m     all[0m[34;1m     18.34[0m[34;22m      0.00[0m[34;1m     51.48[0m[34;22m      0.00[0m[34;22m      0.00[0m[34;1m     30.18[0m
10:21:36   [32;22m     all[0m[34;1m     11.49[0m[34;22m      0.00[0m[34;1m     38.51[0m[34;22m      0.00[0m[34;22m      0.00[0m[34;1m     50.00[0m
10:21:37   [32;22m     all[0m[34;1m     24.43[0m[34;22m      0.00[0m[34;1m     53.98[0m[34;22m      0.00[0m[34;22m      0.00[0m[35;1m     21.59[0m
10:21:38   [32;22m     all[0m[34;1m     16.28[0m[34;22m      0.00[0m[34;1m     49.42[0m[34;22m      0.00[0m[34;22m      0.00[0m[34;1m     34.30[0m
10:21:39   [32;22m     all[0m[34;1m     16.77[0m[34;22m      0.00[0m[34;1m     48.50[0m[34;22m      0.00[0m[34;22m      0.00[0m[34;1m     34.73[0m
10:21:40   [32;22m     all[0m[34;1m     17.06[0m[34;22m      0.00[0m[34;1m     47.06[0m[34;22m      0.00[0m[34;22m      0.00[0m[34;1m     35.88[0m
10:21:41   [32;22m     all[0m[34;1m     25.84[0m[34;22m      0.00[0m[34;1m     51.69[0m[34;22m      0.00[0m[34;22m      0.00[0m[35;1m     22.47[0m
10:21:42   [32;22m     all[0m[34;1m     19.54[0m[34;22m      0.00[0m[34;1m     59.77[0m[34;22m      0.00[0m[34;22m      0.00[0m[35;1m     20.69[0m
10:21:43   [32;22m     all[0m[34;1m     17.06[0m[34;22m      0.00[0m[34;1m     51.18[0m[34;22m      0.00[0m[34;22m      0.00[0m[34;1m     31.76[0m
10:21:44   [32;22m     all[0m[34;1m     18.45[0m[34;22m      0.00[0m[34;1m     58.33[0m[34;22m      0.00[0m[34;22m      0.00[0m[35;1m     23.21[0m
10:21:45   [32;22m     all[0m[34;1m     22.67[0m[34;22m      0.00[0m[34;1m     59.88[0m[34;22m      0.00[0m[34;22m      0.00[0m[35;1m     17.44[0m
10:21:46   [32;22m     all[0m[34;1m     12.64[0m[34;22m      0.00[0m[34;1m     42.53[0m[34;22m      0.00[0m[34;22m      0.00[0m[34;1m     44.83[0m
10:21:47   [32;22m     all[0m[34;1m     24.16[0m[34;22m      0.00[0m[34;1m     51.69[0m[34;22m      0.00[0m[34;22m      0.00[0m[35;1m     24.16[0m
10:21:48   [32;22m     all[0m[34;1m     16.86[0m[34;22m      0.00[0m[34;1m     52.91[0m[34;22m      0.00[0m[34;22m      0.00[0m[34;1m     30.23[0m
10:21:49   [32;22m     all[0m[34;1m     19.32[0m[34;22m      0.00[0m[34;1m     55.11[0m[34;22m      0.00[0m[34;22m      0.00[0m[34;1m     25.57[0m
10:21:50   [32;22m     all[0m[34;1m     17.92[0m[34;22m      0.00[0m[34;1m     54.34[0m[34;22m      0.00[0m[34;22m      0.00[0m[34;1m     27.75[0m
10:21:51   [32;22m     all[0m[34;1m     21.71[0m[34;22m      0.00[0m[34;1m     59.43[0m[34;22m      0.00[0m[34;22m      0.00[0m[35;1m     18.86[0m
10:21:52   [32;22m     all[0m[34;1m     16.67[0m[34;22m      0.00[0m[34;1m     45.98[0m[34;22m      0.00[0m[34;22m      0.00[0m[34;1m     37.36[0m
10:21:53   [32;22m     all[0m[34;1m     17.96[0m[34;22m      0.00[0m[34;1m     54.49[0m[34;22m      0.00[0m[34;22m      0.00[0m[34;1m     27.54[0m
10:21:54   [32;22m     all[0m[34;1m     15.82[0m[34;22m      0.00[0m[34;1m     49.15[0m[34;22m      0.00[0m[34;22m      0.00[0m[34;1m     35.03[0m
10:21:55   [32;22m     all[0m[34;1m     16.76[0m[34;22m      0.00[0m[34;1m     46.24[0m[34;22m      0.00[0m[34;22m      0.00[0m[34;1m     36.99[0m
10:21:56   [32;22m     all[0m[34;1m     16.57[0m[34;22m      0.00[0m[34;1m     48.52[0m[34;22m      0.00[0m[34;22m      0.00[0m[34;1m     34.91[0m
10:21:57   [32;22m     all[0m[34;1m     18.86[0m[34;22m      0.00[0m[34;1m     50.86[0m[34;22m      0.00[0m[34;22m      0.00[0m[34;1m     30.29[0m
10:21:58   [32;22m     all[0m[34;1m     20.81[0m[34;22m      0.00[0m[34;1m     53.18[0m[34;22m      0.00[0m[34;22m      0.00[0m[34;1m     26.01[0m
10:21:59   [32;22m     all[0m[34;1m     15.20[0m[34;22m      0.00[0m[34;1m     49.71[0m[34;22m      0.00[0m[34;22m      0.00[0m[34;1m     35.09[0m
10:22:00   [32;22m     all[0m[34;1m     19.43[0m[34;22m      0.00[0m[34;1m     48.00[0m[34;22m      0.00[0m[34;22m      0.00[0m[34;1m     32.57[0m
10:22:01   [32;22m     all[0m[34;1m     20.81[0m[34;22m      0.00[0m[34;1m     51.45[0m[34;22m      0.00[0m[34;22m      0.00[0m[34;1m     27.75[0m
10:22:02   [32;22m     all[0m[34;1m     19.19[0m[34;22m      0.00[0m[34;1m     56.40[0m[34;22m      0.00[0m[34;22m      0.00[0m[35;1m     24.42[0m
10:22:03   [32;22m     all[0m[34;1m     18.13[0m[34;22m      0.00[0m[34;1m     50.29[0m[34;22m      0.00[0m[34;22m      0.00[0m[34;1m     31.58[0m
10:22:04   [32;22m     all[0m[34;1m     14.45[0m[34;22m      0.00[0m[34;1m     47.40[0m[34;22m      0.00[0m[34;22m      0.00[0m[34;1m     38.15[0m
10:22:05   [32;22m     all[0m[34;1m     17.16[0m[34;22m      0.00[0m[34;1m     48.52[0m[34;22m      0.00[0m[34;22m      0.00[0m[34;1m     34.32[0m
10:22:06   [32;22m     all[0m[34;1m     12.35[0m[34;22m      0.00[0m[34;1m     38.82[0m[34;22m      0.00[0m[34;22m      0.00[0m[34;1m     48.82[0m
10:22:07   [32;22m     all[0m[34;1m     17.61[0m[34;22m      0.00[0m[34;1m     51.70[0m[34;22m      0.00[0m[34;22m      0.00[0m[34;1m     30.68[0m
10:22:08   [32;22m     all[0m[34;1m     16.85[0m[34;22m      0.00[0m[34;1m     47.75[0m[34;22m      0.00[0m[34;22m      0.00[0m[34;1m     35.39[0m
10:22:09   [32;22m     all[0m[34;1m     18.60[0m[34;22m      0.00[0m[34;1m     58.72[0m[34;22m      0.00[0m[34;22m      0.00[0m[35;1m     22.67[0m
10:22:10   [32;22m     all[0m[34;1m     16.18[0m[34;22m      0.00[0m[34;1m     50.29[0m[34;22m      0.00[0m[34;22m      0.00[0m[34;1m     33.53[0m
10:22:11   [32;22m     all[0m[34;1m     20.93[0m[34;22m      0.00[0m[34;1m     51.16[0m[34;22m      0.00[0m[34;22m      0.00[0m[34;1m     27.91[0m
10:22:12   [32;22m     all[0m[34;1m     17.65[0m[34;22m      0.00[0m[34;1m     44.71[0m[34;22m      0.00[0m[34;22m      0.00[0m[34;1m     37.65[0m
10:22:13   [32;22m     all[0m[34;1m     15.34[0m[34;22m      0.00[0m[34;1m     46.59[0m[34;22m      0.00[0m[34;22m      0.00[0m[34;1m     38.07[0m
10:22:14   [32;22m     all[0m[34;1m     17.92[0m[34;22m      0.00[0m[34;1m     61.85[0m[34;22m      0.00[0m[34;22m      0.00[0m[35;1m     20.23[0m
10:22:15   [32;22m     all[0m[34;1m     25.15[0m[34;22m      0.00[0m[34;1m     52.63[0m[34;22m      0.00[0m[34;22m      0.00[0m[35;1m     22.22[0m
10:22:16   [32;22m     all[0m[34;1m     16.67[0m[34;22m      0.00[0m[34;1m     51.67[0m[34;22m      0.00[0m[34;22m      0.00[0m[34;1m     31.67[0m
10:22:17   [32;22m     all[0m[34;1m     18.50[0m[34;22m      0.00[0m[34;1m     51.45[0m[34;22m      0.00[0m[34;22m      0.00[0m[34;1m     30.06[0m
10:22:18   [32;22m     all[0m[34;1m     21.71[0m[34;22m      0.00[0m[34;1m     57.71[0m[34;22m      0.00[0m[34;22m      0.00[0m[35;1m     20.57[0m
10:22:19   [32;22m     all[0m[34;1m     19.19[0m[34;22m      0.00[0m[34;1m     59.30[0m[34;22m      0.00[0m[34;22m      0.00[0m[35;1m     21.51[0m
10:22:20   [32;22m     all[0m[34;1m     20.47[0m[34;22m      0.00[0m[34;1m     52.05[0m[34;22m      0.00[0m[34;22m      0.00[0m[34;1m     27.49[0m
10:22:21   [32;22m     all[0m[34;1m     24.71[0m[34;22m      0.00[0m[34;1m     60.92[0m[34;22m      0.00[0m[34;22m      0.00[0m[35;1m     14.37[0m
10:22:22   [32;22m     all[0m[34;1m     14.20[0m[34;22m      0.00[0m[34;1m     45.56[0m[34;22m      0.00[0m[34;22m      0.00[0m[34;1m     40.24[0m
10:22:23   [32;22m     all[0m[34;1m     15.48[0m[34;22m      0.00[0m[34;1m     48.21[0m[34;22m      0.00[0m[34;22m      0.00[0m[34;1m     36.31[0m
10:22:24   [32;22m     all[0m[34;1m     13.64[0m[34;22m      0.00[0m[34;1m     43.18[0m[34;22m      0.00[0m[34;22m      0.00[0m[34;1m     43.18[0m
10:22:25   [32;22m     all[0m[34;1m     19.34[0m[34;22m      0.00[0m[34;1m     49.72[0m[34;22m      0.00[0m[34;22m      0.00[0m[34;1m     30.94[0m
10:22:26   [32;22m     all[0m[34;1m     20.69[0m[34;22m      0.00[0m[34;1m     64.94[0m[34;22m      0.00[0m[34;22m      0.00[0m[35;1m     14.37[0m
10:22:27   [32;22m     all[0m[34;1m     16.07[0m[34;22m      0.00[0m[34;1m     53.57[0m[34;22m      0.00[0m[34;22m      0.00[0m[34;1m     30.36[0m
10:22:28   [32;22m     all[0m[34;1m     17.54[0m[34;22m      0.00[0m[34;1m     46.20[0m[34;22m      0.00[0m[34;22m      0.00[0m[34;1m     36.26[0m
10:22:29   [32;22m     all[0m[34;1m     16.18[0m[34;22m      0.00[0m[34;1m     45.09[0m[34;22m      0.00[0m[34;22m      0.00[0m[34;1m     38.73[0m
10:22:30   [32;22m     all[0m[34;1m     18.82[0m[34;22m      0.00[0m[34;1m     50.59[0m[34;22m      0.00[0m[34;22m      0.00[0m[34;1m     30.59[0m
10:22:31   [32;22m     all[0m[34;1m     22.67[0m[34;22m      0.00[0m[34;1m     51.74[0m[34;22m      0.00[0m[34;22m      0.00[0m[34;1m     25.58[0m
10:22:32   [32;22m     all[0m[34;1m     16.76[0m[34;22m      0.00[0m[34;1m     52.02[0m[34;22m      0.00[0m[34;22m      0.00[0m[34;1m     31.21[0m
10:22:33   [32;22m     all[0m[34;1m     16.46[0m[34;22m      0.00[0m[34;1m     48.17[0m[34;22m      0.00[0m[34;22m      0.00[0m[34;1m     35.37[0m
10:22:34   [32;22m     all[0m[34;1m     16.38[0m[34;22m      0.00[0m[34;1m     59.89[0m[34;22m      0.00[0m[34;22m      0.00[0m[35;1m     23.73[0m
10:22:35   [32;22m     all[0m[34;1m     15.88[0m[34;22m      0.00[0m[34;1m     41.76[0m[34;22m      0.00[0m[34;22m      0.00[0m[34;1m     42.35[0m
10:22:36   [32;22m     all[0m[34;1m     17.47[0m[34;22m      0.00[0m[34;1m     53.01[0m[34;22m      0.00[0m[34;22m      0.00[0m[34;1m     29.52[0m
10:22:37   [32;22m     all[0m[34;1m     17.24[0m[34;22m      0.00[0m[34;1m     57.47[0m[34;22m      0.00[0m[34;22m      0.00[0m[34;1m     25.29[0m
10:22:38   [32;22m     all[0m[34;1m     22.99[0m[34;22m      0.00[0m[34;1m     54.02[0m[34;22m      0.00[0m[34;22m      0.00[0m[35;1m     22.99[0m
10:22:39   [32;22m     all[0m[34;1m     17.34[0m[34;22m      0.00[0m[34;1m     57.80[0m[34;22m      0.00[0m[34;22m      0.00[0m[35;1m     24.86[0m
10:22:40   [32;22m     all[0m[34;1m     14.29[0m[34;22m      0.00[0m[34;1m     41.71[0m[34;22m      0.00[0m[34;22m      0.00[0m[34;1m     44.00[0m
10:22:41   [32;22m     all[0m[34;1m     24.16[0m[34;22m      0.00[0m[34;1m     57.87[0m[34;22m      0.00[0m[34;22m      0.00[0m[35;1m     17.98[0m
10:22:42   [32;22m     all[0m[34;1m     16.28[0m[34;22m      0.00[0m[34;1m     50.00[0m[34;22m      0.00[0m[34;22m      0.00[0m[34;1m     33.72[0m
10:22:43   [32;22m     all[0m[34;1m     15.38[0m[34;22m      0.00[0m[34;1m     50.30[0m[34;22m      0.00[0m[34;22m      0.00[0m[34;1m     34.32[0m
10:22:44   [32;22m     all[0m[34;1m     20.22[0m[34;22m      0.00[0m[34;1m     51.69[0m[34;22m      0.00[0m[34;22m      0.00[0m[34;1m     28.09[0m
10:22:45   [32;22m     all[0m[34;1m     18.75[0m[34;22m      0.00[0m[34;1m     53.41[0m[34;22m      0.00[0m[34;22m      0.00[0m[34;1m     27.84[0m
10:22:46   [32;22m     all[0m[34;1m     18.39[0m[34;22m      0.00[0m[34;1m     50.57[0m[34;22m      0.00[0m[34;22m      0.00[0m[34;1m     31.03[0m
10:22:47   [32;22m     all[0m[34;1m     18.50[0m[34;22m      0.00[0m[34;1m     52.60[0m[34;22m      0.00[0m[34;22m      0.00[0m[34;1m     28.90[0m
10:22:48   [32;22m     all[0m[34;1m     14.62[0m[34;22m      0.00[0m[34;1m     54.97[0m[34;22m      0.00[0m[34;22m      0.00[0m[34;1m     30.41[0m
10:22:49   [32;22m     all[0m[34;1m     25.42[0m[34;22m      0.00[0m[34;1m     62.71[0m[34;22m      0.00[0m[34;22m      0.00[0m[35;1m     11.86[0m
10:22:50   [32;22m     all[0m[34;1m     21.51[0m[34;22m      0.00[0m[34;1m     61.05[0m[34;22m      0.00[0m[34;22m      0.00[0m[35;1m     17.44[0m
10:22:51   [32;22m     all[0m[34;1m     26.40[0m[34;22m      0.00[0m[34;1m     62.36[0m[34;22m      0.00[0m[34;22m      0.00[0m[35;1m     11.24[0m
10:22:52   [32;22m     all[0m[34;1m     24.16[0m[34;22m      0.00[0m[34;1m     62.36[0m[34;22m      0.00[0m[34;22m      0.00[0m[35;1m     13.48[0m
10:22:53   [32;22m     all[0m[34;1m     21.14[0m[34;22m      0.00[0m[34;1m     58.29[0m[34;22m      0.00[0m[34;22m      0.00[0m[35;1m     20.57[0m
10:22:54   [32;22m     all[0m[34;1m     10.34[0m[34;22m      0.00[0m[34;1m     37.93[0m[34;22m      0.00[0m[34;22m      0.00[0m[34;1m     51.72[0m
10:22:55   [32;22m     all[0m[34;1m     17.05[0m[34;22m      0.00[0m[34;1m     46.59[0m[34;22m      0.00[0m[34;22m      0.00[0m[34;1m     36.36[0m
10:22:56   [32;22m     all[0m[34;1m     19.54[0m[34;22m      0.00[0m[34;1m     61.49[0m[34;22m      0.00[0m[34;22m      0.00[0m[35;1m     18.97[0m
10:22:57   [32;22m     all[0m[34;1m     21.23[0m[34;22m      0.00[0m[34;1m     64.25[0m[34;22m      0.00[0m[34;22m      0.00[0m[35;1m     14.53[0m
10:22:58   [32;22m     all[0m[34;1m     20.00[0m[34;22m      0.00[0m[34;1m     52.57[0m[34;22m      0.00[0m[34;22m      0.00[0m[34;1m     27.43[0m
10:22:59   [32;22m     all[0m[34;1m     21.47[0m[34;22m      0.00[0m[34;1m     55.93[0m[34;22m      0.00[0m[34;22m      0.00[0m[35;1m     22.60[0m
10:23:00   [32;22m     all[0m[34;1m     20.47[0m[34;22m      0.00[0m[34;1m     53.80[0m[34;22m      0.00[0m[34;22m      0.00[0m[34;1m     25.73[0m
10:23:01   [32;22m     all[0m[34;1m     18.29[0m[34;22m      0.00[0m[34;1m     49.71[0m[34;22m      0.00[0m[34;22m      0.00[0m[34;1m     32.00[0m
10:23:02   [32;22m     all[0m[34;1m     18.02[0m[34;22m      0.00[0m[34;1m     54.65[0m[34;22m      0.00[0m[34;22m      0.00[0m[34;1m     27.33[0m
10:23:03   [32;22m     all[0m[34;1m     20.23[0m[34;22m      0.00[0m[34;1m     63.58[0m[34;22m      0.00[0m[34;22m      0.00[0m[35;1m     16.18[0m
10:23:04   [32;22m     all[0m[34;1m     16.57[0m[34;22m      0.00[0m[34;1m     50.86[0m[34;22m      0.00[0m[34;22m      0.00[0m[34;1m     32.57[0m
10:23:05   [32;22m     all[0m[34;1m     16.18[0m[34;22m      0.00[0m[34;1m     49.71[0m[34;22m      0.00[0m[34;22m      0.00[0m[34;1m     34.10[0m
10:23:06   [32;22m     all[0m[34;1m     17.24[0m[34;22m      0.00[0m[34;1m     42.53[0m[34;22m      0.00[0m[34;22m      0.00[0m[34;1m     40.23[0m
10:23:07   [32;22m     all[0m[34;1m     17.05[0m[34;22m      0.00[0m[34;1m     55.11[0m[34;22m      0.00[0m[34;22m      0.00[0m[34;1m     27.84[0m
10:23:08   [32;22m     all[0m[34;1m     17.82[0m[34;22m      0.00[0m[34;1m     54.02[0m[34;22m      0.00[0m[34;22m      0.00[0m[34;1m     28.16[0m
10:23:09   [32;22m     all[0m[34;1m     21.02[0m[34;22m      0.00[0m[34;1m     51.14[0m[34;22m      0.00[0m[34;22m      0.00[0m[34;1m     27.84[0m
10:23:10   [32;22m     all[0m[34;1m     15.79[0m[34;22m      0.00[0m[34;1m     49.12[0m[34;22m      0.00[0m[34;22m      0.00[0m[34;1m     35.09[0m
10:23:11   [32;22m     all[0m[34;1m     20.88[0m[34;22m      0.00[0m[34;1m     54.40[0m[34;22m      0.00[0m[34;22m      0.00[0m[35;1m     24.73[0m
10:23:12   [32;22m     all[0m[34;1m     13.53[0m[34;22m      0.00[0m[34;1m     50.00[0m[34;22m      0.00[0m[34;22m      0.00[0m[34;1m     36.47[0m
10:23:13   [32;22m     all[0m[34;1m     17.82[0m[34;22m      0.00[0m[34;1m     50.57[0m[34;22m      0.00[0m[34;22m      0.00[0m[34;1m     31.61[0m
10:23:14   [32;22m     all[0m[34;1m     16.76[0m[34;22m      0.00[0m[34;1m     56.07[0m[34;22m      0.00[0m[34;22m      0.00[0m[34;1m     27.17[0m
10:23:15   [32;22m     all[0m[34;1m     23.16[0m[34;22m      0.00[0m[34;1m     55.93[0m[34;22m      0.00[0m[34;22m      0.00[0m[35;1m     20.90[0m
10:23:16   [32;22m     all[0m[34;1m     16.29[0m[34;22m      0.00[0m[34;1m     48.31[0m[34;22m      0.00[0m[34;22m      0.00[0m[34;1m     35.39[0m
10:23:17   [32;22m     all[0m[34;1m     20.34[0m[34;22m      0.00[0m[34;1m     57.63[0m[34;22m      0.00[0m[34;22m      0.00[0m[35;1m     22.03[0m
10:23:18   [32;22m     all[0m[34;1m     15.91[0m[34;22m      0.00[0m[34;1m     51.70[0m[34;22m      0.00[0m[34;22m      0.00[0m[34;1m     32.39[0m
10:23:19   [32;22m     all[0m[34;1m     20.79[0m[34;22m      0.00[0m[34;1m     50.00[0m[34;22m      0.00[0m[34;22m      0.00[0m[34;1m     29.21[0m
10:23:20   [32;22m     all[0m[34;1m     16.57[0m[34;22m      0.00[0m[34;1m     54.44[0m[34;22m      0.00[0m[34;22m      0.00[0m[34;1m     28.99[0m
10:23:21   [32;22m     all[0m[34;1m     23.46[0m[34;22m      0.00[0m[34;1m     49.72[0m[34;22m      0.00[0m[34;22m      0.00[0m[34;1m     26.82[0m
10:23:22   [32;22m     all[0m[34;1m     14.69[0m[34;22m      0.00[0m[34;1m     44.63[0m[34;22m      0.00[0m[34;22m      0.00[0m[34;1m     40.68[0m
10:23:23   [32;22m     all[0m[34;1m     20.00[0m[34;22m      0.00[0m[34;1m     54.86[0m[34;22m      0.00[0m[34;22m      0.00[0m[34;1m     25.14[0m
10:23:24   [32;22m     all[0m[34;1m     16.00[0m[34;22m      0.00[0m[34;1m     53.14[0m[34;22m      0.00[0m[34;22m      0.00[0m[34;1m     30.86[0m
10:23:25   [32;22m     all[0m[34;1m     15.91[0m[34;22m      0.00[0m[34;1m     40.91[0m[34;22m      0.00[0m[34;22m      0.00[0m[34;1m     43.18[0m
10:23:26   [32;22m     all[0m[34;1m     11.70[0m[34;22m      0.00[0m[34;1m     43.27[0m[34;22m      0.00[0m[34;22m      0.00[0m[34;1m     45.03[0m
10:23:27   [32;22m     all[0m[34;1m     18.08[0m[34;22m      0.00[0m[34;1m     54.24[0m[34;22m      0.00[0m[34;22m      0.00[0m[34;1m     27.68[0m
10:23:28   [32;22m     all[0m[34;1m     14.86[0m[34;22m      0.00[0m[34;1m     45.14[0m[34;22m      0.00[0m[34;22m      0.00[0m[34;1m     40.00[0m
10:23:29   [32;22m     all[0m[34;1m     16.11[0m[34;22m      0.00[0m[34;1m     48.89[0m[34;22m      0.00[0m[34;22m      0.00[0m[34;1m     35.00[0m
10:23:30   [32;22m     all[0m[34;1m     21.91[0m[34;22m      0.00[0m[34;1m     49.44[0m[34;22m      0.00[0m[34;22m      0.00[0m[34;1m     28.65[0m
10:23:31   [32;22m     all[0m[34;1m     19.43[0m[34;22m      0.00[0m[34;1m     49.71[0m[34;22m      0.00[0m[34;22m      0.00[0m[34;1m     30.86[0m
10:23:32   [32;22m     all[0m[34;1m     24.29[0m[34;22m      0.00[0m[34;1m     58.19[0m[34;22m      0.00[0m[34;22m      0.00[0m[35;1m     17.51[0m
10:23:33   [32;22m     all[0m[34;1m     11.70[0m[34;22m      0.00[0m[34;1m     39.18[0m[34;22m      0.00[0m[34;22m      0.00[0m[34;1m     49.12[0m
10:23:34   [32;22m     all[0m[34;1m     19.65[0m[34;22m      0.00[0m[34;1m     60.12[0m[34;22m      0.00[0m[34;22m      0.00[0m[35;1m     20.23[0m
10:23:35   [32;22m     all[0m[34;1m     22.67[0m[34;22m      0.00[0m[34;1m     57.56[0m[34;22m      0.00[0m[34;22m      0.00[0m[35;1m     19.77[0m
10:23:36   [32;22m     all[0m[34;1m     13.79[0m[34;22m      0.00[0m[34;1m     47.70[0m[34;22m      0.00[0m[34;22m      0.00[0m[34;1m     38.51[0m
10:23:37   [32;22m     all[0m[34;1m     17.05[0m[34;22m      0.00[0m[34;1m     52.84[0m[34;22m      0.00[0m[34;22m      0.00[0m[34;1m     30.11[0m
10:23:38   [32;22m     all[0m[34;1m     16.47[0m[34;22m      0.00[0m[34;1m     54.71[0m[34;22m      0.00[0m[34;22m      0.00[0m[34;1m     28.82[0m
10:23:39   [32;22m     all[0m[34;1m     16.18[0m[34;22m      0.00[0m[34;1m     52.60[0m[34;22m      0.00[0m[34;22m      0.00[0m[34;1m     31.21[0m
10:23:40   [32;22m     all[0m[34;1m     23.03[0m[34;22m      0.00[0m[34;1m     45.51[0m[34;22m      0.00[0m[34;22m      0.00[0m[34;1m     31.46[0m
10:23:41   [32;22m     all[0m[34;1m     24.02[0m[34;22m      0.00[0m[34;1m     63.13[0m[34;22m      0.00[0m[34;22m      0.00[0m[35;1m     12.85[0m
10:23:42   [32;22m     all[0m[34;1m     20.45[0m[34;22m      0.00[0m[34;1m     55.11[0m[34;22m      0.00[0m[34;22m      0.00[0m[35;1m     24.43[0m
10:23:43   [32;22m     all[0m[34;1m     19.32[0m[34;22m      0.00[0m[34;1m     54.55[0m[34;22m      0.00[0m[34;22m      0.00[0m[34;1m     26.14[0m
10:23:44   [32;22m     all[0m[34;1m     17.16[0m[34;22m      0.00[0m[34;1m     51.48[0m[34;22m      0.00[0m[34;22m      0.00[0m[34;1m     31.36[0m
10:23:45   [32;22m     all[0m[34;1m     23.30[0m[34;22m      0.00[0m[34;1m     61.36[0m[34;22m      0.00[0m[34;22m      0.00[0m[35;1m     15.34[0m
10:23:46   [32;22m     all[0m[34;1m     13.87[0m[34;22m      0.00[0m[34;1m     39.88[0m[34;22m      0.00[0m[34;22m      0.00[0m[34;1m     46.24[0m
10:23:47   [32;22m     all[0m[34;1m     17.03[0m[34;22m      0.00[0m[34;1m     43.96[0m[34;22m      0.00[0m[34;22m      0.00[0m[34;1m     39.01[0m
10:23:48   [32;22m     all[0m[34;1m     19.32[0m[34;22m      0.00[0m[34;1m     57.95[0m[34;22m      0.00[0m[34;22m      0.00[0m[35;1m     22.73[0m
10:23:49   [32;22m     all[0m[34;1m     16.37[0m[34;22m      0.00[0m[34;1m     54.39[0m[34;22m      0.00[0m[34;22m      0.00[0m[34;1m     29.24[0m
10:23:50   [32;22m     all[0m[34;1m     22.60[0m[34;22m      0.00[0m[34;1m     54.80[0m[34;22m      0.00[0m[34;22m      0.00[0m[35;1m     22.60[0m
10:23:51   [32;22m     all[0m[34;1m     17.51[0m[34;22m      0.00[0m[34;1m     43.50[0m[34;22m      0.00[0m[34;22m      0.00[0m[34;1m     38.98[0m
10:23:52   [32;22m     all[0m[34;1m     15.52[0m[34;22m      0.00[0m[34;1m     43.10[0m[34;22m      0.00[0m[34;22m      0.00[0m[34;1m     41.38[0m
10:23:53   [32;22m     all[0m[34;1m     17.16[0m[34;22m      0.00[0m[34;1m     53.85[0m[34;22m      0.00[0m[34;22m      0.00[0m[34;1m     28.99[0m
10:23:54   [32;22m     all[0m[34;1m     15.98[0m[34;22m      0.00[0m[34;1m     51.48[0m[34;22m      0.00[0m[34;22m      0.00[0m[34;1m     32.54[0m
10:23:55   [32;22m     all[0m[34;1m     22.91[0m[34;22m      0.00[0m[34;1m     54.75[0m[34;22m      0.00[0m[34;22m      0.00[0m[35;1m     22.35[0m
10:23:56   [32;22m     all[0m[34;1m     16.38[0m[34;22m      0.00[0m[34;1m     51.98[0m[34;22m      0.00[0m[34;22m      0.00[0m[34;1m     31.64[0m
10:23:57   [32;22m     all[0m[34;1m     20.34[0m[34;22m      0.00[0m[34;1m     55.37[0m[34;22m      0.00[0m[34;22m      0.00[0m[35;1m     24.29[0m
10:23:58   [32;22m     all[0m[34;1m     20.22[0m[34;22m      0.00[0m[34;1m     51.12[0m[34;22m      0.00[0m[34;22m      0.00[0m[34;1m     28.65[0m
10:23:59   [32;22m     all[0m[34;1m     16.76[0m[34;22m      0.00[0m[34;1m     49.71[0m[34;22m      0.00[0m[34;22m      0.00[0m[34;1m     33.53[0m
10:24:00   [32;22m     all[0m[34;1m     20.00[0m[34;22m      0.00[0m[34;1m     51.67[0m[34;22m      0.00[0m[34;22m      0.00[0m[34;1m     28.33[0m
10:24:01   [32;22m     all[0m[34;1m     27.68[0m[34;22m      0.00[0m[34;1m     54.24[0m[34;22m      0.00[0m[34;22m      0.00[0m[35;1m     18.08[0m
10:24:02   [32;22m     all[0m[34;1m     18.44[0m[34;22m      0.00[0m[34;1m     51.40[0m[34;22m      0.00[0m[34;22m      0.00[0m[34;1m     30.17[0m
10:24:03   [32;22m     all[0m[34;1m     18.08[0m[34;22m      0.00[0m[34;1m     53.67[0m[34;22m      0.00[0m[34;22m      0.00[0m[34;1m     28.25[0m
10:24:04   [32;22m     all[0m[34;1m     17.47[0m[34;22m      0.00[0m[34;1m     55.42[0m[34;22m      0.00[0m[34;22m      0.00[0m[34;1m     27.11[0m
10:24:05   [32;22m     all[0m[34;1m     18.50[0m[34;22m      0.00[0m[34;1m     56.65[0m[34;22m      0.00[0m[34;22m      0.00[0m[35;1m     24.86[0m
10:24:06   [32;22m     all[0m[34;1m     20.00[0m[34;22m      0.00[0m[34;1m     52.57[0m[34;22m      0.00[0m[34;22m      0.00[0m[34;1m     27.43[0m
10:24:07   [32;22m     all[0m[34;1m     21.47[0m[34;22m      0.00[0m[34;1m     57.06[0m[34;22m      0.00[0m[34;22m      0.00[0m[35;1m     21.47[0m
10:24:08   [32;22m     all[0m[34;1m     17.42[0m[34;22m      0.00[0m[34;1m     56.18[0m[34;22m      0.00[0m[34;22m      0.00[0m[34;1m     26.40[0m
10:24:09   [32;22m     all[0m[34;1m     19.66[0m[34;22m      0.00[0m[34;1m     52.81[0m[34;22m      0.00[0m[34;22m      0.00[0m[34;1m     27.53[0m
10:24:10   [32;22m     all[0m[34;1m     17.05[0m[34;22m      0.00[0m[34;1m     47.73[0m[34;22m      0.00[0m[34;22m      0.00[0m[34;1m     35.23[0m
10:24:11   [32;22m     all[0m[34;1m     25.29[0m[34;22m      0.00[0m[34;1m     50.57[0m[34;22m      0.00[0m[34;22m      0.00[0m[35;1m     24.14[0m
10:24:12   [32;22m     all[0m[34;1m     20.69[0m[34;22m      0.00[0m[34;1m     54.60[0m[34;22m      0.00[0m[34;22m      0.00[0m[35;1m     24.71[0m
10:24:13   [32;22m     all[0m[34;1m     21.51[0m[34;22m      0.00[0m[34;1m     58.14[0m[34;22m      0.00[0m[34;22m      0.00[0m[35;1m     20.35[0m
10:24:14   [32;22m     all[0m[34;1m     17.82[0m[34;22m      0.00[0m[34;1m     51.15[0m[34;22m      0.00[0m[34;22m      0.00[0m[34;1m     31.03[0m
10:24:15   [32;22m     all[0m[34;1m     28.57[0m[34;22m      0.00[0m[34;1m     56.59[0m[34;22m      0.00[0m[34;22m      0.00[0m[35;1m     14.84[0m
10:24:16   [32;22m     all[0m[34;1m     14.69[0m[34;22m      0.00[0m[34;1m     47.46[0m[34;22m      0.00[0m[34;22m      0.00[0m[34;1m     37.85[0m
10:24:17   [32;22m     all[0m[34;1m     18.86[0m[34;22m      0.00[0m[34;1m     60.57[0m[34;22m      0.00[0m[34;22m      0.00[0m[35;1m     20.57[0m
10:24:18   [32;22m     all[0m[34;1m     15.70[0m[34;22m      0.00[0m[34;1m     53.49[0m[34;22m      0.00[0m[34;22m      0.00[0m[34;1m     30.81[0m
10:24:19   [32;22m     all[0m[34;1m     18.75[0m[34;22m      0.00[0m[34;1m     60.23[0m[34;22m      0.00[0m[34;22m      0.00[0m[35;1m     21.02[0m
10:24:20   [32;22m     all[0m[34;1m     18.18[0m[34;22m      0.00[0m[34;1m     53.41[0m[34;22m      0.00[0m[34;22m      0.00[0m[34;1m     28.41[0m
10:24:21   [32;22m     all[0m[34;1m     24.18[0m[34;22m      0.00[0m[34;1m     54.40[0m[34;22m      0.00[0m[34;22m      0.00[0m[35;1m     21.43[0m
10:24:22   [32;22m     all[0m[34;1m     18.13[0m[34;22m      0.00[0m[34;1m     55.56[0m[34;22m      0.00[0m[34;22m      0.00[0m[34;1m     26.32[0m
10:24:23   [32;22m     all[0m[34;1m     15.38[0m[34;22m      0.00[0m[34;1m     46.75[0m[34;22m      0.00[0m[34;22m      0.00[0m[34;1m     37.87[0m
10:24:24   [32;22m     all[0m[34;1m     13.56[0m[34;22m      0.00[0m[34;1m     49.72[0m[34;22m      0.00[0m[34;22m      0.00[0m[34;1m     36.72[0m
10:24:25   [32;22m     all[0m[34;1m     23.60[0m[34;22m      0.00[0m[34;1m     57.87[0m[34;22m      0.00[0m[34;22m      0.00[0m[35;1m     18.54[0m
10:24:26   [32;22m     all[0m[34;1m     20.45[0m[34;22m      0.00[0m[34;1m     63.07[0m[34;22m      0.00[0m[34;22m      0.00[0m[35;1m     16.48[0m
10:24:27   [32;22m     all[0m[34;1m     18.29[0m[34;22m      0.00[0m[34;1m     51.43[0m[34;22m      0.00[0m[34;22m      0.00[0m[34;1m     30.29[0m
10:24:28   [32;22m     all[0m[34;1m     17.44[0m[34;22m      0.00[0m[34;1m     53.49[0m[34;22m      0.00[0m[34;22m      0.00[0m[34;1m     29.07[0m
10:24:29   [32;22m     all[0m[34;1m     23.46[0m[34;22m      0.00[0m[34;1m     62.57[0m[34;22m      0.00[0m[34;22m      0.00[0m[35;1m     13.97[0m
10:24:30   [32;22m     all[0m[34;1m     18.13[0m[34;22m      0.00[0m[34;1m     58.48[0m[34;22m      0.00[0m[34;22m      0.00[0m[35;1m     23.39[0m
10:24:31   [32;22m     all[0m[34;1m     23.60[0m[34;22m      0.00[0m[34;1m     55.06[0m[34;22m      0.00[0m[34;22m      0.00[0m[35;1m     21.35[0m
10:24:32   [32;22m     all[0m[34;1m     28.11[0m[34;22m      0.00[0m[34;1m     54.59[0m[34;22m      0.00[0m[34;22m      0.00[0m[35;1m     17.30[0m
10:24:33   [32;22m     all[0m[34;1m     16.28[0m[34;22m      0.00[0m[34;1m     50.00[0m[34;22m      0.00[0m[34;22m      0.00[0m[34;1m     33.72[0m
10:24:34   [32;22m     all[0m[34;1m     18.50[0m[34;22m      0.00[0m[34;1m     54.91[0m[34;22m      0.00[0m[34;22m      0.00[0m[34;1m     26.59[0m
10:24:35   [32;22m     all[0m[34;1m     17.98[0m[34;22m      0.00[0m[34;1m     55.06[0m[34;22m      0.00[0m[34;22m      0.00[0m[34;1m     26.97[0m
10:24:36   [32;22m     all[0m[34;1m     16.18[0m[34;22m      0.00[0m[34;1m     47.98[0m[34;22m      0.00[0m[34;22m      0.00[0m[34;1m     35.84[0m
10:24:37   [32;22m     all[0m[34;1m     23.20[0m[34;22m      0.00[0m[34;1m     65.75[0m[34;22m      0.00[0m[34;22m      0.00[0m[35;1m     11.05[0m
10:24:38   [32;22m     all[0m[34;1m     15.52[0m[34;22m      0.00[0m[34;1m     51.15[0m[34;22m      0.00[0m[34;22m      0.00[0m[34;1m     33.33[0m
10:24:39   [32;22m     all[0m[34;1m     19.77[0m[34;22m      0.00[0m[34;1m     57.06[0m[34;22m      0.00[0m[34;22m      0.00[0m[35;1m     23.16[0m
10:24:40   [32;22m     all[0m[34;1m     20.45[0m[34;22m      0.00[0m[34;1m     47.16[0m[34;22m      0.00[0m[34;22m      0.00[0m[34;1m     32.39[0m
10:24:41   [32;22m     all[0m[34;1m     15.91[0m[34;22m      0.00[0m[34;1m     43.18[0m[34;22m      0.00[0m[34;22m      0.00[0m[34;1m     40.91[0m
10:24:42   [32;22m     all[0m[34;1m     24.73[0m[34;22m      0.00[0m[34;1m     51.10[0m[34;22m      0.00[0m[34;22m      0.00[0m[35;1m     24.18[0m
10:24:43   [32;22m     all[0m[34;1m     17.82[0m[34;22m      0.00[0m[34;1m     52.87[0m[34;22m      0.00[0m[34;22m      0.00[0m[34;1m     29.31[0m
10:24:44   [32;22m     all[0m[34;1m     15.34[0m[34;22m      0.00[0m[34;1m     47.16[0m[34;22m      0.00[0m[34;22m      0.00[0m[34;1m     37.50[0m
10:24:45   [32;22m     all[0m[34;1m     21.84[0m[34;22m      0.00[0m[34;1m     51.72[0m[34;22m      0.00[0m[34;22m      0.00[0m[34;1m     26.44[0m
10:24:46   [32;22m     all[0m[34;1m     12.64[0m[34;22m      0.00[0m[34;1m     46.55[0m[34;22m      0.00[0m[34;22m      0.00[0m[34;1m     40.80[0m
10:24:47   [32;22m     all[0m[34;1m     17.34[0m[34;22m      0.00[0m[34;1m     47.98[0m[34;22m      0.00[0m[34;22m      0.00[0m[34;1m     34.68[0m
10:24:48   [32;22m     all[0m[34;1m     14.77[0m[34;22m      0.00[0m[34;1m     50.57[0m[34;22m      0.00[0m[34;22m      0.00[0m[34;1m     34.66[0m
10:24:49   [32;22m     all[0m[34;1m     19.43[0m[34;22m      0.00[0m[34;1m     49.14[0m[34;22m      0.00[0m[34;22m      0.00[0m[34;1m     31.43[0m
10:24:50   [32;22m     all[0m[34;1m     16.95[0m[34;22m      0.00[0m[34;1m     48.59[0m[34;22m      0.00[0m[34;22m      0.00[0m[34;1m     34.46[0m
10:24:51   [32;22m     all[0m[34;1m     17.14[0m[34;22m      0.00[0m[34;1m     46.86[0m[34;22m      0.00[0m[34;22m      0.00[0m[34;1m     36.00[0m
10:24:52   [32;22m     all[0m[34;1m     30.85[0m[34;22m      0.00[0m[34;1m     61.70[0m[34;22m      0.00[0m[34;22m      0.00[0m[31;1m      7.45[0m
10:24:53   [32;22m     all[0m[34;1m     18.86[0m[34;22m      0.00[0m[34;1m     49.14[0m[34;22m      0.00[0m[34;22m      0.00[0m[34;1m     32.00[0m
10:24:54   [32;22m     all[0m[34;1m     15.12[0m[34;22m      0.00[0m[34;1m     48.26[0m[34;22m      0.00[0m[34;22m      0.00[0m[34;1m     36.63[0m
10:24:55   [32;22m     all[0m[34;1m     24.29[0m[34;22m      0.00[0m[34;1m     63.28[0m[34;22m      0.00[0m[34;22m      0.00[0m[35;1m     12.43[0m
10:24:56   [32;22m     all[0m[34;1m     19.30[0m[34;22m      0.00[0m[34;1m     55.56[0m[34;22m      0.00[0m[34;22m      0.00[0m[34;1m     25.15[0m
10:24:57   [32;22m     all[0m[34;1m     21.84[0m[34;22m      0.00[0m[34;1m     56.32[0m[34;22m      0.00[0m[34;22m      0.00[0m[35;1m     21.84[0m
10:24:58   [32;22m     all[0m[34;1m     19.08[0m[34;22m      0.00[0m[34;1m     57.80[0m[34;22m      0.00[0m[34;22m      0.00[0m[35;1m     23.12[0m
10:24:59   [32;22m     all[0m[34;1m     20.24[0m[34;22m      0.00[0m[34;1m     63.69[0m[34;22m      0.00[0m[34;22m      0.00[0m[35;1m     16.07[0m
10:25:00   [32;22m     all[0m[34;1m     14.45[0m[34;22m      0.00[0m[34;1m     47.40[0m[34;22m      0.00[0m[34;22m      0.00[0m[34;1m     38.15[0m
10:25:01   [32;22m     all[0m[34;1m     16.77[0m[34;22m      0.00[0m[34;1m     44.31[0m[34;22m      0.00[0m[34;22m      0.00[0m[34;1m     38.92[0m
10:25:02   [32;22m     all[0m[34;1m     14.45[0m[34;22m      0.00[0m[34;1m     42.20[0m[34;22m      0.00[0m[34;22m      0.00[0m[34;1m     43.35[0m
10:25:03   [32;22m     all[0m[34;1m     22.10[0m[34;22m      0.00[0m[34;1m     56.91[0m[34;22m      0.00[0m[34;22m      0.00[0m[35;1m     20.99[0m
10:25:04   [32;22m     all[0m[34;1m     17.82[0m[34;22m      0.00[0m[34;1m     57.47[0m[34;22m      0.00[0m[34;22m      0.00[0m[35;1m     24.71[0m
10:25:05   [32;22m     all[0m[34;1m     22.94[0m[34;22m      0.00[0m[34;1m     61.76[0m[34;22m      0.00[0m[34;22m      0.00[0m[35;1m     15.29[0m
10:25:06   [32;22m     all[0m[34;1m     20.61[0m[34;22m      0.00[0m[34;1m     64.24[0m[34;22m      0.00[0m[34;22m      0.00[0m[35;1m     15.15[0m
10:25:07   [32;22m     all[0m[34;1m     21.02[0m[34;22m      0.00[0m[34;1m     61.93[0m[34;22m      0.00[0m[34;22m      0.00[0m[35;1m     17.05[0m
10:25:08   [32;22m     all[0m[34;1m     17.06[0m[34;22m      0.00[0m[34;1m     52.35[0m[34;22m      0.00[0m[34;22m      0.00[0m[34;1m     30.59[0m
10:25:09   [32;22m     all[0m[34;1m     20.00[0m[34;22m      0.00[0m[34;1m     54.29[0m[34;22m      0.00[0m[34;22m      0.00[0m[34;1m     25.71[0m
10:25:10   [32;22m     all[0m[34;1m     24.02[0m[34;22m      0.00[0m[34;1m     56.42[0m[34;22m      0.00[0m[34;22m      0.00[0m[35;1m     19.55[0m
10:25:11   [32;22m     all[0m[34;1m     20.79[0m[34;22m      0.00[0m[34;1m     51.69[0m[34;22m      0.00[0m[34;22m      0.00[0m[34;1m     27.53[0m
10:25:12   [32;22m     all[0m[34;1m     20.22[0m[34;22m      0.00[0m[34;1m     56.18[0m[34;22m      0.00[0m[34;22m      0.00[0m[35;1m     23.60[0m
10:25:13   [32;22m     all[0m[34;1m     25.42[0m[34;22m      0.00[0m[34;1m     63.28[0m[34;22m      0.00[0m[34;22m      0.00[0m[35;1m     11.30[0m
10:25:14   [32;22m     all[0m[34;1m     21.64[0m[34;22m      0.00[0m[34;1m     62.57[0m[34;22m      0.00[0m[34;22m      0.00[0m[35;1m     15.79[0m
10:25:15   [32;22m     all[0m[34;1m     12.07[0m[34;22m      0.00[0m[34;1m     41.38[0m[34;22m      0.00[0m[34;22m      0.00[0m[34;1m     46.55[0m
10:25:16   [32;22m     all[0m[34;1m     13.71[0m[34;22m      0.00[0m[34;1m     44.57[0m[34;22m      0.00[0m[34;22m      0.00[0m[34;1m     41.71[0m
10:25:17   [32;22m     all[0m[34;1m     14.97[0m[34;22m      0.00[0m[34;1m     44.91[0m[34;22m      0.00[0m[34;22m      0.00[0m[34;1m     40.12[0m
10:25:18   [32;22m     all[0m[34;1m     16.67[0m[34;22m      0.00[0m[34;1m     51.72[0m[34;22m      0.00[0m[34;22m      0.00[0m[34;1m     31.61[0m
10:25:19   [32;22m     all[0m[34;1m     14.37[0m[34;22m      0.00[0m[34;1m     47.90[0m[34;22m      0.00[0m[34;22m      0.00[0m[34;1m     37.72[0m
10:25:20   [32;22m     all[0m[34;1m     16.28[0m[34;22m      0.00[0m[34;1m     54.07[0m[34;22m      0.00[0m[34;22m      0.00[0m[34;1m     29.65[0m
10:25:21   [32;22m     all[0m[34;1m     19.77[0m[34;22m      0.00[0m[34;1m     61.63[0m[34;22m      0.00[0m[34;22m      0.00[0m[35;1m     18.60[0m
10:25:22   [32;22m     all[0m[34;1m     25.42[0m[34;22m      0.00[0m[34;1m     61.58[0m[34;22m      0.00[0m[34;22m      0.00[0m[35;1m     12.99[0m
10:25:23   [32;22m     all[0m[34;1m     24.72[0m[34;22m      0.00[0m[34;1m     58.43[0m[34;22m      0.00[0m[34;22m      0.00[0m[35;1m     16.85[0m
10:25:24   [32;22m     all[0m[34;1m     18.39[0m[34;22m      0.00[0m[34;1m     57.47[0m[34;22m      0.00[0m[34;22m      0.00[0m[35;1m     24.14[0m
10:25:25   [32;22m     all[0m[34;1m     15.73[0m[34;22m      0.00[0m[34;1m     45.51[0m[34;22m      0.00[0m[34;22m      0.00[0m[34;1m     38.76[0m
10:25:26   [32;22m     all[0m[34;1m     19.30[0m[34;22m      0.00[0m[34;1m     61.40[0m[34;22m      0.00[0m[34;22m      0.00[0m[35;1m     19.30[0m
10:25:27   [32;22m     all[0m[34;1m     19.88[0m[34;22m      0.00[0m[34;1m     61.99[0m[34;22m      0.00[0m[34;22m      0.00[0m[35;1m     18.13[0m
10:25:28   [32;22m     all[0m[34;1m     17.65[0m[34;22m      0.00[0m[34;1m     57.06[0m[34;22m      0.00[0m[34;22m      0.00[0m[34;1m     25.29[0m
10:25:29   [32;22m     all[0m[34;1m     16.07[0m[34;22m      0.00[0m[34;1m     53.57[0m[34;22m      0.00[0m[34;22m      0.00[0m[34;1m     30.36[0m
10:25:30   [32;22m     all[0m[34;1m     21.02[0m[34;22m      0.00[0m[34;1m     47.73[0m[34;22m      0.00[0m[34;22m      0.00[0m[34;1m     31.25[0m
10:25:31   [32;22m     all[0m[34;1m     19.77[0m[34;22m      0.00[0m[34;1m     55.93[0m[34;22m      0.00[0m[34;22m      0.00[0m[35;1m     24.29[0m
10:25:32   [32;22m     all[0m[34;1m     16.67[0m[34;22m      0.00[0m[34;1m     48.33[0m[34;22m      0.00[0m[34;22m      0.00[0m[34;1m     35.00[0m
10:25:33   [32;22m     all[0m[34;1m     21.71[0m[34;22m      0.00[0m[34;1m     54.29[0m[34;22m      0.00[0m[34;22m      0.00[0m[35;1m     24.00[0m
10:25:34   [32;22m     all[0m[34;1m     15.79[0m[34;22m      0.00[0m[34;1m     49.71[0m[34;22m      0.00[0m[34;22m      0.00[0m[34;1m     34.50[0m
10:25:35   [32;22m     all[0m[34;1m     17.65[0m[34;22m      0.00[0m[34;1m     51.18[0m[34;22m      0.00[0m[34;22m      0.00[0m[34;1m     31.18[0m
10:25:36   [32;22m     all[0m[34;1m     14.94[0m[34;22m      0.00[0m[34;1m     54.60[0m[34;22m      0.00[0m[34;22m      0.00[0m[34;1m     30.46[0m
10:25:37   [32;22m     all[0m[34;1m      6.55[0m[34;22m      0.00[0m[34;1m     12.50[0m[34;22m      0.00[0m[34;22m      0.00[0m[34;1m     80.95[0m
