Linux 6.6.95 (ssp-study) 	04/21/26 	_x86_64_	(2 CPU)

09:55:46    kbmemfree   kbavail kbmemused  %memused kbbuffers  kbcached  kbcommit   %commit  kbactive   kbinact   kbdirty
09:55:47   [34;1m    229024[0m[34;1m   1231284[0m[34;1m    642192[0m[34;1m     21.15[0m[34;1m     29536[0m[34;1m   2062016[0m[34;1m   3348828[0m[31;1m    110.30[0m[34;1m    841632[0m[34;1m   1838020[0m[34;1m       288[0m
09:55:48   [34;1m    227804[0m[34;1m   1230160[0m[34;1m    643140[0m[34;1m     21.18[0m[34;1m     29536[0m[34;1m   2062080[0m[34;1m   3349084[0m[31;1m    110.31[0m[34;1m    841632[0m[34;1m   1839320[0m[34;1m       352[0m
09:55:49   [34;1m    223296[0m[34;1m   1225760[0m[34;1m    647372[0m[34;1m     21.32[0m[34;1m     29536[0m[34;1m   2062164[0m[34;1m   3353436[0m[31;1m    110.46[0m[34;1m    841632[0m[34;1m   1843804[0m[34;1m       436[0m
09:55:50   [34;1m    218032[0m[34;1m   1220668[0m[34;1m    652216[0m[34;1m     21.48[0m[34;1m     29544[0m[34;1m   2062280[0m[34;1m   3357532[0m[31;1m    110.59[0m[34;1m    841640[0m[34;1m   1848600[0m[34;1m       552[0m
09:55:51   [34;1m    215260[0m[34;1m   1218012[0m[34;1m    654676[0m[34;1m     21.56[0m[34;1m     29556[0m[34;1m   2062380[0m[34;1m   3361884[0m[31;1m    110.73[0m[34;1m    841652[0m[34;1m   1851428[0m[34;1m       640[0m
09:55:52   [34;1m    212740[0m[34;1m   1215692[0m[34;1m    656732[0m[34;1m     21.63[0m[34;1m     29556[0m[34;1m   2062520[0m[34;1m   3365980[0m[31;1m    110.87[0m[34;1m    841652[0m[34;1m   1853540[0m[34;1m       780[0m
09:55:53   [34;1m    210764[0m[34;1m   1213832[0m[34;1m    658424[0m[34;1m     21.69[0m[34;1m     29556[0m[34;1m   2062652[0m[34;1m   3365980[0m[31;1m    110.87[0m[34;1m    841652[0m[34;1m   1855588[0m[34;1m       912[0m
09:55:54   [34;1m    207768[0m[34;1m   1211124[0m[34;1m    660888[0m[34;1m     21.77[0m[34;1m     29568[0m[34;1m   2062864[0m[34;1m   3366236[0m[31;1m    110.88[0m[34;1m    841664[0m[34;1m   1857624[0m[34;1m      1120[0m
09:55:55   [34;1m    203008[0m[34;1m   1206600[0m[34;1m    665220[0m[34;1m     21.91[0m[34;1m     29580[0m[34;1m   2063068[0m[34;1m   3370396[0m[31;1m    111.01[0m[34;1m    841676[0m[34;1m   1859804[0m[34;1m      1320[0m
09:55:56   [34;1m    201524[0m[34;1m   1205344[0m[34;1m    666112[0m[34;1m     21.94[0m[34;1m     29580[0m[34;1m   2063280[0m[34;1m   3374620[0m[31;1m    111.15[0m[34;1m    841676[0m[34;1m   1862892[0m[34;1m        40[0m
09:55:57   [34;1m    197304[0m[34;1m   1201356[0m[34;1m    669976[0m[34;1m     22.07[0m[34;1m     29580[0m[34;1m   2063480[0m[34;1m   3374876[0m[31;1m    111.16[0m[34;1m    841676[0m[34;1m   1865884[0m[34;1m       244[0m
09:55:58   [34;1m    195628[0m[34;1m   1199940[0m[34;1m    671088[0m[34;1m     22.10[0m[34;1m     29580[0m[34;1m   2063720[0m[34;1m   3378972[0m[31;1m    111.30[0m[34;1m    841676[0m[34;1m   1868464[0m[34;1m       484[0m
09:55:59   [34;1m    191932[0m[34;1m   1196508[0m[34;1m    674424[0m[34;1m     22.21[0m[34;1m     29580[0m[34;1m   2063948[0m[34;1m   3378972[0m[31;1m    111.30[0m[34;1m    841676[0m[34;1m   1871448[0m[34;1m       712[0m
09:56:00   [34;1m    187744[0m[34;1m   1192628[0m[34;1m    677884[0m[34;1m     22.33[0m[34;1m     29588[0m[34;1m   2064180[0m[34;1m   3383324[0m[31;1m    111.44[0m[34;1m    841684[0m[34;1m   1874536[0m[34;1m      1000[0m
09:56:01   [34;1m    180032[0m[34;1m   1185236[0m[34;1m    684996[0m[34;1m     22.56[0m[34;1m     29600[0m[34;1m   2064460[0m[34;1m   3392028[0m[31;1m    111.73[0m[34;1m    841696[0m[34;1m   1881468[0m[34;1m      1280[0m
09:56:02   [34;1m    175860[0m[34;1m   1181376[0m[34;1m    688624[0m[34;1m     22.68[0m[34;1m     29600[0m[34;1m   2064772[0m[34;1m   3392028[0m[31;1m    111.73[0m[34;1m    841696[0m[34;1m   1882928[0m[34;1m      1592[0m
09:56:03   [34;1m    174124[0m[34;1m   1180036[0m[34;1m    689632[0m[34;1m     22.72[0m[34;1m     29600[0m[34;1m   2065120[0m[34;1m   3396964[0m[31;1m    111.89[0m[34;1m    841732[0m[34;1m   1884480[0m[34;1m      1912[0m
09:56:04   [34;1m    170736[0m[34;1m   1177000[0m[34;1m    692400[0m[34;1m     22.81[0m[34;1m     29600[0m[34;1m   2065420[0m[34;1m   3391516[0m[31;1m    111.71[0m[34;1m    841728[0m[34;1m   1886584[0m[34;1m      2212[0m
09:56:05   [34;1m    166852[0m[34;1m   1173464[0m[34;1m    695776[0m[34;1m     22.92[0m[34;1m     29600[0m[34;1m   2065744[0m[34;1m   3395932[0m[31;1m    111.86[0m[34;1m    841728[0m[34;1m   1889980[0m[34;1m      2536[0m
09:56:06   [34;1m    162768[0m[34;1m   1169804[0m[34;1m    699120[0m[34;1m     23.03[0m[34;1m     29608[0m[34;1m   2066140[0m[34;1m   3400092[0m[31;1m    111.99[0m[34;1m    841736[0m[34;1m   1891968[0m[34;1m      2932[0m
09:56:07   [34;1m    156136[0m[34;1m   1163560[0m[34;1m    705292[0m[34;1m     23.23[0m[34;1m     29620[0m[34;1m   2066448[0m[34;1m   3404252[0m[31;1m    112.13[0m[34;1m    841748[0m[34;1m   1896776[0m[34;1m      3236[0m
09:56:08   [34;1m    154696[0m[34;1m   1162424[0m[34;1m    706052[0m[34;1m     23.26[0m[34;1m     29620[0m[34;1m   2066740[0m[34;1m   3404252[0m[31;1m    112.13[0m[34;1m    841748[0m[34;1m   1897392[0m[34;1m      3528[0m
09:56:09   [34;1m    146192[0m[34;1m   1154620[0m[34;1m    713128[0m[34;1m     23.49[0m[34;1m     29632[0m[34;1m   2066948[0m[34;1m   3412512[0m[31;1m    112.40[0m[34;1m    841760[0m[34;1m   1904256[0m[34;1m      3736[0m
09:56:10   [34;1m    140764[0m[34;1m   1149560[0m[34;1m    717792[0m[34;1m     23.64[0m[34;1m     29632[0m[34;1m   2067312[0m[34;1m   3420704[0m[31;1m    112.67[0m[34;1m    841760[0m[34;1m   1906544[0m[34;1m      4100[0m
09:56:11   [34;1m    124332[0m[34;1m   1133520[0m[34;1m    733568[0m[34;1m     24.16[0m[34;1m     29644[0m[34;1m   2067632[0m[34;1m   3437600[0m[31;1m    113.23[0m[34;1m    841772[0m[34;1m   1922940[0m[34;1m      4416[0m
09:56:12   [34;1m    118988[0m[34;1m   1128740[0m[34;1m    738096[0m[34;1m     24.31[0m[34;1m     29644[0m[34;1m   2068136[0m[34;1m   3437856[0m[31;1m    113.24[0m[34;1m    841772[0m[34;1m   1925580[0m[34;1m      4920[0m
09:56:13   [34;1m    113112[0m[34;1m   1123192[0m[34;1m    743468[0m[34;1m     24.49[0m[34;1m     29644[0m[34;1m   2068464[0m[34;1m   3441952[0m[31;1m    113.37[0m[34;1m    841772[0m[34;1m   1930380[0m[34;1m      5248[0m
09:56:14   [34;1m    112136[0m[34;1m   1122440[0m[34;1m    743972[0m[34;1m     24.51[0m[34;1m     29644[0m[34;1m   2068620[0m[34;1m   3441952[0m[31;1m    113.37[0m[34;1m    841772[0m[34;1m   1930608[0m[34;1m      5404[0m
09:56:15   [34;1m    109912[0m[34;1m   1120724[0m[34;1m    745416[0m[34;1m     24.55[0m[34;1m     29644[0m[34;1m   2069088[0m[34;1m   3441952[0m[31;1m    113.37[0m[34;1m    841772[0m[34;1m   1932440[0m[34;1m      5872[0m
09:56:16   [34;1m    105252[0m[34;1m   1116352[0m[34;1m    749608[0m[34;1m     24.69[0m[34;1m     29652[0m[34;1m   2069336[0m[34;1m   3446048[0m[31;1m    113.51[0m[34;1m    841780[0m[34;1m   1934044[0m[34;1m      6120[0m
09:56:17   [34;1m    105280[0m[34;1m   1107848[0m[34;1m    758216[0m[34;1m     24.97[0m[34;1m     29644[0m[34;1m   2060812[0m[34;1m   3458688[0m[31;1m    113.92[0m[34;1m    840720[0m[34;1m   1937600[0m[34;1m      6552[0m
09:56:18   [34;1m    113056[0m[34;1m   1099200[0m[34;1m    766956[0m[34;1m     25.26[0m[34;1m     29588[0m[34;1m   2044712[0m[34;1m   3462784[0m[31;1m    114.06[0m[34;1m    846472[0m[34;1m   1923248[0m[34;1m      7208[0m
09:56:19   [34;1m    110516[0m[34;1m   1097088[0m[34;1m    769060[0m[34;1m     25.33[0m[34;1m     29588[0m[34;1m   2045128[0m[34;1m   3462912[0m[31;1m    114.06[0m[34;1m    846472[0m[34;1m   1922208[0m[34;1m      7624[0m
09:56:20   [34;1m    108828[0m[34;1m   1095812[0m[34;1m    770336[0m[34;1m     25.37[0m[34;1m     29588[0m[34;1m   2045524[0m[34;1m   3462912[0m[31;1m    114.06[0m[34;1m    846480[0m[34;1m   1923180[0m[34;1m      8016[0m
09:56:21   [34;1m    105448[0m[34;1m   1092836[0m[34;1m    773216[0m[34;1m     25.47[0m[34;1m     29588[0m[34;1m   2045984[0m[34;1m   3467584[0m[31;1m    114.22[0m[34;1m    846480[0m[34;1m   1924528[0m[34;1m       276[0m
09:56:22   [34;1m    104688[0m[34;1m   1092540[0m[34;1m    773460[0m[34;1m     25.48[0m[34;1m     29600[0m[34;1m   2046416[0m[34;1m   3467584[0m[31;1m    114.22[0m[34;1m    846476[0m[34;1m   1924524[0m[34;1m       676[0m
09:56:23   [34;1m    130108[0m[34;1m   1118548[0m[34;1m    747192[0m[34;1m     24.61[0m[34;1m     29600[0m[34;1m   2046800[0m[34;1m   3467584[0m[31;1m    114.22[0m[34;1m    846476[0m[34;1m   1922568[0m[34;1m      1060[0m
09:56:24   [34;1m    128460[0m[34;1m   1117480[0m[34;1m    748252[0m[34;1m     24.65[0m[34;1m     29612[0m[34;1m   2047328[0m[34;1m   3462976[0m[31;1m    114.06[0m[34;1m    846496[0m[34;1m   1921692[0m[34;1m      1608[0m
09:56:25   [34;1m    127256[0m[34;1m   1116584[0m[34;1m    749252[0m[34;1m     24.68[0m[34;1m     29612[0m[34;1m   2047636[0m[34;1m   3462976[0m[31;1m    114.06[0m[34;1m    846496[0m[34;1m   1922068[0m[34;1m      1916[0m
09:56:26   [34;1m    125888[0m[34;1m   1115736[0m[34;1m    749988[0m[34;1m     24.70[0m[34;1m     29612[0m[34;1m   2048148[0m[34;1m   3462976[0m[31;1m    114.06[0m[34;1m    846496[0m[34;1m   1922644[0m[34;1m      2428[0m
09:56:27   [34;1m    123992[0m[34;1m   1114352[0m[34;1m    751436[0m[34;1m     24.75[0m[34;1m     29612[0m[34;1m   2048660[0m[34;1m   3462976[0m[31;1m    114.06[0m[34;1m    846500[0m[34;1m   1922920[0m[34;1m       468[0m
09:56:28   [34;1m    121952[0m[34;1m   1112748[0m[34;1m    752976[0m[34;1m     24.80[0m[34;1m     29624[0m[34;1m   2049096[0m[34;1m   3462976[0m[31;1m    114.06[0m[34;1m    846508[0m[34;1m   1922800[0m[34;1m       900[0m
09:56:29   [34;1m    120268[0m[34;1m   1111564[0m[34;1m    754188[0m[34;1m     24.84[0m[34;1m     29624[0m[34;1m   2049544[0m[34;1m   3462976[0m[31;1m    114.06[0m[34;1m    846508[0m[34;1m   1922260[0m[34;1m      1348[0m
09:56:30   [34;1m    118616[0m[34;1m   1110424[0m[34;1m    755420[0m[34;1m     24.88[0m[34;1m     29624[0m[34;1m   2049988[0m[34;1m   3462976[0m[31;1m    114.06[0m[34;1m    846508[0m[34;1m   1917372[0m[34;1m      1792[0m
09:56:31   [34;1m    117220[0m[34;1m   1109408[0m[34;1m    756368[0m[34;1m     24.91[0m[34;1m     29624[0m[34;1m   2050412[0m[34;1m   3462976[0m[31;1m    114.06[0m[34;1m    846508[0m[34;1m   1917412[0m[34;1m      2216[0m
09:56:32   [34;1m    114792[0m[34;1m   1107376[0m[34;1m    758364[0m[34;1m     24.98[0m[34;1m     29636[0m[34;1m   2050832[0m[34;1m   3462976[0m[31;1m    114.06[0m[34;1m    846520[0m[34;1m   1917976[0m[34;1m      2632[0m
09:56:33   [34;1m    111832[0m[34;1m   1104960[0m[34;1m    760796[0m[34;1m     25.06[0m[34;1m     29636[0m[34;1m   2051340[0m[34;1m   3462976[0m[31;1m    114.06[0m[34;1m    846520[0m[34;1m   1919908[0m[34;1m      3140[0m
09:56:34   [34;1m    110632[0m[34;1m   1104268[0m[34;1m    761452[0m[34;1m     25.08[0m[34;1m     29636[0m[34;1m   2051912[0m[34;1m   3462976[0m[31;1m    114.06[0m[34;1m    846624[0m[34;1m   1920712[0m[34;1m      3640[0m
09:56:35   [34;1m    105544[0m[34;1m   1099548[0m[34;1m    766236[0m[34;1m     25.24[0m[34;1m     29636[0m[34;1m   2052208[0m[34;1m   3462976[0m[31;1m    114.06[0m[34;1m    846652[0m[34;1m   1927484[0m[34;1m      3936[0m
09:56:36   [34;1m    103424[0m[34;1m   1097956[0m[34;1m    767876[0m[34;1m     25.29[0m[34;1m     29636[0m[34;1m   2052668[0m[34;1m   3462976[0m[31;1m    114.06[0m[34;1m    846692[0m[34;1m   1928560[0m[34;1m      4356[0m
09:56:37   [34;1m    129508[0m[34;1m   1123384[0m[34;1m    742600[0m[34;1m     24.46[0m[34;1m     29644[0m[34;1m   2052284[0m[34;1m   3462976[0m[31;1m    114.06[0m[34;1m    846416[0m[34;1m   1928360[0m[34;1m        72[0m
09:56:38   [34;1m    124420[0m[34;1m   1118780[0m[34;1m    747236[0m[34;1m     24.61[0m[34;1m     29644[0m[34;1m   2052764[0m[34;1m   3462976[0m[31;1m    114.06[0m[34;1m    846368[0m[34;1m   1929480[0m[34;1m       560[0m
09:56:39   [34;1m    122436[0m[34;1m   1117252[0m[34;1m    748648[0m[34;1m     24.66[0m[34;1m     29668[0m[34;1m   2053204[0m[34;1m   3463040[0m[31;1m    114.07[0m[34;1m    846392[0m[34;1m   1926704[0m[34;1m      1048[0m
09:56:40   [34;1m    121756[0m[34;1m   1116928[0m[34;1m    749000[0m[34;1m     24.67[0m[34;1m     29668[0m[34;1m   2053620[0m[34;1m   3463040[0m[31;1m    114.07[0m[34;1m    846392[0m[34;1m   1925540[0m[34;1m      1464[0m
09:56:41   [34;1m    120112[0m[34;1m   1115680[0m[34;1m    750436[0m[34;1m     24.72[0m[34;1m     29668[0m[34;1m   2053892[0m[34;1m   3463040[0m[31;1m    114.07[0m[34;1m    846392[0m[34;1m   1927408[0m[34;1m      1736[0m
09:56:42   [34;1m    118940[0m[34;1m   1114900[0m[34;1m    751080[0m[34;1m     24.74[0m[34;1m     29680[0m[34;1m   2054304[0m[34;1m   3463040[0m[31;1m    114.07[0m[34;1m    846404[0m[34;1m   1928088[0m[34;1m      2148[0m
09:56:43   [34;1m    115332[0m[34;1m   1111944[0m[34;1m    753644[0m[34;1m     24.82[0m[34;1m     29680[0m[34;1m   2054808[0m[34;1m   3463040[0m[31;1m    114.07[0m[34;1m    846436[0m[34;1m   1928108[0m[34;1m      2656[0m
09:56:44   [34;1m    110492[0m[34;1m   1107532[0m[34;1m    758204[0m[34;1m     24.97[0m[34;1m     29680[0m[34;1m   2055108[0m[34;1m   3463040[0m[31;1m    114.07[0m[34;1m    846572[0m[34;1m   1933712[0m[34;1m      2828[0m
09:56:45   [34;1m    106496[0m[34;1m   1104228[0m[34;1m    761484[0m[34;1m     25.08[0m[34;1m     29680[0m[34;1m   2055812[0m[34;1m   3463040[0m[31;1m    114.07[0m[34;1m    846572[0m[34;1m   1934256[0m[34;1m      3532[0m
09:56:46   [34;1m    102812[0m[34;1m   1100812[0m[34;1m    765008[0m[34;1m     25.20[0m[34;1m     29680[0m[34;1m   2056068[0m[34;1m   3463296[0m[31;1m    114.07[0m[34;1m    846572[0m[34;1m   1936260[0m[34;1m      3788[0m
09:56:47   [34;1m     99412[0m[34;1m   1097956[0m[34;1m    767664[0m[34;1m     25.29[0m[34;1m     29688[0m[34;1m   2056684[0m[34;1m   3463296[0m[31;1m    114.07[0m[34;1m    846576[0m[34;1m   1937700[0m[34;1m      4408[0m
09:56:48   [34;1m    116668[0m[34;1m   1115524[0m[34;1m    750136[0m[34;1m     24.71[0m[34;1m     29688[0m[34;1m   2056928[0m[34;1m   3463296[0m[31;1m    114.07[0m[34;1m    846456[0m[34;1m   1928108[0m[34;1m      4780[0m
09:56:49   [34;1m    115052[0m[34;1m   1114372[0m[34;1m    751284[0m[34;1m     24.75[0m[34;1m     29688[0m[34;1m   2057380[0m[34;1m   3463296[0m[31;1m    114.07[0m[34;1m    846456[0m[34;1m   1928452[0m[34;1m      5232[0m
09:56:50   [34;1m    111980[0m[34;1m   1111716[0m[34;1m    754108[0m[34;1m     24.84[0m[34;1m     29700[0m[34;1m   2057752[0m[34;1m   3463296[0m[31;1m    114.07[0m[34;1m    846468[0m[34;1m   1931140[0m[34;1m      5600[0m
09:56:51   [34;1m    108668[0m[34;1m   1108648[0m[34;1m    757024[0m[34;1m     24.94[0m[34;1m     29700[0m[34;1m   2057988[0m[34;1m   3463296[0m[31;1m    114.07[0m[34;1m    846508[0m[34;1m   1932240[0m[34;1m      5796[0m
09:56:52   [34;1m    104088[0m[34;1m   1104660[0m[34;1m    760932[0m[34;1m     25.06[0m[34;1m     29700[0m[34;1m   2058608[0m[34;1m   3463296[0m[31;1m    114.07[0m[34;1m    846508[0m[34;1m   1935336[0m[34;1m      6416[0m
09:56:53   [34;1m    106952[0m[34;1m   1107860[0m[34;1m    757664[0m[34;1m     24.96[0m[34;1m     29700[0m[34;1m   2059008[0m[34;1m   3463296[0m[31;1m    114.07[0m[34;1m    846472[0m[34;1m   1935604[0m[34;1m      6816[0m
09:56:54   [34;1m    103688[0m[34;1m   1105000[0m[34;1m    760720[0m[34;1m     25.06[0m[34;1m     29724[0m[34;1m   2059276[0m[34;1m   3463296[0m[31;1m    114.07[0m[34;1m    846548[0m[34;1m   1937052[0m[34;1m      7172[0m
09:56:55   [34;1m    111704[0m[34;1m   1105088[0m[34;1m    760752[0m[34;1m     25.06[0m[34;1m     29724[0m[34;1m   2051556[0m[34;1m   3463296[0m[31;1m    114.07[0m[34;1m    849236[0m[34;1m   1925260[0m[34;1m      7656[0m
09:56:56   [34;1m    109268[0m[34;1m   1103072[0m[34;1m    762840[0m[34;1m     25.13[0m[34;1m     29724[0m[34;1m   2051964[0m[34;1m   3463296[0m[31;1m    114.07[0m[34;1m    849236[0m[34;1m   1923500[0m[34;1m      8064[0m
09:56:57   [34;1m    106032[0m[34;1m   1100228[0m[34;1m    765660[0m[34;1m     25.22[0m[34;1m     29724[0m[34;1m   2052364[0m[34;1m   3463296[0m[31;1m    114.07[0m[34;1m    849236[0m[34;1m   1921768[0m[34;1m      8464[0m
09:56:58   [34;1m    103924[0m[34;1m   1098528[0m[34;1m    767276[0m[34;1m     25.27[0m[34;1m     29736[0m[34;1m   2052656[0m[34;1m   3463296[0m[31;1m    114.07[0m[34;1m    849248[0m[34;1m   1922208[0m[34;1m      8760[0m
09:56:59   [34;1m    128044[0m[34;1m   1123160[0m[34;1m    742532[0m[34;1m     24.46[0m[34;1m     29736[0m[34;1m   2053220[0m[34;1m   3463296[0m[31;1m    114.07[0m[34;1m    849248[0m[34;1m   1923516[0m[34;1m      9324[0m
09:57:00   [34;1m    124888[0m[34;1m   1120412[0m[34;1m    745324[0m[34;1m     24.55[0m[34;1m     29736[0m[34;1m   2053584[0m[34;1m   3463296[0m[31;1m    114.07[0m[34;1m    849248[0m[34;1m   1926212[0m[34;1m      9688[0m
09:57:01   [34;1m    121172[0m[34;1m   1117132[0m[34;1m    748512[0m[34;1m     24.65[0m[34;1m     29736[0m[34;1m   2054024[0m[34;1m   3467904[0m[31;1m    114.23[0m[34;1m    849248[0m[34;1m   1928272[0m[34;1m     10128[0m
09:57:02   [34;1m    119976[0m[34;1m   1116292[0m[34;1m    749392[0m[34;1m     24.68[0m[34;1m     29736[0m[34;1m   2054380[0m[34;1m   3467904[0m[31;1m    114.23[0m[34;1m    849248[0m[34;1m   1928520[0m[34;1m     10484[0m
09:57:03   [34;1m    116236[0m[34;1m   1113044[0m[34;1m    752596[0m[34;1m     24.79[0m[34;1m     29744[0m[34;1m   2054856[0m[34;1m   3468604[0m[31;1m    114.25[0m[34;1m    849248[0m[34;1m   1929124[0m[34;1m     10960[0m
09:57:04   [34;1m    114840[0m[34;1m   1112040[0m[34;1m    753712[0m[34;1m     24.83[0m[34;1m     29756[0m[34;1m   2055216[0m[34;1m   3463296[0m[31;1m    114.07[0m[34;1m    849260[0m[34;1m   1928468[0m[34;1m     11332[0m
09:57:05   [34;1m    111352[0m[34;1m   1108828[0m[34;1m    756748[0m[34;1m     24.93[0m[34;1m     29756[0m[34;1m   2055488[0m[34;1m   3463296[0m[31;1m    114.07[0m[34;1m    849272[0m[34;1m   1929404[0m[34;1m     11588[0m
09:57:06   [34;1m    108984[0m[34;1m   1107096[0m[34;1m    758612[0m[34;1m     24.99[0m[34;1m     29756[0m[34;1m   2056040[0m[34;1m   3463296[0m[31;1m    114.07[0m[34;1m    849272[0m[34;1m   1930684[0m[34;1m     12140[0m
09:57:07   [34;1m    104204[0m[34;1m   1102680[0m[34;1m    762984[0m[34;1m     25.13[0m[34;1m     29756[0m[34;1m   2056460[0m[34;1m   3463296[0m[31;1m    114.07[0m[34;1m    849272[0m[34;1m   1931068[0m[34;1m     12560[0m
09:57:08   [34;1m    103480[0m[34;1m   1102164[0m[34;1m    763480[0m[34;1m     25.15[0m[34;1m     29756[0m[34;1m   2056668[0m[34;1m   3463296[0m[31;1m    114.07[0m[34;1m    849272[0m[34;1m   1931848[0m[34;1m     12768[0m
09:57:09   [34;1m    102756[0m[34;1m   1101792[0m[34;1m    763820[0m[34;1m     25.16[0m[34;1m     29780[0m[34;1m   2057024[0m[34;1m   3463296[0m[31;1m    114.07[0m[34;1m    849292[0m[34;1m   1932476[0m[34;1m       336[0m
09:57:10   [34;1m    101336[0m[34;1m   1100676[0m[34;1m    764992[0m[34;1m     25.20[0m[34;1m     29780[0m[34;1m   2057280[0m[34;1m   3463296[0m[31;1m    114.07[0m[34;1m    849320[0m[34;1m   1932684[0m[34;1m       592[0m
09:57:11   [34;1m    118112[0m[34;1m   1101408[0m[34;1m    764340[0m[34;1m     25.18[0m[34;1m     29780[0m[34;1m   2041332[0m[34;1m   3471488[0m[31;1m    114.34[0m[34;1m    853844[0m[34;1m   1912656[0m[34;1m       888[0m
09:57:12   [34;1m    108900[0m[34;1m   1092652[0m[34;1m    773072[0m[34;1m     25.46[0m[34;1m     29780[0m[34;1m   2041776[0m[34;1m   3520572[0m[31;1m    115.96[0m[34;1m    853844[0m[34;1m   1920964[0m[34;1m      1332[0m
09:57:13   [34;1m    106248[0m[34;1m   1090328[0m[34;1m    775376[0m[34;1m     25.54[0m[34;1m     29780[0m[34;1m   2042148[0m[34;1m   3479680[0m[31;1m    114.61[0m[34;1m    853844[0m[34;1m   1921264[0m[34;1m      1704[0m
09:57:14   [34;1m    104604[0m[34;1m   1089020[0m[34;1m    776740[0m[34;1m     25.58[0m[34;1m     29800[0m[34;1m   2042420[0m[34;1m   3479680[0m[31;1m    114.61[0m[34;1m    853860[0m[34;1m   1920300[0m[34;1m      1944[0m
09:57:15   [34;1m    127068[0m[34;1m   1111800[0m[34;1m    753896[0m[34;1m     24.83[0m[34;1m     29800[0m[34;1m   2042796[0m[34;1m   3479680[0m[31;1m    114.61[0m[34;1m    853856[0m[34;1m   1920396[0m[34;1m      2316[0m
09:57:16   [34;1m    124480[0m[34;1m   1109676[0m[34;1m    756044[0m[34;1m     24.90[0m[34;1m     29800[0m[34;1m   2043204[0m[34;1m   3479680[0m[31;1m    114.61[0m[34;1m    853860[0m[34;1m   1921072[0m[34;1m      2724[0m
09:57:17   [34;1m    122836[0m[34;1m   1108512[0m[34;1m    757164[0m[34;1m     24.94[0m[34;1m     29800[0m[34;1m   2043684[0m[34;1m   3479680[0m[31;1m    114.61[0m[34;1m    853860[0m[34;1m   1912736[0m[34;1m      3204[0m
09:57:18   [34;1m    122140[0m[34;1m   1108168[0m[34;1m    757616[0m[34;1m     24.95[0m[34;1m     29800[0m[34;1m   2044064[0m[34;1m   3479680[0m[31;1m    114.61[0m[34;1m    853860[0m[34;1m   1912932[0m[34;1m      3584[0m
09:57:19   [34;1m    119380[0m[34;1m   1105740[0m[34;1m    760012[0m[34;1m     25.03[0m[34;1m     29808[0m[34;1m   2044356[0m[34;1m   3479744[0m[31;1m    114.62[0m[34;1m    853860[0m[34;1m   1914732[0m[34;1m      3884[0m
09:57:20   [34;1m    117764[0m[34;1m   1104556[0m[34;1m    761196[0m[34;1m     25.07[0m[34;1m     29808[0m[34;1m   2044764[0m[34;1m   3479744[0m[31;1m    114.62[0m[34;1m    853868[0m[34;1m   1915052[0m[34;1m      4280[0m
09:57:21   [34;1m    115400[0m[34;1m   1102436[0m[34;1m    763316[0m[34;1m     25.14[0m[34;1m     29820[0m[34;1m   2045032[0m[34;1m   3484352[0m[31;1m    114.77[0m[34;1m    853884[0m[34;1m   1916956[0m[34;1m      4544[0m
09:57:22   [34;1m    114232[0m[34;1m   1101644[0m[34;1m    764044[0m[34;1m     25.17[0m[34;1m     29820[0m[34;1m   2045420[0m[34;1m   3484352[0m[31;1m    114.77[0m[34;1m    853884[0m[34;1m   1918072[0m[34;1m      4932[0m
09:57:23   [34;1m    110316[0m[34;1m   1098340[0m[34;1m    767376[0m[34;1m     25.28[0m[34;1m     29820[0m[34;1m   2046024[0m[34;1m   3484352[0m[31;1m    114.77[0m[34;1m    853984[0m[34;1m   1919332[0m[34;1m      5436[0m
09:57:24   [34;1m    107948[0m[34;1m   1096264[0m[34;1m    769464[0m[34;1m     25.34[0m[34;1m     29832[0m[34;1m   2046280[0m[34;1m   3479744[0m[31;1m    114.62[0m[34;1m    854004[0m[34;1m   1918596[0m[34;1m      5684[0m
09:57:25   [34;1m    106060[0m[34;1m   1094752[0m[34;1m    770868[0m[34;1m     25.39[0m[34;1m     29844[0m[34;1m   2046724[0m[34;1m   3480000[0m[31;1m    114.62[0m[34;1m    854016[0m[34;1m   1918708[0m[34;1m      6024[0m
09:57:26   [34;1m    104452[0m[34;1m   1093528[0m[34;1m    772088[0m[34;1m     25.43[0m[34;1m     29844[0m[34;1m   2047092[0m[34;1m   3480000[0m[31;1m    114.62[0m[34;1m    854064[0m[34;1m   1919388[0m[34;1m      6444[0m
09:57:27   [34;1m    102564[0m[34;1m   1092112[0m[34;1m    773532[0m[34;1m     25.48[0m[34;1m     29844[0m[34;1m   2047520[0m[34;1m   3480000[0m[31;1m    114.62[0m[34;1m    854064[0m[34;1m   1919792[0m[34;1m      6872[0m
09:57:28   [34;1m    101408[0m[34;1m   1091268[0m[34;1m    774300[0m[34;1m     25.50[0m[34;1m     29844[0m[34;1m   2047936[0m[34;1m   3480000[0m[31;1m    114.62[0m[34;1m    854064[0m[34;1m   1916688[0m[34;1m      7256[0m
09:57:29   [34;1m    126288[0m[34;1m   1116552[0m[34;1m    749136[0m[34;1m     24.68[0m[34;1m     29844[0m[34;1m   2048204[0m[34;1m   3480000[0m[31;1m    114.62[0m[34;1m    854116[0m[34;1m   1917288[0m[34;1m      7496[0m
09:57:30   [34;1m    124140[0m[34;1m   1114900[0m[34;1m    750768[0m[34;1m     24.73[0m[34;1m     29852[0m[34;1m   2048696[0m[34;1m   3480000[0m[31;1m    114.62[0m[34;1m    854124[0m[34;1m   1918000[0m[34;1m      7988[0m
09:57:31   [34;1m    122756[0m[34;1m   1113740[0m[34;1m    751864[0m[34;1m     24.77[0m[34;1m     29864[0m[34;1m   2048928[0m[34;1m   3480000[0m[31;1m    114.62[0m[34;1m    854136[0m[34;1m   1918148[0m[34;1m      8216[0m
09:57:32   [34;1m    120864[0m[34;1m   1112300[0m[34;1m    753328[0m[34;1m     24.81[0m[34;1m     29864[0m[34;1m   2049340[0m[34;1m   3480000[0m[31;1m    114.62[0m[34;1m    854136[0m[34;1m   1918952[0m[34;1m      8628[0m
09:57:33   [34;1m    118488[0m[34;1m   1110292[0m[34;1m    755352[0m[34;1m     24.88[0m[34;1m     29864[0m[34;1m   2049764[0m[34;1m   3480000[0m[31;1m    114.62[0m[34;1m    854136[0m[34;1m   1919308[0m[34;1m      9052[0m
09:57:34   [34;1m    117824[0m[34;1m   1110072[0m[34;1m    755668[0m[34;1m     24.89[0m[34;1m     29864[0m[34;1m   2050120[0m[34;1m   3480000[0m[31;1m    114.62[0m[34;1m    854136[0m[34;1m   1919604[0m[34;1m      9408[0m
09:57:35   [34;1m    114504[0m[34;1m   1107072[0m[34;1m    758532[0m[34;1m     24.98[0m[34;1m     29864[0m[34;1m   2050524[0m[34;1m   3480000[0m[31;1m    114.62[0m[34;1m    854136[0m[34;1m   1920944[0m[34;1m      9812[0m
09:57:36   [34;1m    112888[0m[34;1m   1105908[0m[34;1m    759832[0m[34;1m     25.03[0m[34;1m     29884[0m[34;1m   2050960[0m[34;1m   3480000[0m[31;1m    114.62[0m[34;1m    854156[0m[34;1m   1921404[0m[34;1m     10244[0m
09:57:37   [34;1m    108332[0m[34;1m   1101656[0m[34;1m    763960[0m[34;1m     25.16[0m[34;1m     29884[0m[34;1m   2051228[0m[34;1m   3480000[0m[31;1m    114.62[0m[34;1m    854156[0m[34;1m   1922844[0m[34;1m     10512[0m
09:57:38   [34;1m    105528[0m[34;1m   1099272[0m[34;1m    766308[0m[34;1m     25.24[0m[34;1m     29884[0m[34;1m   2051756[0m[34;1m   3480000[0m[31;1m    114.62[0m[34;1m    854156[0m[34;1m   1923080[0m[34;1m     11040[0m
09:57:39   [34;1m    103756[0m[34;1m   1097960[0m[34;1m    767596[0m[34;1m     25.28[0m[34;1m     29896[0m[34;1m   2052200[0m[34;1m   3480000[0m[31;1m    114.62[0m[34;1m    854168[0m[34;1m   1915416[0m[34;1m       184[0m
09:57:40   [34;1m    103308[0m[34;1m   1097816[0m[34;1m    767868[0m[34;1m     25.29[0m[34;1m     29896[0m[34;1m   2052404[0m[34;1m   3480000[0m[31;1m    114.62[0m[34;1m    854168[0m[34;1m   1913336[0m[34;1m       416[0m
09:57:41   [34;1m    102308[0m[34;1m   1097212[0m[34;1m    768408[0m[34;1m     25.31[0m[34;1m     29908[0m[34;1m   2052768[0m[34;1m   3484608[0m[31;1m    114.78[0m[34;1m    854180[0m[34;1m   1918740[0m[34;1m       780[0m
09:57:42   [34;1m    114096[0m[34;1m   1101100[0m[34;1m    764752[0m[34;1m     25.19[0m[34;1m     29908[0m[34;1m   2045064[0m[34;1m   3484608[0m[31;1m    114.78[0m[34;1m    853532[0m[34;1m   1912764[0m[34;1m      1072[0m
09:57:43   [34;1m    111920[0m[34;1m   1099180[0m[34;1m    766748[0m[34;1m     25.26[0m[34;1m     29908[0m[34;1m   2045328[0m[34;1m   3484608[0m[31;1m    114.78[0m[34;1m    853540[0m[34;1m   1914720[0m[34;1m      1336[0m
09:57:44   [34;1m    108296[0m[34;1m   1095784[0m[34;1m    770212[0m[34;1m     25.37[0m[34;1m     29908[0m[34;1m   2045556[0m[34;1m   3480000[0m[31;1m    114.62[0m[34;1m    853540[0m[34;1m   1919596[0m[34;1m      1564[0m
09:57:45   [34;1m    106152[0m[34;1m   1094000[0m[34;1m    771872[0m[34;1m     25.42[0m[34;1m     29920[0m[34;1m   2045968[0m[34;1m   3480000[0m[31;1m    114.62[0m[34;1m    853552[0m[34;1m   1919700[0m[34;1m      1952[0m
09:57:46   [34;1m    102832[0m[34;1m   1091008[0m[34;1m    774948[0m[34;1m     25.53[0m[34;1m     29920[0m[34;1m   2046224[0m[34;1m   3480000[0m[31;1m    114.62[0m[34;1m    853552[0m[34;1m   1920704[0m[34;1m      2212[0m
09:57:47   [34;1m    129752[0m[34;1m   1110120[0m[34;1m    755800[0m[34;1m     24.89[0m[34;1m     29920[0m[34;1m   2038420[0m[34;1m   3480000[0m[31;1m    114.62[0m[34;1m    854828[0m[34;1m   1917556[0m[34;1m      2744[0m
09:57:48   [34;1m    126564[0m[34;1m   1107468[0m[34;1m    758196[0m[34;1m     24.97[0m[34;1m     29920[0m[34;1m   2038788[0m[34;1m   3480000[0m[31;1m    114.62[0m[34;1m    854832[0m[34;1m   1918172[0m[34;1m      3108[0m
09:57:49   [34;1m    123748[0m[34;1m   1105028[0m[34;1m    760596[0m[34;1m     25.05[0m[34;1m     29920[0m[34;1m   2039132[0m[34;1m   3480000[0m[31;1m    114.62[0m[34;1m    854832[0m[34;1m   1918636[0m[34;1m      3452[0m
09:57:50   [34;1m    121604[0m[34;1m   1103352[0m[34;1m    762312[0m[34;1m     25.11[0m[34;1m     29928[0m[34;1m   2039552[0m[34;1m   3480000[0m[31;1m    114.62[0m[34;1m    854840[0m[34;1m   1919108[0m[34;1m      3872[0m
09:57:51   [34;1m    119688[0m[34;1m   1101764[0m[34;1m    763828[0m[34;1m     25.16[0m[34;1m     29940[0m[34;1m   2039904[0m[34;1m   3480000[0m[31;1m    114.62[0m[34;1m    854840[0m[34;1m   1915084[0m[34;1m      4220[0m
09:57:52   [34;1m    116452[0m[34;1m   1098864[0m[34;1m    766700[0m[34;1m     25.25[0m[34;1m     29940[0m[34;1m   2040296[0m[34;1m   3480000[0m[31;1m    114.62[0m[34;1m    854852[0m[34;1m   1915676[0m[34;1m      4612[0m
09:57:53   [34;1m    113420[0m[34;1m   1096236[0m[34;1m    769484[0m[34;1m     25.35[0m[34;1m     29940[0m[34;1m   2040616[0m[34;1m   3480000[0m[31;1m    114.62[0m[34;1m    854860[0m[34;1m   1916844[0m[34;1m      4924[0m
09:57:54   [34;1m    111332[0m[34;1m   1094620[0m[34;1m    770972[0m[34;1m     25.39[0m[34;1m     29952[0m[34;1m   2041116[0m[34;1m   3480000[0m[31;1m    114.62[0m[34;1m    854872[0m[34;1m   1917572[0m[34;1m      5424[0m
09:57:55   [34;1m    106220[0m[34;1m   1089940[0m[34;1m    775596[0m[34;1m     25.55[0m[34;1m     29964[0m[34;1m   2041560[0m[34;1m   3480000[0m[31;1m    114.62[0m[34;1m    854884[0m[34;1m   1917612[0m[34;1m      5864[0m
09:57:56   [34;1m    134128[0m[34;1m   1118128[0m[34;1m    747484[0m[34;1m     24.62[0m[34;1m     29964[0m[34;1m   2041772[0m[34;1m   3480000[0m[31;1m    114.62[0m[34;1m    854884[0m[34;1m   1910128[0m[34;1m      6076[0m
09:57:57   [34;1m    129832[0m[34;1m   1114360[0m[34;1m    751336[0m[34;1m     24.75[0m[34;1m     29964[0m[34;1m   2042228[0m[34;1m   3480000[0m[31;1m    114.62[0m[34;1m    854884[0m[34;1m   1911824[0m[34;1m      6532[0m
09:57:58   [34;1m    127460[0m[34;1m   1112336[0m[34;1m    753288[0m[34;1m     24.81[0m[34;1m     29964[0m[34;1m   2042684[0m[34;1m   3480000[0m[31;1m    114.62[0m[34;1m    854884[0m[34;1m   1912044[0m[34;1m      6988[0m
09:57:59   [34;1m    124160[0m[34;1m   1109420[0m[34;1m    756164[0m[34;1m     24.91[0m[34;1m     29964[0m[34;1m   2043044[0m[34;1m   3480000[0m[31;1m    114.62[0m[34;1m    854884[0m[34;1m   1912340[0m[34;1m      7348[0m
09:58:00   [34;1m    122852[0m[34;1m   1108472[0m[34;1m    757264[0m[34;1m     24.94[0m[34;1m     29972[0m[34;1m   2043308[0m[34;1m   3480000[0m[31;1m    114.62[0m[34;1m    854884[0m[34;1m   1912436[0m[34;1m      7620[0m
09:58:01   [34;1m    120984[0m[34;1m   1107044[0m[34;1m    758516[0m[34;1m     24.98[0m[34;1m     29984[0m[34;1m   2043844[0m[34;1m   3480000[0m[31;1m    114.62[0m[34;1m    854932[0m[34;1m   1912824[0m[34;1m      8120[0m
09:58:02   [34;1m    120284[0m[34;1m   1106740[0m[34;1m    758932[0m[34;1m     25.00[0m[34;1m     29984[0m[34;1m   2044100[0m[34;1m   3480000[0m[31;1m    114.62[0m[34;1m    854944[0m[34;1m   1913208[0m[34;1m      8360[0m
09:58:03   [34;1m    117380[0m[34;1m   1104044[0m[34;1m    761596[0m[34;1m     25.09[0m[34;1m     29984[0m[34;1m   2044392[0m[34;1m   3480000[0m[31;1m    114.62[0m[34;1m    855044[0m[34;1m   1913500[0m[34;1m      8652[0m
09:58:04   [34;1m    111380[0m[34;1m   1098372[0m[34;1m    767308[0m[34;1m     25.27[0m[34;1m     29984[0m[34;1m   2044724[0m[34;1m   3480000[0m[31;1m    114.62[0m[34;1m    855068[0m[34;1m   1917348[0m[34;1m      8988[0m
09:58:05   [34;1m    108756[0m[34;1m   1096132[0m[34;1m    769472[0m[34;1m     25.35[0m[34;1m     29984[0m[34;1m   2045116[0m[34;1m   3480000[0m[31;1m    114.62[0m[34;1m    855068[0m[34;1m   1918368[0m[34;1m      9380[0m
09:58:06   [34;1m    104456[0m[34;1m   1092272[0m[34;1m    773292[0m[34;1m     25.47[0m[34;1m     29992[0m[34;1m   2045568[0m[34;1m   3480000[0m[31;1m    114.62[0m[34;1m    855068[0m[34;1m   1920140[0m[34;1m      9840[0m
09:58:07   [34;1m    132616[0m[34;1m   1116496[0m[34;1m    749236[0m[34;1m     24.68[0m[34;1m     30016[0m[34;1m   2041924[0m[34;1m   3480000[0m[31;1m    114.62[0m[34;1m    855104[0m[34;1m   1915240[0m[34;1m     10304[0m
09:58:08   [34;1m    129668[0m[34;1m   1114032[0m[34;1m    751752[0m[34;1m     24.76[0m[34;1m     30016[0m[34;1m   2042316[0m[34;1m   3480000[0m[31;1m    114.62[0m[34;1m    855232[0m[34;1m   1909632[0m[34;1m     10660[0m
09:58:09   [34;1m    127388[0m[34;1m   1112228[0m[34;1m    753616[0m[34;1m     24.82[0m[34;1m     30028[0m[34;1m   2042768[0m[34;1m   3480000[0m[31;1m    114.62[0m[34;1m    855260[0m[34;1m   1905636[0m[34;1m     11196[0m
09:58:10   [34;1m    125288[0m[34;1m   1110464[0m[34;1m    755428[0m[34;1m     24.88[0m[34;1m     30028[0m[34;1m   2043116[0m[34;1m   3480000[0m[31;1m    114.62[0m[34;1m    855260[0m[34;1m   1909824[0m[34;1m       192[0m
09:58:11   [34;1m    121304[0m[34;1m   1106856[0m[34;1m    758940[0m[34;1m     25.00[0m[34;1m     30040[0m[34;1m   2043496[0m[34;1m   3480000[0m[31;1m    114.62[0m[34;1m    855268[0m[34;1m   1910452[0m[34;1m       568[0m
09:58:12   [34;1m    118704[0m[34;1m   1104676[0m[34;1m    761276[0m[34;1m     25.08[0m[34;1m     30040[0m[34;1m   2043820[0m[34;1m   3480000[0m[31;1m    114.62[0m[34;1m    855280[0m[34;1m   1915468[0m[34;1m       884[0m
09:58:13   [34;1m    117028[0m[34;1m   1103216[0m[34;1m    762664[0m[34;1m     25.12[0m[34;1m     30040[0m[34;1m   2044100[0m[34;1m   3480000[0m[31;1m    114.62[0m[34;1m    855284[0m[34;1m   1915876[0m[34;1m      1164[0m
09:58:14   [34;1m    115608[0m[34;1m   1102204[0m[34;1m    763688[0m[34;1m     25.15[0m[34;1m     30040[0m[34;1m   2044508[0m[34;1m   3480000[0m[31;1m    114.62[0m[34;1m    855280[0m[34;1m   1916652[0m[34;1m      1572[0m
09:58:15   [34;1m    113456[0m[34;1m   1100408[0m[34;1m    765476[0m[34;1m     25.21[0m[34;1m     30040[0m[34;1m   2044936[0m[34;1m   3480000[0m[31;1m    114.62[0m[34;1m    855292[0m[34;1m   1917076[0m[34;1m      2000[0m
09:58:16   [34;1m    112040[0m[34;1m   1099244[0m[34;1m    766672[0m[34;1m     25.25[0m[34;1m     30040[0m[34;1m   2045108[0m[34;1m   3480000[0m[31;1m    114.62[0m[34;1m    855292[0m[34;1m   1917384[0m[34;1m      2168[0m
09:58:17   [34;1m    108752[0m[34;1m   1096432[0m[34;1m    769440[0m[34;1m     25.34[0m[34;1m     30048[0m[34;1m   2045516[0m[34;1m   3480000[0m[31;1m    114.62[0m[34;1m    855300[0m[34;1m   1918224[0m[34;1m      2576[0m
09:58:18   [34;1m    103024[0m[34;1m   1090996[0m[34;1m    774880[0m[34;1m     25.52[0m[34;1m     30060[0m[34;1m   2045872[0m[34;1m   3480256[0m[31;1m    114.63[0m[34;1m    855328[0m[34;1m   1922800[0m[34;1m      2912[0m
09:58:19   [34;1m    123844[0m[34;1m   1104860[0m[34;1m    761148[0m[34;1m     25.07[0m[34;1m     30060[0m[34;1m   2038932[0m[34;1m   3480256[0m[31;1m    114.63[0m[34;1m    853988[0m[34;1m   1917564[0m[34;1m       972[0m
09:58:20   [34;1m    130672[0m[34;1m   1110428[0m[34;1m    755384[0m[34;1m     24.88[0m[34;1m     30060[0m[34;1m   2037792[0m[34;1m   3480256[0m[31;1m    114.63[0m[34;1m    854620[0m[34;1m   1915548[0m[34;1m       288[0m
09:58:21   [34;1m    128332[0m[34;1m   1108448[0m[34;1m    757504[0m[34;1m     24.95[0m[34;1m     30060[0m[34;1m   2038084[0m[34;1m   3488448[0m[31;1m    114.90[0m[34;1m    854620[0m[34;1m   1909316[0m[34;1m       580[0m
09:58:22   [34;1m    126652[0m[34;1m   1107488[0m[34;1m    758204[0m[34;1m     24.97[0m[34;1m     30072[0m[34;1m   2038612[0m[34;1m   3488448[0m[31;1m    114.90[0m[34;1m    854632[0m[34;1m   1910228[0m[34;1m      1140[0m
09:58:23   [34;1m    125020[0m[34;1m   1106164[0m[34;1m    759504[0m[34;1m     25.02[0m[34;1m     30072[0m[34;1m   2038924[0m[34;1m   3488448[0m[31;1m    114.90[0m[34;1m    854628[0m[34;1m   1910632[0m[34;1m      1448[0m
09:58:24   [34;1m    122156[0m[34;1m   1103568[0m[34;1m    762084[0m[34;1m     25.10[0m[34;1m     30084[0m[34;1m   2039248[0m[34;1m   3492544[0m[31;1m    115.04[0m[34;1m    854636[0m[34;1m   1911236[0m[34;1m      1788[0m
09:58:25   [34;1m    119568[0m[34;1m   1101428[0m[34;1m    764160[0m[34;1m     25.17[0m[34;1m     30084[0m[34;1m   2039628[0m[34;1m   3492544[0m[31;1m    115.04[0m[34;1m    854672[0m[34;1m   1911876[0m[34;1m      2168[0m
09:58:26   [34;1m    117292[0m[34;1m   1099536[0m[34;1m    766168[0m[34;1m     25.24[0m[34;1m     30084[0m[34;1m   2039896[0m[34;1m   3492544[0m[31;1m    115.04[0m[34;1m    854672[0m[34;1m   1912404[0m[34;1m      2436[0m
09:58:27   [34;1m    113660[0m[34;1m   1096244[0m[34;1m    769376[0m[34;1m     25.34[0m[34;1m     30084[0m[34;1m   2040324[0m[34;1m   3492544[0m[31;1m    115.04[0m[34;1m    854672[0m[34;1m   1916284[0m[34;1m      2864[0m
09:58:28   [34;1m    111316[0m[34;1m   1094320[0m[34;1m    771288[0m[34;1m     25.40[0m[34;1m     30096[0m[34;1m   2040808[0m[34;1m   3492544[0m[31;1m    115.04[0m[34;1m    854684[0m[34;1m   1916736[0m[34;1m      3340[0m
09:58:29   [34;1m    109676[0m[34;1m   1092960[0m[34;1m    772768[0m[34;1m     25.45[0m[34;1m     30096[0m[34;1m   2040988[0m[34;1m   3492544[0m[31;1m    115.04[0m[34;1m    854684[0m[34;1m   1917116[0m[34;1m      3520[0m
09:58:30   [34;1m    105740[0m[34;1m   1089264[0m[34;1m    776360[0m[34;1m     25.57[0m[34;1m     30096[0m[34;1m   2041332[0m[34;1m   3492544[0m[31;1m    115.04[0m[34;1m    854684[0m[34;1m   1920732[0m[34;1m      3864[0m
09:58:31   [34;1m    102092[0m[34;1m   1086080[0m[34;1m    779576[0m[34;1m     25.68[0m[34;1m     30096[0m[34;1m   2041732[0m[34;1m   3492544[0m[31;1m    115.04[0m[34;1m    854684[0m[34;1m   1922036[0m[34;1m      4260[0m
09:58:32   [34;1m    123996[0m[34;1m   1108176[0m[34;1m    757356[0m[34;1m     24.95[0m[34;1m     30108[0m[34;1m   2042004[0m[34;1m   3492544[0m[31;1m    115.04[0m[34;1m    854696[0m[34;1m   1921900[0m[34;1m      4620[0m
09:58:33   [34;1m    120724[0m[34;1m   1105200[0m[34;1m    760484[0m[34;1m     25.05[0m[34;1m     30108[0m[34;1m   2042220[0m[34;1m   3492544[0m[31;1m    115.04[0m[34;1m    854744[0m[34;1m   1922928[0m[34;1m      4864[0m
09:58:34   [34;1m    118116[0m[34;1m   1103096[0m[34;1m    762576[0m[34;1m     25.12[0m[34;1m     30108[0m[34;1m   2042700[0m[34;1m   3492544[0m[31;1m    115.04[0m[34;1m    854932[0m[34;1m   1923420[0m[34;1m      5344[0m
09:58:35   [34;1m    116228[0m[34;1m   1101460[0m[34;1m    764112[0m[34;1m     25.17[0m[34;1m     30108[0m[34;1m   2042976[0m[34;1m   3492544[0m[31;1m    115.04[0m[34;1m    854932[0m[34;1m   1922548[0m[34;1m      5620[0m
09:58:36   [34;1m    114356[0m[34;1m   1100096[0m[34;1m    765568[0m[34;1m     25.22[0m[34;1m     30108[0m[34;1m   2043468[0m[34;1m   3492544[0m[31;1m    115.04[0m[34;1m    854932[0m[34;1m   1922880[0m[34;1m      6112[0m
09:58:37   [34;1m    111320[0m[34;1m   1097328[0m[34;1m    768404[0m[34;1m     25.31[0m[34;1m     30116[0m[34;1m   2043720[0m[34;1m   3492544[0m[31;1m    115.04[0m[34;1m    854932[0m[34;1m   1921972[0m[34;1m      6372[0m
09:58:38   [34;1m    110124[0m[34;1m   1096572[0m[34;1m    769200[0m[34;1m     25.34[0m[34;1m     30128[0m[34;1m   2044120[0m[34;1m   3492544[0m[31;1m    115.04[0m[34;1m    854940[0m[34;1m   1922232[0m[34;1m      6776[0m
09:58:39   [34;1m    107732[0m[34;1m   1094480[0m[34;1m    771204[0m[34;1m     25.40[0m[34;1m     30128[0m[34;1m   2044476[0m[34;1m   3492544[0m[31;1m    115.04[0m[34;1m    854956[0m[34;1m   1922644[0m[34;1m      7108[0m
09:58:40   [34;1m    104476[0m[34;1m   1091596[0m[34;1m    774068[0m[34;1m     25.50[0m[34;1m     30128[0m[34;1m   2044836[0m[34;1m   3492544[0m[31;1m    115.04[0m[34;1m    854960[0m[34;1m   1923532[0m[34;1m      7432[0m
09:58:41   [34;1m    102584[0m[34;1m   1090268[0m[34;1m    775372[0m[34;1m     25.54[0m[34;1m     30140[0m[34;1m   2045332[0m[34;1m   3492544[0m[31;1m    115.04[0m[34;1m    854972[0m[34;1m   1924144[0m[34;1m      7920[0m
09:58:42   [34;1m    119648[0m[34;1m   1107544[0m[34;1m    758168[0m[34;1m     24.97[0m[34;1m     30140[0m[34;1m   2045528[0m[34;1m   3492544[0m[31;1m    115.04[0m[34;1m    854708[0m[34;1m   1924708[0m[34;1m      8316[0m
09:58:43   [34;1m    117048[0m[34;1m   1105320[0m[34;1m    760420[0m[34;1m     25.05[0m[34;1m     30140[0m[34;1m   2045948[0m[34;1m   3492544[0m[31;1m    115.04[0m[34;1m    854712[0m[34;1m   1924884[0m[34;1m      8668[0m
09:58:44   [34;1m    114444[0m[34;1m   1102936[0m[34;1m    762716[0m[34;1m     25.12[0m[34;1m     30140[0m[34;1m   2046140[0m[34;1m   3492544[0m[31;1m    115.04[0m[34;1m    854712[0m[34;1m   1920496[0m[34;1m      8860[0m
09:58:45   [34;1m    112364[0m[34;1m   1101308[0m[34;1m    764340[0m[34;1m     25.18[0m[34;1m     30140[0m[34;1m   2046592[0m[34;1m   3492544[0m[31;1m    115.04[0m[34;1m    854712[0m[34;1m   1920208[0m[34;1m      9308[0m
09:58:46   [34;1m    110016[0m[34;1m   1099412[0m[34;1m    766300[0m[34;1m     25.24[0m[34;1m     30160[0m[34;1m   2047040[0m[34;1m   3492544[0m[31;1m    115.04[0m[34;1m    854732[0m[34;1m   1920648[0m[34;1m      9756[0m
09:58:47   [34;1m    106976[0m[34;1m   1096736[0m[34;1m    768944[0m[34;1m     25.33[0m[34;1m     30160[0m[34;1m   2047420[0m[34;1m   3492544[0m[31;1m    115.04[0m[34;1m    854732[0m[34;1m   1921056[0m[34;1m     10132[0m
09:58:48   [34;1m    104328[0m[34;1m   1094408[0m[34;1m    771364[0m[34;1m     25.41[0m[34;1m     30160[0m[34;1m   2047608[0m[34;1m   3492544[0m[31;1m    115.04[0m[34;1m    854732[0m[34;1m   1921360[0m[34;1m     10320[0m
09:58:49   [34;1m    102936[0m[34;1m   1093348[0m[34;1m    772212[0m[34;1m     25.44[0m[34;1m     30160[0m[34;1m   2048032[0m[34;1m   3492544[0m[31;1m    115.04[0m[34;1m    854732[0m[34;1m   1921956[0m[34;1m     10744[0m
09:58:50   [34;1m    118404[0m[34;1m   1109208[0m[34;1m    756432[0m[34;1m     24.92[0m[34;1m     30160[0m[34;1m   2048404[0m[34;1m   3492544[0m[31;1m    115.04[0m[34;1m    854768[0m[34;1m   1922592[0m[34;1m        76[0m
09:58:51   [34;1m    114316[0m[34;1m   1105480[0m[34;1m    760168[0m[34;1m     25.04[0m[34;1m     30168[0m[34;1m   2048788[0m[34;1m   3492544[0m[31;1m    115.04[0m[34;1m    854784[0m[34;1m   1923724[0m[34;1m       524[0m
09:58:52   [34;1m    111684[0m[34;1m   1103324[0m[34;1m    762336[0m[34;1m     25.11[0m[34;1m     30180[0m[34;1m   2049228[0m[34;1m   3492544[0m[31;1m    115.04[0m[34;1m    854796[0m[34;1m   1924308[0m[34;1m       960[0m
09:58:53   [34;1m    107780[0m[34;1m   1099684[0m[34;1m    765948[0m[34;1m     25.23[0m[34;1m     30180[0m[34;1m   2049508[0m[34;1m   3492544[0m[31;1m    115.04[0m[34;1m    854796[0m[34;1m   1924844[0m[34;1m      1240[0m
09:58:54   [34;1m    106836[0m[34;1m   1099224[0m[34;1m    766364[0m[34;1m     25.24[0m[34;1m     30180[0m[34;1m   2049928[0m[34;1m   3492544[0m[31;1m    115.04[0m[34;1m    854796[0m[34;1m   1925584[0m[34;1m      1660[0m
09:58:55   [34;1m     99152[0m[34;1m   1091876[0m[34;1m    773696[0m[34;1m     25.48[0m[34;1m     30180[0m[34;1m   2050284[0m[34;1m   3492544[0m[31;1m    115.04[0m[34;1m    854796[0m[34;1m   1925784[0m[34;1m      2016[0m
09:58:56   [34;1m    112980[0m[34;1m   1105884[0m[34;1m    759724[0m[34;1m     25.02[0m[34;1m     30180[0m[34;1m   2050480[0m[34;1m   3492544[0m[31;1m    115.04[0m[34;1m    854976[0m[34;1m   1916908[0m[34;1m      2272[0m
09:58:57   [34;1m    111544[0m[34;1m   1104804[0m[34;1m    760708[0m[34;1m     25.06[0m[34;1m     30188[0m[34;1m   2050808[0m[34;1m   3492544[0m[31;1m    115.04[0m[34;1m    854984[0m[34;1m   1916892[0m[34;1m      2648[0m
09:58:58   [34;1m    109476[0m[34;1m   1103148[0m[34;1m    762460[0m[34;1m     25.11[0m[34;1m     30200[0m[34;1m   2051164[0m[34;1m   3531516[0m[31;1m    116.32[0m[34;1m    854996[0m[34;1m   1919680[0m[34;1m      3004[0m
09:58:59   [34;1m    107144[0m[34;1m   1101176[0m[34;1m    764472[0m[34;1m     25.18[0m[34;1m     30200[0m[34;1m   2051544[0m[34;1m   3492544[0m[31;1m    115.04[0m[34;1m    855024[0m[34;1m   1920232[0m[34;1m      3384[0m
09:59:00   [34;1m    105032[0m[34;1m   1099412[0m[34;1m    766220[0m[34;1m     25.24[0m[34;1m     30212[0m[34;1m   2051884[0m[34;1m   3492544[0m[31;1m    115.04[0m[34;1m    855040[0m[34;1m   1927356[0m[34;1m      3720[0m
09:59:01   [34;1m    101716[0m[34;1m   1096488[0m[34;1m    769280[0m[34;1m     25.34[0m[34;1m     30212[0m[34;1m   2052192[0m[34;1m   3492544[0m[31;1m    115.04[0m[34;1m    855040[0m[34;1m   1928060[0m[34;1m      4028[0m
09:59:02   [34;1m    115460[0m[34;1m   1110392[0m[34;1m    755168[0m[34;1m     24.87[0m[34;1m     30212[0m[34;1m   2052424[0m[34;1m   3492544[0m[31;1m    115.04[0m[34;1m    855076[0m[34;1m   1928088[0m[34;1m      4388[0m
09:59:03   [34;1m    113584[0m[34;1m   1109008[0m[34;1m    756604[0m[34;1m     24.92[0m[34;1m     30212[0m[34;1m   2052864[0m[34;1m   3492544[0m[31;1m    115.04[0m[34;1m    855068[0m[34;1m   1916372[0m[34;1m      4832[0m
09:59:04   [34;1m    111668[0m[34;1m   1107396[0m[34;1m    758220[0m[34;1m     24.97[0m[34;1m     30224[0m[34;1m   2053204[0m[34;1m   3492544[0m[31;1m    115.04[0m[34;1m    855088[0m[34;1m   1916524[0m[34;1m      5168[0m
09:59:05   [34;1m    107740[0m[34;1m   1103800[0m[34;1m    761664[0m[34;1m     25.09[0m[34;1m     30224[0m[34;1m   2053496[0m[34;1m   3492544[0m[31;1m    115.04[0m[34;1m    855088[0m[34;1m   1918116[0m[34;1m      5460[0m
09:59:06   [34;1m    103340[0m[34;1m   1099792[0m[34;1m    765800[0m[34;1m     25.22[0m[34;1m     30224[0m[34;1m   2053888[0m[34;1m   3492544[0m[31;1m    115.04[0m[34;1m    855088[0m[34;1m   1922656[0m[34;1m      5852[0m
09:59:07   [34;1m    117876[0m[34;1m   1114644[0m[34;1m    750940[0m[34;1m     24.73[0m[34;1m     30224[0m[34;1m   2054192[0m[34;1m   3492544[0m[31;1m    115.04[0m[34;1m    855088[0m[34;1m   1926184[0m[34;1m      6256[0m
09:59:08   [34;1m    116268[0m[34;1m   1113512[0m[34;1m    752068[0m[34;1m     24.77[0m[34;1m     30224[0m[34;1m   2054672[0m[34;1m   3492544[0m[31;1m    115.04[0m[34;1m    855116[0m[34;1m   1926088[0m[34;1m      6764[0m
09:59:09   [34;1m    112864[0m[34;1m   1110416[0m[34;1m    755036[0m[34;1m     24.87[0m[34;1m     30232[0m[34;1m   2055024[0m[34;1m   3492544[0m[31;1m    115.04[0m[34;1m    855124[0m[34;1m   1926756[0m[34;1m      7116[0m
09:59:10   [34;1m    110080[0m[34;1m   1107916[0m[34;1m    757508[0m[34;1m     24.95[0m[34;1m     30232[0m[34;1m   2055344[0m[34;1m   3492544[0m[31;1m    115.04[0m[34;1m    855124[0m[34;1m   1926620[0m[34;1m      7440[0m
09:59:11   [34;1m    106820[0m[34;1m   1105140[0m[34;1m    760336[0m[34;1m     25.04[0m[34;1m     30244[0m[34;1m   2055712[0m[34;1m   3492544[0m[31;1m    115.04[0m[34;1m    855136[0m[34;1m   1924448[0m[34;1m      7800[0m
09:59:12   [34;1m    104460[0m[34;1m   1103128[0m[34;1m    762272[0m[34;1m     25.11[0m[34;1m     30244[0m[34;1m   2056084[0m[34;1m   3492544[0m[31;1m    115.04[0m[34;1m    855136[0m[34;1m   1925068[0m[34;1m      8172[0m
09:59:13   [34;1m    102812[0m[34;1m   1101980[0m[34;1m    763552[0m[34;1m     25.15[0m[34;1m     30244[0m[34;1m   2056516[0m[34;1m   3492544[0m[31;1m    115.04[0m[34;1m    855136[0m[34;1m   1927680[0m[34;1m      8604[0m
09:59:14   [34;1m    115864[0m[34;1m   1115304[0m[34;1m    750180[0m[34;1m     24.71[0m[34;1m     30244[0m[34;1m   2056796[0m[34;1m   3492544[0m[31;1m    115.04[0m[34;1m    855160[0m[34;1m   1927908[0m[34;1m      9016[0m
09:59:15   [34;1m    111952[0m[34;1m   1111680[0m[34;1m    753820[0m[34;1m     24.83[0m[34;1m     30256[0m[34;1m   2057068[0m[34;1m   3492544[0m[31;1m    115.04[0m[34;1m    855172[0m[34;1m   1928532[0m[34;1m      9284[0m
09:59:16   [34;1m    109596[0m[34;1m   1109708[0m[34;1m    755644[0m[34;1m     24.89[0m[34;1m     30256[0m[34;1m   2057500[0m[34;1m   3492544[0m[31;1m    115.04[0m[34;1m    855172[0m[34;1m   1928940[0m[34;1m      9716[0m
09:59:17   [34;1m    108164[0m[34;1m   1108688[0m[34;1m    756708[0m[34;1m     24.92[0m[34;1m     30256[0m[34;1m   2057876[0m[34;1m   3492544[0m[31;1m    115.04[0m[34;1m    855172[0m[34;1m   1928936[0m[34;1m     10092[0m
09:59:18   [34;1m    106520[0m[34;1m   1107392[0m[34;1m    758072[0m[34;1m     24.97[0m[34;1m     30256[0m[34;1m   2058240[0m[34;1m   3492544[0m[31;1m    115.04[0m[34;1m    855172[0m[34;1m   1929336[0m[34;1m     10456[0m
09:59:19   [34;1m    103204[0m[34;1m   1104408[0m[34;1m    761012[0m[34;1m     25.07[0m[34;1m     30256[0m[34;1m   2058576[0m[34;1m   3492544[0m[31;1m    115.04[0m[34;1m    855172[0m[34;1m   1929696[0m[34;1m     10792[0m
09:59:20   [34;1m    100304[0m[34;1m   1101844[0m[34;1m    763572[0m[34;1m     25.15[0m[34;1m     30264[0m[34;1m   2058944[0m[34;1m   3492544[0m[31;1m    115.04[0m[34;1m    855180[0m[34;1m   1930132[0m[34;1m     11156[0m
09:59:21   [34;1m    113564[0m[34;1m   1115368[0m[34;1m    750152[0m[34;1m     24.71[0m[34;1m     30276[0m[34;1m   2059068[0m[34;1m   3492544[0m[31;1m    115.04[0m[34;1m    855220[0m[34;1m   1930276[0m[34;1m       124[0m
09:59:22   [34;1m    111432[0m[34;1m   1113440[0m[34;1m    752004[0m[34;1m     24.77[0m[34;1m     30276[0m[34;1m   2059332[0m[34;1m   3492544[0m[31;1m    115.04[0m[34;1m    855220[0m[34;1m   1930536[0m[34;1m       388[0m
09:59:23   [34;1m    107876[0m[34;1m   1110432[0m[34;1m    755056[0m[34;1m     24.87[0m[34;1m     30276[0m[34;1m   2059836[0m[34;1m   3492544[0m[31;1m    115.04[0m[34;1m    855220[0m[34;1m   1931396[0m[34;1m       896[0m
09:59:24   [34;1m    105452[0m[34;1m   1108152[0m[34;1m    757096[0m[34;1m     24.94[0m[34;1m     30276[0m[34;1m   2060016[0m[34;1m   3492544[0m[31;1m    115.04[0m[34;1m    855220[0m[34;1m   1931312[0m[34;1m      1076[0m
09:59:25   [34;1m    103076[0m[34;1m   1106032[0m[34;1m    759388[0m[34;1m     25.01[0m[34;1m     30276[0m[34;1m   2060236[0m[34;1m   3492544[0m[31;1m    115.04[0m[34;1m    855220[0m[34;1m   1932128[0m[34;1m      1296[0m
09:59:26   [34;1m    109988[0m[34;1m   1113120[0m[34;1m    752232[0m[34;1m     24.78[0m[34;1m     30284[0m[34;1m   2060512[0m[34;1m   3492544[0m[31;1m    115.04[0m[34;1m    855228[0m[34;1m   1933636[0m[34;1m      1884[0m
09:59:27   [34;1m    106644[0m[34;1m   1110248[0m[34;1m    755132[0m[34;1m     24.87[0m[34;1m     30296[0m[34;1m   2060880[0m[34;1m   3492544[0m[31;1m    115.04[0m[34;1m    855324[0m[34;1m   1935104[0m[34;1m      2348[0m
09:59:28   [34;1m    103584[0m[34;1m   1107608[0m[34;1m    757804[0m[34;1m     24.96[0m[34;1m     30296[0m[34;1m   2061276[0m[34;1m   3492544[0m[31;1m    115.04[0m[34;1m    855324[0m[34;1m   1934436[0m[34;1m      2744[0m
09:59:29   [34;1m    102164[0m[34;1m   1106516[0m[34;1m    758848[0m[34;1m     25.00[0m[34;1m     30296[0m[34;1m   2061608[0m[34;1m   3492544[0m[31;1m    115.04[0m[34;1m    855324[0m[34;1m   1934788[0m[34;1m      3076[0m
09:59:30   [34;1m    108756[0m[34;1m   1113236[0m[34;1m    752216[0m[34;1m     24.78[0m[34;1m     30296[0m[34;1m   2061868[0m[34;1m   3492544[0m[31;1m    115.04[0m[34;1m    855324[0m[34;1m   1934948[0m[34;1m      3436[0m
09:59:31   [34;1m    107328[0m[34;1m   1112068[0m[34;1m    753496[0m[34;1m     24.82[0m[34;1m     30296[0m[34;1m   2062140[0m[34;1m   3492544[0m[31;1m    115.04[0m[34;1m    855352[0m[34;1m   1933340[0m[34;1m      3664[0m
09:59:32   [34;1m    104948[0m[34;1m   1110004[0m[34;1m    755624[0m[34;1m     24.89[0m[34;1m     30304[0m[34;1m   2062440[0m[34;1m   3492544[0m[31;1m    115.04[0m[34;1m    855360[0m[34;1m   1933772[0m[34;1m      3972[0m
09:59:33   [34;1m    113060[0m[34;1m   1113968[0m[34;1m    751392[0m[34;1m     24.75[0m[34;1m     30316[0m[34;1m   2058472[0m[34;1m   3492544[0m[31;1m    115.04[0m[34;1m    855972[0m[34;1m   1928896[0m[34;1m      4408[0m
09:59:34   [34;1m    108976[0m[34;1m   1110196[0m[34;1m    755396[0m[34;1m     24.88[0m[34;1m     30316[0m[34;1m   2058608[0m[34;1m   3492544[0m[31;1m    115.04[0m[34;1m    856068[0m[34;1m   1929388[0m[34;1m      4628[0m
09:59:35   [34;1m    105920[0m[34;1m   1107724[0m[34;1m    757660[0m[34;1m     24.96[0m[34;1m     30316[0m[34;1m   2059136[0m[34;1m   3492544[0m[31;1m    115.04[0m[34;1m    856068[0m[34;1m   1930304[0m[34;1m      5144[0m
09:59:36   [34;1m    103248[0m[34;1m   1105340[0m[34;1m    760056[0m[34;1m     25.03[0m[34;1m     30316[0m[34;1m   2059400[0m[34;1m   3492544[0m[31;1m    115.04[0m[34;1m    856068[0m[34;1m   1932964[0m[34;1m      5408[0m
09:59:37   [34;1m    110936[0m[34;1m   1111264[0m[34;1m    754192[0m[34;1m     24.84[0m[34;1m     30316[0m[34;1m   2057852[0m[34;1m   3492544[0m[31;1m    115.04[0m[34;1m    855652[0m[34;1m   1931868[0m[34;1m      5852[0m
09:59:38   [34;1m    108024[0m[34;1m   1108628[0m[34;1m    757036[0m[34;1m     24.94[0m[34;1m     30324[0m[34;1m   2058108[0m[34;1m   3492544[0m[31;1m    115.04[0m[34;1m    855640[0m[34;1m   1931348[0m[34;1m      6196[0m
09:59:39   [34;1m    105692[0m[34;1m   1106672[0m[34;1m    759036[0m[34;1m     25.00[0m[34;1m     30336[0m[34;1m   2058460[0m[34;1m   3492544[0m[31;1m    115.04[0m[34;1m    855652[0m[34;1m   1924880[0m[34;1m      6544[0m
09:59:40   [34;1m    103128[0m[34;1m   1104468[0m[34;1m    761300[0m[34;1m     25.08[0m[34;1m     30336[0m[34;1m   2058840[0m[34;1m   3492544[0m[31;1m    115.04[0m[34;1m    855652[0m[34;1m   1925740[0m[34;1m      6920[0m
09:59:41   [34;1m    102208[0m[34;1m   1103928[0m[34;1m    761892[0m[34;1m     25.10[0m[34;1m     30336[0m[34;1m   2059092[0m[34;1m   3492544[0m[31;1m    115.04[0m[34;1m    855652[0m[34;1m   1928648[0m[34;1m      7172[0m
09:59:42   [34;1m    109200[0m[34;1m   1111080[0m[34;1m    754596[0m[34;1m     24.86[0m[34;1m     30336[0m[34;1m   2059372[0m[34;1m   3492544[0m[31;1m    115.04[0m[34;1m    855752[0m[34;1m   1928984[0m[34;1m      7544[0m
09:59:43   [34;1m    105324[0m[34;1m   1107560[0m[34;1m    758228[0m[34;1m     24.97[0m[34;1m     30336[0m[34;1m   2059656[0m[34;1m   3492544[0m[31;1m    115.04[0m[34;1m    855816[0m[34;1m   1930696[0m[34;1m      7860[0m
09:59:44   [34;1m    101272[0m[34;1m   1104012[0m[34;1m    761700[0m[34;1m     25.09[0m[34;1m     30348[0m[34;1m   2060176[0m[34;1m   3492544[0m[31;1m    115.04[0m[34;1m    855828[0m[34;1m   1931924[0m[34;1m      8388[0m
09:59:45   [34;1m    116240[0m[34;1m   1114732[0m[34;1m    750808[0m[34;1m     24.73[0m[34;1m     30348[0m[34;1m   2056124[0m[34;1m   3492544[0m[31;1m    115.04[0m[34;1m    856916[0m[34;1m   1927516[0m[34;1m      8704[0m
09:59:46   [34;1m    113336[0m[34;1m   1112388[0m[34;1m    753284[0m[34;1m     24.81[0m[34;1m     30348[0m[34;1m   2056540[0m[34;1m   3492544[0m[31;1m    115.04[0m[34;1m    856916[0m[34;1m   1928080[0m[34;1m      9220[0m
09:59:47   [34;1m    112400[0m[34;1m   1111784[0m[34;1m    753848[0m[34;1m     24.83[0m[34;1m     30348[0m[34;1m   2056852[0m[34;1m   3492544[0m[31;1m    115.04[0m[34;1m    856916[0m[34;1m   1926528[0m[34;1m      9528[0m
09:59:48   [34;1m    109088[0m[34;1m   1108820[0m[34;1m    756852[0m[34;1m     24.93[0m[34;1m     30348[0m[34;1m   2057180[0m[34;1m   3492544[0m[31;1m    115.04[0m[34;1m    856920[0m[34;1m   1926896[0m[34;1m      9856[0m
09:59:49   [34;1m    106640[0m[34;1m   1106740[0m[34;1m    758916[0m[34;1m     25.00[0m[34;1m     30356[0m[34;1m   2057524[0m[34;1m   3492544[0m[31;1m    115.04[0m[34;1m    856924[0m[34;1m   1927436[0m[34;1m     10200[0m
09:59:50   [34;1m    103568[0m[34;1m   1104260[0m[34;1m    761272[0m[34;1m     25.07[0m[34;1m     30368[0m[34;1m   2057832[0m[34;1m   3492544[0m[31;1m    115.04[0m[34;1m    856940[0m[34;1m   1928580[0m[34;1m     10504[0m
09:59:51   [34;1m    101448[0m[34;1m   1102536[0m[34;1m    762924[0m[34;1m     25.13[0m[34;1m     30368[0m[34;1m   2058336[0m[34;1m   3492544[0m[31;1m    115.04[0m[34;1m    856940[0m[34;1m   1928752[0m[34;1m     11008[0m
09:59:52   [34;1m    112372[0m[34;1m   1112588[0m[34;1m    753196[0m[34;1m     24.81[0m[34;1m     30368[0m[34;1m   2057668[0m[34;1m   3492544[0m[31;1m    115.04[0m[34;1m    857176[0m[34;1m   1929424[0m[34;1m       284[0m
09:59:53   [34;1m    109060[0m[34;1m   1109696[0m[34;1m    756024[0m[34;1m     24.90[0m[34;1m     30368[0m[34;1m   2058088[0m[34;1m   3492544[0m[31;1m    115.04[0m[34;1m    857176[0m[34;1m   1930084[0m[34;1m       704[0m
09:59:54   [34;1m    105876[0m[34;1m   1106816[0m[34;1m    758892[0m[34;1m     25.00[0m[34;1m     30368[0m[34;1m   2058404[0m[34;1m   3492544[0m[31;1m    115.04[0m[34;1m    857180[0m[34;1m   1930288[0m[34;1m      1020[0m
09:59:55   [34;1m    104708[0m[34;1m   1106052[0m[34;1m    759712[0m[34;1m     25.02[0m[34;1m     30388[0m[34;1m   2058744[0m[34;1m   3492544[0m[31;1m    115.04[0m[34;1m    857184[0m[34;1m   1930472[0m[34;1m      1376[0m
09:59:56   [34;1m    102096[0m[34;1m   1103788[0m[34;1m    761628[0m[34;1m     25.09[0m[34;1m     30388[0m[34;1m   2059120[0m[34;1m   3492544[0m[31;1m    115.04[0m[34;1m    857196[0m[34;1m   1930628[0m[34;1m      1736[0m
09:59:57   [34;1m    101544[0m[34;1m   1103172[0m[34;1m    762396[0m[34;1m     25.11[0m[34;1m     30388[0m[34;1m   2059064[0m[34;1m   3492544[0m[31;1m    115.04[0m[34;1m    857308[0m[34;1m   1930516[0m[34;1m      2076[0m
09:59:58   [34;1m    119352[0m[34;1m   1102928[0m[34;1m    762896[0m[34;1m     25.13[0m[34;1m     30336[0m[34;1m   2041220[0m[34;1m   3492544[0m[31;1m    115.04[0m[34;1m    862108[0m[34;1m   1907880[0m[34;1m      2484[0m
09:59:59   [34;1m    114716[0m[34;1m   1098608[0m[34;1m    767224[0m[34;1m     25.27[0m[34;1m     30336[0m[34;1m   2041528[0m[34;1m   3492544[0m[31;1m    115.04[0m[34;1m    862108[0m[34;1m   1909020[0m[34;1m      2792[0m
10:00:00   [34;1m    111032[0m[34;1m   1095256[0m[34;1m    770492[0m[34;1m     25.38[0m[34;1m     30344[0m[34;1m   2041908[0m[34;1m   3492544[0m[31;1m    115.04[0m[34;1m    862124[0m[34;1m   1908984[0m[34;1m      3164[0m
10:00:01   [34;1m    109616[0m[34;1m   1094272[0m[34;1m    771560[0m[34;1m     25.41[0m[34;1m     30344[0m[34;1m   2042296[0m[34;1m   3492544[0m[31;1m    115.04[0m[34;1m    862124[0m[34;1m   1909552[0m[34;1m      3536[0m
10:00:02   [34;1m    108424[0m[34;1m   1093456[0m[34;1m    772348[0m[34;1m     25.44[0m[34;1m     30356[0m[34;1m   2042684[0m[34;1m   3492544[0m[31;1m    115.04[0m[34;1m    862136[0m[34;1m   1910036[0m[34;1m      3916[0m
10:00:03   [34;1m    106036[0m[34;1m   1091284[0m[34;1m    774464[0m[34;1m     25.51[0m[34;1m     30356[0m[34;1m   2042988[0m[34;1m   3493376[0m[31;1m    115.07[0m[34;1m    862136[0m[34;1m   1910192[0m[34;1m      4220[0m
10:00:04   [34;1m    103424[0m[34;1m   1089128[0m[34;1m    776664[0m[34;1m     25.58[0m[34;1m     30356[0m[34;1m   2043308[0m[34;1m   3492544[0m[31;1m    115.04[0m[34;1m    862160[0m[34;1m   1910584[0m[34;1m      4532[0m
10:00:05   [34;1m    126948[0m[34;1m   1113240[0m[34;1m    752320[0m[34;1m     24.78[0m[34;1m     30356[0m[34;1m   2043752[0m[34;1m   3492544[0m[31;1m    115.04[0m[34;1m    862164[0m[34;1m   1910632[0m[34;1m      4976[0m
10:00:06   [34;1m    123168[0m[34;1m   1109868[0m[34;1m    755584[0m[34;1m     24.89[0m[34;1m     30368[0m[34;1m   2044080[0m[34;1m   3492544[0m[31;1m    115.04[0m[34;1m    862176[0m[34;1m   1911396[0m[34;1m      5296[0m
10:00:07   [34;1m    120104[0m[34;1m   1107152[0m[34;1m    758440[0m[34;1m     24.98[0m[34;1m     30368[0m[34;1m   2044420[0m[34;1m   3492544[0m[31;1m    115.04[0m[34;1m    862172[0m[34;1m   1911848[0m[34;1m      5576[0m
10:00:08   [34;1m    118892[0m[34;1m   1106372[0m[34;1m    759236[0m[34;1m     25.01[0m[34;1m     30368[0m[34;1m   2044856[0m[34;1m   3492544[0m[31;1m    115.04[0m[34;1m    862176[0m[34;1m   1904472[0m[34;1m      6012[0m
10:00:09   [34;1m    116308[0m[34;1m   1104136[0m[34;1m    761336[0m[34;1m     25.08[0m[34;1m     30368[0m[34;1m   2045212[0m[34;1m   3492544[0m[31;1m    115.04[0m[34;1m    862184[0m[34;1m   1903424[0m[34;1m      6360[0m
10:00:10   [34;1m    114640[0m[34;1m   1102816[0m[34;1m    762804[0m[34;1m     25.13[0m[34;1m     30368[0m[34;1m   2045540[0m[34;1m   3492544[0m[31;1m    115.04[0m[34;1m    862212[0m[34;1m   1905884[0m[34;1m      6684[0m
10:00:11   [34;1m    110264[0m[34;1m   1098884[0m[34;1m    766756[0m[34;1m     25.26[0m[34;1m     30376[0m[34;1m   2045940[0m[34;1m   3492544[0m[31;1m    115.04[0m[34;1m    862220[0m[34;1m   1906512[0m[34;1m      7096[0m
10:00:12   [34;1m    108352[0m[34;1m   1097196[0m[34;1m    768456[0m[34;1m     25.31[0m[34;1m     30376[0m[34;1m   2046168[0m[34;1m   3492544[0m[31;1m    115.04[0m[34;1m    862220[0m[34;1m   1908480[0m[34;1m      7324[0m
10:00:13   [34;1m    104420[0m[34;1m   1093660[0m[34;1m    772036[0m[34;1m     25.43[0m[34;1m     30376[0m[34;1m   2046544[0m[34;1m   3492544[0m[31;1m    115.04[0m[34;1m    862220[0m[34;1m   1909344[0m[34;1m      7700[0m
10:00:14   [34;1m    102496[0m[34;1m   1092108[0m[34;1m    773496[0m[34;1m     25.48[0m[34;1m     30388[0m[34;1m   2046928[0m[34;1m   3492544[0m[31;1m    115.04[0m[34;1m    862232[0m[34;1m   1910468[0m[34;1m      8088[0m
10:00:15   [34;1m    127808[0m[34;1m   1117424[0m[34;1m    748092[0m[34;1m     24.64[0m[34;1m     30388[0m[34;1m   2047044[0m[34;1m   3492544[0m[31;1m    115.04[0m[34;1m    861876[0m[34;1m   1910376[0m[34;1m      8500[0m
10:00:16   [34;1m    124300[0m[34;1m   1114308[0m[34;1m    751164[0m[34;1m     24.74[0m[34;1m     30388[0m[34;1m   2047296[0m[34;1m   3492544[0m[31;1m    115.04[0m[34;1m    861888[0m[34;1m   1910232[0m[34;1m      8844[0m
10:00:17   [34;1m    122852[0m[34;1m   1113240[0m[34;1m    752340[0m[34;1m     24.78[0m[34;1m     30388[0m[34;1m   2047672[0m[34;1m   3492544[0m[31;1m    115.04[0m[34;1m    861892[0m[34;1m   1911224[0m[34;1m      9208[0m
10:00:18   [34;1m    212556[0m[34;1m   1113180[0m[34;1m    753004[0m[34;1m     24.80[0m[34;1m     30400[0m[34;1m   1958516[0m[34;1m   3492544[0m[31;1m    115.04[0m[34;1m    861904[0m[34;1m   1822196[0m[34;1m       328[0m
10:00:19   [34;1m    209368[0m[34;1m   1110336[0m[34;1m    755876[0m[34;1m     24.90[0m[34;1m     30400[0m[34;1m   1958780[0m[34;1m   3492544[0m[31;1m    115.04[0m[34;1m    861900[0m[34;1m   1823768[0m[34;1m       588[0m
10:00:20   [34;1m    205360[0m[34;1m   1106628[0m[34;1m    759344[0m[34;1m     25.01[0m[34;1m     30400[0m[34;1m   1959216[0m[34;1m   3492544[0m[31;1m    115.04[0m[34;1m    861908[0m[34;1m   1824028[0m[34;1m      1020[0m
10:00:21   [34;1m    202988[0m[34;1m   1104716[0m[34;1m    761496[0m[34;1m     25.08[0m[34;1m     30400[0m[34;1m   1959648[0m[34;1m   3492544[0m[31;1m    115.04[0m[34;1m    861908[0m[34;1m   1825204[0m[34;1m      1440[0m
10:00:22   [34;1m    199420[0m[34;1m   1101576[0m[34;1m    764660[0m[34;1m     25.19[0m[34;1m     30400[0m[34;1m   1960068[0m[34;1m   3492544[0m[31;1m    115.04[0m[34;1m    861908[0m[34;1m   1826120[0m[34;1m      1860[0m
10:00:23   [34;1m    196856[0m[34;1m   1099380[0m[34;1m    766832[0m[34;1m     25.26[0m[34;1m     30408[0m[34;1m   1960412[0m[34;1m   3492544[0m[31;1m    115.04[0m[34;1m    861916[0m[34;1m   1826512[0m[34;1m      2208[0m
10:00:24   [34;1m    194152[0m[34;1m   1096892[0m[34;1m    769236[0m[34;1m     25.34[0m[34;1m     30408[0m[34;1m   1960656[0m[34;1m   3492544[0m[31;1m    115.04[0m[34;1m    861916[0m[34;1m   1826732[0m[34;1m      2452[0m
10:00:25   [34;1m    192760[0m[34;1m   1095992[0m[34;1m    770264[0m[34;1m     25.37[0m[34;1m     30420[0m[34;1m   1961108[0m[34;1m   3492544[0m[31;1m    115.04[0m[34;1m    861928[0m[34;1m   1824264[0m[34;1m      2892[0m
10:00:26   [34;1m    190400[0m[34;1m   1093868[0m[34;1m    772272[0m[34;1m     25.44[0m[34;1m     30420[0m[34;1m   1961400[0m[34;1m   3492544[0m[31;1m    115.04[0m[34;1m    861928[0m[34;1m   1824160[0m[34;1m      3168[0m
10:00:27   [34;1m    189232[0m[34;1m   1093036[0m[34;1m    773060[0m[34;1m     25.46[0m[34;1m     30420[0m[34;1m   1961796[0m[34;1m   3492544[0m[31;1m    115.04[0m[34;1m    861928[0m[34;1m   1825080[0m[34;1m      3564[0m
10:00:28   [34;1m    185828[0m[34;1m   1090004[0m[34;1m    776084[0m[34;1m     25.56[0m[34;1m     30420[0m[34;1m   1962160[0m[34;1m   3492544[0m[31;1m    115.04[0m[34;1m    861928[0m[34;1m   1828832[0m[34;1m      3912[0m
10:00:29   [34;1m    208020[0m[34;1m   1112624[0m[34;1m    753380[0m[34;1m     24.81[0m[34;1m     30420[0m[34;1m   1962492[0m[34;1m   3492544[0m[31;1m    115.04[0m[34;1m    861932[0m[34;1m   1829680[0m[34;1m      4244[0m
10:00:30   [34;1m    206848[0m[34;1m   1111800[0m[34;1m    754400[0m[34;1m     24.85[0m[34;1m     30440[0m[34;1m   1962836[0m[34;1m   3492544[0m[31;1m    115.04[0m[34;1m    861948[0m[34;1m   1829960[0m[34;1m      4600[0m
10:00:31   [34;1m    204984[0m[34;1m   1110232[0m[34;1m    755880[0m[34;1m     24.90[0m[34;1m     30440[0m[34;1m   1963152[0m[34;1m   3492544[0m[31;1m    115.04[0m[34;1m    861948[0m[34;1m   1830232[0m[34;1m      4904[0m
10:00:32   [34;1m    202152[0m[34;1m   1107864[0m[34;1m    758224[0m[34;1m     24.97[0m[34;1m     30440[0m[34;1m   1963620[0m[34;1m   3492544[0m[31;1m    115.04[0m[34;1m    861948[0m[34;1m   1830060[0m[34;1m      5360[0m
10:00:33   [34;1m    199812[0m[34;1m   1105820[0m[34;1m    760268[0m[34;1m     25.04[0m[34;1m     30440[0m[34;1m   1963884[0m[34;1m   3492544[0m[31;1m    115.04[0m[34;1m    861944[0m[34;1m   1830256[0m[34;1m       212[0m
10:00:34   [34;1m    195612[0m[34;1m   1101992[0m[34;1m    764180[0m[34;1m     25.17[0m[34;1m     30440[0m[34;1m   1964260[0m[34;1m   3492544[0m[31;1m    115.04[0m[34;1m    861948[0m[34;1m   1830644[0m[34;1m       592[0m
10:00:35   [34;1m    194176[0m[34;1m   1101176[0m[34;1m    764896[0m[34;1m     25.19[0m[34;1m     30460[0m[34;1m   1964852[0m[34;1m   3492544[0m[31;1m    115.04[0m[34;1m    862040[0m[34;1m   1830292[0m[34;1m      1144[0m
10:00:36   [34;1m    192084[0m[34;1m   1099432[0m[34;1m    766308[0m[34;1m     25.24[0m[34;1m     30460[0m[34;1m   1965292[0m[34;1m   3492544[0m[31;1m    115.04[0m[34;1m    862064[0m[34;1m   1826156[0m[34;1m      1560[0m
10:00:37   [34;1m    189996[0m[34;1m   1097728[0m[34;1m    768500[0m[34;1m     25.31[0m[34;1m     30460[0m[34;1m   1965576[0m[34;1m   3492544[0m[31;1m    115.04[0m[34;1m    862064[0m[34;1m   1828052[0m[34;1m      1844[0m
10:00:38   [34;1m    187384[0m[34;1m   1095392[0m[34;1m    770788[0m[34;1m     25.39[0m[34;1m     30460[0m[34;1m   1965912[0m[34;1m   3492544[0m[31;1m    115.04[0m[34;1m    862064[0m[34;1m   1828328[0m[34;1m      2180[0m
10:00:39   [34;1m    183788[0m[34;1m   1092272[0m[34;1m    773812[0m[34;1m     25.49[0m[34;1m     30472[0m[34;1m   1966344[0m[34;1m   3492544[0m[31;1m    115.04[0m[34;1m    862160[0m[34;1m   1830796[0m[34;1m      2532[0m
10:00:40   [34;1m    182148[0m[34;1m   1090928[0m[34;1m    775256[0m[34;1m     25.54[0m[34;1m     30472[0m[34;1m   1966616[0m[34;1m   3492544[0m[31;1m    115.04[0m[34;1m    862156[0m[34;1m   1830924[0m[34;1m      2768[0m
10:00:41   [34;1m    180484[0m[34;1m   1089696[0m[34;1m    776604[0m[34;1m     25.58[0m[34;1m     30472[0m[34;1m   1966964[0m[34;1m   3492544[0m[31;1m    115.04[0m[34;1m    862156[0m[34;1m   1831528[0m[34;1m      3108[0m
10:00:42   [34;1m    205816[0m[34;1m   1115268[0m[34;1m    750796[0m[34;1m     24.73[0m[34;1m     30472[0m[34;1m   1967340[0m[34;1m   3492544[0m[31;1m    115.04[0m[34;1m    862156[0m[34;1m   1831856[0m[34;1m      3480[0m
10:00:43   [34;1m    202736[0m[34;1m   1112580[0m[34;1m    753624[0m[34;1m     24.82[0m[34;1m     30472[0m[34;1m   1967696[0m[34;1m   3492544[0m[31;1m    115.04[0m[34;1m    862156[0m[34;1m   1832256[0m[34;1m      3836[0m
10:00:44   [34;1m    199900[0m[34;1m   1110140[0m[34;1m    755984[0m[34;1m     24.90[0m[34;1m     30492[0m[34;1m   1968092[0m[34;1m   3492544[0m[31;1m    115.04[0m[34;1m    862172[0m[34;1m   1832824[0m[34;1m      4256[0m
10:00:45   [34;1m    195328[0m[34;1m   1105916[0m[34;1m    760252[0m[34;1m     25.04[0m[34;1m     30492[0m[34;1m   1968412[0m[34;1m   3492544[0m[31;1m    115.04[0m[34;1m    862176[0m[34;1m   1833552[0m[34;1m      4572[0m
10:00:46   [34;1m    192332[0m[34;1m   1103056[0m[34;1m    762512[0m[34;1m     25.12[0m[34;1m     30492[0m[34;1m   1968584[0m[34;1m   3492544[0m[31;1m    115.04[0m[34;1m    862176[0m[34;1m   1833728[0m[34;1m      4744[0m
