Linux 6.6.95 (ssp-study) 	04/16/26 	_x86_64_	(2 CPU)

18:56:34    kbmemfree   kbavail kbmemused  %memused kbbuffers  kbcached  kbcommit   %commit  kbactive   kbinact   kbdirty
18:56:35   [34;1m   1012532[0m[34;1m   1816292[0m[34;1m    716380[0m[34;1m     18.84[0m[34;1m    101464[0m[34;1m   1861012[0m[34;1m   3920664[0m[31;1m    103.09[0m[34;1m   1198988[0m[34;1m   1408448[0m[34;1m       524[0m
18:56:36   [34;1m   1012532[0m[34;1m   1816296[0m[34;1m    716328[0m[34;1m     18.83[0m[34;1m    101464[0m[34;1m   1861016[0m[34;1m   3920664[0m[31;1m    103.09[0m[34;1m   1198988[0m[34;1m   1408236[0m[34;1m       524[0m
18:56:37   [34;1m   1012532[0m[34;1m   1816308[0m[34;1m    716316[0m[34;1m     18.83[0m[34;1m    101476[0m[34;1m   1861016[0m[34;1m   3920664[0m[31;1m    103.09[0m[34;1m   1199000[0m[34;1m   1408164[0m[34;1m       528[0m
18:56:38   [34;1m   1012532[0m[34;1m   1816324[0m[34;1m    716300[0m[34;1m     18.83[0m[34;1m    101476[0m[34;1m   1861032[0m[34;1m   3920664[0m[31;1m    103.09[0m[34;1m   1199000[0m[34;1m   1408180[0m[34;1m       532[0m
18:56:39   [34;1m   1012280[0m[34;1m   1816084[0m[34;1m    716548[0m[34;1m     18.84[0m[34;1m    101476[0m[34;1m   1861032[0m[34;1m   3920664[0m[31;1m    103.09[0m[34;1m   1199012[0m[34;1m   1408180[0m[34;1m       532[0m
18:56:40   [34;1m   1012280[0m[34;1m   1816084[0m[34;1m    716532[0m[34;1m     18.84[0m[34;1m    101476[0m[34;1m   1861032[0m[34;1m   3920664[0m[31;1m    103.09[0m[34;1m   1199012[0m[34;1m   1408124[0m[34;1m       532[0m
18:56:41   [34;1m   1012280[0m[34;1m   1816084[0m[34;1m    716520[0m[34;1m     18.84[0m[34;1m    101484[0m[34;1m   1861032[0m[34;1m   3920664[0m[31;1m    103.09[0m[34;1m   1199012[0m[34;1m   1408224[0m[34;1m       532[0m
18:56:42   [34;1m   1012280[0m[34;1m   1816088[0m[34;1m    716516[0m[34;1m     18.84[0m[34;1m    101484[0m[34;1m   1861036[0m[34;1m   3920664[0m[31;1m    103.09[0m[34;1m   1199012[0m[34;1m   1408236[0m[34;1m       532[0m
18:56:43   [34;1m   1012280[0m[34;1m   1816088[0m[34;1m    716516[0m[34;1m     18.84[0m[34;1m    101484[0m[34;1m   1861036[0m[34;1m   3920664[0m[31;1m    103.09[0m[34;1m   1199012[0m[34;1m   1408436[0m[34;1m       532[0m
18:56:44   [34;1m   1009508[0m[34;1m   1813324[0m[34;1m    719288[0m[34;1m     18.91[0m[34;1m    101484[0m[34;1m   1861036[0m[34;1m   3920664[0m[31;1m    103.09[0m[34;1m   1199020[0m[34;1m   1408556[0m[34;1m       508[0m
18:56:45   [34;1m   1009508[0m[34;1m   1813324[0m[34;1m    719288[0m[34;1m     18.91[0m[34;1m    101484[0m[34;1m   1861036[0m[34;1m   3920664[0m[31;1m    103.09[0m[34;1m   1199020[0m[34;1m   1408556[0m[34;1m       508[0m
18:56:46   [34;1m   1009508[0m[34;1m   1813324[0m[34;1m    719288[0m[34;1m     18.91[0m[34;1m    101484[0m[34;1m   1861036[0m[34;1m   3920664[0m[31;1m    103.09[0m[34;1m   1199020[0m[34;1m   1408580[0m[34;1m       508[0m
18:56:47   [34;1m   1009508[0m[34;1m   1813332[0m[34;1m    719280[0m[34;1m     18.91[0m[34;1m    101488[0m[34;1m   1861040[0m[34;1m   3920664[0m[31;1m    103.09[0m[34;1m   1199024[0m[34;1m   1408588[0m[34;1m       508[0m
18:56:48   [34;1m   1009508[0m[34;1m   1813332[0m[34;1m    719280[0m[34;1m     18.91[0m[34;1m    101488[0m[34;1m   1861040[0m[34;1m   3920664[0m[31;1m    103.09[0m[34;1m   1199024[0m[34;1m   1408620[0m[34;1m       508[0m
18:56:49   [34;1m   1008752[0m[34;1m   1812576[0m[34;1m    720036[0m[34;1m     18.93[0m[34;1m    101488[0m[34;1m   1861040[0m[34;1m   3920664[0m[31;1m    103.09[0m[34;1m   1199024[0m[34;1m   1408692[0m[34;1m       508[0m
18:56:50   [34;1m   1008500[0m[34;1m   1812324[0m[34;1m    720288[0m[34;1m     18.94[0m[34;1m    101488[0m[34;1m   1861040[0m[34;1m   3920664[0m[31;1m    103.09[0m[34;1m   1199024[0m[34;1m   1409176[0m[34;1m       508[0m
18:56:51   [34;1m   1008500[0m[34;1m   1812344[0m[34;1m    720260[0m[34;1m     18.94[0m[34;1m    101496[0m[34;1m   1861044[0m[34;1m   3920664[0m[31;1m    103.09[0m[34;1m   1199032[0m[34;1m   1409392[0m[34;1m       508[0m
18:56:52   [34;1m   1008248[0m[34;1m   1812092[0m[34;1m    720512[0m[34;1m     18.94[0m[34;1m    101508[0m[34;1m   1861032[0m[34;1m   3920664[0m[31;1m    103.09[0m[34;1m   1199032[0m[34;1m   1409532[0m[34;1m       508[0m
18:56:53   [34;1m   1008248[0m[34;1m   1812116[0m[34;1m    720488[0m[34;1m     18.94[0m[34;1m    101508[0m[34;1m   1861056[0m[34;1m   3920664[0m[31;1m    103.09[0m[34;1m   1199044[0m[34;1m   1408876[0m[34;1m       512[0m
18:56:54   [34;1m   1008248[0m[34;1m   1812120[0m[34;1m    720484[0m[34;1m     18.94[0m[34;1m    101508[0m[34;1m   1861060[0m[34;1m   3920664[0m[31;1m    103.09[0m[34;1m   1199044[0m[34;1m   1408916[0m[34;1m       448[0m
18:56:55   [34;1m   1008248[0m[34;1m   1812120[0m[34;1m    720484[0m[34;1m     18.94[0m[34;1m    101508[0m[34;1m   1861060[0m[34;1m   3920664[0m[31;1m    103.09[0m[34;1m   1199044[0m[34;1m   1408916[0m[34;1m       448[0m
18:56:56   [34;1m   1008248[0m[34;1m   1812120[0m[34;1m    720484[0m[34;1m     18.94[0m[34;1m    101508[0m[34;1m   1861060[0m[34;1m   3920664[0m[31;1m    103.09[0m[34;1m   1199044[0m[34;1m   1408916[0m[34;1m       452[0m
18:56:57   [34;1m   1008248[0m[34;1m   1812124[0m[34;1m    720476[0m[34;1m     18.94[0m[34;1m    101512[0m[34;1m   1861064[0m[34;1m   3920664[0m[31;1m    103.09[0m[34;1m   1199044[0m[34;1m   1408920[0m[34;1m       456[0m
18:56:58   [34;1m   1008248[0m[34;1m   1812128[0m[34;1m    720476[0m[34;1m     18.94[0m[34;1m    101512[0m[34;1m   1861064[0m[34;1m   3920664[0m[31;1m    103.09[0m[34;1m   1199048[0m[34;1m   1408920[0m[34;1m       456[0m
18:56:59   [34;1m   1008248[0m[34;1m   1812128[0m[34;1m    720476[0m[34;1m     18.94[0m[34;1m    101512[0m[34;1m   1861064[0m[34;1m   3920664[0m[31;1m    103.09[0m[34;1m   1199048[0m[34;1m   1408920[0m[34;1m       456[0m
18:57:00   [34;1m   1008248[0m[34;1m   1812128[0m[34;1m    720480[0m[34;1m     18.94[0m[34;1m    101512[0m[34;1m   1861064[0m[34;1m   3920664[0m[31;1m    103.09[0m[34;1m   1199048[0m[34;1m   1409040[0m[34;1m       452[0m
18:57:01   [34;1m   1008248[0m[34;1m   1812136[0m[34;1m    720456[0m[34;1m     18.94[0m[34;1m    101516[0m[34;1m   1861068[0m[34;1m   3920664[0m[31;1m    103.09[0m[34;1m   1199052[0m[34;1m   1409128[0m[34;1m       452[0m
18:57:02   [34;1m   1008248[0m[34;1m   1812136[0m[34;1m    720456[0m[34;1m     18.94[0m[34;1m    101516[0m[34;1m   1861068[0m[34;1m   3920664[0m[31;1m    103.09[0m[34;1m   1199052[0m[34;1m   1408920[0m[34;1m       452[0m
18:57:03   [34;1m   1008248[0m[34;1m   1812136[0m[34;1m    720456[0m[34;1m     18.94[0m[34;1m    101516[0m[34;1m   1861068[0m[34;1m   3920664[0m[31;1m    103.09[0m[34;1m   1199052[0m[34;1m   1408856[0m[34;1m       452[0m
18:57:04   [34;1m   1008248[0m[34;1m   1812136[0m[34;1m    720424[0m[34;1m     18.94[0m[34;1m    101516[0m[34;1m   1861068[0m[34;1m   3920664[0m[31;1m    103.09[0m[34;1m   1199048[0m[34;1m   1408828[0m[34;1m       452[0m
18:57:05   [34;1m   1008248[0m[34;1m   1812136[0m[34;1m    720424[0m[34;1m     18.94[0m[34;1m    101516[0m[34;1m   1861068[0m[34;1m   3920664[0m[31;1m    103.09[0m[34;1m   1199052[0m[34;1m   1408860[0m[34;1m       452[0m
18:57:06   [34;1m   1008248[0m[34;1m   1812144[0m[34;1m    720416[0m[34;1m     18.94[0m[34;1m    101520[0m[34;1m   1861072[0m[34;1m   3920664[0m[31;1m    103.09[0m[34;1m   1199056[0m[34;1m   1408632[0m[34;1m       452[0m
18:57:07   [34;1m   1008248[0m[34;1m   1812144[0m[34;1m    720416[0m[34;1m     18.94[0m[34;1m    101532[0m[34;1m   1861060[0m[34;1m   3920664[0m[31;1m    103.09[0m[34;1m   1199056[0m[34;1m   1408660[0m[34;1m       452[0m
18:57:08   [34;1m   1008248[0m[34;1m   1812164[0m[34;1m    720396[0m[34;1m     18.94[0m[34;1m    101532[0m[34;1m   1861080[0m[34;1m   3920664[0m[31;1m    103.09[0m[34;1m   1199068[0m[34;1m   1408696[0m[34;1m       452[0m
18:57:09   [34;1m   1008248[0m[34;1m   1812164[0m[34;1m    720396[0m[34;1m     18.94[0m[34;1m    101532[0m[34;1m   1861080[0m[34;1m   3920664[0m[31;1m    103.09[0m[34;1m   1199068[0m[34;1m   1408744[0m[34;1m       452[0m
18:57:10   [34;1m   1008248[0m[34;1m   1812164[0m[34;1m    720396[0m[34;1m     18.94[0m[34;1m    101532[0m[34;1m   1861080[0m[34;1m   3920664[0m[31;1m    103.09[0m[34;1m   1199068[0m[34;1m   1408916[0m[34;1m       444[0m
18:57:11   [34;1m   1008248[0m[34;1m   1812168[0m[34;1m    720392[0m[34;1m     18.94[0m[34;1m    101536[0m[34;1m   1861080[0m[34;1m   3920664[0m[31;1m    103.09[0m[34;1m   1199072[0m[34;1m   1409068[0m[34;1m       448[0m
18:57:12   [34;1m   1008248[0m[34;1m   1812172[0m[34;1m    720388[0m[34;1m     18.94[0m[34;1m    101536[0m[34;1m   1861084[0m[34;1m   3920664[0m[31;1m    103.09[0m[34;1m   1199072[0m[34;1m   1409140[0m[34;1m       448[0m
18:57:13   [34;1m   1008248[0m[34;1m   1812172[0m[34;1m    720388[0m[34;1m     18.94[0m[34;1m    101536[0m[34;1m   1861084[0m[34;1m   3920664[0m[31;1m    103.09[0m[34;1m   1199072[0m[34;1m   1409140[0m[34;1m       448[0m
18:57:14   [34;1m   1008248[0m[34;1m   1812172[0m[34;1m    720388[0m[34;1m     18.94[0m[34;1m    101536[0m[34;1m   1861084[0m[34;1m   3920664[0m[31;1m    103.09[0m[34;1m   1199076[0m[34;1m   1409244[0m[34;1m       448[0m
18:57:15   [34;1m   1008248[0m[34;1m   1812172[0m[34;1m    720388[0m[34;1m     18.94[0m[34;1m    101536[0m[34;1m   1861084[0m[34;1m   3920664[0m[31;1m    103.09[0m[34;1m   1199072[0m[34;1m   1409256[0m[34;1m         4[0m
18:57:16   [34;1m   1008248[0m[34;1m   1812180[0m[34;1m    720376[0m[34;1m     18.94[0m[34;1m    101540[0m[34;1m   1861092[0m[34;1m   3920664[0m[31;1m    103.09[0m[34;1m   1199072[0m[34;1m   1409288[0m[34;1m        20[0m
18:57:17   [34;1m   1008248[0m[34;1m   1812184[0m[34;1m    720376[0m[34;1m     18.94[0m[34;1m    101540[0m[34;1m   1861092[0m[34;1m   3920664[0m[31;1m    103.09[0m[34;1m   1199076[0m[34;1m   1409296[0m[34;1m        20[0m
18:57:18   [34;1m   1008248[0m[34;1m   1812184[0m[34;1m    720376[0m[34;1m     18.94[0m[34;1m    101540[0m[34;1m   1861092[0m[34;1m   3920664[0m[31;1m    103.09[0m[34;1m   1199076[0m[34;1m   1408900[0m[34;1m        20[0m
18:57:19   [34;1m   1008248[0m[34;1m   1812184[0m[34;1m    720376[0m[34;1m     18.94[0m[34;1m    101540[0m[34;1m   1861092[0m[34;1m   3920664[0m[31;1m    103.09[0m[34;1m   1199072[0m[34;1m   1408896[0m[34;1m        20[0m
18:57:20   [34;1m   1008248[0m[34;1m   1812184[0m[34;1m    720376[0m[34;1m     18.94[0m[34;1m    101544[0m[34;1m   1861088[0m[34;1m   3920664[0m[31;1m    103.09[0m[34;1m   1199076[0m[34;1m   1409308[0m[34;1m        20[0m
18:57:21   [34;1m   1008248[0m[34;1m   1812192[0m[34;1m    720368[0m[34;1m     18.94[0m[34;1m    101544[0m[34;1m   1861096[0m[34;1m   3920664[0m[31;1m    103.09[0m[34;1m   1199080[0m[34;1m   1409780[0m[34;1m        20[0m
18:57:22   [34;1m   1008248[0m[34;1m   1812192[0m[34;1m    720368[0m[34;1m     18.94[0m[34;1m    101556[0m[34;1m   1861084[0m[34;1m   3920664[0m[31;1m    103.09[0m[34;1m   1199080[0m[34;1m   1411380[0m[34;1m        20[0m
18:57:23   [34;1m   1008248[0m[34;1m   1812216[0m[34;1m    720344[0m[34;1m     18.94[0m[34;1m    101556[0m[34;1m   1861108[0m[34;1m   3920920[0m[31;1m    103.09[0m[34;1m   1199092[0m[34;1m   1411796[0m[34;1m        32[0m
18:57:24   [34;1m   1008248[0m[34;1m   1812216[0m[34;1m    720340[0m[34;1m     18.94[0m[34;1m    101556[0m[34;1m   1861108[0m[34;1m   3920920[0m[31;1m    103.09[0m[34;1m   1199104[0m[34;1m   1412296[0m[34;1m        32[0m
18:57:25   [34;1m   1008248[0m[34;1m   1812216[0m[34;1m    720344[0m[34;1m     18.94[0m[34;1m    101556[0m[34;1m   1861108[0m[34;1m   3920920[0m[31;1m    103.09[0m[34;1m   1199092[0m[34;1m   1412448[0m[34;1m        32[0m
18:57:26   [34;1m   1008248[0m[34;1m   1812228[0m[34;1m    720332[0m[34;1m     18.94[0m[34;1m    101564[0m[34;1m   1861112[0m[34;1m   3920920[0m[31;1m    103.09[0m[34;1m   1199100[0m[34;1m   1412944[0m[34;1m        32[0m
18:57:27   [34;1m   1008248[0m[34;1m   1812228[0m[34;1m    720332[0m[34;1m     18.94[0m[34;1m    101564[0m[34;1m   1861112[0m[34;1m   3920920[0m[31;1m    103.09[0m[34;1m   1199100[0m[34;1m   1413412[0m[34;1m        32[0m
18:57:28   [34;1m   1008248[0m[34;1m   1812228[0m[34;1m    720332[0m[34;1m     18.94[0m[34;1m    101564[0m[34;1m   1861112[0m[34;1m   3920920[0m[31;1m    103.09[0m[34;1m   1199100[0m[34;1m   1414088[0m[34;1m        32[0m
18:57:29   [34;1m   1008248[0m[34;1m   1812228[0m[34;1m    720332[0m[34;1m     18.94[0m[34;1m    101564[0m[34;1m   1861112[0m[34;1m   3920920[0m[31;1m    103.09[0m[34;1m   1199100[0m[34;1m   1414768[0m[34;1m        32[0m
18:57:30   [34;1m   1008248[0m[34;1m   1812240[0m[34;1m    720320[0m[34;1m     18.94[0m[34;1m    101572[0m[34;1m   1861116[0m[34;1m   3920920[0m[31;1m    103.09[0m[34;1m   1199108[0m[34;1m   1414620[0m[34;1m        24[0m
18:57:31   [34;1m   1008248[0m[34;1m   1812240[0m[34;1m    720316[0m[34;1m     18.94[0m[34;1m    101572[0m[34;1m   1861116[0m[34;1m   3920920[0m[31;1m    103.09[0m[34;1m   1199108[0m[34;1m   1414984[0m[34;1m        24[0m
18:57:32   [34;1m   1008248[0m[34;1m   1812240[0m[34;1m    720320[0m[34;1m     18.94[0m[34;1m    101572[0m[34;1m   1861116[0m[34;1m   3920920[0m[31;1m    103.09[0m[34;1m   1199108[0m[34;1m   1414548[0m[34;1m        28[0m
18:57:33   [34;1m   1008248[0m[34;1m   1812240[0m[34;1m    720320[0m[34;1m     18.94[0m[34;1m    101572[0m[34;1m   1861116[0m[34;1m   3920920[0m[31;1m    103.09[0m[34;1m   1199108[0m[34;1m   1414500[0m[34;1m        28[0m
18:57:34   [34;1m   1008248[0m[34;1m   1812248[0m[34;1m    720312[0m[34;1m     18.94[0m[34;1m    101576[0m[34;1m   1861120[0m[34;1m   3920920[0m[31;1m    103.09[0m[34;1m   1199116[0m[34;1m   1414696[0m[34;1m        44[0m
18:57:35   [34;1m   1008248[0m[34;1m   1812248[0m[34;1m    720312[0m[34;1m     18.94[0m[34;1m    101576[0m[34;1m   1861120[0m[34;1m   3920920[0m[31;1m    103.09[0m[34;1m   1199112[0m[34;1m   1414608[0m[34;1m        44[0m
18:57:36   [34;1m   1008248[0m[34;1m   1812252[0m[34;1m    720308[0m[34;1m     18.94[0m[34;1m    101576[0m[34;1m   1861124[0m[34;1m   3920920[0m[31;1m    103.09[0m[34;1m   1199112[0m[34;1m   1414444[0m[34;1m        48[0m
18:57:37   [34;1m   1008248[0m[34;1m   1812252[0m[34;1m    720308[0m[34;1m     18.94[0m[34;1m    101584[0m[34;1m   1861116[0m[34;1m   3920920[0m[31;1m    103.09[0m[34;1m   1199112[0m[34;1m   1415060[0m[34;1m        48[0m
18:57:38   [34;1m   1008248[0m[34;1m   1812268[0m[34;1m    720292[0m[34;1m     18.94[0m[34;1m    101584[0m[34;1m   1861132[0m[34;1m   3920920[0m[31;1m    103.09[0m[34;1m   1199120[0m[34;1m   1415236[0m[34;1m        48[0m
18:57:39   [34;1m   1007996[0m[34;1m   1812016[0m[34;1m    720544[0m[34;1m     18.95[0m[34;1m    101584[0m[34;1m   1861132[0m[34;1m   3920920[0m[31;1m    103.09[0m[34;1m   1199120[0m[34;1m   1415696[0m[34;1m        48[0m
18:57:40   [34;1m   1007996[0m[34;1m   1812024[0m[34;1m    720536[0m[34;1m     18.95[0m[34;1m    101588[0m[34;1m   1861136[0m[34;1m   3920920[0m[31;1m    103.09[0m[34;1m   1199124[0m[34;1m   1415740[0m[34;1m        48[0m
18:57:41   [34;1m   1007996[0m[34;1m   1812024[0m[34;1m    720532[0m[34;1m     18.95[0m[34;1m    101588[0m[34;1m   1861136[0m[34;1m   3920920[0m[31;1m    103.09[0m[34;1m   1199124[0m[34;1m   1415912[0m[34;1m        48[0m
18:57:42   [34;1m   1007996[0m[34;1m   1812024[0m[34;1m    720532[0m[34;1m     18.95[0m[34;1m    101588[0m[34;1m   1861136[0m[34;1m   3920920[0m[31;1m    103.09[0m[34;1m   1199124[0m[34;1m   1415952[0m[34;1m        48[0m
18:57:43   [34;1m   1007996[0m[34;1m   1812024[0m[34;1m    720532[0m[34;1m     18.95[0m[34;1m    101588[0m[34;1m   1861136[0m[34;1m   3920920[0m[31;1m    103.09[0m[34;1m   1199124[0m[34;1m   1415952[0m[34;1m        48[0m
18:57:44   [34;1m   1007996[0m[34;1m   1812036[0m[34;1m    720520[0m[34;1m     18.95[0m[34;1m    101596[0m[34;1m   1861140[0m[34;1m   3920920[0m[31;1m    103.09[0m[34;1m   1199140[0m[34;1m   1415988[0m[34;1m        48[0m
18:57:45   [34;1m   1007996[0m[34;1m   1812036[0m[34;1m    720524[0m[34;1m     18.95[0m[34;1m    101596[0m[34;1m   1861140[0m[34;1m   3920920[0m[31;1m    103.09[0m[34;1m   1199132[0m[34;1m   1415988[0m[34;1m        48[0m
18:57:46   [34;1m   1007996[0m[34;1m   1812036[0m[34;1m    720524[0m[34;1m     18.95[0m[34;1m    101596[0m[34;1m   1861140[0m[34;1m   3920920[0m[31;1m    103.09[0m[34;1m   1199132[0m[34;1m   1416000[0m[34;1m        48[0m
18:57:47   [34;1m   1007996[0m[34;1m   1812036[0m[34;1m    720524[0m[34;1m     18.95[0m[34;1m    101596[0m[34;1m   1861140[0m[34;1m   3920920[0m[31;1m    103.09[0m[34;1m   1199132[0m[34;1m   1416004[0m[34;1m        16[0m
18:57:48   [34;1m   1007996[0m[34;1m   1812036[0m[34;1m    720524[0m[34;1m     18.95[0m[34;1m    101596[0m[34;1m   1861140[0m[34;1m   3920920[0m[31;1m    103.09[0m[34;1m   1199132[0m[34;1m   1416004[0m[34;1m        16[0m
18:57:49   [34;1m   1007240[0m[34;1m   1811280[0m[34;1m    721280[0m[34;1m     18.97[0m[34;1m    101596[0m[34;1m   1861140[0m[34;1m   3920920[0m[31;1m    103.09[0m[34;1m   1199132[0m[34;1m   1416104[0m[34;1m        16[0m
18:57:50   [34;1m   1007240[0m[34;1m   1811292[0m[34;1m    721268[0m[34;1m     18.96[0m[34;1m    101604[0m[34;1m   1861144[0m[34;1m   3920920[0m[31;1m    103.09[0m[34;1m   1199140[0m[34;1m   1416040[0m[34;1m        28[0m
18:57:51   [34;1m   1006736[0m[34;1m   1810788[0m[34;1m    721788[0m[34;1m     18.98[0m[34;1m    101604[0m[34;1m   1861144[0m[34;1m   3920920[0m[31;1m    103.09[0m[34;1m   1199140[0m[34;1m   1417468[0m[34;1m        28[0m
18:57:52   [34;1m   1006736[0m[34;1m   1810808[0m[34;1m    721768[0m[34;1m     18.98[0m[34;1m    101608[0m[34;1m   1861156[0m[34;1m   3920920[0m[31;1m    103.09[0m[34;1m   1199144[0m[34;1m   1417572[0m[34;1m        36[0m
18:57:53   [34;1m   1006736[0m[34;1m   1810808[0m[34;1m    721768[0m[34;1m     18.98[0m[34;1m    101608[0m[34;1m   1861156[0m[34;1m   3920920[0m[31;1m    103.09[0m[34;1m   1199144[0m[34;1m   1417496[0m[34;1m        36[0m
18:57:54   [34;1m   1003964[0m[34;1m   1808048[0m[34;1m    724524[0m[34;1m     19.05[0m[34;1m    101616[0m[34;1m   1861160[0m[34;1m   3921176[0m[31;1m    103.10[0m[34;1m   1199152[0m[34;1m   1417940[0m[34;1m        36[0m
18:57:55   [34;1m   1003964[0m[34;1m   1808048[0m[34;1m    724524[0m[34;1m     19.05[0m[34;1m    101616[0m[34;1m   1861160[0m[34;1m   3921176[0m[31;1m    103.10[0m[34;1m   1199152[0m[34;1m   1417848[0m[34;1m        36[0m
18:57:56   [34;1m   1003964[0m[34;1m   1808048[0m[34;1m    724524[0m[34;1m     19.05[0m[34;1m    101616[0m[34;1m   1861160[0m[34;1m   3921176[0m[31;1m    103.10[0m[34;1m   1199152[0m[34;1m   1417864[0m[34;1m        24[0m
18:57:57   [34;1m   1003964[0m[34;1m   1808048[0m[34;1m    724524[0m[34;1m     19.05[0m[34;1m    101616[0m[34;1m   1861160[0m[34;1m   3921176[0m[31;1m    103.10[0m[34;1m   1199152[0m[34;1m   1417864[0m[34;1m        24[0m
18:57:58   [34;1m   1003964[0m[34;1m   1808048[0m[34;1m    724520[0m[34;1m     19.05[0m[34;1m    101616[0m[34;1m   1861164[0m[34;1m   3921176[0m[31;1m    103.10[0m[34;1m   1199152[0m[34;1m   1417864[0m[34;1m        28[0m
18:57:59   [34;1m   1003964[0m[34;1m   1808048[0m[34;1m    724520[0m[34;1m     19.05[0m[34;1m    101616[0m[34;1m   1861164[0m[34;1m   3921176[0m[31;1m    103.10[0m[34;1m   1199152[0m[34;1m   1417964[0m[34;1m        28[0m
18:58:00   [34;1m   1003964[0m[34;1m   1808064[0m[34;1m    724508[0m[34;1m     19.05[0m[34;1m    101624[0m[34;1m   1861168[0m[34;1m   3921176[0m[31;1m    103.10[0m[34;1m   1199160[0m[34;1m   1417864[0m[34;1m        40[0m
18:58:01   [34;1m   1003964[0m[34;1m   1808064[0m[34;1m    724516[0m[34;1m     19.05[0m[34;1m    101624[0m[34;1m   1861168[0m[34;1m   3921176[0m[31;1m    103.10[0m[34;1m   1199160[0m[34;1m   1418080[0m[34;1m        40[0m
18:58:02   [34;1m   1003964[0m[34;1m   1808068[0m[34;1m    724512[0m[34;1m     19.05[0m[34;1m    101624[0m[34;1m   1861172[0m[34;1m   3921176[0m[31;1m    103.10[0m[34;1m   1199160[0m[34;1m   1417808[0m[34;1m        40[0m
18:58:03   [34;1m   1003964[0m[34;1m   1808068[0m[34;1m    724512[0m[34;1m     19.05[0m[34;1m    101624[0m[34;1m   1861172[0m[34;1m   3921176[0m[31;1m    103.10[0m[34;1m   1199160[0m[34;1m   1417728[0m[34;1m        40[0m
18:58:04   [34;1m   1003964[0m[34;1m   1808068[0m[34;1m    724508[0m[34;1m     19.05[0m[34;1m    101624[0m[34;1m   1861172[0m[34;1m   3921176[0m[31;1m    103.10[0m[34;1m   1199160[0m[34;1m   1417724[0m[34;1m        40[0m
18:58:05   [34;1m   1003964[0m[34;1m   1808068[0m[34;1m    724508[0m[34;1m     19.05[0m[34;1m    101624[0m[34;1m   1861172[0m[34;1m   3921176[0m[31;1m    103.10[0m[34;1m   1199160[0m[34;1m   1417752[0m[34;1m        40[0m
18:58:06   [34;1m   1003964[0m[34;1m   1808068[0m[34;1m    724508[0m[34;1m     19.05[0m[34;1m    101624[0m[34;1m   1861172[0m[34;1m   3921176[0m[31;1m    103.10[0m[34;1m   1199160[0m[34;1m   1417556[0m[34;1m        32[0m
18:58:07   [34;1m   1003964[0m[34;1m   1808072[0m[34;1m    724504[0m[34;1m     19.05[0m[34;1m    101632[0m[34;1m   1861168[0m[34;1m   3921176[0m[31;1m    103.10[0m[34;1m   1199160[0m[34;1m   1417616[0m[34;1m        32[0m
18:58:08   [34;1m   1003964[0m[34;1m   1808084[0m[34;1m    724492[0m[34;1m     19.05[0m[34;1m    101632[0m[34;1m   1861180[0m[34;1m   3921176[0m[31;1m    103.10[0m[34;1m   1199168[0m[34;1m   1417680[0m[34;1m        40[0m
18:58:09   [34;1m   1003964[0m[34;1m   1808084[0m[34;1m    724492[0m[34;1m     19.05[0m[34;1m    101632[0m[34;1m   1861180[0m[34;1m   3921176[0m[31;1m    103.10[0m[34;1m   1199172[0m[34;1m   1417944[0m[34;1m        40[0m
18:58:10   [34;1m   1003964[0m[34;1m   1808092[0m[34;1m    724484[0m[34;1m     19.05[0m[34;1m    101636[0m[34;1m   1861184[0m[34;1m   3921176[0m[31;1m    103.10[0m[34;1m   1199172[0m[34;1m   1417916[0m[34;1m        40[0m
18:58:11   [34;1m   1003964[0m[34;1m   1808092[0m[34;1m    724484[0m[34;1m     19.05[0m[34;1m    101636[0m[34;1m   1861184[0m[34;1m   3921176[0m[31;1m    103.10[0m[34;1m   1199172[0m[34;1m   1418136[0m[34;1m        40[0m
18:58:12   [34;1m   1003964[0m[34;1m   1808096[0m[34;1m    724480[0m[34;1m     19.05[0m[34;1m    101636[0m[34;1m   1861188[0m[34;1m   3921176[0m[31;1m    103.10[0m[34;1m   1199172[0m[34;1m   1418160[0m[34;1m        40[0m
18:58:13   [34;1m   1003964[0m[34;1m   1808096[0m[34;1m    724480[0m[34;1m     19.05[0m[34;1m    101636[0m[34;1m   1861188[0m[34;1m   3921176[0m[31;1m    103.10[0m[34;1m   1199172[0m[34;1m   1418160[0m[34;1m        40[0m
18:58:14   [34;1m   1003964[0m[34;1m   1808096[0m[34;1m    724480[0m[34;1m     19.05[0m[34;1m    101636[0m[34;1m   1861188[0m[34;1m   3921176[0m[31;1m    103.10[0m[34;1m   1199172[0m[34;1m   1418196[0m[34;1m        40[0m
18:58:15   [34;1m   1003964[0m[34;1m   1808096[0m[34;1m    724480[0m[34;1m     19.05[0m[34;1m    101636[0m[34;1m   1861188[0m[34;1m   3921176[0m[31;1m    103.10[0m[34;1m   1199172[0m[34;1m   1418224[0m[34;1m        40[0m
18:58:16   [34;1m   1003964[0m[34;1m   1808096[0m[34;1m    724480[0m[34;1m     19.05[0m[34;1m    101636[0m[34;1m   1861188[0m[34;1m   3921176[0m[31;1m    103.10[0m[34;1m   1199172[0m[34;1m   1418256[0m[34;1m        40[0m
18:58:17   [34;1m   1003964[0m[34;1m   1808096[0m[34;1m    724480[0m[34;1m     19.05[0m[34;1m    101640[0m[34;1m   1861184[0m[34;1m   3921176[0m[31;1m    103.10[0m[34;1m   1199172[0m[34;1m   1418256[0m[34;1m        40[0m
18:58:18   [34;1m   1003964[0m[34;1m   1808104[0m[34;1m    724472[0m[34;1m     19.05[0m[34;1m    101640[0m[34;1m   1861192[0m[34;1m   3921176[0m[31;1m    103.10[0m[34;1m   1199176[0m[34;1m   1418336[0m[34;1m        40[0m
18:58:19   [34;1m   1003964[0m[34;1m   1808104[0m[34;1m    724472[0m[34;1m     19.05[0m[34;1m    101640[0m[34;1m   1861192[0m[34;1m   3921176[0m[31;1m    103.10[0m[34;1m   1199176[0m[34;1m   1418436[0m[34;1m        40[0m
18:58:20   [34;1m   1003964[0m[34;1m   1808108[0m[34;1m    724468[0m[34;1m     19.05[0m[34;1m    101640[0m[34;1m   1861196[0m[34;1m   3921176[0m[31;1m    103.10[0m[34;1m   1199176[0m[34;1m   1418412[0m[34;1m        12[0m
18:58:21   [34;1m   1003964[0m[34;1m   1808108[0m[34;1m    724468[0m[34;1m     19.05[0m[34;1m    101640[0m[34;1m   1861196[0m[34;1m   3921176[0m[31;1m    103.10[0m[34;1m   1199176[0m[34;1m   1418772[0m[34;1m        12[0m
18:58:22   [34;1m   1003964[0m[34;1m   1808120[0m[34;1m    724456[0m[34;1m     19.05[0m[34;1m    101648[0m[34;1m   1861200[0m[34;1m   3921176[0m[31;1m    103.10[0m[34;1m   1199176[0m[34;1m   1418900[0m[34;1m        24[0m
18:58:23   [34;1m   1003964[0m[34;1m   1808128[0m[34;1m    724448[0m[34;1m     19.05[0m[34;1m    101648[0m[34;1m   1861208[0m[34;1m   3922072[0m[31;1m    103.13[0m[34;1m   1199184[0m[34;1m   1419852[0m[34;1m        28[0m
18:58:24   [34;1m   1003964[0m[34;1m   1808128[0m[34;1m    724460[0m[34;1m     19.05[0m[34;1m    101648[0m[34;1m   1861208[0m[34;1m   3922072[0m[31;1m    103.13[0m[34;1m   1199184[0m[34;1m   1419992[0m[34;1m        28[0m
18:58:25   [34;1m   1003964[0m[34;1m   1808128[0m[34;1m    724456[0m[34;1m     19.05[0m[34;1m    101648[0m[34;1m   1861208[0m[34;1m   3922072[0m[31;1m    103.13[0m[34;1m   1199184[0m[34;1m   1420084[0m[34;1m        28[0m
18:58:26   [34;1m   1003964[0m[34;1m   1808128[0m[34;1m    724456[0m[34;1m     19.05[0m[34;1m    101648[0m[34;1m   1861208[0m[34;1m   3922072[0m[31;1m    103.13[0m[34;1m   1199184[0m[34;1m   1419612[0m[34;1m        28[0m
18:58:27   [34;1m   1003964[0m[34;1m   1808128[0m[34;1m    724456[0m[34;1m     19.05[0m[34;1m    101648[0m[34;1m   1861208[0m[34;1m   3922072[0m[31;1m    103.13[0m[34;1m   1199184[0m[34;1m   1419592[0m[34;1m        28[0m
18:58:28   [34;1m   1003964[0m[34;1m   1808132[0m[34;1m    724452[0m[34;1m     19.05[0m[34;1m    101648[0m[34;1m   1861212[0m[34;1m   3922648[0m[31;1m    103.14[0m[34;1m   1199184[0m[34;1m   1418388[0m[34;1m        28[0m
18:58:29   [34;1m   1003460[0m[34;1m   1807628[0m[34;1m    724956[0m[34;1m     19.06[0m[34;1m    101648[0m[34;1m   1861212[0m[34;1m   3922648[0m[31;1m    103.14[0m[34;1m   1199184[0m[34;1m   1418400[0m[34;1m        28[0m
18:58:30   [34;1m   1003460[0m[34;1m   1807628[0m[34;1m    724956[0m[34;1m     19.06[0m[34;1m    101648[0m[34;1m   1861212[0m[34;1m   3922648[0m[31;1m    103.14[0m[34;1m   1199184[0m[34;1m   1418332[0m[34;1m        28[0m
18:58:31   [34;1m   1003460[0m[34;1m   1807628[0m[34;1m    724956[0m[34;1m     19.06[0m[34;1m    101648[0m[34;1m   1861212[0m[34;1m   3922648[0m[31;1m    103.14[0m[34;1m   1199184[0m[34;1m   1418612[0m[34;1m        28[0m
18:58:32   [34;1m   1003460[0m[34;1m   1807632[0m[34;1m    724948[0m[34;1m     19.06[0m[34;1m    101648[0m[34;1m   1861216[0m[34;1m   3922648[0m[31;1m    103.14[0m[34;1m   1199184[0m[34;1m   1418360[0m[34;1m        28[0m
18:58:33   [34;1m   1003460[0m[34;1m   1807632[0m[34;1m    724948[0m[34;1m     19.06[0m[34;1m    101648[0m[34;1m   1861216[0m[34;1m   3922648[0m[31;1m    103.14[0m[34;1m   1199184[0m[34;1m   1417400[0m[34;1m        28[0m
18:58:34   [34;1m   1003460[0m[34;1m   1807632[0m[34;1m    724948[0m[34;1m     19.06[0m[34;1m    101648[0m[34;1m   1861216[0m[34;1m   3922648[0m[31;1m    103.14[0m[34;1m   1199184[0m[34;1m   1417404[0m[34;1m        28[0m
18:58:35   [34;1m   1002200[0m[34;1m   1806372[0m[34;1m    726208[0m[34;1m     19.09[0m[34;1m    101648[0m[34;1m   1861216[0m[34;1m   3922648[0m[31;1m    103.14[0m[34;1m   1199184[0m[34;1m   1417308[0m[34;1m        28[0m
18:58:36   [34;1m   1002200[0m[34;1m   1806372[0m[34;1m    726204[0m[34;1m     19.09[0m[34;1m    101648[0m[34;1m   1861216[0m[34;1m   3922648[0m[31;1m    103.14[0m[34;1m   1199184[0m[34;1m   1417156[0m[34;1m        28[0m
18:58:37   [34;1m   1002200[0m[34;1m   1806384[0m[34;1m    726192[0m[34;1m     19.09[0m[34;1m    101664[0m[34;1m   1861212[0m[34;1m   3922648[0m[31;1m    103.14[0m[34;1m   1199192[0m[34;1m   1417080[0m[34;1m        20[0m
18:58:38   [34;1m   1002200[0m[34;1m   1806404[0m[34;1m    726168[0m[34;1m     19.09[0m[34;1m    101668[0m[34;1m   1861232[0m[34;1m   3922648[0m[31;1m    103.14[0m[34;1m   1199200[0m[34;1m   1417164[0m[34;1m        40[0m
18:58:39   [34;1m   1002200[0m[34;1m   1806408[0m[34;1m    726168[0m[34;1m     19.09[0m[34;1m    101668[0m[34;1m   1861232[0m[34;1m   3922648[0m[31;1m    103.14[0m[34;1m   1199204[0m[34;1m   1417276[0m[34;1m        40[0m
18:58:40   [34;1m   1002200[0m[34;1m   1806408[0m[34;1m    726164[0m[34;1m     19.09[0m[34;1m    101668[0m[34;1m   1861236[0m[34;1m   3922648[0m[31;1m    103.14[0m[34;1m   1199204[0m[34;1m   1417216[0m[34;1m        44[0m
18:58:41   [34;1m   1002200[0m[34;1m   1806412[0m[34;1m    726164[0m[34;1m     19.09[0m[34;1m    101668[0m[34;1m   1861236[0m[34;1m   3922648[0m[31;1m    103.14[0m[34;1m   1199204[0m[34;1m   1417336[0m[34;1m        44[0m
18:58:42   [34;1m   1002200[0m[34;1m   1806416[0m[34;1m    726156[0m[34;1m     19.09[0m[34;1m    101672[0m[34;1m   1861240[0m[34;1m   3922648[0m[31;1m    103.14[0m[34;1m   1199204[0m[34;1m   1417444[0m[34;1m        40[0m
18:58:43   [34;1m   1002200[0m[34;1m   1806420[0m[34;1m    726156[0m[34;1m     19.09[0m[34;1m    101672[0m[34;1m   1861240[0m[34;1m   3922648[0m[31;1m    103.14[0m[34;1m   1199208[0m[34;1m   1417444[0m[34;1m        40[0m
18:58:44   [34;1m   1002200[0m[34;1m   1806420[0m[34;1m    726156[0m[34;1m     19.09[0m[34;1m    101672[0m[34;1m   1861240[0m[34;1m   3922648[0m[31;1m    103.14[0m[34;1m   1199208[0m[34;1m   1417144[0m[34;1m        40[0m
18:58:45   [34;1m   1002200[0m[34;1m   1806420[0m[34;1m    726156[0m[34;1m     19.09[0m[34;1m    101672[0m[34;1m   1861240[0m[34;1m   3922648[0m[31;1m    103.14[0m[34;1m   1199208[0m[34;1m   1417152[0m[34;1m        40[0m
18:58:46   [34;1m   1002200[0m[34;1m   1806420[0m[34;1m    726156[0m[34;1m     19.09[0m[34;1m    101672[0m[34;1m   1861240[0m[34;1m   3922648[0m[31;1m    103.14[0m[34;1m   1199208[0m[34;1m   1417152[0m[34;1m        40[0m
18:58:47   [34;1m   1001960[0m[34;1m   1806184[0m[34;1m    726392[0m[34;1m     19.10[0m[34;1m    101672[0m[34;1m   1861244[0m[34;1m   3922648[0m[31;1m    103.14[0m[34;1m   1199208[0m[34;1m   1417164[0m[34;1m        40[0m
18:58:48   [34;1m   1001960[0m[34;1m   1806184[0m[34;1m    726392[0m[34;1m     19.10[0m[34;1m    101672[0m[34;1m   1861244[0m[34;1m   3922648[0m[31;1m    103.14[0m[34;1m   1199208[0m[34;1m   1417164[0m[34;1m        40[0m
18:58:49   [34;1m   1001960[0m[34;1m   1806184[0m[34;1m    726400[0m[34;1m     19.10[0m[34;1m    101672[0m[34;1m   1861244[0m[34;1m   3922648[0m[31;1m    103.14[0m[34;1m   1199212[0m[34;1m   1417192[0m[34;1m        40[0m
18:58:50   [34;1m   1001960[0m[34;1m   1806184[0m[34;1m    726404[0m[34;1m     19.10[0m[34;1m    101672[0m[34;1m   1861244[0m[34;1m   3922648[0m[31;1m    103.14[0m[34;1m   1199208[0m[34;1m   1417180[0m[34;1m        40[0m
18:58:51   [34;1m   1001960[0m[34;1m   1806184[0m[34;1m    726404[0m[34;1m     19.10[0m[34;1m    101672[0m[34;1m   1861244[0m[34;1m   3922648[0m[31;1m    103.14[0m[34;1m   1199208[0m[34;1m   1417480[0m[34;1m        40[0m
18:58:52   [34;1m   1001960[0m[34;1m   1806188[0m[34;1m    726396[0m[34;1m     19.10[0m[34;1m    101688[0m[34;1m   1861236[0m[34;1m   3922648[0m[31;1m    103.14[0m[34;1m   1199208[0m[34;1m   1417584[0m[34;1m        40[0m
18:58:53   [34;1m   1001960[0m[34;1m   1806212[0m[34;1m    726376[0m[34;1m     19.10[0m[34;1m    101688[0m[34;1m   1861256[0m[34;1m   3922648[0m[31;1m    103.14[0m[34;1m   1199224[0m[34;1m   1417384[0m[34;1m        12[0m
18:58:54   [34;1m   1001960[0m[34;1m   1806212[0m[34;1m    726376[0m[34;1m     19.10[0m[34;1m    101688[0m[34;1m   1861256[0m[34;1m   3922648[0m[31;1m    103.14[0m[34;1m   1199224[0m[34;1m   1417484[0m[34;1m        12[0m
18:58:55   [34;1m   1001960[0m[34;1m   1806212[0m[34;1m    726384[0m[34;1m     19.10[0m[34;1m    101688[0m[34;1m   1861256[0m[34;1m   3922648[0m[31;1m    103.14[0m[34;1m   1199224[0m[34;1m   1417392[0m[34;1m        12[0m
18:58:56   [34;1m   1001960[0m[34;1m   1806212[0m[34;1m    726384[0m[34;1m     19.10[0m[34;1m    101688[0m[34;1m   1861256[0m[34;1m   3922648[0m[31;1m    103.14[0m[34;1m   1199224[0m[34;1m   1417392[0m[34;1m        12[0m
18:58:57   [34;1m   1001960[0m[34;1m   1806216[0m[34;1m    726380[0m[34;1m     19.10[0m[34;1m    101688[0m[34;1m   1861260[0m[34;1m   3922648[0m[31;1m    103.14[0m[34;1m   1199224[0m[34;1m   1417412[0m[34;1m        24[0m
18:58:58   [34;1m   1001960[0m[34;1m   1806216[0m[34;1m    726380[0m[34;1m     19.10[0m[34;1m    101688[0m[34;1m   1861260[0m[34;1m   3922648[0m[31;1m    103.14[0m[34;1m   1199224[0m[34;1m   1417412[0m[34;1m        24[0m
18:58:59   [34;1m   1001960[0m[34;1m   1806216[0m[34;1m    726376[0m[34;1m     19.10[0m[34;1m    101688[0m[34;1m   1861260[0m[34;1m   3963288[0m[31;1m    104.21[0m[34;1m   1199228[0m[34;1m   1417928[0m[34;1m        24[0m
18:59:00   [34;1m   1001960[0m[34;1m   1806216[0m[34;1m    726376[0m[34;1m     19.10[0m[34;1m    101688[0m[34;1m   1861260[0m[34;1m   3922648[0m[31;1m    103.14[0m[34;1m   1199224[0m[34;1m   1417428[0m[34;1m        24[0m
18:59:01   [34;1m   1001960[0m[34;1m   1806216[0m[34;1m    726376[0m[34;1m     19.10[0m[34;1m    101688[0m[34;1m   1861260[0m[34;1m   3922648[0m[31;1m    103.14[0m[34;1m   1199224[0m[34;1m   1417620[0m[34;1m        24[0m
18:59:02   [34;1m   1001960[0m[34;1m   1806220[0m[34;1m    726372[0m[34;1m     19.10[0m[34;1m    101696[0m[34;1m   1861256[0m[34;1m   3922648[0m[31;1m    103.14[0m[34;1m   1199228[0m[34;1m   1417376[0m[34;1m        24[0m
18:59:03   [34;1m   1001736[0m[34;1m   1806008[0m[34;1m    726584[0m[34;1m     19.10[0m[34;1m    101696[0m[34;1m   1861268[0m[34;1m   3922648[0m[31;1m    103.14[0m[34;1m   1199232[0m[34;1m   1417280[0m[34;1m        28[0m
18:59:04   [34;1m   1001736[0m[34;1m   1806008[0m[34;1m    726584[0m[34;1m     19.10[0m[34;1m    101696[0m[34;1m   1861268[0m[34;1m   3922648[0m[31;1m    103.14[0m[34;1m   1199232[0m[34;1m   1417280[0m[34;1m        28[0m
18:59:05   [34;1m   1001736[0m[34;1m   1806008[0m[34;1m    726584[0m[34;1m     19.10[0m[34;1m    101696[0m[34;1m   1861268[0m[34;1m   3922648[0m[31;1m    103.14[0m[34;1m   1199232[0m[34;1m   1417324[0m[34;1m        28[0m
18:59:06   [34;1m   1001736[0m[34;1m   1806008[0m[34;1m    726584[0m[34;1m     19.10[0m[34;1m    101700[0m[34;1m   1861264[0m[34;1m   3922648[0m[31;1m    103.14[0m[34;1m   1199232[0m[34;1m   1417104[0m[34;1m        28[0m
18:59:07   [34;1m   1001736[0m[34;1m   1806020[0m[34;1m    726572[0m[34;1m     19.10[0m[34;1m    101704[0m[34;1m   1861268[0m[34;1m   3922648[0m[31;1m    103.14[0m[34;1m   1199236[0m[34;1m   1417036[0m[34;1m        28[0m
18:59:08   [34;1m   1001736[0m[34;1m   1806036[0m[34;1m    726556[0m[34;1m     19.10[0m[34;1m    101704[0m[34;1m   1861284[0m[34;1m   3922648[0m[31;1m    103.14[0m[34;1m   1199240[0m[34;1m   1417052[0m[34;1m        36[0m
18:59:09   [34;1m   1001736[0m[34;1m   1806036[0m[34;1m    726556[0m[34;1m     19.10[0m[34;1m    101704[0m[34;1m   1861284[0m[34;1m   3922648[0m[31;1m    103.14[0m[34;1m   1199240[0m[34;1m   1417060[0m[34;1m        36[0m
18:59:10   [34;1m   1001736[0m[34;1m   1806036[0m[34;1m    726520[0m[34;1m     19.10[0m[34;1m    101704[0m[34;1m   1861284[0m[34;1m   3922648[0m[31;1m    103.14[0m[34;1m   1199240[0m[34;1m   1417068[0m[34;1m        36[0m
18:59:11   [34;1m   1001736[0m[34;1m   1806036[0m[34;1m    726520[0m[34;1m     19.10[0m[34;1m    101704[0m[34;1m   1861284[0m[34;1m   3922648[0m[31;1m    103.14[0m[34;1m   1199240[0m[34;1m   1417228[0m[34;1m        36[0m
18:59:12   [34;1m   1001736[0m[34;1m   1806036[0m[34;1m    726508[0m[34;1m     19.10[0m[34;1m    101712[0m[34;1m   1861276[0m[34;1m   3922648[0m[31;1m    103.14[0m[34;1m   1199240[0m[34;1m   1417260[0m[34;1m        36[0m
18:59:13   [34;1m   1001736[0m[34;1m   1806048[0m[34;1m    726496[0m[34;1m     19.10[0m[34;1m    101712[0m[34;1m   1861288[0m[34;1m   3922648[0m[31;1m    103.14[0m[34;1m   1199248[0m[34;1m   1417308[0m[34;1m        24[0m
18:59:14   [34;1m   1001736[0m[34;1m   1806048[0m[34;1m    726504[0m[34;1m     19.10[0m[34;1m    101712[0m[34;1m   1861288[0m[34;1m   3922648[0m[31;1m    103.14[0m[34;1m   1199248[0m[34;1m   1417308[0m[34;1m        24[0m
18:59:15   [34;1m   1001736[0m[34;1m   1806048[0m[34;1m    726504[0m[34;1m     19.10[0m[34;1m    101712[0m[34;1m   1861288[0m[34;1m   3922648[0m[31;1m    103.14[0m[34;1m   1199248[0m[34;1m   1417312[0m[34;1m        28[0m
18:59:16   [34;1m   1001736[0m[34;1m   1806048[0m[34;1m    726504[0m[34;1m     19.10[0m[34;1m    101716[0m[34;1m   1861284[0m[34;1m   3922648[0m[31;1m    103.14[0m[34;1m   1199248[0m[34;1m   1417312[0m[34;1m        28[0m
18:59:17   [34;1m   1001736[0m[34;1m   1806056[0m[34;1m    726496[0m[34;1m     19.10[0m[34;1m    101716[0m[34;1m   1861292[0m[34;1m   3922648[0m[31;1m    103.14[0m[34;1m   1199252[0m[34;1m   1417316[0m[34;1m        40[0m
18:59:18   [34;1m   1001736[0m[34;1m   1806056[0m[34;1m    726496[0m[34;1m     19.10[0m[34;1m    101716[0m[34;1m   1861292[0m[34;1m   3922648[0m[31;1m    103.14[0m[34;1m   1199252[0m[34;1m   1417324[0m[34;1m        40[0m
18:59:19   [34;1m   1001736[0m[34;1m   1806056[0m[34;1m    726496[0m[34;1m     19.10[0m[34;1m    101716[0m[34;1m   1861292[0m[34;1m   3922648[0m[31;1m    103.14[0m[34;1m   1199252[0m[34;1m   1417340[0m[34;1m        40[0m
18:59:20   [34;1m   1001736[0m[34;1m   1806056[0m[34;1m    726496[0m[34;1m     19.10[0m[34;1m    101720[0m[34;1m   1861288[0m[34;1m   3922648[0m[31;1m    103.14[0m[34;1m   1199252[0m[34;1m   1417340[0m[34;1m        40[0m
18:59:21   [34;1m   1001736[0m[34;1m   1806064[0m[34;1m    726488[0m[34;1m     19.10[0m[34;1m    101720[0m[34;1m   1861296[0m[34;1m   3922648[0m[31;1m    103.14[0m[34;1m   1199256[0m[34;1m   1417576[0m[34;1m        40[0m
18:59:22   [34;1m   1001736[0m[34;1m   1806064[0m[34;1m    726488[0m[34;1m     19.10[0m[34;1m    101728[0m[34;1m   1861288[0m[34;1m   3922648[0m[31;1m    103.14[0m[34;1m   1199256[0m[34;1m   1417760[0m[34;1m        40[0m
18:59:23   [34;1m   1001736[0m[34;1m   1806080[0m[34;1m    726472[0m[34;1m     19.10[0m[34;1m    101728[0m[34;1m   1861304[0m[34;1m   3922648[0m[31;1m    103.14[0m[34;1m   1199264[0m[34;1m   1417616[0m[34;1m        32[0m
18:59:24   [34;1m   1001736[0m[34;1m   1806080[0m[34;1m    726472[0m[34;1m     19.10[0m[34;1m    101728[0m[34;1m   1861304[0m[34;1m   3922648[0m[31;1m    103.14[0m[34;1m   1199264[0m[34;1m   1417616[0m[34;1m        32[0m
18:59:25   [34;1m   1001736[0m[34;1m   1806084[0m[34;1m    726468[0m[34;1m     19.10[0m[34;1m    101728[0m[34;1m   1861308[0m[34;1m   3922648[0m[31;1m    103.14[0m[34;1m   1199264[0m[34;1m   1417640[0m[34;1m        36[0m
18:59:26   [34;1m   1001736[0m[34;1m   1806084[0m[34;1m    726468[0m[34;1m     19.10[0m[34;1m    101736[0m[34;1m   1861300[0m[34;1m   3922648[0m[31;1m    103.14[0m[34;1m   1199264[0m[34;1m   1417640[0m[34;1m        36[0m
18:59:27   [34;1m   1001736[0m[34;1m   1806096[0m[34;1m    726456[0m[34;1m     19.10[0m[34;1m    101736[0m[34;1m   1861312[0m[34;1m   3922648[0m[31;1m    103.14[0m[34;1m   1199272[0m[34;1m   1417664[0m[34;1m         8[0m
18:59:28   [34;1m   1001736[0m[34;1m   1806104[0m[34;1m    726448[0m[34;1m     19.10[0m[34;1m    101740[0m[34;1m   1861316[0m[34;1m   3922648[0m[31;1m    103.14[0m[34;1m   1199276[0m[34;1m   1417668[0m[34;1m        20[0m
18:59:29   [34;1m   1001736[0m[34;1m   1806104[0m[34;1m    726448[0m[34;1m     19.10[0m[34;1m    101740[0m[34;1m   1861316[0m[34;1m   3922648[0m[31;1m    103.14[0m[34;1m   1199276[0m[34;1m   1417684[0m[34;1m        20[0m
18:59:30   [34;1m   1001736[0m[34;1m   1806104[0m[34;1m    726448[0m[34;1m     19.10[0m[34;1m    101748[0m[34;1m   1861308[0m[34;1m   3922648[0m[31;1m    103.14[0m[34;1m   1199308[0m[34;1m   1417668[0m[34;1m        20[0m
18:59:31   [34;1m   1001736[0m[34;1m   1806116[0m[34;1m    726436[0m[34;1m     19.10[0m[34;1m    101748[0m[34;1m   1861320[0m[34;1m   3922648[0m[31;1m    103.14[0m[34;1m   1199316[0m[34;1m   1418012[0m[34;1m        20[0m
18:59:32   [34;1m   1001736[0m[34;1m   1806116[0m[34;1m    726436[0m[34;1m     19.10[0m[34;1m    101748[0m[34;1m   1861320[0m[34;1m   3922648[0m[31;1m    103.14[0m[34;1m   1199316[0m[34;1m   1417808[0m[34;1m        20[0m
18:59:33   [34;1m   1001736[0m[34;1m   1806116[0m[34;1m    726436[0m[34;1m     19.10[0m[34;1m    101752[0m[34;1m   1861316[0m[34;1m   3922648[0m[31;1m    103.14[0m[34;1m   1199316[0m[34;1m   1417664[0m[34;1m        20[0m
18:59:34   [34;1m   1001736[0m[34;1m   1806124[0m[34;1m    726424[0m[34;1m     19.10[0m[34;1m    101752[0m[34;1m   1861328[0m[34;1m   3922648[0m[31;1m    103.14[0m[34;1m   1199320[0m[34;1m   1417684[0m[34;1m        28[0m
18:59:35   [34;1m   1001232[0m[34;1m   1805624[0m[34;1m    726928[0m[34;1m     19.11[0m[34;1m    101752[0m[34;1m   1861328[0m[34;1m   3922648[0m[31;1m    103.14[0m[34;1m   1199324[0m[34;1m   1417736[0m[34;1m        32[0m
18:59:36   [34;1m   1001232[0m[34;1m   1805624[0m[34;1m    726920[0m[34;1m     19.11[0m[34;1m    101752[0m[34;1m   1861328[0m[34;1m   3922648[0m[31;1m    103.14[0m[34;1m   1199320[0m[34;1m   1417332[0m[34;1m        32[0m
18:59:37   [34;1m   1001232[0m[34;1m   1805624[0m[34;1m    726920[0m[34;1m     19.11[0m[34;1m    101760[0m[34;1m   1861320[0m[34;1m   3922648[0m[31;1m    103.14[0m[34;1m   1199320[0m[34;1m   1417008[0m[34;1m        32[0m
18:59:38   [34;1m   1001232[0m[34;1m   1805640[0m[34;1m    726904[0m[34;1m     19.11[0m[34;1m    101764[0m[34;1m   1861332[0m[34;1m   3922648[0m[31;1m    103.14[0m[34;1m   1199328[0m[34;1m   1417016[0m[34;1m        52[0m
18:59:39   [34;1m   1001232[0m[34;1m   1805648[0m[34;1m    726896[0m[34;1m     19.11[0m[34;1m    101764[0m[34;1m   1861340[0m[34;1m   3922648[0m[31;1m    103.14[0m[34;1m   1199332[0m[34;1m   1414920[0m[34;1m        44[0m
18:59:40   [34;1m   1001232[0m[34;1m   1805648[0m[34;1m    726904[0m[34;1m     19.11[0m[34;1m    101764[0m[34;1m   1861340[0m[34;1m   3922648[0m[31;1m    103.14[0m[34;1m   1199332[0m[34;1m   1414856[0m[34;1m        44[0m
18:59:41   [34;1m   1001232[0m[34;1m   1805648[0m[34;1m    726904[0m[34;1m     19.11[0m[34;1m    101764[0m[34;1m   1861340[0m[34;1m   3922648[0m[31;1m    103.14[0m[34;1m   1199332[0m[34;1m   1414964[0m[34;1m        44[0m
18:59:42   [34;1m   1001232[0m[34;1m   1805648[0m[34;1m    726900[0m[34;1m     19.11[0m[34;1m    101764[0m[34;1m   1861340[0m[34;1m   3922648[0m[31;1m    103.14[0m[34;1m   1199332[0m[34;1m   1415096[0m[34;1m        44[0m
18:59:43   [34;1m   1001232[0m[34;1m   1805648[0m[34;1m    726896[0m[34;1m     19.11[0m[34;1m    101764[0m[34;1m   1861340[0m[34;1m   3922648[0m[31;1m    103.14[0m[34;1m   1199332[0m[34;1m   1415096[0m[34;1m        44[0m
18:59:44   [34;1m   1001232[0m[34;1m   1805652[0m[34;1m    726888[0m[34;1m     19.11[0m[34;1m    101764[0m[34;1m   1861344[0m[34;1m   3922648[0m[31;1m    103.14[0m[34;1m   1199332[0m[34;1m   1415100[0m[34;1m        28[0m
18:59:45   [34;1m   1001232[0m[34;1m   1805656[0m[34;1m    726884[0m[34;1m     19.11[0m[34;1m    101764[0m[34;1m   1861348[0m[34;1m   3922648[0m[31;1m    103.14[0m[34;1m   1199332[0m[34;1m   1415104[0m[34;1m        32[0m
18:59:46   [34;1m   1001232[0m[34;1m   1805656[0m[34;1m    726884[0m[34;1m     19.11[0m[34;1m    101764[0m[34;1m   1861348[0m[34;1m   3922648[0m[31;1m    103.14[0m[34;1m   1199332[0m[34;1m   1415164[0m[34;1m        32[0m
18:59:47   [34;1m   1001232[0m[34;1m   1805656[0m[34;1m    726884[0m[34;1m     19.11[0m[34;1m    101764[0m[34;1m   1861348[0m[34;1m   3922648[0m[31;1m    103.14[0m[34;1m   1199332[0m[34;1m   1415200[0m[34;1m        32[0m
18:59:48   [34;1m   1001232[0m[34;1m   1805656[0m[34;1m    726884[0m[34;1m     19.11[0m[34;1m    101776[0m[34;1m   1861336[0m[34;1m   3922648[0m[31;1m    103.14[0m[34;1m   1199332[0m[34;1m   1415200[0m[34;1m        32[0m
18:59:49   [34;1m   1001232[0m[34;1m   1805672[0m[34;1m    726868[0m[34;1m     19.11[0m[34;1m    101776[0m[34;1m   1861352[0m[34;1m   3922648[0m[31;1m    103.14[0m[34;1m   1199344[0m[34;1m   1415212[0m[34;1m        32[0m
18:59:50   [34;1m    999720[0m[34;1m   1804160[0m[34;1m    728380[0m[34;1m     19.15[0m[34;1m    101776[0m[34;1m   1861352[0m[34;1m   3922648[0m[31;1m    103.14[0m[34;1m   1199344[0m[34;1m   1415212[0m[34;1m        32[0m
18:59:51   [34;1m    999720[0m[34;1m   1804160[0m[34;1m    728380[0m[34;1m     19.15[0m[34;1m    101776[0m[34;1m   1861352[0m[34;1m   3922648[0m[31;1m    103.14[0m[34;1m   1199344[0m[34;1m   1415508[0m[34;1m        36[0m
18:59:52   [34;1m    999720[0m[34;1m   1804160[0m[34;1m    728380[0m[34;1m     19.15[0m[34;1m    101776[0m[34;1m   1861352[0m[34;1m   3922648[0m[31;1m    103.14[0m[34;1m   1199344[0m[34;1m   1415532[0m[34;1m        36[0m
18:59:53   [34;1m    999468[0m[34;1m   1803908[0m[34;1m    728632[0m[34;1m     19.16[0m[34;1m    101784[0m[34;1m   1861344[0m[34;1m   3922648[0m[31;1m    103.14[0m[34;1m   1199344[0m[34;1m   1415312[0m[34;1m        36[0m
18:59:54   [34;1m    999468[0m[34;1m   1803920[0m[34;1m    728616[0m[34;1m     19.16[0m[34;1m    101784[0m[34;1m   1861356[0m[34;1m   3922648[0m[31;1m    103.14[0m[34;1m   1199352[0m[34;1m   1415316[0m[34;1m        24[0m
18:59:55   [34;1m    997452[0m[34;1m   1801904[0m[34;1m    730628[0m[34;1m     19.21[0m[34;1m    101784[0m[34;1m   1861356[0m[34;1m   3922648[0m[31;1m    103.14[0m[34;1m   1199352[0m[34;1m   1415324[0m[34;1m        24[0m
18:59:56   [34;1m    997452[0m[34;1m   1801904[0m[34;1m    730628[0m[34;1m     19.21[0m[34;1m    101788[0m[34;1m   1861352[0m[34;1m   3922648[0m[31;1m    103.14[0m[34;1m   1199352[0m[34;1m   1415324[0m[34;1m        24[0m
18:59:57   [34;1m    997452[0m[34;1m   1801912[0m[34;1m    730620[0m[34;1m     19.21[0m[34;1m    101788[0m[34;1m   1861360[0m[34;1m   3922648[0m[31;1m    103.14[0m[34;1m   1199356[0m[34;1m   1415344[0m[34;1m        36[0m
18:59:58   [34;1m    997452[0m[34;1m   1801912[0m[34;1m    730620[0m[34;1m     19.21[0m[34;1m    101788[0m[34;1m   1861360[0m[34;1m   3922648[0m[31;1m    103.14[0m[34;1m   1199356[0m[34;1m   1415344[0m[34;1m        36[0m
18:59:59   [34;1m    997452[0m[34;1m   1801912[0m[34;1m    730620[0m[34;1m     19.21[0m[34;1m    101788[0m[34;1m   1861360[0m[34;1m   3922648[0m[31;1m    103.14[0m[34;1m   1199356[0m[34;1m   1415360[0m[34;1m        36[0m
19:00:00   [34;1m    995940[0m[34;1m   1800400[0m[34;1m    732140[0m[34;1m     19.25[0m[34;1m    101788[0m[34;1m   1861360[0m[34;1m   3922648[0m[31;1m    103.14[0m[34;1m   1199356[0m[34;1m   1415360[0m[34;1m        36[0m
19:00:01   [34;1m    995688[0m[34;1m   1800148[0m[34;1m    732392[0m[34;1m     19.26[0m[34;1m    101788[0m[34;1m   1861360[0m[34;1m   3922648[0m[31;1m    103.14[0m[34;1m   1199356[0m[34;1m   1415540[0m[34;1m        36[0m
19:00:02   [34;1m    995688[0m[34;1m   1800148[0m[34;1m    732396[0m[34;1m     19.26[0m[34;1m    101788[0m[34;1m   1861360[0m[34;1m   3922648[0m[31;1m    103.14[0m[34;1m   1199356[0m[34;1m   1415248[0m[34;1m        24[0m
19:00:03   [34;1m    995688[0m[34;1m   1800152[0m[34;1m    732392[0m[34;1m     19.26[0m[34;1m    101788[0m[34;1m   1861364[0m[34;1m   3922648[0m[31;1m    103.14[0m[34;1m   1199356[0m[34;1m   1415248[0m[34;1m        36[0m
19:00:04   [34;1m    995688[0m[34;1m   1800152[0m[34;1m    732392[0m[34;1m     19.26[0m[34;1m    101788[0m[34;1m   1861364[0m[34;1m   3922648[0m[31;1m    103.14[0m[34;1m   1199356[0m[34;1m   1415264[0m[34;1m        28[0m
19:00:05   [34;1m    995688[0m[34;1m   1800152[0m[34;1m    732392[0m[34;1m     19.26[0m[34;1m    101788[0m[34;1m   1861364[0m[34;1m   3922648[0m[31;1m    103.14[0m[34;1m   1199356[0m[34;1m   1415268[0m[34;1m        28[0m
19:00:06   [34;1m    995688[0m[34;1m   1800152[0m[34;1m    732392[0m[34;1m     19.26[0m[34;1m    101788[0m[34;1m   1861364[0m[34;1m   3922648[0m[31;1m    103.14[0m[34;1m   1199356[0m[34;1m   1415080[0m[34;1m        28[0m
19:00:07   [34;1m    995688[0m[34;1m   1800168[0m[34;1m    732376[0m[34;1m     19.26[0m[34;1m    101796[0m[34;1m   1861372[0m[34;1m   3922648[0m[31;1m    103.14[0m[34;1m   1199364[0m[34;1m   1415040[0m[34;1m        52[0m
19:00:08   [34;1m    995688[0m[34;1m   1800168[0m[34;1m    732376[0m[34;1m     19.26[0m[34;1m    101796[0m[34;1m   1861372[0m[34;1m   3922648[0m[31;1m    103.14[0m[34;1m   1199364[0m[34;1m   1415040[0m[34;1m        20[0m
19:00:09   [34;1m    995688[0m[34;1m   1800168[0m[34;1m    732376[0m[34;1m     19.26[0m[34;1m    101796[0m[34;1m   1861372[0m[34;1m   3922648[0m[31;1m    103.14[0m[34;1m   1199364[0m[34;1m   1415044[0m[34;1m         8[0m
19:00:10   [34;1m    995184[0m[34;1m   1799664[0m[34;1m    732876[0m[34;1m     19.27[0m[34;1m    101796[0m[34;1m   1861372[0m[34;1m   3922648[0m[31;1m    103.14[0m[34;1m   1199364[0m[34;1m   1415044[0m[34;1m         8[0m
19:00:11   [34;1m    994932[0m[34;1m   1799420[0m[34;1m    733120[0m[34;1m     19.28[0m[34;1m    101800[0m[34;1m   1861376[0m[34;1m   3922648[0m[31;1m    103.14[0m[34;1m   1199368[0m[34;1m   1415148[0m[34;1m        36[0m
19:00:12   [34;1m    994932[0m[34;1m   1799412[0m[34;1m    733136[0m[34;1m     19.28[0m[34;1m    101800[0m[34;1m   1861376[0m[34;1m   3922648[0m[31;1m    103.14[0m[34;1m   1199368[0m[34;1m   1415272[0m[34;1m        36[0m
19:00:13   [34;1m    994932[0m[34;1m   1799412[0m[34;1m    733136[0m[34;1m     19.28[0m[34;1m    101800[0m[34;1m   1861376[0m[34;1m   3922648[0m[31;1m    103.14[0m[34;1m   1199368[0m[34;1m   1415272[0m[34;1m        36[0m
19:00:14   [34;1m    994932[0m[34;1m   1799412[0m[34;1m    733136[0m[34;1m     19.28[0m[34;1m    101800[0m[34;1m   1861376[0m[34;1m   3922648[0m[31;1m    103.14[0m[34;1m   1199368[0m[34;1m   1415288[0m[34;1m        36[0m
19:00:15   [34;1m    993924[0m[34;1m   1798408[0m[34;1m    734140[0m[34;1m     19.30[0m[34;1m    101800[0m[34;1m   1861380[0m[34;1m   3922648[0m[31;1m    103.14[0m[34;1m   1199368[0m[34;1m   1415292[0m[34;1m        36[0m
19:00:16   [34;1m    993924[0m[34;1m   1798408[0m[34;1m    734140[0m[34;1m     19.30[0m[34;1m    101800[0m[34;1m   1861380[0m[34;1m   3922648[0m[31;1m    103.14[0m[34;1m   1199368[0m[34;1m   1415292[0m[34;1m         8[0m
19:00:17   [34;1m    993924[0m[34;1m   1798408[0m[34;1m    734140[0m[34;1m     19.30[0m[34;1m    101800[0m[34;1m   1861380[0m[34;1m   3922648[0m[31;1m    103.14[0m[34;1m   1199368[0m[34;1m   1415292[0m[34;1m         8[0m
19:00:18   [34;1m    993924[0m[34;1m   1798408[0m[34;1m    734140[0m[34;1m     19.30[0m[34;1m    101800[0m[34;1m   1861380[0m[34;1m   3922648[0m[31;1m    103.14[0m[34;1m   1199368[0m[34;1m   1415292[0m[34;1m         8[0m
19:00:19   [34;1m    993924[0m[34;1m   1798408[0m[34;1m    734140[0m[34;1m     19.30[0m[34;1m    101800[0m[34;1m   1861380[0m[34;1m   3922648[0m[31;1m    103.14[0m[34;1m   1199368[0m[34;1m   1415292[0m[34;1m         8[0m
19:00:20   [34;1m    991656[0m[34;1m   1796140[0m[34;1m    736416[0m[34;1m     19.36[0m[34;1m    101800[0m[34;1m   1861380[0m[34;1m   3922648[0m[31;1m    103.14[0m[34;1m   1199368[0m[34;1m   1415292[0m[34;1m         8[0m
19:00:21   [34;1m    991404[0m[34;1m   1795896[0m[34;1m    736660[0m[34;1m     19.37[0m[34;1m    101804[0m[34;1m   1861384[0m[34;1m   3922648[0m[31;1m    103.14[0m[34;1m   1199372[0m[34;1m   1415796[0m[34;1m        20[0m
19:00:22   [34;1m    991404[0m[34;1m   1795896[0m[34;1m    736660[0m[34;1m     19.37[0m[34;1m    101804[0m[34;1m   1861384[0m[34;1m   3922648[0m[31;1m    103.14[0m[34;1m   1199372[0m[34;1m   1416060[0m[34;1m        20[0m
19:00:23   [34;1m    991404[0m[34;1m   1795900[0m[34;1m    736656[0m[34;1m     19.37[0m[34;1m    101804[0m[34;1m   1861388[0m[34;1m   3922648[0m[31;1m    103.14[0m[34;1m   1199372[0m[34;1m   1416068[0m[34;1m        28[0m
19:00:24   [34;1m    991404[0m[34;1m   1795908[0m[34;1m    736648[0m[34;1m     19.37[0m[34;1m    101808[0m[34;1m   1861392[0m[34;1m   3922648[0m[31;1m    103.14[0m[34;1m   1199376[0m[34;1m   1415924[0m[34;1m        24[0m
19:00:25   [34;1m    989640[0m[34;1m   1794144[0m[34;1m    738408[0m[34;1m     19.42[0m[34;1m    101808[0m[34;1m   1861392[0m[34;1m   3922648[0m[31;1m    103.14[0m[34;1m   1199376[0m[34;1m   1415924[0m[34;1m        28[0m
19:00:26   [34;1m    989640[0m[34;1m   1794144[0m[34;1m    738408[0m[34;1m     19.42[0m[34;1m    101808[0m[34;1m   1861392[0m[34;1m   3922648[0m[31;1m    103.14[0m[34;1m   1199376[0m[34;1m   1415924[0m[34;1m        12[0m
19:00:27   [34;1m    989640[0m[34;1m   1794144[0m[34;1m    738408[0m[34;1m     19.42[0m[34;1m    101808[0m[34;1m   1861392[0m[34;1m   3922648[0m[31;1m    103.14[0m[34;1m   1199376[0m[34;1m   1415932[0m[34;1m        12[0m
19:00:28   [34;1m    989640[0m[34;1m   1794144[0m[34;1m    738408[0m[34;1m     19.42[0m[34;1m    101808[0m[34;1m   1861392[0m[34;1m   3922648[0m[31;1m    103.14[0m[34;1m   1199376[0m[34;1m   1415732[0m[34;1m        12[0m
19:00:29   [34;1m    989640[0m[34;1m   1794156[0m[34;1m    738396[0m[34;1m     19.42[0m[34;1m    101812[0m[34;1m   1861400[0m[34;1m   3922648[0m[31;1m    103.14[0m[34;1m   1199380[0m[34;1m   1415704[0m[34;1m        40[0m
19:00:30   [34;1m    987120[0m[34;1m   1791636[0m[34;1m    740908[0m[34;1m     19.48[0m[34;1m    101812[0m[34;1m   1861400[0m[34;1m   3922648[0m[31;1m    103.14[0m[34;1m   1199380[0m[34;1m   1415760[0m[34;1m        40[0m
19:00:31   [34;1m    986868[0m[34;1m   1791384[0m[34;1m    741156[0m[34;1m     19.49[0m[34;1m    101812[0m[34;1m   1861400[0m[34;1m   3922648[0m[31;1m    103.14[0m[34;1m   1199380[0m[34;1m   1415784[0m[34;1m        40[0m
19:00:32   [34;1m    986868[0m[34;1m   1791384[0m[34;1m    741156[0m[34;1m     19.49[0m[34;1m    101812[0m[34;1m   1861400[0m[34;1m   3922648[0m[31;1m    103.14[0m[34;1m   1199380[0m[34;1m   1415692[0m[34;1m        40[0m
19:00:33   [34;1m    986868[0m[34;1m   1791384[0m[34;1m    741156[0m[34;1m     19.49[0m[34;1m    101812[0m[34;1m   1861400[0m[34;1m   3922648[0m[31;1m    103.14[0m[34;1m   1199380[0m[34;1m   1415608[0m[34;1m        40[0m
19:00:34   [34;1m    986868[0m[34;1m   1791392[0m[34;1m    741140[0m[34;1m     19.49[0m[34;1m    101824[0m[34;1m   1861404[0m[34;1m   3922648[0m[31;1m    103.14[0m[34;1m   1199384[0m[34;1m   1415552[0m[34;1m        28[0m
19:00:35   [34;1m    984600[0m[34;1m   1789132[0m[34;1m    743408[0m[34;1m     19.55[0m[34;1m    101824[0m[34;1m   1861404[0m[34;1m   3922648[0m[31;1m    103.14[0m[34;1m   1199392[0m[34;1m   1415560[0m[34;1m        28[0m
19:00:36   [34;1m    984600[0m[34;1m   1789132[0m[34;1m    743408[0m[34;1m     19.55[0m[34;1m    101824[0m[34;1m   1861404[0m[34;1m   3922648[0m[31;1m    103.14[0m[34;1m   1199392[0m[34;1m   1415308[0m[34;1m        28[0m
19:00:37   [34;1m    984600[0m[34;1m   1789132[0m[34;1m    743408[0m[34;1m     19.55[0m[34;1m    101824[0m[34;1m   1861404[0m[34;1m   3922648[0m[31;1m    103.14[0m[34;1m   1199392[0m[34;1m   1415256[0m[34;1m        28[0m
19:00:38   [34;1m    984600[0m[34;1m   1789132[0m[34;1m    743408[0m[34;1m     19.55[0m[34;1m    101824[0m[34;1m   1861404[0m[34;1m   3922648[0m[31;1m    103.14[0m[34;1m   1199392[0m[34;1m   1415256[0m[34;1m        28[0m
19:00:39   [34;1m    984600[0m[34;1m   1789140[0m[34;1m    743400[0m[34;1m     19.55[0m[34;1m    101828[0m[34;1m   1861408[0m[34;1m   3922648[0m[31;1m    103.14[0m[34;1m   1199396[0m[34;1m   1415292[0m[34;1m        32[0m
19:00:40   [34;1m    982332[0m[34;1m   1786872[0m[34;1m    745676[0m[34;1m     19.61[0m[34;1m    101828[0m[34;1m   1861408[0m[34;1m   3922648[0m[31;1m    103.14[0m[34;1m   1199396[0m[34;1m   1415292[0m[34;1m        16[0m
19:00:41   [34;1m    982332[0m[34;1m   1786872[0m[34;1m    745676[0m[34;1m     19.61[0m[34;1m    101828[0m[34;1m   1861408[0m[34;1m   3922648[0m[31;1m    103.14[0m[34;1m   1199396[0m[34;1m   1415356[0m[34;1m        16[0m
19:00:42   [34;1m    982332[0m[34;1m   1786872[0m[34;1m    745676[0m[34;1m     19.61[0m[34;1m    101828[0m[34;1m   1861408[0m[34;1m   3922648[0m[31;1m    103.14[0m[34;1m   1199396[0m[34;1m   1415548[0m[34;1m        16[0m
19:00:43   [34;1m    982332[0m[34;1m   1786876[0m[34;1m    745672[0m[34;1m     19.61[0m[34;1m    101828[0m[34;1m   1861412[0m[34;1m   3922648[0m[31;1m    103.14[0m[34;1m   1199396[0m[34;1m   1415144[0m[34;1m        28[0m
19:00:44   [34;1m    982332[0m[34;1m   1786876[0m[34;1m    745672[0m[34;1m     19.61[0m[34;1m    101828[0m[34;1m   1861412[0m[34;1m   3922648[0m[31;1m    103.14[0m[34;1m   1199396[0m[34;1m   1415140[0m[34;1m        28[0m
19:00:45   [34;1m    982332[0m[34;1m   1786876[0m[34;1m    745672[0m[34;1m     19.61[0m[34;1m    101828[0m[34;1m   1861412[0m[34;1m   3922648[0m[31;1m    103.14[0m[34;1m   1199396[0m[34;1m   1415156[0m[34;1m        28[0m
19:00:46   [34;1m    982332[0m[34;1m   1786876[0m[34;1m    745672[0m[34;1m     19.61[0m[34;1m    101828[0m[34;1m   1861412[0m[34;1m   3922648[0m[31;1m    103.14[0m[34;1m   1199396[0m[34;1m   1415156[0m[34;1m        28[0m
19:00:47   [34;1m    982332[0m[34;1m   1786880[0m[34;1m    745668[0m[34;1m     19.61[0m[34;1m    101828[0m[34;1m   1861416[0m[34;1m   3922648[0m[31;1m    103.14[0m[34;1m   1199396[0m[34;1m   1415160[0m[34;1m        28[0m
19:00:48   [34;1m    982332[0m[34;1m   1786880[0m[34;1m    745668[0m[34;1m     19.61[0m[34;1m    101828[0m[34;1m   1861416[0m[34;1m   3922648[0m[31;1m    103.14[0m[34;1m   1199396[0m[34;1m   1415160[0m[34;1m        16[0m
19:00:49   [34;1m    982332[0m[34;1m   1786884[0m[34;1m    745664[0m[34;1m     19.61[0m[34;1m    101828[0m[34;1m   1861420[0m[34;1m   3922648[0m[31;1m    103.14[0m[34;1m   1199396[0m[34;1m   1415164[0m[34;1m        20[0m
19:00:50   [34;1m    981324[0m[34;1m   1785876[0m[34;1m    746672[0m[34;1m     19.63[0m[34;1m    101828[0m[34;1m   1861420[0m[34;1m   3922648[0m[31;1m    103.14[0m[34;1m   1199396[0m[34;1m   1415164[0m[34;1m        20[0m
19:00:51   [34;1m    981324[0m[34;1m   1785876[0m[34;1m    746672[0m[34;1m     19.63[0m[34;1m    101828[0m[34;1m   1861420[0m[34;1m   3922648[0m[31;1m    103.14[0m[34;1m   1199396[0m[34;1m   1415180[0m[34;1m        20[0m
19:00:52   [34;1m    981072[0m[34;1m   1785632[0m[34;1m    746916[0m[34;1m     19.64[0m[34;1m    101832[0m[34;1m   1861424[0m[34;1m   3922648[0m[31;1m    103.14[0m[34;1m   1199400[0m[34;1m   1415520[0m[34;1m        32[0m
19:00:53   [34;1m    981072[0m[34;1m   1785644[0m[34;1m    746904[0m[34;1m     19.64[0m[34;1m    101840[0m[34;1m   1861428[0m[34;1m   3922648[0m[31;1m    103.14[0m[34;1m   1199408[0m[34;1m   1415400[0m[34;1m        40[0m
19:00:54   [34;1m    981072[0m[34;1m   1785644[0m[34;1m    746904[0m[34;1m     19.64[0m[34;1m    101840[0m[34;1m   1861428[0m[34;1m   3922648[0m[31;1m    103.14[0m[34;1m   1199408[0m[34;1m   1415400[0m[34;1m        40[0m
19:00:55   [34;1m    980568[0m[34;1m   1785140[0m[34;1m    747408[0m[34;1m     19.65[0m[34;1m    101840[0m[34;1m   1861428[0m[34;1m   3922648[0m[31;1m    103.14[0m[34;1m   1199408[0m[34;1m   1415464[0m[34;1m        16[0m
19:00:56   [34;1m    980568[0m[34;1m   1785140[0m[34;1m    747408[0m[34;1m     19.65[0m[34;1m    101840[0m[34;1m   1861428[0m[34;1m   3922648[0m[31;1m    103.14[0m[34;1m   1199408[0m[34;1m   1415464[0m[34;1m        16[0m
19:00:57   [34;1m    980568[0m[34;1m   1785144[0m[34;1m    747404[0m[34;1m     19.65[0m[34;1m    101840[0m[34;1m   1861432[0m[34;1m   3922648[0m[31;1m    103.14[0m[34;1m   1199408[0m[34;1m   1415484[0m[34;1m         4[0m
19:00:58   [34;1m    980568[0m[34;1m   1785144[0m[34;1m    747404[0m[34;1m     19.65[0m[34;1m    101840[0m[34;1m   1861432[0m[34;1m   3922648[0m[31;1m    103.14[0m[34;1m   1199408[0m[34;1m   1415100[0m[34;1m         4[0m
19:00:59   [34;1m    980568[0m[34;1m   1785144[0m[34;1m    747404[0m[34;1m     19.65[0m[34;1m    101840[0m[34;1m   1861432[0m[34;1m   3922648[0m[31;1m    103.14[0m[34;1m   1199408[0m[34;1m   1415100[0m[34;1m         4[0m
19:01:00   [34;1m    980568[0m[34;1m   1785144[0m[34;1m    747404[0m[34;1m     19.65[0m[34;1m    101840[0m[34;1m   1861432[0m[34;1m   3922648[0m[31;1m    103.14[0m[34;1m   1199408[0m[34;1m   1415100[0m[34;1m         4[0m
19:01:01   [34;1m    980568[0m[34;1m   1785148[0m[34;1m    747396[0m[34;1m     19.65[0m[34;1m    101844[0m[34;1m   1861436[0m[34;1m   3922648[0m[31;1m    103.14[0m[34;1m   1199408[0m[34;1m   1415128[0m[34;1m        16[0m
19:01:02   [34;1m    980568[0m[34;1m   1785152[0m[34;1m    747388[0m[34;1m     19.65[0m[34;1m    101844[0m[34;1m   1861436[0m[34;1m   3922648[0m[31;1m    103.14[0m[34;1m   1199412[0m[34;1m   1415100[0m[34;1m        16[0m
19:01:03   [34;1m    980568[0m[34;1m   1785152[0m[34;1m    747388[0m[34;1m     19.65[0m[34;1m    101844[0m[34;1m   1861436[0m[34;1m   3922648[0m[31;1m    103.14[0m[34;1m   1199412[0m[34;1m   1415108[0m[34;1m        16[0m
19:01:04   [34;1m    980568[0m[34;1m   1785152[0m[34;1m    747388[0m[34;1m     19.65[0m[34;1m    101844[0m[34;1m   1861436[0m[34;1m   3922648[0m[31;1m    103.14[0m[34;1m   1199412[0m[34;1m   1415108[0m[34;1m        16[0m
19:01:05   [34;1m    980568[0m[34;1m   1785156[0m[34;1m    747392[0m[34;1m     19.65[0m[34;1m    101844[0m[34;1m   1861440[0m[34;1m   3922648[0m[31;1m    103.14[0m[34;1m   1199412[0m[34;1m   1415120[0m[34;1m        16[0m
19:01:06   [34;1m    980568[0m[34;1m   1785156[0m[34;1m    747392[0m[34;1m     19.65[0m[34;1m    101844[0m[34;1m   1861440[0m[34;1m   3922648[0m[31;1m    103.14[0m[34;1m   1199412[0m[34;1m   1414896[0m[34;1m        16[0m
19:01:07   [34;1m    980568[0m[34;1m   1785156[0m[34;1m    747392[0m[34;1m     19.65[0m[34;1m    101844[0m[34;1m   1861440[0m[34;1m   3922648[0m[31;1m    103.14[0m[34;1m   1199412[0m[34;1m   1414824[0m[34;1m        16[0m
19:01:08   [34;1m    980568[0m[34;1m   1785156[0m[34;1m    747392[0m[34;1m     19.65[0m[34;1m    101844[0m[34;1m   1861440[0m[34;1m   3922648[0m[31;1m    103.14[0m[34;1m   1199412[0m[34;1m   1414824[0m[34;1m        20[0m
19:01:09   [34;1m    980568[0m[34;1m   1785156[0m[34;1m    747392[0m[34;1m     19.65[0m[34;1m    101844[0m[34;1m   1861440[0m[34;1m   3922648[0m[31;1m    103.14[0m[34;1m   1199412[0m[34;1m   1414872[0m[34;1m        20[0m
19:01:10   [34;1m    980568[0m[34;1m   1785156[0m[34;1m    747408[0m[34;1m     19.65[0m[34;1m    101844[0m[34;1m   1861440[0m[34;1m   3922648[0m[31;1m    103.14[0m[34;1m   1199412[0m[34;1m   1414872[0m[34;1m        20[0m
19:01:11   [34;1m    980568[0m[34;1m   1785164[0m[34;1m    747388[0m[34;1m     19.65[0m[34;1m    101856[0m[34;1m   1861448[0m[34;1m   3922648[0m[31;1m    103.14[0m[34;1m   1199416[0m[34;1m   1414884[0m[34;1m        28[0m
19:01:12   [34;1m    980568[0m[34;1m   1785176[0m[34;1m    747372[0m[34;1m     19.65[0m[34;1m    101856[0m[34;1m   1861448[0m[34;1m   3922648[0m[31;1m    103.14[0m[34;1m   1199424[0m[34;1m   1415076[0m[34;1m        28[0m
19:01:13   [34;1m    980568[0m[34;1m   1785176[0m[34;1m    747372[0m[34;1m     19.65[0m[34;1m    101856[0m[34;1m   1861448[0m[34;1m   3922648[0m[31;1m    103.14[0m[34;1m   1199424[0m[34;1m   1415152[0m[34;1m        28[0m
19:01:14   [34;1m    980568[0m[34;1m   1785176[0m[34;1m    747372[0m[34;1m     19.65[0m[34;1m    101856[0m[34;1m   1861448[0m[34;1m   3922648[0m[31;1m    103.14[0m[34;1m   1199424[0m[34;1m   1415152[0m[34;1m        28[0m
19:01:15   [34;1m    980568[0m[34;1m   1785184[0m[34;1m    747364[0m[34;1m     19.65[0m[34;1m    101860[0m[34;1m   1861452[0m[34;1m   3922648[0m[31;1m    103.14[0m[34;1m   1199428[0m[34;1m   1415180[0m[34;1m        28[0m
19:01:16   [34;1m    980568[0m[34;1m   1785184[0m[34;1m    747364[0m[34;1m     19.65[0m[34;1m    101860[0m[34;1m   1861452[0m[34;1m   3922648[0m[31;1m    103.14[0m[34;1m   1199428[0m[34;1m   1415180[0m[34;1m        28[0m
19:01:17   [34;1m    980568[0m[34;1m   1785184[0m[34;1m    747364[0m[34;1m     19.65[0m[34;1m    101860[0m[34;1m   1861452[0m[34;1m   3922648[0m[31;1m    103.14[0m[34;1m   1199428[0m[34;1m   1415236[0m[34;1m        28[0m
19:01:18   [34;1m    980568[0m[34;1m   1785184[0m[34;1m    747364[0m[34;1m     19.65[0m[34;1m    101860[0m[34;1m   1861452[0m[34;1m   3922648[0m[31;1m    103.14[0m[34;1m   1199428[0m[34;1m   1415236[0m[34;1m        28[0m
19:01:19   [34;1m    980568[0m[34;1m   1785192[0m[34;1m    747356[0m[34;1m     19.65[0m[34;1m    101864[0m[34;1m   1861456[0m[34;1m   3922648[0m[31;1m    103.14[0m[34;1m   1199432[0m[34;1m   1415260[0m[34;1m        28[0m
19:01:20   [34;1m    978804[0m[34;1m   1783428[0m[34;1m    749120[0m[34;1m     19.70[0m[34;1m    101864[0m[34;1m   1861456[0m[34;1m   3922648[0m[31;1m    103.14[0m[34;1m   1199432[0m[34;1m   1415260[0m[34;1m        28[0m
19:01:21   [34;1m    978580[0m[34;1m   1783204[0m[34;1m    749344[0m[34;1m     19.70[0m[34;1m    101864[0m[34;1m   1861456[0m[34;1m   3922648[0m[31;1m    103.14[0m[34;1m   1199432[0m[34;1m   1415276[0m[34;1m        28[0m
19:01:22   [34;1m    978580[0m[34;1m   1783212[0m[34;1m    749316[0m[34;1m     19.70[0m[34;1m    101864[0m[34;1m   1861456[0m[34;1m   3922648[0m[31;1m    103.14[0m[34;1m   1199432[0m[34;1m   1415704[0m[34;1m        28[0m
19:01:23   [34;1m    978580[0m[34;1m   1783216[0m[34;1m    749316[0m[34;1m     19.70[0m[34;1m    101864[0m[34;1m   1861460[0m[34;1m   3922648[0m[31;1m    103.14[0m[34;1m   1199432[0m[34;1m   1415540[0m[34;1m        32[0m
19:01:24   [34;1m    978580[0m[34;1m   1783216[0m[34;1m    749316[0m[34;1m     19.70[0m[34;1m    101868[0m[34;1m   1861456[0m[34;1m   3922648[0m[31;1m    103.14[0m[34;1m   1199432[0m[34;1m   1415540[0m[34;1m        32[0m
19:01:25   [34;1m    977824[0m[34;1m   1782468[0m[34;1m    750072[0m[34;1m     19.72[0m[34;1m    101868[0m[34;1m   1861464[0m[34;1m   3922648[0m[31;1m    103.14[0m[34;1m   1199436[0m[34;1m   1415592[0m[34;1m        32[0m
19:01:26   [34;1m    977824[0m[34;1m   1782468[0m[34;1m    750072[0m[34;1m     19.72[0m[34;1m    101868[0m[34;1m   1861464[0m[34;1m   3922648[0m[31;1m    103.14[0m[34;1m   1199436[0m[34;1m   1415592[0m[34;1m        32[0m
19:01:27   [34;1m    977824[0m[34;1m   1782476[0m[34;1m    750064[0m[34;1m     19.72[0m[34;1m    101872[0m[34;1m   1861468[0m[34;1m   3922648[0m[31;1m    103.14[0m[34;1m   1199440[0m[34;1m   1415628[0m[34;1m        32[0m
19:01:28   [34;1m    977824[0m[34;1m   1782476[0m[34;1m    750064[0m[34;1m     19.72[0m[34;1m    101872[0m[34;1m   1861468[0m[34;1m   3922648[0m[31;1m    103.14[0m[34;1m   1199440[0m[34;1m   1415636[0m[34;1m        24[0m
19:01:29   [34;1m    977824[0m[34;1m   1782476[0m[34;1m    750064[0m[34;1m     19.72[0m[34;1m    101872[0m[34;1m   1861468[0m[34;1m   3922648[0m[31;1m    103.14[0m[34;1m   1199440[0m[34;1m   1415656[0m[34;1m        28[0m
19:01:30   [34;1m    977572[0m[34;1m   1782224[0m[34;1m    750320[0m[34;1m     19.73[0m[34;1m    101872[0m[34;1m   1861468[0m[34;1m   3922648[0m[31;1m    103.14[0m[34;1m   1199440[0m[34;1m   1415664[0m[34;1m        28[0m
19:01:31   [34;1m    977572[0m[34;1m   1782224[0m[34;1m    750316[0m[34;1m     19.73[0m[34;1m    101872[0m[34;1m   1861468[0m[34;1m   3922648[0m[31;1m    103.14[0m[34;1m   1199440[0m[34;1m   1415772[0m[34;1m        28[0m
19:01:32   [34;1m    977572[0m[34;1m   1782224[0m[34;1m    750316[0m[34;1m     19.73[0m[34;1m    101872[0m[34;1m   1861468[0m[34;1m   3922648[0m[31;1m    103.14[0m[34;1m   1199440[0m[34;1m   1415668[0m[34;1m        12[0m
19:01:33   [34;1m    977572[0m[34;1m   1782252[0m[34;1m    750284[0m[34;1m     19.73[0m[34;1m    101888[0m[34;1m   1861476[0m[34;1m   3922648[0m[31;1m    103.14[0m[34;1m   1199456[0m[34;1m   1415516[0m[34;1m        40[0m
