Linux 6.6.95 (ssp-study-m02) 	04/21/26 	_x86_64_	(2 CPU)

11:54:24        CPU     %user     %nice   %system   %iowait    %steal     %idle
11:54:25   [32;22m     all[0m[34;1m      0.52[0m[34;22m      0.00[0m[34;1m      2.07[0m[34;22m      0.00[0m[34;22m      0.00[0m[34;1m     97.41[0m
11:54:26   [32;22m     all[0m[34;1m      1.56[0m[34;22m      0.00[0m[34;1m      1.04[0m[34;22m      0.00[0m[34;22m      0.00[0m[34;1m     97.40[0m
11:54:27   [32;22m     all[0m[34;1m      0.51[0m[34;22m      0.00[0m[34;1m      2.05[0m[34;22m      0.00[0m[34;22m      0.00[0m[34;1m     97.44[0m
11:54:28   [32;22m     all[0m[34;1m      2.08[0m[34;22m      0.00[0m[34;1m      5.21[0m[34;22m      0.00[0m[34;22m      0.00[0m[34;1m     92.71[0m
11:54:29   [32;22m     all[0m[34;1m      1.03[0m[34;22m      0.00[0m[34;1m      2.56[0m[34;22m      0.00[0m[34;22m      0.00[0m[34;1m     96.41[0m
11:54:30   [32;22m     all[0m[34;1m      1.55[0m[34;22m      0.00[0m[34;1m      2.58[0m[34;22m      0.00[0m[34;22m      0.00[0m[34;1m     95.88[0m
11:54:31   [32;22m     all[0m[34;1m      0.51[0m[34;22m      0.00[0m[34;1m      4.10[0m[34;22m      0.00[0m[34;22m      0.00[0m[34;1m     95.38[0m
11:54:32   [32;22m     all[0m[34;1m      3.09[0m[34;22m      0.00[0m[34;1m      4.64[0m[34;22m      0.00[0m[34;22m      0.00[0m[34;1m     92.27[0m
11:54:33   [32;22m     all[0m[34;1m      0.51[0m[34;22m      0.00[0m[34;1m      4.62[0m[34;22m      0.00[0m[34;22m      0.00[0m[34;1m     94.87[0m
11:54:34   [32;22m     all[0m[34;1m      3.11[0m[34;22m      0.00[0m[34;1m      5.18[0m[34;22m      0.00[0m[34;22m      0.00[0m[34;1m     91.71[0m
11:54:35   [32;22m     all[0m[34;1m      1.56[0m[34;22m      0.00[0m[34;1m      5.73[0m[34;22m      0.00[0m[34;22m      0.00[0m[34;1m     92.71[0m
11:54:36   [32;22m     all[0m[34;1m      4.19[0m[34;22m      0.00[0m[34;1m      6.28[0m[34;22m      0.00[0m[34;22m      0.00[0m[34;1m     89.53[0m
11:54:37   [32;22m     all[0m[34;1m      1.05[0m[34;22m      0.00[0m[34;1m      3.14[0m[34;22m      0.00[0m[34;22m      0.00[0m[34;1m     95.81[0m
11:54:38   [32;22m     all[0m[34;1m      3.11[0m[34;22m      0.00[0m[34;1m      6.22[0m[34;22m      0.00[0m[34;22m      0.00[0m[34;1m     90.67[0m
11:54:39   [32;22m     all[0m[34;1m      2.62[0m[34;22m      0.00[0m[34;1m      5.76[0m[34;22m      0.00[0m[34;22m      0.00[0m[34;1m     91.62[0m
11:54:40   [32;22m     all[0m[34;1m      2.62[0m[34;22m      0.00[0m[34;1m      4.71[0m[34;22m      0.00[0m[34;22m      0.00[0m[34;1m     92.67[0m
11:54:41   [32;22m     all[0m[34;1m      3.16[0m[34;22m      0.00[0m[34;1m      6.84[0m[34;22m      0.00[0m[34;22m      0.00[0m[34;1m     90.00[0m
11:54:42   [32;22m     all[0m[34;1m      3.14[0m[34;22m      0.00[0m[34;1m      8.38[0m[34;22m      0.00[0m[34;22m      0.00[0m[34;1m     88.48[0m
11:54:43   [32;22m     all[0m[34;1m      3.11[0m[34;22m      0.00[0m[34;1m      8.29[0m[34;22m      0.00[0m[34;22m      0.00[0m[34;1m     88.60[0m
11:54:44   [32;22m     all[0m[34;1m      4.84[0m[34;22m      0.00[0m[34;1m      9.14[0m[34;22m      0.00[0m[34;22m      0.00[0m[34;1m     86.02[0m
11:54:45   [32;22m     all[0m[34;1m      4.21[0m[34;22m      0.00[0m[34;1m     10.53[0m[34;22m      0.00[0m[34;22m      0.00[0m[34;1m     85.26[0m
11:54:46   [32;22m     all[0m[34;1m      4.30[0m[34;22m      0.00[0m[34;1m     10.75[0m[34;22m      0.00[0m[34;22m      0.00[0m[34;1m     84.95[0m
11:54:47   [32;22m     all[0m[34;1m      3.72[0m[34;22m      0.00[0m[34;1m      9.57[0m[34;22m      0.00[0m[34;22m      0.00[0m[34;1m     86.70[0m
11:54:48   [32;22m     all[0m[34;1m      4.21[0m[34;22m      0.00[0m[34;1m     12.63[0m[34;22m      0.00[0m[34;22m      0.00[0m[34;1m     83.16[0m
11:54:49   [32;22m     all[0m[34;1m      3.74[0m[34;22m      0.00[0m[34;1m     10.16[0m[34;22m      0.00[0m[34;22m      0.00[0m[34;1m     86.10[0m
11:54:50   [32;22m     all[0m[34;1m      4.37[0m[34;22m      0.00[0m[34;1m     12.02[0m[34;22m      0.00[0m[34;22m      0.00[0m[34;1m     83.61[0m
11:54:51   [32;22m     all[0m[34;1m      3.74[0m[34;22m      0.00[0m[34;1m     12.83[0m[34;22m      0.00[0m[34;22m      0.00[0m[34;1m     83.42[0m
11:54:52   [32;22m     all[0m[34;1m      4.86[0m[34;22m      0.00[0m[34;1m     15.68[0m[34;22m      0.00[0m[34;22m      0.00[0m[34;1m     79.46[0m
11:54:53   [32;22m     all[0m[34;1m      4.76[0m[34;22m      0.00[0m[34;1m     15.34[0m[34;22m      0.00[0m[34;22m      0.00[0m[34;1m     79.89[0m
11:54:54   [32;22m     all[0m[34;1m      6.15[0m[34;22m      0.00[0m[34;1m     15.64[0m[34;22m      0.00[0m[34;22m      0.00[0m[34;1m     78.21[0m
11:54:55   [32;22m     all[0m[34;1m      4.76[0m[34;22m      0.00[0m[34;1m     14.81[0m[34;22m      0.00[0m[34;22m      0.00[0m[34;1m     80.42[0m
11:54:56   [32;22m     all[0m[34;1m      4.89[0m[34;22m      0.00[0m[34;1m     11.96[0m[34;22m      0.00[0m[34;22m      0.00[0m[34;1m     83.15[0m
11:54:57   [32;22m     all[0m[34;1m      3.76[0m[34;22m      0.00[0m[34;1m     10.75[0m[34;22m      0.00[0m[34;22m      0.00[0m[34;1m     85.48[0m
11:54:58   [32;22m     all[0m[34;1m      6.49[0m[34;22m      0.00[0m[34;1m     15.68[0m[34;22m      0.00[0m[34;22m      0.00[0m[34;1m     77.84[0m
11:54:59   [32;22m     all[0m[34;1m      4.89[0m[34;22m      0.00[0m[34;1m     11.96[0m[34;22m      0.00[0m[34;22m      0.00[0m[34;1m     83.15[0m
11:55:00   [32;22m     all[0m[34;1m      3.83[0m[34;22m      0.00[0m[34;1m     13.66[0m[34;22m      0.00[0m[34;22m      0.00[0m[34;1m     82.51[0m
11:55:01   [32;22m     all[0m[34;1m      5.38[0m[34;22m      0.00[0m[34;1m     14.52[0m[34;22m      0.00[0m[34;22m      0.00[0m[34;1m     80.11[0m
11:55:02   [32;22m     all[0m[34;1m      4.40[0m[34;22m      0.00[0m[34;1m     13.19[0m[34;22m      0.00[0m[34;22m      0.00[0m[34;1m     82.42[0m
11:55:03   [32;22m     all[0m[34;1m      3.72[0m[34;22m      0.00[0m[34;1m     12.77[0m[34;22m      0.00[0m[34;22m      0.00[0m[34;1m     83.51[0m
11:55:04   [32;22m     all[0m[34;1m      5.38[0m[34;22m      0.00[0m[34;1m     13.44[0m[34;22m      0.00[0m[34;22m      0.00[0m[34;1m     81.18[0m
11:55:05   [32;22m     all[0m[34;1m      5.41[0m[34;22m      0.00[0m[34;1m     15.68[0m[34;22m      0.00[0m[34;22m      0.00[0m[34;1m     78.92[0m
11:55:06   [32;22m     all[0m[34;1m      5.41[0m[34;22m      0.00[0m[34;1m     14.59[0m[34;22m      0.00[0m[34;22m      0.00[0m[34;1m     80.00[0m
11:55:07   [32;22m     all[0m[34;1m      3.74[0m[34;22m      0.00[0m[34;1m     15.51[0m[34;22m      0.00[0m[34;22m      0.00[0m[34;1m     80.75[0m
11:55:08   [32;22m     all[0m[34;1m      7.57[0m[34;22m      0.00[0m[34;1m     14.59[0m[34;22m      0.00[0m[34;22m      0.00[0m[34;1m     77.84[0m
11:55:09   [32;22m     all[0m[34;1m      4.86[0m[34;22m      0.00[0m[34;1m     14.05[0m[34;22m      0.00[0m[34;22m      0.00[0m[34;1m     81.08[0m
11:55:10   [32;22m     all[0m[34;1m      4.84[0m[34;22m      0.00[0m[34;1m     13.98[0m[34;22m      0.00[0m[34;22m      0.00[0m[34;1m     81.18[0m
11:55:11   [32;22m     all[0m[34;1m      4.35[0m[34;22m      0.00[0m[34;1m     11.96[0m[34;22m      0.00[0m[34;22m      0.00[0m[34;1m     83.70[0m
11:55:12   [32;22m     all[0m[34;1m      5.41[0m[34;22m      0.00[0m[34;1m     15.68[0m[34;22m      0.00[0m[34;22m      0.00[0m[34;1m     78.92[0m
11:55:13   [32;22m     all[0m[34;1m      4.95[0m[34;22m      0.00[0m[34;1m     12.09[0m[34;22m      0.00[0m[34;22m      0.00[0m[34;1m     82.97[0m
11:55:14   [32;22m     all[0m[34;1m      5.91[0m[34;22m      0.00[0m[34;1m     13.44[0m[34;22m      0.00[0m[34;22m      0.00[0m[34;1m     80.65[0m
11:55:15   [32;22m     all[0m[34;1m      3.23[0m[34;22m      0.00[0m[34;1m     11.83[0m[34;22m      0.00[0m[34;22m      0.00[0m[34;1m     84.95[0m
11:55:16   [32;22m     all[0m[34;1m      4.97[0m[34;22m      0.00[0m[34;1m     16.02[0m[34;22m      0.00[0m[34;22m      0.00[0m[34;1m     79.01[0m
11:55:17   [32;22m     all[0m[34;1m      4.32[0m[34;22m      0.00[0m[34;1m     14.59[0m[34;22m      0.00[0m[34;22m      0.00[0m[34;1m     81.08[0m
11:55:18   [32;22m     all[0m[34;1m      5.95[0m[34;22m      0.00[0m[34;1m     14.59[0m[34;22m      0.00[0m[34;22m      0.00[0m[34;1m     79.46[0m
11:55:19   [32;22m     all[0m[34;1m      3.78[0m[34;22m      0.00[0m[34;1m     14.05[0m[34;22m      0.00[0m[34;22m      0.00[0m[34;1m     82.16[0m
11:55:20   [32;22m     all[0m[34;1m      3.76[0m[34;22m      0.00[0m[34;1m     12.90[0m[34;22m      0.00[0m[34;22m      0.00[0m[34;1m     83.33[0m
11:55:21   [32;22m     all[0m[34;1m      4.37[0m[34;22m      0.00[0m[34;1m     13.66[0m[34;22m      0.00[0m[34;22m      0.00[0m[34;1m     81.97[0m
11:55:22   [32;22m     all[0m[34;1m      5.43[0m[34;22m      0.00[0m[34;1m     16.85[0m[34;22m      0.00[0m[34;22m      0.00[0m[34;1m     77.72[0m
11:55:23   [32;22m     all[0m[34;1m      3.74[0m[34;22m      0.00[0m[34;1m     13.90[0m[34;22m      0.00[0m[34;22m      0.00[0m[34;1m     82.35[0m
11:55:24   [32;22m     all[0m[34;1m      5.49[0m[34;22m      0.00[0m[34;1m     12.09[0m[34;22m      0.00[0m[34;22m      0.00[0m[34;1m     82.42[0m
11:55:25   [32;22m     all[0m[34;1m      4.86[0m[34;22m      0.00[0m[34;1m     13.51[0m[34;22m      0.00[0m[34;22m      0.00[0m[34;1m     81.62[0m
11:55:26   [32;22m     all[0m[34;1m      3.80[0m[34;22m      0.00[0m[34;1m     13.59[0m[34;22m      0.00[0m[34;22m      0.00[0m[34;1m     82.61[0m
11:55:27   [32;22m     all[0m[34;1m      5.41[0m[34;22m      0.00[0m[34;1m     15.14[0m[34;22m      0.00[0m[34;22m      0.00[0m[34;1m     79.46[0m
11:55:28   [32;22m     all[0m[34;1m      5.98[0m[34;22m      0.00[0m[34;1m     13.04[0m[34;22m      0.00[0m[34;22m      0.00[0m[34;1m     80.98[0m
11:55:29   [32;22m     all[0m[34;1m      4.26[0m[34;22m      0.00[0m[34;1m     12.77[0m[34;22m      0.00[0m[34;22m      0.00[0m[34;1m     82.98[0m
11:55:30   [32;22m     all[0m[34;1m      4.30[0m[34;22m      0.00[0m[34;1m     12.90[0m[34;22m      0.00[0m[34;22m      0.00[0m[34;1m     82.80[0m
11:55:31   [32;22m     all[0m[34;1m      4.89[0m[34;22m      0.00[0m[34;1m     13.04[0m[34;22m      0.00[0m[34;22m      0.00[0m[34;1m     82.07[0m
11:55:32   [32;22m     all[0m[34;1m      5.41[0m[34;22m      0.00[0m[34;1m     12.43[0m[34;22m      0.00[0m[34;22m      0.00[0m[34;1m     82.16[0m
11:55:33   [32;22m     all[0m[34;1m      4.84[0m[34;22m      0.00[0m[34;1m     17.20[0m[34;22m      0.00[0m[34;22m      0.00[0m[34;1m     77.96[0m
11:55:34   [32;22m     all[0m[34;1m      7.78[0m[34;22m      0.00[0m[34;1m     16.67[0m[34;22m      0.00[0m[34;22m      0.00[0m[34;1m     75.56[0m
11:55:35   [32;22m     all[0m[34;1m      4.92[0m[34;22m      0.00[0m[34;1m     16.94[0m[34;22m      0.00[0m[34;22m      0.00[0m[34;1m     78.14[0m
11:55:36   [32;22m     all[0m[34;1m      7.53[0m[34;22m      0.00[0m[34;1m     13.44[0m[34;22m      0.00[0m[34;22m      0.00[0m[34;1m     79.03[0m
11:55:37   [32;22m     all[0m[34;1m      3.24[0m[34;22m      0.00[0m[34;1m     13.51[0m[34;22m      0.00[0m[34;22m      0.00[0m[34;1m     83.24[0m
11:55:38   [32;22m     all[0m[34;1m      5.95[0m[34;22m      0.00[0m[34;1m     16.22[0m[34;22m      0.00[0m[34;22m      0.00[0m[34;1m     77.84[0m
11:55:39   [32;22m     all[0m[34;1m      7.07[0m[34;22m      0.00[0m[34;1m     15.76[0m[34;22m      0.00[0m[34;22m      0.00[0m[34;1m     77.17[0m
11:55:40   [32;22m     all[0m[34;1m      4.89[0m[34;22m      0.00[0m[34;1m     14.13[0m[34;22m      0.00[0m[34;22m      0.00[0m[34;1m     80.98[0m
11:55:41   [32;22m     all[0m[34;1m      3.24[0m[34;22m      0.00[0m[34;1m     14.59[0m[34;22m      0.00[0m[34;22m      0.00[0m[34;1m     82.16[0m
11:55:42   [32;22m     all[0m[34;1m      5.35[0m[34;22m      0.00[0m[34;1m     14.97[0m[34;22m      0.00[0m[34;22m      0.00[0m[34;1m     79.68[0m
11:55:43   [32;22m     all[0m[34;1m      3.76[0m[34;22m      0.00[0m[34;1m     14.52[0m[34;22m      0.00[0m[34;22m      0.00[0m[34;1m     81.72[0m
11:55:44   [32;22m     all[0m[34;1m      5.82[0m[34;22m      0.00[0m[34;1m     16.40[0m[34;22m      0.00[0m[34;22m      0.00[0m[34;1m     77.78[0m
11:55:45   [32;22m     all[0m[34;1m      4.30[0m[34;22m      0.00[0m[34;1m     15.05[0m[34;22m      0.00[0m[34;22m      0.00[0m[34;1m     80.65[0m
11:55:46   [32;22m     all[0m[34;1m      4.32[0m[34;22m      0.00[0m[34;1m     14.05[0m[34;22m      0.00[0m[34;22m      0.00[0m[34;1m     81.62[0m
11:55:47   [32;22m     all[0m[34;1m      4.26[0m[34;22m      0.00[0m[34;1m     13.30[0m[34;22m      0.00[0m[34;22m      0.00[0m[34;1m     82.45[0m
11:55:48   [32;22m     all[0m[34;1m      4.21[0m[34;22m      0.00[0m[34;1m     13.16[0m[34;22m      0.00[0m[34;22m      0.00[0m[34;1m     82.63[0m
11:55:49   [32;22m     all[0m[34;1m      3.16[0m[34;22m      0.00[0m[34;1m     14.21[0m[34;22m      0.00[0m[34;22m      0.00[0m[34;1m     82.63[0m
11:55:50   [32;22m     all[0m[34;1m      4.81[0m[34;22m      0.00[0m[34;1m     14.44[0m[34;22m      0.00[0m[34;22m      0.00[0m[34;1m     80.75[0m
11:55:51   [32;22m     all[0m[34;1m      5.82[0m[34;22m      0.00[0m[34;1m     19.05[0m[34;22m      0.00[0m[34;22m      0.00[0m[34;1m     75.13[0m
11:55:52   [32;22m     all[0m[34;1m      6.32[0m[34;22m      0.00[0m[34;1m     17.89[0m[34;22m      0.00[0m[34;22m      0.00[0m[34;1m     75.79[0m
11:55:53   [32;22m     all[0m[34;1m      4.26[0m[34;22m      0.00[0m[34;1m     11.17[0m[34;22m      0.00[0m[34;22m      0.00[0m[34;1m     84.57[0m
11:55:54   [32;22m     all[0m[34;1m      5.38[0m[34;22m      0.00[0m[34;1m     13.44[0m[34;22m      0.00[0m[34;22m      0.00[0m[34;1m     81.18[0m
11:55:55   [32;22m     all[0m[34;1m      4.21[0m[34;22m      0.00[0m[34;1m     11.58[0m[34;22m      0.00[0m[34;22m      0.00[0m[34;1m     84.21[0m
11:55:56   [32;22m     all[0m[34;1m      4.84[0m[34;22m      0.00[0m[34;1m     15.05[0m[34;22m      0.00[0m[34;22m      0.00[0m[34;1m     80.11[0m
11:55:57   [32;22m     all[0m[34;1m      3.80[0m[34;22m      0.00[0m[34;1m     14.67[0m[34;1m      0.54[0m[34;22m      0.00[0m[34;1m     80.98[0m
11:55:58   [32;22m     all[0m[34;1m      8.20[0m[34;22m      0.00[0m[34;1m     18.03[0m[34;22m      0.00[0m[34;22m      0.00[0m[34;1m     73.77[0m
11:55:59   [32;22m     all[0m[34;1m      5.41[0m[34;22m      0.00[0m[34;1m     16.22[0m[34;22m      0.00[0m[34;22m      0.00[0m[34;1m     78.38[0m
11:56:00   [32;22m     all[0m[34;1m      4.32[0m[34;22m      0.00[0m[34;1m     12.43[0m[34;22m      0.00[0m[34;22m      0.00[0m[34;1m     83.24[0m
11:56:01   [32;22m     all[0m[34;1m      4.26[0m[34;22m      0.00[0m[34;1m     15.43[0m[34;22m      0.00[0m[34;22m      0.00[0m[34;1m     80.32[0m
11:56:02   [32;22m     all[0m[34;1m      5.41[0m[34;22m      0.00[0m[34;1m     16.76[0m[34;22m      0.00[0m[34;22m      0.00[0m[34;1m     77.84[0m
11:56:03   [32;22m     all[0m[34;1m      2.65[0m[34;22m      0.00[0m[34;1m     13.23[0m[34;22m      0.00[0m[34;22m      0.00[0m[34;1m     84.13[0m
11:56:04   [32;22m     all[0m[34;1m      5.98[0m[34;22m      0.00[0m[34;1m     14.67[0m[34;22m      0.00[0m[34;22m      0.00[0m[34;1m     79.35[0m
11:56:05   [32;22m     all[0m[34;1m      4.95[0m[34;22m      0.00[0m[34;1m     17.03[0m[34;22m      0.00[0m[34;22m      0.00[0m[34;1m     78.02[0m
11:56:06   [32;22m     all[0m[34;1m      5.29[0m[34;22m      0.00[0m[34;1m     12.70[0m[34;22m      0.00[0m[34;22m      0.00[0m[34;1m     82.01[0m
11:56:07   [32;22m     all[0m[34;1m      4.92[0m[34;22m      0.00[0m[34;1m     14.75[0m[34;22m      0.00[0m[34;22m      0.00[0m[34;1m     80.33[0m
11:56:08   [32;22m     all[0m[34;1m      5.98[0m[34;22m      0.00[0m[34;1m     14.67[0m[34;22m      0.00[0m[34;22m      0.00[0m[34;1m     79.35[0m
11:56:09   [32;22m     all[0m[34;1m      3.76[0m[34;22m      0.00[0m[34;1m     13.44[0m[34;22m      0.00[0m[34;22m      0.00[0m[34;1m     82.80[0m
11:56:10   [32;22m     all[0m[34;1m      4.32[0m[34;22m      0.00[0m[34;1m     14.05[0m[34;22m      0.00[0m[34;22m      0.00[0m[34;1m     81.62[0m
11:56:11   [32;22m     all[0m[34;1m      4.44[0m[34;22m      0.00[0m[34;1m     15.56[0m[34;22m      0.00[0m[34;22m      0.00[0m[34;1m     80.00[0m
11:56:12   [32;22m     all[0m[34;1m      5.49[0m[34;22m      0.00[0m[34;1m     14.29[0m[34;22m      0.00[0m[34;22m      0.00[0m[34;1m     80.22[0m
11:56:13   [32;22m     all[0m[34;1m      4.79[0m[34;22m      0.00[0m[34;1m     14.36[0m[34;22m      0.00[0m[34;22m      0.00[0m[34;1m     80.85[0m
11:56:14   [32;22m     all[0m[34;1m      4.84[0m[34;22m      0.00[0m[34;1m     15.59[0m[34;22m      0.00[0m[34;22m      0.00[0m[34;1m     79.57[0m
11:56:15   [32;22m     all[0m[34;1m      4.32[0m[34;22m      0.00[0m[34;1m     10.81[0m[34;22m      0.00[0m[34;22m      0.00[0m[34;1m     84.86[0m
11:56:16   [32;22m     all[0m[34;1m      3.80[0m[34;22m      0.00[0m[34;1m     13.59[0m[34;22m      0.00[0m[34;22m      0.00[0m[34;1m     82.61[0m
11:56:17   [32;22m     all[0m[34;1m      3.85[0m[34;22m      0.00[0m[34;1m     13.74[0m[34;22m      0.00[0m[34;22m      0.00[0m[34;1m     82.42[0m
11:56:18   [32;22m     all[0m[34;1m      6.99[0m[34;22m      0.00[0m[34;1m     15.05[0m[34;22m      0.00[0m[34;22m      0.00[0m[34;1m     77.96[0m
11:56:19   [32;22m     all[0m[34;1m      3.76[0m[34;22m      0.00[0m[34;1m     13.44[0m[34;22m      0.00[0m[34;22m      0.00[0m[34;1m     82.80[0m
11:56:20   [32;22m     all[0m[34;1m      4.32[0m[34;22m      0.00[0m[34;1m     14.05[0m[34;22m      0.00[0m[34;22m      0.00[0m[34;1m     81.62[0m
11:56:21   [32;22m     all[0m[34;1m      4.26[0m[34;22m      0.00[0m[34;1m     13.83[0m[34;22m      0.00[0m[34;22m      0.00[0m[34;1m     81.91[0m
11:56:22   [32;22m     all[0m[34;1m      3.72[0m[34;22m      0.00[0m[34;1m     13.83[0m[34;22m      0.00[0m[34;22m      0.00[0m[34;1m     82.45[0m
11:56:23   [32;22m     all[0m[34;1m      5.38[0m[34;22m      0.00[0m[34;1m     13.44[0m[34;22m      0.00[0m[34;22m      0.00[0m[34;1m     81.18[0m
11:56:24   [32;22m     all[0m[34;1m      5.52[0m[34;22m      0.00[0m[34;1m     14.36[0m[34;22m      0.00[0m[34;22m      0.00[0m[34;1m     80.11[0m
11:56:25   [32;22m     all[0m[34;1m      4.76[0m[34;22m      0.00[0m[34;1m     16.93[0m[34;22m      0.00[0m[34;22m      0.00[0m[34;1m     78.31[0m
11:56:26   [32;22m     all[0m[34;1m      5.91[0m[34;22m      0.00[0m[34;1m     13.98[0m[34;22m      0.00[0m[34;22m      0.00[0m[34;1m     80.11[0m
11:56:27   [32;22m     all[0m[34;1m      3.85[0m[34;22m      0.00[0m[34;1m     13.74[0m[34;22m      0.00[0m[34;22m      0.00[0m[34;1m     82.42[0m
11:56:28   [32;22m     all[0m[34;1m      6.01[0m[34;22m      0.00[0m[34;1m     14.75[0m[34;22m      0.00[0m[34;22m      0.00[0m[34;1m     79.23[0m
11:56:29   [32;22m     all[0m[34;1m      3.80[0m[34;22m      0.00[0m[34;1m     13.59[0m[34;22m      0.00[0m[34;22m      0.00[0m[34;1m     82.61[0m
11:56:30   [32;22m     all[0m[34;1m      6.99[0m[34;22m      0.00[0m[34;1m     16.67[0m[34;22m      0.00[0m[34;22m      0.00[0m[34;1m     76.34[0m
11:56:31   [32;22m     all[0m[34;1m      5.43[0m[34;22m      0.00[0m[34;1m     13.59[0m[34;22m      0.00[0m[34;22m      0.00[0m[34;1m     80.98[0m
11:56:32   [32;22m     all[0m[34;1m      6.38[0m[34;22m      0.00[0m[34;1m     15.96[0m[34;22m      0.00[0m[34;22m      0.00[0m[34;1m     77.66[0m
11:56:33   [32;22m     all[0m[34;1m      4.32[0m[34;22m      0.00[0m[34;1m     15.68[0m[34;22m      0.00[0m[34;22m      0.00[0m[34;1m     80.00[0m
11:56:34   [32;22m     all[0m[34;1m      7.07[0m[34;22m      0.00[0m[34;1m     14.67[0m[34;22m      0.00[0m[34;22m      0.00[0m[34;1m     78.26[0m
11:56:35   [32;22m     all[0m[34;1m      4.92[0m[34;22m      0.00[0m[34;1m     12.57[0m[34;22m      0.00[0m[34;22m      0.00[0m[34;1m     82.51[0m
11:56:36   [32;22m     all[0m[34;1m      4.30[0m[34;22m      0.00[0m[34;1m     14.52[0m[34;22m      0.00[0m[34;22m      0.00[0m[34;1m     81.18[0m
11:56:37   [32;22m     all[0m[34;1m      4.28[0m[34;22m      0.00[0m[34;1m     13.37[0m[34;22m      0.00[0m[34;22m      0.00[0m[34;1m     82.35[0m
11:56:38   [32;22m     all[0m[34;1m      6.38[0m[34;22m      0.00[0m[34;1m     15.96[0m[34;22m      0.00[0m[34;22m      0.00[0m[34;1m     77.66[0m
11:56:39   [32;22m     all[0m[34;1m      5.56[0m[34;22m      0.00[0m[34;1m     13.33[0m[34;22m      0.00[0m[34;22m      0.00[0m[34;1m     81.11[0m
11:56:40   [32;22m     all[0m[34;1m      5.41[0m[34;22m      0.00[0m[34;1m     15.68[0m[34;22m      0.00[0m[34;22m      0.00[0m[34;1m     78.92[0m
11:56:41   [32;22m     all[0m[34;1m      3.83[0m[34;22m      0.00[0m[34;1m     12.57[0m[34;22m      0.00[0m[34;22m      0.00[0m[34;1m     83.61[0m
11:56:42   [32;22m     all[0m[34;1m      3.76[0m[34;22m      0.00[0m[34;1m     12.90[0m[34;22m      0.00[0m[34;22m      0.00[0m[34;1m     83.33[0m
11:56:43   [32;22m     all[0m[34;1m      5.38[0m[34;22m      0.00[0m[34;1m     15.59[0m[34;22m      0.00[0m[34;22m      0.00[0m[34;1m     79.03[0m
11:56:44   [32;22m     all[0m[34;1m      6.52[0m[34;22m      0.00[0m[34;1m     14.13[0m[34;22m      0.00[0m[34;22m      0.00[0m[34;1m     79.35[0m
11:56:45   [32;22m     all[0m[34;1m      4.97[0m[34;22m      0.00[0m[34;1m     12.71[0m[34;22m      0.00[0m[34;22m      0.00[0m[34;1m     82.32[0m
11:56:46   [32;22m     all[0m[34;1m      5.41[0m[34;22m      0.00[0m[34;1m     12.97[0m[34;22m      0.00[0m[34;22m      0.00[0m[34;1m     81.62[0m
11:56:47   [32;22m     all[0m[34;1m      5.49[0m[34;22m      0.00[0m[34;1m     17.58[0m[34;22m      0.00[0m[34;22m      0.00[0m[34;1m     76.92[0m
11:56:48   [32;22m     all[0m[34;1m      5.95[0m[34;22m      0.00[0m[34;1m     13.51[0m[34;22m      0.00[0m[34;22m      0.00[0m[34;1m     80.54[0m
11:56:49   [32;22m     all[0m[34;1m      4.89[0m[34;22m      0.00[0m[34;1m     16.30[0m[34;22m      0.00[0m[34;22m      0.00[0m[34;1m     78.80[0m
11:56:50   [32;22m     all[0m[34;1m      5.38[0m[34;22m      0.00[0m[34;1m     13.98[0m[34;22m      0.00[0m[34;22m      0.00[0m[34;1m     80.65[0m
11:56:51   [32;22m     all[0m[34;1m      4.97[0m[34;22m      0.00[0m[34;1m     14.36[0m[34;22m      0.00[0m[34;22m      0.00[0m[34;1m     80.66[0m
11:56:52   [32;22m     all[0m[34;1m      5.41[0m[34;22m      0.00[0m[34;1m     14.59[0m[34;22m      0.00[0m[34;22m      0.00[0m[34;1m     80.00[0m
11:56:53   [32;22m     all[0m[34;1m      4.89[0m[34;22m      0.00[0m[34;1m     15.76[0m[34;22m      0.00[0m[34;22m      0.00[0m[34;1m     79.35[0m
11:56:54   [32;22m     all[0m[34;1m      5.41[0m[34;22m      0.00[0m[34;1m     15.68[0m[34;22m      0.00[0m[34;22m      0.00[0m[34;1m     78.92[0m
11:56:55   [32;22m     all[0m[34;1m      4.35[0m[34;22m      0.00[0m[34;1m     14.13[0m[34;22m      0.00[0m[34;22m      0.00[0m[34;1m     81.52[0m
11:56:56   [32;22m     all[0m[34;1m      5.41[0m[34;22m      0.00[0m[34;1m     12.97[0m[34;22m      0.00[0m[34;22m      0.00[0m[34;1m     81.62[0m
11:56:58   [32;22m     all[0m[34;1m      4.86[0m[34;22m      0.00[0m[34;1m     11.35[0m[34;22m      0.00[0m[34;22m      0.00[0m[34;1m     83.78[0m
11:56:59   [32;22m     all[0m[34;1m      6.45[0m[34;22m      0.00[0m[34;1m     12.90[0m[34;22m      0.00[0m[34;22m      0.00[0m[34;1m     80.65[0m
11:57:00   [32;22m     all[0m[34;1m      4.35[0m[34;22m      0.00[0m[34;1m     13.04[0m[34;22m      0.00[0m[34;22m      0.00[0m[34;1m     82.61[0m
11:57:01   [32;22m     all[0m[34;1m      4.84[0m[34;22m      0.00[0m[34;1m     15.05[0m[34;22m      0.00[0m[34;22m      0.00[0m[34;1m     80.11[0m
11:57:02   [32;22m     all[0m[34;1m      5.52[0m[34;22m      0.00[0m[34;1m     16.02[0m[34;22m      0.00[0m[34;22m      0.00[0m[34;1m     78.45[0m
11:57:03   [32;22m     all[0m[34;1m      5.38[0m[34;22m      0.00[0m[34;1m     12.90[0m[34;22m      0.00[0m[34;22m      0.00[0m[34;1m     81.72[0m
11:57:04   [32;22m     all[0m[34;1m      5.41[0m[34;22m      0.00[0m[34;1m     13.51[0m[34;22m      0.00[0m[34;22m      0.00[0m[34;1m     81.08[0m
11:57:05   [32;22m     all[0m[34;1m      5.98[0m[34;22m      0.00[0m[34;1m     14.13[0m[34;22m      0.00[0m[34;22m      0.00[0m[34;1m     79.89[0m
11:57:06   [32;22m     all[0m[34;1m      5.88[0m[34;22m      0.00[0m[34;1m     14.44[0m[34;22m      0.00[0m[34;22m      0.00[0m[34;1m     79.68[0m
11:57:07   [32;22m     all[0m[34;1m      6.01[0m[34;22m      0.00[0m[34;1m     15.85[0m[34;22m      0.00[0m[34;22m      0.00[0m[34;1m     78.14[0m
11:57:08   [32;22m     all[0m[34;1m      5.41[0m[34;22m      0.00[0m[34;1m     14.59[0m[34;22m      0.00[0m[34;22m      0.00[0m[34;1m     80.00[0m
11:57:09   [32;22m     all[0m[34;1m      6.91[0m[34;22m      0.00[0m[34;1m     17.02[0m[34;22m      0.00[0m[34;22m      0.00[0m[34;1m     76.06[0m
11:57:10   [32;22m     all[0m[34;1m      4.35[0m[34;22m      0.00[0m[34;1m     16.30[0m[34;22m      0.00[0m[34;22m      0.00[0m[34;1m     79.35[0m
11:57:11   [32;22m     all[0m[34;1m      6.52[0m[34;22m      0.00[0m[34;1m     14.13[0m[34;22m      0.00[0m[34;22m      0.00[0m[34;1m     79.35[0m
11:57:12   [32;22m     all[0m[34;1m      4.42[0m[34;22m      0.00[0m[34;1m     13.81[0m[34;22m      0.00[0m[34;22m      0.00[0m[34;1m     81.77[0m
11:57:13   [32;22m     all[0m[34;1m      5.85[0m[34;22m      0.00[0m[34;1m     17.02[0m[34;22m      0.00[0m[34;22m      0.00[0m[34;1m     77.13[0m
11:57:14   [32;22m     all[0m[34;1m      3.74[0m[34;22m      0.00[0m[34;1m     14.44[0m[34;22m      0.00[0m[34;22m      0.00[0m[34;1m     81.82[0m
11:57:15   [32;22m     all[0m[34;1m      6.95[0m[34;22m      0.00[0m[34;1m     14.97[0m[34;22m      0.00[0m[34;22m      0.00[0m[34;1m     78.07[0m
11:57:16   [32;22m     all[0m[34;1m      5.88[0m[34;22m      0.00[0m[34;1m     14.97[0m[34;22m      0.00[0m[34;22m      0.00[0m[34;1m     79.14[0m
11:57:17   [32;22m     all[0m[34;1m      3.70[0m[34;22m      0.00[0m[34;1m     12.70[0m[34;22m      0.00[0m[34;22m      0.00[0m[34;1m     83.60[0m
11:57:18   [32;22m     all[0m[34;1m      6.56[0m[34;22m      0.00[0m[34;1m     13.66[0m[34;22m      0.00[0m[34;22m      0.00[0m[34;1m     79.78[0m
11:57:19   [32;22m     all[0m[34;1m      5.85[0m[34;22m      0.00[0m[34;1m     18.09[0m[34;22m      0.00[0m[34;22m      0.00[0m[34;1m     76.06[0m
11:57:20   [32;22m     all[0m[34;1m      4.81[0m[34;22m      0.00[0m[34;1m     14.44[0m[34;22m      0.00[0m[34;22m      0.00[0m[34;1m     80.75[0m
11:57:21   [32;22m     all[0m[34;1m      5.35[0m[34;22m      0.00[0m[34;1m     15.51[0m[34;22m      0.00[0m[34;22m      0.00[0m[34;1m     79.14[0m
11:57:22   [32;22m     all[0m[34;1m      5.95[0m[34;22m      0.00[0m[34;1m     14.05[0m[34;22m      0.00[0m[34;22m      0.00[0m[34;1m     80.00[0m
11:57:23   [32;22m     all[0m[34;1m      5.00[0m[34;22m      0.00[0m[34;1m     16.11[0m[34;22m      0.00[0m[34;22m      0.00[0m[34;1m     78.89[0m
11:57:24   [32;22m     all[0m[34;1m      5.26[0m[34;22m      0.00[0m[34;1m     17.37[0m[34;22m      0.00[0m[34;22m      0.00[0m[34;1m     77.37[0m
11:57:25   [32;22m     all[0m[34;1m      6.49[0m[34;22m      0.00[0m[34;1m     18.92[0m[34;22m      0.00[0m[34;22m      0.00[0m[34;1m     74.59[0m
11:57:26   [32;22m     all[0m[34;1m      4.79[0m[34;22m      0.00[0m[34;1m     13.30[0m[34;22m      0.00[0m[34;22m      0.00[0m[34;1m     81.91[0m
11:57:27   [32;22m     all[0m[34;1m      5.32[0m[34;22m      0.00[0m[34;1m     14.89[0m[34;22m      0.00[0m[34;22m      0.00[0m[34;1m     79.79[0m
11:57:28   [32;22m     all[0m[34;1m      4.26[0m[34;22m      0.00[0m[34;1m     13.83[0m[34;22m      0.00[0m[34;22m      0.00[0m[34;1m     81.91[0m
11:57:29   [32;22m     all[0m[34;1m      6.99[0m[34;22m      0.00[0m[34;1m     14.52[0m[34;22m      0.00[0m[34;22m      0.00[0m[34;1m     78.49[0m
11:57:30   [32;22m     all[0m[34;1m      4.84[0m[34;22m      0.00[0m[34;1m     17.74[0m[34;22m      0.00[0m[34;22m      0.00[0m[34;1m     77.42[0m
11:57:31   [32;22m     all[0m[34;1m      4.86[0m[34;22m      0.00[0m[34;1m     14.59[0m[34;22m      0.00[0m[34;22m      0.00[0m[34;1m     80.54[0m
11:57:32   [32;22m     all[0m[34;1m      4.32[0m[34;22m      0.00[0m[34;1m     13.51[0m[34;22m      0.00[0m[34;22m      0.00[0m[34;1m     82.16[0m
11:57:33   [32;22m     all[0m[34;1m      4.79[0m[34;22m      0.00[0m[34;1m     14.89[0m[34;22m      0.00[0m[34;22m      0.00[0m[34;1m     80.32[0m
11:57:34   [32;22m     all[0m[34;1m      3.80[0m[34;22m      0.00[0m[34;1m     14.67[0m[34;22m      0.00[0m[34;22m      0.00[0m[34;1m     81.52[0m
11:57:35   [32;22m     all[0m[34;1m      5.35[0m[34;22m      0.00[0m[34;1m     11.23[0m[34;22m      0.00[0m[34;22m      0.00[0m[34;1m     83.42[0m
11:57:36   [32;22m     all[0m[34;1m      4.97[0m[34;22m      0.00[0m[34;1m     14.92[0m[34;22m      0.00[0m[34;22m      0.00[0m[34;1m     80.11[0m
11:57:37   [32;22m     all[0m[34;1m      6.45[0m[34;22m      0.00[0m[34;1m     13.44[0m[34;22m      0.00[0m[34;22m      0.00[0m[34;1m     80.11[0m
11:57:38   [32;22m     all[0m[34;1m      3.24[0m[34;22m      0.00[0m[34;1m     12.97[0m[34;22m      0.00[0m[34;22m      0.00[0m[34;1m     83.78[0m
11:57:39   [32;22m     all[0m[34;1m      6.38[0m[34;22m      0.00[0m[34;1m     17.55[0m[34;22m      0.00[0m[34;22m      0.00[0m[34;1m     76.06[0m
11:57:40   [32;22m     all[0m[34;1m      3.80[0m[34;22m      0.00[0m[34;1m     12.50[0m[34;22m      0.00[0m[34;22m      0.00[0m[34;1m     83.70[0m
11:57:41   [32;22m     all[0m[34;1m      5.35[0m[34;22m      0.00[0m[34;1m     13.90[0m[34;22m      0.00[0m[34;22m      0.00[0m[34;1m     80.75[0m
11:57:42   [32;22m     all[0m[34;1m      6.11[0m[34;22m      0.00[0m[34;1m     17.22[0m[34;22m      0.00[0m[34;22m      0.00[0m[34;1m     76.67[0m
11:57:43   [32;22m     all[0m[34;1m      4.35[0m[34;22m      0.00[0m[34;1m     13.59[0m[34;22m      0.00[0m[34;22m      0.00[0m[34;1m     82.07[0m
11:57:44   [32;22m     all[0m[34;1m      4.81[0m[34;22m      0.00[0m[34;1m     13.37[0m[34;22m      0.00[0m[34;22m      0.00[0m[34;1m     81.82[0m
11:57:45   [32;22m     all[0m[34;1m      6.45[0m[34;22m      0.00[0m[34;1m     13.98[0m[34;22m      0.00[0m[34;22m      0.00[0m[34;1m     79.57[0m
11:57:46   [32;22m     all[0m[34;1m      5.00[0m[34;22m      0.00[0m[34;1m     16.11[0m[34;22m      0.00[0m[34;22m      0.00[0m[34;1m     78.89[0m
11:57:47   [32;22m     all[0m[34;1m      4.30[0m[34;22m      0.00[0m[34;1m     16.67[0m[34;22m      0.00[0m[34;22m      0.00[0m[34;1m     79.03[0m
11:57:48   [32;22m     all[0m[34;1m      5.03[0m[34;22m      0.00[0m[34;1m     18.44[0m[34;22m      0.00[0m[34;22m      0.00[0m[34;1m     76.54[0m
11:57:49   [32;22m     all[0m[34;1m      6.42[0m[34;22m      0.00[0m[34;1m     13.90[0m[34;22m      0.00[0m[34;22m      0.00[0m[34;1m     79.68[0m
11:57:50   [32;22m     all[0m[34;1m      4.86[0m[34;22m      0.00[0m[34;1m     17.84[0m[34;22m      0.00[0m[34;22m      0.00[0m[34;1m     77.30[0m
11:57:51   [32;22m     all[0m[34;1m      3.76[0m[34;22m      0.00[0m[34;1m     15.05[0m[34;22m      0.00[0m[34;22m      0.00[0m[34;1m     81.18[0m
11:57:52   [32;22m     all[0m[34;1m      4.81[0m[34;22m      0.00[0m[34;1m     14.44[0m[34;22m      0.00[0m[34;22m      0.00[0m[34;1m     80.75[0m
11:57:53   [32;22m     all[0m[34;1m      4.86[0m[34;22m      0.00[0m[34;1m     14.59[0m[34;22m      0.00[0m[34;22m      0.00[0m[34;1m     80.54[0m
11:57:54   [32;22m     all[0m[34;1m      4.81[0m[34;22m      0.00[0m[34;1m     16.04[0m[34;22m      0.00[0m[34;22m      0.00[0m[34;1m     79.14[0m
11:57:55   [32;22m     all[0m[34;1m      7.03[0m[34;22m      0.00[0m[34;1m     14.59[0m[34;22m      0.00[0m[34;22m      0.00[0m[34;1m     78.38[0m
11:57:56   [32;22m     all[0m[34;1m      4.40[0m[34;22m      0.00[0m[34;1m     14.84[0m[34;22m      0.00[0m[34;22m      0.00[0m[34;1m     80.77[0m
11:57:57   [32;22m     all[0m[34;1m      5.43[0m[34;22m      0.00[0m[34;1m     13.59[0m[34;22m      0.00[0m[34;22m      0.00[0m[34;1m     80.98[0m
11:57:58   [32;22m     all[0m[34;1m      3.78[0m[34;22m      0.00[0m[34;1m     16.22[0m[34;22m      0.00[0m[34;22m      0.00[0m[34;1m     80.00[0m
11:57:59   [32;22m     all[0m[34;1m      7.53[0m[34;22m      0.00[0m[34;1m     15.59[0m[34;22m      0.00[0m[34;22m      0.00[0m[34;1m     76.88[0m
11:58:00   [32;22m     all[0m[34;1m      4.37[0m[34;22m      0.00[0m[34;1m     15.30[0m[34;22m      0.00[0m[34;22m      0.00[0m[34;1m     80.33[0m
11:58:01   [32;22m     all[0m[34;1m      5.03[0m[34;22m      0.00[0m[34;1m     17.32[0m[34;22m      0.00[0m[34;22m      0.00[0m[34;1m     77.65[0m
11:58:02   [32;22m     all[0m[34;1m      4.23[0m[34;22m      0.00[0m[34;1m     11.64[0m[34;22m      0.00[0m[34;22m      0.00[0m[34;1m     84.13[0m
11:58:03   [32;22m     all[0m[34;1m      5.88[0m[34;22m      0.00[0m[34;1m     13.90[0m[34;22m      0.00[0m[34;22m      0.00[0m[34;1m     80.21[0m
11:58:04   [32;22m     all[0m[34;1m      5.00[0m[34;22m      0.00[0m[34;1m     13.89[0m[34;22m      0.00[0m[34;22m      0.00[0m[34;1m     81.11[0m
11:58:05   [32;22m     all[0m[34;1m      5.82[0m[34;22m      0.00[0m[34;1m     13.76[0m[34;22m      0.00[0m[34;22m      0.00[0m[34;1m     80.42[0m
11:58:06   [32;22m     all[0m[34;1m      4.95[0m[34;22m      0.00[0m[34;1m     13.74[0m[34;22m      0.00[0m[34;22m      0.00[0m[34;1m     81.32[0m
11:58:07   [32;22m     all[0m[34;1m      5.98[0m[34;22m      0.00[0m[34;1m     14.67[0m[34;22m      0.00[0m[34;22m      0.00[0m[34;1m     79.35[0m
11:58:08   [32;22m     all[0m[34;1m      4.37[0m[34;22m      0.00[0m[34;1m     14.75[0m[34;22m      0.00[0m[34;22m      0.00[0m[34;1m     80.87[0m
11:58:09   [32;22m     all[0m[34;1m      6.04[0m[34;22m      0.00[0m[34;1m     15.38[0m[34;22m      0.00[0m[34;22m      0.00[0m[34;1m     78.57[0m
11:58:10   [32;22m     all[0m[34;1m      4.89[0m[34;22m      0.00[0m[34;1m     15.22[0m[34;22m      0.00[0m[34;22m      0.00[0m[34;1m     79.89[0m
11:58:11   [32;22m     all[0m[34;1m      5.43[0m[34;22m      0.00[0m[34;1m     14.67[0m[34;22m      0.00[0m[34;22m      0.00[0m[34;1m     79.89[0m
11:58:12   [32;22m     all[0m[34;1m      4.32[0m[34;22m      0.00[0m[34;1m     14.05[0m[34;22m      0.00[0m[34;22m      0.00[0m[34;1m     81.62[0m
11:58:13   [32;22m     all[0m[34;1m      4.92[0m[34;22m      0.00[0m[34;1m     14.21[0m[34;22m      0.00[0m[34;22m      0.00[0m[34;1m     80.87[0m
11:58:14   [32;22m     all[0m[34;1m      4.86[0m[34;22m      0.00[0m[34;1m     12.97[0m[34;22m      0.00[0m[34;22m      0.00[0m[34;1m     82.16[0m
11:58:15   [32;22m     all[0m[34;1m      4.89[0m[34;22m      0.00[0m[34;1m     13.04[0m[34;22m      0.00[0m[34;22m      0.00[0m[34;1m     82.07[0m
11:58:16   [32;22m     all[0m[34;1m      4.84[0m[34;22m      0.00[0m[34;1m     12.90[0m[34;22m      0.00[0m[34;22m      0.00[0m[34;1m     82.26[0m
11:58:17   [32;22m     all[0m[34;1m      5.91[0m[34;22m      0.00[0m[34;1m     16.13[0m[34;22m      0.00[0m[34;22m      0.00[0m[34;1m     77.96[0m
11:58:18   [32;22m     all[0m[34;1m      4.89[0m[34;22m      0.00[0m[34;1m     12.50[0m[34;22m      0.00[0m[34;22m      0.00[0m[34;1m     82.61[0m
11:58:19   [32;22m     all[0m[34;1m      3.83[0m[34;22m      0.00[0m[34;1m     15.30[0m[34;22m      0.00[0m[34;22m      0.00[0m[34;1m     80.87[0m
11:58:20   [32;22m     all[0m[34;1m      5.35[0m[34;22m      0.00[0m[34;1m     16.58[0m[34;22m      0.00[0m[34;22m      0.00[0m[34;1m     78.07[0m
11:58:21   [32;22m     all[0m[34;1m      5.95[0m[34;22m      0.00[0m[34;1m     14.05[0m[34;22m      0.00[0m[34;22m      0.00[0m[34;1m     80.00[0m
11:58:22   [32;22m     all[0m[34;1m      4.84[0m[34;22m      0.00[0m[34;1m     17.74[0m[34;22m      0.00[0m[34;22m      0.00[0m[34;1m     77.42[0m
11:58:23   [32;22m     all[0m[34;1m      6.38[0m[34;22m      0.00[0m[34;1m     14.89[0m[34;22m      0.00[0m[34;22m      0.00[0m[34;1m     78.72[0m
11:58:24   [32;22m     all[0m[34;1m      4.89[0m[34;22m      0.00[0m[34;1m     16.30[0m[34;22m      0.00[0m[34;22m      0.00[0m[34;1m     78.80[0m
11:58:25   [32;22m     all[0m[34;1m      5.32[0m[34;22m      0.00[0m[34;1m     14.36[0m[34;22m      0.00[0m[34;22m      0.00[0m[34;1m     80.32[0m
11:58:26   [32;22m     all[0m[34;1m      5.00[0m[34;22m      0.00[0m[34;1m     13.33[0m[34;22m      0.00[0m[34;22m      0.00[0m[34;1m     81.67[0m
11:58:27   [32;22m     all[0m[34;1m      4.86[0m[34;22m      0.00[0m[34;1m     15.14[0m[34;22m      0.00[0m[34;22m      0.00[0m[34;1m     80.00[0m
11:58:28   [32;22m     all[0m[34;1m      5.79[0m[34;22m      0.00[0m[34;1m     16.32[0m[34;22m      0.00[0m[34;22m      0.00[0m[34;1m     77.89[0m
11:58:29   [32;22m     all[0m[34;1m      4.23[0m[34;22m      0.00[0m[34;1m     12.70[0m[34;22m      0.00[0m[34;22m      0.00[0m[34;1m     83.07[0m
11:58:30   [32;22m     all[0m[34;1m      5.91[0m[34;22m      0.00[0m[34;1m     16.67[0m[34;22m      0.00[0m[34;22m      0.00[0m[34;1m     77.42[0m
11:58:31   [32;22m     all[0m[34;1m      5.38[0m[34;22m      0.00[0m[34;1m     13.98[0m[34;22m      0.00[0m[34;22m      0.00[0m[34;1m     80.65[0m
11:58:32   [32;22m     all[0m[34;1m      5.85[0m[34;22m      0.00[0m[34;1m     17.55[0m[34;22m      0.00[0m[34;22m      0.00[0m[34;1m     76.60[0m
11:58:33   [32;22m     all[0m[34;1m      6.99[0m[34;22m      0.00[0m[34;1m     16.67[0m[34;22m      0.00[0m[34;22m      0.00[0m[34;1m     76.34[0m
11:58:34   [32;22m     all[0m[34;1m      5.43[0m[34;22m      0.00[0m[34;1m     16.85[0m[34;22m      0.00[0m[34;22m      0.00[0m[34;1m     77.72[0m
11:58:35   [32;22m     all[0m[34;1m      8.60[0m[34;22m      0.00[0m[34;1m     19.35[0m[34;22m      0.00[0m[34;22m      0.00[0m[34;1m     72.04[0m
11:58:36   [32;22m     all[0m[34;1m      5.91[0m[34;22m      0.00[0m[34;1m     18.28[0m[34;22m      0.00[0m[34;22m      0.00[0m[34;1m     75.81[0m
11:58:37   [32;22m     all[0m[34;1m      4.81[0m[34;22m      0.00[0m[34;1m     14.44[0m[34;22m      0.00[0m[34;22m      0.00[0m[34;1m     80.75[0m
11:58:38   [32;22m     all[0m[34;1m      3.21[0m[34;22m      0.00[0m[34;1m     13.90[0m[34;22m      0.00[0m[34;22m      0.00[0m[34;1m     82.89[0m
11:58:39   [32;22m     all[0m[34;1m      4.86[0m[34;22m      0.00[0m[34;1m     15.68[0m[34;22m      0.00[0m[34;22m      0.00[0m[34;1m     79.46[0m
11:58:40   [32;22m     all[0m[34;1m      4.28[0m[34;22m      0.00[0m[34;1m     13.90[0m[34;22m      0.00[0m[34;22m      0.00[0m[34;1m     81.82[0m
11:58:41   [32;22m     all[0m[34;1m      5.35[0m[34;22m      0.00[0m[34;1m     13.90[0m[34;22m      0.00[0m[34;22m      0.00[0m[34;1m     80.75[0m
11:58:42   [32;22m     all[0m[34;1m      4.21[0m[34;22m      0.00[0m[34;1m     14.21[0m[34;22m      0.00[0m[34;22m      0.00[0m[34;1m     81.58[0m
11:58:43   [32;22m     all[0m[34;1m      5.38[0m[34;22m      0.00[0m[34;1m     17.74[0m[34;22m      0.00[0m[34;22m      0.00[0m[34;1m     76.88[0m
11:58:44   [32;22m     all[0m[34;1m      4.35[0m[34;22m      0.00[0m[34;1m     16.85[0m[34;22m      0.00[0m[34;22m      0.00[0m[34;1m     78.80[0m
11:58:45   [32;22m     all[0m[34;1m      5.91[0m[34;22m      0.00[0m[34;1m     16.13[0m[34;22m      0.00[0m[34;22m      0.00[0m[34;1m     77.96[0m
11:58:46   [32;22m     all[0m[34;1m      4.28[0m[34;22m      0.00[0m[34;1m     14.44[0m[34;22m      0.00[0m[34;22m      0.00[0m[34;1m     81.28[0m
11:58:47   [32;22m     all[0m[34;1m      3.74[0m[34;22m      0.00[0m[34;1m     14.97[0m[34;22m      0.00[0m[34;22m      0.00[0m[34;1m     81.28[0m
11:58:48   [32;22m     all[0m[34;1m      4.32[0m[34;22m      0.00[0m[34;1m     14.59[0m[34;22m      0.00[0m[34;22m      0.00[0m[34;1m     81.08[0m
11:58:49   [32;22m     all[0m[34;1m      4.28[0m[34;22m      0.00[0m[34;1m     12.30[0m[34;22m      0.00[0m[34;22m      0.00[0m[34;1m     83.42[0m
11:58:50   [32;22m     all[0m[34;1m      6.49[0m[34;22m      0.00[0m[34;1m     18.38[0m[34;22m      0.00[0m[34;22m      0.00[0m[34;1m     75.14[0m
11:58:51   [32;22m     all[0m[34;1m      4.76[0m[34;22m      0.00[0m[34;1m     13.76[0m[34;22m      0.00[0m[34;22m      0.00[0m[34;1m     81.48[0m
11:58:52   [32;22m     all[0m[34;1m      4.84[0m[34;22m      0.00[0m[34;1m     16.13[0m[34;22m      0.00[0m[34;22m      0.00[0m[34;1m     79.03[0m
11:58:53   [32;22m     all[0m[34;1m      4.35[0m[34;22m      0.00[0m[34;1m     15.22[0m[34;22m      0.00[0m[34;22m      0.00[0m[34;1m     80.43[0m
11:58:54   [32;22m     all[0m[34;1m      3.23[0m[34;22m      0.00[0m[34;1m     15.59[0m[34;22m      0.00[0m[34;22m      0.00[0m[34;1m     81.18[0m
11:58:55   [32;22m     all[0m[34;1m      5.82[0m[34;22m      0.00[0m[34;1m     13.23[0m[34;22m      0.00[0m[34;22m      0.00[0m[34;1m     80.95[0m
11:58:56   [32;22m     all[0m[34;1m      3.85[0m[34;22m      0.00[0m[34;1m     14.29[0m[34;22m      0.00[0m[34;22m      0.00[0m[34;1m     81.87[0m
11:58:57   [32;22m     all[0m[34;1m      5.88[0m[34;22m      0.00[0m[34;1m     15.51[0m[34;22m      0.00[0m[34;22m      0.00[0m[34;1m     78.61[0m
11:58:58   [32;22m     all[0m[34;1m      4.35[0m[34;22m      0.00[0m[34;1m     14.13[0m[34;22m      0.00[0m[34;22m      0.00[0m[34;1m     81.52[0m
11:58:59   [32;22m     all[0m[34;1m      4.97[0m[34;22m      0.00[0m[34;1m     15.47[0m[34;22m      0.00[0m[34;22m      0.00[0m[34;1m     79.56[0m
11:59:00   [32;22m     all[0m[34;1m      7.73[0m[34;22m      0.00[0m[34;1m     17.13[0m[34;22m      0.00[0m[34;22m      0.00[0m[34;1m     75.14[0m
11:59:01   [32;22m     all[0m[34;1m      4.37[0m[34;22m      0.00[0m[34;1m     13.66[0m[34;22m      0.00[0m[34;22m      0.00[0m[34;1m     81.97[0m
11:59:02   [32;22m     all[0m[34;1m      4.79[0m[34;22m      0.00[0m[34;1m     14.36[0m[34;22m      0.00[0m[34;22m      0.00[0m[34;1m     80.85[0m
11:59:03   [32;22m     all[0m[34;1m      4.74[0m[34;22m      0.00[0m[34;1m     14.21[0m[34;22m      0.00[0m[34;22m      0.00[0m[34;1m     81.05[0m
11:59:04   [32;22m     all[0m[34;1m      4.32[0m[34;22m      0.00[0m[34;1m     14.59[0m[34;22m      0.00[0m[34;22m      0.00[0m[34;1m     81.08[0m
11:59:05   [32;22m     all[0m[34;1m      4.81[0m[34;22m      0.00[0m[34;1m     13.90[0m[34;22m      0.00[0m[34;22m      0.00[0m[34;1m     81.28[0m
11:59:06   [32;22m     all[0m[34;1m      5.95[0m[34;22m      0.00[0m[34;1m     15.14[0m[34;22m      0.00[0m[34;22m      0.00[0m[34;1m     78.92[0m
11:59:07   [32;22m     all[0m[34;1m      6.59[0m[34;22m      0.00[0m[34;1m     16.48[0m[34;22m      0.00[0m[34;22m      0.00[0m[34;1m     76.92[0m
11:59:08   [32;22m     all[0m[34;1m      4.30[0m[34;22m      0.00[0m[34;1m     15.05[0m[34;22m      0.00[0m[34;22m      0.00[0m[34;1m     80.65[0m
11:59:09   [32;22m     all[0m[34;1m      3.83[0m[34;22m      0.00[0m[34;1m     13.66[0m[34;22m      0.00[0m[34;22m      0.00[0m[34;1m     82.51[0m
11:59:10   [32;22m     all[0m[34;1m      5.46[0m[34;22m      0.00[0m[34;1m     15.30[0m[34;22m      0.00[0m[34;22m      0.00[0m[34;1m     79.23[0m
11:59:11   [32;22m     all[0m[34;1m      3.78[0m[34;22m      0.00[0m[34;1m     13.51[0m[34;22m      0.00[0m[34;22m      0.00[0m[34;1m     82.70[0m
11:59:12   [32;22m     all[0m[34;1m      4.95[0m[34;22m      0.00[0m[34;1m     13.74[0m[34;22m      0.00[0m[34;22m      0.00[0m[34;1m     81.32[0m
11:59:13   [32;22m     all[0m[34;1m      5.38[0m[34;22m      0.00[0m[34;1m     15.05[0m[34;22m      0.00[0m[34;22m      0.00[0m[34;1m     79.57[0m
11:59:14   [32;22m     all[0m[34;1m      5.98[0m[34;22m      0.00[0m[34;1m     15.22[0m[34;22m      0.00[0m[34;22m      0.00[0m[34;1m     78.80[0m
11:59:15   [32;22m     all[0m[34;1m      4.89[0m[34;22m      0.00[0m[34;1m     13.04[0m[34;22m      0.00[0m[34;22m      0.00[0m[34;1m     82.07[0m
11:59:16   [32;22m     all[0m[34;1m      4.81[0m[34;22m      0.00[0m[34;1m     12.30[0m[34;22m      0.00[0m[34;22m      0.00[0m[34;1m     82.89[0m
11:59:17   [32;22m     all[0m[34;1m      4.89[0m[34;22m      0.00[0m[34;1m     14.13[0m[34;22m      0.00[0m[34;22m      0.00[0m[34;1m     80.98[0m
11:59:18   [32;22m     all[0m[34;1m      5.49[0m[34;22m      0.00[0m[34;1m     13.74[0m[34;22m      0.00[0m[34;22m      0.00[0m[34;1m     80.77[0m
11:59:19   [32;22m     all[0m[34;1m      3.76[0m[34;22m      0.00[0m[34;1m     13.44[0m[34;22m      0.00[0m[34;22m      0.00[0m[34;1m     82.80[0m
11:59:20   [32;22m     all[0m[34;1m      6.01[0m[34;22m      0.00[0m[34;1m     15.85[0m[34;22m      0.00[0m[34;22m      0.00[0m[34;1m     78.14[0m
11:59:21   [32;22m     all[0m[34;1m      4.28[0m[34;22m      0.00[0m[34;1m     13.37[0m[34;22m      0.00[0m[34;22m      0.00[0m[34;1m     82.35[0m
11:59:22   [32;22m     all[0m[34;1m      6.08[0m[34;22m      0.00[0m[34;1m     14.92[0m[34;22m      0.00[0m[34;22m      0.00[0m[34;1m     79.01[0m
11:59:23   [32;22m     all[0m[34;1m      5.49[0m[34;22m      0.00[0m[34;1m     15.93[0m[34;22m      0.00[0m[34;22m      0.00[0m[34;1m     78.57[0m
11:59:24   [32;22m     all[0m[34;1m      3.83[0m[34;22m      0.00[0m[34;1m     13.11[0m[34;22m      0.00[0m[34;22m      0.00[0m[34;1m     83.06[0m
11:59:25   [32;22m     all[0m[34;1m      5.41[0m[34;22m      0.00[0m[34;1m     14.59[0m[34;22m      0.00[0m[34;22m      0.00[0m[34;1m     80.00[0m
11:59:26   [32;22m     all[0m[34;1m      1.59[0m[34;22m      0.00[0m[34;1m      5.29[0m[34;22m      0.00[0m[34;22m      0.00[0m[34;1m     93.12[0m
