Linux 6.6.95 (ssp-study) 	04/16/26 	_x86_64_	(2 CPU)

19:01:59    kbmemfree   kbavail kbmemused  %memused kbbuffers  kbcached  kbcommit   %commit  kbactive   kbinact   kbdirty
19:02:00   [34;1m   1004480[0m[34;1m   1810512[0m[34;1m    722060[0m[34;1m     18.99[0m[34;1m    102712[0m[34;1m   1861996[0m[34;1m   3899236[0m[31;1m    102.52[0m[34;1m   1200316[0m[34;1m   1416604[0m[34;1m       352[0m
19:02:01   [34;1m   1004480[0m[34;1m   1810512[0m[34;1m    722060[0m[34;1m     18.99[0m[34;1m    102712[0m[34;1m   1861996[0m[34;1m   3899236[0m[31;1m    102.52[0m[34;1m   1200316[0m[34;1m   1416604[0m[34;1m       352[0m
19:02:02   [34;1m   1004480[0m[34;1m   1810548[0m[34;1m    721992[0m[34;1m     18.98[0m[34;1m    102732[0m[34;1m   1862012[0m[34;1m   3899236[0m[31;1m    102.52[0m[34;1m   1200336[0m[34;1m   1416824[0m[34;1m       360[0m
19:02:03   [34;1m   1004480[0m[34;1m   1810548[0m[34;1m    721992[0m[34;1m     18.98[0m[34;1m    102732[0m[34;1m   1862012[0m[34;1m   3899236[0m[31;1m    102.52[0m[34;1m   1200336[0m[34;1m   1416660[0m[34;1m       352[0m
19:02:04   [34;1m   1004480[0m[34;1m   1810548[0m[34;1m    721992[0m[34;1m     18.98[0m[34;1m    102732[0m[34;1m   1862012[0m[34;1m   3899236[0m[31;1m    102.52[0m[34;1m   1200336[0m[34;1m   1416660[0m[34;1m       352[0m
19:02:05   [34;1m   1004228[0m[34;1m   1810296[0m[34;1m    722240[0m[34;1m     18.99[0m[34;1m    102736[0m[34;1m   1862008[0m[34;1m   3899236[0m[31;1m    102.52[0m[34;1m   1200336[0m[34;1m   1416660[0m[34;1m       352[0m
19:02:06   [34;1m   1004228[0m[34;1m   1810304[0m[34;1m    722232[0m[34;1m     18.99[0m[34;1m    102736[0m[34;1m   1862016[0m[34;1m   3899236[0m[31;1m    102.52[0m[34;1m   1200340[0m[34;1m   1416444[0m[34;1m       352[0m
19:02:07   [34;1m   1004228[0m[34;1m   1810304[0m[34;1m    722232[0m[34;1m     18.99[0m[34;1m    102736[0m[34;1m   1862016[0m[34;1m   3899236[0m[31;1m    102.52[0m[34;1m   1200340[0m[34;1m   1416364[0m[34;1m       352[0m
19:02:08   [34;1m   1004228[0m[34;1m   1810308[0m[34;1m    722228[0m[34;1m     18.99[0m[34;1m    102736[0m[34;1m   1862020[0m[34;1m   3899236[0m[31;1m    102.52[0m[34;1m   1200340[0m[34;1m   1416368[0m[34;1m       352[0m
19:02:09   [34;1m   1004228[0m[34;1m   1810308[0m[34;1m    722228[0m[34;1m     18.99[0m[34;1m    102736[0m[34;1m   1862020[0m[34;1m   3899236[0m[31;1m    102.52[0m[34;1m   1200340[0m[34;1m   1416368[0m[34;1m       352[0m
19:02:10   [34;1m   1004228[0m[34;1m   1810308[0m[34;1m    722244[0m[34;1m     18.99[0m[34;1m    102736[0m[34;1m   1862020[0m[34;1m   3899236[0m[31;1m    102.52[0m[34;1m   1200340[0m[34;1m   1416368[0m[34;1m       352[0m
19:02:11   [34;1m   1004228[0m[34;1m   1810308[0m[34;1m    722244[0m[34;1m     18.99[0m[34;1m    102736[0m[34;1m   1862020[0m[34;1m   3899236[0m[31;1m    102.52[0m[34;1m   1200340[0m[34;1m   1416368[0m[34;1m       352[0m
19:02:12   [34;1m   1004228[0m[34;1m   1810308[0m[34;1m    722240[0m[34;1m     18.99[0m[34;1m    102736[0m[34;1m   1862020[0m[34;1m   3899236[0m[31;1m    102.52[0m[34;1m   1200340[0m[34;1m   1416608[0m[34;1m       352[0m
19:02:13   [34;1m   1004228[0m[34;1m   1810308[0m[34;1m    722240[0m[34;1m     18.99[0m[34;1m    102744[0m[34;1m   1862012[0m[34;1m   3899236[0m[31;1m    102.52[0m[34;1m   1200340[0m[34;1m   1416624[0m[34;1m        76[0m
19:02:14   [34;1m   1004228[0m[34;1m   1810312[0m[34;1m    722228[0m[34;1m     18.99[0m[34;1m    102744[0m[34;1m   1862024[0m[34;1m   3899236[0m[31;1m    102.52[0m[34;1m   1200340[0m[34;1m   1416640[0m[34;1m        88[0m
19:02:15   [34;1m   1001708[0m[34;1m   1807800[0m[34;1m    724752[0m[34;1m     19.06[0m[34;1m    102744[0m[34;1m   1862024[0m[34;1m   3899236[0m[31;1m    102.52[0m[34;1m   1200348[0m[34;1m   1416652[0m[34;1m        88[0m
19:02:16   [34;1m   1001460[0m[34;1m   1807552[0m[34;1m    724996[0m[34;1m     19.06[0m[34;1m    102744[0m[34;1m   1862028[0m[34;1m   3899236[0m[31;1m    102.52[0m[34;1m   1200348[0m[34;1m   1416652[0m[34;1m        92[0m
19:02:17   [34;1m   1001460[0m[34;1m   1807576[0m[34;1m    724976[0m[34;1m     19.06[0m[34;1m    102760[0m[34;1m   1862032[0m[34;1m   3899812[0m[31;1m    102.54[0m[34;1m   1200356[0m[34;1m   1416900[0m[34;1m       100[0m
19:02:18   [34;1m   1001220[0m[34;1m   1807348[0m[34;1m    725204[0m[34;1m     19.07[0m[34;1m    102760[0m[34;1m   1862044[0m[34;1m   3899812[0m[31;1m    102.54[0m[34;1m   1200364[0m[34;1m   1416272[0m[34;1m        44[0m
19:02:19   [34;1m   1001220[0m[34;1m   1807348[0m[34;1m    725204[0m[34;1m     19.07[0m[34;1m    102760[0m[34;1m   1862044[0m[34;1m   3899812[0m[31;1m    102.54[0m[34;1m   1200364[0m[34;1m   1416272[0m[34;1m        44[0m
19:02:20   [34;1m   1001220[0m[34;1m   1807348[0m[34;1m    725204[0m[34;1m     19.07[0m[34;1m    102760[0m[34;1m   1862044[0m[34;1m   3899812[0m[31;1m    102.54[0m[34;1m   1200364[0m[34;1m   1416272[0m[34;1m        44[0m
19:02:21   [34;1m   1001220[0m[34;1m   1807348[0m[34;1m    725204[0m[34;1m     19.07[0m[34;1m    102760[0m[34;1m   1862044[0m[34;1m   3899812[0m[31;1m    102.54[0m[34;1m   1200364[0m[34;1m   1416272[0m[34;1m        44[0m
19:02:22   [34;1m   1001220[0m[34;1m   1807348[0m[34;1m    725204[0m[34;1m     19.07[0m[34;1m    102760[0m[34;1m   1862044[0m[34;1m   3899812[0m[31;1m    102.54[0m[34;1m   1200364[0m[34;1m   1416632[0m[34;1m        44[0m
19:02:23   [34;1m   1001220[0m[34;1m   1807348[0m[34;1m    725208[0m[34;1m     19.07[0m[34;1m    102768[0m[34;1m   1862036[0m[34;1m   3899812[0m[31;1m    102.54[0m[34;1m   1200364[0m[34;1m   1416752[0m[34;1m        44[0m
19:02:24   [34;1m   1001220[0m[34;1m   1807360[0m[34;1m    725192[0m[34;1m     19.07[0m[34;1m    102768[0m[34;1m   1862048[0m[34;1m   3899812[0m[31;1m    102.54[0m[34;1m   1200372[0m[34;1m   1416936[0m[34;1m        12[0m
19:02:25   [34;1m    999960[0m[34;1m   1806100[0m[34;1m    726452[0m[34;1m     19.10[0m[34;1m    102768[0m[34;1m   1862048[0m[34;1m   3899812[0m[31;1m    102.54[0m[34;1m   1200372[0m[34;1m   1416992[0m[34;1m        12[0m
19:02:26   [34;1m    999960[0m[34;1m   1806100[0m[34;1m    726452[0m[34;1m     19.10[0m[34;1m    102768[0m[34;1m   1862048[0m[34;1m   3899812[0m[31;1m    102.54[0m[34;1m   1200372[0m[34;1m   1416992[0m[34;1m        12[0m
19:02:27   [34;1m    999960[0m[34;1m   1806100[0m[34;1m    726452[0m[34;1m     19.10[0m[34;1m    102776[0m[34;1m   1862040[0m[34;1m   3899812[0m[31;1m    102.54[0m[34;1m   1200372[0m[34;1m   1416992[0m[34;1m        12[0m
19:02:28   [34;1m    999960[0m[34;1m   1806104[0m[34;1m    726440[0m[34;1m     19.10[0m[34;1m    102776[0m[34;1m   1862052[0m[34;1m   3899812[0m[31;1m    102.54[0m[34;1m   1200372[0m[34;1m   1416292[0m[34;1m        24[0m
19:02:29   [34;1m    999960[0m[34;1m   1806104[0m[34;1m    726440[0m[34;1m     19.10[0m[34;1m    102776[0m[34;1m   1862052[0m[34;1m   3899812[0m[31;1m    102.54[0m[34;1m   1200372[0m[34;1m   1416292[0m[34;1m        24[0m
19:02:30   [34;1m    999960[0m[34;1m   1806112[0m[34;1m    726440[0m[34;1m     19.10[0m[34;1m    102776[0m[34;1m   1862052[0m[34;1m   3899812[0m[31;1m    102.54[0m[34;1m   1200380[0m[34;1m   1416304[0m[34;1m        24[0m
19:02:31   [34;1m    999960[0m[34;1m   1806112[0m[34;1m    726440[0m[34;1m     19.10[0m[34;1m    102776[0m[34;1m   1862052[0m[34;1m   3899812[0m[31;1m    102.54[0m[34;1m   1200380[0m[34;1m   1416304[0m[34;1m        24[0m
19:02:32   [34;1m    999960[0m[34;1m   1806128[0m[34;1m    726420[0m[34;1m     19.10[0m[34;1m    102784[0m[34;1m   1862060[0m[34;1m   3899812[0m[31;1m    102.54[0m[34;1m   1200388[0m[34;1m   1416620[0m[34;1m        40[0m
19:02:33   [34;1m    999960[0m[34;1m   1806128[0m[34;1m    726420[0m[34;1m     19.10[0m[34;1m    102784[0m[34;1m   1862060[0m[34;1m   3899812[0m[31;1m    102.54[0m[34;1m   1200388[0m[34;1m   1416404[0m[34;1m        12[0m
19:02:34   [34;1m    999960[0m[34;1m   1805980[0m[34;1m    726580[0m[34;1m     19.10[0m[34;1m    102800[0m[34;1m   1861884[0m[34;1m   3899800[0m[31;1m    102.54[0m[34;1m   1200368[0m[34;1m   1416316[0m[34;1m       176[0m
19:02:35   [34;1m    998448[0m[34;1m   1804468[0m[34;1m    728060[0m[34;1m     19.14[0m[34;1m    102800[0m[34;1m   1861884[0m[34;1m   3899800[0m[31;1m    102.54[0m[34;1m   1200368[0m[34;1m   1416320[0m[34;1m       176[0m
19:02:36   [34;1m    997692[0m[34;1m   1803712[0m[34;1m    728808[0m[34;1m     19.16[0m[34;1m    102800[0m[34;1m   1861884[0m[34;1m   3899800[0m[31;1m    102.54[0m[34;1m   1200368[0m[34;1m   1416040[0m[34;1m       176[0m
19:02:37   [34;1m    997692[0m[34;1m   1803716[0m[34;1m    728800[0m[34;1m     19.16[0m[34;1m    102800[0m[34;1m   1861888[0m[34;1m   3899800[0m[31;1m    102.54[0m[34;1m   1200368[0m[34;1m   1416028[0m[34;1m       248[0m
19:02:38   [34;1m    997692[0m[34;1m   1803720[0m[34;1m    728796[0m[34;1m     19.16[0m[34;1m    102800[0m[34;1m   1861892[0m[34;1m   3899800[0m[31;1m    102.54[0m[34;1m   1200368[0m[34;1m   1416048[0m[34;1m       252[0m
19:02:39   [34;1m    997692[0m[34;1m   1803720[0m[34;1m    728796[0m[34;1m     19.16[0m[34;1m    102800[0m[34;1m   1861892[0m[34;1m   3899800[0m[31;1m    102.54[0m[34;1m   1200368[0m[34;1m   1416048[0m[34;1m         8[0m
19:02:40   [34;1m    997692[0m[34;1m   1803720[0m[34;1m    728796[0m[34;1m     19.16[0m[34;1m    102800[0m[34;1m   1861892[0m[34;1m   3899800[0m[31;1m    102.54[0m[34;1m   1200372[0m[34;1m   1416072[0m[34;1m         8[0m
19:02:41   [34;1m    997692[0m[34;1m   1803720[0m[34;1m    728796[0m[34;1m     19.16[0m[34;1m    102800[0m[34;1m   1861892[0m[34;1m   3899800[0m[31;1m    102.54[0m[34;1m   1200368[0m[34;1m   1416072[0m[34;1m         8[0m
19:02:42   [34;1m    997692[0m[34;1m   1803732[0m[34;1m    728752[0m[34;1m     19.16[0m[34;1m    102808[0m[34;1m   1861896[0m[34;1m   3899800[0m[31;1m    102.54[0m[34;1m   1200368[0m[34;1m   1416224[0m[34;1m        20[0m
19:02:43   [34;1m    997692[0m[34;1m   1803740[0m[34;1m    728752[0m[34;1m     19.16[0m[34;1m    102808[0m[34;1m   1861896[0m[34;1m   3899800[0m[31;1m    102.54[0m[34;1m   1200376[0m[34;1m   1416276[0m[34;1m        20[0m
19:02:44   [34;1m    997692[0m[34;1m   1803740[0m[34;1m    728752[0m[34;1m     19.16[0m[34;1m    102808[0m[34;1m   1861896[0m[34;1m   3899800[0m[31;1m    102.54[0m[34;1m   1200376[0m[34;1m   1416348[0m[34;1m        20[0m
19:02:45   [34;1m    997692[0m[34;1m   1803740[0m[34;1m    728756[0m[34;1m     19.16[0m[34;1m    102808[0m[34;1m   1861896[0m[34;1m   3899800[0m[31;1m    102.54[0m[34;1m   1200376[0m[34;1m   1416392[0m[34;1m        20[0m
19:02:46   [34;1m    997692[0m[34;1m   1803740[0m[34;1m    728756[0m[34;1m     19.16[0m[34;1m    102808[0m[34;1m   1861896[0m[34;1m   3899800[0m[31;1m    102.54[0m[34;1m   1200376[0m[34;1m   1416452[0m[34;1m        20[0m
19:02:47   [34;1m    997692[0m[34;1m   1803760[0m[34;1m    728736[0m[34;1m     19.16[0m[34;1m    102816[0m[34;1m   1861908[0m[34;1m   3899800[0m[31;1m    102.54[0m[34;1m   1200384[0m[34;1m   1416492[0m[34;1m        28[0m
19:02:48   [34;1m    997692[0m[34;1m   1803760[0m[34;1m    728740[0m[34;1m     19.16[0m[34;1m    102816[0m[34;1m   1861908[0m[34;1m   3899800[0m[31;1m    102.54[0m[34;1m   1200384[0m[34;1m   1416468[0m[34;1m        28[0m
19:02:49   [34;1m    997692[0m[34;1m   1803760[0m[34;1m    728740[0m[34;1m     19.16[0m[34;1m    102816[0m[34;1m   1861908[0m[34;1m   3899800[0m[31;1m    102.54[0m[34;1m   1200384[0m[34;1m   1416468[0m[34;1m        28[0m
19:02:50   [34;1m    997440[0m[34;1m   1803508[0m[34;1m    728960[0m[34;1m     19.17[0m[34;1m    102816[0m[34;1m   1861908[0m[34;1m   3899800[0m[31;1m    102.54[0m[34;1m   1200384[0m[34;1m   1416508[0m[34;1m        28[0m
19:02:51   [34;1m    997440[0m[34;1m   1803508[0m[34;1m    728956[0m[34;1m     19.17[0m[34;1m    102816[0m[34;1m   1861908[0m[34;1m   3899800[0m[31;1m    102.54[0m[34;1m   1200384[0m[34;1m   1416508[0m[34;1m        28[0m
19:02:52   [34;1m    997440[0m[34;1m   1803516[0m[34;1m    728940[0m[34;1m     19.17[0m[34;1m    102820[0m[34;1m   1861912[0m[34;1m   3899800[0m[31;1m    102.54[0m[34;1m   1200388[0m[34;1m   1416792[0m[34;1m        12[0m
19:02:53   [34;1m    997440[0m[34;1m   1803516[0m[34;1m    728940[0m[34;1m     19.17[0m[34;1m    102820[0m[34;1m   1861912[0m[34;1m   3899800[0m[31;1m    102.54[0m[34;1m   1200388[0m[34;1m   1416812[0m[34;1m        12[0m
19:02:54   [34;1m    997440[0m[34;1m   1803516[0m[34;1m    728940[0m[34;1m     19.17[0m[34;1m    102820[0m[34;1m   1861912[0m[34;1m   3899800[0m[31;1m    102.54[0m[34;1m   1200388[0m[34;1m   1416892[0m[34;1m         4[0m
19:02:55   [34;1m    997440[0m[34;1m   1803516[0m[34;1m    728940[0m[34;1m     19.17[0m[34;1m    102820[0m[34;1m   1861912[0m[34;1m   3899800[0m[31;1m    102.54[0m[34;1m   1200388[0m[34;1m   1416908[0m[34;1m         4[0m
19:02:56   [34;1m    997440[0m[34;1m   1803516[0m[34;1m    728944[0m[34;1m     19.17[0m[34;1m    102820[0m[34;1m   1861912[0m[34;1m   3899800[0m[31;1m    102.54[0m[34;1m   1200388[0m[34;1m   1417032[0m[34;1m         8[0m
19:02:57   [34;1m    997440[0m[34;1m   1803532[0m[34;1m    728928[0m[34;1m     19.17[0m[34;1m    102832[0m[34;1m   1861916[0m[34;1m   3899800[0m[31;1m    102.54[0m[34;1m   1200400[0m[34;1m   1417144[0m[34;1m        32[0m
19:02:58   [34;1m    997440[0m[34;1m   1803532[0m[34;1m    728936[0m[34;1m     19.17[0m[34;1m    102832[0m[34;1m   1861916[0m[34;1m   3899800[0m[31;1m    102.54[0m[34;1m   1200400[0m[34;1m   1417264[0m[34;1m        32[0m
19:02:59   [34;1m    997440[0m[34;1m   1803532[0m[34;1m    728936[0m[34;1m     19.17[0m[34;1m    102832[0m[34;1m   1861916[0m[34;1m   3899800[0m[31;1m    102.54[0m[34;1m   1200400[0m[34;1m   1417264[0m[34;1m        32[0m
19:03:00   [34;1m    997440[0m[34;1m   1803536[0m[34;1m    728936[0m[34;1m     19.17[0m[34;1m    102832[0m[34;1m   1861920[0m[34;1m   3899800[0m[31;1m    102.54[0m[34;1m   1200396[0m[34;1m   1417316[0m[34;1m        36[0m
19:03:01   [34;1m    997440[0m[34;1m   1803536[0m[34;1m    728932[0m[34;1m     19.17[0m[34;1m    102832[0m[34;1m   1861920[0m[34;1m   3899800[0m[31;1m    102.54[0m[34;1m   1200400[0m[34;1m   1417340[0m[34;1m        36[0m
19:03:02   [34;1m    997440[0m[34;1m   1803572[0m[34;1m    728896[0m[34;1m     19.17[0m[34;1m    102852[0m[34;1m   1861936[0m[34;1m   3899800[0m[31;1m    102.54[0m[34;1m   1200420[0m[34;1m   1417564[0m[34;1m        32[0m
19:03:03   [34;1m    997440[0m[34;1m   1803572[0m[34;1m    728896[0m[34;1m     19.17[0m[34;1m    102852[0m[34;1m   1861936[0m[34;1m   3899800[0m[31;1m    102.54[0m[34;1m   1200420[0m[34;1m   1417920[0m[34;1m        32[0m
19:03:04   [34;1m    997440[0m[34;1m   1803572[0m[34;1m    728896[0m[34;1m     19.17[0m[34;1m    102852[0m[34;1m   1861936[0m[34;1m   3899800[0m[31;1m    102.54[0m[34;1m   1200420[0m[34;1m   1417928[0m[34;1m        32[0m
19:03:05   [34;1m    997440[0m[34;1m   1803572[0m[34;1m    728896[0m[34;1m     19.17[0m[34;1m    102852[0m[34;1m   1861936[0m[34;1m   3899800[0m[31;1m    102.54[0m[34;1m   1200420[0m[34;1m   1418308[0m[34;1m        32[0m
19:03:06   [34;1m    997440[0m[34;1m   1803572[0m[34;1m    728900[0m[34;1m     19.17[0m[34;1m    102852[0m[34;1m   1861936[0m[34;1m   3899800[0m[31;1m    102.54[0m[34;1m   1200420[0m[34;1m   1418452[0m[34;1m        32[0m
19:03:07   [34;1m    997440[0m[34;1m   1803576[0m[34;1m    728888[0m[34;1m     19.17[0m[34;1m    102856[0m[34;1m   1861940[0m[34;1m   3903896[0m[31;1m    102.65[0m[34;1m   1200420[0m[34;1m   1418912[0m[34;1m        28[0m
19:03:08   [34;1m    997440[0m[34;1m   1803580[0m[34;1m    728888[0m[34;1m     19.17[0m[34;1m    102856[0m[34;1m   1861940[0m[34;1m   3903896[0m[31;1m    102.65[0m[34;1m   1200424[0m[34;1m   1418792[0m[34;1m        28[0m
19:03:09   [34;1m    997440[0m[34;1m   1803580[0m[34;1m    728888[0m[34;1m     19.17[0m[34;1m    102856[0m[34;1m   1861940[0m[34;1m   3903896[0m[31;1m    102.65[0m[34;1m   1200424[0m[34;1m   1418912[0m[34;1m        28[0m
19:03:10   [34;1m    997440[0m[34;1m   1803580[0m[34;1m    728888[0m[34;1m     19.17[0m[34;1m    102856[0m[34;1m   1861940[0m[34;1m   3903896[0m[31;1m    102.65[0m[34;1m   1200416[0m[34;1m   1419056[0m[34;1m        28[0m
19:03:11   [34;1m    997440[0m[34;1m   1803580[0m[34;1m    728892[0m[34;1m     19.17[0m[34;1m    102856[0m[34;1m   1861940[0m[34;1m   3903896[0m[31;1m    102.65[0m[34;1m   1200424[0m[34;1m   1419100[0m[34;1m        28[0m
19:03:12   [34;1m    997440[0m[34;1m   1803592[0m[34;1m    728880[0m[34;1m     19.16[0m[34;1m    102864[0m[34;1m   1861944[0m[34;1m   3903896[0m[31;1m    102.65[0m[34;1m   1200432[0m[34;1m   1419116[0m[34;1m        28[0m
19:03:13   [34;1m    997440[0m[34;1m   1803592[0m[34;1m    728880[0m[34;1m     19.16[0m[34;1m    102864[0m[34;1m   1861944[0m[34;1m   3903896[0m[31;1m    102.65[0m[34;1m   1200432[0m[34;1m   1419476[0m[34;1m        16[0m
19:03:14   [34;1m    997440[0m[34;1m   1803592[0m[34;1m    728880[0m[34;1m     19.16[0m[34;1m    102864[0m[34;1m   1861944[0m[34;1m   3903896[0m[31;1m    102.65[0m[34;1m   1200432[0m[34;1m   1419524[0m[34;1m        16[0m
19:03:15   [34;1m    997440[0m[34;1m   1803592[0m[34;1m    728880[0m[34;1m     19.16[0m[34;1m    102864[0m[34;1m   1861944[0m[34;1m   3903896[0m[31;1m    102.65[0m[34;1m   1200432[0m[34;1m   1419524[0m[34;1m        16[0m
19:03:16   [34;1m    997440[0m[34;1m   1803592[0m[34;1m    728880[0m[34;1m     19.16[0m[34;1m    102864[0m[34;1m   1861944[0m[34;1m   3903896[0m[31;1m    102.65[0m[34;1m   1200432[0m[34;1m   1419524[0m[34;1m        16[0m
19:03:17   [34;1m    997440[0m[34;1m   1803604[0m[34;1m    728868[0m[34;1m     19.16[0m[34;1m    102876[0m[34;1m   1861944[0m[34;1m   3903896[0m[31;1m    102.65[0m[34;1m   1200436[0m[34;1m   1419680[0m[34;1m        32[0m
19:03:18   [34;1m    997440[0m[34;1m   1803616[0m[34;1m    728856[0m[34;1m     19.16[0m[34;1m    102876[0m[34;1m   1861956[0m[34;1m   3903896[0m[31;1m    102.65[0m[34;1m   1200444[0m[34;1m   1419548[0m[34;1m        32[0m
19:03:19   [34;1m    997440[0m[34;1m   1803616[0m[34;1m    728856[0m[34;1m     19.16[0m[34;1m    102876[0m[34;1m   1861956[0m[34;1m   3903896[0m[31;1m    102.65[0m[34;1m   1200444[0m[34;1m   1419548[0m[34;1m        32[0m
19:03:20   [34;1m    997440[0m[34;1m   1803620[0m[34;1m    728852[0m[34;1m     19.16[0m[34;1m    102876[0m[34;1m   1861960[0m[34;1m   3903896[0m[31;1m    102.65[0m[34;1m   1200444[0m[34;1m   1419660[0m[34;1m        28[0m
19:03:21   [34;1m    997440[0m[34;1m   1803620[0m[34;1m    728852[0m[34;1m     19.16[0m[34;1m    102876[0m[34;1m   1861960[0m[34;1m   3903896[0m[31;1m    102.65[0m[34;1m   1200444[0m[34;1m   1419564[0m[34;1m        28[0m
19:03:22   [34;1m    997440[0m[34;1m   1803632[0m[34;1m    728840[0m[34;1m     19.16[0m[34;1m    102884[0m[34;1m   1861964[0m[34;1m   3903896[0m[31;1m    102.65[0m[34;1m   1200452[0m[34;1m   1419568[0m[34;1m        40[0m
19:03:23   [34;1m    997440[0m[34;1m   1803632[0m[34;1m    728840[0m[34;1m     19.16[0m[34;1m    102884[0m[34;1m   1861964[0m[34;1m   3903896[0m[31;1m    102.65[0m[34;1m   1200452[0m[34;1m   1419808[0m[34;1m        40[0m
19:03:24   [34;1m    997200[0m[34;1m   1803392[0m[34;1m    729084[0m[34;1m     19.17[0m[34;1m    102884[0m[34;1m   1861964[0m[34;1m   3903896[0m[31;1m    102.65[0m[34;1m   1200452[0m[34;1m   1419812[0m[34;1m        40[0m
19:03:25   [34;1m    996948[0m[34;1m   1803140[0m[34;1m    729336[0m[34;1m     19.18[0m[34;1m    102884[0m[34;1m   1861964[0m[34;1m   3903896[0m[31;1m    102.65[0m[34;1m   1200452[0m[34;1m   1419812[0m[34;1m        40[0m
19:03:26   [34;1m    996948[0m[34;1m   1803144[0m[34;1m    729332[0m[34;1m     19.18[0m[34;1m    102884[0m[34;1m   1861968[0m[34;1m   3903896[0m[31;1m    102.65[0m[34;1m   1200452[0m[34;1m   1419836[0m[34;1m        40[0m
19:03:27   [34;1m    996948[0m[34;1m   1803144[0m[34;1m    729332[0m[34;1m     19.18[0m[34;1m    102884[0m[34;1m   1861968[0m[34;1m   3903896[0m[31;1m    102.65[0m[34;1m   1200452[0m[34;1m   1419836[0m[34;1m        12[0m
19:03:28   [34;1m    996948[0m[34;1m   1803144[0m[34;1m    729332[0m[34;1m     19.18[0m[34;1m    102884[0m[34;1m   1861968[0m[34;1m   3903896[0m[31;1m    102.65[0m[34;1m   1200452[0m[34;1m   1419836[0m[34;1m        12[0m
19:03:29   [34;1m    996948[0m[34;1m   1803144[0m[34;1m    729332[0m[34;1m     19.18[0m[34;1m    102884[0m[34;1m   1861968[0m[34;1m   3903896[0m[31;1m    102.65[0m[34;1m   1200452[0m[34;1m   1419388[0m[34;1m        12[0m
19:03:30   [34;1m    996444[0m[34;1m   1802644[0m[34;1m    729828[0m[34;1m     19.19[0m[34;1m    102884[0m[34;1m   1861972[0m[34;1m   3903896[0m[31;1m    102.65[0m[34;1m   1200460[0m[34;1m   1419404[0m[34;1m        12[0m
19:03:31   [34;1m    996444[0m[34;1m   1802644[0m[34;1m    729828[0m[34;1m     19.19[0m[34;1m    102884[0m[34;1m   1861972[0m[34;1m   3903896[0m[31;1m    102.65[0m[34;1m   1200452[0m[34;1m   1419400[0m[34;1m        12[0m
19:03:32   [34;1m    996444[0m[34;1m   1802668[0m[34;1m    729800[0m[34;1m     19.19[0m[34;1m    102896[0m[34;1m   1861984[0m[34;1m   3903896[0m[31;1m    102.65[0m[34;1m   1200464[0m[34;1m   1419256[0m[34;1m        40[0m
19:03:33   [34;1m    996444[0m[34;1m   1802668[0m[34;1m    729800[0m[34;1m     19.19[0m[34;1m    102896[0m[34;1m   1861984[0m[34;1m   3903896[0m[31;1m    102.65[0m[34;1m   1200464[0m[34;1m   1419376[0m[34;1m        40[0m
19:03:34   [34;1m    996444[0m[34;1m   1802668[0m[34;1m    729800[0m[34;1m     19.19[0m[34;1m    102896[0m[34;1m   1861984[0m[34;1m   3903896[0m[31;1m    102.65[0m[34;1m   1200464[0m[34;1m   1419580[0m[34;1m        40[0m
19:03:35   [34;1m    996444[0m[34;1m   1802668[0m[34;1m    729800[0m[34;1m     19.19[0m[34;1m    102896[0m[34;1m   1861984[0m[34;1m   3903896[0m[31;1m    102.65[0m[34;1m   1200464[0m[34;1m   1419588[0m[34;1m        12[0m
19:03:36   [34;1m    995688[0m[34;1m   1801916[0m[34;1m    730556[0m[34;1m     19.21[0m[34;1m    102896[0m[34;1m   1861988[0m[34;1m   3903896[0m[31;1m    102.65[0m[34;1m   1200464[0m[34;1m   1419328[0m[34;1m        28[0m
19:03:37   [34;1m    995688[0m[34;1m   1801916[0m[34;1m    730560[0m[34;1m     19.21[0m[34;1m    102896[0m[34;1m   1861988[0m[34;1m   3903896[0m[31;1m    102.65[0m[34;1m   1200464[0m[34;1m   1419304[0m[34;1m        28[0m
19:03:38   [34;1m    995688[0m[34;1m   1801916[0m[34;1m    730560[0m[34;1m     19.21[0m[34;1m    102896[0m[34;1m   1861988[0m[34;1m   3903896[0m[31;1m    102.65[0m[34;1m   1200464[0m[34;1m   1419324[0m[34;1m        28[0m
19:03:39   [34;1m    995688[0m[34;1m   1801916[0m[34;1m    730560[0m[34;1m     19.21[0m[34;1m    102896[0m[34;1m   1861988[0m[34;1m   3903896[0m[31;1m    102.65[0m[34;1m   1200464[0m[34;1m   1419684[0m[34;1m        28[0m
19:03:40   [34;1m    995688[0m[34;1m   1801924[0m[34;1m    730552[0m[34;1m     19.21[0m[34;1m    102900[0m[34;1m   1861992[0m[34;1m   3903896[0m[31;1m    102.65[0m[34;1m   1200476[0m[34;1m   1420168[0m[34;1m        28[0m
19:03:41   [34;1m    995688[0m[34;1m   1801924[0m[34;1m    730552[0m[34;1m     19.21[0m[34;1m    102900[0m[34;1m   1861992[0m[34;1m   3903896[0m[31;1m    102.65[0m[34;1m   1200468[0m[34;1m   1420416[0m[34;1m        12[0m
19:03:42   [34;1m    995436[0m[34;1m   1801676[0m[34;1m    730800[0m[34;1m     19.22[0m[34;1m    102900[0m[34;1m   1861996[0m[34;1m   3903896[0m[31;1m    102.65[0m[34;1m   1200468[0m[34;1m   1420684[0m[34;1m        16[0m
19:03:43   [34;1m    995436[0m[34;1m   1801676[0m[34;1m    730800[0m[34;1m     19.22[0m[34;1m    102900[0m[34;1m   1861996[0m[34;1m   3903896[0m[31;1m    102.65[0m[34;1m   1200468[0m[34;1m   1421044[0m[34;1m        16[0m
19:03:44   [34;1m    995436[0m[34;1m   1801676[0m[34;1m    730800[0m[34;1m     19.22[0m[34;1m    102900[0m[34;1m   1861996[0m[34;1m   3903896[0m[31;1m    102.65[0m[34;1m   1200468[0m[34;1m   1421124[0m[34;1m        16[0m
19:03:45   [34;1m    995436[0m[34;1m   1801676[0m[34;1m    730800[0m[34;1m     19.22[0m[34;1m    102908[0m[34;1m   1861988[0m[34;1m   3903896[0m[31;1m    102.65[0m[34;1m   1200468[0m[34;1m   1421224[0m[34;1m        16[0m
19:03:46   [34;1m    995436[0m[34;1m   1801688[0m[34;1m    730784[0m[34;1m     19.21[0m[34;1m    102916[0m[34;1m   1862000[0m[34;1m   3903896[0m[31;1m    102.65[0m[34;1m   1200476[0m[34;1m   1421152[0m[34;1m        28[0m
19:03:47   [34;1m    995436[0m[34;1m   1801712[0m[34;1m    730768[0m[34;1m     19.21[0m[34;1m    102924[0m[34;1m   1862008[0m[34;1m   3903896[0m[31;1m    102.65[0m[34;1m   1200492[0m[34;1m   1421276[0m[34;1m        32[0m
19:03:48   [34;1m    995436[0m[34;1m   1801712[0m[34;1m    730768[0m[34;1m     19.21[0m[34;1m    102924[0m[34;1m   1862008[0m[34;1m   3905304[0m[31;1m    102.68[0m[34;1m   1200492[0m[34;1m   1422156[0m[34;1m        32[0m
19:03:49   [34;1m    995436[0m[34;1m   1801712[0m[34;1m    730768[0m[34;1m     19.21[0m[34;1m    102924[0m[34;1m   1862008[0m[34;1m   3905304[0m[31;1m    102.68[0m[34;1m   1200492[0m[34;1m   1422096[0m[34;1m        32[0m
19:03:50   [34;1m    994428[0m[34;1m   1800708[0m[34;1m    731768[0m[34;1m     19.24[0m[34;1m    102928[0m[34;1m   1862012[0m[34;1m   3905304[0m[31;1m    102.68[0m[34;1m   1200488[0m[34;1m   1422252[0m[34;1m        32[0m
19:03:51   [34;1m    994428[0m[34;1m   1800712[0m[34;1m    731764[0m[34;1m     19.24[0m[34;1m    102928[0m[34;1m   1862012[0m[34;1m   3905304[0m[31;1m    102.68[0m[34;1m   1200496[0m[34;1m   1422172[0m[34;1m        16[0m
19:03:52   [34;1m    994428[0m[34;1m   1800712[0m[34;1m    731764[0m[34;1m     19.24[0m[34;1m    102928[0m[34;1m   1862012[0m[34;1m   3905304[0m[31;1m    102.68[0m[34;1m   1200496[0m[34;1m   1422192[0m[34;1m        16[0m
19:03:53   [34;1m    994428[0m[34;1m   1800712[0m[34;1m    731764[0m[34;1m     19.24[0m[34;1m    102928[0m[34;1m   1862012[0m[34;1m   3905624[0m[31;1m    102.69[0m[34;1m   1200496[0m[34;1m   1421844[0m[34;1m        16[0m
19:03:54   [34;1m    994428[0m[34;1m   1800712[0m[34;1m    731764[0m[34;1m     19.24[0m[34;1m    102928[0m[34;1m   1862012[0m[34;1m   3905624[0m[31;1m    102.69[0m[34;1m   1200496[0m[34;1m   1421972[0m[34;1m        16[0m
19:03:55   [34;1m    993924[0m[34;1m   1800208[0m[34;1m    732268[0m[34;1m     19.25[0m[34;1m    102928[0m[34;1m   1862012[0m[34;1m   3905624[0m[31;1m    102.69[0m[34;1m   1200496[0m[34;1m   1421972[0m[34;1m        16[0m
19:03:56   [34;1m    993924[0m[34;1m   1800220[0m[34;1m    732256[0m[34;1m     19.25[0m[34;1m    102936[0m[34;1m   1862016[0m[34;1m   3905624[0m[31;1m    102.69[0m[34;1m   1200504[0m[34;1m   1420884[0m[34;1m        28[0m
19:03:57   [34;1m    993924[0m[34;1m   1800220[0m[34;1m    732256[0m[34;1m     19.25[0m[34;1m    102936[0m[34;1m   1862016[0m[34;1m   3905624[0m[31;1m    102.69[0m[34;1m   1200504[0m[34;1m   1420924[0m[34;1m        28[0m
19:03:58   [34;1m    993924[0m[34;1m   1800220[0m[34;1m    732252[0m[34;1m     19.25[0m[34;1m    102940[0m[34;1m   1862016[0m[34;1m   3905624[0m[31;1m    102.69[0m[34;1m   1200504[0m[34;1m   1419684[0m[34;1m        28[0m
19:03:59   [34;1m    993924[0m[34;1m   1800224[0m[34;1m    732248[0m[34;1m     19.25[0m[34;1m    102940[0m[34;1m   1862020[0m[34;1m   3905624[0m[31;1m    102.69[0m[34;1m   1200504[0m[34;1m   1419688[0m[34;1m        28[0m
19:04:00   [34;1m    993924[0m[34;1m   1800228[0m[34;1m    732244[0m[34;1m     19.25[0m[34;1m    102940[0m[34;1m   1862020[0m[34;1m   3905624[0m[31;1m    102.69[0m[34;1m   1200512[0m[34;1m   1419476[0m[34;1m        28[0m
19:04:01   [34;1m    993924[0m[34;1m   1800228[0m[34;1m    732244[0m[34;1m     19.25[0m[34;1m    102940[0m[34;1m   1862020[0m[34;1m   3905624[0m[31;1m    102.69[0m[34;1m   1200508[0m[34;1m   1419572[0m[34;1m        16[0m
19:04:02   [34;1m    993684[0m[34;1m   1800012[0m[34;1m    732460[0m[34;1m     19.26[0m[34;1m    102952[0m[34;1m   1862032[0m[34;1m   3905624[0m[31;1m    102.69[0m[34;1m   1200520[0m[34;1m   1419476[0m[34;1m        36[0m
19:04:03   [34;1m    993684[0m[34;1m   1800012[0m[34;1m    732460[0m[34;1m     19.26[0m[34;1m    102952[0m[34;1m   1862032[0m[34;1m   3905624[0m[31;1m    102.69[0m[34;1m   1200520[0m[34;1m   1419484[0m[34;1m        16[0m
19:04:04   [34;1m    993684[0m[34;1m   1800016[0m[34;1m    732456[0m[34;1m     19.26[0m[34;1m    102952[0m[34;1m   1862036[0m[34;1m   3905624[0m[31;1m    102.69[0m[34;1m   1200520[0m[34;1m   1419012[0m[34;1m        24[0m
19:04:05   [34;1m    993684[0m[34;1m   1800016[0m[34;1m    732456[0m[34;1m     19.26[0m[34;1m    102952[0m[34;1m   1862036[0m[34;1m   3905624[0m[31;1m    102.69[0m[34;1m   1200520[0m[34;1m   1419012[0m[34;1m        24[0m
19:04:06   [34;1m    993684[0m[34;1m   1800024[0m[34;1m    732452[0m[34;1m     19.26[0m[34;1m    102956[0m[34;1m   1862040[0m[34;1m   3905624[0m[31;1m    102.69[0m[34;1m   1200524[0m[34;1m   1418816[0m[34;1m        40[0m
19:04:07   [34;1m    993684[0m[34;1m   1800024[0m[34;1m    732448[0m[34;1m     19.26[0m[34;1m    102956[0m[34;1m   1862040[0m[34;1m   3905624[0m[31;1m    102.69[0m[34;1m   1200524[0m[34;1m   1418816[0m[34;1m         8[0m
19:04:08   [34;1m    993684[0m[34;1m   1800024[0m[34;1m    732448[0m[34;1m     19.26[0m[34;1m    102956[0m[34;1m   1862040[0m[34;1m   3905624[0m[31;1m    102.69[0m[34;1m   1200524[0m[34;1m   1418816[0m[34;1m        20[0m
19:04:09   [34;1m    993684[0m[34;1m   1800028[0m[34;1m    732444[0m[34;1m     19.26[0m[34;1m    102956[0m[34;1m   1862044[0m[34;1m   3905624[0m[31;1m    102.69[0m[34;1m   1200524[0m[34;1m   1418880[0m[34;1m        20[0m
19:04:10   [34;1m    993684[0m[34;1m   1800028[0m[34;1m    732444[0m[34;1m     19.26[0m[34;1m    102956[0m[34;1m   1862044[0m[34;1m   3905624[0m[31;1m    102.69[0m[34;1m   1200524[0m[34;1m   1418888[0m[34;1m        20[0m
19:04:11   [34;1m    993684[0m[34;1m   1800028[0m[34;1m    732444[0m[34;1m     19.26[0m[34;1m    102956[0m[34;1m   1862044[0m[34;1m   3905624[0m[31;1m    102.69[0m[34;1m   1200524[0m[34;1m   1418888[0m[34;1m        20[0m
19:04:12   [34;1m    993684[0m[34;1m   1800028[0m[34;1m    732444[0m[34;1m     19.26[0m[34;1m    102956[0m[34;1m   1862044[0m[34;1m   3905624[0m[31;1m    102.69[0m[34;1m   1200524[0m[34;1m   1418440[0m[34;1m        20[0m
19:04:13   [34;1m    993684[0m[34;1m   1800028[0m[34;1m    732444[0m[34;1m     19.26[0m[34;1m    102956[0m[34;1m   1862044[0m[34;1m   3905624[0m[31;1m    102.69[0m[34;1m   1200524[0m[34;1m   1418772[0m[34;1m        20[0m
19:04:14   [34;1m    993684[0m[34;1m   1800032[0m[34;1m    732440[0m[34;1m     19.26[0m[34;1m    102956[0m[34;1m   1862048[0m[34;1m   3905624[0m[31;1m    102.69[0m[34;1m   1200524[0m[34;1m   1418840[0m[34;1m        20[0m
19:04:15   [34;1m    993684[0m[34;1m   1800032[0m[34;1m    732440[0m[34;1m     19.26[0m[34;1m    102956[0m[34;1m   1862048[0m[34;1m   3905624[0m[31;1m    102.69[0m[34;1m   1200524[0m[34;1m   1418840[0m[34;1m        20[0m
19:04:16   [34;1m    993684[0m[34;1m   1800032[0m[34;1m    732440[0m[34;1m     19.26[0m[34;1m    102956[0m[34;1m   1862048[0m[34;1m   3905624[0m[31;1m    102.69[0m[34;1m   1200524[0m[34;1m   1418840[0m[34;1m        20[0m
19:04:17   [34;1m    993684[0m[34;1m   1800040[0m[34;1m    732428[0m[34;1m     19.26[0m[34;1m    102960[0m[34;1m   1862056[0m[34;1m   3905624[0m[31;1m    102.69[0m[34;1m   1200524[0m[34;1m   1418864[0m[34;1m        28[0m
19:04:18   [34;1m    993684[0m[34;1m   1800044[0m[34;1m    732428[0m[34;1m     19.26[0m[34;1m    102960[0m[34;1m   1862056[0m[34;1m   3905624[0m[31;1m    102.69[0m[34;1m   1200528[0m[34;1m   1418616[0m[34;1m        28[0m
19:04:19   [34;1m    993684[0m[34;1m   1800048[0m[34;1m    732420[0m[34;1m     19.26[0m[34;1m    102964[0m[34;1m   1862060[0m[34;1m   3905624[0m[31;1m    102.69[0m[34;1m   1200528[0m[34;1m   1418624[0m[34;1m        28[0m
19:04:20   [34;1m    993684[0m[34;1m   1800052[0m[34;1m    732428[0m[34;1m     19.26[0m[34;1m    102964[0m[34;1m   1862060[0m[34;1m   3946260[0m[31;1m    103.76[0m[34;1m   1200532[0m[34;1m   1419232[0m[34;1m        28[0m
19:04:21   [34;1m    993684[0m[34;1m   1800052[0m[34;1m    732432[0m[34;1m     19.26[0m[34;1m    102964[0m[34;1m   1862060[0m[34;1m   3905624[0m[31;1m    102.69[0m[34;1m   1200532[0m[34;1m   1418632[0m[34;1m        28[0m
19:04:22   [34;1m    993684[0m[34;1m   1800052[0m[34;1m    732432[0m[34;1m     19.26[0m[34;1m    102964[0m[34;1m   1862060[0m[34;1m   3905624[0m[31;1m    102.69[0m[34;1m   1200532[0m[34;1m   1418632[0m[34;1m        28[0m
19:04:23   [34;1m    993684[0m[34;1m   1800052[0m[34;1m    732424[0m[34;1m     19.26[0m[34;1m    102964[0m[34;1m   1862060[0m[34;1m   3905624[0m[31;1m    102.69[0m[34;1m   1200532[0m[34;1m   1418812[0m[34;1m        28[0m
19:04:24   [34;1m    993684[0m[34;1m   1800060[0m[34;1m    732412[0m[34;1m     19.26[0m[34;1m    102968[0m[34;1m   1862068[0m[34;1m   3905624[0m[31;1m    102.69[0m[34;1m   1200536[0m[34;1m   1418860[0m[34;1m        32[0m
19:04:25   [34;1m    993684[0m[34;1m   1800060[0m[34;1m    732412[0m[34;1m     19.26[0m[34;1m    102968[0m[34;1m   1862068[0m[34;1m   3905624[0m[31;1m    102.69[0m[34;1m   1200536[0m[34;1m   1418860[0m[34;1m        32[0m
19:04:26   [34;1m    993684[0m[34;1m   1800064[0m[34;1m    732412[0m[34;1m     19.26[0m[34;1m    102968[0m[34;1m   1862068[0m[34;1m   3905624[0m[31;1m    102.69[0m[34;1m   1200536[0m[34;1m   1418912[0m[34;1m        32[0m
19:04:27   [34;1m    993684[0m[34;1m   1800064[0m[34;1m    732412[0m[34;1m     19.26[0m[34;1m    102968[0m[34;1m   1862068[0m[34;1m   3905624[0m[31;1m    102.69[0m[34;1m   1200536[0m[34;1m   1418920[0m[34;1m        32[0m
19:04:28   [34;1m    993684[0m[34;1m   1800064[0m[34;1m    732412[0m[34;1m     19.26[0m[34;1m    102968[0m[34;1m   1862068[0m[34;1m   3905624[0m[31;1m    102.69[0m[34;1m   1200536[0m[34;1m   1418920[0m[34;1m        32[0m
19:04:29   [34;1m    993684[0m[34;1m   1800072[0m[34;1m    732404[0m[34;1m     19.26[0m[34;1m    102972[0m[34;1m   1862072[0m[34;1m   3905624[0m[31;1m    102.69[0m[34;1m   1200540[0m[34;1m   1418924[0m[34;1m        32[0m
19:04:30   [34;1m    991668[0m[34;1m   1798056[0m[34;1m    734412[0m[34;1m     19.31[0m[34;1m    102972[0m[34;1m   1862072[0m[34;1m   3905624[0m[31;1m    102.69[0m[34;1m   1200576[0m[34;1m   1418888[0m[34;1m        32[0m
19:04:31   [34;1m    991668[0m[34;1m   1798056[0m[34;1m    734412[0m[34;1m     19.31[0m[34;1m    102972[0m[34;1m   1862072[0m[34;1m   3905624[0m[31;1m    102.69[0m[34;1m   1200576[0m[34;1m   1418856[0m[34;1m        32[0m
19:04:32   [34;1m    991668[0m[34;1m   1798076[0m[34;1m    734396[0m[34;1m     19.31[0m[34;1m    102984[0m[34;1m   1862080[0m[34;1m   3905624[0m[31;1m    102.69[0m[34;1m   1200588[0m[34;1m   1418752[0m[34;1m        32[0m
19:04:33   [34;1m    991668[0m[34;1m   1798076[0m[34;1m    734396[0m[34;1m     19.31[0m[34;1m    102984[0m[34;1m   1862080[0m[34;1m   3905624[0m[31;1m    102.69[0m[34;1m   1200588[0m[34;1m   1419284[0m[34;1m        32[0m
19:04:34   [34;1m    991668[0m[34;1m   1798084[0m[34;1m    734384[0m[34;1m     19.31[0m[34;1m    102984[0m[34;1m   1862088[0m[34;1m   3905624[0m[31;1m    102.69[0m[34;1m   1200588[0m[34;1m   1418584[0m[34;1m        36[0m
19:04:35   [34;1m    991668[0m[34;1m   1798084[0m[34;1m    734384[0m[34;1m     19.31[0m[34;1m    102984[0m[34;1m   1862088[0m[34;1m   3905624[0m[31;1m    102.69[0m[34;1m   1200588[0m[34;1m   1418584[0m[34;1m        24[0m
19:04:36   [34;1m    991668[0m[34;1m   1798084[0m[34;1m    734380[0m[34;1m     19.31[0m[34;1m    102984[0m[34;1m   1862088[0m[34;1m   3905624[0m[31;1m    102.69[0m[34;1m   1200588[0m[34;1m   1418400[0m[34;1m        28[0m
19:04:37   [34;1m    991668[0m[34;1m   1798084[0m[34;1m    734380[0m[34;1m     19.31[0m[34;1m    102984[0m[34;1m   1862088[0m[34;1m   3905624[0m[31;1m    102.69[0m[34;1m   1200588[0m[34;1m   1418320[0m[34;1m        28[0m
19:04:38   [34;1m    991668[0m[34;1m   1798088[0m[34;1m    734376[0m[34;1m     19.31[0m[34;1m    102988[0m[34;1m   1862092[0m[34;1m   3905624[0m[31;1m    102.69[0m[34;1m   1200588[0m[34;1m   1418324[0m[34;1m        44[0m
19:04:39   [34;1m    991668[0m[34;1m   1798092[0m[34;1m    734376[0m[34;1m     19.31[0m[34;1m    102988[0m[34;1m   1862092[0m[34;1m   3905624[0m[31;1m    102.69[0m[34;1m   1200592[0m[34;1m   1418324[0m[34;1m        12[0m
19:04:40   [34;1m    991668[0m[34;1m   1798092[0m[34;1m    734376[0m[34;1m     19.31[0m[34;1m    102988[0m[34;1m   1862092[0m[34;1m   3905624[0m[31;1m    102.69[0m[34;1m   1200592[0m[34;1m   1418324[0m[34;1m        12[0m
19:04:41   [34;1m    991668[0m[34;1m   1798092[0m[34;1m    734376[0m[34;1m     19.31[0m[34;1m    102988[0m[34;1m   1862092[0m[34;1m   3905624[0m[31;1m    102.69[0m[34;1m   1200592[0m[34;1m   1418328[0m[34;1m        12[0m
19:04:42   [34;1m    991668[0m[34;1m   1798096[0m[34;1m    734372[0m[34;1m     19.31[0m[34;1m    102988[0m[34;1m   1862096[0m[34;1m   3905624[0m[31;1m    102.69[0m[34;1m   1200592[0m[34;1m   1418356[0m[34;1m        24[0m
19:04:43   [34;1m    991668[0m[34;1m   1798096[0m[34;1m    734372[0m[34;1m     19.31[0m[34;1m    102988[0m[34;1m   1862096[0m[34;1m   3905624[0m[31;1m    102.69[0m[34;1m   1200592[0m[34;1m   1418588[0m[34;1m        24[0m
19:04:44   [34;1m    991668[0m[34;1m   1798096[0m[34;1m    734372[0m[34;1m     19.31[0m[34;1m    102988[0m[34;1m   1862096[0m[34;1m   3905624[0m[31;1m    102.69[0m[34;1m   1200592[0m[34;1m   1418664[0m[34;1m        24[0m
19:04:45   [34;1m    991672[0m[34;1m   1798100[0m[34;1m    734368[0m[34;1m     19.31[0m[34;1m    102988[0m[34;1m   1862096[0m[34;1m   3905624[0m[31;1m    102.69[0m[34;1m   1200592[0m[34;1m   1418664[0m[34;1m        24[0m
19:04:46   [34;1m    990412[0m[34;1m   1796840[0m[34;1m    735632[0m[34;1m     19.34[0m[34;1m    102988[0m[34;1m   1862100[0m[34;1m   3905624[0m[31;1m    102.69[0m[34;1m   1200592[0m[34;1m   1418664[0m[34;1m        28[0m
19:04:47   [34;1m    990412[0m[34;1m   1796864[0m[34;1m    735612[0m[34;1m     19.34[0m[34;1m    102996[0m[34;1m   1862112[0m[34;1m   3905624[0m[31;1m    102.69[0m[34;1m   1200600[0m[34;1m   1418656[0m[34;1m        36[0m
19:04:48   [34;1m    990412[0m[34;1m   1796864[0m[34;1m    735612[0m[34;1m     19.34[0m[34;1m    102996[0m[34;1m   1862112[0m[34;1m   3905624[0m[31;1m    102.69[0m[34;1m   1200600[0m[34;1m   1418364[0m[34;1m        36[0m
19:04:49   [34;1m    990412[0m[34;1m   1796868[0m[34;1m    735608[0m[34;1m     19.34[0m[34;1m    102996[0m[34;1m   1862116[0m[34;1m   3905624[0m[31;1m    102.69[0m[34;1m   1200600[0m[34;1m   1418444[0m[34;1m        36[0m
19:04:50   [34;1m    990412[0m[34;1m   1796872[0m[34;1m    735604[0m[34;1m     19.34[0m[34;1m    102996[0m[34;1m   1862120[0m[34;1m   3905624[0m[31;1m    102.69[0m[34;1m   1200600[0m[34;1m   1418464[0m[34;1m        28[0m
19:04:51   [34;1m    988144[0m[34;1m   1794604[0m[34;1m    737872[0m[34;1m     19.40[0m[34;1m    102996[0m[34;1m   1862120[0m[34;1m   3905624[0m[31;1m    102.69[0m[34;1m   1200600[0m[34;1m   1418464[0m[34;1m        28[0m
19:04:52   [34;1m    987892[0m[34;1m   1794352[0m[34;1m    738124[0m[34;1m     19.41[0m[34;1m    102996[0m[34;1m   1862120[0m[34;1m   3905624[0m[31;1m    102.69[0m[34;1m   1200600[0m[34;1m   1418464[0m[34;1m        28[0m
19:04:53   [34;1m    987892[0m[34;1m   1794352[0m[34;1m    738124[0m[34;1m     19.41[0m[34;1m    102996[0m[34;1m   1862120[0m[34;1m   3905624[0m[31;1m    102.69[0m[34;1m   1200600[0m[34;1m   1418760[0m[34;1m        28[0m
19:04:54   [34;1m    987892[0m[34;1m   1794352[0m[34;1m    738124[0m[34;1m     19.41[0m[34;1m    102996[0m[34;1m   1862120[0m[34;1m   3905624[0m[31;1m    102.69[0m[34;1m   1200600[0m[34;1m   1418848[0m[34;1m        28[0m
19:04:55   [34;1m    987892[0m[34;1m   1794352[0m[34;1m    738124[0m[34;1m     19.41[0m[34;1m    102996[0m[34;1m   1862120[0m[34;1m   3905624[0m[31;1m    102.69[0m[34;1m   1200600[0m[34;1m   1418888[0m[34;1m        28[0m
19:04:56   [34;1m    986884[0m[34;1m   1793348[0m[34;1m    739132[0m[34;1m     19.43[0m[34;1m    102996[0m[34;1m   1862124[0m[34;1m   3905624[0m[31;1m    102.69[0m[34;1m   1200600[0m[34;1m   1418916[0m[34;1m        40[0m
19:04:57   [34;1m    986884[0m[34;1m   1793348[0m[34;1m    739132[0m[34;1m     19.43[0m[34;1m    102996[0m[34;1m   1862124[0m[34;1m   3905624[0m[31;1m    102.69[0m[34;1m   1200600[0m[34;1m   1418924[0m[34;1m        40[0m
19:04:58   [34;1m    986884[0m[34;1m   1793348[0m[34;1m    739136[0m[34;1m     19.43[0m[34;1m    102996[0m[34;1m   1862124[0m[34;1m   3905624[0m[31;1m    102.69[0m[34;1m   1200600[0m[34;1m   1418932[0m[34;1m        40[0m
19:04:59   [34;1m    986884[0m[34;1m   1793348[0m[34;1m    739136[0m[34;1m     19.43[0m[34;1m    102996[0m[34;1m   1862124[0m[34;1m   3905624[0m[31;1m    102.69[0m[34;1m   1200600[0m[34;1m   1418996[0m[34;1m        40[0m
19:05:00   [34;1m    986884[0m[34;1m   1793352[0m[34;1m    739132[0m[34;1m     19.43[0m[34;1m    102996[0m[34;1m   1862128[0m[34;1m   3905624[0m[31;1m    102.69[0m[34;1m   1200600[0m[34;1m   1419004[0m[34;1m        40[0m
19:05:01   [34;1m    985372[0m[34;1m   1791840[0m[34;1m    740644[0m[34;1m     19.47[0m[34;1m    102996[0m[34;1m   1862128[0m[34;1m   3905624[0m[31;1m    102.69[0m[34;1m   1200600[0m[34;1m   1419276[0m[34;1m        40[0m
19:05:02   [34;1m    985372[0m[34;1m   1791848[0m[34;1m    740636[0m[34;1m     19.47[0m[34;1m    103000[0m[34;1m   1862132[0m[34;1m   3905624[0m[31;1m    102.69[0m[34;1m   1200604[0m[34;1m   1419180[0m[34;1m        44[0m
19:05:03   [34;1m    985372[0m[34;1m   1791848[0m[34;1m    740636[0m[34;1m     19.47[0m[34;1m    103000[0m[34;1m   1862132[0m[34;1m   3905624[0m[31;1m    102.69[0m[34;1m   1200604[0m[34;1m   1419392[0m[34;1m        44[0m
19:05:04   [34;1m    985372[0m[34;1m   1791848[0m[34;1m    740636[0m[34;1m     19.47[0m[34;1m    103000[0m[34;1m   1862132[0m[34;1m   3905624[0m[31;1m    102.69[0m[34;1m   1200604[0m[34;1m   1419220[0m[34;1m        44[0m
19:05:05   [34;1m    985372[0m[34;1m   1791848[0m[34;1m    740636[0m[34;1m     19.47[0m[34;1m    103000[0m[34;1m   1862132[0m[34;1m   3905624[0m[31;1m    102.69[0m[34;1m   1200604[0m[34;1m   1419260[0m[34;1m        44[0m
19:05:06   [34;1m    985372[0m[34;1m   1791852[0m[34;1m    740628[0m[34;1m     19.47[0m[34;1m    103000[0m[34;1m   1862136[0m[34;1m   3905624[0m[31;1m    102.69[0m[34;1m   1200604[0m[34;1m   1419072[0m[34;1m        40[0m
19:05:07   [34;1m    985372[0m[34;1m   1791852[0m[34;1m    740624[0m[34;1m     19.47[0m[34;1m    103000[0m[34;1m   1862136[0m[34;1m   3905624[0m[31;1m    102.69[0m[34;1m   1200604[0m[34;1m   1419072[0m[34;1m        40[0m
19:05:08   [34;1m    985372[0m[34;1m   1791852[0m[34;1m    740624[0m[34;1m     19.47[0m[34;1m    103000[0m[34;1m   1862136[0m[34;1m   3905624[0m[31;1m    102.69[0m[34;1m   1200604[0m[34;1m   1419072[0m[34;1m        40[0m
19:05:09   [34;1m    985372[0m[34;1m   1791856[0m[34;1m    740620[0m[34;1m     19.47[0m[34;1m    103000[0m[34;1m   1862140[0m[34;1m   3905624[0m[31;1m    102.69[0m[34;1m   1200604[0m[34;1m   1419088[0m[34;1m        44[0m
19:05:10   [34;1m    985372[0m[34;1m   1791856[0m[34;1m    740620[0m[34;1m     19.47[0m[34;1m    103000[0m[34;1m   1862140[0m[34;1m   3905624[0m[31;1m    102.69[0m[34;1m   1200604[0m[34;1m   1419100[0m[34;1m        44[0m
19:05:11   [34;1m    985372[0m[34;1m   1791860[0m[34;1m    740616[0m[34;1m     19.47[0m[34;1m    103000[0m[34;1m   1862144[0m[34;1m   3905624[0m[31;1m    102.69[0m[34;1m   1200604[0m[34;1m   1419112[0m[34;1m        32[0m
19:05:12   [34;1m    985372[0m[34;1m   1791860[0m[34;1m    740616[0m[34;1m     19.47[0m[34;1m    103000[0m[34;1m   1862144[0m[34;1m   3905624[0m[31;1m    102.69[0m[34;1m   1200604[0m[34;1m   1419116[0m[34;1m        32[0m
19:05:13   [34;1m    985372[0m[34;1m   1791860[0m[34;1m    740616[0m[34;1m     19.47[0m[34;1m    103000[0m[34;1m   1862144[0m[34;1m   3905624[0m[31;1m    102.69[0m[34;1m   1200604[0m[34;1m   1419368[0m[34;1m         8[0m
19:05:14   [34;1m    985372[0m[34;1m   1791860[0m[34;1m    740616[0m[34;1m     19.47[0m[34;1m    103000[0m[34;1m   1862144[0m[34;1m   3905624[0m[31;1m    102.69[0m[34;1m   1200604[0m[34;1m   1419448[0m[34;1m         8[0m
19:05:15   [34;1m    985372[0m[34;1m   1791860[0m[34;1m    740616[0m[34;1m     19.47[0m[34;1m    103000[0m[34;1m   1862144[0m[34;1m   3905624[0m[31;1m    102.69[0m[34;1m   1200604[0m[34;1m   1419496[0m[34;1m         8[0m
19:05:16   [34;1m    985372[0m[34;1m   1791868[0m[34;1m    740604[0m[34;1m     19.47[0m[34;1m    103012[0m[34;1m   1862140[0m[34;1m   3905624[0m[31;1m    102.69[0m[34;1m   1200612[0m[34;1m   1419512[0m[34;1m        24[0m
19:05:17   [34;1m    985372[0m[34;1m   1791880[0m[34;1m    740592[0m[34;1m     19.47[0m[34;1m    103012[0m[34;1m   1862152[0m[34;1m   3905624[0m[31;1m    102.69[0m[34;1m   1200616[0m[34;1m   1419568[0m[34;1m        36[0m
19:05:18   [34;1m    985372[0m[34;1m   1791880[0m[34;1m    740592[0m[34;1m     19.47[0m[34;1m    103012[0m[34;1m   1862152[0m[34;1m   3905624[0m[31;1m    102.69[0m[34;1m   1200616[0m[34;1m   1419308[0m[34;1m        36[0m
19:05:19   [34;1m    985372[0m[34;1m   1791880[0m[34;1m    740592[0m[34;1m     19.47[0m[34;1m    103012[0m[34;1m   1862152[0m[34;1m   3905624[0m[31;1m    102.69[0m[34;1m   1200616[0m[34;1m   1419312[0m[34;1m        36[0m
19:05:20   [34;1m    985372[0m[34;1m   1791884[0m[34;1m    740588[0m[34;1m     19.47[0m[34;1m    103012[0m[34;1m   1862156[0m[34;1m   3905624[0m[31;1m    102.69[0m[34;1m   1200616[0m[34;1m   1419316[0m[34;1m        40[0m
19:05:21   [34;1m    983608[0m[34;1m   1790120[0m[34;1m    742356[0m[34;1m     19.52[0m[34;1m    103012[0m[34;1m   1862156[0m[34;1m   3905624[0m[31;1m    102.69[0m[34;1m   1200616[0m[34;1m   1418916[0m[34;1m        40[0m
19:05:22   [34;1m    983608[0m[34;1m   1790120[0m[34;1m    742356[0m[34;1m     19.52[0m[34;1m    103012[0m[34;1m   1862156[0m[34;1m   3905624[0m[31;1m    102.69[0m[34;1m   1200616[0m[34;1m   1418916[0m[34;1m        40[0m
19:05:23   [34;1m    983356[0m[34;1m   1789868[0m[34;1m    742608[0m[34;1m     19.53[0m[34;1m    103012[0m[34;1m   1862156[0m[34;1m   3905624[0m[31;1m    102.69[0m[34;1m   1200616[0m[34;1m   1419516[0m[34;1m        40[0m
19:05:24   [34;1m    983356[0m[34;1m   1789868[0m[34;1m    742604[0m[34;1m     19.53[0m[34;1m    103012[0m[34;1m   1862156[0m[34;1m   3905624[0m[31;1m    102.69[0m[34;1m   1200616[0m[34;1m   1419576[0m[34;1m        40[0m
19:05:25   [34;1m    983356[0m[34;1m   1789872[0m[34;1m    742608[0m[34;1m     19.53[0m[34;1m    103012[0m[34;1m   1862160[0m[34;1m   3905624[0m[31;1m    102.69[0m[34;1m   1200616[0m[34;1m   1419600[0m[34;1m        40[0m
19:05:26   [34;1m    981592[0m[34;1m   1788108[0m[34;1m    744376[0m[34;1m     19.57[0m[34;1m    103012[0m[34;1m   1862160[0m[34;1m   3905624[0m[31;1m    102.69[0m[34;1m   1200616[0m[34;1m   1419616[0m[34;1m        40[0m
19:05:27   [34;1m    981592[0m[34;1m   1788108[0m[34;1m    744376[0m[34;1m     19.57[0m[34;1m    103012[0m[34;1m   1862160[0m[34;1m   3905624[0m[31;1m    102.69[0m[34;1m   1200616[0m[34;1m   1419616[0m[34;1m        40[0m
19:05:28   [34;1m    981592[0m[34;1m   1788108[0m[34;1m    744376[0m[34;1m     19.57[0m[34;1m    103012[0m[34;1m   1862160[0m[34;1m   3905624[0m[31;1m    102.69[0m[34;1m   1200616[0m[34;1m   1419616[0m[34;1m        40[0m
19:05:29   [34;1m    981592[0m[34;1m   1788108[0m[34;1m    744372[0m[34;1m     19.57[0m[34;1m    103012[0m[34;1m   1862164[0m[34;1m   3905624[0m[31;1m    102.69[0m[34;1m   1200616[0m[34;1m   1419616[0m[34;1m        44[0m
19:05:30   [34;1m    981592[0m[34;1m   1788112[0m[34;1m    744364[0m[34;1m     19.57[0m[34;1m    103016[0m[34;1m   1862168[0m[34;1m   3905624[0m[31;1m    102.69[0m[34;1m   1200616[0m[34;1m   1419620[0m[34;1m        44[0m
19:05:31   [34;1m    980836[0m[34;1m   1787364[0m[34;1m    745120[0m[34;1m     19.59[0m[34;1m    103016[0m[34;1m   1862168[0m[34;1m   3905624[0m[31;1m    102.69[0m[34;1m   1200620[0m[34;1m   1419664[0m[34;1m        44[0m
19:05:32   [34;1m    980836[0m[34;1m   1787364[0m[34;1m    745120[0m[34;1m     19.59[0m[34;1m    103020[0m[34;1m   1862164[0m[34;1m   3905624[0m[31;1m    102.69[0m[34;1m   1200620[0m[34;1m   1419464[0m[34;1m        44[0m
19:05:33   [34;1m    980836[0m[34;1m   1787372[0m[34;1m    745112[0m[34;1m     19.59[0m[34;1m    103020[0m[34;1m   1862172[0m[34;1m   3905624[0m[31;1m    102.69[0m[34;1m   1200624[0m[34;1m   1419424[0m[34;1m        44[0m
19:05:34   [34;1m    980836[0m[34;1m   1787372[0m[34;1m    745112[0m[34;1m     19.59[0m[34;1m    103020[0m[34;1m   1862172[0m[34;1m   3905624[0m[31;1m    102.69[0m[34;1m   1200624[0m[34;1m   1419444[0m[34;1m        44[0m
19:05:35   [34;1m    980836[0m[34;1m   1787372[0m[34;1m    745112[0m[34;1m     19.59[0m[34;1m    103020[0m[34;1m   1862172[0m[34;1m   3905624[0m[31;1m    102.69[0m[34;1m   1200624[0m[34;1m   1419476[0m[34;1m        44[0m
19:05:36   [34;1m    980836[0m[34;1m   1787372[0m[34;1m    745108[0m[34;1m     19.59[0m[34;1m    103020[0m[34;1m   1862172[0m[34;1m   3905624[0m[31;1m    102.69[0m[34;1m   1200624[0m[34;1m   1418988[0m[34;1m        36[0m
19:05:37   [34;1m    980836[0m[34;1m   1787372[0m[34;1m    745112[0m[34;1m     19.59[0m[34;1m    103020[0m[34;1m   1862172[0m[34;1m   3905624[0m[31;1m    102.69[0m[34;1m   1200624[0m[34;1m   1418916[0m[34;1m        36[0m
19:05:38   [34;1m    980836[0m[34;1m   1787372[0m[34;1m    745112[0m[34;1m     19.59[0m[34;1m    103024[0m[34;1m   1862168[0m[34;1m   3905624[0m[31;1m    102.69[0m[34;1m   1200624[0m[34;1m   1418916[0m[34;1m        36[0m
19:05:39   [34;1m    980836[0m[34;1m   1787384[0m[34;1m    745100[0m[34;1m     19.59[0m[34;1m    103028[0m[34;1m   1862176[0m[34;1m   3905624[0m[31;1m    102.69[0m[34;1m   1200632[0m[34;1m   1418604[0m[34;1m        40[0m
19:05:40   [34;1m    980836[0m[34;1m   1787384[0m[34;1m    745100[0m[34;1m     19.59[0m[34;1m    103028[0m[34;1m   1862176[0m[34;1m   3905624[0m[31;1m    102.69[0m[34;1m   1200632[0m[34;1m   1418604[0m[34;1m        40[0m
19:05:41   [34;1m    980836[0m[34;1m   1787384[0m[34;1m    745100[0m[34;1m     19.59[0m[34;1m    103028[0m[34;1m   1862176[0m[34;1m   3905624[0m[31;1m    102.69[0m[34;1m   1200632[0m[34;1m   1418612[0m[34;1m        40[0m
19:05:42   [34;1m    980836[0m[34;1m   1787384[0m[34;1m    745100[0m[34;1m     19.59[0m[34;1m    103028[0m[34;1m   1862176[0m[34;1m   3905624[0m[31;1m    102.69[0m[34;1m   1200632[0m[34;1m   1418612[0m[34;1m        40[0m
19:05:43   [34;1m    980836[0m[34;1m   1787388[0m[34;1m    745104[0m[34;1m     19.59[0m[34;1m    103028[0m[34;1m   1862180[0m[34;1m   3905624[0m[31;1m    102.69[0m[34;1m   1200632[0m[34;1m   1418624[0m[34;1m        40[0m
19:05:44   [34;1m    980836[0m[34;1m   1787388[0m[34;1m    745100[0m[34;1m     19.59[0m[34;1m    103028[0m[34;1m   1862180[0m[34;1m   3905624[0m[31;1m    102.69[0m[34;1m   1200632[0m[34;1m   1418924[0m[34;1m        40[0m
19:05:45   [34;1m    980836[0m[34;1m   1787388[0m[34;1m    745096[0m[34;1m     19.59[0m[34;1m    103028[0m[34;1m   1862180[0m[34;1m   3905624[0m[31;1m    102.69[0m[34;1m   1200632[0m[34;1m   1418952[0m[34;1m        40[0m
19:05:46   [34;1m    980836[0m[34;1m   1787388[0m[34;1m    745092[0m[34;1m     19.59[0m[34;1m    103028[0m[34;1m   1862180[0m[34;1m   3905624[0m[31;1m    102.69[0m[34;1m   1200632[0m[34;1m   1418996[0m[34;1m        40[0m
19:05:47   [34;1m    980836[0m[34;1m   1787396[0m[34;1m    745080[0m[34;1m     19.59[0m[34;1m    103032[0m[34;1m   1862188[0m[34;1m   3905624[0m[31;1m    102.69[0m[34;1m   1200636[0m[34;1m   1418968[0m[34;1m        32[0m
19:05:48   [34;1m    980836[0m[34;1m   1787400[0m[34;1m    745080[0m[34;1m     19.59[0m[34;1m    103032[0m[34;1m   1862188[0m[34;1m   3913816[0m[31;1m    102.91[0m[34;1m   1200636[0m[34;1m   1418880[0m[34;1m        32[0m
19:05:49   [34;1m    980836[0m[34;1m   1787400[0m[34;1m    745080[0m[34;1m     19.59[0m[34;1m    103032[0m[34;1m   1862188[0m[34;1m   3913816[0m[31;1m    102.91[0m[34;1m   1200636[0m[34;1m   1418908[0m[34;1m        36[0m
19:05:50   [34;1m    980836[0m[34;1m   1787400[0m[34;1m    745080[0m[34;1m     19.59[0m[34;1m    103032[0m[34;1m   1862188[0m[34;1m   3913816[0m[31;1m    102.91[0m[34;1m   1200636[0m[34;1m   1418960[0m[34;1m        36[0m
19:05:51   [34;1m    980836[0m[34;1m   1787416[0m[34;1m    745060[0m[34;1m     19.59[0m[34;1m    103040[0m[34;1m   1862196[0m[34;1m   3913816[0m[31;1m    102.91[0m[34;1m   1200644[0m[34;1m   1418992[0m[34;1m        44[0m
19:05:52   [34;1m    980836[0m[34;1m   1787416[0m[34;1m    745060[0m[34;1m     19.59[0m[34;1m    103040[0m[34;1m   1862196[0m[34;1m   3913816[0m[31;1m    102.91[0m[34;1m   1200644[0m[34;1m   1418992[0m[34;1m        44[0m
19:05:53   [34;1m    980836[0m[34;1m   1787416[0m[34;1m    745056[0m[34;1m     19.59[0m[34;1m    103040[0m[34;1m   1862196[0m[34;1m   3913816[0m[31;1m    102.91[0m[34;1m   1200644[0m[34;1m   1418836[0m[34;1m        44[0m
19:05:54   [34;1m    980836[0m[34;1m   1787416[0m[34;1m    745056[0m[34;1m     19.59[0m[34;1m    103040[0m[34;1m   1862196[0m[34;1m   3913816[0m[31;1m    102.91[0m[34;1m   1200644[0m[34;1m   1419076[0m[34;1m        44[0m
19:05:55   [34;1m    980836[0m[34;1m   1787416[0m[34;1m    745052[0m[34;1m     19.59[0m[34;1m    103040[0m[34;1m   1862196[0m[34;1m   3913816[0m[31;1m    102.91[0m[34;1m   1200644[0m[34;1m   1419132[0m[34;1m        44[0m
19:05:56   [34;1m    980836[0m[34;1m   1787416[0m[34;1m    745052[0m[34;1m     19.59[0m[34;1m    103044[0m[34;1m   1862192[0m[34;1m   3913816[0m[31;1m    102.91[0m[34;1m   1200644[0m[34;1m   1419192[0m[34;1m        44[0m
19:05:57   [34;1m    980836[0m[34;1m   1787424[0m[34;1m    745044[0m[34;1m     19.59[0m[34;1m    103044[0m[34;1m   1862200[0m[34;1m   3913816[0m[31;1m    102.91[0m[34;1m   1200648[0m[34;1m   1419228[0m[34;1m        44[0m
19:05:58   [34;1m    980836[0m[34;1m   1787424[0m[34;1m    745044[0m[34;1m     19.59[0m[34;1m    103044[0m[34;1m   1862200[0m[34;1m   3913816[0m[31;1m    102.91[0m[34;1m   1200648[0m[34;1m   1418728[0m[34;1m        44[0m
19:05:59   [34;1m    980836[0m[34;1m   1787424[0m[34;1m    745044[0m[34;1m     19.59[0m[34;1m    103044[0m[34;1m   1862200[0m[34;1m   3913816[0m[31;1m    102.91[0m[34;1m   1200648[0m[34;1m   1418752[0m[34;1m        44[0m
19:06:00   [34;1m    980836[0m[34;1m   1787424[0m[34;1m    745044[0m[34;1m     19.59[0m[34;1m    103048[0m[34;1m   1862196[0m[34;1m   3913816[0m[31;1m    102.91[0m[34;1m   1200648[0m[34;1m   1418752[0m[34;1m        44[0m
19:06:01   [34;1m    980836[0m[34;1m   1787432[0m[34;1m    745040[0m[34;1m     19.59[0m[34;1m    103048[0m[34;1m   1862204[0m[34;1m   3913816[0m[31;1m    102.91[0m[34;1m   1200652[0m[34;1m   1418748[0m[34;1m        44[0m
19:06:02   [34;1m    980836[0m[34;1m   1787432[0m[34;1m    745040[0m[34;1m     19.59[0m[34;1m    103048[0m[34;1m   1862204[0m[34;1m   3913816[0m[31;1m    102.91[0m[34;1m   1200652[0m[34;1m   1418648[0m[34;1m        44[0m
19:06:03   [34;1m    980836[0m[34;1m   1787432[0m[34;1m    745040[0m[34;1m     19.59[0m[34;1m    103048[0m[34;1m   1862204[0m[34;1m   3913816[0m[31;1m    102.91[0m[34;1m   1200652[0m[34;1m   1418444[0m[34;1m        44[0m
19:06:04   [34;1m    980836[0m[34;1m   1787432[0m[34;1m    745040[0m[34;1m     19.59[0m[34;1m    103048[0m[34;1m   1862204[0m[34;1m   3913816[0m[31;1m    102.91[0m[34;1m   1200652[0m[34;1m   1418652[0m[34;1m        44[0m
19:06:05   [34;1m    980836[0m[34;1m   1787440[0m[34;1m    745032[0m[34;1m     19.59[0m[34;1m    103048[0m[34;1m   1862208[0m[34;1m   3913816[0m[31;1m    102.91[0m[34;1m   1200652[0m[34;1m   1418764[0m[34;1m        44[0m
19:06:06   [34;1m    980836[0m[34;1m   1787440[0m[34;1m    745032[0m[34;1m     19.59[0m[34;1m    103048[0m[34;1m   1862208[0m[34;1m   3913816[0m[31;1m    102.91[0m[34;1m   1200652[0m[34;1m   1418560[0m[34;1m        44[0m
19:06:07   [34;1m    980836[0m[34;1m   1787440[0m[34;1m    745032[0m[34;1m     19.59[0m[34;1m    103048[0m[34;1m   1862208[0m[34;1m   3913816[0m[31;1m    102.91[0m[34;1m   1200652[0m[34;1m   1418512[0m[34;1m        44[0m
19:06:08   [34;1m    980836[0m[34;1m   1787440[0m[34;1m    745032[0m[34;1m     19.59[0m[34;1m    103048[0m[34;1m   1862208[0m[34;1m   3913816[0m[31;1m    102.91[0m[34;1m   1200652[0m[34;1m   1418512[0m[34;1m        44[0m
19:06:09   [34;1m    980836[0m[34;1m   1787440[0m[34;1m    745032[0m[34;1m     19.59[0m[34;1m    103048[0m[34;1m   1862208[0m[34;1m   3913816[0m[31;1m    102.91[0m[34;1m   1200652[0m[34;1m   1418520[0m[34;1m        44[0m
19:06:10   [34;1m    980836[0m[34;1m   1787440[0m[34;1m    745032[0m[34;1m     19.59[0m[34;1m    103052[0m[34;1m   1862204[0m[34;1m   3913816[0m[31;1m    102.91[0m[34;1m   1200652[0m[34;1m   1418520[0m[34;1m        44[0m
19:06:11   [34;1m    979072[0m[34;1m   1785684[0m[34;1m    746788[0m[34;1m     19.64[0m[34;1m    103052[0m[34;1m   1862212[0m[34;1m   3913816[0m[31;1m    102.91[0m[34;1m   1200656[0m[34;1m   1418552[0m[34;1m        44[0m
19:06:12   [34;1m    979072[0m[34;1m   1785684[0m[34;1m    746788[0m[34;1m     19.64[0m[34;1m    103052[0m[34;1m   1862212[0m[34;1m   3913816[0m[31;1m    102.91[0m[34;1m   1200656[0m[34;1m   1418552[0m[34;1m        44[0m
19:06:13   [34;1m    979072[0m[34;1m   1785688[0m[34;1m    746784[0m[34;1m     19.64[0m[34;1m    103052[0m[34;1m   1862216[0m[34;1m   3913816[0m[31;1m    102.91[0m[34;1m   1200656[0m[34;1m   1418556[0m[34;1m        48[0m
19:06:14   [34;1m    978820[0m[34;1m   1785436[0m[34;1m    747036[0m[34;1m     19.64[0m[34;1m    103052[0m[34;1m   1862216[0m[34;1m   3913816[0m[31;1m    102.91[0m[34;1m   1200656[0m[34;1m   1418856[0m[34;1m        48[0m
19:06:15   [34;1m    978820[0m[34;1m   1785444[0m[34;1m    747036[0m[34;1m     19.64[0m[34;1m    103056[0m[34;1m   1862220[0m[34;1m   3913816[0m[31;1m    102.91[0m[34;1m   1200660[0m[34;1m   1418960[0m[34;1m        48[0m
19:06:16   [34;1m    978820[0m[34;1m   1785444[0m[34;1m    747040[0m[34;1m     19.64[0m[34;1m    103056[0m[34;1m   1862220[0m[34;1m   3913816[0m[31;1m    102.91[0m[34;1m   1200660[0m[34;1m   1418984[0m[34;1m        48[0m
19:06:17   [34;1m    978820[0m[34;1m   1785444[0m[34;1m    747040[0m[34;1m     19.64[0m[34;1m    103056[0m[34;1m   1862220[0m[34;1m   3913816[0m[31;1m    102.91[0m[34;1m   1200660[0m[34;1m   1419028[0m[34;1m        20[0m
19:06:18   [34;1m    978820[0m[34;1m   1785444[0m[34;1m    747040[0m[34;1m     19.64[0m[34;1m    103056[0m[34;1m   1862220[0m[34;1m   3913816[0m[31;1m    102.91[0m[34;1m   1200660[0m[34;1m   1418756[0m[34;1m        12[0m
19:06:19   [34;1m    978820[0m[34;1m   1785456[0m[34;1m    747028[0m[34;1m     19.64[0m[34;1m    103064[0m[34;1m   1862224[0m[34;1m   3913816[0m[31;1m    102.91[0m[34;1m   1200668[0m[34;1m   1418760[0m[34;1m        40[0m
19:06:20   [34;1m    978820[0m[34;1m   1785456[0m[34;1m    747028[0m[34;1m     19.64[0m[34;1m    103064[0m[34;1m   1862224[0m[34;1m   3913816[0m[31;1m    102.91[0m[34;1m   1200668[0m[34;1m   1418760[0m[34;1m        40[0m
19:06:21   [34;1m    978820[0m[34;1m   1785456[0m[34;1m    747028[0m[34;1m     19.64[0m[34;1m    103064[0m[34;1m   1862224[0m[34;1m   3913816[0m[31;1m    102.91[0m[34;1m   1200668[0m[34;1m   1418800[0m[34;1m        40[0m
19:06:22   [34;1m    978820[0m[34;1m   1785456[0m[34;1m    747028[0m[34;1m     19.64[0m[34;1m    103064[0m[34;1m   1862224[0m[34;1m   3913816[0m[31;1m    102.91[0m[34;1m   1200668[0m[34;1m   1418800[0m[34;1m        40[0m
19:06:23   [34;1m    978820[0m[34;1m   1785460[0m[34;1m    747024[0m[34;1m     19.64[0m[34;1m    103064[0m[34;1m   1862228[0m[34;1m   3913816[0m[31;1m    102.91[0m[34;1m   1200668[0m[34;1m   1418808[0m[34;1m        28[0m
19:06:24   [34;1m    978820[0m[34;1m   1785460[0m[34;1m    747024[0m[34;1m     19.64[0m[34;1m    103064[0m[34;1m   1862228[0m[34;1m   3913816[0m[31;1m    102.91[0m[34;1m   1200668[0m[34;1m   1419108[0m[34;1m        28[0m
19:06:25   [34;1m    978820[0m[34;1m   1785460[0m[34;1m    747024[0m[34;1m     19.64[0m[34;1m    103064[0m[34;1m   1862228[0m[34;1m   3913816[0m[31;1m    102.91[0m[34;1m   1200668[0m[34;1m   1419120[0m[34;1m        32[0m
19:06:26   [34;1m    978568[0m[34;1m   1785208[0m[34;1m    747276[0m[34;1m     19.65[0m[34;1m    103064[0m[34;1m   1862228[0m[34;1m   3913816[0m[31;1m    102.91[0m[34;1m   1200668[0m[34;1m   1419140[0m[34;1m        32[0m
19:06:27   [34;1m    978568[0m[34;1m   1785208[0m[34;1m    747276[0m[34;1m     19.65[0m[34;1m    103064[0m[34;1m   1862228[0m[34;1m   3913816[0m[31;1m    102.91[0m[34;1m   1200668[0m[34;1m   1419140[0m[34;1m        32[0m
19:06:28   [34;1m    978568[0m[34;1m   1785208[0m[34;1m    747276[0m[34;1m     19.65[0m[34;1m    103064[0m[34;1m   1862228[0m[34;1m   3913816[0m[31;1m    102.91[0m[34;1m   1200668[0m[34;1m   1419140[0m[34;1m        32[0m
19:06:29   [34;1m    978568[0m[34;1m   1785224[0m[34;1m    747260[0m[34;1m     19.65[0m[34;1m    103076[0m[34;1m   1862232[0m[34;1m   3913816[0m[31;1m    102.91[0m[34;1m   1200680[0m[34;1m   1418504[0m[34;1m        36[0m
19:06:30   [34;1m    978568[0m[34;1m   1785224[0m[34;1m    747260[0m[34;1m     19.65[0m[34;1m    103076[0m[34;1m   1862232[0m[34;1m   3913816[0m[31;1m    102.91[0m[34;1m   1200680[0m[34;1m   1418504[0m[34;1m        36[0m
19:06:31   [34;1m    977308[0m[34;1m   1783964[0m[34;1m    748516[0m[34;1m     19.68[0m[34;1m    103076[0m[34;1m   1862232[0m[34;1m   3913816[0m[31;1m    102.91[0m[34;1m   1200680[0m[34;1m   1418504[0m[34;1m        36[0m
19:06:32   [34;1m    977308[0m[34;1m   1783968[0m[34;1m    748512[0m[34;1m     19.68[0m[34;1m    103076[0m[34;1m   1862236[0m[34;1m   3913816[0m[31;1m    102.91[0m[34;1m   1200680[0m[34;1m   1418312[0m[34;1m        44[0m
19:06:33   [34;1m    977308[0m[34;1m   1783980[0m[34;1m    748500[0m[34;1m     19.68[0m[34;1m    103080[0m[34;1m   1862244[0m[34;1m   3913816[0m[31;1m    102.91[0m[34;1m   1200684[0m[34;1m   1418140[0m[34;1m        48[0m
19:06:34   [34;1m    977056[0m[34;1m   1783728[0m[34;1m    748752[0m[34;1m     19.69[0m[34;1m    103080[0m[34;1m   1862244[0m[34;1m   3913816[0m[31;1m    102.91[0m[34;1m   1200684[0m[34;1m   1418660[0m[34;1m        48[0m
19:06:35   [34;1m    977056[0m[34;1m   1783728[0m[34;1m    748752[0m[34;1m     19.69[0m[34;1m    103080[0m[34;1m   1862244[0m[34;1m   3913816[0m[31;1m    102.91[0m[34;1m   1200684[0m[34;1m   1418844[0m[34;1m        48[0m
19:06:36   [34;1m    977056[0m[34;1m   1783728[0m[34;1m    748752[0m[34;1m     19.69[0m[34;1m    103080[0m[34;1m   1862244[0m[34;1m   3913816[0m[31;1m    102.91[0m[34;1m   1200684[0m[34;1m   1418688[0m[34;1m        48[0m
19:06:37   [34;1m    977056[0m[34;1m   1783732[0m[34;1m    748748[0m[34;1m     19.69[0m[34;1m    103080[0m[34;1m   1862248[0m[34;1m   3913816[0m[31;1m    102.91[0m[34;1m   1200684[0m[34;1m   1418612[0m[34;1m        48[0m
19:06:38   [34;1m    977056[0m[34;1m   1783732[0m[34;1m    748748[0m[34;1m     19.69[0m[34;1m    103080[0m[34;1m   1862248[0m[34;1m   3913816[0m[31;1m    102.91[0m[34;1m   1200684[0m[34;1m   1418612[0m[34;1m        48[0m
19:06:39   [34;1m    977056[0m[34;1m   1783732[0m[34;1m    748748[0m[34;1m     19.69[0m[34;1m    103080[0m[34;1m   1862248[0m[34;1m   3913816[0m[31;1m    102.91[0m[34;1m   1200684[0m[34;1m   1418496[0m[34;1m        48[0m
19:06:40   [34;1m    977056[0m[34;1m   1783732[0m[34;1m    748748[0m[34;1m     19.69[0m[34;1m    103080[0m[34;1m   1862248[0m[34;1m   3913816[0m[31;1m    102.91[0m[34;1m   1200684[0m[34;1m   1418496[0m[34;1m        48[0m
19:06:41   [34;1m    977056[0m[34;1m   1783740[0m[34;1m    748740[0m[34;1m     19.69[0m[34;1m    103084[0m[34;1m   1862252[0m[34;1m   3913816[0m[31;1m    102.91[0m[34;1m   1200688[0m[34;1m   1418504[0m[34;1m        48[0m
19:06:42   [34;1m    977056[0m[34;1m   1783740[0m[34;1m    748740[0m[34;1m     19.69[0m[34;1m    103084[0m[34;1m   1862252[0m[34;1m   3913816[0m[31;1m    102.91[0m[34;1m   1200688[0m[34;1m   1418504[0m[34;1m        48[0m
19:06:43   [34;1m    977056[0m[34;1m   1783740[0m[34;1m    748740[0m[34;1m     19.69[0m[34;1m    103084[0m[34;1m   1862252[0m[34;1m   3913816[0m[31;1m    102.91[0m[34;1m   1200688[0m[34;1m   1418504[0m[34;1m        48[0m
19:06:44   [34;1m    977056[0m[34;1m   1783740[0m[34;1m    748740[0m[34;1m     19.69[0m[34;1m    103084[0m[34;1m   1862252[0m[34;1m   3913816[0m[31;1m    102.91[0m[34;1m   1200688[0m[34;1m   1418744[0m[34;1m        48[0m
19:06:45   [34;1m    977056[0m[34;1m   1783740[0m[34;1m    748740[0m[34;1m     19.69[0m[34;1m    103084[0m[34;1m   1862252[0m[34;1m   3913816[0m[31;1m    102.91[0m[34;1m   1200688[0m[34;1m   1418768[0m[34;1m        48[0m
19:06:46   [34;1m    977056[0m[34;1m   1783740[0m[34;1m    748740[0m[34;1m     19.69[0m[34;1m    103084[0m[34;1m   1862252[0m[34;1m   3913816[0m[31;1m    102.91[0m[34;1m   1200688[0m[34;1m   1418800[0m[34;1m        48[0m
19:06:47   [34;1m    977056[0m[34;1m   1783760[0m[34;1m    748720[0m[34;1m     19.69[0m[34;1m    103100[0m[34;1m   1862256[0m[34;1m   3913816[0m[31;1m    102.91[0m[34;1m   1200704[0m[34;1m   1418672[0m[34;1m        48[0m
19:06:48   [34;1m    977056[0m[34;1m   1783760[0m[34;1m    748720[0m[34;1m     19.69[0m[34;1m    103100[0m[34;1m   1862256[0m[34;1m   3913816[0m[31;1m    102.91[0m[34;1m   1200704[0m[34;1m   1418504[0m[34;1m        48[0m
19:06:49   [34;1m    977056[0m[34;1m   1783760[0m[34;1m    748720[0m[34;1m     19.69[0m[34;1m    103100[0m[34;1m   1862256[0m[34;1m   3913816[0m[31;1m    102.91[0m[34;1m   1200704[0m[34;1m   1418512[0m[34;1m        48[0m
19:06:50   [34;1m    977056[0m[34;1m   1783760[0m[34;1m    748720[0m[34;1m     19.69[0m[34;1m    103100[0m[34;1m   1862256[0m[34;1m   3913816[0m[31;1m    102.91[0m[34;1m   1200704[0m[34;1m   1418512[0m[34;1m        16[0m
19:06:51   [34;1m    977056[0m[34;1m   1783764[0m[34;1m    748720[0m[34;1m     19.69[0m[34;1m    103104[0m[34;1m   1862256[0m[34;1m   3913816[0m[31;1m    102.91[0m[34;1m   1200708[0m[34;1m   1418520[0m[34;1m        32[0m
19:06:52   [34;1m    977056[0m[34;1m   1783768[0m[34;1m    748716[0m[34;1m     19.69[0m[34;1m    103104[0m[34;1m   1862260[0m[34;1m   3913816[0m[31;1m    102.91[0m[34;1m   1200708[0m[34;1m   1418524[0m[34;1m        32[0m
19:06:53   [34;1m    977056[0m[34;1m   1783768[0m[34;1m    748716[0m[34;1m     19.69[0m[34;1m    103104[0m[34;1m   1862260[0m[34;1m   3913816[0m[31;1m    102.91[0m[34;1m   1200708[0m[34;1m   1418524[0m[34;1m        32[0m
19:06:54   [34;1m    977056[0m[34;1m   1783768[0m[34;1m    748712[0m[34;1m     19.69[0m[34;1m    103104[0m[34;1m   1862260[0m[34;1m   3913816[0m[31;1m    102.91[0m[34;1m   1200708[0m[34;1m   1418724[0m[34;1m        32[0m
19:06:55   [34;1m    977056[0m[34;1m   1783776[0m[34;1m    748704[0m[34;1m     19.69[0m[34;1m    103108[0m[34;1m   1862268[0m[34;1m   3913816[0m[31;1m    102.91[0m[34;1m   1200712[0m[34;1m   1418768[0m[34;1m        36[0m
19:06:56   [34;1m    977056[0m[34;1m   1783780[0m[34;1m    748700[0m[34;1m     19.69[0m[34;1m    103108[0m[34;1m   1862268[0m[34;1m   3913816[0m[31;1m    102.91[0m[34;1m   1200712[0m[34;1m   1418780[0m[34;1m        24[0m
19:06:57   [34;1m    977056[0m[34;1m   1783780[0m[34;1m    748700[0m[34;1m     19.69[0m[34;1m    103108[0m[34;1m   1862268[0m[34;1m   3913816[0m[31;1m    102.91[0m[34;1m   1200712[0m[34;1m   1418784[0m[34;1m        28[0m
19:06:58   [34;1m    977056[0m[34;1m   1783780[0m[34;1m    748700[0m[34;1m     19.69[0m[34;1m    103108[0m[34;1m   1862268[0m[34;1m   3913816[0m[31;1m    102.91[0m[34;1m   1200712[0m[34;1m   1418784[0m[34;1m        28[0m
19:06:59   [34;1m    977056[0m[34;1m   1783780[0m[34;1m    748700[0m[34;1m     19.69[0m[34;1m    103108[0m[34;1m   1862268[0m[34;1m   3913816[0m[31;1m    102.91[0m[34;1m   1200712[0m[34;1m   1418808[0m[34;1m        28[0m
