procs -----------memory---------- ---swap-- -----io---- -system-- -------cpu-------
 r  b   swpd   free   buff  cache   si   so    bi    bo   in   cs us sy id wa st gu
 7  0      0 738492 124944 1961804   0    0     1   454 3643   32  5  4 91  0  0  0
 0  0      0 729940 124944 1961912   0    0     0     0 3867 7670 11 10 79  0  0  0
 3  0      0 728680 124944 1961916   0    0     0    28 3632 7187  8  7 85  0  0  0
 0  0      0 728680 124944 1961932   0    0     0     0 3077 6591  3  3 94  0  0  0
 0  0      0 728680 124952 1961936   0    0     0    76 3445 6949  7  4 89  1  0  0
 0  0      0 728680 124952 1962028   0    0     0    28 4287 9801 10  8 83  0  0  0
 0  0      0 727420 124952 1962032   0    0     0    52 3804 7459  8  6 85  0  0  0
 0  0      0 727196 124952 1962032   0    0     0     0 3434 6277  6  4 90  0  0  0
 0  0      0 727196 124960 1962024   0    0     0    48 3542 6466  9  5 86  0  0  0
 0  0      0 727196 124960 1962036   0    0     0    32 3574 6911  6  6 88  0  0  0
 0  0      0 726972 124960 1962036   0    0     0    28 4326 9019 13  7 80  0  0  0
 0  0      0 726972 124960 1962036   0    0     0     0 3276 5238  6  7 88  0  0  0
 3  0      0 726972 124972 1962044   0    0     0   292 4564 8973 15 11 73  1  0  0
 0  0      0 726972 124976 1962068   0    0     0   240 4674 9384 16 10 74  0  0  0
 0  0      0 726972 124976 1962068   0    0     0   148 4152 8700 14  7 79  0  0  0
 9  0      0 726972 124976 1962072   0    0     0     0 3664 7450  7  7 85  0  0  0
 0  0      0 726972 124976 1962072   0    0     0    36 4577 11021 19 12 70 0  0  0
 0  0      0 726972 124976 1962076   0    0     0    24 3479 6895  9  8 83  0  0  0
 0  0      0 726972 124976 1962076   0    0     0   116 3675 8307 10  9 80  0  0  0
 3  0      0 726972 124976 1962080   0    0     0    52 3192 6510  8  7 85  1  0  0
 8  0      0 726972 124992 1961964   0    0     0   576 4763 10785 18 15 67 0  0  0
procs -----------memory---------- ---swap-- -----io---- -system-- -------cpu-------
 r  b   swpd   free   buff  cache   si   so    bi    bo   in   cs us sy id wa st gu
 1  0      0 726972 125032 1961420   0    0     0  1200 4404 9440 12 16 71  1  0  0
 3  0      0 726972 125032 1961420   0    0     0     0 3685 7061  9  9 82  0  0  0
 0  0      0 726972 125032 1961424   0    0     0    72 3253 6118  6  7 88  0  0  0
 2  0      0 726972 125032 1961424   0    0     0    16 3604 7456  9  8 83  0  0  0
 7  0      0 726972 125036 1961428   0    0     0   292 3200 7597  6 10 85  0  0  0
 0  0      0 726972 125036 1961428   0    0     0    28 4038 9052 17 15 67  1  0  0
 2  0      0 726972 125056 1961448   0    0     0   300 4281 8305 15 13 72  0  0  0
 1  0      0 726972 125060 1961460   0    0     0   740 4124 8135 10  9 81  1  0  0
 2  0      0 726972 125072 1961468   0    0     0   156 3978 8080  8  8 84  1  0  0
 2  0      0 726972 125072 1961468   0    0     0     0 3758 7652 13 10 77  0  0  0
 2  0      0 726720 125072 1961468   0    0     0    28 3403 6444  6  8 86  0  0  0
 0  0      0 726720 125072 1961468   0    0     0     0 3469 8333  8 10 82  0  0  0
 1  0      0 726720 125072 1961468   0    0     0    24 3287 7241  9  8 83  0  0  0
 9  0      0 726720 125076 1961464   0    0     0    32 3476 7830 11 10 79  0  0  0
 0  0      0 726720 125076 1961472   0    0     0    52 3090 7258 10 11 80  0  0  0
 5  0      0 726720 125076 1961472   0    0     0    28 4449 10181 16 18 67 0  0  0
 0  0      0 726720 125076 1961476   0    0     0    32 3378 7554 10 10 80  0  0  0
 0  0      0 726720 125076 1961476   0    0     0     0 3198 6780  9 11 80  0  0  0
 1  0      0 726720 125076 1961480   0    0     0    80 3345 6505  7  6 86  0  0  0
 0  0      0 726720 125076 1961480   0    0     0     0 4012 9726 13 13 75  0  0  0
 0  0      0 726720 125076 1961496   0    0     0    28 3345 7606  8 11 82  0  0  0
procs -----------memory---------- ---swap-- -----io---- -system-- -------cpu-------
 r  b   swpd   free   buff  cache   si   so    bi    bo   in   cs us sy id wa st gu
10  0      0 726720 125088 1961504   0    0     0   212 3836 8296 22 21 56  1  0  0
 0  0      0 726720 125096 1961524   0    0     0   284 4423 9300 15 12 72  1  0  0
 3  0      0 726720 125100 1961528   0    0     0    72 3722 9612 11  9 79  0  0  0
 1  0      0 726720 125100 1961528   0    0     0    28 3277 7437  6 11 84  0  0  0
 0  0      0 726720 125104 1961532   0    0     0    56 4509 10499 15 14 71 0  0  0
 0  0      0 726720 125104 1961532   0    0     0    52 3576 6944  9  8 82  1  0  0
 0  0      0 726720 125104 1961532   0    0     0     0 3315 7495  8  9 83  0  0  0
 0  0      0 726720 125104 1961536   0    0     0    60 3565 6707  9  7 84  0  0  0
 0  0      0 726720 125104 1961536   0    0     0     0 4286 8736 11  9 81  0  0  0
 2  0      0 726720 125104 1961536   0    0     0    28 3505 6195  7  7 86  0  0  0
 0  0      0 726720 125104 1961536   0    0     0     0 3437 7742 11 13 76  0  0  0
 3  0      0 726720 125104 1961536   0    0     0    24 3257 5706  7  7 85  0  0  0
 0  0      0 726720 125108 1961536   0    0     0    84 3374 6781  7  7 86  0  0  0
 1  0      0 726720 125112 1961540   0    0     0    52 3343 7036  7  7 86  0  0  0
 0  0      0 726720 125112 1961540   0    0     0    28 4398 9284 17 15 68  0  0  0
 1  0      0 726720 125120 1961556   0    0     0   228 4246 9116 15 11 73  1  0  0
 2  0      0 726720 125132 1961572   0    0     0   272 4350 8660 25 13 62  0  0  0
 0  0      0 726720 125132 1961580   0    0     0   168 3884 8656 12 12 75  1  0  0
 0  0      0 726720 125132 1961580   0    0     0     0 3800 7912 12  9 78  0  0  0
 0  0      0 726468 125132 1961584   0    0     0    76 3315 7046  9 10 81  0  0  0
 0  0      0 725964 125132 1961584   0    0     0     0 3402 6859  7  8 85  0  0  0
procs -----------memory---------- ---swap-- -----io---- -system-- -------cpu-------
 r  b   swpd   free   buff  cache   si   so    bi    bo   in   cs us sy id wa st gu
 3  0      0 725964 125132 1961584   0    0     0    28 3333 7019  6  8 86  0  0  0
 0  0      0 725964 125132 1961584   0    0     0    32 2763 6299  5  6 89  0  0  0
 0  0      0 725964 125132 1961584   0    0     0    28 3245 7228  6  7 86  0  0  0
35  0      0 725964 125132 1961584   0    0     0    36 3586 7507 13 13 74  0  0  0
 0  0      0 725964 125140 1961588   0    0     0    96 3686 9539 10 12 77  1  0  0
 0  0      0 725964 125140 1961588   0    0     0    28 3022 7195 10 10 80  0  0  0
 0  0      0 725964 125140 1961588   0    0     0    80 3196 7852  9 10 80  0  0  0
 0  0      0 725964 125140 1961592   0    0     0     0 3729 7939 10  8 82  0  0  0
 1  0      0 725712 125140 1961592   0    0     0    28 3191 8391  8 11 82  0  0  0
 2  0      0 725712 125148 1961604   0    0     0   220 3989 9207 21 16 62  1  0  0
 5  0      0 725460 125152 1961616   0    0     0   260 4246 9780 18 14 67  1  0  0
 0  0      0 725208 125160 1961628   0    0     0    96 3723 8301 12 10 78  0  0  0
 0  0      0 725208 125160 1961628   0    0     0    28 3192 7077  8 10 83  0  0  0
 0  0      0 723204 125160 1961628   0    0     0     0 3755 8226 10 11 79  0  0  0
 1  0      0 722952 125168 1961636   0    0     0   100 4250 9874 18 15 66  1  0  0
 2  0      0 722952 125168 1961648   0    0     0    28 3307 6578  9  8 83  0  0  0
 2  0      0 722952 125168 1961648   0    0     0    56 3715 8059  7  9 83  0  0  0
 0  0      0 722952 125168 1961648   0    0     0     0 3824 9279 14 13 73  0  0  0
 0  0      0 722952 125172 1961644   0    0     0    72 3663 7628  9  9 82  0  0  0
 1  0      0 720936 125172 1961656   0    0     0     0 3714 8527 13 11 76  0  0  0
 0  0      0 720936 125172 1961656   0    0     0    24 3131 5987  7  6 87  0  0  0
procs -----------memory---------- ---swap-- -----io---- -system-- -------cpu-------
 r  b   swpd   free   buff  cache   si   so    bi    bo   in   cs us sy id wa st gu
 1  0      0 720936 125172 1961656   0    0     0    16 3582 8350  8  9 84  0  0  0
 1  0      0 720936 125172 1961656   0    0     0    60 3358 7239  7  7 86  0  0  0
 0  0      0 720936 125172 1961656   0    0     0     0 3437 8555  8 13 80  0  0  0
 2  0      0 720684 125176 1961664   0    0     0   280 4706 10701 22 16 61 1  0  0
 0  0      0 720684 125176 1961688   0    0     0   284 4372 9406 13 14 72  1  0  0
 2  0      0 720684 125176 1961692   0    0     0   116 3651 8332 11 10 78  1  0  0
 0  0      0 720684 125176 1961692   0    0     0     0 4142 8745 10  8 82  0  0  0
10  0      0 718416 125176 1961692   0    0     0    28 3260 6064  6  9 85  0  0  0
 0  0      0 716652 125180 1961696   0    0     0    64 3170 7364  7  9 83  0  0  0
 2  0      0 716652 125180 1961696   0    0     0     0 3230 6134  6  6 88  0  0  0
 2  0      0 716652 125180 1961696   0    0     0    44 3333 6939  9 10 81  0  0  0
 1  0      0 716652 125180 1961696   0    0     0     0 3108 5894  6  5 89  0  0  0
 2  0      0 716652 125180 1961696   0    0     0    28 3470 6938  8  6 86  0  0  0
 0  0      0 715924 125180 1961696   0    0     0    68 4195 9606 18 15 67  0  0  0
 0  0      0 715924 125184 1961700   0    0     0    76 3538 8076  9  7 83  1  0  0
 1  0      0 715924 125184 1961700   0    0     0    32 3308 6436  7  7 86  0  0  0
 0  0      0 715924 125184 1961700   0    0     0    24 4147 9750 14 10 76  0  0  0
 3  0      0 715924 125184 1961700   0    0     0     0 3270 6977  6  9 85  0  0  0
 5  0      0 715168 125200 1961724   0    0     0   292 4837 10959 23 20 56 1  0  0
 5  0      0 715168 125204 1961732   0    0     0   280 4283 8509 17 13 70  1  0  0
 5  0      0 715168 125208 1961744   0    0     0    80 3944 8988 11 10 78  0  0  0
procs -----------memory---------- ---swap-- -----io---- -system-- -------cpu-------
 r  b   swpd   free   buff  cache   si   so    bi    bo   in   cs us sy id wa st gu
 3  0      0 714916 125208 1961744   0    0     0     0 3155 6990  7  8 85  0  0  0
 1  0      0 714916 125208 1961744   0    0     0    28 3405 6518 10  8 82  0  0  0
 0  0      0 714916 125208 1961744   0    0     0     0 4301 9625 13 12 75  0  0  0
 2  0      0 714916 125208 1961748   0    0     0   152 3311 7898 15  9 75  1  0  0
 0  0      0 714916 125208 1961752   0    0     0    92 3503 7345  7  7 87  0  0  0
 2  0      0 714916 125208 1961752   0    0     0    28 3961 8327 10  7 84  0  0  0
 3  0      0 714916 125208 1961752   0    0     0     0 3250 7270  5  5 90  0  0  0
 1  0      0 714916 125208 1961756   0    0     0    56 3733 8694 10 10 79  0  0  0
 4  0      0 714916 125208 1961756   0    0     0    24 3106 6991  7  7 87  0  0  0
 0  0      0 714916 125208 1961756   0    0     0    40 3260 7076  8  7 85  0  0  0
 4  0      0 714916 125208 1961756   0    0     0     0 3034 6801  6  6 88  0  0  0
 6  0      0 714916 125208 1961756   0    0     0    28 3440 7772  8  7 84  1  0  0
11  0      0 714916 125212 1961764   0    0     0   224 4855 11339 18 14 68 0  0  0
 0  0      0 714916 125216 1961784   0    0     0   320 4863 10989 19 14 67 1  0  0
 6  0      0 714916 125216 1961792   0    0     0   128 3462 7627  8  8 85  0  0  0
 0  0      0 714916 125216 1961792   0    0     0    24 4061 8770 13 11 76  0  0  0
 6  0      0 714916 125216 1961792   0    0     0     0 2843 5171  4  5 90  0  0  0
 0  0      0 714676 125216 1961828   0    0     0    68 3668 8029 10 10 81  0  0  0
 0  0      0 714676 125216 1961828   0    0     0     0 3326 6722  7  6 88  0  0  0
 0  0      0 714676 125216 1961832   0    0     0    40 3191 6371  6  6 87  1  0  0
 0  0      0 714676 125216 1961832   0    0     0    44 3183 6197  4  6 89  0  0  0
procs -----------memory---------- ---swap-- -----io---- -system-- -------cpu-------
 r  b   swpd   free   buff  cache   si   so    bi    bo   in   cs us sy id wa st gu
12  0      0 714676 125216 1961832   0    0     0    28 3079 7384  8  8 85  0  0  0
 4  0      0 714676 125216 1961832   0    0     0     0 3218 6945  7 10 82  1  0  0
 4  0      0 714676 125220 1961836   0    0     0    88 4430 9917 15 14 71  1  0  0
 3  0      0 714676 125220 1961836   0    0     0    56 3426 7677 10 12 78  0  0  0
 0  0      0 714676 125220 1961836   0    0     0    28 4061 8742  9  9 82  0  0  0
 2  0      0 714676 125220 1961836   0    0     0    20 3263 6686  6  6 87  0  0  0
 0  0      0 714424 125236 1961852   0    0     0   244 4506 9691 13 10 76  1  0  0
 1  0      0 714172 125244 1961908   0    0     0   340 4628 10122 17 14 68 1  0  0
 0  0      0 714172 125248 1961924   0    0     0   168 3857 8115 12 11 77  0  0  0
 3  0      0 714172 125248 1961924   0    0     0     0 3118 5959  6  6 88  0  0  0
 1  0      0 714172 125256 1961924   0    0     0   364 3802 8132 10  9 81  0  0  0
 6  0      0 714172 125256 1961928   0    0     0    32 4673 11141 15 12 73 0  0  0
 2  0      0 714172 125256 1961932   0    0     0   116 4382 8979 13 11 76  1  0  0
 5  0      0 714172 125256 1961932   0    0     0    56 3494 7240  8  8 84  0  0  0
 0  0      0 714172 125256 1961932   0    0     0    28 3991 8632 13 11 76  0  0  0
 8  0      0 714172 125256 1961932   0    0     0     0 3132 5659  6  8 87  0  0  0
 2  0      0 713920 125264 1961952   0    0     0    92 3899 8852 14 15 71  0  0  0
 0  0      0 713920 125264 1961952   0    0     0     0 3021 6079  7  6 87  0  0  0
 0  0      0 713920 125264 1961952   0    0     0    44 3423 6150  7  7 85  0  0  0
 3  0      0 713920 125264 1961952   0    0     0     0 3250 6509  6  7 88  0  0  0
 0  0      0 713696 125264 1961952   0    0     0    28 3191 7399  7  8 85  0  0  0
procs -----------memory---------- ---swap-- -----io---- -system-- -------cpu-------
 r  b   swpd   free   buff  cache   si   so    bi    bo   in   cs us sy id wa st gu
 1  0      0 712688 125276 1961968   0    0     0   216 4506 9283 13 12 75  1  0  0
 1  0      0 712436 125284 1961992   0    0     0   288 4836 11117 21 18 61 1  0  0
 0  0      0 712436 125284 1961996   0    0     0   116 3709 7193 12  8 80  0  0  0
 1  0      0 712184 125284 1961996   0    0     0    48 4082 8204  9  8 82  1  0  0
 0  0      0 711960 125284 1961996   0    0     0     0 3356 6690  9  7 84  0  0  0
 2  0      0 708432 125284 1961996   0    0     0    24 3695 7099  8 10 82  0  0  0
 0  0      0 708432 125284 1961996   0    0     0     0 3314 7033  7  8 85  0  0  0
 0  0      0 708432 125288 1962000   0    0     0   104 3446 6584  9  7 85  0  0  0
 6  0      0 708432 125288 1962004   0    0     0     0 3021 5616  6  7 87  0  0  0
 0  0      0 708432 125288 1962004   0    0     0    64 3260 6099  8  7 85  0  0  0
 0  0      0 707424 125288 1962004   0    0     0     0 3408 7317  6  8 86  0  0  0
 6  0      0 707172 125288 1962004   0    0     0    52 3865 8045 11 14 75  0  0  0
 1  0      0 707172 125288 1962008   0    0     0    64 3443 6804  8  9 83  1  0  0
 0  0      0 707172 125288 1962008   0    0     0    44 4113 8826  9  9 82  0  0  0
 0  0      0 706920 125288 1962008   0    0     0     0 3129 5702  6  6 88  0  0  0
 4  0      0 705408 125296 1962008   0    0     0   256 4635 9154 15 14 70  0  0  0
 1  0      0 705408 125304 1962032   0    0     0   232 4243 9814 20 15 65  1  0  0
 0  0      0 705408 125308 1962040   0    0     0   104 3746 7816 20 10 70  1  0  0
 2  0      0 705408 125308 1962048   0    0     0     0 3429 6505  7  7 86  0  0  0
 2  0      0 705408 125308 1962048   0    0     0    28 3537 7764  8  9 83  0  0  0
 0  0      0 705408 125308 1962052   0    0     0    24 3753 8137  7  8 85  0  0  0
procs -----------memory---------- ---swap-- -----io---- -system-- -------cpu-------
 r  b   swpd   free   buff  cache   si   so    bi    bo   in   cs us sy id wa st gu
 4  0      0 705408 125308 1962052   0    0     0    28 4003 7946 15 12 72  0  0  0
 0  0      0 705408 125308 1962052   0    0     0   124 3636 7555  9  8 83  0  0  0
 1  0      0 705408 125308 1962056   0    0     0    48 4285 7821  9  8 82  1  0  0
 1  0      0 705408 125308 1962056   0    0     0     0 3446 6264  8  8 85  0  0  0
 2  0      0 705408 125312 1962052   0    0     0    28 3398 6438  9  9 82  0  0  0
 2  0      0 705408 125312 1962060   0    0     0    20 3334 7240  7  8 85  0  0  0
 2  0      0 705408 125312 1962060   0    0     0    56 3131 6744  6  5 89  0  0  0
 0  0      0 705408 125312 1962060   0    0     0    24 3399 7374  7  7 86  0  0  0
 3  0      0 705408 125312 1962060   0    0     0     0 3362 6605  7  6 87  0  0  0
 0  0      0 705408 125320 1962064   0    0     0   168 4279 9030 13 15 72  1  0  0
 0  0      0 705184 125324 1962076   0    0     0   156 4885 11427 17 14 69 0  0  0
 0  0      0 705184 125332 1962080   0    0     0   136 3603 7779 12 12 75  1  0  0
 0  0      0 705184 125332 1962080   0    0     0    48 3910 9194 10  8 82  0  0  0
 1  0      0 705184 125336 1962088   0    0     0    64 3410 6711  7  7 85  0  0  0
 0  0      0 704932 125336 1962088   0    0     0     0 3567 7409  9  9 82  0  0  0
 1  0      0 704932 125336 1962088   0    0     0    24 3515 7821  8  8 84  0  0  0
 0  0      0 704932 125336 1962088   0    0     0    16 2896 5856  5  6 89  0  0  0
 0  0      0 704932 125336 1962088   0    0     0    56 3218 6468  6  6 88  0  0  0
 0  0      0 704932 125336 1962088   0    0     0    16 3117 6611  6  8 86  0  0  0
 0  0      0 704708 125336 1962092   0    0     0    52 3503 7633  8  7 84  1  0  0
 3  0      0 704708 125336 1962092   0    0     0     0 3435 6794  8  5 87  0  0  0
procs -----------memory---------- ---swap-- -----io---- -system-- -------cpu-------
 r  b   swpd   free   buff  cache   si   so    bi    bo   in   cs us sy id wa st gu
 0  0      0 704708 125336 1962096   0    0     0    56 4017 9597 10 10 79  1  0  0
 1  0      0 704708 125336 1962096   0    0     0    52 4079 8502 11  9 80  0  0  0
 3  0      0 704708 125340 1962100   0    0     0    48 3227 6492  8  7 84  0  0  0
 2  0      0 704708 125340 1962104   0    0     0     0 3672 7738  8  9 83  0  0  0
 1  0      0 704708 125340 1962108   0    0     0    24 3756 7508 12  9 78  0  0  0
 0  0      0 704708 125340 1962108   0    0     0    16 3375 6618  8  6 85  0  0  0
 2  0      0 704708 125340 1962108   0    0     0    28 3312 7032  8  8 84  0  0  0
 1  0      0 704484 125340 1962108   0    0     0     0 3466 8538  6  8 85  1  0  0
 6  0      0 704484 125340 1962112   0    0     0    72 3757 7807  9  9 82  0  0  0
 0  0      0 704484 125340 1962112   0    0     0     0 3278 6449  6  7 86  0  0  0
 0  0      0 704260 125340 1962112   0    0     0    40 4405 9381 18 15 67  0  0  0
 0  0      0 704260 125344 1962108   0    0     0    72 3912 8481 10  7 83  0  0  0
 0  0      0 704260 125344 1962116   0    0     0    28 3523 7475 10  7 83  0  0  0
 3  0      0 704260 125344 1962116   0    0     0     0 3552 6592  9 12 79  0  0  0
 0  0      0 704260 125344 1962116   0    0     0    24 3435 6625  9  8 84  0  0  0
 6  0      0 704260 125344 1962116   0    0     0    16 3293 6717  7  8 85  0  0  0
 4  0      0 704260 125348 1962120   0    0     0    52 3178 5413 10  7 83  1  0  0
 5  0      0 704260 125348 1962120   0    0     0     0 3087 6999  6  8 86  0  0  0
 2  0      0 704260 125348 1962120   0    0     0    28 3820 8763  9 12 79  0  0  0
 0  0      0 704260 125348 1962124   0    0     0     0 3412 7353  7  6 87  0  0  0
 2  0      0 704260 125348 1962128   0    0     0    60 4600 9969 16 16 69  0  0  0
procs -----------memory---------- ---swap-- -----io---- -system-- -------cpu-------
 r  b   swpd   free   buff  cache   si   so    bi    bo   in   cs us sy id wa st gu
 1  0      0 704260 125352 1962132   0    0     0    56 3879 7131  8  9 83  0  0  0
 1  0      0 704260 125352 1962136   0    0     0    80 3452 6821 10  9 81  1  0  0
 1  0      0 704260 125352 1962136   0    0     0     0 3793 7325  6 10 84  0  0  0
 1  0      0 704260 125360 1962140   0    0     0    64 3434 6724  8  6 86  0  0  0
 0  0      0 704260 125360 1962140   0    0     0    16 3057 5269  6  6 88  0  0  0
 0  0      0 704260 125360 1962140   0    0     0    24 3435 7022  9  7 84  0  0  0
 2  0      0 704260 125360 1962140   0    0     0     0 3062 6491  6  7 87  0  0  0
 0  0      0 704260 125360 1962140   0    0     0    28 3749 6651  7  8 85  0  0  0
 0  0      0 704260 125364 1962136   0    0     0    16 2941 4936  5  6 88  1  0  0
 0  0      0 704260 125364 1962144   0    0     0    84 4619 9608 14 15 71  0  0  0
 0  0      0 704260 125364 1962144   0    0     0    24 3913 7548  8  7 85  0  0  0
 3  0      0 704260 125364 1962144   0    0     0    52 3582 6761 13  7 80  0  0  0
 3  0      0 704260 125364 1962144   0    0     0     0 3406 6906 11 10 79  0  0  0
 0  0      0 704260 125368 1962144   0    0     0    52 3732 7955 10  9 81  0  0  0
 5  0      0 704036 125368 1962152   0    0     0    16 3444 6779  9  7 84  0  0  0
 0  0      0 704036 125368 1962152   0    0     0    28 3560 6805  9  9 82  1  0  0
 0  0      0 704036 125368 1962152   0    0     0     0 3668 7460  8  7 84  0  0  0
 0  0      0 704036 125368 1962152   0    0     0    52 3736 7938 10  9 81  0  0  0
 4  0      0 704036 125368 1962152   0    0     0     0 3612 7677 12  8 80  0  0  0
 0  0      0 704036 125376 1962156   0    0     0   112 4432 11177 14 12 74 0  0  0
 0  0      0 704036 125376 1962156   0    0     0    28 3939 7800 12 10 78  0  0  0
procs -----------memory---------- ---swap-- -----io---- -system-- -------cpu-------
 r  b   swpd   free   buff  cache   si   so    bi    bo   in   cs us sy id wa st gu
 2  0      0 704036 125380 1962160   0    0     0    72 3668 7772  9  8 83  1  0  0
 0  0      0 704036 125380 1962164   0    0     0     0 3604 7128  8  8 84  0  0  0
 0  0      0 704036 125380 1962164   0    0     0    28 3344 6632  8  9 84  0  0  0
 8  0      0 703812 125380 1962164   0    0     0    16 3043 6608  5  7 87  0  0  0
 1  0      0 703812 125380 1962164   0    0     0    24 3624 8863  9  8 83  0  0  0
 2  0      0 703812 125380 1962164   0    0     0     0 3250 6822  7  7 87  0  0  0
 4  0      0 703812 125380 1962172   0    0     0   116 4154 8496 11 11 78  0  0  0
 3  0      0 703812 125380 1962172   0    0     0     0 3423 6824  9  8 84  0  0  0
 4  0      0 703812 125380 1962176   0    0     0    60 4253 9545 18 14 66  1  0  0
 2  0      0 703588 125380 1962176   0    0     0     4 4229 8856 10 11 78  0  0  0
 3  0      0 703588 125380 1962176   0    0     0   100 3550 7386  9 10 81  0  0  0
 3  0      0 703588 125380 1962180   0    0     0    36 3541 8189  7  9 85  0  0  0
 0  0      0 703588 125380 1962180   0    0     0    28 3388 6114  6  6 88  0  0  0
 0  0      0 703588 125380 1962180   0    0     0    16 3098 5547  5  7 89  0  0  0
 1  0      0 703588 125384 1962176   0    0     0    64 3246 5938  8  5 87  0  0  0
 1  0      0 703588 125384 1962184   0    0     0     0 3261 6286  6  8 86  0  0  0
 4  0      0 703588 125384 1962184   0    0     0    28 3178 6366 10  9 81  1  0  0
 0  0      0 703588 125384 1962184   0    0     0     0 3196 6805  6  7 87  0  0  0
 0  0      0 703588 125384 1962184   0    0     0    92 3400 6639 12 12 76  0  0  0
 0  0      0 703588 125384 1962184   0    0     0     0 4888 10667 19 17 64 0  0  0
 1  0      0 703364 125384 1962188   0    0     0    68 3314 6659 11 10 80  0  0  0
procs -----------memory---------- ---swap-- -----io---- -system-- -------cpu-------
 r  b   swpd   free   buff  cache   si   so    bi    bo   in   cs us sy id wa st gu
 1  0      0 703364 125384 1962188   0    0     0    48 3632 7575 13 11 77  0  0  0
 0  0      0 703112 125384 1962192   0    0     0     4 4007 8972 19 13 69  0  0  0
 5  0      0 703112 125384 1962196   0    0     0    40 3167 7717  7  9 84  0  0  0
 7  0      0 703112 125388 1962192   0    0     0    76 3331 6874  7  9 84  0  0  0
 4  0      0 703112 125388 1962200   0    0     0    20 3331 6971  8  9 82  1  0  0
 2  0      0 703112 125388 1962200   0    0     0     0 3176 7228 10  8 82  0  0  0
 0  0      0 702860 125388 1962200   0    0     0    28 3521 6981 10  9 81  0  0  0
 0  0      0 702860 125388 1962200   0    0     0    32 3322 5904  9  7 85  0  0  0
 0  0      0 702860 125392 1962204   0    0     0    88 4768 10447 20 14 66 0  0  0
 0  0      0 702860 125392 1962204   0    0     0    24 3460 6822 10  7 83  0  0  0
 0  0      0 702356 125392 1962204   0    0     0    52 3800 7170 12 10 77  0  0  0
 2  0      0 702356 125392 1962204   0    0     0     0 3338 7158  8  8 84  0  0  0
 0  0      0 702356 125396 1962208   0    0     0    68 3550 7718 10  8 82  0  0  0
 0  0      0 702356 125396 1962208   0    0     0     0 3281 6845  7  8 85  0  0  0
 0  0      0 702356 125396 1962208   0    0     0    24 3006 6153  7  8 86  0  0  0
 0  0      0 702132 125396 1962208   0    0     0     0 3370 7603  8  8 84  0  0  0
 0  0      0 702132 125396 1962212   0    0     0    28 3606 7323  9  9 82  1  0  0
 0  0      0 702132 125400 1962216   0    0     0    52 3473 7739 11 10 79  0  0  0
 0  0      0 702132 125404 1962220   0    0     0    52 4950 11323 20 18 61 1  0  0
 2  0      0 702132 125404 1962220   0    0     0    24 3476 7182  6  8 86  1  0  0
 0  0      0 702132 125404 1962220   0    0     0    52 3297 7450 10 10 79  0  0  0
procs -----------memory---------- ---swap-- -----io---- -system-- -------cpu-------
 r  b   swpd   free   buff  cache   si   so    bi    bo   in   cs us sy id wa st gu
 1  0      0 701880 125404 1962220   0    0     0     0 3623 7649  9  8 83  0  0  0
 0  0      0 701880 125408 1962224   0    0     0    68 3004 5871  5  8 87  0  0  0
 4  0      0 701880 125408 1962224   0    0     0     0 3127 6027  8 10 83  0  0  0
 0  0      0 701880 125408 1962228   0    0     0    24 3389 7279  7  7 85  0  0  0
 0  0      0 701880 125408 1962228   0    0     0     0 2960 5687  7  6 87  0  0  0
 0  0      0 701880 125416 1962232   0    0     0    52 3525 7182  9 10 82  0  0  0
 0  0      0 701880 125416 1962232   0    0     0    32 3405 6694  8  8 84  0  0  0
 0  0      0 701880 125416 1962232   0    0     0    28 5259 11391 18 14 67 1  0  0
 0  0      0 701880 125416 1962232   0    0     0    24 3251 6489  8  7 85  0  0  0
 2  0      0 701628 125416 1962236   0    0     0    76 3512 7866 13 14 73  0  0  0
 0  0      0 699864 125416 1962240   0    0     0     0 3595 8289 12 11 77  0  0  0
 3  0      0 699864 125416 1962240   0    0     0    44 3341 5823 18  9 72  1  0  0
 2  0      0 699864 125416 1962240   0    0     0     0 3352 8086  9  9 82  0  0  0
 1  0      0 699864 125416 1962240   0    0     0    24 3566 7558  8  9 84  0  0  0
 3  0      0 699864 125420 1962240   0    0     0    20 3331 6636  8  8 85  0  0  0
 2  0      0 699612 125424 1962244   0    0     0    52 3566 7479 10 10 80  0  0  0
 2  0      0 699612 125424 1962244   0    0     0    32 3559 7475  7  7 85  1  0  0
 3  0      0 699612 125424 1962244   0    0     0    28 4844 11241 22 19 60 0  0  0
 5  0      0 699612 125424 1962244   0    0     0     4 2810 5751  7  6 87  0  0  0
 0  0      0 699612 125428 1962248   0    0     0    80 3600 9590 11 12 77  0  0  0
 2  0      0 699108 125428 1962248   0    0     0    24 3375 7676  9  8 83  0  0  0
procs -----------memory---------- ---swap-- -----io---- -system-- -------cpu-------
 r  b   swpd   free   buff  cache   si   so    bi    bo   in   cs us sy id wa st gu
 0  0      0 699108 125428 1962248   0    0     0    44 3295 7463  6  7 87  0  0  0
 0  0      0 699108 125428 1962248   0    0     0     0 3475 7513  8  7 85  0  0  0
 0  0      0 699108 125432 1962244   0    0     0    60 3512 7510  7  7 85  1  0  0
 0  0      0 699108 125436 1962256   0    0     0   148 3839 7316 12 10 78  0  0  0
 0  0      0 698856 125440 1962268   0    0     0   200 4209 8085 10 10 78  1  0  0
 0  0      0 698856 125440 1962276   0    0     0    56 3303 6639  9  8 83  0  0  0
25  0      0 698856 125444 1962272   0    0     0    56 4690 10676 17 14 69 0  0  0
 0  0      0 698856 125444 1962280   0    0     0     0 3908 8572 11 14 75  0  0  0
 0  0      0 698856 125444 1962280   0    0     0    52 3722 7234  9  8 83  0  0  0
 0  0      0 697596 125444 1962280   0    0     0    24 3389 6443  7  7 86  0  0  0
 0  0      0 697596 125448 1962276   0    0     0    68 3190 6104  6  6 88  1  0  0
 0  0      0 697596 125448 1962288   0    0     0     0 3145 5486  7  7 86  0  0  0
