Linux 6.6.95 (ssp-study) 	04/21/26 	_x86_64_	(2 CPU)

11:08:10    kbmemfree   kbavail kbmemused  %memused kbbuffers  kbcached  kbcommit   %commit  kbactive   kbinact   kbdirty
11:08:11   [34;1m    182076[0m[34;1m   1177744[0m[34;1m    686008[0m[34;1m     22.60[0m[34;1m     49336[0m[34;1m   2035728[0m[34;1m   3644172[0m[31;1m    120.03[0m[34;1m    839620[0m[34;1m   1875800[0m[34;1m       416[0m
11:08:12   [34;1m    179556[0m[34;1m   1175332[0m[34;1m    688364[0m[34;1m     22.67[0m[34;1m     49336[0m[34;1m   2035812[0m[34;1m   3649676[0m[31;1m    120.21[0m[34;1m    839632[0m[34;1m   1880816[0m[34;1m       484[0m
11:08:13   [34;1m    176812[0m[34;1m   1172608[0m[34;1m    690884[0m[34;1m     22.76[0m[34;1m     49336[0m[34;1m   2035824[0m[34;1m   3649676[0m[31;1m    120.21[0m[34;1m    839632[0m[34;1m   1883356[0m[34;1m       496[0m
11:08:14   [34;1m    174796[0m[34;1m   1170672[0m[34;1m    692640[0m[34;1m     22.81[0m[34;1m     49336[0m[34;1m   2035880[0m[34;1m   3649932[0m[31;1m    120.22[0m[34;1m    839632[0m[34;1m   1885564[0m[34;1m       552[0m
11:08:15   [34;1m    169796[0m[34;1m   1165868[0m[34;1m    697292[0m[34;1m     22.97[0m[34;1m     49336[0m[34;1m   2036044[0m[34;1m   3663052[0m[31;1m    120.65[0m[34;1m    839668[0m[34;1m   1889524[0m[34;1m       684[0m
11:08:16   [34;1m    166044[0m[34;1m   1162188[0m[34;1m    700776[0m[34;1m     23.08[0m[34;1m     49340[0m[34;1m   2036092[0m[34;1m   3667148[0m[31;1m    120.79[0m[34;1m    839664[0m[34;1m   1893132[0m[34;1m       736[0m
11:08:17   [34;1m    164784[0m[34;1m   1161012[0m[34;1m    701792[0m[34;1m     23.12[0m[34;1m     49348[0m[34;1m   2036160[0m[34;1m   3679436[0m[31;1m    121.19[0m[34;1m    839668[0m[34;1m   1894484[0m[34;1m       808[0m
11:08:18   [34;1m    160496[0m[34;1m   1156936[0m[34;1m    705668[0m[34;1m     23.24[0m[34;1m     49348[0m[34;1m   2036368[0m[34;1m   3679436[0m[31;1m    121.19[0m[34;1m    839680[0m[34;1m   1896292[0m[34;1m      1004[0m
11:08:19   [34;1m    159528[0m[34;1m   1156040[0m[34;1m    706432[0m[34;1m     23.27[0m[34;1m     49352[0m[34;1m   2036396[0m[34;1m   3679436[0m[31;1m    121.19[0m[34;1m    839676[0m[34;1m   1897276[0m[34;1m      1036[0m
11:08:20   [34;1m    156280[0m[34;1m   1153056[0m[34;1m    709236[0m[34;1m     23.36[0m[34;1m     49360[0m[34;1m   2036624[0m[34;1m   3683788[0m[31;1m    121.34[0m[34;1m    839688[0m[34;1m   1900432[0m[34;1m      1248[0m
11:08:21   [34;1m    154800[0m[34;1m   1151780[0m[34;1m    710400[0m[34;1m     23.40[0m[34;1m     49360[0m[34;1m   2036900[0m[34;1m   3683788[0m[31;1m    121.34[0m[34;1m    839688[0m[34;1m   1902276[0m[34;1m       324[0m
11:08:22   [34;1m    151272[0m[34;1m   1148568[0m[34;1m    713492[0m[34;1m     23.50[0m[34;1m     49360[0m[34;1m   2037096[0m[34;1m   3688268[0m[31;1m    121.48[0m[34;1m    839748[0m[34;1m   1906216[0m[34;1m       548[0m
11:08:23   [34;1m    150040[0m[34;1m   1147536[0m[34;1m    714284[0m[34;1m     23.53[0m[34;1m     49368[0m[34;1m   2037260[0m[34;1m   3688332[0m[31;1m    121.49[0m[34;1m    839748[0m[34;1m   1907268[0m[34;1m       720[0m
11:08:24   [34;1m    145756[0m[34;1m   1143440[0m[34;1m    718088[0m[34;1m     23.65[0m[34;1m     49368[0m[34;1m   2037408[0m[34;1m   3693196[0m[31;1m    121.65[0m[34;1m    839756[0m[34;1m   1911188[0m[34;1m       860[0m
11:08:25   [34;1m    142228[0m[34;1m   1140188[0m[34;1m    721212[0m[34;1m     23.76[0m[34;1m     49368[0m[34;1m   2037640[0m[34;1m   3697292[0m[31;1m    121.78[0m[34;1m    839756[0m[34;1m   1914148[0m[34;1m      1092[0m
11:08:26   [34;1m    140996[0m[34;1m   1139244[0m[34;1m    721900[0m[34;1m     23.78[0m[34;1m     49368[0m[34;1m   2037936[0m[34;1m   3697292[0m[31;1m    121.78[0m[34;1m    839764[0m[34;1m   1915840[0m[34;1m      1352[0m
11:08:27   [34;1m    137004[0m[34;1m   1135524[0m[34;1m    725428[0m[34;1m     23.89[0m[34;1m     49368[0m[34;1m   2038156[0m[34;1m   3696780[0m[31;1m    121.77[0m[34;1m    839764[0m[34;1m   1917768[0m[34;1m      1572[0m
11:08:28   [34;1m    135744[0m[34;1m   1134504[0m[34;1m    726420[0m[34;1m     23.93[0m[34;1m     49372[0m[34;1m   2038364[0m[34;1m   3696780[0m[31;1m    121.77[0m[34;1m    839764[0m[34;1m   1920104[0m[34;1m      1788[0m
11:08:29   [34;1m    133476[0m[34;1m   1132584[0m[34;1m    728044[0m[34;1m     23.98[0m[34;1m     49372[0m[34;1m   2038692[0m[34;1m   3700876[0m[31;1m    121.90[0m[34;1m    839768[0m[34;1m   1922604[0m[34;1m      2132[0m
11:08:30   [34;1m    129236[0m[34;1m   1128756[0m[34;1m    731608[0m[34;1m     24.10[0m[34;1m     49380[0m[34;1m   2038920[0m[34;1m   3742024[0m[31;1m    123.26[0m[34;1m    839768[0m[34;1m   1925912[0m[34;1m      2356[0m
11:08:31   [34;1m    126996[0m[34;1m   1126860[0m[34;1m    733232[0m[34;1m     24.15[0m[34;1m     49380[0m[34;1m   2039236[0m[34;1m   3701132[0m[31;1m    121.91[0m[34;1m    839776[0m[34;1m   1926920[0m[34;1m      2672[0m
11:08:32   [34;1m    123996[0m[34;1m   1124336[0m[34;1m    735488[0m[34;1m     24.23[0m[34;1m     49380[0m[34;1m   2039676[0m[34;1m   3705484[0m[31;1m    122.05[0m[34;1m    839776[0m[34;1m   1930064[0m[34;1m      3108[0m
11:08:33   [34;1m    121728[0m[34;1m   1122296[0m[34;1m    737432[0m[34;1m     24.29[0m[34;1m     49380[0m[34;1m   2039880[0m[34;1m   3709900[0m[31;1m    122.20[0m[34;1m    839776[0m[34;1m   1932228[0m[34;1m      3312[0m
11:08:34   [34;1m    119500[0m[34;1m   1120492[0m[34;1m    739000[0m[34;1m     24.34[0m[34;1m     49388[0m[34;1m   2040284[0m[34;1m   3713996[0m[31;1m    122.33[0m[34;1m    839776[0m[34;1m   1933848[0m[34;1m      3728[0m
11:08:35   [34;1m    116040[0m[34;1m   1117516[0m[34;1m    741824[0m[34;1m     24.43[0m[34;1m     49396[0m[34;1m   2040704[0m[34;1m   3714124[0m[31;1m    122.34[0m[34;1m    839792[0m[34;1m   1936548[0m[34;1m      4128[0m
11:08:36   [34;1m    113016[0m[34;1m   1114832[0m[34;1m    744236[0m[34;1m     24.51[0m[34;1m     49404[0m[34;1m   2041088[0m[34;1m   3718220[0m[31;1m    122.47[0m[34;1m    839800[0m[34;1m   1939744[0m[34;1m      4500[0m
11:08:37   [34;1m    109800[0m[34;1m   1112044[0m[34;1m    746844[0m[34;1m     24.60[0m[34;1m     49404[0m[34;1m   2041384[0m[34;1m   3726412[0m[31;1m    122.74[0m[34;1m    839800[0m[34;1m   1942312[0m[34;1m      4796[0m
11:08:38   [34;1m    107088[0m[34;1m   1109856[0m[34;1m    748856[0m[34;1m     24.67[0m[34;1m     49404[0m[34;1m   2041880[0m[34;1m   3730508[0m[31;1m    122.88[0m[34;1m    839800[0m[34;1m   1944808[0m[34;1m      5292[0m
11:08:39   [34;1m    103668[0m[34;1m   1106868[0m[34;1m    751760[0m[34;1m     24.76[0m[34;1m     49404[0m[34;1m   2042276[0m[34;1m   3730508[0m[31;1m    122.88[0m[34;1m    839800[0m[34;1m   1947452[0m[34;1m      5688[0m
11:08:40   [34;1m     99844[0m[34;1m   1103432[0m[34;1m    754952[0m[34;1m     24.87[0m[34;1m     49404[0m[34;1m   2042652[0m[34;1m   3730508[0m[31;1m    122.88[0m[34;1m    839800[0m[34;1m   1949060[0m[34;1m      6060[0m
11:08:41   [34;1m    113812[0m[34;1m   1103992[0m[34;1m    754204[0m[34;1m     24.84[0m[34;1m     49092[0m[34;1m   2029544[0m[34;1m   3734860[0m[31;1m    123.02[0m[34;1m    840444[0m[34;1m   1935740[0m[34;1m      6496[0m
11:08:42   [34;1m    113148[0m[34;1m   1103792[0m[34;1m    754360[0m[34;1m     24.85[0m[34;1m     49100[0m[34;1m   2029996[0m[34;1m   3734860[0m[31;1m    123.02[0m[34;1m    840444[0m[34;1m   1936188[0m[34;1m      6944[0m
11:08:43   [34;1m    112700[0m[34;1m   1103720[0m[34;1m    754456[0m[34;1m     24.85[0m[34;1m     49100[0m[34;1m   2030356[0m[34;1m   3734860[0m[31;1m    123.02[0m[34;1m    840452[0m[34;1m   1936900[0m[34;1m      7304[0m
11:08:44   [34;1m    110720[0m[34;1m   1102248[0m[34;1m    755920[0m[34;1m     24.90[0m[34;1m     49100[0m[34;1m   2030828[0m[34;1m   3739468[0m[31;1m    123.17[0m[34;1m    840452[0m[34;1m   1939136[0m[34;1m      7772[0m
11:08:45   [34;1m    110256[0m[34;1m   1102112[0m[34;1m    755984[0m[34;1m     24.90[0m[34;1m     49100[0m[34;1m   2031260[0m[34;1m   3739468[0m[31;1m    123.17[0m[34;1m    840452[0m[34;1m   1939328[0m[34;1m      8204[0m
11:08:46   [34;1m    108000[0m[34;1m   1100544[0m[34;1m    757304[0m[34;1m     24.94[0m[34;1m     49100[0m[34;1m   2031648[0m[34;1m   3739468[0m[31;1m    123.17[0m[34;1m    840448[0m[34;1m   1939892[0m[34;1m        60[0m
11:08:47   [34;1m    107300[0m[34;1m   1100208[0m[34;1m    757692[0m[34;1m     24.96[0m[34;1m     49108[0m[34;1m   2032008[0m[34;1m   3734860[0m[31;1m    123.02[0m[34;1m    840448[0m[34;1m   1939120[0m[34;1m       456[0m
11:08:48   [34;1m    107076[0m[34;1m   1100476[0m[34;1m    757380[0m[34;1m     24.95[0m[34;1m     49116[0m[34;1m   2032472[0m[34;1m   3734860[0m[31;1m    123.02[0m[34;1m    840456[0m[34;1m   1939764[0m[34;1m       928[0m
11:08:49   [34;1m    106852[0m[34;1m   1100664[0m[34;1m    757204[0m[34;1m     24.94[0m[34;1m     49116[0m[34;1m   2032864[0m[34;1m   3734860[0m[31;1m    123.02[0m[34;1m    840464[0m[34;1m   1941004[0m[34;1m      1320[0m
11:08:50   [34;1m    106628[0m[34;1m   1100928[0m[34;1m    756920[0m[34;1m     24.93[0m[34;1m     49128[0m[34;1m   2033372[0m[34;1m   3734860[0m[31;1m    123.02[0m[34;1m    840476[0m[34;1m   1940204[0m[34;1m      1844[0m
11:08:51   [34;1m    105624[0m[34;1m   1100340[0m[34;1m    757520[0m[34;1m     24.95[0m[34;1m     49128[0m[34;1m   2033752[0m[34;1m   3734860[0m[31;1m    123.02[0m[34;1m    840476[0m[34;1m   1940736[0m[34;1m      2220[0m
11:08:52   [34;1m    105152[0m[34;1m   1100212[0m[34;1m    757660[0m[34;1m     24.96[0m[34;1m     49132[0m[34;1m   2034096[0m[34;1m   3734860[0m[31;1m    123.02[0m[34;1m    840476[0m[34;1m   1940776[0m[34;1m      2568[0m
11:08:53   [34;1m    104928[0m[34;1m   1100420[0m[34;1m    757408[0m[34;1m     24.95[0m[34;1m     49132[0m[34;1m   2034576[0m[34;1m   3734860[0m[31;1m    123.02[0m[34;1m    840480[0m[34;1m   1941276[0m[34;1m      3040[0m
11:08:54   [34;1m    104424[0m[34;1m   1100276[0m[34;1m    757576[0m[34;1m     24.95[0m[34;1m     49132[0m[34;1m   2034928[0m[34;1m   3734860[0m[31;1m    123.02[0m[34;1m    840480[0m[34;1m   1941656[0m[34;1m      3396[0m
11:08:55   [34;1m    103948[0m[34;1m   1100232[0m[34;1m    757584[0m[34;1m     24.95[0m[34;1m     49132[0m[34;1m   2035380[0m[34;1m   3734860[0m[31;1m    123.02[0m[34;1m    840480[0m[34;1m   1942120[0m[34;1m      3848[0m
11:08:56   [34;1m    102940[0m[34;1m   1099540[0m[34;1m    758264[0m[34;1m     24.98[0m[34;1m     49136[0m[34;1m   2035728[0m[34;1m   3734860[0m[31;1m    123.02[0m[34;1m    840480[0m[34;1m   1942660[0m[34;1m      4200[0m
11:08:57   [34;1m    102464[0m[34;1m   1099596[0m[34;1m    758256[0m[34;1m     24.98[0m[34;1m     49136[0m[34;1m   2036180[0m[34;1m   3734860[0m[31;1m    123.02[0m[34;1m    840480[0m[34;1m   1943452[0m[34;1m      4644[0m
11:08:58   [34;1m    102212[0m[34;1m   1099788[0m[34;1m    758068[0m[34;1m     24.97[0m[34;1m     49136[0m[34;1m   2036628[0m[34;1m   3734860[0m[31;1m    123.02[0m[34;1m    840480[0m[34;1m   1944048[0m[34;1m      5092[0m
11:08:59   [34;1m    101960[0m[34;1m   1099744[0m[34;1m    757984[0m[34;1m     24.97[0m[34;1m     49136[0m[34;1m   2036964[0m[34;1m   3734860[0m[31;1m    123.02[0m[34;1m    840484[0m[34;1m   1944204[0m[34;1m      5428[0m
11:09:00   [34;1m    101232[0m[34;1m   1099640[0m[34;1m    758264[0m[34;1m     24.98[0m[34;1m     49136[0m[34;1m   2037428[0m[34;1m   3735116[0m[31;1m    123.03[0m[34;1m    840484[0m[34;1m   1945088[0m[34;1m      5884[0m
11:09:01   [34;1m    114000[0m[34;1m   1100204[0m[34;1m    757612[0m[34;1m     24.95[0m[34;1m     48736[0m[34;1m   2025700[0m[34;1m   3735116[0m[31;1m    123.03[0m[34;1m    840584[0m[34;1m   1932712[0m[34;1m       260[0m
11:09:02   [34;1m    113040[0m[34;1m   1099876[0m[34;1m    758036[0m[34;1m     24.97[0m[34;1m     48736[0m[34;1m   2026208[0m[34;1m   3735116[0m[31;1m    123.03[0m[34;1m    840636[0m[34;1m   1933392[0m[34;1m       724[0m
11:09:03   [34;1m    109576[0m[34;1m   1096720[0m[34;1m    761136[0m[34;1m     25.07[0m[34;1m     48736[0m[34;1m   2026604[0m[34;1m   3735116[0m[31;1m    123.03[0m[34;1m    840636[0m[34;1m   1933820[0m[34;1m      1120[0m
11:09:04   [34;1m    109368[0m[34;1m   1097008[0m[34;1m    760868[0m[34;1m     25.06[0m[34;1m     48740[0m[34;1m   2027064[0m[34;1m   3735116[0m[31;1m    123.03[0m[34;1m    840640[0m[34;1m   1934204[0m[34;1m      1584[0m
11:09:05   [34;1m    109116[0m[34;1m   1097016[0m[34;1m    760732[0m[34;1m     25.06[0m[34;1m     48740[0m[34;1m   2027444[0m[34;1m   3735116[0m[31;1m    123.03[0m[34;1m    840644[0m[34;1m   1934812[0m[34;1m      1952[0m
11:09:06   [34;1m    106624[0m[34;1m   1095124[0m[34;1m    762736[0m[34;1m     25.12[0m[34;1m     48744[0m[34;1m   2027904[0m[34;1m   3735116[0m[31;1m    123.03[0m[34;1m    840640[0m[34;1m   1935516[0m[34;1m      2320[0m
11:09:07   [34;1m    105896[0m[34;1m   1094712[0m[34;1m    763100[0m[34;1m     25.14[0m[34;1m     48744[0m[34;1m   2028276[0m[34;1m   3735116[0m[31;1m    123.03[0m[34;1m    840644[0m[34;1m   1936004[0m[34;1m      2688[0m
11:09:08   [34;1m    105644[0m[34;1m   1094884[0m[34;1m    762920[0m[34;1m     25.13[0m[34;1m     48744[0m[34;1m   2028692[0m[34;1m   3735116[0m[31;1m    123.03[0m[34;1m    840644[0m[34;1m   1936672[0m[34;1m      3104[0m
11:09:09   [34;1m    104664[0m[34;1m   1094288[0m[34;1m    763532[0m[34;1m     25.15[0m[34;1m     48744[0m[34;1m   2029072[0m[34;1m   3735116[0m[31;1m    123.03[0m[34;1m    840644[0m[34;1m   1937512[0m[34;1m      3488[0m
11:09:10   [34;1m    103936[0m[34;1m   1094020[0m[34;1m    763800[0m[34;1m     25.16[0m[34;1m     48744[0m[34;1m   2029524[0m[34;1m   3743440[0m[31;1m    123.30[0m[34;1m    840644[0m[34;1m   1938400[0m[34;1m      3940[0m
11:09:11   [34;1m    101980[0m[34;1m   1092532[0m[34;1m    765236[0m[34;1m     25.21[0m[34;1m     48756[0m[34;1m   2029968[0m[34;1m   3743440[0m[31;1m    123.30[0m[34;1m    840644[0m[34;1m   1938972[0m[34;1m      4492[0m
11:09:12   [34;1m    101252[0m[34;1m   1092148[0m[34;1m    765672[0m[34;1m     25.22[0m[34;1m     48756[0m[34;1m   2030340[0m[34;1m   3743440[0m[31;1m    123.30[0m[34;1m    840656[0m[34;1m   1939204[0m[34;1m      4808[0m
11:09:13   [34;1m    101252[0m[34;1m   1092584[0m[34;1m    765248[0m[34;1m     25.21[0m[34;1m     48756[0m[34;1m   2030784[0m[34;1m   3743440[0m[31;1m    123.30[0m[34;1m    840656[0m[34;1m   1939480[0m[34;1m      5256[0m
11:09:14   [34;1m    112924[0m[34;1m   1092508[0m[34;1m    765288[0m[34;1m     25.21[0m[34;1m     48524[0m[34;1m   2019264[0m[34;1m   3743440[0m[31;1m    123.30[0m[34;1m    840860[0m[34;1m   1927464[0m[34;1m      5688[0m
11:09:15   [34;1m    113140[0m[34;1m   1093076[0m[34;1m    764740[0m[34;1m     25.19[0m[34;1m     48524[0m[34;1m   2019596[0m[34;1m   3747536[0m[31;1m    123.44[0m[34;1m    840860[0m[34;1m   1928356[0m[34;1m      6020[0m
11:09:16   [34;1m    112164[0m[34;1m   1092604[0m[34;1m    765204[0m[34;1m     25.20[0m[34;1m     48528[0m[34;1m   2020096[0m[34;1m   3747536[0m[31;1m    123.44[0m[34;1m    840864[0m[34;1m   1929068[0m[34;1m      6524[0m
11:09:17   [34;1m    111436[0m[34;1m   1092184[0m[34;1m    765612[0m[34;1m     25.22[0m[34;1m     48528[0m[34;1m   2020440[0m[34;1m   3747536[0m[31;1m    123.44[0m[34;1m    840864[0m[34;1m   1929588[0m[34;1m      6864[0m
11:09:18   [34;1m    110176[0m[34;1m   1091456[0m[34;1m    766308[0m[34;1m     25.24[0m[34;1m     48532[0m[34;1m   2020940[0m[34;1m   3747536[0m[31;1m    123.44[0m[34;1m    840860[0m[34;1m   1930304[0m[34;1m      7368[0m
11:09:19   [34;1m    109952[0m[34;1m   1091604[0m[34;1m    766200[0m[34;1m     25.24[0m[34;1m     48532[0m[34;1m   2021320[0m[34;1m   3747536[0m[31;1m    123.44[0m[34;1m    840868[0m[34;1m   1930488[0m[34;1m      7740[0m
11:09:20   [34;1m    109728[0m[34;1m   1091876[0m[34;1m    765836[0m[34;1m     25.23[0m[34;1m     48548[0m[34;1m   2021852[0m[34;1m   3747536[0m[31;1m    123.44[0m[34;1m    840876[0m[34;1m   1930172[0m[34;1m      8168[0m
11:09:21   [34;1m    108720[0m[34;1m   1091364[0m[34;1m    766464[0m[34;1m     25.25[0m[34;1m     48548[0m[34;1m   2022252[0m[34;1m   3747536[0m[31;1m    123.44[0m[34;1m    840944[0m[34;1m   1930228[0m[34;1m      8600[0m
11:09:22   [34;1m    108496[0m[34;1m   1091544[0m[34;1m    766232[0m[34;1m     25.24[0m[34;1m     48556[0m[34;1m   2022700[0m[34;1m   3747536[0m[31;1m    123.44[0m[34;1m    840948[0m[34;1m   1930712[0m[34;1m      9052[0m
11:09:23   [34;1m    108024[0m[34;1m   1091548[0m[34;1m    766324[0m[34;1m     25.24[0m[34;1m     48556[0m[34;1m   2023096[0m[34;1m   3747536[0m[31;1m    123.44[0m[34;1m    840948[0m[34;1m   1931192[0m[34;1m      9440[0m
11:09:24   [34;1m    107044[0m[34;1m   1090968[0m[34;1m    766812[0m[34;1m     25.26[0m[34;1m     48556[0m[34;1m   2023532[0m[34;1m   3752144[0m[31;1m    123.59[0m[34;1m    840956[0m[34;1m   1933232[0m[34;1m      9876[0m
11:09:25   [34;1m    106316[0m[34;1m   1090632[0m[34;1m    767148[0m[34;1m     25.27[0m[34;1m     48556[0m[34;1m   2023924[0m[34;1m   3752144[0m[31;1m    123.59[0m[34;1m    840956[0m[34;1m   1934372[0m[34;1m     10268[0m
11:09:26   [34;1m    104076[0m[34;1m   1088908[0m[34;1m    768840[0m[34;1m     25.32[0m[34;1m     48556[0m[34;1m   2024420[0m[34;1m   3752144[0m[31;1m    123.59[0m[34;1m    840948[0m[34;1m   1934216[0m[34;1m     10764[0m
11:09:27   [34;1m    103612[0m[34;1m   1088840[0m[34;1m    768956[0m[34;1m     25.33[0m[34;1m     48568[0m[34;1m   2024796[0m[34;1m   3747536[0m[31;1m    123.44[0m[34;1m    840956[0m[34;1m   1933608[0m[34;1m       380[0m
11:09:28   [34;1m    103388[0m[34;1m   1089060[0m[34;1m    768796[0m[34;1m     25.32[0m[34;1m     48568[0m[34;1m   2025196[0m[34;1m   3747536[0m[31;1m    123.44[0m[34;1m    840956[0m[34;1m   1933656[0m[34;1m       724[0m
11:09:29   [34;1m    103164[0m[34;1m   1089248[0m[34;1m    768568[0m[34;1m     25.32[0m[34;1m     48568[0m[34;1m   2025612[0m[34;1m   3747536[0m[31;1m    123.44[0m[34;1m    840968[0m[34;1m   1934412[0m[34;1m      1144[0m
11:09:30   [34;1m    103164[0m[34;1m   1089648[0m[34;1m    768156[0m[34;1m     25.30[0m[34;1m     48576[0m[34;1m   2026064[0m[34;1m   3747536[0m[31;1m    123.44[0m[34;1m    840968[0m[34;1m   1934784[0m[34;1m      1604[0m
11:09:31   [34;1m    102188[0m[34;1m   1089088[0m[34;1m    768784[0m[34;1m     25.32[0m[34;1m     48576[0m[34;1m   2026412[0m[34;1m   3747536[0m[31;1m    123.44[0m[34;1m    840976[0m[34;1m   1935980[0m[34;1m      1944[0m
11:09:32   [34;1m    101964[0m[34;1m   1089264[0m[34;1m    768516[0m[34;1m     25.31[0m[34;1m     48576[0m[34;1m   2026896[0m[34;1m   3747536[0m[31;1m    123.44[0m[34;1m    840976[0m[34;1m   1936392[0m[34;1m      2428[0m
11:09:33   [34;1m    101712[0m[34;1m   1089344[0m[34;1m    768424[0m[34;1m     25.31[0m[34;1m     48576[0m[34;1m   2027240[0m[34;1m   3747536[0m[31;1m    123.44[0m[34;1m    840976[0m[34;1m   1936840[0m[34;1m      2772[0m
11:09:34   [34;1m    101460[0m[34;1m   1089548[0m[34;1m    768268[0m[34;1m     25.31[0m[34;1m     48584[0m[34;1m   2027656[0m[34;1m   3747536[0m[31;1m    123.44[0m[34;1m    840976[0m[34;1m   1937280[0m[34;1m      3196[0m
11:09:35   [34;1m    113844[0m[34;1m   1089852[0m[34;1m    767860[0m[34;1m     25.29[0m[34;1m     48336[0m[34;1m   2015916[0m[34;1m   3747536[0m[31;1m    123.44[0m[34;1m    837892[0m[34;1m   1928028[0m[34;1m      3700[0m
11:09:36   [34;1m    113248[0m[34;1m   1089652[0m[34;1m    768052[0m[34;1m     25.30[0m[34;1m     48340[0m[34;1m   2016340[0m[34;1m   3747536[0m[31;1m    123.44[0m[34;1m    837984[0m[34;1m   1928536[0m[34;1m      4032[0m
11:09:37   [34;1m    112776[0m[34;1m   1089716[0m[34;1m    768100[0m[34;1m     25.30[0m[34;1m     48340[0m[34;1m   2016756[0m[34;1m   3747536[0m[31;1m    123.44[0m[34;1m    838020[0m[34;1m   1929856[0m[34;1m      4508[0m
11:09:38   [34;1m    112048[0m[34;1m   1089428[0m[34;1m    768372[0m[34;1m     25.31[0m[34;1m     48340[0m[34;1m   2017192[0m[34;1m   3747536[0m[31;1m    123.44[0m[34;1m    838020[0m[34;1m   1930492[0m[34;1m      4944[0m
11:09:39   [34;1m    111796[0m[34;1m   1089496[0m[34;1m    768324[0m[34;1m     25.31[0m[34;1m     48340[0m[34;1m   2017520[0m[34;1m   3747536[0m[31;1m    123.44[0m[34;1m    838020[0m[34;1m   1930852[0m[34;1m      5272[0m
11:09:40   [34;1m    110816[0m[34;1m   1089032[0m[34;1m    768800[0m[34;1m     25.32[0m[34;1m     48340[0m[34;1m   2017968[0m[34;1m   3747536[0m[31;1m    123.44[0m[34;1m    838020[0m[34;1m   1931628[0m[34;1m      5720[0m
11:09:41   [34;1m    109584[0m[34;1m   1088120[0m[34;1m    769684[0m[34;1m     25.35[0m[34;1m     48356[0m[34;1m   2018336[0m[34;1m   3747536[0m[31;1m    123.44[0m[34;1m    838020[0m[34;1m   1932128[0m[34;1m      6104[0m
11:09:42   [34;1m    109112[0m[34;1m   1088092[0m[34;1m    769664[0m[34;1m     25.35[0m[34;1m     48356[0m[34;1m   2018824[0m[34;1m   3747536[0m[31;1m    123.44[0m[34;1m    838028[0m[34;1m   1932580[0m[34;1m      6572[0m
11:09:43   [34;1m    108860[0m[34;1m   1088240[0m[34;1m    769564[0m[34;1m     25.35[0m[34;1m     48356[0m[34;1m   2019192[0m[34;1m   3747536[0m[31;1m    123.44[0m[34;1m    838036[0m[34;1m   1932824[0m[34;1m      6940[0m
11:09:44   [34;1m    106120[0m[34;1m   1085924[0m[34;1m    771804[0m[34;1m     25.42[0m[34;1m     48356[0m[34;1m   2019620[0m[34;1m   3752144[0m[31;1m    123.59[0m[34;1m    838036[0m[34;1m   1934800[0m[34;1m      7368[0m
11:09:45   [34;1m    105140[0m[34;1m   1085576[0m[34;1m    772072[0m[34;1m     25.43[0m[34;1m     48356[0m[34;1m   2020308[0m[34;1m   3752144[0m[31;1m    123.59[0m[34;1m    838044[0m[34;1m   1935368[0m[34;1m      7768[0m
11:09:46   [34;1m    103656[0m[34;1m   1084608[0m[34;1m    773116[0m[34;1m     25.47[0m[34;1m     48364[0m[34;1m   2020708[0m[34;1m   3752144[0m[31;1m    123.59[0m[34;1m    838080[0m[34;1m   1935320[0m[34;1m      8236[0m
11:09:47   [34;1m    103152[0m[34;1m   1084444[0m[34;1m    773272[0m[34;1m     25.47[0m[34;1m     48364[0m[34;1m   2021084[0m[34;1m   3747536[0m[31;1m    123.44[0m[34;1m    838092[0m[34;1m   1934304[0m[34;1m      8604[0m
11:09:48   [34;1m    103152[0m[34;1m   1084928[0m[34;1m    772872[0m[34;1m     25.46[0m[34;1m     48372[0m[34;1m   2021504[0m[34;1m   3747536[0m[31;1m    123.44[0m[34;1m    838092[0m[34;1m   1934400[0m[34;1m      9032[0m
11:09:49   [34;1m    102928[0m[34;1m   1085176[0m[34;1m    772596[0m[34;1m     25.45[0m[34;1m     48372[0m[34;1m   2021996[0m[34;1m   3747536[0m[31;1m    123.44[0m[34;1m    838100[0m[34;1m   1934952[0m[34;1m      9512[0m
11:09:50   [34;1m    102680[0m[34;1m   1085456[0m[34;1m    772292[0m[34;1m     25.44[0m[34;1m     48388[0m[34;1m   2022496[0m[34;1m   3747536[0m[31;1m    123.44[0m[34;1m    838108[0m[34;1m   1934956[0m[34;1m      9920[0m
11:09:51   [34;1m    102456[0m[34;1m   1085572[0m[34;1m    772240[0m[34;1m     25.44[0m[34;1m     48388[0m[34;1m   2022832[0m[34;1m   3747536[0m[31;1m    123.44[0m[34;1m    838116[0m[34;1m   1935568[0m[34;1m     10256[0m
11:09:52   [34;1m    102456[0m[34;1m   1086068[0m[34;1m    771704[0m[34;1m     25.42[0m[34;1m     48388[0m[34;1m   2023344[0m[34;1m   3747536[0m[31;1m    123.44[0m[34;1m    838116[0m[34;1m   1936408[0m[34;1m     10768[0m
11:09:53   [34;1m    101728[0m[34;1m   1085648[0m[34;1m    772092[0m[34;1m     25.43[0m[34;1m     48396[0m[34;1m   2023668[0m[34;1m   3747536[0m[31;1m    123.44[0m[34;1m    838116[0m[34;1m   1936728[0m[34;1m     11100[0m
11:09:54   [34;1m    101476[0m[34;1m   1085860[0m[34;1m    771912[0m[34;1m     25.43[0m[34;1m     48396[0m[34;1m   2024136[0m[34;1m   3747536[0m[31;1m    123.44[0m[34;1m    838116[0m[34;1m   1937320[0m[34;1m     11556[0m
11:09:55   [34;1m     99472[0m[34;1m   1084200[0m[34;1m    773572[0m[34;1m     25.48[0m[34;1m     48396[0m[34;1m   2024464[0m[34;1m   3747536[0m[31;1m    123.44[0m[34;1m    838124[0m[34;1m   1937792[0m[34;1m     11884[0m
11:09:56   [34;1m    111988[0m[34;1m   1084420[0m[34;1m    773232[0m[34;1m     25.47[0m[34;1m     48168[0m[34;1m   2012468[0m[34;1m   3747536[0m[31;1m    123.44[0m[34;1m    834972[0m[34;1m   1928840[0m[34;1m     12392[0m
11:09:57   [34;1m    111736[0m[34;1m   1084572[0m[34;1m    773224[0m[34;1m     25.47[0m[34;1m     48168[0m[34;1m   2012784[0m[34;1m   3747536[0m[31;1m    123.44[0m[34;1m    835024[0m[34;1m   1929620[0m[34;1m        20[0m
11:09:58   [34;1m    111008[0m[34;1m   1084296[0m[34;1m    773436[0m[34;1m     25.48[0m[34;1m     48168[0m[34;1m   2013292[0m[34;1m   3747536[0m[31;1m    123.44[0m[34;1m    835040[0m[34;1m   1930232[0m[34;1m       472[0m
11:09:59   [34;1m    109804[0m[34;1m   1083480[0m[34;1m    774288[0m[34;1m     25.50[0m[34;1m     48168[0m[34;1m   2013640[0m[34;1m   3747536[0m[31;1m    123.44[0m[34;1m    835040[0m[34;1m   1929772[0m[34;1m       856[0m
11:10:00   [34;1m    109804[0m[34;1m   1083900[0m[34;1m    773824[0m[34;1m     25.49[0m[34;1m     48168[0m[34;1m   2014088[0m[34;1m   3747536[0m[31;1m    123.44[0m[34;1m    835052[0m[34;1m   1930364[0m[34;1m      1292[0m
11:10:01   [34;1m    108292[0m[34;1m   1082804[0m[34;1m    774960[0m[34;1m     25.53[0m[34;1m     48168[0m[34;1m   2014464[0m[34;1m   3747536[0m[31;1m    123.44[0m[34;1m    835052[0m[34;1m   1929956[0m[34;1m      1672[0m
11:10:02   [34;1m    107848[0m[34;1m   1082780[0m[34;1m    774992[0m[34;1m     25.53[0m[34;1m     48168[0m[34;1m   2014872[0m[34;1m   3747536[0m[31;1m    123.44[0m[34;1m    835052[0m[34;1m   1930440[0m[34;1m      2080[0m
11:10:03   [34;1m    106372[0m[34;1m   1081804[0m[34;1m    775948[0m[34;1m     25.56[0m[34;1m     48168[0m[34;1m   2015392[0m[34;1m   3747536[0m[31;1m    123.44[0m[34;1m    835052[0m[34;1m   1931148[0m[34;1m      2588[0m
11:10:04   [34;1m    105140[0m[34;1m   1080896[0m[34;1m    776852[0m[34;1m     25.59[0m[34;1m     48172[0m[34;1m   2015732[0m[34;1m   3752144[0m[31;1m    123.59[0m[34;1m    835052[0m[34;1m   1932928[0m[34;1m      2932[0m
11:10:05   [34;1m    104664[0m[34;1m   1080956[0m[34;1m    776736[0m[34;1m     25.58[0m[34;1m     48180[0m[34;1m   2016268[0m[34;1m   3752144[0m[31;1m    123.59[0m[34;1m    835056[0m[34;1m   1933224[0m[34;1m      3480[0m
11:10:06   [34;1m    102176[0m[34;1m   1078900[0m[34;1m    778836[0m[34;1m     25.65[0m[34;1m     48184[0m[34;1m   2016640[0m[34;1m   3752144[0m[31;1m    123.59[0m[34;1m    835068[0m[34;1m   1934068[0m[34;1m      3852[0m
11:10:07   [34;1m    101680[0m[34;1m   1078772[0m[34;1m    779060[0m[34;1m     25.66[0m[34;1m     48184[0m[34;1m   2016940[0m[34;1m   3747536[0m[31;1m    123.44[0m[34;1m    835068[0m[34;1m   1933168[0m[34;1m      4148[0m
11:10:08   [34;1m    101680[0m[34;1m   1079144[0m[34;1m    778572[0m[34;1m     25.64[0m[34;1m     48184[0m[34;1m   2017408[0m[34;1m   3747536[0m[31;1m    123.44[0m[34;1m    835068[0m[34;1m   1933976[0m[34;1m      4600[0m
11:10:09   [34;1m    101204[0m[34;1m   1079164[0m[34;1m    778596[0m[34;1m     25.65[0m[34;1m     48184[0m[34;1m   2017844[0m[34;1m   3747536[0m[31;1m    123.44[0m[34;1m    835068[0m[34;1m   1934576[0m[34;1m      5036[0m
11:10:10   [34;1m    113960[0m[34;1m   1079628[0m[34;1m    778112[0m[34;1m     25.63[0m[34;1m     47912[0m[34;1m   2005916[0m[34;1m   3747536[0m[31;1m    123.44[0m[34;1m    832132[0m[34;1m   1925660[0m[34;1m      5536[0m
11:10:11   [34;1m    112752[0m[34;1m   1078688[0m[34;1m    778992[0m[34;1m     25.66[0m[34;1m     47916[0m[34;1m   2006264[0m[34;1m   3747536[0m[31;1m    123.44[0m[34;1m    832152[0m[34;1m   1924884[0m[34;1m      5968[0m
11:10:12   [34;1m    112528[0m[34;1m   1079040[0m[34;1m    778724[0m[34;1m     25.65[0m[34;1m     47920[0m[34;1m   2006756[0m[34;1m   3747536[0m[31;1m    123.44[0m[34;1m    832164[0m[34;1m   1925428[0m[34;1m      6356[0m
11:10:13   [34;1m    112304[0m[34;1m   1079184[0m[34;1m    778528[0m[34;1m     25.64[0m[34;1m     47920[0m[34;1m   2007140[0m[34;1m   3747536[0m[31;1m    123.44[0m[34;1m    832168[0m[34;1m   1925428[0m[34;1m      6736[0m
11:10:14   [34;1m    112304[0m[34;1m   1079672[0m[34;1m    778100[0m[34;1m     25.63[0m[34;1m     47920[0m[34;1m   2007600[0m[34;1m   3747536[0m[31;1m    123.44[0m[34;1m    832168[0m[34;1m   1926328[0m[34;1m      7200[0m
11:10:15   [34;1m    111872[0m[34;1m   1079772[0m[34;1m    777980[0m[34;1m     25.63[0m[34;1m     47920[0m[34;1m   2008160[0m[34;1m   3747536[0m[31;1m    123.44[0m[34;1m    832268[0m[34;1m   1927080[0m[34;1m      7460[0m
11:10:16   [34;1m    110360[0m[34;1m   1078696[0m[34;1m    779124[0m[34;1m     25.66[0m[34;1m     47928[0m[34;1m   2008536[0m[34;1m   3747536[0m[31;1m    123.44[0m[34;1m    832356[0m[34;1m   1927768[0m[34;1m      7944[0m
11:10:17   [34;1m    110136[0m[34;1m   1078744[0m[34;1m    778896[0m[34;1m     25.66[0m[34;1m     47928[0m[34;1m   2008960[0m[34;1m   3747536[0m[31;1m    123.44[0m[34;1m    832360[0m[34;1m   1928408[0m[34;1m      8356[0m
11:10:18   [34;1m    107140[0m[34;1m   1076484[0m[34;1m    781284[0m[34;1m     25.73[0m[34;1m     47928[0m[34;1m   2009484[0m[34;1m   3747536[0m[31;1m    123.44[0m[34;1m    832440[0m[34;1m   1929264[0m[34;1m      8812[0m
11:10:19   [34;1m    106416[0m[34;1m   1075972[0m[34;1m    781788[0m[34;1m     25.75[0m[34;1m     47928[0m[34;1m   2009768[0m[34;1m   3755728[0m[31;1m    123.71[0m[34;1m    832436[0m[34;1m   1929428[0m[34;1m      9096[0m
11:10:20   [34;1m    106192[0m[34;1m   1076296[0m[34;1m    781464[0m[34;1m     25.74[0m[34;1m     47944[0m[34;1m   2010304[0m[34;1m   3755728[0m[31;1m    123.71[0m[34;1m    832460[0m[34;1m   1928540[0m[34;1m      9616[0m
11:10:21   [34;1m    105464[0m[34;1m   1076156[0m[34;1m    781496[0m[34;1m     25.74[0m[34;1m     47944[0m[34;1m   2011004[0m[34;1m   3755728[0m[31;1m    123.71[0m[34;1m    832668[0m[34;1m   1928944[0m[34;1m     10008[0m
11:10:22   [34;1m    105464[0m[34;1m   1076692[0m[34;1m    781072[0m[34;1m     25.73[0m[34;1m     47944[0m[34;1m   2011440[0m[34;1m   3755728[0m[31;1m    123.71[0m[34;1m    832700[0m[34;1m   1929588[0m[34;1m     10500[0m
11:10:23   [34;1m    104768[0m[34;1m   1076392[0m[34;1m    781408[0m[34;1m     25.74[0m[34;1m     47944[0m[34;1m   2011804[0m[34;1m   3755728[0m[31;1m    123.71[0m[34;1m    832700[0m[34;1m   1930004[0m[34;1m        64[0m
11:10:24   [34;1m    104264[0m[34;1m   1076292[0m[34;1m    781384[0m[34;1m     25.74[0m[34;1m     47956[0m[34;1m   2012232[0m[34;1m   3760336[0m[31;1m    123.86[0m[34;1m    832696[0m[34;1m   1932044[0m[34;1m       636[0m
11:10:25   [34;1m    103788[0m[34;1m   1076208[0m[34;1m    781540[0m[34;1m     25.74[0m[34;1m     47956[0m[34;1m   2012616[0m[34;1m   3760336[0m[31;1m    123.86[0m[34;1m    832708[0m[34;1m   1932472[0m[34;1m       964[0m
11:10:26   [34;1m    102300[0m[34;1m   1075152[0m[34;1m    782556[0m[34;1m     25.78[0m[34;1m     47956[0m[34;1m   2013048[0m[34;1m   3760336[0m[31;1m    123.86[0m[34;1m    832704[0m[34;1m   1933008[0m[34;1m      1396[0m
11:10:27   [34;1m    102300[0m[34;1m   1075612[0m[34;1m    782092[0m[34;1m     25.76[0m[34;1m     47956[0m[34;1m   2013508[0m[34;1m   3755728[0m[31;1m    123.71[0m[34;1m    832708[0m[34;1m   1932232[0m[34;1m      1856[0m
11:10:28   [34;1m    101852[0m[34;1m   1075632[0m[34;1m    782060[0m[34;1m     25.76[0m[34;1m     47956[0m[34;1m   2013996[0m[34;1m   3755728[0m[31;1m    123.71[0m[34;1m    832716[0m[34;1m   1933216[0m[34;1m      2264[0m
11:10:29   [34;1m    101628[0m[34;1m   1075828[0m[34;1m    781912[0m[34;1m     25.75[0m[34;1m     47964[0m[34;1m   2014352[0m[34;1m   3755728[0m[31;1m    123.71[0m[34;1m    832724[0m[34;1m   1933148[0m[34;1m      2628[0m
11:10:30   [34;1m    100068[0m[34;1m   1074716[0m[34;1m    782928[0m[34;1m     25.79[0m[34;1m     47972[0m[34;1m   2014832[0m[34;1m   3755728[0m[31;1m    123.71[0m[34;1m    832732[0m[34;1m   1934056[0m[34;1m      3112[0m
11:10:31   [34;1m    113884[0m[34;1m   1075716[0m[34;1m    781920[0m[34;1m     25.76[0m[34;1m     47692[0m[34;1m   2002476[0m[34;1m   3755728[0m[31;1m    123.71[0m[34;1m    829416[0m[34;1m   1924708[0m[34;1m      3372[0m
11:10:32   [34;1m    113392[0m[34;1m   1075892[0m[34;1m    781828[0m[34;1m     25.75[0m[34;1m     47692[0m[34;1m   2003092[0m[34;1m   3755728[0m[31;1m    123.71[0m[34;1m    829564[0m[34;1m   1925288[0m[34;1m      3876[0m
11:10:33   [34;1m    113168[0m[34;1m   1076112[0m[34;1m    781708[0m[34;1m     25.75[0m[34;1m     47692[0m[34;1m   2003452[0m[34;1m   3763920[0m[31;1m    123.98[0m[34;1m    829636[0m[34;1m   1925552[0m[34;1m      4264[0m
11:10:34   [34;1m    112244[0m[34;1m   1075628[0m[34;1m    782112[0m[34;1m     25.76[0m[34;1m     47700[0m[34;1m   2003908[0m[34;1m   3763920[0m[31;1m    123.98[0m[34;1m    829636[0m[34;1m   1926136[0m[34;1m      4728[0m
11:10:35   [34;1m    111488[0m[34;1m   1075696[0m[34;1m    781980[0m[34;1m     25.76[0m[34;1m     47716[0m[34;1m   2004800[0m[34;1m   3763920[0m[31;1m    123.98[0m[34;1m    830064[0m[34;1m   1926584[0m[34;1m      5196[0m
11:10:36   [34;1m    109504[0m[34;1m   1074232[0m[34;1m    783576[0m[34;1m     25.81[0m[34;1m     47716[0m[34;1m   2005216[0m[34;1m   3763920[0m[31;1m    123.98[0m[34;1m    830128[0m[34;1m   1927080[0m[34;1m      5540[0m
11:10:37   [34;1m    108780[0m[34;1m   1074048[0m[34;1m    783736[0m[34;1m     25.81[0m[34;1m     47716[0m[34;1m   2005760[0m[34;1m   3763920[0m[31;1m    123.98[0m[34;1m    830128[0m[34;1m   1928004[0m[34;1m      6084[0m
11:10:38   [34;1m    108336[0m[34;1m   1073912[0m[34;1m    783900[0m[34;1m     25.82[0m[34;1m     47716[0m[34;1m   2006084[0m[34;1m   3763920[0m[31;1m    123.98[0m[34;1m    830128[0m[34;1m   1928424[0m[34;1m      6408[0m
11:10:39   [34;1m    107376[0m[34;1m   1073384[0m[34;1m    784340[0m[34;1m     25.83[0m[34;1m     47716[0m[34;1m   2006572[0m[34;1m   3763920[0m[31;1m    123.98[0m[34;1m    830128[0m[34;1m   1928524[0m[34;1m      6896[0m
11:10:40   [34;1m    107128[0m[34;1m   1073528[0m[34;1m    784224[0m[34;1m     25.83[0m[34;1m     47716[0m[34;1m   2006992[0m[34;1m   3763920[0m[31;1m    123.98[0m[34;1m    830128[0m[34;1m   1928844[0m[34;1m      7316[0m
11:10:41   [34;1m    133432[0m[34;1m   1100372[0m[34;1m    757480[0m[34;1m     24.95[0m[34;1m     47716[0m[34;1m   2007428[0m[34;1m   3763920[0m[31;1m    123.98[0m[34;1m    830132[0m[34;1m   1929400[0m[34;1m      7652[0m
11:10:42   [34;1m    132676[0m[34;1m   1099984[0m[34;1m    757824[0m[34;1m     24.96[0m[34;1m     47720[0m[34;1m   2007812[0m[34;1m   3763920[0m[31;1m    123.98[0m[34;1m    830132[0m[34;1m   1929740[0m[34;1m      8084[0m
11:10:43   [34;1m    131976[0m[34;1m   1099780[0m[34;1m    758252[0m[34;1m     24.98[0m[34;1m     47720[0m[34;1m   2008116[0m[34;1m   3763920[0m[31;1m    123.98[0m[34;1m    830136[0m[34;1m   1930272[0m[34;1m      8380[0m
11:10:44   [34;1m    129236[0m[34;1m   1097416[0m[34;1m    760408[0m[34;1m     25.05[0m[34;1m     47720[0m[34;1m   2008656[0m[34;1m   3768528[0m[31;1m    124.13[0m[34;1m    830136[0m[34;1m   1932236[0m[34;1m      8920[0m
11:10:45   [34;1m    128508[0m[34;1m   1097060[0m[34;1m    760680[0m[34;1m     25.06[0m[34;1m     47720[0m[34;1m   2009136[0m[34;1m   3768528[0m[31;1m    124.13[0m[34;1m    830136[0m[34;1m   1932640[0m[34;1m      9400[0m
11:10:46   [34;1m    126268[0m[34;1m   1095332[0m[34;1m    762504[0m[34;1m     25.12[0m[34;1m     47728[0m[34;1m   2009520[0m[34;1m   3768528[0m[31;1m    124.13[0m[34;1m    830180[0m[34;1m   1931896[0m[34;1m      9736[0m
11:10:47   [34;1m    126268[0m[34;1m   1095696[0m[34;1m    762112[0m[34;1m     25.10[0m[34;1m     47728[0m[34;1m   2009936[0m[34;1m   3763920[0m[31;1m    123.98[0m[34;1m    830196[0m[34;1m   1931028[0m[34;1m     10140[0m
11:10:48   [34;1m    126044[0m[34;1m   1095956[0m[34;1m    761736[0m[34;1m     25.09[0m[34;1m     47728[0m[34;1m   2010492[0m[34;1m   3763920[0m[31;1m    123.98[0m[34;1m    830196[0m[34;1m   1931480[0m[34;1m     10596[0m
11:10:49   [34;1m    125828[0m[34;1m   1096172[0m[34;1m    761624[0m[34;1m     25.09[0m[34;1m     47728[0m[34;1m   2010836[0m[34;1m   3763920[0m[31;1m    123.98[0m[34;1m    830228[0m[34;1m   1931860[0m[34;1m       280[0m
11:10:50   [34;1m    125380[0m[34;1m   1096256[0m[34;1m    761540[0m[34;1m     25.08[0m[34;1m     47744[0m[34;1m   2011312[0m[34;1m   3763920[0m[31;1m    123.98[0m[34;1m    830228[0m[34;1m   1931428[0m[34;1m       816[0m
11:10:51   [34;1m    123392[0m[34;1m   1094696[0m[34;1m    763108[0m[34;1m     25.14[0m[34;1m     47744[0m[34;1m   2011740[0m[34;1m   3763920[0m[31;1m    123.98[0m[34;1m    830228[0m[34;1m   1932504[0m[34;1m      1248[0m
11:10:52   [34;1m    123168[0m[34;1m   1094848[0m[34;1m    762912[0m[34;1m     25.13[0m[34;1m     47744[0m[34;1m   2012136[0m[34;1m   3763920[0m[31;1m    123.98[0m[34;1m    830236[0m[34;1m   1932908[0m[34;1m      1644[0m
11:10:53   [34;1m    122440[0m[34;1m   1094532[0m[34;1m    763364[0m[34;1m     25.14[0m[34;1m     47744[0m[34;1m   2012468[0m[34;1m   3763920[0m[31;1m    123.98[0m[34;1m    830236[0m[34;1m   1933368[0m[34;1m      1976[0m
11:10:54   [34;1m    121716[0m[34;1m   1094252[0m[34;1m    763568[0m[34;1m     25.15[0m[34;1m     47748[0m[34;1m   2012964[0m[34;1m   3763920[0m[31;1m    123.98[0m[34;1m    830236[0m[34;1m   1933924[0m[34;1m      2476[0m
11:10:55   [34;1m    121240[0m[34;1m   1094028[0m[34;1m    763700[0m[34;1m     25.15[0m[34;1m     47748[0m[34;1m   2013332[0m[34;1m   3763920[0m[31;1m    123.98[0m[34;1m    830240[0m[34;1m   1934224[0m[34;1m      2840[0m
11:10:56   [34;1m    119252[0m[34;1m   1092588[0m[34;1m    765140[0m[34;1m     25.20[0m[34;1m     47748[0m[34;1m   2013828[0m[34;1m   3763920[0m[31;1m    123.98[0m[34;1m    830232[0m[34;1m   1934916[0m[34;1m      3336[0m
11:10:57   [34;1m    118524[0m[34;1m   1092216[0m[34;1m    765696[0m[34;1m     25.22[0m[34;1m     47748[0m[34;1m   2014056[0m[34;1m   3763920[0m[31;1m    123.98[0m[34;1m    830240[0m[34;1m   1935788[0m[34;1m      3564[0m
11:10:58   [34;1m    118272[0m[34;1m   1092448[0m[34;1m    765340[0m[34;1m     25.21[0m[34;1m     47748[0m[34;1m   2014628[0m[34;1m   3763920[0m[31;1m    123.98[0m[34;1m    830256[0m[34;1m   1936436[0m[34;1m      4132[0m
11:10:59   [34;1m    117796[0m[34;1m   1092288[0m[34;1m    765488[0m[34;1m     25.21[0m[34;1m     47752[0m[34;1m   2014984[0m[34;1m   3763920[0m[31;1m    123.98[0m[34;1m    830256[0m[34;1m   1936800[0m[34;1m      4492[0m
11:11:00   [34;1m    117572[0m[34;1m   1092560[0m[34;1m    765212[0m[34;1m     25.20[0m[34;1m     47752[0m[34;1m   2015460[0m[34;1m   3763920[0m[31;1m    123.98[0m[34;1m    830260[0m[34;1m   1937336[0m[34;1m      4960[0m
11:11:01   [34;1m    116312[0m[34;1m   1091576[0m[34;1m    766072[0m[34;1m     25.23[0m[34;1m     47752[0m[34;1m   2015884[0m[34;1m   3763920[0m[31;1m    123.98[0m[34;1m    830260[0m[34;1m   1937776[0m[34;1m      5384[0m
11:11:02   [34;1m    115332[0m[34;1m   1091212[0m[34;1m    766576[0m[34;1m     25.25[0m[34;1m     47752[0m[34;1m   2016320[0m[34;1m   3763920[0m[31;1m    123.98[0m[34;1m    830316[0m[34;1m   1938704[0m[34;1m      5760[0m
11:11:03   [34;1m    112088[0m[34;1m   1088420[0m[34;1m    769464[0m[34;1m     25.34[0m[34;1m     47752[0m[34;1m   2016688[0m[34;1m   3763920[0m[31;1m    123.98[0m[34;1m    830316[0m[34;1m   1939400[0m[34;1m      6128[0m
11:11:04   [34;1m    111624[0m[34;1m   1088332[0m[34;1m    769424[0m[34;1m     25.34[0m[34;1m     47752[0m[34;1m   2017120[0m[34;1m   3768528[0m[31;1m    124.13[0m[34;1m    830316[0m[34;1m   1941872[0m[34;1m      6560[0m
11:11:05   [34;1m    111372[0m[34;1m   1088408[0m[34;1m    769300[0m[34;1m     25.34[0m[34;1m     47764[0m[34;1m   2017520[0m[34;1m   3768528[0m[31;1m    124.13[0m[34;1m    830320[0m[34;1m   1941844[0m[34;1m      6964[0m
11:11:06   [34;1m    109948[0m[34;1m   1087528[0m[34;1m    770236[0m[34;1m     25.37[0m[34;1m     47764[0m[34;1m   2017980[0m[34;1m   3768528[0m[31;1m    124.13[0m[34;1m    830332[0m[34;1m   1942504[0m[34;1m      7412[0m
11:11:07   [34;1m    109472[0m[34;1m   1087428[0m[34;1m    770248[0m[34;1m     25.37[0m[34;1m     47764[0m[34;1m   2018448[0m[34;1m   3763920[0m[31;1m    123.98[0m[34;1m    830328[0m[34;1m   1941564[0m[34;1m      7880[0m
11:11:08   [34;1m    109248[0m[34;1m   1087640[0m[34;1m    770136[0m[34;1m     25.37[0m[34;1m     47764[0m[34;1m   2018812[0m[34;1m   3763920[0m[31;1m    123.98[0m[34;1m    830328[0m[34;1m   1941984[0m[34;1m      8244[0m
11:11:09   [34;1m    109024[0m[34;1m   1087896[0m[34;1m    769904[0m[34;1m     25.36[0m[34;1m     47764[0m[34;1m   2019264[0m[34;1m   3763920[0m[31;1m    123.98[0m[34;1m    830328[0m[34;1m   1942560[0m[34;1m      8696[0m
11:11:10   [34;1m    109024[0m[34;1m   1088276[0m[34;1m    769448[0m[34;1m     25.34[0m[34;1m     47772[0m[34;1m   2019664[0m[34;1m   3763920[0m[31;1m    123.98[0m[34;1m    830328[0m[34;1m   1942980[0m[34;1m      9104[0m
11:11:11   [34;1m    108548[0m[34;1m   1088152[0m[34;1m    769584[0m[34;1m     25.35[0m[34;1m     47772[0m[34;1m   2020052[0m[34;1m   3763920[0m[31;1m    123.98[0m[34;1m    830344[0m[34;1m   1943424[0m[34;1m      9484[0m
11:11:12   [34;1m    107848[0m[34;1m   1087996[0m[34;1m    769732[0m[34;1m     25.35[0m[34;1m     47780[0m[34;1m   2020560[0m[34;1m   3763920[0m[31;1m    123.98[0m[34;1m    830344[0m[34;1m   1943752[0m[34;1m      9996[0m
11:11:13   [34;1m    107120[0m[34;1m   1087676[0m[34;1m    770248[0m[34;1m     25.37[0m[34;1m     47780[0m[34;1m   2020804[0m[34;1m   3763920[0m[31;1m    123.98[0m[34;1m    830352[0m[34;1m   1944224[0m[34;1m     10232[0m
11:11:14   [34;1m    106396[0m[34;1m   1087364[0m[34;1m    770364[0m[34;1m     25.37[0m[34;1m     47780[0m[34;1m   2021340[0m[34;1m   3763920[0m[31;1m    123.98[0m[34;1m    830352[0m[34;1m   1945108[0m[34;1m        76[0m
11:11:15   [34;1m    105668[0m[34;1m   1086900[0m[34;1m    770792[0m[34;1m     25.39[0m[34;1m     47780[0m[34;1m   2021704[0m[34;1m   3763920[0m[31;1m    123.98[0m[34;1m    830352[0m[34;1m   1944868[0m[34;1m       444[0m
11:11:16   [34;1m    103204[0m[34;1m   1084968[0m[34;1m    772700[0m[34;1m     25.45[0m[34;1m     47788[0m[34;1m   2022224[0m[34;1m   3763920[0m[31;1m    123.98[0m[34;1m    830344[0m[34;1m   1945412[0m[34;1m       972[0m
11:11:17   [34;1m    102700[0m[34;1m   1084992[0m[34;1m    772724[0m[34;1m     25.45[0m[34;1m     47788[0m[34;1m   2022680[0m[34;1m   3763920[0m[31;1m    123.98[0m[34;1m    830360[0m[34;1m   1946712[0m[34;1m      1372[0m
11:11:18   [34;1m    100992[0m[34;1m   1083688[0m[34;1m    774080[0m[34;1m     25.50[0m[34;1m     47788[0m[34;1m   2023052[0m[34;1m   3763920[0m[31;1m    123.98[0m[34;1m    830360[0m[34;1m   1946256[0m[34;1m      1764[0m
11:11:19   [34;1m    100488[0m[34;1m   1083672[0m[34;1m    774020[0m[34;1m     25.49[0m[34;1m     47788[0m[34;1m   2023548[0m[34;1m   3763920[0m[31;1m    123.98[0m[34;1m    830360[0m[34;1m   1946884[0m[34;1m      2260[0m
11:11:20   [34;1m    100488[0m[34;1m   1083984[0m[34;1m    773684[0m[34;1m     25.48[0m[34;1m     47788[0m[34;1m   2023892[0m[34;1m   3763920[0m[31;1m    123.98[0m[34;1m    830360[0m[34;1m   1945692[0m[34;1m      2608[0m
11:11:21   [34;1m    110828[0m[34;1m   1087888[0m[34;1m    769664[0m[34;1m     25.35[0m[34;1m     47592[0m[34;1m   2017788[0m[34;1m   3763920[0m[31;1m    123.98[0m[34;1m    828588[0m[34;1m   1941068[0m[34;1m      3108[0m
11:11:22   [34;1m    110352[0m[34;1m   1088148[0m[34;1m    769396[0m[34;1m     25.34[0m[34;1m     47600[0m[34;1m   2018484[0m[34;1m   3763920[0m[31;1m    123.98[0m[34;1m    828712[0m[34;1m   1941360[0m[34;1m      3552[0m
11:11:23   [34;1m    110128[0m[34;1m   1088316[0m[34;1m    769392[0m[34;1m     25.34[0m[34;1m     47600[0m[34;1m   2018808[0m[34;1m   3763920[0m[31;1m    123.98[0m[34;1m    828784[0m[34;1m   1941460[0m[34;1m      3900[0m
11:11:24   [34;1m    109664[0m[34;1m   1088408[0m[34;1m    769320[0m[34;1m     25.34[0m[34;1m     47600[0m[34;1m   2019320[0m[34;1m   3768528[0m[31;1m    124.13[0m[34;1m    828784[0m[34;1m   1943664[0m[34;1m      4416[0m
11:11:25   [34;1m    108964[0m[34;1m   1088124[0m[34;1m    769540[0m[34;1m     25.35[0m[34;1m     47600[0m[34;1m   2019828[0m[34;1m   3768528[0m[31;1m    124.13[0m[34;1m    828884[0m[34;1m   1944004[0m[34;1m      4724[0m
11:11:26   [34;1m    106948[0m[34;1m   1086564[0m[34;1m    771176[0m[34;1m     25.40[0m[34;1m     47600[0m[34;1m   2020212[0m[34;1m   3768528[0m[31;1m    124.13[0m[34;1m    828928[0m[34;1m   1944556[0m[34;1m      5168[0m
11:11:27   [34;1m    105996[0m[34;1m   1086028[0m[34;1m    771808[0m[34;1m     25.42[0m[34;1m     47608[0m[34;1m   2020520[0m[34;1m   3763920[0m[31;1m    123.98[0m[34;1m    828924[0m[34;1m   1943988[0m[34;1m      5484[0m
11:11:28   [34;1m    105772[0m[34;1m   1086240[0m[34;1m    771532[0m[34;1m     25.41[0m[34;1m     47612[0m[34;1m   2021036[0m[34;1m   3763920[0m[31;1m    123.98[0m[34;1m    828932[0m[34;1m   1944080[0m[34;1m      5992[0m
11:11:29   [34;1m    105772[0m[34;1m   1086624[0m[34;1m    771124[0m[34;1m     25.40[0m[34;1m     47612[0m[34;1m   2021440[0m[34;1m   3763920[0m[31;1m    123.98[0m[34;1m    828936[0m[34;1m   1944468[0m[34;1m      6392[0m
11:11:30   [34;1m    105044[0m[34;1m   1086380[0m[34;1m    771404[0m[34;1m     25.41[0m[34;1m     47612[0m[34;1m   2021872[0m[34;1m   3763920[0m[31;1m    123.98[0m[34;1m    828936[0m[34;1m   1944916[0m[34;1m      6824[0m
11:11:31   [34;1m    103812[0m[34;1m   1085528[0m[34;1m    772256[0m[34;1m     25.44[0m[34;1m     47612[0m[34;1m   2022264[0m[34;1m   3763920[0m[31;1m    123.98[0m[34;1m    828936[0m[34;1m   1945268[0m[34;1m      7216[0m
11:11:32   [34;1m    103112[0m[34;1m   1085348[0m[34;1m    772336[0m[34;1m     25.44[0m[34;1m     47612[0m[34;1m   2022812[0m[34;1m   3763920[0m[31;1m    123.98[0m[34;1m    828936[0m[34;1m   1945996[0m[34;1m      7764[0m
11:11:33   [34;1m    102888[0m[34;1m   1085472[0m[34;1m    772288[0m[34;1m     25.44[0m[34;1m     47612[0m[34;1m   2023132[0m[34;1m   3763920[0m[31;1m    123.98[0m[34;1m    828936[0m[34;1m   1946412[0m[34;1m      8084[0m
11:11:34   [34;1m    102412[0m[34;1m   1085508[0m[34;1m    772216[0m[34;1m     25.44[0m[34;1m     47620[0m[34;1m   2023636[0m[34;1m   3763920[0m[31;1m    123.98[0m[34;1m    828936[0m[34;1m   1946936[0m[34;1m      8592[0m
11:11:35   [34;1m    101840[0m[34;1m   1085268[0m[34;1m    772332[0m[34;1m     25.44[0m[34;1m     47620[0m[34;1m   2024056[0m[34;1m   3763920[0m[31;1m    123.98[0m[34;1m    828944[0m[34;1m   1942604[0m[34;1m      9004[0m
11:11:36   [34;1m    112604[0m[34;1m   1089676[0m[34;1m    767912[0m[34;1m     25.29[0m[34;1m     47496[0m[34;1m   2017848[0m[34;1m   3763920[0m[31;1m    123.98[0m[34;1m    827120[0m[34;1m   1939828[0m[34;1m      9380[0m
11:11:37   [34;1m    109900[0m[34;1m   1087472[0m[34;1m    770220[0m[34;1m     25.37[0m[34;1m     47496[0m[34;1m   2018284[0m[34;1m   3763920[0m[31;1m    123.98[0m[34;1m    827224[0m[34;1m   1941572[0m[34;1m      9820[0m
11:11:38   [34;1m    109396[0m[34;1m   1087372[0m[34;1m    770300[0m[34;1m     25.37[0m[34;1m     47496[0m[34;1m   2018704[0m[34;1m   3763920[0m[31;1m    123.98[0m[34;1m    827224[0m[34;1m   1942264[0m[34;1m     10140[0m
11:11:39   [34;1m    108668[0m[34;1m   1087076[0m[34;1m    770688[0m[34;1m     25.39[0m[34;1m     47500[0m[34;1m   2019068[0m[34;1m   3763920[0m[31;1m    123.98[0m[34;1m    827296[0m[34;1m   1942676[0m[34;1m     10540[0m
11:11:40   [34;1m    107940[0m[34;1m   1086880[0m[34;1m    770708[0m[34;1m     25.39[0m[34;1m     47508[0m[34;1m   2019752[0m[34;1m   3763920[0m[31;1m    123.98[0m[34;1m    827404[0m[34;1m   1943080[0m[34;1m       328[0m
11:11:41   [34;1m    106204[0m[34;1m   1085580[0m[34;1m    772136[0m[34;1m     25.43[0m[34;1m     47508[0m[34;1m   2020056[0m[34;1m   3763920[0m[31;1m    123.98[0m[34;1m    827448[0m[34;1m   1943536[0m[34;1m       672[0m
11:11:42   [34;1m    105252[0m[34;1m   1085236[0m[34;1m    772484[0m[34;1m     25.44[0m[34;1m     47508[0m[34;1m   2020624[0m[34;1m   3763920[0m[31;1m    123.98[0m[34;1m    827508[0m[34;1m   1944144[0m[34;1m      1124[0m
11:11:43   [34;1m    104272[0m[34;1m   1084756[0m[34;1m    773004[0m[34;1m     25.46[0m[34;1m     47508[0m[34;1m   2021100[0m[34;1m   3763920[0m[31;1m    123.98[0m[34;1m    827528[0m[34;1m   1945000[0m[34;1m      1584[0m
11:11:44   [34;1m    116356[0m[34;1m   1084036[0m[34;1m    773736[0m[34;1m     25.49[0m[34;1m     47252[0m[34;1m   2008548[0m[34;1m   3768528[0m[31;1m    124.13[0m[34;1m    824212[0m[34;1m   1937148[0m[34;1m      2000[0m
11:11:45   [34;1m    114388[0m[34;1m   1082396[0m[34;1m    775312[0m[34;1m     25.54[0m[34;1m     47260[0m[34;1m   2008924[0m[34;1m   3768528[0m[31;1m    124.13[0m[34;1m    824228[0m[34;1m   1937956[0m[34;1m      2376[0m
11:11:46   [34;1m    112660[0m[34;1m   1081172[0m[34;1m    776544[0m[34;1m     25.58[0m[34;1m     47264[0m[34;1m   2009400[0m[34;1m   3768528[0m[31;1m    124.13[0m[34;1m    824240[0m[34;1m   1937844[0m[34;1m      2856[0m
11:11:47   [34;1m    111960[0m[34;1m   1080796[0m[34;1m    776924[0m[34;1m     25.59[0m[34;1m     47264[0m[34;1m   2009732[0m[34;1m   3763920[0m[31;1m    123.98[0m[34;1m    824240[0m[34;1m   1936768[0m[34;1m      3184[0m
11:11:48   [34;1m    111484[0m[34;1m   1080820[0m[34;1m    776924[0m[34;1m     25.59[0m[34;1m     47264[0m[34;1m   2010196[0m[34;1m   3763920[0m[31;1m    123.98[0m[34;1m    824232[0m[34;1m   1937380[0m[34;1m      3648[0m
11:11:49   [34;1m    111232[0m[34;1m   1080980[0m[34;1m    776788[0m[34;1m     25.59[0m[34;1m     47264[0m[34;1m   2010628[0m[34;1m   3763920[0m[31;1m    123.98[0m[34;1m    824232[0m[34;1m   1937900[0m[34;1m      4080[0m
11:11:50   [34;1m    110756[0m[34;1m   1080864[0m[34;1m    776900[0m[34;1m     25.59[0m[34;1m     47264[0m[34;1m   2010988[0m[34;1m   3763920[0m[31;1m    123.98[0m[34;1m    824232[0m[34;1m   1937548[0m[34;1m      4444[0m
11:11:51   [34;1m    110280[0m[34;1m   1080988[0m[34;1m    776732[0m[34;1m     25.58[0m[34;1m     47264[0m[34;1m   2011624[0m[34;1m   3763920[0m[31;1m    123.98[0m[34;1m    824312[0m[34;1m   1938020[0m[34;1m      4892[0m
11:11:52   [34;1m    109832[0m[34;1m   1080924[0m[34;1m    776728[0m[34;1m     25.58[0m[34;1m     47268[0m[34;1m   2012088[0m[34;1m   3763920[0m[31;1m    123.98[0m[34;1m    824392[0m[34;1m   1938256[0m[34;1m      5388[0m
11:11:53   [34;1m    109384[0m[34;1m   1081084[0m[34;1m    776732[0m[34;1m     25.58[0m[34;1m     47268[0m[34;1m   2012476[0m[34;1m   3763920[0m[31;1m    123.98[0m[34;1m    824396[0m[34;1m   1938984[0m[34;1m      5768[0m
11:11:54   [34;1m    109132[0m[34;1m   1081176[0m[34;1m    776560[0m[34;1m     25.58[0m[34;1m     47268[0m[34;1m   2012932[0m[34;1m   3763920[0m[31;1m    123.98[0m[34;1m    824396[0m[34;1m   1939524[0m[34;1m      6224[0m
11:11:55   [34;1m    108180[0m[34;1m   1080496[0m[34;1m    777148[0m[34;1m     25.60[0m[34;1m     47268[0m[34;1m   2013396[0m[34;1m   3763920[0m[31;1m    123.98[0m[34;1m    824420[0m[34;1m   1939868[0m[34;1m      6548[0m
11:11:56   [34;1m    105468[0m[34;1m   1078480[0m[34;1m    779232[0m[34;1m     25.67[0m[34;1m     47276[0m[34;1m   2013852[0m[34;1m   3763920[0m[31;1m    123.98[0m[34;1m    824516[0m[34;1m   1939856[0m[34;1m      7016[0m
11:11:57   [34;1m    105244[0m[34;1m   1078692[0m[34;1m    779064[0m[34;1m     25.66[0m[34;1m     47276[0m[34;1m   2014316[0m[34;1m   3763920[0m[31;1m    123.98[0m[34;1m    824524[0m[34;1m   1940240[0m[34;1m      7372[0m
11:11:58   [34;1m    104796[0m[34;1m   1078804[0m[34;1m    778892[0m[34;1m     25.66[0m[34;1m     47276[0m[34;1m   2014816[0m[34;1m   3763920[0m[31;1m    123.98[0m[34;1m    824568[0m[34;1m   1940844[0m[34;1m      7924[0m
11:11:59   [34;1m    104572[0m[34;1m   1079060[0m[34;1m    778736[0m[34;1m     25.65[0m[34;1m     47276[0m[34;1m   2015244[0m[34;1m   3763920[0m[31;1m    123.98[0m[34;1m    824568[0m[34;1m   1942016[0m[34;1m      8276[0m
11:12:00   [34;1m    104572[0m[34;1m   1079372[0m[34;1m    778368[0m[34;1m     25.64[0m[34;1m     47276[0m[34;1m   2015636[0m[34;1m   3763920[0m[31;1m    123.98[0m[34;1m    824568[0m[34;1m   1941756[0m[34;1m      8668[0m
11:12:01   [34;1m    102392[0m[34;1m   1077684[0m[34;1m    780068[0m[34;1m     25.69[0m[34;1m     47280[0m[34;1m   2016048[0m[34;1m   3763920[0m[31;1m    123.98[0m[34;1m    824564[0m[34;1m   1943172[0m[34;1m      9084[0m
11:12:02   [34;1m    102392[0m[34;1m   1078124[0m[34;1m    779500[0m[34;1m     25.68[0m[34;1m     47288[0m[34;1m   2016520[0m[34;1m   3763920[0m[31;1m    123.98[0m[34;1m    824572[0m[34;1m   1943680[0m[34;1m      9560[0m
11:12:03   [34;1m    138224[0m[34;1m   1101444[0m[34;1m    756316[0m[34;1m     24.91[0m[34;1m     47032[0m[34;1m   2004220[0m[34;1m   3763920[0m[31;1m    123.98[0m[34;1m    822000[0m[34;1m   1933928[0m[34;1m      9892[0m
11:12:04   [34;1m    135492[0m[34;1m   1099088[0m[34;1m    758584[0m[34;1m     24.99[0m[34;1m     47032[0m[34;1m   2004688[0m[34;1m   3768528[0m[31;1m    124.13[0m[34;1m    822036[0m[34;1m   1935592[0m[34;1m     10380[0m
11:12:05   [34;1m    134512[0m[34;1m   1098480[0m[34;1m    759112[0m[34;1m     25.00[0m[34;1m     47040[0m[34;1m   2005132[0m[34;1m   3768528[0m[31;1m    124.13[0m[34;1m    822036[0m[34;1m   1935960[0m[34;1m     10732[0m
11:12:06   [34;1m    132284[0m[34;1m   1096732[0m[34;1m    760916[0m[34;1m     25.06[0m[34;1m     47040[0m[34;1m   2005524[0m[34;1m   3768528[0m[31;1m    124.13[0m[34;1m    822036[0m[34;1m   1936512[0m[34;1m     11212[0m
11:12:07   [34;1m    131808[0m[34;1m   1096672[0m[34;1m    761008[0m[34;1m     25.07[0m[34;1m     47040[0m[34;1m   2005908[0m[34;1m   3763920[0m[31;1m    123.98[0m[34;1m    822044[0m[34;1m   1935236[0m[34;1m     11596[0m
11:12:08   [34;1m    131360[0m[34;1m   1096544[0m[34;1m    761112[0m[34;1m     25.07[0m[34;1m     47048[0m[34;1m   2006292[0m[34;1m   3763920[0m[31;1m    123.98[0m[34;1m    822044[0m[34;1m   1935712[0m[34;1m     11988[0m
11:12:09   [34;1m    131360[0m[34;1m   1097100[0m[34;1m    760620[0m[34;1m     25.05[0m[34;1m     47048[0m[34;1m   2006792[0m[34;1m   3763920[0m[31;1m    123.98[0m[34;1m    822052[0m[34;1m   1936436[0m[34;1m     12476[0m
11:12:10   [34;1m    131136[0m[34;1m   1097312[0m[34;1m    760384[0m[34;1m     25.05[0m[34;1m     47048[0m[34;1m   2007240[0m[34;1m   3763920[0m[31;1m    123.98[0m[34;1m    822052[0m[34;1m   1936996[0m[34;1m     12924[0m
11:12:11   [34;1m    129880[0m[34;1m   1096552[0m[34;1m    761260[0m[34;1m     25.07[0m[34;1m     47048[0m[34;1m   2007612[0m[34;1m   3763920[0m[31;1m    123.98[0m[34;1m    822112[0m[34;1m   1937556[0m[34;1m       336[0m
11:12:12   [34;1m    128900[0m[34;1m   1095936[0m[34;1m    761788[0m[34;1m     25.09[0m[34;1m     47048[0m[34;1m   2008068[0m[34;1m   3763920[0m[31;1m    123.98[0m[34;1m    822112[0m[34;1m   1938152[0m[34;1m       780[0m
11:12:13   [34;1m    128676[0m[34;1m   1096144[0m[34;1m    761664[0m[34;1m     25.09[0m[34;1m     47056[0m[34;1m   2008408[0m[34;1m   3763920[0m[31;1m    123.98[0m[34;1m    822112[0m[34;1m   1938612[0m[34;1m      1232[0m
11:12:14   [34;1m    128424[0m[34;1m   1096304[0m[34;1m    761432[0m[34;1m     25.08[0m[34;1m     47060[0m[34;1m   2008892[0m[34;1m   3763920[0m[31;1m    123.98[0m[34;1m    822116[0m[34;1m   1938992[0m[34;1m      1664[0m
11:12:15   [34;1m    127728[0m[34;1m   1095944[0m[34;1m    761736[0m[34;1m     25.09[0m[34;1m     47060[0m[34;1m   2009280[0m[34;1m   3763920[0m[31;1m    123.98[0m[34;1m    822124[0m[34;1m   1939028[0m[34;1m      2048[0m
11:12:16   [34;1m    126496[0m[34;1m   1095208[0m[34;1m    762504[0m[34;1m     25.12[0m[34;1m     47060[0m[34;1m   2009736[0m[34;1m   3763920[0m[31;1m    123.98[0m[34;1m    822124[0m[34;1m   1939520[0m[34;1m      2504[0m
11:12:17   [34;1m    126020[0m[34;1m   1095184[0m[34;1m    762524[0m[34;1m     25.12[0m[34;1m     47060[0m[34;1m   2010204[0m[34;1m   3763920[0m[31;1m    123.98[0m[34;1m    822124[0m[34;1m   1940188[0m[34;1m      2868[0m
11:12:18   [34;1m    122552[0m[34;1m   1092436[0m[34;1m    765260[0m[34;1m     25.21[0m[34;1m     47060[0m[34;1m   2010912[0m[34;1m   3763920[0m[31;1m    123.98[0m[34;1m    822336[0m[34;1m   1941076[0m[34;1m      3356[0m
11:12:19   [34;1m    193952[0m[34;1m   1072464[0m[34;1m    785436[0m[34;1m     25.87[0m[34;1m     47068[0m[34;1m   1919724[0m[34;1m   3763920[0m[31;1m    123.98[0m[34;1m    822348[0m[34;1m   1849940[0m[34;1m       128[0m
11:12:20   [34;1m    193272[0m[34;1m   1072324[0m[34;1m    785616[0m[34;1m     25.88[0m[34;1m     47068[0m[34;1m   1920200[0m[34;1m   3763920[0m[31;1m    123.98[0m[34;1m    822356[0m[34;1m   1846548[0m[34;1m       672[0m
11:12:21   [34;1m    193272[0m[34;1m   1072648[0m[34;1m    785300[0m[34;1m     25.87[0m[34;1m     47068[0m[34;1m   1920568[0m[34;1m   3763920[0m[31;1m    123.98[0m[34;1m    822356[0m[34;1m   1847028[0m[34;1m       964[0m
11:12:22   [34;1m    192324[0m[34;1m   1072176[0m[34;1m    785740[0m[34;1m     25.88[0m[34;1m     47068[0m[34;1m   1921044[0m[34;1m   3763920[0m[31;1m    123.98[0m[34;1m    822356[0m[34;1m   1847576[0m[34;1m      1428[0m
11:12:23   [34;1m    192324[0m[34;1m   1072512[0m[34;1m    785408[0m[34;1m     25.87[0m[34;1m     47068[0m[34;1m   1921400[0m[34;1m   3763920[0m[31;1m    123.98[0m[34;1m    822356[0m[34;1m   1847996[0m[34;1m      1784[0m
11:12:24   [34;1m    192100[0m[34;1m   1072780[0m[34;1m    785112[0m[34;1m     25.86[0m[34;1m     47072[0m[34;1m   1921876[0m[34;1m   3768528[0m[31;1m    124.13[0m[34;1m    822376[0m[34;1m   1850132[0m[34;1m      2240[0m
11:12:25   [34;1m    191848[0m[34;1m   1072912[0m[34;1m    784964[0m[34;1m     25.86[0m[34;1m     47072[0m[34;1m   1922280[0m[34;1m   3768528[0m[31;1m    124.13[0m[34;1m    822376[0m[34;1m   1850112[0m[34;1m      2648[0m
11:12:26   [34;1m    191908[0m[34;1m   1073540[0m[34;1m    784436[0m[34;1m     25.84[0m[34;1m     47072[0m[34;1m   1922748[0m[34;1m   3768528[0m[31;1m    124.13[0m[34;1m    822376[0m[34;1m   1850376[0m[34;1m      3116[0m
11:12:27   [34;1m    191908[0m[34;1m   1073928[0m[34;1m    784036[0m[34;1m     25.82[0m[34;1m     47072[0m[34;1m   1923144[0m[34;1m   3763920[0m[31;1m    123.98[0m[34;1m    822384[0m[34;1m   1849876[0m[34;1m      3504[0m
11:12:28   [34;1m    191684[0m[34;1m   1074012[0m[34;1m    783852[0m[34;1m     25.82[0m[34;1m     47072[0m[34;1m   1923576[0m[34;1m   3763920[0m[31;1m    123.98[0m[34;1m    822384[0m[34;1m   1850308[0m[34;1m      3936[0m
11:12:29   [34;1m    191684[0m[34;1m   1074572[0m[34;1m    783296[0m[34;1m     25.80[0m[34;1m     47076[0m[34;1m   1924116[0m[34;1m   3763920[0m[31;1m    123.98[0m[34;1m    822452[0m[34;1m   1850948[0m[34;1m      4412[0m
11:12:30   [34;1m    191460[0m[34;1m   1074680[0m[34;1m    783172[0m[34;1m     25.80[0m[34;1m     47076[0m[34;1m   1924456[0m[34;1m   3763920[0m[31;1m    123.98[0m[34;1m    822452[0m[34;1m   1851288[0m[34;1m      4756[0m
11:12:31   [34;1m    191236[0m[34;1m   1074996[0m[34;1m    782916[0m[34;1m     25.79[0m[34;1m     47080[0m[34;1m   1924976[0m[34;1m   3763920[0m[31;1m    123.98[0m[34;1m    822452[0m[34;1m   1851808[0m[34;1m      5276[0m
11:12:32   [34;1m    191012[0m[34;1m   1075320[0m[34;1m    782560[0m[34;1m     25.78[0m[34;1m     47080[0m[34;1m   1925520[0m[34;1m   3763920[0m[31;1m    123.98[0m[34;1m    822460[0m[34;1m   1852324[0m[34;1m      5616[0m
11:12:33   [34;1m    190540[0m[34;1m   1075288[0m[34;1m    782516[0m[34;1m     25.77[0m[34;1m     47080[0m[34;1m   1925972[0m[34;1m   3763920[0m[31;1m    123.98[0m[34;1m    822460[0m[34;1m   1852760[0m[34;1m      6124[0m
11:12:34   [34;1m    190284[0m[34;1m   1075392[0m[34;1m    782420[0m[34;1m     25.77[0m[34;1m     47080[0m[34;1m   1926348[0m[34;1m   3763920[0m[31;1m    123.98[0m[34;1m    822460[0m[34;1m   1853168[0m[34;1m      6500[0m
11:12:35   [34;1m    189836[0m[34;1m   1075324[0m[34;1m    782524[0m[34;1m     25.77[0m[34;1m     47080[0m[34;1m   1926708[0m[34;1m   3763920[0m[31;1m    123.98[0m[34;1m    822460[0m[34;1m   1853328[0m[34;1m      6860[0m
11:12:36   [34;1m    189360[0m[34;1m   1075344[0m[34;1m    782460[0m[34;1m     25.77[0m[34;1m     47080[0m[34;1m   1927236[0m[34;1m   3763920[0m[31;1m    123.98[0m[34;1m    822452[0m[34;1m   1853828[0m[34;1m      7392[0m
11:12:37   [34;1m    189136[0m[34;1m   1075440[0m[34;1m    782400[0m[34;1m     25.77[0m[34;1m     47080[0m[34;1m   1927544[0m[34;1m   3763920[0m[31;1m    123.98[0m[34;1m    822460[0m[34;1m   1854100[0m[34;1m      7696[0m
11:12:38   [34;1m    188688[0m[34;1m   1075496[0m[34;1m    782312[0m[34;1m     25.77[0m[34;1m     47080[0m[34;1m   1928032[0m[34;1m   3763920[0m[31;1m    123.98[0m[34;1m    822468[0m[34;1m   1855048[0m[34;1m      8176[0m
11:12:39   [34;1m    188464[0m[34;1m   1075644[0m[34;1m    782224[0m[34;1m     25.77[0m[34;1m     47080[0m[34;1m   1928404[0m[34;1m   3763920[0m[31;1m    123.98[0m[34;1m    822468[0m[34;1m   1855472[0m[34;1m      8548[0m
11:12:40   [34;1m    188464[0m[34;1m   1076172[0m[34;1m    781692[0m[34;1m     25.75[0m[34;1m     47080[0m[34;1m   1928912[0m[34;1m   3763920[0m[31;1m    123.98[0m[34;1m    822468[0m[34;1m   1856092[0m[34;1m      9056[0m
11:12:41   [34;1m    188212[0m[34;1m   1076168[0m[34;1m    781600[0m[34;1m     25.74[0m[34;1m     47084[0m[34;1m   1929252[0m[34;1m   3763920[0m[31;1m    123.98[0m[34;1m    822468[0m[34;1m   1856500[0m[34;1m      9400[0m
11:12:42   [34;1m    187516[0m[34;1m   1075992[0m[34;1m    781804[0m[34;1m     25.75[0m[34;1m     47088[0m[34;1m   1929760[0m[34;1m   3763920[0m[31;1m    123.98[0m[34;1m    822472[0m[34;1m   1856892[0m[34;1m      9904[0m
11:12:43   [34;1m    187448[0m[34;1m   1076416[0m[34;1m    781556[0m[34;1m     25.74[0m[34;1m     47088[0m[34;1m   1930076[0m[34;1m   3763920[0m[31;1m    123.98[0m[34;1m    822472[0m[34;1m   1857312[0m[34;1m     10216[0m
11:12:44   [34;1m    186724[0m[34;1m   1076080[0m[34;1m    781808[0m[34;1m     25.75[0m[34;1m     47088[0m[34;1m   1930528[0m[34;1m   3768528[0m[31;1m    124.13[0m[34;1m    822476[0m[34;1m   1859332[0m[34;1m     10668[0m
11:12:45   [34;1m    186472[0m[34;1m   1076184[0m[34;1m    781732[0m[34;1m     25.75[0m[34;1m     47088[0m[34;1m   1930892[0m[34;1m   3768528[0m[31;1m    124.13[0m[34;1m    822476[0m[34;1m   1859816[0m[34;1m     11032[0m
11:12:46   [34;1m    185996[0m[34;1m   1076188[0m[34;1m    781764[0m[34;1m     25.75[0m[34;1m     47088[0m[34;1m   1931320[0m[34;1m   3768528[0m[31;1m    124.13[0m[34;1m    822472[0m[34;1m   1860196[0m[34;1m     11456[0m
11:12:47   [34;1m    185296[0m[34;1m   1075864[0m[34;1m    782068[0m[34;1m     25.76[0m[34;1m     47096[0m[34;1m   1931728[0m[34;1m   3763920[0m[31;1m    123.98[0m[34;1m    822476[0m[34;1m   1859368[0m[34;1m     11872[0m
11:12:48   [34;1m    185296[0m[34;1m   1076340[0m[34;1m    781536[0m[34;1m     25.74[0m[34;1m     47096[0m[34;1m   1932228[0m[34;1m   3763920[0m[31;1m    123.98[0m[34;1m    822484[0m[34;1m   1859860[0m[34;1m     12292[0m
11:12:49   [34;1m    185072[0m[34;1m   1076376[0m[34;1m    781428[0m[34;1m     25.74[0m[34;1m     47096[0m[34;1m   1932588[0m[34;1m   3763920[0m[31;1m    123.98[0m[34;1m    822484[0m[34;1m   1860088[0m[34;1m     12652[0m
11:12:50   [34;1m    185072[0m[34;1m   1076940[0m[34;1m    781012[0m[34;1m     25.73[0m[34;1m     47096[0m[34;1m   1933012[0m[34;1m   3763920[0m[31;1m    123.98[0m[34;1m    822484[0m[34;1m   1859264[0m[34;1m     13076[0m
11:12:51   [34;1m    184596[0m[34;1m   1076812[0m[34;1m    781088[0m[34;1m     25.73[0m[34;1m     47096[0m[34;1m   1933404[0m[34;1m   3763920[0m[31;1m    123.98[0m[34;1m    822484[0m[34;1m   1859784[0m[34;1m        68[0m
11:12:52   [34;1m    184372[0m[34;1m   1077144[0m[34;1m    780700[0m[34;1m     25.71[0m[34;1m     47100[0m[34;1m   1933972[0m[34;1m   3763920[0m[31;1m    123.98[0m[34;1m    822484[0m[34;1m   1860344[0m[34;1m       516[0m
11:12:53   [34;1m    184124[0m[34;1m   1077236[0m[34;1m    780668[0m[34;1m     25.71[0m[34;1m     47100[0m[34;1m   1934280[0m[34;1m   3763920[0m[31;1m    123.98[0m[34;1m    822484[0m[34;1m   1861164[0m[34;1m       844[0m
11:12:54   [34;1m    183676[0m[34;1m   1077188[0m[34;1m    780748[0m[34;1m     25.72[0m[34;1m     47108[0m[34;1m   1934660[0m[34;1m   3763920[0m[31;1m    123.98[0m[34;1m    822484[0m[34;1m   1861176[0m[34;1m      1232[0m
11:12:55   [34;1m    183452[0m[34;1m   1077372[0m[34;1m    780428[0m[34;1m     25.71[0m[34;1m     47108[0m[34;1m   1935184[0m[34;1m   3763920[0m[31;1m    123.98[0m[34;1m    822496[0m[34;1m   1861568[0m[34;1m      1744[0m
11:12:56   [34;1m    183200[0m[34;1m   1077496[0m[34;1m    780368[0m[34;1m     25.70[0m[34;1m     47108[0m[34;1m   1935492[0m[34;1m   3763920[0m[31;1m    123.98[0m[34;1m    822496[0m[34;1m   1861936[0m[34;1m      2052[0m
11:12:57   [34;1m    182976[0m[34;1m   1077812[0m[34;1m    780096[0m[34;1m     25.69[0m[34;1m     47108[0m[34;1m   1935988[0m[34;1m   3763920[0m[31;1m    123.98[0m[34;1m    822496[0m[34;1m   1862140[0m[34;1m      2540[0m
11:12:58   [34;1m    182752[0m[34;1m   1077884[0m[34;1m    779876[0m[34;1m     25.69[0m[34;1m     47108[0m[34;1m   1936416[0m[34;1m   3763920[0m[31;1m    123.98[0m[34;1m    822496[0m[34;1m   1862568[0m[34;1m      2968[0m
11:12:59   [34;1m    182752[0m[34;1m   1078256[0m[34;1m    779508[0m[34;1m     25.68[0m[34;1m     47116[0m[34;1m   1936832[0m[34;1m   3763920[0m[31;1m    123.98[0m[34;1m    822496[0m[34;1m   1863008[0m[34;1m      3292[0m
11:13:00   [34;1m    182052[0m[34;1m   1078068[0m[34;1m    779796[0m[34;1m     25.69[0m[34;1m     47116[0m[34;1m   1937212[0m[34;1m   3763920[0m[31;1m    123.98[0m[34;1m    822504[0m[34;1m   1863512[0m[34;1m      3768[0m
11:13:01   [34;1m    181324[0m[34;1m   1077692[0m[34;1m    780088[0m[34;1m     25.69[0m[34;1m     47116[0m[34;1m   1937664[0m[34;1m   3763920[0m[31;1m    123.98[0m[34;1m    822504[0m[34;1m   1863928[0m[34;1m      4220[0m
11:13:02   [34;1m    180596[0m[34;1m   1077548[0m[34;1m    780444[0m[34;1m     25.71[0m[34;1m     47116[0m[34;1m   1938040[0m[34;1m   3763920[0m[31;1m    123.98[0m[34;1m    822504[0m[34;1m   1864860[0m[34;1m      4596[0m
11:13:03   [34;1m    178580[0m[34;1m   1075864[0m[34;1m    781908[0m[34;1m     25.75[0m[34;1m     47116[0m[34;1m   1938484[0m[34;1m   3763920[0m[31;1m    123.98[0m[34;1m    822500[0m[34;1m   1864696[0m[34;1m      5040[0m
11:13:04   [34;1m    178356[0m[34;1m   1075976[0m[34;1m    781868[0m[34;1m     25.75[0m[34;1m     47124[0m[34;1m   1938828[0m[34;1m   3768528[0m[31;1m    124.13[0m[34;1m    822504[0m[34;1m   1866712[0m[34;1m      5396[0m
11:13:05   [34;1m    178356[0m[34;1m   1076552[0m[34;1m    781284[0m[34;1m     25.73[0m[34;1m     47136[0m[34;1m   1939400[0m[34;1m   3768528[0m[31;1m    124.13[0m[34;1m    822548[0m[34;1m   1866912[0m[34;1m      5836[0m
11:13:06   [34;1m    177376[0m[34;1m   1076008[0m[34;1m    781824[0m[34;1m     25.75[0m[34;1m     47136[0m[34;1m   1939816[0m[34;1m   3768528[0m[31;1m    124.13[0m[34;1m    822556[0m[34;1m   1867512[0m[34;1m      6332[0m
11:13:07   [34;1m    177376[0m[34;1m   1076372[0m[34;1m    781496[0m[34;1m     25.74[0m[34;1m     47136[0m[34;1m   1940156[0m[34;1m   3763920[0m[31;1m    123.98[0m[34;1m    822560[0m[34;1m   1866452[0m[34;1m      6672[0m
11:13:08   [34;1m    177152[0m[34;1m   1076524[0m[34;1m    781232[0m[34;1m     25.73[0m[34;1m     47136[0m[34;1m   1940632[0m[34;1m   3763920[0m[31;1m    123.98[0m[34;1m    822560[0m[34;1m   1867004[0m[34;1m      7140[0m
11:13:09   [34;1m    176928[0m[34;1m   1076752[0m[34;1m    781168[0m[34;1m     25.73[0m[34;1m     47136[0m[34;1m   1940940[0m[34;1m   3763920[0m[31;1m    123.98[0m[34;1m    822560[0m[34;1m   1867544[0m[34;1m      7448[0m
11:13:10   [34;1m    176704[0m[34;1m   1076968[0m[34;1m    780904[0m[34;1m     25.72[0m[34;1m     47140[0m[34;1m   1941392[0m[34;1m   3763920[0m[31;1m    123.98[0m[34;1m    822560[0m[34;1m   1868028[0m[34;1m      7904[0m
11:13:11   [34;1m    174672[0m[34;1m   1074580[0m[34;1m    787824[0m[34;1m     25.95[0m[34;1m     47148[0m[34;1m   1941804[0m[34;1m   3763920[0m[31;1m    123.98[0m[34;1m    822580[0m[34;1m   1868324[0m[34;1m      8312[0m
11:13:12   [34;1m    174672[0m[34;1m   1074648[0m[34;1m    787944[0m[34;1m     25.95[0m[34;1m     47148[0m[34;1m   1941824[0m[34;1m   3763920[0m[31;1m    123.98[0m[34;1m    822584[0m[34;1m   1868376[0m[34;1m      8324[0m
