Linux 6.6.95 (ssp-study) 	04/16/26 	_x86_64_	(2 CPU)

19:07:23    kbmemfree   kbavail kbmemused  %memused kbbuffers  kbcached  kbcommit   %commit  kbactive   kbinact   kbdirty
19:07:24   [34;1m   1003572[0m[34;1m   1811520[0m[34;1m    720928[0m[34;1m     18.96[0m[34;1m    103824[0m[34;1m   1862788[0m[34;1m   3915308[0m[31;1m    102.95[0m[34;1m   1201500[0m[34;1m   1421216[0m[34;1m       432[0m
19:07:25   [34;1m   1000800[0m[34;1m   1808748[0m[34;1m    723700[0m[34;1m     19.03[0m[34;1m    103824[0m[34;1m   1862788[0m[34;1m   3915308[0m[31;1m    102.95[0m[34;1m   1201500[0m[34;1m   1421416[0m[34;1m       432[0m
19:07:26   [34;1m   1000576[0m[34;1m   1808532[0m[34;1m    723880[0m[34;1m     19.03[0m[34;1m    103840[0m[34;1m   1862780[0m[34;1m   3915308[0m[31;1m    102.95[0m[34;1m   1201500[0m[34;1m   1421624[0m[34;1m       440[0m
19:07:27   [34;1m   1000576[0m[34;1m   1808560[0m[34;1m    723852[0m[34;1m     19.03[0m[34;1m    103840[0m[34;1m   1862808[0m[34;1m   3915308[0m[31;1m    102.95[0m[34;1m   1201516[0m[34;1m   1421656[0m[34;1m       444[0m
19:07:28   [34;1m   1000352[0m[34;1m   1808336[0m[34;1m    724076[0m[34;1m     19.04[0m[34;1m    103840[0m[34;1m   1862808[0m[34;1m   3915308[0m[31;1m    102.95[0m[34;1m   1201516[0m[34;1m   1421748[0m[34;1m       444[0m
19:07:29   [34;1m   1000352[0m[34;1m   1808336[0m[34;1m    724076[0m[34;1m     19.04[0m[34;1m    103840[0m[34;1m   1862808[0m[34;1m   3915308[0m[31;1m    102.95[0m[34;1m   1201516[0m[34;1m   1421772[0m[34;1m       444[0m
19:07:30   [34;1m    998336[0m[34;1m   1806328[0m[34;1m    726072[0m[34;1m     19.09[0m[34;1m    103844[0m[34;1m   1862808[0m[34;1m   3915308[0m[31;1m    102.95[0m[34;1m   1201504[0m[34;1m   1421768[0m[34;1m       444[0m
19:07:31   [34;1m    998084[0m[34;1m   1806080[0m[34;1m    726312[0m[34;1m     19.10[0m[34;1m    103844[0m[34;1m   1862812[0m[34;1m   3915308[0m[31;1m    102.95[0m[34;1m   1201516[0m[34;1m   1421844[0m[34;1m       444[0m
19:07:32   [34;1m    998084[0m[34;1m   1806084[0m[34;1m    726312[0m[34;1m     19.10[0m[34;1m    103844[0m[34;1m   1862812[0m[34;1m   3915308[0m[31;1m    102.95[0m[34;1m   1201520[0m[34;1m   1421528[0m[34;1m       444[0m
19:07:33   [34;1m    998084[0m[34;1m   1805980[0m[34;1m    726412[0m[34;1m     19.10[0m[34;1m    103864[0m[34;1m   1862672[0m[34;1m   3915296[0m[31;1m    102.95[0m[34;1m   1201496[0m[34;1m   1421460[0m[34;1m       544[0m
19:07:34   [34;1m    998084[0m[34;1m   1805952[0m[34;1m    726436[0m[34;1m     19.10[0m[34;1m    103868[0m[34;1m   1862628[0m[34;1m   3915296[0m[31;1m    102.95[0m[34;1m   1201504[0m[34;1m   1421652[0m[34;1m       568[0m
19:07:35   [34;1m    995088[0m[34;1m   1802964[0m[34;1m    729412[0m[34;1m     19.18[0m[34;1m    103868[0m[34;1m   1862636[0m[34;1m   3915296[0m[31;1m    102.95[0m[34;1m   1201508[0m[34;1m   1421608[0m[34;1m       604[0m
19:07:36   [34;1m    995088[0m[34;1m   1802968[0m[34;1m    729408[0m[34;1m     19.18[0m[34;1m    103868[0m[34;1m   1862640[0m[34;1m   3915296[0m[31;1m    102.95[0m[34;1m   1201508[0m[34;1m   1421620[0m[34;1m       608[0m
19:07:37   [34;1m    995088[0m[34;1m   1802968[0m[34;1m    729408[0m[34;1m     19.18[0m[34;1m    103868[0m[34;1m   1862640[0m[34;1m   3915296[0m[31;1m    102.95[0m[34;1m   1201508[0m[34;1m   1421540[0m[34;1m       608[0m
19:07:39   [34;1m    995088[0m[34;1m   1802976[0m[34;1m    729400[0m[34;1m     19.18[0m[34;1m    103872[0m[34;1m   1862644[0m[34;1m   3915296[0m[31;1m    102.95[0m[34;1m   1201512[0m[34;1m   1421604[0m[34;1m       608[0m
19:07:40   [34;1m    995088[0m[34;1m   1802976[0m[34;1m    729400[0m[34;1m     19.18[0m[34;1m    103872[0m[34;1m   1862644[0m[34;1m   3915296[0m[31;1m    102.95[0m[34;1m   1201512[0m[34;1m   1421816[0m[34;1m       608[0m
19:07:41   [34;1m    995088[0m[34;1m   1802976[0m[34;1m    729400[0m[34;1m     19.18[0m[34;1m    103872[0m[34;1m   1862644[0m[34;1m   3915296[0m[31;1m    102.95[0m[34;1m   1201512[0m[34;1m   1421916[0m[34;1m       608[0m
19:07:42   [34;1m    995088[0m[34;1m   1802980[0m[34;1m    729396[0m[34;1m     19.18[0m[34;1m    103884[0m[34;1m   1862636[0m[34;1m   3915296[0m[31;1m    102.95[0m[34;1m   1201512[0m[34;1m   1421604[0m[34;1m       608[0m
19:07:43   [34;1m    995088[0m[34;1m   1802996[0m[34;1m    729380[0m[34;1m     19.18[0m[34;1m    103884[0m[34;1m   1862652[0m[34;1m   3915296[0m[31;1m    102.95[0m[34;1m   1201524[0m[34;1m   1420856[0m[34;1m       608[0m
19:07:44   [34;1m    995088[0m[34;1m   1802996[0m[34;1m    729380[0m[34;1m     19.18[0m[34;1m    103884[0m[34;1m   1862652[0m[34;1m   3915296[0m[31;1m    102.95[0m[34;1m   1201524[0m[34;1m   1420808[0m[34;1m       540[0m
19:07:45   [34;1m    995088[0m[34;1m   1802996[0m[34;1m    729380[0m[34;1m     19.18[0m[34;1m    103892[0m[34;1m   1862644[0m[34;1m   3915296[0m[31;1m    102.95[0m[34;1m   1201524[0m[34;1m   1421008[0m[34;1m       540[0m
19:07:46   [34;1m    995088[0m[34;1m   1803000[0m[34;1m    729368[0m[34;1m     19.18[0m[34;1m    103892[0m[34;1m   1862656[0m[34;1m   3915296[0m[31;1m    102.95[0m[34;1m   1201532[0m[34;1m   1421164[0m[34;1m       548[0m
19:07:47   [34;1m    995088[0m[34;1m   1803008[0m[34;1m    729368[0m[34;1m     19.18[0m[34;1m    103892[0m[34;1m   1862656[0m[34;1m   3915296[0m[31;1m    102.95[0m[34;1m   1201532[0m[34;1m   1421180[0m[34;1m       548[0m
19:07:48   [34;1m    995088[0m[34;1m   1803008[0m[34;1m    729368[0m[34;1m     19.18[0m[34;1m    103892[0m[34;1m   1862656[0m[34;1m   3915296[0m[31;1m    102.95[0m[34;1m   1201532[0m[34;1m   1421244[0m[34;1m       548[0m
19:07:49   [34;1m    995088[0m[34;1m   1803008[0m[34;1m    729368[0m[34;1m     19.18[0m[34;1m    103896[0m[34;1m   1862652[0m[34;1m   3915296[0m[31;1m    102.95[0m[34;1m   1201532[0m[34;1m   1421244[0m[34;1m       548[0m
19:07:50   [34;1m    995088[0m[34;1m   1803008[0m[34;1m    729368[0m[34;1m     19.18[0m[34;1m    103896[0m[34;1m   1862652[0m[34;1m   3915296[0m[31;1m    102.95[0m[34;1m   1201532[0m[34;1m   1421448[0m[34;1m       544[0m
19:07:51   [34;1m    994836[0m[34;1m   1802764[0m[34;1m    729612[0m[34;1m     19.18[0m[34;1m    103896[0m[34;1m   1862660[0m[34;1m   3915296[0m[31;1m    102.95[0m[34;1m   1201536[0m[34;1m   1421636[0m[34;1m       544[0m
19:07:52   [34;1m    994836[0m[34;1m   1802764[0m[34;1m    729612[0m[34;1m     19.18[0m[34;1m    103896[0m[34;1m   1862660[0m[34;1m   3915296[0m[31;1m    102.95[0m[34;1m   1201536[0m[34;1m   1421576[0m[34;1m       544[0m
19:07:53   [34;1m    994836[0m[34;1m   1802764[0m[34;1m    729612[0m[34;1m     19.18[0m[34;1m    103896[0m[34;1m   1862660[0m[34;1m   3915296[0m[31;1m    102.95[0m[34;1m   1201536[0m[34;1m   1421576[0m[34;1m       544[0m
19:07:54   [34;1m    994836[0m[34;1m   1802768[0m[34;1m    729604[0m[34;1m     19.18[0m[34;1m    103900[0m[34;1m   1862664[0m[34;1m   3915296[0m[31;1m    102.95[0m[34;1m   1201536[0m[34;1m   1421580[0m[34;1m        12[0m
19:07:55   [34;1m    994836[0m[34;1m   1802772[0m[34;1m    729604[0m[34;1m     19.18[0m[34;1m    103900[0m[34;1m   1862664[0m[34;1m   3915296[0m[31;1m    102.95[0m[34;1m   1201540[0m[34;1m   1421896[0m[34;1m        12[0m
19:07:56   [34;1m    994836[0m[34;1m   1802772[0m[34;1m    729604[0m[34;1m     19.18[0m[34;1m    103900[0m[34;1m   1862664[0m[34;1m   3915296[0m[31;1m    102.95[0m[34;1m   1201536[0m[34;1m   1421988[0m[34;1m        12[0m
19:07:57   [34;1m    994836[0m[34;1m   1802776[0m[34;1m    729608[0m[34;1m     19.18[0m[34;1m    103908[0m[34;1m   1862668[0m[34;1m   3915296[0m[31;1m    102.95[0m[34;1m   1201548[0m[34;1m   1422000[0m[34;1m        28[0m
19:07:58   [34;1m    994836[0m[34;1m   1802784[0m[34;1m    729600[0m[34;1m     19.18[0m[34;1m    103908[0m[34;1m   1862676[0m[34;1m   3915296[0m[31;1m    102.95[0m[34;1m   1201548[0m[34;1m   1422020[0m[34;1m        32[0m
19:07:59   [34;1m    994612[0m[34;1m   1802560[0m[34;1m    729824[0m[34;1m     19.19[0m[34;1m    103908[0m[34;1m   1862676[0m[34;1m   3915296[0m[31;1m    102.95[0m[34;1m   1201548[0m[34;1m   1422020[0m[34;1m        32[0m
19:08:00   [34;1m    994612[0m[34;1m   1802572[0m[34;1m    729812[0m[34;1m     19.19[0m[34;1m    103912[0m[34;1m   1862684[0m[34;1m   3915296[0m[31;1m    102.95[0m[34;1m   1201552[0m[34;1m   1422036[0m[34;1m        36[0m
19:08:01   [34;1m    994612[0m[34;1m   1802572[0m[34;1m    729812[0m[34;1m     19.19[0m[34;1m    103912[0m[34;1m   1862684[0m[34;1m   3915296[0m[31;1m    102.95[0m[34;1m   1201552[0m[34;1m   1422036[0m[34;1m        36[0m
19:08:02   [34;1m    994612[0m[34;1m   1802572[0m[34;1m    729812[0m[34;1m     19.19[0m[34;1m    103912[0m[34;1m   1862684[0m[34;1m   3915296[0m[31;1m    102.95[0m[34;1m   1201552[0m[34;1m   1422092[0m[34;1m        36[0m
19:08:03   [34;1m    994612[0m[34;1m   1802572[0m[34;1m    729812[0m[34;1m     19.19[0m[34;1m    103912[0m[34;1m   1862684[0m[34;1m   3915296[0m[31;1m    102.95[0m[34;1m   1201552[0m[34;1m   1421640[0m[34;1m        36[0m
19:08:04   [34;1m    994612[0m[34;1m   1802572[0m[34;1m    729812[0m[34;1m     19.19[0m[34;1m    103920[0m[34;1m   1862676[0m[34;1m   3915296[0m[31;1m    102.95[0m[34;1m   1201552[0m[34;1m   1421640[0m[34;1m        36[0m
19:08:05   [34;1m    994612[0m[34;1m   1802584[0m[34;1m    729800[0m[34;1m     19.19[0m[34;1m    103920[0m[34;1m   1862688[0m[34;1m   3915296[0m[31;1m    102.95[0m[34;1m   1201560[0m[34;1m   1421832[0m[34;1m        36[0m
19:08:06   [34;1m    994612[0m[34;1m   1802584[0m[34;1m    729796[0m[34;1m     19.19[0m[34;1m    103920[0m[34;1m   1862688[0m[34;1m   3915296[0m[31;1m    102.95[0m[34;1m   1201560[0m[34;1m   1421768[0m[34;1m        36[0m
19:08:07   [34;1m    994612[0m[34;1m   1802584[0m[34;1m    729796[0m[34;1m     19.19[0m[34;1m    103920[0m[34;1m   1862688[0m[34;1m   3915296[0m[31;1m    102.95[0m[34;1m   1201560[0m[34;1m   1421768[0m[34;1m        36[0m
19:08:08   [34;1m    994612[0m[34;1m   1802584[0m[34;1m    729796[0m[34;1m     19.19[0m[34;1m    103920[0m[34;1m   1862688[0m[34;1m   3915296[0m[31;1m    102.95[0m[34;1m   1201560[0m[34;1m   1421708[0m[34;1m        36[0m
19:08:09   [34;1m    994612[0m[34;1m   1802584[0m[34;1m    729796[0m[34;1m     19.19[0m[34;1m    103920[0m[34;1m   1862688[0m[34;1m   3915296[0m[31;1m    102.95[0m[34;1m   1201560[0m[34;1m   1421708[0m[34;1m        36[0m
19:08:10   [34;1m    994612[0m[34;1m   1802588[0m[34;1m    729792[0m[34;1m     19.19[0m[34;1m    103924[0m[34;1m   1862688[0m[34;1m   3915296[0m[31;1m    102.95[0m[34;1m   1201560[0m[34;1m   1421752[0m[34;1m        36[0m
19:08:11   [34;1m    994612[0m[34;1m   1802592[0m[34;1m    729788[0m[34;1m     19.19[0m[34;1m    103924[0m[34;1m   1862692[0m[34;1m   3915296[0m[31;1m    102.95[0m[34;1m   1201564[0m[34;1m   1421772[0m[34;1m        36[0m
19:08:12   [34;1m    994612[0m[34;1m   1802596[0m[34;1m    729784[0m[34;1m     19.19[0m[34;1m    103932[0m[34;1m   1862688[0m[34;1m   3915296[0m[31;1m    102.95[0m[34;1m   1201564[0m[34;1m   1421888[0m[34;1m        36[0m
19:08:13   [34;1m    994612[0m[34;1m   1802608[0m[34;1m    729772[0m[34;1m     19.19[0m[34;1m    103932[0m[34;1m   1862700[0m[34;1m   3915296[0m[31;1m    102.95[0m[34;1m   1201572[0m[34;1m   1421976[0m[34;1m         8[0m
19:08:14   [34;1m    994612[0m[34;1m   1802620[0m[34;1m    729760[0m[34;1m     19.19[0m[34;1m    103940[0m[34;1m   1862704[0m[34;1m   3915296[0m[31;1m    102.95[0m[34;1m   1201580[0m[34;1m   1421988[0m[34;1m        24[0m
19:08:15   [34;1m    994612[0m[34;1m   1802620[0m[34;1m    729760[0m[34;1m     19.19[0m[34;1m    103940[0m[34;1m   1862704[0m[34;1m   3915296[0m[31;1m    102.95[0m[34;1m   1201580[0m[34;1m   1421988[0m[34;1m        24[0m
19:08:16   [34;1m    994612[0m[34;1m   1802620[0m[34;1m    729760[0m[34;1m     19.19[0m[34;1m    103940[0m[34;1m   1862704[0m[34;1m   3915296[0m[31;1m    102.95[0m[34;1m   1201580[0m[34;1m   1422112[0m[34;1m        24[0m
19:08:17   [34;1m    994612[0m[34;1m   1802620[0m[34;1m    729760[0m[34;1m     19.19[0m[34;1m    103940[0m[34;1m   1862704[0m[34;1m   3915296[0m[31;1m    102.95[0m[34;1m   1201580[0m[34;1m   1422172[0m[34;1m        24[0m
19:08:18   [34;1m    994612[0m[34;1m   1802620[0m[34;1m    729764[0m[34;1m     19.19[0m[34;1m    103940[0m[34;1m   1862704[0m[34;1m   3915296[0m[31;1m    102.95[0m[34;1m   1201580[0m[34;1m   1422120[0m[34;1m        24[0m
19:08:19   [34;1m    994612[0m[34;1m   1802620[0m[34;1m    729764[0m[34;1m     19.19[0m[34;1m    103944[0m[34;1m   1862700[0m[34;1m   3915296[0m[31;1m    102.95[0m[34;1m   1201580[0m[34;1m   1422132[0m[34;1m         4[0m
19:08:20   [34;1m    994372[0m[34;1m   1802380[0m[34;1m    730004[0m[34;1m     19.19[0m[34;1m    103944[0m[34;1m   1862700[0m[34;1m   3915296[0m[31;1m    102.95[0m[34;1m   1201580[0m[34;1m   1422140[0m[34;1m         8[0m
19:08:21   [34;1m    994372[0m[34;1m   1802388[0m[34;1m    729996[0m[34;1m     19.19[0m[34;1m    103944[0m[34;1m   1862708[0m[34;1m   3956188[0m[31;1m    104.02[0m[34;1m   1201584[0m[34;1m   1422652[0m[34;1m        32[0m
19:08:22   [34;1m    994124[0m[34;1m   1802144[0m[34;1m    730240[0m[34;1m     19.20[0m[34;1m    103944[0m[34;1m   1862712[0m[34;1m   3915296[0m[31;1m    102.95[0m[34;1m   1201584[0m[34;1m   1422196[0m[34;1m        36[0m
19:08:23   [34;1m    994124[0m[34;1m   1802144[0m[34;1m    730240[0m[34;1m     19.20[0m[34;1m    103944[0m[34;1m   1862712[0m[34;1m   3915296[0m[31;1m    102.95[0m[34;1m   1201584[0m[34;1m   1422196[0m[34;1m        36[0m
19:08:24   [34;1m    994124[0m[34;1m   1802152[0m[34;1m    730232[0m[34;1m     19.20[0m[34;1m    103948[0m[34;1m   1862716[0m[34;1m   3915296[0m[31;1m    102.95[0m[34;1m   1201588[0m[34;1m   1422244[0m[34;1m        36[0m
19:08:25   [34;1m    993872[0m[34;1m   1801900[0m[34;1m    730484[0m[34;1m     19.21[0m[34;1m    103948[0m[34;1m   1862716[0m[34;1m   3915296[0m[31;1m    102.95[0m[34;1m   1201588[0m[34;1m   1422484[0m[34;1m        12[0m
19:08:26   [34;1m    993872[0m[34;1m   1801900[0m[34;1m    730484[0m[34;1m     19.21[0m[34;1m    103948[0m[34;1m   1862716[0m[34;1m   3915296[0m[31;1m    102.95[0m[34;1m   1201588[0m[34;1m   1422484[0m[34;1m        12[0m
19:08:27   [34;1m    993116[0m[34;1m   1801172[0m[34;1m    731212[0m[34;1m     19.23[0m[34;1m    103964[0m[34;1m   1862728[0m[34;1m   3915296[0m[31;1m    102.95[0m[34;1m   1201604[0m[34;1m   1422564[0m[34;1m        32[0m
19:08:28   [34;1m    993116[0m[34;1m   1801172[0m[34;1m    731212[0m[34;1m     19.23[0m[34;1m    103964[0m[34;1m   1862728[0m[34;1m   3915296[0m[31;1m    102.95[0m[34;1m   1201604[0m[34;1m   1422564[0m[34;1m        32[0m
19:08:29   [34;1m    993116[0m[34;1m   1801172[0m[34;1m    731212[0m[34;1m     19.23[0m[34;1m    103964[0m[34;1m   1862728[0m[34;1m   3915296[0m[31;1m    102.95[0m[34;1m   1201604[0m[34;1m   1422604[0m[34;1m        32[0m
19:08:30   [34;1m    993116[0m[34;1m   1801180[0m[34;1m    731204[0m[34;1m     19.23[0m[34;1m    103968[0m[34;1m   1862732[0m[34;1m   3915296[0m[31;1m    102.95[0m[34;1m   1201608[0m[34;1m   1422156[0m[34;1m        32[0m
19:08:31   [34;1m    993116[0m[34;1m   1801180[0m[34;1m    731204[0m[34;1m     19.23[0m[34;1m    103968[0m[34;1m   1862732[0m[34;1m   3915296[0m[31;1m    102.95[0m[34;1m   1201608[0m[34;1m   1422156[0m[34;1m        32[0m
19:08:32   [34;1m    991856[0m[34;1m   1799920[0m[34;1m    732428[0m[34;1m     19.26[0m[34;1m    103968[0m[34;1m   1862732[0m[34;1m   3915296[0m[31;1m    102.95[0m[34;1m   1201608[0m[34;1m   1422220[0m[34;1m        16[0m
19:08:33   [34;1m    991856[0m[34;1m   1799920[0m[34;1m    732428[0m[34;1m     19.26[0m[34;1m    103968[0m[34;1m   1862732[0m[34;1m   3915296[0m[31;1m    102.95[0m[34;1m   1201608[0m[34;1m   1421828[0m[34;1m        16[0m
19:08:34   [34;1m    991856[0m[34;1m   1799920[0m[34;1m    732428[0m[34;1m     19.26[0m[34;1m    103968[0m[34;1m   1862732[0m[34;1m   3915296[0m[31;1m    102.95[0m[34;1m   1201608[0m[34;1m   1421828[0m[34;1m        16[0m
19:08:35   [34;1m    991856[0m[34;1m   1799924[0m[34;1m    732424[0m[34;1m     19.26[0m[34;1m    103968[0m[34;1m   1862736[0m[34;1m   3915296[0m[31;1m    102.95[0m[34;1m   1201608[0m[34;1m   1422404[0m[34;1m        28[0m
19:08:36   [34;1m    991856[0m[34;1m   1799924[0m[34;1m    732424[0m[34;1m     19.26[0m[34;1m    103968[0m[34;1m   1862736[0m[34;1m   3915296[0m[31;1m    102.95[0m[34;1m   1201608[0m[34;1m   1422304[0m[34;1m        28[0m
19:08:37   [34;1m    991352[0m[34;1m   1799420[0m[34;1m    732932[0m[34;1m     19.27[0m[34;1m    103968[0m[34;1m   1862736[0m[34;1m   3915296[0m[31;1m    102.95[0m[34;1m   1201608[0m[34;1m   1422124[0m[34;1m        28[0m
19:08:38   [34;1m    991352[0m[34;1m   1799432[0m[34;1m    732920[0m[34;1m     19.27[0m[34;1m    103976[0m[34;1m   1862740[0m[34;1m   3915296[0m[31;1m    102.95[0m[34;1m   1201616[0m[34;1m   1422132[0m[34;1m        32[0m
19:08:39   [34;1m    991352[0m[34;1m   1799432[0m[34;1m    732920[0m[34;1m     19.27[0m[34;1m    103976[0m[34;1m   1862740[0m[34;1m   3915296[0m[31;1m    102.95[0m[34;1m   1201616[0m[34;1m   1422132[0m[34;1m        32[0m
19:08:40   [34;1m    991352[0m[34;1m   1799432[0m[34;1m    732920[0m[34;1m     19.27[0m[34;1m    103976[0m[34;1m   1862740[0m[34;1m   3915296[0m[31;1m    102.95[0m[34;1m   1201616[0m[34;1m   1422132[0m[34;1m        16[0m
19:08:41   [34;1m    991352[0m[34;1m   1799432[0m[34;1m    732920[0m[34;1m     19.27[0m[34;1m    103976[0m[34;1m   1862740[0m[34;1m   3915296[0m[31;1m    102.95[0m[34;1m   1201616[0m[34;1m   1422132[0m[34;1m        16[0m
19:08:42   [34;1m    991352[0m[34;1m   1799432[0m[34;1m    732920[0m[34;1m     19.27[0m[34;1m    103980[0m[34;1m   1862736[0m[34;1m   3915296[0m[31;1m    102.95[0m[34;1m   1201616[0m[34;1m   1422232[0m[34;1m        16[0m
19:08:43   [34;1m    991352[0m[34;1m   1799448[0m[34;1m    732904[0m[34;1m     19.27[0m[34;1m    103980[0m[34;1m   1862752[0m[34;1m   3915296[0m[31;1m    102.95[0m[34;1m   1201620[0m[34;1m   1422060[0m[34;1m        36[0m
19:08:44   [34;1m    991352[0m[34;1m   1799448[0m[34;1m    732904[0m[34;1m     19.27[0m[34;1m    103988[0m[34;1m   1862744[0m[34;1m   3915296[0m[31;1m    102.95[0m[34;1m   1201620[0m[34;1m   1422060[0m[34;1m        36[0m
19:08:45   [34;1m    991352[0m[34;1m   1799460[0m[34;1m    732892[0m[34;1m     19.27[0m[34;1m    103988[0m[34;1m   1862756[0m[34;1m   3915296[0m[31;1m    102.95[0m[34;1m   1201628[0m[34;1m   1422436[0m[34;1m        28[0m
19:08:46   [34;1m    991352[0m[34;1m   1799460[0m[34;1m    732892[0m[34;1m     19.27[0m[34;1m    103988[0m[34;1m   1862756[0m[34;1m   3915296[0m[31;1m    102.95[0m[34;1m   1201628[0m[34;1m   1422436[0m[34;1m        28[0m
19:08:47   [34;1m    991352[0m[34;1m   1799460[0m[34;1m    732892[0m[34;1m     19.27[0m[34;1m    103988[0m[34;1m   1862756[0m[34;1m   3915296[0m[31;1m    102.95[0m[34;1m   1201628[0m[34;1m   1422536[0m[34;1m        28[0m
19:08:48   [34;1m    991352[0m[34;1m   1799468[0m[34;1m    732884[0m[34;1m     19.27[0m[34;1m    103988[0m[34;1m   1862760[0m[34;1m   3915296[0m[31;1m    102.95[0m[34;1m   1201628[0m[34;1m   1421896[0m[34;1m        40[0m
19:08:49   [34;1m    991352[0m[34;1m   1799468[0m[34;1m    732884[0m[34;1m     19.27[0m[34;1m    103988[0m[34;1m   1862760[0m[34;1m   3915296[0m[31;1m    102.95[0m[34;1m   1201628[0m[34;1m   1421896[0m[34;1m        40[0m
19:08:50   [34;1m    991352[0m[34;1m   1799468[0m[34;1m    732884[0m[34;1m     19.27[0m[34;1m    103988[0m[34;1m   1862760[0m[34;1m   3915296[0m[31;1m    102.95[0m[34;1m   1201628[0m[34;1m   1421896[0m[34;1m        40[0m
19:08:51   [34;1m    991352[0m[34;1m   1799468[0m[34;1m    732884[0m[34;1m     19.27[0m[34;1m    103988[0m[34;1m   1862760[0m[34;1m   3915296[0m[31;1m    102.95[0m[34;1m   1201628[0m[34;1m   1421896[0m[34;1m        28[0m
19:08:52   [34;1m    991352[0m[34;1m   1799468[0m[34;1m    732884[0m[34;1m     19.27[0m[34;1m    103988[0m[34;1m   1862760[0m[34;1m   3915296[0m[31;1m    102.95[0m[34;1m   1201628[0m[34;1m   1421896[0m[34;1m        28[0m
19:08:53   [34;1m    991352[0m[34;1m   1799468[0m[34;1m    732888[0m[34;1m     19.27[0m[34;1m    103988[0m[34;1m   1862760[0m[34;1m   3915296[0m[31;1m    102.95[0m[34;1m   1201628[0m[34;1m   1421916[0m[34;1m         4[0m
19:08:54   [34;1m    991352[0m[34;1m   1799480[0m[34;1m    732876[0m[34;1m     19.27[0m[34;1m    103996[0m[34;1m   1862764[0m[34;1m   3915296[0m[31;1m    102.95[0m[34;1m   1201636[0m[34;1m   1421920[0m[34;1m        28[0m
19:08:55   [34;1m    991352[0m[34;1m   1799480[0m[34;1m    732876[0m[34;1m     19.27[0m[34;1m    103996[0m[34;1m   1862764[0m[34;1m   3915296[0m[31;1m    102.95[0m[34;1m   1201636[0m[34;1m   1422572[0m[34;1m        28[0m
19:08:56   [34;1m    991352[0m[34;1m   1799484[0m[34;1m    732872[0m[34;1m     19.27[0m[34;1m    103996[0m[34;1m   1862768[0m[34;1m   3915296[0m[31;1m    102.95[0m[34;1m   1201636[0m[34;1m   1422648[0m[34;1m        28[0m
19:08:57   [34;1m    991352[0m[34;1m   1799492[0m[34;1m    732864[0m[34;1m     19.27[0m[34;1m    104000[0m[34;1m   1862772[0m[34;1m   3915296[0m[31;1m    102.95[0m[34;1m   1201640[0m[34;1m   1422780[0m[34;1m        36[0m
19:08:58   [34;1m    991352[0m[34;1m   1799492[0m[34;1m    732864[0m[34;1m     19.27[0m[34;1m    104000[0m[34;1m   1862772[0m[34;1m   3915296[0m[31;1m    102.95[0m[34;1m   1201640[0m[34;1m   1422780[0m[34;1m        36[0m
19:08:59   [34;1m    991352[0m[34;1m   1799496[0m[34;1m    732868[0m[34;1m     19.27[0m[34;1m    104000[0m[34;1m   1862776[0m[34;1m   3915296[0m[31;1m    102.95[0m[34;1m   1201640[0m[34;1m   1422792[0m[34;1m         8[0m
19:09:00   [34;1m    991352[0m[34;1m   1799496[0m[34;1m    732868[0m[34;1m     19.27[0m[34;1m    104000[0m[34;1m   1862776[0m[34;1m   3915296[0m[31;1m    102.95[0m[34;1m   1201640[0m[34;1m   1422792[0m[34;1m         8[0m
19:09:01   [34;1m    991352[0m[34;1m   1799496[0m[34;1m    732868[0m[34;1m     19.27[0m[34;1m    104000[0m[34;1m   1862776[0m[34;1m   3915296[0m[31;1m    102.95[0m[34;1m   1201640[0m[34;1m   1422760[0m[34;1m         8[0m
19:09:02   [34;1m    991352[0m[34;1m   1799496[0m[34;1m    732864[0m[34;1m     19.27[0m[34;1m    104000[0m[34;1m   1862776[0m[34;1m   3915296[0m[31;1m    102.95[0m[34;1m   1201640[0m[34;1m   1422744[0m[34;1m         8[0m
19:09:03   [34;1m    991352[0m[34;1m   1799496[0m[34;1m    732864[0m[34;1m     19.27[0m[34;1m    104000[0m[34;1m   1862776[0m[34;1m   3915296[0m[31;1m    102.95[0m[34;1m   1201640[0m[34;1m   1422424[0m[34;1m         8[0m
19:09:04   [34;1m    991352[0m[34;1m   1799508[0m[34;1m    732852[0m[34;1m     19.27[0m[34;1m    104004[0m[34;1m   1862784[0m[34;1m   3915296[0m[31;1m    102.95[0m[34;1m   1201644[0m[34;1m   1422356[0m[34;1m        24[0m
19:09:05   [34;1m    991352[0m[34;1m   1799508[0m[34;1m    732852[0m[34;1m     19.27[0m[34;1m    104004[0m[34;1m   1862784[0m[34;1m   3915296[0m[31;1m    102.95[0m[34;1m   1201644[0m[34;1m   1422540[0m[34;1m        24[0m
19:09:06   [34;1m    991352[0m[34;1m   1799508[0m[34;1m    732852[0m[34;1m     19.27[0m[34;1m    104004[0m[34;1m   1862784[0m[34;1m   3915296[0m[31;1m    102.95[0m[34;1m   1201644[0m[34;1m   1422640[0m[34;1m        24[0m
19:09:07   [34;1m    991352[0m[34;1m   1799512[0m[34;1m    732848[0m[34;1m     19.27[0m[34;1m    104004[0m[34;1m   1862788[0m[34;1m   3915296[0m[31;1m    102.95[0m[34;1m   1201644[0m[34;1m   1422440[0m[34;1m        24[0m
19:09:08   [34;1m    991352[0m[34;1m   1799512[0m[34;1m    732848[0m[34;1m     19.27[0m[34;1m    104004[0m[34;1m   1862788[0m[34;1m   3915296[0m[31;1m    102.95[0m[34;1m   1201644[0m[34;1m   1422444[0m[34;1m        24[0m
19:09:09   [34;1m    991352[0m[34;1m   1799512[0m[34;1m    732848[0m[34;1m     19.27[0m[34;1m    104004[0m[34;1m   1862788[0m[34;1m   3915296[0m[31;1m    102.95[0m[34;1m   1201644[0m[34;1m   1422452[0m[34;1m        12[0m
19:09:10   [34;1m    991352[0m[34;1m   1799512[0m[34;1m    732848[0m[34;1m     19.27[0m[34;1m    104004[0m[34;1m   1862788[0m[34;1m   3915296[0m[31;1m    102.95[0m[34;1m   1201644[0m[34;1m   1422452[0m[34;1m        12[0m
19:09:11   [34;1m    991352[0m[34;1m   1799512[0m[34;1m    732848[0m[34;1m     19.27[0m[34;1m    104004[0m[34;1m   1862788[0m[34;1m   3915296[0m[31;1m    102.95[0m[34;1m   1201644[0m[34;1m   1422452[0m[34;1m        12[0m
19:09:12   [34;1m    991352[0m[34;1m   1799532[0m[34;1m    732828[0m[34;1m     19.27[0m[34;1m    104008[0m[34;1m   1862804[0m[34;1m   3915296[0m[31;1m    102.95[0m[34;1m   1201648[0m[34;1m   1422512[0m[34;1m        32[0m
19:09:13   [34;1m    991352[0m[34;1m   1799532[0m[34;1m    732828[0m[34;1m     19.27[0m[34;1m    104008[0m[34;1m   1862804[0m[34;1m   3916704[0m[31;1m    102.98[0m[34;1m   1201648[0m[34;1m   1423288[0m[34;1m        32[0m
19:09:14   [34;1m    991352[0m[34;1m   1799532[0m[34;1m    732828[0m[34;1m     19.27[0m[34;1m    104008[0m[34;1m   1862804[0m[34;1m   3916704[0m[31;1m    102.98[0m[34;1m   1201648[0m[34;1m   1423388[0m[34;1m        32[0m
19:09:15   [34;1m    991352[0m[34;1m   1799532[0m[34;1m    732828[0m[34;1m     19.27[0m[34;1m    104008[0m[34;1m   1862804[0m[34;1m   3916704[0m[31;1m    102.98[0m[34;1m   1201648[0m[34;1m   1423752[0m[34;1m        32[0m
19:09:16   [34;1m    991352[0m[34;1m   1799532[0m[34;1m    732828[0m[34;1m     19.27[0m[34;1m    104008[0m[34;1m   1862804[0m[34;1m   3916704[0m[31;1m    102.98[0m[34;1m   1201648[0m[34;1m   1423788[0m[34;1m        32[0m
19:09:17   [34;1m    989588[0m[34;1m   1797772[0m[34;1m    734592[0m[34;1m     19.32[0m[34;1m    104008[0m[34;1m   1862808[0m[34;1m   3916704[0m[31;1m    102.98[0m[34;1m   1201648[0m[34;1m   1423832[0m[34;1m        16[0m
19:09:18   [34;1m    989588[0m[34;1m   1797772[0m[34;1m    734592[0m[34;1m     19.32[0m[34;1m    104008[0m[34;1m   1862808[0m[34;1m   3917280[0m[31;1m    103.00[0m[34;1m   1201648[0m[34;1m   1422344[0m[34;1m        16[0m
19:09:19   [34;1m    989588[0m[34;1m   1797772[0m[34;1m    734592[0m[34;1m     19.32[0m[34;1m    104008[0m[34;1m   1862808[0m[34;1m   3917280[0m[31;1m    103.00[0m[34;1m   1201648[0m[34;1m   1422344[0m[34;1m        16[0m
19:09:20   [34;1m    989588[0m[34;1m   1797772[0m[34;1m    734592[0m[34;1m     19.32[0m[34;1m    104008[0m[34;1m   1862808[0m[34;1m   3917280[0m[31;1m    103.00[0m[34;1m   1201648[0m[34;1m   1422356[0m[34;1m        16[0m
19:09:21   [34;1m    989588[0m[34;1m   1797772[0m[34;1m    734592[0m[34;1m     19.32[0m[34;1m    104008[0m[34;1m   1862808[0m[34;1m   3917280[0m[31;1m    103.00[0m[34;1m   1201648[0m[34;1m   1422356[0m[34;1m        16[0m
19:09:22   [34;1m    989084[0m[34;1m   1797268[0m[34;1m    735096[0m[34;1m     19.33[0m[34;1m    104012[0m[34;1m   1862804[0m[34;1m   3917280[0m[31;1m    103.00[0m[34;1m   1201648[0m[34;1m   1422356[0m[34;1m        16[0m
19:09:23   [34;1m    989084[0m[34;1m   1797276[0m[34;1m    735088[0m[34;1m     19.33[0m[34;1m    104012[0m[34;1m   1862812[0m[34;1m   3917280[0m[31;1m    103.00[0m[34;1m   1201652[0m[34;1m   1421436[0m[34;1m        20[0m
19:09:24   [34;1m    989084[0m[34;1m   1797276[0m[34;1m    735088[0m[34;1m     19.33[0m[34;1m    104012[0m[34;1m   1862812[0m[34;1m   3917280[0m[31;1m    103.00[0m[34;1m   1201652[0m[34;1m   1421436[0m[34;1m        24[0m
19:09:25   [34;1m    989084[0m[34;1m   1797276[0m[34;1m    735088[0m[34;1m     19.33[0m[34;1m    104012[0m[34;1m   1862812[0m[34;1m   3917280[0m[31;1m    103.00[0m[34;1m   1201652[0m[34;1m   1421676[0m[34;1m        24[0m
19:09:26   [34;1m    989084[0m[34;1m   1797288[0m[34;1m    735076[0m[34;1m     19.33[0m[34;1m    104016[0m[34;1m   1862820[0m[34;1m   3917280[0m[31;1m    103.00[0m[34;1m   1201656[0m[34;1m   1421752[0m[34;1m        40[0m
19:09:27   [34;1m    989084[0m[34;1m   1797296[0m[34;1m    735068[0m[34;1m     19.33[0m[34;1m    104016[0m[34;1m   1862828[0m[34;1m   3917280[0m[31;1m    103.00[0m[34;1m   1201656[0m[34;1m   1421760[0m[34;1m        32[0m
19:09:28   [34;1m    989084[0m[34;1m   1797296[0m[34;1m    735068[0m[34;1m     19.33[0m[34;1m    104016[0m[34;1m   1862828[0m[34;1m   3917280[0m[31;1m    103.00[0m[34;1m   1201656[0m[34;1m   1421760[0m[34;1m        24[0m
19:09:29   [34;1m    989084[0m[34;1m   1797296[0m[34;1m    735068[0m[34;1m     19.33[0m[34;1m    104016[0m[34;1m   1862828[0m[34;1m   3917280[0m[31;1m    103.00[0m[34;1m   1201656[0m[34;1m   1421760[0m[34;1m        24[0m
19:09:30   [34;1m    989084[0m[34;1m   1797296[0m[34;1m    735068[0m[34;1m     19.33[0m[34;1m    104016[0m[34;1m   1862828[0m[34;1m   3917280[0m[31;1m    103.00[0m[34;1m   1201656[0m[34;1m   1421760[0m[34;1m        24[0m
19:09:31   [34;1m    989084[0m[34;1m   1797296[0m[34;1m    735048[0m[34;1m     19.33[0m[34;1m    104016[0m[34;1m   1862828[0m[34;1m   3917280[0m[31;1m    103.00[0m[34;1m   1201688[0m[34;1m   1421728[0m[34;1m        24[0m
19:09:32   [34;1m    989084[0m[34;1m   1797304[0m[34;1m    735052[0m[34;1m     19.33[0m[34;1m    104020[0m[34;1m   1862832[0m[34;1m   3917280[0m[31;1m    103.00[0m[34;1m   1201692[0m[34;1m   1421764[0m[34;1m         8[0m
19:09:33   [34;1m    989084[0m[34;1m   1797304[0m[34;1m    735052[0m[34;1m     19.33[0m[34;1m    104020[0m[34;1m   1862832[0m[34;1m   3917280[0m[31;1m    103.00[0m[34;1m   1201692[0m[34;1m   1421424[0m[34;1m         8[0m
19:09:34   [34;1m    988844[0m[34;1m   1797064[0m[34;1m    735292[0m[34;1m     19.33[0m[34;1m    104020[0m[34;1m   1862832[0m[34;1m   3917280[0m[31;1m    103.00[0m[34;1m   1201692[0m[34;1m   1421484[0m[34;1m        12[0m
19:09:35   [34;1m    988844[0m[34;1m   1797068[0m[34;1m    735284[0m[34;1m     19.33[0m[34;1m    104024[0m[34;1m   1862836[0m[34;1m   3917536[0m[31;1m    103.01[0m[34;1m   1201692[0m[34;1m   1421788[0m[34;1m        36[0m
19:09:36   [34;1m    984812[0m[34;1m   1793040[0m[34;1m    739320[0m[34;1m     19.44[0m[34;1m    104024[0m[34;1m   1862836[0m[34;1m   3917536[0m[31;1m    103.01[0m[34;1m   1201696[0m[34;1m   1421644[0m[34;1m        36[0m
19:09:37   [34;1m    984056[0m[34;1m   1792284[0m[34;1m    740076[0m[34;1m     19.46[0m[34;1m    104024[0m[34;1m   1862836[0m[34;1m   3917536[0m[31;1m    103.01[0m[34;1m   1201696[0m[34;1m   1421564[0m[34;1m        36[0m
19:09:38   [34;1m    984056[0m[34;1m   1792284[0m[34;1m    740076[0m[34;1m     19.46[0m[34;1m    104024[0m[34;1m   1862836[0m[34;1m   3917536[0m[31;1m    103.01[0m[34;1m   1201696[0m[34;1m   1421564[0m[34;1m        36[0m
19:09:39   [34;1m    984056[0m[34;1m   1792284[0m[34;1m    740076[0m[34;1m     19.46[0m[34;1m    104024[0m[34;1m   1862836[0m[34;1m   3917536[0m[31;1m    103.01[0m[34;1m   1201696[0m[34;1m   1421572[0m[34;1m        36[0m
19:09:40   [34;1m    984056[0m[34;1m   1792300[0m[34;1m    740060[0m[34;1m     19.46[0m[34;1m    104032[0m[34;1m   1862844[0m[34;1m   3917536[0m[31;1m    103.01[0m[34;1m   1201704[0m[34;1m   1420476[0m[34;1m        16[0m
19:09:41   [34;1m    984056[0m[34;1m   1792300[0m[34;1m    740060[0m[34;1m     19.46[0m[34;1m    104032[0m[34;1m   1862844[0m[34;1m   3917536[0m[31;1m    103.01[0m[34;1m   1201704[0m[34;1m   1420480[0m[34;1m        16[0m
19:09:42   [34;1m    982796[0m[34;1m   1791056[0m[34;1m    741304[0m[34;1m     19.49[0m[34;1m    104036[0m[34;1m   1862856[0m[34;1m   3917536[0m[31;1m    103.01[0m[34;1m   1201708[0m[34;1m   1420488[0m[34;1m        40[0m
19:09:43   [34;1m    982796[0m[34;1m   1791056[0m[34;1m    741304[0m[34;1m     19.49[0m[34;1m    104036[0m[34;1m   1862856[0m[34;1m   3917536[0m[31;1m    103.01[0m[34;1m   1201708[0m[34;1m   1420212[0m[34;1m        40[0m
19:09:44   [34;1m    982796[0m[34;1m   1791056[0m[34;1m    741304[0m[34;1m     19.49[0m[34;1m    104036[0m[34;1m   1862856[0m[34;1m   3917536[0m[31;1m    103.01[0m[34;1m   1201708[0m[34;1m   1420216[0m[34;1m        40[0m
19:09:45   [34;1m    982796[0m[34;1m   1791064[0m[34;1m    741296[0m[34;1m     19.49[0m[34;1m    104040[0m[34;1m   1862860[0m[34;1m   3917536[0m[31;1m    103.01[0m[34;1m   1201712[0m[34;1m   1420564[0m[34;1m        40[0m
19:09:46   [34;1m    982796[0m[34;1m   1791064[0m[34;1m    741292[0m[34;1m     19.49[0m[34;1m    104040[0m[34;1m   1862864[0m[34;1m   3917536[0m[31;1m    103.01[0m[34;1m   1201712[0m[34;1m   1420564[0m[34;1m        44[0m
19:09:47   [34;1m    982292[0m[34;1m   1790564[0m[34;1m    741796[0m[34;1m     19.50[0m[34;1m    104040[0m[34;1m   1862864[0m[34;1m   3917536[0m[31;1m    103.01[0m[34;1m   1201712[0m[34;1m   1420616[0m[34;1m        44[0m
19:09:48   [34;1m    982292[0m[34;1m   1790564[0m[34;1m    741796[0m[34;1m     19.50[0m[34;1m    104040[0m[34;1m   1862864[0m[34;1m   3917536[0m[31;1m    103.01[0m[34;1m   1201712[0m[34;1m   1420632[0m[34;1m        28[0m
19:09:49   [34;1m    982292[0m[34;1m   1790564[0m[34;1m    741796[0m[34;1m     19.50[0m[34;1m    104040[0m[34;1m   1862864[0m[34;1m   3917536[0m[31;1m    103.01[0m[34;1m   1201712[0m[34;1m   1420632[0m[34;1m        28[0m
19:09:50   [34;1m    982292[0m[34;1m   1790568[0m[34;1m    741788[0m[34;1m     19.50[0m[34;1m    104044[0m[34;1m   1862868[0m[34;1m   3917536[0m[31;1m    103.01[0m[34;1m   1201712[0m[34;1m   1420708[0m[34;1m        40[0m
19:09:51   [34;1m    982292[0m[34;1m   1790568[0m[34;1m    741784[0m[34;1m     19.50[0m[34;1m    104044[0m[34;1m   1862868[0m[34;1m   3917536[0m[31;1m    103.01[0m[34;1m   1201712[0m[34;1m   1420708[0m[34;1m        40[0m
19:09:52   [34;1m    982292[0m[34;1m   1790572[0m[34;1m    741784[0m[34;1m     19.50[0m[34;1m    104044[0m[34;1m   1862868[0m[34;1m   3917536[0m[31;1m    103.01[0m[34;1m   1201716[0m[34;1m   1420732[0m[34;1m        40[0m
19:09:53   [34;1m    982292[0m[34;1m   1790572[0m[34;1m    741784[0m[34;1m     19.50[0m[34;1m    104044[0m[34;1m   1862868[0m[34;1m   3917536[0m[31;1m    103.01[0m[34;1m   1201716[0m[34;1m   1420732[0m[34;1m        40[0m
19:09:54   [34;1m    982292[0m[34;1m   1790572[0m[34;1m    741784[0m[34;1m     19.50[0m[34;1m    104048[0m[34;1m   1862864[0m[34;1m   3917536[0m[31;1m    103.01[0m[34;1m   1201716[0m[34;1m   1420732[0m[34;1m        40[0m
19:09:55   [34;1m    982292[0m[34;1m   1790580[0m[34;1m    741784[0m[34;1m     19.50[0m[34;1m    104048[0m[34;1m   1862872[0m[34;1m   3917536[0m[31;1m    103.01[0m[34;1m   1201720[0m[34;1m   1421256[0m[34;1m        28[0m
19:09:56   [34;1m    982292[0m[34;1m   1790580[0m[34;1m    741784[0m[34;1m     19.50[0m[34;1m    104048[0m[34;1m   1862872[0m[34;1m   3917536[0m[31;1m    103.01[0m[34;1m   1201720[0m[34;1m   1421264[0m[34;1m        28[0m
19:09:57   [34;1m    982292[0m[34;1m   1790592[0m[34;1m    741764[0m[34;1m     19.50[0m[34;1m    104056[0m[34;1m   1862880[0m[34;1m   3917536[0m[31;1m    103.01[0m[34;1m   1201724[0m[34;1m   1421300[0m[34;1m        44[0m
19:09:58   [34;1m    982292[0m[34;1m   1790600[0m[34;1m    741760[0m[34;1m     19.50[0m[34;1m    104056[0m[34;1m   1862884[0m[34;1m   3917536[0m[31;1m    103.01[0m[34;1m   1201728[0m[34;1m   1420888[0m[34;1m        44[0m
19:09:59   [34;1m    982292[0m[34;1m   1790600[0m[34;1m    741760[0m[34;1m     19.50[0m[34;1m    104056[0m[34;1m   1862884[0m[34;1m   3917536[0m[31;1m    103.01[0m[34;1m   1201728[0m[34;1m   1420888[0m[34;1m        32[0m
19:10:00   [34;1m    982292[0m[34;1m   1790600[0m[34;1m    741760[0m[34;1m     19.50[0m[34;1m    104056[0m[34;1m   1862884[0m[34;1m   3917536[0m[31;1m    103.01[0m[34;1m   1201728[0m[34;1m   1420900[0m[34;1m        36[0m
19:10:01   [34;1m    982292[0m[34;1m   1790600[0m[34;1m    741760[0m[34;1m     19.50[0m[34;1m    104056[0m[34;1m   1862884[0m[34;1m   3917536[0m[31;1m    103.01[0m[34;1m   1201728[0m[34;1m   1420900[0m[34;1m        36[0m
19:10:02   [34;1m    982292[0m[34;1m   1790600[0m[34;1m    741760[0m[34;1m     19.50[0m[34;1m    104056[0m[34;1m   1862884[0m[34;1m   3917536[0m[31;1m    103.01[0m[34;1m   1201728[0m[34;1m   1420876[0m[34;1m        20[0m
19:10:03   [34;1m    982292[0m[34;1m   1790600[0m[34;1m    741760[0m[34;1m     19.50[0m[34;1m    104056[0m[34;1m   1862884[0m[34;1m   3917536[0m[31;1m    103.01[0m[34;1m   1201728[0m[34;1m   1420468[0m[34;1m        20[0m
19:10:04   [34;1m    982292[0m[34;1m   1790604[0m[34;1m    741756[0m[34;1m     19.50[0m[34;1m    104056[0m[34;1m   1862888[0m[34;1m   3917536[0m[31;1m    103.01[0m[34;1m   1201728[0m[34;1m   1420480[0m[34;1m        44[0m
19:10:05   [34;1m    982292[0m[34;1m   1790604[0m[34;1m    741756[0m[34;1m     19.50[0m[34;1m    104056[0m[34;1m   1862888[0m[34;1m   3917536[0m[31;1m    103.01[0m[34;1m   1201728[0m[34;1m   1420580[0m[34;1m        44[0m
19:10:06   [34;1m    982292[0m[34;1m   1790604[0m[34;1m    741756[0m[34;1m     19.50[0m[34;1m    104056[0m[34;1m   1862888[0m[34;1m   3917536[0m[31;1m    103.01[0m[34;1m   1201728[0m[34;1m   1420592[0m[34;1m        44[0m
19:10:07   [34;1m    982292[0m[34;1m   1790604[0m[34;1m    741756[0m[34;1m     19.50[0m[34;1m    104056[0m[34;1m   1862888[0m[34;1m   3917536[0m[31;1m    103.01[0m[34;1m   1201728[0m[34;1m   1420512[0m[34;1m        44[0m
19:10:08   [34;1m    982292[0m[34;1m   1790612[0m[34;1m    741744[0m[34;1m     19.50[0m[34;1m    104060[0m[34;1m   1862896[0m[34;1m   3917536[0m[31;1m    103.01[0m[34;1m   1201728[0m[34;1m   1420520[0m[34;1m        48[0m
19:10:09   [34;1m    982292[0m[34;1m   1790616[0m[34;1m    741744[0m[34;1m     19.50[0m[34;1m    104060[0m[34;1m   1862896[0m[34;1m   3917536[0m[31;1m    103.01[0m[34;1m   1201732[0m[34;1m   1420528[0m[34;1m        16[0m
19:10:10   [34;1m    982292[0m[34;1m   1790616[0m[34;1m    741744[0m[34;1m     19.50[0m[34;1m    104060[0m[34;1m   1862896[0m[34;1m   3917536[0m[31;1m    103.01[0m[34;1m   1201732[0m[34;1m   1420532[0m[34;1m        16[0m
19:10:11   [34;1m    982292[0m[34;1m   1790616[0m[34;1m    741744[0m[34;1m     19.50[0m[34;1m    104060[0m[34;1m   1862896[0m[34;1m   3917536[0m[31;1m    103.01[0m[34;1m   1201732[0m[34;1m   1420532[0m[34;1m        16[0m
19:10:12   [34;1m    982292[0m[34;1m   1790632[0m[34;1m    741728[0m[34;1m     19.50[0m[34;1m    104064[0m[34;1m   1862908[0m[34;1m   3917536[0m[31;1m    103.01[0m[34;1m   1201736[0m[34;1m   1420556[0m[34;1m        36[0m
19:10:13   [34;1m    982292[0m[34;1m   1790632[0m[34;1m    741728[0m[34;1m     19.50[0m[34;1m    104064[0m[34;1m   1862908[0m[34;1m   3917536[0m[31;1m    103.01[0m[34;1m   1201736[0m[34;1m   1420236[0m[34;1m        36[0m
19:10:14   [34;1m    982292[0m[34;1m   1790636[0m[34;1m    741720[0m[34;1m     19.50[0m[34;1m    104068[0m[34;1m   1862912[0m[34;1m   3917536[0m[31;1m    103.01[0m[34;1m   1201736[0m[34;1m   1420248[0m[34;1m        36[0m
19:10:15   [34;1m    982292[0m[34;1m   1790636[0m[34;1m    741720[0m[34;1m     19.50[0m[34;1m    104068[0m[34;1m   1862912[0m[34;1m   3917536[0m[31;1m    103.01[0m[34;1m   1201736[0m[34;1m   1420248[0m[34;1m        36[0m
19:10:16   [34;1m    982292[0m[34;1m   1790640[0m[34;1m    741720[0m[34;1m     19.50[0m[34;1m    104068[0m[34;1m   1862912[0m[34;1m   3917536[0m[31;1m    103.01[0m[34;1m   1201740[0m[34;1m   1420572[0m[34;1m        36[0m
19:10:17   [34;1m    982292[0m[34;1m   1790640[0m[34;1m    741720[0m[34;1m     19.50[0m[34;1m    104068[0m[34;1m   1862912[0m[34;1m   3917536[0m[31;1m    103.01[0m[34;1m   1201740[0m[34;1m   1420572[0m[34;1m         8[0m
19:10:18   [34;1m    982292[0m[34;1m   1790644[0m[34;1m    741716[0m[34;1m     19.50[0m[34;1m    104068[0m[34;1m   1862916[0m[34;1m   3917536[0m[31;1m    103.01[0m[34;1m   1201740[0m[34;1m   1420576[0m[34;1m        20[0m
19:10:19   [34;1m    982292[0m[34;1m   1790644[0m[34;1m    741716[0m[34;1m     19.50[0m[34;1m    104068[0m[34;1m   1862916[0m[34;1m   3917536[0m[31;1m    103.01[0m[34;1m   1201740[0m[34;1m   1420576[0m[34;1m        20[0m
19:10:20   [34;1m    982292[0m[34;1m   1790644[0m[34;1m    741716[0m[34;1m     19.50[0m[34;1m    104068[0m[34;1m   1862916[0m[34;1m   3917536[0m[31;1m    103.01[0m[34;1m   1201740[0m[34;1m   1420588[0m[34;1m        20[0m
19:10:21   [34;1m    982292[0m[34;1m   1790644[0m[34;1m    741716[0m[34;1m     19.50[0m[34;1m    104068[0m[34;1m   1862916[0m[34;1m   3917536[0m[31;1m    103.01[0m[34;1m   1201740[0m[34;1m   1420588[0m[34;1m        20[0m
19:10:22   [34;1m    982292[0m[34;1m   1790644[0m[34;1m    741716[0m[34;1m     19.50[0m[34;1m    104068[0m[34;1m   1862916[0m[34;1m   3917536[0m[31;1m    103.01[0m[34;1m   1201740[0m[34;1m   1420620[0m[34;1m        20[0m
19:10:23   [34;1m    982292[0m[34;1m   1790644[0m[34;1m    741716[0m[34;1m     19.50[0m[34;1m    104068[0m[34;1m   1862916[0m[34;1m   3917536[0m[31;1m    103.01[0m[34;1m   1201740[0m[34;1m   1420620[0m[34;1m         8[0m
19:10:24   [34;1m    982292[0m[34;1m   1790648[0m[34;1m    741704[0m[34;1m     19.50[0m[34;1m    104076[0m[34;1m   1862920[0m[34;1m   3917536[0m[31;1m    103.01[0m[34;1m   1201740[0m[34;1m   1420624[0m[34;1m        20[0m
19:10:25   [34;1m    982292[0m[34;1m   1790648[0m[34;1m    741704[0m[34;1m     19.50[0m[34;1m    104076[0m[34;1m   1862920[0m[34;1m   3917536[0m[31;1m    103.01[0m[34;1m   1201740[0m[34;1m   1420624[0m[34;1m        20[0m
19:10:26   [34;1m    982292[0m[34;1m   1790648[0m[34;1m    741704[0m[34;1m     19.50[0m[34;1m    104080[0m[34;1m   1862916[0m[34;1m   3917536[0m[31;1m    103.01[0m[34;1m   1201740[0m[34;1m   1420924[0m[34;1m        20[0m
19:10:27   [34;1m    982292[0m[34;1m   1790672[0m[34;1m    741680[0m[34;1m     19.50[0m[34;1m    104084[0m[34;1m   1862928[0m[34;1m   3917536[0m[31;1m    103.01[0m[34;1m   1201756[0m[34;1m   1421012[0m[34;1m        28[0m
19:10:28   [34;1m    982292[0m[34;1m   1790672[0m[34;1m    741680[0m[34;1m     19.50[0m[34;1m    104084[0m[34;1m   1862928[0m[34;1m   3917536[0m[31;1m    103.01[0m[34;1m   1201756[0m[34;1m   1421020[0m[34;1m        28[0m
19:10:29   [34;1m    982292[0m[34;1m   1790672[0m[34;1m    741680[0m[34;1m     19.50[0m[34;1m    104084[0m[34;1m   1862928[0m[34;1m   3917536[0m[31;1m    103.01[0m[34;1m   1201756[0m[34;1m   1421036[0m[34;1m        12[0m
19:10:30   [34;1m    982292[0m[34;1m   1790672[0m[34;1m    741676[0m[34;1m     19.50[0m[34;1m    104084[0m[34;1m   1862932[0m[34;1m   3917536[0m[31;1m    103.01[0m[34;1m   1201756[0m[34;1m   1421084[0m[34;1m        16[0m
19:10:31   [34;1m    982292[0m[34;1m   1790676[0m[34;1m    741672[0m[34;1m     19.50[0m[34;1m    104084[0m[34;1m   1862932[0m[34;1m   3917536[0m[31;1m    103.01[0m[34;1m   1201756[0m[34;1m   1421088[0m[34;1m        16[0m
19:10:32   [34;1m    982292[0m[34;1m   1790680[0m[34;1m    741656[0m[34;1m     19.50[0m[34;1m    104096[0m[34;1m   1862936[0m[34;1m   3917536[0m[31;1m    103.01[0m[34;1m   1201756[0m[34;1m   1421068[0m[34;1m        28[0m
19:10:33   [34;1m    982292[0m[34;1m   1790692[0m[34;1m    741656[0m[34;1m     19.50[0m[34;1m    104096[0m[34;1m   1862936[0m[34;1m   3917536[0m[31;1m    103.01[0m[34;1m   1201768[0m[34;1m   1420748[0m[34;1m        28[0m
19:10:34   [34;1m    982292[0m[34;1m   1790692[0m[34;1m    741660[0m[34;1m     19.50[0m[34;1m    104096[0m[34;1m   1862936[0m[34;1m   3917536[0m[31;1m    103.01[0m[34;1m   1201768[0m[34;1m   1420768[0m[34;1m        28[0m
19:10:35   [34;1m    982292[0m[34;1m   1790692[0m[34;1m    741660[0m[34;1m     19.50[0m[34;1m    104096[0m[34;1m   1862936[0m[34;1m   3917536[0m[31;1m    103.01[0m[34;1m   1201768[0m[34;1m   1420612[0m[34;1m        16[0m
19:10:36   [34;1m    982292[0m[34;1m   1790700[0m[34;1m    741648[0m[34;1m     19.50[0m[34;1m    104100[0m[34;1m   1862940[0m[34;1m   3917536[0m[31;1m    103.01[0m[34;1m   1201772[0m[34;1m   1420692[0m[34;1m        32[0m
19:10:37   [34;1m    982292[0m[34;1m   1790700[0m[34;1m    741656[0m[34;1m     19.50[0m[34;1m    104100[0m[34;1m   1862940[0m[34;1m   3917536[0m[31;1m    103.01[0m[34;1m   1201772[0m[34;1m   1420612[0m[34;1m        32[0m
19:10:38   [34;1m    982292[0m[34;1m   1790700[0m[34;1m    741656[0m[34;1m     19.50[0m[34;1m    104100[0m[34;1m   1862940[0m[34;1m   3917536[0m[31;1m    103.01[0m[34;1m   1201772[0m[34;1m   1420620[0m[34;1m         8[0m
19:10:39   [34;1m    982292[0m[34;1m   1790700[0m[34;1m    741656[0m[34;1m     19.50[0m[34;1m    104100[0m[34;1m   1862940[0m[34;1m   3917536[0m[31;1m    103.01[0m[34;1m   1201772[0m[34;1m   1420620[0m[34;1m         8[0m
19:10:40   [34;1m    982292[0m[34;1m   1790700[0m[34;1m    741656[0m[34;1m     19.50[0m[34;1m    104100[0m[34;1m   1862940[0m[34;1m   3917536[0m[31;1m    103.01[0m[34;1m   1201772[0m[34;1m   1420620[0m[34;1m         8[0m
19:10:41   [34;1m    982292[0m[34;1m   1790700[0m[34;1m    741656[0m[34;1m     19.50[0m[34;1m    104100[0m[34;1m   1862940[0m[34;1m   3917536[0m[31;1m    103.01[0m[34;1m   1201772[0m[34;1m   1420676[0m[34;1m         8[0m
19:10:42   [34;1m    982292[0m[34;1m   1790708[0m[34;1m    741648[0m[34;1m     19.50[0m[34;1m    104104[0m[34;1m   1862944[0m[34;1m   3917536[0m[31;1m    103.01[0m[34;1m   1201776[0m[34;1m   1420680[0m[34;1m        24[0m
19:10:43   [34;1m    982292[0m[34;1m   1790708[0m[34;1m    741648[0m[34;1m     19.50[0m[34;1m    104104[0m[34;1m   1862944[0m[34;1m   3917536[0m[31;1m    103.01[0m[34;1m   1201776[0m[34;1m   1420436[0m[34;1m        24[0m
19:10:44   [34;1m    982292[0m[34;1m   1790708[0m[34;1m    741648[0m[34;1m     19.50[0m[34;1m    104104[0m[34;1m   1862944[0m[34;1m   3917536[0m[31;1m    103.01[0m[34;1m   1201776[0m[34;1m   1420436[0m[34;1m        24[0m
19:10:45   [34;1m    982292[0m[34;1m   1790708[0m[34;1m    741648[0m[34;1m     19.50[0m[34;1m    104104[0m[34;1m   1862944[0m[34;1m   3917536[0m[31;1m    103.01[0m[34;1m   1201776[0m[34;1m   1420468[0m[34;1m        24[0m
19:10:46   [34;1m    982292[0m[34;1m   1790716[0m[34;1m    741640[0m[34;1m     19.50[0m[34;1m    104108[0m[34;1m   1862948[0m[34;1m   3917536[0m[31;1m    103.01[0m[34;1m   1201780[0m[34;1m   1420744[0m[34;1m        24[0m
19:10:47   [34;1m    982292[0m[34;1m   1790716[0m[34;1m    741640[0m[34;1m     19.50[0m[34;1m    104108[0m[34;1m   1862948[0m[34;1m   3917536[0m[31;1m    103.01[0m[34;1m   1201780[0m[34;1m   1420816[0m[34;1m         8[0m
19:10:48   [34;1m    982292[0m[34;1m   1790716[0m[34;1m    741640[0m[34;1m     19.50[0m[34;1m    104108[0m[34;1m   1862948[0m[34;1m   3917536[0m[31;1m    103.01[0m[34;1m   1201780[0m[34;1m   1420816[0m[34;1m         8[0m
19:10:49   [34;1m    982292[0m[34;1m   1790716[0m[34;1m    741640[0m[34;1m     19.50[0m[34;1m    104108[0m[34;1m   1862948[0m[34;1m   3917536[0m[31;1m    103.01[0m[34;1m   1201780[0m[34;1m   1420832[0m[34;1m         8[0m
19:10:50   [34;1m    982292[0m[34;1m   1790716[0m[34;1m    741640[0m[34;1m     19.50[0m[34;1m    104108[0m[34;1m   1862948[0m[34;1m   3917536[0m[31;1m    103.01[0m[34;1m   1201780[0m[34;1m   1420832[0m[34;1m         8[0m
19:10:51   [34;1m    982292[0m[34;1m   1790728[0m[34;1m    741628[0m[34;1m     19.50[0m[34;1m    104112[0m[34;1m   1862956[0m[34;1m   3917536[0m[31;1m    103.01[0m[34;1m   1201784[0m[34;1m   1420872[0m[34;1m        24[0m
19:10:52   [34;1m    981284[0m[34;1m   1789720[0m[34;1m    742636[0m[34;1m     19.53[0m[34;1m    104112[0m[34;1m   1862956[0m[34;1m   3917536[0m[31;1m    103.01[0m[34;1m   1201784[0m[34;1m   1420880[0m[34;1m        24[0m
19:10:53   [34;1m    981060[0m[34;1m   1789496[0m[34;1m    742860[0m[34;1m     19.53[0m[34;1m    104112[0m[34;1m   1862956[0m[34;1m   3917536[0m[31;1m    103.01[0m[34;1m   1201784[0m[34;1m   1420880[0m[34;1m        24[0m
19:10:54   [34;1m    981060[0m[34;1m   1789496[0m[34;1m    742860[0m[34;1m     19.53[0m[34;1m    104112[0m[34;1m   1862956[0m[34;1m   3917536[0m[31;1m    103.01[0m[34;1m   1201784[0m[34;1m   1420892[0m[34;1m        24[0m
19:10:55   [34;1m    981060[0m[34;1m   1789496[0m[34;1m    742860[0m[34;1m     19.53[0m[34;1m    104112[0m[34;1m   1862956[0m[34;1m   3917536[0m[31;1m    103.01[0m[34;1m   1201784[0m[34;1m   1420916[0m[34;1m        24[0m
19:10:56   [34;1m    981060[0m[34;1m   1789496[0m[34;1m    742860[0m[34;1m     19.53[0m[34;1m    104112[0m[34;1m   1862956[0m[34;1m   3917536[0m[31;1m    103.01[0m[34;1m   1201784[0m[34;1m   1421336[0m[34;1m        12[0m
19:10:57   [34;1m    981060[0m[34;1m   1789516[0m[34;1m    742836[0m[34;1m     19.53[0m[34;1m    104128[0m[34;1m   1862964[0m[34;1m   3917536[0m[31;1m    103.01[0m[34;1m   1201800[0m[34;1m   1421380[0m[34;1m        28[0m
19:10:58   [34;1m    981060[0m[34;1m   1789516[0m[34;1m    742836[0m[34;1m     19.53[0m[34;1m    104128[0m[34;1m   1862964[0m[34;1m   3917536[0m[31;1m    103.01[0m[34;1m   1201800[0m[34;1m   1421380[0m[34;1m        28[0m
19:10:59   [34;1m    981060[0m[34;1m   1789516[0m[34;1m    742836[0m[34;1m     19.53[0m[34;1m    104128[0m[34;1m   1862964[0m[34;1m   3917536[0m[31;1m    103.01[0m[34;1m   1201800[0m[34;1m   1421468[0m[34;1m        28[0m
19:11:00   [34;1m    981060[0m[34;1m   1789516[0m[34;1m    742836[0m[34;1m     19.53[0m[34;1m    104128[0m[34;1m   1862964[0m[34;1m   3917536[0m[31;1m    103.01[0m[34;1m   1201800[0m[34;1m   1421572[0m[34;1m        20[0m
19:11:01   [34;1m    981060[0m[34;1m   1789520[0m[34;1m    742836[0m[34;1m     19.53[0m[34;1m    104136[0m[34;1m   1862956[0m[34;1m   3917536[0m[31;1m    103.01[0m[34;1m   1201800[0m[34;1m   1421692[0m[34;1m        20[0m
19:11:02   [34;1m    981060[0m[34;1m   1789532[0m[34;1m    742820[0m[34;1m     19.53[0m[34;1m    104136[0m[34;1m   1862968[0m[34;1m   3917536[0m[31;1m    103.01[0m[34;1m   1201808[0m[34;1m   1421908[0m[34;1m         8[0m
19:11:03   [34;1m    981060[0m[34;1m   1789532[0m[34;1m    742820[0m[34;1m     19.53[0m[34;1m    104136[0m[34;1m   1862968[0m[34;1m   3917536[0m[31;1m    103.01[0m[34;1m   1201808[0m[34;1m   1421472[0m[34;1m         8[0m
19:11:04   [34;1m    981060[0m[34;1m   1789532[0m[34;1m    742820[0m[34;1m     19.53[0m[34;1m    104136[0m[34;1m   1862968[0m[34;1m   3917536[0m[31;1m    103.01[0m[34;1m   1201808[0m[34;1m   1421472[0m[34;1m         8[0m
19:11:05   [34;1m    981060[0m[34;1m   1789540[0m[34;1m    742812[0m[34;1m     19.53[0m[34;1m    104140[0m[34;1m   1862972[0m[34;1m   3917536[0m[31;1m    103.01[0m[34;1m   1201812[0m[34;1m   1421476[0m[34;1m        20[0m
19:11:06   [34;1m    981060[0m[34;1m   1789540[0m[34;1m    742812[0m[34;1m     19.53[0m[34;1m    104140[0m[34;1m   1862972[0m[34;1m   3917536[0m[31;1m    103.01[0m[34;1m   1201812[0m[34;1m   1421560[0m[34;1m        20[0m
19:11:07   [34;1m    981060[0m[34;1m   1789540[0m[34;1m    742812[0m[34;1m     19.53[0m[34;1m    104140[0m[34;1m   1862972[0m[34;1m   3917536[0m[31;1m    103.01[0m[34;1m   1201812[0m[34;1m   1421480[0m[34;1m        20[0m
19:11:08   [34;1m    981060[0m[34;1m   1789540[0m[34;1m    742812[0m[34;1m     19.53[0m[34;1m    104140[0m[34;1m   1862972[0m[34;1m   3917536[0m[31;1m    103.01[0m[34;1m   1201812[0m[34;1m   1421480[0m[34;1m        20[0m
19:11:09   [34;1m    981060[0m[34;1m   1789540[0m[34;1m    742812[0m[34;1m     19.53[0m[34;1m    104144[0m[34;1m   1862968[0m[34;1m   3917536[0m[31;1m    103.01[0m[34;1m   1201812[0m[34;1m   1420980[0m[34;1m        20[0m
19:11:10   [34;1m    981060[0m[34;1m   1789548[0m[34;1m    742804[0m[34;1m     19.53[0m[34;1m    104144[0m[34;1m   1862976[0m[34;1m   3917536[0m[31;1m    103.01[0m[34;1m   1201816[0m[34;1m   1420884[0m[34;22m         0[0m
19:11:11   [34;1m    981060[0m[34;1m   1789548[0m[34;1m    742804[0m[34;1m     19.53[0m[34;1m    104144[0m[34;1m   1862976[0m[34;1m   3917536[0m[31;1m    103.01[0m[34;1m   1201816[0m[34;1m   1420884[0m[34;1m         4[0m
19:11:12   [34;1m    981060[0m[34;1m   1789548[0m[34;1m    742808[0m[34;1m     19.53[0m[34;1m    104144[0m[34;1m   1862976[0m[34;1m   3917536[0m[31;1m    103.01[0m[34;1m   1201816[0m[34;1m   1420896[0m[34;1m         8[0m
19:11:13   [34;1m    981060[0m[34;1m   1789552[0m[34;1m    742804[0m[34;1m     19.53[0m[34;1m    104144[0m[34;1m   1862980[0m[34;1m   3917536[0m[31;1m    103.01[0m[34;1m   1201816[0m[34;1m   1420868[0m[34;1m        12[0m
19:11:14   [34;1m    981060[0m[34;1m   1789552[0m[34;1m    742804[0m[34;1m     19.53[0m[34;1m    104144[0m[34;1m   1862980[0m[34;1m   3917536[0m[31;1m    103.01[0m[34;1m   1201816[0m[34;1m   1420848[0m[34;1m        12[0m
19:11:15   [34;1m    981060[0m[34;1m   1789556[0m[34;1m    742788[0m[34;1m     19.53[0m[34;1m    104156[0m[34;1m   1862984[0m[34;1m   3917536[0m[31;1m    103.01[0m[34;1m   1201816[0m[34;1m   1420880[0m[34;1m        40[0m
19:11:16   [34;1m    981060[0m[34;1m   1789568[0m[34;1m    742788[0m[34;1m     19.53[0m[34;1m    104156[0m[34;1m   1862984[0m[34;1m   3917536[0m[31;1m    103.01[0m[34;1m   1201828[0m[34;1m   1421168[0m[34;1m        40[0m
19:11:17   [34;1m    981060[0m[34;1m   1789572[0m[34;1m    742780[0m[34;1m     19.53[0m[34;1m    104160[0m[34;1m   1862988[0m[34;1m   3917536[0m[31;1m    103.01[0m[34;1m   1201828[0m[34;1m   1421224[0m[34;1m        40[0m
19:11:18   [34;1m    981060[0m[34;1m   1789576[0m[34;1m    742780[0m[34;1m     19.53[0m[34;1m    104160[0m[34;1m   1862988[0m[34;1m   3917536[0m[31;1m    103.01[0m[34;1m   1201832[0m[34;1m   1420816[0m[34;1m        40[0m
19:11:19   [34;1m    981060[0m[34;1m   1789576[0m[34;1m    742780[0m[34;1m     19.53[0m[34;1m    104160[0m[34;1m   1862988[0m[34;1m   3917536[0m[31;1m    103.01[0m[34;1m   1201832[0m[34;1m   1420816[0m[34;1m        40[0m
19:11:20   [34;1m    981060[0m[34;1m   1789576[0m[34;1m    742780[0m[34;1m     19.53[0m[34;1m    104160[0m[34;1m   1862988[0m[34;1m   3917536[0m[31;1m    103.01[0m[34;1m   1201832[0m[34;1m   1420816[0m[34;1m        12[0m
19:11:21   [34;1m    981060[0m[34;1m   1789576[0m[34;1m    742780[0m[34;1m     19.53[0m[34;1m    104160[0m[34;1m   1862988[0m[34;1m   3917536[0m[31;1m    103.01[0m[34;1m   1201832[0m[34;1m   1420816[0m[34;1m        12[0m
19:11:22   [34;1m    981060[0m[34;1m   1789576[0m[34;1m    742780[0m[34;1m     19.53[0m[34;1m    104160[0m[34;1m   1862988[0m[34;1m   3917536[0m[31;1m    103.01[0m[34;1m   1201832[0m[34;1m   1420824[0m[34;1m        12[0m
19:11:23   [34;1m    981060[0m[34;1m   1789588[0m[34;1m    742768[0m[34;1m     19.53[0m[34;1m    104168[0m[34;1m   1862992[0m[34;1m   3917536[0m[31;1m    103.01[0m[34;1m   1201840[0m[34;1m   1420576[0m[34;1m        24[0m
19:11:24   [34;1m    981060[0m[34;1m   1789588[0m[34;1m    742768[0m[34;1m     19.53[0m[34;1m    104168[0m[34;1m   1862992[0m[34;1m   3917536[0m[31;1m    103.01[0m[34;1m   1201840[0m[34;1m   1420576[0m[34;1m        24[0m
19:11:25   [34;1m    981060[0m[34;1m   1789588[0m[34;1m    742768[0m[34;1m     19.53[0m[34;1m    104168[0m[34;1m   1862992[0m[34;1m   3917536[0m[31;1m    103.01[0m[34;1m   1201840[0m[34;1m   1420576[0m[34;1m        24[0m
19:11:26   [34;1m    981060[0m[34;1m   1789588[0m[34;1m    742768[0m[34;1m     19.53[0m[34;1m    104168[0m[34;1m   1862992[0m[34;1m   3917536[0m[31;1m    103.01[0m[34;1m   1201840[0m[34;1m   1421056[0m[34;1m        24[0m
19:11:27   [34;1m    981060[0m[34;1m   1789596[0m[34;1m    742756[0m[34;1m     19.53[0m[34;1m    104172[0m[34;1m   1863000[0m[34;1m   3917536[0m[31;1m    103.01[0m[34;1m   1201840[0m[34;1m   1421128[0m[34;1m        32[0m
19:11:28   [34;1m    981060[0m[34;1m   1789600[0m[34;1m    742756[0m[34;1m     19.53[0m[34;1m    104172[0m[34;1m   1863000[0m[34;1m   3917536[0m[31;1m    103.01[0m[34;1m   1201844[0m[34;1m   1421128[0m[34;1m        16[0m
19:11:29   [34;1m    981060[0m[34;1m   1789600[0m[34;1m    742756[0m[34;1m     19.53[0m[34;1m    104172[0m[34;1m   1863000[0m[34;1m   3917536[0m[31;1m    103.01[0m[34;1m   1201844[0m[34;1m   1421128[0m[34;1m        16[0m
19:11:30   [34;1m    981060[0m[34;1m   1789600[0m[34;1m    742756[0m[34;1m     19.53[0m[34;1m    104172[0m[34;1m   1863000[0m[34;1m   3917536[0m[31;1m    103.01[0m[34;1m   1201844[0m[34;1m   1421128[0m[34;1m        16[0m
19:11:31   [34;1m    981060[0m[34;1m   1789600[0m[34;1m    742756[0m[34;1m     19.53[0m[34;1m    104172[0m[34;1m   1863000[0m[34;1m   3917536[0m[31;1m    103.01[0m[34;1m   1201844[0m[34;1m   1421136[0m[34;1m        16[0m
19:11:32   [34;1m    981060[0m[34;1m   1789600[0m[34;1m    742752[0m[34;1m     19.53[0m[34;1m    104176[0m[34;1m   1862996[0m[34;1m   3917536[0m[31;1m    103.01[0m[34;1m   1201844[0m[34;1m   1421140[0m[34;1m        16[0m
19:11:33   [34;1m    981060[0m[34;1m   1789604[0m[34;1m    742748[0m[34;1m     19.53[0m[34;1m    104180[0m[34;1m   1862996[0m[34;1m   3917536[0m[31;1m    103.01[0m[34;1m   1201844[0m[34;1m   1420676[0m[34;1m        16[0m
19:11:34   [34;1m    981060[0m[34;1m   1789612[0m[34;1m    742740[0m[34;1m     19.53[0m[34;1m    104180[0m[34;1m   1863004[0m[34;1m   3917536[0m[31;1m    103.01[0m[34;1m   1201852[0m[34;1m   1420680[0m[34;1m        28[0m
19:11:35   [34;1m    980820[0m[34;1m   1789372[0m[34;1m    742976[0m[34;1m     19.54[0m[34;1m    104180[0m[34;1m   1863008[0m[34;1m   3917536[0m[31;1m    103.01[0m[34;1m   1201852[0m[34;1m   1420680[0m[34;1m        32[0m
19:11:36   [34;1m    979560[0m[34;1m   1788116[0m[34;1m    744232[0m[34;1m     19.57[0m[34;1m    104180[0m[34;1m   1863008[0m[34;1m   3917536[0m[31;1m    103.01[0m[34;1m   1201852[0m[34;1m   1420680[0m[34;1m        32[0m
19:11:37   [34;1m    979308[0m[34;1m   1787876[0m[34;1m    744472[0m[34;1m     19.57[0m[34;1m    104188[0m[34;1m   1863012[0m[34;1m   3917536[0m[31;1m    103.01[0m[34;1m   1201860[0m[34;1m   1420588[0m[34;1m        32[0m
19:11:38   [34;1m    979308[0m[34;1m   1787876[0m[34;1m    744472[0m[34;1m     19.57[0m[34;1m    104188[0m[34;1m   1863012[0m[34;1m   3917536[0m[31;1m    103.01[0m[34;1m   1201860[0m[34;1m   1420588[0m[34;1m        20[0m
19:11:39   [34;1m    979308[0m[34;1m   1787876[0m[34;1m    744472[0m[34;1m     19.57[0m[34;1m    104188[0m[34;1m   1863012[0m[34;1m   3917536[0m[31;1m    103.01[0m[34;1m   1201860[0m[34;1m   1420588[0m[34;1m        20[0m
19:11:40   [34;1m    979308[0m[34;1m   1787876[0m[34;1m    744472[0m[34;1m     19.57[0m[34;1m    104188[0m[34;1m   1863012[0m[34;1m   3917536[0m[31;1m    103.01[0m[34;1m   1201860[0m[34;1m   1420588[0m[34;1m        20[0m
19:11:41   [34;1m    979308[0m[34;1m   1787876[0m[34;1m    744472[0m[34;1m     19.57[0m[34;1m    104192[0m[34;1m   1863008[0m[34;1m   3917536[0m[31;1m    103.01[0m[34;1m   1201860[0m[34;1m   1420588[0m[34;1m        20[0m
19:11:42   [34;1m    978552[0m[34;1m   1787128[0m[34;1m    745220[0m[34;1m     19.59[0m[34;1m    104192[0m[34;1m   1863016[0m[34;1m   3917536[0m[31;1m    103.01[0m[34;1m   1201864[0m[34;1m   1420592[0m[34;1m        20[0m
19:11:43   [34;1m    978552[0m[34;1m   1787128[0m[34;1m    745220[0m[34;1m     19.59[0m[34;1m    104192[0m[34;1m   1863016[0m[34;1m   3917536[0m[31;1m    103.01[0m[34;1m   1201864[0m[34;1m   1420320[0m[34;1m        24[0m
19:11:44   [34;1m    978552[0m[34;1m   1787128[0m[34;1m    745220[0m[34;1m     19.59[0m[34;1m    104192[0m[34;1m   1863016[0m[34;1m   3917536[0m[31;1m    103.01[0m[34;1m   1201864[0m[34;1m   1420320[0m[34;1m        24[0m
19:11:45   [34;1m    978328[0m[34;1m   1786904[0m[34;1m    745444[0m[34;1m     19.60[0m[34;1m    104192[0m[34;1m   1863016[0m[34;1m   3917536[0m[31;1m    103.01[0m[34;1m   1201864[0m[34;1m   1420320[0m[34;1m        24[0m
19:11:46   [34;1m    978328[0m[34;1m   1786904[0m[34;1m    745444[0m[34;1m     19.60[0m[34;1m    104192[0m[34;1m   1863016[0m[34;1m   3917536[0m[31;1m    103.01[0m[34;1m   1201864[0m[34;1m   1420620[0m[34;1m        12[0m
19:11:47   [34;1m    978328[0m[34;1m   1786920[0m[34;1m    745424[0m[34;1m     19.60[0m[34;1m    104204[0m[34;1m   1863020[0m[34;1m   3917536[0m[31;1m    103.01[0m[34;1m   1201876[0m[34;1m   1420632[0m[34;1m        36[0m
19:11:48   [34;1m    978328[0m[34;1m   1786920[0m[34;1m    745424[0m[34;1m     19.60[0m[34;1m    104204[0m[34;1m   1863020[0m[34;1m   3917536[0m[31;1m    103.01[0m[34;1m   1201876[0m[34;1m   1420632[0m[34;1m        36[0m
19:11:49   [34;1m    978328[0m[34;1m   1786928[0m[34;1m    745416[0m[34;1m     19.60[0m[34;1m    104208[0m[34;1m   1863024[0m[34;1m   3917536[0m[31;1m    103.01[0m[34;1m   1201880[0m[34;1m   1420636[0m[34;1m        36[0m
19:11:50   [34;1m    978328[0m[34;1m   1786928[0m[34;1m    745416[0m[34;1m     19.60[0m[34;1m    104208[0m[34;1m   1863024[0m[34;1m   3917536[0m[31;1m    103.01[0m[34;1m   1201880[0m[34;1m   1420636[0m[34;1m        36[0m
19:11:51   [34;1m    978328[0m[34;1m   1786928[0m[34;1m    745416[0m[34;1m     19.60[0m[34;1m    104208[0m[34;1m   1863024[0m[34;1m   3917536[0m[31;1m    103.01[0m[34;1m   1201880[0m[34;1m   1420636[0m[34;1m        36[0m
19:11:52   [34;1m    978328[0m[34;1m   1786928[0m[34;1m    745416[0m[34;1m     19.60[0m[34;1m    104208[0m[34;1m   1863024[0m[34;1m   3917536[0m[31;1m    103.01[0m[34;1m   1201880[0m[34;1m   1420636[0m[34;1m         4[0m
19:11:53   [34;1m    978328[0m[34;1m   1786928[0m[34;1m    745416[0m[34;1m     19.60[0m[34;1m    104208[0m[34;1m   1863024[0m[34;1m   3917536[0m[31;1m    103.01[0m[34;1m   1201880[0m[34;1m   1420636[0m[34;1m         4[0m
19:11:54   [34;1m    978328[0m[34;1m   1786928[0m[34;1m    745416[0m[34;1m     19.60[0m[34;1m    104208[0m[34;1m   1863024[0m[34;1m   3917536[0m[31;1m    103.01[0m[34;1m   1201880[0m[34;1m   1420636[0m[34;1m         4[0m
19:11:55   [34;1m    978328[0m[34;1m   1786932[0m[34;1m    745408[0m[34;1m     19.60[0m[34;1m    104208[0m[34;1m   1863032[0m[34;1m   3917536[0m[31;1m    103.01[0m[34;1m   1201880[0m[34;1m   1420652[0m[34;1m        20[0m
19:11:56   [34;1m    978328[0m[34;1m   1786936[0m[34;1m    745404[0m[34;1m     19.60[0m[34;1m    104208[0m[34;1m   1863032[0m[34;1m   3917536[0m[31;1m    103.01[0m[34;1m   1201880[0m[34;1m   1421012[0m[34;1m        20[0m
19:11:57   [34;1m    978328[0m[34;1m   1786936[0m[34;1m    745400[0m[34;1m     19.60[0m[34;1m    104208[0m[34;1m   1863036[0m[34;1m   3917536[0m[31;1m    103.01[0m[34;1m   1201880[0m[34;1m   1421092[0m[34;1m        28[0m
19:11:58   [34;1m    978328[0m[34;1m   1786940[0m[34;1m    745400[0m[34;1m     19.60[0m[34;1m    104208[0m[34;1m   1863036[0m[34;1m   3917536[0m[31;1m    103.01[0m[34;1m   1201880[0m[34;1m   1421096[0m[34;1m        28[0m
19:11:59   [34;1m    978328[0m[34;1m   1786944[0m[34;1m    745396[0m[34;1m     19.60[0m[34;1m    104208[0m[34;1m   1863040[0m[34;1m   3917536[0m[31;1m    103.01[0m[34;1m   1201880[0m[34;1m   1421100[0m[34;1m        32[0m
19:12:00   [34;1m    978328[0m[34;1m   1786944[0m[34;1m    745396[0m[34;1m     19.60[0m[34;1m    104208[0m[34;1m   1863040[0m[34;1m   3917536[0m[31;1m    103.01[0m[34;1m   1201880[0m[34;1m   1421100[0m[34;1m        16[0m
19:12:01   [34;1m    978328[0m[34;1m   1786944[0m[34;1m    745396[0m[34;1m     19.60[0m[34;1m    104208[0m[34;1m   1863040[0m[34;1m   3917536[0m[31;1m    103.01[0m[34;1m   1201880[0m[34;1m   1421136[0m[34;1m        16[0m
19:12:02   [34;1m    978328[0m[34;1m   1786944[0m[34;1m    745396[0m[34;1m     19.60[0m[34;1m    104208[0m[34;1m   1863040[0m[34;1m   3917536[0m[31;1m    103.01[0m[34;1m   1201880[0m[34;1m   1421176[0m[34;1m        16[0m
19:12:03   [34;1m    978328[0m[34;1m   1786944[0m[34;1m    745396[0m[34;1m     19.60[0m[34;1m    104208[0m[34;1m   1863040[0m[34;1m   3917536[0m[31;1m    103.01[0m[34;1m   1201880[0m[34;1m   1420760[0m[34;1m        16[0m
19:12:04   [34;1m    978328[0m[34;1m   1786944[0m[34;1m    745396[0m[34;1m     19.60[0m[34;1m    104208[0m[34;1m   1863040[0m[34;1m   3917536[0m[31;1m    103.01[0m[34;1m   1201880[0m[34;1m   1420760[0m[34;1m        16[0m
19:12:05   [34;1m    978328[0m[34;1m   1786960[0m[34;1m    745380[0m[34;1m     19.60[0m[34;1m    104220[0m[34;1m   1863044[0m[34;1m   3917536[0m[31;1m    103.01[0m[34;1m   1201892[0m[34;1m   1420836[0m[34;1m        28[0m
19:12:06   [34;1m    978328[0m[34;1m   1786960[0m[34;1m    745380[0m[34;1m     19.60[0m[34;1m    104220[0m[34;1m   1863044[0m[34;1m   3917536[0m[31;1m    103.01[0m[34;1m   1201892[0m[34;1m   1420948[0m[34;1m        28[0m
19:12:07   [34;1m    978328[0m[34;1m   1786960[0m[34;1m    745380[0m[34;1m     19.60[0m[34;1m    104220[0m[34;1m   1863044[0m[34;1m   3917536[0m[31;1m    103.01[0m[34;1m   1201892[0m[34;1m   1420912[0m[34;1m        28[0m
19:12:08   [34;1m    978328[0m[34;1m   1786960[0m[34;1m    745380[0m[34;1m     19.60[0m[34;1m    104224[0m[34;1m   1863040[0m[34;1m   3917536[0m[31;1m    103.01[0m[34;1m   1201892[0m[34;1m   1420912[0m[34;1m        28[0m
19:12:09   [34;1m    978328[0m[34;1m   1786964[0m[34;1m    745372[0m[34;1m     19.60[0m[34;1m    104224[0m[34;1m   1863048[0m[34;1m   3917536[0m[31;1m    103.01[0m[34;1m   1201892[0m[34;1m   1420940[0m[34;1m        28[0m
19:12:10   [34;1m    978328[0m[34;1m   1786968[0m[34;1m    745372[0m[34;1m     19.60[0m[34;1m    104224[0m[34;1m   1863048[0m[34;1m   3917536[0m[31;1m    103.01[0m[34;1m   1201896[0m[34;1m   1420956[0m[34;1m        16[0m
19:12:11   [34;1m    978328[0m[34;1m   1786968[0m[34;1m    745372[0m[34;1m     19.60[0m[34;1m    104224[0m[34;1m   1863048[0m[34;1m   3917536[0m[31;1m    103.01[0m[34;1m   1201896[0m[34;1m   1420980[0m[34;1m        16[0m
19:12:12   [34;1m    978328[0m[34;1m   1786968[0m[34;1m    745372[0m[34;1m     19.60[0m[34;1m    104224[0m[34;1m   1863048[0m[34;1m   3917536[0m[31;1m    103.01[0m[34;1m   1201896[0m[34;1m   1421020[0m[34;1m        16[0m
19:12:13   [34;1m    978088[0m[34;1m   1786732[0m[34;1m    745608[0m[34;1m     19.60[0m[34;1m    104224[0m[34;1m   1863052[0m[34;1m   3917536[0m[31;1m    103.01[0m[34;1m   1201896[0m[34;1m   1420760[0m[34;1m        32[0m
19:12:14   [34;1m    978088[0m[34;1m   1786732[0m[34;1m    745608[0m[34;1m     19.60[0m[34;1m    104224[0m[34;1m   1863052[0m[34;1m   3917536[0m[31;1m    103.01[0m[34;1m   1201896[0m[34;1m   1420760[0m[34;1m        32[0m
19:12:15   [34;1m    978088[0m[34;1m   1786732[0m[34;1m    745608[0m[34;1m     19.60[0m[34;1m    104224[0m[34;1m   1863052[0m[34;1m   3917536[0m[31;1m    103.01[0m[34;1m   1201896[0m[34;1m   1420784[0m[34;1m        32[0m
19:12:16   [34;1m    978088[0m[34;1m   1786732[0m[34;1m    745616[0m[34;1m     19.60[0m[34;1m    104224[0m[34;1m   1863052[0m[34;1m   3917536[0m[31;1m    103.01[0m[34;1m   1201896[0m[34;1m   1421024[0m[34;1m        32[0m
19:12:17   [34;1m    978088[0m[34;1m   1786736[0m[34;1m    745612[0m[34;1m     19.60[0m[34;1m    104224[0m[34;1m   1863056[0m[34;1m   3917536[0m[31;1m    103.01[0m[34;1m   1201896[0m[34;1m   1420720[0m[34;1m        36[0m
19:12:18   [34;1m    978088[0m[34;1m   1786740[0m[34;1m    745600[0m[34;1m     19.60[0m[34;1m    104232[0m[34;1m   1863060[0m[34;1m   3917536[0m[31;1m    103.01[0m[34;1m   1201896[0m[34;1m   1420724[0m[34;1m        36[0m
19:12:19   [34;1m    978088[0m[34;1m   1786748[0m[34;1m    745600[0m[34;1m     19.60[0m[34;1m    104232[0m[34;1m   1863060[0m[34;1m   3917536[0m[31;1m    103.01[0m[34;1m   1201904[0m[34;1m   1420732[0m[34;1m        12[0m
19:12:20   [34;1m    978088[0m[34;1m   1786748[0m[34;1m    745600[0m[34;1m     19.60[0m[34;1m    104232[0m[34;1m   1863060[0m[34;1m   3917536[0m[31;1m    103.01[0m[34;1m   1201904[0m[34;1m   1420732[0m[34;1m        12[0m
19:12:21   [34;1m    978088[0m[34;1m   1786748[0m[34;1m    745600[0m[34;1m     19.60[0m[34;1m    104232[0m[34;1m   1863060[0m[34;1m   3917536[0m[31;1m    103.01[0m[34;1m   1201904[0m[34;1m   1420732[0m[34;1m        12[0m
19:12:22   [34;1m    978088[0m[34;1m   1786756[0m[34;1m    745592[0m[34;1m     19.60[0m[34;1m    104236[0m[34;1m   1863064[0m[34;1m   3917536[0m[31;1m    103.01[0m[34;1m   1201908[0m[34;1m   1420744[0m[34;1m        24[0m
19:12:23   [34;1m    978088[0m[34;1m   1786756[0m[34;1m    745592[0m[34;1m     19.60[0m[34;1m    104236[0m[34;1m   1863064[0m[34;1m   3917536[0m[31;1m    103.01[0m[34;1m   1201908[0m[34;1m   1420744[0m[34;1m        16[0m
19:12:24   [34;1m    978088[0m[34;1m   1786756[0m[34;1m    745592[0m[34;1m     19.60[0m[34;1m    104236[0m[34;1m   1863064[0m[34;1m   3917536[0m[31;1m    103.01[0m[34;1m   1201908[0m[34;1m   1420744[0m[34;1m        16[0m
