Linux 6.6.95 (ssp-study) 	04/16/26 	_x86_64_	(2 CPU)

18:02:27        CPU     %user     %nice   %system   %iowait    %steal     %idle
18:02:28   [32;22m     all[0m[34;1m      3.17[0m[34;22m      0.00[0m[34;1m      3.70[0m[34;22m      0.00[0m[34;22m      0.00[0m[34;1m     93.12[0m
18:02:29   [32;22m     all[0m[34;1m      1.58[0m[34;22m      0.00[0m[34;1m      1.05[0m[34;22m      0.00[0m[34;22m      0.00[0m[34;1m     97.37[0m
18:02:30   [32;22m     all[0m[34;1m      3.23[0m[34;22m      0.00[0m[34;1m      2.15[0m[34;22m      0.00[0m[34;22m      0.00[0m[34;1m     94.62[0m
18:02:31   [32;22m     all[0m[34;1m      2.09[0m[34;22m      0.00[0m[34;1m      2.09[0m[34;22m      0.00[0m[34;22m      0.00[0m[34;1m     95.81[0m
18:02:32   [32;22m     all[0m[34;1m      6.91[0m[34;22m      0.00[0m[34;1m      4.79[0m[34;22m      0.00[0m[34;22m      0.00[0m[34;1m     88.30[0m
18:02:33   [32;22m     all[0m[34;1m      1.59[0m[34;22m      0.00[0m[34;1m      1.59[0m[34;22m      0.00[0m[34;22m      0.00[0m[34;1m     96.83[0m
18:02:34   [32;22m     all[0m[34;1m      3.19[0m[34;22m      0.00[0m[34;1m      2.13[0m[34;1m      0.53[0m[34;22m      0.00[0m[34;1m     94.15[0m
18:02:35   [32;22m     all[0m[34;1m      2.65[0m[34;22m      0.00[0m[34;1m      3.17[0m[34;22m      0.00[0m[34;22m      0.00[0m[34;1m     94.18[0m
18:02:36   [32;22m     all[0m[34;1m      4.28[0m[34;22m      0.00[0m[34;1m      1.60[0m[34;22m      0.00[0m[34;22m      0.00[0m[34;1m     94.12[0m
18:02:37   [32;22m     all[0m[34;1m      1.60[0m[34;22m      0.00[0m[34;1m      1.07[0m[34;22m      0.00[0m[34;22m      0.00[0m[34;1m     97.33[0m
18:02:38   [32;22m     all[0m[34;1m      3.16[0m[34;22m      0.00[0m[34;1m      2.63[0m[34;22m      0.00[0m[34;22m      0.00[0m[34;1m     94.21[0m
18:02:39   [32;22m     all[0m[34;1m      2.11[0m[34;22m      0.00[0m[34;1m      2.11[0m[34;22m      0.00[0m[34;22m      0.00[0m[34;1m     95.79[0m
18:02:40   [32;22m     all[0m[34;1m      2.65[0m[34;22m      0.00[0m[34;1m      2.65[0m[34;22m      0.00[0m[34;22m      0.00[0m[34;1m     94.71[0m
18:02:41   [32;22m     all[0m[34;1m      2.72[0m[34;22m      0.00[0m[34;1m      1.09[0m[34;22m      0.00[0m[34;22m      0.00[0m[34;1m     96.20[0m
18:02:42   [32;22m     all[0m[34;1m      7.41[0m[34;22m      0.00[0m[34;1m      4.76[0m[34;22m      0.00[0m[34;22m      0.00[0m[34;1m     87.83[0m
18:02:43   [32;22m     all[0m[34;1m      2.15[0m[34;22m      0.00[0m[34;1m      2.15[0m[34;22m      0.00[0m[34;22m      0.00[0m[34;1m     95.70[0m
18:02:44   [32;22m     all[0m[34;1m      3.17[0m[34;22m      0.00[0m[34;1m      2.65[0m[34;22m      0.00[0m[34;22m      0.00[0m[34;1m     94.18[0m
18:02:45   [32;22m     all[0m[34;1m      4.26[0m[34;22m      0.00[0m[34;1m      2.66[0m[34;22m      0.00[0m[34;22m      0.00[0m[34;1m     93.09[0m
18:02:46   [32;22m     all[0m[34;1m      3.24[0m[34;22m      0.00[0m[34;1m      2.16[0m[34;22m      0.00[0m[34;22m      0.00[0m[34;1m     94.59[0m
18:02:47   [32;22m     all[0m[34;1m      3.70[0m[34;22m      0.00[0m[34;1m      2.12[0m[34;22m      0.00[0m[34;22m      0.00[0m[34;1m     94.18[0m
18:02:48   [32;22m     all[0m[34;1m      2.13[0m[34;22m      0.00[0m[34;1m      2.66[0m[34;22m      0.00[0m[34;22m      0.00[0m[34;1m     95.21[0m
18:02:49   [32;22m     all[0m[34;1m      2.16[0m[34;22m      0.00[0m[34;1m      1.62[0m[34;22m      0.00[0m[34;22m      0.00[0m[34;1m     96.22[0m
18:02:50   [32;22m     all[0m[34;1m      2.65[0m[34;22m      0.00[0m[34;1m      1.59[0m[34;22m      0.00[0m[34;22m      0.00[0m[34;1m     95.77[0m
18:02:51   [32;22m     all[0m[34;1m      2.67[0m[34;22m      0.00[0m[34;1m      1.60[0m[34;22m      0.00[0m[34;22m      0.00[0m[34;1m     95.72[0m
18:02:52   [32;22m     all[0m[34;1m      5.32[0m[34;22m      0.00[0m[34;1m      4.79[0m[34;22m      0.00[0m[34;22m      0.00[0m[34;1m     89.89[0m
18:02:53   [32;22m     all[0m[34;1m      4.23[0m[34;22m      0.00[0m[34;1m      2.12[0m[34;22m      0.00[0m[34;22m      0.00[0m[34;1m     93.65[0m
18:02:54   [32;22m     all[0m[34;1m      2.73[0m[34;22m      0.00[0m[34;1m      3.28[0m[34;22m      0.00[0m[34;22m      0.00[0m[34;1m     93.99[0m
18:02:55   [32;22m     all[0m[34;1m      3.24[0m[34;22m      0.00[0m[34;1m      2.70[0m[34;22m      0.00[0m[34;22m      0.00[0m[34;1m     94.05[0m
18:02:56   [32;22m     all[0m[34;1m      4.32[0m[34;22m      0.00[0m[34;1m      4.32[0m[34;22m      0.00[0m[34;22m      0.00[0m[34;1m     91.35[0m
18:02:57   [32;22m     all[0m[34;1m      3.28[0m[34;22m      0.00[0m[34;1m      3.28[0m[34;22m      0.00[0m[34;22m      0.00[0m[34;1m     93.44[0m
18:02:58   [32;22m     all[0m[34;1m      2.69[0m[34;22m      0.00[0m[34;1m      2.15[0m[34;22m      0.00[0m[34;22m      0.00[0m[34;1m     95.16[0m
18:02:59   [32;22m     all[0m[34;1m      4.79[0m[34;22m      0.00[0m[34;1m      2.66[0m[34;22m      0.00[0m[34;22m      0.00[0m[34;1m     92.55[0m
18:03:00   [32;22m     all[0m[34;1m      5.00[0m[34;22m      0.00[0m[34;1m      2.78[0m[34;22m      0.00[0m[34;22m      0.00[0m[34;1m     92.22[0m
18:03:01   [32;22m     all[0m[34;1m      3.80[0m[34;22m      0.00[0m[34;1m      1.63[0m[34;22m      0.00[0m[34;22m      0.00[0m[34;1m     94.57[0m
18:03:02   [32;22m     all[0m[34;1m      8.02[0m[34;22m      0.00[0m[34;1m      5.88[0m[34;22m      0.00[0m[34;22m      0.00[0m[34;1m     86.10[0m
18:03:03   [32;22m     all[0m[34;1m      3.24[0m[34;22m      0.00[0m[34;1m      2.16[0m[34;22m      0.00[0m[34;22m      0.00[0m[34;1m     94.59[0m
18:03:04   [32;22m     all[0m[34;1m      2.78[0m[34;22m      0.00[0m[34;1m      1.11[0m[34;22m      0.00[0m[34;22m      0.00[0m[34;1m     96.11[0m
18:03:05   [32;22m     all[0m[34;1m      3.24[0m[34;22m      0.00[0m[34;1m      3.24[0m[34;22m      0.00[0m[34;22m      0.00[0m[34;1m     93.51[0m
18:03:06   [32;22m     all[0m[34;1m      3.80[0m[34;22m      0.00[0m[34;1m      2.17[0m[34;22m      0.00[0m[34;22m      0.00[0m[34;1m     94.02[0m
18:03:07   [32;22m     all[0m[34;1m      4.32[0m[34;22m      0.00[0m[34;1m      3.24[0m[34;22m      0.00[0m[34;22m      0.00[0m[34;1m     92.43[0m
18:03:08   [32;22m     all[0m[34;1m      3.83[0m[34;22m      0.00[0m[34;1m      2.19[0m[34;22m      0.00[0m[34;22m      0.00[0m[34;1m     93.99[0m
18:03:09   [32;22m     all[0m[34;1m      2.15[0m[34;22m      0.00[0m[34;1m      2.15[0m[34;22m      0.00[0m[34;22m      0.00[0m[34;1m     95.70[0m
18:03:10   [32;22m     all[0m[34;1m      2.70[0m[34;22m      0.00[0m[34;1m      1.62[0m[34;1m      0.54[0m[34;22m      0.00[0m[34;1m     95.14[0m
18:03:11   [32;22m     all[0m[34;1m      2.69[0m[34;22m      0.00[0m[34;1m      2.69[0m[34;22m      0.00[0m[34;22m      0.00[0m[34;1m     94.62[0m
18:03:12   [32;22m     all[0m[34;1m      7.65[0m[34;22m      0.00[0m[34;1m      5.46[0m[34;22m      0.00[0m[34;22m      0.00[0m[34;1m     86.89[0m
18:03:13   [32;22m     all[0m[34;1m      2.73[0m[34;22m      0.00[0m[34;1m      3.83[0m[34;1m      0.55[0m[34;22m      0.00[0m[34;1m     92.90[0m
18:03:14   [32;22m     all[0m[34;1m      4.30[0m[34;22m      0.00[0m[34;1m      2.69[0m[34;22m      0.00[0m[34;22m      0.00[0m[34;1m     93.01[0m
18:03:15   [32;22m     all[0m[34;1m      4.95[0m[34;22m      0.00[0m[34;1m      2.75[0m[34;22m      0.00[0m[34;22m      0.00[0m[34;1m     92.31[0m
18:03:16   [32;22m     all[0m[34;1m      6.04[0m[34;22m      0.00[0m[34;1m      3.85[0m[34;22m      0.00[0m[34;22m      0.00[0m[34;1m     90.11[0m
18:03:17   [32;22m     all[0m[34;1m      2.70[0m[34;22m      0.00[0m[34;1m      3.24[0m[34;22m      0.00[0m[34;22m      0.00[0m[34;1m     94.05[0m
18:03:18   [32;22m     all[0m[34;1m      3.23[0m[34;22m      0.00[0m[34;1m      2.69[0m[34;22m      0.00[0m[34;22m      0.00[0m[34;1m     94.09[0m
18:03:19   [32;22m     all[0m[34;1m      3.26[0m[34;22m      0.00[0m[34;1m      2.17[0m[34;22m      0.00[0m[34;22m      0.00[0m[34;1m     94.57[0m
18:03:20   [32;22m     all[0m[34;1m      3.76[0m[34;22m      0.00[0m[34;1m      4.84[0m[34;22m      0.00[0m[34;22m      0.00[0m[34;1m     91.40[0m
18:03:21   [32;22m     all[0m[34;1m      3.78[0m[34;22m      0.00[0m[34;1m      2.70[0m[34;22m      0.00[0m[34;22m      0.00[0m[34;1m     93.51[0m
18:03:22   [32;22m     all[0m[34;1m      6.04[0m[34;22m      0.00[0m[34;1m      6.04[0m[34;22m      0.00[0m[34;22m      0.00[0m[34;1m     87.91[0m
18:03:23   [32;22m     all[0m[34;1m      2.70[0m[34;22m      0.00[0m[34;1m      1.62[0m[34;22m      0.00[0m[34;22m      0.00[0m[34;1m     95.68[0m
18:03:24   [32;22m     all[0m[34;1m      4.28[0m[34;22m      0.00[0m[34;1m      3.21[0m[34;22m      0.00[0m[34;22m      0.00[0m[34;1m     92.51[0m
18:03:25   [32;22m     all[0m[34;1m      3.78[0m[34;22m      0.00[0m[34;1m      4.32[0m[34;22m      0.00[0m[34;22m      0.00[0m[34;1m     91.89[0m
18:03:26   [32;22m     all[0m[34;1m      3.19[0m[34;22m      0.00[0m[34;1m      2.66[0m[34;22m      0.00[0m[34;22m      0.00[0m[34;1m     94.15[0m
18:03:27   [32;22m     all[0m[34;1m      3.23[0m[34;22m      0.00[0m[34;1m      2.15[0m[34;22m      0.00[0m[34;22m      0.00[0m[34;1m     94.62[0m
18:03:28   [32;22m     all[0m[34;1m      2.17[0m[34;22m      0.00[0m[34;1m      2.17[0m[34;22m      0.00[0m[34;22m      0.00[0m[34;1m     95.65[0m
18:03:29   [32;22m     all[0m[34;1m      3.19[0m[34;22m      0.00[0m[34;1m      2.13[0m[34;22m      0.00[0m[34;22m      0.00[0m[34;1m     94.68[0m
18:03:30   [32;22m     all[0m[34;1m      5.43[0m[34;22m      0.00[0m[34;1m      3.80[0m[34;22m      0.00[0m[34;22m      0.00[0m[34;1m     90.76[0m
18:03:31   [32;22m     all[0m[34;1m      3.23[0m[34;22m      0.00[0m[34;1m      1.61[0m[34;22m      0.00[0m[34;22m      0.00[0m[34;1m     95.16[0m
18:03:32   [32;22m     all[0m[34;1m      8.94[0m[34;22m      0.00[0m[34;1m      5.59[0m[34;22m      0.00[0m[34;22m      0.00[0m[34;1m     85.47[0m
18:03:33   [32;22m     all[0m[34;1m      3.24[0m[34;22m      0.00[0m[34;1m      3.78[0m[34;22m      0.00[0m[34;22m      0.00[0m[34;1m     92.97[0m
18:03:34   [32;22m     all[0m[34;1m      2.21[0m[34;22m      0.00[0m[34;1m      2.21[0m[34;22m      0.00[0m[34;22m      0.00[0m[34;1m     95.58[0m
18:03:35   [32;22m     all[0m[34;1m      3.23[0m[34;22m      0.00[0m[34;1m      3.23[0m[34;22m      0.00[0m[34;22m      0.00[0m[34;1m     93.55[0m
18:03:36   [32;22m     all[0m[34;1m      4.89[0m[34;22m      0.00[0m[34;1m      2.72[0m[34;22m      0.00[0m[34;22m      0.00[0m[34;1m     92.39[0m
18:03:37   [32;22m     all[0m[34;1m      2.69[0m[34;22m      0.00[0m[34;1m      2.69[0m[34;22m      0.00[0m[34;22m      0.00[0m[34;1m     94.62[0m
18:03:38   [32;22m     all[0m[34;1m      5.08[0m[34;22m      0.00[0m[34;1m      3.39[0m[34;22m      0.00[0m[34;22m      0.00[0m[34;1m     91.53[0m
18:03:39   [32;22m     all[0m[34;1m      4.32[0m[34;22m      0.00[0m[34;1m      1.62[0m[34;22m      0.00[0m[34;22m      0.00[0m[34;1m     94.05[0m
18:03:40   [32;22m     all[0m[34;1m      3.80[0m[34;22m      0.00[0m[34;1m      3.80[0m[34;22m      0.00[0m[34;22m      0.00[0m[34;1m     92.39[0m
18:03:41   [32;22m     all[0m[34;1m      3.26[0m[34;22m      0.00[0m[34;1m      2.72[0m[34;22m      0.00[0m[34;22m      0.00[0m[34;1m     94.02[0m
18:03:42   [32;22m     all[0m[34;1m      6.01[0m[34;22m      0.00[0m[34;1m      4.92[0m[34;22m      0.00[0m[34;22m      0.00[0m[34;1m     89.07[0m
18:03:43   [32;22m     all[0m[34;1m      2.72[0m[34;22m      0.00[0m[34;1m      1.63[0m[34;22m      0.00[0m[34;22m      0.00[0m[34;1m     95.65[0m
18:03:44   [32;22m     all[0m[34;1m      3.76[0m[34;22m      0.00[0m[34;1m      2.15[0m[34;22m      0.00[0m[34;22m      0.00[0m[34;1m     94.09[0m
18:03:45   [32;22m     all[0m[34;1m      5.35[0m[34;22m      0.00[0m[34;1m      3.74[0m[34;22m      0.00[0m[34;22m      0.00[0m[34;1m     90.91[0m
18:03:46   [32;22m     all[0m[34;1m      3.26[0m[34;22m      0.00[0m[34;1m      2.72[0m[34;22m      0.00[0m[34;22m      0.00[0m[34;1m     94.02[0m
18:03:47   [32;22m     all[0m[34;1m      3.74[0m[34;22m      0.00[0m[34;1m      2.67[0m[34;22m      0.00[0m[34;22m      0.00[0m[34;1m     93.58[0m
18:03:48   [32;22m     all[0m[34;1m      3.24[0m[34;22m      0.00[0m[34;1m      1.62[0m[34;22m      0.00[0m[34;22m      0.00[0m[34;1m     95.14[0m
18:03:49   [32;22m     all[0m[34;1m      3.80[0m[34;22m      0.00[0m[34;1m      3.26[0m[34;22m      0.00[0m[34;22m      0.00[0m[34;1m     92.93[0m
18:03:50   [32;22m     all[0m[34;1m      3.23[0m[34;22m      0.00[0m[34;1m      3.23[0m[34;22m      0.00[0m[34;22m      0.00[0m[34;1m     93.55[0m
18:03:51   [32;22m     all[0m[34;1m      2.72[0m[34;22m      0.00[0m[34;1m      2.72[0m[34;22m      0.00[0m[34;22m      0.00[0m[34;1m     94.57[0m
18:03:52   [32;22m     all[0m[34;1m      6.42[0m[34;22m      0.00[0m[34;1m      5.88[0m[34;22m      0.00[0m[34;22m      0.00[0m[34;1m     87.70[0m
18:03:53   [32;22m     all[0m[34;1m      2.17[0m[34;22m      0.00[0m[34;1m      2.17[0m[34;22m      0.00[0m[34;22m      0.00[0m[34;1m     95.65[0m
18:03:54   [32;22m     all[0m[34;1m      3.21[0m[34;22m      0.00[0m[34;1m      3.21[0m[34;22m      0.00[0m[34;22m      0.00[0m[34;1m     93.58[0m
18:03:55   [32;22m     all[0m[34;1m      3.30[0m[34;22m      0.00[0m[34;1m      2.75[0m[34;22m      0.00[0m[34;22m      0.00[0m[34;1m     93.96[0m
18:03:56   [32;22m     all[0m[34;1m      4.84[0m[34;22m      0.00[0m[34;1m      3.23[0m[34;1m      0.54[0m[34;22m      0.00[0m[34;1m     91.40[0m
18:03:57   [32;22m     all[0m[34;1m      2.67[0m[34;22m      0.00[0m[34;1m      2.67[0m[34;22m      0.00[0m[34;22m      0.00[0m[34;1m     94.65[0m
18:03:58   [32;22m     all[0m[34;1m      3.26[0m[34;22m      0.00[0m[34;1m      1.63[0m[34;22m      0.00[0m[34;22m      0.00[0m[34;1m     95.11[0m
18:03:59   [32;22m     all[0m[34;1m      2.72[0m[34;22m      0.00[0m[34;1m      2.72[0m[34;22m      0.00[0m[34;22m      0.00[0m[34;1m     94.57[0m
18:04:00   [32;22m     all[0m[34;1m      5.46[0m[34;22m      0.00[0m[34;1m      3.83[0m[34;22m      0.00[0m[34;22m      0.00[0m[34;1m     90.71[0m
18:04:01   [32;22m     all[0m[34;1m      3.26[0m[34;22m      0.00[0m[34;1m      1.09[0m[34;22m      0.00[0m[34;22m      0.00[0m[34;1m     95.65[0m
18:04:02   [32;22m     all[0m[34;1m      6.42[0m[34;22m      0.00[0m[34;1m      3.74[0m[34;22m      0.00[0m[34;22m      0.00[0m[34;1m     89.84[0m
18:04:03   [32;22m     all[0m[34;1m      4.81[0m[34;22m      0.00[0m[34;1m      4.81[0m[34;22m      0.00[0m[34;22m      0.00[0m[34;1m     90.37[0m
18:04:04   [32;22m     all[0m[34;1m      3.26[0m[34;22m      0.00[0m[34;1m      2.17[0m[34;22m      0.00[0m[34;22m      0.00[0m[34;1m     94.57[0m
18:04:05   [32;22m     all[0m[34;1m      2.73[0m[34;22m      0.00[0m[34;1m      3.83[0m[34;22m      0.00[0m[34;22m      0.00[0m[34;1m     93.44[0m
18:04:06   [32;22m     all[0m[34;1m      5.41[0m[34;22m      0.00[0m[34;1m      2.70[0m[34;1m      0.54[0m[34;22m      0.00[0m[34;1m     91.35[0m
18:04:07   [32;22m     all[0m[34;1m      3.21[0m[34;22m      0.00[0m[34;1m      2.67[0m[34;22m      0.00[0m[34;22m      0.00[0m[34;1m     94.12[0m
18:04:08   [32;22m     all[0m[34;1m      2.70[0m[34;22m      0.00[0m[34;1m      2.16[0m[34;22m      0.00[0m[34;22m      0.00[0m[34;1m     95.14[0m
18:04:09   [32;22m     all[0m[34;1m      2.19[0m[34;22m      0.00[0m[34;1m      2.73[0m[34;22m      0.00[0m[34;22m      0.00[0m[34;1m     95.08[0m
18:04:10   [32;22m     all[0m[34;1m      4.89[0m[34;22m      0.00[0m[34;1m      2.17[0m[34;22m      0.00[0m[34;22m      0.00[0m[34;1m     92.93[0m
18:04:11   [32;22m     all[0m[34;1m      7.45[0m[34;22m      0.00[0m[34;1m      2.66[0m[34;22m      0.00[0m[34;22m      0.00[0m[34;1m     89.89[0m
18:04:12   [32;22m     all[0m[34;1m      4.86[0m[34;22m      0.00[0m[34;1m      3.24[0m[34;22m      0.00[0m[34;22m      0.00[0m[34;1m     91.89[0m
18:04:13   [32;22m     all[0m[34;1m      5.98[0m[34;22m      0.00[0m[34;1m      3.26[0m[34;22m      0.00[0m[34;22m      0.00[0m[34;1m     90.76[0m
18:04:14   [32;22m     all[0m[34;1m      3.24[0m[34;22m      0.00[0m[34;1m      2.16[0m[34;22m      0.00[0m[34;22m      0.00[0m[34;1m     94.59[0m
18:04:15   [32;22m     all[0m[34;1m      6.56[0m[34;22m      0.00[0m[34;1m      4.92[0m[34;22m      0.00[0m[34;22m      0.00[0m[34;1m     88.52[0m
18:04:16   [32;22m     all[0m[34;1m      4.89[0m[34;22m      0.00[0m[34;1m      2.17[0m[34;22m      0.00[0m[34;22m      0.00[0m[34;1m     92.93[0m
18:04:17   [32;22m     all[0m[34;1m      3.76[0m[34;22m      0.00[0m[34;1m      2.69[0m[34;22m      0.00[0m[34;22m      0.00[0m[34;1m     93.55[0m
18:04:18   [32;22m     all[0m[34;1m      1.62[0m[34;22m      0.00[0m[34;1m      1.62[0m[34;22m      0.00[0m[34;22m      0.00[0m[34;1m     96.76[0m
18:04:19   [32;22m     all[0m[34;1m      3.76[0m[34;22m      0.00[0m[34;1m      3.23[0m[34;22m      0.00[0m[34;22m      0.00[0m[34;1m     93.01[0m
18:04:20   [32;22m     all[0m[34;1m      3.21[0m[34;22m      0.00[0m[34;1m      3.21[0m[34;22m      0.00[0m[34;22m      0.00[0m[34;1m     93.58[0m
18:04:21   [32;22m     all[0m[34;1m      4.37[0m[34;22m      0.00[0m[34;1m      2.73[0m[34;22m      0.00[0m[34;22m      0.00[0m[34;1m     92.90[0m
18:04:22   [32;22m     all[0m[34;1m      3.78[0m[34;22m      0.00[0m[34;1m      2.16[0m[34;1m      0.54[0m[34;22m      0.00[0m[34;1m     93.51[0m
18:04:23   [32;22m     all[0m[34;1m      4.32[0m[34;22m      0.00[0m[34;1m      5.95[0m[34;22m      0.00[0m[34;22m      0.00[0m[34;1m     89.73[0m
18:04:24   [32;22m     all[0m[34;1m      3.19[0m[34;22m      0.00[0m[34;1m      2.13[0m[34;22m      0.00[0m[34;22m      0.00[0m[34;1m     94.68[0m
18:04:25   [32;22m     all[0m[34;1m      2.17[0m[34;22m      0.00[0m[34;1m      3.80[0m[34;22m      0.00[0m[34;22m      0.00[0m[34;1m     94.02[0m
18:04:26   [32;22m     all[0m[34;1m      4.35[0m[34;22m      0.00[0m[34;1m      3.80[0m[34;22m      0.00[0m[34;22m      0.00[0m[34;1m     91.85[0m
18:04:27   [32;22m     all[0m[34;1m      3.78[0m[34;22m      0.00[0m[34;1m      2.70[0m[34;22m      0.00[0m[34;22m      0.00[0m[34;1m     93.51[0m
18:04:28   [32;22m     all[0m[34;1m      2.67[0m[34;22m      0.00[0m[34;1m      3.21[0m[34;22m      0.00[0m[34;22m      0.00[0m[34;1m     94.12[0m
18:04:29   [32;22m     all[0m[34;1m      3.23[0m[34;22m      0.00[0m[34;1m      2.69[0m[34;22m      0.00[0m[34;22m      0.00[0m[34;1m     94.09[0m
18:04:30   [32;22m     all[0m[34;1m      6.04[0m[34;22m      0.00[0m[34;1m      3.85[0m[34;22m      0.00[0m[34;22m      0.00[0m[34;1m     90.11[0m
18:04:31   [32;22m     all[0m[34;1m      4.28[0m[34;22m      0.00[0m[34;1m      3.21[0m[34;22m      0.00[0m[34;22m      0.00[0m[34;1m     92.51[0m
18:04:32   [32;22m     all[0m[34;1m      9.84[0m[34;22m      0.00[0m[34;1m      4.92[0m[34;22m      0.00[0m[34;22m      0.00[0m[34;1m     85.25[0m
18:04:33   [32;22m     all[0m[34;1m      5.41[0m[34;22m      0.00[0m[34;1m      4.86[0m[34;22m      0.00[0m[34;22m      0.00[0m[34;1m     89.73[0m
18:04:34   [32;22m     all[0m[34;1m      3.83[0m[34;22m      0.00[0m[34;1m      2.19[0m[34;22m      0.00[0m[34;22m      0.00[0m[34;1m     93.99[0m
18:04:35   [32;22m     all[0m[34;1m      2.69[0m[34;22m      0.00[0m[34;1m      3.76[0m[34;22m      0.00[0m[34;22m      0.00[0m[34;1m     93.55[0m
18:04:36   [32;22m     all[0m[34;1m      4.32[0m[34;22m      0.00[0m[34;1m      2.16[0m[34;22m      0.00[0m[34;22m      0.00[0m[34;1m     93.51[0m
18:04:37   [32;22m     all[0m[34;1m      6.01[0m[34;22m      0.00[0m[34;1m      4.37[0m[34;22m      0.00[0m[34;22m      0.00[0m[34;1m     89.62[0m
18:04:38   [32;22m     all[0m[34;1m      2.67[0m[34;22m      0.00[0m[34;1m      1.60[0m[34;22m      0.00[0m[34;22m      0.00[0m[34;1m     95.72[0m
18:04:39   [32;22m     all[0m[34;1m      3.76[0m[34;22m      0.00[0m[34;1m      3.23[0m[34;22m      0.00[0m[34;22m      0.00[0m[34;1m     93.01[0m
18:04:40   [32;22m     all[0m[34;1m      2.16[0m[34;22m      0.00[0m[34;1m      2.70[0m[34;22m      0.00[0m[34;22m      0.00[0m[34;1m     95.14[0m
18:04:41   [32;22m     all[0m[34;1m      3.28[0m[34;22m      0.00[0m[34;1m      1.64[0m[34;22m      0.00[0m[34;22m      0.00[0m[34;1m     95.08[0m
18:04:42   [32;22m     all[0m[34;1m      4.32[0m[34;22m      0.00[0m[34;1m      3.24[0m[34;22m      0.00[0m[34;22m      0.00[0m[34;1m     92.43[0m
18:04:43   [32;22m     all[0m[34;1m      4.84[0m[34;22m      0.00[0m[34;1m      4.84[0m[34;1m      0.54[0m[34;22m      0.00[0m[34;1m     89.78[0m
18:04:44   [32;22m     all[0m[34;1m      3.26[0m[34;22m      0.00[0m[34;1m      1.63[0m[34;22m      0.00[0m[34;22m      0.00[0m[34;1m     95.11[0m
18:04:45   [32;22m     all[0m[34;1m      4.89[0m[34;22m      0.00[0m[34;1m      3.80[0m[34;22m      0.00[0m[34;22m      0.00[0m[34;1m     91.30[0m
18:04:46   [32;22m     all[0m[34;1m      3.23[0m[34;22m      0.00[0m[34;1m      2.69[0m[34;22m      0.00[0m[34;22m      0.00[0m[34;1m     94.09[0m
18:04:47   [32;22m     all[0m[34;1m      3.30[0m[34;22m      0.00[0m[34;1m      1.10[0m[34;22m      0.00[0m[34;22m      0.00[0m[34;1m     95.60[0m
18:04:48   [32;22m     all[0m[34;1m      2.72[0m[34;22m      0.00[0m[34;1m      2.72[0m[34;22m      0.00[0m[34;22m      0.00[0m[34;1m     94.57[0m
18:04:49   [32;22m     all[0m[34;1m      3.24[0m[34;22m      0.00[0m[34;1m      2.70[0m[34;22m      0.00[0m[34;22m      0.00[0m[34;1m     94.05[0m
18:04:50   [32;22m     all[0m[34;1m      3.76[0m[34;22m      0.00[0m[34;1m      3.23[0m[34;22m      0.00[0m[34;22m      0.00[0m[34;1m     93.01[0m
18:04:51   [32;22m     all[0m[34;1m      4.79[0m[34;22m      0.00[0m[34;1m      3.19[0m[34;22m      0.00[0m[34;22m      0.00[0m[34;1m     92.02[0m
18:04:52   [32;22m     all[0m[34;1m      3.26[0m[34;22m      0.00[0m[34;1m      3.80[0m[34;22m      0.00[0m[34;22m      0.00[0m[34;1m     92.93[0m
18:04:53   [32;22m     all[0m[34;1m      4.92[0m[34;22m      0.00[0m[34;1m      4.37[0m[34;22m      0.00[0m[34;22m      0.00[0m[34;1m     90.71[0m
18:04:54   [32;22m     all[0m[34;1m      2.15[0m[34;22m      0.00[0m[34;1m      2.69[0m[34;22m      0.00[0m[34;22m      0.00[0m[34;1m     95.16[0m
18:04:55   [32;22m     all[0m[34;1m      4.32[0m[34;22m      0.00[0m[34;1m      2.16[0m[34;22m      0.00[0m[34;22m      0.00[0m[34;1m     93.51[0m
18:04:56   [32;22m     all[0m[34;1m      2.72[0m[34;22m      0.00[0m[34;1m      2.17[0m[34;22m      0.00[0m[34;22m      0.00[0m[34;1m     95.11[0m
18:04:57   [32;22m     all[0m[34;1m      3.26[0m[34;22m      0.00[0m[34;1m      2.72[0m[34;22m      0.00[0m[34;22m      0.00[0m[34;1m     94.02[0m
18:04:58   [32;22m     all[0m[34;1m      2.15[0m[34;22m      0.00[0m[34;1m      3.23[0m[34;22m      0.00[0m[34;22m      0.00[0m[34;1m     94.62[0m
18:04:59   [32;22m     all[0m[34;1m      3.21[0m[34;22m      0.00[0m[34;1m      3.21[0m[34;22m      0.00[0m[34;22m      0.00[0m[34;1m     93.58[0m
18:05:00   [32;22m     all[0m[34;1m      3.78[0m[34;22m      0.00[0m[34;1m      4.32[0m[34;1m      0.54[0m[34;22m      0.00[0m[34;1m     91.35[0m
18:05:01   [32;22m     all[0m[34;1m      3.23[0m[34;22m      0.00[0m[34;1m      2.69[0m[34;22m      0.00[0m[34;22m      0.00[0m[34;1m     94.09[0m
18:05:02   [32;22m     all[0m[34;1m      7.07[0m[34;22m      0.00[0m[34;1m      3.26[0m[34;22m      0.00[0m[34;22m      0.00[0m[34;1m     89.67[0m
18:05:03   [32;22m     all[0m[34;1m      4.30[0m[34;22m      0.00[0m[34;1m      4.84[0m[34;22m      0.00[0m[34;22m      0.00[0m[34;1m     90.86[0m
18:05:04   [32;22m     all[0m[34;1m      3.23[0m[34;22m      0.00[0m[34;1m      2.69[0m[34;22m      0.00[0m[34;22m      0.00[0m[34;1m     94.09[0m
18:05:05   [32;22m     all[0m[34;1m      3.26[0m[34;22m      0.00[0m[34;1m      2.17[0m[34;22m      0.00[0m[34;22m      0.00[0m[34;1m     94.57[0m
18:05:06   [32;22m     all[0m[34;1m      4.28[0m[34;22m      0.00[0m[34;1m      3.21[0m[34;22m      0.00[0m[34;22m      0.00[0m[34;1m     92.51[0m
18:05:07   [32;22m     all[0m[34;1m      4.32[0m[34;22m      0.00[0m[34;1m      2.70[0m[34;22m      0.00[0m[34;22m      0.00[0m[34;1m     92.97[0m
18:05:08   [32;22m     all[0m[34;1m      3.26[0m[34;22m      0.00[0m[34;1m      3.26[0m[34;22m      0.00[0m[34;22m      0.00[0m[34;1m     93.48[0m
18:05:09   [32;22m     all[0m[34;1m      3.26[0m[34;22m      0.00[0m[34;1m      2.72[0m[34;22m      0.00[0m[34;22m      0.00[0m[34;1m     94.02[0m
18:05:10   [32;22m     all[0m[34;1m      2.16[0m[34;22m      0.00[0m[34;1m      3.24[0m[34;22m      0.00[0m[34;22m      0.00[0m[34;1m     94.59[0m
18:05:11   [32;22m     all[0m[34;1m      3.24[0m[34;22m      0.00[0m[34;1m      3.24[0m[34;22m      0.00[0m[34;22m      0.00[0m[34;1m     93.51[0m
18:05:12   [32;22m     all[0m[34;1m      4.32[0m[34;22m      0.00[0m[34;1m      3.24[0m[34;22m      0.00[0m[34;22m      0.00[0m[34;1m     92.43[0m
18:05:13   [32;22m     all[0m[34;1m      7.49[0m[34;22m      0.00[0m[34;1m      5.35[0m[34;22m      0.00[0m[34;22m      0.00[0m[34;1m     87.17[0m
18:05:14   [32;22m     all[0m[34;1m      3.85[0m[34;22m      0.00[0m[34;1m      1.65[0m[34;22m      0.00[0m[34;22m      0.00[0m[34;1m     94.51[0m
18:05:15   [32;22m     all[0m[34;1m      4.86[0m[34;22m      0.00[0m[34;1m      4.32[0m[34;1m      0.54[0m[34;22m      0.00[0m[34;1m     90.27[0m
18:05:16   [32;22m     all[0m[34;1m      3.24[0m[34;22m      0.00[0m[34;1m      2.16[0m[34;22m      0.00[0m[34;22m      0.00[0m[34;1m     94.59[0m
18:05:17   [32;22m     all[0m[34;1m      2.70[0m[34;22m      0.00[0m[34;1m      2.70[0m[34;22m      0.00[0m[34;22m      0.00[0m[34;1m     94.59[0m
18:05:18   [32;22m     all[0m[34;1m      3.23[0m[34;22m      0.00[0m[34;1m      1.61[0m[34;22m      0.00[0m[34;22m      0.00[0m[34;1m     95.16[0m
18:05:19   [32;22m     all[0m[34;1m      3.28[0m[34;22m      0.00[0m[34;1m      2.19[0m[34;22m      0.00[0m[34;22m      0.00[0m[34;1m     94.54[0m
18:05:20   [32;22m     all[0m[34;1m      3.28[0m[34;22m      0.00[0m[34;1m      2.73[0m[34;22m      0.00[0m[34;22m      0.00[0m[34;1m     93.99[0m
18:05:21   [32;22m     all[0m[34;1m      3.26[0m[34;22m      0.00[0m[34;1m      2.72[0m[34;22m      0.00[0m[34;22m      0.00[0m[34;1m     94.02[0m
18:05:22   [32;22m     all[0m[34;1m      3.78[0m[34;22m      0.00[0m[34;1m      3.24[0m[34;22m      0.00[0m[34;22m      0.00[0m[34;1m     92.97[0m
18:05:23   [32;22m     all[0m[34;1m      4.37[0m[34;22m      0.00[0m[34;1m      4.92[0m[34;22m      0.00[0m[34;22m      0.00[0m[34;1m     90.71[0m
18:05:24   [32;22m     all[0m[34;1m      2.17[0m[34;22m      0.00[0m[34;1m      2.17[0m[34;22m      0.00[0m[34;22m      0.00[0m[34;1m     95.65[0m
18:05:25   [32;22m     all[0m[34;1m      3.80[0m[34;22m      0.00[0m[34;1m      3.26[0m[34;22m      0.00[0m[34;22m      0.00[0m[34;1m     92.93[0m
18:05:26   [32;22m     all[0m[34;1m      2.21[0m[34;22m      0.00[0m[34;1m      1.66[0m[34;22m      0.00[0m[34;22m      0.00[0m[34;1m     96.13[0m
18:05:27   [32;22m     all[0m[34;1m      5.35[0m[34;22m      0.00[0m[34;1m      4.28[0m[34;22m      0.00[0m[34;22m      0.00[0m[34;1m     90.37[0m
18:05:28   [32;22m     all[0m[34;1m      2.17[0m[34;22m      0.00[0m[34;1m      1.63[0m[34;22m      0.00[0m[34;22m      0.00[0m[34;1m     96.20[0m
18:05:29   [32;22m     all[0m[34;1m      2.66[0m[34;22m      0.00[0m[34;1m      2.66[0m[34;22m      0.00[0m[34;22m      0.00[0m[34;1m     94.68[0m
18:05:30   [32;22m     all[0m[34;1m      4.92[0m[34;22m      0.00[0m[34;1m      3.28[0m[34;22m      0.00[0m[34;22m      0.00[0m[34;1m     91.80[0m
18:05:31   [32;22m     all[0m[34;1m      3.24[0m[34;22m      0.00[0m[34;1m      3.24[0m[34;22m      0.00[0m[34;22m      0.00[0m[34;1m     93.51[0m
18:05:32   [32;22m     all[0m[34;1m      6.49[0m[34;22m      0.00[0m[34;1m      3.24[0m[34;1m      0.54[0m[34;22m      0.00[0m[34;1m     89.73[0m
18:05:33   [32;22m     all[0m[34;1m      5.41[0m[34;22m      0.00[0m[34;1m      4.32[0m[34;22m      0.00[0m[34;22m      0.00[0m[34;1m     90.27[0m
18:05:34   [32;22m     all[0m[34;1m      3.76[0m[34;22m      0.00[0m[34;1m      3.76[0m[34;22m      0.00[0m[34;22m      0.00[0m[34;1m     92.47[0m
18:05:35   [32;22m     all[0m[34;1m      4.35[0m[34;22m      0.00[0m[34;1m      4.89[0m[34;22m      0.00[0m[34;22m      0.00[0m[34;1m     90.76[0m
18:05:36   [32;22m     all[0m[34;1m      3.78[0m[34;22m      0.00[0m[34;1m      3.24[0m[34;22m      0.00[0m[34;22m      0.00[0m[34;1m     92.97[0m
18:05:37   [32;22m     all[0m[34;1m      3.74[0m[34;22m      0.00[0m[34;1m      2.67[0m[34;22m      0.00[0m[34;22m      0.00[0m[34;1m     93.58[0m
18:05:38   [32;22m     all[0m[34;1m      5.38[0m[34;22m      0.00[0m[34;1m      4.30[0m[34;1m      0.54[0m[34;22m      0.00[0m[34;1m     89.78[0m
18:05:39   [32;22m     all[0m[34;1m      5.46[0m[34;22m      0.00[0m[34;1m      3.28[0m[34;22m      0.00[0m[34;22m      0.00[0m[34;1m     91.26[0m
18:05:40   [32;22m     all[0m[34;1m      2.15[0m[34;22m      0.00[0m[34;1m      3.76[0m[34;22m      0.00[0m[34;22m      0.00[0m[34;1m     94.09[0m
18:05:41   [32;22m     all[0m[34;1m      2.67[0m[34;22m      0.00[0m[34;1m      2.67[0m[34;22m      0.00[0m[34;22m      0.00[0m[34;1m     94.65[0m
18:05:42   [32;22m     all[0m[34;1m      4.84[0m[34;22m      0.00[0m[34;1m      3.76[0m[34;22m      0.00[0m[34;22m      0.00[0m[34;1m     91.40[0m
18:05:43   [32;22m     all[0m[34;1m      4.30[0m[34;22m      0.00[0m[34;1m      3.23[0m[34;22m      0.00[0m[34;22m      0.00[0m[34;1m     92.47[0m
18:05:44   [32;22m     all[0m[34;1m      3.76[0m[34;22m      0.00[0m[34;1m      2.69[0m[34;22m      0.00[0m[34;22m      0.00[0m[34;1m     93.55[0m
18:05:45   [32;22m     all[0m[34;1m      3.26[0m[34;22m      0.00[0m[34;1m      3.80[0m[34;22m      0.00[0m[34;22m      0.00[0m[34;1m     92.93[0m
18:05:46   [32;22m     all[0m[34;1m      3.72[0m[34;22m      0.00[0m[34;1m      3.72[0m[34;22m      0.00[0m[34;22m      0.00[0m[34;1m     92.55[0m
18:05:47   [32;22m     all[0m[34;1m      2.20[0m[34;22m      0.00[0m[34;1m      3.30[0m[34;22m      0.00[0m[34;22m      0.00[0m[34;1m     94.51[0m
18:05:48   [32;22m     all[0m[34;1m      3.26[0m[34;22m      0.00[0m[34;1m      1.09[0m[34;22m      0.00[0m[34;22m      0.00[0m[34;1m     95.65[0m
18:05:49   [32;22m     all[0m[34;1m      3.26[0m[34;22m      0.00[0m[34;1m      3.80[0m[34;22m      0.00[0m[34;22m      0.00[0m[34;1m     92.93[0m
18:05:50   [32;22m     all[0m[34;1m      3.80[0m[34;22m      0.00[0m[34;1m      2.72[0m[34;22m      0.00[0m[34;22m      0.00[0m[34;1m     93.48[0m
18:05:51   [32;22m     all[0m[34;1m      4.89[0m[34;22m      0.00[0m[34;1m      2.17[0m[34;22m      0.00[0m[34;22m      0.00[0m[34;1m     92.93[0m
18:05:52   [32;22m     all[0m[34;1m      4.30[0m[34;22m      0.00[0m[34;1m      3.23[0m[34;22m      0.00[0m[34;22m      0.00[0m[34;1m     92.47[0m
18:05:53   [32;22m     all[0m[34;1m      4.86[0m[34;22m      0.00[0m[34;1m      3.78[0m[34;22m      0.00[0m[34;22m      0.00[0m[34;1m     91.35[0m
18:05:54   [32;22m     all[0m[34;1m      2.16[0m[34;22m      0.00[0m[34;1m      2.70[0m[34;22m      0.00[0m[34;22m      0.00[0m[34;1m     95.14[0m
18:05:55   [32;22m     all[0m[34;1m      3.28[0m[34;22m      0.00[0m[34;1m      3.28[0m[34;22m      0.00[0m[34;22m      0.00[0m[34;1m     93.44[0m
18:05:56   [32;22m     all[0m[34;1m      3.23[0m[34;22m      0.00[0m[34;1m      2.69[0m[34;22m      0.00[0m[34;22m      0.00[0m[34;1m     94.09[0m
18:05:57   [32;22m     all[0m[34;1m      3.80[0m[34;22m      0.00[0m[34;1m      2.72[0m[34;22m      0.00[0m[34;22m      0.00[0m[34;1m     93.48[0m
18:05:58   [32;22m     all[0m[34;1m      3.28[0m[34;22m      0.00[0m[34;1m      2.73[0m[34;22m      0.00[0m[34;22m      0.00[0m[34;1m     93.99[0m
18:05:59   [32;22m     all[0m[34;1m      2.72[0m[34;22m      0.00[0m[34;1m      3.26[0m[34;22m      0.00[0m[34;22m      0.00[0m[34;1m     94.02[0m
18:06:00   [32;22m     all[0m[34;1m      4.32[0m[34;22m      0.00[0m[34;1m      2.70[0m[34;22m      0.00[0m[34;22m      0.00[0m[34;1m     92.97[0m
18:06:01   [32;22m     all[0m[34;1m      3.28[0m[34;22m      0.00[0m[34;1m      3.28[0m[34;22m      0.00[0m[34;22m      0.00[0m[34;1m     93.44[0m
18:06:02   [32;22m     all[0m[34;1m      5.46[0m[34;22m      0.00[0m[34;1m      4.37[0m[34;22m      0.00[0m[34;22m      0.00[0m[34;1m     90.16[0m
18:06:03   [32;22m     all[0m[34;1m      6.52[0m[34;22m      0.00[0m[34;1m      4.89[0m[34;22m      0.00[0m[34;22m      0.00[0m[34;1m     88.59[0m
18:06:04   [32;22m     all[0m[34;1m      4.32[0m[34;22m      0.00[0m[34;1m      1.62[0m[34;22m      0.00[0m[34;22m      0.00[0m[34;1m     94.05[0m
18:06:05   [32;22m     all[0m[34;1m      2.19[0m[34;22m      0.00[0m[34;1m      2.19[0m[34;22m      0.00[0m[34;22m      0.00[0m[34;1m     95.63[0m
18:06:06   [32;22m     all[0m[34;1m      4.30[0m[34;22m      0.00[0m[34;1m      3.76[0m[34;22m      0.00[0m[34;22m      0.00[0m[34;1m     91.94[0m
18:06:07   [32;22m     all[0m[34;1m      3.83[0m[34;22m      0.00[0m[34;1m      1.64[0m[34;22m      0.00[0m[34;22m      0.00[0m[34;1m     94.54[0m
18:06:08   [32;22m     all[0m[34;1m      2.70[0m[34;22m      0.00[0m[34;1m      4.32[0m[34;22m      0.00[0m[34;22m      0.00[0m[34;1m     92.97[0m
18:06:09   [32;22m     all[0m[34;1m      4.92[0m[34;22m      0.00[0m[34;1m      2.73[0m[34;22m      0.00[0m[34;22m      0.00[0m[34;1m     92.35[0m
18:06:10   [32;22m     all[0m[34;1m      2.67[0m[34;22m      0.00[0m[34;1m      3.74[0m[34;22m      0.00[0m[34;22m      0.00[0m[34;1m     93.58[0m
18:06:11   [32;22m     all[0m[34;1m     10.64[0m[34;22m      0.00[0m[34;1m      3.19[0m[34;22m      0.00[0m[34;22m      0.00[0m[34;1m     86.17[0m
18:06:12   [32;22m     all[0m[34;1m      3.83[0m[34;22m      0.00[0m[34;1m      2.19[0m[34;22m      0.00[0m[34;22m      0.00[0m[34;1m     93.99[0m
18:06:13   [32;22m     all[0m[34;1m      5.88[0m[34;22m      0.00[0m[34;1m      4.28[0m[34;22m      0.00[0m[34;22m      0.00[0m[34;1m     89.84[0m
18:06:14   [32;22m     all[0m[34;1m      3.24[0m[34;22m      0.00[0m[34;1m      2.16[0m[34;22m      0.00[0m[34;22m      0.00[0m[34;1m     94.59[0m
18:06:15   [32;22m     all[0m[34;1m      4.32[0m[34;22m      0.00[0m[34;1m      4.32[0m[34;1m      0.54[0m[34;22m      0.00[0m[34;1m     90.81[0m
18:06:16   [32;22m     all[0m[34;1m      3.80[0m[34;22m      0.00[0m[34;1m      2.72[0m[34;22m      0.00[0m[34;22m      0.00[0m[34;1m     93.48[0m
18:06:17   [32;22m     all[0m[34;1m      3.26[0m[34;22m      0.00[0m[34;1m      2.72[0m[34;22m      0.00[0m[34;22m      0.00[0m[34;1m     94.02[0m
18:06:18   [32;22m     all[0m[34;1m      2.67[0m[34;22m      0.00[0m[34;1m      2.67[0m[34;22m      0.00[0m[34;22m      0.00[0m[34;1m     94.65[0m
18:06:19   [32;22m     all[0m[34;1m      2.72[0m[34;22m      0.00[0m[34;1m      3.26[0m[34;22m      0.00[0m[34;22m      0.00[0m[34;1m     94.02[0m
18:06:20   [32;22m     all[0m[34;1m      3.19[0m[34;22m      0.00[0m[34;1m      3.19[0m[34;22m      0.00[0m[34;22m      0.00[0m[34;1m     93.62[0m
18:06:21   [32;22m     all[0m[34;1m      5.41[0m[34;22m      0.00[0m[34;1m      3.24[0m[34;22m      0.00[0m[34;22m      0.00[0m[34;1m     91.35[0m
18:06:22   [32;22m     all[0m[34;1m      3.83[0m[34;22m      0.00[0m[34;1m      1.64[0m[34;22m      0.00[0m[34;22m      0.00[0m[34;1m     94.54[0m
18:06:23   [32;22m     all[0m[34;1m      5.91[0m[34;22m      0.00[0m[34;1m      5.91[0m[34;22m      0.00[0m[34;22m      0.00[0m[34;1m     88.17[0m
18:06:24   [32;22m     all[0m[34;1m      2.72[0m[34;22m      0.00[0m[34;1m      1.63[0m[34;22m      0.00[0m[34;22m      0.00[0m[34;1m     95.65[0m
18:06:25   [32;22m     all[0m[34;1m      3.74[0m[34;22m      0.00[0m[34;1m      2.67[0m[34;22m      0.00[0m[34;22m      0.00[0m[34;1m     93.58[0m
18:06:26   [32;22m     all[0m[34;1m      2.75[0m[34;22m      0.00[0m[34;1m      1.65[0m[34;22m      0.00[0m[34;22m      0.00[0m[34;1m     95.60[0m
18:06:27   [32;22m     all[0m[34;1m      2.14[0m[34;22m      0.00[0m[34;1m      3.74[0m[34;22m      0.00[0m[34;22m      0.00[0m[34;1m     94.12[0m
18:06:28   [32;22m     all[0m[34;1m      2.72[0m[34;22m      0.00[0m[34;1m      2.72[0m[34;22m      0.00[0m[34;22m      0.00[0m[34;1m     94.57[0m
18:06:29   [32;22m     all[0m[34;1m      3.80[0m[34;22m      0.00[0m[34;1m      2.17[0m[34;22m      0.00[0m[34;22m      0.00[0m[34;1m     94.02[0m
18:06:30   [32;22m     all[0m[34;1m      4.84[0m[34;22m      0.00[0m[34;1m      3.23[0m[34;22m      0.00[0m[34;22m      0.00[0m[34;1m     91.94[0m
18:06:31   [32;22m     all[0m[34;1m      3.83[0m[34;22m      0.00[0m[34;1m      3.28[0m[34;22m      0.00[0m[34;22m      0.00[0m[34;1m     92.90[0m
18:06:32   [32;22m     all[0m[34;1m      6.11[0m[34;22m      0.00[0m[34;1m      2.78[0m[34;22m      0.00[0m[34;22m      0.00[0m[34;1m     91.11[0m
18:06:33   [32;22m     all[0m[34;1m      6.45[0m[34;22m      0.00[0m[34;1m      6.45[0m[34;22m      0.00[0m[34;22m      0.00[0m[34;1m     87.10[0m
18:06:34   [32;22m     all[0m[34;1m      2.73[0m[34;22m      0.00[0m[34;1m      1.64[0m[34;22m      0.00[0m[34;22m      0.00[0m[34;1m     95.63[0m
18:06:35   [32;22m     all[0m[34;1m      3.24[0m[34;22m      0.00[0m[34;1m      4.32[0m[34;22m      0.00[0m[34;22m      0.00[0m[34;1m     92.43[0m
18:06:36   [32;22m     all[0m[34;1m      3.23[0m[34;22m      0.00[0m[34;1m      2.69[0m[34;22m      0.00[0m[34;22m      0.00[0m[34;1m     94.09[0m
18:06:37   [32;22m     all[0m[34;1m      3.28[0m[34;22m      0.00[0m[34;1m      1.64[0m[34;22m      0.00[0m[34;22m      0.00[0m[34;1m     95.08[0m
18:06:38   [32;22m     all[0m[34;1m      3.23[0m[34;22m      0.00[0m[34;1m      3.76[0m[34;22m      0.00[0m[34;22m      0.00[0m[34;1m     93.01[0m
18:06:39   [32;22m     all[0m[34;1m      3.83[0m[34;22m      0.00[0m[34;1m      2.19[0m[34;22m      0.00[0m[34;22m      0.00[0m[34;1m     93.99[0m
18:06:40   [32;22m     all[0m[34;1m      2.67[0m[34;22m      0.00[0m[34;1m      3.21[0m[34;22m      0.00[0m[34;22m      0.00[0m[34;1m     94.12[0m
18:06:41   [32;22m     all[0m[34;1m      2.73[0m[34;22m      0.00[0m[34;1m      1.64[0m[34;22m      0.00[0m[34;22m      0.00[0m[34;1m     95.63[0m
18:06:42   [32;22m     all[0m[34;1m      5.95[0m[34;22m      0.00[0m[34;1m      3.78[0m[34;22m      0.00[0m[34;22m      0.00[0m[34;1m     90.27[0m
18:06:43   [32;22m     all[0m[34;1m      4.84[0m[34;22m      0.00[0m[34;1m      5.38[0m[34;1m      0.54[0m[34;22m      0.00[0m[34;1m     89.25[0m
18:06:44   [32;22m     all[0m[34;1m      3.74[0m[34;22m      0.00[0m[34;1m      2.14[0m[34;22m      0.00[0m[34;22m      0.00[0m[34;1m     94.12[0m
18:06:45   [32;22m     all[0m[34;1m      3.83[0m[34;22m      0.00[0m[34;1m      3.28[0m[34;22m      0.00[0m[34;22m      0.00[0m[34;1m     92.90[0m
18:06:46   [32;22m     all[0m[34;1m      3.26[0m[34;22m      0.00[0m[34;1m      2.72[0m[34;22m      0.00[0m[34;22m      0.00[0m[34;1m     94.02[0m
18:06:47   [32;22m     all[0m[34;1m      2.69[0m[34;22m      0.00[0m[34;1m      1.08[0m[34;22m      0.00[0m[34;22m      0.00[0m[34;1m     96.24[0m
18:06:48   [32;22m     all[0m[34;1m      2.66[0m[34;22m      0.00[0m[34;1m      3.19[0m[34;22m      0.00[0m[34;22m      0.00[0m[34;1m     94.15[0m
18:06:49   [32;22m     all[0m[34;1m      3.30[0m[34;22m      0.00[0m[34;1m      3.30[0m[34;1m      0.55[0m[34;22m      0.00[0m[34;1m     92.86[0m
18:06:50   [32;22m     all[0m[34;1m      3.78[0m[34;22m      0.00[0m[34;1m      2.70[0m[34;22m      0.00[0m[34;22m      0.00[0m[34;1m     93.51[0m
18:06:51   [32;22m     all[0m[34;1m      3.76[0m[34;22m      0.00[0m[34;1m      2.69[0m[34;22m      0.00[0m[34;22m      0.00[0m[34;1m     93.55[0m
18:06:52   [32;22m     all[0m[34;1m      4.35[0m[34;22m      0.00[0m[34;1m      2.72[0m[34;22m      0.00[0m[34;22m      0.00[0m[34;1m     92.93[0m
18:06:53   [32;22m     all[0m[34;1m      3.80[0m[34;22m      0.00[0m[34;1m      3.80[0m[34;22m      0.00[0m[34;22m      0.00[0m[34;1m     92.39[0m
18:06:54   [32;22m     all[0m[34;1m      7.57[0m[34;22m      0.00[0m[34;1m      5.41[0m[34;22m      0.00[0m[34;22m      0.00[0m[34;1m     87.03[0m
18:06:55   [32;22m     all[0m[34;1m      2.69[0m[34;22m      0.00[0m[34;1m      2.69[0m[34;22m      0.00[0m[34;22m      0.00[0m[34;1m     94.62[0m
18:06:56   [32;22m     all[0m[34;1m      2.15[0m[34;22m      0.00[0m[34;1m      3.23[0m[34;22m      0.00[0m[34;22m      0.00[0m[34;1m     94.62[0m
18:06:57   [32;22m     all[0m[34;1m      3.76[0m[34;22m      0.00[0m[34;1m      2.69[0m[34;22m      0.00[0m[34;22m      0.00[0m[34;1m     93.55[0m
18:06:58   [32;22m     all[0m[34;1m      2.16[0m[34;22m      0.00[0m[34;1m      2.70[0m[34;22m      0.00[0m[34;22m      0.00[0m[34;1m     95.14[0m
18:06:59   [32;22m     all[0m[34;1m      4.35[0m[34;22m      0.00[0m[34;1m      2.72[0m[34;22m      0.00[0m[34;22m      0.00[0m[34;1m     92.93[0m
18:07:00   [32;22m     all[0m[34;1m      3.80[0m[34;22m      0.00[0m[34;1m      3.80[0m[34;22m      0.00[0m[34;22m      0.00[0m[34;1m     92.39[0m
18:07:01   [32;22m     all[0m[34;1m      4.35[0m[34;22m      0.00[0m[34;1m      2.72[0m[34;22m      0.00[0m[34;22m      0.00[0m[34;1m     92.93[0m
18:07:02   [32;22m     all[0m[34;1m      6.01[0m[34;22m      0.00[0m[34;1m      3.83[0m[34;22m      0.00[0m[34;22m      0.00[0m[34;1m     90.16[0m
18:07:03   [32;22m     all[0m[34;1m      3.21[0m[34;22m      0.00[0m[34;1m      2.14[0m[34;22m      0.00[0m[34;22m      0.00[0m[34;1m     94.65[0m
18:07:04   [32;22m     all[0m[34;1m      3.83[0m[34;22m      0.00[0m[34;1m      4.92[0m[34;22m      0.00[0m[34;22m      0.00[0m[34;1m     91.26[0m
18:07:05   [32;22m     all[0m[34;1m      2.69[0m[34;22m      0.00[0m[34;1m      2.15[0m[34;22m      0.00[0m[34;22m      0.00[0m[34;1m     95.16[0m
18:07:06   [32;22m     all[0m[34;1m      3.26[0m[34;22m      0.00[0m[34;1m      3.26[0m[34;22m      0.00[0m[34;22m      0.00[0m[34;1m     93.48[0m
18:07:07   [32;22m     all[0m[34;1m      4.30[0m[34;22m      0.00[0m[34;1m      2.15[0m[34;22m      0.00[0m[34;22m      0.00[0m[34;1m     93.55[0m
18:07:08   [32;22m     all[0m[34;1m      2.72[0m[34;22m      0.00[0m[34;1m      2.17[0m[34;22m      0.00[0m[34;22m      0.00[0m[34;1m     95.11[0m
18:07:09   [32;22m     all[0m[34;1m      3.24[0m[34;22m      0.00[0m[34;1m      2.16[0m[34;1m      0.54[0m[34;22m      0.00[0m[34;1m     94.05[0m
18:07:10   [32;22m     all[0m[34;1m      3.26[0m[34;22m      0.00[0m[34;1m      3.26[0m[34;22m      0.00[0m[34;22m      0.00[0m[34;1m     93.48[0m
18:07:11   [32;22m     all[0m[34;1m      3.21[0m[34;22m      0.00[0m[34;1m      2.67[0m[34;22m      0.00[0m[34;22m      0.00[0m[34;1m     94.12[0m
18:07:12   [32;22m     all[0m[34;1m      3.35[0m[34;22m      0.00[0m[34;1m      5.59[0m[34;22m      0.00[0m[34;22m      0.00[0m[34;1m     91.06[0m
18:07:13   [32;22m     all[0m[34;1m      4.35[0m[34;22m      0.00[0m[34;1m      1.63[0m[34;22m      0.00[0m[34;22m      0.00[0m[34;1m     94.02[0m
18:07:14   [32;22m     all[0m[34;1m      5.43[0m[34;22m      0.00[0m[34;1m      4.35[0m[34;22m      0.00[0m[34;22m      0.00[0m[34;1m     90.22[0m
18:07:15   [32;22m     all[0m[34;1m      3.30[0m[34;22m      0.00[0m[34;1m      2.20[0m[34;22m      0.00[0m[34;22m      0.00[0m[34;1m     94.51[0m
18:07:16   [32;22m     all[0m[34;1m      3.74[0m[34;22m      0.00[0m[34;1m      1.60[0m[34;22m      0.00[0m[34;22m      0.00[0m[34;1m     94.65[0m
18:07:17   [32;22m     all[0m[34;1m      2.72[0m[34;22m      0.00[0m[34;1m      3.26[0m[34;22m      0.00[0m[34;22m      0.00[0m[34;1m     94.02[0m
18:07:18   [32;22m     all[0m[34;1m      3.23[0m[34;22m      0.00[0m[34;1m      2.69[0m[34;22m      0.00[0m[34;22m      0.00[0m[34;1m     94.09[0m
18:07:19   [32;22m     all[0m[34;1m      2.73[0m[34;22m      0.00[0m[34;1m      2.19[0m[34;22m      0.00[0m[34;22m      0.00[0m[34;1m     95.08[0m
18:07:20   [32;22m     all[0m[34;1m      4.84[0m[34;22m      0.00[0m[34;1m      3.23[0m[34;22m      0.00[0m[34;22m      0.00[0m[34;1m     91.94[0m
18:07:21   [32;22m     all[0m[34;1m      3.19[0m[34;22m      0.00[0m[34;1m      2.66[0m[34;22m      0.00[0m[34;22m      0.00[0m[34;1m     94.15[0m
18:07:22   [32;22m     all[0m[34;1m      3.80[0m[34;22m      0.00[0m[34;1m      2.72[0m[34;22m      0.00[0m[34;22m      0.00[0m[34;1m     93.48[0m
18:07:23   [32;22m     all[0m[34;1m      2.70[0m[34;22m      0.00[0m[34;1m      2.70[0m[34;22m      0.00[0m[34;22m      0.00[0m[34;1m     94.59[0m
18:07:24   [32;22m     all[0m[34;1m      4.84[0m[34;22m      0.00[0m[34;1m      4.30[0m[34;22m      0.00[0m[34;22m      0.00[0m[34;1m     90.86[0m
18:07:25   [32;22m     all[0m[34;1m      3.21[0m[34;22m      0.00[0m[34;1m      2.14[0m[34;22m      0.00[0m[34;22m      0.00[0m[34;1m     94.65[0m
18:07:26   [32;22m     all[0m[34;1m      2.17[0m[34;22m      0.00[0m[34;1m      2.72[0m[34;22m      0.00[0m[34;22m      0.00[0m[34;1m     95.11[0m
18:07:27   [32;22m     all[0m[34;1m      2.66[0m[34;22m      0.00[0m[34;1m      2.66[0m[34;22m      0.00[0m[34;22m      0.00[0m[34;1m     94.68[0m
