Linux 6.6.95 (ssp-study) 	04/21/26 	_x86_64_	(2 CPU)

09:43:35        CPU     %user     %nice   %system   %iowait    %steal     %idle
09:43:36   [32;22m     all[0m[34;1m     21.05[0m[34;22m      0.00[0m[34;1m     24.56[0m[34;22m      0.00[0m[34;22m      0.00[0m[34;1m     54.39[0m
09:43:37   [32;22m     all[0m[34;1m     16.86[0m[34;22m      0.00[0m[34;1m     19.77[0m[34;22m      0.00[0m[34;22m      0.00[0m[34;1m     63.37[0m
09:43:38   [32;22m     all[0m[34;1m     14.37[0m[34;22m      0.00[0m[34;1m     22.99[0m[34;22m      0.00[0m[34;22m      0.00[0m[34;1m     62.64[0m
09:43:39   [32;22m     all[0m[34;1m     23.31[0m[34;22m      0.00[0m[34;1m     31.90[0m[34;22m      0.00[0m[34;22m      0.00[0m[34;1m     44.79[0m
09:43:40   [32;22m     all[0m[34;1m     26.19[0m[34;22m      0.00[0m[34;1m     33.93[0m[34;22m      0.00[0m[34;22m      0.00[0m[34;1m     39.88[0m
09:43:41   [32;22m     all[0m[34;1m     34.30[0m[34;22m      0.00[0m[34;1m     36.05[0m[34;22m      0.00[0m[34;22m      0.00[0m[34;1m     29.65[0m
09:43:42   [32;22m     all[0m[34;1m     35.29[0m[34;22m      0.00[0m[34;1m     39.41[0m[34;1m      1.18[0m[34;22m      0.00[0m[35;1m     24.12[0m
09:43:43   [32;22m     all[0m[34;1m     32.94[0m[34;22m      0.00[0m[34;1m     44.71[0m[34;22m      0.00[0m[34;22m      0.00[0m[35;1m     22.35[0m
09:43:44   [32;22m     all[0m[34;1m     33.33[0m[34;22m      0.00[0m[34;1m     42.69[0m[34;22m      0.00[0m[34;22m      0.00[0m[35;1m     23.98[0m
09:43:45   [32;22m     all[0m[34;1m     28.76[0m[34;22m      0.00[0m[34;1m     38.56[0m[34;22m      0.00[0m[34;22m      0.00[0m[34;1m     32.68[0m
09:43:46   [32;22m     all[0m[34;1m     36.42[0m[34;22m      0.00[0m[34;1m     44.51[0m[34;22m      0.00[0m[34;22m      0.00[0m[35;1m     19.08[0m
09:43:47   [32;22m     all[0m[34;1m     34.10[0m[34;22m      0.00[0m[34;1m     44.51[0m[34;22m      0.00[0m[34;22m      0.00[0m[35;1m     21.39[0m
09:43:48   [32;22m     all[0m[34;1m     30.00[0m[34;22m      0.00[0m[34;1m     41.18[0m[34;22m      0.00[0m[34;22m      0.00[0m[34;1m     28.82[0m
09:43:49   [32;22m     all[0m[34;1m     36.48[0m[34;22m      0.00[0m[34;1m     42.77[0m[34;1m      0.63[0m[34;22m      0.00[0m[35;1m     20.13[0m
09:43:50   [32;22m     all[0m[34;1m     43.03[0m[34;22m      0.00[0m[34;1m     52.12[0m[34;22m      0.00[0m[34;22m      0.00[0m[31;1m      4.85[0m
09:43:51   [32;22m     all[0m[34;1m     48.54[0m[34;22m      0.00[0m[34;1m     49.12[0m[34;22m      0.00[0m[34;22m      0.00[0m[31;1m      2.34[0m
09:43:52   [32;22m     all[0m[34;1m     44.58[0m[34;22m      0.00[0m[34;1m     50.00[0m[34;22m      0.00[0m[34;22m      0.00[0m[31;1m      5.42[0m
09:43:53   [32;22m     all[0m[34;1m     41.88[0m[34;22m      0.00[0m[34;1m     54.37[0m[34;22m      0.00[0m[34;22m      0.00[0m[31;1m      3.75[0m
09:43:54   [32;22m     all[0m[34;1m     44.00[0m[34;22m      0.00[0m[34;1m     46.40[0m[34;22m      0.00[0m[34;22m      0.00[0m[31;1m      9.60[0m
09:43:55   [32;22m     all[0m[34;1m     39.41[0m[34;22m      0.00[0m[34;1m     55.29[0m[34;22m      0.00[0m[34;22m      0.00[0m[31;1m      5.29[0m
09:43:56   [32;22m     all[0m[34;1m     39.63[0m[34;22m      0.00[0m[34;1m     54.88[0m[34;22m      0.00[0m[34;22m      0.00[0m[31;1m      5.49[0m
09:43:57   [32;22m     all[0m[34;1m     44.38[0m[34;22m      0.00[0m[34;1m     52.66[0m[34;22m      0.00[0m[34;22m      0.00[0m[31;1m      2.96[0m
09:43:58   [32;22m     all[0m[34;1m     42.50[0m[34;22m      0.00[0m[34;1m     53.75[0m[34;22m      0.00[0m[34;22m      0.00[0m[31;1m      3.75[0m
09:43:59   [32;22m     all[0m[34;1m     46.55[0m[34;22m      0.00[0m[34;1m     49.43[0m[34;22m      0.00[0m[34;22m      0.00[0m[31;1m      4.02[0m
09:44:00   [32;22m     all[0m[34;1m     42.94[0m[34;22m      0.00[0m[34;1m     53.53[0m[34;22m      0.00[0m[34;22m      0.00[0m[31;1m      3.53[0m
09:44:01   [32;22m     all[0m[34;1m     42.01[0m[34;22m      0.00[0m[34;1m     53.85[0m[34;22m      0.00[0m[34;22m      0.00[0m[31;1m      4.14[0m
09:44:02   [32;22m     all[0m[34;1m     47.20[0m[34;22m      0.00[0m[34;1m     46.58[0m[34;22m      0.00[0m[34;22m      0.00[0m[31;1m      6.21[0m
09:44:03   [32;22m     all[0m[34;1m     41.85[0m[34;22m      0.00[0m[34;1m     54.89[0m[34;22m      0.00[0m[34;22m      0.00[0m[31;1m      3.26[0m
09:44:04   [32;22m     all[0m[34;1m     44.64[0m[34;22m      0.00[0m[34;1m     52.38[0m[34;22m      0.00[0m[34;22m      0.00[0m[31;1m      2.98[0m
09:44:05   [32;22m     all[0m[34;1m     45.79[0m[34;22m      0.00[0m[34;1m     52.11[0m[34;22m      0.00[0m[34;22m      0.00[0m[31;1m      2.11[0m
09:44:06   [32;22m     all[0m[34;1m     47.89[0m[34;22m      0.00[0m[34;1m     49.47[0m[34;22m      0.00[0m[34;22m      0.00[0m[31;1m      2.63[0m
09:44:07   [32;22m     all[0m[34;1m     40.54[0m[34;22m      0.00[0m[34;1m     57.30[0m[34;22m      0.00[0m[34;22m      0.00[0m[31;1m      2.16[0m
09:44:08   [32;22m     all[0m[34;1m     42.70[0m[34;22m      0.00[0m[34;1m     52.43[0m[34;22m      0.00[0m[34;22m      0.00[0m[31;1m      4.86[0m
09:44:09   [32;22m     all[0m[34;1m     45.31[0m[34;22m      0.00[0m[34;1m     52.08[0m[34;22m      0.00[0m[34;22m      0.00[0m[31;1m      2.60[0m
09:44:10   [32;22m     all[0m[34;1m     42.19[0m[34;22m      0.00[0m[34;1m     53.65[0m[34;22m      0.00[0m[34;22m      0.00[0m[31;1m      4.17[0m
09:44:11   [32;22m     all[0m[34;1m     46.03[0m[34;22m      0.00[0m[34;1m     51.32[0m[34;22m      0.00[0m[34;22m      0.00[0m[31;1m      2.65[0m
09:44:12   [32;22m     all[0m[34;1m     50.52[0m[34;22m      0.00[0m[34;1m     46.88[0m[34;22m      0.00[0m[34;22m      0.00[0m[31;1m      2.60[0m
09:44:13   [32;22m     all[0m[34;1m     42.19[0m[34;22m      0.00[0m[34;1m     53.12[0m[34;22m      0.00[0m[34;22m      0.00[0m[31;1m      4.69[0m
09:44:14   [32;22m     all[0m[34;1m     45.79[0m[34;22m      0.00[0m[34;1m     52.11[0m[34;22m      0.00[0m[34;22m      0.00[0m[31;1m      2.11[0m
09:44:15   [32;22m     all[0m[34;1m     44.44[0m[34;22m      0.00[0m[34;1m     50.79[0m[34;22m      0.00[0m[34;22m      0.00[0m[31;1m      4.76[0m
09:44:16   [32;22m     all[0m[34;1m     41.88[0m[34;22m      0.00[0m[34;1m     54.45[0m[34;22m      0.00[0m[34;22m      0.00[0m[31;1m      3.66[0m
09:44:17   [32;22m     all[0m[34;1m     42.78[0m[34;22m      0.00[0m[34;1m     56.19[0m[34;22m      0.00[0m[34;22m      0.00[0m[31;1m      1.03[0m
09:44:18   [32;22m     all[0m[34;1m     42.55[0m[34;22m      0.00[0m[34;1m     51.60[0m[34;22m      0.00[0m[34;22m      0.00[0m[31;1m      5.85[0m
09:44:19   [32;22m     all[0m[34;1m     43.23[0m[34;22m      0.00[0m[34;1m     53.65[0m[34;22m      0.00[0m[34;22m      0.00[0m[31;1m      3.12[0m
09:44:20   [32;22m     all[0m[34;1m     41.88[0m[34;22m      0.00[0m[34;1m     56.54[0m[34;22m      0.00[0m[34;22m      0.00[0m[31;1m      1.57[0m
09:44:21   [32;22m     all[0m[34;1m     45.08[0m[34;22m      0.00[0m[34;1m     52.33[0m[34;22m      0.00[0m[34;22m      0.00[0m[31;1m      2.59[0m
09:44:22   [32;22m     all[0m[34;1m     47.40[0m[34;22m      0.00[0m[34;1m     50.52[0m[34;22m      0.00[0m[34;22m      0.00[0m[31;1m      2.08[0m
09:44:23   [32;22m     all[0m[34;1m     43.46[0m[34;22m      0.00[0m[34;1m     53.93[0m[34;22m      0.00[0m[34;22m      0.00[0m[31;1m      2.62[0m
09:44:24   [32;22m     all[0m[34;1m     45.50[0m[34;22m      0.00[0m[34;1m     52.91[0m[34;22m      0.00[0m[34;22m      0.00[0m[31;1m      1.59[0m
09:44:25   [32;22m     all[0m[34;1m     42.19[0m[34;22m      0.00[0m[34;1m     55.21[0m[34;22m      0.00[0m[34;22m      0.00[0m[31;1m      2.60[0m
09:44:26   [32;22m     all[0m[34;1m     39.68[0m[34;22m      0.00[0m[34;1m     55.56[0m[34;22m      0.00[0m[34;22m      0.00[0m[31;1m      4.76[0m
09:44:27   [32;22m     all[0m[34;1m     46.03[0m[34;22m      0.00[0m[34;1m     52.38[0m[34;22m      0.00[0m[34;22m      0.00[0m[31;1m      1.59[0m
09:44:28   [32;22m     all[0m[34;1m     41.80[0m[34;22m      0.00[0m[34;1m     51.85[0m[34;22m      0.00[0m[34;22m      0.00[0m[31;1m      6.35[0m
09:44:29   [32;22m     all[0m[34;1m     42.93[0m[34;22m      0.00[0m[34;1m     52.17[0m[34;22m      0.00[0m[34;22m      0.00[0m[31;1m      4.89[0m
09:44:30   [32;22m     all[0m[34;1m     41.15[0m[34;22m      0.00[0m[34;1m     55.21[0m[34;22m      0.00[0m[34;22m      0.00[0m[31;1m      3.65[0m
09:44:31   [32;22m     all[0m[34;1m     44.32[0m[34;22m      0.00[0m[34;1m     51.35[0m[34;22m      0.00[0m[34;22m      0.00[0m[31;1m      4.32[0m
09:44:32   [32;22m     all[0m[34;1m     43.09[0m[34;22m      0.00[0m[34;1m     54.26[0m[34;22m      0.00[0m[34;22m      0.00[0m[31;1m      2.66[0m
09:44:33   [32;22m     all[0m[34;1m     42.86[0m[34;22m      0.00[0m[34;1m     53.44[0m[34;22m      0.00[0m[34;22m      0.00[0m[31;1m      3.70[0m
09:44:34   [32;22m     all[0m[34;1m     44.09[0m[34;22m      0.00[0m[34;1m     51.08[0m[34;22m      0.00[0m[34;22m      0.00[0m[31;1m      4.84[0m
09:44:35   [32;22m     all[0m[34;1m     46.52[0m[34;22m      0.00[0m[34;1m     51.34[0m[34;22m      0.00[0m[34;22m      0.00[0m[31;1m      2.14[0m
09:44:36   [32;22m     all[0m[34;1m     42.55[0m[34;22m      0.00[0m[34;1m     53.19[0m[34;22m      0.00[0m[34;22m      0.00[0m[31;1m      4.26[0m
09:44:37   [32;22m     all[0m[34;1m     42.86[0m[34;22m      0.00[0m[34;1m     51.85[0m[34;22m      0.00[0m[34;22m      0.00[0m[31;1m      5.29[0m
09:44:38   [32;22m     all[0m[34;1m     43.30[0m[34;22m      0.00[0m[34;1m     53.61[0m[34;22m      0.00[0m[34;22m      0.00[0m[31;1m      3.09[0m
09:44:39   [32;22m     all[0m[34;1m     41.88[0m[34;22m      0.00[0m[34;1m     54.45[0m[34;22m      0.00[0m[34;22m      0.00[0m[31;1m      3.66[0m
09:44:40   [32;22m     all[0m[34;1m     43.46[0m[34;22m      0.00[0m[34;1m     54.97[0m[34;22m      0.00[0m[34;22m      0.00[0m[31;1m      1.57[0m
09:44:41   [32;22m     all[0m[34;1m     43.23[0m[34;22m      0.00[0m[34;1m     52.60[0m[34;22m      0.00[0m[34;22m      0.00[0m[31;1m      4.17[0m
09:44:42   [32;22m     all[0m[34;1m     42.86[0m[34;22m      0.00[0m[34;1m     51.32[0m[34;1m      0.53[0m[34;22m      0.00[0m[31;1m      5.29[0m
09:44:43   [32;22m     all[0m[34;1m     44.02[0m[34;22m      0.00[0m[34;1m     51.09[0m[34;22m      0.00[0m[34;22m      0.00[0m[31;1m      4.89[0m
09:44:44   [32;22m     all[0m[34;1m     43.92[0m[34;22m      0.00[0m[34;1m     52.91[0m[34;22m      0.00[0m[34;22m      0.00[0m[31;1m      3.17[0m
09:44:45   [32;22m     all[0m[34;1m     39.89[0m[34;22m      0.00[0m[34;1m     53.72[0m[34;22m      0.00[0m[34;22m      0.00[0m[31;1m      6.38[0m
09:44:46   [32;22m     all[0m[34;1m     44.44[0m[34;22m      0.00[0m[34;1m     52.38[0m[34;22m      0.00[0m[34;22m      0.00[0m[31;1m      3.17[0m
09:44:47   [32;22m     all[0m[34;1m     41.07[0m[34;22m      0.00[0m[34;1m     55.95[0m[34;22m      0.00[0m[34;22m      0.00[0m[31;1m      2.98[0m
09:44:48   [32;22m     all[0m[34;1m     37.62[0m[34;22m      0.00[0m[34;1m     57.43[0m[34;22m      0.00[0m[34;22m      0.00[0m[31;1m      4.95[0m
09:44:49   [32;22m     all[0m[34;1m     41.60[0m[34;22m      0.00[0m[34;1m     54.40[0m[34;22m      0.00[0m[34;22m      0.00[0m[31;1m      4.00[0m
09:44:50   [32;22m     all[0m[34;1m     45.10[0m[34;22m      0.00[0m[34;1m     49.02[0m[34;22m      0.00[0m[34;22m      0.00[0m[31;1m      5.88[0m
09:44:51   [32;22m     all[0m[34;1m     45.51[0m[34;22m      0.00[0m[34;1m     51.50[0m[34;22m      0.00[0m[34;22m      0.00[0m[31;1m      2.99[0m
09:44:52   [32;22m     all[0m[34;1m     45.24[0m[34;22m      0.00[0m[34;1m     50.00[0m[34;22m      0.00[0m[34;22m      0.00[0m[31;1m      4.76[0m
09:44:53   [32;22m     all[0m[34;1m     41.49[0m[34;22m      0.00[0m[34;1m     54.79[0m[34;22m      0.00[0m[34;22m      0.00[0m[31;1m      3.72[0m
09:44:54   [32;22m     all[0m[34;1m     45.05[0m[34;22m      0.00[0m[34;1m     50.00[0m[34;22m      0.00[0m[34;22m      0.00[0m[31;1m      4.95[0m
09:44:55   [32;22m     all[0m[34;1m     47.37[0m[34;22m      0.00[0m[34;1m     48.95[0m[34;22m      0.00[0m[34;22m      0.00[0m[31;1m      3.68[0m
09:44:56   [32;22m     all[0m[34;1m     42.25[0m[34;22m      0.00[0m[34;1m     51.87[0m[34;22m      0.00[0m[34;22m      0.00[0m[31;1m      5.88[0m
09:44:57   [32;22m     all[0m[34;1m     47.31[0m[34;22m      0.00[0m[34;1m     48.92[0m[34;22m      0.00[0m[34;22m      0.00[0m[31;1m      3.76[0m
09:44:58   [32;22m     all[0m[34;1m     42.39[0m[34;22m      0.00[0m[34;1m     51.63[0m[34;22m      0.00[0m[34;22m      0.00[0m[31;1m      5.98[0m
09:44:59   [32;22m     all[0m[34;1m     43.01[0m[34;22m      0.00[0m[34;1m     52.15[0m[34;22m      0.00[0m[34;22m      0.00[0m[31;1m      4.84[0m
09:45:00   [32;22m     all[0m[34;1m     42.11[0m[34;22m      0.00[0m[34;1m     54.21[0m[34;22m      0.00[0m[34;22m      0.00[0m[31;1m      3.68[0m
09:45:01   [32;22m     all[0m[34;1m     41.71[0m[34;22m      0.00[0m[34;1m     54.01[0m[34;22m      0.00[0m[34;22m      0.00[0m[31;1m      4.28[0m
09:45:02   [32;22m     all[0m[34;1m     44.86[0m[34;22m      0.00[0m[34;1m     49.19[0m[34;22m      0.00[0m[34;22m      0.00[0m[31;1m      5.95[0m
09:45:03   [32;22m     all[0m[34;1m     40.76[0m[34;22m      0.00[0m[34;1m     55.43[0m[34;22m      0.00[0m[34;22m      0.00[0m[31;1m      3.80[0m
09:45:04   [32;22m     all[0m[34;1m     46.35[0m[34;22m      0.00[0m[34;1m     51.56[0m[34;22m      0.00[0m[34;22m      0.00[0m[31;1m      2.08[0m
09:45:05   [32;22m     all[0m[34;1m     43.46[0m[34;22m      0.00[0m[34;1m     53.40[0m[34;22m      0.00[0m[34;22m      0.00[0m[31;1m      3.14[0m
09:45:06   [32;22m     all[0m[34;1m     41.71[0m[34;22m      0.00[0m[34;1m     55.61[0m[34;22m      0.00[0m[34;22m      0.00[0m[31;1m      2.67[0m
09:45:07   [32;22m     all[0m[34;1m     42.56[0m[34;22m      0.00[0m[34;1m     55.38[0m[34;22m      0.00[0m[34;22m      0.00[0m[31;1m      2.05[0m
09:45:08   [32;22m     all[0m[34;1m     39.13[0m[34;22m      0.00[0m[34;1m     55.98[0m[34;22m      0.00[0m[34;22m      0.00[0m[31;1m      4.89[0m
09:45:09   [32;22m     all[0m[34;1m     43.24[0m[34;22m      0.00[0m[34;1m     54.05[0m[34;22m      0.00[0m[34;22m      0.00[0m[31;1m      2.70[0m
09:45:10   [32;22m     all[0m[34;1m     40.86[0m[34;22m      0.00[0m[34;1m     55.38[0m[34;22m      0.00[0m[34;22m      0.00[0m[31;1m      3.76[0m
09:45:11   [32;22m     all[0m[34;1m     44.13[0m[34;22m      0.00[0m[34;1m     53.07[0m[34;22m      0.00[0m[34;22m      0.00[0m[31;1m      2.79[0m
09:45:12   [32;22m     all[0m[34;1m     42.47[0m[34;22m      0.00[0m[34;1m     52.69[0m[34;22m      0.00[0m[34;22m      0.00[0m[31;1m      4.84[0m
09:45:13   [32;22m     all[0m[34;1m     43.32[0m[34;22m      0.00[0m[34;1m     51.87[0m[34;22m      0.00[0m[34;22m      0.00[0m[31;1m      4.81[0m
09:45:14   [32;22m     all[0m[34;1m     41.97[0m[34;22m      0.00[0m[34;1m     55.44[0m[34;22m      0.00[0m[34;22m      0.00[0m[31;1m      2.59[0m
09:45:15   [32;22m     all[0m[34;1m     43.55[0m[34;22m      0.00[0m[34;1m     50.00[0m[34;22m      0.00[0m[34;22m      0.00[0m[31;1m      6.45[0m
09:45:16   [32;22m     all[0m[34;1m     41.40[0m[34;22m      0.00[0m[34;1m     55.91[0m[34;22m      0.00[0m[34;22m      0.00[0m[31;1m      2.69[0m
09:45:17   [32;22m     all[0m[34;1m     41.67[0m[34;22m      0.00[0m[34;1m     55.21[0m[34;22m      0.00[0m[34;22m      0.00[0m[31;1m      3.12[0m
09:45:18   [32;22m     all[0m[34;1m     41.71[0m[34;22m      0.00[0m[34;1m     55.08[0m[34;22m      0.00[0m[34;22m      0.00[0m[31;1m      3.21[0m
09:45:19   [32;22m     all[0m[34;1m     43.39[0m[34;22m      0.00[0m[34;1m     53.44[0m[34;22m      0.00[0m[34;22m      0.00[0m[31;1m      3.17[0m
09:45:20   [32;22m     all[0m[34;1m     40.43[0m[34;22m      0.00[0m[34;1m     56.91[0m[34;22m      0.00[0m[34;22m      0.00[0m[31;1m      2.66[0m
09:45:21   [32;22m     all[0m[34;1m     43.55[0m[34;22m      0.00[0m[34;1m     52.69[0m[34;22m      0.00[0m[34;22m      0.00[0m[31;1m      3.76[0m
09:45:22   [32;22m     all[0m[34;1m     43.55[0m[34;22m      0.00[0m[34;1m     53.23[0m[34;22m      0.00[0m[34;22m      0.00[0m[31;1m      3.23[0m
09:45:23   [32;22m     all[0m[34;1m     42.63[0m[34;22m      0.00[0m[34;1m     54.21[0m[34;22m      0.00[0m[34;22m      0.00[0m[31;1m      3.16[0m
09:45:24   [32;22m     all[0m[34;1m     43.78[0m[34;22m      0.00[0m[34;1m     51.35[0m[34;22m      0.00[0m[34;22m      0.00[0m[31;1m      4.86[0m
09:45:25   [32;22m     all[0m[34;1m     41.27[0m[34;22m      0.00[0m[34;1m     55.56[0m[34;22m      0.00[0m[34;22m      0.00[0m[31;1m      3.17[0m
09:45:26   [32;22m     all[0m[34;1m     42.78[0m[34;22m      0.00[0m[34;1m     51.87[0m[34;22m      0.00[0m[34;22m      0.00[0m[31;1m      5.35[0m
09:45:27   [32;22m     all[0m[34;1m     40.86[0m[34;22m      0.00[0m[34;1m     54.84[0m[34;22m      0.00[0m[34;22m      0.00[0m[31;1m      4.30[0m
09:45:28   [32;22m     all[0m[34;1m     41.30[0m[34;22m      0.00[0m[34;1m     53.80[0m[34;22m      0.00[0m[34;22m      0.00[0m[31;1m      4.89[0m
09:45:29   [32;22m     all[0m[34;1m     41.88[0m[34;22m      0.00[0m[34;1m     53.40[0m[34;22m      0.00[0m[34;22m      0.00[0m[31;1m      4.71[0m
09:45:30   [32;22m     all[0m[34;1m     43.72[0m[34;22m      0.00[0m[34;1m     51.91[0m[34;22m      0.00[0m[34;22m      0.00[0m[31;1m      4.37[0m
09:45:31   [32;22m     all[0m[34;1m     43.46[0m[34;22m      0.00[0m[34;1m     54.97[0m[34;22m      0.00[0m[34;22m      0.00[0m[31;1m      1.57[0m
09:45:32   [32;22m     all[0m[34;1m     44.39[0m[34;22m      0.00[0m[34;1m     51.34[0m[34;22m      0.00[0m[34;22m      0.00[0m[31;1m      4.28[0m
09:45:33   [32;22m     all[0m[34;1m     41.95[0m[34;22m      0.00[0m[34;1m     53.45[0m[34;22m      0.00[0m[34;22m      0.00[0m[31;1m      4.60[0m
09:45:34   [32;22m     all[0m[34;1m     41.76[0m[34;22m      0.00[0m[34;1m     48.90[0m[34;22m      0.00[0m[34;22m      0.00[0m[31;1m      9.34[0m
09:45:35   [32;22m     all[0m[34;1m     41.40[0m[34;22m      0.00[0m[34;1m     50.54[0m[34;22m      0.00[0m[34;22m      0.00[0m[31;1m      8.06[0m
09:45:36   [32;22m     all[0m[34;1m     40.98[0m[34;22m      0.00[0m[34;1m     53.55[0m[34;22m      0.00[0m[34;22m      0.00[0m[31;1m      5.46[0m
09:45:37   [32;22m     all[0m[34;1m     42.55[0m[34;22m      0.00[0m[34;1m     53.19[0m[34;22m      0.00[0m[34;22m      0.00[0m[31;1m      4.26[0m
09:45:38   [32;22m     all[0m[34;1m     40.53[0m[34;22m      0.00[0m[34;1m     56.32[0m[34;22m      0.00[0m[34;22m      0.00[0m[31;1m      3.16[0m
09:45:39   [32;22m     all[0m[34;1m     40.11[0m[34;22m      0.00[0m[34;1m     55.61[0m[34;22m      0.00[0m[34;22m      0.00[0m[31;1m      4.28[0m
09:45:40   [32;22m     all[0m[34;1m     41.49[0m[34;22m      0.00[0m[34;1m     52.66[0m[34;22m      0.00[0m[34;22m      0.00[0m[31;1m      5.85[0m
09:45:41   [32;22m     all[0m[34;1m     42.16[0m[34;22m      0.00[0m[34;1m     54.05[0m[34;22m      0.00[0m[34;22m      0.00[0m[31;1m      3.78[0m
09:45:42   [32;22m     all[0m[34;1m     45.74[0m[34;22m      0.00[0m[34;1m     50.53[0m[34;22m      0.00[0m[34;22m      0.00[0m[31;1m      3.72[0m
09:45:43   [32;22m     all[0m[34;1m     41.36[0m[34;22m      0.00[0m[34;1m     55.50[0m[34;22m      0.00[0m[34;22m      0.00[0m[31;1m      3.14[0m
09:45:44   [32;22m     all[0m[34;1m     42.02[0m[34;22m      0.00[0m[34;1m     53.19[0m[34;22m      0.00[0m[34;22m      0.00[0m[31;1m      4.79[0m
09:45:45   [32;22m     all[0m[34;1m     42.63[0m[34;22m      0.00[0m[34;1m     53.16[0m[34;22m      0.00[0m[34;22m      0.00[0m[31;1m      4.21[0m
09:45:46   [32;22m     all[0m[34;1m     40.31[0m[34;22m      0.00[0m[34;1m     59.16[0m[34;22m      0.00[0m[34;22m      0.00[0m[31;1m      0.52[0m
09:45:47   [32;22m     all[0m[34;1m     42.78[0m[34;22m      0.00[0m[34;1m     51.87[0m[34;22m      0.00[0m[34;22m      0.00[0m[31;1m      5.35[0m
09:45:48   [32;22m     all[0m[34;1m     42.55[0m[34;22m      0.00[0m[34;1m     54.79[0m[34;22m      0.00[0m[34;22m      0.00[0m[31;1m      2.66[0m
09:45:49   [32;22m     all[0m[34;1m     44.32[0m[34;22m      0.00[0m[34;1m     48.65[0m[34;22m      0.00[0m[34;22m      0.00[0m[31;1m      7.03[0m
09:45:50   [32;22m     all[0m[34;1m     40.11[0m[34;22m      0.00[0m[34;1m     54.40[0m[34;22m      0.00[0m[34;22m      0.00[0m[31;1m      5.49[0m
09:45:51   [32;22m     all[0m[34;1m     42.02[0m[34;22m      0.00[0m[34;1m     53.72[0m[34;22m      0.00[0m[34;22m      0.00[0m[31;1m      4.26[0m
09:45:52   [32;22m     all[0m[34;1m     42.25[0m[34;22m      0.00[0m[34;1m     54.55[0m[34;22m      0.00[0m[34;22m      0.00[0m[31;1m      3.21[0m
09:45:53   [32;22m     all[0m[34;1m     43.55[0m[34;22m      0.00[0m[34;1m     52.15[0m[34;22m      0.00[0m[34;22m      0.00[0m[31;1m      4.30[0m
09:45:54   [32;22m     all[0m[34;1m     44.83[0m[34;22m      0.00[0m[34;1m     51.15[0m[34;22m      0.00[0m[34;22m      0.00[0m[31;1m      4.02[0m
09:45:55   [32;22m     all[0m[34;1m     38.92[0m[34;22m      0.00[0m[34;1m     57.84[0m[34;22m      0.00[0m[34;22m      0.00[0m[31;1m      3.24[0m
09:45:56   [32;22m     all[0m[34;1m     45.26[0m[34;22m      0.00[0m[34;1m     51.05[0m[34;22m      0.00[0m[34;22m      0.00[0m[31;1m      3.68[0m
09:45:57   [32;22m     all[0m[34;1m     40.56[0m[34;22m      0.00[0m[34;1m     54.44[0m[34;22m      0.00[0m[34;22m      0.00[0m[31;1m      5.00[0m
09:45:58   [32;22m     all[0m[34;1m     45.21[0m[34;22m      0.00[0m[34;1m     50.53[0m[34;22m      0.00[0m[34;22m      0.00[0m[31;1m      4.26[0m
09:45:59   [32;22m     all[0m[34;1m     40.00[0m[34;22m      0.00[0m[34;1m     55.14[0m[34;22m      0.00[0m[34;22m      0.00[0m[31;1m      4.86[0m
09:46:00   [32;22m     all[0m[34;1m     43.98[0m[34;22m      0.00[0m[34;1m     53.40[0m[34;22m      0.00[0m[34;22m      0.00[0m[31;1m      2.62[0m
09:46:01   [32;22m     all[0m[34;1m     41.36[0m[34;22m      0.00[0m[34;1m     56.02[0m[34;22m      0.00[0m[34;22m      0.00[0m[31;1m      2.62[0m
09:46:02   [32;22m     all[0m[34;1m     42.63[0m[34;22m      0.00[0m[34;1m     54.21[0m[34;22m      0.00[0m[34;22m      0.00[0m[31;1m      3.16[0m
09:46:03   [32;22m     all[0m[34;1m     40.96[0m[34;22m      0.00[0m[34;1m     56.38[0m[34;22m      0.00[0m[34;22m      0.00[0m[31;1m      2.66[0m
09:46:04   [32;22m     all[0m[34;1m     48.94[0m[34;22m      0.00[0m[34;1m     47.34[0m[34;22m      0.00[0m[34;22m      0.00[0m[31;1m      3.72[0m
09:46:05   [32;22m     all[0m[34;1m     45.26[0m[34;22m      0.00[0m[34;1m     52.63[0m[34;22m      0.00[0m[34;22m      0.00[0m[31;1m      2.11[0m
09:46:06   [32;22m     all[0m[34;1m     45.41[0m[34;22m      0.00[0m[34;1m     52.04[0m[34;1m      0.51[0m[34;22m      0.00[0m[31;1m      2.04[0m
09:46:07   [32;22m     all[0m[34;1m     38.59[0m[34;22m      0.00[0m[34;1m     57.07[0m[34;22m      0.00[0m[34;22m      0.00[0m[31;1m      4.35[0m
09:46:08   [32;22m     all[0m[34;1m     41.71[0m[34;22m      0.00[0m[34;1m     53.48[0m[34;22m      0.00[0m[34;22m      0.00[0m[31;1m      4.81[0m
09:46:09   [32;22m     all[0m[34;1m     41.58[0m[34;22m      0.00[0m[34;1m     55.79[0m[34;22m      0.00[0m[34;22m      0.00[0m[31;1m      2.63[0m
09:46:10   [32;22m     all[0m[34;1m     44.68[0m[34;22m      0.00[0m[34;1m     51.60[0m[34;22m      0.00[0m[34;22m      0.00[0m[31;1m      3.72[0m
09:46:11   [32;22m     all[0m[34;1m     38.50[0m[34;22m      0.00[0m[34;1m     56.15[0m[34;22m      0.00[0m[34;22m      0.00[0m[31;1m      5.35[0m
09:46:12   [32;22m     all[0m[34;1m     45.36[0m[34;22m      0.00[0m[34;1m     50.82[0m[34;22m      0.00[0m[34;22m      0.00[0m[31;1m      3.83[0m
09:46:13   [32;22m     all[0m[34;1m     40.33[0m[34;22m      0.00[0m[34;1m     54.70[0m[34;22m      0.00[0m[34;22m      0.00[0m[31;1m      4.97[0m
09:46:14   [32;22m     all[0m[34;1m     45.30[0m[34;22m      0.00[0m[34;1m     52.49[0m[34;22m      0.00[0m[34;22m      0.00[0m[31;1m      2.21[0m
09:46:15   [32;22m     all[0m[34;1m     38.59[0m[34;22m      0.00[0m[34;1m     54.89[0m[34;22m      0.00[0m[34;22m      0.00[0m[31;1m      6.52[0m
09:46:16   [32;22m     all[0m[34;1m     43.75[0m[34;22m      0.00[0m[34;1m     54.17[0m[34;22m      0.00[0m[34;22m      0.00[0m[31;1m      2.08[0m
09:46:17   [32;22m     all[0m[34;1m     39.47[0m[34;22m      0.00[0m[34;1m     56.84[0m[34;22m      0.00[0m[34;22m      0.00[0m[31;1m      3.68[0m
09:46:18   [32;22m     all[0m[34;1m     42.55[0m[34;22m      0.00[0m[34;1m     54.26[0m[34;22m      0.00[0m[34;22m      0.00[0m[31;1m      3.19[0m
09:46:19   [32;22m     all[0m[34;1m     41.67[0m[34;22m      0.00[0m[34;1m     55.56[0m[34;22m      0.00[0m[34;22m      0.00[0m[31;1m      2.78[0m
09:46:20   [32;22m     all[0m[34;1m     45.16[0m[34;22m      0.00[0m[34;1m     52.15[0m[34;22m      0.00[0m[34;22m      0.00[0m[31;1m      2.69[0m
09:46:21   [32;22m     all[0m[34;1m     42.78[0m[34;22m      0.00[0m[34;1m     54.01[0m[34;22m      0.00[0m[34;22m      0.00[0m[31;1m      3.21[0m
09:46:22   [32;22m     all[0m[34;1m     43.68[0m[34;22m      0.00[0m[34;1m     51.58[0m[34;22m      0.00[0m[34;22m      0.00[0m[31;1m      4.74[0m
09:46:23   [32;22m     all[0m[34;1m     40.76[0m[34;22m      0.00[0m[34;1m     55.98[0m[34;22m      0.00[0m[34;22m      0.00[0m[31;1m      3.26[0m
09:46:24   [32;22m     all[0m[34;1m     39.57[0m[34;22m      0.00[0m[34;1m     56.68[0m[34;22m      0.00[0m[34;22m      0.00[0m[31;1m      3.74[0m
09:46:25   [32;22m     all[0m[34;1m     41.53[0m[34;22m      0.00[0m[34;1m     54.10[0m[34;22m      0.00[0m[34;22m      0.00[0m[31;1m      4.37[0m
09:46:26   [32;22m     all[0m[34;1m     43.32[0m[34;22m      0.00[0m[34;1m     51.34[0m[34;22m      0.00[0m[34;22m      0.00[0m[31;1m      5.35[0m
09:46:27   [32;22m     all[0m[34;1m     45.11[0m[34;22m      0.00[0m[34;1m     51.09[0m[34;22m      0.00[0m[34;22m      0.00[0m[31;1m      3.80[0m
09:46:28   [32;22m     all[0m[34;1m     43.32[0m[34;22m      0.00[0m[34;1m     52.94[0m[34;22m      0.00[0m[34;22m      0.00[0m[31;1m      3.74[0m
09:46:29   [32;22m     all[0m[34;1m     43.62[0m[34;22m      0.00[0m[34;1m     51.60[0m[34;22m      0.00[0m[34;22m      0.00[0m[31;1m      4.79[0m
09:46:30   [32;22m     all[0m[34;1m     40.43[0m[34;22m      0.00[0m[34;1m     54.79[0m[34;22m      0.00[0m[34;22m      0.00[0m[31;1m      4.79[0m
09:46:31   [32;22m     all[0m[34;1m     39.67[0m[34;22m      0.00[0m[34;1m     57.61[0m[34;22m      0.00[0m[34;22m      0.00[0m[31;1m      2.72[0m
09:46:32   [32;22m     all[0m[34;1m     43.46[0m[34;22m      0.00[0m[34;1m     49.21[0m[34;22m      0.00[0m[34;22m      0.00[0m[31;1m      7.33[0m
09:46:33   [32;22m     all[0m[34;1m     40.64[0m[34;22m      0.00[0m[34;1m     57.22[0m[34;22m      0.00[0m[34;22m      0.00[0m[31;1m      2.14[0m
09:46:34   [32;22m     all[0m[34;1m     45.21[0m[34;22m      0.00[0m[34;1m     51.06[0m[34;22m      0.00[0m[34;22m      0.00[0m[31;1m      3.72[0m
09:46:35   [32;22m     all[0m[34;1m     46.45[0m[34;22m      0.00[0m[34;1m     48.63[0m[34;22m      0.00[0m[34;22m      0.00[0m[31;1m      4.92[0m
09:46:36   [32;22m     all[0m[34;1m     42.25[0m[34;22m      0.00[0m[34;1m     54.01[0m[34;22m      0.00[0m[34;22m      0.00[0m[31;1m      3.74[0m
09:46:37   [32;22m     all[0m[34;1m     40.76[0m[34;22m      0.00[0m[34;1m     55.98[0m[34;22m      0.00[0m[34;22m      0.00[0m[31;1m      3.26[0m
09:46:38   [32;22m     all[0m[34;1m     41.30[0m[34;22m      0.00[0m[34;1m     54.35[0m[34;22m      0.00[0m[34;22m      0.00[0m[31;1m      4.35[0m
09:46:39   [32;22m     all[0m[34;1m     39.01[0m[34;22m      0.00[0m[34;1m     58.24[0m[34;22m      0.00[0m[34;22m      0.00[0m[31;1m      2.75[0m
09:46:40   [32;22m     all[0m[34;1m     44.20[0m[34;22m      0.00[0m[34;1m     51.93[0m[34;22m      0.00[0m[34;22m      0.00[0m[31;1m      3.87[0m
09:46:41   [32;22m     all[0m[34;1m     38.50[0m[34;22m      0.00[0m[34;1m     58.29[0m[34;22m      0.00[0m[34;22m      0.00[0m[31;1m      3.21[0m
09:46:42   [32;22m     all[0m[34;1m     44.15[0m[34;22m      0.00[0m[34;1m     50.00[0m[34;22m      0.00[0m[34;22m      0.00[0m[31;1m      5.85[0m
09:46:43   [32;22m     all[0m[34;1m     39.56[0m[34;22m      0.00[0m[34;1m     55.49[0m[34;22m      0.00[0m[34;22m      0.00[0m[31;1m      4.95[0m
09:46:44   [32;22m     all[0m[34;1m     42.86[0m[34;22m      0.00[0m[34;1m     52.91[0m[34;22m      0.00[0m[34;22m      0.00[0m[31;1m      4.23[0m
09:46:45   [32;22m     all[0m[34;1m     37.43[0m[34;22m      0.00[0m[34;1m     48.66[0m[34;22m      0.00[0m[34;22m      0.00[0m[35;1m     13.90[0m
09:46:46   [32;22m     all[0m[34;1m     40.76[0m[34;22m      0.00[0m[34;1m     57.07[0m[34;22m      0.00[0m[34;22m      0.00[0m[31;1m      2.17[0m
09:46:47   [32;22m     all[0m[34;1m     43.39[0m[34;22m      0.00[0m[34;1m     53.44[0m[34;22m      0.00[0m[34;22m      0.00[0m[31;1m      3.17[0m
09:46:48   [32;22m     all[0m[34;1m     43.01[0m[34;22m      0.00[0m[34;1m     52.15[0m[34;22m      0.00[0m[34;22m      0.00[0m[31;1m      4.84[0m
09:46:49   [32;22m     all[0m[34;1m     39.78[0m[34;22m      0.00[0m[34;1m     55.91[0m[34;22m      0.00[0m[34;22m      0.00[0m[31;1m      4.30[0m
09:46:50   [32;22m     all[0m[34;1m     47.34[0m[34;22m      0.00[0m[34;1m     50.53[0m[34;22m      0.00[0m[34;22m      0.00[0m[31;1m      2.13[0m
09:46:51   [32;22m     all[0m[34;1m     42.25[0m[34;22m      0.00[0m[34;1m     53.48[0m[34;22m      0.00[0m[34;22m      0.00[0m[31;1m      4.28[0m
09:46:52   [32;22m     all[0m[34;1m     43.68[0m[34;22m      0.00[0m[34;1m     52.11[0m[34;22m      0.00[0m[34;22m      0.00[0m[31;1m      4.21[0m
09:46:53   [32;22m     all[0m[34;1m     41.18[0m[34;22m      0.00[0m[34;1m     52.94[0m[34;22m      0.00[0m[34;22m      0.00[0m[31;1m      5.88[0m
09:46:54   [32;22m     all[0m[34;1m     40.74[0m[34;22m      0.00[0m[34;1m     56.61[0m[34;22m      0.00[0m[34;22m      0.00[0m[31;1m      2.65[0m
09:46:55   [32;22m     all[0m[34;1m     42.93[0m[34;22m      0.00[0m[34;1m     54.35[0m[34;22m      0.00[0m[34;22m      0.00[0m[31;1m      2.72[0m
09:46:56   [32;22m     all[0m[34;1m     46.32[0m[34;22m      0.00[0m[34;1m     48.42[0m[34;22m      0.00[0m[34;22m      0.00[0m[31;1m      5.26[0m
09:46:57   [32;22m     all[0m[34;1m     46.60[0m[34;22m      0.00[0m[34;1m     51.31[0m[34;22m      0.00[0m[34;22m      0.00[0m[31;1m      2.09[0m
09:46:58   [32;22m     all[0m[34;1m     44.92[0m[34;22m      0.00[0m[34;1m     50.80[0m[34;22m      0.00[0m[34;22m      0.00[0m[31;1m      4.28[0m
09:46:59   [32;22m     all[0m[34;1m     42.25[0m[34;22m      0.00[0m[34;1m     54.55[0m[34;22m      0.00[0m[34;22m      0.00[0m[31;1m      3.21[0m
09:47:00   [32;22m     all[0m[34;1m     41.40[0m[34;22m      0.00[0m[34;1m     55.38[0m[34;22m      0.00[0m[34;22m      0.00[0m[31;1m      3.23[0m
09:47:01   [32;22m     all[0m[34;1m     46.24[0m[34;22m      0.00[0m[34;1m     48.39[0m[34;22m      0.00[0m[34;22m      0.00[0m[31;1m      5.38[0m
09:47:02   [32;22m     all[0m[34;1m     43.62[0m[34;22m      0.00[0m[34;1m     54.26[0m[34;22m      0.00[0m[34;22m      0.00[0m[31;1m      2.13[0m
09:47:03   [32;22m     all[0m[34;1m     41.08[0m[34;22m      0.00[0m[34;1m     53.51[0m[34;22m      0.00[0m[34;22m      0.00[0m[31;1m      5.41[0m
09:47:04   [32;22m     all[0m[34;1m     42.54[0m[34;22m      0.00[0m[34;1m     54.14[0m[34;22m      0.00[0m[34;22m      0.00[0m[31;1m      3.31[0m
09:47:05   [32;22m     all[0m[34;1m     39.89[0m[34;22m      0.00[0m[34;1m     57.98[0m[34;22m      0.00[0m[34;22m      0.00[0m[31;1m      2.13[0m
09:47:06   [32;22m     all[0m[34;1m     42.33[0m[34;22m      0.00[0m[34;1m     52.91[0m[34;22m      0.00[0m[34;22m      0.00[0m[31;1m      4.76[0m
09:47:07   [32;22m     all[0m[34;1m     40.21[0m[34;22m      0.00[0m[34;1m     56.61[0m[34;22m      0.00[0m[34;22m      0.00[0m[31;1m      3.17[0m
09:47:08   [32;22m     all[0m[34;1m     43.01[0m[34;22m      0.00[0m[34;1m     53.76[0m[34;22m      0.00[0m[34;22m      0.00[0m[31;1m      3.23[0m
09:47:09   [32;22m     all[0m[34;1m     42.55[0m[34;22m      0.00[0m[34;1m     53.19[0m[34;22m      0.00[0m[34;22m      0.00[0m[31;1m      4.26[0m
09:47:10   [32;22m     all[0m[34;1m     41.62[0m[34;22m      0.00[0m[34;1m     52.43[0m[34;22m      0.00[0m[34;22m      0.00[0m[31;1m      5.95[0m
09:47:11   [32;22m     all[0m[34;1m     40.86[0m[34;22m      0.00[0m[34;1m     53.76[0m[34;22m      0.00[0m[34;22m      0.00[0m[31;1m      5.38[0m
09:47:12   [32;22m     all[0m[34;1m     45.11[0m[34;22m      0.00[0m[34;1m     50.00[0m[34;22m      0.00[0m[34;22m      0.00[0m[31;1m      4.89[0m
09:47:13   [32;22m     all[0m[34;1m     39.47[0m[34;22m      0.00[0m[34;1m     56.84[0m[34;22m      0.00[0m[34;22m      0.00[0m[31;1m      3.68[0m
09:47:14   [32;22m     all[0m[34;1m     42.25[0m[34;22m      0.00[0m[34;1m     52.41[0m[34;22m      0.00[0m[34;22m      0.00[0m[31;1m      5.35[0m
09:47:15   [32;22m     all[0m[34;1m     40.53[0m[34;22m      0.00[0m[34;1m     56.84[0m[34;22m      0.00[0m[34;22m      0.00[0m[31;1m      2.63[0m
09:47:16   [32;22m     all[0m[34;1m     46.32[0m[34;22m      0.00[0m[34;1m     50.00[0m[34;22m      0.00[0m[34;22m      0.00[0m[31;1m      3.68[0m
09:47:17   [32;22m     all[0m[34;1m     41.40[0m[34;22m      0.00[0m[34;1m     54.30[0m[34;22m      0.00[0m[34;22m      0.00[0m[31;1m      4.30[0m
09:47:18   [32;22m     all[0m[34;1m     43.55[0m[34;22m      0.00[0m[34;1m     53.76[0m[34;22m      0.00[0m[34;22m      0.00[0m[31;1m      2.69[0m
09:47:19   [32;22m     all[0m[34;1m     42.86[0m[34;22m      0.00[0m[34;1m     53.97[0m[34;22m      0.00[0m[34;22m      0.00[0m[31;1m      3.17[0m
09:47:20   [32;22m     all[0m[34;1m     40.44[0m[34;22m      0.00[0m[34;1m     56.28[0m[34;22m      0.00[0m[34;22m      0.00[0m[31;1m      3.28[0m
09:47:21   [32;22m     all[0m[34;1m     44.50[0m[34;22m      0.00[0m[34;1m     52.36[0m[34;22m      0.00[0m[34;22m      0.00[0m[31;1m      3.14[0m
09:47:22   [32;22m     all[0m[34;1m     40.98[0m[34;22m      0.00[0m[34;1m     56.83[0m[34;22m      0.00[0m[34;22m      0.00[0m[31;1m      2.19[0m
09:47:23   [32;22m     all[0m[34;1m     46.07[0m[34;22m      0.00[0m[34;1m     50.79[0m[34;22m      0.00[0m[34;22m      0.00[0m[31;1m      3.14[0m
09:47:24   [32;22m     all[0m[34;1m     42.11[0m[34;22m      0.00[0m[34;1m     53.68[0m[34;22m      0.00[0m[34;22m      0.00[0m[31;1m      4.21[0m
09:47:25   [32;22m     all[0m[34;1m     41.18[0m[34;22m      0.00[0m[34;1m     54.55[0m[34;1m      0.53[0m[34;22m      0.00[0m[31;1m      3.74[0m
09:47:26   [32;22m     all[0m[34;1m     40.11[0m[34;22m      0.00[0m[34;1m     54.95[0m[34;22m      0.00[0m[34;22m      0.00[0m[31;1m      4.95[0m
09:47:27   [32;22m     all[0m[34;1m     42.70[0m[34;22m      0.00[0m[34;1m     53.51[0m[34;22m      0.00[0m[34;22m      0.00[0m[31;1m      3.78[0m
09:47:28   [32;22m     all[0m[34;1m     40.44[0m[34;22m      0.00[0m[34;1m     54.10[0m[34;22m      0.00[0m[34;22m      0.00[0m[31;1m      5.46[0m
09:47:29   [32;22m     all[0m[34;1m     44.57[0m[34;22m      0.00[0m[34;1m     49.46[0m[34;22m      0.00[0m[34;22m      0.00[0m[31;1m      5.98[0m
09:47:30   [32;22m     all[0m[34;1m     39.25[0m[34;22m      0.00[0m[34;1m     55.38[0m[34;22m      0.00[0m[34;22m      0.00[0m[31;1m      5.38[0m
09:47:31   [32;22m     all[0m[34;1m     38.71[0m[34;22m      0.00[0m[34;1m     58.60[0m[34;22m      0.00[0m[34;22m      0.00[0m[31;1m      2.69[0m
09:47:32   [32;22m     all[0m[34;1m     50.00[0m[34;22m      0.00[0m[34;1m     48.42[0m[34;22m      0.00[0m[34;22m      0.00[0m[31;1m      1.58[0m
09:47:33   [32;22m     all[0m[34;1m     40.21[0m[34;22m      0.00[0m[34;1m     55.56[0m[34;22m      0.00[0m[34;22m      0.00[0m[31;1m      4.23[0m
09:47:34   [32;22m     all[0m[34;1m     43.62[0m[34;22m      0.00[0m[34;1m     52.13[0m[34;22m      0.00[0m[34;22m      0.00[0m[31;1m      4.26[0m
09:47:35   [32;22m     all[0m[34;1m     38.89[0m[34;22m      0.00[0m[34;1m     54.44[0m[34;22m      0.00[0m[34;22m      0.00[0m[31;1m      6.67[0m
09:47:36   [32;22m     all[0m[34;1m     42.25[0m[34;22m      0.00[0m[34;1m     53.48[0m[34;22m      0.00[0m[34;22m      0.00[0m[31;1m      4.28[0m
09:47:37   [32;22m     all[0m[34;1m     43.68[0m[34;22m      0.00[0m[34;1m     52.11[0m[34;22m      0.00[0m[34;22m      0.00[0m[31;1m      4.21[0m
09:47:38   [32;22m     all[0m[34;1m     42.16[0m[34;22m      0.00[0m[34;1m     54.05[0m[34;22m      0.00[0m[34;22m      0.00[0m[31;1m      3.78[0m
09:47:39   [32;22m     all[0m[34;1m     42.62[0m[34;22m      0.00[0m[34;1m     53.01[0m[34;22m      0.00[0m[34;22m      0.00[0m[31;1m      4.37[0m
09:47:40   [32;22m     all[0m[34;1m     40.11[0m[34;22m      0.00[0m[34;1m     57.75[0m[34;22m      0.00[0m[34;22m      0.00[0m[31;1m      2.14[0m
09:47:41   [32;22m     all[0m[34;1m     43.17[0m[34;22m      0.00[0m[34;1m     52.46[0m[34;22m      0.00[0m[34;22m      0.00[0m[31;1m      4.37[0m
09:47:42   [32;22m     all[0m[34;1m     46.03[0m[34;22m      0.00[0m[34;1m     50.79[0m[34;22m      0.00[0m[34;22m      0.00[0m[31;1m      3.17[0m
09:47:43   [32;22m     all[0m[34;1m     40.98[0m[34;22m      0.00[0m[34;1m     53.01[0m[34;22m      0.00[0m[34;22m      0.00[0m[31;1m      6.01[0m
09:47:44   [32;22m     all[0m[34;1m     43.68[0m[34;22m      0.00[0m[34;1m     53.68[0m[34;22m      0.00[0m[34;22m      0.00[0m[31;1m      2.63[0m
09:47:45   [32;22m     all[0m[34;1m     39.57[0m[34;22m      0.00[0m[34;1m     56.15[0m[34;22m      0.00[0m[34;22m      0.00[0m[31;1m      4.28[0m
09:47:46   [32;22m     all[0m[34;1m     42.02[0m[34;22m      0.00[0m[34;1m     52.66[0m[34;22m      0.00[0m[34;22m      0.00[0m[31;1m      5.32[0m
09:47:47   [32;22m     all[0m[34;1m     43.09[0m[34;22m      0.00[0m[34;1m     53.19[0m[34;22m      0.00[0m[34;22m      0.00[0m[31;1m      3.72[0m
09:47:48   [32;22m     all[0m[34;1m     44.92[0m[34;22m      0.00[0m[34;1m     51.87[0m[34;22m      0.00[0m[34;22m      0.00[0m[31;1m      3.21[0m
09:47:49   [32;22m     all[0m[34;1m     44.51[0m[34;22m      0.00[0m[34;1m     52.20[0m[34;22m      0.00[0m[34;22m      0.00[0m[31;1m      3.30[0m
09:47:50   [32;22m     all[0m[34;1m     44.74[0m[34;22m      0.00[0m[34;1m     52.11[0m[34;22m      0.00[0m[34;22m      0.00[0m[31;1m      3.16[0m
09:47:51   [32;22m     all[0m[34;1m     40.76[0m[34;22m      0.00[0m[34;1m     55.98[0m[34;22m      0.00[0m[34;22m      0.00[0m[31;1m      3.26[0m
09:47:52   [32;22m     all[0m[34;1m     44.39[0m[34;22m      0.00[0m[34;1m     51.87[0m[34;22m      0.00[0m[34;22m      0.00[0m[31;1m      3.74[0m
09:47:53   [32;22m     all[0m[34;1m     40.11[0m[34;22m      0.00[0m[34;1m     55.61[0m[34;22m      0.00[0m[34;22m      0.00[0m[31;1m      4.28[0m
09:47:54   [32;22m     all[0m[34;1m     43.26[0m[34;22m      0.00[0m[34;1m     49.44[0m[34;22m      0.00[0m[34;22m      0.00[0m[31;1m      7.30[0m
09:47:55   [32;22m     all[0m[34;1m     39.78[0m[34;22m      0.00[0m[34;1m     58.06[0m[34;22m      0.00[0m[34;22m      0.00[0m[31;1m      2.15[0m
09:47:56   [32;22m     all[0m[34;1m     42.86[0m[34;22m      0.00[0m[34;1m     54.50[0m[34;22m      0.00[0m[34;22m      0.00[0m[31;1m      2.65[0m
09:47:57   [32;22m     all[0m[34;1m     44.92[0m[34;22m      0.00[0m[34;1m     51.34[0m[34;22m      0.00[0m[34;22m      0.00[0m[31;1m      3.74[0m
09:47:58   [32;22m     all[0m[34;1m     43.09[0m[34;22m      0.00[0m[34;1m     52.13[0m[34;22m      0.00[0m[34;22m      0.00[0m[31;1m      4.79[0m
09:47:59   [32;22m     all[0m[34;1m     44.09[0m[34;22m      0.00[0m[34;1m     52.15[0m[34;22m      0.00[0m[34;22m      0.00[0m[31;1m      3.76[0m
09:48:00   [32;22m     all[0m[34;1m     43.39[0m[34;22m      0.00[0m[34;1m     53.97[0m[34;22m      0.00[0m[34;22m      0.00[0m[31;1m      2.65[0m
09:48:01   [32;22m     all[0m[34;1m     40.22[0m[34;22m      0.00[0m[34;1m     54.35[0m[34;22m      0.00[0m[34;22m      0.00[0m[31;1m      5.43[0m
09:48:02   [32;22m     all[0m[34;1m     44.27[0m[34;22m      0.00[0m[34;1m     50.52[0m[34;22m      0.00[0m[34;22m      0.00[0m[31;1m      5.21[0m
09:48:03   [32;22m     all[0m[34;1m     37.77[0m[34;22m      0.00[0m[34;1m     57.45[0m[34;22m      0.00[0m[34;22m      0.00[0m[31;1m      4.79[0m
09:48:04   [32;22m     all[0m[34;1m     43.32[0m[34;22m      0.00[0m[34;1m     51.87[0m[34;22m      0.00[0m[34;22m      0.00[0m[31;1m      4.81[0m
09:48:05   [32;22m     all[0m[34;1m     38.71[0m[34;22m      0.00[0m[34;1m     56.45[0m[34;22m      0.00[0m[34;22m      0.00[0m[31;1m      4.84[0m
09:48:06   [32;22m     all[0m[34;1m     40.22[0m[34;22m      0.00[0m[34;1m     56.52[0m[34;22m      0.00[0m[34;22m      0.00[0m[31;1m      3.26[0m
09:48:07   [32;22m     all[0m[34;1m     43.62[0m[34;22m      0.00[0m[34;1m     52.13[0m[34;22m      0.00[0m[34;22m      0.00[0m[31;1m      4.26[0m
09:48:08   [32;22m     all[0m[34;1m     41.21[0m[34;22m      0.00[0m[34;1m     54.40[0m[34;22m      0.00[0m[34;22m      0.00[0m[31;1m      4.40[0m
09:48:09   [32;22m     all[0m[34;1m     43.62[0m[34;22m      0.00[0m[34;1m     54.26[0m[34;22m      0.00[0m[34;22m      0.00[0m[31;1m      2.13[0m
09:48:10   [32;22m     all[0m[34;1m     41.36[0m[34;22m      0.00[0m[34;1m     52.36[0m[34;22m      0.00[0m[34;22m      0.00[0m[31;1m      6.28[0m
09:48:11   [32;22m     all[0m[34;1m     41.86[0m[34;22m      0.00[0m[34;1m     53.49[0m[34;22m      0.00[0m[34;22m      0.00[0m[31;1m      4.65[0m
09:48:12   [32;22m     all[0m[34;1m     46.77[0m[34;22m      0.00[0m[34;1m     48.92[0m[34;22m      0.00[0m[34;22m      0.00[0m[31;1m      4.30[0m
09:48:13   [32;22m     all[0m[34;1m     40.54[0m[34;22m      0.00[0m[34;1m     54.05[0m[34;22m      0.00[0m[34;22m      0.00[0m[31;1m      5.41[0m
09:48:14   [32;22m     all[0m[34;1m     42.47[0m[34;22m      0.00[0m[34;1m     53.76[0m[34;22m      0.00[0m[34;22m      0.00[0m[31;1m      3.76[0m
09:48:15   [32;22m     all[0m[34;1m     41.49[0m[34;22m      0.00[0m[34;1m     54.79[0m[34;22m      0.00[0m[34;22m      0.00[0m[31;1m      3.72[0m
09:48:16   [32;22m     all[0m[34;1m     41.90[0m[34;22m      0.00[0m[34;1m     53.63[0m[34;22m      0.00[0m[34;22m      0.00[0m[31;1m      4.47[0m
09:48:17   [32;22m     all[0m[34;1m     42.25[0m[34;22m      0.00[0m[34;1m     50.27[0m[34;22m      0.00[0m[34;22m      0.00[0m[31;1m      7.49[0m
09:48:18   [32;22m     all[0m[34;1m     40.00[0m[34;22m      0.00[0m[34;1m     55.68[0m[34;22m      0.00[0m[34;22m      0.00[0m[31;1m      4.32[0m
09:48:19   [32;22m     all[0m[34;1m     45.11[0m[34;22m      0.00[0m[34;1m     51.09[0m[34;22m      0.00[0m[34;22m      0.00[0m[31;1m      3.80[0m
09:48:20   [32;22m     all[0m[34;1m     43.75[0m[34;22m      0.00[0m[34;1m     53.65[0m[34;22m      0.00[0m[34;22m      0.00[0m[31;1m      2.60[0m
09:48:21   [32;22m     all[0m[34;1m     42.77[0m[34;22m      0.00[0m[34;1m     54.22[0m[34;22m      0.00[0m[34;22m      0.00[0m[31;1m      3.01[0m
09:48:22   [32;22m     all[0m[34;1m     47.46[0m[34;22m      0.00[0m[34;1m     49.72[0m[34;22m      0.00[0m[34;22m      0.00[0m[31;1m      2.82[0m
09:48:23   [32;22m     all[0m[34;1m     42.08[0m[34;22m      0.00[0m[34;1m     54.10[0m[34;22m      0.00[0m[34;22m      0.00[0m[31;1m      3.83[0m
09:48:24   [32;22m     all[0m[34;1m     41.34[0m[34;22m      0.00[0m[34;1m     55.31[0m[34;22m      0.00[0m[34;22m      0.00[0m[31;1m      3.35[0m
09:48:25   [32;22m     all[0m[34;1m     42.86[0m[34;22m      0.00[0m[34;1m     52.38[0m[34;22m      0.00[0m[34;22m      0.00[0m[31;1m      4.76[0m
09:48:26   [32;22m     all[0m[34;1m     39.27[0m[34;22m      0.00[0m[34;1m     58.64[0m[34;22m      0.00[0m[34;22m      0.00[0m[31;1m      2.09[0m
09:48:27   [32;22m     all[0m[34;1m     42.93[0m[34;22m      0.00[0m[34;1m     52.72[0m[34;22m      0.00[0m[34;22m      0.00[0m[31;1m      4.35[0m
09:48:28   [32;22m     all[0m[34;1m     44.15[0m[34;22m      0.00[0m[34;1m     53.19[0m[34;22m      0.00[0m[34;22m      0.00[0m[31;1m      2.66[0m
09:48:29   [32;22m     all[0m[34;1m     42.47[0m[34;22m      0.00[0m[34;1m     53.76[0m[34;22m      0.00[0m[34;22m      0.00[0m[31;1m      3.76[0m
09:48:30   [32;22m     all[0m[34;1m     45.50[0m[34;22m      0.00[0m[34;1m     51.85[0m[34;22m      0.00[0m[34;22m      0.00[0m[31;1m      2.65[0m
09:48:31   [32;22m     all[0m[34;1m     43.62[0m[34;22m      0.00[0m[34;1m     53.19[0m[34;22m      0.00[0m[34;22m      0.00[0m[31;1m      3.19[0m
09:48:32   [32;22m     all[0m[34;1m     44.15[0m[34;22m      0.00[0m[34;1m     53.19[0m[34;22m      0.00[0m[34;22m      0.00[0m[31;1m      2.66[0m
09:48:33   [32;22m     all[0m[34;1m     38.33[0m[34;22m      0.00[0m[34;1m     57.22[0m[34;22m      0.00[0m[34;22m      0.00[0m[31;1m      4.44[0m
09:48:34   [32;22m     all[0m[34;1m     44.79[0m[34;22m      0.00[0m[34;1m     53.65[0m[34;22m      0.00[0m[34;22m      0.00[0m[31;1m      1.56[0m
09:48:35   [32;22m     all[0m[34;1m     36.50[0m[34;22m      0.00[0m[34;1m     57.66[0m[34;22m      0.00[0m[34;22m      0.00[0m[31;1m      5.84[0m
