=========================================================
  Microservice Granularity Study — Experiment Log
  Auto-updated by experiment runner scripts
=========================================================

[2026-04-16 18:57:11] [BUILD] Starting clone & build
[2026-04-16 18:57:11] [BUILD] Build complete → onlineboutique/boutique
[2026-04-16 20:12:33] [SETUP] Prometheus + Node Exporter setup
[2026-04-16 21:27:09] [SETUP] Starting dependency installation
[2026-04-16 21:27:19] [SETUP] Starting dependency installation
[2026-04-16 21:27:19] [SETUP] Dependency installation complete
[2026-04-16 21:32:33] [BUILD] Starting clone & build
[2026-04-16 21:32:33] [BUILD] Build complete → onlineboutique/boutique
[2026-04-16 21:35:07] [SETUP] Prometheus + Node Exporter setup
[2026-04-16 21:37:12] [SETUP] Prometheus + Node Exporter setup
[2026-04-16 21:38:43] [SETUP] Prometheus + Node Exporter setup
[2026-04-16 21:45:44] [SETUP] Prometheus + Node Exporter setup
[2026-04-16 21:50:27] [SETUP] Prometheus + Node Exporter setup
[2026-04-16 22:01:54] [1VM] ======== Starting 1-VM experiment suite ========
[2026-04-16 22:01:54] [1VM] Config=1vm_monolith START
[2026-04-16 22:01:54] [1VM] Config=1vm_monolith VUs=500 START
[2026-04-16 22:20:09] [1VM] ======== Starting 1-VM experiment suite ========
[2026-04-16 22:20:09] [1VM] Config=1vm_monolith START
[2026-04-16 22:20:09] [1VM] Config=1vm_monolith VUs=500 START
[2026-04-16 22:23:39] [1VM] ======== Starting 1-VM experiment suite ========
[2026-04-16 22:23:39] [1VM] Config=1vm_monolith START
[2026-04-16 22:23:39] [1VM] Config=1vm_monolith VUs=500 START
[2026-04-16 22:26:40] [1VM] ======== Starting 1-VM experiment suite ========
[2026-04-16 22:26:40] [1VM] Config=1vm_monolith START
[2026-04-16 22:26:40] [1VM] Config=1vm_monolith VUs=500 START
[2026-04-16 22:41:12] [1VM] ======== Starting 1-VM experiment suite ========
[2026-04-16 22:41:12] [1VM] Config=1vm_monolith START
[2026-04-16 22:41:12] [1VM] Config=1vm_monolith VUs=500 START
[2026-04-16 22:59:44] [1VM] ======== Starting 1-VM experiment suite ========
[2026-04-16 22:59:44] [1VM] Config=1vm_monolith START
[2026-04-16 22:59:44] [1VM] Config=1vm_monolith VUs=500 START
[2026-04-16 23:05:03] [1VM] Config=1vm_monolith VUs=500 SUCCESS
[2026-04-16 23:05:08] [1VM] Config=1vm_monolith VUs=750 START
[2026-04-16 23:10:27] [1VM] Config=1vm_monolith VUs=750 SUCCESS
[2026-04-16 23:10:32] [1VM] Config=1vm_monolith VUs=1000 START
[2026-04-16 23:15:51] [1VM] Config=1vm_monolith VUs=1000 SUCCESS
[2026-04-16 23:15:56] [1VM] Config=1vm_monolith VUs=1250 START
[2026-04-16 23:21:15] [1VM] Config=1vm_monolith VUs=1250 SUCCESS
[2026-04-16 23:21:20] [1VM] Config=1vm_monolith VUs=1500 START
[2026-04-16 23:26:40] [1VM] Config=1vm_monolith VUs=1500 SUCCESS
[2026-04-16 23:26:45] [1VM] Config=1vm_monolith VUs=1750 START
[2026-04-16 23:32:04] [1VM] Config=1vm_monolith VUs=1750 SUCCESS
[2026-04-16 23:32:10] [1VM] Config=1vm_monolith VUs=2000 START
[2026-04-16 23:37:30] [1VM] Config=1vm_monolith VUs=2000 SUCCESS
[2026-04-16 23:37:35] [1VM] Config=1vm_monolith DONE
[2026-04-16 23:37:35] [1VM] Config=1vm_frontend_colocated START
[2026-04-16 23:37:35] [1VM] Config=1vm_frontend_colocated VUs=500 START
[2026-04-16 23:42:54] [1VM] Config=1vm_frontend_colocated VUs=500 SUCCESS
[2026-04-16 23:42:59] [1VM] Config=1vm_frontend_colocated VUs=750 START
[2026-04-16 23:48:18] [1VM] Config=1vm_frontend_colocated VUs=750 SUCCESS
[2026-04-16 23:48:23] [1VM] Config=1vm_frontend_colocated VUs=1000 START
[2026-04-16 23:53:42] [1VM] Config=1vm_frontend_colocated VUs=1000 SUCCESS
[2026-04-16 23:53:47] [1VM] Config=1vm_frontend_colocated VUs=1250 START
[2026-04-16 23:59:07] [1VM] Config=1vm_frontend_colocated VUs=1250 SUCCESS
[2026-04-16 23:59:12] [1VM] Config=1vm_frontend_colocated VUs=1500 START
[2026-04-17 00:04:32] [1VM] Config=1vm_frontend_colocated VUs=1500 SUCCESS
[2026-04-17 00:04:37] [1VM] Config=1vm_frontend_colocated VUs=1750 START
[2026-04-17 00:09:57] [1VM] Config=1vm_frontend_colocated VUs=1750 SUCCESS
[2026-04-17 00:10:02] [1VM] Config=1vm_frontend_colocated VUs=2000 START
[2026-04-17 00:15:22] [1VM] Config=1vm_frontend_colocated VUs=2000 SUCCESS
[2026-04-17 00:15:27] [1VM] Config=1vm_frontend_colocated DONE
[2026-04-17 00:15:27] [1VM] Config=1vm_two_colocated START
[2026-04-17 00:15:27] [1VM] Config=1vm_two_colocated VUs=500 START
[2026-04-17 00:20:47] [1VM] Config=1vm_two_colocated VUs=500 SUCCESS
[2026-04-17 00:20:52] [1VM] Config=1vm_two_colocated VUs=750 START
[2026-04-17 00:26:11] [1VM] Config=1vm_two_colocated VUs=750 SUCCESS
[2026-04-17 00:26:17] [1VM] Config=1vm_two_colocated VUs=1000 START
[2026-04-17 00:31:36] [1VM] Config=1vm_two_colocated VUs=1000 SUCCESS
[2026-04-17 00:31:41] [1VM] Config=1vm_two_colocated VUs=1250 START
[2026-04-17 00:37:01] [1VM] Config=1vm_two_colocated VUs=1250 SUCCESS
[2026-04-17 00:37:06] [1VM] Config=1vm_two_colocated VUs=1500 START
[2026-04-17 00:42:26] [1VM] Config=1vm_two_colocated VUs=1500 SUCCESS
[2026-04-17 00:42:31] [1VM] Config=1vm_two_colocated VUs=1750 START
[2026-04-17 00:47:50] [1VM] Config=1vm_two_colocated VUs=1750 SUCCESS
[2026-04-17 00:47:55] [1VM] Config=1vm_two_colocated VUs=2000 START
[2026-04-17 00:53:16] [1VM] Config=1vm_two_colocated VUs=2000 SUCCESS
[2026-04-17 00:53:21] [1VM] Config=1vm_two_colocated DONE
[2026-04-17 00:53:21] [1VM] Config=1vm_distributed START
[2026-04-17 00:53:21] [1VM] Config=1vm_distributed VUs=500 START
[2026-04-17 00:58:43] [1VM] Config=1vm_distributed VUs=500 SUCCESS
[2026-04-17 00:58:52] [1VM] Config=1vm_distributed VUs=750 START
[2026-04-17 01:04:14] [1VM] Config=1vm_distributed VUs=750 SUCCESS
[2026-04-17 01:04:24] [1VM] Config=1vm_distributed VUs=1000 START
[2026-04-17 01:09:51] [1VM] Config=1vm_distributed VUs=1000 SUCCESS
[2026-04-17 01:10:01] [1VM] Config=1vm_distributed VUs=1250 START
[2026-04-17 01:15:27] [1VM] Config=1vm_distributed VUs=1250 SUCCESS
[2026-04-17 01:15:36] [1VM] Config=1vm_distributed VUs=1500 START
[2026-04-17 01:21:06] [1VM] Config=1vm_distributed VUs=1500 SUCCESS
[2026-04-17 01:21:15] [1VM] Config=1vm_distributed VUs=1750 START
[2026-04-17 01:26:44] [1VM] Config=1vm_distributed VUs=1750 SUCCESS
[2026-04-17 01:26:53] [1VM] Config=1vm_distributed VUs=2000 START
[2026-04-17 01:32:26] [1VM] Config=1vm_distributed VUs=2000 SUCCESS
[2026-04-17 01:32:35] [1VM] Config=1vm_distributed DONE
[2026-04-17 01:32:35] [1VM] ======== All 1-VM experiments complete ========
[2026-04-17 15:58:42] [1VM] ======== Starting 1-VM experiment suite ========
[2026-04-17 15:58:42] [1VM] Config=1vm_monolith START
[2026-04-17 15:58:42] [1VM] Config=1vm_monolith VUs=500 START
[2026-04-17 16:05:22] [1VM] ======== Starting 1-VM experiment suite ========
[2026-04-17 16:05:22] [1VM] Config=1vm_monolith START
[2026-04-17 16:05:22] [1VM] Config=1vm_monolith VUs=500 START
[2026-04-17 16:10:46] [1VM] Config=1vm_monolith VUs=500 SUCCESS
[2026-04-17 16:10:55] [1VM] Config=1vm_monolith VUs=750 START
[2026-04-17 16:16:18] [1VM] Config=1vm_monolith VUs=750 SUCCESS
[2026-04-17 16:16:27] [1VM] Config=1vm_monolith VUs=1000 START
[2026-04-17 16:21:51] [1VM] Config=1vm_monolith VUs=1000 SUCCESS
[2026-04-17 16:21:59] [1VM] Config=1vm_monolith VUs=1250 START
[2026-04-17 16:27:23] [1VM] Config=1vm_monolith VUs=1250 SUCCESS
[2026-04-17 16:27:32] [1VM] Config=1vm_monolith VUs=1500 START
[2026-04-17 16:32:56] [1VM] Config=1vm_monolith VUs=1500 SUCCESS
[2026-04-17 16:33:01] [1VM] Config=1vm_monolith VUs=1750 START
[2026-04-17 16:41:36] [1VM] ======== Starting 1-VM experiment suite ========
[2026-04-17 16:41:36] [1VM] Config=1vm_monolith START
[2026-04-17 16:41:36] [1VM] Config=1vm_monolith VUs=500 START
[2026-04-17 16:46:58] [1VM] Config=1vm_monolith VUs=500 SUCCESS
[2026-04-17 16:47:04] [1VM] Config=1vm_monolith VUs=750 START
[2026-04-17 16:52:27] [1VM] Config=1vm_monolith VUs=750 SUCCESS
[2026-04-17 16:52:33] [1VM] Config=1vm_monolith VUs=1000 START
[2026-04-17 16:57:50] [1VM] ======== Starting 1-VM experiment suite ========
[2026-04-17 16:57:50] [1VM] Config=1vm_monolith START
[2026-04-17 16:57:50] [1VM] Config=1vm_monolith VUs=500 START
[2026-04-17 17:03:21] [1VM] Config=1vm_monolith VUs=500 SUCCESS
[2026-04-17 17:03:27] [1VM] Config=1vm_monolith VUs=750 START
[2026-04-17 19:48:44] [1VM] ======== Starting 1-VM experiment suite ========
[2026-04-17 19:48:44] [1VM] Config=1vm_monolith START
[2026-04-17 19:48:44] [1VM] Config=1vm_monolith VUs=500 START
[2026-04-17 19:54:03] [1VM] Config=1vm_monolith VUs=500 SUCCESS
[2026-04-17 19:54:09] [1VM] Config=1vm_monolith VUs=750 START
[2026-04-17 19:59:28] [1VM] Config=1vm_monolith VUs=750 SUCCESS
[2026-04-17 19:59:34] [1VM] Config=1vm_monolith VUs=1000 START
[2026-04-17 20:29:15] [1VM] ======== Starting 1-VM experiment suite ========
[2026-04-17 20:29:15] [1VM] Config=1vm_monolith START
[2026-04-17 20:29:15] [1VM] Config=1vm_monolith VUs=500 START
[2026-04-17 20:34:35] [1VM] Config=1vm_monolith VUs=500 SUCCESS
[2026-04-17 20:34:40] [1VM] Config=1vm_monolith VUs=750 START
[2026-04-17 20:40:00] [1VM] Config=1vm_monolith VUs=750 SUCCESS
[2026-04-17 20:40:05] [1VM] Config=1vm_monolith VUs=1000 START
[2026-04-17 20:45:26] [1VM] Config=1vm_monolith VUs=1000 SUCCESS
[2026-04-17 20:45:32] [1VM] Config=1vm_monolith VUs=1250 START
[2026-04-17 21:27:55] [BUILD] Starting clone & build
[2026-04-17 21:27:55] [BUILD] Build complete → onlineboutique/boutique
[2026-04-17 21:31:27] [1VM] ======== Starting 1-VM experiment suite ========
[2026-04-17 21:31:27] [1VM] Config=1vm_monolith START
[2026-04-17 21:31:27] [1VM] Config=1vm_monolith VUs=500 START
[2026-04-17 21:36:47] [1VM] Config=1vm_monolith VUs=500 SUCCESS
[2026-04-17 21:36:52] [1VM] Config=1vm_monolith VUs=750 START
[2026-04-17 21:44:24] [1VM] ======== Starting 1-VM experiment suite ========
[2026-04-17 21:44:24] [1VM] Config=1vm_monolith START
[2026-04-17 21:44:24] [1VM] Config=1vm_monolith VUs=500 START
[2026-04-17 21:49:45] [1VM] Config=1vm_monolith VUs=500 SUCCESS
[2026-04-17 21:49:51] [1VM] Config=1vm_monolith VUs=750 START
[2026-04-17 22:12:39] [BUILD] Starting clone & build
[2026-04-17 22:12:53] [BUILD] Starting clone & build
[2026-04-17 22:13:10] [BUILD] Starting clone & build
[2026-04-17 22:13:26] [BUILD] Starting clone & build
[2026-04-17 22:13:41] [BUILD] Starting clone & build
[2026-04-17 22:13:41] [BUILD] Build complete → onlineboutique/boutique
[2026-04-17 22:14:37] [1VM] ======== Starting 1-VM experiment suite ========
[2026-04-17 22:14:37] [1VM] Config=1vm_monolith START
[2026-04-17 22:14:37] [1VM] Config=1vm_monolith VUs=500 START
[2026-04-17 22:19:54] [BUILD] Starting clone & build
[2026-04-17 22:20:01] [1VM] Config=1vm_monolith VUs=500 SUCCESS
[2026-04-17 22:20:06] [1VM] Config=1vm_monolith VUs=750 START
[2026-04-17 22:20:16] [BUILD] Starting clone & build
[2026-04-17 22:20:35] [BUILD] Starting clone & build
[2026-04-17 22:20:44] [BUILD] Starting clone & build
[2026-04-17 22:20:44] [BUILD] Build complete → onlineboutique/boutique
[2026-04-17 22:22:20] [1VM] ======== Starting 1-VM experiment suite ========
[2026-04-17 22:22:20] [1VM] Config=1vm_monolith START
[2026-04-17 22:22:20] [1VM] Config=1vm_monolith VUs=500 START
[2026-04-17 22:25:37] [BUILD] Starting clone & build
[2026-04-17 22:25:50] [BUILD] Starting clone & build
[2026-04-17 22:25:50] [BUILD] Build complete → onlineboutique/boutique
[2026-04-17 22:27:00] [1VM] ======== Starting 1-VM experiment suite ========
[2026-04-17 22:27:00] [1VM] Config=1vm_monolith START
[2026-04-17 22:27:00] [1VM] Config=1vm_monolith VUs=500 START
[2026-04-17 22:29:56] [BUILD] Starting clone & build
[2026-04-17 22:29:56] [BUILD] Build complete → onlineboutique/boutique
[2026-04-17 22:31:22] [1VM] ======== Starting 1-VM experiment suite ========
[2026-04-17 22:31:22] [1VM] Config=1vm_monolith START
[2026-04-17 22:31:22] [1VM] Config=1vm_monolith VUs=500 START
[2026-04-17 22:36:46] [1VM] Config=1vm_monolith VUs=500 SUCCESS
[2026-04-17 22:36:51] [1VM] Config=1vm_monolith VUs=750 START
[2026-04-17 22:38:08] [1VM] ======== Starting 1-VM experiment suite ========
[2026-04-17 22:38:08] [1VM] Config=1vm_monolith START
[2026-04-17 22:38:08] [1VM] Config=1vm_monolith VUs=500 START
[2026-04-17 22:43:29] [1VM] Config=1vm_monolith VUs=500 SUCCESS
[2026-04-17 22:43:34] [1VM] Config=1vm_monolith VUs=750 START
[2026-04-17 22:48:05] [BUILD] Starting clone & build
[2026-04-17 22:48:05] [BUILD] Build complete → onlineboutique/boutique
[2026-04-17 22:48:44] [BUILD] Starting clone & build
[2026-04-17 22:48:44] [BUILD] Build complete → onlineboutique/boutique
[2026-04-17 22:49:33] [BUILD] Starting clone & build
[2026-04-17 22:49:38] [1VM] ======== Starting 1-VM experiment suite ========
[2026-04-17 22:49:38] [1VM] Config=1vm_monolith START
[2026-04-17 22:49:38] [1VM] Config=1vm_monolith VUs=500 START
[2026-04-17 22:49:38] [1VM] ======== Starting 1-VM experiment suite ========
[2026-04-17 22:49:38] [1VM] Config=1vm_monolith START
[2026-04-17 22:49:38] [1VM] Config=1vm_monolith VUs=500 START
[2026-04-17 22:49:52] [BUILD] Starting clone & build
[2026-04-17 22:50:12] [BUILD] Starting clone & build
[2026-04-17 22:50:21] [BUILD] Starting clone & build
[2026-04-17 22:50:21] [BUILD] Build complete → onlineboutique/boutique
[2026-04-17 22:51:53] [1VM] ======== Starting 1-VM experiment suite ========
[2026-04-17 22:51:53] [1VM] Config=1vm_monolith START
[2026-04-17 22:51:53] [1VM] Config=1vm_monolith VUs=500 START
[2026-04-17 22:55:50] [BUILD] Starting clone & build
[2026-04-17 22:56:07] [BUILD] Starting clone & build
[2026-04-17 22:56:19] [BUILD] Starting clone & build
[2026-04-17 22:56:19] [BUILD] Build complete → onlineboutique/boutique
[2026-04-17 22:57:32] [1VM] ======== Starting 1-VM experiment suite ========
[2026-04-17 22:57:32] [1VM] Config=1vm_monolith START
[2026-04-17 22:57:32] [1VM] Config=1vm_monolith VUs=500 START
[2026-04-17 23:00:33] [BUILD] Starting clone & build
[2026-04-17 23:00:47] [BUILD] Starting clone & build
[2026-04-17 23:00:47] [BUILD] Build complete → onlineboutique/boutique
[2026-04-17 23:01:54] [1VM] ======== Starting 1-VM experiment suite ========
[2026-04-17 23:01:54] [1VM] Config=1vm_monolith START
[2026-04-17 23:01:54] [1VM] Config=1vm_monolith VUs=500 START
[2026-04-17 23:04:57] [BUILD] Starting clone & build
[2026-04-17 23:04:57] [BUILD] Build complete → onlineboutique/boutique
[2026-04-17 23:06:10] [1VM] ======== Starting 1-VM experiment suite ========
[2026-04-17 23:06:10] [1VM] Config=1vm_monolith START
[2026-04-17 23:06:10] [1VM] Config=1vm_monolith VUs=500 START
[2026-04-17 23:33:20] [BUILD] Starting clone & build
[2026-04-17 23:33:33] [BUILD] Starting clone & build
[2026-04-17 23:33:33] [BUILD] Build complete → onlineboutique/boutique
[2026-04-17 23:34:58] [1VM] ======== Starting 1-VM experiment suite ========
[2026-04-17 23:34:58] [1VM] Config=1vm_monolith START
[2026-04-17 23:34:58] [1VM] Config=1vm_monolith VUs=500 START
[2026-04-17 23:38:11] [BUILD] Starting clone & build
[2026-04-17 23:38:11] [BUILD] Build complete → onlineboutique/boutique
[2026-04-17 23:38:19] [BUILD] Starting clone & build
[2026-04-17 23:38:19] [BUILD] Build complete → onlineboutique/boutique
[2026-04-17 23:38:27] [BUILD] Starting clone & build
[2026-04-17 23:38:27] [BUILD] Build complete → onlineboutique/boutique
[2026-04-17 23:41:32] [1VM] ======== Starting 1-VM experiment suite ========
[2026-04-17 23:41:32] [1VM] Config=1vm_monolith START
[2026-04-17 23:41:32] [1VM] Config=1vm_monolith VUs=500 START
[2026-04-17 23:46:52] [1VM] Config=1vm_monolith VUs=500 SUCCESS
[2026-04-17 23:46:57] [1VM] Config=1vm_monolith VUs=750 START
[2026-04-17 23:52:16] [1VM] Config=1vm_monolith VUs=750 SUCCESS
[2026-04-17 23:52:22] [1VM] Config=1vm_monolith VUs=1000 START
[2026-04-18 01:40:10] [BUILD] Starting clone & build
[2026-04-18 01:40:10] [BUILD] Build complete → onlineboutique/boutique
[2026-04-18 01:40:56] [1VM] ======== Starting 1-VM experiment suite ========
[2026-04-18 01:40:56] [1VM] Config=1vm_monolith START
[2026-04-18 01:40:56] [1VM] Config=1vm_monolith VUs=500 START
[2026-04-18 01:46:17] [1VM] Config=1vm_monolith VUs=500 SUCCESS
[2026-04-18 01:46:22] [1VM] Config=1vm_monolith VUs=750 START
[2026-04-18 01:51:44] [1VM] Config=1vm_monolith VUs=750 SUCCESS
[2026-04-18 01:51:49] [1VM] Config=1vm_monolith VUs=1000 START
[2026-04-20 15:20:17] [SETUP] Starting dependency installation
[2026-04-20 15:20:17] [SETUP] Dependency installation complete
[2026-04-20 15:21:27] [BUILD] Starting clone & build
[2026-04-20 15:21:27] [BUILD] Build complete → onlineboutique/boutique
[2026-04-20 15:21:36] [SETUP] Prometheus + Node Exporter setup
[2026-04-20 15:23:07] [1VM] ======== Starting 1-VM experiment suite ========
[2026-04-20 15:23:07] [1VM] Config=1vm_monolith START
[2026-04-20 15:23:07] [1VM] Config=1vm_monolith VUs=500 START
[2026-04-20 15:28:33] [1VM] Config=1vm_monolith VUs=500 SUCCESS
[2026-04-20 15:28:38] [1VM] Config=1vm_monolith VUs=750 START
[2026-04-20 15:57:31] [2VM] ======== Starting 2-VM experiment suite ========
[2026-04-20 15:57:31] [2VM] Config=2vm_frontend_colocated START
[2026-04-20 15:57:31] [2VM] Config=2vm_frontend_colocated VUs=500 START
[2026-04-20 16:06:50] [2VM] ======== Starting 2-VM experiment suite ========
[2026-04-20 16:06:50] [2VM] Config=2vm_frontend_colocated START
[2026-04-20 16:06:50] [2VM] Config=2vm_frontend_colocated VUs=500 START
[2026-04-20 16:14:39] [2VM] ======== Starting 2-VM experiment suite ========
[2026-04-20 16:14:39] [2VM] Config=2vm_frontend_colocated START
[2026-04-20 16:14:39] [2VM] Config=2vm_frontend_colocated VUs=500 START
[2026-04-20 16:22:45] [2VM] ======== Starting 2-VM experiment suite ========
[2026-04-20 16:22:45] [2VM] Config=2vm_frontend_colocated START
[2026-04-20 16:22:45] [2VM] Config=2vm_frontend_colocated VUs=500 START
[2026-04-20 16:28:30] [2VM] Config=2vm_frontend_colocated VUs=500 SUCCESS
[2026-04-20 16:28:40] [2VM] Config=2vm_frontend_colocated VUs=750 START
[2026-04-20 16:37:40] [2VM] ======== Starting 2-VM experiment suite ========
[2026-04-20 16:37:40] [2VM] Config=2vm_frontend_colocated START
[2026-04-20 16:37:40] [2VM] Config=2vm_frontend_colocated VUs=500 START
[2026-04-20 16:43:20] [2VM] Config=2vm_frontend_colocated VUs=500 SUCCESS
[2026-04-20 16:43:31] [2VM] Config=2vm_frontend_colocated VUs=750 START
[2026-04-20 16:49:28] [2VM] Config=2vm_frontend_colocated VUs=750 SUCCESS
[2026-04-20 16:49:38] [2VM] Config=2vm_frontend_colocated VUs=1000 START
[2026-04-20 16:59:25] [2VM] ======== Starting 2-VM experiment suite ========
[2026-04-20 16:59:25] [2VM] Config=2vm_frontend_colocated START
[2026-04-20 16:59:25] [2VM] Config=2vm_frontend_colocated VUs=500 START
[2026-04-20 17:03:45] [2VM] ======== Starting 2-VM experiment suite ========
[2026-04-20 17:03:45] [2VM] Config=2vm_frontend_colocated START
[2026-04-20 17:03:45] [2VM] Config=2vm_frontend_colocated VUs=500 START
[2026-04-20 17:09:25] [2VM] Config=2vm_frontend_colocated VUs=500 SUCCESS
[2026-04-20 17:09:35] [2VM] Config=2vm_frontend_colocated VUs=750 START
[2026-04-20 17:15:07] [2VM] Config=2vm_frontend_colocated VUs=750 SUCCESS
[2026-04-20 17:15:18] [2VM] Config=2vm_frontend_colocated VUs=1000 START
[2026-04-20 17:21:12] [2VM] Config=2vm_frontend_colocated VUs=1000 SUCCESS
[2026-04-20 17:21:22] [2VM] Config=2vm_frontend_colocated VUs=1250 START
[2026-04-20 17:27:22] [2VM] Config=2vm_frontend_colocated VUs=1250 SUCCESS
[2026-04-20 17:27:32] [2VM] Config=2vm_frontend_colocated VUs=1500 START
[2026-04-20 17:33:26] [2VM] Config=2vm_frontend_colocated VUs=1500 SUCCESS
[2026-04-20 17:33:37] [2VM] Config=2vm_frontend_colocated VUs=1750 START
[2026-04-20 17:39:20] [2VM] Config=2vm_frontend_colocated VUs=1750 SUCCESS
[2026-04-20 17:39:31] [2VM] Config=2vm_frontend_colocated VUs=2000 START
[2026-04-20 17:45:12] [2VM] Config=2vm_frontend_colocated VUs=2000 SUCCESS
[2026-04-20 17:45:22] [2VM] Config=2vm_frontend_colocated DONE
[2026-04-20 17:45:22] [2VM] Config=2vm_frontend_distributed START
[2026-04-20 17:45:22] [2VM] Config=2vm_frontend_distributed VUs=500 START
[2026-04-20 18:11:24] [2VM] ======== Starting 2-VM experiment suite ========
[2026-04-20 18:11:24] [2VM] Config=2vm_frontend_colocated START
[2026-04-20 18:11:24] [2VM] Config=2vm_frontend_colocated VUs=500 START
[2026-04-20 18:17:17] [2VM] Config=2vm_frontend_colocated VUs=500 SUCCESS
[2026-04-20 18:17:27] [2VM] Config=2vm_frontend_colocated VUs=750 START
[2026-04-20 18:22:58] [2VM] Config=2vm_frontend_colocated VUs=750 SUCCESS
[2026-04-20 18:23:08] [2VM] Config=2vm_frontend_colocated VUs=1000 START
[2026-04-20 18:28:48] [2VM] Config=2vm_frontend_colocated VUs=1000 SUCCESS
[2026-04-20 18:28:58] [2VM] Config=2vm_frontend_colocated VUs=1250 START
[2026-04-20 18:34:39] [2VM] Config=2vm_frontend_colocated VUs=1250 SUCCESS
[2026-04-20 18:34:49] [2VM] Config=2vm_frontend_colocated VUs=1500 START
[2026-04-20 18:40:28] [2VM] Config=2vm_frontend_colocated VUs=1500 SUCCESS
[2026-04-20 18:40:38] [2VM] Config=2vm_frontend_colocated VUs=1750 START
[2026-04-20 18:46:19] [2VM] Config=2vm_frontend_colocated VUs=1750 SUCCESS
[2026-04-20 18:46:29] [2VM] Config=2vm_frontend_colocated VUs=2000 START
[2026-04-20 19:07:28] [2VM] ======== Starting 2-VM experiment suite ========
[2026-04-20 19:28:09] [2VM] ======== Starting 2-VM experiment suite ========
[2026-04-20 19:34:34] [2VM] ======== Starting 2-VM experiment suite ========
[2026-04-20 19:34:34] [2VM] Config=2vm_frontend_distributed START
[2026-04-20 19:34:34] [2VM] Config=2vm_frontend_distributed VUs=500 START
[2026-04-20 19:50:03] [2VM] ======== Starting 2-VM experiment suite ========
[2026-04-20 19:50:03] [2VM] Config=2vm_frontend_distributed START
[2026-04-20 19:50:03] [2VM] Config=2vm_frontend_distributed VUs=500 START
[2026-04-20 20:05:07] [2VM] ======== Starting 2-VM experiment suite ========
[2026-04-20 20:05:07] [2VM] Config=2vm_frontend_distributed START
[2026-04-20 20:05:07] [2VM] Config=2vm_frontend_distributed VUs=500 START
[2026-04-20 20:11:16] [2VM] Config=2vm_frontend_distributed VUs=500 SUCCESS
[2026-04-20 20:11:30] [2VM] Config=2vm_frontend_distributed VUs=750 START
[2026-04-20 20:17:16] [2VM] Config=2vm_frontend_distributed VUs=750 SUCCESS
[2026-04-20 20:17:31] [2VM] Config=2vm_frontend_distributed VUs=1000 START
[2026-04-20 20:23:31] [2VM] Config=2vm_frontend_distributed VUs=1000 SUCCESS
[2026-04-20 20:23:45] [2VM] Config=2vm_frontend_distributed VUs=1250 START
[2026-04-20 20:29:47] [2VM] Config=2vm_frontend_distributed VUs=1250 SUCCESS
[2026-04-20 20:30:01] [2VM] Config=2vm_frontend_distributed VUs=1500 START
[2026-04-20 20:36:02] [2VM] Config=2vm_frontend_distributed VUs=1500 SUCCESS
[2026-04-20 20:36:17] [2VM] Config=2vm_frontend_distributed VUs=1750 START
[2026-04-20 20:42:19] [2VM] Config=2vm_frontend_distributed VUs=1750 SUCCESS
[2026-04-20 20:42:34] [2VM] Config=2vm_frontend_distributed VUs=2000 START
[2026-04-20 20:48:45] [2VM] Config=2vm_frontend_distributed VUs=2000 SUCCESS
[2026-04-20 20:48:59] [2VM] Config=2vm_frontend_distributed DONE
[2026-04-20 20:48:59] [2VM] Config=2vm_colocated_colocated START
[2026-04-20 20:48:59] [2VM] Config=2vm_colocated_colocated VUs=500 START
[2026-04-20 20:54:57] [2VM] Config=2vm_colocated_colocated VUs=500 SUCCESS
[2026-04-20 20:55:08] [2VM] Config=2vm_colocated_colocated VUs=750 START
[2026-04-20 21:01:03] [2VM] Config=2vm_colocated_colocated VUs=750 SUCCESS
[2026-04-20 21:01:13] [2VM] Config=2vm_colocated_colocated VUs=1000 START
[2026-04-20 21:07:10] [2VM] Config=2vm_colocated_colocated VUs=1000 SUCCESS
[2026-04-20 21:07:21] [2VM] Config=2vm_colocated_colocated VUs=1250 START
[2026-04-20 21:13:17] [2VM] Config=2vm_colocated_colocated VUs=1250 SUCCESS
[2026-04-20 21:13:28] [2VM] Config=2vm_colocated_colocated VUs=1500 START
[2026-04-20 21:19:26] [2VM] Config=2vm_colocated_colocated VUs=1500 SUCCESS
[2026-04-20 21:19:36] [2VM] Config=2vm_colocated_colocated VUs=1750 START
[2026-04-20 21:25:31] [2VM] Config=2vm_colocated_colocated VUs=1750 SUCCESS
[2026-04-20 21:25:42] [2VM] Config=2vm_colocated_colocated VUs=2000 START
[2026-04-20 21:31:46] [2VM] Config=2vm_colocated_colocated VUs=2000 SUCCESS
[2026-04-20 21:31:56] [2VM] Config=2vm_colocated_colocated DONE
[2026-04-20 21:31:56] [2VM] Config=2vm_distributed_distributed START
[2026-04-20 21:31:56] [2VM] Config=2vm_distributed_distributed VUs=500 START
[2026-04-20 21:37:58] [2VM] Config=2vm_distributed_distributed VUs=500 SUCCESS
[2026-04-20 21:38:13] [2VM] Config=2vm_distributed_distributed VUs=750 START
[2026-04-20 21:44:16] [2VM] Config=2vm_distributed_distributed VUs=750 SUCCESS
[2026-04-20 21:44:30] [2VM] Config=2vm_distributed_distributed VUs=1000 START
[2026-04-20 21:50:34] [2VM] Config=2vm_distributed_distributed VUs=1000 SUCCESS
[2026-04-20 21:50:49] [2VM] Config=2vm_distributed_distributed VUs=1250 START
[2026-04-20 21:56:48] [2VM] Config=2vm_distributed_distributed VUs=1250 SUCCESS
[2026-04-20 21:57:03] [2VM] Config=2vm_distributed_distributed VUs=1500 START
[2026-04-20 22:03:04] [2VM] Config=2vm_distributed_distributed VUs=1500 SUCCESS
[2026-04-20 22:03:18] [2VM] Config=2vm_distributed_distributed VUs=1750 START
[2026-04-20 22:08:56] [2VM] Config=2vm_distributed_distributed VUs=1750 SUCCESS
[2026-04-20 22:09:09] [2VM] Config=2vm_distributed_distributed VUs=2000 START
[2026-04-20 22:14:44] [2VM] Config=2vm_distributed_distributed VUs=2000 SUCCESS
[2026-04-20 22:14:57] [2VM] Config=2vm_distributed_distributed DONE
[2026-04-20 22:14:57] [2VM] ======== All 2-VM experiments complete ========
[2026-04-20 22:53:17] [2VM] ======== Starting 2-VM experiment suite ========
[2026-04-20 22:53:17] [2VM] Config=2vm_frontend_distributed START
[2026-04-20 22:53:17] [2VM] Config=2vm_frontend_distributed VUs=500 START
[2026-04-20 22:58:55] [2VM] Config=2vm_frontend_distributed VUs=500 SUCCESS
[2026-04-20 22:59:08] [2VM] Config=2vm_frontend_distributed VUs=750 START
[2026-04-20 23:04:48] [2VM] Config=2vm_frontend_distributed VUs=750 SUCCESS
[2026-04-20 23:05:01] [2VM] Config=2vm_frontend_distributed VUs=1000 START
[2026-04-20 23:10:59] [2VM] Config=2vm_frontend_distributed VUs=1000 SUCCESS
[2026-04-20 23:11:12] [2VM] Config=2vm_frontend_distributed VUs=1250 START
[2026-04-20 23:16:48] [2VM] Config=2vm_frontend_distributed VUs=1250 SUCCESS
[2026-04-20 23:17:01] [2VM] Config=2vm_frontend_distributed VUs=1500 START
[2026-04-20 23:22:45] [2VM] Config=2vm_frontend_distributed VUs=1500 SUCCESS
[2026-04-20 23:22:58] [2VM] Config=2vm_frontend_distributed VUs=1750 START
[2026-04-20 23:28:32] [2VM] Config=2vm_frontend_distributed VUs=1750 SUCCESS
[2026-04-20 23:28:45] [2VM] Config=2vm_frontend_distributed VUs=2000 START
[2026-04-20 23:34:20] [2VM] Config=2vm_frontend_distributed VUs=2000 SUCCESS
[2026-04-20 23:34:33] [2VM] Config=2vm_frontend_distributed DONE
[2026-04-20 23:34:33] [2VM] Config=2vm_colocated_colocated START
[2026-04-20 23:34:33] [2VM] Config=2vm_colocated_colocated VUs=500 START
[2026-04-20 23:40:09] [2VM] Config=2vm_colocated_colocated VUs=500 SUCCESS
[2026-04-20 23:40:19] [2VM] Config=2vm_colocated_colocated VUs=750 START
[2026-04-20 23:45:52] [2VM] Config=2vm_colocated_colocated VUs=750 SUCCESS
[2026-04-20 23:46:02] [2VM] Config=2vm_colocated_colocated VUs=1000 START
[2026-04-20 23:51:35] [2VM] Config=2vm_colocated_colocated VUs=1000 SUCCESS
[2026-04-20 23:51:46] [2VM] Config=2vm_colocated_colocated VUs=1250 START
[2026-04-20 23:57:19] [2VM] Config=2vm_colocated_colocated VUs=1250 SUCCESS
[2026-04-20 23:57:30] [2VM] Config=2vm_colocated_colocated VUs=1500 START
[2026-04-21 00:03:07] [2VM] Config=2vm_colocated_colocated VUs=1500 SUCCESS
[2026-04-21 00:03:18] [2VM] Config=2vm_colocated_colocated VUs=1750 START
[2026-04-21 00:09:12] [2VM] Config=2vm_colocated_colocated VUs=1750 SUCCESS
[2026-04-21 00:09:22] [2VM] Config=2vm_colocated_colocated VUs=2000 START
[2026-04-21 00:15:15] [2VM] Config=2vm_colocated_colocated VUs=2000 SUCCESS
[2026-04-21 00:15:26] [2VM] Config=2vm_colocated_colocated DONE
[2026-04-21 00:15:26] [2VM] Config=2vm_distributed_distributed START
[2026-04-21 00:15:26] [2VM] Config=2vm_distributed_distributed VUs=500 START
[2026-04-21 00:21:26] [2VM] Config=2vm_distributed_distributed VUs=500 SUCCESS
[2026-04-21 00:21:41] [2VM] Config=2vm_distributed_distributed VUs=750 START
[2026-04-21 00:27:39] [2VM] Config=2vm_distributed_distributed VUs=750 SUCCESS
[2026-04-21 00:27:54] [2VM] Config=2vm_distributed_distributed VUs=1000 START
[2026-04-21 00:33:53] [2VM] Config=2vm_distributed_distributed VUs=1000 SUCCESS
[2026-04-21 00:34:08] [2VM] Config=2vm_distributed_distributed VUs=1250 START
[2026-04-21 00:40:12] [2VM] Config=2vm_distributed_distributed VUs=1250 SUCCESS
[2026-04-21 00:40:26] [2VM] Config=2vm_distributed_distributed VUs=1500 START
[2026-04-21 00:46:29] [2VM] Config=2vm_distributed_distributed VUs=1500 SUCCESS
[2026-04-21 00:46:44] [2VM] Config=2vm_distributed_distributed VUs=1750 START
[2026-04-21 00:52:45] [2VM] Config=2vm_distributed_distributed VUs=1750 SUCCESS
[2026-04-21 00:52:59] [2VM] Config=2vm_distributed_distributed VUs=2000 START
[2026-04-21 00:58:55] [2VM] Config=2vm_distributed_distributed VUs=2000 SUCCESS
[2026-04-21 00:59:09] [2VM] Config=2vm_distributed_distributed DONE
[2026-04-21 00:59:09] [2VM] ======== All 2-VM experiments complete ========
[2026-04-21 14:48:06] [2VM] ======== Starting 2-VM experiment suite ========
[2026-04-21 14:48:06] [2VM] Config=2vm_frontend_colocated START
[2026-04-21 14:48:06] [2VM] Config=2vm_frontend_colocated VUs=500 START
[2026-04-21 14:54:08] [2VM] Config=2vm_frontend_colocated VUs=500 SUCCESS
[2026-04-21 14:54:18] [2VM] Config=2vm_frontend_colocated VUs=750 START
[2026-04-21 15:00:15] [2VM] Config=2vm_frontend_colocated VUs=750 SUCCESS
[2026-04-21 15:00:25] [2VM] Config=2vm_frontend_colocated VUs=1000 START
[2026-04-21 15:06:25] [2VM] Config=2vm_frontend_colocated VUs=1000 SUCCESS
[2026-04-21 15:06:35] [2VM] Config=2vm_frontend_colocated VUs=1250 START
[2026-04-21 15:12:30] [2VM] Config=2vm_frontend_colocated VUs=1250 SUCCESS
[2026-04-21 15:12:40] [2VM] Config=2vm_frontend_colocated VUs=1500 START
[2026-04-21 15:18:37] [2VM] Config=2vm_frontend_colocated VUs=1500 SUCCESS
[2026-04-21 15:18:48] [2VM] Config=2vm_frontend_colocated VUs=1750 START
[2026-04-21 15:24:43] [2VM] Config=2vm_frontend_colocated VUs=1750 SUCCESS
[2026-04-21 15:24:54] [2VM] Config=2vm_frontend_colocated VUs=2000 START
[2026-04-21 15:30:49] [2VM] Config=2vm_frontend_colocated VUs=2000 SUCCESS
[2026-04-21 15:30:59] [2VM] Config=2vm_frontend_colocated DONE
[2026-04-21 15:30:59] [2VM] Config=2vm_frontend_distributed START
[2026-04-21 15:30:59] [2VM] Config=2vm_frontend_distributed VUs=500 START
[2026-04-21 15:36:59] [2VM] Config=2vm_frontend_distributed VUs=500 SUCCESS
[2026-04-21 15:37:13] [2VM] Config=2vm_frontend_distributed VUs=750 START
[2026-04-21 15:43:12] [2VM] Config=2vm_frontend_distributed VUs=750 SUCCESS
[2026-04-21 15:43:26] [2VM] Config=2vm_frontend_distributed VUs=1000 START
[2026-04-21 15:49:26] [2VM] Config=2vm_frontend_distributed VUs=1000 SUCCESS
[2026-04-21 15:49:39] [2VM] Config=2vm_frontend_distributed VUs=1250 START
[2026-04-21 15:55:40] [2VM] Config=2vm_frontend_distributed VUs=1250 SUCCESS
[2026-04-21 15:55:53] [2VM] Config=2vm_frontend_distributed VUs=1500 START
[2026-04-21 16:01:59] [2VM] Config=2vm_frontend_distributed VUs=1500 SUCCESS
[2026-04-21 16:02:13] [2VM] Config=2vm_frontend_distributed VUs=1750 START
[2026-04-21 16:08:05] [2VM] Config=2vm_frontend_distributed VUs=1750 SUCCESS
[2026-04-21 16:08:18] [2VM] Config=2vm_frontend_distributed VUs=2000 START
[2026-04-21 16:14:11] [2VM] Config=2vm_frontend_distributed VUs=2000 SUCCESS
[2026-04-21 16:14:25] [2VM] Config=2vm_frontend_distributed DONE
[2026-04-21 16:14:25] [2VM] Config=2vm_colocated_colocated START
[2026-04-21 16:14:25] [2VM] Config=2vm_colocated_colocated VUs=500 START
[2026-04-21 16:20:11] [2VM] Config=2vm_colocated_colocated VUs=500 SUCCESS
[2026-04-21 16:20:21] [2VM] Config=2vm_colocated_colocated VUs=750 START
[2026-04-21 16:25:58] [2VM] Config=2vm_colocated_colocated VUs=750 SUCCESS
[2026-04-21 16:26:09] [2VM] Config=2vm_colocated_colocated VUs=1000 START
[2026-04-21 16:31:44] [2VM] Config=2vm_colocated_colocated VUs=1000 SUCCESS
[2026-04-21 16:31:54] [2VM] Config=2vm_colocated_colocated VUs=1250 START
[2026-04-21 16:37:28] [2VM] Config=2vm_colocated_colocated VUs=1250 SUCCESS
[2026-04-21 16:37:38] [2VM] Config=2vm_colocated_colocated VUs=1500 START
[2026-04-21 16:43:14] [2VM] Config=2vm_colocated_colocated VUs=1500 SUCCESS
[2026-04-21 16:43:25] [2VM] Config=2vm_colocated_colocated VUs=1750 START
[2026-04-21 16:48:58] [2VM] Config=2vm_colocated_colocated VUs=1750 SUCCESS
[2026-04-21 16:49:08] [2VM] Config=2vm_colocated_colocated VUs=2000 START
[2026-04-21 16:54:44] [2VM] Config=2vm_colocated_colocated VUs=2000 SUCCESS
[2026-04-21 16:54:54] [2VM] Config=2vm_colocated_colocated DONE
[2026-04-21 16:54:54] [2VM] Config=2vm_distributed_distributed START
[2026-04-21 16:54:54] [2VM] Config=2vm_distributed_distributed VUs=500 START
[2026-04-21 17:00:28] [2VM] Config=2vm_distributed_distributed VUs=500 SUCCESS
[2026-04-21 17:00:41] [2VM] Config=2vm_distributed_distributed VUs=750 START
[2026-04-21 17:06:15] [2VM] Config=2vm_distributed_distributed VUs=750 SUCCESS
[2026-04-21 17:06:28] [2VM] Config=2vm_distributed_distributed VUs=1000 START
[2026-04-21 17:12:02] [2VM] Config=2vm_distributed_distributed VUs=1000 SUCCESS
[2026-04-21 17:12:15] [2VM] Config=2vm_distributed_distributed VUs=1250 START
[2026-04-21 17:17:54] [2VM] Config=2vm_distributed_distributed VUs=1250 SUCCESS
[2026-04-21 17:18:07] [2VM] Config=2vm_distributed_distributed VUs=1500 START
[2026-04-21 17:23:41] [2VM] Config=2vm_distributed_distributed VUs=1500 SUCCESS
[2026-04-21 17:23:54] [2VM] Config=2vm_distributed_distributed VUs=1750 START
[2026-04-21 17:29:29] [2VM] Config=2vm_distributed_distributed VUs=1750 SUCCESS
[2026-04-21 17:29:42] [2VM] Config=2vm_distributed_distributed VUs=2000 START
[2026-04-21 17:35:18] [2VM] Config=2vm_distributed_distributed VUs=2000 SUCCESS
[2026-04-21 17:35:32] [2VM] Config=2vm_distributed_distributed DONE
[2026-04-21 17:35:32] [2VM] ======== All 2-VM experiments complete ========
