Linux 6.6.95 (ssp-study) 	04/21/26 	_x86_64_	(2 CPU)

11:36:58        CPU     %user     %nice   %system   %iowait    %steal     %idle
11:36:59   [32;22m     all[0m[34;1m      3.09[0m[34;22m      0.00[0m[34;1m      3.09[0m[34;22m      0.00[0m[34;22m      0.00[0m[34;1m     93.81[0m
11:37:00   [32;22m     all[0m[34;1m      5.26[0m[34;22m      0.00[0m[34;1m      5.79[0m[34;22m      0.00[0m[34;22m      0.00[0m[34;1m     88.95[0m
11:37:01   [32;22m     all[0m[34;1m      3.11[0m[34;22m      0.00[0m[34;1m      3.63[0m[34;22m      0.00[0m[34;22m      0.00[0m[34;1m     93.26[0m
11:37:02   [32;22m     all[0m[34;1m      3.14[0m[34;22m      0.00[0m[34;1m      5.76[0m[34;22m      0.00[0m[34;22m      0.00[0m[34;1m     91.10[0m
11:37:03   [32;22m     all[0m[34;1m      4.30[0m[34;22m      0.00[0m[34;1m      6.99[0m[34;22m      0.00[0m[34;22m      0.00[0m[34;1m     88.71[0m
11:37:04   [32;22m     all[0m[34;1m      4.81[0m[34;22m      0.00[0m[34;1m      6.95[0m[34;22m      0.00[0m[34;22m      0.00[0m[34;1m     88.24[0m
11:37:05   [32;22m     all[0m[34;1m      5.29[0m[34;22m      0.00[0m[34;1m      6.35[0m[34;1m      0.53[0m[34;22m      0.00[0m[34;1m     87.83[0m
11:37:06   [32;22m     all[0m[34;1m      4.76[0m[34;22m      0.00[0m[34;1m      7.94[0m[34;22m      0.00[0m[34;22m      0.00[0m[34;1m     87.30[0m
11:37:07   [32;22m     all[0m[34;1m      4.28[0m[34;22m      0.00[0m[34;1m      8.56[0m[34;22m      0.00[0m[34;22m      0.00[0m[34;1m     87.17[0m
11:37:08   [32;22m     all[0m[34;1m      5.35[0m[34;22m      0.00[0m[34;1m      9.09[0m[34;22m      0.00[0m[34;22m      0.00[0m[34;1m     85.56[0m
11:37:09   [32;22m     all[0m[34;1m      9.09[0m[34;22m      0.00[0m[34;1m     12.30[0m[34;22m      0.00[0m[34;22m      0.00[0m[34;1m     78.61[0m
11:37:10   [32;22m     all[0m[34;1m     10.44[0m[34;22m      0.00[0m[34;1m     12.64[0m[34;1m      1.10[0m[34;22m      0.00[0m[34;1m     75.82[0m
11:37:11   [32;22m     all[0m[34;1m      5.95[0m[34;22m      0.00[0m[34;1m     11.35[0m[34;1m      0.54[0m[34;22m      0.00[0m[34;1m     82.16[0m
11:37:12   [32;22m     all[0m[34;1m      7.18[0m[34;22m      0.00[0m[34;1m     11.05[0m[34;22m      0.00[0m[34;22m      0.00[0m[34;1m     81.77[0m
11:37:13   [32;22m     all[0m[34;1m      9.19[0m[34;22m      0.00[0m[34;1m     17.84[0m[34;22m      0.00[0m[34;22m      0.00[0m[34;1m     72.97[0m
11:37:14   [32;22m     all[0m[34;1m     10.33[0m[34;22m      0.00[0m[34;1m     14.67[0m[34;22m      0.00[0m[34;22m      0.00[0m[34;1m     75.00[0m
11:37:15   [32;22m     all[0m[34;1m      7.65[0m[34;22m      0.00[0m[34;1m     12.57[0m[34;22m      0.00[0m[34;22m      0.00[0m[34;1m     79.78[0m
11:37:16   [32;22m     all[0m[34;1m      8.47[0m[34;22m      0.00[0m[34;1m     12.17[0m[34;1m      1.06[0m[34;22m      0.00[0m[34;1m     78.31[0m
11:37:17   [32;22m     all[0m[34;1m     11.11[0m[34;22m      0.00[0m[34;1m     16.67[0m[34;1m      0.56[0m[34;22m      0.00[0m[34;1m     71.67[0m
11:37:18   [32;22m     all[0m[34;1m      9.04[0m[34;22m      0.00[0m[34;1m     15.43[0m[34;22m      0.00[0m[34;22m      0.00[0m[34;1m     75.53[0m
11:37:19   [32;22m     all[0m[34;1m     10.81[0m[34;22m      0.00[0m[34;1m     20.00[0m[34;22m      0.00[0m[34;22m      0.00[0m[34;1m     69.19[0m
11:37:20   [32;22m     all[0m[34;1m     13.81[0m[34;22m      0.00[0m[34;1m     17.13[0m[34;22m      0.00[0m[34;22m      0.00[0m[34;1m     69.06[0m
11:37:21   [32;22m     all[0m[34;1m      8.65[0m[34;22m      0.00[0m[34;1m     15.68[0m[34;22m      0.00[0m[34;22m      0.00[0m[34;1m     75.68[0m
11:37:22   [32;22m     all[0m[34;1m     10.81[0m[34;22m      0.00[0m[34;1m     18.38[0m[34;22m      0.00[0m[34;22m      0.00[0m[34;1m     70.81[0m
11:37:23   [32;22m     all[0m[34;1m     11.41[0m[34;22m      0.00[0m[34;1m     19.02[0m[34;1m      0.54[0m[34;22m      0.00[0m[34;1m     69.02[0m
11:37:24   [32;22m     all[0m[34;1m     14.21[0m[34;22m      0.00[0m[34;1m     20.77[0m[34;1m      0.55[0m[34;22m      0.00[0m[34;1m     64.48[0m
11:37:25   [32;22m     all[0m[34;1m     12.64[0m[34;22m      0.00[0m[34;1m     18.13[0m[34;22m      0.00[0m[34;22m      0.00[0m[34;1m     69.23[0m
11:37:26   [32;22m     all[0m[34;1m     11.83[0m[34;22m      0.00[0m[34;1m     19.89[0m[34;22m      0.00[0m[34;22m      0.00[0m[34;1m     68.28[0m
11:37:27   [32;22m     all[0m[34;1m     12.09[0m[34;22m      0.00[0m[34;1m     20.88[0m[34;22m      0.00[0m[34;22m      0.00[0m[34;1m     67.03[0m
11:37:28   [32;22m     all[0m[34;1m     11.96[0m[34;22m      0.00[0m[34;1m     21.20[0m[34;1m      0.54[0m[34;22m      0.00[0m[34;1m     66.30[0m
11:37:29   [32;22m     all[0m[34;1m     11.89[0m[34;22m      0.00[0m[34;1m     21.62[0m[34;22m      0.00[0m[34;22m      0.00[0m[34;1m     66.49[0m
11:37:30   [32;22m     all[0m[34;1m     12.97[0m[34;22m      0.00[0m[34;1m     22.16[0m[34;22m      0.00[0m[34;22m      0.00[0m[34;1m     64.86[0m
11:37:31   [32;22m     all[0m[34;1m     13.81[0m[34;22m      0.00[0m[34;1m     22.10[0m[34;22m      0.00[0m[34;22m      0.00[0m[34;1m     64.09[0m
11:37:32   [32;22m     all[0m[34;1m     13.04[0m[34;22m      0.00[0m[34;1m     19.57[0m[34;1m      0.54[0m[34;22m      0.00[0m[34;1m     66.85[0m
11:37:33   [32;22m     all[0m[34;1m     13.19[0m[34;22m      0.00[0m[34;1m     19.78[0m[34;22m      0.00[0m[34;22m      0.00[0m[34;1m     67.03[0m
11:37:34   [32;22m     all[0m[34;1m     13.07[0m[34;22m      0.00[0m[34;1m     23.30[0m[34;22m      0.00[0m[34;22m      0.00[0m[34;1m     63.64[0m
11:37:35   [32;22m     all[0m[34;1m     14.69[0m[34;22m      0.00[0m[34;1m     20.90[0m[34;22m      0.00[0m[34;22m      0.00[0m[34;1m     64.41[0m
11:37:36   [32;22m     all[0m[34;1m     13.19[0m[34;22m      0.00[0m[34;1m     25.82[0m[34;22m      0.00[0m[34;22m      0.00[0m[34;1m     60.99[0m
11:37:37   [32;22m     all[0m[34;1m     14.12[0m[34;22m      0.00[0m[34;1m     25.42[0m[34;1m      0.56[0m[34;22m      0.00[0m[34;1m     59.89[0m
11:37:38   [32;22m     all[0m[34;1m     12.85[0m[34;22m      0.00[0m[34;1m     20.67[0m[34;22m      0.00[0m[34;22m      0.00[0m[34;1m     66.48[0m
11:37:39   [32;22m     all[0m[34;1m     12.50[0m[34;22m      0.00[0m[34;1m     25.00[0m[34;22m      0.00[0m[34;22m      0.00[0m[34;1m     62.50[0m
11:37:40   [32;22m     all[0m[34;1m     14.36[0m[34;22m      0.00[0m[34;1m     19.89[0m[34;22m      0.00[0m[34;22m      0.00[0m[34;1m     65.75[0m
11:37:41   [32;22m     all[0m[34;1m     12.92[0m[34;22m      0.00[0m[34;1m     23.03[0m[34;22m      0.00[0m[34;22m      0.00[0m[34;1m     64.04[0m
11:37:42   [32;22m     all[0m[34;1m     19.43[0m[34;22m      0.00[0m[34;1m     25.14[0m[34;1m      0.57[0m[34;22m      0.00[0m[34;1m     54.86[0m
11:37:43   [32;22m     all[0m[34;1m     13.64[0m[34;22m      0.00[0m[34;1m     24.43[0m[34;1m      0.57[0m[34;22m      0.00[0m[34;1m     61.36[0m
11:37:44   [32;22m     all[0m[34;1m     14.29[0m[34;22m      0.00[0m[34;1m     24.00[0m[34;22m      0.00[0m[34;22m      0.00[0m[34;1m     61.71[0m
11:37:45   [32;22m     all[0m[34;1m     16.29[0m[34;22m      0.00[0m[34;1m     26.40[0m[34;1m      0.56[0m[34;22m      0.00[0m[34;1m     56.74[0m
11:37:46   [32;22m     all[0m[34;1m     16.85[0m[34;22m      0.00[0m[34;1m     22.47[0m[34;22m      0.00[0m[34;22m      0.00[0m[34;1m     60.67[0m
11:37:47   [32;22m     all[0m[34;1m     15.00[0m[34;22m      0.00[0m[34;1m     24.44[0m[34;22m      0.00[0m[34;22m      0.00[0m[34;1m     60.56[0m
11:37:48   [32;22m     all[0m[34;1m     11.67[0m[34;22m      0.00[0m[34;1m     19.44[0m[34;22m      0.00[0m[34;22m      0.00[0m[34;1m     68.89[0m
11:37:49   [32;22m     all[0m[34;1m     12.02[0m[34;22m      0.00[0m[34;1m     18.03[0m[34;22m      0.00[0m[34;22m      0.00[0m[34;1m     69.95[0m
11:37:50   [32;22m     all[0m[34;1m     15.47[0m[34;22m      0.00[0m[34;1m     20.99[0m[34;22m      0.00[0m[34;22m      0.00[0m[34;1m     63.54[0m
11:37:51   [32;22m     all[0m[34;1m     15.34[0m[34;22m      0.00[0m[34;1m     21.59[0m[34;22m      0.00[0m[34;22m      0.00[0m[34;1m     63.07[0m
11:37:52   [32;22m     all[0m[34;1m     15.17[0m[34;22m      0.00[0m[34;1m     26.97[0m[34;1m      0.56[0m[34;22m      0.00[0m[34;1m     57.30[0m
11:37:53   [32;22m     all[0m[34;1m     14.61[0m[34;22m      0.00[0m[34;1m     24.16[0m[34;22m      0.00[0m[34;22m      0.00[0m[34;1m     61.24[0m
11:37:54   [32;22m     all[0m[34;1m     14.69[0m[34;22m      0.00[0m[34;1m     25.99[0m[34;1m      0.56[0m[34;22m      0.00[0m[34;1m     58.76[0m
11:37:55   [32;22m     all[0m[34;1m     15.00[0m[34;22m      0.00[0m[34;1m     22.78[0m[34;22m      0.00[0m[34;22m      0.00[0m[34;1m     62.22[0m
11:37:56   [32;22m     all[0m[34;1m     15.00[0m[34;22m      0.00[0m[34;1m     26.67[0m[34;22m      0.00[0m[34;22m      0.00[0m[34;1m     58.33[0m
11:37:57   [32;22m     all[0m[34;1m     13.26[0m[34;22m      0.00[0m[34;1m     22.65[0m[34;22m      0.00[0m[34;22m      0.00[0m[34;1m     64.09[0m
11:37:58   [32;22m     all[0m[34;1m     15.08[0m[34;22m      0.00[0m[34;1m     25.14[0m[34;22m      0.00[0m[34;22m      0.00[0m[34;1m     59.78[0m
11:37:59   [32;22m     all[0m[34;1m     13.97[0m[34;22m      0.00[0m[34;1m     22.35[0m[34;22m      0.00[0m[34;22m      0.00[0m[34;1m     63.69[0m
11:38:00   [32;22m     all[0m[34;1m     12.57[0m[34;22m      0.00[0m[34;1m     18.58[0m[34;22m      0.00[0m[34;22m      0.00[0m[34;1m     68.85[0m
11:38:01   [32;22m     all[0m[34;1m     11.60[0m[34;22m      0.00[0m[34;1m     19.34[0m[34;22m      0.00[0m[34;22m      0.00[0m[34;1m     69.06[0m
11:38:02   [32;22m     all[0m[34;1m     12.71[0m[34;22m      0.00[0m[34;1m     21.55[0m[34;22m      0.00[0m[34;22m      0.00[0m[34;1m     65.75[0m
11:38:03   [32;22m     all[0m[34;1m     13.81[0m[34;22m      0.00[0m[34;1m     19.34[0m[34;22m      0.00[0m[34;22m      0.00[0m[34;1m     66.85[0m
11:38:04   [32;22m     all[0m[34;1m     16.11[0m[34;22m      0.00[0m[34;1m     26.11[0m[34;22m      0.00[0m[34;22m      0.00[0m[34;1m     57.78[0m
11:38:05   [32;22m     all[0m[34;1m     16.02[0m[34;22m      0.00[0m[34;1m     25.41[0m[34;22m      0.00[0m[34;22m      0.00[0m[34;1m     58.56[0m
11:38:06   [32;22m     all[0m[34;1m     15.47[0m[34;22m      0.00[0m[34;1m     22.10[0m[34;22m      0.00[0m[34;22m      0.00[0m[34;1m     62.43[0m
11:38:07   [32;22m     all[0m[34;1m     13.97[0m[34;22m      0.00[0m[34;1m     26.26[0m[34;22m      0.00[0m[34;22m      0.00[0m[34;1m     59.78[0m
11:38:08   [32;22m     all[0m[34;1m     16.76[0m[34;22m      0.00[0m[34;1m     25.70[0m[34;22m      0.00[0m[34;22m      0.00[0m[34;1m     57.54[0m
11:38:09   [32;22m     all[0m[34;1m     16.85[0m[34;22m      0.00[0m[34;1m     32.58[0m[34;1m      1.69[0m[34;22m      0.00[0m[34;1m     48.88[0m
11:38:10   [32;22m     all[0m[34;1m     18.13[0m[34;22m      0.00[0m[34;1m     28.02[0m[34;22m      0.00[0m[34;22m      0.00[0m[34;1m     53.85[0m
11:38:11   [32;22m     all[0m[34;1m     12.71[0m[34;22m      0.00[0m[34;1m     24.31[0m[34;22m      0.00[0m[34;22m      0.00[0m[34;1m     62.98[0m
11:38:12   [32;22m     all[0m[34;1m     14.04[0m[34;22m      0.00[0m[34;1m     24.72[0m[34;22m      0.00[0m[34;22m      0.00[0m[34;1m     61.24[0m
11:38:13   [32;22m     all[0m[34;1m     13.89[0m[34;22m      0.00[0m[34;1m     25.56[0m[34;22m      0.00[0m[34;22m      0.00[0m[34;1m     60.56[0m
11:38:14   [32;22m     all[0m[34;1m     13.26[0m[34;22m      0.00[0m[34;1m     20.44[0m[34;22m      0.00[0m[34;22m      0.00[0m[34;1m     66.30[0m
11:38:15   [32;22m     all[0m[34;1m     12.85[0m[34;22m      0.00[0m[34;1m     23.46[0m[34;22m      0.00[0m[34;22m      0.00[0m[34;1m     63.69[0m
11:38:16   [32;22m     all[0m[34;1m     13.81[0m[34;22m      0.00[0m[34;1m     22.65[0m[34;22m      0.00[0m[34;22m      0.00[0m[34;1m     63.54[0m
11:38:17   [32;22m     all[0m[34;1m     12.92[0m[34;22m      0.00[0m[34;1m     24.16[0m[34;22m      0.00[0m[34;22m      0.00[0m[34;1m     62.92[0m
11:38:18   [32;22m     all[0m[34;1m     15.64[0m[34;22m      0.00[0m[34;1m     25.70[0m[34;22m      0.00[0m[34;22m      0.00[0m[34;1m     58.66[0m
11:38:19   [32;22m     all[0m[34;1m     14.29[0m[34;22m      0.00[0m[34;1m     25.14[0m[34;22m      0.00[0m[34;22m      0.00[0m[34;1m     60.57[0m
11:38:20   [32;22m     all[0m[34;1m     12.50[0m[34;22m      0.00[0m[34;1m     22.73[0m[34;22m      0.00[0m[34;22m      0.00[0m[34;1m     64.77[0m
11:38:21   [32;22m     all[0m[34;1m     14.20[0m[34;22m      0.00[0m[34;1m     25.57[0m[34;22m      0.00[0m[34;22m      0.00[0m[34;1m     60.23[0m
11:38:22   [32;22m     all[0m[34;1m     12.43[0m[34;22m      0.00[0m[34;1m     21.47[0m[34;22m      0.00[0m[34;22m      0.00[0m[34;1m     66.10[0m
11:38:23   [32;22m     all[0m[34;1m     12.85[0m[34;22m      0.00[0m[34;1m     22.91[0m[34;22m      0.00[0m[34;22m      0.00[0m[34;1m     64.25[0m
11:38:24   [32;22m     all[0m[34;1m     14.86[0m[34;22m      0.00[0m[34;1m     18.86[0m[34;22m      0.00[0m[34;22m      0.00[0m[34;1m     66.29[0m
11:38:25   [32;22m     all[0m[34;1m     19.77[0m[34;22m      0.00[0m[34;1m     29.94[0m[34;1m      0.56[0m[34;22m      0.00[0m[34;1m     49.72[0m
11:38:26   [32;22m     all[0m[34;1m     12.92[0m[34;22m      0.00[0m[34;1m     17.98[0m[34;22m      0.00[0m[34;22m      0.00[0m[34;1m     69.10[0m
11:38:27   [32;22m     all[0m[34;1m     13.14[0m[34;22m      0.00[0m[34;1m     23.43[0m[34;22m      0.00[0m[34;22m      0.00[0m[34;1m     63.43[0m
11:38:28   [32;22m     all[0m[34;1m     15.47[0m[34;22m      0.00[0m[34;1m     20.99[0m[34;22m      0.00[0m[34;22m      0.00[0m[34;1m     63.54[0m
11:38:29   [32;22m     all[0m[34;1m     13.97[0m[34;22m      0.00[0m[34;1m     22.91[0m[34;22m      0.00[0m[34;22m      0.00[0m[34;1m     63.13[0m
11:38:30   [32;22m     all[0m[34;1m     14.61[0m[34;22m      0.00[0m[34;1m     20.22[0m[34;22m      0.00[0m[34;22m      0.00[0m[34;1m     65.17[0m
11:38:31   [32;22m     all[0m[34;1m     13.74[0m[34;22m      0.00[0m[34;1m     22.53[0m[34;22m      0.00[0m[34;22m      0.00[0m[34;1m     63.74[0m
11:38:32   [32;22m     all[0m[34;1m     13.89[0m[34;22m      0.00[0m[34;1m     19.44[0m[34;22m      0.00[0m[34;22m      0.00[0m[34;1m     66.67[0m
11:38:33   [32;22m     all[0m[34;1m     14.77[0m[34;22m      0.00[0m[34;1m     22.16[0m[34;22m      0.00[0m[34;22m      0.00[0m[34;1m     63.07[0m
11:38:34   [32;22m     all[0m[34;1m     12.09[0m[34;22m      0.00[0m[34;1m     19.23[0m[34;22m      0.00[0m[34;22m      0.00[0m[34;1m     68.68[0m
11:38:35   [32;22m     all[0m[34;1m     15.00[0m[34;22m      0.00[0m[34;1m     25.00[0m[34;1m      0.56[0m[34;22m      0.00[0m[34;1m     59.44[0m
11:38:36   [32;22m     all[0m[34;1m     15.93[0m[34;22m      0.00[0m[34;1m     19.78[0m[34;22m      0.00[0m[34;22m      0.00[0m[34;1m     64.29[0m
11:38:37   [32;22m     all[0m[34;1m     14.36[0m[34;22m      0.00[0m[34;1m     23.20[0m[34;22m      0.00[0m[34;22m      0.00[0m[34;1m     62.43[0m
11:38:38   [32;22m     all[0m[34;1m     12.71[0m[34;22m      0.00[0m[34;1m     21.55[0m[34;22m      0.00[0m[34;22m      0.00[0m[34;1m     65.75[0m
11:38:39   [32;22m     all[0m[34;1m     16.76[0m[34;22m      0.00[0m[34;1m     25.70[0m[34;1m      0.56[0m[34;22m      0.00[0m[34;1m     56.98[0m
11:38:40   [32;22m     all[0m[34;1m     20.99[0m[34;22m      0.00[0m[34;1m     22.10[0m[34;22m      0.00[0m[34;22m      0.00[0m[34;1m     56.91[0m
11:38:41   [32;22m     all[0m[34;1m     15.56[0m[34;22m      0.00[0m[34;1m     24.44[0m[34;22m      0.00[0m[34;22m      0.00[0m[34;1m     60.00[0m
11:38:42   [32;22m     all[0m[34;1m     15.38[0m[34;22m      0.00[0m[34;1m     25.27[0m[34;22m      0.00[0m[34;22m      0.00[0m[34;1m     59.34[0m
11:38:43   [32;22m     all[0m[34;1m     15.56[0m[34;22m      0.00[0m[34;1m     23.33[0m[34;1m      0.56[0m[34;22m      0.00[0m[34;1m     60.56[0m
11:38:44   [32;22m     all[0m[34;1m     13.74[0m[34;22m      0.00[0m[34;1m     23.08[0m[34;22m      0.00[0m[34;22m      0.00[0m[34;1m     63.19[0m
11:38:45   [32;22m     all[0m[34;1m     15.56[0m[34;22m      0.00[0m[34;1m     28.33[0m[34;22m      0.00[0m[34;22m      0.00[0m[34;1m     56.11[0m
11:38:46   [32;22m     all[0m[34;1m     16.48[0m[34;22m      0.00[0m[34;1m     25.27[0m[34;22m      0.00[0m[34;22m      0.00[0m[34;1m     58.24[0m
11:38:47   [32;22m     all[0m[34;1m     15.17[0m[34;22m      0.00[0m[34;1m     29.21[0m[34;22m      0.00[0m[34;22m      0.00[0m[34;1m     55.62[0m
11:38:48   [32;22m     all[0m[34;1m     16.29[0m[34;22m      0.00[0m[34;1m     26.40[0m[34;22m      0.00[0m[34;22m      0.00[0m[34;1m     57.30[0m
11:38:49   [32;22m     all[0m[34;1m     12.64[0m[34;22m      0.00[0m[34;1m     20.88[0m[34;22m      0.00[0m[34;22m      0.00[0m[34;1m     66.48[0m
11:38:50   [32;22m     all[0m[34;1m     15.30[0m[34;22m      0.00[0m[34;1m     22.95[0m[34;22m      0.00[0m[34;22m      0.00[0m[34;1m     61.75[0m
11:38:51   [32;22m     all[0m[34;1m     14.29[0m[34;22m      0.00[0m[34;1m     25.27[0m[34;22m      0.00[0m[34;22m      0.00[0m[34;1m     60.44[0m
11:38:52   [32;22m     all[0m[34;1m     13.74[0m[34;22m      0.00[0m[34;1m     23.63[0m[34;22m      0.00[0m[34;22m      0.00[0m[34;1m     62.64[0m
11:38:53   [32;22m     all[0m[34;1m     14.53[0m[34;22m      0.00[0m[34;1m     26.26[0m[34;22m      0.00[0m[34;22m      0.00[0m[34;1m     59.22[0m
11:38:54   [32;22m     all[0m[34;1m     17.88[0m[34;22m      0.00[0m[34;1m     24.58[0m[34;1m      0.56[0m[34;22m      0.00[0m[34;1m     56.98[0m
11:38:55   [32;22m     all[0m[34;1m     15.85[0m[34;22m      0.00[0m[34;1m     25.14[0m[34;22m      0.00[0m[34;22m      0.00[0m[34;1m     59.02[0m
11:38:56   [32;22m     all[0m[34;1m     15.08[0m[34;22m      0.00[0m[34;1m     24.02[0m[34;22m      0.00[0m[34;22m      0.00[0m[34;1m     60.89[0m
11:38:57   [32;22m     all[0m[34;1m     15.73[0m[34;22m      0.00[0m[34;1m     26.40[0m[34;22m      0.00[0m[34;22m      0.00[0m[34;1m     57.87[0m
11:38:58   [32;22m     all[0m[34;1m     16.29[0m[34;22m      0.00[0m[34;1m     24.72[0m[34;22m      0.00[0m[34;22m      0.00[0m[34;1m     58.99[0m
11:38:59   [32;22m     all[0m[34;1m     12.09[0m[34;22m      0.00[0m[34;1m     18.68[0m[34;22m      0.00[0m[34;22m      0.00[0m[34;1m     69.23[0m
11:39:00   [32;22m     all[0m[34;1m     16.95[0m[34;22m      0.00[0m[34;1m     23.73[0m[34;22m      0.00[0m[34;22m      0.00[0m[34;1m     59.32[0m
11:39:01   [32;22m     all[0m[34;1m     15.38[0m[34;22m      0.00[0m[34;1m     26.92[0m[34;22m      0.00[0m[34;22m      0.00[0m[34;1m     57.69[0m
11:39:02   [32;22m     all[0m[34;1m     14.53[0m[34;22m      0.00[0m[34;1m     22.91[0m[34;22m      0.00[0m[34;22m      0.00[0m[34;1m     62.57[0m
11:39:03   [32;22m     all[0m[34;1m     14.04[0m[34;22m      0.00[0m[34;1m     20.79[0m[34;22m      0.00[0m[34;22m      0.00[0m[34;1m     65.17[0m
11:39:04   [32;22m     all[0m[34;1m     15.38[0m[34;22m      0.00[0m[34;1m     22.53[0m[34;22m      0.00[0m[34;22m      0.00[0m[34;1m     62.09[0m
11:39:05   [32;22m     all[0m[34;1m     15.00[0m[34;22m      0.00[0m[34;1m     23.89[0m[34;1m      2.22[0m[34;22m      0.00[0m[34;1m     58.89[0m
11:39:06   [32;22m     all[0m[34;1m     13.33[0m[34;22m      0.00[0m[34;1m     21.67[0m[34;22m      0.00[0m[34;22m      0.00[0m[34;1m     65.00[0m
11:39:07   [32;22m     all[0m[34;1m     12.36[0m[34;22m      0.00[0m[34;1m     19.66[0m[34;22m      0.00[0m[34;22m      0.00[0m[34;1m     67.98[0m
11:39:08   [32;22m     all[0m[34;1m     13.71[0m[34;22m      0.00[0m[34;1m     23.43[0m[34;22m      0.00[0m[34;22m      0.00[0m[34;1m     62.86[0m
11:39:09   [32;22m     all[0m[34;1m     15.56[0m[34;22m      0.00[0m[34;1m     23.33[0m[34;22m      0.00[0m[34;22m      0.00[0m[34;1m     61.11[0m
11:39:10   [32;22m     all[0m[34;1m     20.90[0m[34;22m      0.00[0m[34;1m     26.55[0m[34;22m      0.00[0m[34;22m      0.00[0m[34;1m     52.54[0m
11:39:11   [32;22m     all[0m[34;1m     13.89[0m[34;22m      0.00[0m[34;1m     20.56[0m[34;22m      0.00[0m[34;22m      0.00[0m[34;1m     65.56[0m
11:39:12   [32;22m     all[0m[34;1m     17.05[0m[34;22m      0.00[0m[34;1m     26.70[0m[34;22m      0.00[0m[34;22m      0.00[0m[34;1m     56.25[0m
11:39:13   [32;22m     all[0m[34;1m     15.43[0m[34;22m      0.00[0m[34;1m     23.43[0m[34;22m      0.00[0m[34;22m      0.00[0m[34;1m     61.14[0m
11:39:14   [32;22m     all[0m[34;1m     15.73[0m[34;22m      0.00[0m[34;1m     26.40[0m[34;1m      0.56[0m[34;22m      0.00[0m[34;1m     57.30[0m
11:39:15   [32;22m     all[0m[34;1m     18.29[0m[34;22m      0.00[0m[34;1m     24.57[0m[34;22m      0.00[0m[34;22m      0.00[0m[34;1m     57.14[0m
11:39:16   [32;22m     all[0m[34;1m     15.64[0m[34;22m      0.00[0m[34;1m     24.58[0m[34;22m      0.00[0m[34;22m      0.00[0m[34;1m     59.78[0m
11:39:17   [32;22m     all[0m[34;1m     16.11[0m[34;22m      0.00[0m[34;1m     24.44[0m[34;22m      0.00[0m[34;22m      0.00[0m[34;1m     59.44[0m
11:39:18   [32;22m     all[0m[34;1m     15.64[0m[34;22m      0.00[0m[34;1m     20.11[0m[34;22m      0.00[0m[34;22m      0.00[0m[34;1m     64.25[0m
11:39:19   [32;22m     all[0m[34;1m     14.53[0m[34;22m      0.00[0m[34;1m     24.58[0m[34;22m      0.00[0m[34;22m      0.00[0m[34;1m     60.89[0m
11:39:20   [32;22m     all[0m[34;1m     15.93[0m[34;22m      0.00[0m[34;1m     23.63[0m[34;1m      0.55[0m[34;22m      0.00[0m[34;1m     59.89[0m
11:39:21   [32;22m     all[0m[34;1m     11.60[0m[34;22m      0.00[0m[34;1m     20.44[0m[34;22m      0.00[0m[34;22m      0.00[0m[34;1m     67.96[0m
11:39:22   [32;22m     all[0m[34;1m     13.81[0m[34;22m      0.00[0m[34;1m     21.55[0m[34;22m      0.00[0m[34;22m      0.00[0m[34;1m     64.64[0m
11:39:23   [32;22m     all[0m[34;1m     14.75[0m[34;22m      0.00[0m[34;1m     21.31[0m[34;22m      0.00[0m[34;22m      0.00[0m[34;1m     63.93[0m
11:39:24   [32;22m     all[0m[34;1m     18.64[0m[34;22m      0.00[0m[34;1m     23.16[0m[34;22m      0.00[0m[34;22m      0.00[0m[34;1m     58.19[0m
11:39:25   [32;22m     all[0m[34;1m     16.76[0m[34;22m      0.00[0m[34;1m     25.70[0m[34;22m      0.00[0m[34;22m      0.00[0m[34;1m     57.54[0m
11:39:26   [32;22m     all[0m[34;1m     15.00[0m[34;22m      0.00[0m[34;1m     21.67[0m[34;22m      0.00[0m[34;22m      0.00[0m[34;1m     63.33[0m
11:39:27   [32;22m     all[0m[34;1m     14.04[0m[34;22m      0.00[0m[34;1m     25.28[0m[34;22m      0.00[0m[34;22m      0.00[0m[34;1m     60.67[0m
11:39:28   [32;22m     all[0m[34;1m     14.44[0m[34;22m      0.00[0m[34;1m     25.00[0m[34;22m      0.00[0m[34;22m      0.00[0m[34;1m     60.56[0m
11:39:29   [32;22m     all[0m[34;1m     18.13[0m[34;22m      0.00[0m[34;1m     27.47[0m[34;22m      0.00[0m[34;22m      0.00[0m[34;1m     54.40[0m
11:39:30   [32;22m     all[0m[34;1m     19.77[0m[34;22m      0.00[0m[34;1m     28.25[0m[34;22m      0.00[0m[34;22m      0.00[0m[34;1m     51.98[0m
11:39:31   [32;22m     all[0m[34;1m     16.57[0m[34;22m      0.00[0m[34;1m     25.71[0m[34;22m      0.00[0m[34;22m      0.00[0m[34;1m     57.71[0m
11:39:32   [32;22m     all[0m[34;1m     15.47[0m[34;22m      0.00[0m[34;1m     23.76[0m[34;22m      0.00[0m[34;22m      0.00[0m[34;1m     60.77[0m
11:39:33   [32;22m     all[0m[34;1m     13.97[0m[34;22m      0.00[0m[34;1m     21.79[0m[34;22m      0.00[0m[34;22m      0.00[0m[34;1m     64.25[0m
11:39:34   [32;22m     all[0m[34;1m     14.75[0m[34;22m      0.00[0m[34;1m     22.95[0m[34;22m      0.00[0m[34;22m      0.00[0m[34;1m     62.30[0m
11:39:35   [32;22m     all[0m[34;1m     15.08[0m[34;22m      0.00[0m[34;1m     25.14[0m[34;22m      0.00[0m[34;22m      0.00[0m[34;1m     59.78[0m
11:39:36   [32;22m     all[0m[34;1m     14.53[0m[34;22m      0.00[0m[34;1m     22.91[0m[34;22m      0.00[0m[34;22m      0.00[0m[34;1m     62.57[0m
11:39:37   [32;22m     all[0m[34;1m     14.92[0m[34;22m      0.00[0m[34;1m     23.76[0m[34;22m      0.00[0m[34;22m      0.00[0m[34;1m     61.33[0m
11:39:38   [32;22m     all[0m[34;1m     13.48[0m[34;22m      0.00[0m[34;1m     25.84[0m[34;22m      0.00[0m[34;22m      0.00[0m[34;1m     60.67[0m
11:39:39   [32;22m     all[0m[34;1m     20.22[0m[34;22m      0.00[0m[34;1m     26.40[0m[34;22m      0.00[0m[34;22m      0.00[0m[34;1m     53.37[0m
11:39:40   [32;22m     all[0m[34;1m     15.82[0m[34;22m      0.00[0m[34;1m     25.42[0m[34;22m      0.00[0m[34;22m      0.00[0m[34;1m     58.76[0m
11:39:41   [32;22m     all[0m[34;1m     13.33[0m[34;22m      0.00[0m[34;1m     20.56[0m[34;22m      0.00[0m[34;22m      0.00[0m[34;1m     66.11[0m
11:39:42   [32;22m     all[0m[34;1m     14.20[0m[34;22m      0.00[0m[34;1m     25.00[0m[34;1m      1.70[0m[34;22m      0.00[0m[34;1m     59.09[0m
11:39:43   [32;22m     all[0m[34;1m     14.04[0m[34;22m      0.00[0m[34;1m     24.72[0m[34;1m      0.56[0m[34;22m      0.00[0m[34;1m     60.67[0m
11:39:44   [32;22m     all[0m[34;1m     13.56[0m[34;22m      0.00[0m[34;1m     24.29[0m[34;22m      0.00[0m[34;22m      0.00[0m[34;1m     62.15[0m
11:39:45   [32;22m     all[0m[34;1m     14.12[0m[34;22m      0.00[0m[34;1m     23.16[0m[34;22m      0.00[0m[34;22m      0.00[0m[34;1m     62.71[0m
11:39:46   [32;22m     all[0m[34;1m     11.80[0m[34;22m      0.00[0m[34;1m     25.84[0m[34;22m      0.00[0m[34;22m      0.00[0m[34;1m     62.36[0m
11:39:47   [32;22m     all[0m[34;1m     12.85[0m[34;22m      0.00[0m[34;1m     21.79[0m[34;22m      0.00[0m[34;22m      0.00[0m[34;1m     65.36[0m
11:39:48   [32;22m     all[0m[34;1m     12.09[0m[34;22m      0.00[0m[34;1m     22.53[0m[34;22m      0.00[0m[34;22m      0.00[0m[34;1m     65.38[0m
11:39:49   [32;22m     all[0m[34;1m     12.43[0m[34;22m      0.00[0m[34;1m     20.90[0m[34;1m      0.56[0m[34;22m      0.00[0m[34;1m     66.10[0m
11:39:50   [32;22m     all[0m[34;1m     14.53[0m[34;22m      0.00[0m[34;1m     22.35[0m[34;22m      0.00[0m[34;22m      0.00[0m[34;1m     63.13[0m
11:39:51   [32;22m     all[0m[34;1m     15.43[0m[34;22m      0.00[0m[34;1m     25.71[0m[34;22m      0.00[0m[34;22m      0.00[0m[34;1m     58.86[0m
11:39:52   [32;22m     all[0m[34;1m     14.12[0m[34;22m      0.00[0m[34;1m     22.60[0m[34;22m      0.00[0m[34;22m      0.00[0m[34;1m     63.28[0m
11:39:53   [32;22m     all[0m[34;1m     13.07[0m[34;22m      0.00[0m[34;1m     22.16[0m[34;1m      0.57[0m[34;22m      0.00[0m[34;1m     64.20[0m
11:39:54   [32;22m     all[0m[34;1m     15.00[0m[34;22m      0.00[0m[34;1m     25.56[0m[34;22m      0.00[0m[34;22m      0.00[0m[34;1m     59.44[0m
11:39:55   [32;22m     all[0m[34;1m     16.67[0m[34;22m      0.00[0m[34;1m     28.89[0m[34;22m      0.00[0m[34;22m      0.00[0m[34;1m     54.44[0m
11:39:56   [32;22m     all[0m[34;1m     16.29[0m[34;22m      0.00[0m[34;1m     25.28[0m[34;22m      0.00[0m[34;22m      0.00[0m[34;1m     58.43[0m
11:39:57   [32;22m     all[0m[34;1m     14.53[0m[34;22m      0.00[0m[34;1m     22.35[0m[34;22m      0.00[0m[34;22m      0.00[0m[34;1m     63.13[0m
11:39:58   [32;22m     all[0m[34;1m     15.64[0m[34;22m      0.00[0m[34;1m     24.02[0m[34;1m      1.12[0m[34;22m      0.00[0m[34;1m     59.22[0m
11:39:59   [32;22m     all[0m[34;1m     18.29[0m[34;22m      0.00[0m[34;1m     29.14[0m[34;1m      0.57[0m[34;22m      0.00[0m[34;1m     52.00[0m
11:40:00   [32;22m     all[0m[34;1m     16.48[0m[34;22m      0.00[0m[34;1m     25.00[0m[34;1m      0.57[0m[34;22m      0.00[0m[34;1m     57.95[0m
11:40:01   [32;22m     all[0m[34;1m     12.02[0m[34;22m      0.00[0m[34;1m     22.95[0m[34;22m      0.00[0m[34;22m      0.00[0m[34;1m     65.03[0m
11:40:02   [32;22m     all[0m[34;1m     13.81[0m[34;22m      0.00[0m[34;1m     24.31[0m[34;22m      0.00[0m[34;22m      0.00[0m[34;1m     61.88[0m
11:40:03   [32;22m     all[0m[34;1m     13.41[0m[34;22m      0.00[0m[34;1m     24.58[0m[34;22m      0.00[0m[34;22m      0.00[0m[34;1m     62.01[0m
11:40:04   [32;22m     all[0m[34;1m     15.82[0m[34;22m      0.00[0m[34;1m     25.99[0m[34;22m      0.00[0m[34;22m      0.00[0m[34;1m     58.19[0m
11:40:05   [32;22m     all[0m[34;1m     14.44[0m[34;22m      0.00[0m[34;1m     26.67[0m[34;22m      0.00[0m[34;22m      0.00[0m[34;1m     58.89[0m
11:40:06   [32;22m     all[0m[34;1m     14.12[0m[34;22m      0.00[0m[34;1m     25.99[0m[34;22m      0.00[0m[34;22m      0.00[0m[34;1m     59.89[0m
11:40:07   [32;22m     all[0m[34;1m     16.48[0m[34;22m      0.00[0m[34;1m     28.57[0m[34;22m      0.00[0m[34;22m      0.00[0m[34;1m     54.95[0m
11:40:08   [32;22m     all[0m[34;1m     19.43[0m[34;22m      0.00[0m[34;1m     29.71[0m[34;22m      0.00[0m[34;22m      0.00[0m[34;1m     50.86[0m
11:40:09   [32;22m     all[0m[34;1m     15.17[0m[34;22m      0.00[0m[34;1m     24.16[0m[34;1m      1.12[0m[34;22m      0.00[0m[34;1m     59.55[0m
11:40:10   [32;22m     all[0m[34;1m     17.98[0m[34;22m      0.00[0m[34;1m     27.53[0m[34;22m      0.00[0m[34;22m      0.00[0m[34;1m     54.49[0m
11:40:11   [32;22m     all[0m[34;1m     11.96[0m[34;22m      0.00[0m[34;1m     23.37[0m[34;1m      0.54[0m[34;22m      0.00[0m[34;1m     64.13[0m
11:40:12   [32;22m     all[0m[34;1m     11.67[0m[34;22m      0.00[0m[34;1m     20.56[0m[34;1m      0.56[0m[34;22m      0.00[0m[34;1m     67.22[0m
11:40:13   [32;22m     all[0m[34;1m     14.53[0m[34;22m      0.00[0m[34;1m     24.58[0m[34;22m      0.00[0m[34;22m      0.00[0m[34;1m     60.89[0m
11:40:14   [32;22m     all[0m[34;1m     14.04[0m[34;22m      0.00[0m[34;1m     24.72[0m[34;22m      0.00[0m[34;22m      0.00[0m[34;1m     61.24[0m
11:40:15   [32;22m     all[0m[34;1m     14.21[0m[34;22m      0.00[0m[34;1m     22.40[0m[34;22m      0.00[0m[34;22m      0.00[0m[34;1m     63.39[0m
11:40:16   [32;22m     all[0m[34;1m     16.57[0m[34;22m      0.00[0m[34;1m     24.86[0m[34;1m      0.55[0m[34;22m      0.00[0m[34;1m     58.01[0m
11:40:17   [32;22m     all[0m[34;1m     12.36[0m[34;22m      0.00[0m[34;1m     21.91[0m[34;22m      0.00[0m[34;22m      0.00[0m[34;1m     65.73[0m
11:40:18   [32;22m     all[0m[34;1m     12.92[0m[34;22m      0.00[0m[34;1m     21.35[0m[34;22m      0.00[0m[34;22m      0.00[0m[34;1m     65.73[0m
11:40:19   [32;22m     all[0m[34;1m     11.48[0m[34;22m      0.00[0m[34;1m     22.95[0m[34;22m      0.00[0m[34;22m      0.00[0m[34;1m     65.57[0m
11:40:20   [32;22m     all[0m[34;1m     15.56[0m[34;22m      0.00[0m[34;1m     25.00[0m[34;1m      0.56[0m[34;22m      0.00[0m[34;1m     58.89[0m
11:40:21   [32;22m     all[0m[34;1m     11.30[0m[34;22m      0.00[0m[34;1m     19.21[0m[34;22m      0.00[0m[34;22m      0.00[0m[34;1m     69.49[0m
11:40:22   [32;22m     all[0m[34;1m     14.61[0m[34;22m      0.00[0m[34;1m     26.40[0m[34;22m      0.00[0m[34;22m      0.00[0m[34;1m     58.99[0m
11:40:23   [32;22m     all[0m[34;1m     14.37[0m[34;22m      0.00[0m[34;1m     27.01[0m[34;22m      0.00[0m[34;22m      0.00[0m[34;1m     58.62[0m
11:40:24   [32;22m     all[0m[34;1m     15.17[0m[34;22m      0.00[0m[34;1m     26.97[0m[34;22m      0.00[0m[34;22m      0.00[0m[34;1m     57.87[0m
11:40:25   [32;22m     all[0m[34;1m     15.82[0m[34;22m      0.00[0m[34;1m     27.68[0m[34;22m      0.00[0m[34;22m      0.00[0m[34;1m     56.50[0m
11:40:26   [32;22m     all[0m[34;1m     13.64[0m[34;22m      0.00[0m[34;1m     23.86[0m[34;22m      0.00[0m[34;22m      0.00[0m[34;1m     62.50[0m
11:40:27   [32;22m     all[0m[34;1m     14.12[0m[34;22m      0.00[0m[34;1m     24.29[0m[34;22m      0.00[0m[34;22m      0.00[0m[34;1m     61.58[0m
11:40:28   [32;22m     all[0m[34;1m     14.77[0m[34;22m      0.00[0m[34;1m     25.57[0m[34;22m      0.00[0m[34;22m      0.00[0m[34;1m     59.66[0m
11:40:29   [32;22m     all[0m[34;1m     13.14[0m[34;22m      0.00[0m[34;1m     22.86[0m[34;22m      0.00[0m[34;22m      0.00[0m[34;1m     64.00[0m
11:40:30   [32;22m     all[0m[34;1m     13.64[0m[34;22m      0.00[0m[34;1m     23.86[0m[34;22m      0.00[0m[34;22m      0.00[0m[34;1m     62.50[0m
11:40:31   [32;22m     all[0m[34;1m     13.56[0m[34;22m      0.00[0m[34;1m     24.86[0m[34;1m      1.13[0m[34;22m      0.00[0m[34;1m     60.45[0m
11:40:32   [32;22m     all[0m[34;1m     12.99[0m[34;22m      0.00[0m[34;1m     22.60[0m[34;22m      0.00[0m[34;22m      0.00[0m[34;1m     64.41[0m
11:40:33   [32;22m     all[0m[34;1m     11.93[0m[34;22m      0.00[0m[34;1m     19.32[0m[34;22m      0.00[0m[34;22m      0.00[0m[34;1m     68.75[0m
11:40:34   [32;22m     all[0m[34;1m     16.00[0m[34;22m      0.00[0m[34;1m     25.14[0m[34;22m      0.00[0m[34;22m      0.00[0m[34;1m     58.86[0m
11:40:35   [32;22m     all[0m[34;1m     15.56[0m[34;22m      0.00[0m[34;1m     21.67[0m[34;22m      0.00[0m[34;22m      0.00[0m[34;1m     62.78[0m
11:40:36   [32;22m     all[0m[34;1m     14.61[0m[34;22m      0.00[0m[34;1m     25.28[0m[34;22m      0.00[0m[34;22m      0.00[0m[34;1m     60.11[0m
11:40:37   [32;22m     all[0m[34;1m     13.64[0m[34;22m      0.00[0m[34;1m     23.86[0m[34;22m      0.00[0m[34;22m      0.00[0m[34;1m     62.50[0m
11:40:38   [32;22m     all[0m[34;1m     15.25[0m[34;22m      0.00[0m[34;1m     27.12[0m[34;22m      0.00[0m[34;22m      0.00[0m[34;1m     57.63[0m
11:40:39   [32;22m     all[0m[34;1m     14.61[0m[34;22m      0.00[0m[34;1m     28.65[0m[34;22m      0.00[0m[34;22m      0.00[0m[34;1m     56.74[0m
11:40:40   [32;22m     all[0m[34;1m     17.42[0m[34;22m      0.00[0m[34;1m     26.97[0m[34;22m      0.00[0m[34;22m      0.00[0m[34;1m     55.62[0m
11:40:41   [32;22m     all[0m[34;1m     14.37[0m[34;22m      0.00[0m[34;1m     25.86[0m[34;22m      0.00[0m[34;22m      0.00[0m[34;1m     59.77[0m
11:40:42   [32;22m     all[0m[34;1m     10.99[0m[34;22m      0.00[0m[34;1m     21.43[0m[34;22m      0.00[0m[34;22m      0.00[0m[34;1m     67.58[0m
11:40:43   [32;22m     all[0m[34;1m     12.64[0m[34;22m      0.00[0m[34;1m     21.98[0m[34;22m      0.00[0m[34;22m      0.00[0m[34;1m     65.38[0m
11:40:44   [32;22m     all[0m[34;1m     16.48[0m[34;22m      0.00[0m[34;1m     27.27[0m[34;1m      0.57[0m[34;22m      0.00[0m[34;1m     55.68[0m
11:40:45   [32;22m     all[0m[34;1m     17.68[0m[34;22m      0.00[0m[34;1m     27.62[0m[34;22m      0.00[0m[34;22m      0.00[0m[34;1m     54.70[0m
11:40:46   [32;22m     all[0m[34;1m     14.61[0m[34;22m      0.00[0m[34;1m     27.53[0m[34;22m      0.00[0m[34;22m      0.00[0m[34;1m     57.87[0m
11:40:47   [32;22m     all[0m[34;1m     14.04[0m[34;22m      0.00[0m[34;1m     23.60[0m[34;22m      0.00[0m[34;22m      0.00[0m[34;1m     62.36[0m
11:40:48   [32;22m     all[0m[34;1m     14.12[0m[34;22m      0.00[0m[34;1m     24.29[0m[34;22m      0.00[0m[34;22m      0.00[0m[34;1m     61.58[0m
11:40:49   [32;22m     all[0m[34;1m     14.20[0m[34;22m      0.00[0m[34;1m     25.00[0m[34;22m      0.00[0m[34;22m      0.00[0m[34;1m     60.80[0m
11:40:50   [32;22m     all[0m[34;1m     14.84[0m[34;22m      0.00[0m[34;1m     24.18[0m[34;22m      0.00[0m[34;22m      0.00[0m[34;1m     60.99[0m
11:40:51   [32;22m     all[0m[34;1m     14.69[0m[34;22m      0.00[0m[34;1m     24.86[0m[34;22m      0.00[0m[34;22m      0.00[0m[34;1m     60.45[0m
11:40:52   [32;22m     all[0m[34;1m     12.64[0m[34;22m      0.00[0m[34;1m     23.08[0m[34;22m      0.00[0m[34;22m      0.00[0m[34;1m     64.29[0m
11:40:53   [32;22m     all[0m[34;1m     13.97[0m[34;22m      0.00[0m[34;1m     26.82[0m[34;22m      0.00[0m[34;22m      0.00[0m[34;1m     59.22[0m
11:40:54   [32;22m     all[0m[34;1m     14.61[0m[34;22m      0.00[0m[34;1m     24.16[0m[34;22m      0.00[0m[34;22m      0.00[0m[34;1m     61.24[0m
11:40:55   [32;22m     all[0m[34;1m     16.11[0m[34;22m      0.00[0m[34;1m     26.11[0m[34;22m      0.00[0m[34;22m      0.00[0m[34;1m     57.78[0m
11:40:56   [32;22m     all[0m[34;1m     14.36[0m[34;22m      0.00[0m[34;1m     27.62[0m[34;22m      0.00[0m[34;22m      0.00[0m[34;1m     58.01[0m
11:40:57   [32;22m     all[0m[34;1m     13.33[0m[34;22m      0.00[0m[34;1m     22.78[0m[34;22m      0.00[0m[34;22m      0.00[0m[34;1m     63.89[0m
11:40:58   [32;22m     all[0m[34;1m     15.73[0m[34;22m      0.00[0m[34;1m     28.65[0m[34;22m      0.00[0m[34;22m      0.00[0m[34;1m     55.62[0m
11:40:59   [32;22m     all[0m[34;1m     16.20[0m[34;22m      0.00[0m[34;1m     25.14[0m[34;1m      0.56[0m[34;22m      0.00[0m[34;1m     58.10[0m
11:41:00   [32;22m     all[0m[34;1m     16.11[0m[34;22m      0.00[0m[34;1m     25.56[0m[34;22m      0.00[0m[34;22m      0.00[0m[34;1m     58.33[0m
11:41:01   [32;22m     all[0m[34;1m     14.77[0m[34;22m      0.00[0m[34;1m     26.14[0m[34;22m      0.00[0m[34;22m      0.00[0m[34;1m     59.09[0m
11:41:02   [32;22m     all[0m[34;1m     14.69[0m[34;22m      0.00[0m[34;1m     24.86[0m[34;22m      0.00[0m[34;22m      0.00[0m[34;1m     60.45[0m
11:41:03   [32;22m     all[0m[34;1m     11.36[0m[34;22m      0.00[0m[34;1m     26.14[0m[34;22m      0.00[0m[34;22m      0.00[0m[34;1m     62.50[0m
11:41:04   [32;22m     all[0m[34;1m     15.52[0m[34;22m      0.00[0m[34;1m     30.46[0m[34;22m      0.00[0m[34;22m      0.00[0m[34;1m     54.02[0m
11:41:05   [32;22m     all[0m[34;1m     15.34[0m[34;22m      0.00[0m[34;1m     27.84[0m[34;22m      0.00[0m[34;22m      0.00[0m[34;1m     56.82[0m
11:41:06   [32;22m     all[0m[34;1m     11.80[0m[34;22m      0.00[0m[34;1m     20.79[0m[34;22m      0.00[0m[34;22m      0.00[0m[34;1m     67.42[0m
11:41:07   [32;22m     all[0m[34;1m     11.80[0m[34;22m      0.00[0m[34;1m     21.91[0m[34;22m      0.00[0m[34;22m      0.00[0m[34;1m     66.29[0m
11:41:08   [32;22m     all[0m[34;1m     13.26[0m[34;22m      0.00[0m[34;1m     24.86[0m[34;22m      0.00[0m[34;22m      0.00[0m[34;1m     61.88[0m
11:41:09   [32;22m     all[0m[34;1m     13.48[0m[34;22m      0.00[0m[34;1m     23.03[0m[34;22m      0.00[0m[34;22m      0.00[0m[34;1m     63.48[0m
11:41:10   [32;22m     all[0m[34;1m     15.25[0m[34;22m      0.00[0m[34;1m     25.99[0m[34;22m      0.00[0m[34;22m      0.00[0m[34;1m     58.76[0m
11:41:11   [32;22m     all[0m[34;1m     13.33[0m[34;22m      0.00[0m[34;1m     20.56[0m[34;22m      0.00[0m[34;22m      0.00[0m[34;1m     66.11[0m
11:41:12   [32;22m     all[0m[34;1m     11.80[0m[34;22m      0.00[0m[34;1m     20.22[0m[34;22m      0.00[0m[34;22m      0.00[0m[34;1m     67.98[0m
11:41:13   [32;22m     all[0m[34;1m     10.86[0m[34;22m      0.00[0m[34;1m     20.57[0m[34;22m      0.00[0m[34;22m      0.00[0m[34;1m     68.57[0m
11:41:14   [32;22m     all[0m[34;1m     16.57[0m[34;22m      0.00[0m[34;1m     28.57[0m[34;22m      0.00[0m[34;22m      0.00[0m[34;1m     54.86[0m
11:41:15   [32;22m     all[0m[34;1m     15.17[0m[34;22m      0.00[0m[34;1m     22.47[0m[34;22m      0.00[0m[34;22m      0.00[0m[34;1m     62.36[0m
11:41:16   [32;22m     all[0m[34;1m     13.48[0m[34;22m      0.00[0m[34;1m     19.66[0m[34;22m      0.00[0m[34;22m      0.00[0m[34;1m     66.85[0m
11:41:17   [32;22m     all[0m[34;1m     12.78[0m[34;22m      0.00[0m[34;1m     21.11[0m[34;22m      0.00[0m[34;22m      0.00[0m[34;1m     66.11[0m
11:41:18   [32;22m     all[0m[34;1m     12.36[0m[34;22m      0.00[0m[34;1m     22.47[0m[34;22m      0.00[0m[34;22m      0.00[0m[34;1m     65.17[0m
11:41:19   [32;22m     all[0m[34;1m     13.64[0m[34;22m      0.00[0m[34;1m     22.73[0m[34;22m      0.00[0m[34;22m      0.00[0m[34;1m     63.64[0m
11:41:20   [32;22m     all[0m[34;1m     15.17[0m[34;22m      0.00[0m[34;1m     25.84[0m[34;22m      0.00[0m[34;22m      0.00[0m[34;1m     58.99[0m
11:41:21   [32;22m     all[0m[34;1m     14.62[0m[34;22m      0.00[0m[34;1m     26.90[0m[34;22m      0.00[0m[34;22m      0.00[0m[34;1m     58.48[0m
11:41:22   [32;22m     all[0m[34;1m     14.36[0m[34;22m      0.00[0m[34;1m     25.41[0m[34;22m      0.00[0m[34;22m      0.00[0m[34;1m     60.22[0m
11:41:23   [32;22m     all[0m[34;1m     11.93[0m[34;22m      0.00[0m[34;1m     23.30[0m[34;22m      0.00[0m[34;22m      0.00[0m[34;1m     64.77[0m
11:41:24   [32;22m     all[0m[34;1m     13.19[0m[34;22m      0.00[0m[34;1m     23.63[0m[34;22m      0.00[0m[34;22m      0.00[0m[34;1m     63.19[0m
11:41:25   [32;22m     all[0m[34;1m     15.30[0m[34;22m      0.00[0m[34;1m     23.50[0m[34;22m      0.00[0m[34;22m      0.00[0m[34;1m     61.20[0m
11:41:26   [32;22m     all[0m[34;1m     12.78[0m[34;22m      0.00[0m[34;1m     20.56[0m[34;22m      0.00[0m[34;22m      0.00[0m[34;1m     66.67[0m
11:41:27   [32;22m     all[0m[34;1m     12.71[0m[34;22m      0.00[0m[34;1m     23.20[0m[34;22m      0.00[0m[34;22m      0.00[0m[34;1m     64.09[0m
11:41:28   [32;22m     all[0m[34;1m     14.12[0m[34;22m      0.00[0m[34;1m     19.21[0m[34;22m      0.00[0m[34;22m      0.00[0m[34;1m     66.67[0m
11:41:29   [32;22m     all[0m[34;1m     13.19[0m[34;22m      0.00[0m[34;1m     25.82[0m[34;22m      0.00[0m[34;22m      0.00[0m[34;1m     60.99[0m
11:41:30   [32;22m     all[0m[34;1m     16.95[0m[34;22m      0.00[0m[34;1m     26.55[0m[34;22m      0.00[0m[34;22m      0.00[0m[34;1m     56.50[0m
11:41:31   [32;22m     all[0m[34;1m     13.33[0m[34;22m      0.00[0m[34;1m     20.56[0m[34;22m      0.00[0m[34;22m      0.00[0m[34;1m     66.11[0m
11:41:32   [32;22m     all[0m[34;1m     13.66[0m[34;22m      0.00[0m[34;1m     24.59[0m[34;22m      0.00[0m[34;22m      0.00[0m[34;1m     61.75[0m
11:41:33   [32;22m     all[0m[34;1m     14.69[0m[34;22m      0.00[0m[34;1m     27.12[0m[34;22m      0.00[0m[34;22m      0.00[0m[34;1m     58.19[0m
11:41:34   [32;22m     all[0m[34;1m     11.54[0m[34;22m      0.00[0m[34;1m     23.63[0m[34;22m      0.00[0m[34;22m      0.00[0m[34;1m     64.84[0m
11:41:35   [32;22m     all[0m[34;1m     14.53[0m[34;22m      0.00[0m[34;1m     28.49[0m[34;22m      0.00[0m[34;22m      0.00[0m[34;1m     56.98[0m
11:41:36   [32;22m     all[0m[34;1m     15.93[0m[34;22m      0.00[0m[34;1m     25.82[0m[34;22m      0.00[0m[34;22m      0.00[0m[34;1m     58.24[0m
11:41:37   [32;22m     all[0m[34;1m     12.92[0m[34;22m      0.00[0m[34;1m     26.40[0m[34;22m      0.00[0m[34;22m      0.00[0m[34;1m     60.67[0m
11:41:38   [32;22m     all[0m[34;1m     14.05[0m[34;22m      0.00[0m[34;1m     22.16[0m[34;22m      0.00[0m[34;22m      0.00[0m[34;1m     63.78[0m
11:41:39   [32;22m     all[0m[34;1m     17.98[0m[34;22m      0.00[0m[34;1m     30.34[0m[34;22m      0.00[0m[34;22m      0.00[0m[34;1m     51.69[0m
11:41:40   [32;22m     all[0m[34;1m     18.29[0m[34;22m      0.00[0m[34;1m     26.29[0m[34;22m      0.00[0m[34;22m      0.00[0m[34;1m     55.43[0m
11:41:41   [32;22m     all[0m[34;1m     13.41[0m[34;22m      0.00[0m[34;1m     25.70[0m[34;22m      0.00[0m[34;22m      0.00[0m[34;1m     60.89[0m
11:41:42   [32;22m     all[0m[34;1m     14.44[0m[34;22m      0.00[0m[34;1m     26.11[0m[34;22m      0.00[0m[34;22m      0.00[0m[34;1m     59.44[0m
11:41:43   [32;22m     all[0m[34;1m     12.92[0m[34;22m      0.00[0m[34;1m     26.97[0m[34;22m      0.00[0m[34;22m      0.00[0m[34;1m     60.11[0m
11:41:44   [32;22m     all[0m[34;1m     11.89[0m[34;22m      0.00[0m[34;1m     27.57[0m[34;22m      0.00[0m[34;22m      0.00[0m[34;1m     60.54[0m
11:41:45   [32;22m     all[0m[34;1m     14.45[0m[34;22m      0.00[0m[34;1m     26.01[0m[34;22m      0.00[0m[34;22m      0.00[0m[34;1m     59.54[0m
11:41:46   [32;22m     all[0m[34;1m     15.64[0m[34;22m      0.00[0m[34;1m     26.26[0m[34;22m      0.00[0m[34;22m      0.00[0m[34;1m     58.10[0m
11:41:47   [32;22m     all[0m[34;1m     11.30[0m[34;22m      0.00[0m[34;1m     24.29[0m[34;22m      0.00[0m[34;22m      0.00[0m[34;1m     64.41[0m
11:41:48   [32;22m     all[0m[34;1m     15.25[0m[34;22m      0.00[0m[34;1m     28.25[0m[34;1m      0.56[0m[34;22m      0.00[0m[34;1m     55.93[0m
11:41:49   [32;22m     all[0m[34;1m     15.82[0m[34;22m      0.00[0m[34;1m     29.94[0m[34;1m      0.56[0m[34;22m      0.00[0m[34;1m     53.67[0m
11:41:50   [32;22m     all[0m[34;1m     17.34[0m[34;22m      0.00[0m[34;1m     30.64[0m[34;22m      0.00[0m[34;22m      0.00[0m[34;1m     52.02[0m
11:41:51   [32;22m     all[0m[34;1m     12.99[0m[34;22m      0.00[0m[34;1m     28.25[0m[34;22m      0.00[0m[34;22m      0.00[0m[34;1m     58.76[0m
11:41:52   [32;22m     all[0m[34;1m     11.36[0m[34;22m      0.00[0m[34;1m     23.86[0m[34;22m      0.00[0m[34;22m      0.00[0m[34;1m     64.77[0m
11:41:53   [32;22m     all[0m[34;1m     11.67[0m[34;22m      0.00[0m[34;1m     23.89[0m[34;22m      0.00[0m[34;22m      0.00[0m[34;1m     64.44[0m
11:41:54   [32;22m     all[0m[34;1m     14.94[0m[34;22m      0.00[0m[34;1m     24.14[0m[34;1m      0.57[0m[34;22m      0.00[0m[34;1m     60.34[0m
11:41:55   [32;22m     all[0m[34;1m     14.94[0m[34;22m      0.00[0m[34;1m     25.86[0m[34;22m      0.00[0m[34;22m      0.00[0m[34;1m     59.20[0m
11:41:56   [32;22m     all[0m[34;1m     15.43[0m[34;22m      0.00[0m[34;1m     24.57[0m[34;22m      0.00[0m[34;22m      0.00[0m[34;1m     60.00[0m
11:41:57   [32;22m     all[0m[34;1m     12.64[0m[34;22m      0.00[0m[34;1m     21.98[0m[34;22m      0.00[0m[34;22m      0.00[0m[34;1m     65.38[0m
11:41:58   [32;22m     all[0m[34;1m     12.43[0m[34;22m      0.00[0m[34;1m     22.03[0m[34;22m      0.00[0m[34;22m      0.00[0m[34;1m     65.54[0m
11:41:59   [32;22m     all[0m[34;1m     10.34[0m[34;22m      0.00[0m[34;1m     17.82[0m[34;22m      0.00[0m[34;22m      0.00[0m[34;1m     71.84[0m
11:42:00   [32;22m     all[0m[34;1m      2.56[0m[34;22m      0.00[0m[34;1m      1.03[0m[34;22m      0.00[0m[34;22m      0.00[0m[34;1m     96.41[0m
