Linux 6.6.95 (ssp-study) 	04/21/26 	_x86_64_	(2 CPU)

11:36:58    kbmemfree   kbavail kbmemused  %memused kbbuffers  kbcached  kbcommit   %commit  kbactive   kbinact   kbdirty
11:36:59   [34;1m    127672[0m[34;1m   1097208[0m[34;1m    760320[0m[34;1m     25.04[0m[34;1m     52600[0m[34;1m   2004788[0m[34;1m   4541300[0m[31;1m    149.58[0m[34;1m    782908[0m[34;1m   1976512[0m[34;1m       828[0m
11:37:00   [34;1m    124904[0m[34;1m   1094500[0m[34;1m    763000[0m[34;1m     25.13[0m[34;1m     52604[0m[34;1m   2004824[0m[34;1m   4545972[0m[31;1m    149.74[0m[34;1m    782908[0m[34;1m   1979348[0m[34;1m       880[0m
11:37:01   [34;1m    122664[0m[34;1m   1092284[0m[34;1m    765220[0m[34;1m     25.20[0m[34;1m     52604[0m[34;1m   2004844[0m[34;1m   4554420[0m[31;1m    150.01[0m[34;1m    782912[0m[34;1m   1981344[0m[34;1m       900[0m
11:37:02   [34;1m    120396[0m[34;1m   1090088[0m[34;1m    767336[0m[34;1m     25.27[0m[34;1m     52604[0m[34;1m   2004900[0m[34;1m   4554420[0m[31;1m    150.01[0m[34;1m    782912[0m[34;1m   1983596[0m[34;1m       956[0m
11:37:03   [34;1m    118380[0m[34;1m   1088144[0m[34;1m    769032[0m[34;1m     25.33[0m[34;1m     52604[0m[34;1m   2004948[0m[34;1m   4570936[0m[31;1m    150.56[0m[34;1m    782912[0m[34;1m   1984532[0m[34;1m      1004[0m
11:37:04   [34;1m    116700[0m[34;1m   1086496[0m[34;1m    770680[0m[34;1m     25.38[0m[34;1m     52604[0m[34;1m   2004980[0m[34;1m   4579772[0m[31;1m    150.85[0m[34;1m    782912[0m[34;1m   1986508[0m[34;1m      1036[0m
11:37:05   [34;1m    112920[0m[34;1m   1082864[0m[34;1m    774140[0m[34;1m     25.50[0m[34;1m     52620[0m[34;1m   2005088[0m[34;1m   4584380[0m[31;1m    151.00[0m[34;1m    782928[0m[34;1m   1990140[0m[34;1m      1140[0m
11:37:06   [34;1m    110148[0m[34;1m   1080176[0m[34;1m    776712[0m[34;1m     25.58[0m[34;1m     52620[0m[34;1m   2005156[0m[34;1m   4592572[0m[31;1m    151.27[0m[34;1m    782928[0m[34;1m   1992928[0m[34;1m      1208[0m
11:37:07   [34;1m    108396[0m[34;1m   1078488[0m[34;1m    778328[0m[34;1m     25.64[0m[34;1m     52620[0m[34;1m   2005216[0m[34;1m   4592572[0m[31;1m    151.27[0m[34;1m    782928[0m[34;1m   1994528[0m[34;1m      1268[0m
11:37:08   [34;1m    103860[0m[34;1m   1074148[0m[34;1m    782496[0m[34;1m     25.77[0m[34;1m     52620[0m[34;1m   2005380[0m[34;1m   4589052[0m[31;1m    151.16[0m[34;1m    782932[0m[34;1m   1996472[0m[34;1m      1432[0m
11:37:09   [34;1m     99632[0m[34;1m   1069940[0m[34;1m    786452[0m[34;1m     25.90[0m[34;1m     52648[0m[34;1m   2005476[0m[34;1m   4593980[0m[31;1m    151.32[0m[34;1m    782928[0m[34;1m   1998548[0m[34;1m      1456[0m
11:37:10   [34;1m    111016[0m[34;1m   1073056[0m[34;1m    783204[0m[34;1m     25.80[0m[34;1m     52460[0m[34;1m   1997380[0m[34;1m   4594748[0m[31;1m    151.34[0m[34;1m    780424[0m[34;1m   1993604[0m[34;1m       104[0m
11:37:11   [34;1m    108744[0m[34;1m   1071124[0m[34;1m    785180[0m[34;1m     25.86[0m[34;1m     52460[0m[34;1m   1997584[0m[34;1m   4598844[0m[31;1m    151.48[0m[34;1m    780544[0m[34;1m   1996716[0m[34;1m       288[0m
11:37:12   [34;1m    105972[0m[34;1m   1068532[0m[34;1m    787488[0m[34;1m     25.94[0m[34;1m     52468[0m[34;1m   1997856[0m[34;1m   4608576[0m[31;1m    151.80[0m[34;1m    780664[0m[34;1m   1999136[0m[34;1m       348[0m
11:37:13   [34;1m    103480[0m[34;1m   1066344[0m[34;1m    789720[0m[34;1m     26.01[0m[34;1m     52468[0m[34;1m   1998036[0m[34;1m   4608576[0m[31;1m    151.80[0m[34;1m    780740[0m[34;1m   2000600[0m[34;1m       560[0m
11:37:14   [34;1m    102472[0m[34;1m   1065532[0m[34;1m    790300[0m[34;1m     26.03[0m[34;1m     52468[0m[34;1m   1998200[0m[34;1m   4608576[0m[31;1m    151.80[0m[34;1m    780736[0m[34;1m   2002268[0m[34;1m       724[0m
11:37:15   [34;1m     99988[0m[34;1m   1063224[0m[34;1m    792576[0m[34;1m     26.11[0m[34;1m     52468[0m[34;1m   1998380[0m[34;1m   4608640[0m[31;1m    151.80[0m[34;1m    780736[0m[34;1m   2004032[0m[34;1m       904[0m
11:37:16   [34;1m    114460[0m[34;1m   1062736[0m[34;1m    792868[0m[34;1m     26.12[0m[34;1m     52180[0m[34;1m   1983684[0m[34;1m   4620992[0m[31;1m    152.21[0m[34;1m    776824[0m[34;1m   1994584[0m[34;1m       152[0m
11:37:17   [34;1m    111884[0m[34;1m   1060548[0m[34;1m    794800[0m[34;1m     26.18[0m[34;1m     52180[0m[34;1m   1984020[0m[34;1m   4621056[0m[31;1m    152.21[0m[34;1m    776928[0m[34;1m   1996136[0m[34;1m       216[0m
11:37:18   [34;1m    108644[0m[34;1m   1057632[0m[34;1m    797552[0m[34;1m     26.27[0m[34;1m     52180[0m[34;1m   1984196[0m[34;1m   4621312[0m[31;1m    152.22[0m[34;1m    777024[0m[34;1m   1998612[0m[34;1m       396[0m
11:37:19   [34;1m    104136[0m[34;1m   1053336[0m[34;1m    801856[0m[34;1m     26.41[0m[34;1m     52180[0m[34;1m   1984396[0m[34;1m   4625408[0m[31;1m    152.35[0m[34;1m    777028[0m[34;1m   2000584[0m[34;1m       596[0m
11:37:20   [34;1m    102400[0m[34;1m   1051896[0m[34;1m    803064[0m[34;1m     26.45[0m[34;1m     52180[0m[34;1m   1984672[0m[34;1m   4626240[0m[31;1m    152.38[0m[34;1m    777028[0m[34;1m   2003180[0m[34;1m       872[0m
11:37:21   [34;1m    101152[0m[34;1m   1050688[0m[34;1m    804024[0m[34;1m     26.48[0m[34;1m     52188[0m[34;1m   1984820[0m[34;1m   4626816[0m[31;1m    152.40[0m[34;1m    777032[0m[34;1m   2005084[0m[34;1m      1044[0m
11:37:22   [34;1m    114772[0m[34;1m   1051200[0m[34;1m    803680[0m[34;1m     26.47[0m[34;1m     51888[0m[34;1m   1971808[0m[34;1m   4627072[0m[31;1m    152.41[0m[34;1m    774212[0m[34;1m   1996520[0m[34;1m      1264[0m
11:37:23   [34;1m    110040[0m[34;1m   1046772[0m[34;1m    807836[0m[34;1m     26.61[0m[34;1m     51896[0m[34;1m   1972180[0m[34;1m   4631744[0m[31;1m    152.56[0m[34;1m    774340[0m[34;1m   1999428[0m[34;1m      1584[0m
11:37:24   [34;1m    107296[0m[34;1m   1044312[0m[34;1m    810264[0m[34;1m     26.69[0m[34;1m     51928[0m[34;1m   1972436[0m[34;1m   4631744[0m[31;1m    152.56[0m[34;1m    774396[0m[34;1m   2002172[0m[34;1m      1812[0m
11:37:25   [34;1m    103012[0m[34;1m   1040504[0m[34;1m    813744[0m[34;1m     26.80[0m[34;1m     51944[0m[34;1m   1972848[0m[34;1m   4636608[0m[31;1m    152.72[0m[34;1m    774536[0m[34;1m   2005772[0m[34;1m      2084[0m
11:37:26   [34;1m    101024[0m[34;1m   1038652[0m[34;1m    815592[0m[34;1m     26.86[0m[34;1m     51944[0m[34;1m   1972992[0m[34;1m   4640704[0m[31;1m    152.86[0m[34;1m    774544[0m[34;1m   2007440[0m[34;1m      2220[0m
11:37:27   [34;1m    114208[0m[34;1m   1038476[0m[34;1m    815464[0m[34;1m     26.86[0m[34;1m     51636[0m[34;1m   1960028[0m[34;1m   4640704[0m[31;1m    152.86[0m[34;1m    771660[0m[34;1m   1997864[0m[34;1m      2552[0m
11:37:28   [34;1m    110972[0m[34;1m   1035720[0m[34;1m    818284[0m[34;1m     26.95[0m[34;1m     51640[0m[34;1m   1960420[0m[34;1m   4636096[0m[31;1m    152.70[0m[34;1m    771944[0m[34;1m   1997640[0m[34;1m      2756[0m
11:37:29   [34;1m    110240[0m[34;1m   1035632[0m[34;1m    818112[0m[34;1m     26.95[0m[34;1m     51640[0m[34;1m   1960844[0m[34;1m   4636352[0m[31;1m    152.71[0m[34;1m    771948[0m[34;1m   1998824[0m[34;1m      3176[0m
11:37:30   [34;1m    108756[0m[34;1m   1034416[0m[34;1m    819308[0m[34;1m     26.99[0m[34;1m     51640[0m[34;1m   1961112[0m[34;1m   4636608[0m[31;1m    152.72[0m[34;1m    771960[0m[34;1m   2000888[0m[34;1m      3444[0m
11:37:31   [34;1m    108252[0m[34;1m   1034144[0m[34;1m    819564[0m[34;1m     26.99[0m[34;1m     51640[0m[34;1m   1961360[0m[34;1m   4637184[0m[31;1m    152.74[0m[34;1m    771960[0m[34;1m   2001912[0m[34;1m      3692[0m
11:37:32   [34;1m    107496[0m[34;1m   1033552[0m[34;1m    820156[0m[34;1m     27.01[0m[34;1m     51640[0m[34;1m   1961524[0m[34;1m   4637184[0m[31;1m    152.74[0m[34;1m    771960[0m[34;1m   2002776[0m[34;1m      3856[0m
11:37:33   [34;1m    106236[0m[34;1m   1032704[0m[34;1m    821052[0m[34;1m     27.04[0m[34;1m     51656[0m[34;1m   1961844[0m[34;1m   4637184[0m[31;1m    152.74[0m[34;1m    772264[0m[34;1m   2003044[0m[34;1m      4172[0m
11:37:34   [34;1m    105732[0m[34;1m   1032436[0m[34;1m    821344[0m[34;1m     27.05[0m[34;1m     51656[0m[34;1m   1962052[0m[34;1m   4637184[0m[31;1m    152.74[0m[34;1m    772268[0m[34;1m   2003488[0m[34;1m      4380[0m
11:37:35   [34;1m    105004[0m[34;1m   1032088[0m[34;1m    821560[0m[34;1m     27.06[0m[34;1m     51664[0m[34;1m   1962484[0m[34;1m   4637184[0m[31;1m    152.74[0m[34;1m    772284[0m[34;1m   2004548[0m[34;1m      4812[0m
11:37:36   [34;1m    104248[0m[34;1m   1031452[0m[34;1m    822084[0m[34;1m     27.08[0m[34;1m     51664[0m[34;1m   1962708[0m[34;1m   4637184[0m[31;1m    152.74[0m[34;1m    772284[0m[34;1m   2004976[0m[34;1m      4932[0m
11:37:37   [34;1m    103744[0m[34;1m   1031364[0m[34;1m    822120[0m[34;1m     27.08[0m[34;1m     51664[0m[34;1m   1963172[0m[34;1m   4637184[0m[31;1m    152.74[0m[34;1m    772360[0m[34;1m   2005636[0m[34;1m      5316[0m
11:37:38   [34;1m    102736[0m[34;1m   1030680[0m[34;1m    822960[0m[34;1m     27.11[0m[34;1m     51664[0m[34;1m   1963344[0m[34;1m   4637184[0m[31;1m    152.74[0m[34;1m    772428[0m[34;1m   2005784[0m[34;1m      5516[0m
11:37:39   [34;1m    102008[0m[34;1m   1030392[0m[34;1m    823344[0m[34;1m     27.12[0m[34;1m     51696[0m[34;1m   1963680[0m[34;1m   4637184[0m[31;1m    152.74[0m[34;1m    772452[0m[34;1m   2006744[0m[34;1m      5856[0m
11:37:40   [34;1m    101280[0m[34;1m   1029828[0m[34;1m    823828[0m[34;1m     27.14[0m[34;1m     51716[0m[34;1m   1963904[0m[34;1m   4637184[0m[31;1m    152.74[0m[34;1m    772472[0m[34;1m   2006600[0m[34;1m      6060[0m
11:37:41   [34;1m    101292[0m[34;1m   1030164[0m[34;1m    823376[0m[34;1m     27.12[0m[34;1m     51716[0m[34;1m   1964324[0m[34;1m   4637184[0m[31;1m    152.74[0m[34;1m    772472[0m[34;1m   2007136[0m[34;22m         0[0m
11:37:42   [34;1m    100312[0m[34;1m   1029936[0m[34;1m    823604[0m[34;1m     27.13[0m[34;1m     51716[0m[34;1m   1965076[0m[34;1m   4637184[0m[31;1m    152.74[0m[34;1m    772972[0m[34;1m   2007368[0m[34;1m       132[0m
11:37:43   [34;1m    102332[0m[34;1m   1032112[0m[34;1m    821400[0m[34;1m     27.06[0m[34;1m     51712[0m[34;1m   1965260[0m[34;1m   4637184[0m[31;1m    152.74[0m[34;1m    772476[0m[34;1m   2008100[0m[34;1m       496[0m
11:37:44   [34;1m    101872[0m[34;1m   1031812[0m[34;1m    821696[0m[34;1m     27.07[0m[34;1m     51712[0m[34;1m   1965424[0m[34;1m   4637184[0m[31;1m    152.74[0m[34;1m    772476[0m[34;1m   2008432[0m[34;1m       708[0m
11:37:45   [34;1m    112596[0m[34;1m   1029192[0m[34;1m    824280[0m[34;1m     27.15[0m[34;1m     51380[0m[34;1m   1952348[0m[34;1m   4641792[0m[31;1m    152.89[0m[34;1m    770052[0m[34;1m   1999496[0m[34;1m      1160[0m
11:37:46   [34;1m    112344[0m[34;1m   1029208[0m[34;1m    824232[0m[34;1m     27.15[0m[34;1m     51388[0m[34;1m   1952660[0m[34;1m   4641792[0m[31;1m    152.89[0m[34;1m    770144[0m[34;1m   1999816[0m[34;1m      1492[0m
11:37:47   [34;1m    112092[0m[34;1m   1029244[0m[34;1m    824284[0m[34;1m     27.15[0m[34;1m     51388[0m[34;1m   1952884[0m[34;1m   4641792[0m[31;1m    152.89[0m[34;1m    770144[0m[34;1m   2000028[0m[34;1m      1712[0m
11:37:48   [34;1m    110104[0m[34;1m   1027552[0m[34;1m    826012[0m[34;1m     27.21[0m[34;1m     51388[0m[34;1m   1953144[0m[34;1m   4637184[0m[31;1m    152.74[0m[34;1m    770144[0m[34;1m   1998984[0m[34;1m      1972[0m
11:37:49   [34;1m    109852[0m[34;1m   1027596[0m[34;1m    825964[0m[34;1m     27.21[0m[34;1m     51388[0m[34;1m   1953444[0m[34;1m   4637184[0m[31;1m    152.74[0m[34;1m    770144[0m[34;1m   1999224[0m[34;1m      2272[0m
11:37:50   [34;1m    109852[0m[34;1m   1027916[0m[34;1m    825596[0m[34;1m     27.19[0m[34;1m     51388[0m[34;1m   1953840[0m[34;1m   4637184[0m[31;1m    152.74[0m[34;1m    770196[0m[34;1m   1999700[0m[34;1m      2516[0m
11:37:51   [34;1m    109628[0m[34;1m   1028140[0m[34;1m    825476[0m[34;1m     27.19[0m[34;1m     51392[0m[34;1m   1954188[0m[34;1m   4637184[0m[31;1m    152.74[0m[34;1m    770332[0m[34;1m   2000288[0m[34;1m      2836[0m
11:37:52   [34;1m    109628[0m[34;1m   1028420[0m[34;1m    825072[0m[34;1m     27.18[0m[34;1m     51400[0m[34;1m   1954584[0m[34;1m   4641280[0m[31;1m    152.88[0m[34;1m    770344[0m[34;1m   2000960[0m[34;1m      3132[0m
11:37:53   [34;1m    108676[0m[34;1m   1027844[0m[34;1m    825780[0m[34;1m     27.20[0m[34;1m     51400[0m[34;1m   1954832[0m[34;1m   4641280[0m[31;1m    152.88[0m[34;1m    770420[0m[34;1m   2000812[0m[34;1m      3400[0m
11:37:54   [34;1m    108172[0m[34;1m   1027660[0m[34;1m    825940[0m[34;1m     27.20[0m[34;1m     51432[0m[34;1m   1955144[0m[34;1m   4641280[0m[31;1m    152.88[0m[34;1m    770444[0m[34;1m   2001440[0m[34;1m      3704[0m
11:37:55   [34;1m    107668[0m[34;1m   1027400[0m[34;1m    826144[0m[34;1m     27.21[0m[34;1m     51448[0m[34;1m   1955432[0m[34;1m   4641280[0m[31;1m    152.88[0m[34;1m    770468[0m[34;1m   2002208[0m[34;1m      3976[0m
11:37:56   [34;1m    107420[0m[34;1m   1027488[0m[34;1m    826068[0m[34;1m     27.21[0m[34;1m     51452[0m[34;1m   1955728[0m[34;1m   4641280[0m[31;1m    152.88[0m[34;1m    770504[0m[34;1m   2002304[0m[34;1m      4264[0m
11:37:57   [34;1m    107420[0m[34;1m   1027740[0m[34;1m    825816[0m[34;1m     27.20[0m[34;1m     51452[0m[34;1m   1955996[0m[34;1m   4641280[0m[31;1m    152.88[0m[34;1m    770504[0m[34;1m   2002608[0m[34;1m      4532[0m
11:37:58   [34;1m    106188[0m[34;1m   1026936[0m[34;1m    826700[0m[34;1m     27.23[0m[34;1m     51452[0m[34;1m   1956344[0m[34;1m   4641280[0m[31;1m    152.88[0m[34;1m    770588[0m[34;1m   2003144[0m[34;1m      4800[0m
11:37:59   [34;1m    106188[0m[34;1m   1027188[0m[34;1m    826412[0m[34;1m     27.22[0m[34;1m     51452[0m[34;1m   1956632[0m[34;1m   4641280[0m[31;1m    152.88[0m[34;1m    770592[0m[34;1m   2003328[0m[34;1m      5084[0m
11:38:00   [34;1m    105936[0m[34;1m   1027232[0m[34;1m    826364[0m[34;1m     27.22[0m[34;1m     51452[0m[34;1m   1956932[0m[34;1m   4641280[0m[31;1m    152.88[0m[34;1m    770592[0m[34;1m   2003948[0m[34;1m      5384[0m
11:38:01   [34;1m    105684[0m[34;1m   1027248[0m[34;1m    826344[0m[34;1m     27.22[0m[34;1m     51460[0m[34;1m   1957196[0m[34;1m   4641280[0m[31;1m    152.88[0m[34;1m    770616[0m[34;1m   2004340[0m[34;1m      5628[0m
11:38:02   [34;1m    104704[0m[34;1m   1026584[0m[34;1m    827036[0m[34;1m     27.24[0m[34;1m     51460[0m[34;1m   1957480[0m[34;1m   4641280[0m[31;1m    152.88[0m[34;1m    770652[0m[34;1m   2004860[0m[34;1m      5908[0m
11:38:03   [34;1m    102940[0m[34;1m   1025084[0m[34;1m    828528[0m[34;1m     27.29[0m[34;1m     51460[0m[34;1m   1957752[0m[34;1m   4641280[0m[31;1m    152.88[0m[34;1m    770752[0m[34;1m   2005196[0m[34;1m      6180[0m
11:38:04   [34;1m    102688[0m[34;1m   1025044[0m[34;1m    828512[0m[34;1m     27.29[0m[34;1m     51464[0m[34;1m   1958000[0m[34;1m   4641280[0m[31;1m    152.88[0m[34;1m    770772[0m[34;1m   2005716[0m[34;1m      6424[0m
11:38:05   [34;1m    101960[0m[34;1m   1024644[0m[34;1m    828940[0m[34;1m     27.30[0m[34;1m     51464[0m[34;1m   1958304[0m[34;1m   4645632[0m[31;1m    153.02[0m[34;1m    770772[0m[34;1m   2006692[0m[34;1m      6728[0m
11:38:06   [34;1m    101960[0m[34;1m   1024956[0m[34;1m    828600[0m[34;1m     27.29[0m[34;1m     51464[0m[34;1m   1958620[0m[34;1m   4645632[0m[31;1m    153.02[0m[34;1m    770772[0m[34;1m   2006708[0m[34;1m      7044[0m
11:38:07   [34;1m    101960[0m[34;1m   1025100[0m[34;1m    828348[0m[34;1m     27.28[0m[34;1m     51464[0m[34;1m   1958876[0m[34;1m   4645632[0m[31;1m    153.02[0m[34;1m    770772[0m[34;1m   2006800[0m[34;1m      7300[0m
11:38:08   [34;1m     99972[0m[34;1m   1023496[0m[34;1m    830080[0m[34;1m     27.34[0m[34;1m     51468[0m[34;1m   1959132[0m[34;1m   4645632[0m[31;1m    153.02[0m[34;1m    770784[0m[34;1m   2007304[0m[34;1m      7552[0m
11:38:09   [34;1m    117896[0m[34;1m   1028168[0m[34;1m    825300[0m[34;1m     27.18[0m[34;1m     51196[0m[34;1m   1946260[0m[34;1m   4645632[0m[31;1m    153.02[0m[34;1m    767688[0m[34;1m   1997256[0m[34;1m      7908[0m
11:38:10   [34;1m    116916[0m[34;1m   1027616[0m[34;1m    825984[0m[34;1m     27.21[0m[34;1m     51220[0m[34;1m   1946536[0m[34;1m   4645632[0m[31;1m    153.02[0m[34;1m    767800[0m[34;1m   1996884[0m[34;1m      8168[0m
11:38:11   [34;1m    116440[0m[34;1m   1027388[0m[34;1m    826300[0m[34;1m     27.22[0m[34;1m     51220[0m[34;1m   1946696[0m[34;1m   4645632[0m[31;1m    153.02[0m[34;1m    767800[0m[34;1m   1997164[0m[34;1m      8328[0m
11:38:12   [34;1m    116440[0m[34;1m   1027732[0m[34;1m    825872[0m[34;1m     27.20[0m[34;1m     51220[0m[34;1m   1947124[0m[34;1m   4645632[0m[31;1m    153.02[0m[34;1m    767872[0m[34;1m   1997164[0m[34;1m         4[0m
11:38:13   [34;1m    115432[0m[34;1m   1027004[0m[34;1m    826580[0m[34;1m     27.23[0m[34;1m     51220[0m[34;1m   1947424[0m[34;1m   4645632[0m[31;1m    153.02[0m[34;1m    767872[0m[34;1m   1997552[0m[34;1m       304[0m
11:38:14   [34;1m    115432[0m[34;1m   1027336[0m[34;1m    826256[0m[34;1m     27.22[0m[34;1m     51232[0m[34;1m   1947740[0m[34;1m   4645632[0m[31;1m    153.02[0m[34;1m    767888[0m[34;1m   1997852[0m[34;1m       704[0m
11:38:15   [34;1m    114928[0m[34;1m   1027080[0m[34;1m    826500[0m[34;1m     27.22[0m[34;1m     51232[0m[34;1m   1948000[0m[34;1m   4645632[0m[31;1m    153.02[0m[34;1m    767888[0m[34;1m   1998716[0m[34;1m       964[0m
11:38:16   [34;1m    114928[0m[34;1m   1027396[0m[34;1m    826236[0m[34;1m     27.21[0m[34;1m     51232[0m[34;1m   1948280[0m[34;1m   4645632[0m[31;1m    153.02[0m[34;1m    767888[0m[34;1m   1999168[0m[34;1m      1244[0m
11:38:17   [34;1m    114676[0m[34;1m   1027348[0m[34;1m    826276[0m[34;1m     27.22[0m[34;1m     51232[0m[34;1m   1948492[0m[34;1m   4645632[0m[31;1m    153.02[0m[34;1m    767892[0m[34;1m   1999404[0m[34;1m      1452[0m
11:38:18   [34;1m    113420[0m[34;1m   1026412[0m[34;1m    827256[0m[34;1m     27.25[0m[34;1m     51232[0m[34;1m   1948768[0m[34;1m   4645632[0m[31;1m    153.02[0m[34;1m    767892[0m[34;1m   1999904[0m[34;1m      1728[0m
11:38:19   [34;1m    110424[0m[34;1m   1023708[0m[34;1m    829820[0m[34;1m     27.33[0m[34;1m     51240[0m[34;1m   1949188[0m[34;1m   4645632[0m[31;1m    153.02[0m[34;1m    767900[0m[34;1m   2000344[0m[34;1m      2148[0m
11:38:20   [34;1m    110424[0m[34;1m   1024036[0m[34;1m    829580[0m[34;1m     27.32[0m[34;1m     51248[0m[34;1m   1949412[0m[34;1m   4645632[0m[31;1m    153.02[0m[34;1m    767900[0m[34;1m   2000744[0m[34;1m      2380[0m
11:38:21   [34;1m    110424[0m[34;1m   1024308[0m[34;1m    829308[0m[34;1m     27.32[0m[34;1m     51248[0m[34;1m   1949680[0m[34;1m   4645632[0m[31;1m    153.02[0m[34;1m    767908[0m[34;1m   2000624[0m[34;1m      2636[0m
11:38:22   [34;1m    110200[0m[34;1m   1024244[0m[34;1m    829248[0m[34;1m     27.31[0m[34;1m     51248[0m[34;1m   1949964[0m[34;1m   4645632[0m[31;1m    153.02[0m[34;1m    767908[0m[34;1m   2000948[0m[34;1m      2920[0m
11:38:23   [34;1m    109948[0m[34;1m   1024368[0m[34;1m    829184[0m[34;1m     27.31[0m[34;1m     51248[0m[34;1m   1950280[0m[34;1m   4645632[0m[31;1m    153.02[0m[34;1m    767908[0m[34;1m   2001616[0m[34;1m      3236[0m
11:38:24   [34;1m    109948[0m[34;1m   1024696[0m[34;1m    828944[0m[34;1m     27.30[0m[34;1m     51276[0m[34;1m   1950492[0m[34;1m   4645632[0m[31;1m    153.02[0m[34;1m    767908[0m[34;1m   2001936[0m[34;1m      3376[0m
11:38:25   [34;1m    108464[0m[34;1m   1023608[0m[34;1m    830000[0m[34;1m     27.34[0m[34;1m     51296[0m[34;1m   1950876[0m[34;1m   4650240[0m[31;1m    153.17[0m[34;1m    767956[0m[34;1m   2004500[0m[34;1m      3808[0m
11:38:26   [34;1m    107960[0m[34;1m   1023372[0m[34;1m    830208[0m[34;1m     27.35[0m[34;1m     51296[0m[34;1m   1951168[0m[34;1m   4650240[0m[31;1m    153.17[0m[34;1m    768024[0m[34;1m   2004992[0m[34;1m      4032[0m
11:38:27   [34;1m    107708[0m[34;1m   1023284[0m[34;1m    830288[0m[34;1m     27.35[0m[34;1m     51296[0m[34;1m   1951336[0m[34;1m   4650240[0m[31;1m    153.17[0m[34;1m    768024[0m[34;1m   2004612[0m[34;1m      4200[0m
11:38:28   [34;1m    106700[0m[34;1m   1022820[0m[34;1m    830828[0m[34;1m     27.37[0m[34;1m     51296[0m[34;1m   1951800[0m[34;1m   4645632[0m[31;1m    153.02[0m[34;1m    768124[0m[34;1m   2003656[0m[34;1m      4564[0m
11:38:29   [34;1m    106700[0m[34;1m   1023068[0m[34;1m    830528[0m[34;1m     27.36[0m[34;1m     51296[0m[34;1m   1952108[0m[34;1m   4645632[0m[31;1m    153.02[0m[34;1m    768132[0m[34;1m   2004052[0m[34;1m      4864[0m
11:38:30   [34;1m    106700[0m[34;1m   1023448[0m[34;1m    830152[0m[34;1m     27.34[0m[34;1m     51304[0m[34;1m   1952476[0m[34;1m   4645888[0m[31;1m    153.03[0m[34;1m    768136[0m[34;1m   2004664[0m[34;1m      5132[0m
11:38:31   [34;1m    106700[0m[34;1m   1023552[0m[34;1m    830024[0m[34;1m     27.34[0m[34;1m     51312[0m[34;1m   1952596[0m[34;1m   4645888[0m[31;1m    153.03[0m[34;1m    768136[0m[34;1m   2004800[0m[34;1m      5356[0m
11:38:32   [34;1m    105972[0m[34;1m   1023256[0m[34;1m    830324[0m[34;1m     27.35[0m[34;1m     51312[0m[34;1m   1953024[0m[34;1m   4645888[0m[31;1m    153.03[0m[34;1m    768152[0m[34;1m   2005468[0m[34;1m      5768[0m
11:38:33   [34;1m    104976[0m[34;1m   1022416[0m[34;1m    831164[0m[34;1m     27.38[0m[34;1m     51312[0m[34;1m   1953176[0m[34;1m   4645888[0m[31;1m    153.03[0m[34;1m    768152[0m[34;1m   2006060[0m[34;1m      5920[0m
11:38:34   [34;1m    104976[0m[34;1m   1022772[0m[34;1m    830804[0m[34;1m     27.37[0m[34;1m     51312[0m[34;1m   1953532[0m[34;1m   4645888[0m[31;1m    153.03[0m[34;1m    768176[0m[34;1m   2006408[0m[34;1m      6276[0m
11:38:35   [34;1m    104752[0m[34;1m   1022876[0m[34;1m    830784[0m[34;1m     27.36[0m[34;1m     51312[0m[34;1m   1953800[0m[34;1m   4645888[0m[31;1m    153.03[0m[34;1m    768176[0m[34;1m   2006976[0m[34;1m      6444[0m
11:38:36   [34;1m    104276[0m[34;1m   1022628[0m[34;1m    830956[0m[34;1m     27.37[0m[34;1m     51328[0m[34;1m   1954072[0m[34;1m   4645888[0m[31;1m    153.03[0m[34;1m    768196[0m[34;1m   2007212[0m[34;1m      6800[0m
11:38:37   [34;1m    103772[0m[34;1m   1022412[0m[34;1m    831168[0m[34;1m     27.38[0m[34;1m     51328[0m[34;1m   1954364[0m[34;1m   4645888[0m[31;1m    153.03[0m[34;1m    768196[0m[34;1m   2007784[0m[34;1m      7088[0m
11:38:38   [34;1m    102264[0m[34;1m   1021136[0m[34;1m    832452[0m[34;1m     27.42[0m[34;1m     51328[0m[34;1m   1954608[0m[34;1m   4645888[0m[31;1m    153.03[0m[34;1m    768196[0m[34;1m   2008328[0m[34;1m      7332[0m
11:38:39   [34;1m    102040[0m[34;1m   1021208[0m[34;1m    832348[0m[34;1m     27.42[0m[34;1m     51344[0m[34;1m   1954920[0m[34;1m   4645888[0m[31;1m    153.03[0m[34;1m    768196[0m[34;1m   2008248[0m[34;1m      7660[0m
11:38:40   [34;1m    102040[0m[34;1m   1021688[0m[34;1m    831936[0m[34;1m     27.40[0m[34;1m     51364[0m[34;1m   1955304[0m[34;1m   4645888[0m[31;1m    153.03[0m[34;1m    768236[0m[34;1m   2007948[0m[34;1m      8004[0m
11:38:41   [34;1m    102040[0m[34;1m   1021892[0m[34;1m    831712[0m[34;1m     27.40[0m[34;1m     51364[0m[34;1m   1955528[0m[34;1m   4645888[0m[31;1m    153.03[0m[34;1m    768236[0m[34;1m   2008276[0m[34;1m      8224[0m
11:38:42   [34;1m    101816[0m[34;1m   1022012[0m[34;1m    831556[0m[34;1m     27.39[0m[34;1m     51372[0m[34;1m   1955892[0m[34;1m   4645888[0m[31;1m    153.03[0m[34;1m    768244[0m[34;1m   2008696[0m[34;1m      8488[0m
11:38:43   [34;1m    113724[0m[34;1m   1027824[0m[34;1m    825704[0m[34;1m     27.20[0m[34;1m     51232[0m[34;1m   1949976[0m[34;1m   4645888[0m[31;1m    153.03[0m[34;1m    766192[0m[34;1m   2004740[0m[34;1m        96[0m
11:38:44   [34;1m    112296[0m[34;1m   1026616[0m[34;1m    826936[0m[34;1m     27.24[0m[34;1m     51232[0m[34;1m   1950164[0m[34;1m   4645888[0m[31;1m    153.03[0m[34;1m    766192[0m[34;1m   2004932[0m[34;1m       300[0m
11:38:45   [34;1m    109300[0m[34;1m   1024388[0m[34;1m    829172[0m[34;1m     27.31[0m[34;1m     51232[0m[34;1m   1950868[0m[34;1m   4650496[0m[31;1m    153.18[0m[34;1m    766672[0m[34;1m   2006768[0m[34;1m       652[0m
11:38:46   [34;1m    108796[0m[34;1m   1024268[0m[34;1m    829312[0m[34;1m     27.32[0m[34;1m     51232[0m[34;1m   1951276[0m[34;1m   4650496[0m[31;1m    153.18[0m[34;1m    766676[0m[34;1m   2007376[0m[34;1m       960[0m
11:38:47   [34;1m    107816[0m[34;1m   1023748[0m[34;1m    829856[0m[34;1m     27.33[0m[34;1m     51244[0m[34;1m   1951708[0m[34;1m   4650496[0m[31;1m    153.18[0m[34;1m    766748[0m[34;1m   2007844[0m[34;1m      1368[0m
11:38:48   [34;1m    106808[0m[34;1m   1022964[0m[34;1m    830636[0m[34;1m     27.36[0m[34;1m     51244[0m[34;1m   1951936[0m[34;1m   4645888[0m[31;1m    153.03[0m[34;1m    766748[0m[34;1m   2006052[0m[34;1m      1592[0m
11:38:49   [34;1m    106584[0m[34;1m   1022984[0m[34;1m    830588[0m[34;1m     27.36[0m[34;1m     51244[0m[34;1m   1952208[0m[34;1m   4645888[0m[31;1m    153.03[0m[34;1m    766752[0m[34;1m   2006308[0m[34;1m      1864[0m
11:38:50   [34;1m    106584[0m[34;1m   1023324[0m[34;1m    830268[0m[34;1m     27.35[0m[34;1m     51244[0m[34;1m   1952528[0m[34;1m   4645888[0m[31;1m    153.03[0m[34;1m    766752[0m[34;1m   2006632[0m[34;1m      2184[0m
11:38:51   [34;1m    106360[0m[34;1m   1023416[0m[34;1m    830176[0m[34;1m     27.34[0m[34;1m     51244[0m[34;1m   1952844[0m[34;1m   4645888[0m[31;1m    153.03[0m[34;1m    766752[0m[34;1m   2007060[0m[34;1m      2500[0m
11:38:52   [34;1m    106108[0m[34;1m   1023376[0m[34;1m    830184[0m[34;1m     27.34[0m[34;1m     51252[0m[34;1m   1953080[0m[34;1m   4645888[0m[31;1m    153.03[0m[34;1m    766752[0m[34;1m   2007468[0m[34;1m      2744[0m
11:38:53   [34;1m    105604[0m[34;1m   1023296[0m[34;1m    830376[0m[34;1m     27.35[0m[34;1m     51252[0m[34;1m   1953384[0m[34;1m   4645888[0m[31;1m    153.03[0m[34;1m    766760[0m[34;1m   2007216[0m[34;1m      3080[0m
11:38:54   [34;1m    105380[0m[34;1m   1023272[0m[34;1m    830284[0m[34;1m     27.35[0m[34;1m     51280[0m[34;1m   1953668[0m[34;1m   4645888[0m[31;1m    153.03[0m[34;1m    766760[0m[34;1m   2007572[0m[34;1m      3296[0m
11:38:55   [34;1m    104904[0m[34;1m   1023184[0m[34;1m    830420[0m[34;1m     27.35[0m[34;1m     51300[0m[34;1m   1954000[0m[34;1m   4645888[0m[31;1m    153.03[0m[34;1m    766808[0m[34;1m   2008708[0m[34;1m      3572[0m
11:38:56   [34;1m    104904[0m[34;1m   1023464[0m[34;1m    830152[0m[34;1m     27.34[0m[34;1m     51300[0m[34;1m   1954292[0m[34;1m   4645888[0m[31;1m    153.03[0m[34;1m    766808[0m[34;1m   2009084[0m[34;1m      3860[0m
11:38:57   [34;1m    104904[0m[34;1m   1023752[0m[34;1m    829872[0m[34;1m     27.33[0m[34;1m     51300[0m[34;1m   1954552[0m[34;1m   4645888[0m[31;1m    153.03[0m[34;1m    766816[0m[34;1m   2009440[0m[34;1m      4120[0m
11:38:58   [34;1m    104176[0m[34;1m   1023352[0m[34;1m    830240[0m[34;1m     27.35[0m[34;1m     51308[0m[34;1m   1954904[0m[34;1m   4645888[0m[31;1m    153.03[0m[34;1m    766828[0m[34;1m   2009784[0m[34;1m      4472[0m
11:38:59   [34;1m    103700[0m[34;1m   1023076[0m[34;1m    830576[0m[34;1m     27.36[0m[34;1m     51308[0m[34;1m   1955044[0m[34;1m   4645888[0m[31;1m    153.03[0m[34;1m    766824[0m[34;1m   2010368[0m[34;1m      4608[0m
11:39:00   [34;1m    102944[0m[34;1m   1022568[0m[34;1m    830948[0m[34;1m     27.37[0m[34;1m     51308[0m[34;1m   1955428[0m[34;1m   4645888[0m[31;1m    153.03[0m[34;1m    766828[0m[34;1m   2010608[0m[34;1m      4992[0m
11:39:01   [34;1m    102692[0m[34;1m   1022528[0m[34;1m    830976[0m[34;1m     27.37[0m[34;1m     51308[0m[34;1m   1955648[0m[34;1m   4645888[0m[31;1m    153.03[0m[34;1m    766840[0m[34;1m   2010916[0m[34;1m      5212[0m
11:39:02   [34;1m    102440[0m[34;1m   1022704[0m[34;1m    830856[0m[34;1m     27.37[0m[34;1m     51308[0m[34;1m   1956016[0m[34;1m   4645888[0m[31;1m    153.03[0m[34;1m    766840[0m[34;1m   2010948[0m[34;1m      5580[0m
11:39:03   [34;1m    100684[0m[34;1m   1021180[0m[34;1m    832384[0m[34;1m     27.42[0m[34;1m     51316[0m[34;1m   1956232[0m[34;1m   4645888[0m[31;1m    153.03[0m[34;1m    766840[0m[34;1m   2011288[0m[34;1m      5804[0m
11:39:04   [34;1m    100460[0m[34;1m   1021212[0m[34;1m    832364[0m[34;1m     27.42[0m[34;1m     51316[0m[34;1m   1956472[0m[34;1m   4645888[0m[31;1m    153.03[0m[34;1m    766860[0m[34;1m   2011504[0m[34;1m      6036[0m
11:39:05   [34;1m    112940[0m[34;1m   1021180[0m[34;1m    832292[0m[34;1m     27.41[0m[34;1m     51012[0m[34;1m   1944340[0m[34;1m   4650496[0m[31;1m    153.18[0m[34;1m    764264[0m[34;1m   2003856[0m[34;1m      6336[0m
11:39:06   [34;1m    112436[0m[34;1m   1020896[0m[34;1m    832536[0m[34;1m     27.42[0m[34;1m     51012[0m[34;1m   1944580[0m[34;1m   4650496[0m[31;1m    153.18[0m[34;1m    764312[0m[34;1m   2004108[0m[34;1m      6608[0m
11:39:07   [34;1m    112436[0m[34;1m   1021260[0m[34;1m    832232[0m[34;1m     27.41[0m[34;1m     51012[0m[34;1m   1944884[0m[34;1m   4650496[0m[31;1m    153.18[0m[34;1m    764404[0m[34;1m   2004388[0m[34;1m      6872[0m
11:39:08   [34;1m    110700[0m[34;1m   1019860[0m[34;1m    833656[0m[34;1m     27.46[0m[34;1m     51012[0m[34;1m   1945188[0m[34;1m   4645888[0m[31;1m    153.03[0m[34;1m    764408[0m[34;1m   2003264[0m[34;1m      7168[0m
11:39:09   [34;1m    107676[0m[34;1m   1017140[0m[34;1m    836432[0m[34;1m     27.55[0m[34;1m     51032[0m[34;1m   1945444[0m[34;1m   4645888[0m[31;1m    153.03[0m[34;1m    764416[0m[34;1m   2003912[0m[34;1m      7444[0m
11:39:10   [34;1m    107200[0m[34;1m   1017032[0m[34;1m    836564[0m[34;1m     27.55[0m[34;1m     51060[0m[34;1m   1945776[0m[34;1m   4645888[0m[31;1m    153.03[0m[34;1m    764472[0m[34;1m   2002640[0m[34;1m      7728[0m
11:39:11   [34;1m    107200[0m[34;1m   1017312[0m[34;1m    836268[0m[34;1m     27.55[0m[34;1m     51060[0m[34;1m   1946076[0m[34;1m   4645888[0m[31;1m    153.03[0m[34;1m    764480[0m[34;1m   2002680[0m[34;1m      8008[0m
11:39:12   [34;1m    107232[0m[34;1m   1017548[0m[34;1m    836008[0m[34;1m     27.54[0m[34;1m     51060[0m[34;1m   1946304[0m[34;1m   4645888[0m[31;1m    153.03[0m[34;1m    764480[0m[34;1m   2002908[0m[34;1m      8236[0m
11:39:13   [34;1m    107008[0m[34;1m   1017692[0m[34;1m    835868[0m[34;1m     27.53[0m[34;1m     51060[0m[34;1m   1946668[0m[34;1m   4645888[0m[31;1m    153.03[0m[34;1m    764504[0m[34;1m   2003344[0m[34;1m      8580[0m
11:39:14   [34;1m    107008[0m[34;1m   1018004[0m[34;1m    835664[0m[34;1m     27.53[0m[34;1m     51060[0m[34;1m   1946868[0m[34;1m   4645888[0m[31;1m    153.03[0m[34;1m    764496[0m[34;1m   2003604[0m[34;1m       160[0m
11:39:15   [34;1m    106532[0m[34;1m   1017732[0m[34;1m    835844[0m[34;1m     27.53[0m[34;1m     51072[0m[34;1m   1947148[0m[34;1m   4645888[0m[31;1m    153.03[0m[34;1m    764500[0m[34;1m   2004480[0m[34;1m       560[0m
11:39:16   [34;1m    106280[0m[34;1m   1017768[0m[34;1m    835764[0m[34;1m     27.53[0m[34;1m     51080[0m[34;1m   1947468[0m[34;1m   4645888[0m[31;1m    153.03[0m[34;1m    764520[0m[34;1m   2004832[0m[34;1m       844[0m
11:39:17   [34;1m    106028[0m[34;1m   1017828[0m[34;1m    835752[0m[34;1m     27.53[0m[34;1m     51080[0m[34;1m   1947732[0m[34;1m   4645888[0m[31;1m    153.03[0m[34;1m    764520[0m[34;1m   2005200[0m[34;1m      1108[0m
11:39:18   [34;1m    105552[0m[34;1m   1017692[0m[34;1m    835888[0m[34;1m     27.53[0m[34;1m     51080[0m[34;1m   1948068[0m[34;1m   4645888[0m[31;1m    153.03[0m[34;1m    764524[0m[34;1m   2005648[0m[34;1m      1444[0m
11:39:19   [34;1m    103536[0m[34;1m   1015884[0m[34;1m    837668[0m[34;1m     27.59[0m[34;1m     51080[0m[34;1m   1948304[0m[34;1m   4645888[0m[31;1m    153.03[0m[34;1m    764520[0m[34;1m   2005968[0m[34;1m      1680[0m
11:39:20   [34;1m    103284[0m[34;1m   1015928[0m[34;1m    837652[0m[34;1m     27.59[0m[34;1m     51080[0m[34;1m   1948572[0m[34;1m   4645888[0m[31;1m    153.03[0m[34;1m    764520[0m[34;1m   2006476[0m[34;1m      1948[0m
11:39:21   [34;1m    103284[0m[34;1m   1016076[0m[34;1m    837384[0m[34;1m     27.58[0m[34;1m     51088[0m[34;1m   1948832[0m[34;1m   4645888[0m[31;1m    153.03[0m[34;1m    764520[0m[34;1m   2006184[0m[34;1m      2216[0m
11:39:22   [34;1m    102808[0m[34;1m   1016028[0m[34;1m    837520[0m[34;1m     27.59[0m[34;1m     51088[0m[34;1m   1949148[0m[34;1m   4645888[0m[31;1m    153.03[0m[34;1m    764528[0m[34;1m   2006460[0m[34;1m      2520[0m
11:39:23   [34;1m    102556[0m[34;1m   1015996[0m[34;1m    837544[0m[34;1m     27.59[0m[34;1m     51088[0m[34;1m   1949376[0m[34;1m   4645888[0m[31;1m    153.03[0m[34;1m    764528[0m[34;1m   2006636[0m[34;1m      2748[0m
11:39:24   [34;1m    102332[0m[34;1m   1016220[0m[34;1m    837400[0m[34;1m     27.58[0m[34;1m     51112[0m[34;1m   1949744[0m[34;1m   4645888[0m[31;1m    153.03[0m[34;1m    764544[0m[34;1m   2007132[0m[34;1m      3116[0m
11:39:25   [34;1m    102092[0m[34;1m   1016196[0m[34;1m    837380[0m[34;1m     27.58[0m[34;1m     51132[0m[34;1m   1949984[0m[34;1m   4650496[0m[31;1m    153.18[0m[34;1m    764552[0m[34;1m   2009392[0m[34;1m      3328[0m
11:39:26   [34;1m    102092[0m[34;1m   1016492[0m[34;1m    837072[0m[34;1m     27.57[0m[34;1m     51140[0m[34;1m   1950276[0m[34;1m   4650496[0m[31;1m    153.18[0m[34;1m    764580[0m[34;1m   2008940[0m[34;1m      3592[0m
11:39:27   [34;1m    101868[0m[34;1m   1016508[0m[34;1m    837096[0m[34;1m     27.57[0m[34;1m     51140[0m[34;1m   1950476[0m[34;1m   4650496[0m[31;1m    153.18[0m[34;1m    764580[0m[34;1m   2009184[0m[34;1m      3792[0m
11:39:28   [34;1m    101424[0m[34;1m   1016420[0m[34;1m    837104[0m[34;1m     27.57[0m[34;1m     51140[0m[34;1m   1950908[0m[34;1m   4645888[0m[31;1m    153.03[0m[34;1m    764584[0m[34;1m   2008368[0m[34;1m      4224[0m
11:39:29   [34;1m    101200[0m[34;1m   1016444[0m[34;1m    837012[0m[34;1m     27.57[0m[34;1m     51140[0m[34;1m   1951224[0m[34;1m   4645888[0m[31;1m    153.03[0m[34;1m    764580[0m[34;1m   2008728[0m[34;1m      4440[0m
11:39:30   [34;1m    101200[0m[34;1m   1016852[0m[34;1m    836680[0m[34;1m     27.56[0m[34;1m     51140[0m[34;1m   1951552[0m[34;1m   4645888[0m[31;1m    153.03[0m[34;1m    764624[0m[34;1m   2008152[0m[34;1m      4800[0m
11:39:31   [34;1m    101200[0m[34;1m   1017092[0m[34;1m    836476[0m[34;1m     27.55[0m[34;1m     51148[0m[34;1m   1951756[0m[34;1m   4645888[0m[31;1m    153.03[0m[34;1m    764648[0m[34;1m   2008268[0m[34;1m      5012[0m
11:39:32   [34;1m    100948[0m[34;1m   1017128[0m[34;1m    836444[0m[34;1m     27.55[0m[34;1m     51156[0m[34;1m   1952032[0m[34;1m   4645888[0m[31;1m    153.03[0m[34;1m    764656[0m[34;1m   2008564[0m[34;1m      5288[0m
11:39:33   [34;1m    100948[0m[34;1m   1017408[0m[34;1m    836136[0m[34;1m     27.54[0m[34;1m     51164[0m[34;1m   1952328[0m[34;1m   4645888[0m[31;1m    153.03[0m[34;1m    764664[0m[34;1m   2009088[0m[34;1m      5580[0m
11:39:34   [34;1m    100948[0m[34;1m   1017844[0m[34;1m    835688[0m[34;1m     27.53[0m[34;1m     51164[0m[34;1m   1952780[0m[34;1m   4645888[0m[31;1m    153.03[0m[34;1m    764672[0m[34;1m   2009320[0m[34;1m      5820[0m
11:39:35   [34;1m    100948[0m[34;1m   1018112[0m[34;1m    835432[0m[34;1m     27.52[0m[34;1m     51164[0m[34;1m   1953036[0m[34;1m   4645888[0m[31;1m    153.03[0m[34;1m    764672[0m[34;1m   2010000[0m[34;1m      6148[0m
11:39:36   [34;1m    100948[0m[34;1m   1018352[0m[34;1m    835096[0m[34;1m     27.51[0m[34;1m     51172[0m[34;1m   1953364[0m[34;1m   4645888[0m[31;1m    153.03[0m[34;1m    764672[0m[34;1m   2010332[0m[34;1m      6480[0m
11:39:37   [34;1m    100472[0m[34;1m   1018060[0m[34;1m    835440[0m[34;1m     27.52[0m[34;1m     51172[0m[34;1m   1953496[0m[34;1m   4645888[0m[31;1m    153.03[0m[34;1m    764680[0m[34;1m   2010508[0m[34;1m      6604[0m
11:39:38   [34;1m    100220[0m[34;1m   1018264[0m[34;1m    835296[0m[34;1m     27.51[0m[34;1m     51172[0m[34;1m   1953892[0m[34;1m   4645888[0m[31;1m    153.03[0m[34;1m    764684[0m[34;1m   2011116[0m[34;1m      7000[0m
11:39:39   [34;1m    100220[0m[34;1m   1018520[0m[34;1m    835024[0m[34;1m     27.50[0m[34;1m     51196[0m[34;1m   1954132[0m[34;1m   4645888[0m[31;1m    153.03[0m[34;1m    764680[0m[34;1m   2011288[0m[34;1m        64[0m
11:39:40   [34;1m     99996[0m[34;1m   1018564[0m[34;1m    834908[0m[34;1m     27.50[0m[34;1m     51216[0m[34;1m   1954468[0m[34;1m   4649984[0m[31;1m    153.16[0m[34;1m    764704[0m[34;1m   2010624[0m[34;1m       368[0m
11:39:41   [34;1m     99744[0m[34;1m   1018572[0m[34;1m    835020[0m[34;1m     27.50[0m[34;1m     51216[0m[34;1m   1954608[0m[34;1m   4649984[0m[31;1m    153.16[0m[34;1m    764724[0m[34;1m   2010828[0m[34;1m       512[0m
11:39:42   [34;1m    107896[0m[34;1m   1019632[0m[34;1m    833828[0m[34;1m     27.46[0m[34;1m     51036[0m[34;1m   1947828[0m[34;1m   4649984[0m[31;1m    153.16[0m[34;1m    762704[0m[34;1m   2006264[0m[34;1m       904[0m
11:39:43   [34;1m    107176[0m[34;1m   1019484[0m[34;1m    833884[0m[34;1m     27.47[0m[34;1m     51036[0m[34;1m   1948488[0m[34;1m   4649984[0m[31;1m    153.16[0m[34;1m    762988[0m[34;1m   2006700[0m[34;1m      1092[0m
11:39:44   [34;1m    106924[0m[34;1m   1019628[0m[34;1m    833912[0m[34;1m     27.47[0m[34;1m     51036[0m[34;1m   1948712[0m[34;1m   4649984[0m[31;1m    153.16[0m[34;1m    763116[0m[34;1m   2007056[0m[34;1m      1464[0m
11:39:45   [34;1m    104700[0m[34;1m   1017712[0m[34;1m    835936[0m[34;1m     27.53[0m[34;1m     51036[0m[34;1m   1948908[0m[34;1m   4654592[0m[31;1m    153.31[0m[34;1m    763116[0m[34;1m   2009740[0m[34;1m      1660[0m
11:39:46   [34;1m    104196[0m[34;1m   1017496[0m[34;1m    835976[0m[34;1m     27.54[0m[34;1m     51036[0m[34;1m   1949332[0m[34;1m   4654592[0m[31;1m    153.31[0m[34;1m    763120[0m[34;1m   2010220[0m[34;1m      2084[0m
11:39:47   [34;1m    103944[0m[34;1m   1017568[0m[34;1m    836012[0m[34;1m     27.54[0m[34;1m     51040[0m[34;1m   1949556[0m[34;1m   4654592[0m[31;1m    153.31[0m[34;1m    763128[0m[34;1m   2010608[0m[34;1m      2312[0m
11:39:48   [34;1m    103216[0m[34;1m   1017144[0m[34;1m    836396[0m[34;1m     27.55[0m[34;1m     51048[0m[34;1m   1949908[0m[34;1m   4649984[0m[31;1m    153.16[0m[34;1m    763132[0m[34;1m   2009536[0m[34;1m      2672[0m
11:39:49   [34;1m    102964[0m[34;1m   1017052[0m[34;1m    836508[0m[34;1m     27.55[0m[34;1m     51048[0m[34;1m   1950044[0m[34;1m   4649984[0m[31;1m    153.16[0m[34;1m    763140[0m[34;1m   2010212[0m[34;1m      2796[0m
11:39:50   [34;1m    102712[0m[34;1m   1017224[0m[34;1m    836348[0m[34;1m     27.55[0m[34;1m     51048[0m[34;1m   1950456[0m[34;1m   4649984[0m[31;1m    153.16[0m[34;1m    763140[0m[34;1m   2010452[0m[34;1m      3208[0m
11:39:51   [34;1m    102264[0m[34;1m   1016996[0m[34;1m    836560[0m[34;1m     27.55[0m[34;1m     51048[0m[34;1m   1950692[0m[34;1m   4649984[0m[31;1m    153.16[0m[34;1m    763144[0m[34;1m   2010088[0m[34;1m      3444[0m
11:39:52   [34;1m    102012[0m[34;1m   1017004[0m[34;1m    836524[0m[34;1m     27.55[0m[34;1m     51048[0m[34;1m   1950984[0m[34;1m   4649984[0m[31;1m    153.16[0m[34;1m    763144[0m[34;1m   2010436[0m[34;1m      3736[0m
11:39:53   [34;1m    101760[0m[34;1m   1017032[0m[34;1m    836388[0m[34;1m     27.55[0m[34;1m     51056[0m[34;1m   1951364[0m[34;1m   4649984[0m[31;1m    153.16[0m[34;1m    763244[0m[34;1m   2010476[0m[34;1m      3924[0m
11:39:54   [34;1m    101508[0m[34;1m   1017248[0m[34;1m    836248[0m[34;1m     27.54[0m[34;1m     51072[0m[34;1m   1951720[0m[34;1m   4649984[0m[31;1m    153.16[0m[34;1m    763336[0m[34;1m   2010872[0m[34;1m      4300[0m
11:39:55   [34;1m    100780[0m[34;1m   1016812[0m[34;1m    836696[0m[34;1m     27.56[0m[34;1m     51080[0m[34;1m   1951992[0m[34;1m   4649984[0m[31;1m    153.16[0m[34;1m    763352[0m[34;1m   2011696[0m[34;1m      4556[0m
11:39:56   [34;1m    100528[0m[34;1m   1016972[0m[34;1m    836556[0m[34;1m     27.55[0m[34;1m     51088[0m[34;1m   1952388[0m[34;1m   4649984[0m[31;1m    153.16[0m[34;1m    763364[0m[34;1m   2012228[0m[34;1m      4936[0m
11:39:57   [34;1m    100304[0m[34;1m   1016860[0m[34;1m    836660[0m[34;1m     27.56[0m[34;1m     51088[0m[34;1m   1952512[0m[34;1m   4649984[0m[31;1m    153.16[0m[34;1m    763372[0m[34;1m   2012356[0m[34;1m      5052[0m
11:39:58   [34;1m    110084[0m[34;1m   1023664[0m[34;1m    829844[0m[34;1m     27.33[0m[34;1m     51024[0m[34;1m   1949620[0m[34;1m   4649984[0m[31;1m    153.16[0m[34;1m    762572[0m[34;1m   2010324[0m[34;1m      5364[0m
11:39:59   [34;1m    108140[0m[34;1m   1022464[0m[34;1m    830852[0m[34;1m     27.37[0m[34;1m     51024[0m[34;1m   1950552[0m[34;1m   4649984[0m[31;1m    153.16[0m[34;1m    763092[0m[34;1m   2010520[0m[34;1m      5680[0m
11:40:00   [34;1m    107424[0m[34;1m   1022340[0m[34;1m    831124[0m[34;1m     27.38[0m[34;1m     51028[0m[34;1m   1950984[0m[34;1m   4649984[0m[31;1m    153.16[0m[34;1m    763260[0m[34;1m   2010892[0m[34;1m      6020[0m
11:40:01   [34;1m    106672[0m[34;1m   1021896[0m[34;1m    831740[0m[34;1m     27.40[0m[34;1m     51028[0m[34;1m   1951112[0m[34;1m   4649984[0m[31;1m    153.16[0m[34;1m    763336[0m[34;1m   2011376[0m[34;1m      6168[0m
11:40:02   [34;1m    106196[0m[34;1m   1021692[0m[34;1m    831836[0m[34;1m     27.40[0m[34;1m     51028[0m[34;1m   1951484[0m[34;1m   4649984[0m[31;1m    153.16[0m[34;1m    763336[0m[34;1m   2011844[0m[34;1m      6536[0m
11:40:03   [34;1m    104684[0m[34;1m   1020452[0m[34;1m    833172[0m[34;1m     27.44[0m[34;1m     51028[0m[34;1m   1951660[0m[34;1m   4649984[0m[31;1m    153.16[0m[34;1m    763336[0m[34;1m   2011892[0m[34;1m      6712[0m
11:40:04   [34;1m    104208[0m[34;1m   1020316[0m[34;1m    833200[0m[34;1m     27.44[0m[34;1m     51028[0m[34;1m   1952100[0m[34;1m   4649984[0m[31;1m    153.16[0m[34;1m    763336[0m[34;1m   2012276[0m[34;1m      7152[0m
11:40:05   [34;1m    101996[0m[34;1m   1018252[0m[34;1m    835188[0m[34;1m     27.51[0m[34;1m     51036[0m[34;1m   1952220[0m[34;1m   4654592[0m[31;1m    153.31[0m[34;1m    763336[0m[34;1m   2014456[0m[34;1m      7280[0m
11:40:06   [34;1m    101240[0m[34;1m   1017888[0m[34;1m    835628[0m[34;1m     27.52[0m[34;1m     51044[0m[34;1m   1952600[0m[34;1m   4654592[0m[31;1m    153.31[0m[34;1m    763340[0m[34;1m   2015336[0m[34;1m      7656[0m
11:40:07   [34;1m    101240[0m[34;1m   1018168[0m[34;1m    835344[0m[34;1m     27.51[0m[34;1m     51044[0m[34;1m   1952884[0m[34;1m   4654592[0m[31;1m    153.31[0m[34;1m    763352[0m[34;1m   2015152[0m[34;1m      7932[0m
11:40:08   [34;1m    100232[0m[34;1m   1017432[0m[34;1m    835976[0m[34;1m     27.54[0m[34;1m     51044[0m[34;1m   1953256[0m[34;1m   4649984[0m[31;1m    153.16[0m[34;1m    763356[0m[34;1m   2013840[0m[34;1m      8204[0m
11:40:09   [34;1m    112188[0m[34;1m   1023432[0m[34;1m    829916[0m[34;1m     27.34[0m[34;1m     50904[0m[34;1m   1947512[0m[34;1m   4649984[0m[31;1m    153.16[0m[34;1m    762576[0m[34;1m   2008756[0m[34;1m      8408[0m
11:40:10   [34;1m    111668[0m[34;1m   1023548[0m[34;1m    829988[0m[34;1m     27.34[0m[34;1m     50904[0m[34;1m   1947964[0m[34;1m   4649984[0m[31;1m    153.16[0m[34;1m    762784[0m[34;1m   2007832[0m[34;1m       100[0m
11:40:11   [34;1m    111416[0m[34;1m   1023540[0m[34;1m    829944[0m[34;1m     27.34[0m[34;1m     50916[0m[34;1m   1948244[0m[34;1m   4649984[0m[31;1m    153.16[0m[34;1m    762800[0m[34;1m   2008180[0m[34;1m       500[0m
11:40:12   [34;1m    110692[0m[34;1m   1023156[0m[34;1m    830224[0m[34;1m     27.35[0m[34;1m     50916[0m[34;1m   1948680[0m[34;1m   4649984[0m[31;1m    153.16[0m[34;1m    762916[0m[34;1m   2008552[0m[34;1m       784[0m
11:40:13   [34;1m    109964[0m[34;1m   1022768[0m[34;1m    830832[0m[34;1m     27.37[0m[34;1m     50916[0m[34;1m   1948812[0m[34;1m   4649984[0m[31;1m    153.16[0m[34;1m    762916[0m[34;1m   2009032[0m[34;1m       916[0m
11:40:14   [34;1m    109712[0m[34;1m   1022868[0m[34;1m    830652[0m[34;1m     27.36[0m[34;1m     50916[0m[34;1m   1949236[0m[34;1m   4649984[0m[31;1m    153.16[0m[34;1m    762916[0m[34;1m   2009864[0m[34;1m      1344[0m
11:40:15   [34;1m    108744[0m[34;1m   1022256[0m[34;1m    831284[0m[34;1m     27.38[0m[34;1m     50916[0m[34;1m   1949596[0m[34;1m   4649984[0m[31;1m    153.16[0m[34;1m    762916[0m[34;1m   2010164[0m[34;1m      1604[0m
11:40:16   [34;1m    108492[0m[34;1m   1022248[0m[34;1m    831244[0m[34;1m     27.38[0m[34;1m     50924[0m[34;1m   1949868[0m[34;1m   4649984[0m[31;1m    153.16[0m[34;1m    762916[0m[34;1m   2010412[0m[34;1m      1884[0m
11:40:17   [34;1m    108240[0m[34;1m   1022276[0m[34;1m    831232[0m[34;1m     27.38[0m[34;1m     50932[0m[34;1m   1950120[0m[34;1m   4649984[0m[31;1m    153.16[0m[34;1m    762924[0m[34;1m   2010720[0m[34;1m      2144[0m
11:40:18   [34;1m    106472[0m[34;1m   1020848[0m[34;1m    832688[0m[34;1m     27.43[0m[34;1m     50932[0m[34;1m   1950448[0m[34;1m   4649984[0m[31;1m    153.16[0m[34;1m    762932[0m[34;1m   2011220[0m[34;1m      2460[0m
11:40:19   [34;1m    104456[0m[34;1m   1019128[0m[34;1m    834416[0m[34;1m     27.48[0m[34;1m     50932[0m[34;1m   1950736[0m[34;1m   4649984[0m[31;1m    153.16[0m[34;1m    762968[0m[34;1m   2011516[0m[34;1m      2712[0m
11:40:20   [34;1m    103980[0m[34;1m   1018956[0m[34;1m    834600[0m[34;1m     27.49[0m[34;1m     50932[0m[34;1m   1951036[0m[34;1m   4649984[0m[31;1m    153.16[0m[34;1m    762968[0m[34;1m   2011756[0m[34;1m      3012[0m
11:40:21   [34;1m    103728[0m[34;1m   1018972[0m[34;1m    834560[0m[34;1m     27.49[0m[34;1m     50932[0m[34;1m   1951324[0m[34;1m   4649984[0m[31;1m    153.16[0m[34;1m    763008[0m[34;1m   2012252[0m[34;1m      3260[0m
11:40:22   [34;1m    103476[0m[34;1m   1018884[0m[34;1m    834552[0m[34;1m     27.49[0m[34;1m     50940[0m[34;1m   1951576[0m[34;1m   4649984[0m[31;1m    153.16[0m[34;1m    763008[0m[34;1m   2012552[0m[34;1m      3420[0m
11:40:23   [34;1m    103000[0m[34;1m   1018840[0m[34;1m    834560[0m[34;1m     27.49[0m[34;1m     50940[0m[34;1m   1952020[0m[34;1m   4649984[0m[31;1m    153.16[0m[34;1m    763012[0m[34;1m   2013224[0m[34;1m      3752[0m
11:40:24   [34;1m    103004[0m[34;1m   1019092[0m[34;1m    834460[0m[34;1m     27.49[0m[34;1m     50940[0m[34;1m   1952144[0m[34;1m   4649984[0m[31;1m    153.16[0m[34;1m    763084[0m[34;1m   2013376[0m[34;1m      3952[0m
11:40:25   [34;1m    101016[0m[34;1m   1017556[0m[34;1m    836080[0m[34;1m     27.54[0m[34;1m     50940[0m[34;1m   1952492[0m[34;1m   4654592[0m[31;1m    153.31[0m[34;1m    763088[0m[34;1m   2015544[0m[34;1m      4304[0m
11:40:26   [34;1m    101016[0m[34;1m   1017736[0m[34;1m    835772[0m[34;1m     27.53[0m[34;1m     50940[0m[34;1m   1952780[0m[34;1m   4654592[0m[31;1m    153.31[0m[34;1m    763088[0m[34;1m   2015776[0m[34;1m      4592[0m
11:40:27   [34;1m    100764[0m[34;1m   1017772[0m[34;1m    835724[0m[34;1m     27.53[0m[34;1m     50944[0m[34;1m   1953080[0m[34;1m   4654592[0m[31;1m    153.31[0m[34;1m    763088[0m[34;1m   2016152[0m[34;1m      4896[0m
11:40:28   [34;1m    100512[0m[34;1m   1017872[0m[34;1m    835592[0m[34;1m     27.52[0m[34;1m     50944[0m[34;1m   1953440[0m[34;1m   4649984[0m[31;1m    153.16[0m[34;1m    763096[0m[34;1m   2015028[0m[34;1m      5248[0m
11:40:29   [34;1m    100512[0m[34;1m   1018016[0m[34;1m    835380[0m[34;1m     27.52[0m[34;1m     50944[0m[34;1m   1953652[0m[34;1m   4649984[0m[31;1m    153.16[0m[34;1m    763092[0m[34;1m   2015156[0m[34;1m      5460[0m
11:40:30   [34;1m    100036[0m[34;1m   1017896[0m[34;1m    835600[0m[34;1m     27.52[0m[34;1m     50944[0m[34;1m   1953908[0m[34;1m   4649984[0m[31;1m    153.16[0m[34;1m    763092[0m[34;1m   2015528[0m[34;1m      5716[0m
11:40:31   [34;1m    117244[0m[34;1m   1022420[0m[34;1m    831020[0m[34;1m     27.37[0m[34;1m     50652[0m[34;1m   1941556[0m[34;1m   4649984[0m[31;1m    153.16[0m[34;1m    760820[0m[34;1m   2005088[0m[34;1m      6064[0m
11:40:32   [34;1m    116324[0m[34;1m   1021964[0m[34;1m    831492[0m[34;1m     27.39[0m[34;1m     50652[0m[34;1m   1942028[0m[34;1m   4649984[0m[31;1m    153.16[0m[34;1m    761076[0m[34;1m   2005324[0m[34;1m      6172[0m
11:40:33   [34;1m    114060[0m[34;1m   1020084[0m[34;1m    833520[0m[34;1m     27.45[0m[34;1m     50656[0m[34;1m   1942264[0m[34;1m   4649984[0m[31;1m    153.16[0m[34;1m    761136[0m[34;1m   2005668[0m[34;1m      6492[0m
11:40:34   [34;1m    113584[0m[34;1m   1019880[0m[34;1m    833632[0m[34;1m     27.46[0m[34;1m     50664[0m[34;1m   1942616[0m[34;1m   4649984[0m[31;1m    153.16[0m[34;1m    761148[0m[34;1m   2005992[0m[34;1m      6840[0m
11:40:35   [34;1m    112828[0m[34;1m   1019400[0m[34;1m    834112[0m[34;1m     27.47[0m[34;1m     50664[0m[34;1m   1942892[0m[34;1m   4649984[0m[31;1m    153.16[0m[34;1m    761148[0m[34;1m   2007124[0m[34;1m      7116[0m
11:40:36   [34;1m    112828[0m[34;1m   1019704[0m[34;1m    833788[0m[34;1m     27.46[0m[34;1m     50664[0m[34;1m   1943212[0m[34;1m   4649984[0m[31;1m    153.16[0m[34;1m    761208[0m[34;1m   2006376[0m[34;1m      7376[0m
11:40:37   [34;1m    112828[0m[34;1m   1019972[0m[34;1m    833592[0m[34;1m     27.46[0m[34;1m     50664[0m[34;1m   1943404[0m[34;1m   4649984[0m[31;1m    153.16[0m[34;1m    761208[0m[34;1m   2006608[0m[34;1m      7568[0m
11:40:38   [34;1m    111820[0m[34;1m   1019336[0m[34;1m    834192[0m[34;1m     27.48[0m[34;1m     50664[0m[34;1m   1943832[0m[34;1m   4649984[0m[31;1m    153.16[0m[34;1m    761256[0m[34;1m   2006980[0m[34;1m      7940[0m
11:40:39   [34;1m    111344[0m[34;1m   1019128[0m[34;1m    834384[0m[34;1m     27.48[0m[34;1m     50672[0m[34;1m   1944108[0m[34;1m   4649984[0m[31;1m    153.16[0m[34;1m    761264[0m[34;1m   2007288[0m[34;1m      8224[0m
11:40:40   [34;1m    110880[0m[34;1m   1019060[0m[34;1m    834564[0m[34;1m     27.49[0m[34;1m     50672[0m[34;1m   1944400[0m[34;1m   4649984[0m[31;1m    153.16[0m[34;1m    761272[0m[34;1m   2006300[0m[34;1m      8604[0m
11:40:41   [34;1m    110880[0m[34;1m   1019168[0m[34;1m    834244[0m[34;1m     27.48[0m[34;1m     50672[0m[34;1m   1944712[0m[34;1m   4649984[0m[31;1m    153.16[0m[34;1m    761276[0m[34;1m   2006308[0m[34;1m       216[0m
11:40:42   [34;1m    110880[0m[34;1m   1019524[0m[34;1m    833856[0m[34;1m     27.47[0m[34;1m     50672[0m[34;1m   1945104[0m[34;1m   4649984[0m[31;1m    153.16[0m[34;1m    761268[0m[34;1m   2006740[0m[34;1m       480[0m
11:40:43   [34;1m    110432[0m[34;1m   1019428[0m[34;1m    834060[0m[34;1m     27.47[0m[34;1m     50672[0m[34;1m   1945348[0m[34;1m   4649984[0m[31;1m    153.16[0m[34;1m    761352[0m[34;1m   2007156[0m[34;1m       740[0m
11:40:44   [34;1m    110208[0m[34;1m   1019572[0m[34;1m    833956[0m[34;1m     27.47[0m[34;1m     50680[0m[34;1m   1945668[0m[34;1m   4649984[0m[31;1m    153.16[0m[34;1m    761360[0m[34;1m   2007560[0m[34;1m      1140[0m
11:40:45   [34;1m    108444[0m[34;1m   1018028[0m[34;1m    835284[0m[34;1m     27.51[0m[34;1m     50680[0m[34;1m   1946004[0m[34;1m   4654592[0m[31;1m    153.31[0m[34;1m    761360[0m[34;1m   2009944[0m[34;1m      1376[0m
11:40:46   [34;1m    107968[0m[34;1m   1017964[0m[34;1m    835536[0m[34;1m     27.52[0m[34;1m     50688[0m[34;1m   1946300[0m[34;1m   4654592[0m[31;1m    153.31[0m[34;1m    761500[0m[34;1m   2010104[0m[34;1m      1652[0m
11:40:47   [34;1m    107716[0m[34;1m   1017992[0m[34;1m    835488[0m[34;1m     27.52[0m[34;1m     50688[0m[34;1m   1946592[0m[34;1m   4654592[0m[31;1m    153.31[0m[34;1m    761500[0m[34;1m   2010412[0m[34;1m      1940[0m
11:40:48   [34;1m    106988[0m[34;1m   1017592[0m[34;1m    835904[0m[34;1m     27.53[0m[34;1m     50688[0m[34;1m   1946912[0m[34;1m   4649984[0m[31;1m    153.16[0m[34;1m    761500[0m[34;1m   2009656[0m[34;1m      2260[0m
11:40:49   [34;1m    106988[0m[34;1m   1017756[0m[34;1m    835764[0m[34;1m     27.53[0m[34;1m     50688[0m[34;1m   1947064[0m[34;1m   4649984[0m[31;1m    153.16[0m[34;1m    761500[0m[34;1m   2010056[0m[34;1m      2412[0m
11:40:50   [34;1m    106988[0m[34;1m   1018100[0m[34;1m    835424[0m[34;1m     27.52[0m[34;1m     50692[0m[34;1m   1947412[0m[34;1m   4649984[0m[31;1m    153.16[0m[34;1m    761504[0m[34;1m   2009932[0m[34;1m      2752[0m
11:40:51   [34;1m    106988[0m[34;1m   1018376[0m[34;1m    835128[0m[34;1m     27.51[0m[34;1m     50692[0m[34;1m   1947704[0m[34;1m   4649984[0m[31;1m    153.16[0m[34;1m    761504[0m[34;1m   2009816[0m[34;1m      3044[0m
11:40:52   [34;1m    106512[0m[34;1m   1018216[0m[34;1m    835292[0m[34;1m     27.51[0m[34;1m     50692[0m[34;1m   1948032[0m[34;1m   4649984[0m[31;1m    153.16[0m[34;1m    761504[0m[34;1m   2010200[0m[34;1m      3372[0m
11:40:53   [34;1m    106512[0m[34;1m   1018436[0m[34;1m    835168[0m[34;1m     27.51[0m[34;1m     50692[0m[34;1m   1948156[0m[34;1m   4649984[0m[31;1m    153.16[0m[34;1m    761504[0m[34;1m   2010048[0m[34;1m      3496[0m
11:40:54   [34;1m    106288[0m[34;1m   1018548[0m[34;1m    834996[0m[34;1m     27.50[0m[34;1m     50692[0m[34;1m   1948544[0m[34;1m   4649984[0m[31;1m    153.16[0m[34;1m    761504[0m[34;1m   2010412[0m[34;1m      3888[0m
11:40:55   [34;1m    106036[0m[34;1m   1018468[0m[34;1m    835056[0m[34;1m     27.51[0m[34;1m     50700[0m[34;1m   1948728[0m[34;1m   4649984[0m[31;1m    153.16[0m[34;1m    761504[0m[34;1m   2010648[0m[34;1m      4080[0m
11:40:56   [34;1m    105812[0m[34;1m   1018652[0m[34;1m    834820[0m[34;1m     27.50[0m[34;1m     50700[0m[34;1m   1949136[0m[34;1m   4649984[0m[31;1m    153.16[0m[34;1m    761512[0m[34;1m   2011204[0m[34;1m      4480[0m
11:40:57   [34;1m    105812[0m[34;1m   1018880[0m[34;1m    834568[0m[34;1m     27.49[0m[34;1m     50708[0m[34;1m   1949404[0m[34;1m   4649984[0m[31;1m    153.16[0m[34;1m    761512[0m[34;1m   2011444[0m[34;1m      4756[0m
11:40:58   [34;1m    105308[0m[34;1m   1018828[0m[34;1m    834624[0m[34;1m     27.49[0m[34;1m     50708[0m[34;1m   1949852[0m[34;1m   4649984[0m[31;1m    153.16[0m[34;1m    761520[0m[34;1m   2011972[0m[34;1m      5080[0m
11:40:59   [34;1m    103544[0m[34;1m   1017352[0m[34;1m    836164[0m[34;1m     27.54[0m[34;1m     50708[0m[34;1m   1950076[0m[34;1m   4649984[0m[31;1m    153.16[0m[34;1m    761520[0m[34;1m   2012384[0m[34;1m      5304[0m
11:41:00   [34;1m    103320[0m[34;1m   1017392[0m[34;1m    836092[0m[34;1m     27.54[0m[34;1m     50708[0m[34;1m   1950376[0m[34;1m   4649984[0m[31;1m    153.16[0m[34;1m    761556[0m[34;1m   2012908[0m[34;1m      5568[0m
11:41:01   [34;1m    103320[0m[34;1m   1017580[0m[34;1m    835792[0m[34;1m     27.53[0m[34;1m     50708[0m[34;1m   1950668[0m[34;1m   4649984[0m[31;1m    153.16[0m[34;1m    761600[0m[34;1m   2012536[0m[34;1m      5860[0m
11:41:02   [34;1m    103096[0m[34;1m   1017800[0m[34;1m    835688[0m[34;1m     27.53[0m[34;1m     50724[0m[34;1m   1950980[0m[34;1m   4649984[0m[31;1m    153.16[0m[34;1m    761600[0m[34;1m   2012784[0m[34;1m      6188[0m
11:41:03   [34;1m    103096[0m[34;1m   1017956[0m[34;1m    835424[0m[34;1m     27.52[0m[34;1m     50724[0m[34;1m   1951244[0m[34;1m   4649984[0m[31;1m    153.16[0m[34;1m    761616[0m[34;1m   2013160[0m[34;1m      6432[0m
11:41:04   [34;1m    102112[0m[34;1m   1017348[0m[34;1m    836116[0m[34;1m     27.54[0m[34;1m     50724[0m[34;1m   1951512[0m[34;1m   4649984[0m[31;1m    153.16[0m[34;1m    761616[0m[34;1m   2013592[0m[34;1m      6700[0m
11:41:05   [34;1m    100108[0m[34;1m   1015632[0m[34;1m    837712[0m[34;1m     27.59[0m[34;1m     50724[0m[34;1m   1951824[0m[34;1m   4654592[0m[31;1m    153.31[0m[34;1m    761616[0m[34;1m   2015640[0m[34;1m      7012[0m
11:41:06   [34;1m     99388[0m[34;1m   1015244[0m[34;1m    838208[0m[34;1m     27.61[0m[34;1m     50724[0m[34;1m   1952108[0m[34;1m   4654592[0m[31;1m    153.31[0m[34;1m    761616[0m[34;1m   2016188[0m[34;1m        32[0m
11:41:07   [34;1m    116520[0m[34;1m   1019488[0m[34;1m    833932[0m[34;1m     27.47[0m[34;1m     50428[0m[34;1m   1939548[0m[34;1m   4654592[0m[31;1m    153.31[0m[34;1m    759204[0m[34;1m   2005736[0m[34;1m       276[0m
11:41:08   [34;1m    116268[0m[34;1m   1019620[0m[34;1m    833796[0m[34;1m     27.46[0m[34;1m     50428[0m[34;1m   1939940[0m[34;1m   4649984[0m[31;1m    153.16[0m[34;1m    759216[0m[34;1m   2004792[0m[34;1m       680[0m
11:41:09   [34;1m    113272[0m[34;1m   1016904[0m[34;1m    836560[0m[34;1m     27.55[0m[34;1m     50428[0m[34;1m   1940180[0m[34;1m   4649984[0m[31;1m    153.16[0m[34;1m    759224[0m[34;1m   2005116[0m[34;1m       924[0m
11:41:10   [34;1m    113020[0m[34;1m   1016872[0m[34;1m    836552[0m[34;1m     27.55[0m[34;1m     50428[0m[34;1m   1940448[0m[34;1m   4649984[0m[31;1m    153.16[0m[34;1m    759224[0m[34;1m   2004152[0m[34;1m      1192[0m
11:41:11   [34;1m    113020[0m[34;1m   1017188[0m[34;1m    836208[0m[34;1m     27.54[0m[34;1m     50428[0m[34;1m   1940800[0m[34;1m   4649984[0m[31;1m    153.16[0m[34;1m    759232[0m[34;1m   2004448[0m[34;1m      1544[0m
11:41:12   [34;1m    112796[0m[34;1m   1017304[0m[34;1m    836236[0m[34;1m     27.54[0m[34;1m     50436[0m[34;1m   1940988[0m[34;1m   4649984[0m[31;1m    153.16[0m[34;1m    759232[0m[34;1m   2004432[0m[34;1m      1740[0m
11:41:13   [34;1m    112796[0m[34;1m   1017532[0m[34;1m    835932[0m[34;1m     27.53[0m[34;1m     50436[0m[34;1m   1941296[0m[34;1m   4649984[0m[31;1m    153.16[0m[34;1m    759240[0m[34;1m   2004680[0m[34;1m      2044[0m
11:41:14   [34;1m    112796[0m[34;1m   1017836[0m[34;1m    835624[0m[34;1m     27.52[0m[34;1m     50444[0m[34;1m   1941564[0m[34;1m   4649984[0m[31;1m    153.16[0m[34;1m    759240[0m[34;1m   2004992[0m[34;1m      2324[0m
11:41:15   [34;1m    112572[0m[34;1m   1017896[0m[34;1m    835560[0m[34;1m     27.52[0m[34;1m     50444[0m[34;1m   1941852[0m[34;1m   4649984[0m[31;1m    153.16[0m[34;1m    759248[0m[34;1m   2005504[0m[34;1m      2600[0m
11:41:16   [34;1m    112572[0m[34;1m   1018168[0m[34;1m    835288[0m[34;1m     27.51[0m[34;1m     50444[0m[34;1m   1942132[0m[34;1m   4649984[0m[31;1m    153.16[0m[34;1m    759248[0m[34;1m   2005556[0m[34;1m      2880[0m
11:41:17   [34;1m    112572[0m[34;1m   1018404[0m[34;1m    835040[0m[34;1m     27.50[0m[34;1m     50444[0m[34;1m   1942384[0m[34;1m   4649984[0m[31;1m    153.16[0m[34;1m    759248[0m[34;1m   2005768[0m[34;1m      3132[0m
11:41:18   [34;1m    112572[0m[34;1m   1018748[0m[34;1m    834716[0m[34;1m     27.49[0m[34;1m     50452[0m[34;1m   1942700[0m[34;1m   4649984[0m[31;1m    153.16[0m[34;1m    759248[0m[34;1m   2006188[0m[34;1m      3452[0m
11:41:19   [34;1m    111816[0m[34;1m   1018268[0m[34;1m    835216[0m[34;1m     27.51[0m[34;1m     50452[0m[34;1m   1942960[0m[34;1m   4649984[0m[31;1m    153.16[0m[34;1m    759256[0m[34;1m   2006596[0m[34;1m      3704[0m
11:41:20   [34;1m    111564[0m[34;1m   1018264[0m[34;1m    835104[0m[34;1m     27.51[0m[34;1m     50452[0m[34;1m   1943332[0m[34;1m   4649984[0m[31;1m    153.16[0m[34;1m    759300[0m[34;1m   2006732[0m[34;1m      4032[0m
11:41:21   [34;1m    111312[0m[34;1m   1018308[0m[34;1m    835148[0m[34;1m     27.51[0m[34;1m     50452[0m[34;1m   1943540[0m[34;1m   4649984[0m[31;1m    153.16[0m[34;1m    759300[0m[34;1m   2007064[0m[34;1m      4240[0m
11:41:22   [34;1m    111312[0m[34;1m   1018568[0m[34;1m    834812[0m[34;1m     27.50[0m[34;1m     50452[0m[34;1m   1943876[0m[34;1m   4649984[0m[31;1m    153.16[0m[34;1m    759300[0m[34;1m   2007368[0m[34;1m      4576[0m
11:41:23   [34;1m    110836[0m[34;1m   1018388[0m[34;1m    834956[0m[34;1m     27.50[0m[34;1m     50460[0m[34;1m   1944196[0m[34;1m   4649984[0m[31;1m    153.16[0m[34;1m    759300[0m[34;1m   2007688[0m[34;1m      4804[0m
11:41:24   [34;1m    110080[0m[34;1m   1018088[0m[34;1m    835388[0m[34;1m     27.52[0m[34;1m     50460[0m[34;1m   1944520[0m[34;1m   4649984[0m[31;1m    153.16[0m[34;1m    759400[0m[34;1m   2008400[0m[34;1m      5128[0m
11:41:25   [34;1m    108600[0m[34;1m   1016848[0m[34;1m    836528[0m[34;1m     27.55[0m[34;1m     50460[0m[34;1m   1944760[0m[34;1m   4654592[0m[31;1m    153.31[0m[34;1m    759400[0m[34;1m   2010768[0m[34;1m      5368[0m
11:41:26   [34;1m    108600[0m[34;1m   1017100[0m[34;1m    836260[0m[34;1m     27.54[0m[34;1m     50468[0m[34;1m   1945092[0m[34;1m   4654592[0m[31;1m    153.31[0m[34;1m    759400[0m[34;1m   2010832[0m[34;1m      5708[0m
11:41:27   [34;1m    108124[0m[34;1m   1016920[0m[34;1m    836524[0m[34;1m     27.55[0m[34;1m     50468[0m[34;1m   1945316[0m[34;1m   4654592[0m[31;1m    153.31[0m[34;1m    759408[0m[34;1m   2011052[0m[34;1m      5920[0m
11:41:28   [34;1m    108124[0m[34;1m   1017216[0m[34;1m    836200[0m[34;1m     27.54[0m[34;1m     50468[0m[34;1m   1945640[0m[34;1m   4649984[0m[31;1m    153.16[0m[34;1m    759408[0m[34;1m   2009928[0m[34;1m      6244[0m
11:41:29   [34;1m    106892[0m[34;1m   1016164[0m[34;1m    837208[0m[34;1m     27.58[0m[34;1m     50468[0m[34;1m   1945872[0m[34;1m   4649984[0m[31;1m    153.16[0m[34;1m    759408[0m[34;1m   2010032[0m[34;1m      6468[0m
11:41:30   [34;1m    106892[0m[34;1m   1016572[0m[34;1m    836888[0m[34;1m     27.57[0m[34;1m     50476[0m[34;1m   1946188[0m[34;1m   4649984[0m[31;1m    153.16[0m[34;1m    759408[0m[34;1m   2010004[0m[34;1m      6788[0m
11:41:31   [34;1m    106668[0m[34;1m   1016508[0m[34;1m    836856[0m[34;1m     27.56[0m[34;1m     50476[0m[34;1m   1946448[0m[34;1m   4649984[0m[31;1m    153.16[0m[34;1m    759416[0m[34;1m   2010124[0m[34;1m      7020[0m
11:41:32   [34;1m    106416[0m[34;1m   1016668[0m[34;1m    836780[0m[34;1m     27.56[0m[34;1m     50476[0m[34;1m   1946772[0m[34;1m   4649984[0m[31;1m    153.16[0m[34;1m    759416[0m[34;1m   2010472[0m[34;1m      7344[0m
11:41:33   [34;1m    106192[0m[34;1m   1016592[0m[34;1m    836756[0m[34;1m     27.56[0m[34;1m     50476[0m[34;1m   1947020[0m[34;1m   4649984[0m[31;1m    153.16[0m[34;1m    759416[0m[34;1m   2010756[0m[34;1m      7592[0m
11:41:34   [34;1m    105436[0m[34;1m   1016228[0m[34;1m    837260[0m[34;1m     27.58[0m[34;1m     50476[0m[34;1m   1947288[0m[34;1m   4649984[0m[31;1m    153.16[0m[34;1m    759420[0m[34;1m   2011104[0m[34;1m      7860[0m
11:41:35   [34;1m    105436[0m[34;1m   1016468[0m[34;1m    836988[0m[34;1m     27.57[0m[34;1m     50484[0m[34;1m   1947552[0m[34;1m   4649984[0m[31;1m    153.16[0m[34;1m    759420[0m[34;1m   2011372[0m[34;1m      8132[0m
11:41:36   [34;1m    105436[0m[34;1m   1016788[0m[34;1m    836660[0m[34;1m     27.56[0m[34;1m     50484[0m[34;1m   1947864[0m[34;1m   4649984[0m[31;1m    153.16[0m[34;1m    759428[0m[34;1m   2012180[0m[34;1m      8436[0m
11:41:37   [34;1m    105436[0m[34;1m   1017024[0m[34;1m    836396[0m[34;1m     27.55[0m[34;1m     50496[0m[34;1m   1948112[0m[34;1m   4649984[0m[31;1m    153.16[0m[34;1m    759428[0m[34;1m   2012436[0m[34;1m       196[0m
11:41:38   [34;1m    104960[0m[34;1m   1016864[0m[34;1m    836588[0m[34;1m     27.56[0m[34;1m     50496[0m[34;1m   1948396[0m[34;1m   4649984[0m[31;1m    153.16[0m[34;1m    759440[0m[34;1m   2012796[0m[34;1m       452[0m
11:41:39   [34;1m    104204[0m[34;1m   1016304[0m[34;1m    837140[0m[34;1m     27.57[0m[34;1m     50496[0m[34;1m   1948596[0m[34;1m   4649984[0m[31;1m    153.16[0m[34;1m    759440[0m[34;1m   2012996[0m[34;1m       652[0m
11:41:40   [34;1m    103728[0m[34;1m   1016284[0m[34;1m    837152[0m[34;1m     27.57[0m[34;1m     50504[0m[34;1m   1949056[0m[34;1m   4649984[0m[31;1m    153.16[0m[34;1m    759440[0m[34;1m   2012196[0m[34;1m      1116[0m
11:41:41   [34;1m    103728[0m[34;1m   1016432[0m[34;1m    837032[0m[34;1m     27.57[0m[34;1m     50504[0m[34;1m   1949176[0m[34;1m   4649984[0m[31;1m    153.16[0m[34;1m    759440[0m[34;1m   2012704[0m[34;1m      1228[0m
11:41:42   [34;1m    103480[0m[34;1m   1016540[0m[34;1m    836896[0m[34;1m     27.57[0m[34;1m     50504[0m[34;1m   1949568[0m[34;1m   4649984[0m[31;1m    153.16[0m[34;1m    759448[0m[34;1m   2012696[0m[34;1m      1520[0m
11:41:43   [34;1m    103256[0m[34;1m   1016604[0m[34;1m    836840[0m[34;1m     27.56[0m[34;1m     50504[0m[34;1m   1949840[0m[34;1m   4649984[0m[31;1m    153.16[0m[34;1m    759448[0m[34;1m   2012904[0m[34;1m      1792[0m
11:41:44   [34;1m    102500[0m[34;1m   1016240[0m[34;1m    837224[0m[34;1m     27.58[0m[34;1m     50504[0m[34;1m   1950204[0m[34;1m   4649984[0m[31;1m    153.16[0m[34;1m    759452[0m[34;1m   2013288[0m[34;1m      2156[0m
11:41:45   [34;1m    101784[0m[34;1m   1015740[0m[34;1m    837772[0m[34;1m     27.59[0m[34;1m     50512[0m[34;1m   1950416[0m[34;1m   4654592[0m[31;1m    153.31[0m[34;1m    759484[0m[34;1m   2015124[0m[34;1m      2376[0m
11:41:46   [34;1m    101532[0m[34;1m   1015780[0m[34;1m    837700[0m[34;1m     27.59[0m[34;1m     50512[0m[34;1m   1950700[0m[34;1m   4654592[0m[31;1m    153.31[0m[34;1m    759488[0m[34;1m   2015796[0m[34;1m      2688[0m
11:41:47   [34;1m    101280[0m[34;1m   1015768[0m[34;1m    837684[0m[34;1m     27.59[0m[34;1m     50512[0m[34;1m   1950972[0m[34;1m   4654592[0m[31;1m    153.31[0m[34;1m    759492[0m[34;1m   2016084[0m[34;1m      2952[0m
11:41:48   [34;1m    100804[0m[34;1m   1015492[0m[34;1m    837984[0m[34;1m     27.60[0m[34;1m     50512[0m[34;1m   1951148[0m[34;1m   4649984[0m[31;1m    153.16[0m[34;1m    759492[0m[34;1m   2015024[0m[34;1m      3128[0m
11:41:49   [34;1m    100076[0m[34;1m   1015168[0m[34;1m    838208[0m[34;1m     27.61[0m[34;1m     50512[0m[34;1m   1951636[0m[34;1m   4649984[0m[31;1m    153.16[0m[34;1m    759492[0m[34;1m   2015932[0m[34;1m      3528[0m
11:41:50   [34;1m     99756[0m[34;1m   1015152[0m[34;1m    838324[0m[34;1m     27.61[0m[34;1m     50512[0m[34;1m   1951864[0m[34;1m   4649984[0m[31;1m    153.16[0m[34;1m    759552[0m[34;1m   2015872[0m[34;1m      3796[0m
11:41:51   [34;1m    111488[0m[34;1m   1024020[0m[34;1m    829376[0m[34;1m     27.32[0m[34;1m     50448[0m[34;1m   1949144[0m[34;1m   4649984[0m[31;1m    153.16[0m[34;1m    758916[0m[34;1m   2012884[0m[34;1m      4092[0m
11:41:52   [34;1m    110988[0m[34;1m   1023820[0m[34;1m    829664[0m[34;1m     27.33[0m[34;1m     50452[0m[34;1m   1949356[0m[34;1m   4649984[0m[31;1m    153.16[0m[34;1m    758960[0m[34;1m   2013056[0m[34;1m      4364[0m
11:41:53   [34;1m    110512[0m[34;1m   1023536[0m[34;1m    829960[0m[34;1m     27.34[0m[34;1m     50452[0m[34;1m   1949536[0m[34;1m   4649984[0m[31;1m    153.16[0m[34;1m    758964[0m[34;1m   2013460[0m[34;1m      4544[0m
11:41:54   [34;1m    109280[0m[34;1m   1022744[0m[34;1m    830764[0m[34;1m     27.36[0m[34;1m     50456[0m[34;1m   1949960[0m[34;1m   4649984[0m[31;1m    153.16[0m[34;1m    758964[0m[34;1m   2014028[0m[34;1m      4972[0m
11:41:55   [34;1m    108804[0m[34;1m   1022524[0m[34;1m    830880[0m[34;1m     27.37[0m[34;1m     50472[0m[34;1m   1950304[0m[34;1m   4649984[0m[31;1m    153.16[0m[34;1m    759060[0m[34;1m   2014208[0m[34;1m      5216[0m
11:41:56   [34;1m    108552[0m[34;1m   1022776[0m[34;1m    830732[0m[34;1m     27.36[0m[34;1m     50472[0m[34;1m   1950704[0m[34;1m   4649984[0m[31;1m    153.16[0m[34;1m    759128[0m[34;1m   2015072[0m[34;1m      5552[0m
11:41:57   [34;1m    107320[0m[34;1m   1021788[0m[34;1m    831692[0m[34;1m     27.39[0m[34;1m     50472[0m[34;1m   1950956[0m[34;1m   4649984[0m[31;1m    153.16[0m[34;1m    759128[0m[34;1m   2015920[0m[34;1m      5804[0m
11:41:58   [34;1m    107068[0m[34;1m   1021800[0m[34;1m    831768[0m[34;1m     27.40[0m[34;1m     50472[0m[34;1m   1951132[0m[34;1m   4649984[0m[31;1m    153.16[0m[34;1m    759128[0m[34;1m   2015888[0m[34;1m      6080[0m
11:41:59   [34;1m    105404[0m[34;1m   1019952[0m[34;1m    836456[0m[34;1m     27.55[0m[34;1m     50480[0m[34;1m   1951448[0m[34;1m   4658176[0m[31;1m    153.43[0m[34;1m    759196[0m[34;1m   2016080[0m[34;1m      6232[0m
11:42:00   [34;1m    105404[0m[34;1m   1019940[0m[34;1m    836484[0m[34;1m     27.55[0m[34;1m     50480[0m[34;1m   1951504[0m[34;1m   4658176[0m[31;1m    153.43[0m[34;1m    759196[0m[34;1m   2015984[0m[34;1m      6280[0m
