procs -----------memory---------- ---swap-- -----io---- -system-- -------cpu-------
 r  b   swpd   free   buff  cache   si   so    bi    bo   in   cs us sy id wa st gu
 0  0      0 100064  56584 2537872   0    0    31   369 5871   38  8 22 70  0  0  0
 0  0      0  99840  56584 2537880   0    0     0     0 1814 1728  1  1 98  0  0  0
 0  0      0 120756  56564 2516920   0    0    84    44 2012 2155  1  1 97  1  0  0
 0  0      0 116980  56564 2517212   0    0   208     0 1923 1949  1  2 97  1  0  0
 0  0      0 116280  56640 2517144   0    0    44   756 2347 2686  2  2 97  0  0  0
 0  0      0 115552  56640 2517164   0    0     0     0 2449 2394  1  2 97  0  0  0
 0  0      0 115300  56640 2517164   0    0     0     0 2330 2195  2  2 97  0  0  0
 0  0      0 115048  56640 2517164   0    0     0     0 2564 2817  1  3 96  0  0  0
 0  0      0 114292  56640 2517168   0    0     0     0 2591 2992  1  2 97  0  0  0
 0  0      0 114040  56640 2517168   0    0     0     0 3016 3502  1  4 95  0  0  0
 0  0      0 112780  56652 2517168   0    0     0   184 2893 3401  1  3 97  0  0  0
 0  0      0 111772  56652 2517172   0    0     0     0 3421 4594  1  4 95  0  0  0
 0  0      0 111268  56652 2517172   0    0     0     0 3547 5026  2  3 95  0  0  0
 0  0      0 111016  56652 2517176   0    0     0     0 3216 4013  2  4 95  0  0  0
 0  0      0 110764  56652 2517176   0    0     0   248 3066 3293  1  3 96  0  0  0
 0  0      0 107488  56660 2517196   0    0     0    20 3320 4186  2  4 94  0  0  0
 0  0      0 107488  56660 2517196   0    0     0     0 3610 5005  2  4 95  0  0  0
 1  0      0 107488  56660 2517200   0    0     0     0 3985 6055  2  4 94  0  0  0
 0  0      0 107488  56660 2517200   0    0     0     0 3034 3266  1  3 96  0  0  0
 0  0      0 107488  56660 2517204   0    0     0     0 3709 4654  2  5 93  0  0  0
 0  0      0 106984  56660 2517208   0    0     0    16 3755 4797  2  4 94  1  0  0
procs -----------memory---------- ---swap-- -----io---- -system-- -------cpu-------
 r  b   swpd   free   buff  cache   si   so    bi    bo   in   cs us sy id wa st gu
 1  0      0 106984  56660 2517212   0    0     0     0 3840 5154  3  4 93  0  0  0
 0  0      0 106984  56660 2517212   0    0     0     0 3870 4794  1  5 94  0  0  0
 0  0      0 104464  56660 2517216   0    0     0     0 3959 5443  2  4 94  0  0  0
 0  0      0 104464  56660 2517216   0    0     0     0 3973 5035  2  5 93  0  0  0
 0  0      0 103456  56664 2517220   0    0     0    64 4179 5597  2  6 93  0  0  0
 0  0      0 103456  56664 2517220   0    0     0     0 4584 6630  2  7 91  0  0  0
 1  0      0 103204  56664 2517228   0    0     0     0 5086 7980  3  7 90  0  0  0
 0  0      0 103204  56664 2517228   0    0     0     0 4500 6471  2  6 93  0  0  0
 1  0      0 103204  56664 2517236   0    0     0     0 4979 7192  2  7 91  0  0  0
 0  0      0 103204  56672 2517240   0    0     0    12 4409 6030  2  5 93  0  0  0
 0  0      0 103204  56672 2517240   0    0     0     0 4612 6420  2  6 93  0  0  0
 0  0      0 103204  56672 2517244   0    0     0     0 4794 7159  2  6 92  0  0  0
 0  0      0 102952  56672 2517252   0    0     0     0 5077 7478  2  6 92  0  0  0
 0  0      0 102700  56672 2517252   0    0     0     0 4513 6259  2  5 93  0  0  0
 0  0      0 100936  56676 2517260   0    0     0    16 5133 7729  3  7 90  0  0  0
 0  0      0 100936  56676 2517260   0    0     0     0 5217 8268  3  6 91  0  0  0
 0  0      0 100936  56676 2517264   0    0     0     0 5552 8898  3  7 90  0  0  0
 0  0      0 100684  56676 2517272   0    0     0     0 5939 9039  2  6 92  0  0  0
 0  0      0 100684  56676 2517276   0    0     0     0 5624 8214  2  6 92  0  0  0
 0  0      0  99928  56680 2517284   0    0     0    12 4766 6578  2  6 92  0  0  0
 0  0      0  99928  56680 2517284   0    0     0     0 5359 7648  2  7 91  0  0  0
procs -----------memory---------- ---swap-- -----io---- -system-- -------cpu-------
 r  b   swpd   free   buff  cache   si   so    bi    bo   in   cs us sy id wa st gu
 2  0      0 112024  56656 2507316   0    0     0     0 5429 7973  3  8 89  0  0  0
 1  0      0 111864  56656 2507236   0    0     0     0 5557 8076  3  8 89  0  0  0
 0  0      0 111388  56656 2507244   0    0     0     0 5215 7248  2  7 91  0  0  0
 0  0      0 108868  56664 2507252   0    0     0    16 5179 7392  3  8 90  0  0  0
 0  0      0 108868  56664 2507252   0    0     0     0 5692 8515  3  7 90  0  0  0
 0  0      0 108616  56684 2507252   0    0    20     0 5602 8520  4  9 88  0  0  0
 0  0      0 108616  56684 2507264   0    0     0     0 5868 9054  2  8 90  0  0  0
 0  0      0 108616  56684 2507268   0    0     0     0 5022 6925  3  6 91  0  0  0
 0  0      0 106852  56684 2507272   0    0     0     0 5196 7548  2  7 92  0  0  0
 0  0      0 106600  56692 2507276   0    0     0    12 5316 7619  2  8 90  0  0  0
 0  0      0 106600  56692 2507280   0    0     0     0 5146 7374  2  5 94  0  0  0
 0  0      0 106600  56692 2507288   0    0     0     0 5018 7190  2  5 93  0  0  0
 0  0      0 106600  56692 2507288   0    0     0     0 5361 7790  2  6 92  0  0  0
 0  0      0 100804  56692 2507296   0    0     0   148 5735 8696  3  7 90  0  0  0
 0  0      0 100804  56696 2507296   0    0     0    36 5457 8205  2  6 92  0  0  0
 0  0      0 100804  56696 2507300   0    0     0     0 5945 8999  4  8 89  0  0  0
 0  0      0 100804  56696 2507304   0    0     0     0 5539 8618  2  6 92  0  0  0
 2  0      0 100804  56696 2507312   0    0     0     0 4918 7233  3  6 92  0  0  0
 1  0      0 100804  56696 2507312   0    0     0     0 5359 8094  2  6 92  0  0  0
 0  0      0 100804  56700 2507320   0    0     0    12 5473 8465  3  7 90  0  0  0
 0  0      0 100804  56700 2507324   0    0     0     0 4587 6855  2  5 93  0  0  0
procs -----------memory---------- ---swap-- -----io---- -system-- -------cpu-------
 r  b   swpd   free   buff  cache   si   so    bi    bo   in   cs us sy id wa st gu
 1  0      0 113548  56700 2502508   0    0     0     0 5427 8367  2  7 91  0  0  0
 0  0      0 113072  56700 2502512   0    0     0     0 5195 7686  2  6 92  0  0  0
 4  0      0 110808  56700 2502516   0    0     0     0 5068 7514  3  6 92  0  0  0
 0  0      0 110808  56704 2502516   0    0     0    20 5213 7997  2  5 93  0  0  0
 0  0      0 110808  56704 2502524   0    0     0     0 5501 8395  4  6 90  0  0  0
 0  0      0 110808  56704 2502524   0    0     0     0 4766 6972  3  6 91  0  0  0
 0  0      0 110808  56704 2502532   0    0     0     0 5228 7596  2  8 90  0  0  0
 0  0      0 109548  56704 2502532   0    0     0     0 5404 7614  2  6 92  0  0  0
 0  0      0 109548  56712 2502536   0    0     0   124 4616 6405  2  6 92  0  0  0
 0  0      0 109548  56712 2502540   0    0     0     0 5716 8582  4  7 89  0  0  0
 0  0      0 109548  56712 2502548   0    0     0     0 5002 7700  3  6 91  0  0  0
 0  0      0 109548  56712 2502548   0    0     0     0 5125 7400  2  5 93  0  0  0
 0  0      0 107532  56712 2502556   0    0     0     0 5534 8002  3  7 89  1  0  0
 0  0      0 107532  56716 2502556   0    0     0    16 5558 8824  3  7 90  0  0  0
 1  0      0 107280  56716 2502568   0    0     0     0 6069 9692  3  8 89  0  0  0
 1  0      0 107280  56716 2502568   0    0     0     0 5482 7914  2  7 91  0  0  0
 0  0      0 107280  56716 2502576   0    0     0     0 5458 7863  3  6 91  0  0  0
 0  0      0 107280  56716 2502580   0    0     0     0 5459 7874  2  7 91  0  0  0
 0  0      0 107280  56716 2502584   0    0     0    92 5257 7596  2  5 93  0  0  0
 1  0      0 107280  56716 2502588   0    0     0     0 4728 6570  2  6 92  0  0  0
 0  0      0 105768  56716 2502592   0    0     0     0 6017 8856  2  7 91  0  0  0
procs -----------memory---------- ---swap-- -----io---- -system-- -------cpu-------
 r  b   swpd   free   buff  cache   si   so    bi    bo   in   cs us sy id wa st gu
 1  0      0 105768  56716 2502596   0    0     0     0 5229 7401  2  7 91  0  0  0
 1  0      0 104004  56716 2502600   0    0     0     0 5496 8053  3  7 90  0  0  0
 0  0      0 104004  56716 2502604   0    0     0    16 5048 7102  3  7 91  0  0  0
 1  0      0 103752  56716 2502608   0    0     0     0 5852 8886  3  8 89  0  0  0
 0  0      0 103752  56716 2502608   0    0     0     0 4609 6234  2  6 93  0  0  0
 0  0      0 103500  56716 2502616   0    0     0     0 5059 7366  2  6 92  0  0  0
 0  0      0 102744  56716 2502616   0    0     0     0 4952 6570  3  6 91  0  0  0
 0  0      0 102744  56716 2502624   0    0     0    52 6145 9252  3  8 89  0  0  0
 0  0      0 102744  56720 2502628   0    0     0    32 5609 8105  2  7 91  0  0  0
 5  0      0 102744  56720 2502632   0    0     0     0 5153 6864  2  6 92  0  0  0
 0  0      0 102744  56720 2502636   0    0     0     0 5491 7598  3  7 90  0  0  0
 2  0      0 102492  56720 2502640   0    0     0     0 5935 8867  3  7 90  0  0  0
 1  0      0 102492  56720 2502644   0    0     0     0 5101 7300  3  6 92  0  0  0
 0  0      0 102492  56720 2502652   0    0     0    16 5954 8931  4  9 87  0  0  0
 0  0      0 102492  56720 2502652   0    0     0     0 4948 6922  2  7 92  0  0  0
 0  0      0 102492  56720 2502660   0    0     0     0 5474 7631  2  8 90  0  0  0
 3  0      0 101988  56720 2502660   0    0     0     0 5657 7940  3  7 91  0  0  0
 1  0      0 101988  56720 2502668   0    0     0    56 5818 8280  3  8 89  0  0  0
 3  0      0 101736  56732 2502656   0    0     0    32 5886 8908  5  6 89  0  0  0
 2  0      0 101736  56732 2502680   0    0     0     0 5874 8879  4  7 88  0  0  0
 0  0      0 101736  56732 2502680   0    0     0     0 5226 7271  2  6 92  0  0  0
procs -----------memory---------- ---swap-- -----io---- -system-- -------cpu-------
 r  b   swpd   free   buff  cache   si   so    bi    bo   in   cs us sy id wa st gu
 1  0      0 100476  56732 2502692   0    0     0     0 5180 7602  2  6 92  0  0  0
 1  0      0 100224  56732 2502696   0    0     0     0 5023 7388  3  6 91  0  0  0
 0  0      0  99720  56740 2502700   0    0     0    16 5553 8323  3  7 89  0  0  0
 0  0      0  99720  56740 2502700   0    0     0     0 5340 7430  2  6 92  0  0  0
 0  0      0  99720  56740 2502704   0    0     0     0 5293 7511  2  7 91  0  0  0
 0  0      0 110588  56740 2498008   0    0     0     0 5856 8778  3  7 90  0  0  0
 0  0      0 110588  56740 2497948   0    0     0     0 4733 6539  2  6 92  0  0  0
 2  0      0 110588  56744 2497948   0    0     0    12 5104 7222  2  6 92  0  0  0
 0  0      0 110588  56744 2497960   0    0     0     0 5844 8860  4  8 89  0  0  0
 0  0      0 110588  56744 2497960   0    0     0     0 4531 6178  2  6 93  0  0  0
 0  0      0 109580  56744 2497964   0    0     0     0 5242 7631  3  7 90  0  0  0
 0  0      0 109580  56744 2497972   0    0     0     0 5486 8640  3  6 91  0  0  0
 1  0      0 109328  56756 2497976   0    0     0   132 5840 8501  3  7 91  0  0  0
 0  0      0 109328  56756 2497980   0    0     0     0 5520 7886  3  9 89  0  0  0
 0  0      0 109328  56756 2497984   0    0     0     0 5178 7735  2  6 92  0  0  0
 0  0      0 109328  56756 2497988   0    0     0     0 5636 8381  3  8 89  0  0  0
 0  0      0 109328  56756 2497996   0    0     0     0 4495 6400  3  5 92  0  0  0
 1  0      0 109328  56764 2497988   0    0     0    12 5270 7709  2  7 91  0  0  0
 0  0      0 108584  56764 2498004   0    0     0     0 5836 8514  3  6 91  0  0  0
 0  0      0 108584  56764 2498004   0    0     0     0 5244 7537  3  6 91  0  0  0
 3  0      0 107072  56764 2498012   0    0     0     0 5069 7281  2  6 92  0  0  0
procs -----------memory---------- ---swap-- -----io---- -system-- -------cpu-------
 r  b   swpd   free   buff  cache   si   so    bi    bo   in   cs us sy id wa st gu
 1  0      0 106820  56764 2498016   0    0     0     0 5581 8372  3  8 89  0  0  0
15  0      0 106568  56764 2498016   0    0     0    16 5282 7246  2  7 91  0  0  0
 0  0      0 106568  56764 2498020   0    0     0     0 5339 7780  3  7 91  0  0  0
 0  0      0 106568  56764 2498024   0    0     0     0 5414 7196  2  7 91  0  0  0
 0  0      0 106568  56764 2498032   0    0     0     0 5516 8018  3  8 90  0  0  0
 2  0      0 106568  56764 2498036   0    0     0     0 4714 6403  3  6 92  0  0  0
 0  0      0 106568  56776 2498040   0    0     0   120 5316 7480  2  5 94  0  0  0
 0  0      0 106568  56776 2498040   0    0     0     0 4602 6211  2  5 93  0  0  0
 0  0      0 106568  56776 2498048   0    0     0     0 4888 6493  2  5 93  0  0  0
 0  0      0 105812  56776 2498048   0    0     0     0 5940 9033  4  7 89  0  0  0
 0  0      0 105812  56776 2498056   0    0     0     0 5327 7614  2  6 92  0  0  0
 0  0      0 105812  56784 2498048   0    0     0    16 5693 8229  3  6 91  0  0  0
 0  0      0 105320  56784 2498084   0    0    20     0 6041 9329  3  9 88  1  0  0
 0  0      0 105320  56784 2498088   0    0     0     0 5923 8383  2  7 91  0  0  0
 0  0      0 105320  56784 2498092   0    0     0     0 4378 6734  2  5 93  0  0  0
 0  0      0 105320  56784 2498096   0    0     0     0 5287 7278  3  7 91  0  0  0
 0  0      0 105320  56784 2498100   0    0     0     0 4969 6635  2  6 93  0  0  0
 0  0      0 105320  56788 2498100   0    0     0    12 5502 7934  3  7 91  0  0  0
 0  0      0 105320  56788 2498104   0    0     0     0 5857 8490  3  8 89  0  0  0
 0  0      0 105320  56788 2498108   0    0     0     0 5927 8354  3  9 89  0  0  0
 0  0      0 105320  56788 2498116   0    0     0     0 5264 7528  3  6 91  0  0  0
procs -----------memory---------- ---swap-- -----io---- -system-- -------cpu-------
 r  b   swpd   free   buff  cache   si   so    bi    bo   in   cs us sy id wa st gu
 1  0      0 105320  56788 2498120   0    0     0     0 5511 7681  3  7 90  0  0  0
 0  0      0 105320  56792 2498124   0    0     0   104 5623 8284  4  8 88  0  0  0
 0  0      0 105320  56792 2498128   0    0     0     0 5239 7471  3  6 91  0  0  0
 0  0      0 105320  56792 2498132   0    0     0     0 5395 7712  2  7 91  0  0  0
 0  0      0 105320  56792 2498136   0    0     0     0 5487 7932  3  7 91  0  0  0
 0  0      0 105320  56792 2498140   0    0     0     0 6010 9344  3  9 88  0  0  0
 6  0      0 105320  56796 2498148   0    0     0    12 6087 8814  3  7 89  0  0  0
 2  0      0 105320  56796 2498148   0    0     0     0 5109 7418  3  5 92  0  0  0
 3  0      0 105068  56796 2498252   0    0    96     0 5970 8622  3  9 88  1  0  0
 0  0      0 105068  56796 2498256   0    0     0     0 5143 7450  3  6 92  0  0  0
 3  0      0 105068  56796 2498260   0    0     0     0 5040 7554  3  6 91  0  0  0
 0  0      0 105068  56800 2498336   0    0    68    16 5786 8942  3  8 89  0  0  0
 0  0      0 105068  56800 2498336   0    0     0     0 5121 6962  2  6 92  0  0  0
 3  0      0 105068  56800 2498340   0    0     0     0 5695 8243  3  7 90  0  0  0
 0  0      0 105068  56800 2498340   0    0     0     0 4319 5623  2  6 93  0  0  0
 0  0      0 105068  56800 2498344   0    0     0     0 5305 7338  3  7 90  0  0  0
 0  0      0 105068  56808 2498340   0    0     0   108 5417 7870  4  6 90  0  0  0
 0  0      0 105068  56808 2498356   0    0     0     0 5426 7802  2  7 91  0  0  0
 0  0      0 104816  56808 2498360   0    0     0     0 5634 7835  3  8 89  0  0  0
 0  0      0 104816  56808 2498364   0    0     0     0 5674 8421  3  7 90  0  0  0
 0  0      0 104816  56808 2498368   0    0     0     0 5543 8019  3  8 90  0  0  0
procs -----------memory---------- ---swap-- -----io---- -system-- -------cpu-------
 r  b   swpd   free   buff  cache   si   so    bi    bo   in   cs us sy id wa st gu
 2  0      0 104816  56808 2498372   0    0     0    28 5441 8064  3  7 90  0  0  0
 0  0      0 104816  56808 2498380   0    0     0     0 5682 8158  3  7 90  0  0  0
 0  0      0 103556  56808 2498380   0    0     0     0 5303 7584  2  7 91  0  0  0
 0  0      0 103556  56808 2498388   0    0     0     0 5179 7624  3  7 90  0  0  0
 0  0      0 103556  56808 2498388   0    0     0     0 4603 6139  2  8 91  0  0  0
 0  0      0 103304  56816 2498396   0    0     0    12 5869 8331  2  8 90  0  0  0
 5  0      0 103304  56816 2498396   0    0     0     0 5450 7698  2  7 91  0  0  0
 2  0      0 101288  56816 2498404   0    0     0     0 5177 7919  3  7 90  0  0  0
 0  0      0 101036  56816 2498408   0    0     0     0 5524 7950  3  8 90  0  0  0
 0  0      0 101036  56816 2498412   0    0     0     0 5349 7457  3  6 92  0  0  0
 0  0      0 100784  56820 2498416   0    0     0   100 6179 8869  3  9 88  0  0  0
 4  0      0 100784  56820 2498424   0    0     0     0 4496 6410  2  6 92  0  0  0
 0  0      0 100280  56820 2498424   0    0     0     0 5493 8341  3  4 93  0  0  0
 0  0      0 100280  56820 2498432   0    0     0     0 6025 8854  2  7 91  0  0  0
 0  0      0 100280  56820 2498432   0    0     0     0 4450 6065  2  5 93  0  0  0
 0  0      0 100280  56824 2498440   0    0     0    48 5551 7786  4  7 90  0  0  0
 2  0      0 100280  56824 2498440   0    0     0     0 5799 8537  3  7 90  0  0  0
 1  0      0 100280  56824 2498448   0    0     0     0 5166 7483  3  6 91  0  0  0
 0  0      0 100280  56824 2498452   0    0     0     0 5638 8240  3  7 91  0  0  0
 3  0      0 100280  56824 2498460   0    0     0     0 5659 8322  2  5 93  0  0  0
 2  0      0 100280  56828 2498456   0    0     0    16 5702 9093  4  8 88  0  0  0
procs -----------memory---------- ---swap-- -----io---- -system-- -------cpu-------
 r  b   swpd   free   buff  cache   si   so    bi    bo   in   cs us sy id wa st gu
 6  0      0 100280  56828 2498468   0    0     0     0 5479 8017  3  8 90  0  0  0
 0  0      0 100280  56828 2498468   0    0     0     0 5437 8239  2  6 92  0  0  0
 1  0      0 100280  56828 2498480   0    0     0     0 5183 7257  3  6 91  0  0  0
 0  0      0 100280  56828 2498480   0    0     0     0 5826 8519  3  7 90  0  0  0
 0  0      0 100280  56828 2498484   0    0     0    12 5564 8160  3  7 90  0  0  0
 0  0      0 100280  56828 2498492   0    0     0     0 5080 6935  2  8 91  0  0  0
 0  0      0 100280  56828 2498496   0    0     0     0 5651 8070  4  8 88  0  0  0
 0  0      0 100280  56828 2498500   0    0     0     0 5666 8410  3  8 90  0  0  0
 2  0      0 100280  56828 2498508   0    0     0     0 5177 7558  3  6 92  0  0  0
 0  0      0 100280  56832 2498504   0    0     0    16 4986 7358  3  6 91  0  0  0
 0  0      0 100280  56832 2498512   0    0     0     0 5081 7341  2  7 91  0  0  0
 0  0      0 100280  56832 2498516   0    0     0     0 5469 8156  3  8 89  0  0  0
 0  0      0 100280  56832 2498520   0    0     0     0 4671 6402  2  6 93  0  0  0
 0  0      0 100280  56832 2498524   0    0     0     0 5845 8607  3  7 90  0  0  0
 0  0      0 100280  56832 2498528   0    0     0     0 4782 7198  3  5 93  0  0  0
 0  0      0 100280  56840 2498532   0    0     0    12 5372 7628  2  7 92  0  0  0
 0  0      0 100280  56840 2498540   0    0     0     0 5615 8444  3  6 91  0  0  0
 0  0      0 100280  56840 2498540   0    0     0     0 5179 7484  2  6 92  0  0  0
 0  0      0 100280  56840 2498548   0    0     0     0 5775 8831  3  6 91  0  0  0
 0  0      0 100280  56840 2498548   0    0     0     0 5937 9343  3  8 88  0  0  0
 0  0      0 100280  56848 2498556   0    0     0   152 5740 8227  2  8 90  0  0  0
procs -----------memory---------- ---swap-- -----io---- -system-- -------cpu-------
 r  b   swpd   free   buff  cache   si   so    bi    bo   in   cs us sy id wa st gu
 1  0      0 100280  56848 2498556   0    0     0     0 5147 7135  3  7 91  0  0  0
 0  0      0 100280  56848 2498560   0    0     0     0 4880 6951  2  6 92  0  0  0
 1  0      0 100280  56848 2498564   0    0     0     0 6021 8795  3  7 90  0  0  0
 0  0      0 100280  56848 2498572   0    0     0     0 5539 7881  2  8 90  0  0  0
 0  0      0 100280  56856 2498564   0    0     0    64 4966 7005  2  7 91  0  0  0
 1  0      0 100280  56856 2498576   0    0     0     0 5520 7922  3  8 89  0  0  0
 0  0      0 100280  56856 2498580   0    0     0     0 6091 9430  4  8 88  0  0  0
 0  0      0 100280  56856 2498588   0    0     0     0 5414 7601  2  7 91  0  0  0
 0  0      0 100280  56856 2498588   0    0     0     0 5162 7933  3  6 91  0  0  0
 1  0      0 100280  56860 2498596   0    0     0    20 5370 7796  3  9 89  0  0  0
 0  0      0 100028  56860 2498596   0    0     0     0 4603 6202  1  7 92  0  0  0
 0  0      0 100028  56860 2498604   0    0     0     0 5622 8022  2  8 90  0  0  0
 0  0      0 100028  56860 2498608   0    0     0     0 6604 9689  5  8 87  0  0  0
 0  0      0 100028  56860 2498616   0    0     0     0 5765 8119  4  8 88  0  0  0
 1  0      0 100028  56868 2498608   0    0     0    12 5061 6835  2  7 92  0  0  0
 0  0      0 100028  56868 2498624   0    0     0     0 5231 7386  2  7 91  0  0  0
 0  0      0 100028  56868 2498624   0    0     0     0 5254 7800  3  6 92  0  0  0
 0  0      0 100028  56868 2498632   0    0     0     0 5501 8109  2  7 91  0  0  0
 4  0      0 100028  56868 2498632   0    0     0     0 5605 8713  3  6 92  0  0  0
 0  0      0 100028  56872 2498640   0    0     0    16 5407 7658  2  6 93  0  0  0
 0  0      0 100028  56872 2498644   0    0     0     0 5965 8873  2  7 90  0  0  0
procs -----------memory---------- ---swap-- -----io---- -system-- -------cpu-------
 r  b   swpd   free   buff  cache   si   so    bi    bo   in   cs us sy id wa st gu
 1  0      0 100028  56872 2498648   0    0     0     0 4400 5813  2  5 94  0  0  0
 0  0      0 100028  56872 2498652   0    0     0     0 4758 6439  3  6 91  0  0  0
 0  0      0 100028  56872 2498652   0    0     0     0 5021 6627  2  7 92  0  0  0
 0  0      0  99780  56872 2498656   0    0     0    12 5321 7719  2  6 92  0  0  0
 0  0      0  99528  56872 2498660   0    0     0     0 5495 8090  3  7 90  0  0  0
 0  0      0  99528  56872 2498668   0    0     0     0 6135 9390  3  8 89  0  0  0
 0  0      0  99528  56872 2498676   0    0     0     0 5406 7891  3  6 91  0  0  0
 0  0      0  99528  56872 2498680   0    0     0     0 6892 10152 4  9 87  0  0  0
 0  0      0  99528  56872 2498680   0    0     0     0 4711 6516  3  5 92  0  0  0
 0  0      0  99528  56880 2498688   0    0     0   152 4886 7189  2  7 91  0  0  0
 0  0      0  99528  56880 2498692   0    0     0     0 5236 8024  3  7 90  0  0  0
 1  0      0  99528  56880 2498696   0    0     0     0 4851 6780  2  6 92  0  0  0
 0  0      0  99528  56880 2498696   0    0     0     0 5597 7957  3  7 91  0  0  0
 0  0      0  99528  56880 2498704   0    0     0     0 4802 7018  2  6 92  0  0  0
 0  0      0  99528  56892 2498716   0    0     0    36 5791 8690  3  7 89  0  0  0
 0  0      0  99528  56892 2498716   0    0     0     0 5434 8182  3  7 91  0  0  0
 0  0      0  99528  56892 2498720   0    0     0     0 5491 8215  3  7 90  0  0  0
 0  0      0  99528  56892 2498728   0    0     0     0 5122 7707  3  7 91  0  0  0
 0  0      0  99528  56892 2498732   0    0     0     0 5351 7813  2  8 90  0  0  0
 0  0      0  99528  56900 2498736   0    0     0    32 6404 9375  3  9 88  0  0  0
 0  0      0  99528  56900 2498744   0    0     0     0 5507 7935  3  8 89  0  0  0
procs -----------memory---------- ---swap-- -----io---- -system-- -------cpu-------
 r  b   swpd   free   buff  cache   si   so    bi    bo   in   cs us sy id wa st gu
 1  0      0  99528  56900 2498748   0    0     0     0 6133 8993  4  8 88  0  0  0
 2  0      0  99528  56900 2498756   0    0     0     0 5575 7797  3  8 89  0  0  0
 0  0      0  99528  56900 2498756   0    0     0     0 4903 6393  2  6 92  0  0  0
 0  0      0  99528  56908 2498764   0    0     0    24 5252 7009  3  9 89  0  0  0
 0  0      0  99528  56908 2498764   0    0     0     0 6252 9423  4  8 87  0  0  0
 2  0      0  99528  56908 2498772   0    0     0     0 5296 7476  3  7 90  0  0  0
 0  0      0  99528  56908 2498772   0    0     0     0 5586 8495  4  8 88  0  0  0
 0  0      0  99528  56908 2498776   0    0     0     0 5208 7081  3  7 91  0  0  0
 0  0      0  99528  56908 2498788   0    0     0   144 5457 7985  3  8 89  0  0  0
 5  0      0  99528  56908 2498788   0    0     0     0 5432 7745  3  8 89  0  0  0
 2  0      0  99528  56908 2498796   0    0     0     0 5522 8002  3  7 91  0  0  0
 0  0      0  99528  56908 2498796   0    0     0     0 5654 8056  3  8 90  0  0  0
 0  0      0  99528  56908 2498800   0    0     0     0 5145 6974  3  7 90  0  0  0
 0  0      0  99528  56916 2498796   0    0     0    36 5985 8812  2  8 90  0  0  0
 0  0      0  99528  56916 2498816   0    0     0     0 5188 7596  3  7 91  0  0  0
 0  0      0  99528  56916 2498816   0    0     0     0 5997 8925  3  7 90  0  0  0
 0  0      0  99528  56916 2498824   0    0     0     0 5423 8018  3  8 89  0  0  0
 0  0      0  99528  56916 2498828   0    0     0     0 5347 7769  2  7 91  0  0  0
 0  0      0  99528  56924 2498832   0    0     0    72 4787 6475  2  7 91  0  0  0
 0  0      0  99528  56924 2498836   0    0     0     0 5817 8529  2  7 91  0  0  0
 0  0      0  99528  56924 2498844   0    0     0     0 5413 7739  4  6 90  0  0  0
procs -----------memory---------- ---swap-- -----io---- -system-- -------cpu-------
 r  b   swpd   free   buff  cache   si   so    bi    bo   in   cs us sy id wa st gu
 1  0      0  99528  56924 2498844   0    0     0     0 5258 7359  3  6 91  0  0  0
 0  0      0  99528  56924 2498852   0    0     0     0 5371 7453  2  7 92  0  0  0
 0  0      0  99528  56932 2498844   0    0     0    36 5005 7115  2  7 91  0  0  0
 0  0      0  99528  56932 2498860   0    0     0     0 4753 6502  2  6 93  0  0  0
 0  0      0  99528  56932 2498864   0    0     0     0 6314 9617  3  7 89  0  0  0
 0  0      0  99528  56932 2498868   0    0     0     0 5280 7922  3  8 89  0  0  0
 0  0      0  99528  56932 2498876   0    0     0     0 5820 8335  3  8 89  0  0  0
 0  0      0  99528  56940 2498868   0    0     0    12 4974 7021  2  6 92  0  0  0
 0  0      0  99528  56940 2498888   0    0     0    60 6298 9791  3  8 88  0  0  0
 0  0      0  99528  56940 2498888   0    0     0     0 5470 7992  3  7 90  0  0  0
 0  0      0  99528  56940 2498892   0    0     0     0 5178 7503  2  6 92  0  0  0
 0  0      0  99528  56940 2498896   0    0     0     0 5464 7907  2  7 91  0  0  0
 0  0      0  99528  56952 2498892   0    0     0    36 6001 9152  3  8 88  0  0  0
 0  0      0  99528  56952 2498908   0    0     0     0 5859 9097  3  8 89  0  0  0
 0  0      0  99528  56952 2498916   0    0     0     0 5012 7085  3  6 91  0  0  0
 0  0      0  99528  56952 2498916   0    0     0     0 5064 7421  3  6 91  0  0  0
 0  0      0  99528  56952 2498920   0    0     0     0 5594 8164  3  8 90  0  0  0
 1  0      0  99528  56960 2498916   0    0     0    12 5316 7930  2  6 92  0  0  0
 0  0      0  99528  56960 2498932   0    0     0     0 5585 9087  3  5 92  0  0  0
 0  0      0  99528  56960 2498936   0    0     0     0 5847 8569  3  7 90  1  0  0
 0  0      0  99528  56960 2498944   0    0     0     0 4912 6845  3  6 91  0  0  0
procs -----------memory---------- ---swap-- -----io---- -system-- -------cpu-------
 r  b   swpd   free   buff  cache   si   so    bi    bo   in   cs us sy id wa st gu
 1  0      0  99528  56960 2498944   0    0     0     0 4999 6797  3  8 90  0  0  0
 3  0      0  99528  56960 2498952   0    0     0     0 5403 8061  4  9 88  0  0  0
 0  0      0  99528  56960 2498952   0    0     0    16 6046 9560  3  8 88  0  0  0
 0  0      0  99528  56960 2498964   0    0     0     0 6032 8959  3  8 90  0  0  0
 0  0      0  99528  56960 2498968   0    0     0     0 6218 9678  4  8 87  0  0  0
 0  0      0  99528  56960 2498968   0    0     0     0 5258 7406  3  7 90  0  0  0
 0  0      0  99528  56960 2498972   0    0     0     0 5251 7186  3  8 90  0  0  0
 0  0      0  99528  56968 2498980   0    0     0    12 3100 4006  2  3 96  0  0  0
