Linux 6.6.95 (ssp-study) 	04/21/26 	_x86_64_	(2 CPU)

09:37:26    kbmemfree   kbavail kbmemused  %memused kbbuffers  kbcached  kbcommit   %commit  kbactive   kbinact   kbdirty
09:37:27   [34;1m    330704[0m[34;1m   1249396[0m[34;1m    627168[0m[34;1m     20.66[0m[34;1m     24972[0m[34;1m   1985216[0m[34;1m   3343376[0m[31;1m    110.12[0m[34;1m    818000[0m[34;1m   1768552[0m[34;1m       256[0m
09:37:28   [34;1m    328432[0m[34;1m   1247172[0m[34;1m    629344[0m[34;1m     20.73[0m[34;1m     24972[0m[34;1m   1985244[0m[34;1m   3343952[0m[31;1m    110.14[0m[34;1m    818000[0m[34;1m   1771092[0m[34;1m       284[0m
09:37:29   [34;1m    325924[0m[34;1m   1244736[0m[34;1m    631648[0m[34;1m     20.81[0m[34;1m     24972[0m[34;1m   1985308[0m[34;1m   3348048[0m[31;1m    110.28[0m[34;1m    818000[0m[34;1m   1773260[0m[34;1m       348[0m
09:37:30   [34;1m    322172[0m[34;1m   1241040[0m[34;1m    635160[0m[34;1m     20.92[0m[34;1m     24980[0m[34;1m   1985324[0m[34;1m   3348304[0m[31;1m    110.29[0m[34;1m    818008[0m[34;1m   1775604[0m[34;1m       364[0m
09:37:31   [34;1m    320688[0m[34;1m   1239672[0m[34;1m    636408[0m[34;1m     20.96[0m[34;1m     24992[0m[34;1m   1985412[0m[34;1m   3352656[0m[31;1m    110.43[0m[34;1m    818020[0m[34;1m   1777820[0m[34;1m       448[0m
09:37:32   [34;1m    318676[0m[34;1m   1237764[0m[34;1m    638204[0m[34;1m     21.02[0m[34;1m     24992[0m[34;1m   1985496[0m[34;1m   3360848[0m[31;1m    110.70[0m[34;1m    818020[0m[34;1m   1779880[0m[34;1m       532[0m
09:37:33   [34;1m    317448[0m[34;1m   1236600[0m[34;1m    639236[0m[34;1m     21.06[0m[34;1m     25004[0m[34;1m   1985540[0m[34;1m   3360848[0m[31;1m    110.70[0m[34;1m    818032[0m[34;1m   1780592[0m[34;1m       572[0m
09:37:34   [34;1m    315684[0m[34;1m   1234948[0m[34;1m    640752[0m[34;1m     21.11[0m[34;1m     25004[0m[34;1m   1985644[0m[34;1m   3360848[0m[31;1m    110.70[0m[34;1m    818032[0m[34;1m   1781996[0m[34;1m       676[0m
09:37:35   [34;1m    312688[0m[34;1m   1232180[0m[34;1m    643312[0m[34;1m     21.19[0m[34;1m     25016[0m[34;1m   1985816[0m[34;1m   3369296[0m[31;1m    110.98[0m[34;1m    818044[0m[34;1m   1783564[0m[34;1m       844[0m
09:37:36   [34;1m    312212[0m[34;1m   1231868[0m[34;1m    643512[0m[34;1m     21.20[0m[34;1m     25028[0m[34;1m   1985940[0m[34;1m   3369296[0m[31;1m    110.98[0m[34;1m    818056[0m[34;1m   1785052[0m[34;1m       968[0m
09:37:37   [34;1m    310236[0m[34;1m   1230012[0m[34;1m    645232[0m[34;1m     21.25[0m[34;1m     25028[0m[34;1m   1986048[0m[34;1m   3369296[0m[31;1m    110.98[0m[34;1m    818056[0m[34;1m   1786620[0m[34;1m        80[0m
09:37:38   [34;1m    308008[0m[34;1m   1227928[0m[34;1m    647096[0m[34;1m     21.31[0m[34;1m     25028[0m[34;1m   1986176[0m[34;1m   3373392[0m[31;1m    111.11[0m[34;1m    818056[0m[34;1m   1788464[0m[34;1m       208[0m
09:37:39   [34;1m    305012[0m[34;1m   1225068[0m[34;1m    649936[0m[34;1m     21.41[0m[34;1m     25028[0m[34;1m   1986292[0m[34;1m   3373392[0m[31;1m    111.11[0m[34;1m    818056[0m[34;1m   1790824[0m[34;1m       324[0m
09:37:40   [34;1m    298756[0m[34;1m   1219264[0m[34;1m    655240[0m[34;1m     21.58[0m[34;1m     25028[0m[34;1m   1986532[0m[34;1m   3378320[0m[31;1m    111.28[0m[34;1m    818056[0m[34;1m   1794972[0m[34;1m       564[0m
09:37:41   [34;1m    297020[0m[34;1m   1217716[0m[34;1m    656712[0m[34;1m     21.63[0m[34;1m     25036[0m[34;1m   1986672[0m[34;1m   3391184[0m[31;1m    111.70[0m[34;1m    818064[0m[34;1m   1797656[0m[34;1m       732[0m
09:37:42   [34;1m    296264[0m[34;1m   1217152[0m[34;1m    657080[0m[34;1m     21.64[0m[34;1m     25036[0m[34;1m   1986840[0m[34;1m   3391248[0m[31;1m    111.70[0m[34;1m    818064[0m[34;1m   1798356[0m[34;1m       900[0m
09:37:43   [34;1m    295508[0m[34;1m   1216536[0m[34;1m    657484[0m[34;1m     21.66[0m[34;1m     25048[0m[34;1m   1986960[0m[34;1m   3390736[0m[31;1m    111.68[0m[34;1m    818064[0m[34;1m   1798924[0m[34;1m      1032[0m
09:37:44   [34;1m    290300[0m[34;1m   1211636[0m[34;1m    662328[0m[34;1m     21.82[0m[34;1m     25048[0m[34;1m   1987220[0m[34;1m   3390736[0m[31;1m    111.68[0m[34;1m    818076[0m[34;1m   1803024[0m[34;1m      1288[0m
09:37:45   [34;1m    287808[0m[34;1m   1209304[0m[34;1m    664520[0m[34;1m     21.89[0m[34;1m     25048[0m[34;1m   1987376[0m[34;1m   3394832[0m[31;1m    111.82[0m[34;1m    818076[0m[34;1m   1804252[0m[34;1m      1444[0m
09:37:46   [34;1m    283564[0m[34;1m   1205372[0m[34;1m    668200[0m[34;1m     22.01[0m[34;1m     25048[0m[34;1m   1987652[0m[34;1m   3394832[0m[31;1m    111.82[0m[34;1m    818076[0m[34;1m   1806016[0m[34;1m      1720[0m
09:37:47   [34;1m    282108[0m[34;1m   1204116[0m[34;1m    669396[0m[34;1m     22.05[0m[34;1m     25060[0m[34;1m   1987836[0m[34;1m   3394832[0m[31;1m    111.82[0m[34;1m    818076[0m[34;1m   1807804[0m[34;1m      1916[0m
09:37:48   [34;1m    280432[0m[34;1m   1202724[0m[34;1m    670584[0m[34;1m     22.09[0m[34;1m     25060[0m[34;1m   1988112[0m[34;1m   3399768[0m[31;1m    111.98[0m[34;1m    818088[0m[34;1m   1810292[0m[34;1m      2180[0m
09:37:49   [34;1m    279008[0m[34;1m   1201572[0m[34;1m    671524[0m[34;1m     22.12[0m[34;1m     25060[0m[34;1m   1988332[0m[34;1m   3398928[0m[31;1m    111.95[0m[34;1m    818088[0m[34;1m   1810584[0m[34;1m      2400[0m
09:37:50   [34;1m    273328[0m[34;1m   1196288[0m[34;1m    676600[0m[34;1m     22.29[0m[34;1m     25072[0m[34;1m   1988672[0m[34;1m   3403024[0m[31;1m    112.09[0m[34;1m    818104[0m[34;1m   1813520[0m[34;1m      2748[0m
09:37:51   [34;1m    271160[0m[34;1m   1194380[0m[34;1m    678328[0m[34;1m     22.34[0m[34;1m     25072[0m[34;1m   1988956[0m[34;1m   3403280[0m[31;1m    112.10[0m[34;1m    818100[0m[34;1m   1816108[0m[34;1m      3032[0m
09:37:52   [34;1m    268980[0m[34;1m   1192440[0m[34;1m    680124[0m[34;1m     22.40[0m[34;1m     25072[0m[34;1m   1989164[0m[34;1m   3403280[0m[31;1m    112.10[0m[34;1m    818100[0m[34;1m   1817320[0m[34;1m      3240[0m
09:37:53   [34;1m    264080[0m[34;1m   1187852[0m[34;1m    684600[0m[34;1m     22.55[0m[34;1m     25084[0m[34;1m   1989432[0m[34;1m   3415824[0m[31;1m    112.51[0m[34;1m    818100[0m[34;1m   1821052[0m[34;1m      3520[0m
09:37:54   [34;1m    260652[0m[34;1m   1184776[0m[34;1m    687496[0m[34;1m     22.64[0m[34;1m     25084[0m[34;1m   1989736[0m[34;1m   3415888[0m[31;1m    112.51[0m[34;1m    818112[0m[34;1m   1823620[0m[34;1m      3816[0m
09:37:55   [34;1m    257672[0m[34;1m   1182048[0m[34;1m    690056[0m[34;1m     22.73[0m[34;1m     25084[0m[34;1m   1990008[0m[34;1m   3419984[0m[31;1m    112.65[0m[34;1m    818112[0m[34;1m   1825040[0m[34;1m      4088[0m
09:37:56   [34;1m    254016[0m[34;1m   1178724[0m[34;1m    693296[0m[34;1m     22.84[0m[34;1m     25084[0m[34;1m   1990296[0m[34;1m   3419984[0m[31;1m    112.65[0m[34;1m    818112[0m[34;1m   1828136[0m[34;1m      4376[0m
09:37:57   [34;1m    246844[0m[34;1m   1172220[0m[34;1m    699336[0m[34;1m     23.03[0m[34;1m     25084[0m[34;1m   1990636[0m[34;1m   3428240[0m[31;1m    112.92[0m[34;1m    818112[0m[34;1m   1833656[0m[34;1m      4716[0m
09:37:58   [34;1m    244456[0m[34;1m   1170216[0m[34;1m    701352[0m[34;1m     23.10[0m[34;1m     25096[0m[34;1m   1991016[0m[34;1m   3428496[0m[31;1m    112.93[0m[34;1m    818124[0m[34;1m   1834548[0m[34;1m      5092[0m
09:37:59   [34;1m    242832[0m[34;1m   1168948[0m[34;1m    702484[0m[34;1m     23.14[0m[34;1m     25096[0m[34;1m   1991376[0m[34;1m   3428496[0m[31;1m    112.93[0m[34;1m    818124[0m[34;1m   1835032[0m[34;1m      5452[0m
09:38:00   [34;1m    239420[0m[34;1m   1165796[0m[34;1m    705612[0m[34;1m     23.24[0m[34;1m     25096[0m[34;1m   1991636[0m[34;1m   3433104[0m[31;1m    113.08[0m[34;1m    818124[0m[34;1m   1835548[0m[34;1m      5712[0m
09:38:01   [34;1m    236260[0m[34;1m   1162924[0m[34;1m    708352[0m[34;1m     23.33[0m[34;1m     25096[0m[34;1m   1991920[0m[34;1m   3433104[0m[31;1m    113.08[0m[34;1m    818128[0m[34;1m   1836124[0m[34;1m      5996[0m
09:38:02   [34;1m    235588[0m[34;1m   1162656[0m[34;1m    708740[0m[34;1m     23.34[0m[34;1m     25096[0m[34;1m   1992268[0m[34;1m   3433168[0m[31;1m    113.08[0m[34;1m    818124[0m[34;1m   1833832[0m[34;1m      6344[0m
09:38:03   [34;1m    235140[0m[34;1m   1162472[0m[34;1m    708952[0m[34;1m     23.35[0m[34;1m     25104[0m[34;1m   1992544[0m[34;1m   3428560[0m[31;1m    112.93[0m[34;1m    818132[0m[34;1m   1830276[0m[34;1m      6620[0m
09:38:04   [34;1m    234444[0m[34;1m   1162180[0m[34;1m    709208[0m[34;1m     23.36[0m[34;1m     25116[0m[34;1m   1992916[0m[34;1m   3428560[0m[31;1m    112.93[0m[34;1m    818144[0m[34;1m   1830928[0m[34;1m      6988[0m
09:38:05   [34;1m    232376[0m[34;1m   1160484[0m[34;1m    710896[0m[34;1m     23.42[0m[34;1m     25128[0m[34;1m   1993280[0m[34;1m   3473036[0m[31;1m    114.40[0m[34;1m    818160[0m[34;1m   1831684[0m[34;1m      7348[0m
09:38:06   [34;1m    231456[0m[34;1m   1159800[0m[34;1m    711556[0m[34;1m     23.44[0m[34;1m     25128[0m[34;1m   1993560[0m[34;1m   3432656[0m[31;1m    113.07[0m[34;1m    818156[0m[34;1m   1831264[0m[34;1m      7628[0m
09:38:07   [34;1m    229840[0m[34;1m   1158588[0m[34;1m    712756[0m[34;1m     23.48[0m[34;1m     25128[0m[34;1m   1993972[0m[34;1m   3432656[0m[31;1m    113.07[0m[34;1m    818156[0m[34;1m   1831624[0m[34;1m       140[0m
09:38:08   [34;1m    228696[0m[34;1m   1157744[0m[34;1m    713608[0m[34;1m     23.50[0m[34;1m     25140[0m[34;1m   1994228[0m[34;1m   3432656[0m[31;1m    113.07[0m[34;1m    818168[0m[34;1m   1832408[0m[34;1m       356[0m
09:38:09   [34;1m    254432[0m[34;1m   1183928[0m[34;1m    687440[0m[34;1m     22.64[0m[34;1m     25140[0m[34;1m   1994640[0m[34;1m   3432656[0m[31;1m    113.07[0m[34;1m    818168[0m[34;1m   1832868[0m[34;1m       768[0m
09:38:10   [34;1m    252784[0m[34;1m   1182548[0m[34;1m    688760[0m[34;1m     22.69[0m[34;1m     25140[0m[34;1m   1994948[0m[34;1m   3432656[0m[31;1m    113.07[0m[34;1m    818168[0m[34;1m   1833204[0m[34;1m      1076[0m
09:38:11   [34;1m    250360[0m[34;1m   1180404[0m[34;1m    690952[0m[34;1m     22.76[0m[34;1m     25140[0m[34;1m   1995204[0m[34;1m   3432656[0m[31;1m    113.07[0m[34;1m    818168[0m[34;1m   1833712[0m[34;1m      1332[0m
09:38:12   [34;1m    248992[0m[34;1m   1179476[0m[34;1m    691792[0m[34;1m     22.79[0m[34;1m     25140[0m[34;1m   1995656[0m[34;1m   3432656[0m[31;1m    113.07[0m[34;1m    818168[0m[34;1m   1834268[0m[34;1m      1784[0m
09:38:13   [34;1m    246900[0m[34;1m   1177800[0m[34;1m    693564[0m[34;1m     22.84[0m[34;1m     25148[0m[34;1m   1995992[0m[34;1m   3432656[0m[31;1m    113.07[0m[34;1m    818176[0m[34;1m   1834712[0m[34;1m      2076[0m
09:38:14   [34;1m    245756[0m[34;1m   1176856[0m[34;1m    694400[0m[34;1m     22.87[0m[34;1m     25148[0m[34;1m   1996240[0m[34;1m   3432656[0m[31;1m    113.07[0m[34;1m    818176[0m[34;1m   1834856[0m[34;1m      2324[0m
09:38:15   [34;1m    244608[0m[34;1m   1176088[0m[34;1m    695268[0m[34;1m     22.90[0m[34;1m     25160[0m[34;1m   1996568[0m[34;1m   3432656[0m[31;1m    113.07[0m[34;1m    818188[0m[34;1m   1837204[0m[34;1m      2660[0m
09:38:16   [34;1m    242932[0m[34;1m   1174740[0m[34;1m    696476[0m[34;1m     22.94[0m[34;1m     25160[0m[34;1m   1996940[0m[34;1m   3432656[0m[31;1m    113.07[0m[34;1m    818188[0m[34;1m   1837740[0m[34;1m      3032[0m
09:38:17   [34;1m    240864[0m[34;1m   1173112[0m[34;1m    698128[0m[34;1m     23.00[0m[34;1m     25160[0m[34;1m   1997328[0m[34;1m   3432656[0m[31;1m    113.07[0m[34;1m    818188[0m[34;1m   1838220[0m[34;1m      3420[0m
09:38:18   [34;1m    239940[0m[34;1m   1172452[0m[34;1m    698804[0m[34;1m     23.02[0m[34;1m     25160[0m[34;1m   1997648[0m[34;1m   3432656[0m[31;1m    113.07[0m[34;1m    818188[0m[34;1m   1838552[0m[34;1m      3732[0m
09:38:19   [34;1m    237804[0m[34;1m   1170676[0m[34;1m    700580[0m[34;1m     23.08[0m[34;1m     25160[0m[34;1m   1997932[0m[34;1m   3432656[0m[31;1m    113.07[0m[34;1m    818188[0m[34;1m   1838936[0m[34;1m      4016[0m
09:38:20   [34;1m    235624[0m[34;1m   1168860[0m[34;1m    702404[0m[34;1m     23.14[0m[34;1m     25184[0m[34;1m   1998268[0m[34;1m   3437264[0m[31;1m    113.22[0m[34;1m    818212[0m[34;1m   1840800[0m[34;1m      4360[0m
09:38:21   [34;1m    232496[0m[34;1m   1166000[0m[34;1m    705204[0m[34;1m     23.23[0m[34;1m     25184[0m[34;1m   1998520[0m[34;1m   3437264[0m[31;1m    113.22[0m[34;1m    818212[0m[34;1m   1841612[0m[34;1m      4612[0m
09:38:22   [34;1m    230652[0m[34;1m   1164496[0m[34;1m    706652[0m[34;1m     23.28[0m[34;1m     25184[0m[34;1m   1998888[0m[34;1m   3437264[0m[31;1m    113.22[0m[34;1m    818212[0m[34;1m   1842448[0m[34;1m      4980[0m
09:38:23   [34;1m    229004[0m[34;1m   1163148[0m[34;1m    708048[0m[34;1m     23.32[0m[34;1m     25184[0m[34;1m   1999256[0m[34;1m   3432656[0m[31;1m    113.07[0m[34;1m    818212[0m[34;1m   1841872[0m[34;1m      5340[0m
09:38:24   [34;1m    228084[0m[34;1m   1162600[0m[34;1m    708672[0m[34;1m     23.34[0m[34;1m     25184[0m[34;1m   1999544[0m[34;1m   3432656[0m[31;1m    113.07[0m[34;1m    818212[0m[34;1m   1842320[0m[34;1m      5632[0m
09:38:25   [34;1m    226940[0m[34;1m   1161800[0m[34;1m    709424[0m[34;1m     23.37[0m[34;1m     25204[0m[34;1m   1999872[0m[34;1m   3432656[0m[31;1m    113.07[0m[34;1m    818232[0m[34;1m   1837484[0m[34;1m      5896[0m
09:38:26   [34;1m    224676[0m[34;1m   1159936[0m[34;1m    711312[0m[34;1m     23.43[0m[34;1m     25204[0m[34;1m   2000256[0m[34;1m   3432656[0m[31;1m    113.07[0m[34;1m    818232[0m[34;1m   1837920[0m[34;1m      6280[0m
09:38:27   [34;1m    223756[0m[34;1m   1159264[0m[34;1m    711876[0m[34;1m     23.45[0m[34;1m     25204[0m[34;1m   2000524[0m[34;1m   3432656[0m[31;1m    113.07[0m[34;1m    818232[0m[34;1m   1838664[0m[34;1m      6548[0m
09:38:28   [34;1m    222808[0m[34;1m   1158612[0m[34;1m    712504[0m[34;1m     23.47[0m[34;1m     25204[0m[34;1m   2000840[0m[34;1m   3432656[0m[31;1m    113.07[0m[34;1m    818232[0m[34;1m   1839656[0m[34;1m      6864[0m
09:38:29   [34;1m    220464[0m[34;1m   1156624[0m[34;1m    714560[0m[34;1m     23.54[0m[34;1m     25204[0m[34;1m   2001116[0m[34;1m   3432656[0m[31;1m    113.07[0m[34;1m    818232[0m[34;1m   1841176[0m[34;1m      7140[0m
09:38:30   [34;1m    218344[0m[34;1m   1154912[0m[34;1m    716232[0m[34;1m     23.59[0m[34;1m     25224[0m[34;1m   2001524[0m[34;1m   3432656[0m[31;1m    113.07[0m[34;1m    818252[0m[34;1m   1843092[0m[34;1m      7548[0m
09:38:31   [34;1m    243020[0m[34;1m   1179868[0m[34;1m    691272[0m[34;1m     22.77[0m[34;1m     25224[0m[34;1m   2001796[0m[34;1m   3432656[0m[31;1m    113.07[0m[34;1m    818252[0m[34;1m   1843220[0m[34;1m      7816[0m
09:38:32   [34;1m    241592[0m[34;1m   1178720[0m[34;1m    692408[0m[34;1m     22.81[0m[34;1m     25224[0m[34;1m   2002148[0m[34;1m   3432912[0m[31;1m    113.07[0m[34;1m    818252[0m[34;1m   1843868[0m[34;1m      8168[0m
09:38:33   [34;1m    239748[0m[34;1m   1177208[0m[34;1m    693976[0m[34;1m     22.86[0m[34;1m     25224[0m[34;1m   2002408[0m[34;1m   3432912[0m[31;1m    113.07[0m[34;1m    818252[0m[34;1m   1843872[0m[34;1m      8428[0m
09:38:34   [34;1m    238128[0m[34;1m   1175976[0m[34;1m    695132[0m[34;1m     22.90[0m[34;1m     25224[0m[34;1m   2002804[0m[34;1m   3432912[0m[31;1m    113.07[0m[34;1m    818252[0m[34;1m   1841988[0m[34;1m      8824[0m
09:38:35   [34;1m    235784[0m[34;1m   1173984[0m[34;1m    697160[0m[34;1m     22.96[0m[34;1m     25248[0m[34;1m   2003116[0m[34;1m   3432912[0m[31;1m    113.07[0m[34;1m    818276[0m[34;1m   1841820[0m[34;1m      9132[0m
09:38:36   [34;1m    232596[0m[34;1m   1171132[0m[34;1m    700020[0m[34;1m     23.06[0m[34;1m     25248[0m[34;1m   2003456[0m[34;1m   3432912[0m[31;1m    113.07[0m[34;1m    818276[0m[34;1m   1842064[0m[34;1m      9472[0m
09:38:37   [34;1m    229528[0m[34;1m   1168376[0m[34;1m    702808[0m[34;1m     23.15[0m[34;1m     25248[0m[34;1m   2003740[0m[34;1m   3432912[0m[31;1m    113.07[0m[34;1m    818276[0m[34;1m   1844132[0m[34;1m      9756[0m
09:38:38   [34;1m    227688[0m[34;1m   1166856[0m[34;1m    704284[0m[34;1m     23.20[0m[34;1m     25248[0m[34;1m   2004088[0m[34;1m   3432912[0m[31;1m    113.07[0m[34;1m    818276[0m[34;1m   1844204[0m[34;1m        52[0m
09:38:39   [34;1m    225620[0m[34;1m   1165068[0m[34;1m    706060[0m[34;1m     23.26[0m[34;1m     25248[0m[34;1m   2004364[0m[34;1m   3432912[0m[31;1m    113.07[0m[34;1m    818276[0m[34;1m   1845288[0m[34;1m       332[0m
09:38:40   [34;1m    223744[0m[34;1m   1163556[0m[34;1m    707540[0m[34;1m     23.31[0m[34;1m     25268[0m[34;1m   2004704[0m[34;1m   3437520[0m[31;1m    113.23[0m[34;1m    818276[0m[34;1m   1847064[0m[34;1m       720[0m
09:38:41   [34;1m    221852[0m[34;1m   1162032[0m[34;1m    709080[0m[34;1m     23.36[0m[34;1m     25268[0m[34;1m   2005032[0m[34;1m   3437520[0m[31;1m    113.23[0m[34;1m    818296[0m[34;1m   1847448[0m[34;1m      1044[0m
09:38:42   [34;1m    219756[0m[34;1m   1160216[0m[34;1m    710844[0m[34;1m     23.41[0m[34;1m     25268[0m[34;1m   2005368[0m[34;1m   3437520[0m[31;1m    113.23[0m[34;1m    818296[0m[34;1m   1848020[0m[34;1m      1380[0m
09:38:43   [34;1m    218584[0m[34;1m   1159348[0m[34;1m    711748[0m[34;1m     23.44[0m[34;1m     25268[0m[34;1m   2005612[0m[34;1m   3432912[0m[31;1m    113.07[0m[34;1m    818296[0m[34;1m   1847020[0m[34;1m      1624[0m
09:38:44   [34;1m    216744[0m[34;1m   1157984[0m[34;1m    713064[0m[34;1m     23.49[0m[34;1m     25268[0m[34;1m   2006084[0m[34;1m   3432912[0m[31;1m    113.07[0m[34;1m    818296[0m[34;1m   1847420[0m[34;1m      2100[0m
09:38:45   [34;1m    214900[0m[34;1m   1156424[0m[34;1m    714660[0m[34;1m     23.54[0m[34;1m     25276[0m[34;1m   2006372[0m[34;1m   3432912[0m[31;1m    113.07[0m[34;1m    818304[0m[34;1m   1847724[0m[34;1m      2400[0m
09:38:46   [34;1m    212524[0m[34;1m   1154432[0m[34;1m    716572[0m[34;1m     23.60[0m[34;1m     25288[0m[34;1m   2006720[0m[34;1m   3432912[0m[31;1m    113.07[0m[34;1m    818304[0m[34;1m   1848116[0m[34;1m      2724[0m
09:38:47   [34;1m    210432[0m[34;1m   1152696[0m[34;1m    718304[0m[34;1m     23.66[0m[34;1m     25288[0m[34;1m   2007060[0m[34;1m   3432912[0m[31;1m    113.07[0m[34;1m    818316[0m[34;1m   1848512[0m[34;1m      3064[0m
09:38:48   [34;1m    209768[0m[34;1m   1152256[0m[34;1m    718716[0m[34;1m     23.67[0m[34;1m     25288[0m[34;1m   2007300[0m[34;1m   3432912[0m[31;1m    113.07[0m[34;1m    818316[0m[34;1m   1848852[0m[34;1m      3304[0m
09:38:49   [34;1m    209332[0m[34;1m   1152112[0m[34;1m    718888[0m[34;1m     23.68[0m[34;1m     25288[0m[34;1m   2007608[0m[34;1m   3432912[0m[31;1m    113.07[0m[34;1m    818316[0m[34;1m   1849100[0m[34;1m      3612[0m
09:38:50   [34;1m    208624[0m[34;1m   1151784[0m[34;1m    719256[0m[34;1m     23.69[0m[34;1m     25300[0m[34;1m   2007940[0m[34;1m   3432912[0m[31;1m    113.07[0m[34;1m    818328[0m[34;1m   1850136[0m[34;1m      3944[0m
09:38:51   [34;1m    232920[0m[34;1m   1176416[0m[34;1m    694640[0m[34;1m     22.88[0m[34;1m     25312[0m[34;1m   2008268[0m[34;1m   3432912[0m[31;1m    113.07[0m[34;1m    818340[0m[34;1m   1850676[0m[34;1m      4268[0m
09:38:52   [34;1m    231048[0m[34;1m   1174908[0m[34;1m    696144[0m[34;1m     22.93[0m[34;1m     25312[0m[34;1m   2008596[0m[34;1m   3432912[0m[31;1m    113.07[0m[34;1m    818340[0m[34;1m   1852004[0m[34;1m      4596[0m
09:38:53   [34;1m    228900[0m[34;1m   1172996[0m[34;1m    698072[0m[34;1m     22.99[0m[34;1m     25312[0m[34;1m   2008860[0m[34;1m   3432912[0m[31;1m    113.07[0m[34;1m    818340[0m[34;1m   1852236[0m[34;1m      4860[0m
09:38:54   [34;1m    227728[0m[34;1m   1172104[0m[34;1m    698972[0m[34;1m     23.02[0m[34;1m     25312[0m[34;1m   2009100[0m[34;1m   3432912[0m[31;1m    113.07[0m[34;1m    818340[0m[34;1m   1852536[0m[34;1m      5100[0m
09:38:55   [34;1m    226084[0m[34;1m   1170720[0m[34;1m    700200[0m[34;1m     23.06[0m[34;1m     25312[0m[34;1m   2009436[0m[34;1m   3432912[0m[31;1m    113.07[0m[34;1m    818340[0m[34;1m   1852812[0m[34;1m      5436[0m
09:38:56   [34;1m    223908[0m[34;1m   1168920[0m[34;1m    702036[0m[34;1m     23.12[0m[34;1m     25320[0m[34;1m   2009724[0m[34;1m   3432912[0m[31;1m    113.07[0m[34;1m    818348[0m[34;1m   1853364[0m[34;1m      5724[0m
09:38:57   [34;1m    221592[0m[34;1m   1166964[0m[34;1m    704000[0m[34;1m     23.19[0m[34;1m     25332[0m[34;1m   2010128[0m[34;1m   3432912[0m[31;1m    113.07[0m[34;1m    818360[0m[34;1m   1853720[0m[34;1m      6124[0m
09:38:58   [34;1m    220224[0m[34;1m   1165944[0m[34;1m    705036[0m[34;1m     23.22[0m[34;1m     25332[0m[34;1m   2010472[0m[34;1m   3432912[0m[31;1m    113.07[0m[34;1m    818360[0m[34;1m   1854080[0m[34;1m      6468[0m
09:38:59   [34;1m    217908[0m[34;1m   1163888[0m[34;1m    707128[0m[34;1m     23.29[0m[34;1m     25332[0m[34;1m   2010684[0m[34;1m   3432912[0m[31;1m    113.07[0m[34;1m    818360[0m[34;1m   1849128[0m[34;1m      6680[0m
09:39:00   [34;1m    216540[0m[34;1m   1162852[0m[34;1m    708192[0m[34;1m     23.33[0m[34;1m     25332[0m[34;1m   2011020[0m[34;1m   3437520[0m[31;1m    113.23[0m[34;1m    818360[0m[34;1m   1852168[0m[34;1m      7016[0m
09:39:01   [34;1m    213128[0m[34;1m   1159764[0m[34;1m    711240[0m[34;1m     23.43[0m[34;1m     25332[0m[34;1m   2011332[0m[34;1m   3437520[0m[31;1m    113.23[0m[34;1m    818364[0m[34;1m   1853452[0m[34;1m      7328[0m
09:39:02   [34;1m    211256[0m[34;1m   1158228[0m[34;1m    712784[0m[34;1m     23.48[0m[34;1m     25352[0m[34;1m   2011600[0m[34;1m   3437520[0m[31;1m    113.23[0m[34;1m    818372[0m[34;1m   1854804[0m[34;1m      7608[0m
09:39:03   [34;1m    208888[0m[34;1m   1156284[0m[34;1m    714656[0m[34;1m     23.54[0m[34;1m     25352[0m[34;1m   2012048[0m[34;1m   3433484[0m[31;1m    113.09[0m[34;1m    818388[0m[34;1m   1854480[0m[34;1m      8040[0m
09:39:04   [34;1m    207496[0m[34;1m   1155128[0m[34;1m    715772[0m[34;1m     23.58[0m[34;1m     25352[0m[34;1m   2012288[0m[34;1m   3432912[0m[31;1m    113.07[0m[34;1m    818388[0m[34;1m   1854728[0m[34;1m      8280[0m
09:39:05   [34;1m    205880[0m[34;1m   1153896[0m[34;1m    717100[0m[34;1m     23.62[0m[34;1m     25364[0m[34;1m   2012648[0m[34;1m   3432912[0m[31;1m    113.07[0m[34;1m    818400[0m[34;1m   1855128[0m[34;1m      8636[0m
09:39:06   [34;1m    204236[0m[34;1m   1152496[0m[34;1m    718376[0m[34;1m     23.66[0m[34;1m     25364[0m[34;1m   2012928[0m[34;1m   3432912[0m[31;1m    113.07[0m[34;1m    818400[0m[34;1m   1853928[0m[34;1m      8916[0m
09:39:07   [34;1m    204120[0m[34;1m   1152612[0m[34;1m    718184[0m[34;1m     23.66[0m[34;1m     25376[0m[34;1m   2013248[0m[34;1m   3432912[0m[31;1m    113.07[0m[34;1m    818412[0m[34;1m   1851740[0m[34;1m      9232[0m
09:39:08   [34;1m    229568[0m[34;1m   1178512[0m[34;1m    692332[0m[34;1m     22.80[0m[34;1m     25376[0m[34;1m   2013552[0m[34;1m   3432912[0m[31;1m    113.07[0m[34;1m    818412[0m[34;1m   1852704[0m[34;1m      9536[0m
09:39:09   [34;1m    227892[0m[34;1m   1177052[0m[34;1m    693932[0m[34;1m     22.86[0m[34;1m     25376[0m[34;1m   2013800[0m[34;1m   3432912[0m[31;1m    113.07[0m[34;1m    818412[0m[34;1m   1854232[0m[34;1m       204[0m
09:39:10   [34;1m    225324[0m[34;1m   1174860[0m[34;1m    695976[0m[34;1m     22.92[0m[34;1m     25376[0m[34;1m   2014164[0m[34;1m   3432912[0m[31;1m    113.07[0m[34;1m    818412[0m[34;1m   1855312[0m[34;1m       568[0m
09:39:11   [34;1m    223116[0m[34;1m   1172848[0m[34;1m    698080[0m[34;1m     22.99[0m[34;1m     25376[0m[34;1m   2014364[0m[34;1m   3432912[0m[31;1m    113.07[0m[34;1m    818412[0m[34;1m   1855644[0m[34;1m       768[0m
09:39:12   [34;1m    221192[0m[34;1m   1171332[0m[34;1m    699620[0m[34;1m     23.04[0m[34;1m     25396[0m[34;1m   2014732[0m[34;1m   3432912[0m[31;1m    113.07[0m[34;1m    818432[0m[34;1m   1857076[0m[34;1m      1132[0m
09:39:13   [34;1m    218024[0m[34;1m   1168424[0m[34;1m    702412[0m[34;1m     23.14[0m[34;1m     25396[0m[34;1m   2015000[0m[34;1m   3432912[0m[31;1m    113.07[0m[34;1m    818432[0m[34;1m   1857932[0m[34;1m      1400[0m
09:39:14   [34;1m    215204[0m[34;1m   1165932[0m[34;1m    705004[0m[34;1m     23.22[0m[34;1m     25396[0m[34;1m   2015332[0m[34;1m   3432912[0m[31;1m    113.07[0m[34;1m    818432[0m[34;1m   1858704[0m[34;1m      1664[0m
09:39:15   [34;1m    212412[0m[34;1m   1163456[0m[34;1m    707456[0m[34;1m     23.30[0m[34;1m     25396[0m[34;1m   2015636[0m[34;1m   3432912[0m[31;1m    113.07[0m[34;1m    818432[0m[34;1m   1859064[0m[34;1m      1968[0m
09:39:16   [34;1m    208972[0m[34;1m   1160352[0m[34;1m    710476[0m[34;1m     23.40[0m[34;1m     25396[0m[34;1m   2015972[0m[34;1m   3432912[0m[31;1m    113.07[0m[34;1m    818432[0m[34;1m   1859612[0m[34;1m      2304[0m
09:39:17   [34;1m    207556[0m[34;1m   1159284[0m[34;1m    711572[0m[34;1m     23.44[0m[34;1m     25408[0m[34;1m   2016296[0m[34;1m   3432912[0m[31;1m    113.07[0m[34;1m    818444[0m[34;1m   1859572[0m[34;1m      2664[0m
09:39:18   [34;1m    206636[0m[34;1m   1158704[0m[34;1m    712104[0m[34;1m     23.46[0m[34;1m     25408[0m[34;1m   2016636[0m[34;1m   3432912[0m[31;1m    113.07[0m[34;1m    818444[0m[34;1m   1860092[0m[34;1m      3004[0m
09:39:19   [34;1m    204744[0m[34;1m   1157080[0m[34;1m    713680[0m[34;1m     23.51[0m[34;1m     25408[0m[34;1m   2016908[0m[34;1m   3432912[0m[31;1m    113.07[0m[34;1m    818444[0m[34;1m   1860492[0m[34;1m      3276[0m
09:39:20   [34;1m    202344[0m[34;1m   1154940[0m[34;1m    715908[0m[34;1m     23.58[0m[34;1m     25420[0m[34;1m   2017140[0m[34;1m   3437520[0m[31;1m    113.23[0m[34;1m    818456[0m[34;1m   1862268[0m[34;1m      3508[0m
09:39:21   [34;1m    198768[0m[34;1m   1151852[0m[34;1m    718972[0m[34;1m     23.68[0m[34;1m     25420[0m[34;1m   2017584[0m[34;1m   3437520[0m[31;1m    113.23[0m[34;1m    818456[0m[34;1m   1863932[0m[34;1m      3952[0m
09:39:22   [34;1m    196676[0m[34;1m   1150064[0m[34;1m    720732[0m[34;1m     23.74[0m[34;1m     25420[0m[34;1m   2017884[0m[34;1m   3437520[0m[31;1m    113.23[0m[34;1m    818456[0m[34;1m   1864220[0m[34;1m      4252[0m
09:39:23   [34;1m    195504[0m[34;1m   1149168[0m[34;1m    721688[0m[34;1m     23.77[0m[34;1m     25432[0m[34;1m   2018168[0m[34;1m   3432912[0m[31;1m    113.07[0m[34;1m    818468[0m[34;1m   1863328[0m[34;1m      4536[0m
09:39:24   [34;1m    193412[0m[34;1m   1147356[0m[34;1m    723500[0m[34;1m     23.83[0m[34;1m     25432[0m[34;1m   2018424[0m[34;1m   3432912[0m[31;1m    113.07[0m[34;1m    818468[0m[34;1m   1863644[0m[34;1m      4792[0m
09:39:25   [34;1m    192500[0m[34;1m   1146772[0m[34;1m    724052[0m[34;1m     23.85[0m[34;1m     25432[0m[34;1m   2018772[0m[34;1m   3432912[0m[31;1m    113.07[0m[34;1m    818468[0m[34;1m   1864008[0m[34;1m      5140[0m
09:39:26   [34;1m    216592[0m[34;1m   1171136[0m[34;1m    699676[0m[34;1m     23.05[0m[34;1m     25432[0m[34;1m   2019076[0m[34;1m   3432912[0m[31;1m    113.07[0m[34;1m    818468[0m[34;1m   1863932[0m[34;1m      5444[0m
09:39:27   [34;1m    214724[0m[34;1m   1169644[0m[34;1m    701112[0m[34;1m     23.09[0m[34;1m     25444[0m[34;1m   2019448[0m[34;1m   3432912[0m[31;1m    113.07[0m[34;1m    818480[0m[34;1m   1864448[0m[34;1m      5812[0m
09:39:28   [34;1m    212856[0m[34;1m   1168052[0m[34;1m    702716[0m[34;1m     23.15[0m[34;1m     25444[0m[34;1m   2019672[0m[34;1m   3432912[0m[31;1m    113.07[0m[34;1m    818480[0m[34;1m   1864820[0m[34;1m      6036[0m
09:39:29   [34;1m    210740[0m[34;1m   1166308[0m[34;1m    704476[0m[34;1m     23.20[0m[34;1m     25444[0m[34;1m   2020016[0m[34;1m   3432912[0m[31;1m    113.07[0m[34;1m    818480[0m[34;1m   1865680[0m[34;1m      6380[0m
09:39:30   [34;1m    208652[0m[34;1m   1164596[0m[34;1m    706292[0m[34;1m     23.26[0m[34;1m     25444[0m[34;1m   2020336[0m[34;1m   3432912[0m[31;1m    113.07[0m[34;1m    818480[0m[34;1m   1866080[0m[34;1m      6700[0m
09:39:31   [34;1m    205332[0m[34;1m   1161536[0m[34;1m    709252[0m[34;1m     23.36[0m[34;1m     25444[0m[34;1m   2020696[0m[34;1m   3433168[0m[31;1m    113.08[0m[34;1m    818480[0m[34;1m   1866260[0m[34;1m      7060[0m
09:39:32   [34;1m    202988[0m[34;1m   1159484[0m[34;1m    711344[0m[34;1m     23.43[0m[34;1m     25452[0m[34;1m   2020936[0m[34;1m   3433168[0m[31;1m    113.08[0m[34;1m    818488[0m[34;1m   1866676[0m[34;1m      7300[0m
09:39:33   [34;1m    201816[0m[34;1m   1158576[0m[34;1m    712172[0m[34;1m     23.46[0m[34;1m     25464[0m[34;1m   2021216[0m[34;1m   3433168[0m[31;1m    113.08[0m[34;1m    818500[0m[34;1m   1867096[0m[34;1m      7576[0m
09:39:34   [34;1m    199676[0m[34;1m   1156692[0m[34;1m    713876[0m[34;1m     23.51[0m[34;1m     25464[0m[34;1m   2021556[0m[34;1m   3433168[0m[31;1m    113.08[0m[34;1m    818500[0m[34;1m   1867312[0m[34;1m        16[0m
09:39:35   [34;1m    196696[0m[34;1m   1154120[0m[34;1m    716672[0m[34;1m     23.61[0m[34;1m     25476[0m[34;1m   2021848[0m[34;1m   3433168[0m[31;1m    113.08[0m[34;1m    818512[0m[34;1m   1867700[0m[34;1m       340[0m
09:39:36   [34;1m    193060[0m[34;1m   1150864[0m[34;1m    719912[0m[34;1m     23.71[0m[34;1m     25476[0m[34;1m   2022232[0m[34;1m   3470840[0m[31;1m    114.32[0m[34;1m    818512[0m[34;1m   1869260[0m[34;1m       728[0m
09:39:37   [34;1m    190460[0m[34;1m   1148652[0m[34;1m    722104[0m[34;1m     23.78[0m[34;1m     25488[0m[34;1m   2022552[0m[34;1m   3433168[0m[31;1m    113.08[0m[34;1m    818524[0m[34;1m   1861132[0m[34;1m      1044[0m
09:39:38   [34;1m    189292[0m[34;1m   1147708[0m[34;1m    723000[0m[34;1m     23.81[0m[34;1m     25488[0m[34;1m   2022812[0m[34;1m   3433168[0m[31;1m    113.08[0m[34;1m    818524[0m[34;1m   1862856[0m[34;1m      1304[0m
09:39:39   [34;1m    188096[0m[34;1m   1146912[0m[34;1m    723836[0m[34;1m     23.84[0m[34;1m     25488[0m[34;1m   2023124[0m[34;1m   3433168[0m[31;1m    113.08[0m[34;1m    818524[0m[34;1m   1863376[0m[34;1m      1616[0m
09:39:40   [34;1m    185640[0m[34;1m   1144716[0m[34;1m    726060[0m[34;1m     23.92[0m[34;1m     25488[0m[34;1m   2023424[0m[34;1m   3437776[0m[31;1m    113.23[0m[34;1m    818524[0m[34;1m   1866460[0m[34;1m      1916[0m
09:39:41   [34;1m    182900[0m[34;1m   1142316[0m[34;1m    728432[0m[34;1m     23.99[0m[34;1m     25488[0m[34;1m   2023760[0m[34;1m   3437776[0m[31;1m    113.23[0m[34;1m    818524[0m[34;1m   1867980[0m[34;1m      2252[0m
09:39:42   [34;1m    207416[0m[34;1m   1167032[0m[34;1m    703716[0m[34;1m     23.18[0m[34;1m     25496[0m[34;1m   2023972[0m[34;1m   3437776[0m[31;1m    113.23[0m[34;1m    818524[0m[34;1m   1869488[0m[34;1m      2472[0m
09:39:43   [34;1m    205576[0m[34;1m   1165600[0m[34;1m    705152[0m[34;1m     23.23[0m[34;1m     25496[0m[34;1m   2024368[0m[34;1m   3433168[0m[31;1m    113.08[0m[34;1m    818532[0m[34;1m   1869176[0m[34;1m      2864[0m
09:39:44   [34;1m    204880[0m[34;1m   1165232[0m[34;1m    705548[0m[34;1m     23.24[0m[34;1m     25508[0m[34;1m   2024664[0m[34;1m   3433168[0m[31;1m    113.08[0m[34;1m    818544[0m[34;1m   1869692[0m[34;1m      3164[0m
09:39:45   [34;1m    203240[0m[34;1m   1163804[0m[34;1m    706920[0m[34;1m     23.28[0m[34;1m     25508[0m[34;1m   2024932[0m[34;1m   3433168[0m[31;1m    113.08[0m[34;1m    818544[0m[34;1m   1865616[0m[34;1m      3432[0m
09:39:46   [34;1m    200140[0m[34;1m   1161180[0m[34;1m    709592[0m[34;1m     23.37[0m[34;1m     25508[0m[34;1m   2025252[0m[34;1m   3477804[0m[31;1m    114.55[0m[34;1m    818544[0m[34;1m   1867840[0m[34;1m      3752[0m
09:39:47   [34;1m    196092[0m[34;1m   1157444[0m[34;1m    713172[0m[34;1m     23.49[0m[34;1m     25508[0m[34;1m   2025688[0m[34;1m   3433168[0m[31;1m    113.08[0m[34;1m    818544[0m[34;1m   1868408[0m[34;1m      4188[0m
09:39:48   [34;1m    193968[0m[34;1m   1155660[0m[34;1m    714952[0m[34;1m     23.55[0m[34;1m     25520[0m[34;1m   2025988[0m[34;1m   3433424[0m[31;1m    113.09[0m[34;1m    818556[0m[34;1m   1869776[0m[34;1m      4484[0m
09:39:49   [34;1m    191388[0m[34;1m   1153348[0m[34;1m    717208[0m[34;1m     23.62[0m[34;1m     25520[0m[34;1m   2026296[0m[34;1m   3433424[0m[31;1m    113.09[0m[34;1m    818556[0m[34;1m   1870756[0m[34;1m      4792[0m
09:39:50   [34;1m    190476[0m[34;1m   1152796[0m[34;1m    717844[0m[34;1m     23.64[0m[34;1m     25532[0m[34;1m   2026628[0m[34;1m   3433424[0m[31;1m    113.09[0m[34;1m    818568[0m[34;1m   1869484[0m[34;1m      5120[0m
09:39:51   [34;1m    188412[0m[34;1m   1151012[0m[34;1m    719592[0m[34;1m     23.70[0m[34;1m     25532[0m[34;1m   2026892[0m[34;1m   3433424[0m[31;1m    113.09[0m[34;1m    818568[0m[34;1m   1868832[0m[34;1m      5384[0m
09:39:52   [34;1m    186512[0m[34;1m   1149424[0m[34;1m    721132[0m[34;1m     23.75[0m[34;1m     25532[0m[34;1m   2027216[0m[34;1m   3433424[0m[31;1m    113.09[0m[34;1m    818568[0m[34;1m   1869152[0m[34;1m      5708[0m
09:39:53   [34;1m    183060[0m[34;1m   1146316[0m[34;1m    724252[0m[34;1m     23.86[0m[34;1m     25532[0m[34;1m   2027564[0m[34;1m   3433424[0m[31;1m    113.09[0m[34;1m    818568[0m[34;1m   1870092[0m[34;1m      6056[0m
09:39:54   [34;1m    182096[0m[34;1m   1145592[0m[34;1m    725040[0m[34;1m     23.88[0m[34;1m     25544[0m[34;1m   2027740[0m[34;1m   3433424[0m[31;1m    113.09[0m[34;1m    818580[0m[34;1m   1870560[0m[34;1m      6228[0m
09:39:55   [34;1m    179224[0m[34;1m   1143116[0m[34;1m    727524[0m[34;1m     23.96[0m[34;1m     25544[0m[34;1m   2028116[0m[34;1m   3433424[0m[31;1m    113.09[0m[34;1m    818580[0m[34;1m   1872120[0m[34;1m      6604[0m
09:39:56   [34;1m    177108[0m[34;1m   1141308[0m[34;1m    729200[0m[34;1m     24.02[0m[34;1m     25544[0m[34;1m   2028412[0m[34;1m   3433424[0m[31;1m    113.09[0m[34;1m    818580[0m[34;1m   1872724[0m[34;1m      6900[0m
09:39:57   [34;1m    201648[0m[34;1m   1166132[0m[34;1m    704388[0m[34;1m     23.20[0m[34;1m     25544[0m[34;1m   2028760[0m[34;1m   3433424[0m[31;1m    113.09[0m[34;1m    818580[0m[34;1m   1876304[0m[34;1m      7248[0m
09:39:58   [34;1m    199764[0m[34;1m   1164576[0m[34;1m    705908[0m[34;1m     23.25[0m[34;1m     25556[0m[34;1m   2029060[0m[34;1m   3433424[0m[31;1m    113.09[0m[34;1m    818592[0m[34;1m   1874856[0m[34;1m      7544[0m
09:39:59   [34;1m    198144[0m[34;1m   1163336[0m[34;1m    707288[0m[34;1m     23.30[0m[34;1m     25556[0m[34;1m   2029408[0m[34;1m   3433424[0m[31;1m    113.09[0m[34;1m    818592[0m[34;1m   1871500[0m[34;1m      7892[0m
09:40:00   [34;1m    196724[0m[34;1m   1162212[0m[34;1m    708308[0m[34;1m     23.33[0m[34;1m     25556[0m[34;1m   2029680[0m[34;1m   3438032[0m[31;1m    113.24[0m[34;1m    818592[0m[34;1m   1872856[0m[34;1m      8164[0m
09:40:01   [34;1m    195780[0m[34;1m   1161500[0m[34;1m    709024[0m[34;1m     23.35[0m[34;1m     25556[0m[34;1m   2029940[0m[34;1m   3438032[0m[31;1m    113.24[0m[34;1m    818592[0m[34;1m   1873020[0m[34;1m      8424[0m
09:40:02   [34;1m    193688[0m[34;1m   1159700[0m[34;1m    710804[0m[34;1m     23.41[0m[34;1m     25556[0m[34;1m   2030268[0m[34;1m   3438032[0m[31;1m    113.24[0m[34;1m    818592[0m[34;1m   1872744[0m[34;1m      8752[0m
09:40:03   [34;1m    192320[0m[34;1m   1158748[0m[34;1m    711744[0m[34;1m     23.44[0m[34;1m     25564[0m[34;1m   2030628[0m[34;1m   3434272[0m[31;1m    113.12[0m[34;1m    818600[0m[34;1m   1874128[0m[34;1m      9112[0m
09:40:04   [34;1m    190928[0m[34;1m   1157660[0m[34;1m    712888[0m[34;1m     23.48[0m[34;1m     25564[0m[34;1m   2030924[0m[34;1m   3433424[0m[31;1m    113.09[0m[34;1m    818600[0m[34;1m   1874332[0m[34;1m      9408[0m
09:40:05   [34;1m    189532[0m[34;1m   1156604[0m[34;1m    713896[0m[34;1m     23.51[0m[34;1m     25588[0m[34;1m   2031228[0m[34;1m   3433424[0m[31;1m    113.09[0m[34;1m    818632[0m[34;1m   1874556[0m[34;1m       148[0m
09:40:06   [34;1m    187440[0m[34;1m   1154764[0m[34;1m    715800[0m[34;1m     23.58[0m[34;1m     25588[0m[34;1m   2031448[0m[34;1m   3433424[0m[31;1m    113.09[0m[34;1m    818632[0m[34;1m   1874568[0m[34;1m       372[0m
09:40:07   [34;1m    185148[0m[34;1m   1152764[0m[34;1m    717812[0m[34;1m     23.64[0m[34;1m     25588[0m[34;1m   2031756[0m[34;1m   3433424[0m[31;1m    113.09[0m[34;1m    818632[0m[34;1m   1875476[0m[34;1m       680[0m
09:40:08   [34;1m    184228[0m[34;1m   1152176[0m[34;1m    718336[0m[34;1m     23.66[0m[34;1m     25600[0m[34;1m   2032064[0m[34;1m   3433424[0m[31;1m    113.09[0m[34;1m    818644[0m[34;1m   1875940[0m[34;1m      1048[0m
09:40:09   [34;1m    182836[0m[34;1m   1151020[0m[34;1m    719396[0m[34;1m     23.70[0m[34;1m     25600[0m[34;1m   2032364[0m[34;1m   3433424[0m[31;1m    113.09[0m[34;1m    818644[0m[34;1m   1876260[0m[34;1m      1348[0m
09:40:10   [34;1m    181640[0m[34;1m   1150164[0m[34;1m    720300[0m[34;1m     23.73[0m[34;1m     25600[0m[34;1m   2032668[0m[34;1m   3433424[0m[31;1m    113.09[0m[34;1m    818644[0m[34;1m   1876816[0m[34;1m      1652[0m
09:40:11   [34;1m    180160[0m[34;1m   1148848[0m[34;1m    721700[0m[34;1m     23.77[0m[34;1m     25600[0m[34;1m   2032800[0m[34;1m   3433424[0m[31;1m    113.09[0m[34;1m    818644[0m[34;1m   1879764[0m[34;1m      1784[0m
09:40:12   [34;1m    177960[0m[34;1m   1146964[0m[34;1m    723512[0m[34;1m     23.83[0m[34;1m     25600[0m[34;1m   2033168[0m[34;1m   3433424[0m[31;1m    113.09[0m[34;1m    818644[0m[34;1m   1880488[0m[34;1m      2152[0m
09:40:13   [34;1m    173580[0m[34;1m   1142924[0m[34;1m    727608[0m[34;1m     23.97[0m[34;1m     25608[0m[34;1m   2033436[0m[34;1m   3437520[0m[31;1m    113.23[0m[34;1m    818652[0m[34;1m   1883740[0m[34;1m      2432[0m
09:40:14   [34;1m    171416[0m[34;1m   1141000[0m[34;1m    729576[0m[34;1m     24.03[0m[34;1m     25608[0m[34;1m   2033676[0m[34;1m   3437520[0m[31;1m    113.23[0m[34;1m    818652[0m[34;1m   1884396[0m[34;1m      2672[0m
09:40:15   [34;1m    169240[0m[34;1m   1139136[0m[34;1m    731384[0m[34;1m     24.09[0m[34;1m     25608[0m[34;1m   2033968[0m[34;1m   3437520[0m[31;1m    113.23[0m[34;1m    818652[0m[34;1m   1885376[0m[34;1m      2964[0m
09:40:16   [34;1m    166592[0m[34;1m   1136760[0m[34;1m    733636[0m[34;1m     24.16[0m[34;1m     25620[0m[34;1m   2034256[0m[34;1m   3437520[0m[31;1m    113.23[0m[34;1m    818652[0m[34;1m   1885840[0m[34;1m      3264[0m
09:40:17   [34;1m    164648[0m[34;1m   1135120[0m[34;1m    735400[0m[34;1m     24.22[0m[34;1m     25620[0m[34;1m   2034540[0m[34;1m   3437520[0m[31;1m    113.23[0m[34;1m    818664[0m[34;1m   1886016[0m[34;1m      3532[0m
09:40:18   [34;1m    164248[0m[34;1m   1134908[0m[34;1m    735528[0m[34;1m     24.23[0m[34;1m     25620[0m[34;1m   2034752[0m[34;1m   3437520[0m[31;1m    113.23[0m[34;1m    818664[0m[34;1m   1886212[0m[34;1m      3744[0m
09:40:19   [34;1m    189952[0m[34;1m   1160848[0m[34;1m    709636[0m[34;1m     23.37[0m[34;1m     25620[0m[34;1m   2034968[0m[34;1m   3437520[0m[31;1m    113.23[0m[34;1m    818664[0m[34;1m   1886684[0m[34;1m      3960[0m
09:40:20   [34;1m    187020[0m[34;1m   1158228[0m[34;1m    712168[0m[34;1m     23.46[0m[34;1m     25632[0m[34;1m   2035272[0m[34;1m   3442128[0m[31;1m    113.38[0m[34;1m    818676[0m[34;1m   1888460[0m[34;1m      4264[0m
09:40:21   [34;1m    184732[0m[34;1m   1156212[0m[34;1m    714288[0m[34;1m     23.53[0m[34;1m     25632[0m[34;1m   2035532[0m[34;1m   3442128[0m[31;1m    113.38[0m[34;1m    818676[0m[34;1m   1887668[0m[34;1m      4524[0m
09:40:22   [34;1m    181604[0m[34;1m   1153360[0m[34;1m    717068[0m[34;1m     23.62[0m[34;1m     25632[0m[34;1m   2035808[0m[34;1m   3442128[0m[31;1m    113.38[0m[34;1m    818676[0m[34;1m   1883360[0m[34;1m      4800[0m
09:40:23   [34;1m    179892[0m[34;1m   1151960[0m[34;1m    718420[0m[34;1m     23.66[0m[34;1m     25632[0m[34;1m   2036108[0m[34;1m   3437520[0m[31;1m    113.23[0m[34;1m    818676[0m[34;1m   1883264[0m[34;1m      5100[0m
09:40:24   [34;1m    179420[0m[34;1m   1151712[0m[34;1m    718752[0m[34;1m     23.67[0m[34;1m     25644[0m[34;1m   2036212[0m[34;1m   3437520[0m[31;1m    113.23[0m[34;1m    818676[0m[34;1m   1883844[0m[34;1m      5216[0m
09:40:25   [34;1m    178416[0m[34;1m   1150916[0m[34;1m    719552[0m[34;1m     23.70[0m[34;1m     25644[0m[34;1m   2036500[0m[34;1m   3437520[0m[31;1m    113.23[0m[34;1m    818688[0m[34;1m   1885288[0m[34;1m      5488[0m
09:40:26   [34;1m    176464[0m[34;1m   1149236[0m[34;1m    721124[0m[34;1m     23.75[0m[34;1m     25644[0m[34;1m   2036772[0m[34;1m   3437520[0m[31;1m    113.23[0m[34;1m    818688[0m[34;1m   1886432[0m[34;1m      5760[0m
09:40:27   [34;1m    169032[0m[34;1m   1141940[0m[34;1m    728408[0m[34;1m     23.99[0m[34;1m     25644[0m[34;1m   2036900[0m[34;1m   3445780[0m[31;1m    113.50[0m[34;1m    818688[0m[34;1m   1893548[0m[34;1m      5888[0m
09:40:28   [34;1m    164644[0m[34;1m   1137748[0m[34;1m    732728[0m[34;1m     24.13[0m[34;1m     25656[0m[34;1m   2037092[0m[34;1m   3445780[0m[31;1m    113.50[0m[34;1m    818688[0m[34;1m   1897248[0m[34;1m      6092[0m
09:40:29   [34;1m    163444[0m[34;1m   1136928[0m[34;1m    733564[0m[34;1m     24.16[0m[34;1m     25656[0m[34;1m   2037456[0m[34;1m   3445780[0m[31;1m    113.50[0m[34;1m    818700[0m[34;1m   1898264[0m[34;1m      6440[0m
09:40:30   [34;1m    162024[0m[34;1m   1135640[0m[34;1m    734792[0m[34;1m     24.20[0m[34;1m     25656[0m[34;1m   2037616[0m[34;1m   3445780[0m[31;1m    113.50[0m[34;1m    818700[0m[34;1m   1898284[0m[34;1m      6600[0m
09:40:31   [34;1m    160856[0m[34;1m   1134868[0m[34;1m    735584[0m[34;1m     24.23[0m[34;1m     25656[0m[34;1m   2037976[0m[34;1m   3445844[0m[31;1m    113.50[0m[34;1m    818700[0m[34;1m   1892260[0m[34;1m       200[0m
09:40:32   [34;1m    159664[0m[34;1m   1133844[0m[34;1m    736676[0m[34;1m     24.26[0m[34;1m     25656[0m[34;1m   2038144[0m[34;1m   3445844[0m[31;1m    113.50[0m[34;1m    818700[0m[34;1m   1892380[0m[34;1m       368[0m
09:40:33   [34;1m    158720[0m[34;1m   1133096[0m[34;1m    737372[0m[34;1m     24.29[0m[34;1m     25656[0m[34;1m   2038340[0m[34;1m   3445844[0m[31;1m    113.50[0m[34;1m    818700[0m[34;1m   1892600[0m[34;1m       568[0m
09:40:34   [34;1m    158248[0m[34;1m   1132888[0m[34;1m    737472[0m[34;1m     24.29[0m[34;1m     25664[0m[34;1m   2038612[0m[34;1m   3445844[0m[31;1m    113.50[0m[34;1m    818708[0m[34;1m   1894488[0m[34;1m       892[0m
09:40:35   [34;1m    156108[0m[34;1m   1130940[0m[34;1m    739372[0m[34;1m     24.35[0m[34;1m     25676[0m[34;1m   2038808[0m[34;1m   3445844[0m[31;1m    113.50[0m[34;1m    818720[0m[34;1m   1894676[0m[34;1m      1100[0m
09:40:36   [34;1m    153396[0m[34;1m   1128544[0m[34;1m    741812[0m[34;1m     24.43[0m[34;1m     25676[0m[34;1m   2039100[0m[34;1m   3445844[0m[31;1m    113.50[0m[34;1m    818720[0m[34;1m   1898368[0m[34;1m      1392[0m
09:40:37   [34;1m    151892[0m[34;1m   1127252[0m[34;1m    743060[0m[34;1m     24.48[0m[34;1m     25676[0m[34;1m   2039332[0m[34;1m   3445844[0m[31;1m    113.50[0m[34;1m    818724[0m[34;1m   1898444[0m[34;1m      1624[0m
09:40:38   [34;1m    151196[0m[34;1m   1126820[0m[34;1m    743448[0m[34;1m     24.49[0m[34;1m     25676[0m[34;1m   2039616[0m[34;1m   3445844[0m[31;1m    113.50[0m[34;1m    818720[0m[34;1m   1898632[0m[34;1m      1908[0m
09:40:39   [34;1m    176172[0m[34;1m   1151976[0m[34;1m    718404[0m[34;1m     23.66[0m[34;1m     25676[0m[34;1m   2039796[0m[34;1m   3445844[0m[31;1m    113.50[0m[34;1m    818720[0m[34;1m   1898820[0m[34;1m      2088[0m
09:40:40   [34;1m    172072[0m[34;1m   1148284[0m[34;1m    722052[0m[34;1m     23.78[0m[34;1m     25684[0m[34;1m   2040160[0m[34;1m   3450452[0m[31;1m    113.65[0m[34;1m    818728[0m[34;1m   1898988[0m[34;1m      2452[0m
09:40:41   [34;1m    170404[0m[34;1m   1146800[0m[34;1m    723548[0m[34;1m     23.83[0m[34;1m     25696[0m[34;1m   2040324[0m[34;1m   3450452[0m[31;1m    113.65[0m[34;1m    818740[0m[34;1m   1899276[0m[34;1m      2612[0m
09:40:42   [34;1m    169400[0m[34;1m   1146112[0m[34;1m    724228[0m[34;1m     23.85[0m[34;1m     25696[0m[34;1m   2040600[0m[34;1m   3450452[0m[31;1m    113.65[0m[34;1m    818740[0m[34;1m   1894748[0m[34;1m      2888[0m
09:40:43   [34;1m    167536[0m[34;1m   1144540[0m[34;1m    725828[0m[34;1m     23.91[0m[34;1m     25696[0m[34;1m   2040916[0m[34;1m   3445844[0m[31;1m    113.50[0m[34;1m    818740[0m[34;1m   1892740[0m[34;1m      3204[0m
09:40:44   [34;1m    166144[0m[34;1m   1143408[0m[34;1m    727012[0m[34;1m     23.95[0m[34;1m     25696[0m[34;1m   2041116[0m[34;1m   3445844[0m[31;1m    113.50[0m[34;1m    818740[0m[34;1m   1892896[0m[34;1m      3404[0m
09:40:45   [34;1m    164948[0m[34;1m   1142436[0m[34;1m    727860[0m[34;1m     23.97[0m[34;1m     25696[0m[34;1m   2041404[0m[34;1m   3445844[0m[31;1m    113.50[0m[34;1m    818740[0m[34;1m   1893044[0m[34;1m      3692[0m
09:40:46   [34;1m    163780[0m[34;1m   1141492[0m[34;1m    728700[0m[34;1m     24.00[0m[34;1m     25704[0m[34;1m   2041704[0m[34;1m   3445844[0m[31;1m    113.50[0m[34;1m    818744[0m[34;1m   1893488[0m[34;1m      3892[0m
09:40:47   [34;1m    162336[0m[34;1m   1140332[0m[34;1m    729980[0m[34;1m     24.04[0m[34;1m     25716[0m[34;1m   2041920[0m[34;1m   3445844[0m[31;1m    113.50[0m[34;1m    818760[0m[34;1m   1893852[0m[34;1m      4176[0m
09:40:48   [34;1m    160272[0m[34;1m   1138584[0m[34;1m    731728[0m[34;1m     24.10[0m[34;1m     25716[0m[34;1m   2042200[0m[34;1m   3445844[0m[31;1m    113.50[0m[34;1m    818760[0m[34;1m   1895152[0m[34;1m      4456[0m
09:40:49   [34;1m    157536[0m[34;1m   1136176[0m[34;1m    734148[0m[34;1m     24.18[0m[34;1m     25716[0m[34;1m   2042504[0m[34;1m   3445844[0m[31;1m    113.50[0m[34;1m    818760[0m[34;1m   1895904[0m[34;1m      4760[0m
09:40:50   [34;1m    156360[0m[34;1m   1135328[0m[34;1m    735056[0m[34;1m     24.21[0m[34;1m     25716[0m[34;1m   2042816[0m[34;1m   3445844[0m[31;1m    113.50[0m[34;1m    818760[0m[34;1m   1891500[0m[34;1m      5072[0m
09:40:51   [34;1m    154968[0m[34;1m   1134268[0m[34;1m    736060[0m[34;1m     24.24[0m[34;1m     25728[0m[34;1m   2043152[0m[34;1m   3445844[0m[31;1m    113.50[0m[34;1m    818772[0m[34;1m   1887224[0m[34;1m      5404[0m
09:40:52   [34;1m    153596[0m[34;1m   1133236[0m[34;1m    737020[0m[34;1m     24.28[0m[34;1m     25728[0m[34;1m   2043504[0m[34;1m   3445844[0m[31;1m    113.50[0m[34;1m    818772[0m[34;1m   1887588[0m[34;1m      5756[0m
09:40:53   [34;1m    179284[0m[34;1m   1159220[0m[34;1m    711108[0m[34;1m     23.42[0m[34;1m     25728[0m[34;1m   2043772[0m[34;1m   3445844[0m[31;1m    113.50[0m[34;1m    818772[0m[34;1m   1887920[0m[34;1m      6024[0m
09:40:54   [34;1m    178100[0m[34;1m   1158276[0m[34;1m    712020[0m[34;1m     23.45[0m[34;1m     25728[0m[34;1m   2044036[0m[34;1m   3445844[0m[31;1m    113.50[0m[34;1m    818772[0m[34;1m   1888280[0m[34;1m      6288[0m
09:40:55   [34;1m    176132[0m[34;1m   1156524[0m[34;1m    713768[0m[34;1m     23.51[0m[34;1m     25728[0m[34;1m   2044196[0m[34;1m   3445844[0m[31;1m    113.50[0m[34;1m    818772[0m[34;1m   1892212[0m[34;1m      6448[0m
09:40:56   [34;1m    174460[0m[34;1m   1155124[0m[34;1m    715152[0m[34;1m     23.56[0m[34;1m     25736[0m[34;1m   2044476[0m[34;1m   3445844[0m[31;1m    113.50[0m[34;1m    818780[0m[34;1m   1893076[0m[34;1m      6728[0m
09:40:57   [34;1m    171056[0m[34;1m   1152008[0m[34;1m    718232[0m[34;1m     23.66[0m[34;1m     25736[0m[34;1m   2044744[0m[34;1m   3445844[0m[31;1m    113.50[0m[34;1m    818776[0m[34;1m   1899196[0m[34;1m      6996[0m
09:40:58   [34;1m    165696[0m[34;1m   1146892[0m[34;1m    723352[0m[34;1m     23.83[0m[34;1m     25736[0m[34;1m   2044988[0m[34;1m   3445844[0m[31;1m    113.50[0m[34;1m    818780[0m[34;1m   1902156[0m[34;1m      7240[0m
09:40:59   [34;1m    158844[0m[34;1m   1140300[0m[34;1m    729864[0m[34;1m     24.04[0m[34;1m     25748[0m[34;1m   2045344[0m[34;1m   3445844[0m[31;1m    113.50[0m[34;1m    818792[0m[34;1m   1906700[0m[34;1m      7592[0m
09:41:00   [34;1m    155912[0m[34;1m   1137624[0m[34;1m    732732[0m[34;1m     24.13[0m[34;1m     25748[0m[34;1m   2045492[0m[34;1m   3450452[0m[31;1m    113.65[0m[34;1m    818792[0m[34;1m   1908680[0m[34;1m      7740[0m
09:41:01   [34;1m    154044[0m[34;1m   1136096[0m[34;1m    734208[0m[34;1m     24.18[0m[34;1m     25748[0m[34;1m   2045820[0m[34;1m   3450516[0m[31;1m    113.65[0m[34;1m    818792[0m[34;1m   1909064[0m[34;1m        48[0m
09:41:02   [34;1m    150548[0m[34;1m   1132828[0m[34;1m    737460[0m[34;1m     24.29[0m[34;1m     25748[0m[34;1m   2046048[0m[34;1m   3450516[0m[31;1m    113.65[0m[34;1m    818792[0m[34;1m   1903704[0m[34;1m       280[0m
09:41:03   [34;1m    148188[0m[34;1m   1130800[0m[34;1m    739484[0m[34;1m     24.36[0m[34;1m     25760[0m[34;1m   2046352[0m[34;1m   3445908[0m[31;1m    113.50[0m[34;1m    818804[0m[34;1m   1902360[0m[34;1m       580[0m
09:41:04   [34;1m    146572[0m[34;1m   1129516[0m[34;1m    740704[0m[34;1m     24.40[0m[34;1m     25760[0m[34;1m   2046632[0m[34;1m   3445908[0m[31;1m    113.50[0m[34;1m    818804[0m[34;1m   1900960[0m[34;1m       860[0m
09:41:05   [34;1m    145652[0m[34;1m   1128844[0m[34;1m    741440[0m[34;1m     24.42[0m[34;1m     25760[0m[34;1m   2046932[0m[34;1m   3445908[0m[31;1m    113.50[0m[34;1m    818804[0m[34;1m   1901140[0m[34;1m      1160[0m
09:41:06   [34;1m    170176[0m[34;1m   1153588[0m[34;1m    716772[0m[34;1m     23.61[0m[34;1m     25760[0m[34;1m   2047104[0m[34;1m   3445908[0m[31;1m    113.50[0m[34;1m    818804[0m[34;1m   1901388[0m[34;1m      1332[0m
09:41:07   [34;1m    166556[0m[34;1m   1150240[0m[34;1m    720064[0m[34;1m     23.72[0m[34;1m     25760[0m[34;1m   2047428[0m[34;1m   3445908[0m[31;1m    113.50[0m[34;1m    818800[0m[34;1m   1901928[0m[34;1m      1576[0m
09:41:08   [34;1m    165612[0m[34;1m   1149596[0m[34;1m    720568[0m[34;1m     23.73[0m[34;1m     25768[0m[34;1m   2047716[0m[34;1m   3445908[0m[31;1m    113.50[0m[34;1m    818808[0m[34;1m   1902304[0m[34;1m      1908[0m
09:41:09   [34;1m    164640[0m[34;1m   1148860[0m[34;1m    721392[0m[34;1m     23.76[0m[34;1m     25780[0m[34;1m   2047936[0m[34;1m   3445908[0m[31;1m    113.50[0m[34;1m    818824[0m[34;1m   1898252[0m[34;1m      2140[0m
09:41:10   [34;1m    162524[0m[34;1m   1146992[0m[34;1m    723200[0m[34;1m     23.82[0m[34;1m     25780[0m[34;1m   2048148[0m[34;1m   3445908[0m[31;1m    113.50[0m[34;1m    818824[0m[34;1m   1898552[0m[34;1m      2348[0m
09:41:11   [34;1m    160412[0m[34;1m   1145152[0m[34;1m    724936[0m[34;1m     23.88[0m[34;1m     25780[0m[34;1m   2048504[0m[34;1m   3445908[0m[31;1m    113.50[0m[34;1m    818824[0m[34;1m   1898956[0m[34;1m      2704[0m
09:41:12   [34;1m    157376[0m[34;1m   1142436[0m[34;1m    727848[0m[34;1m     23.97[0m[34;1m     25780[0m[34;1m   2048756[0m[34;1m   3445908[0m[31;1m    113.50[0m[34;1m    818824[0m[34;1m   1900608[0m[34;1m      2956[0m
09:41:13   [34;1m    156904[0m[34;1m   1142224[0m[34;1m    727940[0m[34;1m     23.98[0m[34;1m     25780[0m[34;1m   2048984[0m[34;1m   3445908[0m[31;1m    113.50[0m[34;1m    818824[0m[34;1m   1900932[0m[34;1m      3184[0m
09:41:14   [34;1m    155040[0m[34;1m   1140636[0m[34;1m    729588[0m[34;1m     24.03[0m[34;1m     25788[0m[34;1m   2049268[0m[34;1m   3445908[0m[31;1m    113.50[0m[34;1m    818832[0m[34;1m   1903236[0m[34;1m      3476[0m
09:41:15   [34;1m    153596[0m[34;1m   1139508[0m[34;1m    730688[0m[34;1m     24.07[0m[34;1m     25800[0m[34;1m   2049600[0m[34;1m   3445908[0m[31;1m    113.50[0m[34;1m    818832[0m[34;1m   1903808[0m[34;1m      3820[0m
09:41:16   [34;1m    151284[0m[34;1m   1137436[0m[34;1m    732784[0m[34;1m     24.14[0m[34;1m     25800[0m[34;1m   2049868[0m[34;1m   3445908[0m[31;1m    113.50[0m[34;1m    818844[0m[34;1m   1904192[0m[34;1m      4072[0m
09:41:17   [34;1m    149192[0m[34;1m   1135784[0m[34;1m    734392[0m[34;1m     24.19[0m[34;1m     25800[0m[34;1m   2050196[0m[34;1m   3484752[0m[31;1m    114.78[0m[34;1m    818844[0m[34;1m   1901772[0m[34;1m      4400[0m
09:41:18   [34;1m    146540[0m[34;1m   1133264[0m[34;1m    736856[0m[34;1m     24.27[0m[34;1m     25800[0m[34;1m   2050408[0m[34;1m   3445908[0m[31;1m    113.50[0m[34;1m    818844[0m[34;1m   1901888[0m[34;1m      4612[0m
09:41:19   [34;1m    145568[0m[34;1m   1132528[0m[34;1m    737700[0m[34;1m     24.30[0m[34;1m     25800[0m[34;1m   2050624[0m[34;1m   3445908[0m[31;1m    113.50[0m[34;1m    818844[0m[34;1m   1902096[0m[34;1m      4828[0m
09:41:20   [34;1m    144872[0m[34;1m   1132244[0m[34;1m    737876[0m[34;1m     24.30[0m[34;1m     25812[0m[34;1m   2050988[0m[34;1m   3450516[0m[31;1m    113.65[0m[34;1m    818856[0m[34;1m   1903932[0m[34;1m      5192[0m
09:41:21   [34;1m    142672[0m[34;1m   1130380[0m[34;1m    739832[0m[34;1m     24.37[0m[34;1m     25812[0m[34;1m   2051236[0m[34;1m   3450516[0m[31;1m    113.65[0m[34;1m    818856[0m[34;1m   1905024[0m[34;1m      5440[0m
09:41:22   [34;1m    140304[0m[34;1m   1128176[0m[34;1m    741908[0m[34;1m     24.44[0m[34;1m     25812[0m[34;1m   2051524[0m[34;1m   3450516[0m[31;1m    113.65[0m[34;1m    818856[0m[34;1m   1905672[0m[34;1m      5728[0m
09:41:23   [34;1m    139640[0m[34;1m   1127844[0m[34;1m    742140[0m[34;1m     24.44[0m[34;1m     25812[0m[34;1m   2051856[0m[34;1m   3445908[0m[31;1m    113.50[0m[34;1m    818856[0m[34;1m   1904480[0m[34;1m      6060[0m
09:41:24   [34;1m    139496[0m[34;1m   1127980[0m[34;1m    742084[0m[34;1m     24.44[0m[34;1m     25812[0m[34;1m   2052128[0m[34;1m   3445908[0m[31;1m    113.50[0m[34;1m    818856[0m[34;1m   1904792[0m[34;1m      6332[0m
09:41:25   [34;1m    165020[0m[34;1m   1153808[0m[34;1m    716332[0m[34;1m     23.59[0m[34;1m     25820[0m[34;1m   2052400[0m[34;1m   3445908[0m[31;1m    113.50[0m[34;1m    818856[0m[34;1m   1903056[0m[34;1m      6612[0m
09:41:26   [34;1m    163800[0m[34;1m   1152936[0m[34;1m    717176[0m[34;1m     23.62[0m[34;1m     25832[0m[34;1m   2052716[0m[34;1m   3445908[0m[31;1m    113.50[0m[34;1m    818876[0m[34;1m   1902544[0m[34;1m      6916[0m
09:41:27   [34;1m    162376[0m[34;1m   1151756[0m[34;1m    718456[0m[34;1m     23.66[0m[34;1m     25832[0m[34;1m   2052900[0m[34;1m   3445908[0m[31;1m    113.50[0m[34;1m    818876[0m[34;1m   1902824[0m[34;1m      7100[0m
09:41:28   [34;1m    161432[0m[34;1m   1151136[0m[34;1m    719036[0m[34;1m     23.68[0m[34;1m     25832[0m[34;1m   2053216[0m[34;1m   3445908[0m[31;1m    113.50[0m[34;1m    818876[0m[34;1m   1903348[0m[34;1m      7416[0m
09:41:29   [34;1m    160960[0m[34;1m   1150788[0m[34;1m    719340[0m[34;1m     23.69[0m[34;1m     25832[0m[34;1m   2053436[0m[34;1m   3445908[0m[31;1m    113.50[0m[34;1m    818876[0m[34;1m   1903488[0m[34;1m      7636[0m
09:41:30   [34;1m    159992[0m[34;1m   1150128[0m[34;1m    719860[0m[34;1m     23.71[0m[34;1m     25832[0m[34;1m   2053692[0m[34;1m   3445908[0m[31;1m    113.50[0m[34;1m    818876[0m[34;1m   1904092[0m[34;1m      7892[0m
09:41:31   [34;1m    159992[0m[34;1m   1150336[0m[34;1m    719700[0m[34;1m     23.71[0m[34;1m     25844[0m[34;1m   2053932[0m[34;1m   3445908[0m[31;1m    113.50[0m[34;1m    818888[0m[34;1m   1904508[0m[34;1m      8128[0m
09:41:32   [34;1m    157744[0m[34;1m   1148356[0m[34;1m    721752[0m[34;1m     23.77[0m[34;1m     25844[0m[34;1m   2054160[0m[34;1m   3445908[0m[31;1m    113.50[0m[34;1m    818888[0m[34;1m   1908540[0m[34;1m        48[0m
09:41:33   [34;1m    154564[0m[34;1m   1145304[0m[34;1m    724700[0m[34;1m     23.87[0m[34;1m     25844[0m[34;1m   2054340[0m[34;1m   3445908[0m[31;1m    113.50[0m[34;1m    818888[0m[34;1m   1908704[0m[34;1m       228[0m
09:41:34   [34;1m    149752[0m[34;1m   1140876[0m[34;1m    729156[0m[34;1m     24.02[0m[34;1m     25844[0m[34;1m   2054672[0m[34;1m   3445908[0m[31;1m    113.50[0m[34;1m    818888[0m[34;1m   1912560[0m[34;1m       568[0m
09:41:35   [34;1m    147824[0m[34;1m   1139228[0m[34;1m    730848[0m[34;1m     24.07[0m[34;1m     25844[0m[34;1m   2054940[0m[34;1m   3445908[0m[31;1m    113.50[0m[34;1m    818888[0m[34;1m   1913348[0m[34;1m       840[0m
09:41:36   [34;1m    146376[0m[34;1m   1137960[0m[34;1m    732152[0m[34;1m     24.12[0m[34;1m     25856[0m[34;1m   2055132[0m[34;1m   3445908[0m[31;1m    113.50[0m[34;1m    818900[0m[34;1m   1913820[0m[34;1m      1084[0m
09:41:37   [34;1m    144960[0m[34;1m   1136912[0m[34;1m    733036[0m[34;1m     24.14[0m[34;1m     25856[0m[34;1m   2055516[0m[34;1m   3445908[0m[31;1m    113.50[0m[34;1m    818900[0m[34;1m   1907024[0m[34;1m      1468[0m
09:41:38   [34;1m    143368[0m[34;1m   1135600[0m[34;1m    734468[0m[34;1m     24.19[0m[34;1m     25868[0m[34;1m   2055748[0m[34;1m   3445908[0m[31;1m    113.50[0m[34;1m    818912[0m[34;1m   1908192[0m[34;1m      1704[0m
09:41:39   [34;1m    142400[0m[34;1m   1135004[0m[34;1m    735120[0m[34;1m     24.21[0m[34;1m     25868[0m[34;1m   2056024[0m[34;1m   3445908[0m[31;1m    113.50[0m[34;1m    818912[0m[34;1m   1908920[0m[34;1m      1980[0m
09:41:40   [34;1m    140728[0m[34;1m   1133492[0m[34;1m    736624[0m[34;1m     24.26[0m[34;1m     25868[0m[34;1m   2056260[0m[34;1m   3450516[0m[31;1m    113.65[0m[34;1m    818912[0m[34;1m   1913940[0m[34;1m      2216[0m
09:41:41   [34;1m    139532[0m[34;1m   1132568[0m[34;1m    737432[0m[34;1m     24.29[0m[34;1m     25868[0m[34;1m   2056552[0m[34;1m   3450516[0m[31;1m    113.65[0m[34;1m    818912[0m[34;1m   1914420[0m[34;1m      2508[0m
09:41:42   [34;1m    138836[0m[34;1m   1132164[0m[34;1m    737828[0m[34;1m     24.30[0m[34;1m     25880[0m[34;1m   2056824[0m[34;1m   3456528[0m[31;1m    113.85[0m[34;1m    818924[0m[34;1m   1911456[0m[34;1m      2776[0m
09:41:43   [34;1m    138584[0m[34;1m   1132256[0m[34;1m    737860[0m[34;1m     24.30[0m[34;1m     25880[0m[34;1m   2057088[0m[34;1m   3445908[0m[31;1m    113.50[0m[34;1m    818948[0m[34;1m   1910040[0m[34;1m      3040[0m
09:41:44   [34;1m    136664[0m[34;1m   1130524[0m[34;1m    739440[0m[34;1m     24.36[0m[34;1m     25880[0m[34;1m   2057352[0m[34;1m   3445908[0m[31;1m    113.50[0m[34;1m    818948[0m[34;1m   1910452[0m[34;1m      3304[0m
09:41:45   [34;1m    134300[0m[34;1m   1128408[0m[34;1m    741724[0m[34;1m     24.43[0m[34;1m     25880[0m[34;1m   2057592[0m[34;1m   3445908[0m[31;1m    113.50[0m[34;1m    818948[0m[34;1m   1911352[0m[34;1m      3544[0m
09:41:46   [34;1m    132880[0m[34;1m   1127244[0m[34;1m    742772[0m[34;1m     24.47[0m[34;1m     25880[0m[34;1m   2057868[0m[34;1m   3445908[0m[31;1m    113.50[0m[34;1m    818948[0m[34;1m   1911804[0m[34;1m      3820[0m
09:41:47   [34;1m    131488[0m[34;1m   1126160[0m[34;1m    743860[0m[34;1m     24.50[0m[34;1m     25888[0m[34;1m   2058168[0m[34;1m   3445908[0m[31;1m    113.50[0m[34;1m    818952[0m[34;1m   1912028[0m[34;1m      4120[0m
09:41:48   [34;1m    128552[0m[34;1m   1123584[0m[34;1m    746464[0m[34;1m     24.59[0m[34;1m     25888[0m[34;1m   2058476[0m[34;1m   3445908[0m[31;1m    113.50[0m[34;1m    818956[0m[34;1m   1911392[0m[34;1m      4428[0m
09:41:49   [34;1m    154716[0m[34;1m   1149940[0m[34;1m    720116[0m[34;1m     23.72[0m[34;1m     25888[0m[34;1m   2058652[0m[34;1m   3445908[0m[31;1m    113.50[0m[34;1m    818956[0m[34;1m   1906564[0m[34;1m      4604[0m
09:41:50   [34;1m    152792[0m[34;1m   1148264[0m[34;1m    721728[0m[34;1m     23.77[0m[34;1m     25900[0m[34;1m   2058888[0m[34;1m   3446164[0m[31;1m    113.51[0m[34;1m    818968[0m[34;1m   1907628[0m[34;1m      4836[0m
09:41:51   [34;1m    151844[0m[34;1m   1147628[0m[34;1m    722292[0m[34;1m     23.79[0m[34;1m     25900[0m[34;1m   2059252[0m[34;1m   3446164[0m[31;1m    113.51[0m[34;1m    818968[0m[34;1m   1908280[0m[34;1m      5200[0m
09:41:52   [34;1m    173240[0m[34;1m   1169336[0m[34;1m    700744[0m[34;1m     23.08[0m[34;1m     25900[0m[34;1m   2059504[0m[34;1m   3446164[0m[31;1m    113.51[0m[34;1m    818968[0m[34;1m   1912144[0m[34;1m      5452[0m
09:41:53   [34;1m    170840[0m[34;1m   1167120[0m[34;1m    702880[0m[34;1m     23.15[0m[34;1m     25900[0m[34;1m   2059692[0m[34;1m   3446164[0m[31;1m    113.51[0m[34;1m    818968[0m[34;1m   1912580[0m[34;1m      5640[0m
09:41:54   [34;1m    169364[0m[34;1m   1165916[0m[34;1m    704092[0m[34;1m     23.19[0m[34;1m     25912[0m[34;1m   2059952[0m[34;1m   3446164[0m[31;1m    113.51[0m[34;1m    818980[0m[34;1m   1914100[0m[34;1m      5896[0m
09:41:55   [34;1m    166492[0m[34;1m   1163292[0m[34;1m    706784[0m[34;1m     23.28[0m[34;1m     25912[0m[34;1m   2060224[0m[34;1m   3446164[0m[31;1m    113.51[0m[34;1m    818980[0m[34;1m   1912544[0m[34;1m      6172[0m
09:41:56   [34;1m    165572[0m[34;1m   1162556[0m[34;1m    707308[0m[34;1m     23.30[0m[34;1m     25912[0m[34;1m   2060496[0m[34;1m   3446164[0m[31;1m    113.51[0m[34;1m    818980[0m[34;1m   1910132[0m[34;1m      6444[0m
09:41:57   [34;1m    164428[0m[34;1m   1161852[0m[34;1m    708192[0m[34;1m     23.33[0m[34;1m     25912[0m[34;1m   2060828[0m[34;1m   3446164[0m[31;1m    113.51[0m[34;1m    818980[0m[34;1m   1911520[0m[34;1m      6776[0m
09:41:58   [34;1m    162280[0m[34;1m   1159964[0m[34;1m    709996[0m[34;1m     23.39[0m[34;1m     25912[0m[34;1m   2061064[0m[34;1m   3454356[0m[31;1m    113.78[0m[34;1m    818984[0m[34;1m   1911996[0m[34;1m       212[0m
09:41:59   [34;1m    160800[0m[34;1m   1158728[0m[34;1m    711420[0m[34;1m     23.43[0m[34;1m     25920[0m[34;1m   2061292[0m[34;1m   3454356[0m[31;1m    113.78[0m[34;1m    818980[0m[34;1m   1914600[0m[34;1m       448[0m
09:42:00   [34;1m    158152[0m[34;1m   1156316[0m[34;1m    713616[0m[34;1m     23.51[0m[34;1m     25932[0m[34;1m   2061580[0m[34;1m   3458964[0m[31;1m    113.93[0m[34;1m    818988[0m[34;1m   1916904[0m[34;1m       776[0m
09:42:01   [34;1m    154556[0m[34;1m   1153116[0m[34;1m    716944[0m[34;1m     23.61[0m[34;1m     25932[0m[34;1m   2061900[0m[34;1m   3458964[0m[31;1m    113.93[0m[34;1m    819000[0m[34;1m   1918332[0m[34;1m      1088[0m
09:42:02   [34;1m    150864[0m[34;1m   1149664[0m[34;1m    720268[0m[34;1m     23.72[0m[34;1m     25932[0m[34;1m   2062148[0m[34;1m   3458964[0m[31;1m    113.93[0m[34;1m    819000[0m[34;1m   1918672[0m[34;1m      1336[0m
09:42:03   [34;1m    149220[0m[34;1m   1148336[0m[34;1m    721628[0m[34;1m     23.77[0m[34;1m     25932[0m[34;1m   2062464[0m[34;1m   3455204[0m[31;1m    113.81[0m[34;1m    819008[0m[34;1m   1916632[0m[34;1m      1656[0m
09:42:04   [34;1m    147560[0m[34;1m   1146876[0m[34;1m    723016[0m[34;1m     23.81[0m[34;1m     25932[0m[34;1m   2062720[0m[34;1m   3454356[0m[31;1m    113.78[0m[34;1m    819000[0m[34;1m   1916296[0m[34;1m      1868[0m
09:42:05   [34;1m    175228[0m[34;1m   1174848[0m[34;1m    695052[0m[34;1m     22.89[0m[34;1m     25932[0m[34;1m   2062956[0m[34;1m   3454356[0m[31;1m    113.78[0m[34;1m    819000[0m[34;1m   1909972[0m[34;1m      2108[0m
09:42:06   [34;1m    173556[0m[34;1m   1173388[0m[34;1m    696320[0m[34;1m     22.94[0m[34;1m     25952[0m[34;1m   2063296[0m[34;1m   3454356[0m[31;1m    113.78[0m[34;1m    819008[0m[34;1m   1909872[0m[34;1m      2484[0m
09:42:07   [34;1m    169620[0m[34;1m   1169808[0m[34;1m    700112[0m[34;1m     23.06[0m[34;1m     25952[0m[34;1m   2063496[0m[34;1m   3454356[0m[31;1m    113.78[0m[34;1m    819020[0m[34;1m   1912780[0m[34;1m      2680[0m
09:42:08   [34;1m    166904[0m[34;1m   1167292[0m[34;1m    702632[0m[34;1m     23.14[0m[34;1m     25952[0m[34;1m   2063760[0m[34;1m   3454356[0m[31;1m    113.78[0m[34;1m    819020[0m[34;1m   1913540[0m[34;1m      2944[0m
09:42:09   [34;1m    165460[0m[34;1m   1166164[0m[34;1m    703704[0m[34;1m     23.18[0m[34;1m     25952[0m[34;1m   2064040[0m[34;1m   3454356[0m[31;1m    113.78[0m[34;1m    819020[0m[34;1m   1915292[0m[34;1m      3224[0m
09:42:10   [34;1m    164292[0m[34;1m   1165208[0m[34;1m    704808[0m[34;1m     23.22[0m[34;1m     25952[0m[34;1m   2064208[0m[34;1m   3454356[0m[31;1m    113.78[0m[34;1m    819020[0m[34;1m   1915940[0m[34;1m      3392[0m
09:42:11   [34;1m    162876[0m[34;1m   1164008[0m[34;1m    705908[0m[34;1m     23.25[0m[34;1m     25964[0m[34;1m   2064460[0m[34;1m   3454356[0m[31;1m    113.78[0m[34;1m    819032[0m[34;1m   1916208[0m[34;1m      3604[0m
09:42:12   [34;1m    161680[0m[34;1m   1163136[0m[34;1m    706824[0m[34;1m     23.28[0m[34;1m     25964[0m[34;1m   2064776[0m[34;1m   3458452[0m[31;1m    113.92[0m[34;1m    819032[0m[34;1m   1917548[0m[34;1m      3920[0m
09:42:13   [34;1m    158308[0m[34;1m   1160108[0m[34;1m    709880[0m[34;1m     23.38[0m[34;1m     25964[0m[34;1m   2065012[0m[34;1m   3458452[0m[31;1m    113.92[0m[34;1m    819032[0m[34;1m   1918252[0m[34;1m      4156[0m
09:42:14   [34;1m    155852[0m[34;1m   1157820[0m[34;1m    712192[0m[34;1m     23.46[0m[34;1m     25964[0m[34;1m   2065176[0m[34;1m   3458452[0m[31;1m    113.92[0m[34;1m    819032[0m[34;1m   1920156[0m[34;1m      4320[0m
09:42:15   [34;1m    154656[0m[34;1m   1156916[0m[34;1m    713000[0m[34;1m     23.48[0m[34;1m     25964[0m[34;1m   2065576[0m[34;1m   3458452[0m[31;1m    113.92[0m[34;1m    819032[0m[34;1m   1920656[0m[34;1m      4720[0m
09:42:16   [34;1m    152092[0m[34;1m   1154556[0m[34;1m    715208[0m[34;1m     23.56[0m[34;1m     25972[0m[34;1m   2065812[0m[34;1m   3458452[0m[31;1m    113.92[0m[34;1m    819032[0m[34;1m   1920916[0m[34;1m      4964[0m
09:42:17   [34;1m    149272[0m[34;1m   1152136[0m[34;1m    717828[0m[34;1m     23.64[0m[34;1m     25984[0m[34;1m   2066112[0m[34;1m   3458452[0m[31;1m    113.92[0m[34;1m    819052[0m[34;1m   1917692[0m[34;1m      5284[0m
09:42:18   [34;1m    147432[0m[34;1m   1150580[0m[34;1m    719308[0m[34;1m     23.69[0m[34;1m     25984[0m[34;1m   2066392[0m[34;1m   3458452[0m[31;1m    113.92[0m[34;1m    819048[0m[34;1m   1915652[0m[34;1m      5564[0m
09:42:19   [34;1m    146712[0m[34;1m   1150068[0m[34;1m    719776[0m[34;1m     23.71[0m[34;1m     25984[0m[34;1m   2066584[0m[34;1m   3458452[0m[31;1m    113.92[0m[34;1m    819052[0m[34;1m   1916336[0m[34;1m      5756[0m
09:42:20   [34;1m    144820[0m[34;1m   1148556[0m[34;1m    721204[0m[34;1m     23.76[0m[34;1m     25984[0m[34;1m   2066956[0m[34;1m   3463060[0m[31;1m    114.07[0m[34;1m    819052[0m[34;1m   1918828[0m[34;1m      6128[0m
09:42:21   [34;1m    142012[0m[34;1m   1145892[0m[34;1m    723796[0m[34;1m     23.84[0m[34;1m     25996[0m[34;1m   2067096[0m[34;1m   3463060[0m[31;1m    114.07[0m[34;1m    819064[0m[34;1m   1920752[0m[34;1m      6232[0m
09:42:22   [34;1m    138796[0m[34;1m   1142944[0m[34;1m    727056[0m[34;1m     23.95[0m[34;1m     25996[0m[34;1m   2067352[0m[34;1m   3463060[0m[31;1m    114.07[0m[34;1m    819064[0m[34;1m   1923692[0m[34;1m      6488[0m
09:42:23   [34;1m    161116[0m[34;1m   1165620[0m[34;1m    704332[0m[34;1m     23.20[0m[34;1m     25996[0m[34;1m   2067648[0m[34;1m   3458452[0m[31;1m    113.92[0m[34;1m    819068[0m[34;1m   1922724[0m[34;1m      6784[0m
09:42:24   [34;1m    158520[0m[34;1m   1163268[0m[34;1m    706560[0m[34;1m     23.27[0m[34;1m     25996[0m[34;1m   2067992[0m[34;1m   3458452[0m[31;1m    113.92[0m[34;1m    819064[0m[34;1m   1924024[0m[34;1m      7128[0m
09:42:25   [34;1m    156652[0m[34;1m   1161716[0m[34;1m    708164[0m[34;1m     23.33[0m[34;1m     26008[0m[34;1m   2068284[0m[34;1m   3458452[0m[31;1m    113.92[0m[34;1m    819076[0m[34;1m   1924356[0m[34;1m      7448[0m
09:42:26   [34;1m    155508[0m[34;1m   1160904[0m[34;1m    709008[0m[34;1m     23.35[0m[34;1m     26008[0m[34;1m   2068576[0m[34;1m   3458452[0m[31;1m    113.92[0m[34;1m    819076[0m[34;1m   1923504[0m[34;1m      7740[0m
09:42:27   [34;1m    152772[0m[34;1m   1158236[0m[34;1m    711108[0m[34;1m     23.42[0m[34;1m     26008[0m[34;1m   2068672[0m[34;1m   3458452[0m[31;1m    113.92[0m[34;1m    819076[0m[34;1m   1923388[0m[34;1m      7836[0m
