Linux 6.6.95 (ssp-study-m02) 	04/21/26 	_x86_64_	(2 CPU)

09:37:25    kbmemfree   kbavail kbmemused  %memused kbbuffers  kbcached  kbcommit   %commit  kbactive   kbinact   kbdirty
09:37:26   [34;1m   1195640[0m[34;1m   1678920[0m[34;1m    211184[0m[34;1m      6.96[0m[34;1m     10576[0m[34;1m   1564228[0m[34;1m   2065964[0m[34;1m     68.05[0m[34;1m    671428[0m[34;1m   1071932[0m[34;1m       204[0m
09:37:27   [34;1m   1194128[0m[34;1m   1677416[0m[34;1m    212672[0m[34;1m      7.01[0m[34;1m     10576[0m[34;1m   1564228[0m[34;1m   2070300[0m[34;1m     68.19[0m[34;1m    671432[0m[34;1m   1073748[0m[34;1m       204[0m
09:37:28   [34;1m   1193876[0m[34;1m   1677164[0m[34;1m    212900[0m[34;1m      7.01[0m[34;1m     10584[0m[34;1m   1564220[0m[34;1m   2070300[0m[34;1m     68.19[0m[34;1m    671432[0m[34;1m   1073968[0m[34;1m       204[0m
09:37:29   [34;1m   1192868[0m[34;1m   1676164[0m[34;1m    213896[0m[34;1m      7.05[0m[34;1m     10584[0m[34;1m   1564228[0m[34;1m   2070876[0m[34;1m     68.21[0m[34;1m    671440[0m[34;1m   1074952[0m[34;1m       204[0m
09:37:30   [34;1m   1192112[0m[34;1m   1675408[0m[34;1m    214652[0m[34;1m      7.07[0m[34;1m     10584[0m[34;1m   1564228[0m[34;1m   2070876[0m[34;1m     68.21[0m[34;1m    671440[0m[34;1m   1075512[0m[34;1m       204[0m
09:37:31   [34;1m   1191356[0m[34;1m   1674652[0m[34;1m    215388[0m[34;1m      7.09[0m[34;1m     10584[0m[34;1m   1564232[0m[34;1m   2066540[0m[34;1m     68.07[0m[34;1m    671436[0m[34;1m   1074404[0m[34;1m       208[0m
09:37:32   [34;1m   1191356[0m[34;1m   1674656[0m[34;1m    215388[0m[34;1m      7.09[0m[34;1m     10584[0m[34;1m   1564232[0m[34;1m   2066540[0m[34;1m     68.07[0m[34;1m    671440[0m[34;1m   1074412[0m[34;1m       208[0m
09:37:33   [34;1m   1191356[0m[34;1m   1674660[0m[34;1m    215420[0m[34;1m      7.10[0m[34;1m     10592[0m[34;1m   1564232[0m[34;1m   2074732[0m[34;1m     68.34[0m[34;1m    671440[0m[34;1m   1074472[0m[34;1m       208[0m
09:37:34   [34;1m   1191356[0m[34;1m   1674660[0m[34;1m    215420[0m[34;1m      7.10[0m[34;1m     10592[0m[34;1m   1564232[0m[34;1m   2074732[0m[34;1m     68.34[0m[34;1m    671440[0m[34;1m   1074532[0m[34;1m       208[0m
09:37:35   [34;1m   1191104[0m[34;1m   1674420[0m[34;1m    215640[0m[34;1m      7.10[0m[34;1m     10592[0m[34;1m   1564240[0m[34;1m   2074732[0m[34;1m     68.34[0m[34;1m    671448[0m[34;1m   1074904[0m[34;1m       216[0m
09:37:36   [34;1m   1191104[0m[34;1m   1674420[0m[34;1m    215640[0m[34;1m      7.10[0m[34;1m     10592[0m[34;1m   1564240[0m[34;1m   2074732[0m[34;1m     68.34[0m[34;1m    671448[0m[34;1m   1075060[0m[34;1m       136[0m
09:37:37   [34;1m   1191104[0m[34;1m   1674424[0m[34;1m    215612[0m[34;1m      7.10[0m[34;1m     10592[0m[34;1m   1564244[0m[34;1m   2074732[0m[34;1m     68.34[0m[34;1m    671448[0m[34;1m   1075012[0m[34;1m       140[0m
09:37:38   [34;1m   1191104[0m[34;1m   1674424[0m[34;1m    215664[0m[34;1m      7.10[0m[34;1m     10600[0m[34;1m   1564236[0m[34;1m   2074732[0m[34;1m     68.34[0m[34;1m    671448[0m[34;1m   1075028[0m[34;1m       140[0m
09:37:39   [34;1m   1190856[0m[34;1m   1674176[0m[34;1m    215872[0m[34;1m      7.11[0m[34;1m     10600[0m[34;1m   1564248[0m[34;1m   2074732[0m[34;1m     68.34[0m[34;1m    671448[0m[34;1m   1075088[0m[34;1m       144[0m
09:37:40   [34;1m   1190856[0m[34;1m   1674176[0m[34;1m    215896[0m[34;1m      7.11[0m[34;1m     10600[0m[34;1m   1564248[0m[34;1m   2074732[0m[34;1m     68.34[0m[34;1m    671448[0m[34;1m   1075388[0m[34;1m       144[0m
09:37:41   [34;1m   1190352[0m[34;1m   1673684[0m[34;1m    216360[0m[34;1m      7.13[0m[34;1m     10600[0m[34;1m   1564252[0m[34;1m   2074732[0m[34;1m     68.34[0m[34;1m    671456[0m[34;1m   1075484[0m[34;1m       148[0m
09:37:42   [34;1m   1190352[0m[34;1m   1673688[0m[34;1m    216376[0m[34;1m      7.13[0m[34;1m     10600[0m[34;1m   1564252[0m[34;1m   2074732[0m[34;1m     68.34[0m[34;1m    671456[0m[34;1m   1075516[0m[34;1m       148[0m
09:37:43   [34;1m   1190352[0m[34;1m   1673688[0m[34;1m    216352[0m[34;1m      7.13[0m[34;1m     10600[0m[34;1m   1564260[0m[34;1m   2074732[0m[34;1m     68.34[0m[34;1m    671456[0m[34;1m   1075556[0m[34;1m       156[0m
09:37:44   [34;1m   1190352[0m[34;1m   1673696[0m[34;1m    216396[0m[34;1m      7.13[0m[34;1m     10608[0m[34;1m   1564264[0m[34;1m   2074732[0m[34;1m     68.34[0m[34;1m    671456[0m[34;1m   1075544[0m[34;1m       160[0m
09:37:45   [34;1m   1190104[0m[34;1m   1673456[0m[34;1m    216604[0m[34;1m      7.13[0m[34;1m     10608[0m[34;1m   1564264[0m[34;1m   2074732[0m[34;1m     68.34[0m[34;1m    671464[0m[34;1m   1076568[0m[34;1m       160[0m
09:37:46   [34;1m   1189348[0m[34;1m   1672708[0m[34;1m    217396[0m[34;1m      7.16[0m[34;1m     10608[0m[34;1m   1564268[0m[34;1m   2074732[0m[34;1m     68.34[0m[34;1m    671464[0m[34;1m   1076388[0m[34;1m        64[0m
09:37:47   [34;1m   1188620[0m[34;1m   1671984[0m[34;1m    218016[0m[34;1m      7.18[0m[34;1m     10608[0m[34;1m   1564276[0m[34;1m   2079068[0m[34;1m     68.48[0m[34;1m    671464[0m[34;1m   1077696[0m[34;1m         8[0m
09:37:48   [34;1m   1188372[0m[34;1m   1671744[0m[34;1m    218276[0m[34;1m      7.19[0m[34;1m     10608[0m[34;1m   1564280[0m[34;1m   2079068[0m[34;1m     68.48[0m[34;1m    671464[0m[34;1m   1078044[0m[34;1m        12[0m
09:37:49   [34;1m   1188124[0m[34;1m   1671496[0m[34;1m    218568[0m[34;1m      7.20[0m[34;1m     10616[0m[34;1m   1564272[0m[34;1m   2087260[0m[34;1m     68.75[0m[34;1m    671464[0m[34;1m   1078304[0m[34;1m        12[0m
09:37:50   [34;1m   1188124[0m[34;1m   1671512[0m[34;1m    218456[0m[34;1m      7.20[0m[34;1m     10616[0m[34;1m   1564288[0m[34;1m   2087260[0m[34;1m     68.75[0m[34;1m    671472[0m[34;1m   1078252[0m[34;1m        44[0m
09:37:51   [34;1m   1186616[0m[34;1m   1670004[0m[34;1m    220160[0m[34;1m      7.25[0m[34;1m     10616[0m[34;1m   1564288[0m[34;1m   2082924[0m[34;1m     68.61[0m[34;1m    671472[0m[34;1m   1076700[0m[34;1m        44[0m
09:37:52   [34;1m   1186368[0m[34;1m   1669768[0m[34;1m    220232[0m[34;1m      7.25[0m[34;1m     10616[0m[34;1m   1564296[0m[34;1m   2082924[0m[34;1m     68.61[0m[34;1m    671508[0m[34;1m   1076664[0m[34;1m        52[0m
09:37:53   [34;1m   1186368[0m[34;1m   1669768[0m[34;1m    220312[0m[34;1m      7.26[0m[34;1m     10616[0m[34;1m   1564296[0m[34;1m   2082924[0m[34;1m     68.61[0m[34;1m    671508[0m[34;1m   1076664[0m[34;1m        56[0m
09:37:54   [34;1m   1184356[0m[34;1m   1667768[0m[34;1m    222232[0m[34;1m      7.32[0m[34;1m     10624[0m[34;1m   1564300[0m[34;1m   2082924[0m[34;1m     68.61[0m[34;1m    671516[0m[34;1m   1076772[0m[34;1m        60[0m
09:37:55   [34;1m   1184108[0m[34;1m   1667528[0m[34;1m    222540[0m[34;1m      7.33[0m[34;1m     10624[0m[34;1m   1564304[0m[34;1m   2083180[0m[34;1m     68.62[0m[34;1m    671516[0m[34;1m   1077104[0m[34;1m        64[0m
09:37:56   [34;1m   1182096[0m[34;1m   1665520[0m[34;1m    224544[0m[34;1m      7.40[0m[34;1m     10624[0m[34;1m   1564312[0m[34;1m   2083180[0m[34;1m     68.62[0m[34;1m    671508[0m[34;1m   1077764[0m[34;1m         8[0m
09:37:57   [34;1m   1181624[0m[34;1m   1665052[0m[34;1m    225008[0m[34;1m      7.41[0m[34;1m     10624[0m[34;1m   1564312[0m[34;1m   2083180[0m[34;1m     68.62[0m[34;1m    671516[0m[34;1m   1077536[0m[34;1m         8[0m
09:37:58   [34;1m   1181124[0m[34;1m   1664564[0m[34;1m    225480[0m[34;1m      7.43[0m[34;1m     10624[0m[34;1m   1564324[0m[34;1m   2083180[0m[34;1m     68.62[0m[34;1m    671516[0m[34;1m   1077476[0m[34;1m        20[0m
09:37:59   [34;1m   1181124[0m[34;1m   1664564[0m[34;1m    225460[0m[34;1m      7.43[0m[34;1m     10632[0m[34;1m   1564328[0m[34;1m   2083180[0m[34;1m     68.62[0m[34;1m    671520[0m[34;1m   1077744[0m[34;1m        44[0m
09:38:00   [34;1m   1181124[0m[34;1m   1664576[0m[34;1m    225404[0m[34;1m      7.42[0m[34;1m     10632[0m[34;1m   1564328[0m[34;1m   2083180[0m[34;1m     68.62[0m[34;1m    671524[0m[34;1m   1077440[0m[34;1m        44[0m
09:38:01   [34;1m   1180876[0m[34;1m   1664336[0m[34;1m    225628[0m[34;1m      7.43[0m[34;1m     10632[0m[34;1m   1564336[0m[34;1m   2083180[0m[34;1m     68.62[0m[34;1m    671528[0m[34;1m   1077576[0m[34;1m        52[0m
09:38:02   [34;1m   1180876[0m[34;1m   1664336[0m[34;1m    225616[0m[34;1m      7.43[0m[34;1m     10632[0m[34;1m   1564336[0m[34;1m   2083880[0m[34;1m     68.64[0m[34;1m    671524[0m[34;1m   1077656[0m[34;1m        52[0m
09:38:03   [34;1m   1180628[0m[34;1m   1664092[0m[34;1m    225880[0m[34;1m      7.44[0m[34;1m     10632[0m[34;1m   1564348[0m[34;1m   2083180[0m[34;1m     68.62[0m[34;1m    671524[0m[34;1m   1078380[0m[34;1m        68[0m
09:38:04   [34;1m   1180156[0m[34;1m   1663628[0m[34;1m    226416[0m[34;1m      7.46[0m[34;1m     10640[0m[34;1m   1564340[0m[34;1m   2083180[0m[34;1m     68.62[0m[34;1m    671524[0m[34;1m   1078104[0m[34;1m        68[0m
09:38:05   [34;1m   1180156[0m[34;1m   1663640[0m[34;1m    226312[0m[34;1m      7.45[0m[34;1m     10640[0m[34;1m   1564360[0m[34;1m   2087276[0m[34;1m     68.75[0m[34;1m    671532[0m[34;1m   1078608[0m[34;1m        84[0m
09:38:06   [34;1m   1179908[0m[34;1m   1663400[0m[34;1m    226744[0m[34;1m      7.47[0m[34;1m     10640[0m[34;1m   1564360[0m[34;1m   2095600[0m[34;1m     69.03[0m[34;1m    671532[0m[34;1m   1078888[0m[34;1m        84[0m
09:38:07   [34;1m   1179660[0m[34;1m   1663168[0m[34;1m    226848[0m[34;1m      7.47[0m[34;1m     10640[0m[34;1m   1564372[0m[34;1m   2099936[0m[34;1m     69.17[0m[34;1m    671532[0m[34;1m   1080192[0m[34;1m        96[0m
09:38:08   [34;1m   1179412[0m[34;1m   1662920[0m[34;1m    227116[0m[34;1m      7.48[0m[34;1m     10640[0m[34;1m   1564372[0m[34;1m   2099936[0m[34;1m     69.17[0m[34;1m    671532[0m[34;1m   1080160[0m[34;1m        96[0m
09:38:09   [34;1m   1179412[0m[34;1m   1662920[0m[34;1m    227104[0m[34;1m      7.48[0m[34;1m     10648[0m[34;1m   1564376[0m[34;1m   2099936[0m[34;1m     69.17[0m[34;1m    671532[0m[34;1m   1080336[0m[34;1m       100[0m
09:38:10   [34;1m   1178912[0m[34;1m   1662424[0m[34;1m    227600[0m[34;1m      7.50[0m[34;1m     10648[0m[34;1m   1564380[0m[34;1m   2108128[0m[34;1m     69.44[0m[34;1m    671532[0m[34;1m   1080892[0m[34;1m       104[0m
09:38:11   [34;1m   1178664[0m[34;1m   1662196[0m[34;1m    227792[0m[34;1m      7.50[0m[34;1m     10648[0m[34;1m   1564388[0m[34;1m   2103792[0m[34;1m     69.30[0m[34;1m    671540[0m[34;1m   1078960[0m[34;1m       112[0m
09:38:12   [34;1m   1178416[0m[34;1m   1661948[0m[34;1m    228100[0m[34;1m      7.51[0m[34;1m     10648[0m[34;1m   1564388[0m[34;1m   2103792[0m[34;1m     69.30[0m[34;1m    671540[0m[34;1m   1079060[0m[34;1m       112[0m
09:38:13   [34;1m   1177920[0m[34;1m   1661460[0m[34;1m    228484[0m[34;1m      7.53[0m[34;1m     10648[0m[34;1m   1564400[0m[34;1m   2103792[0m[34;1m     69.30[0m[34;1m    671540[0m[34;1m   1079340[0m[34;1m       124[0m
09:38:14   [34;1m   1177920[0m[34;1m   1661460[0m[34;1m    228580[0m[34;1m      7.53[0m[34;1m     10656[0m[34;1m   1564392[0m[34;1m   2103792[0m[34;1m     69.30[0m[34;1m    671540[0m[34;1m   1079300[0m[34;1m       124[0m
09:38:15   [34;1m   1177672[0m[34;1m   1661232[0m[34;1m    228752[0m[34;1m      7.53[0m[34;1m     10656[0m[34;1m   1564408[0m[34;1m   2103792[0m[34;1m     69.30[0m[34;1m    671548[0m[34;1m   1079512[0m[34;1m       132[0m
09:38:16   [34;1m   1177424[0m[34;1m   1660992[0m[34;1m    229032[0m[34;1m      7.54[0m[34;1m     10656[0m[34;1m   1564416[0m[34;1m   2103792[0m[34;1m     69.30[0m[34;1m    671544[0m[34;1m   1079544[0m[34;1m       140[0m
09:38:17   [34;1m   1177424[0m[34;1m   1660996[0m[34;1m    229036[0m[34;1m      7.54[0m[34;1m     10656[0m[34;1m   1564420[0m[34;1m   2103792[0m[34;1m     69.30[0m[34;1m    671548[0m[34;1m   1079288[0m[34;1m       144[0m
09:38:18   [34;1m   1176928[0m[34;1m   1660500[0m[34;1m    229456[0m[34;1m      7.56[0m[34;1m     10656[0m[34;1m   1564424[0m[34;1m   2103792[0m[34;1m     69.30[0m[34;1m    671548[0m[34;1m   1079372[0m[34;1m       148[0m
09:38:19   [34;1m   1176680[0m[34;1m   1660252[0m[34;1m    229752[0m[34;1m      7.57[0m[34;1m     10664[0m[34;1m   1564424[0m[34;1m   2103792[0m[34;1m     69.30[0m[34;1m    671548[0m[34;1m   1079372[0m[34;1m       156[0m
09:38:20   [34;1m   1176432[0m[34;1m   1660016[0m[34;1m    229988[0m[34;1m      7.58[0m[34;1m     10664[0m[34;1m   1564436[0m[34;1m   2103792[0m[34;1m     69.30[0m[34;1m    671556[0m[34;1m   1079212[0m[34;1m       160[0m
09:38:21   [34;1m   1175936[0m[34;1m   1659520[0m[34;1m    230536[0m[34;1m      7.59[0m[34;1m     10664[0m[34;1m   1564440[0m[34;1m   2103792[0m[34;1m     69.30[0m[34;1m    671556[0m[34;1m   1078512[0m[34;1m       164[0m
09:38:22   [34;1m   1175464[0m[34;1m   1659068[0m[34;1m    230916[0m[34;1m      7.61[0m[34;1m     10664[0m[34;1m   1564448[0m[34;1m   2103792[0m[34;1m     69.30[0m[34;1m    671556[0m[34;1m   1078764[0m[34;1m       172[0m
09:38:23   [34;1m   1175464[0m[34;1m   1659072[0m[34;1m    230968[0m[34;1m      7.61[0m[34;1m     10664[0m[34;1m   1564452[0m[34;1m   2103792[0m[34;1m     69.30[0m[34;1m    671556[0m[34;1m   1078848[0m[34;1m       176[0m
09:38:24   [34;1m   1175464[0m[34;1m   1659080[0m[34;1m    230844[0m[34;1m      7.60[0m[34;1m     10672[0m[34;1m   1564456[0m[34;1m   2103792[0m[34;1m     69.30[0m[34;1m    671556[0m[34;1m   1079168[0m[34;1m       180[0m
09:38:25   [34;1m   1175216[0m[34;1m   1658832[0m[34;1m    231188[0m[34;1m      7.61[0m[34;1m     10672[0m[34;1m   1564460[0m[34;1m   2103792[0m[34;1m     69.30[0m[34;1m    671556[0m[34;1m   1079124[0m[34;1m       184[0m
09:38:26   [34;1m   1174716[0m[34;1m   1658348[0m[34;1m    231640[0m[34;1m      7.63[0m[34;1m     10672[0m[34;1m   1564464[0m[34;1m   2103792[0m[34;1m     69.30[0m[34;1m    671560[0m[34;1m   1079556[0m[34;1m       188[0m
09:38:27   [34;1m   1174468[0m[34;1m   1658104[0m[34;1m    231920[0m[34;1m      7.64[0m[34;1m     10672[0m[34;1m   1564472[0m[34;1m   2108128[0m[34;1m     69.44[0m[34;1m    671564[0m[34;1m   1080972[0m[34;1m        96[0m
09:38:28   [34;1m   1174220[0m[34;1m   1657860[0m[34;1m    232100[0m[34;1m      7.64[0m[34;1m     10672[0m[34;1m   1564472[0m[34;1m   2108128[0m[34;1m     69.44[0m[34;1m    671564[0m[34;1m   1080720[0m[34;1m        32[0m
09:38:29   [34;1m   1173972[0m[34;1m   1657616[0m[34;1m    232496[0m[34;1m      7.66[0m[34;1m     10680[0m[34;1m   1564468[0m[34;1m   2108128[0m[34;1m     69.44[0m[34;1m    671564[0m[34;1m   1080732[0m[34;1m        36[0m
09:38:30   [34;1m   1173728[0m[34;1m   1657384[0m[34;1m    232644[0m[34;1m      7.66[0m[34;1m     10680[0m[34;1m   1564484[0m[34;1m   2108128[0m[34;1m     69.44[0m[34;1m    671572[0m[34;1m   1080640[0m[34;1m        44[0m
09:38:31   [34;1m   1173480[0m[34;1m   1657140[0m[34;1m    232856[0m[34;1m      7.67[0m[34;1m     10680[0m[34;1m   1564488[0m[34;1m   2103792[0m[34;1m     69.30[0m[34;1m    671572[0m[34;1m   1079216[0m[34;1m        48[0m
09:38:32   [34;1m   1173232[0m[34;1m   1656900[0m[34;1m    233120[0m[34;1m      7.68[0m[34;1m     10680[0m[34;1m   1564492[0m[34;1m   2103792[0m[34;1m     69.30[0m[34;1m    671572[0m[34;1m   1079360[0m[34;1m        28[0m
09:38:33   [34;1m   1172736[0m[34;1m   1656408[0m[34;1m    233596[0m[34;1m      7.69[0m[34;1m     10680[0m[34;1m   1564496[0m[34;1m   2103792[0m[34;1m     69.30[0m[34;1m    671572[0m[34;1m   1079320[0m[34;1m        32[0m
09:38:34   [34;1m   1172240[0m[34;1m   1655916[0m[34;1m    234048[0m[34;1m      7.71[0m[34;1m     10688[0m[34;1m   1564504[0m[34;1m   2103792[0m[34;1m     69.30[0m[34;1m    671572[0m[34;1m   1079200[0m[34;1m        48[0m
09:38:35   [34;1m   1171992[0m[34;1m   1655684[0m[34;1m    234356[0m[34;1m      7.72[0m[34;1m     10688[0m[34;1m   1564508[0m[34;1m   2103792[0m[34;1m     69.30[0m[34;1m    671580[0m[34;1m   1079296[0m[34;1m        52[0m
09:38:36   [34;1m   1171520[0m[34;1m   1655220[0m[34;1m    234740[0m[34;1m      7.73[0m[34;1m     10688[0m[34;1m   1564516[0m[34;1m   2103792[0m[34;1m     69.30[0m[34;1m    671576[0m[34;1m   1079244[0m[34;1m        60[0m
09:38:37   [34;1m   1171024[0m[34;1m   1654728[0m[34;1m    235304[0m[34;1m      7.75[0m[34;1m     10688[0m[34;1m   1564520[0m[34;1m   2103792[0m[34;1m     69.30[0m[34;1m    671580[0m[34;1m   1079156[0m[34;1m        64[0m
09:38:38   [34;1m   1170776[0m[34;1m   1654480[0m[34;1m    235468[0m[34;1m      7.76[0m[34;1m     10688[0m[34;1m   1564524[0m[34;1m   2103792[0m[34;1m     69.30[0m[34;1m    671580[0m[34;1m   1079156[0m[34;1m        64[0m
09:38:39   [34;1m   1170528[0m[34;1m   1654232[0m[34;1m    235800[0m[34;1m      7.77[0m[34;1m     10688[0m[34;1m   1564528[0m[34;1m   2103792[0m[34;1m     69.30[0m[34;1m    671580[0m[34;1m   1079156[0m[34;1m        68[0m
09:38:40   [34;1m   1170032[0m[34;1m   1653752[0m[34;1m    236216[0m[34;1m      7.78[0m[34;1m     10696[0m[34;1m   1564532[0m[34;1m   2103792[0m[34;1m     69.30[0m[34;1m    671588[0m[34;1m   1079352[0m[34;1m        72[0m
09:38:41   [34;1m   1169780[0m[34;1m   1653508[0m[34;1m    236528[0m[34;1m      7.79[0m[34;1m     10696[0m[34;1m   1564536[0m[34;1m   2103792[0m[34;1m     69.30[0m[34;1m    671588[0m[34;1m   1079172[0m[34;1m        76[0m
09:38:42   [34;1m   1169284[0m[34;1m   1653016[0m[34;1m    236924[0m[34;1m      7.80[0m[34;1m     10696[0m[34;1m   1564544[0m[34;1m   2103792[0m[34;1m     69.30[0m[34;1m    671588[0m[34;1m   1079184[0m[34;1m         4[0m
09:38:43   [34;1m   1169036[0m[34;1m   1652768[0m[34;1m    237156[0m[34;1m      7.81[0m[34;1m     10696[0m[34;1m   1564552[0m[34;1m   2103792[0m[34;1m     69.30[0m[34;1m    671588[0m[34;1m   1079084[0m[34;1m        16[0m
09:38:44   [34;1m   1168788[0m[34;1m   1652532[0m[34;1m    237512[0m[34;1m      7.82[0m[34;1m     10696[0m[34;1m   1564556[0m[34;1m   2103792[0m[34;1m     69.30[0m[34;1m    671588[0m[34;1m   1079400[0m[34;1m        20[0m
09:38:45   [34;1m   1168292[0m[34;1m   1652056[0m[34;1m    237896[0m[34;1m      7.84[0m[34;1m     10704[0m[34;1m   1564564[0m[34;1m   2103792[0m[34;1m     69.30[0m[34;1m    671596[0m[34;1m   1079280[0m[34;1m        44[0m
09:38:46   [34;1m   1168044[0m[34;1m   1651808[0m[34;1m    238220[0m[34;1m      7.85[0m[34;1m     10704[0m[34;1m   1564564[0m[34;1m   2103792[0m[34;1m     69.30[0m[34;1m    671596[0m[34;1m   1079880[0m[34;1m        44[0m
09:38:47   [34;1m   1167292[0m[34;1m   1651068[0m[34;1m    238940[0m[34;1m      7.87[0m[34;1m     10704[0m[34;1m   1564576[0m[34;1m   2108128[0m[34;1m     69.44[0m[34;1m    671596[0m[34;1m   1080888[0m[34;1m        56[0m
09:38:48   [34;1m   1167044[0m[34;1m   1650820[0m[34;1m    239212[0m[34;1m      7.88[0m[34;1m     10704[0m[34;1m   1564576[0m[34;1m   2108128[0m[34;1m     69.44[0m[34;1m    671596[0m[34;1m   1080904[0m[34;1m        56[0m
09:38:49   [34;1m   1166548[0m[34;1m   1650332[0m[34;1m    239580[0m[34;1m      7.89[0m[34;1m     10704[0m[34;1m   1564584[0m[34;1m   2108128[0m[34;1m     69.44[0m[34;1m    671596[0m[34;1m   1081204[0m[34;1m        64[0m
09:38:50   [34;1m   1166300[0m[34;1m   1650084[0m[34;1m    239828[0m[34;1m      7.90[0m[34;1m     10712[0m[34;1m   1564576[0m[34;1m   2108128[0m[34;1m     69.44[0m[34;1m    671596[0m[34;1m   1080664[0m[34;1m        64[0m
09:38:51   [34;1m   1165580[0m[34;1m   1649380[0m[34;1m    240600[0m[34;1m      7.92[0m[34;1m     10712[0m[34;1m   1564588[0m[34;1m   2103792[0m[34;1m     69.30[0m[34;1m    671604[0m[34;1m   1079380[0m[34;1m        68[0m
09:38:52   [34;1m   1165332[0m[34;1m   1649140[0m[34;1m    240856[0m[34;1m      7.93[0m[34;1m     10712[0m[34;1m   1564596[0m[34;1m   2103792[0m[34;1m     69.30[0m[34;1m    671604[0m[34;1m   1079728[0m[34;1m        76[0m
09:38:53   [34;1m   1165084[0m[34;1m   1648892[0m[34;1m    241076[0m[34;1m      7.94[0m[34;1m     10712[0m[34;1m   1564600[0m[34;1m   2103792[0m[34;1m     69.30[0m[34;1m    671604[0m[34;1m   1079748[0m[34;1m        80[0m
09:38:54   [34;1m   1163576[0m[34;1m   1647384[0m[34;1m    242648[0m[34;1m      7.99[0m[34;1m     10712[0m[34;1m   1564600[0m[34;1m   2103792[0m[34;1m     69.30[0m[34;1m    671604[0m[34;1m   1080048[0m[34;1m        80[0m
09:38:55   [34;1m   1162856[0m[34;1m   1646672[0m[34;1m    243252[0m[34;1m      8.01[0m[34;1m     10720[0m[34;1m   1564604[0m[34;1m   2103792[0m[34;1m     69.30[0m[34;1m    671604[0m[34;1m   1079048[0m[34;1m        84[0m
09:38:56   [34;1m   1162112[0m[34;1m   1645928[0m[34;1m    244084[0m[34;1m      8.04[0m[34;1m     10720[0m[34;1m   1564612[0m[34;1m   2103792[0m[34;1m     69.30[0m[34;1m    671604[0m[34;1m   1079648[0m[34;1m        92[0m
09:38:57   [34;1m   1161864[0m[34;1m   1645704[0m[34;1m    244244[0m[34;1m      8.04[0m[34;1m     10720[0m[34;1m   1564620[0m[34;1m   2103792[0m[34;1m     69.30[0m[34;1m    671612[0m[34;1m   1079824[0m[34;1m       100[0m
09:38:58   [34;1m   1161616[0m[34;1m   1645456[0m[34;1m    244468[0m[34;1m      8.05[0m[34;1m     10720[0m[34;1m   1564620[0m[34;1m   2103792[0m[34;1m     69.30[0m[34;1m    671612[0m[34;1m   1079748[0m[34;1m       100[0m
09:38:59   [34;1m   1161120[0m[34;1m   1644968[0m[34;1m    244996[0m[34;1m      8.07[0m[34;1m     10720[0m[34;1m   1564632[0m[34;1m   2103792[0m[34;1m     69.30[0m[34;1m    671608[0m[34;1m   1079716[0m[34;1m       112[0m
09:39:00   [34;1m   1160648[0m[34;1m   1644496[0m[34;1m    245524[0m[34;1m      8.09[0m[34;1m     10728[0m[34;1m   1564624[0m[34;1m   2103792[0m[34;1m     69.30[0m[34;1m    671612[0m[34;1m   1079920[0m[34;1m       112[0m
09:39:01   [34;1m   1160400[0m[34;1m   1644264[0m[34;1m    245768[0m[34;1m      8.10[0m[34;1m     10728[0m[34;1m   1564636[0m[34;1m   2103792[0m[34;1m     69.30[0m[34;1m    671620[0m[34;1m   1079864[0m[34;1m       116[0m
09:39:02   [34;1m   1159904[0m[34;1m   1643768[0m[34;1m    246272[0m[34;1m      8.11[0m[34;1m     10728[0m[34;1m   1564636[0m[34;1m   2103792[0m[34;1m     69.30[0m[34;1m    671620[0m[34;1m   1079888[0m[34;1m       116[0m
09:39:03   [34;1m   1159408[0m[34;1m   1643280[0m[34;1m    246636[0m[34;1m      8.12[0m[34;1m     10728[0m[34;1m   1564644[0m[34;1m   2103792[0m[34;1m     69.30[0m[34;1m    671620[0m[34;1m   1079812[0m[34;1m       124[0m
09:39:04   [34;1m   1158912[0m[34;1m   1642788[0m[34;1m    247228[0m[34;1m      8.14[0m[34;1m     10728[0m[34;1m   1564648[0m[34;1m   2103792[0m[34;1m     69.30[0m[34;1m    671620[0m[34;1m   1079816[0m[34;1m       128[0m
09:39:05   [34;1m   1158416[0m[34;1m   1642308[0m[34;1m    247648[0m[34;1m      8.16[0m[34;1m     10736[0m[34;1m   1564660[0m[34;1m   2103792[0m[34;1m     69.30[0m[34;1m    671620[0m[34;1m   1079912[0m[34;1m       140[0m
09:39:06   [34;1m   1157348[0m[34;1m   1641240[0m[34;1m    248692[0m[34;1m      8.19[0m[34;1m     10736[0m[34;1m   1564660[0m[34;1m   2103792[0m[34;1m     69.30[0m[34;1m    671620[0m[34;1m   1079824[0m[34;1m       140[0m
09:39:07   [34;1m   1156612[0m[34;1m   1640524[0m[34;1m    249392[0m[34;1m      8.21[0m[34;1m     10736[0m[34;1m   1564668[0m[34;1m   2108128[0m[34;1m     69.44[0m[34;1m    671628[0m[34;1m   1081400[0m[34;1m       148[0m
09:39:08   [34;1m   1156112[0m[34;1m   1640024[0m[34;1m    249948[0m[34;1m      8.23[0m[34;1m     10736[0m[34;1m   1564668[0m[34;1m   2108128[0m[34;1m     69.44[0m[34;1m    671628[0m[34;1m   1081600[0m[34;1m       148[0m
09:39:09   [34;1m   1155392[0m[34;1m   1639304[0m[34;1m    250668[0m[34;1m      8.26[0m[34;1m     10736[0m[34;1m   1564676[0m[34;1m   2108128[0m[34;1m     69.44[0m[34;1m    671628[0m[34;1m   1081696[0m[34;1m       156[0m
09:39:10   [34;1m   1155144[0m[34;1m   1639056[0m[34;1m    250924[0m[34;1m      8.26[0m[34;1m     10744[0m[34;1m   1564668[0m[34;1m   2108128[0m[34;1m     69.44[0m[34;1m    671628[0m[34;1m   1081696[0m[34;1m       156[0m
09:39:11   [34;1m   1182276[0m[34;1m   1666212[0m[34;1m    223768[0m[34;1m      7.37[0m[34;1m     10744[0m[34;1m   1564684[0m[34;1m   2103792[0m[34;1m     69.30[0m[34;1m    671640[0m[34;1m   1080088[0m[34;1m       164[0m
09:39:12   [34;1m   1181556[0m[34;1m   1665492[0m[34;1m    224548[0m[34;1m      7.40[0m[34;1m     10744[0m[34;1m   1564688[0m[34;1m   2103792[0m[34;1m     69.30[0m[34;1m    671636[0m[34;1m   1080024[0m[34;1m       168[0m
09:39:13   [34;1m   1181060[0m[34;1m   1664996[0m[34;1m    224996[0m[34;1m      7.41[0m[34;1m     10744[0m[34;1m   1564688[0m[34;1m   2103792[0m[34;1m     69.30[0m[34;1m    671636[0m[34;1m   1080024[0m[34;1m        68[0m
09:39:14   [34;1m   1180564[0m[34;1m   1664512[0m[34;1m    225448[0m[34;1m      7.43[0m[34;1m     10744[0m[34;1m   1564696[0m[34;1m   2103792[0m[34;1m     69.30[0m[34;1m    671636[0m[34;1m   1080092[0m[34;1m        28[0m
09:39:15   [34;1m   1180324[0m[34;1m   1664272[0m[34;1m    225660[0m[34;1m      7.43[0m[34;1m     10752[0m[34;1m   1564700[0m[34;1m   2103792[0m[34;1m     69.30[0m[34;1m    671636[0m[34;1m   1080080[0m[34;1m        40[0m
09:39:16   [34;1m   1179828[0m[34;1m   1663780[0m[34;1m    226232[0m[34;1m      7.45[0m[34;1m     10752[0m[34;1m   1564704[0m[34;1m   2103792[0m[34;1m     69.30[0m[34;1m    671636[0m[34;1m   1080280[0m[34;1m        44[0m
09:39:17   [34;1m   1178348[0m[34;1m   1662312[0m[34;1m    227648[0m[34;1m      7.50[0m[34;1m     10752[0m[34;1m   1564704[0m[34;1m   2103792[0m[34;1m     69.30[0m[34;1m    671648[0m[34;1m   1080276[0m[34;1m        44[0m
09:39:18   [34;1m   1177852[0m[34;1m   1661820[0m[34;1m    228188[0m[34;1m      7.52[0m[34;1m     10752[0m[34;1m   1564712[0m[34;1m   2103792[0m[34;1m     69.30[0m[34;1m    671644[0m[34;1m   1080492[0m[34;1m        52[0m
09:39:19   [34;1m   1177356[0m[34;1m   1661332[0m[34;1m    228672[0m[34;1m      7.53[0m[34;1m     10752[0m[34;1m   1564716[0m[34;1m   2103792[0m[34;1m     69.30[0m[34;1m    671644[0m[34;1m   1080368[0m[34;1m        32[0m
09:39:20   [34;1m   1177108[0m[34;1m   1661088[0m[34;1m    228940[0m[34;1m      7.54[0m[34;1m     10752[0m[34;1m   1564720[0m[34;1m   2103792[0m[34;1m     69.30[0m[34;1m    671644[0m[34;1m   1080836[0m[34;1m        36[0m
09:39:21   [34;1m   1176388[0m[34;1m   1660384[0m[34;1m    229620[0m[34;1m      7.56[0m[34;1m     10760[0m[34;1m   1564728[0m[34;1m   2103792[0m[34;1m     69.30[0m[34;1m    671648[0m[34;1m   1080852[0m[34;1m        48[0m
09:39:22   [34;1m   1175892[0m[34;1m   1659888[0m[34;1m    230128[0m[34;1m      7.58[0m[34;1m     10760[0m[34;1m   1564732[0m[34;1m   2103792[0m[34;1m     69.30[0m[34;1m    671648[0m[34;1m   1080792[0m[34;1m        52[0m
09:39:23   [34;1m   1175396[0m[34;1m   1659396[0m[34;1m    230564[0m[34;1m      7.59[0m[34;1m     10760[0m[34;1m   1564736[0m[34;1m   2103792[0m[34;1m     69.30[0m[34;1m    671652[0m[34;1m   1080672[0m[34;1m        60[0m
09:39:24   [34;1m   1174900[0m[34;1m   1658900[0m[34;1m    231096[0m[34;1m      7.61[0m[34;1m     10760[0m[34;1m   1564740[0m[34;1m   2103792[0m[34;1m     69.30[0m[34;1m    671652[0m[34;1m   1080572[0m[34;1m        64[0m
09:39:25   [34;1m   1174404[0m[34;1m   1658412[0m[34;1m    231508[0m[34;1m      7.63[0m[34;1m     10760[0m[34;1m   1564752[0m[34;1m   2103792[0m[34;1m     69.30[0m[34;1m    671652[0m[34;1m   1080804[0m[34;1m        76[0m
09:39:26   [34;1m   1174156[0m[34;1m   1658172[0m[34;1m    231824[0m[34;1m      7.64[0m[34;1m     10768[0m[34;1m   1564744[0m[34;1m   2103792[0m[34;1m     69.30[0m[34;1m    671652[0m[34;1m   1080880[0m[34;1m        76[0m
09:39:27   [34;1m   1173908[0m[34;1m   1657940[0m[34;1m    232040[0m[34;1m      7.64[0m[34;1m     10768[0m[34;1m   1564756[0m[34;1m   2108128[0m[34;1m     69.44[0m[34;1m    671660[0m[34;1m   1082216[0m[34;1m        84[0m
09:39:28   [34;1m   1173164[0m[34;1m   1657200[0m[34;1m    232856[0m[34;1m      7.67[0m[34;1m     10768[0m[34;1m   1564760[0m[34;1m   2108128[0m[34;1m     69.44[0m[34;1m    671660[0m[34;1m   1082440[0m[34;1m        88[0m
09:39:29   [34;1m   1172692[0m[34;1m   1656732[0m[34;1m    233224[0m[34;1m      7.68[0m[34;1m     10768[0m[34;1m   1564772[0m[34;1m   2108128[0m[34;1m     69.44[0m[34;1m    671660[0m[34;1m   1082424[0m[34;1m       100[0m
09:39:30   [34;1m   1172196[0m[34;1m   1656236[0m[34;1m    233724[0m[34;1m      7.70[0m[34;1m     10768[0m[34;1m   1564772[0m[34;1m   2108128[0m[34;1m     69.44[0m[34;1m    671660[0m[34;1m   1082524[0m[34;1m       100[0m
09:39:31   [34;1m   1171948[0m[34;1m   1656008[0m[34;1m    233852[0m[34;1m      7.70[0m[34;1m     10776[0m[34;1m   1564784[0m[34;1m   2103792[0m[34;1m     69.30[0m[34;1m    671668[0m[34;1m   1080740[0m[34;1m       112[0m
09:39:32   [34;1m   1171700[0m[34;1m   1655764[0m[34;1m    234192[0m[34;1m      7.71[0m[34;1m     10776[0m[34;1m   1564784[0m[34;1m   2103792[0m[34;1m     69.30[0m[34;1m    671668[0m[34;1m   1080768[0m[34;1m       112[0m
09:39:33   [34;1m   1170956[0m[34;1m   1655028[0m[34;1m    234860[0m[34;1m      7.74[0m[34;1m     10776[0m[34;1m   1564788[0m[34;1m   2103792[0m[34;1m     69.30[0m[34;1m    671668[0m[34;1m   1081008[0m[34;1m       116[0m
09:39:34   [34;1m   1170460[0m[34;1m   1654532[0m[34;1m    235512[0m[34;1m      7.76[0m[34;1m     10776[0m[34;1m   1564788[0m[34;1m   2103792[0m[34;1m     69.30[0m[34;1m    671668[0m[34;1m   1080776[0m[34;1m       116[0m
09:39:35   [34;1m   1169988[0m[34;1m   1654068[0m[34;1m    235868[0m[34;1m      7.77[0m[34;1m     10776[0m[34;1m   1564800[0m[34;1m   2103792[0m[34;1m     69.30[0m[34;1m    671668[0m[34;1m   1080364[0m[34;1m       128[0m
09:39:36   [34;1m   1169740[0m[34;1m   1653836[0m[34;1m    236156[0m[34;1m      7.78[0m[34;1m     10784[0m[34;1m   1564808[0m[34;1m   2103792[0m[34;1m     69.30[0m[34;1m    671676[0m[34;1m   1080536[0m[34;1m       136[0m
09:39:37   [34;1m   1169492[0m[34;1m   1653596[0m[34;1m    236412[0m[34;1m      7.79[0m[34;1m     10784[0m[34;1m   1564812[0m[34;1m   2103792[0m[34;1m     69.30[0m[34;1m    671676[0m[34;1m   1080516[0m[34;1m       140[0m
09:39:38   [34;1m   1168996[0m[34;1m   1653100[0m[34;1m    236904[0m[34;1m      7.80[0m[34;1m     10784[0m[34;1m   1564812[0m[34;1m   2103792[0m[34;1m     69.30[0m[34;1m    671676[0m[34;1m   1080516[0m[34;1m       140[0m
09:39:39   [34;1m   1168748[0m[34;1m   1652856[0m[34;1m    237148[0m[34;1m      7.81[0m[34;1m     10784[0m[34;1m   1564816[0m[34;1m   2103792[0m[34;1m     69.30[0m[34;1m    671676[0m[34;1m   1080796[0m[34;1m       144[0m
09:39:40   [34;1m   1168004[0m[34;1m   1652120[0m[34;1m    237768[0m[34;1m      7.83[0m[34;1m     10784[0m[34;1m   1564828[0m[34;1m   2103792[0m[34;1m     69.30[0m[34;1m    671676[0m[34;1m   1081056[0m[34;1m       156[0m
09:39:41   [34;1m   1167508[0m[34;1m   1651636[0m[34;1m    238268[0m[34;1m      7.85[0m[34;1m     10792[0m[34;1m   1564832[0m[34;1m   2103792[0m[34;1m     69.30[0m[34;1m    671684[0m[34;1m   1080840[0m[34;1m       160[0m
09:39:42   [34;1m   1167012[0m[34;1m   1651144[0m[34;1m    238940[0m[34;1m      7.87[0m[34;1m     10792[0m[34;1m   1564836[0m[34;1m   2103792[0m[34;1m     69.30[0m[34;1m    671684[0m[34;1m   1080588[0m[34;1m       164[0m
09:39:43   [34;1m   1167012[0m[34;1m   1651152[0m[34;1m    238736[0m[34;1m      7.86[0m[34;1m     10792[0m[34;1m   1564844[0m[34;1m   2103792[0m[34;1m     69.30[0m[34;1m    671684[0m[34;1m   1080872[0m[34;1m        76[0m
09:39:44   [34;1m   1166516[0m[34;1m   1650656[0m[34;1m    239424[0m[34;1m      7.89[0m[34;1m     10792[0m[34;1m   1564844[0m[34;1m   2103792[0m[34;1m     69.30[0m[34;1m    671684[0m[34;1m   1080696[0m[34;1m        16[0m
09:39:45   [34;1m   1165796[0m[34;1m   1649948[0m[34;1m    240044[0m[34;1m      7.91[0m[34;1m     10792[0m[34;1m   1564856[0m[34;1m   2103792[0m[34;1m     69.30[0m[34;1m    671684[0m[34;1m   1080220[0m[34;1m        28[0m
09:39:46   [34;1m   1165300[0m[34;1m   1649452[0m[34;1m    240532[0m[34;1m      7.92[0m[34;1m     10800[0m[34;1m   1564848[0m[34;1m   2103792[0m[34;1m     69.30[0m[34;1m    671684[0m[34;1m   1080320[0m[34;1m        28[0m
09:39:47   [34;1m   1164804[0m[34;1m   1648976[0m[34;1m    240992[0m[34;1m      7.94[0m[34;1m     10800[0m[34;1m   1564868[0m[34;1m   2108128[0m[34;1m     69.44[0m[34;1m    671692[0m[34;1m   1082108[0m[34;1m        48[0m
09:39:48   [34;1m   1164308[0m[34;1m   1648488[0m[34;1m    241500[0m[34;1m      7.95[0m[34;1m     10800[0m[34;1m   1564872[0m[34;1m   2108128[0m[34;1m     69.44[0m[34;1m    671692[0m[34;1m   1081976[0m[34;1m        52[0m
09:39:49   [34;1m   1163812[0m[34;1m   1647992[0m[34;1m    242100[0m[34;1m      7.97[0m[34;1m     10800[0m[34;1m   1564872[0m[34;1m   2108128[0m[34;1m     69.44[0m[34;1m    671692[0m[34;1m   1082076[0m[34;1m        52[0m
09:39:50   [34;1m   1163316[0m[34;1m   1647504[0m[34;1m    242492[0m[34;1m      7.99[0m[34;1m     10800[0m[34;1m   1564880[0m[34;1m   2108128[0m[34;1m     69.44[0m[34;1m    671692[0m[34;1m   1082376[0m[34;1m        60[0m
09:39:51   [34;1m   1163068[0m[34;1m   1647260[0m[34;1m    242684[0m[34;1m      7.99[0m[34;1m     10808[0m[34;1m   1564884[0m[34;1m   2103792[0m[34;1m     69.30[0m[34;1m    671692[0m[34;1m   1080620[0m[34;1m        64[0m
09:39:52   [34;1m   1162572[0m[34;1m   1646764[0m[34;1m    243208[0m[34;1m      8.01[0m[34;1m     10808[0m[34;1m   1564888[0m[34;1m   2103792[0m[34;1m     69.30[0m[34;1m    671692[0m[34;1m   1080360[0m[34;1m        68[0m
09:39:53   [34;1m   1162324[0m[34;1m   1646532[0m[34;1m    243456[0m[34;1m      8.02[0m[34;1m     10808[0m[34;1m   1564900[0m[34;1m   2103792[0m[34;1m     69.30[0m[34;1m    671700[0m[34;1m   1080184[0m[34;1m        80[0m
09:39:54   [34;1m   1161580[0m[34;1m   1645788[0m[34;1m    244092[0m[34;1m      8.04[0m[34;1m     10808[0m[34;1m   1564900[0m[34;1m   2103792[0m[34;1m     69.30[0m[34;1m    671700[0m[34;1m   1080284[0m[34;1m        80[0m
09:39:55   [34;1m   1161084[0m[34;1m   1645304[0m[34;1m    244584[0m[34;1m      8.06[0m[34;1m     10808[0m[34;1m   1564904[0m[34;1m   2103792[0m[34;1m     69.30[0m[34;1m    671700[0m[34;1m   1080456[0m[34;1m         8[0m
09:39:56   [34;1m   1160612[0m[34;1m   1644856[0m[34;1m    245112[0m[34;1m      8.07[0m[34;1m     10816[0m[34;1m   1564920[0m[34;1m   2103792[0m[34;1m     69.30[0m[34;1m    671700[0m[34;1m   1080524[0m[34;1m        44[0m
09:39:57   [34;1m   1160116[0m[34;1m   1644360[0m[34;1m    245712[0m[34;1m      8.09[0m[34;1m     10816[0m[34;1m   1564920[0m[34;1m   2103792[0m[34;1m     69.30[0m[34;1m    671700[0m[34;1m   1080124[0m[34;1m        44[0m
09:39:58   [34;1m   1159868[0m[34;1m   1644116[0m[34;1m    245844[0m[34;1m      8.10[0m[34;1m     10816[0m[34;1m   1564924[0m[34;1m   2103792[0m[34;1m     69.30[0m[34;1m    671708[0m[34;1m   1080184[0m[34;1m        48[0m
09:39:59   [34;1m   1159368[0m[34;1m   1643624[0m[34;1m    246368[0m[34;1m      8.11[0m[34;1m     10816[0m[34;1m   1564932[0m[34;1m   2103792[0m[34;1m     69.30[0m[34;1m    671708[0m[34;1m   1080120[0m[34;1m        56[0m
09:40:00   [34;1m   1158872[0m[34;1m   1643128[0m[34;1m    246864[0m[34;1m      8.13[0m[34;1m     10816[0m[34;1m   1564932[0m[34;1m   2103792[0m[34;1m     69.30[0m[34;1m    671708[0m[34;1m   1080520[0m[34;1m        56[0m
09:40:01   [34;1m   1158376[0m[34;1m   1642644[0m[34;1m    247344[0m[34;1m      8.15[0m[34;1m     10824[0m[34;1m   1564944[0m[34;1m   2103792[0m[34;1m     69.30[0m[34;1m    671708[0m[34;1m   1080124[0m[34;1m        72[0m
09:40:02   [34;1m   1157632[0m[34;1m   1641900[0m[34;1m    248088[0m[34;1m      8.17[0m[34;1m     10824[0m[34;1m   1564944[0m[34;1m   2104372[0m[34;1m     69.31[0m[34;1m    671708[0m[34;1m   1080324[0m[34;1m        72[0m
09:40:03   [34;1m   1157384[0m[34;1m   1641668[0m[34;1m    248292[0m[34;1m      8.18[0m[34;1m     10824[0m[34;1m   1564948[0m[34;1m   2103792[0m[34;1m     69.30[0m[34;1m    671720[0m[34;1m   1080180[0m[34;1m        80[0m
09:40:04   [34;1m   1156888[0m[34;1m   1641176[0m[34;1m    248816[0m[34;1m      8.20[0m[34;1m     10824[0m[34;1m   1564956[0m[34;1m   2103792[0m[34;1m     69.30[0m[34;1m    671716[0m[34;1m   1080044[0m[34;1m        88[0m
09:40:05   [34;1m   1157088[0m[34;1m   1641380[0m[34;1m    248568[0m[34;1m      8.19[0m[34;1m     10824[0m[34;1m   1564960[0m[34;1m   2103792[0m[34;1m     69.30[0m[34;1m    671716[0m[34;1m   1079916[0m[34;1m        92[0m
09:40:06   [34;1m   1157168[0m[34;1m   1641460[0m[34;1m    248512[0m[34;1m      8.19[0m[34;1m     10832[0m[34;1m   1564952[0m[34;1m   2103792[0m[34;1m     69.30[0m[34;1m    671716[0m[34;1m   1079816[0m[34;1m        92[0m
09:40:07   [34;1m   1157112[0m[34;1m   1641424[0m[34;1m    248556[0m[34;1m      8.19[0m[34;1m     10832[0m[34;1m   1564968[0m[34;1m   2108128[0m[34;1m     69.44[0m[34;1m    671724[0m[34;1m   1081792[0m[34;1m       100[0m
09:40:08   [34;1m   1156616[0m[34;1m   1640928[0m[34;1m    249156[0m[34;1m      8.21[0m[34;1m     10832[0m[34;1m   1564968[0m[34;1m   2108128[0m[34;1m     69.44[0m[34;1m    671724[0m[34;1m   1081792[0m[34;1m       100[0m
09:40:09   [34;1m   1156368[0m[34;1m   1640688[0m[34;1m    249328[0m[34;1m      8.21[0m[34;1m     10832[0m[34;1m   1564980[0m[34;1m   2108128[0m[34;1m     69.44[0m[34;1m    671724[0m[34;1m   1081684[0m[34;1m       112[0m
09:40:10   [34;1m   1156628[0m[34;1m   1640956[0m[34;1m    249048[0m[34;1m      8.20[0m[34;1m     10832[0m[34;1m   1564984[0m[34;1m   2108128[0m[34;1m     69.44[0m[34;1m    671724[0m[34;1m   1081208[0m[34;1m       116[0m
09:40:11   [34;1m   1182956[0m[34;1m   1667292[0m[34;1m    222604[0m[34;1m      7.33[0m[34;1m     10840[0m[34;1m   1564984[0m[34;1m   2103792[0m[34;1m     69.30[0m[34;1m    671732[0m[34;1m   1080300[0m[34;1m       116[0m
09:40:12   [34;1m   1182208[0m[34;1m   1666548[0m[34;1m    223452[0m[34;1m      7.36[0m[34;1m     10840[0m[34;1m   1564988[0m[34;1m   2103792[0m[34;1m     69.30[0m[34;1m    671732[0m[34;1m   1080556[0m[34;1m       120[0m
09:40:13   [34;1m   1181712[0m[34;1m   1666052[0m[34;1m    223884[0m[34;1m      7.37[0m[34;1m     10840[0m[34;1m   1564992[0m[34;1m   2103792[0m[34;1m     69.30[0m[34;1m    671732[0m[34;1m   1080556[0m[34;1m       124[0m
09:40:14   [34;1m   1181464[0m[34;1m   1665804[0m[34;1m    224100[0m[34;1m      7.38[0m[34;1m     10840[0m[34;1m   1564992[0m[34;1m   2103792[0m[34;1m     69.30[0m[34;1m    671732[0m[34;1m   1079856[0m[34;1m       124[0m
09:40:15   [34;1m   1180968[0m[34;1m   1665316[0m[34;1m    224676[0m[34;1m      7.40[0m[34;1m     10840[0m[34;1m   1565000[0m[34;1m   2103792[0m[34;1m     69.30[0m[34;1m    671732[0m[34;1m   1080416[0m[34;1m       132[0m
09:40:16   [34;1m   1180220[0m[34;1m   1664568[0m[34;1m    225420[0m[34;1m      7.42[0m[34;1m     10840[0m[34;1m   1565000[0m[34;1m   2103792[0m[34;1m     69.30[0m[34;1m    671732[0m[34;1m   1080416[0m[34;1m       132[0m
09:40:17   [34;1m   1178964[0m[34;1m   1663332[0m[34;1m    226656[0m[34;1m      7.47[0m[34;1m     10848[0m[34;1m   1565008[0m[34;1m   2103792[0m[34;1m     69.30[0m[34;1m    671740[0m[34;1m   1080392[0m[34;1m       140[0m
09:40:18   [34;1m   1178468[0m[34;1m   1662840[0m[34;1m    227136[0m[34;1m      7.48[0m[34;1m     10848[0m[34;1m   1565012[0m[34;1m   2103792[0m[34;1m     69.30[0m[34;1m    671740[0m[34;1m   1080512[0m[34;1m       144[0m
09:40:19   [34;1m   1178220[0m[34;1m   1662592[0m[34;1m    227308[0m[34;1m      7.49[0m[34;1m     10848[0m[34;1m   1565012[0m[34;1m   2103792[0m[34;1m     69.30[0m[34;1m    671740[0m[34;1m   1080508[0m[34;1m       144[0m
09:40:20   [34;1m   1177748[0m[34;1m   1662128[0m[34;1m    227864[0m[34;1m      7.51[0m[34;1m     10848[0m[34;1m   1565024[0m[34;1m   2103792[0m[34;1m     69.30[0m[34;1m    671740[0m[34;1m   1081348[0m[34;1m       156[0m
09:40:21   [34;1m   1177252[0m[34;1m   1661636[0m[34;1m    228292[0m[34;1m      7.52[0m[34;1m     10848[0m[34;1m   1565028[0m[34;1m   2103792[0m[34;1m     69.30[0m[34;1m    671740[0m[34;1m   1081468[0m[34;1m       160[0m
09:40:22   [34;1m   1177004[0m[34;1m   1661392[0m[34;1m    228588[0m[34;1m      7.53[0m[34;1m     10856[0m[34;1m   1565020[0m[34;1m   2103792[0m[34;1m     69.30[0m[34;1m    671740[0m[34;1m   1081428[0m[34;1m       160[0m
09:40:23   [34;1m   1177004[0m[34;1m   1661404[0m[34;1m    228568[0m[34;1m      7.53[0m[34;1m     10856[0m[34;1m   1565032[0m[34;1m   2103792[0m[34;1m     69.30[0m[34;1m    671748[0m[34;1m   1081564[0m[34;1m       164[0m
09:40:24   [34;1m   1176508[0m[34;1m   1660908[0m[34;1m    229088[0m[34;1m      7.55[0m[34;1m     10856[0m[34;1m   1565032[0m[34;1m   2103792[0m[34;1m     69.30[0m[34;1m    671748[0m[34;1m   1081448[0m[34;1m        32[0m
09:40:25   [34;1m   1176012[0m[34;1m   1660412[0m[34;1m    229520[0m[34;1m      7.56[0m[34;1m     10856[0m[34;1m   1565032[0m[34;1m   2103792[0m[34;1m     69.30[0m[34;1m    671748[0m[34;1m   1081420[0m[34;1m        32[0m
09:40:26   [34;1m   1175268[0m[34;1m   1659676[0m[34;1m    230240[0m[34;1m      7.58[0m[34;1m     10856[0m[34;1m   1565040[0m[34;1m   2103792[0m[34;1m     69.30[0m[34;1m    671748[0m[34;1m   1081000[0m[34;1m        40[0m
09:40:27   [34;1m   1173768[0m[34;1m   1658188[0m[34;1m    231776[0m[34;1m      7.63[0m[34;1m     10864[0m[34;1m   1565044[0m[34;1m   2108128[0m[34;1m     69.44[0m[34;1m    671756[0m[34;1m   1082520[0m[34;1m        44[0m
09:40:28   [34;1m   1173268[0m[34;1m   1657692[0m[34;1m    232280[0m[34;1m      7.65[0m[34;1m     10864[0m[34;1m   1565048[0m[34;1m   2108128[0m[34;1m     69.44[0m[34;1m    671756[0m[34;1m   1083172[0m[34;1m        48[0m
09:40:29   [34;1m   1172772[0m[34;1m   1657196[0m[34;1m    232740[0m[34;1m      7.67[0m[34;1m     10864[0m[34;1m   1565048[0m[34;1m   2108128[0m[34;1m     69.44[0m[34;1m    671756[0m[34;1m   1082684[0m[34;1m        24[0m
09:40:30   [34;1m   1172036[0m[34;1m   1656460[0m[34;1m    233476[0m[34;1m      7.69[0m[34;1m     10864[0m[34;1m   1565048[0m[34;1m   2108128[0m[34;1m     69.44[0m[34;1m    671756[0m[34;1m   1082384[0m[34;1m        24[0m
09:40:31   [34;1m   1172036[0m[34;1m   1656468[0m[34;1m    233508[0m[34;1m      7.69[0m[34;1m     10864[0m[34;1m   1565056[0m[34;1m   2103792[0m[34;1m     69.30[0m[34;1m    671756[0m[34;1m   1081144[0m[34;1m        32[0m
09:40:32   [34;1m   1170792[0m[34;1m   1655232[0m[34;1m    234668[0m[34;1m      7.73[0m[34;1m     10872[0m[34;1m   1565060[0m[34;1m   2103792[0m[34;1m     69.30[0m[34;1m    671764[0m[34;1m   1081244[0m[34;1m        40[0m
09:40:33   [34;1m   1170544[0m[34;1m   1654988[0m[34;1m    234996[0m[34;1m      7.74[0m[34;1m     10872[0m[34;1m   1565060[0m[34;1m   2103792[0m[34;1m     69.30[0m[34;1m    671764[0m[34;1m   1081668[0m[34;1m        40[0m
09:40:34   [34;1m   1170048[0m[34;1m   1654496[0m[34;1m    235412[0m[34;1m      7.75[0m[34;1m     10872[0m[34;1m   1565068[0m[34;1m   2103792[0m[34;1m     69.30[0m[34;1m    671764[0m[34;1m   1081192[0m[34;1m        48[0m
09:40:35   [34;1m   1169800[0m[34;1m   1654252[0m[34;1m    235708[0m[34;1m      7.76[0m[34;1m     10872[0m[34;1m   1565068[0m[34;1m   2103792[0m[34;1m     69.30[0m[34;1m    671764[0m[34;1m   1081168[0m[34;1m        44[0m
09:40:36   [34;1m   1169552[0m[34;1m   1654008[0m[34;1m    235968[0m[34;1m      7.77[0m[34;1m     10872[0m[34;1m   1565072[0m[34;1m   2103792[0m[34;1m     69.30[0m[34;1m    671764[0m[34;1m   1081020[0m[34;1m        48[0m
09:40:37   [34;1m   1168300[0m[34;1m   1652768[0m[34;1m    237188[0m[34;1m      7.81[0m[34;1m     10880[0m[34;1m   1565076[0m[34;1m   2103792[0m[34;1m     69.30[0m[34;1m    671772[0m[34;1m   1081224[0m[34;1m        56[0m
09:40:38   [34;1m   1167804[0m[34;1m   1652276[0m[34;1m    237660[0m[34;1m      7.83[0m[34;1m     10880[0m[34;1m   1565080[0m[34;1m   2103792[0m[34;1m     69.30[0m[34;1m    671772[0m[34;1m   1081176[0m[34;1m        60[0m
09:40:39   [34;1m   1167060[0m[34;1m   1651532[0m[34;1m    238284[0m[34;1m      7.85[0m[34;1m     10880[0m[34;1m   1565084[0m[34;1m   2103792[0m[34;1m     69.30[0m[34;1m    671772[0m[34;1m   1081356[0m[34;1m        64[0m
09:40:40   [34;1m   1166060[0m[34;1m   1650540[0m[34;1m    239408[0m[34;1m      7.89[0m[34;1m     10880[0m[34;1m   1565088[0m[34;1m   2103792[0m[34;1m     69.30[0m[34;1m    671772[0m[34;1m   1081156[0m[34;1m        68[0m
09:40:41   [34;1m   1165564[0m[34;1m   1650048[0m[34;1m    239876[0m[34;1m      7.90[0m[34;1m     10880[0m[34;1m   1565092[0m[34;1m   2103792[0m[34;1m     69.30[0m[34;1m    671772[0m[34;1m   1081024[0m[34;1m        72[0m
09:40:42   [34;1m   1164308[0m[34;1m   1648808[0m[34;1m    241132[0m[34;1m      7.94[0m[34;1m     10888[0m[34;1m   1565096[0m[34;1m   2103792[0m[34;1m     69.30[0m[34;1m    671780[0m[34;1m   1081196[0m[34;1m        80[0m
09:40:43   [34;1m   1164060[0m[34;1m   1648560[0m[34;1m    241396[0m[34;1m      7.95[0m[34;1m     10888[0m[34;1m   1565100[0m[34;1m   2103792[0m[34;1m     69.30[0m[34;1m    671780[0m[34;1m   1081276[0m[34;1m        84[0m
09:40:44   [34;1m   1163812[0m[34;1m   1648312[0m[34;1m    241636[0m[34;1m      7.96[0m[34;1m     10888[0m[34;1m   1565104[0m[34;1m   2103792[0m[34;1m     69.30[0m[34;1m    671780[0m[34;1m   1081276[0m[34;1m        88[0m
09:40:45   [34;1m   1163316[0m[34;1m   1647816[0m[34;1m    242104[0m[34;1m      7.97[0m[34;1m     10888[0m[34;1m   1565108[0m[34;1m   2103792[0m[34;1m     69.30[0m[34;1m    671780[0m[34;1m   1081208[0m[34;1m        92[0m
09:40:46   [34;1m   1162820[0m[34;1m   1647336[0m[34;1m    242620[0m[34;1m      7.99[0m[34;1m     10888[0m[34;1m   1565112[0m[34;1m   2103792[0m[34;1m     69.30[0m[34;1m    671780[0m[34;1m   1081220[0m[34;1m        96[0m
09:40:47   [34;1m   1162572[0m[34;1m   1647100[0m[34;1m    242880[0m[34;1m      8.00[0m[34;1m     10896[0m[34;1m   1565116[0m[34;1m   2108128[0m[34;1m     69.44[0m[34;1m    671788[0m[34;1m   1082964[0m[34;1m       100[0m
09:40:48   [34;1m   1162076[0m[34;1m   1646604[0m[34;1m    243388[0m[34;1m      8.02[0m[34;1m     10896[0m[34;1m   1565120[0m[34;1m   2108128[0m[34;1m     69.44[0m[34;1m    671788[0m[34;1m   1082908[0m[34;1m       104[0m
09:40:49   [34;1m   1161828[0m[34;1m   1646364[0m[34;1m    243616[0m[34;1m      8.02[0m[34;1m     10896[0m[34;1m   1565124[0m[34;1m   2108128[0m[34;1m     69.44[0m[34;1m    671788[0m[34;1m   1082856[0m[34;1m       108[0m
09:40:50   [34;1m   1161080[0m[34;1m   1645620[0m[34;1m    244364[0m[34;1m      8.05[0m[34;1m     10896[0m[34;1m   1565132[0m[34;1m   2103792[0m[34;1m     69.30[0m[34;1m    671788[0m[34;1m   1082304[0m[34;1m       116[0m
09:40:51   [34;1m   1161080[0m[34;1m   1645628[0m[34;1m    244360[0m[34;1m      8.05[0m[34;1m     10896[0m[34;1m   1565136[0m[34;1m   2103792[0m[34;1m     69.30[0m[34;1m    671788[0m[34;1m   1081364[0m[34;1m       120[0m
09:40:52   [34;1m   1160832[0m[34;1m   1645384[0m[34;1m    244576[0m[34;1m      8.06[0m[34;1m     10904[0m[34;1m   1565140[0m[34;1m   2103792[0m[34;1m     69.30[0m[34;1m    671788[0m[34;1m   1081368[0m[34;1m       124[0m
09:40:53   [34;1m   1160336[0m[34;1m   1644896[0m[34;1m    245092[0m[34;1m      8.07[0m[34;1m     10904[0m[34;1m   1565144[0m[34;1m   2103792[0m[34;1m     69.30[0m[34;1m    671796[0m[34;1m   1081420[0m[34;1m       128[0m
09:40:54   [34;1m   1160336[0m[34;1m   1644900[0m[34;1m    245076[0m[34;1m      8.07[0m[34;1m     10904[0m[34;1m   1565144[0m[34;1m   2103792[0m[34;1m     69.30[0m[34;1m    671796[0m[34;1m   1081484[0m[34;1m       128[0m
09:40:55   [34;1m   1159368[0m[34;1m   1643936[0m[34;1m    245992[0m[34;1m      8.10[0m[34;1m     10904[0m[34;1m   1565148[0m[34;1m   2103792[0m[34;1m     69.30[0m[34;1m    671796[0m[34;1m   1081844[0m[34;1m        20[0m
09:40:56   [34;1m   1158872[0m[34;1m   1643440[0m[34;1m    246488[0m[34;1m      8.12[0m[34;1m     10904[0m[34;1m   1565152[0m[34;1m   2103792[0m[34;1m     69.30[0m[34;1m    671796[0m[34;1m   1082044[0m[34;1m        24[0m
09:40:57   [34;1m   1158128[0m[34;1m   1642716[0m[34;1m    247192[0m[34;1m      8.14[0m[34;1m     10912[0m[34;1m   1565160[0m[34;1m   2103792[0m[34;1m     69.30[0m[34;1m    671804[0m[34;1m   1081672[0m[34;1m        40[0m
09:40:58   [34;1m   1157384[0m[34;1m   1641976[0m[34;1m    247976[0m[34;1m      8.17[0m[34;1m     10912[0m[34;1m   1565164[0m[34;1m   2103792[0m[34;1m     69.30[0m[34;1m    671804[0m[34;1m   1081596[0m[34;1m        44[0m
09:40:59   [34;1m   1156888[0m[34;1m   1641484[0m[34;1m    248476[0m[34;1m      8.18[0m[34;1m     10912[0m[34;1m   1565168[0m[34;1m   2103792[0m[34;1m     69.30[0m[34;1m    671804[0m[34;1m   1081452[0m[34;1m        48[0m
09:41:00   [34;1m   1156416[0m[34;1m   1641016[0m[34;1m    248920[0m[34;1m      8.20[0m[34;1m     10912[0m[34;1m   1565176[0m[34;1m   2103792[0m[34;1m     69.30[0m[34;1m    671804[0m[34;1m   1081864[0m[34;1m        56[0m
09:41:01   [34;1m   1156424[0m[34;1m   1641032[0m[34;1m    248924[0m[34;1m      8.20[0m[34;1m     10912[0m[34;1m   1565180[0m[34;1m   2103792[0m[34;1m     69.30[0m[34;1m    671804[0m[34;1m   1081756[0m[34;1m        60[0m
09:41:02   [34;1m   1182948[0m[34;1m   1667576[0m[34;1m    222388[0m[34;1m      7.33[0m[34;1m     10920[0m[34;1m   1565188[0m[34;1m   2104492[0m[34;1m     69.32[0m[34;1m    671812[0m[34;1m   1081940[0m[34;1m        68[0m
09:41:03   [34;1m   1182452[0m[34;1m   1667084[0m[34;1m    222888[0m[34;1m      7.34[0m[34;1m     10920[0m[34;1m   1565192[0m[34;1m   2103792[0m[34;1m     69.30[0m[34;1m    671812[0m[34;1m   1082008[0m[34;1m        72[0m
09:41:04   [34;1m   1182236[0m[34;1m   1666872[0m[34;1m    223084[0m[34;1m      7.35[0m[34;1m     10920[0m[34;1m   1565196[0m[34;1m   2103792[0m[34;1m     69.30[0m[34;1m    671812[0m[34;1m   1081688[0m[34;1m        76[0m
09:41:05   [34;1m   1181020[0m[34;1m   1665660[0m[34;1m    224256[0m[34;1m      7.39[0m[34;1m     10920[0m[34;1m   1565204[0m[34;1m   2103792[0m[34;1m     69.30[0m[34;1m    671812[0m[34;1m   1081916[0m[34;1m        68[0m
09:41:06   [34;1m   1180772[0m[34;1m   1665416[0m[34;1m    224516[0m[34;1m      7.40[0m[34;1m     10920[0m[34;1m   1565204[0m[34;1m   2103792[0m[34;1m     69.30[0m[34;1m    671812[0m[34;1m   1081484[0m[34;1m        68[0m
09:41:07   [34;1m   1178508[0m[34;1m   1663156[0m[34;1m    226792[0m[34;1m      7.47[0m[34;1m     10920[0m[34;1m   1565208[0m[34;1m   2108128[0m[34;1m     69.44[0m[34;1m    671812[0m[34;1m   1082844[0m[34;1m        72[0m
09:41:08   [34;1m   1178012[0m[34;1m   1662672[0m[34;1m    227312[0m[34;1m      7.49[0m[34;1m     10928[0m[34;1m   1565212[0m[34;1m   2108128[0m[34;1m     69.44[0m[34;1m    671820[0m[34;1m   1082924[0m[34;1m        84[0m
09:41:09   [34;1m   1177016[0m[34;1m   1661680[0m[34;1m    228304[0m[34;1m      7.52[0m[34;1m     10928[0m[34;1m   1565216[0m[34;1m   2108128[0m[34;1m     69.44[0m[34;1m    671820[0m[34;1m   1083344[0m[34;1m        88[0m
09:41:10   [34;1m   1176272[0m[34;1m   1660936[0m[34;1m    229016[0m[34;1m      7.54[0m[34;1m     10928[0m[34;1m   1565220[0m[34;1m   2103792[0m[34;1m     69.30[0m[34;1m    671820[0m[34;1m   1081336[0m[34;1m        92[0m
09:41:11   [34;1m   1175280[0m[34;1m   1659948[0m[34;1m    229936[0m[34;1m      7.57[0m[34;1m     10928[0m[34;1m   1565224[0m[34;1m   2103792[0m[34;1m     69.30[0m[34;1m    671820[0m[34;1m   1081364[0m[34;1m        96[0m
09:41:12   [34;1m   1174784[0m[34;1m   1659460[0m[34;1m    230564[0m[34;1m      7.59[0m[34;1m     10928[0m[34;1m   1565228[0m[34;1m   2103792[0m[34;1m     69.30[0m[34;1m    671820[0m[34;1m   1081448[0m[34;1m       100[0m
09:41:13   [34;1m   1174040[0m[34;1m   1658716[0m[34;1m    231180[0m[34;1m      7.61[0m[34;1m     10936[0m[34;1m   1565232[0m[34;1m   2103792[0m[34;1m     69.30[0m[34;1m    671820[0m[34;1m   1081448[0m[34;1m       104[0m
09:41:14   [34;1m   1173544[0m[34;1m   1658220[0m[34;1m    231628[0m[34;1m      7.63[0m[34;1m     10936[0m[34;1m   1565236[0m[34;1m   2103792[0m[34;1m     69.30[0m[34;1m    671820[0m[34;1m   1081448[0m[34;1m       108[0m
09:41:15   [34;1m   1173048[0m[34;1m   1657744[0m[34;1m    232232[0m[34;1m      7.65[0m[34;1m     10936[0m[34;1m   1565240[0m[34;1m   2103792[0m[34;1m     69.30[0m[34;1m    671828[0m[34;1m   1082072[0m[34;1m       104[0m
09:41:16   [34;1m   1172552[0m[34;1m   1657252[0m[34;1m    232736[0m[34;1m      7.67[0m[34;1m     10936[0m[34;1m   1565244[0m[34;1m   2103792[0m[34;1m     69.30[0m[34;1m    671828[0m[34;1m   1081620[0m[34;1m       108[0m
09:41:17   [34;1m   1172056[0m[34;1m   1656760[0m[34;1m    233220[0m[34;1m      7.68[0m[34;1m     10936[0m[34;1m   1565248[0m[34;1m   2103792[0m[34;1m     69.30[0m[34;1m    671828[0m[34;1m   1081308[0m[34;1m       112[0m
09:41:18   [34;1m   1171808[0m[34;1m   1656520[0m[34;1m    233436[0m[34;1m      7.69[0m[34;1m     10944[0m[34;1m   1565248[0m[34;1m   2103792[0m[34;1m     69.30[0m[34;1m    671836[0m[34;1m   1081888[0m[34;1m       124[0m
09:41:19   [34;1m   1171312[0m[34;1m   1656024[0m[34;1m    233928[0m[34;1m      7.71[0m[34;1m     10944[0m[34;1m   1565256[0m[34;1m   2103792[0m[34;1m     69.30[0m[34;1m    671836[0m[34;1m   1081632[0m[34;1m       132[0m
09:41:20   [34;1m   1170576[0m[34;1m   1655288[0m[34;1m    234684[0m[34;1m      7.73[0m[34;1m     10944[0m[34;1m   1565260[0m[34;1m   2103792[0m[34;1m     69.30[0m[34;1m    671836[0m[34;1m   1081812[0m[34;1m       136[0m
09:41:21   [34;1m   1169856[0m[34;1m   1654580[0m[34;1m    235420[0m[34;1m      7.75[0m[34;1m     10944[0m[34;1m   1565264[0m[34;1m   2103792[0m[34;1m     69.30[0m[34;1m    671836[0m[34;1m   1081572[0m[34;1m       140[0m
09:41:22   [34;1m   1169360[0m[34;1m   1654084[0m[34;1m    235868[0m[34;1m      7.77[0m[34;1m     10944[0m[34;1m   1565268[0m[34;1m   2103792[0m[34;1m     69.30[0m[34;1m    671836[0m[34;1m   1081572[0m[34;1m       148[0m
09:41:23   [34;1m   1168864[0m[34;1m   1653596[0m[34;1m    236356[0m[34;1m      7.79[0m[34;1m     10944[0m[34;1m   1565272[0m[34;1m   2103792[0m[34;1m     69.30[0m[34;1m    671836[0m[34;1m   1081584[0m[34;1m       152[0m
09:41:24   [34;1m   1168368[0m[34;1m   1653100[0m[34;1m    236796[0m[34;1m      7.80[0m[34;1m     10952[0m[34;1m   1565276[0m[34;1m   2103792[0m[34;1m     69.30[0m[34;1m    671836[0m[34;1m   1081584[0m[34;1m       156[0m
09:41:25   [34;1m   1167624[0m[34;1m   1652356[0m[34;1m    237592[0m[34;1m      7.83[0m[34;1m     10952[0m[34;1m   1565280[0m[34;1m   2103792[0m[34;1m     69.30[0m[34;1m    671836[0m[34;1m   1081880[0m[34;1m       160[0m
09:41:26   [34;1m   1167128[0m[34;1m   1651880[0m[34;1m    238076[0m[34;1m      7.84[0m[34;1m     10952[0m[34;1m   1565284[0m[34;1m   2103792[0m[34;1m     69.30[0m[34;1m    671844[0m[34;1m   1081392[0m[34;1m        32[0m
09:41:27   [34;1m   1166376[0m[34;1m   1651140[0m[34;1m    238808[0m[34;1m      7.87[0m[34;1m     10952[0m[34;1m   1565288[0m[34;1m   2108128[0m[34;1m     69.44[0m[34;1m    671844[0m[34;1m   1083236[0m[34;1m        36[0m
09:41:28   [34;1m   1165876[0m[34;1m   1650648[0m[34;1m    239288[0m[34;1m      7.88[0m[34;1m     10952[0m[34;1m   1565296[0m[34;1m   2108128[0m[34;1m     69.44[0m[34;1m    671844[0m[34;1m   1083248[0m[34;1m        44[0m
09:41:29   [34;1m   1165628[0m[34;1m   1650400[0m[34;1m    239536[0m[34;1m      7.89[0m[34;1m     10960[0m[34;1m   1565296[0m[34;1m   2108128[0m[34;1m     69.44[0m[34;1m    671844[0m[34;1m   1083248[0m[34;1m        48[0m
09:41:30   [34;1m   1165316[0m[34;1m   1650100[0m[34;1m    239824[0m[34;1m      7.90[0m[34;1m     10960[0m[34;1m   1565300[0m[34;1m   2103792[0m[34;1m     69.30[0m[34;1m    671852[0m[34;1m   1081840[0m[34;1m        52[0m
09:41:31   [34;1m   1164572[0m[34;1m   1649356[0m[34;1m    240568[0m[34;1m      7.92[0m[34;1m     10960[0m[34;1m   1565304[0m[34;1m   2103792[0m[34;1m     69.30[0m[34;1m    671852[0m[34;1m   1081608[0m[34;1m        56[0m
09:41:32   [34;1m   1163580[0m[34;1m   1648364[0m[34;1m    241400[0m[34;1m      7.95[0m[34;1m     10960[0m[34;1m   1565308[0m[34;1m   2103792[0m[34;1m     69.30[0m[34;1m    671852[0m[34;1m   1081608[0m[34;1m        60[0m
09:41:33   [34;1m   1163332[0m[34;1m   1648128[0m[34;1m    241724[0m[34;1m      7.96[0m[34;1m     10960[0m[34;1m   1565312[0m[34;1m   2103792[0m[34;1m     69.30[0m[34;1m    671852[0m[34;1m   1082420[0m[34;1m        64[0m
09:41:34   [34;1m   1163084[0m[34;1m   1647884[0m[34;1m    242040[0m[34;1m      7.97[0m[34;1m     10968[0m[34;1m   1565316[0m[34;1m   2103792[0m[34;1m     69.30[0m[34;1m    671852[0m[34;1m   1081512[0m[34;1m        68[0m
09:41:35   [34;1m   1162836[0m[34;1m   1647644[0m[34;1m    242316[0m[34;1m      7.98[0m[34;1m     10968[0m[34;1m   1565320[0m[34;1m   2103792[0m[34;1m     69.30[0m[34;1m    671860[0m[34;1m   1081644[0m[34;1m        72[0m
09:41:36   [34;1m   1162092[0m[34;1m   1646908[0m[34;1m    242968[0m[34;1m      8.00[0m[34;1m     10968[0m[34;1m   1565324[0m[34;1m   2103792[0m[34;1m     69.30[0m[34;1m    671860[0m[34;1m   1081648[0m[34;1m        76[0m
09:41:37   [34;1m   1161844[0m[34;1m   1646660[0m[34;1m    243284[0m[34;1m      8.01[0m[34;1m     10968[0m[34;1m   1565328[0m[34;1m   2103792[0m[34;1m     69.30[0m[34;1m    671860[0m[34;1m   1081648[0m[34;1m        80[0m
09:41:38   [34;1m   1160844[0m[34;1m   1645664[0m[34;1m    244304[0m[34;1m      8.05[0m[34;1m     10968[0m[34;1m   1565332[0m[34;1m   2103792[0m[34;1m     69.30[0m[34;1m    671860[0m[34;1m   1081676[0m[34;1m        84[0m
09:41:39   [34;1m   1160348[0m[34;1m   1645176[0m[34;1m    244764[0m[34;1m      8.06[0m[34;1m     10968[0m[34;1m   1565340[0m[34;1m   2103792[0m[34;1m     69.30[0m[34;1m    671860[0m[34;1m   1081564[0m[34;1m        92[0m
09:41:40   [34;1m   1159848[0m[34;1m   1644688[0m[34;1m    245280[0m[34;1m      8.08[0m[34;1m     10976[0m[34;1m   1565340[0m[34;1m   2103792[0m[34;1m     69.30[0m[34;1m    671868[0m[34;1m   1082216[0m[34;1m        92[0m
09:41:41   [34;1m   1159352[0m[34;1m   1644192[0m[34;1m    245772[0m[34;1m      8.10[0m[34;1m     10976[0m[34;1m   1565344[0m[34;1m   2103792[0m[34;1m     69.30[0m[34;1m    671868[0m[34;1m   1082036[0m[34;1m        72[0m
09:41:42   [34;1m   1159352[0m[34;1m   1644200[0m[34;1m    245784[0m[34;1m      8.10[0m[34;1m     10976[0m[34;1m   1565348[0m[34;1m   2103792[0m[34;1m     69.30[0m[34;1m    671868[0m[34;1m   1082512[0m[34;1m        76[0m
09:41:43   [34;1m   1158356[0m[34;1m   1643204[0m[34;1m    246700[0m[34;1m      8.13[0m[34;1m     10976[0m[34;1m   1565348[0m[34;1m   2103792[0m[34;1m     69.30[0m[34;1m    671868[0m[34;1m   1081876[0m[34;1m        76[0m
09:41:44   [34;1m   1157860[0m[34;1m   1642708[0m[34;1m    247256[0m[34;1m      8.14[0m[34;1m     10976[0m[34;1m   1565356[0m[34;1m   2103792[0m[34;1m     69.30[0m[34;1m    671868[0m[34;1m   1081684[0m[34;1m        84[0m
09:41:45   [34;1m   1157364[0m[34;1m   1642228[0m[34;1m    247728[0m[34;1m      8.16[0m[34;1m     10984[0m[34;1m   1565356[0m[34;1m   2103792[0m[34;1m     69.30[0m[34;1m    671876[0m[34;1m   1081328[0m[34;1m        92[0m
09:41:46   [34;1m   1156868[0m[34;1m   1641732[0m[34;1m    248200[0m[34;1m      8.18[0m[34;1m     10984[0m[34;1m   1565360[0m[34;1m   2103792[0m[34;1m     69.30[0m[34;1m    671876[0m[34;1m   1081176[0m[34;1m        96[0m
09:41:47   [34;1m   1156372[0m[34;1m   1641244[0m[34;1m    248696[0m[34;1m      8.19[0m[34;1m     10984[0m[34;1m   1565364[0m[34;1m   2108128[0m[34;1m     69.44[0m[34;1m    671876[0m[34;1m   1081724[0m[34;1m       100[0m
09:41:48   [34;1m   1155876[0m[34;1m   1640752[0m[34;1m    249164[0m[34;1m      8.21[0m[34;1m     10984[0m[34;1m   1565368[0m[34;1m   2108128[0m[34;1m     69.44[0m[34;1m    671876[0m[34;1m   1082012[0m[34;1m       104[0m
09:41:49   [34;1m   1182684[0m[34;1m   1667560[0m[34;1m    222228[0m[34;1m      7.32[0m[34;1m     10984[0m[34;1m   1565368[0m[34;1m   2108128[0m[34;1m     69.44[0m[34;1m    671876[0m[34;1m   1082240[0m[34;1m       104[0m
09:41:50   [34;1m   1181740[0m[34;1m   1666628[0m[34;1m    223284[0m[34;1m      7.35[0m[34;1m     10992[0m[34;1m   1565372[0m[34;1m   2103792[0m[34;1m     69.30[0m[34;1m    671884[0m[34;1m   1080200[0m[34;1m       108[0m
09:41:51   [34;1m   1181492[0m[34;1m   1666380[0m[34;1m    223548[0m[34;1m      7.36[0m[34;1m     10992[0m[34;1m   1565380[0m[34;1m   2103792[0m[34;1m     69.30[0m[34;1m    671884[0m[34;1m   1080144[0m[34;1m       116[0m
09:41:52   [34;1m   1180996[0m[34;1m   1665896[0m[34;1m    224056[0m[34;1m      7.38[0m[34;1m     10992[0m[34;1m   1565384[0m[34;1m   2103792[0m[34;1m     69.30[0m[34;1m    671884[0m[34;1m   1080384[0m[34;1m       120[0m
09:41:53   [34;1m   1180748[0m[34;1m   1665644[0m[34;1m    224300[0m[34;1m      7.39[0m[34;1m     10992[0m[34;1m   1565384[0m[34;1m   2103792[0m[34;1m     69.30[0m[34;1m    671884[0m[34;1m   1080328[0m[34;1m       120[0m
09:41:54   [34;1m   1176980[0m[34;1m   1661884[0m[34;1m    228048[0m[34;1m      7.51[0m[34;1m     10992[0m[34;1m   1565392[0m[34;1m   2103792[0m[34;1m     69.30[0m[34;1m    671884[0m[34;1m   1080344[0m[34;1m       128[0m
09:41:55   [34;1m   1176508[0m[34;1m   1661420[0m[34;1m    228512[0m[34;1m      7.53[0m[34;1m     11000[0m[34;1m   1565392[0m[34;1m   2103792[0m[34;1m     69.30[0m[34;1m    671892[0m[34;1m   1079992[0m[34;1m       128[0m
09:41:56   [34;1m   1175764[0m[34;1m   1660680[0m[34;1m    229208[0m[34;1m      7.55[0m[34;1m     11000[0m[34;1m   1565400[0m[34;1m   2103792[0m[34;1m     69.30[0m[34;1m    671892[0m[34;1m   1080268[0m[34;1m        12[0m
09:41:57   [34;1m   1175020[0m[34;1m   1659940[0m[34;1m    229896[0m[34;1m      7.57[0m[34;1m     11000[0m[34;1m   1565404[0m[34;1m   2103792[0m[34;1m     69.30[0m[34;1m    671892[0m[34;1m   1080316[0m[34;1m        16[0m
09:41:58   [34;1m   1174272[0m[34;1m   1659196[0m[34;1m    230700[0m[34;1m      7.60[0m[34;1m     11000[0m[34;1m   1565404[0m[34;1m   2103792[0m[34;1m     69.30[0m[34;1m    671892[0m[34;1m   1080752[0m[34;1m        16[0m
09:41:59   [34;1m   1174024[0m[34;1m   1658952[0m[34;1m    230980[0m[34;1m      7.61[0m[34;1m     11000[0m[34;1m   1565408[0m[34;1m   2103792[0m[34;1m     69.30[0m[34;1m    671892[0m[34;1m   1081188[0m[34;1m        20[0m
09:42:00   [34;1m   1173776[0m[34;1m   1658712[0m[34;1m    231192[0m[34;1m      7.62[0m[34;1m     11008[0m[34;1m   1565412[0m[34;1m   2103792[0m[34;1m     69.30[0m[34;1m    671900[0m[34;1m   1080736[0m[34;1m        32[0m
09:42:01   [34;1m   1173032[0m[34;1m   1657968[0m[34;1m    231968[0m[34;1m      7.64[0m[34;1m     11008[0m[34;1m   1565412[0m[34;1m   2103792[0m[34;1m     69.30[0m[34;1m    671900[0m[34;1m   1080736[0m[34;1m        32[0m
09:42:02   [34;1m   1172536[0m[34;1m   1657476[0m[34;1m    232444[0m[34;1m      7.66[0m[34;1m     11008[0m[34;1m   1565420[0m[34;1m   2104640[0m[34;1m     69.32[0m[34;1m    671900[0m[34;1m   1080972[0m[34;1m        44[0m
09:42:03   [34;1m   1172040[0m[34;1m   1656992[0m[34;1m    232928[0m[34;1m      7.67[0m[34;1m     11008[0m[34;1m   1565424[0m[34;1m   2103792[0m[34;1m     69.30[0m[34;1m    671900[0m[34;1m   1080480[0m[34;1m        48[0m
09:42:04   [34;1m   1171544[0m[34;1m   1656500[0m[34;1m    233428[0m[34;1m      7.69[0m[34;1m     11008[0m[34;1m   1565428[0m[34;1m   2103792[0m[34;1m     69.30[0m[34;1m    671900[0m[34;1m   1080560[0m[34;1m        52[0m
09:42:05   [34;1m   1171048[0m[34;1m   1656020[0m[34;1m    233932[0m[34;1m      7.71[0m[34;1m     11016[0m[34;1m   1565432[0m[34;1m   2103792[0m[34;1m     69.30[0m[34;1m    671904[0m[34;1m   1080780[0m[34;1m        56[0m
09:42:06   [34;1m   1170552[0m[34;1m   1655524[0m[34;1m    234372[0m[34;1m      7.72[0m[34;1m     11016[0m[34;1m   1565436[0m[34;1m   2103792[0m[34;1m     69.30[0m[34;1m    671904[0m[34;1m   1080780[0m[34;1m        60[0m
09:42:07   [34;1m   1170052[0m[34;1m   1655028[0m[34;1m    234896[0m[34;1m      7.74[0m[34;1m     11016[0m[34;1m   1565440[0m[34;1m   2108128[0m[34;1m     69.44[0m[34;1m    671908[0m[34;1m   1082316[0m[34;1m        64[0m
09:42:08   [34;1m   1168800[0m[34;1m   1653780[0m[34;1m    236148[0m[34;1m      7.78[0m[34;1m     11016[0m[34;1m   1565440[0m[34;1m   2108128[0m[34;1m     69.44[0m[34;1m    671908[0m[34;1m   1082468[0m[34;1m        64[0m
09:42:09   [34;1m   1168056[0m[34;1m   1653036[0m[34;1m    236896[0m[34;1m      7.80[0m[34;1m     11016[0m[34;1m   1565444[0m[34;1m   2108128[0m[34;1m     69.44[0m[34;1m    671908[0m[34;1m   1082432[0m[34;1m        68[0m
09:42:10   [34;1m   1167336[0m[34;1m   1652328[0m[34;1m    237580[0m[34;1m      7.83[0m[34;1m     11024[0m[34;1m   1565448[0m[34;1m   2103792[0m[34;1m     69.30[0m[34;1m    671916[0m[34;1m   1081508[0m[34;1m        72[0m
09:42:11   [34;1m   1166592[0m[34;1m   1651588[0m[34;1m    238340[0m[34;1m      7.85[0m[34;1m     11024[0m[34;1m   1565448[0m[34;1m   2103792[0m[34;1m     69.30[0m[34;1m    671916[0m[34;1m   1080880[0m[34;1m        72[0m
09:42:12   [34;1m   1166096[0m[34;1m   1651100[0m[34;1m    238752[0m[34;1m      7.86[0m[34;1m     11024[0m[34;1m   1565460[0m[34;1m   2103792[0m[34;1m     69.30[0m[34;1m    671916[0m[34;1m   1081196[0m[34;1m        84[0m
09:42:13   [34;1m   1165352[0m[34;1m   1650356[0m[34;1m    239508[0m[34;1m      7.89[0m[34;1m     11024[0m[34;1m   1565464[0m[34;1m   2103792[0m[34;1m     69.30[0m[34;1m    671916[0m[34;1m   1080944[0m[34;1m        88[0m
09:42:14   [34;1m   1164856[0m[34;1m   1649860[0m[34;1m    240048[0m[34;1m      7.91[0m[34;1m     11024[0m[34;1m   1565468[0m[34;1m   2103792[0m[34;1m     69.30[0m[34;1m    671916[0m[34;1m   1080944[0m[34;1m        92[0m
09:42:15   [34;1m   1164360[0m[34;1m   1649372[0m[34;1m    240564[0m[34;1m      7.92[0m[34;1m     11024[0m[34;1m   1565472[0m[34;1m   2103792[0m[34;1m     69.30[0m[34;1m    671916[0m[34;1m   1081304[0m[34;1m        96[0m
09:42:16   [34;1m   1163864[0m[34;1m   1648888[0m[34;1m    241024[0m[34;1m      7.94[0m[34;1m     11032[0m[34;1m   1565480[0m[34;1m   2103792[0m[34;1m     69.30[0m[34;1m    671924[0m[34;1m   1081536[0m[34;1m       104[0m
09:42:17   [34;1m   1163368[0m[34;1m   1648404[0m[34;1m    241516[0m[34;1m      7.96[0m[34;1m     11032[0m[34;1m   1565484[0m[34;1m   2103792[0m[34;1m     69.30[0m[34;1m    671924[0m[34;1m   1080908[0m[34;1m        92[0m
09:42:18   [34;1m   1163120[0m[34;1m   1648156[0m[34;1m    241752[0m[34;1m      7.96[0m[34;1m     11032[0m[34;1m   1565488[0m[34;1m   2103792[0m[34;1m     69.30[0m[34;1m    671924[0m[34;1m   1081100[0m[34;1m        96[0m
09:42:19   [34;1m   1162624[0m[34;1m   1647664[0m[34;1m    242272[0m[34;1m      7.98[0m[34;1m     11032[0m[34;1m   1565492[0m[34;1m   2103792[0m[34;1m     69.30[0m[34;1m    671924[0m[34;1m   1081280[0m[34;1m       100[0m
09:42:20   [34;1m   1161384[0m[34;1m   1646428[0m[34;1m    243460[0m[34;1m      8.02[0m[34;1m     11032[0m[34;1m   1565496[0m[34;1m   2103792[0m[34;1m     69.30[0m[34;1m    671924[0m[34;1m   1081068[0m[34;1m       104[0m
09:42:21   [34;1m   1160664[0m[34;1m   1645708[0m[34;1m    244192[0m[34;1m      8.04[0m[34;1m     11040[0m[34;1m   1565500[0m[34;1m   2103792[0m[34;1m     69.30[0m[34;1m    671924[0m[34;1m   1081068[0m[34;1m       108[0m
09:42:22   [34;1m   1159920[0m[34;1m   1644984[0m[34;1m    244868[0m[34;1m      8.07[0m[34;1m     11040[0m[34;1m   1565504[0m[34;1m   2103792[0m[34;1m     69.30[0m[34;1m    671932[0m[34;1m   1081560[0m[34;1m       112[0m
09:42:23   [34;1m   1159424[0m[34;1m   1644488[0m[34;1m    245412[0m[34;1m      8.08[0m[34;1m     11040[0m[34;1m   1565508[0m[34;1m   2103792[0m[34;1m     69.30[0m[34;1m    671932[0m[34;1m   1081648[0m[34;1m       116[0m
09:42:24   [34;1m   1158928[0m[34;1m   1644000[0m[34;1m    245944[0m[34;1m      8.10[0m[34;1m     11040[0m[34;1m   1565512[0m[34;1m   2103792[0m[34;1m     69.30[0m[34;1m    671932[0m[34;1m   1081412[0m[34;1m       120[0m
09:42:25   [34;1m   1158208[0m[34;1m   1643280[0m[34;1m    246588[0m[34;1m      8.12[0m[34;1m     11040[0m[34;1m   1565516[0m[34;1m   2103792[0m[34;1m     69.30[0m[34;1m    671932[0m[34;1m   1082432[0m[34;1m       124[0m
09:42:26   [34;1m   1158208[0m[34;1m   1643280[0m[34;1m    246620[0m[34;1m      8.12[0m[34;1m     11048[0m[34;1m   1565516[0m[34;1m   2103792[0m[34;1m     69.30[0m[34;1m    671932[0m[34;1m   1082032[0m[34;1m       132[0m
