Linux 6.6.95 (ssp-study) 	04/21/26 	_x86_64_	(2 CPU)

09:37:26        CPU     %user     %nice   %system   %iowait    %steal     %idle
09:37:27   [32;22m     all[0m[34;1m     15.69[0m[34;22m      0.00[0m[34;1m     24.18[0m[34;1m      0.65[0m[34;22m      0.00[0m[34;1m     59.48[0m
09:37:28   [32;22m     all[0m[34;1m      8.62[0m[34;22m      0.00[0m[34;1m     10.92[0m[34;22m      0.00[0m[34;22m      0.00[0m[34;1m     80.46[0m
09:37:29   [32;22m     all[0m[34;1m     13.37[0m[34;22m      0.00[0m[34;1m     16.86[0m[34;22m      0.00[0m[34;22m      0.00[0m[34;1m     69.77[0m
09:37:30   [32;22m     all[0m[34;1m     24.42[0m[34;22m      0.00[0m[34;1m     25.00[0m[34;22m      0.00[0m[34;22m      0.00[0m[34;1m     50.58[0m
09:37:31   [32;22m     all[0m[34;1m     21.89[0m[34;22m      0.00[0m[34;1m     23.08[0m[34;22m      0.00[0m[34;22m      0.00[0m[34;1m     55.03[0m
09:37:32   [32;22m     all[0m[34;1m     20.00[0m[34;22m      0.00[0m[34;1m     28.75[0m[34;22m      0.00[0m[34;22m      0.00[0m[34;1m     51.25[0m
09:37:33   [32;22m     all[0m[34;1m     21.58[0m[34;22m      0.00[0m[34;1m     26.62[0m[34;1m      2.16[0m[34;22m      0.00[0m[34;1m     49.64[0m
09:37:34   [32;22m     all[0m[34;1m     22.29[0m[34;22m      0.00[0m[34;1m     29.52[0m[34;22m      0.00[0m[34;22m      0.00[0m[34;1m     48.19[0m
09:37:35   [32;22m     all[0m[34;1m     33.73[0m[34;22m      0.00[0m[34;1m     37.87[0m[34;22m      0.00[0m[34;22m      0.00[0m[34;1m     28.40[0m
09:37:36   [32;22m     all[0m[34;1m     24.85[0m[34;22m      0.00[0m[34;1m     36.36[0m[34;1m      0.61[0m[34;22m      0.00[0m[34;1m     38.18[0m
09:37:37   [32;22m     all[0m[34;1m     28.74[0m[34;22m      0.00[0m[34;1m     32.93[0m[34;22m      0.00[0m[34;22m      0.00[0m[34;1m     38.32[0m
09:37:38   [32;22m     all[0m[34;1m     25.93[0m[34;22m      0.00[0m[34;1m     37.04[0m[34;22m      0.00[0m[34;22m      0.00[0m[34;1m     37.04[0m
09:37:39   [32;22m     all[0m[34;1m     26.44[0m[34;22m      0.00[0m[34;1m     35.63[0m[34;22m      0.00[0m[34;22m      0.00[0m[34;1m     37.93[0m
09:37:40   [32;22m     all[0m[34;1m     32.56[0m[34;22m      0.00[0m[34;1m     38.95[0m[34;22m      0.00[0m[34;22m      0.00[0m[34;1m     28.49[0m
09:37:41   [32;22m     all[0m[34;1m     37.93[0m[34;22m      0.00[0m[34;1m     40.23[0m[34;22m      0.00[0m[34;22m      0.00[0m[35;1m     21.84[0m
09:37:42   [32;22m     all[0m[34;1m     31.55[0m[34;22m      0.00[0m[34;1m     47.02[0m[34;22m      0.00[0m[34;22m      0.00[0m[35;1m     21.43[0m
09:37:43   [32;22m     all[0m[34;1m     32.32[0m[34;22m      0.00[0m[34;1m     37.80[0m[34;22m      0.00[0m[34;22m      0.00[0m[34;1m     29.88[0m
09:37:44   [32;22m     all[0m[34;1m     34.29[0m[34;22m      0.00[0m[34;1m     45.14[0m[34;1m      0.57[0m[34;22m      0.00[0m[35;1m     20.00[0m
09:37:45   [32;22m     all[0m[34;1m     35.33[0m[34;22m      0.00[0m[34;1m     44.31[0m[34;1m      0.60[0m[34;22m      0.00[0m[35;1m     19.76[0m
09:37:46   [32;22m     all[0m[34;1m     37.28[0m[34;22m      0.00[0m[34;1m     44.38[0m[34;22m      0.00[0m[34;22m      0.00[0m[35;1m     18.34[0m
09:37:47   [32;22m     all[0m[34;1m     36.87[0m[34;22m      0.00[0m[34;1m     46.37[0m[34;22m      0.00[0m[34;22m      0.00[0m[35;1m     16.76[0m
09:37:48   [32;22m     all[0m[34;1m     37.93[0m[34;22m      0.00[0m[34;1m     47.13[0m[34;22m      0.00[0m[34;22m      0.00[0m[35;1m     14.94[0m
09:37:49   [32;22m     all[0m[34;1m     41.01[0m[34;22m      0.00[0m[34;1m     44.38[0m[34;22m      0.00[0m[34;22m      0.00[0m[35;1m     14.61[0m
09:37:50   [32;22m     all[0m[34;1m     39.34[0m[34;22m      0.00[0m[34;1m     45.90[0m[34;22m      0.00[0m[34;22m      0.00[0m[35;1m     14.75[0m
09:37:51   [32;22m     all[0m[34;1m     46.45[0m[34;22m      0.00[0m[34;1m     49.73[0m[34;22m      0.00[0m[34;22m      0.00[0m[31;1m      3.83[0m
09:37:52   [32;22m     all[0m[34;1m     40.12[0m[34;22m      0.00[0m[34;1m     55.23[0m[34;22m      0.00[0m[34;22m      0.00[0m[31;1m      4.65[0m
09:37:53   [32;22m     all[0m[34;1m     41.57[0m[34;22m      0.00[0m[34;1m     49.40[0m[34;22m      0.00[0m[34;22m      0.00[0m[31;1m      9.04[0m
09:37:54   [32;22m     all[0m[34;1m     41.61[0m[34;22m      0.00[0m[34;1m     50.93[0m[34;22m      0.00[0m[34;22m      0.00[0m[31;1m      7.45[0m
09:37:55   [32;22m     all[0m[34;1m     42.42[0m[34;22m      0.00[0m[34;1m     53.33[0m[34;22m      0.00[0m[34;22m      0.00[0m[31;1m      4.24[0m
09:37:56   [32;22m     all[0m[34;1m     42.29[0m[34;22m      0.00[0m[34;1m     53.14[0m[34;22m      0.00[0m[34;22m      0.00[0m[31;1m      4.57[0m
09:37:57   [32;22m     all[0m[34;1m     39.88[0m[34;22m      0.00[0m[34;1m     55.83[0m[34;22m      0.00[0m[34;22m      0.00[0m[31;1m      4.29[0m
09:37:58   [32;22m     all[0m[34;1m     45.70[0m[34;22m      0.00[0m[34;1m     51.61[0m[34;22m      0.00[0m[34;22m      0.00[0m[31;1m      2.69[0m
09:37:59   [32;22m     all[0m[34;1m     44.33[0m[34;22m      0.00[0m[34;1m     52.58[0m[34;22m      0.00[0m[34;22m      0.00[0m[31;1m      3.09[0m
09:38:00   [32;22m     all[0m[34;1m     44.56[0m[34;22m      0.00[0m[34;1m     51.81[0m[34;22m      0.00[0m[34;22m      0.00[0m[31;1m      3.63[0m
09:38:01   [32;22m     all[0m[34;1m     48.45[0m[34;22m      0.00[0m[34;1m     50.00[0m[34;22m      0.00[0m[34;22m      0.00[0m[31;1m      1.55[0m
09:38:02   [32;22m     all[0m[34;1m     42.71[0m[34;22m      0.00[0m[34;1m     54.17[0m[34;22m      0.00[0m[34;22m      0.00[0m[31;1m      3.12[0m
09:38:03   [32;22m     all[0m[34;1m     43.16[0m[34;22m      0.00[0m[34;1m     49.47[0m[34;22m      0.00[0m[34;22m      0.00[0m[31;1m      7.37[0m
09:38:04   [32;22m     all[0m[34;1m     45.50[0m[34;22m      0.00[0m[34;1m     50.79[0m[34;22m      0.00[0m[34;22m      0.00[0m[31;1m      3.70[0m
09:38:05   [32;22m     all[0m[34;1m     43.75[0m[34;22m      0.00[0m[34;1m     53.12[0m[34;22m      0.00[0m[34;22m      0.00[0m[31;1m      3.12[0m
09:38:06   [32;22m     all[0m[34;1m     43.01[0m[34;22m      0.00[0m[34;1m     53.23[0m[34;1m      0.54[0m[34;22m      0.00[0m[31;1m      3.23[0m
09:38:07   [32;22m     all[0m[34;1m     42.63[0m[34;22m      0.00[0m[34;1m     53.16[0m[34;22m      0.00[0m[34;22m      0.00[0m[31;1m      4.21[0m
09:38:08   [32;22m     all[0m[34;1m     42.71[0m[34;22m      0.00[0m[34;1m     53.65[0m[34;22m      0.00[0m[34;22m      0.00[0m[31;1m      3.65[0m
09:38:09   [32;22m     all[0m[34;1m     41.05[0m[34;22m      0.00[0m[34;1m     55.26[0m[34;22m      0.00[0m[34;22m      0.00[0m[31;1m      3.68[0m
09:38:10   [32;22m     all[0m[34;1m     43.46[0m[34;22m      0.00[0m[34;1m     52.88[0m[34;22m      0.00[0m[34;22m      0.00[0m[31;1m      3.66[0m
09:38:11   [32;22m     all[0m[34;1m     46.84[0m[34;22m      0.00[0m[34;1m     50.00[0m[34;22m      0.00[0m[34;22m      0.00[0m[31;1m      3.16[0m
09:38:12   [32;22m     all[0m[34;1m     45.88[0m[34;22m      0.00[0m[34;1m     51.55[0m[34;22m      0.00[0m[34;22m      0.00[0m[31;1m      2.58[0m
09:38:13   [32;22m     all[0m[34;1m     40.64[0m[34;22m      0.00[0m[34;1m     54.55[0m[34;22m      0.00[0m[34;22m      0.00[0m[31;1m      4.81[0m
09:38:14   [32;22m     all[0m[34;1m     41.49[0m[34;22m      0.00[0m[34;1m     53.72[0m[34;22m      0.00[0m[34;22m      0.00[0m[31;1m      4.79[0m
09:38:15   [32;22m     all[0m[34;1m     46.39[0m[34;22m      0.00[0m[34;1m     53.09[0m[34;22m      0.00[0m[34;22m      0.00[0m[31;1m      0.52[0m
09:38:16   [32;22m     all[0m[34;1m     44.04[0m[34;22m      0.00[0m[34;1m     53.37[0m[34;22m      0.00[0m[34;22m      0.00[0m[31;1m      2.59[0m
09:38:17   [32;22m     all[0m[34;1m     45.50[0m[34;22m      0.00[0m[34;1m     51.32[0m[34;22m      0.00[0m[34;22m      0.00[0m[31;1m      3.17[0m
09:38:18   [32;22m     all[0m[34;1m     41.80[0m[34;22m      0.00[0m[34;1m     54.50[0m[34;22m      0.00[0m[34;22m      0.00[0m[31;1m      3.70[0m
09:38:19   [32;22m     all[0m[34;1m     42.33[0m[34;22m      0.00[0m[34;1m     53.44[0m[34;22m      0.00[0m[34;22m      0.00[0m[31;1m      4.23[0m
09:38:20   [32;22m     all[0m[34;1m     45.70[0m[34;22m      0.00[0m[34;1m     49.46[0m[34;22m      0.00[0m[34;22m      0.00[0m[31;1m      4.84[0m
09:38:21   [32;22m     all[0m[34;1m     45.74[0m[34;22m      0.00[0m[34;1m     51.06[0m[34;22m      0.00[0m[34;22m      0.00[0m[31;1m      3.19[0m
09:38:22   [32;22m     all[0m[34;1m     43.62[0m[34;22m      0.00[0m[34;1m     53.19[0m[34;22m      0.00[0m[34;22m      0.00[0m[31;1m      3.19[0m
09:38:23   [32;22m     all[0m[34;1m     43.75[0m[34;22m      0.00[0m[34;1m     54.17[0m[34;22m      0.00[0m[34;22m      0.00[0m[31;1m      2.08[0m
09:38:24   [32;22m     all[0m[34;1m     43.68[0m[34;22m      0.00[0m[34;1m     52.63[0m[34;22m      0.00[0m[34;22m      0.00[0m[31;1m      3.68[0m
09:38:25   [32;22m     all[0m[34;1m     43.62[0m[34;22m      0.00[0m[34;1m     53.19[0m[34;22m      0.00[0m[34;22m      0.00[0m[31;1m      3.19[0m
09:38:26   [32;22m     all[0m[34;1m     43.59[0m[34;22m      0.00[0m[34;1m     53.85[0m[34;22m      0.00[0m[34;22m      0.00[0m[31;1m      2.56[0m
09:38:27   [32;22m     all[0m[34;1m     40.41[0m[34;22m      0.00[0m[34;1m     56.48[0m[34;22m      0.00[0m[34;22m      0.00[0m[31;1m      3.11[0m
09:38:28   [32;22m     all[0m[34;1m     42.02[0m[34;22m      0.00[0m[34;1m     53.72[0m[34;22m      0.00[0m[34;22m      0.00[0m[31;1m      4.26[0m
09:38:29   [32;22m     all[0m[34;1m     44.10[0m[34;22m      0.00[0m[34;1m     54.36[0m[34;22m      0.00[0m[34;22m      0.00[0m[31;1m      1.54[0m
09:38:30   [32;22m     all[0m[34;1m     43.68[0m[34;22m      0.00[0m[34;1m     54.21[0m[34;22m      0.00[0m[34;22m      0.00[0m[31;1m      2.11[0m
09:38:31   [32;22m     all[0m[34;1m     44.56[0m[34;22m      0.00[0m[34;1m     54.40[0m[34;22m      0.00[0m[34;22m      0.00[0m[31;1m      1.04[0m
09:38:32   [32;22m     all[0m[34;1m     43.39[0m[34;22m      0.00[0m[34;1m     52.38[0m[34;22m      0.00[0m[34;22m      0.00[0m[31;1m      4.23[0m
09:38:33   [32;22m     all[0m[34;1m     42.86[0m[34;22m      0.00[0m[34;1m     55.03[0m[34;22m      0.00[0m[34;22m      0.00[0m[31;1m      2.12[0m
09:38:34   [32;22m     all[0m[34;1m     40.96[0m[34;22m      0.00[0m[34;1m     55.32[0m[34;22m      0.00[0m[34;22m      0.00[0m[31;1m      3.72[0m
09:38:35   [32;22m     all[0m[34;1m     41.18[0m[34;22m      0.00[0m[34;1m     55.61[0m[34;22m      0.00[0m[34;22m      0.00[0m[31;1m      3.21[0m
09:38:36   [32;22m     all[0m[34;1m     39.36[0m[34;22m      0.00[0m[34;1m     55.85[0m[34;22m      0.00[0m[34;22m      0.00[0m[31;1m      4.79[0m
09:38:37   [32;22m     all[0m[34;1m     41.97[0m[34;22m      0.00[0m[34;1m     55.44[0m[34;22m      0.00[0m[34;22m      0.00[0m[31;1m      2.59[0m
09:38:38   [32;22m     all[0m[34;1m     42.39[0m[34;22m      0.00[0m[34;1m     54.89[0m[34;22m      0.00[0m[34;22m      0.00[0m[31;1m      2.72[0m
09:38:39   [32;22m     all[0m[34;1m     41.27[0m[34;22m      0.00[0m[34;1m     56.08[0m[34;22m      0.00[0m[34;22m      0.00[0m[31;1m      2.65[0m
09:38:40   [32;22m     all[0m[34;1m     42.63[0m[34;22m      0.00[0m[34;1m     56.32[0m[34;22m      0.00[0m[34;22m      0.00[0m[31;1m      1.05[0m
09:38:41   [32;22m     all[0m[34;1m     40.84[0m[34;22m      0.00[0m[34;1m     57.59[0m[34;22m      0.00[0m[34;22m      0.00[0m[31;1m      1.57[0m
09:38:42   [32;22m     all[0m[34;1m     41.97[0m[34;22m      0.00[0m[34;1m     55.44[0m[34;22m      0.00[0m[34;22m      0.00[0m[31;1m      2.59[0m
09:38:43   [32;22m     all[0m[34;1m     39.33[0m[34;22m      0.00[0m[34;1m     55.62[0m[34;22m      0.00[0m[34;22m      0.00[0m[31;1m      5.06[0m
09:38:44   [32;22m     all[0m[34;1m     41.05[0m[34;22m      0.00[0m[34;1m     55.79[0m[34;22m      0.00[0m[34;22m      0.00[0m[31;1m      3.16[0m
09:38:45   [32;22m     all[0m[34;1m     38.17[0m[34;22m      0.00[0m[34;1m     58.06[0m[34;22m      0.00[0m[34;22m      0.00[0m[31;1m      3.76[0m
09:38:46   [32;22m     all[0m[34;1m     41.80[0m[34;22m      0.00[0m[34;1m     55.56[0m[34;22m      0.00[0m[34;22m      0.00[0m[31;1m      2.65[0m
09:38:47   [32;22m     all[0m[34;1m     42.19[0m[34;22m      0.00[0m[34;1m     55.21[0m[34;22m      0.00[0m[34;22m      0.00[0m[31;1m      2.60[0m
09:38:48   [32;22m     all[0m[34;1m     39.68[0m[34;22m      0.00[0m[34;1m     58.20[0m[34;22m      0.00[0m[34;22m      0.00[0m[31;1m      2.12[0m
09:38:49   [32;22m     all[0m[34;1m     41.85[0m[34;22m      0.00[0m[34;1m     52.72[0m[34;22m      0.00[0m[34;22m      0.00[0m[31;1m      5.43[0m
09:38:50   [32;22m     all[0m[34;1m     41.80[0m[34;22m      0.00[0m[34;1m     53.44[0m[34;22m      0.00[0m[34;22m      0.00[0m[31;1m      4.76[0m
09:38:51   [32;22m     all[0m[34;1m     43.09[0m[34;22m      0.00[0m[34;1m     53.72[0m[34;22m      0.00[0m[34;22m      0.00[0m[31;1m      3.19[0m
09:38:52   [32;22m     all[0m[34;1m     40.64[0m[34;22m      0.00[0m[34;1m     56.68[0m[34;22m      0.00[0m[34;22m      0.00[0m[31;1m      2.67[0m
09:38:53   [32;22m     all[0m[34;1m     37.82[0m[34;22m      0.00[0m[34;1m     59.07[0m[34;22m      0.00[0m[34;22m      0.00[0m[31;1m      3.11[0m
09:38:54   [32;22m     all[0m[34;1m     48.68[0m[34;22m      0.00[0m[34;1m     48.68[0m[34;22m      0.00[0m[34;22m      0.00[0m[31;1m      2.65[0m
09:38:55   [32;22m     all[0m[34;1m     40.11[0m[34;22m      0.00[0m[34;1m     57.22[0m[34;22m      0.00[0m[34;22m      0.00[0m[31;1m      2.67[0m
09:38:56   [32;22m     all[0m[34;1m     39.27[0m[34;22m      0.00[0m[34;1m     56.54[0m[34;22m      0.00[0m[34;22m      0.00[0m[31;1m      4.19[0m
09:38:57   [32;22m     all[0m[34;1m     40.43[0m[34;22m      0.00[0m[34;1m     57.45[0m[34;22m      0.00[0m[34;22m      0.00[0m[31;1m      2.13[0m
09:38:58   [32;22m     all[0m[34;1m     44.27[0m[34;22m      0.00[0m[34;1m     53.65[0m[34;22m      0.00[0m[34;22m      0.00[0m[31;1m      2.08[0m
09:38:59   [32;22m     all[0m[34;1m     42.11[0m[34;22m      0.00[0m[34;1m     53.16[0m[34;22m      0.00[0m[34;22m      0.00[0m[31;1m      4.74[0m
09:39:00   [32;22m     all[0m[34;1m     42.41[0m[34;22m      0.00[0m[34;1m     55.50[0m[34;22m      0.00[0m[34;22m      0.00[0m[31;1m      2.09[0m
09:39:01   [32;22m     all[0m[34;1m     41.97[0m[34;22m      0.00[0m[34;1m     55.96[0m[34;22m      0.00[0m[34;22m      0.00[0m[31;1m      2.07[0m
09:39:02   [32;22m     all[0m[34;1m     42.41[0m[34;22m      0.00[0m[34;1m     54.97[0m[34;22m      0.00[0m[34;22m      0.00[0m[31;1m      2.62[0m
09:39:03   [32;22m     all[0m[34;1m     40.86[0m[34;22m      0.00[0m[34;1m     56.45[0m[34;22m      0.00[0m[34;22m      0.00[0m[31;1m      2.69[0m
09:39:04   [32;22m     all[0m[34;1m     42.31[0m[34;22m      0.00[0m[34;1m     53.30[0m[34;22m      0.00[0m[34;22m      0.00[0m[31;1m      4.40[0m
09:39:05   [32;22m     all[0m[34;1m     42.86[0m[34;22m      0.00[0m[34;1m     53.97[0m[34;22m      0.00[0m[34;22m      0.00[0m[31;1m      3.17[0m
09:39:06   [32;22m     all[0m[34;1m     41.58[0m[34;22m      0.00[0m[34;1m     57.37[0m[34;22m      0.00[0m[34;22m      0.00[0m[31;1m      1.05[0m
09:39:07   [32;22m     all[0m[34;1m     40.64[0m[34;22m      0.00[0m[34;1m     55.61[0m[34;22m      0.00[0m[34;22m      0.00[0m[31;1m      3.74[0m
09:39:08   [32;22m     all[0m[34;1m     37.97[0m[34;22m      0.00[0m[34;1m     58.29[0m[34;22m      0.00[0m[34;22m      0.00[0m[31;1m      3.74[0m
09:39:09   [32;22m     all[0m[34;1m     42.41[0m[34;22m      0.00[0m[34;1m     54.97[0m[34;22m      0.00[0m[34;22m      0.00[0m[31;1m      2.62[0m
09:39:10   [32;22m     all[0m[34;1m     42.56[0m[34;22m      0.00[0m[34;1m     54.87[0m[34;22m      0.00[0m[34;22m      0.00[0m[31;1m      2.56[0m
09:39:11   [32;22m     all[0m[34;1m     42.86[0m[34;22m      0.00[0m[34;1m     52.20[0m[34;22m      0.00[0m[34;22m      0.00[0m[31;1m      4.95[0m
09:39:12   [32;22m     all[0m[34;1m     40.21[0m[34;22m      0.00[0m[34;1m     56.61[0m[34;22m      0.00[0m[34;22m      0.00[0m[31;1m      3.17[0m
09:39:13   [32;22m     all[0m[34;1m     43.62[0m[34;22m      0.00[0m[34;1m     54.79[0m[34;22m      0.00[0m[34;22m      0.00[0m[31;1m      1.60[0m
09:39:14   [32;22m     all[0m[34;1m     43.30[0m[34;22m      0.00[0m[34;1m     54.12[0m[34;22m      0.00[0m[34;22m      0.00[0m[31;1m      2.58[0m
09:39:15   [32;22m     all[0m[34;1m     39.89[0m[34;22m      0.00[0m[34;1m     57.45[0m[34;22m      0.00[0m[34;22m      0.00[0m[31;1m      2.66[0m
09:39:16   [32;22m     all[0m[34;1m     42.55[0m[34;22m      0.00[0m[34;1m     52.66[0m[34;22m      0.00[0m[34;22m      0.00[0m[31;1m      4.79[0m
09:39:17   [32;22m     all[0m[34;1m     39.04[0m[34;22m      0.00[0m[34;1m     57.22[0m[34;22m      0.00[0m[34;22m      0.00[0m[31;1m      3.74[0m
09:39:18   [32;22m     all[0m[34;1m     40.64[0m[34;22m      0.00[0m[34;1m     55.08[0m[34;22m      0.00[0m[34;22m      0.00[0m[31;1m      4.28[0m
09:39:19   [32;22m     all[0m[34;1m     41.62[0m[34;22m      0.00[0m[34;1m     54.05[0m[34;22m      0.00[0m[34;22m      0.00[0m[31;1m      4.32[0m
09:39:20   [32;22m     all[0m[34;1m     40.96[0m[34;22m      0.00[0m[34;1m     55.85[0m[34;22m      0.00[0m[34;22m      0.00[0m[31;1m      3.19[0m
09:39:21   [32;22m     all[0m[34;1m     47.69[0m[34;22m      0.00[0m[34;1m     51.28[0m[34;22m      0.00[0m[34;22m      0.00[0m[31;1m      1.03[0m
09:39:22   [32;22m     all[0m[34;1m     42.08[0m[34;22m      0.00[0m[34;1m     53.01[0m[34;22m      0.00[0m[34;22m      0.00[0m[31;1m      4.92[0m
09:39:23   [32;22m     all[0m[34;1m     44.79[0m[34;22m      0.00[0m[34;1m     53.65[0m[34;22m      0.00[0m[34;22m      0.00[0m[31;1m      1.56[0m
09:39:24   [32;22m     all[0m[34;1m     41.27[0m[34;22m      0.00[0m[34;1m     55.56[0m[34;22m      0.00[0m[34;22m      0.00[0m[31;1m      3.17[0m
09:39:25   [32;22m     all[0m[34;1m     37.43[0m[34;22m      0.00[0m[34;1m     57.22[0m[34;22m      0.00[0m[34;22m      0.00[0m[31;1m      5.35[0m
09:39:26   [32;22m     all[0m[34;1m     39.04[0m[34;22m      0.00[0m[34;1m     55.08[0m[34;22m      0.00[0m[34;22m      0.00[0m[31;1m      5.88[0m
09:39:27   [32;22m     all[0m[34;1m     43.62[0m[34;22m      0.00[0m[34;1m     52.66[0m[34;22m      0.00[0m[34;22m      0.00[0m[31;1m      3.72[0m
09:39:28   [32;22m     all[0m[34;1m     42.33[0m[34;22m      0.00[0m[34;1m     52.91[0m[34;22m      0.00[0m[34;22m      0.00[0m[31;1m      4.76[0m
09:39:29   [32;22m     all[0m[34;1m     41.80[0m[34;22m      0.00[0m[34;1m     55.03[0m[34;22m      0.00[0m[34;22m      0.00[0m[31;1m      3.17[0m
09:39:30   [32;22m     all[0m[34;1m     39.67[0m[34;22m      0.00[0m[34;1m     57.07[0m[34;22m      0.00[0m[34;22m      0.00[0m[31;1m      3.26[0m
09:39:31   [32;22m     all[0m[34;1m     44.50[0m[34;22m      0.00[0m[34;1m     52.88[0m[34;22m      0.00[0m[34;22m      0.00[0m[31;1m      2.62[0m
09:39:32   [32;22m     all[0m[34;1m     43.98[0m[34;22m      0.00[0m[34;1m     53.93[0m[34;22m      0.00[0m[34;22m      0.00[0m[31;1m      2.09[0m
09:39:33   [32;22m     all[0m[34;1m     40.68[0m[34;22m      0.00[0m[34;1m     54.24[0m[34;22m      0.00[0m[34;22m      0.00[0m[31;1m      5.08[0m
09:39:34   [32;22m     all[0m[34;1m     41.67[0m[34;22m      0.00[0m[34;1m     56.25[0m[34;22m      0.00[0m[34;22m      0.00[0m[31;1m      2.08[0m
09:39:35   [32;22m     all[0m[34;1m     43.92[0m[34;22m      0.00[0m[34;1m     51.32[0m[34;22m      0.00[0m[34;22m      0.00[0m[31;1m      4.76[0m
09:39:36   [32;22m     all[0m[34;1m     40.93[0m[34;22m      0.00[0m[34;1m     53.89[0m[34;22m      0.00[0m[34;22m      0.00[0m[31;1m      5.18[0m
09:39:37   [32;22m     all[0m[34;1m     39.89[0m[34;22m      0.00[0m[34;1m     57.45[0m[34;22m      0.00[0m[34;22m      0.00[0m[31;1m      2.66[0m
09:39:38   [32;22m     all[0m[34;1m     42.25[0m[34;22m      0.00[0m[34;1m     53.48[0m[34;22m      0.00[0m[34;22m      0.00[0m[31;1m      4.28[0m
09:39:39   [32;22m     all[0m[34;1m     38.71[0m[34;22m      0.00[0m[34;1m     56.45[0m[34;22m      0.00[0m[34;22m      0.00[0m[31;1m      4.84[0m
09:39:40   [32;22m     all[0m[34;1m     40.86[0m[34;22m      0.00[0m[34;1m     54.84[0m[34;22m      0.00[0m[34;22m      0.00[0m[31;1m      4.30[0m
09:39:41   [32;22m     all[0m[34;1m     41.94[0m[34;22m      0.00[0m[34;1m     53.76[0m[34;22m      0.00[0m[34;22m      0.00[0m[31;1m      4.30[0m
09:39:42   [32;22m     all[0m[34;1m     38.42[0m[34;22m      0.00[0m[34;1m     49.47[0m[34;22m      0.00[0m[34;22m      0.00[0m[35;1m     12.11[0m
09:39:43   [32;22m     all[0m[34;1m     39.04[0m[34;22m      0.00[0m[34;1m     55.61[0m[34;22m      0.00[0m[34;22m      0.00[0m[31;1m      5.35[0m
09:39:44   [32;22m     all[0m[34;1m     44.39[0m[34;22m      0.00[0m[34;1m     51.87[0m[34;22m      0.00[0m[34;22m      0.00[0m[31;1m      3.74[0m
09:39:45   [32;22m     all[0m[34;1m     38.30[0m[34;22m      0.00[0m[34;1m     58.51[0m[34;22m      0.00[0m[34;22m      0.00[0m[31;1m      3.19[0m
09:39:46   [32;22m     all[0m[34;1m     37.43[0m[34;22m      0.00[0m[34;1m     59.36[0m[34;22m      0.00[0m[34;22m      0.00[0m[31;1m      3.21[0m
09:39:47   [32;22m     all[0m[34;1m     40.84[0m[34;22m      0.00[0m[34;1m     57.07[0m[34;22m      0.00[0m[34;22m      0.00[0m[31;1m      2.09[0m
09:39:48   [32;22m     all[0m[34;1m     39.13[0m[34;22m      0.00[0m[34;1m     54.89[0m[34;1m      0.54[0m[34;22m      0.00[0m[31;1m      5.43[0m
09:39:49   [32;22m     all[0m[34;1m     42.55[0m[34;22m      0.00[0m[34;1m     54.79[0m[34;22m      0.00[0m[34;22m      0.00[0m[31;1m      2.66[0m
09:39:50   [32;22m     all[0m[34;1m     43.09[0m[34;22m      0.00[0m[34;1m     52.66[0m[34;22m      0.00[0m[34;22m      0.00[0m[31;1m      4.26[0m
09:39:51   [32;22m     all[0m[34;1m     42.25[0m[34;22m      0.00[0m[34;1m     54.01[0m[34;22m      0.00[0m[34;22m      0.00[0m[31;1m      3.74[0m
09:39:52   [32;22m     all[0m[34;1m     37.63[0m[34;22m      0.00[0m[34;1m     59.14[0m[34;22m      0.00[0m[34;22m      0.00[0m[31;1m      3.23[0m
09:39:53   [32;22m     all[0m[34;1m     37.77[0m[34;22m      0.00[0m[34;1m     60.11[0m[34;22m      0.00[0m[34;22m      0.00[0m[31;1m      2.13[0m
09:39:54   [32;22m     all[0m[34;1m     44.75[0m[34;22m      0.00[0m[34;1m     53.59[0m[34;22m      0.00[0m[34;22m      0.00[0m[31;1m      1.66[0m
09:39:55   [32;22m     all[0m[34;1m     38.92[0m[34;22m      0.00[0m[34;1m     58.92[0m[34;22m      0.00[0m[34;22m      0.00[0m[31;1m      2.16[0m
09:39:56   [32;22m     all[0m[34;1m     41.80[0m[34;22m      0.00[0m[34;1m     54.50[0m[34;22m      0.00[0m[34;22m      0.00[0m[31;1m      3.70[0m
09:39:57   [32;22m     all[0m[34;1m     38.30[0m[34;22m      0.00[0m[34;1m     59.04[0m[34;22m      0.00[0m[34;22m      0.00[0m[31;1m      2.66[0m
09:39:58   [32;22m     all[0m[34;1m     42.78[0m[34;22m      0.00[0m[34;1m     52.94[0m[34;22m      0.00[0m[34;22m      0.00[0m[31;1m      4.28[0m
09:39:59   [32;22m     all[0m[34;1m     41.80[0m[34;22m      0.00[0m[34;1m     54.50[0m[34;22m      0.00[0m[34;22m      0.00[0m[31;1m      3.70[0m
09:40:00   [32;22m     all[0m[34;1m     41.71[0m[34;22m      0.00[0m[34;1m     54.01[0m[34;22m      0.00[0m[34;22m      0.00[0m[31;1m      4.28[0m
09:40:01   [32;22m     all[0m[34;1m     40.43[0m[34;22m      0.00[0m[34;1m     53.72[0m[34;22m      0.00[0m[34;22m      0.00[0m[31;1m      5.85[0m
09:40:02   [32;22m     all[0m[34;1m     41.71[0m[34;22m      0.00[0m[34;1m     56.15[0m[34;22m      0.00[0m[34;22m      0.00[0m[31;1m      2.14[0m
09:40:03   [32;22m     all[0m[34;1m     41.15[0m[34;22m      0.00[0m[34;1m     54.69[0m[34;22m      0.00[0m[34;22m      0.00[0m[31;1m      4.17[0m
09:40:04   [32;22m     all[0m[34;1m     45.31[0m[34;22m      0.00[0m[34;1m     53.12[0m[34;22m      0.00[0m[34;22m      0.00[0m[31;1m      1.56[0m
09:40:05   [32;22m     all[0m[34;1m     42.33[0m[34;22m      0.00[0m[34;1m     52.38[0m[34;22m      0.00[0m[34;22m      0.00[0m[31;1m      5.29[0m
09:40:06   [32;22m     all[0m[34;1m     40.86[0m[34;22m      0.00[0m[34;1m     55.91[0m[34;22m      0.00[0m[34;22m      0.00[0m[31;1m      3.23[0m
09:40:07   [32;22m     all[0m[34;1m     40.62[0m[34;22m      0.00[0m[34;1m     57.81[0m[34;22m      0.00[0m[34;22m      0.00[0m[31;1m      1.56[0m
09:40:08   [32;22m     all[0m[34;1m     42.93[0m[34;22m      0.00[0m[34;1m     52.88[0m[34;22m      0.00[0m[34;22m      0.00[0m[31;1m      4.19[0m
09:40:09   [32;22m     all[0m[34;1m     41.40[0m[34;22m      0.00[0m[34;1m     55.91[0m[34;22m      0.00[0m[34;22m      0.00[0m[31;1m      2.69[0m
09:40:10   [32;22m     all[0m[34;1m     43.62[0m[34;22m      0.00[0m[34;1m     53.72[0m[34;22m      0.00[0m[34;22m      0.00[0m[31;1m      2.66[0m
09:40:11   [32;22m     all[0m[34;1m     42.63[0m[34;22m      0.00[0m[34;1m     52.63[0m[34;22m      0.00[0m[34;22m      0.00[0m[31;1m      4.74[0m
09:40:12   [32;22m     all[0m[34;1m     39.34[0m[34;22m      0.00[0m[34;1m     55.19[0m[34;22m      0.00[0m[34;22m      0.00[0m[31;1m      5.46[0m
09:40:13   [32;22m     all[0m[34;1m     44.15[0m[34;22m      0.00[0m[34;1m     52.66[0m[34;22m      0.00[0m[34;22m      0.00[0m[31;1m      3.19[0m
09:40:14   [32;22m     all[0m[34;1m     41.27[0m[34;22m      0.00[0m[34;1m     55.56[0m[34;22m      0.00[0m[34;22m      0.00[0m[31;1m      3.17[0m
09:40:15   [32;22m     all[0m[34;1m     42.25[0m[34;22m      0.00[0m[34;1m     56.68[0m[34;22m      0.00[0m[34;22m      0.00[0m[31;1m      1.07[0m
09:40:16   [32;22m     all[0m[34;1m     40.00[0m[34;22m      0.00[0m[34;1m     55.68[0m[34;22m      0.00[0m[34;22m      0.00[0m[31;1m      4.32[0m
09:40:17   [32;22m     all[0m[34;1m     42.62[0m[34;22m      0.00[0m[34;1m     53.55[0m[34;22m      0.00[0m[34;22m      0.00[0m[31;1m      3.83[0m
09:40:18   [32;22m     all[0m[34;1m     43.01[0m[34;22m      0.00[0m[34;1m     53.23[0m[34;22m      0.00[0m[34;22m      0.00[0m[31;1m      3.76[0m
09:40:19   [32;22m     all[0m[34;1m     39.13[0m[34;22m      0.00[0m[34;1m     54.89[0m[34;22m      0.00[0m[34;22m      0.00[0m[31;1m      5.98[0m
09:40:20   [32;22m     all[0m[34;1m     44.09[0m[34;22m      0.00[0m[34;1m     51.08[0m[34;22m      0.00[0m[34;22m      0.00[0m[31;1m      4.84[0m
09:40:21   [32;22m     all[0m[34;1m     44.85[0m[34;22m      0.00[0m[34;1m     53.09[0m[34;22m      0.00[0m[34;22m      0.00[0m[31;1m      2.06[0m
09:40:22   [32;22m     all[0m[34;1m     42.93[0m[34;22m      0.00[0m[34;1m     51.83[0m[34;22m      0.00[0m[34;22m      0.00[0m[31;1m      5.24[0m
09:40:23   [32;22m     all[0m[34;1m     45.20[0m[34;22m      0.00[0m[34;1m     53.11[0m[34;22m      0.00[0m[34;22m      0.00[0m[31;1m      1.69[0m
09:40:24   [32;22m     all[0m[34;1m     41.18[0m[34;22m      0.00[0m[34;1m     53.53[0m[34;22m      0.00[0m[34;22m      0.00[0m[31;1m      5.29[0m
09:40:25   [32;22m     all[0m[34;1m     44.62[0m[34;22m      0.00[0m[34;1m     50.54[0m[34;22m      0.00[0m[34;22m      0.00[0m[31;1m      4.84[0m
09:40:26   [32;22m     all[0m[34;1m     44.32[0m[34;22m      0.00[0m[34;1m     52.97[0m[34;22m      0.00[0m[34;22m      0.00[0m[31;1m      2.70[0m
09:40:27   [32;22m     all[0m[34;1m     39.46[0m[34;22m      0.00[0m[34;1m     56.76[0m[34;22m      0.00[0m[34;22m      0.00[0m[31;1m      3.78[0m
09:40:28   [32;22m     all[0m[34;1m     43.16[0m[34;22m      0.00[0m[34;1m     47.89[0m[34;22m      0.00[0m[34;22m      0.00[0m[31;1m      8.95[0m
09:40:29   [32;22m     all[0m[34;1m     39.04[0m[34;22m      0.00[0m[34;1m     54.55[0m[34;22m      0.00[0m[34;22m      0.00[0m[31;1m      6.42[0m
09:40:30   [32;22m     all[0m[34;1m     41.30[0m[34;22m      0.00[0m[34;1m     54.89[0m[34;22m      0.00[0m[34;22m      0.00[0m[31;1m      3.80[0m
09:40:31   [32;22m     all[0m[34;1m     42.39[0m[34;22m      0.00[0m[34;1m     53.26[0m[34;1m      0.54[0m[34;22m      0.00[0m[31;1m      3.80[0m
09:40:32   [32;22m     all[0m[34;1m     44.38[0m[34;22m      0.00[0m[34;1m     51.69[0m[34;22m      0.00[0m[34;22m      0.00[0m[31;1m      3.93[0m
09:40:33   [32;22m     all[0m[34;1m     37.43[0m[34;22m      0.00[0m[34;1m     57.54[0m[34;22m      0.00[0m[34;22m      0.00[0m[31;1m      5.03[0m
09:40:34   [32;22m     all[0m[34;1m     45.30[0m[34;22m      0.00[0m[34;1m     48.62[0m[34;22m      0.00[0m[34;22m      0.00[0m[31;1m      6.08[0m
09:40:35   [32;22m     all[0m[34;1m     42.22[0m[34;22m      0.00[0m[34;1m     53.89[0m[34;22m      0.00[0m[34;22m      0.00[0m[31;1m      3.89[0m
09:40:36   [32;22m     all[0m[34;1m     43.68[0m[34;22m      0.00[0m[34;1m     54.74[0m[34;22m      0.00[0m[34;22m      0.00[0m[31;1m      1.58[0m
09:40:37   [32;22m     all[0m[34;1m     38.46[0m[34;22m      0.00[0m[34;1m     56.59[0m[34;22m      0.00[0m[34;22m      0.00[0m[31;1m      4.95[0m
09:40:38   [32;22m     all[0m[34;1m     40.66[0m[34;22m      0.00[0m[34;1m     54.95[0m[34;22m      0.00[0m[34;22m      0.00[0m[31;1m      4.40[0m
09:40:39   [32;22m     all[0m[34;1m     39.11[0m[34;22m      0.00[0m[34;1m     55.31[0m[34;22m      0.00[0m[34;22m      0.00[0m[31;1m      5.59[0m
09:40:40   [32;22m     all[0m[34;1m     39.67[0m[34;22m      0.00[0m[34;1m     56.52[0m[34;22m      0.00[0m[34;22m      0.00[0m[31;1m      3.80[0m
09:40:41   [32;22m     all[0m[34;1m     41.27[0m[34;22m      0.00[0m[34;1m     55.56[0m[34;22m      0.00[0m[34;22m      0.00[0m[31;1m      3.17[0m
09:40:42   [32;22m     all[0m[34;1m     41.18[0m[34;22m      0.00[0m[34;1m     54.01[0m[34;22m      0.00[0m[34;22m      0.00[0m[31;1m      4.81[0m
09:40:43   [32;22m     all[0m[34;1m     41.80[0m[34;22m      0.00[0m[34;1m     55.56[0m[34;22m      0.00[0m[34;22m      0.00[0m[31;1m      2.65[0m
09:40:44   [32;22m     all[0m[34;1m     41.27[0m[34;22m      0.00[0m[34;1m     54.50[0m[34;22m      0.00[0m[34;22m      0.00[0m[31;1m      4.23[0m
09:40:45   [32;22m     all[0m[34;1m     41.08[0m[34;22m      0.00[0m[34;1m     55.14[0m[34;22m      0.00[0m[34;22m      0.00[0m[31;1m      3.78[0m
09:40:46   [32;22m     all[0m[34;1m     42.54[0m[34;22m      0.00[0m[34;1m     54.14[0m[34;22m      0.00[0m[34;22m      0.00[0m[31;1m      3.31[0m
09:40:47   [32;22m     all[0m[34;1m     40.00[0m[34;22m      0.00[0m[34;1m     56.22[0m[34;22m      0.00[0m[34;22m      0.00[0m[31;1m      3.78[0m
09:40:48   [32;22m     all[0m[34;1m     43.09[0m[34;22m      0.00[0m[34;1m     53.72[0m[34;22m      0.00[0m[34;22m      0.00[0m[31;1m      3.19[0m
09:40:49   [32;22m     all[0m[34;1m     40.10[0m[34;22m      0.00[0m[34;1m     56.25[0m[34;22m      0.00[0m[34;22m      0.00[0m[31;1m      3.65[0m
09:40:50   [32;22m     all[0m[34;1m     41.49[0m[34;22m      0.00[0m[34;1m     53.72[0m[34;22m      0.00[0m[34;22m      0.00[0m[31;1m      4.79[0m
09:40:51   [32;22m     all[0m[34;1m     44.79[0m[34;22m      0.00[0m[34;1m     52.60[0m[34;22m      0.00[0m[34;22m      0.00[0m[31;1m      2.60[0m
09:40:52   [32;22m     all[0m[34;1m     39.68[0m[34;22m      0.00[0m[34;1m     57.14[0m[34;22m      0.00[0m[34;22m      0.00[0m[31;1m      3.17[0m
09:40:53   [32;22m     all[0m[34;1m     40.54[0m[34;22m      0.00[0m[34;1m     55.14[0m[34;22m      0.00[0m[34;22m      0.00[0m[31;1m      4.32[0m
09:40:54   [32;22m     all[0m[34;1m     43.68[0m[34;22m      0.00[0m[34;1m     52.87[0m[34;22m      0.00[0m[34;22m      0.00[0m[31;1m      3.45[0m
09:40:55   [32;22m     all[0m[34;1m     53.89[0m[34;22m      0.00[0m[34;1m     44.31[0m[34;22m      0.00[0m[34;22m      0.00[0m[31;1m      1.80[0m
09:40:56   [32;22m     all[0m[34;1m     42.39[0m[34;22m      0.00[0m[34;1m     54.35[0m[34;22m      0.00[0m[34;22m      0.00[0m[31;1m      3.26[0m
09:40:57   [32;22m     all[0m[34;1m     41.40[0m[34;22m      0.00[0m[34;1m     55.38[0m[34;22m      0.00[0m[34;22m      0.00[0m[31;1m      3.23[0m
09:40:58   [32;22m     all[0m[34;1m     44.39[0m[34;22m      0.00[0m[34;1m     52.94[0m[34;22m      0.00[0m[34;22m      0.00[0m[31;1m      2.67[0m
09:40:59   [32;22m     all[0m[34;1m     44.50[0m[34;22m      0.00[0m[34;1m     52.36[0m[34;22m      0.00[0m[34;22m      0.00[0m[31;1m      3.14[0m
09:41:00   [32;22m     all[0m[34;1m     43.68[0m[34;22m      0.00[0m[34;1m     52.11[0m[34;22m      0.00[0m[34;22m      0.00[0m[31;1m      4.21[0m
09:41:01   [32;22m     all[0m[34;1m     46.32[0m[34;22m      0.00[0m[34;1m     52.11[0m[34;22m      0.00[0m[34;22m      0.00[0m[31;1m      1.58[0m
09:41:02   [32;22m     all[0m[34;1m     44.21[0m[34;22m      0.00[0m[34;1m     51.58[0m[34;22m      0.00[0m[34;22m      0.00[0m[31;1m      4.21[0m
09:41:03   [32;22m     all[0m[34;1m     40.86[0m[34;22m      0.00[0m[34;1m     56.45[0m[34;22m      0.00[0m[34;22m      0.00[0m[31;1m      2.69[0m
09:41:04   [32;22m     all[0m[34;1m     44.57[0m[34;22m      0.00[0m[34;1m     52.17[0m[34;22m      0.00[0m[34;22m      0.00[0m[31;1m      3.26[0m
09:41:05   [32;22m     all[0m[34;1m     42.05[0m[34;22m      0.00[0m[34;1m     51.70[0m[34;22m      0.00[0m[34;22m      0.00[0m[31;1m      6.25[0m
09:41:06   [32;22m     all[0m[34;1m     40.93[0m[34;22m      0.00[0m[34;1m     55.96[0m[34;22m      0.00[0m[34;22m      0.00[0m[31;1m      3.11[0m
09:41:07   [32;22m     all[0m[34;1m     47.62[0m[34;22m      0.00[0m[34;1m     50.79[0m[34;22m      0.00[0m[34;22m      0.00[0m[31;1m      1.59[0m
09:41:08   [32;22m     all[0m[34;1m     41.53[0m[34;22m      0.00[0m[34;1m     54.64[0m[34;22m      0.00[0m[34;22m      0.00[0m[31;1m      3.83[0m
09:41:09   [32;22m     all[0m[34;1m     40.21[0m[34;22m      0.00[0m[34;1m     56.61[0m[34;22m      0.00[0m[34;22m      0.00[0m[31;1m      3.17[0m
09:41:10   [32;22m     all[0m[34;1m     43.01[0m[34;22m      0.00[0m[34;1m     53.23[0m[34;22m      0.00[0m[34;22m      0.00[0m[31;1m      3.76[0m
09:41:11   [32;22m     all[0m[34;1m     46.24[0m[34;22m      0.00[0m[34;1m     51.61[0m[34;22m      0.00[0m[34;22m      0.00[0m[31;1m      2.15[0m
09:41:12   [32;22m     all[0m[34;1m     38.50[0m[34;22m      0.00[0m[34;1m     58.29[0m[34;22m      0.00[0m[34;22m      0.00[0m[31;1m      3.21[0m
09:41:13   [32;22m     all[0m[34;1m     41.57[0m[34;22m      0.00[0m[34;1m     55.06[0m[34;22m      0.00[0m[34;22m      0.00[0m[31;1m      3.37[0m
09:41:14   [32;22m     all[0m[34;1m     43.85[0m[34;22m      0.00[0m[34;1m     53.48[0m[34;22m      0.00[0m[34;22m      0.00[0m[31;1m      2.67[0m
09:41:15   [32;22m     all[0m[34;1m     40.44[0m[34;22m      0.00[0m[34;1m     54.10[0m[34;22m      0.00[0m[34;22m      0.00[0m[31;1m      5.46[0m
09:41:16   [32;22m     all[0m[34;1m     40.33[0m[34;22m      0.00[0m[34;1m     54.70[0m[34;22m      0.00[0m[34;22m      0.00[0m[31;1m      4.97[0m
09:41:17   [32;22m     all[0m[34;1m     43.01[0m[34;22m      0.00[0m[34;1m     54.40[0m[34;22m      0.00[0m[34;22m      0.00[0m[31;1m      2.59[0m
09:41:18   [32;22m     all[0m[34;1m     41.07[0m[34;22m      0.00[0m[34;1m     55.95[0m[34;22m      0.00[0m[34;22m      0.00[0m[31;1m      2.98[0m
09:41:19   [32;22m     all[0m[34;1m     44.09[0m[34;22m      0.00[0m[34;1m     52.69[0m[34;22m      0.00[0m[34;22m      0.00[0m[31;1m      3.23[0m
09:41:20   [32;22m     all[0m[34;1m     42.33[0m[34;22m      0.00[0m[34;1m     50.26[0m[34;22m      0.00[0m[34;22m      0.00[0m[31;1m      7.41[0m
09:41:21   [32;22m     all[0m[34;1m     43.55[0m[34;22m      0.00[0m[34;1m     53.76[0m[34;22m      0.00[0m[34;22m      0.00[0m[31;1m      2.69[0m
09:41:22   [32;22m     all[0m[34;1m     42.19[0m[34;22m      0.00[0m[34;1m     54.69[0m[34;22m      0.00[0m[34;22m      0.00[0m[31;1m      3.12[0m
09:41:23   [32;22m     all[0m[34;1m     38.98[0m[34;22m      0.00[0m[34;1m     55.93[0m[34;22m      0.00[0m[34;22m      0.00[0m[31;1m      5.08[0m
09:41:24   [32;22m     all[0m[34;1m     41.18[0m[34;22m      0.00[0m[34;1m     54.55[0m[34;22m      0.00[0m[34;22m      0.00[0m[31;1m      4.28[0m
09:41:25   [32;22m     all[0m[34;1m     39.13[0m[34;22m      0.00[0m[34;1m     56.52[0m[34;22m      0.00[0m[34;22m      0.00[0m[31;1m      4.35[0m
09:41:26   [32;22m     all[0m[34;1m     42.25[0m[34;22m      0.00[0m[34;1m     55.08[0m[34;22m      0.00[0m[34;22m      0.00[0m[31;1m      2.67[0m
09:41:27   [32;22m     all[0m[34;1m     42.78[0m[34;22m      0.00[0m[34;1m     54.12[0m[34;22m      0.00[0m[34;22m      0.00[0m[31;1m      3.09[0m
09:41:28   [32;22m     all[0m[34;1m     43.32[0m[34;22m      0.00[0m[34;1m     52.41[0m[34;22m      0.00[0m[34;22m      0.00[0m[31;1m      4.28[0m
09:41:29   [32;22m     all[0m[34;1m     41.48[0m[34;22m      0.00[0m[34;1m     55.68[0m[34;22m      0.00[0m[34;22m      0.00[0m[31;1m      2.84[0m
09:41:30   [32;22m     all[0m[34;1m     40.66[0m[34;22m      0.00[0m[34;1m     54.95[0m[34;22m      0.00[0m[34;22m      0.00[0m[31;1m      4.40[0m
09:41:31   [32;22m     all[0m[34;1m     45.60[0m[34;22m      0.00[0m[34;1m     51.10[0m[34;22m      0.00[0m[34;22m      0.00[0m[31;1m      3.30[0m
09:41:32   [32;22m     all[0m[34;1m     42.63[0m[34;22m      0.00[0m[34;1m     52.11[0m[34;22m      0.00[0m[34;22m      0.00[0m[31;1m      5.26[0m
09:41:33   [32;22m     all[0m[34;1m     37.84[0m[34;22m      0.00[0m[34;1m     58.38[0m[34;22m      0.00[0m[34;22m      0.00[0m[31;1m      3.78[0m
09:41:34   [32;22m     all[0m[34;1m     46.11[0m[34;22m      0.00[0m[34;1m     51.81[0m[34;22m      0.00[0m[34;22m      0.00[0m[31;1m      2.07[0m
09:41:35   [32;22m     all[0m[34;1m     40.94[0m[34;22m      0.00[0m[34;1m     52.63[0m[34;22m      0.00[0m[34;22m      0.00[0m[31;1m      6.43[0m
09:41:36   [32;22m     all[0m[34;1m     43.55[0m[34;22m      0.00[0m[34;1m     52.15[0m[34;22m      0.00[0m[34;22m      0.00[0m[31;1m      4.30[0m
09:41:37   [32;22m     all[0m[34;1m     41.36[0m[34;22m      0.00[0m[34;1m     54.97[0m[34;22m      0.00[0m[34;22m      0.00[0m[31;1m      3.66[0m
09:41:38   [32;22m     all[0m[34;1m     46.39[0m[34;22m      0.00[0m[34;1m     50.52[0m[34;22m      0.00[0m[34;22m      0.00[0m[31;1m      3.09[0m
09:41:39   [32;22m     all[0m[34;1m     41.44[0m[34;22m      0.00[0m[34;1m     53.04[0m[34;22m      0.00[0m[34;22m      0.00[0m[31;1m      5.52[0m
09:41:40   [32;22m     all[0m[34;1m     44.21[0m[34;22m      0.00[0m[34;1m     52.63[0m[34;22m      0.00[0m[34;22m      0.00[0m[31;1m      3.16[0m
09:41:41   [32;22m     all[0m[34;1m     43.23[0m[34;22m      0.00[0m[34;1m     55.21[0m[34;22m      0.00[0m[34;22m      0.00[0m[31;1m      1.56[0m
09:41:42   [32;22m     all[0m[34;1m     43.17[0m[34;22m      0.00[0m[34;1m     50.82[0m[34;22m      0.00[0m[34;22m      0.00[0m[31;1m      6.01[0m
09:41:43   [32;22m     all[0m[34;1m     45.21[0m[34;22m      0.00[0m[34;1m     51.60[0m[34;22m      0.00[0m[34;22m      0.00[0m[31;1m      3.19[0m
09:41:44   [32;22m     all[0m[34;1m     41.53[0m[34;22m      0.00[0m[34;1m     53.01[0m[34;22m      0.00[0m[34;22m      0.00[0m[31;1m      5.46[0m
09:41:45   [32;22m     all[0m[34;1m     42.08[0m[34;22m      0.00[0m[34;1m     56.28[0m[34;22m      0.00[0m[34;22m      0.00[0m[31;1m      1.64[0m
09:41:46   [32;22m     all[0m[34;1m     42.11[0m[34;22m      0.00[0m[34;1m     53.68[0m[34;22m      0.00[0m[34;22m      0.00[0m[31;1m      4.21[0m
09:41:47   [32;22m     all[0m[34;1m     42.78[0m[34;22m      0.00[0m[34;1m     53.48[0m[34;22m      0.00[0m[34;22m      0.00[0m[31;1m      3.74[0m
09:41:48   [32;22m     all[0m[34;1m     43.81[0m[34;22m      0.00[0m[34;1m     54.12[0m[34;22m      0.00[0m[34;22m      0.00[0m[31;1m      2.06[0m
09:41:49   [32;22m     all[0m[34;1m     46.52[0m[34;22m      0.00[0m[34;1m     51.34[0m[34;22m      0.00[0m[34;22m      0.00[0m[31;1m      2.14[0m
09:41:50   [32;22m     all[0m[34;1m     44.39[0m[34;22m      0.00[0m[34;1m     50.80[0m[34;22m      0.00[0m[34;22m      0.00[0m[31;1m      4.81[0m
09:41:51   [32;22m     all[0m[34;1m     45.16[0m[34;22m      0.00[0m[34;1m     51.08[0m[34;22m      0.00[0m[34;22m      0.00[0m[31;1m      3.76[0m
09:41:52   [32;22m     all[0m[34;1m     43.46[0m[34;22m      0.00[0m[34;1m     50.79[0m[34;22m      0.00[0m[34;22m      0.00[0m[31;1m      5.76[0m
09:41:53   [32;22m     all[0m[34;1m     36.76[0m[34;22m      0.00[0m[34;1m     58.92[0m[34;22m      0.00[0m[34;22m      0.00[0m[31;1m      4.32[0m
09:41:54   [32;22m     all[0m[34;1m     44.13[0m[34;22m      0.00[0m[34;1m     51.96[0m[34;22m      0.00[0m[34;22m      0.00[0m[31;1m      3.91[0m
09:41:55   [32;22m     all[0m[34;1m     39.46[0m[34;22m      0.00[0m[34;1m     58.38[0m[34;22m      0.00[0m[34;22m      0.00[0m[31;1m      2.16[0m
09:41:56   [32;22m     all[0m[34;1m     41.49[0m[34;22m      0.00[0m[34;1m     52.66[0m[34;22m      0.00[0m[34;22m      0.00[0m[31;1m      5.85[0m
09:41:57   [32;22m     all[0m[34;1m     41.94[0m[34;22m      0.00[0m[34;1m     53.76[0m[34;22m      0.00[0m[34;22m      0.00[0m[31;1m      4.30[0m
09:41:58   [32;22m     all[0m[34;1m     40.32[0m[34;22m      0.00[0m[34;1m     56.45[0m[34;22m      0.00[0m[34;22m      0.00[0m[31;1m      3.23[0m
09:41:59   [32;22m     all[0m[34;1m     41.94[0m[34;22m      0.00[0m[34;1m     53.76[0m[34;22m      0.00[0m[34;22m      0.00[0m[31;1m      4.30[0m
09:42:00   [32;22m     all[0m[34;1m     39.47[0m[34;22m      0.00[0m[34;1m     56.84[0m[34;22m      0.00[0m[34;22m      0.00[0m[31;1m      3.68[0m
09:42:01   [32;22m     all[0m[34;1m     44.33[0m[34;22m      0.00[0m[34;1m     54.12[0m[34;22m      0.00[0m[34;22m      0.00[0m[31;1m      1.55[0m
09:42:02   [32;22m     all[0m[34;1m     42.70[0m[34;22m      0.00[0m[34;1m     52.97[0m[34;22m      0.00[0m[34;22m      0.00[0m[31;1m      4.32[0m
09:42:03   [32;22m     all[0m[34;1m     40.11[0m[34;22m      0.00[0m[34;1m     56.15[0m[34;22m      0.00[0m[34;22m      0.00[0m[31;1m      3.74[0m
09:42:04   [32;22m     all[0m[34;1m     42.02[0m[34;22m      0.00[0m[34;1m     54.26[0m[34;22m      0.00[0m[34;22m      0.00[0m[31;1m      3.72[0m
09:42:05   [32;22m     all[0m[34;1m     41.21[0m[34;22m      0.00[0m[34;1m     55.49[0m[34;22m      0.00[0m[34;22m      0.00[0m[31;1m      3.30[0m
09:42:06   [32;22m     all[0m[34;1m     42.70[0m[34;22m      0.00[0m[34;1m     52.97[0m[34;22m      0.00[0m[34;22m      0.00[0m[31;1m      4.32[0m
09:42:07   [32;22m     all[0m[34;1m     40.46[0m[34;22m      0.00[0m[34;1m     53.18[0m[34;22m      0.00[0m[34;22m      0.00[0m[31;1m      6.36[0m
09:42:08   [32;22m     all[0m[34;1m     43.48[0m[34;22m      0.00[0m[34;1m     51.63[0m[34;22m      0.00[0m[34;22m      0.00[0m[31;1m      4.89[0m
09:42:09   [32;22m     all[0m[34;1m     44.44[0m[34;22m      0.00[0m[34;1m     52.38[0m[34;22m      0.00[0m[34;22m      0.00[0m[31;1m      3.17[0m
09:42:10   [32;22m     all[0m[34;1m     45.36[0m[34;22m      0.00[0m[34;1m     49.73[0m[34;22m      0.00[0m[34;22m      0.00[0m[31;1m      4.92[0m
09:42:11   [32;22m     all[0m[34;1m     41.99[0m[34;22m      0.00[0m[34;1m     55.80[0m[34;22m      0.00[0m[34;22m      0.00[0m[31;1m      2.21[0m
09:42:12   [32;22m     all[0m[34;1m     41.49[0m[34;22m      0.00[0m[34;1m     54.26[0m[34;22m      0.00[0m[34;22m      0.00[0m[31;1m      4.26[0m
09:42:13   [32;22m     all[0m[34;1m     40.86[0m[34;22m      0.00[0m[34;1m     56.45[0m[34;22m      0.00[0m[34;22m      0.00[0m[31;1m      2.69[0m
09:42:14   [32;22m     all[0m[34;1m     45.45[0m[34;22m      0.00[0m[34;1m     50.80[0m[34;22m      0.00[0m[34;22m      0.00[0m[31;1m      3.74[0m
09:42:15   [32;22m     all[0m[34;1m     43.92[0m[34;22m      0.00[0m[34;1m     51.32[0m[34;22m      0.00[0m[34;22m      0.00[0m[31;1m      4.76[0m
09:42:16   [32;22m     all[0m[34;1m     42.55[0m[34;22m      0.00[0m[34;1m     56.38[0m[34;22m      0.00[0m[34;22m      0.00[0m[31;1m      1.06[0m
09:42:17   [32;22m     all[0m[34;1m     41.71[0m[34;22m      0.00[0m[34;1m     52.94[0m[34;22m      0.00[0m[34;22m      0.00[0m[31;1m      5.35[0m
09:42:18   [32;22m     all[0m[34;1m     41.49[0m[34;22m      0.00[0m[34;1m     56.91[0m[34;22m      0.00[0m[34;22m      0.00[0m[31;1m      1.60[0m
09:42:19   [32;22m     all[0m[34;1m     40.64[0m[34;22m      0.00[0m[34;1m     56.15[0m[34;22m      0.00[0m[34;22m      0.00[0m[31;1m      3.21[0m
09:42:20   [32;22m     all[0m[34;1m     45.21[0m[34;22m      0.00[0m[34;1m     52.66[0m[34;22m      0.00[0m[34;22m      0.00[0m[31;1m      2.13[0m
09:42:21   [32;22m     all[0m[34;1m     41.27[0m[34;22m      0.00[0m[34;1m     56.08[0m[34;22m      0.00[0m[34;22m      0.00[0m[31;1m      2.65[0m
09:42:22   [32;22m     all[0m[34;1m     43.01[0m[34;22m      0.00[0m[34;1m     53.23[0m[34;22m      0.00[0m[34;22m      0.00[0m[31;1m      3.76[0m
09:42:23   [32;22m     all[0m[34;1m     41.49[0m[34;22m      0.00[0m[34;1m     55.85[0m[34;22m      0.00[0m[34;22m      0.00[0m[31;1m      2.66[0m
09:42:24   [32;22m     all[0m[34;1m     43.68[0m[34;22m      0.00[0m[34;1m     52.63[0m[34;22m      0.00[0m[34;22m      0.00[0m[31;1m      3.68[0m
09:42:25   [32;22m     all[0m[34;1m     40.31[0m[34;22m      0.00[0m[34;1m     56.02[0m[34;1m      0.52[0m[34;22m      0.00[0m[31;1m      3.14[0m
09:42:26   [32;22m     all[0m[34;1m     40.74[0m[34;22m      0.00[0m[34;1m     57.14[0m[34;22m      0.00[0m[34;22m      0.00[0m[31;1m      2.12[0m
09:42:27   [32;22m     all[0m[34;1m     42.86[0m[34;22m      0.00[0m[34;1m     55.10[0m[34;22m      0.00[0m[34;22m      0.00[0m[31;1m      2.04[0m
