procs -----------memory---------- ---swap-- -----io---- -system-- -------cpu-------
 r  b   swpd   free   buff  cache   si   so    bi    bo   in   cs us sy id wa st gu
 3  0      0 334220  24972 2016916   0    0   514   664 10098  96 24 31 45  0  0  0
 1  0      0 330704  24972 2016956   0    0     0    24 3893 6256 12 21 67  1  0  0
 1  0      0 328432  24972 2017020   0    0     0     0 4158 6434 10 11 79  0  0  0
 0  0      0 325924  24972 2017116   0    0     0    24 4784 7969 12 16 71  0  0  0
 0  0      0 322172  24980 2017184   0    0     0    20 6697 12544 25 26 49 0  0  0
 1  0      0 320688  24992 2017312   0    0     0   120 6323 11170 21 22 56 1  0  0
10  0      0 318676  24992 2017436   0    0     0    28 7140 13356 22 31 48 0  0  0
 9  0      0 316692  25004 2017484   0    0     0    68 5724 9996 22 28 47  2  0  0
17  0      0 315684  25004 2017644   0    0     0    28 8123 15460 23 29 48 0  0  0
 5  0      0 312688  25016 2017872   0    0     0   160 9437 17962 31 37 31 0  0  0
 4  0      0 312212  25028 2018044   0    0     0    48 9150 16445 26 36 37 1  0  0
 2  0      0 309984  25028 2018196   0    0     0  1012 8172 15159 28 35 37 0  0  0
 9  0      0 307756  25028 2018372   0    0     0     0 9034 16878 26 36 38 0  0  0
 7  0      0 305012  25028 2018488   0    0     0    24 8530 15747 27 36 37 0  0  0
16  0      0 298756  25028 2019160   0    0     0     0 9258 17301 34 39 28 0  0  0
 7  0      0 297020  25036 2019400   0    0     0   120 9787 17716 35 42 22 0  0  0
 9  0      0 296264  25036 2019588   0    0     0     0 9440 16870 33 46 21 0  0  0
 6  0      0 295508  25048 2019752   0    0     0    60 8134 14749 31 39 30 0  0  0
 8  0      0 290300  25048 2020088   0    0     0    24 8800 14241 35 45 20 1  0  0
 2  0      0 287556  25048 2020252   0    0     0    52 9664 17791 36 44 21 0  0  0
13  0      0 283340  25048 2020608   0    0     0    16 9796 14532 37 46 17 0  0  0
procs -----------memory---------- ---swap-- -----io---- -system-- -------cpu-------
 r  b   swpd   free   buff  cache   si   so    bi    bo   in   cs us sy id wa st gu
 6  0      0 281884  25060 2020804   0    0     0    64 8938 13789 37 46 17 0  0  0
10  0      0 280432  25060 2021160   0    0     0     0 8746 15204 38 47 15 0  0  0
10  0      0 279008  25060 2021408   0    0     0    24 9177 14065 41 45 14 0  0  0
15  0      0 272864  25072 2021836   0    0     0   128 9440 15428 40 45 15 0  0  0
 2  0      0 270908  25072 2022148   0    0     0    84 9684 15532 47 49 4  0  0  0
11  0      0 268728  25072 2022360   0    0     0     0 8877 11724 41 55 4  0  0  0
 2  0      0 264080  25084 2022828   0    0     0    72 8580 12554 41 50 10 0  0  0
 3  0      0 260148  25084 2023128   0    0     0    24 7463 12007 42 51 7  0  0  0
 6  0      0 257672  25084 2023392   0    0     0    24 7762 10806 42 54 4  0  0  0
14  0      0 254016  25084 2023796   0    0     0    40 8792 12927 43 52 5  1  0  0
 5  0      0 246844  25084 2024684   0    0     0     0 8576 12576 40 56 4  0  0  0
 5  0      0 244232  25096 2025092   0    0     0    64 9466 13720 46 52 3  0  0  0
 3  0      0 242832  25096 2025464   0    0     0     0 10728 16305 44 53 3 0  0  0
10  0      0 239420  25096 2025740   0    0     0    24 10525 16699 46 51 4 0  0  0
 3  0      0 236260  25096 2026052   0    0     0    56 10134 15244 47 51 2 0  0  0
10  0      0 235588  25096 2026408   0    0     0    24 10935 13664 43 54 3 0  0  0
 4  0      0 235140  25104 2026688   0    0     0    20 11474 14344 42 50 7 0  0  0
13  0      0 234220  25116 2027072   0    0     0    92 11528 15947 45 51 4 0  0  0
 4  0      0 232376  25128 2027456   0    0     0   100 11130 17521 45 53 3 0  0  0
 6  0      0 231232  25128 2027732   0    0     0    68 11179 18954 42 55 3 0  0  0
12  0      0 229840  25128 2028152   0    0     0  7944 10560 15169 42 53 5 0  0  0
procs -----------memory---------- ---swap-- -----io---- -system-- -------cpu-------
 r  b   swpd   free   buff  cache   si   so    bi    bo   in   cs us sy id wa st gu
 4  0      0 228696  25140 2028416   0    0     0    76 10392 14519 44 54 3 0  0  0
 2  0      0 254432  25140 2028848   0    0     0     0 10669 16279 40 56 4 0  0  0
16  0      0 251744  25140 2029160   0    0     0    24 11080 15017 44 51 5 0  0  0
 6  0      0 250360  25140 2029428   0    0     0    60 10838 16844 47 51 3 0  0  0
 8  0      0 248992  25140 2029920   0    0     0    68 11227 16552 46 51 3 0  0  0
11  0      0 246900  25148 2030268   0    0     0    20 10280 17172 40 55 6 0  0  0
 4  0      0 245756  25148 2030504   0    0     0    24 10997 15914 43 54 3 0  0  0
 7  0      0 244608  25160 2030904   0    0     0    64 11057 15317 45 53 2 0  0  0
17  0      0 242932  25160 2031236   0    0     0    40 11576 15545 44 54 2 0  0  0
 9  0      0 240864  25160 2031636   0    0     0     0 12145 16661 46 52 3 0  0  0
11  0      0 239940  25160 2031952   0    0     0    32 12284 20127 42 54 4 0  0  0
 4  0      0 237804  25160 2032240   0    0     0     0 10345 15505 42 54 4 0  0  0
11  0      0 235624  25184 2032588   0    0     0   184 10445 15587 46 48 5 0  0  0
 3  0      0 232020  25184 2032884   0    0     0    60 9827 13726 44 52 4  0  0  0
 5  0      0 229900  25184 2033224   0    0     0    24 10068 14366 45 52 3 0  0  0
11  0      0 229004  25184 2033600   0    0     0     8 11840 15505 42 56 2 0  0  0
 4  0      0 228084  25184 2033904   0    0     0    24 12256 19007 45 51 4 0  0  0
17  0      0 226716  25204 2034240   0    0    76   104 11211 19483 44 54 3 0  0  0
 2  0      0 224676  25204 2034684   0    0     0    68 10929 14942 43 54 3 0  0  0
 3  0      0 223532  25204 2034916   0    0     0     0 11270 13635 40 58 3 0  0  0
 3  0      0 222808  25204 2035284   0    0     0    24 10108 14527 44 52 4 0  0  0
procs -----------memory---------- ---swap-- -----io---- -system-- -------cpu-------
 r  b   swpd   free   buff  cache   si   so    bi    bo   in   cs us sy id wa st gu
 5  0      0 219988  25204 2035524   0    0     0     0 11912 14033 44 55 1 0  0  0
 5  0      0 218344  25224 2035944   0    0     0    80 11850 14439 44 54 2 0  0  0
 2  0      0 242768  25224 2036224   0    0     0    36 10965 13734 43 55 2 0  0  0
13  0      0 241340  25224 2036584   0    0     0    48 11137 13842 43 53 4 0  0  0
 4  0      0 239748  25224 2036848   0    0     0     0 11684 15463 43 55 3 0  0  0
12  0      0 237904  25224 2037256   0    0     0    24 10949 14886 42 55 3 0  0  0
 3  0      0 235784  25248 2037584   0    0     0   172 10747 16099 42 54 4 0  0  0
12  0      0 232596  25248 2037924   0    0     0    48 11529 16709 41 55 4 0  0  0
15  0      0 229304  25248 2038236   0    0     0    20 11000 16054 40 57 3 0  0  0
 7  0      0 227464  25248 2038576   0    0     0 10064 10803 15698 42 55 3 0  0  0
10  0      0 225620  25248 2038860   0    0     0     0 11682 16461 41 56 2 0  0  0
 5  0      0 223744  25268 2039208   0    0     0   112 11152 15454 43 55 2 0  0  0
 2  0      0 221376  25268 2039576   0    0     0    32 11003 15087 41 58 2 0  0  0
 1  0      0 219756  25268 2039940   0    0     0    48 11968 17029 42 54 3 0  0  0
 4  0      0 218360  25268 2040160   0    0     0     0 9809 13974 38 58 4  0  0  0
 8  0      0 216744  25268 2040656   0    0     0    24 11639 16481 41 56 4 0  0  0
11  0      0 214676  25276 2040948   0    0     0    32 10871 16667 39 58 3 0  0  0
 9  0      0 212276  25288 2041304   0    0    20   108 10735 16289 42 56 3 0  0  0
 6  0      0 210208  25288 2041656   0    0     0    20 11252 14335 42 56 2 0  0  0
 5  0      0 209768  25288 2041928   0    0     0    24 10363 15246 41 56 3 0  0  0
12  0      0 209340  25288 2042256   0    0     0     0 11450 15854 42 52 6 0  0  0
procs -----------memory---------- ---swap-- -----io---- -system-- -------cpu-------
 r  b   swpd   free   buff  cache   si   so    bi    bo   in   cs us sy id wa st gu
 7  0      0 208700  25312 2042544   0    0     0   148 11177 15762 42 53 4 0  0  0
10  0      0 232920  25312 2042948   0    0     0    52 11040 16169 42 54 4 0  0  0
 5  0      0 230800  25312 2043232   0    0     0    32 11234 15057 41 56 3 0  0  0
 5  0      0 228676  25312 2043500   0    0     0    20 12070 18241 38 60 3 0  0  0
 9  0      0 227004  25312 2043752   0    0     0     0 9060 12178 48 49 3  0  0  0
 7  0      0 225612  25320 2044124   0    0     0    56 10964 14807 40 56 3 0  0  0
 7  0      0 223684  25320 2044420   0    0     0    40 11037 15265 40 56 4 0  0  0
 7  0      0 221592  25332 2044804   0    0     0    88 10876 16936 41 57 2 0  0  0
 8  0      0 219752  25332 2045156   0    0     0     0 12084 15312 43 55 2 0  0  0
 5  0      0 217908  25332 2045372   0    0     0    24 10572 15749 42 53 5 0  0  0
 9  0      0 216540  25332 2045724   0    0     0     0 11230 13976 42 55 2 0  0  0
 3  0      0 212904  25332 2046100   0    0     0    36 11474 13741 42 55 2 0  0  0
11  0      0 210532  25352 2046392   0    0     0    84 10909 12713 43 54 3 0  0  0
 2  0      0 208888  25352 2046836   0    0     0    28 11304 16609 40 57 3 0  0  0
 3  0      0 207248  25352 2047072   0    0     0     0 10306 14343 41 54 4 0  0  0
 4  0      0 205880  25364 2047396   0    0     0   136 12028 17014 43 54 3 0  0  0
10  0      0 203764  25364 2047716   0    0     0    40 10685 16520 42 57 2 0  0  0
 7  0      0 231228  25376 2048008   0    0     0    68 11447 14741 40 57 3 0  0  0
 3  0      0 229316  25376 2048332   0    0     0     0 10821 15304 41 55 4 0  0  0
 9  0      0 227196  25376 2048632   0    0     0  9612 11306 14888 41 57 2 0  0  0
 6  0      0 225324  25376 2048964   0    0     0     0 10477 12667 43 54 3 0  0  0
procs -----------memory---------- ---swap-- -----io---- -system-- -------cpu-------
 r  b   swpd   free   buff  cache   si   so    bi    bo   in   cs us sy id wa st gu
10  0      0 222640  25376 2049260   0    0     0    56 10880 15254 41 54 5 0  0  0
 7  0      0 220744  25396 2049548   0    0     0   100 10894 13902 40 56 3 0  0  0
10  0      0 217800  25396 2049888   0    0     0    28 11037 15625 44 54 2 0  0  0
11  0      0 214508  25396 2050224   0    0     0    48 10899 14219 44 54 3 0  0  0
 3  0      0 212412  25396 2050464   0    0     0    24 11755 16141 40 57 3 0  0  0
 2  0      0 208972  25396 2050816   0    0     0    16 11925 15346 41 53 6 0  0  0
 3  0      0 207556  25408 2051172   0    0     0   132 11189 15393 40 56 4 0  0  0
11  0      0 206164  25408 2051532   0    0     0     0 10636 14685 41 56 3 0  0  0
 2  0      0 203988  25408 2051800   0    0     0    24 10848 14169 42 54 4 0  0  0
 9  0      0 202120  25420 2052132   0    0     0   112 10380 12670 42 55 3 0  0  0
11  0      0 198320  25420 2052492   0    0     0    56 10935 16329 47 51 2 0  0  0
12  0      0 196676  25420 2052784   0    0     0     0 12147 17086 43 52 4 0  0  0
 5  0      0 195280  25432 2053124   0    0     0    96 11845 16588 43 54 3 0  0  0
 3  0      0 193412  25432 2053420   0    0     0     4 10047 13031 42 56 2 0  0  0
 7  0      0 192480  25432 2053728   0    0     0    24 11359 14520 37 57 6 0  0  0
12  0      0 216592  25432 2054044   0    0     0    16 11714 15234 40 54 5 0  0  0
 7  0      0 214252  25444 2054400   0    0     0   120 10554 13526 41 54 5 0  0  0
 8  0      0 212384  25444 2054620   0    0     0     0 9653 12945 43 54 3  0  0  0
 2  0      0 210740  25444 2055084   0    0     0    24 10924 14936 42 54 4 0  0  0
10  0      0 208404  25444 2055308   0    0     0     0 10403 14668 41 56 3 0  0  0
 6  0      0 205108  25444 2055720   0    0     0    56 11397 17348 44 53 3 0  0  0
procs -----------memory---------- ---swap-- -----io---- -system-- -------cpu-------
 r  b   swpd   free   buff  cache   si   so    bi    bo   in   cs us sy id wa st gu
17  0      0 202988  25452 2056016   0    0     0    28 11306 15382 42 55 3 0  0  0
26  0      0 201816  25464 2056204   0    0     0    92 9070 13834 44 52 3  1  0  0
 5  0      0 199228  25464 2056592   0    0     0  7896 10543 15764 41 56 3 0  0  0
 3  0      0 196248  25476 2056904   0    0     0   144 10718 13426 41 54 5 0  0  0
 9  0      0 191828  25476 2057252   0    0     0    16 11593 13732 42 54 4 0  0  0
 8  0      0 190212  25488 2057620   0    0     0    96 11556 17012 40 56 4 0  0  0
 4  0      0 189292  25488 2057876   0    0     0     0 11808 17914 41 55 4 0  0  0
 3  0      0 187340  25488 2058168   0    0     0    24 11860 15302 41 55 4 0  0  0
 7  0      0 185164  25488 2058504   0    0     0     0 10219 13944 40 55 5 0  0  0
 9  0      0 209568  25488 2058900   0    0     0    36 10558 13990 41 54 4 0  0  0
 9  0      0 207416  25496 2059152   0    0     0    48 11607 11878 38 50 12 0 0  0
12  0      0 205352  25508 2059564   0    0     0    72 11380 15239 41 54 5 0  0  0
13  0      0 204656  25508 2059848   0    0     0    20 11447 16493 43 54 4 0  0  0
 5  0      0 202764  25508 2060036   0    0     0     4 10848 14907 39 57 4 0  0  0
 4  0      0 198404  25508 2060508   0    0     0    36 11127 16190 38 60 2 0  0  0
 6  0      0 196092  25508 2060808   0    0     0    48 10982 14324 41 57 2 0  0  0
 3  0      0 193968  25520 2061120   0    0     0    68 9956 12047 40 54 7  0  0  0
 8  0      0 191388  25520 2061448   0    0     0     0 11774 14222 42 56 2 0  0  0
 9  0      0 190028  25532 2061776   0    0     0    84 12066 17721 43 53 4 0  0  0
 6  0      0 188160  25532 2062044   0    0     0    40 12332 16307 44 53 4 0  0  0
 3  0      0 186064  25532 2062424   0    0     0    24 10728 14734 37 59 3 0  0  0
procs -----------memory---------- ---swap-- -----io---- -system-- -------cpu-------
 r  b   swpd   free   buff  cache   si   so    bi    bo   in   cs us sy id wa st gu
10  0      0 182588  25532 2062748   0    0     0     4 11306 13746 38 60 2 0  0  0
 8  0      0 182096  25544 2062988   0    0     0    96 8013 12596 44 54 2  0  0  0
 4  0      0 178776  25544 2063320   0    0     0     0 10145 12954 40 59 2 0  0  0
 4  0      0 176856  25544 2063668   0    0     0    40 11481 15299 40 55 4 0  0  0
 8  0      0 200936  25544 2064024   0    0     0    28 10929 15335 40 58 2 0  0  0
 5  0      0 199764  25556 2064308   0    0     0    88 12255 16607 41 55 5 0  0  0
 4  0      0 197892  25556 2064648   0    0     0     0 12161 16336 44 53 4 0  0  0
 4  0      0 196476  25556 2064944   0    0     0    24 11248 16262 40 56 4 0  0  0
 2  0      0 195304  25556 2065200   0    0     0    32 11078 14171 41 53 5 0  0  0
 2  0      0 193688  25556 2065536   0    0     0    24 10277 14484 42 56 2 0  0  0
 3  0      0 192320  25564 2065900   0    0     0    28 11282 14171 41 54 5 0  0  0
27  0      0 190704  25564 2066260   0    0     0    52 11262 14809 47 52 1 0  0  0
 5  0      0 189308  25588 2066520   0    0     0  9656 10011 14498 41 54 5 1  0  0
 3  0      0 186968  25588 2066748   0    0     0    40 10152 14977 40 57 4 0  0  0
 7  0      0 185148  25588 2067132   0    0     0     0 10391 11867 41 55 3 0  0  0
 5  0      0 184228  25600 2067392   0    0     0   136 10280 13926 44 54 3 0  0  0
 2  0      0 182336  25600 2067688   0    0     0     0 9687 12000 40 56 3  0  0  0
 9  0      0 181640  25600 2068016   0    0     0    28 10495 14662 44 53 3 0  0  0
11  0      0 179664  25600 2068240   0    0     0    32 10037 14023 42 53 5 0  0  0
 5  0      0 177712  25600 2068516   0    0     0    24 9713 13705 41 54 5  0  0  0
 8  0      0 172828  25608 2068800   0    0     0    28 9145 11104 43 54 3  0  0  0
procs -----------memory---------- ---swap-- -----io---- -system-- -------cpu-------
 r  b   swpd   free   buff  cache   si   so    bi    bo   in   cs us sy id wa st gu
 5  0      0 170688  25608 2069180   0    0     0    28 10546 13490 40 57 3 0  0  0
 6  0      0 169016  25608 2069336   0    0     0     0 8163 11544 43 56 1  0  0  0
 4  0      0 166344  25620 2069632   0    0     0    88 8787 13442 42 53 5  0  0  0
 5  0      0 164432  25620 2069976   0    0     0     0 9411 13893 40 55 5  0  0  0
 5  0      0 164032  25620 2070172   0    0     0    72 9861 13162 43 53 4  0  0  0
10  0      0 188696  25620 2070472   0    0     0     0 10325 13976 41 55 5 0  0  0
12  0      0 186100  25632 2070740   0    0     0   112 9888 12502 45 51 4  0  0  0
 5  0      0 183812  25632 2071052   0    0     0    24 10164 13310 45 53 2 0  0  0
 8  0      0 180880  25632 2071336   0    0     0    24 10357 12677 42 53 5 0  0  0
15  0      0 179892  25632 2071556   0    0     0     0 6133 8828 44 52  5  0  0  0
 3  0      0 179420  25644 2071748   0    0     0   100 7649 12318 41 55 4  0  0  0
10  0      0 178416  25644 2071996   0    0     0     0 7888 12878 48 49 4  0  0  0
 5  0      0 175740  25644 2072228   0    0     0    40 8260 11848 42 54 5  0  0  0
 4  0      0 166568  25644 2072428   0    0     0     0 9129 11288 42 56 2  0  0  0
 5  0      0 164420  25656 2072652   0    0     0   116 8254 9426 39 48 12  0  0  0
 3  0      0 162972  25656 2072948   0    0     0     0 8207 11894 41 56 4  0  0  0
16  0      0 161552  25656 2073092   0    0     0  6768 9040 14194 40 56 4  0  0  0
15  0      0 160360  25656 2073460   0    0     0    24 9357 13424 45 51 4  0  0  0
 3  0      0 159416  25656 2073656   0    0     0    24 7468 11731 42 54 3  0  0  0
 6  0      0 158720  25664 2073924   0    0     0    60 8616 13185 40 55 5  0  0  0
 7  0      0 157776  25676 2074152   0    0     0    88 8503 11904 46 49 6  0  0  0
procs -----------memory---------- ---swap-- -----io---- -system-- -------cpu-------
 r  b   swpd   free   buff  cache   si   so    bi    bo   in   cs us sy id wa st gu
28  0      0 156108  25676 2074316   0    0     0     0 9190 11694 42 54 4  0  0  0
 6  0      0 153148  25676 2074620   0    0     0    40 9241 12551 41 57 2  0  0  0
10  0      0 151668  25676 2074968   0    0     0     0 10256 13682 39 56 4 0  0  0
 5  0      0 151172  25676 2075148   0    0     0    48 9570 14119 42 53 6  0  0  0
 5  0      0 173940  25684 2075328   0    0     0    56 9086 11999 38 57 4  0  0  0
16  0      0 171600  25696 2075704   0    0     0    72 9533 14523 40 56 4  0  0  0
 6  0      0 170404  25696 2075984   0    0     0    20 9753 14023 42 53 5  0  0  0
 3  0      0 169176  25696 2076192   0    0     0    24 9593 13988 40 58 3  0  0  0
 2  0      0 167536  25696 2076564   0    0     0     0 9753 11932 42 53 4  0  0  0
 8  0      0 166144  25696 2076796   0    0     0     4 9413 12963 41 56 3  0  0  0
 5  0      0 164724  25704 2077104   0    0     0    80 8490 11995 41 55 4  0  0  0
 2  0      0 163308  25716 2077364   0    0    28    60 9624 14571 46 51 3  0  0  0
 3  0      0 161440  25716 2077560   0    0     0    20 9487 12227 36 60 4  0  0  0
17  0      0 159824  25716 2077808   0    0     0    24 9521 13007 44 53 4  0  0  0
11  0      0 157064  25716 2078264   0    0     0    52 10348 13486 41 56 4 0  0  0
 4  0      0 155912  25716 2078584   0    0     0     8 12001 15380 42 53 5 0  0  0
 5  0      0 154268  25728 2078928   0    0     0    96 13668 16877 44 54 2 0  0  0
 6  0      0 153372  25728 2079260   0    0     0     0 12900 19132 40 57 3 0  0  0
12  0      0 178572  25728 2079552   0    0     0    24 12462 17900 42 54 4 0  0  0
 8  0      0 177840  25728 2079700   0    0     0     0 6201 8400 46 50  4  0  0  0
13  0      0 175632  25728 2079968   0    0     0    52 7056 10453 49 50 1  0  0  0
procs -----------memory---------- ---swap-- -----io---- -system-- -------cpu-------
 r  b   swpd   free   buff  cache   si   so    bi    bo   in   cs us sy id wa st gu
10  0      0 174212  25736 2080252   0    0     0    40 8541 12922 44 53 4  0  0  0
10  0      0 168788  25736 2080516   0    0     0    24 8190 11718 43 53 4  0  0  0
11  0      0 164524  25736 2080668   0    0     0     0 10210 11595 43 55 2 0  0  0
 9  0      0 156860  25748 2081092   0    0     0    96 10127 13979 45 52 3 0  0  0
 7  0      0 155688  25748 2081272   0    0     0    32 9591 12796 43 52 5  0  0  0
 8  0      0 153036  25748 2081620   0    0     0  8044 10177 13926 45 52 3 0  0  0
 7  0      0 150300  25748 2081864   0    0     0     0 9941 14764 45 52 3  0  0  0
 3  0      0 147740  25760 2082184   0    0     0    76 9110 12922 41 56 3  0  0  0
 6  0      0 146100  25760 2082372   0    0     0     0 8927 13204 43 52 5  0  0  0
 8  0      0 144460  25760 2082748   0    0     0    52 8757 12158 43 52 6  0  0  0
12  0      0 169476  25760 2082932   0    0     0    64 9411 11060 43 56 2  0  0  0
 4  0      0 166556  25760 2083308   0    0     0    24 9786 14572 46 52 2  0  0  0
 7  0      0 165364  25768 2083528   0    0     0    52 8906 12906 40 56 4  0  0  0
 8  0      0 164192  25780 2083732   0    0     0   112 9677 12949 42 54 4  0  0  0
 4  0      0 162300  25780 2084032   0    0     0    32 9081 14532 43 54 3  0  0  0
 5  0      0 160412  25780 2084376   0    0     0    24 9118 13323 45 52 3  0  0  0
 9  0      0 157152  25780 2084684   0    0     0     0 9948 13219 41 56 3  0  0  0
 5  0      0 156432  25780 2084884   0    0     0    24 8384 12850 41 56 3  0  0  0
17  0      0 154792  25788 2085212   0    0     0    32 9933 11633 44 53 3  0  0  0
 4  0      0 153372  25800 2085412   0    0     0    96 10509 15746 39 55 7 0  0  0
 2  0      0 150364  25800 2085808   0    0     0     0 9624 13170 41 55 4  0  0  0
procs -----------memory---------- ---swap-- -----io---- -system-- -------cpu-------
 r  b   swpd   free   buff  cache   si   so    bi    bo   in   cs us sy id wa st gu
 7  0      0 147012  25800 2086100   0    0     0    24 10147 14600 43 55 2 0  0  0
10  0      0 146292  25800 2086380   0    0     0     0 6384 9985 41 56  3  0  0  0
 5  0      0 145344  25800 2086680   0    0     0    48 10078 11317 46 50 4 0  0  0
14  0      0 144116  25812 2086992   0    0     0   104 9858 13556 42 52 6  0  0  0
 6  0      0 141728  25812 2087120   0    0     0    24 10492 14130 41 56 3 0  0  0
14  0      0 140080  25812 2087576   0    0     0     0 10353 14031 44 53 4 0  0  0
15  0      0 139648  25812 2087756   0    0     0    24 10578 15254 39 55 5 0  0  0
 4  0      0 166404  25812 2088120   0    0     0     0 10584 14870 39 57 4 0  0  0
 3  0      0 164772  25820 2088416   0    0     0    72 10032 13283 42 55 4 0  0  0
11  0      0 163576  25832 2088688   0    0     0    64 10354 14047 43 55 2 0  0  0
 7  0      0 161904  25832 2088928   0    0     0    24 10507 15296 42 55 3 0  0  0
 4  0      0 161432  25832 2089300   0    0     0     0 9963 13716 44 52 4  0  0  0
10  0      0 160712  25832 2089380   0    0     0    24 8768 12126 41 57 3  0  0  0
11  0      0 159992  25844 2089640   0    0     0   124 7894 10648 43 53 5  0  0  0
10  0      0 159744  25844 2089988   0    0     0    24 8707 13960 44 52 4  1  0  0
10  0      0 155508  25844 2090168   0    0     0  8276 9506 11949 42 53 5  0  0  0
11  0      0 154088  25844 2090516   0    0     0    24 9581 13423 40 57 3  0  0  0
11  0      0 148552  25844 2090804   0    0     0     0 9059 11254 44 53 3  0  0  0
 6  0      0 147352  25856 2091040   0    0     0   108 7609 10254 42 51 7  0  0  0
14  0      0 146152  25856 2091320   0    0     0    28 9271 13082 43 53 3  0  0  0
 7  0      0 144736  25868 2091520   0    0     0    60 9006 13633 43 53 4  0  0  0
procs -----------memory---------- ---swap-- -----io---- -system-- -------cpu-------
 r  b   swpd   free   buff  cache   si   so    bi    bo   in   cs us sy id wa st gu
10  0      0 143120  25868 2091872   0    0     0     0 9777 14149 44 52 4  0  0  0
 5  0      0 141680  25868 2092160   0    0     0     4 10052 12732 44 50 5 0  0  0
18  0      0 140728  25868 2092396   0    0     0    84 9008 12298 42 55 3  0  0  0
 8  0      0 139308  25868 2092672   0    0     0     0 8421 10573 45 51 4  0  0  0
 5  0      0 138836  25880 2093000   0    0     0    68 10034 14183 41 54 5 0  0  0
15  0      0 138360  25880 2093268   0    0     0     0 8971 12463 44 52 4  0  0  0
 4  0      0 136192  25880 2093432   0    0     0    24 9057 12885 42 54 4  0  0  0
 9  0      0 133824  25880 2093808   0    0     0    16 9494 11273 42 55 2  0  0  0
 3  0      0 132184  25880 2093996   0    0     0    52 9936 14335 42 54 3  0  0  0
11  0      0 131016  25888 2094244   0    0     0    24 10847 14726 42 53 5 0  0  0
11  0      0 155900  25888 2094564   0    0     0    24 9655 14317 44 54 2  0  0  0
 8  0      0 154240  25888 2094848   0    0     0     0 9126 14017 47 51 2  0  0  0
11  0      0 152792  25900 2095120   0    0     0   140 8764 12809 46 49 5  0  0  0
10  0      0 151088  25900 2095416   0    0     0     0 9560 12869 43 52 4  0  0  0
 7  0      0 172516  25900 2095632   0    0     0    24 10880 12858 42 53 5 0  0  0
10  0      0 170592  25900 2095916   0    0     0     0 8713 12356 38 58 4  0  0  0
10  0      0 168412  25912 2096208   0    0     0   168 10349 14967 43 54 3 0  0  0
 4  0      0 166268  25912 2096420   0    0     0    16 9046 12113 40 57 3  0  0  0
 2  0      0 165572  25912 2096732   0    0     0    52 9757 13683 42 53 5  0  0  0
10  0      0 163228  25912 2096988   0    0     0  6764 9046 12970 39 56 4  0  0  0
 5  0      0 162280  25912 2097304   0    0    16    24 9889 14378 42 54 4  0  0  0
procs -----------memory---------- ---swap-- -----io---- -system-- -------cpu-------
 r  b   swpd   free   buff  cache   si   so    bi    bo   in   cs us sy id wa st gu
10  0      0 159600  25920 2097448   0    0     0    44 9585 10383 41 56 3  0  0  0
12  0      0 155972  25932 2097812   0    0     0   120 10253 14826 43 54 4 0  0  0
10  0      0 154556  25932 2098084   0    0     0    20 10273 13562 43 54 3 0  0  0
 8  0      0 149668  25932 2098412   0    0     0    28 10866 15109 42 55 4 0  0  0
 6  0      0 148508  25932 2098664   0    0     0     0 10343 13868 41 55 3 0  0  0
11  0      0 148812  25932 2098992   0    0     0    52 10355 15143 41 56 3 0  0  0
 3  0      0 174756  25940 2099268   0    0     0    52 10139 14248 40 55 5 0  0  0
 7  0      0 171320  25952 2099520   0    0     0    84 10458 14798 43 53 4 0  0  0
 4  0      0 169148  25952 2099860   0    0     0     0 10249 13705 44 51 6 0  0  0
15  0      0 166408  25952 2099988   0    0     0    24 10524 14646 44 51 5 0  0  0
 2  0      0 165460  25952 2100360   0    0     0     0 9538 14349 42 53 4  0  0  0
15  0      0 163820  25964 2100584   0    0     0   104 9316 12925 44 53 3  0  0  0
 5  0      0 162876  25964 2100836   0    0     0    80 8587 13844 42 55 3  0  0  0
 4  0      0 160512  25964 2101032   0    0     0    24 9280 12966 42 54 4  0  0  0
 8  0      0 156576  25964 2101400   0    0     0     0 9612 14105 43 54 3  0  0  0
 4  0      0 155604  25964 2101652   0    0     0    28 9641 12653 42 53 4  0  0  0
 7  0      0 153484  25964 2101956   0    0     0    16 10553 12230 45 52 3 0  0  0
 8  0      0 151168  25972 2102200   0    0     0    56 9481 12489 44 53 3  0  0  0
 3  0      0 148128  25984 2102524   0    0     0    60 9474 11984 40 57 3  0  0  0
 5  0      0 147432  25984 2102804   0    0     0    24 9373 13655 40 56 4  0  0  0
 9  0      0 145764  25984 2103096   0    0     0     0 9956 13638 44 55 2  0  0  0
procs -----------memory---------- ---swap-- -----io---- -system-- -------cpu-------
 r  b   swpd   free   buff  cache   si   so    bi    bo   in   cs us sy id wa st gu
 3  0      0 144100  25996 2103360   0    0     0   140 8283 13035 44 54 3  0  0  0
 5  0      0 139744  25996 2103612   0    0     0    68 9252 13505 43 53 3  0  0  0
 7  0      0 137376  25996 2103784   0    0     0    24 9662 13146 41 56 3  0  0  0
 8  0      0 159888  25996 2104136   0    0     0     0 9426 11785 44 53 3  0  0  0
 9  0      0 157824  26008 2104436   0    0     0    72 10299 13256 41 55 4 0  0  0
11  0      0 156428  26008 2104800   0    0     0    16 9184 11653 40 56 4  0  0  0
26  0      0 153780  26008 2104964   0    0     0    24 7975 10236 42 56 2  0  0  0
 9  0      0 152772  26008 2104964   0    0     0    28 4752 6990 36 61  3  0  0  0
