procs -----------memory---------- ---swap-- -----io---- -system-- -------cpu-------
 r  b   swpd   free   buff  cache   si   so    bi    bo   in   cs us sy id wa st gu
 4  0      0 155228  37552 2140628   0    0   214   678 9437   83 30 39 31  0  0  0
 0  0      0 150216  37560 2140620   0    0     0    40 3983 6548 14 16 70  0  0  0
 0  0      0 147948  37560 2140656   0    0     0     0 4359 7586 12 13 76  0  0  0
 2  0      0 147204  37596 2140656   0    0     0   224 4884 8623 14 13 73  1  0  0
 2  0      0 145200  37632 2140772   0    0     0   300 6239 11245 22 23 54 0  0  0
 1  0      0 142960  37644 2140824   0    0     0   116 6012 11261 18 20 62 0  0  0
 9  0      0 141712  37644 2140952   0    0     0   244 6225 12150 18 22 60 0  0  0
 0  0      0 140984  37656 2140980   0    0     0    92 5550 9851 16 20 64  0  0  0
 1  0      0 139220  37656 2141096   0    0     0    16 5862 10465 22 22 56 0  0  0
 5  0      0 137456  37656 2141156   0    0     0    28 6787 13285 19 22 58 0  0  0
10  0      0 134936  37656 2141280   0    0     0     0 7447 14396 21 25 54 0  0  0
 2  0      0 134432  37656 2141328   0    0     0    20 8031 15309 21 29 50 0  0  0
 1  0      0 133704  37664 2141484   0    0     0    64 7887 14613 28 35 37 0  0  0
 7  0      0 128944  37676 2141548   0    0     0    92 8540 16305 25 33 43 0  0  0
 8  0      0 128188  37688 2141696   0    0     0    88 8948 16999 26 31 43 0  0  0
13  0      0 127432  37688 2141800   0    0     0     0 8752 15878 22 33 44 0  0  0
 0  0      0 126956  37688 2142024   0    0     0    60 8536 15715 29 36 35 0  0  0
 3  0      0 126480  37700 2142072   0    0     0    72 8157 14682 23 34 43 0  0  0
14  0      0 125248  37712 2142284   0    0     0   124 7970 14259 39 41 20 0  0  0
 6  0      0 123272  37760 2142408   0    0     0   392 8796 16931 40 39 20 1  0  0
 2  0      0 121508  37772 2142644   0    0     0   116 8323 15842 32 41 27 0  0  0
procs -----------memory---------- ---swap-- -----io---- -system-- -------cpu-------
 r  b   swpd   free   buff  cache   si   so    bi    bo   in   cs us sy id wa st gu
 5  0      0 119016  37772 2142772   0    0     0     0 9121 17216 29 38 33 0  0  0
 4  0      0 118764  37772 2143020   0    0     0  1832 9350 17194 32 46 22 0  0  0
 7  0      0 118260  37784 2143228   0    0     0   120 9177 16651 29 39 32 0  0  0
 4  0      0 117532  37784 2143368   0    0     0    24 9784 17016 30 40 30 0  0  0
 5  0      0 115796  37784 2143496   0    0     0     0 9373 16085 33 43 24 0  0  0
10  0      0 113988  37784 2143808   0    0    84    52 9218 16556 36 38 27 0  0  0
12  0      0 112028  37784 2144072   0    0    16     0 8868 16986 33 41 26 0  0  0
 9  0      0 109848  37796 2144292   0    0     4    84 9752 16847 32 44 24 0  0  0
 5  0      0 107412  37796 2144532   0    0     0     0 8510 15022 35 43 22 0  0  0
11  0      0 105704  37796 2144700   0    0     0    28 8851 14618 32 45 23 0  0  0
 6  0      0 104976  37796 2144880   0    0     0     0 12842 22851 39 48 14 0 0  0
 9  0      0 104248  37796 2145164   0    0     0    24 12326 21596 42 46 12 0 0  0
12  0      0 103064  37816 2145388   0    0     0   176 12721 22795 40 48 12 1 0  0
14  0      0 101152  37876 2145660   0    0     0   412 11386 20330 43 50 7 0  0  0
 8  0      0 100800  37876 2145904   0    0     0    32 12192 22253 41 50 9 0  0  0
 7  0      0 100396  37888 2146132   0    0     0    68 12752 23768 41 50 9 0  0  0
 4  0      0  99752  37888 2146300   0    0     0  3000 11755 22097 36 50 14 0 0  0
 2  0      0  99480  37888 2146680   0    0     0    44 12461 21880 37 54 8 0  0  0
 3  0      0 105948  37888 2146708   0    0     0     0 12470 20944 38 53 8 0  0  0
 6  0      0 103500  37900 2146972   0    0     0    84 12163 22255 35 52 13 0 0  0
 8  0      0 103068  37900 2147040   0    0     0     0 12896 23568 37 50 13 0 0  0
procs -----------memory---------- ---swap-- -----io---- -system-- -------cpu-------
 r  b   swpd   free   buff  cache   si   so    bi    bo   in   cs us sy id wa st gu
 7  0      0 102632  37900 2147364   0    0     0    24 10991 21096 40 54 6 0  0  0
13  0      0 102180  37900 2147476   0    0     0    56 12907 23304 34 52 14 0 0  0
 3  0      0 101704  37900 2147788   0    0     8    24 12203 23111 36 51 12 0 0  0
13  0      0  99724  37908 2148008   0    0     0    24 12709 22359 39 54 8 0  0  0
 5  0      0 114828  37848 2137568   0    0     0    28 9532 15165 44 52 4  0  0  0
 5  0      0 114604  37860 2137640   0    0    60    64 12127 21815 37 51 12 0 0  0
11  0      0 114604  37872 2137992   0    0     0   136 11655 20155 41 52 7 0  0  0
 6  0      0 113652  37932 2138232   0    0     0   380 11754 20979 47 48 4 1  0  0
 3  0      0 111440  37932 2138424   0    0     0    80 12205 22417 40 50 9 0  0  0
 4  0      0 110964  37932 2138636   0    0     0     0 12476 23364 41 47 13 0 0  0
 2  0      0 110968  37944 2138828   0    0     0    68 12309 21371 40 48 13 0 0  0
 8  0      0 109004  37944 2139096   0    0     0    56 12698 21919 38 53 10 0 0  0
 3  0      0 108528  37944 2139204   0    0     0    24 13525 24910 39 48 13 0 0  0
 8  0      0 106288  37944 2139560   0    0    76     0 12709 21142 39 53 8 0  0  0
10  0      0 106064  37944 2139712   0    0     0    28 12428 23249 42 47 11 0 0  0
 5  0      0 105676  37952 2140036   0    0     0    48 11956 20758 36 53 11 0 0  0
 5  0      0 105456  37964 2140208   0    0     0    96 11584 20877 41 49 11 0 0  0
 9  0      0 105232  37964 2140436   0    0     0     0 12842 22564 36 52 13 0 0  0
 7  0      0 104728  37964 2140692   0    0     0    28 12176 21128 39 54 7 0  0  0
 2  0      0 104504  37964 2140760   0    0     0     0 11921 20897 38 51 11 0 0  0
 7  0      0 103804  37964 2141052   0    0     0    24 12895 23300 36 54 10 0 0  0
procs -----------memory---------- ---swap-- -----io---- -system-- -------cpu-------
 r  b   swpd   free   buff  cache   si   so    bi    bo   in   cs us sy id wa st gu
10  0      0 103580  37996 2141228   0    0     0   168 11645 20163 39 53 8 0  0  0
11  0      0 102856  38056 2141536   0    0     0   420 12174 21418 43 48 9 0  0  0
 6  0      0 107492  38068 2141324   0    0     0    72 11325 18796 42 52 6 0  0  0
15  0      0 106684  38068 2141552   0    0     0    24 11469 19585 40 55 5 0  0  0
 9  0      0 106716  38068 2141648   0    0     0    28 12442 21684 36 52 11 0 0  0
 9  0      0 106044  38080 2141960   0    0     0  6528 10623 16888 40 54 6 0  0  0
10  0      0 105544  38080 2142196   0    0     0     0 12503 21700 38 53 9 0  0  0
 8  0      0 104624  38080 2142436   0    0     0    28 12480 23105 38 51 11 0 0  0
11  0      0 104372  38080 2142488   0    0     0     0 12496 21113 40 51 10 0 0  0
 4  0      0 104148  38080 2142820   0    0     0    24 12389 21359 42 51 7 0  0  0
 8  0      0 103484  38088 2143056   0    0     0   108 12178 21401 38 54 8 0  0  0
 6  0      0 102252  38100 2143340   0    0   128    84 12415 22509 37 48 15 1 0  0
 3  0      0 101804  38100 2143536   0    0     0     0 11676 18953 40 54 5 0  0  0
 5  0      0 101580  38100 2143756   0    0     0     4 12356 23015 40 50 10 0 0  0
 9  0      0 101052  38100 2144020   0    0     0    48 13093 22835 35 55 10 0 0  0
 8  0      0 106788  38124 2143932   0    0     0   176 12553 20880 39 52 10 0 0  0
 8  0      0 104452  38172 2144336   0    0     0   384 11147 17656 50 45 5 0  0  0
11  0      0 102052  38172 2144500   0    0     0    52 11977 19790 42 49 8 0  0  0
 4  0      0 101760  38184 2144796   0    0     0    72 12087 19631 38 55 7 0  0  0
 9  0      0 101596  38184 2144920   0    0     0     4 12235 20754 38 53 9 0  0  0
15  0      0  99376  38184 2145148   0    0     0    56 12059 20121 36 55 9 0  0  0
procs -----------memory---------- ---swap-- -----io---- -system-- -------cpu-------
 r  b   swpd   free   buff  cache   si   so    bi    bo   in   cs us sy id wa st gu
17  0      0 114076  38124 2135492   0    0     0    24 12049 21828 39 56 5 0  0  0
11  0      0 111872  38124 2135708   0    0     0    24 12710 22485 37 56 7 0  0  0
10  0      0 111872  38132 2135964   0    0     0    40 13217 23957 39 52 10 0 0  0
 7  0      0 111396  38132 2136116   0    0     0    24 13899 25091 35 53 13 0 0  0
 6  0      0 111172  38144 2136324   0    0     0    88 13902 22934 37 54 10 0 0  0
 9  0      0 110668  38144 2136552   0    0     0    48 12301 19560 34 59 8 0  0  0
11  0      0 109248  38144 2136748   0    0     0     0 12046 20368 40 54 5 0  0  0
 9  0      0 109032  38144 2136976   0    0     0    24 12206 21641 37 49 14 0 0  0
15  0      0 108332  38144 2137152   0    0     0     8 11918 20654 37 54 9 0  0  0
13  0      0 107856  38176 2137428   0    0     0   192 11538 19423 44 50 6 0  0  0
15  0      0 107128  38224 2137652   0    0     0   376 11482 17249 47 51 2 0  0  0
 8  0      0 106904  38236 2137724   0    0     0   140 12558 21443 40 50 10 0 0  0
 8  0      0 106208  38236 2137980   0    0     0     0 11069 19625 42 53 5 0  0  0
 4  0      0 105780  38236 2138140   0    0     0    24 13318 23224 39 52 9 0  0  0
 4  0      0 105560  38236 2138420   0    0     0  6428 12006 20535 38 53 9 0  0  0
 8  0      0 105088  38248 2138652   0    0     0   132 11874 21036 39 51 10 0 0  0
 8  0      0 104340  38248 2138856   0    0     8     0 12004 21138 43 51 6 0  0  0
10  0      0 103612  38248 2139044   0    0    12    24 13682 24872 37 48 16 0 0  0
17  0      0 103612  38248 2139168   0    0     0     8 12563 21229 36 53 10 0 0  0
 4  0      0 102688  38248 2139488   0    0     0    48 12475 20336 38 54 8 0  0  0
 7  0      0 102464  38268 2139704   0    0     0    88 11731 19431 39 52 9 0  0  0
procs -----------memory---------- ---swap-- -----io---- -system-- -------cpu-------
 r  b   swpd   free   buff  cache   si   so    bi    bo   in   cs us sy id wa st gu
12  0      0 100532  38268 2139872   0    0     0    24 11536 19141 40 51 9 0  0  0
 9  0      0 111156  38256 2137804   0    0     0     0 12222 20514 40 53 7 0  0  0
 8  0      0 110680  38256 2137844   0    0     0    24 13654 23412 38 49 13 0 0  0
 8  0      0 110204  38268 2138172   0    0     0   136 11908 19226 41 52 6 0  0  0
 6  0      0 109992  38328 2138372   0    0     0   412 11960 19469 42 53 4 0  0  0
15  0      0 108476  38340 2138580   0    0     0    92 12463 23035 38 52 9 0  0  0
 6  0      0 108012  38340 2138888   0    0     0    24 12635 22140 39 52 8 0  0  0
 9  0      0 107032  38340 2138924   0    0     0    32 12263 19399 38 53 10 0 0  0
 5  0      0 106556  38340 2139272   0    0     0    28 12716 21160 37 55 8 0  0  0
 5  0      0 103336  38340 2139480   0    0     0     0 11882 19443 37 54 9 0  0  0
 8  0      0 103112  38360 2139704   0    0     0   116 12232 18680 38 53 9 0  0  0
 9  0      0 102664  38360 2139896   0    0     0     0 12281 19436 38 56 6 0  0  0
 9  0      0 102440  38360 2140140   0    0     0    24 11376 18499 38 54 8 0  0  0
 6  0      0 101716  38360 2140344   0    0     0    40 12308 21348 37 56 7 0  0  0
 9  0      0 101492  38372 2140496   0    0     0   100 12108 20765 37 55 8 0  0  0
 5  0      0 111460  38344 2136036   0    0     0     0 13249 21775 38 56 7 0  0  0
 6  0      0 110744  38344 2136000   0    0     0    24 10991 18563 41 54 6 0  0  0
 7  0      0 110680  38344 2136292   0    0     0    32 12524 20227 40 56 4 0  0  0
 6  0      0 110240  38356 2136496   0    0     0   112 13674 24104 35 51 14 0 0  0
 9  0      0 109320  38404 2136804   0    0     0  5680 12382 19405 44 52 4 0  0  0
 9  0      0 108844  38416 2136948   0    0     0   140 12794 20859 41 52 7 0  0  0
procs -----------memory---------- ---swap-- -----io---- -system-- -------cpu-------
 r  b   swpd   free   buff  cache   si   so    bi    bo   in   cs us sy id wa st gu
16  0      0 107140  38416 2137204   0    0     0     0 11431 18840 39 54 7 0  0  0
 2  0      0 106692  38428 2137476   0    0     0    80 11413 19569 40 52 8 0  0  0
 4  0      0 106500  38428 2137620   0    0     0    44 12115 21394 39 51 9 0  0  0
 6  0      0 105848  38428 2137860   0    0     0    28 12052 20629 39 54 8 0  0  0
 3  0      0 104648  38428 2138056   0    0     0     0 9811 16284 39 53 8  0  0  0
 6  0      0 103732  38440 2138292   0    0     0    60 11852 20710 43 50 6 0  0  0
 6  0      0 103508  38440 2138416   0    0     0    20 12596 21137 39 52 8 0  0  0
10  0      0 103280  38440 2138632   0    0     0    48 13183 22895 37 52 11 0 0  0
12  0      0 109188  38440 2138456   0    0     0  2204 12005 20684 39 54 8 0  0  0
 7  0      0 108088  38440 2138608   0    0     0    48 11937 17436 40 54 6 0  0  0
10  0      0 105920  38448 2138896   0    0     4    40 11715 18579 42 53 5 0  0  0
 5  0      0 105488  38448 2139036   0    0     0    24 12585 20781 38 56 5 1  0  0
11  0      0 104788  38472 2139252   0    0     0   144 12266 20817 41 52 7 0  0  0
 6  0      0 104088  38520 2139536   0    0     0   396 12615 20567 41 53 6 0  0  0
15  0      0 103864  38532 2139752   0    0     0   112 11612 18524 39 52 9 0  0  0
10  0      0 102644  38532 2139960   0    0     0    28 12164 20974 39 54 7 0  0  0
 6  0      0 102420  38532 2140144   0    0     0    32 12530 19883 38 55 7 0  0  0
 4  0      0 101980  38544 2140352   0    0     0    68 12973 20204 35 57 8 0  0  0
 5  0      0 101504  38544 2140468   0    0     0     0 12342 20144 37 55 8 0  0  0
 9  0      0  99508  38544 2140780   0    0     0    28 12590 20899 34 55 10 0 0  0
 8  0      0 104448  38544 2140880   0    0     0    24 12101 20334 37 53 9 0  0  0
procs -----------memory---------- ---swap-- -----io---- -system-- -------cpu-------
 r  b   swpd   free   buff  cache   si   so    bi    bo   in   cs us sy id wa st gu
14  0      0 103760  38544 2141048   0    0     0     4 11759 18874 35 56 8 0  0  0
 3  0      0 102364  38552 2141340   0    0     0    72 11616 19900 38 57 5 0  0  0
 8  0      0 101664  38564 2141496   0    0     0    60 12236 20692 36 55 8 0  0  0
 7  0      0 101440  38564 2141696   0    0     0    28 12824 22136 37 53 10 0 0  0
 4  0      0 100592  38564 2141892   0    0     0     0 12777 21775 35 58 8 0  0  0
 5  0      0 114336  38504 2132104   0    0     0    56 10909 17784 41 53 7 0  0  0
13  0      0 113644  38516 2132252   0    0     0    80 12552 20730 38 55 7 0  0  0
 4  0      0 112676  38576 2132540   0    0     0   416 12469 19962 46 48 5 0  0  0
 2  0      0 111852  38576 2132740   0    0     0  4400 12936 20624 39 53 8 0  0  0
11  0      0 111376  38588 2132820   0    0     0   120 11961 20782 39 53 8 0  0  0
10  0      0 110904  38588 2133080   0    0     0     0 7867 12292 40 57 3  0  0  0
 5  0      0 108516  38588 2133288   0    0     0    40 9508 13124 42 54 4  0  0  0
 2  0      0 103652  38588 2133544   0    0     0    24 8338 10990 44 53 4  0  0  0
13  0      0 103204  38600 2133800   0    0     0   100 10355 16314 40 52 7 0  0  0
 6  0      0 102480  38600 2133916   0    0     0     0 12468 21280 37 53 9 0  0  0
 7  0      0 102008  38600 2134152   0    0     0    56 10256 18157 43 52 5 0  0  0
 5  0      0 101560  38600 2134420   0    0     0     0 11676 18492 40 54 5 0  0  0
 9  0      0 101336  38600 2134560   0    0     0    24 12694 21458 41 49 10 0 0  0
 4  0      0 111756  38596 2132548   0    0     0  2100 10844 16899 39 53 7 0  0  0
15  0      0 109796  38608 2132704   0    0     0    92 11702 17799 42 54 5 0  0  0
 7  0      0 109072  38608 2132884   0    0     0     0 10233 16563 38 56 7 0  0  0
procs -----------memory---------- ---swap-- -----io---- -system-- -------cpu-------
 r  b   swpd   free   buff  cache   si   so    bi    bo   in   cs us sy id wa st gu
13  0      0 108624  38608 2133132   0    0     0    80 12370 19781 42 49 8 0  0  0
 9  0      0 108148  38644 2133280   0    0     0   308 11644 18532 43 51 6 0  0  0
 7  0      0 107484  38644 2133560   0    0     0    56 12799 21290 41 52 7 0  0  0
10  0      0 106252  38644 2133732   0    0     0     0 11648 19227 39 53 8 0  0  0
 9  0      0 105804  38656 2134012   0    0     0    96 11069 20738 47 49 4 0  0  0
 6  0      0 105356  38656 2134144   0    0     0     0 11753 18446 38 57 5 0  0  0
11  0      0 103116  38656 2134444   0    0     0    28 12571 21300 41 52 8 0  0  0
 9  0      0 102196  38656 2134692   0    0     0     0 11263 18780 36 58 5 0  0  0
11  0      0 101972  38656 2134844   0    0     0    48 13284 24790 35 54 11 0 0  0
 7  0      0 101748  38664 2135008   0    0     0    36 12419 22033 38 53 9 0  0  0
 9  0      0 101748  38676 2135260   0    0     0    76 12856 23603 34 55 11 0 0  0
 3  0      0 101524  38676 2135420   0    0     0    24 13617 23740 36 52 12 0 0  0
 8  0      0 101300  38676 2135660   0    0     0    52 13496 22484 38 52 11 0 0  0
10  0      0 112024  38648 2131172   0    0     0     0 13420 22567 33 55 12 0 0  0
13  0      0 111412  38648 2131176   0    0     0    32 8770 14627 40 53 6  0  0  0
 9  0      0 110436  38656 2131432   0    0     0    52 8487 12991 44 52 4  0  0  0
 4  0      0 108996  38668 2131572   0    0     0    64 8922 13908 41 55 4  0  0  0
 9  0      0 105752  38668 2131800   0    0     0     0 8054 12333 42 55 3  0  0  0
17  0      0 103852  38668 2131880   0    0     0    52 9253 13931 44 52 3  0  0  0
 7  0      0 103152  38668 2132156   0    0     0     0 11147 18028 39 55 6 0  0  0
 7  0      0 102704  38668 2132428   0    0     0    40 9891 16007 41 56 3  0  0  0
procs -----------memory---------- ---swap-- -----io---- -system-- -------cpu-------
 r  b   swpd   free   buff  cache   si   so    bi    bo   in   cs us sy id wa st gu
 7  0      0 102012  38676 2132544   0    0     0    64 11402 17217 35 60 4 0  0  0
 7  0      0 102012  38688 2132832   0    0     0    60 11316 19530 41 53 6 0  0  0
 8  0      0 116460  38628 2123048   0    0     0  5148 11265 17973 38 56 6 0  0  0
 9  0      0 115836  38628 2123160   0    0     0    56 11721 21442 40 52 8 0  0  0
 8  0      0 114460  38628 2123352   0    0     0     0 8623 14056 43 54 3  0  0  0
 6  0      0 113508  38628 2123556   0    0     0    24 10965 17143 45 48 7 0  0  0
 3  0      0 112112  38636 2123820   0    0     0    76 10926 17255 38 56 7 0  0  0
15  0      0 110880  38648 2124016   0    0     0    84 11368 18972 37 54 9 0  0  0
10  0      0 110180  38648 2124128   0    0     0     0 11685 18200 40 55 5 0  0  0
14  0      0 109260  38648 2124360   0    0     0    16 11151 19048 41 53 6 0  0  0
 8  0      0 109036  38648 2124608   0    0     0    28 11575 20164 39 53 7 0  0  0
 5  0      0 108588  38648 2124752   0    0     0    20 9881 16544 41 51 7  0  0  0
 6  0      0 107640  38660 2124996   0    0     0   104 11994 19374 40 54 5 1  0  0
13  0      0 107416  38660 2125256   0    0     0    40 11489 20157 39 54 7 0  0  0
15  0      0 106968  38660 2125364   0    0     0    24 11362 19387 42 52 6 0  0  0
 5  0      0 106492  38660 2125568   0    0     0     0 12297 19605 42 51 7 0  0  0
 5  0      0 106244  38660 2125860   0    0     0    24 11725 19873 38 54 8 0  0  0
11  0      0 106020  38668 2125972   0    0     0    32 10977 17298 42 52 6 0  0  0
10  0      0 104876  38680 2126268   0    0     0   100 10853 16252 42 53 5 0  0  0
10  0      0 104652  38680 2126500   0    0     0    16 11551 18832 38 54 7 0  0  0
 9  0      0 104428  38680 2126632   0    0     0    24 11652 18400 39 55 6 0  0  0
procs -----------memory---------- ---swap-- -----io---- -system-- -------cpu-------
 r  b   swpd   free   buff  cache   si   so    bi    bo   in   cs us sy id wa st gu
10  0      0 103700  38680 2126828   0    0     0    24 11536 17531 38 55 8 0  0  0
 8  0      0 102720  38680 2127024   0    0     0    56 11750 19827 40 52 8 0  0  0
 4  0      0 102244  38700 2127340   0    0     0    84 12353 20277 37 56 7 0  0  0
18  0      0 101548  38700 2127440   0    0     0    24 11678 18528 41 52 7 0  0  0
16  0      0 116588  38700 2127632   0    0     0     0 10543 16538 43 53 4 0  0  0
 4  0      0 113152  38700 2127904   0    0     0    24 11254 17808 41 55 3 0  0  0
11  0      0 112420  38700 2127988   0    0     0     0 10984 17086 40 55 6 0  0  0
11  0      0 110996  38708 2128296   0    0     0  5324 10857 15546 42 54 5 0  0  0
 7  0      0 110548  38708 2128476   0    0     0    16 12207 19988 35 58 7 0  0  0
 7  0      0 110324  38720 2128696   0    0     0    60 12165 23583 36 54 10 0 0  0
10  0      0 109592  38720 2128936   0    0     0    24 10890 18790 41 53 6 0  0  0
 3  0      0 109116  38720 2129136   0    0     0    52 12098 19719 41 52 7 0  0  0
 7  0      0 108444  38720 2129320   0    0    12    32 11816 19191 38 55 7 0  0  0
16  0      0 108220  38732 2129580   0    0     0    60 11829 19689 38 54 8 0  0  0
 9  0      0 107996  38732 2129732   0    0     0     0 12088 19585 39 55 6 0  0  0
17  0      0 107300  38732 2129888   0    0     0    24 9909 16201 37 59 4  0  0  0
10  0      0 105848  38732 2130912   0    0   696   172 11171 17542 42 54 4 1  0  0
10  0      0 105172  38732 2131012   0    0     0    52 10625 17638 39 54 7 0  0  0
 8  0      0 105176  38740 2131312   0    0     0    56 11535 20103 37 53 9 0  0  0
 4  0      0 104984  38752 2131544   0    0     0    64 12136 19034 41 54 5 0  0  0
 9  0      0 104760  38752 2131644   0    0     0    24 13102 21689 38 52 10 0 0  0
procs -----------memory---------- ---swap-- -----io---- -system-- -------cpu-------
 r  b   swpd   free   buff  cache   si   so    bi    bo   in   cs us sy id wa st gu
 5  0      0 104284  38752 2131972   0    0     0    24 11457 19190 40 52 8 0  0  0
 9  0      0 103836  38752 2132180   0    0     0    56 12113 20250 35 53 12 0 0  0
 3  0      0 103388  38752 2132296   0    0     0    28 14634 25211 34 52 14 0 0  0
 8  0      0 102128  38760 2132596   0    0     0    24 13477 23586 39 52 8 0  0  0
 8  0      0 101400  38772 2132784   0    0     0    72 13715 23256 34 55 10 0 0  0
15  0      0 100748  38772 2133016   0    0     0     0 14312 23823 33 55 12 0 0  0
 3  0      0 112904  38772 2133092   0    0     0    48 12491 23744 38 50 11 1 0  0
 2  0      0 112428  38772 2133228   0    0     0    16 12917 22744 39 54 8 0  0  0
 7  0      0 111204  38772 2133516   0    0     0    24 14465 26399 35 50 15 0 0  0
 5  0      0 110740  38780 2133724   0    0     0    32 8546 12656 39 57 4  0  0  0
11  0      0 108024  38792 2133932   0    0     0    88 12144 17955 44 51 5 0  0  0
 8  0      0 107552  38792 2134152   0    0     0  5352 12030 20407 37 55 7 0  0  0
 8  0      0 106852  38792 2134360   0    0     0    24 12200 20493 38 54 8 0  0  0
 6  0      0 106376  38792 2134568   0    0    12     0 13007 22223 42 50 8 0  0  0
 6  0      0 105456  38792 2134832   0    0     0    28 11276 17989 41 56 3 0  0  0
 9  0      0 104964  38800 2135024   0    0     0    64 12837 20354 40 50 10 0 0  0
 7  0      0 103288  38812 2135232   0    0     0    92 12412 20914 44 51 5 0  0  0
 8  0      0 102816  38812 2135440   0    0     0    16 13052 20778 37 55 8 0  0  0
 2  0      0 102592  38812 2135592   0    0     0    24 12413 21847 34 54 12 0 0  0
 7  0      0 102120  38812 2135840   0    0     0     0 12550 20093 38 54 8 0  0  0
 3  0      0 102120  38812 2136060   0    0     0    52 13285 23269 40 50 10 0 0  0
procs -----------memory---------- ---swap-- -----io---- -system-- -------cpu-------
 r  b   swpd   free   buff  cache   si   so    bi    bo   in   cs us sy id wa st gu
 3  0      0 101448  38824 2136288   0    0     0    92 11536 17285 42 53 5 0  0  0
 2  0      0 101448  38824 2136492   0    0     0    24 12426 22658 37 51 12 0 0  0
 8  0      0 101224  38824 2136712   0    0     0     0 13570 24226 38 54 7 0  0  0
 4  0      0 101224  38824 2136920   0    0     0    24 12091 19985 43 52 5 0  0  0
15  0      0 113248  38796 2132328   0    0     0     0 13528 23173 39 52 9 0  0  0
16  0      0 112536  38816 2132552   0    0     0   124 13186 21927 41 51 8 0  0  0
 7  0      0 112344  38816 2132748   0    0     0    16 12616 20525 39 54 7 0  0  0
 4  0      0 109348  38816 2132956   0    0     0     4 12977 20249 43 50 7 0  0  0
 9  0      0 108400  38816 2133168   0    0     0    20 12665 20858 36 56 8 0  0  0
16  0      0 107700  38816 2133392   0    0     0    24 11754 19082 43 54 3 0  0  0
 8  0      0 107480  38828 2133612   0    0     0   124 12963 21647 36 53 11 0 0  0
 3  0      0 107008  38828 2133804   0    0     0     0 12363 19808 37 55 9 0  0  0
 9  0      0 106308  38828 2134028   0    0     0    24 12707 19800 43 52 5 0  0  0
 9  0      0 106056  38828 2134228   0    0     0     0 13426 23200 35 53 12 0 0  0
 7  0      0 105832  38828 2134436   0    0     0    24 12178 20783 35 58 7 0  0  0
 6  0      0 104352  38836 2134644   0    0     0    64 11856 19003 42 54 4 0  0  0
 6  0      0 103876  38836 2134852   0    0     0    40 13900 22761 34 53 12 0 0  0
 7  0      0 103428  38836 2135072   0    0     0     0 13351 23721 35 54 11 0 0  0
11  0      0 102704  38848 2135268   0    0     0    60 12147 21691 36 54 9 0  0  0
 4  0      0 102704  38848 2135500   0    0     0     0 13605 20975 40 53 7 0  0  0
 9  0      0 101472  38848 2135688   0    0     0   108 13327 22717 35 55 10 0 0  0
procs -----------memory---------- ---swap-- -----io---- -system-- -------cpu-------
 r  b   swpd   free   buff  cache   si   so    bi    bo   in   cs us sy id wa st gu
 7  0      0 101252  38848 2135900   0    0     0  6264 13041 21194 35 55 10 0 0  0
 4  0      0 101252  38860 2136140   0    0    28    68 11744 19797 39 55 5 0  0  0
12  0      0 112072  38832 2131552   0    0     0     0 11354 19532 41 54 5 0  0  0
 9  0      0 111848  38832 2131768   0    0     0    24 13292 22084 38 53 8 0  0  0
 3  0      0 110644  38832 2131964   0    0     0     0 12203 22566 34 55 11 0 0  0
11  0      0 110420  38832 2132132   0    0     0   124 10965 18520 38 54 9 0  0  0
 3  0      0 109220  38840 2132352   0    0     0    68 12766 19667 39 55 6 0  0  0
 3  0      0 108720  38840 2132556   0    0     0    24 10483 16432 39 55 6 0  0  0
 7  0      0 107968  38840 2132784   0    0     0     0 13213 22002 37 52 10 0 0  0
 7  0      0 105740  38852 2132968   0    0     0   124 12827 20766 40 53 8 0  0  0
 6  0      0 105268  38852 2133200   0    0     0    20 12288 18523 36 57 7 0  0  0
 6  0      0 104568  38852 2133372   0    0     0    24 12023 18960 35 56 9 0  0  0
27  0      0 104344  38852 2133580   0    0     0     0 11360 18181 41 53 6 0  0  0
 2  0      0 103392  38864 2133828   0    0     0    72 13063 22890 39 54 7 0  0  0
 9  0      0 102220  38864 2134032   0    0     0     0 12334 21405 41 52 7 0  0  0
 9  0      0 101524  38864 2134240   0    0     0    68 11952 19649 40 52 8 0  0  0
 6  0      0 100852  38900 2134456   0    0     0   284 11463 20035 42 53 5 0  0  0
 7  0      0 112828  38872 2129844   0    0     0    72 11787 22253 37 55 8 0  0  0
 2  0      0 112676  38872 2130184   0    0   108     0 12450 22229 39 51 10 0 0  0
 9  0      0 111520  38884 2130368   0    0     0   124 12607 20753 37 55 8 0  0  0
11  0      0 111296  38884 2130576   0    0     0    24 11849 20017 37 54 9 0  0  0
procs -----------memory---------- ---swap-- -----io---- -system-- -------cpu-------
 r  b   swpd   free   buff  cache   si   so    bi    bo   in   cs us sy id wa st gu
11  0      0 108536  38884 2130788   0    0     0    28 10732 18274 40 56 5 0  0  0
 5  0      0 107836  38884 2130976   0    0     0     0 12214 21488 36 56 9 0  0  0
 6  0      0 107584  38884 2131192   0    0     0    24 11970 19848 42 52 6 0  0  0
 6  0      0 105852  38892 2131388   0    0     0    36 12924 22448 42 50 8 0  0  0
 3  0      0 105404  38904 2131588   0    0     0    96 13947 23292 38 51 11 0 0  0
 5  0      0 105180  38904 2131812   0    0     0     0 12639 22077 40 53 8 0  0  0
 3  0      0 104956  38904 2131984   0    0     0    24 12748 21452 39 51 9 0  0  0
 0  0      0 103448  38904 2131488   0    0     0     0 4197 6624 26 42 32  0  0  0
