Linux 6.6.95 (ssp-study) 	04/21/26 	_x86_64_	(2 CPU)

11:31:11        CPU     %user     %nice   %system   %iowait    %steal     %idle
11:31:12   [32;22m     all[0m[34;1m      2.06[0m[34;22m      0.00[0m[34;1m      3.09[0m[34;1m      0.52[0m[34;22m      0.00[0m[34;1m     94.33[0m
11:31:13   [32;22m     all[0m[34;1m      3.57[0m[34;22m      0.00[0m[34;1m      5.61[0m[34;1m      1.53[0m[34;22m      0.00[0m[34;1m     89.29[0m
11:31:14   [32;22m     all[0m[34;1m      2.63[0m[34;22m      0.00[0m[34;1m      3.68[0m[34;1m      0.53[0m[34;22m      0.00[0m[34;1m     93.16[0m
11:31:15   [32;22m     all[0m[34;1m      3.63[0m[34;22m      0.00[0m[34;1m      4.15[0m[34;22m      0.00[0m[34;22m      0.00[0m[34;1m     92.23[0m
11:31:16   [32;22m     all[0m[34;1m      2.12[0m[34;22m      0.00[0m[34;1m      3.70[0m[34;22m      0.00[0m[34;22m      0.00[0m[34;1m     94.18[0m
11:31:17   [32;22m     all[0m[34;1m      4.19[0m[34;22m      0.00[0m[34;1m      4.71[0m[34;1m      1.05[0m[34;22m      0.00[0m[34;1m     90.05[0m
11:31:18   [32;22m     all[0m[34;1m      4.21[0m[34;22m      0.00[0m[34;1m      5.79[0m[34;22m      0.00[0m[34;22m      0.00[0m[34;1m     90.00[0m
11:31:19   [32;22m     all[0m[34;1m      4.21[0m[34;22m      0.00[0m[34;1m      5.79[0m[34;22m      0.00[0m[34;22m      0.00[0m[34;1m     90.00[0m
11:31:20   [32;22m     all[0m[34;1m      5.85[0m[34;22m      0.00[0m[34;1m      6.91[0m[34;22m      0.00[0m[34;22m      0.00[0m[34;1m     87.23[0m
11:31:21   [32;22m     all[0m[34;1m      5.38[0m[34;22m      0.00[0m[34;1m      8.60[0m[34;1m      1.08[0m[34;22m      0.00[0m[34;1m     84.95[0m
11:31:22   [32;22m     all[0m[34;1m      9.34[0m[34;22m      0.00[0m[34;1m      9.89[0m[34;22m      0.00[0m[34;22m      0.00[0m[34;1m     80.77[0m
11:31:23   [32;22m     all[0m[34;1m      7.57[0m[34;22m      0.00[0m[34;1m     10.81[0m[34;22m      0.00[0m[34;22m      0.00[0m[34;1m     81.62[0m
11:31:24   [32;22m     all[0m[34;1m      5.41[0m[34;22m      0.00[0m[34;1m      9.19[0m[34;1m      0.54[0m[34;22m      0.00[0m[34;1m     84.86[0m
11:31:25   [32;22m     all[0m[34;1m      6.45[0m[34;22m      0.00[0m[34;1m     11.29[0m[34;1m      1.08[0m[34;22m      0.00[0m[34;1m     81.18[0m
11:31:26   [32;22m     all[0m[34;1m      7.45[0m[34;22m      0.00[0m[34;1m      9.57[0m[34;1m      1.06[0m[34;22m      0.00[0m[34;1m     81.91[0m
11:31:27   [32;22m     all[0m[34;1m      5.43[0m[34;22m      0.00[0m[34;1m      8.70[0m[34;22m      0.00[0m[34;22m      0.00[0m[34;1m     85.87[0m
11:31:28   [32;22m     all[0m[34;1m      7.03[0m[34;22m      0.00[0m[34;1m     10.27[0m[34;1m      0.54[0m[34;22m      0.00[0m[34;1m     82.16[0m
11:31:29   [32;22m     all[0m[34;1m      6.88[0m[34;22m      0.00[0m[34;1m      8.99[0m[34;22m      0.00[0m[34;22m      0.00[0m[34;1m     84.13[0m
11:31:30   [32;22m     all[0m[34;1m      8.94[0m[34;22m      0.00[0m[34;1m     13.41[0m[34;1m      0.56[0m[34;22m      0.00[0m[34;1m     77.09[0m
11:31:31   [32;22m     all[0m[34;1m      9.29[0m[34;22m      0.00[0m[34;1m     12.02[0m[34;22m      0.00[0m[34;22m      0.00[0m[34;1m     78.69[0m
11:31:32   [32;22m     all[0m[34;1m      8.11[0m[34;22m      0.00[0m[34;1m     11.35[0m[34;22m      0.00[0m[34;22m      0.00[0m[34;1m     80.54[0m
11:31:33   [32;22m     all[0m[34;1m     11.48[0m[34;22m      0.00[0m[34;1m     14.21[0m[34;1m      2.19[0m[34;22m      0.00[0m[34;1m     72.13[0m
11:31:34   [32;22m     all[0m[34;1m      9.63[0m[34;22m      0.00[0m[34;1m     16.04[0m[34;22m      0.00[0m[34;22m      0.00[0m[34;1m     74.33[0m
11:31:35   [32;22m     all[0m[34;1m     10.33[0m[34;22m      0.00[0m[34;1m     14.67[0m[34;22m      0.00[0m[34;22m      0.00[0m[34;1m     75.00[0m
11:31:36   [32;22m     all[0m[34;1m      7.65[0m[34;22m      0.00[0m[34;1m     13.11[0m[34;22m      0.00[0m[34;22m      0.00[0m[34;1m     79.23[0m
11:31:37   [32;22m     all[0m[34;1m     12.09[0m[34;22m      0.00[0m[34;1m     16.48[0m[34;1m      1.10[0m[34;22m      0.00[0m[34;1m     70.33[0m
11:31:38   [32;22m     all[0m[34;1m     10.93[0m[34;22m      0.00[0m[34;1m     15.85[0m[34;22m      0.00[0m[34;22m      0.00[0m[34;1m     73.22[0m
11:31:39   [32;22m     all[0m[34;1m      9.44[0m[34;22m      0.00[0m[34;1m     15.56[0m[34;1m      0.56[0m[34;22m      0.00[0m[34;1m     74.44[0m
11:31:40   [32;22m     all[0m[34;1m     10.00[0m[34;22m      0.00[0m[34;1m     16.67[0m[34;1m      0.56[0m[34;22m      0.00[0m[34;1m     72.78[0m
11:31:41   [32;22m     all[0m[34;1m      8.65[0m[34;22m      0.00[0m[34;1m     19.46[0m[34;22m      0.00[0m[34;22m      0.00[0m[34;1m     71.89[0m
11:31:42   [32;22m     all[0m[34;1m      9.29[0m[34;22m      0.00[0m[34;1m     16.39[0m[34;22m      0.00[0m[34;22m      0.00[0m[34;1m     74.32[0m
11:31:43   [32;22m     all[0m[34;1m     10.27[0m[34;22m      0.00[0m[34;1m     15.14[0m[34;1m      1.08[0m[34;22m      0.00[0m[34;1m     73.51[0m
11:31:44   [32;22m     all[0m[34;1m     11.41[0m[34;22m      0.00[0m[34;1m     17.39[0m[34;1m      0.54[0m[34;22m      0.00[0m[34;1m     70.65[0m
11:31:45   [32;22m     all[0m[34;1m     12.29[0m[34;22m      0.00[0m[34;1m     18.99[0m[34;1m      0.56[0m[34;22m      0.00[0m[34;1m     68.16[0m
11:31:46   [32;22m     all[0m[34;1m     11.05[0m[34;22m      0.00[0m[34;1m     21.55[0m[34;22m      0.00[0m[34;22m      0.00[0m[34;1m     67.40[0m
11:31:47   [32;22m     all[0m[34;1m     11.67[0m[34;22m      0.00[0m[34;1m     18.33[0m[34;22m      0.00[0m[34;22m      0.00[0m[34;1m     70.00[0m
11:31:48   [32;22m     all[0m[34;1m      9.78[0m[34;22m      0.00[0m[34;1m     19.02[0m[34;1m      0.54[0m[34;22m      0.00[0m[34;1m     70.65[0m
11:31:49   [32;22m     all[0m[34;1m      7.57[0m[34;22m      0.00[0m[34;1m     14.05[0m[34;22m      0.00[0m[34;22m      0.00[0m[34;1m     78.38[0m
11:31:50   [32;22m     all[0m[34;1m      9.29[0m[34;22m      0.00[0m[34;1m     15.30[0m[34;22m      0.00[0m[34;22m      0.00[0m[34;1m     75.41[0m
11:31:51   [32;22m     all[0m[34;1m      8.02[0m[34;22m      0.00[0m[34;1m     16.04[0m[34;22m      0.00[0m[34;22m      0.00[0m[34;1m     75.94[0m
11:31:52   [32;22m     all[0m[34;1m     13.59[0m[34;22m      0.00[0m[34;1m     18.48[0m[34;1m      1.09[0m[34;22m      0.00[0m[34;1m     66.85[0m
11:31:53   [32;22m     all[0m[34;1m     10.99[0m[34;22m      0.00[0m[34;1m     18.68[0m[34;1m      2.20[0m[34;22m      0.00[0m[34;1m     68.13[0m
11:31:54   [32;22m     all[0m[34;1m     11.41[0m[34;22m      0.00[0m[34;1m     17.39[0m[34;1m      0.54[0m[34;22m      0.00[0m[34;1m     70.65[0m
11:31:55   [32;22m     all[0m[34;1m      9.24[0m[34;22m      0.00[0m[34;1m     17.93[0m[34;1m      1.09[0m[34;22m      0.00[0m[34;1m     71.74[0m
11:31:56   [32;22m     all[0m[34;1m     10.22[0m[34;22m      0.00[0m[34;1m     18.82[0m[34;1m      1.08[0m[34;22m      0.00[0m[34;1m     69.89[0m
11:31:57   [32;22m     all[0m[34;1m     10.44[0m[34;22m      0.00[0m[34;1m     20.33[0m[34;1m      0.55[0m[34;22m      0.00[0m[34;1m     68.68[0m
11:31:58   [32;22m     all[0m[34;1m     11.29[0m[34;22m      0.00[0m[34;1m     17.20[0m[34;22m      0.00[0m[34;22m      0.00[0m[34;1m     71.51[0m
11:31:59   [32;22m     all[0m[34;1m     10.61[0m[34;22m      0.00[0m[34;1m     17.32[0m[34;1m      0.56[0m[34;22m      0.00[0m[34;1m     71.51[0m
11:32:00   [32;22m     all[0m[34;1m     12.97[0m[34;22m      0.00[0m[34;1m     20.00[0m[34;22m      0.00[0m[34;22m      0.00[0m[34;1m     67.03[0m
11:32:01   [32;22m     all[0m[34;1m      7.69[0m[34;22m      0.00[0m[34;1m     13.19[0m[34;1m      0.55[0m[34;22m      0.00[0m[34;1m     78.57[0m
11:32:02   [32;22m     all[0m[34;1m      7.53[0m[34;22m      0.00[0m[34;1m     16.13[0m[34;22m      0.00[0m[34;22m      0.00[0m[34;1m     76.34[0m
11:32:03   [32;22m     all[0m[34;1m      9.94[0m[34;22m      0.00[0m[34;1m     18.23[0m[34;22m      0.00[0m[34;22m      0.00[0m[34;1m     71.82[0m
11:32:04   [32;22m     all[0m[34;1m     10.44[0m[34;22m      0.00[0m[34;1m     20.88[0m[34;1m      0.55[0m[34;22m      0.00[0m[34;1m     68.13[0m
11:32:05   [32;22m     all[0m[34;1m      9.50[0m[34;22m      0.00[0m[34;1m     17.88[0m[34;22m      0.00[0m[34;22m      0.00[0m[34;1m     72.63[0m
11:32:06   [32;22m     all[0m[34;1m      9.89[0m[34;22m      0.00[0m[34;1m     19.23[0m[34;22m      0.00[0m[34;22m      0.00[0m[34;1m     70.88[0m
11:32:07   [32;22m     all[0m[34;1m     14.44[0m[34;22m      0.00[0m[34;1m     20.00[0m[34;1m      0.56[0m[34;22m      0.00[0m[34;1m     65.00[0m
11:32:08   [32;22m     all[0m[34;1m      9.89[0m[34;22m      0.00[0m[34;1m     18.68[0m[34;22m      0.00[0m[34;22m      0.00[0m[34;1m     71.43[0m
11:32:09   [32;22m     all[0m[34;1m      9.78[0m[34;22m      0.00[0m[34;1m     16.85[0m[34;22m      0.00[0m[34;22m      0.00[0m[34;1m     73.37[0m
11:32:10   [32;22m     all[0m[34;1m     10.29[0m[34;22m      0.00[0m[34;1m     16.00[0m[34;22m      0.00[0m[34;22m      0.00[0m[34;1m     73.71[0m
11:32:11   [32;22m     all[0m[34;1m      8.79[0m[34;22m      0.00[0m[34;1m     15.38[0m[34;22m      0.00[0m[34;22m      0.00[0m[34;1m     75.82[0m
11:32:12   [32;22m     all[0m[34;1m      9.34[0m[34;22m      0.00[0m[34;1m     19.23[0m[34;22m      0.00[0m[34;22m      0.00[0m[34;1m     71.43[0m
11:32:13   [32;22m     all[0m[34;1m      8.70[0m[34;22m      0.00[0m[34;1m     15.76[0m[34;22m      0.00[0m[34;22m      0.00[0m[34;1m     75.54[0m
11:32:14   [32;22m     all[0m[34;1m      9.14[0m[34;22m      0.00[0m[34;1m     15.59[0m[34;22m      0.00[0m[34;22m      0.00[0m[34;1m     75.27[0m
11:32:15   [32;22m     all[0m[34;1m      9.19[0m[34;22m      0.00[0m[34;1m     15.68[0m[34;22m      0.00[0m[34;22m      0.00[0m[34;1m     75.14[0m
11:32:16   [32;22m     all[0m[34;1m      7.73[0m[34;22m      0.00[0m[34;1m     14.92[0m[34;22m      0.00[0m[34;22m      0.00[0m[34;1m     77.35[0m
11:32:17   [32;22m     all[0m[34;1m      9.24[0m[34;22m      0.00[0m[34;1m     15.76[0m[34;22m      0.00[0m[34;22m      0.00[0m[34;1m     75.00[0m
11:32:18   [32;22m     all[0m[34;1m      9.94[0m[34;22m      0.00[0m[34;1m     19.34[0m[34;1m      0.55[0m[34;22m      0.00[0m[34;1m     70.17[0m
11:32:19   [32;22m     all[0m[34;1m     10.56[0m[34;22m      0.00[0m[34;1m     18.89[0m[34;22m      0.00[0m[34;22m      0.00[0m[34;1m     70.56[0m
11:32:20   [32;22m     all[0m[34;1m      9.19[0m[34;22m      0.00[0m[34;1m     16.76[0m[34;1m      1.62[0m[34;22m      0.00[0m[34;1m     72.43[0m
11:32:21   [32;22m     all[0m[34;1m      7.61[0m[34;22m      0.00[0m[34;1m     16.85[0m[34;1m      1.09[0m[34;22m      0.00[0m[34;1m     74.46[0m
11:32:22   [32;22m     all[0m[34;1m     14.13[0m[34;22m      0.00[0m[34;1m     16.85[0m[34;1m      1.09[0m[34;22m      0.00[0m[34;1m     67.93[0m
11:32:23   [32;22m     all[0m[34;1m      8.94[0m[34;22m      0.00[0m[34;1m     16.20[0m[34;22m      0.00[0m[34;22m      0.00[0m[34;1m     74.86[0m
11:32:24   [32;22m     all[0m[34;1m     10.67[0m[34;22m      0.00[0m[34;1m     20.79[0m[34;1m      0.56[0m[34;22m      0.00[0m[34;1m     67.98[0m
11:32:25   [32;22m     all[0m[34;1m     11.67[0m[34;22m      0.00[0m[34;1m     21.11[0m[34;22m      0.00[0m[34;22m      0.00[0m[34;1m     67.22[0m
11:32:26   [32;22m     all[0m[34;1m      8.56[0m[34;22m      0.00[0m[34;1m     14.44[0m[34;22m      0.00[0m[34;22m      0.00[0m[34;1m     77.01[0m
11:32:27   [32;22m     all[0m[34;1m     10.93[0m[34;22m      0.00[0m[34;1m     17.49[0m[34;1m      0.55[0m[34;22m      0.00[0m[34;1m     71.04[0m
11:32:28   [32;22m     all[0m[34;1m     10.56[0m[34;22m      0.00[0m[34;1m     22.22[0m[34;1m      0.56[0m[34;22m      0.00[0m[34;1m     66.67[0m
11:32:29   [32;22m     all[0m[34;1m     10.67[0m[34;22m      0.00[0m[34;1m     20.22[0m[34;1m      0.56[0m[34;22m      0.00[0m[34;1m     68.54[0m
11:32:30   [32;22m     all[0m[34;1m      9.94[0m[34;22m      0.00[0m[34;1m     17.68[0m[34;22m      0.00[0m[34;22m      0.00[0m[34;1m     72.38[0m
11:32:31   [32;22m     all[0m[34;1m     11.05[0m[34;22m      0.00[0m[34;1m     19.89[0m[34;22m      0.00[0m[34;22m      0.00[0m[34;1m     69.06[0m
11:32:32   [32;22m     all[0m[34;1m     10.81[0m[34;22m      0.00[0m[34;1m     20.00[0m[34;22m      0.00[0m[34;22m      0.00[0m[34;1m     69.19[0m
11:32:33   [32;22m     all[0m[34;1m      8.84[0m[34;22m      0.00[0m[34;1m     19.89[0m[34;22m      0.00[0m[34;22m      0.00[0m[34;1m     71.27[0m
11:32:34   [32;22m     all[0m[34;1m     12.09[0m[34;22m      0.00[0m[34;1m     19.78[0m[34;1m      0.55[0m[34;22m      0.00[0m[34;1m     67.58[0m
11:32:35   [32;22m     all[0m[34;1m      9.39[0m[34;22m      0.00[0m[34;1m     18.78[0m[34;22m      0.00[0m[34;22m      0.00[0m[34;1m     71.82[0m
11:32:36   [32;22m     all[0m[34;1m      8.15[0m[34;22m      0.00[0m[34;1m     16.85[0m[34;22m      0.00[0m[34;22m      0.00[0m[34;1m     75.00[0m
11:32:37   [32;22m     all[0m[34;1m     11.54[0m[34;22m      0.00[0m[34;1m     20.33[0m[34;22m      0.00[0m[34;22m      0.00[0m[34;1m     68.13[0m
11:32:38   [32;22m     all[0m[34;1m      9.19[0m[34;22m      0.00[0m[34;1m     15.68[0m[34;22m      0.00[0m[34;22m      0.00[0m[34;1m     75.14[0m
11:32:39   [32;22m     all[0m[34;1m      8.51[0m[34;22m      0.00[0m[34;1m     15.96[0m[34;1m      0.53[0m[34;22m      0.00[0m[34;1m     75.00[0m
11:32:40   [32;22m     all[0m[34;1m      9.94[0m[34;22m      0.00[0m[34;1m     18.78[0m[34;1m      0.55[0m[34;22m      0.00[0m[34;1m     70.72[0m
11:32:41   [32;22m     all[0m[34;1m      8.74[0m[34;22m      0.00[0m[34;1m     18.03[0m[34;22m      0.00[0m[34;22m      0.00[0m[34;1m     73.22[0m
11:32:42   [32;22m     all[0m[34;1m      9.84[0m[34;22m      0.00[0m[34;1m     16.94[0m[34;22m      0.00[0m[34;22m      0.00[0m[34;1m     73.22[0m
11:32:43   [32;22m     all[0m[34;1m      8.29[0m[34;22m      0.00[0m[34;1m     17.13[0m[34;22m      0.00[0m[34;22m      0.00[0m[34;1m     74.59[0m
11:32:44   [32;22m     all[0m[34;1m     11.24[0m[34;22m      0.00[0m[34;1m     21.35[0m[34;22m      0.00[0m[34;22m      0.00[0m[34;1m     67.42[0m
11:32:45   [32;22m     all[0m[34;1m      9.29[0m[34;22m      0.00[0m[34;1m     19.67[0m[34;22m      0.00[0m[34;22m      0.00[0m[34;1m     71.04[0m
11:32:46   [32;22m     all[0m[34;1m      9.89[0m[34;22m      0.00[0m[34;1m     21.43[0m[34;22m      0.00[0m[34;22m      0.00[0m[34;1m     68.68[0m
11:32:47   [32;22m     all[0m[34;1m     11.24[0m[34;22m      0.00[0m[34;1m     20.79[0m[34;22m      0.00[0m[34;22m      0.00[0m[34;1m     67.98[0m
11:32:48   [32;22m     all[0m[34;1m      8.79[0m[34;22m      0.00[0m[34;1m     15.38[0m[34;1m      1.10[0m[34;22m      0.00[0m[34;1m     74.73[0m
11:32:49   [32;22m     all[0m[34;1m      9.19[0m[34;22m      0.00[0m[34;1m     14.59[0m[34;22m      0.00[0m[34;22m      0.00[0m[34;1m     76.22[0m
11:32:50   [32;22m     all[0m[34;1m      9.29[0m[34;22m      0.00[0m[34;1m     13.66[0m[34;22m      0.00[0m[34;22m      0.00[0m[34;1m     77.05[0m
11:32:51   [32;22m     all[0m[34;1m      8.89[0m[34;22m      0.00[0m[34;1m     17.78[0m[34;22m      0.00[0m[34;22m      0.00[0m[34;1m     73.33[0m
11:32:52   [32;22m     all[0m[34;1m     11.60[0m[34;22m      0.00[0m[34;1m     17.68[0m[34;22m      0.00[0m[34;22m      0.00[0m[34;1m     70.72[0m
11:32:53   [32;22m     all[0m[34;1m     12.36[0m[34;22m      0.00[0m[34;1m     21.35[0m[34;22m      0.00[0m[34;22m      0.00[0m[34;1m     66.29[0m
11:32:54   [32;22m     all[0m[34;1m     10.93[0m[34;22m      0.00[0m[34;1m     21.86[0m[34;22m      0.00[0m[34;22m      0.00[0m[34;1m     67.21[0m
11:32:55   [32;22m     all[0m[34;1m     11.11[0m[34;22m      0.00[0m[34;1m     18.33[0m[34;22m      0.00[0m[34;22m      0.00[0m[34;1m     70.56[0m
11:32:56   [32;22m     all[0m[34;1m      9.89[0m[34;22m      0.00[0m[34;1m     20.33[0m[34;22m      0.00[0m[34;22m      0.00[0m[34;1m     69.78[0m
11:32:57   [32;22m     all[0m[34;1m      8.65[0m[34;22m      0.00[0m[34;1m     14.59[0m[34;22m      0.00[0m[34;22m      0.00[0m[34;1m     76.76[0m
11:32:58   [32;22m     all[0m[34;1m      7.65[0m[34;22m      0.00[0m[34;1m     18.03[0m[34;1m      0.55[0m[34;22m      0.00[0m[34;1m     73.77[0m
11:32:59   [32;22m     all[0m[34;1m      9.24[0m[34;22m      0.00[0m[34;1m     17.93[0m[34;22m      0.00[0m[34;22m      0.00[0m[34;1m     72.83[0m
11:33:00   [32;22m     all[0m[34;1m     12.71[0m[34;22m      0.00[0m[34;1m     19.89[0m[34;22m      0.00[0m[34;22m      0.00[0m[34;1m     67.40[0m
11:33:01   [32;22m     all[0m[34;1m      9.29[0m[34;22m      0.00[0m[34;1m     18.58[0m[34;22m      0.00[0m[34;22m      0.00[0m[34;1m     72.13[0m
11:33:02   [32;22m     all[0m[34;1m     11.11[0m[34;22m      0.00[0m[34;1m     20.56[0m[34;22m      0.00[0m[34;22m      0.00[0m[34;1m     68.33[0m
11:33:03   [32;22m     all[0m[34;1m     10.56[0m[34;22m      0.00[0m[34;1m     21.67[0m[34;22m      0.00[0m[34;22m      0.00[0m[34;1m     67.78[0m
11:33:04   [32;22m     all[0m[34;1m     12.02[0m[34;22m      0.00[0m[34;1m     19.67[0m[34;1m      1.09[0m[34;22m      0.00[0m[34;1m     67.21[0m
11:33:05   [32;22m     all[0m[34;1m     13.48[0m[34;22m      0.00[0m[34;1m     23.03[0m[34;22m      0.00[0m[34;22m      0.00[0m[34;1m     63.48[0m
11:33:06   [32;22m     all[0m[34;1m     12.22[0m[34;22m      0.00[0m[34;1m     21.11[0m[34;22m      0.00[0m[34;22m      0.00[0m[34;1m     66.67[0m
11:33:07   [32;22m     all[0m[34;1m     14.53[0m[34;22m      0.00[0m[34;1m     17.88[0m[34;22m      0.00[0m[34;22m      0.00[0m[34;1m     67.60[0m
11:33:08   [32;22m     all[0m[34;1m     12.43[0m[34;22m      0.00[0m[34;1m     20.00[0m[34;1m      0.54[0m[34;22m      0.00[0m[34;1m     67.03[0m
11:33:09   [32;22m     all[0m[34;1m     11.05[0m[34;22m      0.00[0m[34;1m     16.57[0m[34;22m      0.00[0m[34;22m      0.00[0m[34;1m     72.38[0m
11:33:10   [32;22m     all[0m[34;1m     12.92[0m[34;22m      0.00[0m[34;1m     23.03[0m[34;22m      0.00[0m[34;22m      0.00[0m[34;1m     64.04[0m
11:33:11   [32;22m     all[0m[34;1m     10.38[0m[34;22m      0.00[0m[34;1m     16.39[0m[34;22m      0.00[0m[34;22m      0.00[0m[34;1m     73.22[0m
11:33:12   [32;22m     all[0m[34;1m     12.29[0m[34;22m      0.00[0m[34;1m     19.55[0m[34;22m      0.00[0m[34;22m      0.00[0m[34;1m     68.16[0m
11:33:13   [32;22m     all[0m[34;1m     12.36[0m[34;22m      0.00[0m[34;1m     23.03[0m[34;22m      0.00[0m[34;22m      0.00[0m[34;1m     64.61[0m
11:33:14   [32;22m     all[0m[34;1m     11.89[0m[34;22m      0.00[0m[34;1m     21.08[0m[34;22m      0.00[0m[34;22m      0.00[0m[34;1m     67.03[0m
11:33:15   [32;22m     all[0m[34;1m     10.33[0m[34;22m      0.00[0m[34;1m     21.20[0m[34;22m      0.00[0m[34;22m      0.00[0m[34;1m     68.48[0m
11:33:16   [32;22m     all[0m[34;1m      9.94[0m[34;22m      0.00[0m[34;1m     18.23[0m[34;1m      0.55[0m[34;22m      0.00[0m[34;1m     71.27[0m
11:33:17   [32;22m     all[0m[34;1m     10.93[0m[34;22m      0.00[0m[34;1m     21.86[0m[34;22m      0.00[0m[34;22m      0.00[0m[34;1m     67.21[0m
11:33:18   [32;22m     all[0m[34;1m      9.89[0m[34;22m      0.00[0m[34;1m     19.23[0m[34;22m      0.00[0m[34;22m      0.00[0m[34;1m     70.88[0m
11:33:19   [32;22m     all[0m[34;1m     11.41[0m[34;22m      0.00[0m[34;1m     21.74[0m[34;22m      0.00[0m[34;22m      0.00[0m[34;1m     66.85[0m
11:33:20   [32;22m     all[0m[34;1m      9.68[0m[34;22m      0.00[0m[34;1m     19.35[0m[34;22m      0.00[0m[34;22m      0.00[0m[34;1m     70.97[0m
11:33:21   [32;22m     all[0m[34;1m      8.15[0m[34;22m      0.00[0m[34;1m     16.85[0m[34;22m      0.00[0m[34;22m      0.00[0m[34;1m     75.00[0m
11:33:22   [32;22m     all[0m[34;1m     13.04[0m[34;22m      0.00[0m[34;1m     17.93[0m[34;22m      0.00[0m[34;22m      0.00[0m[34;1m     69.02[0m
11:33:23   [32;22m     all[0m[34;1m     12.36[0m[34;22m      0.00[0m[34;1m     22.47[0m[34;22m      0.00[0m[34;22m      0.00[0m[34;1m     65.17[0m
11:33:24   [32;22m     all[0m[34;1m     13.89[0m[34;22m      0.00[0m[34;1m     23.89[0m[34;1m      0.56[0m[34;22m      0.00[0m[34;1m     61.67[0m
11:33:25   [32;22m     all[0m[34;1m     11.17[0m[34;22m      0.00[0m[34;1m     19.55[0m[34;22m      0.00[0m[34;22m      0.00[0m[34;1m     69.27[0m
11:33:26   [32;22m     all[0m[34;1m      8.84[0m[34;22m      0.00[0m[34;1m     16.02[0m[34;1m      0.55[0m[34;22m      0.00[0m[34;1m     74.59[0m
11:33:27   [32;22m     all[0m[34;1m      9.44[0m[34;22m      0.00[0m[34;1m     18.33[0m[34;22m      0.00[0m[34;22m      0.00[0m[34;1m     72.22[0m
11:33:28   [32;22m     all[0m[34;1m     10.38[0m[34;22m      0.00[0m[34;1m     16.94[0m[34;22m      0.00[0m[34;22m      0.00[0m[34;1m     72.68[0m
11:33:29   [32;22m     all[0m[34;1m      6.49[0m[34;22m      0.00[0m[34;1m     16.22[0m[34;1m      0.54[0m[34;22m      0.00[0m[34;1m     76.76[0m
11:33:30   [32;22m     all[0m[34;1m     10.61[0m[34;22m      0.00[0m[34;1m     16.76[0m[34;22m      0.00[0m[34;22m      0.00[0m[34;1m     72.63[0m
11:33:31   [32;22m     all[0m[34;1m      9.94[0m[34;22m      0.00[0m[34;1m     20.99[0m[34;22m      0.00[0m[34;22m      0.00[0m[34;1m     69.06[0m
11:33:32   [32;22m     all[0m[34;1m      7.10[0m[34;22m      0.00[0m[34;1m     15.30[0m[34;22m      0.00[0m[34;22m      0.00[0m[34;1m     77.60[0m
11:33:33   [32;22m     all[0m[34;1m     10.61[0m[34;22m      0.00[0m[34;1m     20.67[0m[34;1m      0.56[0m[34;22m      0.00[0m[34;1m     68.16[0m
11:33:34   [32;22m     all[0m[34;1m     10.67[0m[34;22m      0.00[0m[34;1m     18.54[0m[34;22m      0.00[0m[34;22m      0.00[0m[34;1m     70.79[0m
11:33:35   [32;22m     all[0m[34;1m      8.94[0m[34;22m      0.00[0m[34;1m     16.76[0m[34;22m      0.00[0m[34;22m      0.00[0m[34;1m     74.30[0m
11:33:36   [32;22m     all[0m[34;1m     10.50[0m[34;22m      0.00[0m[34;1m     23.20[0m[34;22m      0.00[0m[34;22m      0.00[0m[34;1m     66.30[0m
11:33:37   [32;22m     all[0m[34;1m     13.48[0m[34;22m      0.00[0m[34;1m     21.91[0m[34;22m      0.00[0m[34;22m      0.00[0m[34;1m     64.61[0m
11:33:38   [32;22m     all[0m[34;1m      9.94[0m[34;22m      0.00[0m[34;1m     20.44[0m[34;22m      0.00[0m[34;22m      0.00[0m[34;1m     69.61[0m
11:33:39   [32;22m     all[0m[34;1m     11.60[0m[34;22m      0.00[0m[34;1m     19.89[0m[34;22m      0.00[0m[34;22m      0.00[0m[34;1m     68.51[0m
11:33:40   [32;22m     all[0m[34;1m      8.84[0m[34;22m      0.00[0m[34;1m     16.57[0m[34;22m      0.00[0m[34;22m      0.00[0m[34;1m     74.59[0m
11:33:41   [32;22m     all[0m[34;1m      9.34[0m[34;22m      0.00[0m[34;1m     14.29[0m[34;22m      0.00[0m[34;22m      0.00[0m[34;1m     76.37[0m
11:33:42   [32;22m     all[0m[34;1m      9.89[0m[34;22m      0.00[0m[34;1m     18.68[0m[34;22m      0.00[0m[34;22m      0.00[0m[34;1m     71.43[0m
11:33:43   [32;22m     all[0m[34;1m     10.44[0m[34;22m      0.00[0m[34;1m     14.84[0m[34;22m      0.00[0m[34;22m      0.00[0m[34;1m     74.73[0m
11:33:44   [32;22m     all[0m[34;1m     10.27[0m[34;22m      0.00[0m[34;1m     18.92[0m[34;22m      0.00[0m[34;22m      0.00[0m[34;1m     70.81[0m
11:33:45   [32;22m     all[0m[34;1m     10.99[0m[34;22m      0.00[0m[34;1m     19.78[0m[34;22m      0.00[0m[34;22m      0.00[0m[34;1m     69.23[0m
11:33:46   [32;22m     all[0m[34;1m     10.93[0m[34;22m      0.00[0m[34;1m     20.77[0m[34;22m      0.00[0m[34;22m      0.00[0m[34;1m     68.31[0m
11:33:47   [32;22m     all[0m[34;1m      9.89[0m[34;22m      0.00[0m[34;1m     19.23[0m[34;22m      0.00[0m[34;22m      0.00[0m[34;1m     70.88[0m
11:33:48   [32;22m     all[0m[34;1m     13.33[0m[34;22m      0.00[0m[34;1m     22.22[0m[34;1m      1.11[0m[34;22m      0.00[0m[34;1m     63.33[0m
11:33:49   [32;22m     all[0m[34;1m     12.57[0m[34;22m      0.00[0m[34;1m     18.03[0m[34;22m      0.00[0m[34;22m      0.00[0m[34;1m     69.40[0m
11:33:50   [32;22m     all[0m[34;1m     11.11[0m[34;22m      0.00[0m[34;1m     19.44[0m[34;22m      0.00[0m[34;22m      0.00[0m[34;1m     69.44[0m
11:33:51   [32;22m     all[0m[34;1m     10.87[0m[34;22m      0.00[0m[34;1m     18.48[0m[34;22m      0.00[0m[34;22m      0.00[0m[34;1m     70.65[0m
11:33:52   [32;22m     all[0m[34;1m     16.94[0m[34;22m      0.00[0m[34;1m     16.94[0m[34;22m      0.00[0m[34;22m      0.00[0m[34;1m     66.12[0m
11:33:53   [32;22m     all[0m[34;1m     11.30[0m[34;22m      0.00[0m[34;1m     20.90[0m[34;1m      0.56[0m[34;22m      0.00[0m[34;1m     67.23[0m
11:33:54   [32;22m     all[0m[34;1m     10.33[0m[34;22m      0.00[0m[34;1m     22.83[0m[34;22m      0.00[0m[34;22m      0.00[0m[34;1m     66.85[0m
11:33:55   [32;22m     all[0m[34;1m     10.93[0m[34;22m      0.00[0m[34;1m     18.03[0m[34;22m      0.00[0m[34;22m      0.00[0m[34;1m     71.04[0m
11:33:56   [32;22m     all[0m[34;1m     11.11[0m[34;22m      0.00[0m[34;1m     22.22[0m[34;22m      0.00[0m[34;22m      0.00[0m[34;1m     66.67[0m
11:33:57   [32;22m     all[0m[34;1m     10.93[0m[34;22m      0.00[0m[34;1m     21.31[0m[34;22m      0.00[0m[34;22m      0.00[0m[34;1m     67.76[0m
11:33:58   [32;22m     all[0m[34;1m     11.60[0m[34;22m      0.00[0m[34;1m     19.34[0m[34;1m      0.55[0m[34;22m      0.00[0m[34;1m     68.51[0m
11:33:59   [32;22m     all[0m[34;1m     10.00[0m[34;22m      0.00[0m[34;1m     22.22[0m[34;22m      0.00[0m[34;22m      0.00[0m[34;1m     67.78[0m
11:34:00   [32;22m     all[0m[34;1m     12.64[0m[34;22m      0.00[0m[34;1m     20.88[0m[34;22m      0.00[0m[34;22m      0.00[0m[34;1m     66.48[0m
11:34:01   [32;22m     all[0m[34;1m     10.56[0m[34;22m      0.00[0m[34;1m     20.56[0m[34;22m      0.00[0m[34;22m      0.00[0m[34;1m     68.89[0m
11:34:02   [32;22m     all[0m[34;1m     10.93[0m[34;22m      0.00[0m[34;1m     18.58[0m[34;22m      0.00[0m[34;22m      0.00[0m[34;1m     70.49[0m
11:34:03   [32;22m     all[0m[34;1m     11.41[0m[34;22m      0.00[0m[34;1m     20.65[0m[34;22m      0.00[0m[34;22m      0.00[0m[34;1m     67.93[0m
11:34:04   [32;22m     all[0m[34;1m     12.92[0m[34;22m      0.00[0m[34;1m     23.03[0m[34;22m      0.00[0m[34;22m      0.00[0m[34;1m     64.04[0m
11:34:05   [32;22m     all[0m[34;1m     10.81[0m[34;22m      0.00[0m[34;1m     22.16[0m[34;22m      0.00[0m[34;22m      0.00[0m[34;1m     67.03[0m
11:34:06   [32;22m     all[0m[34;1m     12.92[0m[34;22m      0.00[0m[34;1m     21.91[0m[34;22m      0.00[0m[34;22m      0.00[0m[34;1m     65.17[0m
11:34:07   [32;22m     all[0m[34;1m     11.73[0m[34;22m      0.00[0m[34;1m     19.55[0m[34;22m      0.00[0m[34;22m      0.00[0m[34;1m     68.72[0m
11:34:08   [32;22m     all[0m[34;1m     11.54[0m[34;22m      0.00[0m[34;1m     22.53[0m[34;22m      0.00[0m[34;22m      0.00[0m[34;1m     65.93[0m
11:34:09   [32;22m     all[0m[34;1m      9.34[0m[34;22m      0.00[0m[34;1m     14.84[0m[34;22m      0.00[0m[34;22m      0.00[0m[34;1m     75.82[0m
11:34:10   [32;22m     all[0m[34;1m      9.34[0m[34;22m      0.00[0m[34;1m     15.93[0m[34;22m      0.00[0m[34;22m      0.00[0m[34;1m     74.73[0m
11:34:11   [32;22m     all[0m[34;1m     11.49[0m[34;22m      0.00[0m[34;1m     19.54[0m[34;22m      0.00[0m[34;22m      0.00[0m[34;1m     68.97[0m
11:34:12   [32;22m     all[0m[34;1m     11.60[0m[34;22m      0.00[0m[34;1m     22.65[0m[34;22m      0.00[0m[34;22m      0.00[0m[34;1m     65.75[0m
11:34:13   [32;22m     all[0m[34;1m     10.80[0m[34;22m      0.00[0m[34;1m     20.45[0m[34;22m      0.00[0m[34;22m      0.00[0m[34;1m     68.75[0m
11:34:14   [32;22m     all[0m[34;1m     11.67[0m[34;22m      0.00[0m[34;1m     19.44[0m[34;22m      0.00[0m[34;22m      0.00[0m[34;1m     68.89[0m
11:34:15   [32;22m     all[0m[34;1m      9.89[0m[34;22m      0.00[0m[34;1m     15.38[0m[34;22m      0.00[0m[34;22m      0.00[0m[34;1m     74.73[0m
11:34:16   [32;22m     all[0m[34;1m      8.84[0m[34;22m      0.00[0m[34;1m     14.36[0m[34;22m      0.00[0m[34;22m      0.00[0m[34;1m     76.80[0m
11:34:17   [32;22m     all[0m[34;1m      9.84[0m[34;22m      0.00[0m[34;1m     16.39[0m[34;22m      0.00[0m[34;22m      0.00[0m[34;1m     73.77[0m
11:34:18   [32;22m     all[0m[34;1m     11.86[0m[34;22m      0.00[0m[34;1m     19.77[0m[34;22m      0.00[0m[34;22m      0.00[0m[34;1m     68.36[0m
11:34:19   [32;22m     all[0m[34;1m     11.05[0m[34;22m      0.00[0m[34;1m     20.44[0m[34;22m      0.00[0m[34;22m      0.00[0m[34;1m     68.51[0m
11:34:20   [32;22m     all[0m[34;1m     12.97[0m[34;22m      0.00[0m[34;1m     18.38[0m[34;22m      0.00[0m[34;22m      0.00[0m[34;1m     68.65[0m
11:34:21   [32;22m     all[0m[34;1m     10.67[0m[34;22m      0.00[0m[34;1m     19.66[0m[34;22m      0.00[0m[34;22m      0.00[0m[34;1m     69.66[0m
11:34:22   [32;22m     all[0m[34;1m     12.36[0m[34;22m      0.00[0m[34;1m     23.03[0m[34;1m      0.56[0m[34;22m      0.00[0m[34;1m     64.04[0m
11:34:23   [32;22m     all[0m[34;1m     13.26[0m[34;22m      0.00[0m[34;1m     22.65[0m[34;1m      1.10[0m[34;22m      0.00[0m[34;1m     62.98[0m
11:34:24   [32;22m     all[0m[34;1m     11.60[0m[34;22m      0.00[0m[34;1m     21.55[0m[34;22m      0.00[0m[34;22m      0.00[0m[34;1m     66.85[0m
11:34:25   [32;22m     all[0m[34;1m     12.64[0m[34;22m      0.00[0m[34;1m     19.78[0m[34;22m      0.00[0m[34;22m      0.00[0m[34;1m     67.58[0m
11:34:26   [32;22m     all[0m[34;1m     10.50[0m[34;22m      0.00[0m[34;1m     16.57[0m[34;22m      0.00[0m[34;22m      0.00[0m[34;1m     72.93[0m
11:34:27   [32;22m     all[0m[34;1m     13.51[0m[34;22m      0.00[0m[34;1m     20.00[0m[34;1m      0.54[0m[34;22m      0.00[0m[34;1m     65.95[0m
11:34:28   [32;22m     all[0m[34;1m     11.67[0m[34;22m      0.00[0m[34;1m     20.56[0m[34;22m      0.00[0m[34;22m      0.00[0m[34;1m     67.78[0m
11:34:29   [32;22m     all[0m[34;1m     10.44[0m[34;22m      0.00[0m[34;1m     19.23[0m[34;1m      0.55[0m[34;22m      0.00[0m[34;1m     69.78[0m
11:34:30   [32;22m     all[0m[34;1m     13.89[0m[34;22m      0.00[0m[34;1m     23.89[0m[34;22m      0.00[0m[34;22m      0.00[0m[34;1m     62.22[0m
11:34:31   [32;22m     all[0m[34;1m     11.41[0m[34;22m      0.00[0m[34;1m     20.65[0m[34;1m      0.54[0m[34;22m      0.00[0m[34;1m     67.39[0m
11:34:32   [32;22m     all[0m[34;1m     12.22[0m[34;22m      0.00[0m[34;1m     20.00[0m[34;22m      0.00[0m[34;22m      0.00[0m[34;1m     67.78[0m
11:34:33   [32;22m     all[0m[34;1m     14.53[0m[34;22m      0.00[0m[34;1m     22.91[0m[34;22m      0.00[0m[34;22m      0.00[0m[34;1m     62.57[0m
11:34:34   [32;22m     all[0m[34;1m     12.15[0m[34;22m      0.00[0m[34;1m     18.78[0m[34;22m      0.00[0m[34;22m      0.00[0m[34;1m     69.06[0m
11:34:35   [32;22m     all[0m[34;1m      9.94[0m[34;22m      0.00[0m[34;1m     19.34[0m[34;22m      0.00[0m[34;22m      0.00[0m[34;1m     70.72[0m
11:34:36   [32;22m     all[0m[34;1m      9.57[0m[34;22m      0.00[0m[34;1m     17.55[0m[34;22m      0.00[0m[34;22m      0.00[0m[34;1m     72.87[0m
11:34:37   [32;22m     all[0m[34;1m     10.93[0m[34;22m      0.00[0m[34;1m     18.58[0m[34;22m      0.00[0m[34;22m      0.00[0m[34;1m     70.49[0m
11:34:38   [32;22m     all[0m[34;1m     11.67[0m[34;22m      0.00[0m[34;1m     19.44[0m[34;22m      0.00[0m[34;22m      0.00[0m[34;1m     68.89[0m
11:34:39   [32;22m     all[0m[34;1m     11.11[0m[34;22m      0.00[0m[34;1m     18.89[0m[34;22m      0.00[0m[34;22m      0.00[0m[34;1m     70.00[0m
11:34:40   [32;22m     all[0m[34;1m     10.99[0m[34;22m      0.00[0m[34;1m     18.13[0m[34;22m      0.00[0m[34;22m      0.00[0m[34;1m     70.88[0m
11:34:41   [32;22m     all[0m[34;1m      9.44[0m[34;22m      0.00[0m[34;1m     18.89[0m[34;22m      0.00[0m[34;22m      0.00[0m[34;1m     71.67[0m
11:34:42   [32;22m     all[0m[34;1m     10.22[0m[34;22m      0.00[0m[34;1m     18.82[0m[34;22m      0.00[0m[34;22m      0.00[0m[34;1m     70.97[0m
11:34:43   [32;22m     all[0m[34;1m     11.60[0m[34;22m      0.00[0m[34;1m     20.99[0m[34;22m      0.00[0m[34;22m      0.00[0m[34;1m     67.40[0m
11:34:44   [32;22m     all[0m[34;1m     11.29[0m[34;22m      0.00[0m[34;1m     19.89[0m[34;22m      0.00[0m[34;22m      0.00[0m[34;1m     68.82[0m
11:34:45   [32;22m     all[0m[34;1m     10.56[0m[34;22m      0.00[0m[34;1m     21.11[0m[34;22m      0.00[0m[34;22m      0.00[0m[34;1m     68.33[0m
11:34:46   [32;22m     all[0m[34;1m     10.50[0m[34;22m      0.00[0m[34;1m     18.23[0m[34;22m      0.00[0m[34;22m      0.00[0m[34;1m     71.27[0m
11:34:47   [32;22m     all[0m[34;1m      8.74[0m[34;22m      0.00[0m[34;1m     17.49[0m[34;22m      0.00[0m[34;22m      0.00[0m[34;1m     73.77[0m
11:34:48   [32;22m     all[0m[34;1m      9.24[0m[34;22m      0.00[0m[34;1m     17.93[0m[34;1m      0.54[0m[34;22m      0.00[0m[34;1m     72.28[0m
11:34:49   [32;22m     all[0m[34;1m     10.50[0m[34;22m      0.00[0m[34;1m     19.89[0m[34;22m      0.00[0m[34;22m      0.00[0m[34;1m     69.61[0m
11:34:50   [32;22m     all[0m[34;1m      9.66[0m[34;22m      0.00[0m[34;1m     18.75[0m[34;22m      0.00[0m[34;22m      0.00[0m[34;1m     71.59[0m
11:34:51   [32;22m     all[0m[34;1m     10.50[0m[34;22m      0.00[0m[34;1m     18.78[0m[34;22m      0.00[0m[34;22m      0.00[0m[34;1m     70.72[0m
11:34:52   [32;22m     all[0m[34;1m     14.04[0m[34;22m      0.00[0m[34;1m     19.66[0m[34;22m      0.00[0m[34;22m      0.00[0m[34;1m     66.29[0m
11:34:53   [32;22m     all[0m[34;1m      9.84[0m[34;22m      0.00[0m[34;1m     19.67[0m[34;22m      0.00[0m[34;22m      0.00[0m[34;1m     70.49[0m
11:34:54   [32;22m     all[0m[34;1m      8.94[0m[34;22m      0.00[0m[34;1m     16.76[0m[34;22m      0.00[0m[34;22m      0.00[0m[34;1m     74.30[0m
11:34:55   [32;22m     all[0m[34;1m      8.29[0m[34;22m      0.00[0m[34;1m     16.57[0m[34;22m      0.00[0m[34;22m      0.00[0m[34;1m     75.14[0m
11:34:56   [32;22m     all[0m[34;1m      9.34[0m[34;22m      0.00[0m[34;1m     20.33[0m[34;22m      0.00[0m[34;22m      0.00[0m[34;1m     70.33[0m
11:34:57   [32;22m     all[0m[34;1m      9.29[0m[34;22m      0.00[0m[34;1m     19.67[0m[34;22m      0.00[0m[34;22m      0.00[0m[34;1m     71.04[0m
11:34:58   [32;22m     all[0m[34;1m     11.05[0m[34;22m      0.00[0m[34;1m     19.34[0m[34;22m      0.00[0m[34;22m      0.00[0m[34;1m     69.61[0m
11:34:59   [32;22m     all[0m[34;1m      9.94[0m[34;22m      0.00[0m[34;1m     17.68[0m[34;22m      0.00[0m[34;22m      0.00[0m[34;1m     72.38[0m
11:35:00   [32;22m     all[0m[34;1m     12.00[0m[34;22m      0.00[0m[34;1m     20.00[0m[34;22m      0.00[0m[34;22m      0.00[0m[34;1m     68.00[0m
11:35:01   [32;22m     all[0m[34;1m      9.34[0m[34;22m      0.00[0m[34;1m     17.58[0m[34;22m      0.00[0m[34;22m      0.00[0m[34;1m     73.08[0m
11:35:02   [32;22m     all[0m[34;1m     11.05[0m[34;22m      0.00[0m[34;1m     17.68[0m[34;22m      0.00[0m[34;22m      0.00[0m[34;1m     71.27[0m
11:35:03   [32;22m     all[0m[34;1m     12.64[0m[34;22m      0.00[0m[34;1m     19.23[0m[34;22m      0.00[0m[34;22m      0.00[0m[34;1m     68.13[0m
11:35:04   [32;22m     all[0m[34;1m     11.54[0m[34;22m      0.00[0m[34;1m     17.58[0m[34;1m      0.55[0m[34;22m      0.00[0m[34;1m     70.33[0m
11:35:05   [32;22m     all[0m[34;1m     12.09[0m[34;22m      0.00[0m[34;1m     20.33[0m[34;22m      0.00[0m[34;22m      0.00[0m[34;1m     67.58[0m
11:35:06   [32;22m     all[0m[34;1m     10.50[0m[34;22m      0.00[0m[34;1m     17.68[0m[34;22m      0.00[0m[34;22m      0.00[0m[34;1m     71.82[0m
11:35:07   [32;22m     all[0m[34;1m     11.60[0m[34;22m      0.00[0m[34;1m     20.99[0m[34;22m      0.00[0m[34;22m      0.00[0m[34;1m     67.40[0m
11:35:08   [32;22m     all[0m[34;1m      9.39[0m[34;22m      0.00[0m[34;1m     20.99[0m[34;1m      1.10[0m[34;22m      0.00[0m[34;1m     68.51[0m
11:35:09   [32;22m     all[0m[34;1m     12.15[0m[34;22m      0.00[0m[34;1m     19.89[0m[34;22m      0.00[0m[34;22m      0.00[0m[34;1m     67.96[0m
11:35:10   [32;22m     all[0m[34;1m     11.67[0m[34;22m      0.00[0m[34;1m     20.00[0m[34;22m      0.00[0m[34;22m      0.00[0m[34;1m     68.33[0m
11:35:11   [32;22m     all[0m[34;1m     11.11[0m[34;22m      0.00[0m[34;1m     21.11[0m[34;22m      0.00[0m[34;22m      0.00[0m[34;1m     67.78[0m
11:35:12   [32;22m     all[0m[34;1m      9.68[0m[34;22m      0.00[0m[34;1m     17.74[0m[34;22m      0.00[0m[34;22m      0.00[0m[34;1m     72.58[0m
11:35:13   [32;22m     all[0m[34;1m     11.17[0m[34;22m      0.00[0m[34;1m     21.23[0m[34;22m      0.00[0m[34;22m      0.00[0m[34;1m     67.60[0m
11:35:14   [32;22m     all[0m[34;1m     12.64[0m[34;22m      0.00[0m[34;1m     20.88[0m[34;22m      0.00[0m[34;22m      0.00[0m[34;1m     66.48[0m
11:35:15   [32;22m     all[0m[34;1m      8.11[0m[34;22m      0.00[0m[34;1m     16.76[0m[34;22m      0.00[0m[34;22m      0.00[0m[34;1m     75.14[0m
11:35:16   [32;22m     all[0m[34;1m      9.78[0m[34;22m      0.00[0m[34;1m     16.85[0m[34;22m      0.00[0m[34;22m      0.00[0m[34;1m     73.37[0m
11:35:17   [32;22m     all[0m[34;1m      9.94[0m[34;22m      0.00[0m[34;1m     19.34[0m[34;22m      0.00[0m[34;22m      0.00[0m[34;1m     70.72[0m
11:35:18   [32;22m     all[0m[34;1m     10.99[0m[34;22m      0.00[0m[34;1m     20.88[0m[34;22m      0.00[0m[34;22m      0.00[0m[34;1m     68.13[0m
11:35:19   [32;22m     all[0m[34;1m     10.93[0m[34;22m      0.00[0m[34;1m     20.77[0m[34;22m      0.00[0m[34;22m      0.00[0m[34;1m     68.31[0m
11:35:20   [32;22m     all[0m[34;1m     13.26[0m[34;22m      0.00[0m[34;1m     20.44[0m[34;22m      0.00[0m[34;22m      0.00[0m[34;1m     66.30[0m
11:35:21   [32;22m     all[0m[34;1m     11.96[0m[34;22m      0.00[0m[34;1m     22.28[0m[34;22m      0.00[0m[34;22m      0.00[0m[34;1m     65.76[0m
11:35:22   [32;22m     all[0m[34;1m     11.24[0m[34;22m      0.00[0m[34;1m     20.79[0m[34;22m      0.00[0m[34;22m      0.00[0m[34;1m     67.98[0m
11:35:23   [32;22m     all[0m[34;1m     12.22[0m[34;22m      0.00[0m[34;1m     20.56[0m[34;22m      0.00[0m[34;22m      0.00[0m[34;1m     67.22[0m
11:35:24   [32;22m     all[0m[34;1m     11.05[0m[34;22m      0.00[0m[34;1m     22.65[0m[34;22m      0.00[0m[34;22m      0.00[0m[34;1m     66.30[0m
11:35:25   [32;22m     all[0m[34;1m     10.44[0m[34;22m      0.00[0m[34;1m     19.78[0m[34;22m      0.00[0m[34;22m      0.00[0m[34;1m     69.78[0m
11:35:26   [32;22m     all[0m[34;1m      9.89[0m[34;22m      0.00[0m[34;1m     18.13[0m[34;1m      1.10[0m[34;22m      0.00[0m[34;1m     70.88[0m
11:35:27   [32;22m     all[0m[34;1m     10.61[0m[34;22m      0.00[0m[34;1m     22.35[0m[34;22m      0.00[0m[34;22m      0.00[0m[34;1m     67.04[0m
11:35:28   [32;22m     all[0m[34;1m     10.11[0m[34;22m      0.00[0m[34;1m     21.91[0m[34;22m      0.00[0m[34;22m      0.00[0m[34;1m     67.98[0m
11:35:29   [32;22m     all[0m[34;1m      7.78[0m[34;22m      0.00[0m[34;1m     18.89[0m[34;22m      0.00[0m[34;22m      0.00[0m[34;1m     73.33[0m
11:35:30   [32;22m     all[0m[34;1m     14.20[0m[34;22m      0.00[0m[34;1m     23.30[0m[34;22m      0.00[0m[34;22m      0.00[0m[34;1m     62.50[0m
11:35:31   [32;22m     all[0m[34;1m     10.61[0m[34;22m      0.00[0m[34;1m     17.88[0m[34;22m      0.00[0m[34;22m      0.00[0m[34;1m     71.51[0m
11:35:32   [32;22m     all[0m[34;1m     10.44[0m[34;22m      0.00[0m[34;1m     21.98[0m[34;22m      0.00[0m[34;22m      0.00[0m[34;1m     67.58[0m
11:35:33   [32;22m     all[0m[34;1m     11.73[0m[34;22m      0.00[0m[34;1m     24.02[0m[34;22m      0.00[0m[34;22m      0.00[0m[34;1m     64.25[0m
11:35:34   [32;22m     all[0m[34;1m     11.17[0m[34;22m      0.00[0m[34;1m     21.23[0m[34;22m      0.00[0m[34;22m      0.00[0m[34;1m     67.60[0m
11:35:35   [32;22m     all[0m[34;1m     10.67[0m[34;22m      0.00[0m[34;1m     17.42[0m[34;22m      0.00[0m[34;22m      0.00[0m[34;1m     71.91[0m
11:35:36   [32;22m     all[0m[34;1m     10.17[0m[34;22m      0.00[0m[34;1m     18.64[0m[34;1m      0.56[0m[34;22m      0.00[0m[34;1m     70.62[0m
11:35:37   [32;22m     all[0m[34;1m      8.94[0m[34;22m      0.00[0m[34;1m     18.44[0m[34;22m      0.00[0m[34;22m      0.00[0m[34;1m     72.63[0m
11:35:38   [32;22m     all[0m[34;1m      8.89[0m[34;22m      0.00[0m[34;1m     17.22[0m[34;22m      0.00[0m[34;22m      0.00[0m[34;1m     73.89[0m
11:35:39   [32;22m     all[0m[34;1m     10.38[0m[34;22m      0.00[0m[34;1m     18.03[0m[34;22m      0.00[0m[34;22m      0.00[0m[34;1m     71.58[0m
11:35:40   [32;22m     all[0m[34;1m     10.50[0m[34;22m      0.00[0m[34;1m     14.36[0m[34;22m      0.00[0m[34;22m      0.00[0m[34;1m     75.14[0m
11:35:41   [32;22m     all[0m[34;1m     10.73[0m[34;22m      0.00[0m[34;1m     22.60[0m[34;22m      0.00[0m[34;22m      0.00[0m[34;1m     66.67[0m
11:35:42   [32;22m     all[0m[34;1m      9.94[0m[34;22m      0.00[0m[34;1m     20.44[0m[34;1m      0.55[0m[34;22m      0.00[0m[34;1m     69.06[0m
11:35:43   [32;22m     all[0m[34;1m      9.89[0m[34;22m      0.00[0m[34;1m     20.88[0m[34;22m      0.00[0m[34;22m      0.00[0m[34;1m     69.23[0m
11:35:44   [32;22m     all[0m[34;1m     14.04[0m[34;22m      0.00[0m[34;1m     21.35[0m[34;22m      0.00[0m[34;22m      0.00[0m[34;1m     64.61[0m
11:35:45   [32;22m     all[0m[34;1m     12.92[0m[34;22m      0.00[0m[34;1m     23.03[0m[34;22m      0.00[0m[34;22m      0.00[0m[34;1m     64.04[0m
11:35:46   [32;22m     all[0m[34;1m      8.84[0m[34;22m      0.00[0m[34;1m     16.57[0m[34;22m      0.00[0m[34;22m      0.00[0m[34;1m     74.59[0m
11:35:47   [32;22m     all[0m[34;1m     10.50[0m[34;22m      0.00[0m[34;1m     23.20[0m[34;1m      0.55[0m[34;22m      0.00[0m[34;1m     65.75[0m
11:35:48   [32;22m     all[0m[34;1m     12.64[0m[34;22m      0.00[0m[34;1m     21.98[0m[34;1m      1.65[0m[34;22m      0.00[0m[34;1m     63.74[0m
11:35:49   [32;22m     all[0m[34;1m     12.29[0m[34;22m      0.00[0m[34;1m     20.67[0m[34;1m      0.56[0m[34;22m      0.00[0m[34;1m     66.48[0m
11:35:50   [32;22m     all[0m[34;1m     11.67[0m[34;22m      0.00[0m[34;1m     20.00[0m[34;22m      0.00[0m[34;22m      0.00[0m[34;1m     68.33[0m
11:35:51   [32;22m     all[0m[34;1m     12.15[0m[34;22m      0.00[0m[34;1m     20.99[0m[34;22m      0.00[0m[34;22m      0.00[0m[34;1m     66.85[0m
11:35:52   [32;22m     all[0m[34;1m     16.85[0m[34;22m      0.00[0m[34;1m     18.54[0m[34;22m      0.00[0m[34;22m      0.00[0m[34;1m     64.61[0m
11:35:53   [32;22m     all[0m[34;1m     10.87[0m[34;22m      0.00[0m[34;1m     22.28[0m[34;22m      0.00[0m[34;22m      0.00[0m[34;1m     66.85[0m
11:35:54   [32;22m     all[0m[34;1m     11.67[0m[34;22m      0.00[0m[34;1m     16.11[0m[34;22m      0.00[0m[34;22m      0.00[0m[34;1m     72.22[0m
11:35:55   [32;22m     all[0m[34;1m     10.38[0m[34;22m      0.00[0m[34;1m     20.77[0m[34;22m      0.00[0m[34;22m      0.00[0m[34;1m     68.85[0m
11:35:56   [32;22m     all[0m[34;1m      9.34[0m[34;22m      0.00[0m[34;1m     19.23[0m[34;22m      0.00[0m[34;22m      0.00[0m[34;1m     71.43[0m
11:35:57   [32;22m     all[0m[34;1m     12.92[0m[34;22m      0.00[0m[34;1m     22.47[0m[34;22m      0.00[0m[34;22m      0.00[0m[34;1m     64.61[0m
11:35:58   [32;22m     all[0m[34;1m      9.89[0m[34;22m      0.00[0m[34;1m     18.13[0m[34;22m      0.00[0m[34;22m      0.00[0m[34;1m     71.98[0m
11:35:59   [32;22m     all[0m[34;1m      9.34[0m[34;22m      0.00[0m[34;1m     17.58[0m[34;22m      0.00[0m[34;22m      0.00[0m[34;1m     73.08[0m
11:36:00   [32;22m     all[0m[34;1m     13.51[0m[34;22m      0.00[0m[34;1m     21.08[0m[34;22m      0.00[0m[34;22m      0.00[0m[34;1m     65.41[0m
11:36:01   [32;22m     all[0m[34;1m      9.34[0m[34;22m      0.00[0m[34;1m     20.33[0m[34;22m      0.00[0m[34;22m      0.00[0m[34;1m     70.33[0m
11:36:02   [32;22m     all[0m[34;1m      9.39[0m[34;22m      0.00[0m[34;1m     19.89[0m[34;22m      0.00[0m[34;22m      0.00[0m[34;1m     70.72[0m
11:36:03   [32;22m     all[0m[34;1m     11.73[0m[34;22m      0.00[0m[34;1m     24.02[0m[34;22m      0.00[0m[34;22m      0.00[0m[34;1m     64.25[0m
11:36:04   [32;22m     all[0m[34;1m     12.90[0m[34;22m      0.00[0m[34;1m     21.51[0m[34;22m      0.00[0m[34;22m      0.00[0m[34;1m     65.59[0m
11:36:05   [32;22m     all[0m[34;1m      9.89[0m[34;22m      0.00[0m[34;1m     21.98[0m[34;22m      0.00[0m[34;22m      0.00[0m[34;1m     68.13[0m
11:36:06   [32;22m     all[0m[34;1m      9.89[0m[34;22m      0.00[0m[34;1m     18.13[0m[34;22m      0.00[0m[34;22m      0.00[0m[34;1m     71.98[0m
11:36:07   [32;22m     all[0m[34;1m     14.44[0m[34;22m      0.00[0m[34;1m     21.67[0m[34;22m      0.00[0m[34;22m      0.00[0m[34;1m     63.89[0m
11:36:08   [32;22m     all[0m[34;1m     11.60[0m[34;22m      0.00[0m[34;1m     18.78[0m[34;22m      0.00[0m[34;22m      0.00[0m[34;1m     69.61[0m
11:36:09   [32;22m     all[0m[34;1m      9.55[0m[34;22m      0.00[0m[34;1m     20.22[0m[34;22m      0.00[0m[34;22m      0.00[0m[34;1m     70.22[0m
11:36:10   [32;22m     all[0m[34;1m     10.93[0m[34;22m      0.00[0m[34;1m     24.04[0m[34;1m      0.55[0m[34;22m      0.00[0m[34;1m     64.48[0m
11:36:11   [32;22m     all[0m[34;1m      8.84[0m[34;22m      0.00[0m[34;1m     20.44[0m[34;22m      0.00[0m[34;22m      0.00[0m[34;1m     70.72[0m
11:36:12   [32;22m     all[0m[34;1m     10.56[0m[34;22m      0.00[0m[34;1m     23.33[0m[34;1m      0.56[0m[34;22m      0.00[0m[34;1m     65.56[0m
11:36:13   [32;22m     all[0m[34;1m      1.54[0m[34;22m      0.00[0m[34;1m      1.54[0m[34;22m      0.00[0m[34;22m      0.00[0m[34;1m     96.92[0m
