Linux 6.6.95 (ssp-study) 	04/21/26 	_x86_64_	(2 CPU)

11:31:11    kbmemfree   kbavail kbmemused  %memused kbbuffers  kbcached  kbcommit   %commit  kbactive   kbinact   kbdirty
11:31:12   [34;1m    115904[0m[34;1m   1101204[0m[34;1m    756496[0m[34;1m     24.92[0m[34;1m     50744[0m[34;1m   2022416[0m[34;1m   4513104[0m[31;1m    148.65[0m[34;1m    793320[0m[34;1m   1979104[0m[34;1m        64[0m
11:31:13   [34;1m    111612[0m[34;1m   1097232[0m[34;1m    760436[0m[34;1m     25.05[0m[34;1m     50744[0m[34;1m   2022708[0m[34;1m   4517776[0m[31;1m    148.81[0m[34;1m    793580[0m[34;1m   1982244[0m[34;1m        24[0m
11:31:14   [34;1m    110616[0m[34;1m   1096324[0m[34;1m    761288[0m[34;1m     25.08[0m[34;1m     50748[0m[34;1m   2022800[0m[34;1m   4517776[0m[31;1m    148.81[0m[34;1m    793640[0m[34;1m   1983264[0m[34;1m       112[0m
11:31:15   [34;1m    109356[0m[34;1m   1095164[0m[34;1m    762372[0m[34;1m     25.11[0m[34;1m     50748[0m[34;1m   2022876[0m[34;1m   4525968[0m[31;1m    149.08[0m[34;1m    793692[0m[34;1m   1985136[0m[34;1m       140[0m
11:31:16   [34;1m    107872[0m[34;1m   1093712[0m[34;1m    763748[0m[34;1m     25.16[0m[34;1m     50756[0m[34;1m   2022896[0m[34;1m   4525968[0m[31;1m    149.08[0m[34;1m    793692[0m[34;1m   1986532[0m[34;1m       168[0m
11:31:17   [34;1m    106136[0m[34;1m   1092136[0m[34;1m    765256[0m[34;1m     25.21[0m[34;1m     50756[0m[34;1m   2023048[0m[34;1m   4534548[0m[31;1m    149.36[0m[34;1m    793784[0m[34;1m   1987980[0m[34;1m       228[0m
11:31:18   [34;1m    102356[0m[34;1m   1088404[0m[34;1m    768916[0m[34;1m     25.33[0m[34;1m     50756[0m[34;1m   2023084[0m[34;1m   4547224[0m[31;1m    149.78[0m[34;1m    793784[0m[34;1m   1990332[0m[34;1m       264[0m
11:31:19   [34;1m    100088[0m[34;1m   1086244[0m[34;1m    770916[0m[34;1m     25.39[0m[34;1m     50756[0m[34;1m   2023184[0m[34;1m   4547224[0m[31;1m    149.78[0m[34;1m    793788[0m[34;1m   1991480[0m[34;1m       364[0m
11:31:20   [34;1m     99584[0m[34;1m   1085756[0m[34;1m    771328[0m[34;1m     25.41[0m[34;1m     50756[0m[34;1m   2023196[0m[34;1m   4551320[0m[31;1m    149.91[0m[34;1m    793784[0m[34;1m   1992832[0m[34;1m       376[0m
11:31:21   [34;1m    106864[0m[34;1m   1085392[0m[34;1m    771632[0m[34;1m     25.42[0m[34;1m     50612[0m[34;1m   2015684[0m[34;1m   4555416[0m[31;1m    150.05[0m[34;1m    791472[0m[34;1m   1989800[0m[34;1m       488[0m
11:31:22   [34;1m    104864[0m[34;1m   1083600[0m[34;1m    773388[0m[34;1m     25.47[0m[34;1m     50644[0m[34;1m   2015840[0m[34;1m   4555672[0m[31;1m    150.06[0m[34;1m    791584[0m[34;1m   1990956[0m[34;1m       576[0m
11:31:23   [34;1m    102848[0m[34;1m   1081660[0m[34;1m    775252[0m[34;1m     25.54[0m[34;1m     50644[0m[34;1m   2015908[0m[34;1m   4569112[0m[31;1m    150.50[0m[34;1m    791584[0m[34;1m   1993064[0m[34;1m       628[0m
11:31:24   [34;1m    101868[0m[34;1m   1080872[0m[34;1m    775896[0m[34;1m     25.56[0m[34;1m     50644[0m[34;1m   2016088[0m[34;1m   4569112[0m[31;1m    150.50[0m[34;1m    791632[0m[34;1m   1993812[0m[34;1m       760[0m
11:31:25   [34;1m    112540[0m[34;1m   1076884[0m[34;1m    779724[0m[34;1m     25.68[0m[34;1m     50344[0m[34;1m   2001724[0m[34;1m   4583708[0m[31;1m    150.98[0m[34;1m    787928[0m[34;1m   1987000[0m[34;1m       816[0m
11:31:26   [34;1m    110032[0m[34;1m   1074908[0m[34;1m    781628[0m[34;1m     25.75[0m[34;1m     50344[0m[34;1m   2002240[0m[34;1m   4588060[0m[31;1m    151.12[0m[34;1m    788272[0m[34;1m   1989088[0m[34;1m      1000[0m
11:31:27   [34;1m    107804[0m[34;1m   1072780[0m[34;1m    783700[0m[34;1m     25.81[0m[34;1m     50352[0m[34;1m   2002316[0m[34;1m   4588060[0m[31;1m    151.12[0m[34;1m    788308[0m[34;1m   1990620[0m[34;1m      1044[0m
11:31:28   [34;1m    105540[0m[34;1m   1070648[0m[34;1m    785708[0m[34;1m     25.88[0m[34;1m     50352[0m[34;1m   2002444[0m[34;1m   4588060[0m[31;1m    151.12[0m[34;1m    788308[0m[34;1m   1992620[0m[34;1m      1172[0m
11:31:29   [34;1m    105540[0m[34;1m   1070784[0m[34;1m    785468[0m[34;1m     25.87[0m[34;1m     50352[0m[34;1m   2002580[0m[34;1m   4583452[0m[31;1m    150.97[0m[34;1m    788324[0m[34;1m   1991864[0m[34;1m      1292[0m
11:31:30   [34;1m    104532[0m[34;1m   1070128[0m[34;1m    786032[0m[34;1m     25.89[0m[34;1m     50352[0m[34;1m   2002920[0m[34;1m   4587804[0m[31;1m    151.11[0m[34;1m    788440[0m[34;1m   1993516[0m[34;1m      1460[0m
11:31:31   [34;1m    103048[0m[34;1m   1068752[0m[34;1m    787380[0m[34;1m     25.93[0m[34;1m     50360[0m[34;1m   2002996[0m[34;1m   4587804[0m[31;1m    151.11[0m[34;1m    788460[0m[34;1m   1994572[0m[34;1m      1544[0m
11:31:32   [34;1m    101788[0m[34;1m   1067704[0m[34;1m    788316[0m[34;1m     25.97[0m[34;1m     50360[0m[34;1m   2003200[0m[34;1m   4587868[0m[31;1m    151.12[0m[34;1m    788468[0m[34;1m   1995812[0m[34;1m      1736[0m
11:31:33   [34;1m    113008[0m[34;1m   1065760[0m[34;1m    790112[0m[34;1m     26.02[0m[34;1m     50052[0m[34;1m   1990312[0m[34;1m   4587932[0m[31;1m    151.12[0m[34;1m    786484[0m[34;1m   1987312[0m[34;1m        40[0m
11:31:34   [34;1m    111760[0m[34;1m   1064668[0m[34;1m    791128[0m[34;1m     26.06[0m[34;1m     50052[0m[34;1m   1990484[0m[34;1m   4587996[0m[31;1m    151.12[0m[34;1m    786552[0m[34;1m   1988152[0m[34;1m       188[0m
11:31:35   [34;1m    108232[0m[34;1m   1061296[0m[34;1m    794444[0m[34;1m     26.17[0m[34;1m     50052[0m[34;1m   1990620[0m[34;1m   4592668[0m[31;1m    151.27[0m[34;1m    786556[0m[34;1m   1991412[0m[34;1m       328[0m
11:31:36   [34;1m    107000[0m[34;1m   1060268[0m[34;1m    795364[0m[34;1m     26.20[0m[34;1m     50060[0m[34;1m   1990804[0m[34;1m   4592924[0m[31;1m    151.28[0m[34;1m    786564[0m[34;1m   1992184[0m[34;1m       572[0m
11:31:37   [34;1m    105488[0m[34;1m   1059308[0m[34;1m    796192[0m[34;1m     26.23[0m[34;1m     50104[0m[34;1m   1991404[0m[34;1m   4592924[0m[31;1m    151.28[0m[34;1m    786572[0m[34;1m   1993624[0m[34;1m       816[0m
11:31:38   [34;1m    100728[0m[34;1m   1054804[0m[34;1m    800704[0m[34;1m     26.37[0m[34;1m     50104[0m[34;1m   1991564[0m[34;1m   4593500[0m[31;1m    151.30[0m[34;1m    786616[0m[34;1m   1996760[0m[34;1m       972[0m
11:31:39   [34;1m     99720[0m[34;1m   1053960[0m[34;1m    801452[0m[34;1m     26.40[0m[34;1m     50104[0m[34;1m   1991736[0m[34;1m   4594076[0m[31;1m    151.32[0m[34;1m    786616[0m[34;1m   1998076[0m[34;1m      1108[0m
11:31:40   [34;1m    112664[0m[34;1m   1053700[0m[34;1m    801684[0m[34;1m     26.41[0m[34;1m     49808[0m[34;1m   1978804[0m[34;1m   4598172[0m[31;1m    151.46[0m[34;1m    784140[0m[34;1m   1989360[0m[34;1m      1380[0m
11:31:41   [34;1m    110420[0m[34;1m   1051736[0m[34;1m    803304[0m[34;1m     26.46[0m[34;1m     49808[0m[34;1m   1979020[0m[34;1m   4598172[0m[31;1m    151.46[0m[34;1m    784148[0m[34;1m   1990852[0m[34;1m      1596[0m
11:31:42   [34;1m    108672[0m[34;1m   1050440[0m[34;1m    804564[0m[34;1m     26.50[0m[34;1m     49808[0m[34;1m   1979348[0m[34;1m   4598172[0m[31;1m    151.46[0m[34;1m    784212[0m[34;1m   1992360[0m[34;1m      1860[0m
11:31:43   [34;1m    105676[0m[34;1m   1047996[0m[34;1m    806920[0m[34;1m     26.58[0m[34;1m     49812[0m[34;1m   1979988[0m[34;1m   4602268[0m[31;1m    151.59[0m[34;1m    784620[0m[34;1m   1993552[0m[34;1m      2028[0m
11:31:44   [34;1m    102652[0m[34;1m   1045380[0m[34;1m    809544[0m[34;1m     26.66[0m[34;1m     49812[0m[34;1m   1980288[0m[34;1m   4602268[0m[31;1m    151.59[0m[34;1m    784668[0m[34;1m   1994288[0m[34;1m      2276[0m
11:31:45   [34;1m    101392[0m[34;1m   1044368[0m[34;1m    810536[0m[34;1m     26.70[0m[34;1m     49812[0m[34;1m   1980512[0m[34;1m   4607196[0m[31;1m    151.75[0m[34;1m    784752[0m[34;1m   1996564[0m[34;1m      2448[0m
11:31:46   [34;1m    101140[0m[34;1m   1044416[0m[34;1m    810352[0m[34;1m     26.69[0m[34;1m     49812[0m[34;1m   1980940[0m[34;1m   4607196[0m[31;1m    151.75[0m[34;1m    784828[0m[34;1m   1997036[0m[34;1m      2700[0m
11:31:47   [34;1m    100888[0m[34;1m   1044456[0m[34;1m    810480[0m[34;1m     26.70[0m[34;1m     49812[0m[34;1m   1981096[0m[34;1m   4607196[0m[31;1m    151.75[0m[34;1m    784924[0m[34;1m   1997724[0m[34;1m      2860[0m
11:31:48   [34;1m     99880[0m[34;1m   1043684[0m[34;1m    811244[0m[34;1m     26.72[0m[34;1m     49812[0m[34;1m   1981340[0m[34;1m   4607196[0m[31;1m    151.75[0m[34;1m    784968[0m[34;1m   1998684[0m[34;1m      3056[0m
11:31:49   [34;1m     99880[0m[34;1m   1043788[0m[34;1m    811040[0m[34;1m     26.71[0m[34;1m     49812[0m[34;1m   1981556[0m[34;1m   4602588[0m[31;1m    151.60[0m[34;1m    784972[0m[34;1m   1997308[0m[34;1m      3272[0m
11:31:50   [34;1m     99656[0m[34;1m   1043868[0m[34;1m    811068[0m[34;1m     26.72[0m[34;1m     49812[0m[34;1m   1981748[0m[34;1m   4602588[0m[31;1m    151.60[0m[34;1m    784972[0m[34;1m   1997512[0m[34;1m      3472[0m
11:31:51   [34;1m     99656[0m[34;1m   1044096[0m[34;1m    810720[0m[34;1m     26.70[0m[34;1m     49812[0m[34;1m   1982092[0m[34;1m   4602844[0m[31;1m    151.61[0m[34;1m    784972[0m[34;1m   1997816[0m[34;1m      3716[0m
11:31:52   [34;1m    113544[0m[34;1m   1045036[0m[34;1m    809864[0m[34;1m     26.68[0m[34;1m     49532[0m[34;1m   1969344[0m[34;1m   4602844[0m[31;1m    151.61[0m[34;1m    782660[0m[34;1m   1987704[0m[34;1m      3896[0m
11:31:53   [34;1m    112048[0m[34;1m   1044208[0m[34;1m    810648[0m[34;1m     26.70[0m[34;1m     49556[0m[34;1m   1970120[0m[34;1m   4602844[0m[31;1m    151.61[0m[34;1m    783128[0m[34;1m   1987964[0m[34;1m      4120[0m
11:31:54   [34;1m    111544[0m[34;1m   1044012[0m[34;1m    810840[0m[34;1m     26.71[0m[34;1m     49556[0m[34;1m   1970420[0m[34;1m   4602844[0m[31;1m    151.61[0m[34;1m    783180[0m[34;1m   1988476[0m[34;1m      4396[0m
11:31:55   [34;1m    110560[0m[34;1m   1043356[0m[34;1m    811540[0m[34;1m     26.73[0m[34;1m     49564[0m[34;1m   1970712[0m[34;1m   4602844[0m[31;1m    151.61[0m[34;1m    783308[0m[34;1m   1988992[0m[34;1m      4560[0m
11:31:56   [34;1m    110084[0m[34;1m   1043104[0m[34;1m    811904[0m[34;1m     26.74[0m[34;1m     49564[0m[34;1m   1970828[0m[34;1m   4602844[0m[31;1m    151.61[0m[34;1m    783364[0m[34;1m   1989532[0m[34;1m      4692[0m
11:31:57   [34;1m    110084[0m[34;1m   1043500[0m[34;1m    811480[0m[34;1m     26.73[0m[34;1m     49564[0m[34;1m   1971252[0m[34;1m   4602844[0m[31;1m    151.61[0m[34;1m    783484[0m[34;1m   1989600[0m[34;1m      4960[0m
11:31:58   [34;1m    109328[0m[34;1m   1042972[0m[34;1m    812080[0m[34;1m     26.75[0m[34;1m     49564[0m[34;1m   1971404[0m[34;1m   4602844[0m[31;1m    151.61[0m[34;1m    783488[0m[34;1m   1989976[0m[34;1m      5112[0m
11:31:59   [34;1m    109328[0m[34;1m   1043264[0m[34;1m    811708[0m[34;1m     26.74[0m[34;1m     49568[0m[34;1m   1971756[0m[34;1m   4602844[0m[31;1m    151.61[0m[34;1m    783488[0m[34;1m   1990288[0m[34;1m      5392[0m
11:32:00   [34;1m    108852[0m[34;1m   1043048[0m[34;1m    811940[0m[34;1m     26.74[0m[34;1m     49568[0m[34;1m   1972000[0m[34;1m   4611168[0m[31;1m    151.88[0m[34;1m    783492[0m[34;1m   1990288[0m[34;1m      5636[0m
11:32:01   [34;1m    108600[0m[34;1m   1043004[0m[34;1m    811948[0m[34;1m     26.74[0m[34;1m     49568[0m[34;1m   1972244[0m[34;1m   4611168[0m[31;1m    151.88[0m[34;1m    783492[0m[34;1m   1990568[0m[34;1m      5852[0m
11:32:02   [34;1m    108348[0m[34;1m   1042952[0m[34;1m    812036[0m[34;1m     26.75[0m[34;1m     49568[0m[34;1m   1972400[0m[34;1m   4611424[0m[31;1m    151.89[0m[34;1m    783492[0m[34;1m   1991148[0m[34;1m      6008[0m
11:32:03   [34;1m    106584[0m[34;1m   1041384[0m[34;1m    813680[0m[34;1m     26.80[0m[34;1m     49580[0m[34;1m   1972508[0m[34;1m   4611424[0m[31;1m    151.89[0m[34;1m    783592[0m[34;1m   1991392[0m[34;1m      6128[0m
11:32:04   [34;1m    106332[0m[34;1m   1041432[0m[34;1m    813492[0m[34;1m     26.79[0m[34;1m     49596[0m[34;1m   1972928[0m[34;1m   4611424[0m[31;1m    151.89[0m[34;1m    783728[0m[34;1m   1991980[0m[34;1m       220[0m
11:32:05   [34;1m    104096[0m[34;1m   1039372[0m[34;1m    815472[0m[34;1m     26.86[0m[34;1m     49596[0m[34;1m   1973144[0m[34;1m   4616032[0m[31;1m    152.04[0m[34;1m    783772[0m[34;1m   1993364[0m[34;1m       436[0m
11:32:06   [34;1m    103844[0m[34;1m   1039356[0m[34;1m    815440[0m[34;1m     26.86[0m[34;1m     49596[0m[34;1m   1973420[0m[34;1m   4616288[0m[31;1m    152.05[0m[34;1m    783772[0m[34;1m   1993652[0m[34;1m       712[0m
11:32:07   [34;1m    103844[0m[34;1m   1039652[0m[34;1m    815264[0m[34;1m     26.85[0m[34;1m     49636[0m[34;1m   1973548[0m[34;1m   4616288[0m[31;1m    152.05[0m[34;1m    783772[0m[34;1m   1994052[0m[34;1m       780[0m
11:32:08   [34;1m    101604[0m[34;1m   1037696[0m[34;1m    817224[0m[34;1m     26.92[0m[34;1m     49636[0m[34;1m   1973856[0m[34;1m   4616288[0m[31;1m    152.05[0m[34;1m    783804[0m[34;1m   1994624[0m[34;1m      1120[0m
11:32:09   [34;1m    100596[0m[34;1m   1036856[0m[34;1m    818156[0m[34;1m     26.95[0m[34;1m     49636[0m[34;1m   1973928[0m[34;1m   4611680[0m[31;1m    151.90[0m[34;1m    783812[0m[34;1m   1993308[0m[34;1m      1092[0m
11:32:10   [34;1m    100596[0m[34;1m   1037136[0m[34;1m    817824[0m[34;1m     26.94[0m[34;1m     49636[0m[34;1m   1974276[0m[34;1m   4611680[0m[31;1m    151.90[0m[34;1m    783808[0m[34;1m   1993704[0m[34;1m      1396[0m
11:32:11   [34;1m    100596[0m[34;1m   1037176[0m[34;1m    817768[0m[34;1m     26.94[0m[34;1m     49644[0m[34;1m   1974324[0m[34;1m   4611680[0m[31;1m    151.90[0m[34;1m    783808[0m[34;1m   1993864[0m[34;1m      1552[0m
11:32:12   [34;1m    100372[0m[34;1m   1037256[0m[34;1m    817660[0m[34;1m     26.93[0m[34;1m     49644[0m[34;1m   1974656[0m[34;1m   4611680[0m[31;1m    151.90[0m[34;1m    783816[0m[34;1m   1994344[0m[34;1m      1816[0m
11:32:13   [34;1m    100120[0m[34;1m   1037128[0m[34;1m    817820[0m[34;1m     26.94[0m[34;1m     49644[0m[34;1m   1974744[0m[34;1m   4611680[0m[31;1m    151.90[0m[34;1m    783816[0m[34;1m   1994324[0m[34;1m      1904[0m
11:32:14   [34;1m    100120[0m[34;1m   1037448[0m[34;1m    817548[0m[34;1m     26.93[0m[34;1m     49644[0m[34;1m   1975020[0m[34;1m   4611680[0m[31;1m    151.90[0m[34;1m    783816[0m[34;1m   1995128[0m[34;1m      2184[0m
11:32:15   [34;1m    100120[0m[34;1m   1037604[0m[34;1m    817312[0m[34;1m     26.92[0m[34;1m     49644[0m[34;1m   1975252[0m[34;1m   4611680[0m[31;1m    151.90[0m[34;1m    783816[0m[34;1m   1995236[0m[34;1m      2416[0m
11:32:16   [34;1m    100120[0m[34;1m   1037840[0m[34;1m    817080[0m[34;1m     26.91[0m[34;1m     49652[0m[34;1m   1975476[0m[34;1m   4611680[0m[31;1m    151.90[0m[34;1m    783824[0m[34;1m   1995384[0m[34;1m      2644[0m
11:32:17   [34;1m    100120[0m[34;1m   1037968[0m[34;1m    816988[0m[34;1m     26.91[0m[34;1m     49660[0m[34;1m   1975564[0m[34;1m   4611680[0m[31;1m    151.90[0m[34;1m    783824[0m[34;1m   1995524[0m[34;1m      2740[0m
11:32:18   [34;1m     99616[0m[34;1m   1037728[0m[34;1m    817208[0m[34;1m     26.92[0m[34;1m     49660[0m[34;1m   1975848[0m[34;1m   4611680[0m[31;1m    151.90[0m[34;1m    783832[0m[34;1m   1996152[0m[34;1m      3004[0m
11:32:19   [34;1m    118720[0m[34;1m   1043696[0m[34;1m    811156[0m[34;1m     26.72[0m[34;1m     49360[0m[34;1m   1963096[0m[34;1m   4611680[0m[31;1m    151.90[0m[34;1m    781120[0m[34;1m   1985924[0m[34;1m      3152[0m
11:32:20   [34;1m    117248[0m[34;1m   1043020[0m[34;1m    811964[0m[34;1m     26.74[0m[34;1m     49360[0m[34;1m   1963812[0m[34;1m   4611680[0m[31;1m    151.90[0m[34;1m    781508[0m[34;1m   1986676[0m[34;1m      3488[0m
11:32:21   [34;1m    116996[0m[34;1m   1042908[0m[34;1m    812020[0m[34;1m     26.75[0m[34;1m     49360[0m[34;1m   1964008[0m[34;1m   4611680[0m[31;1m    151.90[0m[34;1m    781508[0m[34;1m   1986816[0m[34;1m      3556[0m
11:32:22   [34;1m    115992[0m[34;1m   1042332[0m[34;1m    812648[0m[34;1m     26.77[0m[34;1m     49408[0m[34;1m   1964316[0m[34;1m   4611680[0m[31;1m    151.90[0m[34;1m    781640[0m[34;1m   1987532[0m[34;1m      3860[0m
11:32:23   [34;1m    114480[0m[34;1m   1041012[0m[34;1m    813828[0m[34;1m     26.81[0m[34;1m     49408[0m[34;1m   1964648[0m[34;1m   4611680[0m[31;1m    151.90[0m[34;1m    781740[0m[34;1m   1986912[0m[34;1m      4080[0m
11:32:24   [34;1m    113988[0m[34;1m   1041308[0m[34;1m    813488[0m[34;1m     26.79[0m[34;1m     49408[0m[34;1m   1965432[0m[34;1m   4611680[0m[31;1m    151.90[0m[34;1m    782136[0m[34;1m   1987352[0m[34;1m      4292[0m
11:32:25   [34;1m    112236[0m[34;1m   1039936[0m[34;1m    814936[0m[34;1m     26.84[0m[34;1m     49408[0m[34;1m   1965652[0m[34;1m   4616288[0m[31;1m    152.05[0m[34;1m    782224[0m[34;1m   1989180[0m[34;1m      4524[0m
11:32:26   [34;1m    111984[0m[34;1m   1039816[0m[34;1m    815040[0m[34;1m     26.85[0m[34;1m     49408[0m[34;1m   1965796[0m[34;1m   4616288[0m[31;1m    152.05[0m[34;1m    782224[0m[34;1m   1989480[0m[34;1m      4668[0m
11:32:27   [34;1m    111984[0m[34;1m   1040068[0m[34;1m    814872[0m[34;1m     26.84[0m[34;1m     49408[0m[34;1m   1965960[0m[34;1m   4616288[0m[31;1m    152.05[0m[34;1m    782224[0m[34;1m   1989760[0m[34;1m      4832[0m
11:32:28   [34;1m    109492[0m[34;1m   1037860[0m[34;1m    816988[0m[34;1m     26.91[0m[34;1m     49412[0m[34;1m   1966308[0m[34;1m   4616288[0m[31;1m    152.05[0m[34;1m    782252[0m[34;1m   1990380[0m[34;1m      5136[0m
11:32:29   [34;1m    109492[0m[34;1m   1038048[0m[34;1m    816784[0m[34;1m     26.90[0m[34;1m     49416[0m[34;1m   1966516[0m[34;1m   4611680[0m[31;1m    151.90[0m[34;1m    782244[0m[34;1m   1989076[0m[34;1m      5244[0m
11:32:30   [34;1m    109492[0m[34;1m   1038496[0m[34;1m    816336[0m[34;1m     26.89[0m[34;1m     49416[0m[34;1m   1966956[0m[34;1m   4611680[0m[31;1m    151.90[0m[34;1m    782376[0m[34;1m   1989324[0m[34;1m      5516[0m
11:32:31   [34;1m    109268[0m[34;1m   1038404[0m[34;1m    816436[0m[34;1m     26.89[0m[34;1m     49416[0m[34;1m   1967080[0m[34;1m   4611680[0m[31;1m    151.90[0m[34;1m    782396[0m[34;1m   1989708[0m[34;1m      5720[0m
11:32:32   [34;1m    109020[0m[34;1m   1038300[0m[34;1m    816540[0m[34;1m     26.90[0m[34;1m     49416[0m[34;1m   1967224[0m[34;1m   4611680[0m[31;1m    151.90[0m[34;1m    782396[0m[34;1m   1990084[0m[34;1m      5864[0m
11:32:33   [34;1m    109020[0m[34;1m   1038632[0m[34;1m    816216[0m[34;1m     26.88[0m[34;1m     49416[0m[34;1m   1967540[0m[34;1m   4611680[0m[31;1m    151.90[0m[34;1m    782396[0m[34;1m   1990900[0m[34;1m      6180[0m
11:32:34   [34;1m    109020[0m[34;1m   1038952[0m[34;1m    815900[0m[34;1m     26.87[0m[34;1m     49424[0m[34;1m   1967852[0m[34;1m   4611680[0m[31;1m    151.90[0m[34;1m    782436[0m[34;1m   1991140[0m[34;1m        80[0m
11:32:35   [34;1m    109020[0m[34;1m   1039016[0m[34;1m    815716[0m[34;1m     26.87[0m[34;1m     49436[0m[34;1m   1968020[0m[34;1m   4611680[0m[31;1m    151.90[0m[34;1m    782436[0m[34;1m   1991260[0m[34;1m       260[0m
11:32:36   [34;1m    109020[0m[34;1m   1039284[0m[34;1m    815540[0m[34;1m     26.86[0m[34;1m     49436[0m[34;1m   1968228[0m[34;1m   4611680[0m[31;1m    151.90[0m[34;1m    782444[0m[34;1m   1991668[0m[34;1m       472[0m
11:32:37   [34;1m    108292[0m[34;1m   1039000[0m[34;1m    815848[0m[34;1m     26.87[0m[34;1m     49472[0m[34;1m   1968616[0m[34;1m   4611680[0m[31;1m    151.90[0m[34;1m    782444[0m[34;1m   1992148[0m[34;1m       696[0m
11:32:38   [34;1m    106024[0m[34;1m   1036948[0m[34;1m    817932[0m[34;1m     26.94[0m[34;1m     49472[0m[34;1m   1968804[0m[34;1m   4611680[0m[31;1m    151.90[0m[34;1m    782488[0m[34;1m   1992976[0m[34;1m       908[0m
11:32:39   [34;1m    105784[0m[34;1m   1036816[0m[34;1m    818044[0m[34;1m     26.94[0m[34;1m     49472[0m[34;1m   1968932[0m[34;1m   4611680[0m[31;1m    151.90[0m[34;1m    782484[0m[34;1m   1993224[0m[34;1m      1036[0m
11:32:40   [34;1m    105532[0m[34;1m   1036824[0m[34;1m    818012[0m[34;1m     26.94[0m[34;1m     49480[0m[34;1m   1969208[0m[34;1m   4611680[0m[31;1m    151.90[0m[34;1m    782492[0m[34;1m   1993136[0m[34;1m      1308[0m
11:32:41   [34;1m    104808[0m[34;1m   1036280[0m[34;1m    818596[0m[34;1m     26.96[0m[34;1m     49480[0m[34;1m   1969340[0m[34;1m   4611680[0m[31;1m    151.90[0m[34;1m    782500[0m[34;1m   1993288[0m[34;1m      1428[0m
11:32:42   [34;1m    104556[0m[34;1m   1036340[0m[34;1m    818488[0m[34;1m     26.96[0m[34;1m     49480[0m[34;1m   1969684[0m[34;1m   4611680[0m[31;1m    151.90[0m[34;1m    782500[0m[34;1m   1993688[0m[34;1m      1772[0m
11:32:43   [34;1m    102792[0m[34;1m   1034780[0m[34;1m    820064[0m[34;1m     27.01[0m[34;1m     49480[0m[34;1m   1969864[0m[34;1m   4616032[0m[31;1m    152.04[0m[34;1m    782500[0m[34;1m   1994168[0m[34;1m      1852[0m
11:32:44   [34;1m    102568[0m[34;1m   1034784[0m[34;1m    820092[0m[34;1m     27.01[0m[34;1m     49480[0m[34;1m   1970088[0m[34;1m   4616032[0m[31;1m    152.04[0m[34;1m    782500[0m[34;1m   1994192[0m[34;1m      2172[0m
11:32:45   [34;1m    102316[0m[34;1m   1034732[0m[34;1m    820164[0m[34;1m     27.01[0m[34;1m     49488[0m[34;1m   1970272[0m[34;1m   4620640[0m[31;1m    152.20[0m[34;1m    782492[0m[34;1m   1996096[0m[34;1m      2272[0m
11:32:46   [34;1m    102064[0m[34;1m   1034660[0m[34;1m    820216[0m[34;1m     27.02[0m[34;1m     49488[0m[34;1m   1970456[0m[34;1m   4620640[0m[31;1m    152.20[0m[34;1m    782504[0m[34;1m   1996392[0m[34;1m      2500[0m
11:32:47   [34;1m    101812[0m[34;1m   1034620[0m[34;1m    820228[0m[34;1m     27.02[0m[34;1m     49496[0m[34;1m   1970676[0m[34;1m   4620640[0m[31;1m    152.20[0m[34;1m    782504[0m[34;1m   1996604[0m[34;1m      2728[0m
11:32:48   [34;1m    101056[0m[34;1m   1034084[0m[34;1m    820756[0m[34;1m     27.03[0m[34;1m     49496[0m[34;1m   1970888[0m[34;1m   4620640[0m[31;1m    152.20[0m[34;1m    782520[0m[34;1m   1997148[0m[34;1m      2904[0m
11:32:49   [34;1m    101056[0m[34;1m   1034196[0m[34;1m    820640[0m[34;1m     27.03[0m[34;1m     49496[0m[34;1m   1971008[0m[34;1m   4616032[0m[31;1m    152.04[0m[34;1m    782520[0m[34;1m   1995692[0m[34;1m      3024[0m
11:32:50   [34;1m    100832[0m[34;1m   1034224[0m[34;1m    820588[0m[34;1m     27.03[0m[34;1m     49496[0m[34;1m   1971272[0m[34;1m   4616032[0m[31;1m    152.04[0m[34;1m    782520[0m[34;1m   1995456[0m[34;1m      3288[0m
11:32:51   [34;1m    100832[0m[34;1m   1034360[0m[34;1m    820364[0m[34;1m     27.02[0m[34;1m     49504[0m[34;1m   1971488[0m[34;1m   4616032[0m[31;1m    152.04[0m[34;1m    782520[0m[34;1m   1995960[0m[34;1m      3512[0m
11:32:52   [34;1m    100832[0m[34;1m   1034676[0m[34;1m    820144[0m[34;1m     27.01[0m[34;1m     49544[0m[34;1m   1971684[0m[34;1m   4616032[0m[31;1m    152.04[0m[34;1m    782528[0m[34;1m   1996520[0m[34;1m      3720[0m
11:32:53   [34;1m     99852[0m[34;1m   1033884[0m[34;1m    820900[0m[34;1m     27.04[0m[34;1m     49544[0m[34;1m   1971940[0m[34;1m   4616032[0m[31;1m    152.04[0m[34;1m    782568[0m[34;1m   1995624[0m[34;1m      3932[0m
11:32:54   [34;1m     99852[0m[34;1m   1034176[0m[34;1m    820668[0m[34;1m     27.03[0m[34;1m     49544[0m[34;1m   1972156[0m[34;1m   4616032[0m[31;1m    152.04[0m[34;1m    782568[0m[34;1m   1996220[0m[34;1m      4152[0m
11:32:55   [34;1m     99852[0m[34;1m   1034416[0m[34;1m    820548[0m[34;1m     27.03[0m[34;1m     49544[0m[34;1m   1972276[0m[34;1m   4616032[0m[31;1m    152.04[0m[34;1m    782568[0m[34;1m   1996500[0m[34;1m      4272[0m
11:32:56   [34;1m     99600[0m[34;1m   1034400[0m[34;1m    820460[0m[34;1m     27.02[0m[34;1m     49544[0m[34;1m   1972624[0m[34;1m   4616032[0m[31;1m    152.04[0m[34;1m    782568[0m[34;1m   1996052[0m[34;1m      4600[0m
11:32:57   [34;1m     99600[0m[34;1m   1034456[0m[34;1m    820408[0m[34;1m     27.02[0m[34;1m     49548[0m[34;1m   1972672[0m[34;1m   4616032[0m[31;1m    152.04[0m[34;1m    782568[0m[34;1m   1996132[0m[34;1m      4652[0m
11:32:58   [34;1m    111276[0m[34;1m   1039816[0m[34;1m    814996[0m[34;1m     26.84[0m[34;1m     49416[0m[34;1m   1966536[0m[34;1m   4616032[0m[31;1m    152.04[0m[34;1m    781288[0m[34;1m   1991364[0m[34;1m      4932[0m
11:32:59   [34;1m    111024[0m[34;1m   1039736[0m[34;1m    815140[0m[34;1m     26.85[0m[34;1m     49416[0m[34;1m   1966660[0m[34;1m   4616032[0m[31;1m    152.04[0m[34;1m    781332[0m[34;1m   1991592[0m[34;1m      5056[0m
11:33:00   [34;1m    110548[0m[34;1m   1039552[0m[34;1m    815300[0m[34;1m     26.85[0m[34;1m     49416[0m[34;1m   1966964[0m[34;1m   4616032[0m[31;1m    152.04[0m[34;1m    781336[0m[34;1m   1990976[0m[34;1m      5360[0m
11:33:01   [34;1m    110548[0m[34;1m   1039796[0m[34;1m    815076[0m[34;1m     26.85[0m[34;1m     49424[0m[34;1m   1967168[0m[34;1m   4616032[0m[31;1m    152.04[0m[34;1m    781360[0m[34;1m   1991148[0m[34;1m      5548[0m
11:33:02   [34;1m    110296[0m[34;1m   1039744[0m[34;1m    815060[0m[34;1m     26.85[0m[34;1m     49424[0m[34;1m   1967432[0m[34;1m   4616032[0m[31;1m    152.04[0m[34;1m    781364[0m[34;1m   1991396[0m[34;1m      5776[0m
11:33:03   [34;1m    107804[0m[34;1m   1037520[0m[34;1m    817360[0m[34;1m     26.92[0m[34;1m     49424[0m[34;1m   1967640[0m[34;1m   4616032[0m[31;1m    152.04[0m[34;1m    781400[0m[34;1m   1991940[0m[34;1m      5984[0m
11:33:04   [34;1m    107520[0m[34;1m   1037492[0m[34;1m    817348[0m[34;1m     26.92[0m[34;1m     49424[0m[34;1m   1967900[0m[34;1m   4616032[0m[31;1m    152.04[0m[34;1m    781432[0m[34;1m   1992536[0m[34;1m      6208[0m
11:33:05   [34;1m    106300[0m[34;1m   1036404[0m[34;1m    818436[0m[34;1m     26.96[0m[34;1m     49424[0m[34;1m   1968016[0m[34;1m   4620640[0m[31;1m    152.20[0m[34;1m    781432[0m[34;1m   1994364[0m[34;1m       124[0m
11:33:06   [34;1m    106048[0m[34;1m   1036416[0m[34;1m    818384[0m[34;1m     26.96[0m[34;1m     49436[0m[34;1m   1968308[0m[34;1m   4620640[0m[31;1m    152.20[0m[34;1m    781452[0m[34;1m   1994568[0m[34;1m       308[0m
11:33:07   [34;1m    105796[0m[34;1m   1036384[0m[34;1m    818412[0m[34;1m     26.96[0m[34;1m     49476[0m[34;1m   1968492[0m[34;1m   4620640[0m[31;1m    152.20[0m[34;1m    781452[0m[34;1m   1994500[0m[34;1m       432[0m
11:33:08   [34;1m    104788[0m[34;1m   1035708[0m[34;1m    819052[0m[34;1m     26.98[0m[34;1m     49480[0m[34;1m   1968816[0m[34;1m   4620640[0m[31;1m    152.20[0m[34;1m    781508[0m[34;1m   1995092[0m[34;1m       760[0m
11:33:09   [34;1m    103276[0m[34;1m   1034396[0m[34;1m    820416[0m[34;1m     27.02[0m[34;1m     49480[0m[34;1m   1969000[0m[34;1m   4616032[0m[31;1m    152.04[0m[34;1m    781528[0m[34;1m   1994052[0m[34;1m       944[0m
11:33:10   [34;1m    102772[0m[34;1m   1034084[0m[34;1m    820716[0m[34;1m     27.03[0m[34;1m     49480[0m[34;1m   1969204[0m[34;1m   4616032[0m[31;1m    152.04[0m[34;1m    781528[0m[34;1m   1994712[0m[34;1m      1148[0m
11:33:11   [34;1m    102520[0m[34;1m   1033996[0m[34;1m    820852[0m[34;1m     27.04[0m[34;1m     49480[0m[34;1m   1969328[0m[34;1m   4616032[0m[31;1m    152.04[0m[34;1m    781528[0m[34;1m   1994956[0m[34;1m      1272[0m
11:33:12   [34;1m    102268[0m[34;1m   1034064[0m[34;1m    820764[0m[34;1m     27.03[0m[34;1m     49480[0m[34;1m   1969668[0m[34;1m   4616032[0m[31;1m    152.04[0m[34;1m    781528[0m[34;1m   1995464[0m[34;1m      1612[0m
11:33:13   [34;1m    101540[0m[34;1m   1033428[0m[34;1m    821316[0m[34;1m     27.05[0m[34;1m     49488[0m[34;1m   1969836[0m[34;1m   4616032[0m[31;1m    152.04[0m[34;1m    781528[0m[34;1m   1995944[0m[34;1m      1688[0m
11:33:14   [34;1m    101036[0m[34;1m   1033192[0m[34;1m    821660[0m[34;1m     27.06[0m[34;1m     49488[0m[34;1m   1970020[0m[34;1m   4616032[0m[31;1m    152.04[0m[34;1m    781536[0m[34;1m   1996892[0m[34;1m      1960[0m
11:33:15   [34;1m    101036[0m[34;1m   1033312[0m[34;1m    821532[0m[34;1m     27.06[0m[34;1m     49488[0m[34;1m   1970156[0m[34;1m   4616032[0m[31;1m    152.04[0m[34;1m    781536[0m[34;1m   1997092[0m[34;1m      2096[0m
11:33:16   [34;1m    100784[0m[34;1m   1033376[0m[34;1m    821428[0m[34;1m     27.06[0m[34;1m     49488[0m[34;1m   1970488[0m[34;1m   4616032[0m[31;1m    152.04[0m[34;1m    781540[0m[34;1m   1997488[0m[34;1m      2324[0m
11:33:17   [34;1m    100308[0m[34;1m   1033132[0m[34;1m    821696[0m[34;1m     27.07[0m[34;1m     49488[0m[34;1m   1970696[0m[34;1m   4616032[0m[31;1m    152.04[0m[34;1m    781544[0m[34;1m   1997444[0m[34;1m      2532[0m
11:33:18   [34;1m    100308[0m[34;1m   1033296[0m[34;1m    821528[0m[34;1m     27.06[0m[34;1m     49492[0m[34;1m   1970868[0m[34;1m   4616032[0m[31;1m    152.04[0m[34;1m    781552[0m[34;1m   1997552[0m[34;1m      2744[0m
11:33:19   [34;1m    100308[0m[34;1m   1033468[0m[34;1m    821392[0m[34;1m     27.06[0m[34;1m     49500[0m[34;1m   1970996[0m[34;1m   4616032[0m[31;1m    152.04[0m[34;1m    781552[0m[34;1m   1997788[0m[34;1m      2880[0m
11:33:20   [34;1m    100308[0m[34;1m   1033800[0m[34;1m    821140[0m[34;1m     27.05[0m[34;1m     49500[0m[34;1m   1971256[0m[34;1m   4616032[0m[31;1m    152.04[0m[34;1m    781560[0m[34;1m   1997288[0m[34;1m      3128[0m
11:33:21   [34;1m    100308[0m[34;1m   1033852[0m[34;1m    820984[0m[34;1m     27.04[0m[34;1m     49500[0m[34;1m   1971412[0m[34;1m   4616032[0m[31;1m    152.04[0m[34;1m    781560[0m[34;1m   1997280[0m[34;1m      3284[0m
11:33:22   [34;1m     99832[0m[34;1m   1033736[0m[34;1m    821132[0m[34;1m     27.05[0m[34;1m     49536[0m[34;1m   1971696[0m[34;1m   4616032[0m[31;1m    152.04[0m[34;1m    781596[0m[34;1m   1997464[0m[34;1m      3556[0m
11:33:23   [34;1m     99584[0m[34;1m   1033596[0m[34;1m    821124[0m[34;1m     27.05[0m[34;1m     49536[0m[34;1m   1971952[0m[34;1m   4616032[0m[31;1m    152.04[0m[34;1m    781596[0m[34;1m   1997020[0m[34;1m      3808[0m
11:33:24   [34;1m    111032[0m[34;1m   1038468[0m[34;1m    816216[0m[34;1m     26.88[0m[34;1m     49400[0m[34;1m   1965516[0m[34;1m   4616032[0m[31;1m    152.04[0m[34;1m    779828[0m[34;1m   1992584[0m[34;1m      3992[0m
11:33:25   [34;1m    109508[0m[34;1m   1037248[0m[34;1m    817508[0m[34;1m     26.93[0m[34;1m     49404[0m[34;1m   1965788[0m[34;1m   4620640[0m[31;1m    152.20[0m[34;1m    779968[0m[34;1m   1994320[0m[34;1m      4228[0m
11:33:26   [34;1m    109016[0m[34;1m   1037080[0m[34;1m    817756[0m[34;1m     26.94[0m[34;1m     49404[0m[34;1m   1966032[0m[34;1m   4620640[0m[31;1m    152.20[0m[34;1m    780104[0m[34;1m   1994808[0m[34;1m      4436[0m
11:33:27   [34;1m    108512[0m[34;1m   1036800[0m[34;1m    818020[0m[34;1m     26.94[0m[34;1m     49404[0m[34;1m   1966268[0m[34;1m   4620640[0m[31;1m    152.20[0m[34;1m    780104[0m[34;1m   1995088[0m[34;1m      4672[0m
11:33:28   [34;1m    106776[0m[34;1m   1035448[0m[34;1m    819384[0m[34;1m     26.99[0m[34;1m     49404[0m[34;1m   1966640[0m[34;1m   4620640[0m[31;1m    152.20[0m[34;1m    780200[0m[34;1m   1995760[0m[34;1m      4844[0m
11:33:29   [34;1m    106776[0m[34;1m   1035532[0m[34;1m    819344[0m[34;1m     26.99[0m[34;1m     49404[0m[34;1m   1966700[0m[34;1m   4616032[0m[31;1m    152.04[0m[34;1m    780240[0m[34;1m   1994340[0m[34;1m      4968[0m
11:33:30   [34;1m    106776[0m[34;1m   1035872[0m[34;1m    818968[0m[34;1m     26.98[0m[34;1m     49408[0m[34;1m   1967072[0m[34;1m   4616032[0m[31;1m    152.04[0m[34;1m    780312[0m[34;1m   1994296[0m[34;1m      5272[0m
11:33:31   [34;1m    106776[0m[34;1m   1036116[0m[34;1m    818752[0m[34;1m     26.97[0m[34;1m     49412[0m[34;1m   1967284[0m[34;1m   4616032[0m[31;1m    152.04[0m[34;1m    780312[0m[34;1m   1993992[0m[34;1m      5488[0m
11:33:32   [34;1m    106776[0m[34;1m   1036324[0m[34;1m    818540[0m[34;1m     26.96[0m[34;1m     49412[0m[34;1m   1967480[0m[34;1m   4616032[0m[31;1m    152.04[0m[34;1m    780320[0m[34;1m   1994304[0m[34;1m      5672[0m
11:33:33   [34;1m    105516[0m[34;1m   1035280[0m[34;1m    819576[0m[34;1m     27.00[0m[34;1m     49412[0m[34;1m   1967704[0m[34;1m   4616032[0m[31;1m    152.04[0m[34;1m    780320[0m[34;1m   1994572[0m[34;1m      5896[0m
11:33:34   [34;1m    105292[0m[34;1m   1035292[0m[34;1m    819544[0m[34;1m     26.99[0m[34;1m     49412[0m[34;1m   1967956[0m[34;1m   4616032[0m[31;1m    152.04[0m[34;1m    780352[0m[34;1m   1995168[0m[34;1m      6120[0m
11:33:35   [34;1m    105040[0m[34;1m   1035152[0m[34;1m    819676[0m[34;1m     27.00[0m[34;1m     49412[0m[34;1m   1968076[0m[34;1m   4616032[0m[31;1m    152.04[0m[34;1m    780352[0m[34;1m   1995768[0m[34;1m      6240[0m
11:33:36   [34;1m    104788[0m[34;1m   1035264[0m[34;1m    819564[0m[34;1m     26.99[0m[34;1m     49416[0m[34;1m   1968420[0m[34;1m   4616032[0m[31;1m    152.04[0m[34;1m    780352[0m[34;1m   1996312[0m[34;1m       128[0m
11:33:37   [34;1m    104536[0m[34;1m   1035172[0m[34;1m    819644[0m[34;1m     27.00[0m[34;1m     49476[0m[34;1m   1968532[0m[34;1m   4616032[0m[31;1m    152.04[0m[34;1m    780352[0m[34;1m   1996484[0m[34;1m       300[0m
11:33:38   [34;1m    102296[0m[34;1m   1033280[0m[34;1m    821608[0m[34;1m     27.06[0m[34;1m     49476[0m[34;1m   1968840[0m[34;1m   4616032[0m[31;1m    152.04[0m[34;1m    780420[0m[34;1m   1997296[0m[34;1m       592[0m
11:33:39   [34;1m    102044[0m[34;1m   1033200[0m[34;1m    821668[0m[34;1m     27.06[0m[34;1m     49476[0m[34;1m   1969032[0m[34;1m   4616032[0m[31;1m    152.04[0m[34;1m    780412[0m[34;1m   1997380[0m[34;1m       784[0m
11:33:40   [34;1m    101540[0m[34;1m   1032896[0m[34;1m    821984[0m[34;1m     27.07[0m[34;1m     49476[0m[34;1m   1969224[0m[34;1m   4616032[0m[31;1m    152.04[0m[34;1m    780412[0m[34;1m   1997876[0m[34;1m       976[0m
11:33:41   [34;1m    101540[0m[34;1m   1033112[0m[34;1m    821856[0m[34;1m     27.07[0m[34;1m     49484[0m[34;1m   1969344[0m[34;1m   4616032[0m[31;1m    152.04[0m[34;1m    780412[0m[34;1m   1998276[0m[34;1m      1104[0m
11:33:42   [34;1m    101540[0m[34;1m   1033388[0m[34;1m    821492[0m[34;1m     27.06[0m[34;1m     49484[0m[34;1m   1969724[0m[34;1m   4616032[0m[31;1m    152.04[0m[34;1m    780420[0m[34;1m   1998364[0m[34;1m      1484[0m
11:33:43   [34;1m    100784[0m[34;1m   1032704[0m[34;1m    822188[0m[34;1m     27.08[0m[34;1m     49484[0m[34;1m   1969780[0m[34;1m   4616032[0m[31;1m    152.04[0m[34;1m    780420[0m[34;1m   1998504[0m[34;1m      1540[0m
11:33:44   [34;1m    100532[0m[34;1m   1032704[0m[34;1m    822148[0m[34;1m     27.08[0m[34;1m     49484[0m[34;1m   1970056[0m[34;1m   4616032[0m[31;1m    152.04[0m[34;1m    780420[0m[34;1m   1999136[0m[34;1m      1820[0m
11:33:45   [34;1m     99804[0m[34;1m   1032248[0m[34;1m    822568[0m[34;1m     27.09[0m[34;1m     49484[0m[34;1m   1970296[0m[34;1m   4620640[0m[31;1m    152.20[0m[34;1m    780420[0m[34;1m   2000872[0m[34;1m      2060[0m
11:33:46   [34;1m     99552[0m[34;1m   1032116[0m[34;1m    822588[0m[34;1m     27.09[0m[34;1m     49492[0m[34;1m   1970520[0m[34;1m   4620640[0m[31;1m    152.20[0m[34;1m    780420[0m[34;1m   2001180[0m[34;1m      2292[0m
11:33:47   [34;1m     99552[0m[34;1m   1032440[0m[34;1m    822364[0m[34;1m     27.09[0m[34;1m     49492[0m[34;1m   1970736[0m[34;1m   4620640[0m[31;1m    152.20[0m[34;1m    780428[0m[34;1m   2001648[0m[34;1m      2500[0m
11:33:48   [34;1m    113480[0m[34;1m   1033260[0m[34;1m    821440[0m[34;1m     27.06[0m[34;1m     49172[0m[34;1m   1958044[0m[34;1m   4620640[0m[31;1m    152.20[0m[34;1m    777716[0m[34;1m   1991312[0m[34;1m      2600[0m
11:33:49   [34;1m    113488[0m[34;1m   1033652[0m[34;1m    821152[0m[34;1m     27.05[0m[34;1m     49180[0m[34;1m   1958324[0m[34;1m   4616032[0m[31;1m    152.04[0m[34;1m    777804[0m[34;1m   1989788[0m[34;1m      2896[0m
11:33:50   [34;1m    113488[0m[34;1m   1033832[0m[34;1m    821024[0m[34;1m     27.04[0m[34;1m     49180[0m[34;1m   1958452[0m[34;1m   4616032[0m[31;1m    152.04[0m[34;1m    777812[0m[34;1m   1989688[0m[34;1m      3016[0m
11:33:51   [34;1m    113488[0m[34;1m   1034120[0m[34;1m    820692[0m[34;1m     27.03[0m[34;1m     49180[0m[34;1m   1958808[0m[34;1m   4616032[0m[31;1m    152.04[0m[34;1m    777812[0m[34;1m   1989516[0m[34;1m      3372[0m
11:33:52   [34;1m    113488[0m[34;1m   1034268[0m[34;1m    820428[0m[34;1m     27.02[0m[34;1m     49232[0m[34;1m   1959020[0m[34;1m   4616032[0m[31;1m    152.04[0m[34;1m    777820[0m[34;1m   1989908[0m[34;1m      3524[0m
11:33:53   [34;1m    113236[0m[34;1m   1034504[0m[34;1m    820332[0m[34;1m     27.02[0m[34;1m     49232[0m[34;1m   1959368[0m[34;1m   4616032[0m[31;1m    152.04[0m[34;1m    777972[0m[34;1m   1989064[0m[34;1m      3804[0m
11:33:54   [34;1m    113012[0m[34;1m   1034400[0m[34;1m    820284[0m[34;1m     27.02[0m[34;1m     49232[0m[34;1m   1959636[0m[34;1m   4616032[0m[31;1m    152.04[0m[34;1m    777980[0m[34;1m   1989548[0m[34;1m      3968[0m
11:33:55   [34;1m    112760[0m[34;1m   1034396[0m[34;1m    820428[0m[34;1m     27.02[0m[34;1m     49232[0m[34;1m   1959756[0m[34;1m   4616032[0m[31;1m    152.04[0m[34;1m    778064[0m[34;1m   1989744[0m[34;1m      4084[0m
11:33:56   [34;1m    112536[0m[34;1m   1034456[0m[34;1m    820348[0m[34;1m     27.02[0m[34;1m     49232[0m[34;1m   1960060[0m[34;1m   4616032[0m[31;1m    152.04[0m[34;1m    778064[0m[34;1m   1990148[0m[34;1m      4388[0m
11:33:57   [34;1m    112536[0m[34;1m   1034712[0m[34;1m    820140[0m[34;1m     27.01[0m[34;1m     49236[0m[34;1m   1960264[0m[34;1m   4616032[0m[31;1m    152.04[0m[34;1m    778064[0m[34;1m   1990772[0m[34;1m      4596[0m
11:33:58   [34;1m    110272[0m[34;1m   1032708[0m[34;1m    822108[0m[34;1m     27.08[0m[34;1m     49236[0m[34;1m   1960560[0m[34;1m   4616032[0m[31;1m    152.04[0m[34;1m    778132[0m[34;1m   1991108[0m[34;1m      4824[0m
11:33:59   [34;1m    110048[0m[34;1m   1032700[0m[34;1m    822104[0m[34;1m     27.08[0m[34;1m     49244[0m[34;1m   1960772[0m[34;1m   4616032[0m[31;1m    152.04[0m[34;1m    778156[0m[34;1m   1990860[0m[34;1m      5016[0m
11:34:00   [34;1m    110048[0m[34;1m   1032932[0m[34;1m    821900[0m[34;1m     27.07[0m[34;1m     49244[0m[34;1m   1960980[0m[34;1m   4616032[0m[31;1m    152.04[0m[34;1m    778168[0m[34;1m   1990380[0m[34;1m      5208[0m
11:34:01   [34;1m    110048[0m[34;1m   1033172[0m[34;1m    821668[0m[34;1m     27.06[0m[34;1m     49244[0m[34;1m   1961212[0m[34;1m   4616032[0m[31;1m    152.04[0m[34;1m    778168[0m[34;1m   1990564[0m[34;1m      5440[0m
11:34:02   [34;1m    110048[0m[34;1m   1033392[0m[34;1m    821404[0m[34;1m     27.06[0m[34;1m     49244[0m[34;1m   1961452[0m[34;1m   4616032[0m[31;1m    152.04[0m[34;1m    778224[0m[34;1m   1990888[0m[34;1m      5620[0m
11:34:03   [34;1m    109796[0m[34;1m   1033280[0m[34;1m    821548[0m[34;1m     27.06[0m[34;1m     49244[0m[34;1m   1961580[0m[34;1m   4616032[0m[31;1m    152.04[0m[34;1m    778224[0m[34;1m   1992088[0m[34;1m      5748[0m
11:34:04   [34;1m    109796[0m[34;1m   1033648[0m[34;1m    821192[0m[34;1m     27.05[0m[34;1m     49248[0m[34;1m   1961932[0m[34;1m   4616032[0m[31;1m    152.04[0m[34;1m    778224[0m[34;1m   1992884[0m[34;1m      6104[0m
11:34:05   [34;1m    109040[0m[34;1m   1032976[0m[34;1m    821844[0m[34;1m     27.07[0m[34;1m     49256[0m[34;1m   1962000[0m[34;1m   4620640[0m[31;1m    152.20[0m[34;1m    778228[0m[34;1m   1993260[0m[34;1m      6176[0m
11:34:06   [34;1m    109040[0m[34;1m   1033232[0m[34;1m    821536[0m[34;1m     27.06[0m[34;1m     49256[0m[34;1m   1962320[0m[34;1m   4620640[0m[31;1m    152.20[0m[34;1m    778236[0m[34;1m   1993508[0m[34;1m      6484[0m
11:34:07   [34;1m    108788[0m[34;1m   1033240[0m[34;1m    821560[0m[34;1m     27.06[0m[34;1m     49280[0m[34;1m   1962520[0m[34;1m   4620640[0m[31;1m    152.20[0m[34;1m    778236[0m[34;1m   1993808[0m[34;1m       252[0m
11:34:08   [34;1m    108060[0m[34;1m   1032816[0m[34;1m    821960[0m[34;1m     27.07[0m[34;1m     49280[0m[34;1m   1962836[0m[34;1m   4620640[0m[31;1m    152.20[0m[34;1m    778264[0m[34;1m   1994712[0m[34;1m       528[0m
11:34:09   [34;1m    107304[0m[34;1m   1032128[0m[34;1m    822676[0m[34;1m     27.10[0m[34;1m     49280[0m[34;1m   1962908[0m[34;1m   4616032[0m[31;1m    152.04[0m[34;1m    778260[0m[34;1m   1993376[0m[34;1m       600[0m
11:34:10   [34;1m    107304[0m[34;1m   1032416[0m[34;1m    822400[0m[34;1m     27.09[0m[34;1m     49280[0m[34;1m   1963192[0m[34;1m   4616032[0m[31;1m    152.04[0m[34;1m    778260[0m[34;1m   1993216[0m[34;1m       884[0m
11:34:11   [34;1m    107304[0m[34;1m   1032528[0m[34;1m    822296[0m[34;1m     27.08[0m[34;1m     49288[0m[34;1m   1963288[0m[34;1m   4616032[0m[31;1m    152.04[0m[34;1m    778260[0m[34;1m   1993388[0m[34;1m       988[0m
11:34:12   [34;1m    107304[0m[34;1m   1032940[0m[34;1m    821996[0m[34;1m     27.08[0m[34;1m     49288[0m[34;1m   1963588[0m[34;1m   4616032[0m[31;1m    152.04[0m[34;1m    778264[0m[34;1m   1994252[0m[34;1m      1164[0m
11:34:13   [34;1m    105540[0m[34;1m   1031320[0m[34;1m    823524[0m[34;1m     27.13[0m[34;1m     49288[0m[34;1m   1963824[0m[34;1m   4616032[0m[31;1m    152.04[0m[34;1m    778264[0m[34;1m   1995352[0m[34;1m      1400[0m
11:34:14   [34;1m    105540[0m[34;1m   1031516[0m[34;1m    823304[0m[34;1m     27.12[0m[34;1m     49288[0m[34;1m   1964032[0m[34;1m   4616032[0m[31;1m    152.04[0m[34;1m    778264[0m[34;1m   1996184[0m[34;1m      1612[0m
11:34:15   [34;1m    105540[0m[34;1m   1031720[0m[34;1m    823184[0m[34;1m     27.11[0m[34;1m     49288[0m[34;1m   1964148[0m[34;1m   4616032[0m[31;1m    152.04[0m[34;1m    778264[0m[34;1m   1996064[0m[34;1m      1728[0m
11:34:16   [34;1m    105540[0m[34;1m   1031900[0m[34;1m    822892[0m[34;1m     27.10[0m[34;1m     49296[0m[34;1m   1964420[0m[34;1m   4616032[0m[31;1m    152.04[0m[34;1m    778264[0m[34;1m   1996220[0m[34;1m      2108[0m
11:34:17   [34;1m    105540[0m[34;1m   1032040[0m[34;1m    822752[0m[34;1m     27.10[0m[34;1m     49304[0m[34;1m   1964564[0m[34;1m   4616032[0m[31;1m    152.04[0m[34;1m    778268[0m[34;1m   1996396[0m[34;1m      2204[0m
11:34:18   [34;1m    105288[0m[34;1m   1032188[0m[34;1m    822636[0m[34;1m     27.10[0m[34;1m     49304[0m[34;1m   1964936[0m[34;1m   4616032[0m[31;1m    152.04[0m[34;1m    778272[0m[34;1m   1996888[0m[34;1m      2560[0m
11:34:19   [34;1m    102544[0m[34;1m   1029640[0m[34;1m    825288[0m[34;1m     27.18[0m[34;1m     49304[0m[34;1m   1965024[0m[34;1m   4616032[0m[31;1m    152.04[0m[34;1m    778280[0m[34;1m   1997296[0m[34;1m      2748[0m
11:34:20   [34;1m    102292[0m[34;1m   1029536[0m[34;1m    825268[0m[34;1m     27.18[0m[34;1m     49304[0m[34;1m   1965316[0m[34;1m   4616032[0m[31;1m    152.04[0m[34;1m    778280[0m[34;1m   1996800[0m[34;1m      2936[0m
11:34:21   [34;1m    102292[0m[34;1m   1029724[0m[34;1m    825072[0m[34;1m     27.18[0m[34;1m     49312[0m[34;1m   1965504[0m[34;1m   4616032[0m[31;1m    152.04[0m[34;1m    778280[0m[34;1m   1996824[0m[34;1m      3132[0m
11:34:22   [34;1m    101816[0m[34;1m   1029584[0m[34;1m    825272[0m[34;1m     27.18[0m[34;1m     49312[0m[34;1m   1965780[0m[34;1m   4616032[0m[31;1m    152.04[0m[34;1m    778288[0m[34;1m   1997392[0m[34;1m      3404[0m
11:34:23   [34;1m    101564[0m[34;1m   1029560[0m[34;1m    825248[0m[34;1m     27.18[0m[34;1m     49312[0m[34;1m   1966056[0m[34;1m   4616032[0m[31;1m    152.04[0m[34;1m    778288[0m[34;1m   1996840[0m[34;1m      3592[0m
11:34:24   [34;1m    101564[0m[34;1m   1029832[0m[34;1m    825004[0m[34;1m     27.17[0m[34;1m     49312[0m[34;1m   1966304[0m[34;1m   4616032[0m[31;1m    152.04[0m[34;1m    778292[0m[34;1m   1997524[0m[34;1m      3836[0m
11:34:25   [34;1m    100812[0m[34;1m   1029204[0m[34;1m    825628[0m[34;1m     27.19[0m[34;1m     49312[0m[34;1m   1966396[0m[34;1m   4620640[0m[31;1m    152.20[0m[34;1m    778292[0m[34;1m   1999452[0m[34;1m      3928[0m
11:34:26   [34;1m    100336[0m[34;1m   1028996[0m[34;1m    825812[0m[34;1m     27.20[0m[34;1m     49320[0m[34;1m   1966676[0m[34;1m   4620640[0m[31;1m    152.20[0m[34;1m    778292[0m[34;1m   1999484[0m[34;1m      4216[0m
11:34:27   [34;1m    100336[0m[34;1m   1029288[0m[34;1m    825580[0m[34;1m     27.19[0m[34;1m     49332[0m[34;1m   1966896[0m[34;1m   4620640[0m[31;1m    152.20[0m[34;1m    778300[0m[34;1m   1999788[0m[34;1m      4440[0m
11:34:28   [34;1m    118652[0m[34;1m   1034288[0m[34;1m    820436[0m[34;1m     27.02[0m[34;1m     49016[0m[34;1m   1954040[0m[34;1m   4620640[0m[31;1m    152.20[0m[34;1m    775260[0m[34;1m   1989748[0m[34;1m      4624[0m
11:34:29   [34;1m    118652[0m[34;1m   1034492[0m[34;1m    820304[0m[34;1m     27.02[0m[34;1m     49016[0m[34;1m   1954172[0m[34;1m   4616032[0m[31;1m    152.04[0m[34;1m    775276[0m[34;1m   1985820[0m[34;1m      4736[0m
11:34:30   [34;1m    118428[0m[34;1m   1034544[0m[34;1m    820284[0m[34;1m     27.02[0m[34;1m     49016[0m[34;1m   1954416[0m[34;1m   4616032[0m[31;1m    152.04[0m[34;1m    775348[0m[34;1m   1986008[0m[34;1m      5048[0m
11:34:31   [34;1m    118428[0m[34;1m   1034592[0m[34;1m    820076[0m[34;1m     27.01[0m[34;1m     49016[0m[34;1m   1954620[0m[34;1m   4616032[0m[31;1m    152.04[0m[34;1m    775348[0m[34;1m   1985684[0m[34;1m      5152[0m
11:34:32   [34;1m    118428[0m[34;1m   1034992[0m[34;1m    819836[0m[34;1m     27.00[0m[34;1m     49024[0m[34;1m   1954852[0m[34;1m   4624224[0m[31;1m    152.31[0m[34;1m    775404[0m[34;1m   1986132[0m[34;1m      5432[0m
11:34:33   [34;1m    118176[0m[34;1m   1034868[0m[34;1m    819964[0m[34;1m     27.01[0m[34;1m     49024[0m[34;1m   1954976[0m[34;1m   4624224[0m[31;1m    152.31[0m[34;1m    775412[0m[34;1m   1987100[0m[34;1m      5548[0m
11:34:34   [34;1m    117168[0m[34;1m   1034204[0m[34;1m    820600[0m[34;1m     27.03[0m[34;1m     49024[0m[34;1m   1955348[0m[34;1m   4624224[0m[31;1m    152.31[0m[34;1m    775480[0m[34;1m   1988616[0m[34;1m      5852[0m
11:34:35   [34;1m    116944[0m[34;1m   1034176[0m[34;1m    820596[0m[34;1m     27.03[0m[34;1m     49024[0m[34;1m   1955560[0m[34;1m   4624224[0m[31;1m    152.31[0m[34;1m    775480[0m[34;1m   1988764[0m[34;1m      6064[0m
11:34:36   [34;1m    116692[0m[34;1m   1034152[0m[34;1m    820596[0m[34;1m     27.03[0m[34;1m     49024[0m[34;1m   1955812[0m[34;1m   4624224[0m[31;1m    152.31[0m[34;1m    775480[0m[34;1m   1989188[0m[34;1m      6316[0m
11:34:37   [34;1m    116440[0m[34;1m   1034068[0m[34;1m    820796[0m[34;1m     27.04[0m[34;1m     49028[0m[34;1m   1955868[0m[34;1m   4624224[0m[31;1m    152.31[0m[34;1m    775480[0m[34;1m   1989676[0m[34;1m        76[0m
11:34:38   [34;1m    115708[0m[34;1m   1033628[0m[34;1m    821212[0m[34;1m     27.05[0m[34;1m     49028[0m[34;1m   1956208[0m[34;1m   4624224[0m[31;1m    152.31[0m[34;1m    775484[0m[34;1m   1990408[0m[34;1m       308[0m
11:34:39   [34;1m    115708[0m[34;1m   1033732[0m[34;1m    821112[0m[34;1m     27.05[0m[34;1m     49040[0m[34;1m   1956292[0m[34;1m   4624224[0m[31;1m    152.31[0m[34;1m    775488[0m[34;1m   1990584[0m[34;1m       404[0m
11:34:40   [34;1m    115708[0m[34;1m   1034016[0m[34;1m    820788[0m[34;1m     27.04[0m[34;1m     49040[0m[34;1m   1956616[0m[34;1m   4624224[0m[31;1m    152.31[0m[34;1m    775488[0m[34;1m   1990684[0m[34;1m       728[0m
11:34:41   [34;1m    115708[0m[34;1m   1034148[0m[34;1m    820584[0m[34;1m     27.03[0m[34;1m     49040[0m[34;1m   1956820[0m[34;1m   4624224[0m[31;1m    152.31[0m[34;1m    775500[0m[34;1m   1990772[0m[34;1m       932[0m
11:34:42   [34;1m    115708[0m[34;1m   1034444[0m[34;1m    820372[0m[34;1m     27.02[0m[34;1m     49040[0m[34;1m   1957032[0m[34;1m   4624224[0m[31;1m    152.31[0m[34;1m    775500[0m[34;1m   1991144[0m[34;1m      1144[0m
11:34:43   [34;1m    114476[0m[34;1m   1033468[0m[34;1m    821396[0m[34;1m     27.06[0m[34;1m     49048[0m[34;1m   1957232[0m[34;1m   4624224[0m[31;1m    152.31[0m[34;1m    775500[0m[34;1m   1991228[0m[34;1m      1252[0m
11:34:44   [34;1m    113976[0m[34;1m   1033160[0m[34;1m    821668[0m[34;1m     27.06[0m[34;1m     49048[0m[34;1m   1957468[0m[34;1m   4624224[0m[31;1m    152.31[0m[34;1m    775508[0m[34;1m   1991972[0m[34;1m      1576[0m
11:34:45   [34;1m    112968[0m[34;1m   1032420[0m[34;1m    822388[0m[34;1m     27.09[0m[34;1m     49048[0m[34;1m   1957708[0m[34;1m   4628832[0m[31;1m    152.47[0m[34;1m    775508[0m[34;1m   1994016[0m[34;1m      1816[0m
11:34:46   [34;1m    112716[0m[34;1m   1032304[0m[34;1m    822472[0m[34;1m     27.09[0m[34;1m     49048[0m[34;1m   1957876[0m[34;1m   4628832[0m[31;1m    152.47[0m[34;1m    775508[0m[34;1m   1994012[0m[34;1m      1984[0m
11:34:47   [34;1m    112216[0m[34;1m   1032024[0m[34;1m    822780[0m[34;1m     27.10[0m[34;1m     49048[0m[34;1m   1958072[0m[34;1m   4628832[0m[31;1m    152.47[0m[34;1m    775508[0m[34;1m   1994424[0m[34;1m      2180[0m
11:34:48   [34;1m    110704[0m[34;1m   1030676[0m[34;1m    824080[0m[34;1m     27.14[0m[34;1m     49056[0m[34;1m   1958276[0m[34;1m   4628832[0m[31;1m    152.47[0m[34;1m    775500[0m[34;1m   1994736[0m[34;1m      2308[0m
11:34:49   [34;1m    110464[0m[34;1m   1030704[0m[34;1m    824096[0m[34;1m     27.14[0m[34;1m     49056[0m[34;1m   1958512[0m[34;1m   4624224[0m[31;1m    152.31[0m[34;1m    775524[0m[34;1m   1993436[0m[34;1m      2564[0m
11:34:50   [34;1m    110464[0m[34;1m   1030904[0m[34;1m    823824[0m[34;1m     27.14[0m[34;1m     49056[0m[34;1m   1958784[0m[34;1m   4624224[0m[31;1m    152.31[0m[34;1m    775524[0m[34;1m   1993172[0m[34;1m      2836[0m
11:34:51   [34;1m    110464[0m[34;1m   1031136[0m[34;1m    823660[0m[34;1m     27.13[0m[34;1m     49064[0m[34;1m   1958940[0m[34;1m   4624224[0m[31;1m    152.31[0m[34;1m    775532[0m[34;1m   1993056[0m[34;1m      2988[0m
11:34:52   [34;1m    110240[0m[34;1m   1031152[0m[34;1m    823632[0m[34;1m     27.13[0m[34;1m     49064[0m[34;1m   1959188[0m[34;1m   4632548[0m[31;1m    152.59[0m[34;1m    775532[0m[34;1m   1993532[0m[34;1m      3236[0m
11:34:53   [34;1m    110240[0m[34;1m   1031292[0m[34;1m    823528[0m[34;1m     27.13[0m[34;1m     49064[0m[34;1m   1959292[0m[34;1m   4632548[0m[31;1m    152.59[0m[34;1m    775532[0m[34;1m   1991844[0m[34;1m      3320[0m
11:34:54   [34;1m    110240[0m[34;1m   1031644[0m[34;1m    823092[0m[34;1m     27.11[0m[34;1m     49064[0m[34;1m   1959708[0m[34;1m   4632548[0m[31;1m    152.59[0m[34;1m    775632[0m[34;1m   1987792[0m[34;1m      3608[0m
11:34:55   [34;1m    110240[0m[34;1m   1031840[0m[34;1m    822868[0m[34;1m     27.10[0m[34;1m     49072[0m[34;1m   1959948[0m[34;1m   4632548[0m[31;1m    152.59[0m[34;1m    775660[0m[34;1m   1988084[0m[34;1m      3856[0m
11:34:56   [34;1m    110016[0m[34;1m   1031944[0m[34;1m    822836[0m[34;1m     27.10[0m[34;1m     49072[0m[34;1m   1960204[0m[34;1m   4632548[0m[31;1m    152.59[0m[34;1m    775668[0m[34;1m   1988524[0m[34;1m      4116[0m
11:34:57   [34;1m    110016[0m[34;1m   1032148[0m[34;1m    822676[0m[34;1m     27.10[0m[34;1m     49072[0m[34;1m   1960364[0m[34;1m   4632548[0m[31;1m    152.59[0m[34;1m    775668[0m[34;1m   1989020[0m[34;1m      4276[0m
11:34:58   [34;1m    110016[0m[34;1m   1032304[0m[34;1m    822424[0m[34;1m     27.09[0m[34;1m     49072[0m[34;1m   1960624[0m[34;1m   4632548[0m[31;1m    152.59[0m[34;1m    775668[0m[34;1m   1992892[0m[34;1m      4528[0m
11:34:59   [34;1m    110016[0m[34;1m   1032520[0m[34;1m    822360[0m[34;1m     27.09[0m[34;1m     49072[0m[34;1m   1960688[0m[34;1m   4632548[0m[31;1m    152.59[0m[34;1m    775668[0m[34;1m   1992888[0m[34;1m      4692[0m
11:35:00   [34;1m    110016[0m[34;1m   1032768[0m[34;1m    822028[0m[34;1m     27.08[0m[34;1m     49076[0m[34;1m   1961016[0m[34;1m   4632548[0m[31;1m    152.59[0m[34;1m    775668[0m[34;1m   1993260[0m[34;1m      4924[0m
11:35:01   [34;1m    110016[0m[34;1m   1032892[0m[34;1m    821840[0m[34;1m     27.07[0m[34;1m     49084[0m[34;1m   1961188[0m[34;1m   4632548[0m[31;1m    152.59[0m[34;1m    775672[0m[34;1m   1993796[0m[34;1m      5108[0m
11:35:02   [34;1m    110016[0m[34;1m   1033192[0m[34;1m    821608[0m[34;1m     27.06[0m[34;1m     49084[0m[34;1m   1961416[0m[34;1m   4632548[0m[31;1m    152.59[0m[34;1m    775680[0m[34;1m   1994008[0m[34;1m      5324[0m
11:35:03   [34;1m    109764[0m[34;1m   1033040[0m[34;1m    821768[0m[34;1m     27.07[0m[34;1m     49084[0m[34;1m   1961508[0m[34;1m   4632548[0m[31;1m    152.59[0m[34;1m    775680[0m[34;1m   1994324[0m[34;1m      5416[0m
11:35:04   [34;1m    109764[0m[34;1m   1033440[0m[34;1m    821288[0m[34;1m     27.05[0m[34;1m     49084[0m[34;1m   1961928[0m[34;1m   4632548[0m[31;1m    152.59[0m[34;1m    775780[0m[34;1m   1994988[0m[34;1m      5740[0m
11:35:05   [34;1m    109540[0m[34;1m   1033408[0m[34;1m    821384[0m[34;1m     27.05[0m[34;1m     49084[0m[34;1m   1962036[0m[34;1m   4632548[0m[31;1m    152.59[0m[34;1m    775788[0m[34;1m   1995100[0m[34;1m      5924[0m
11:35:06   [34;1m    109540[0m[34;1m   1033652[0m[34;1m    821088[0m[34;1m     27.05[0m[34;1m     49092[0m[34;1m   1962328[0m[34;1m   4632548[0m[31;1m    152.59[0m[34;1m    775796[0m[34;1m   1995492[0m[34;1m      6124[0m
11:35:07   [34;1m    109540[0m[34;1m   1033868[0m[34;1m    820872[0m[34;1m     27.04[0m[34;1m     49100[0m[34;1m   1962536[0m[34;1m   4632548[0m[31;1m    152.59[0m[34;1m    775804[0m[34;1m   1995672[0m[34;1m      6332[0m
11:35:08   [34;1m    107300[0m[34;1m   1031848[0m[34;1m    822880[0m[34;1m     27.10[0m[34;1m     49104[0m[34;1m   1962748[0m[34;1m   4632548[0m[31;1m    152.59[0m[34;1m    775804[0m[34;1m   1996460[0m[34;1m       140[0m
11:35:09   [34;1m    105788[0m[34;1m   1030536[0m[34;1m    824284[0m[34;1m     27.15[0m[34;1m     49104[0m[34;1m   1962880[0m[34;1m   4632548[0m[31;1m    152.59[0m[34;1m    775816[0m[34;1m   1996980[0m[34;1m       220[0m
11:35:10   [34;1m    105788[0m[34;1m   1030712[0m[34;1m    823936[0m[34;1m     27.14[0m[34;1m     49104[0m[34;1m   1963228[0m[34;1m   4632548[0m[31;1m    152.59[0m[34;1m    775816[0m[34;1m   1997296[0m[34;1m       568[0m
11:35:11   [34;1m    105788[0m[34;1m   1030988[0m[34;1m    823764[0m[34;1m     27.13[0m[34;1m     49112[0m[34;1m   1963392[0m[34;1m   4632548[0m[31;1m    152.59[0m[34;1m    775816[0m[34;1m   1997184[0m[34;1m       740[0m
11:35:12   [34;1m    105536[0m[34;1m   1030892[0m[34;1m    823808[0m[34;1m     27.13[0m[34;1m     49112[0m[34;1m   1963600[0m[34;1m   4632548[0m[31;1m    152.59[0m[34;1m    775824[0m[34;1m   1997432[0m[34;1m       960[0m
11:35:13   [34;1m    103548[0m[34;1m   1029172[0m[34;1m    825560[0m[34;1m     27.19[0m[34;1m     49112[0m[34;1m   1963836[0m[34;1m   4632548[0m[31;1m    152.59[0m[34;1m    775824[0m[34;1m   1997572[0m[34;1m      1196[0m
11:35:14   [34;1m    103296[0m[34;1m   1029096[0m[34;1m    825652[0m[34;1m     27.20[0m[34;1m     49112[0m[34;1m   1963996[0m[34;1m   4632548[0m[31;1m    152.59[0m[34;1m    775824[0m[34;1m   1998572[0m[34;1m      1356[0m
11:35:15   [34;1m    103044[0m[34;1m   1029068[0m[34;1m    825684[0m[34;1m     27.20[0m[34;1m     49112[0m[34;1m   1964228[0m[34;1m   4632548[0m[31;1m    152.59[0m[34;1m    775824[0m[34;1m   1998912[0m[34;1m      1488[0m
11:35:16   [34;1m    103044[0m[34;1m   1029364[0m[34;1m    825420[0m[34;1m     27.19[0m[34;1m     49116[0m[34;1m   1964496[0m[34;1m   4632548[0m[31;1m    152.59[0m[34;1m    775916[0m[34;1m   1999232[0m[34;1m      1752[0m
11:35:17   [34;1m    102792[0m[34;1m   1029392[0m[34;1m    825452[0m[34;1m     27.19[0m[34;1m     49116[0m[34;1m   1964716[0m[34;1m   4632548[0m[31;1m    152.59[0m[34;1m    775920[0m[34;1m   1999440[0m[34;1m      1968[0m
11:35:18   [34;1m    102036[0m[34;1m   1028732[0m[34;1m    825912[0m[34;1m     27.20[0m[34;1m     49116[0m[34;1m   1964996[0m[34;1m   4632548[0m[31;1m    152.59[0m[34;1m    775916[0m[34;1m   1999312[0m[34;1m      2248[0m
11:35:19   [34;1m    101308[0m[34;1m   1028252[0m[34;1m    826588[0m[34;1m     27.23[0m[34;1m     49124[0m[34;1m   1965040[0m[34;1m   4632548[0m[31;1m    152.59[0m[34;1m    775920[0m[34;1m   1999360[0m[34;1m      2300[0m
11:35:20   [34;1m    101308[0m[34;1m   1028484[0m[34;1m    826280[0m[34;1m     27.22[0m[34;1m     49124[0m[34;1m   1965364[0m[34;1m   4632548[0m[31;1m    152.59[0m[34;1m    775928[0m[34;1m   1999448[0m[34;1m      2612[0m
11:35:21   [34;1m    101308[0m[34;1m   1028672[0m[34;1m    826156[0m[34;1m     27.21[0m[34;1m     49124[0m[34;1m   1965488[0m[34;1m   4632548[0m[31;1m    152.59[0m[34;1m    775928[0m[34;1m   1999540[0m[34;1m      2736[0m
11:35:22   [34;1m    101308[0m[34;1m   1028904[0m[34;1m    825840[0m[34;1m     27.20[0m[34;1m     49124[0m[34;1m   1965804[0m[34;1m   4632548[0m[31;1m    152.59[0m[34;1m    775928[0m[34;1m   1999432[0m[34;1m      3048[0m
11:35:23   [34;1m    100832[0m[34;1m   1028648[0m[34;1m    826108[0m[34;1m     27.21[0m[34;1m     49128[0m[34;1m   1966004[0m[34;1m   4632548[0m[31;1m    152.59[0m[34;1m    775928[0m[34;1m   1998584[0m[34;1m      3252[0m
11:35:24   [34;1m    100580[0m[34;1m   1028708[0m[34;1m    825900[0m[34;1m     27.20[0m[34;1m     49128[0m[34;1m   1966444[0m[34;1m   4632548[0m[31;1m    152.59[0m[34;1m    776032[0m[34;1m   1999036[0m[34;1m      3388[0m
11:35:25   [34;1m    110448[0m[34;1m   1034992[0m[34;1m    819704[0m[34;1m     27.00[0m[34;1m     49064[0m[34;1m   1962788[0m[34;1m   4637156[0m[31;1m    152.74[0m[34;1m    774676[0m[34;1m   1998656[0m[34;1m      3484[0m
11:35:26   [34;1m    109452[0m[34;1m   1034584[0m[34;1m    820148[0m[34;1m     27.01[0m[34;1m     49064[0m[34;1m   1963372[0m[34;1m   4637156[0m[31;1m    152.74[0m[34;1m    774976[0m[34;1m   1999152[0m[34;1m      3788[0m
11:35:27   [34;1m    108976[0m[34;1m   1034204[0m[34;1m    820496[0m[34;1m     27.03[0m[34;1m     49064[0m[34;1m   1963500[0m[34;1m   4637156[0m[31;1m    152.74[0m[34;1m    774976[0m[34;1m   1999320[0m[34;1m      3916[0m
11:35:28   [34;1m    107468[0m[34;1m   1032948[0m[34;1m    821684[0m[34;1m     27.06[0m[34;1m     49064[0m[34;1m   1963824[0m[34;1m   4637156[0m[31;1m    152.74[0m[34;1m    774972[0m[34;1m   1999360[0m[34;1m      4240[0m
11:35:29   [34;1m    107216[0m[34;1m   1032868[0m[34;1m    821876[0m[34;1m     27.07[0m[34;1m     49064[0m[34;1m   1963892[0m[34;1m   4632548[0m[31;1m    152.59[0m[34;1m    774976[0m[34;1m   1998008[0m[34;1m      4344[0m
11:35:30   [34;1m    106712[0m[34;1m   1032664[0m[34;1m    822048[0m[34;1m     27.08[0m[34;1m     49064[0m[34;1m   1964224[0m[34;1m   4632548[0m[31;1m    152.59[0m[34;1m    774988[0m[34;1m   1998444[0m[34;1m      4624[0m
11:35:31   [34;1m    106236[0m[34;1m   1032464[0m[34;1m    822280[0m[34;1m     27.08[0m[34;1m     49068[0m[34;1m   1964464[0m[34;1m   4632548[0m[31;1m    152.59[0m[34;1m    775032[0m[34;1m   1998912[0m[34;1m      4864[0m
11:35:32   [34;1m    106236[0m[34;1m   1032616[0m[34;1m    822124[0m[34;1m     27.08[0m[34;1m     49068[0m[34;1m   1964620[0m[34;1m   4632548[0m[31;1m    152.59[0m[34;1m    775036[0m[34;1m   1999324[0m[34;1m      5020[0m
11:35:33   [34;1m    104472[0m[34;1m   1031064[0m[34;1m    823644[0m[34;1m     27.13[0m[34;1m     49076[0m[34;1m   1964852[0m[34;1m   4632548[0m[31;1m    152.59[0m[34;1m    775036[0m[34;1m   1999316[0m[34;1m      5260[0m
11:35:34   [34;1m    104220[0m[34;1m   1031060[0m[34;1m    823692[0m[34;1m     27.13[0m[34;1m     49076[0m[34;1m   1965092[0m[34;1m   4632548[0m[31;1m    152.59[0m[34;1m    775068[0m[34;1m   1999924[0m[34;1m       120[0m
11:35:35   [34;1m    104220[0m[34;1m   1031224[0m[34;1m    823548[0m[34;1m     27.13[0m[34;1m     49076[0m[34;1m   1965240[0m[34;1m   4632548[0m[31;1m    152.59[0m[34;1m    775068[0m[34;1m   2000384[0m[34;1m       268[0m
11:35:36   [34;1m    103968[0m[34;1m   1031352[0m[34;1m    823392[0m[34;1m     27.12[0m[34;1m     49076[0m[34;1m   1965628[0m[34;1m   4632548[0m[31;1m    152.59[0m[34;1m    775168[0m[34;1m   2000664[0m[34;1m       560[0m
11:35:37   [34;1m    103716[0m[34;1m   1031264[0m[34;1m    823424[0m[34;1m     27.12[0m[34;1m     49076[0m[34;1m   1965880[0m[34;1m   4632548[0m[31;1m    152.59[0m[34;1m    775184[0m[34;1m   2000900[0m[34;1m       764[0m
11:35:38   [34;1m    102484[0m[34;1m   1030300[0m[34;1m    824460[0m[34;1m     27.16[0m[34;1m     49084[0m[34;1m   1966080[0m[34;1m   4632548[0m[31;1m    152.59[0m[34;1m    775180[0m[34;1m   2001112[0m[34;1m      1076[0m
11:35:39   [34;1m    102484[0m[34;1m   1030476[0m[34;1m    824328[0m[34;1m     27.15[0m[34;1m     49084[0m[34;1m   1966220[0m[34;1m   4632548[0m[31;1m    152.59[0m[34;1m    775192[0m[34;1m   2001208[0m[34;1m      1160[0m
11:35:40   [34;1m    102484[0m[34;1m   1030708[0m[34;1m    824056[0m[34;1m     27.14[0m[34;1m     49084[0m[34;1m   1966492[0m[34;1m   4632548[0m[31;1m    152.59[0m[34;1m    775192[0m[34;1m   2000908[0m[34;1m      1432[0m
11:35:41   [34;1m    102484[0m[34;1m   1030936[0m[34;1m    823820[0m[34;1m     27.14[0m[34;1m     49092[0m[34;1m   1966720[0m[34;1m   4632548[0m[31;1m    152.59[0m[34;1m    775192[0m[34;1m   2001120[0m[34;1m      1668[0m
11:35:42   [34;1m    102260[0m[34;1m   1030944[0m[34;1m    823812[0m[34;1m     27.13[0m[34;1m     49092[0m[34;1m   1966952[0m[34;1m   4632548[0m[31;1m    152.59[0m[34;1m    775200[0m[34;1m   2001400[0m[34;1m      1892[0m
11:35:43   [34;1m    102260[0m[34;1m   1031108[0m[34;1m    823688[0m[34;1m     27.13[0m[34;1m     49092[0m[34;1m   1967076[0m[34;1m   4632548[0m[31;1m    152.59[0m[34;1m    775208[0m[34;1m   2001572[0m[34;1m      2104[0m
11:35:44   [34;1m    102260[0m[34;1m   1031460[0m[34;1m    823340[0m[34;1m     27.12[0m[34;1m     49092[0m[34;1m   1967428[0m[34;1m   4632548[0m[31;1m    152.59[0m[34;1m    775208[0m[34;1m   2002208[0m[34;1m      2360[0m
11:35:45   [34;1m    100752[0m[34;1m   1030064[0m[34;1m    824628[0m[34;1m     27.16[0m[34;1m     49092[0m[34;1m   1967604[0m[34;1m   4637156[0m[31;1m    152.74[0m[34;1m    775208[0m[34;1m   2003424[0m[34;1m      2536[0m
11:35:46   [34;1m    100500[0m[34;1m   1030104[0m[34;1m    824708[0m[34;1m     27.16[0m[34;1m     49092[0m[34;1m   1967764[0m[34;1m   4637156[0m[31;1m    152.74[0m[34;1m    775208[0m[34;1m   2003796[0m[34;1m      2696[0m
11:35:47   [34;1m    100500[0m[34;1m   1030268[0m[34;1m    824480[0m[34;1m     27.16[0m[34;1m     49092[0m[34;1m   1967992[0m[34;1m   4637156[0m[31;1m    152.74[0m[34;1m    775208[0m[34;1m   2003976[0m[34;1m      2924[0m
11:35:48   [34;1m    111512[0m[34;1m   1035228[0m[34;1m    819488[0m[34;1m     26.99[0m[34;1m     48956[0m[34;1m   1962100[0m[34;1m   4637412[0m[31;1m    152.75[0m[34;1m    774364[0m[34;1m   1998968[0m[34;1m      3132[0m
11:35:49   [34;1m    110788[0m[34;1m   1034748[0m[34;1m    819952[0m[34;1m     27.01[0m[34;1m     48956[0m[34;1m   1962396[0m[34;1m   4632804[0m[31;1m    152.60[0m[34;1m    774456[0m[34;1m   1997676[0m[34;1m      3264[0m
11:35:50   [34;1m    110564[0m[34;1m   1034868[0m[34;1m    819920[0m[34;1m     27.01[0m[34;1m     48964[0m[34;1m   1962640[0m[34;1m   4632804[0m[31;1m    152.60[0m[34;1m    774476[0m[34;1m   1997860[0m[34;1m      3596[0m
11:35:51   [34;1m    110564[0m[34;1m   1034948[0m[34;1m    819820[0m[34;1m     27.00[0m[34;1m     48968[0m[34;1m   1962740[0m[34;1m   4632804[0m[31;1m    152.60[0m[34;1m    774476[0m[34;1m   1998040[0m[34;1m      3692[0m
11:35:52   [34;1m    110312[0m[34;1m   1035100[0m[34;1m    819800[0m[34;1m     27.00[0m[34;1m     48968[0m[34;1m   1963020[0m[34;1m   4632804[0m[31;1m    152.60[0m[34;1m    774508[0m[34;1m   1999144[0m[34;1m      3964[0m
11:35:53   [34;1m    110060[0m[34;1m   1034996[0m[34;1m    819808[0m[34;1m     27.00[0m[34;1m     48968[0m[34;1m   1963264[0m[34;1m   4632804[0m[31;1m    152.60[0m[34;1m    774508[0m[34;1m   1998944[0m[34;1m      4208[0m
11:35:54   [34;1m    109584[0m[34;1m   1034756[0m[34;1m    820024[0m[34;1m     27.01[0m[34;1m     48968[0m[34;1m   1963496[0m[34;1m   4632804[0m[31;1m    152.60[0m[34;1m    774508[0m[34;1m   1998920[0m[34;1m      4440[0m
11:35:55   [34;1m    109332[0m[34;1m   1034596[0m[34;1m    820180[0m[34;1m     27.02[0m[34;1m     48968[0m[34;1m   1963588[0m[34;1m   4632804[0m[31;1m    152.60[0m[34;1m    774508[0m[34;1m   1999260[0m[34;1m      4532[0m
11:35:56   [34;1m    109080[0m[34;1m   1034672[0m[34;1m    820104[0m[34;1m     27.01[0m[34;1m     48976[0m[34;1m   1963916[0m[34;1m   4632804[0m[31;1m    152.60[0m[34;1m    774508[0m[34;1m   1999348[0m[34;1m      4868[0m
11:35:57   [34;1m    109080[0m[34;1m   1034772[0m[34;1m    819944[0m[34;1m     27.01[0m[34;1m     48984[0m[34;1m   1964068[0m[34;1m   4632804[0m[31;1m    152.60[0m[34;1m    774508[0m[34;1m   1999448[0m[34;1m      5020[0m
11:35:58   [34;1m    107068[0m[34;1m   1033044[0m[34;1m    821716[0m[34;1m     27.07[0m[34;1m     48984[0m[34;1m   1964300[0m[34;1m   4632804[0m[31;1m    152.60[0m[34;1m    774532[0m[34;1m   2000168[0m[34;1m      5240[0m
11:35:59   [34;1m    106816[0m[34;1m   1032976[0m[34;1m    821796[0m[34;1m     27.07[0m[34;1m     48984[0m[34;1m   1964480[0m[34;1m   4632804[0m[31;1m    152.60[0m[34;1m    774524[0m[34;1m   2000268[0m[34;1m      5420[0m
11:36:00   [34;1m    106340[0m[34;1m   1032676[0m[34;1m    822076[0m[34;1m     27.08[0m[34;1m     48984[0m[34;1m   1964672[0m[34;1m   4632804[0m[31;1m    152.60[0m[34;1m    774524[0m[34;1m   2000208[0m[34;1m      5612[0m
11:36:01   [34;1m    106340[0m[34;1m   1032808[0m[34;1m    821940[0m[34;1m     27.07[0m[34;1m     48984[0m[34;1m   1964808[0m[34;1m   4632804[0m[31;1m    152.60[0m[34;1m    774524[0m[34;1m   2000388[0m[34;1m      5748[0m
11:36:02   [34;1m    106340[0m[34;1m   1033096[0m[34;1m    821640[0m[34;1m     27.06[0m[34;1m     48992[0m[34;1m   1965096[0m[34;1m   4632804[0m[31;1m    152.60[0m[34;1m    774524[0m[34;1m   2000568[0m[34;1m      6040[0m
11:36:03   [34;1m    106088[0m[34;1m   1033072[0m[34;1m    821684[0m[34;1m     27.06[0m[34;1m     48992[0m[34;1m   1965304[0m[34;1m   4632804[0m[31;1m    152.60[0m[34;1m    774532[0m[34;1m   2000916[0m[34;1m      6240[0m
11:36:04   [34;1m    106088[0m[34;1m   1033336[0m[34;1m    821452[0m[34;1m     27.06[0m[34;1m     48992[0m[34;1m   1965572[0m[34;1m   4632804[0m[31;1m    152.60[0m[34;1m    774528[0m[34;1m   2001384[0m[34;1m        32[0m
11:36:05   [34;1m    104828[0m[34;1m   1032152[0m[34;1m    822624[0m[34;1m     27.10[0m[34;1m     48992[0m[34;1m   1965616[0m[34;1m   4637412[0m[31;1m    152.75[0m[34;1m    774528[0m[34;1m   2003044[0m[34;1m        80[0m
11:36:06   [34;1m    104828[0m[34;1m   1032360[0m[34;1m    822344[0m[34;1m     27.09[0m[34;1m     48992[0m[34;1m   1965896[0m[34;1m   4637412[0m[31;1m    152.75[0m[34;1m    774532[0m[34;1m   2003536[0m[34;1m       364[0m
11:36:07   [34;1m    104576[0m[34;1m   1032372[0m[34;1m    822360[0m[34;1m     27.09[0m[34;1m     49008[0m[34;1m   1966112[0m[34;1m   4637412[0m[31;1m    152.75[0m[34;1m    774532[0m[34;1m   2003836[0m[34;1m       596[0m
11:36:08   [34;1m    104072[0m[34;1m   1032148[0m[34;1m    822628[0m[34;1m     27.10[0m[34;1m     49008[0m[34;1m   1966360[0m[34;1m   4637412[0m[31;1m    152.75[0m[34;1m    774544[0m[34;1m   2004336[0m[34;1m       892[0m
11:36:09   [34;1m    102308[0m[34;1m   1030492[0m[34;1m    824164[0m[34;1m     27.15[0m[34;1m     49008[0m[34;1m   1966612[0m[34;1m   4632804[0m[31;1m    152.60[0m[34;1m    774548[0m[34;1m   2003036[0m[34;1m      1100[0m
11:36:10   [34;1m    102308[0m[34;1m   1030816[0m[34;1m    823964[0m[34;1m     27.14[0m[34;1m     49016[0m[34;1m   1966816[0m[34;1m   4632804[0m[31;1m    152.60[0m[34;1m    774600[0m[34;1m   2003260[0m[34;1m      1300[0m
11:36:11   [34;1m    102056[0m[34;1m   1030676[0m[34;1m    824120[0m[34;1m     27.15[0m[34;1m     49016[0m[34;1m   1966916[0m[34;1m   4632804[0m[31;1m    152.60[0m[34;1m    774600[0m[34;1m   2003480[0m[34;1m      1400[0m
11:36:12   [34;1m    101308[0m[34;1m   1029932[0m[34;1m    826920[0m[34;1m     27.24[0m[34;1m     49016[0m[34;1m   1967208[0m[34;1m   4632804[0m[31;1m    152.60[0m[34;1m    774604[0m[34;1m   2004108[0m[34;1m      1680[0m
11:36:13   [34;1m     99544[0m[34;1m   1028188[0m[34;1m    828720[0m[34;1m     27.30[0m[34;1m     49016[0m[34;1m   1967236[0m[34;1m   4632804[0m[31;1m    152.60[0m[34;1m    774604[0m[34;1m   2004268[0m[34;1m      1708[0m
