role.rbac.authorization.k8s.io/serviceweaver-pods-getter created
rolebinding.rbac.authorization.k8s.io/serviceweaver-default-pods-getter created
configmap/config-b6e6a56b created
deployment.apps/ob-ad-b6e6a56b-0a7c3fc4 created
horizontalpodautoscaler.autoscaling/ob-ad-b6e6a56b-0a7c3fc4 created
deployment.apps/ob-co-b6e6a56b-f2e5a532 created
horizontalpodautoscaler.autoscaling/ob-co-b6e6a56b-f2e5a532 created
deployment.apps/ob-cs-b6e6a56b-44d1e409 created
horizontalpodautoscaler.autoscaling/ob-cs-b6e6a56b-44d1e409 created
deployment.apps/ob-cu-b6e6a56b-69ff57d4 created
horizontalpodautoscaler.autoscaling/ob-cu-b6e6a56b-69ff57d4 created
deployment.apps/ob-em-b6e6a56b-70d46f13 created
horizontalpodautoscaler.autoscaling/ob-em-b6e6a56b-70d46f13 created
service/boutique-b6e6a56b created
deployment.apps/ob-weaver-main-b6e6a56b-f819f4c0 created
horizontalpodautoscaler.autoscaling/ob-weaver-main-b6e6a56b-f819f4c0 created
deployment.apps/ob-pa-b6e6a56b-9a59740e created
horizontalpodautoscaler.autoscaling/ob-pa-b6e6a56b-9a59740e created
deployment.apps/ob-pc-b6e6a56b-a43cc41e created
horizontalpodautoscaler.autoscaling/ob-pc-b6e6a56b-a43cc41e created
deployment.apps/ob-rc-b6e6a56b-2551fb87 created
horizontalpodautoscaler.autoscaling/ob-rc-b6e6a56b-2551fb87 created
deployment.apps/ob-sh-b6e6a56b-0466d799 created
horizontalpodautoscaler.autoscaling/ob-sh-b6e6a56b-0466d799 created
