Linux 6.6.95 (ssp-study-m02) 	04/21/26 	_x86_64_	(2 CPU)

10:39:07    kbmemfree   kbavail kbmemused  %memused kbbuffers  kbcached  kbcommit   %commit  kbactive   kbinact   kbdirty
10:39:08   [34;1m     72692[0m[34;1m   1471032[0m[34;1m    385144[0m[34;1m     12.69[0m[34;1m     43564[0m[34;1m   2435372[0m[34;1m   4476704[0m[31;1m    147.45[0m[34;1m    713052[0m[34;1m   2095504[0m[34;1m       860[0m
10:39:09   [34;1m     71712[0m[34;1m   1470056[0m[34;1m    386096[0m[34;1m     12.72[0m[34;1m     43564[0m[34;1m   2435376[0m[34;1m   4484896[0m[31;1m    147.72[0m[34;1m    713052[0m[34;1m   2096296[0m[34;1m       864[0m
10:39:10   [34;1m     69028[0m[34;1m   1467372[0m[34;1m    388744[0m[34;1m     12.80[0m[34;1m     43568[0m[34;1m   2435372[0m[34;1m   4518628[0m[31;1m    148.84[0m[34;1m    713056[0m[34;1m   2098452[0m[34;1m       864[0m
10:39:11   [34;1m     86188[0m[34;1m   1464816[0m[34;1m    391464[0m[34;1m     12.89[0m[34;1m     43568[0m[34;1m   2415892[0m[34;1m   4536596[0m[31;1m    149.43[0m[34;1m    712648[0m[34;1m   2083528[0m[34;1m         4[0m
10:39:12   [34;1m     84708[0m[34;1m   1463336[0m[34;1m    392944[0m[34;1m     12.94[0m[34;1m     43568[0m[34;1m   2415892[0m[34;1m   4545432[0m[31;1m    149.72[0m[34;1m    712648[0m[34;1m   2084808[0m[34;1m         4[0m
10:39:13   [34;1m     84204[0m[34;1m   1462840[0m[34;1m    393408[0m[34;1m     12.96[0m[34;1m     43572[0m[34;1m   2415896[0m[34;1m   4557720[0m[31;1m    150.12[0m[34;1m    712652[0m[34;1m   2085428[0m[34;1m        12[0m
10:39:14   [34;1m     83048[0m[34;1m   1461684[0m[34;1m    394564[0m[34;1m     13.00[0m[34;1m     43580[0m[34;1m   2415888[0m[34;1m   4554536[0m[31;1m    150.02[0m[34;1m    712660[0m[34;1m   2085376[0m[34;1m        12[0m
10:39:15   [34;1m     81816[0m[34;1m   1460460[0m[34;1m    395752[0m[34;1m     13.04[0m[34;1m     43580[0m[34;1m   2415896[0m[34;1m   4555112[0m[31;1m    150.04[0m[34;1m    712668[0m[34;1m   2086088[0m[34;1m        52[0m
10:39:16   [34;1m     79296[0m[34;1m   1457944[0m[34;1m    398292[0m[34;1m     13.12[0m[34;1m     43580[0m[34;1m   2415900[0m[34;1m   4556840[0m[31;1m    150.09[0m[34;1m    712668[0m[34;1m   2089632[0m[34;1m        56[0m
10:39:17   [34;1m     78288[0m[34;1m   1456940[0m[34;1m    399296[0m[34;1m     13.15[0m[34;1m     43580[0m[34;1m   2415904[0m[34;1m   4556840[0m[31;1m    150.09[0m[34;1m    712668[0m[34;1m   2090748[0m[34;1m        60[0m
10:39:18   [34;1m     74760[0m[34;1m   1453416[0m[34;1m    402796[0m[34;1m     13.27[0m[34;1m     43580[0m[34;1m   2415908[0m[34;1m   4557096[0m[31;1m    150.10[0m[34;1m    712672[0m[34;1m   2091724[0m[34;1m        64[0m
10:39:19   [34;1m     74256[0m[34;1m   1452924[0m[34;1m    403292[0m[34;1m     13.28[0m[34;1m     43588[0m[34;1m   2415912[0m[34;1m   4566252[0m[31;1m    150.40[0m[34;1m    712676[0m[34;1m   2093252[0m[34;1m        68[0m
10:39:20   [34;1m     71992[0m[34;1m   1450664[0m[34;1m    405552[0m[34;1m     13.36[0m[34;1m     43588[0m[34;1m   2415916[0m[34;1m   4574700[0m[31;1m    150.68[0m[34;1m    712676[0m[34;1m   2094584[0m[34;1m        72[0m
10:39:21   [34;1m     70984[0m[34;1m   1449656[0m[34;1m    406536[0m[34;1m     13.39[0m[34;1m     43588[0m[34;1m   2415916[0m[34;1m   4575532[0m[31;1m    150.71[0m[34;1m    712676[0m[34;1m   2096344[0m[34;1m        72[0m
10:39:22   [34;1m     69976[0m[34;1m   1448652[0m[34;1m    407568[0m[34;1m     13.42[0m[34;1m     43588[0m[34;1m   2415924[0m[34;1m   4584688[0m[31;1m    151.01[0m[34;1m    712676[0m[34;1m   2098284[0m[34;1m        80[0m
10:39:23   [34;1m     88224[0m[34;1m   1447588[0m[34;1m    408748[0m[34;1m     13.46[0m[34;1m     43536[0m[34;1m   2396884[0m[34;1m   4585264[0m[31;1m    151.03[0m[34;1m    711708[0m[34;1m   2082132[0m[34;1m        88[0m
10:39:24   [34;1m     86972[0m[34;1m   1446348[0m[34;1m    410112[0m[34;1m     13.51[0m[34;1m     43544[0m[34;1m   2396932[0m[34;1m   4585264[0m[31;1m    151.03[0m[34;1m    711824[0m[34;1m   2083196[0m[34;1m        92[0m
10:39:25   [34;1m     84704[0m[34;1m   1444112[0m[34;1m    412272[0m[34;1m     13.58[0m[34;1m     43544[0m[34;1m   2396944[0m[34;1m   4585264[0m[31;1m    151.03[0m[34;1m    711852[0m[34;1m   2084236[0m[34;1m        96[0m
10:39:26   [34;1m     83952[0m[34;1m   1443364[0m[34;1m    413124[0m[34;1m     13.61[0m[34;1m     43544[0m[34;1m   2396948[0m[34;1m   4602676[0m[31;1m    151.60[0m[34;1m    711852[0m[34;1m   2085776[0m[34;1m       100[0m
10:39:27   [34;1m     82944[0m[34;1m   1442364[0m[34;1m    414108[0m[34;1m     13.64[0m[34;1m     43544[0m[34;1m   2396956[0m[34;1m   4603444[0m[31;1m    151.63[0m[34;1m    711852[0m[34;1m   2086780[0m[34;1m         4[0m
10:39:28   [34;1m     81940[0m[34;1m   1441360[0m[34;1m    415144[0m[34;1m     13.67[0m[34;1m     43544[0m[34;1m   2396956[0m[34;1m   4603444[0m[31;1m    151.63[0m[34;1m    711852[0m[34;1m   2087280[0m[34;1m         4[0m
10:39:29   [34;1m     80940[0m[34;1m   1440368[0m[34;1m    416124[0m[34;1m     13.71[0m[34;1m     43552[0m[34;1m   2396968[0m[34;1m   4619960[0m[31;1m    152.17[0m[34;1m    711856[0m[34;1m   2087888[0m[34;1m        44[0m
10:39:30   [34;1m     77428[0m[34;1m   1436868[0m[34;1m    419544[0m[34;1m     13.82[0m[34;1m     43552[0m[34;1m   2396968[0m[34;1m   4620536[0m[31;1m    152.19[0m[34;1m    711864[0m[34;1m   2089976[0m[34;1m        44[0m
10:39:31   [34;1m     75220[0m[34;1m   1434676[0m[34;1m    421732[0m[34;1m     13.89[0m[34;1m     43552[0m[34;1m   2396976[0m[34;1m   4624872[0m[31;1m    152.33[0m[34;1m    711864[0m[34;1m   2091424[0m[34;1m        52[0m
10:39:32   [34;1m     74472[0m[34;1m   1433932[0m[34;1m    422436[0m[34;1m     13.91[0m[34;1m     43552[0m[34;1m   2396980[0m[34;1m   4625128[0m[31;1m    152.34[0m[34;1m    711864[0m[34;1m   2092060[0m[34;22m         0[0m
10:39:33   [34;1m     73972[0m[34;1m   1433440[0m[34;1m    422952[0m[34;1m     13.93[0m[34;1m     43552[0m[34;1m   2396988[0m[34;1m   4625128[0m[31;1m    152.34[0m[34;1m    711864[0m[34;1m   2092380[0m[34;1m        12[0m
10:39:34   [34;1m     73756[0m[34;1m   1433224[0m[34;1m    423316[0m[34;1m     13.94[0m[34;1m     43552[0m[34;1m   2396992[0m[34;1m   4620792[0m[31;1m    152.20[0m[34;1m    711864[0m[34;1m   2091100[0m[34;1m        16[0m
10:39:35   [34;1m     73696[0m[34;1m   1433184[0m[34;1m    423172[0m[34;1m     13.94[0m[34;1m     43560[0m[34;1m   2397000[0m[34;1m   4620792[0m[31;1m    152.20[0m[34;1m    711888[0m[34;1m   2091644[0m[34;1m        40[0m
10:39:36   [34;1m     72976[0m[34;1m   1432464[0m[34;1m    423856[0m[34;1m     13.96[0m[34;1m     43560[0m[34;1m   2397004[0m[34;1m   4621368[0m[31;1m    152.22[0m[34;1m    711884[0m[34;1m   2092560[0m[34;1m        44[0m
10:39:37   [34;1m     72224[0m[34;1m   1431720[0m[34;1m    424576[0m[34;1m     13.98[0m[34;1m     43560[0m[34;1m   2397008[0m[34;1m   4629692[0m[31;1m    152.49[0m[34;1m    711884[0m[34;1m   2093120[0m[34;1m        48[0m
10:39:38   [34;1m     70968[0m[34;1m   1430472[0m[34;1m    425776[0m[34;1m     14.02[0m[34;1m     43560[0m[34;1m   2397016[0m[34;1m   4629692[0m[31;1m    152.49[0m[34;1m    711884[0m[34;1m   2094220[0m[34;1m        56[0m
10:39:39   [34;1m     69716[0m[34;1m   1429220[0m[34;1m    427240[0m[34;1m     14.07[0m[34;1m     43560[0m[34;1m   2397016[0m[34;1m   4630524[0m[31;1m    152.52[0m[34;1m    711884[0m[34;1m   2094680[0m[34;1m        56[0m
10:39:40   [34;1m     68964[0m[34;1m   1428480[0m[34;1m    427804[0m[34;1m     14.09[0m[34;1m     43568[0m[34;1m   2397028[0m[34;1m   4630780[0m[31;1m    152.53[0m[34;1m    711888[0m[34;1m   2094532[0m[34;1m        68[0m
10:39:41   [34;1m     92872[0m[34;1m   1433104[0m[34;1m    423528[0m[34;1m     13.95[0m[34;1m     43440[0m[34;1m   2378096[0m[34;1m   4630780[0m[31;1m    152.53[0m[34;1m    710820[0m[34;1m   2077592[0m[34;1m         4[0m
10:39:42   [34;1m     91900[0m[34;1m   1432140[0m[34;1m    424556[0m[34;1m     13.98[0m[34;1m     43440[0m[34;1m   2378104[0m[34;1m   4638972[0m[31;1m    152.80[0m[34;1m    710820[0m[34;1m   2077932[0m[34;1m        12[0m
10:39:43   [34;1m     91400[0m[34;1m   1431652[0m[34;1m    425060[0m[34;1m     14.00[0m[34;1m     43440[0m[34;1m   2378116[0m[34;1m   4638972[0m[31;1m    152.80[0m[34;1m    710824[0m[34;1m   2077940[0m[34;1m        28[0m
10:39:44   [34;1m     90652[0m[34;1m   1430908[0m[34;1m    425756[0m[34;1m     14.02[0m[34;1m     43440[0m[34;1m   2378120[0m[34;1m   4638972[0m[31;1m    152.80[0m[34;1m    710824[0m[34;1m   2078480[0m[34;1m        32[0m
10:39:45   [34;1m     89676[0m[34;1m   1429948[0m[34;1m    426716[0m[34;1m     14.06[0m[34;1m     43452[0m[34;1m   2378124[0m[34;1m   4638972[0m[31;1m    152.80[0m[34;1m    710832[0m[34;1m   2078332[0m[34;1m        56[0m
10:39:46   [34;1m     88932[0m[34;1m   1429208[0m[34;1m    427336[0m[34;1m     14.08[0m[34;1m     43452[0m[34;1m   2378132[0m[34;1m   4638972[0m[31;1m    152.80[0m[34;1m    710836[0m[34;1m   2078784[0m[34;1m        64[0m
10:39:47   [34;1m     87932[0m[34;1m   1428220[0m[34;1m    428404[0m[34;1m     14.11[0m[34;1m     43452[0m[34;1m   2378144[0m[34;1m   4638972[0m[31;1m    152.80[0m[34;1m    710836[0m[34;1m   2079732[0m[34;1m        76[0m
10:39:48   [34;1m     86428[0m[34;1m   1426720[0m[34;1m    429928[0m[34;1m     14.16[0m[34;1m     43452[0m[34;1m   2378148[0m[34;1m   4638972[0m[31;1m    152.80[0m[34;1m    710836[0m[34;1m   2079992[0m[34;1m        80[0m
10:39:49   [34;1m     85684[0m[34;1m   1425988[0m[34;1m    430692[0m[34;1m     14.19[0m[34;1m     43452[0m[34;1m   2378160[0m[34;1m   4638972[0m[31;1m    152.80[0m[34;1m    710836[0m[34;1m   2079144[0m[34;1m        92[0m
10:39:50   [34;1m     85184[0m[34;1m   1425492[0m[34;1m    431172[0m[34;1m     14.20[0m[34;1m     43468[0m[34;1m   2378144[0m[34;1m   4638972[0m[31;1m    152.80[0m[34;1m    710836[0m[34;1m   2079956[0m[34;1m        92[0m
10:39:51   [34;1m     82952[0m[34;1m   1423288[0m[34;1m    433336[0m[34;1m     14.27[0m[34;1m     43468[0m[34;1m   2378176[0m[34;1m   4643308[0m[31;1m    152.94[0m[34;1m    710852[0m[34;1m   2082092[0m[34;1m       108[0m
10:39:52   [34;1m     82456[0m[34;1m   1422792[0m[34;1m    433896[0m[34;1m     14.29[0m[34;1m     43468[0m[34;1m   2378176[0m[34;1m   4643308[0m[31;1m    152.94[0m[34;1m    710852[0m[34;1m   2081432[0m[34;1m       108[0m
10:39:53   [34;1m     79940[0m[34;1m   1420288[0m[34;1m    436296[0m[34;1m     14.37[0m[34;1m     43468[0m[34;1m   2378184[0m[34;1m   4643308[0m[31;1m    152.94[0m[34;1m    710848[0m[34;1m   2081932[0m[34;1m       116[0m
10:39:54   [34;1m     79192[0m[34;1m   1419544[0m[34;1m    437116[0m[34;1m     14.40[0m[34;1m     43468[0m[34;1m   2378192[0m[34;1m   4639548[0m[31;1m    152.82[0m[34;1m    710852[0m[34;1m   2081068[0m[34;1m       124[0m
10:39:55   [34;1m     77436[0m[34;1m   1417804[0m[34;1m    438808[0m[34;1m     14.45[0m[34;1m     43476[0m[34;1m   2378196[0m[34;1m   4639548[0m[31;1m    152.82[0m[34;1m    710856[0m[34;1m   2082300[0m[34;1m       128[0m
10:39:56   [34;1m     77436[0m[34;1m   1417808[0m[34;1m    438820[0m[34;1m     14.45[0m[34;1m     43476[0m[34;1m   2378200[0m[34;1m   4639548[0m[31;1m    152.82[0m[34;1m    710860[0m[34;1m   2082380[0m[34;1m       132[0m
10:39:57   [34;1m     76684[0m[34;1m   1417064[0m[34;1m    439588[0m[34;1m     14.48[0m[34;1m     43476[0m[34;1m   2378208[0m[34;1m   4639548[0m[31;1m    152.82[0m[34;1m    710860[0m[34;1m   2082476[0m[34;1m       140[0m
10:39:58   [34;1m     75940[0m[34;1m   1416320[0m[34;1m    440240[0m[34;1m     14.50[0m[34;1m     43476[0m[34;1m   2378212[0m[34;1m   4639548[0m[31;1m    152.82[0m[34;1m    710860[0m[34;1m   2082056[0m[34;1m       144[0m
10:39:59   [34;1m     75692[0m[34;1m   1416080[0m[34;1m    440584[0m[34;1m     14.51[0m[34;1m     43476[0m[34;1m   2378220[0m[34;1m   4639548[0m[31;1m    152.82[0m[34;1m    710860[0m[34;1m   2082096[0m[34;1m       152[0m
10:40:00   [34;1m     74948[0m[34;1m   1415352[0m[34;1m    441268[0m[34;1m     14.53[0m[34;1m     43484[0m[34;1m   2378228[0m[34;1m   4639548[0m[31;1m    152.82[0m[34;1m    710876[0m[34;1m   2082300[0m[34;1m       160[0m
10:40:01   [34;1m     74700[0m[34;1m   1415108[0m[34;1m    441580[0m[34;1m     14.54[0m[34;1m     43484[0m[34;1m   2378232[0m[34;1m   4639548[0m[31;1m    152.82[0m[34;1m    710868[0m[34;1m   2083212[0m[34;1m       164[0m
10:40:02   [34;1m     74204[0m[34;1m   1414740[0m[34;1m    441864[0m[34;1m     14.55[0m[34;1m     43616[0m[34;1m   2378244[0m[34;1m   4639548[0m[31;1m    152.82[0m[34;1m    710980[0m[34;1m   2083092[0m[34;1m       176[0m
10:40:03   [34;1m     73708[0m[34;1m   1414264[0m[34;1m    442400[0m[34;1m     14.57[0m[34;1m     43616[0m[34;1m   2378244[0m[34;1m   4639548[0m[31;1m    152.82[0m[34;1m    711012[0m[34;1m   2083556[0m[34;1m       176[0m
10:40:04   [34;1m     89248[0m[34;1m   1425200[0m[34;1m    431376[0m[34;1m     14.21[0m[34;1m     43616[0m[34;1m   2373756[0m[34;1m   4639548[0m[31;1m    152.82[0m[34;1m    710820[0m[34;1m   2079336[0m[34;1m       188[0m
10:40:05   [34;1m     88260[0m[34;1m   1424176[0m[34;1m    432532[0m[34;1m     14.25[0m[34;1m     43624[0m[34;1m   2373656[0m[34;1m   4639548[0m[31;1m    152.82[0m[34;1m    710852[0m[34;1m   2079504[0m[34;1m       188[0m
10:40:06   [34;1m     87516[0m[34;1m   1423456[0m[34;1m    433216[0m[34;1m     14.27[0m[34;1m     43624[0m[34;1m   2373676[0m[34;1m   4639548[0m[31;1m    152.82[0m[34;1m    710860[0m[34;1m   2080000[0m[34;1m       204[0m
10:40:07   [34;1m     87020[0m[34;1m   1422964[0m[34;1m    433736[0m[34;1m     14.29[0m[34;1m     43624[0m[34;1m   2373680[0m[34;1m   4639548[0m[31;1m    152.82[0m[34;1m    710860[0m[34;1m   2079656[0m[34;1m       208[0m
10:40:08   [34;1m     86272[0m[34;1m   1422216[0m[34;1m    434488[0m[34;1m     14.31[0m[34;1m     43624[0m[34;1m   2373684[0m[34;1m   4639548[0m[31;1m    152.82[0m[34;1m    710860[0m[34;1m   2080196[0m[34;1m       212[0m
10:40:09   [34;1m     85076[0m[34;1m   1421036[0m[34;1m    435660[0m[34;1m     14.35[0m[34;1m     43624[0m[34;1m   2373696[0m[34;1m   4639548[0m[31;1m    152.82[0m[34;1m    710904[0m[34;1m   2080400[0m[34;1m       224[0m
10:40:10   [34;1m     84828[0m[34;1m   1420788[0m[34;1m    435944[0m[34;1m     14.36[0m[34;1m     43632[0m[34;1m   2373688[0m[34;1m   4639548[0m[31;1m    152.82[0m[34;1m    710904[0m[34;1m   2080812[0m[34;1m       224[0m
10:40:11   [34;1m     83328[0m[34;1m   1419304[0m[34;1m    437328[0m[34;1m     14.40[0m[34;1m     43632[0m[34;1m   2373704[0m[34;1m   4643884[0m[31;1m    152.96[0m[34;1m    710912[0m[34;1m   2082136[0m[34;1m       232[0m
10:40:12   [34;1m     82604[0m[34;1m   1418584[0m[34;1m    438132[0m[34;1m     14.43[0m[34;1m     43632[0m[34;1m   2373708[0m[34;1m   4643884[0m[31;1m    152.96[0m[34;1m    710912[0m[34;1m   2082820[0m[34;1m        28[0m
10:40:13   [34;1m     81604[0m[34;1m   1417592[0m[34;1m    439080[0m[34;1m     14.46[0m[34;1m     43632[0m[34;1m   2373716[0m[34;1m   4643884[0m[31;1m    152.96[0m[34;1m    710912[0m[34;1m   2083296[0m[34;1m        40[0m
10:40:14   [34;1m     80860[0m[34;1m   1416848[0m[34;1m    439900[0m[34;1m     14.49[0m[34;1m     43632[0m[34;1m   2373720[0m[34;1m   4639548[0m[31;1m    152.82[0m[34;1m    710912[0m[34;1m   2082088[0m[34;1m        44[0m
10:40:15   [34;1m     80116[0m[34;1m   1416112[0m[34;1m    440520[0m[34;1m     14.51[0m[34;1m     43632[0m[34;1m   2373732[0m[34;1m   4639548[0m[31;1m    152.82[0m[34;1m    710912[0m[34;1m   2081804[0m[34;1m        56[0m
10:40:16   [34;1m     79372[0m[34;1m   1415388[0m[34;1m    441340[0m[34;1m     14.54[0m[34;1m     43644[0m[34;1m   2373732[0m[34;1m   4639548[0m[31;1m    152.82[0m[34;1m    710924[0m[34;1m   2081864[0m[34;1m        56[0m
10:40:17   [34;1m     78876[0m[34;1m   1414904[0m[34;1m    441748[0m[34;1m     14.55[0m[34;1m     43644[0m[34;1m   2373748[0m[34;1m   4639548[0m[31;1m    152.82[0m[34;1m    710920[0m[34;1m   2081764[0m[34;1m        44[0m
10:40:18   [34;1m     90512[0m[34;1m   1421868[0m[34;1m    434908[0m[34;1m     14.33[0m[34;1m     43644[0m[34;1m   2369048[0m[34;1m   4639548[0m[31;1m    152.82[0m[34;1m    711120[0m[34;1m   2077328[0m[34;1m        44[0m
10:40:19   [34;1m     89152[0m[34;1m   1420416[0m[34;1m    436364[0m[34;1m     14.37[0m[34;1m     43644[0m[34;1m   2369020[0m[34;1m   4639548[0m[31;1m    152.82[0m[34;1m    711144[0m[34;1m   2077264[0m[34;1m        52[0m
10:40:20   [34;1m     87900[0m[34;1m   1419168[0m[34;1m    437608[0m[34;1m     14.41[0m[34;1m     43644[0m[34;1m   2369024[0m[34;1m   4639548[0m[31;1m    152.82[0m[34;1m    711144[0m[34;1m   2078380[0m[34;1m        56[0m
10:40:21   [34;1m     87180[0m[34;1m   1418464[0m[34;1m    438296[0m[34;1m     14.44[0m[34;1m     43652[0m[34;1m   2369032[0m[34;1m   4639548[0m[31;1m    152.82[0m[34;1m    711152[0m[34;1m   2078432[0m[34;1m        68[0m
10:40:22   [34;1m     86680[0m[34;1m   1417976[0m[34;1m    438772[0m[34;1m     14.45[0m[34;1m     43652[0m[34;1m   2369048[0m[34;1m   4639548[0m[31;1m    152.82[0m[34;1m    711152[0m[34;1m   2079040[0m[34;1m        12[0m
10:40:23   [34;1m     85936[0m[34;1m   1417240[0m[34;1m    439428[0m[34;1m     14.47[0m[34;1m     43652[0m[34;1m   2369056[0m[34;1m   4639548[0m[31;1m    152.82[0m[34;1m    711152[0m[34;1m   2078800[0m[34;1m        24[0m
10:40:24   [34;1m     85440[0m[34;1m   1416748[0m[34;1m    440080[0m[34;1m     14.50[0m[34;1m     43652[0m[34;1m   2369056[0m[34;1m   4639548[0m[31;1m    152.82[0m[34;1m    711152[0m[34;1m   2078536[0m[34;1m        24[0m
10:40:25   [34;1m     84692[0m[34;1m   1416008[0m[34;1m    440680[0m[34;1m     14.52[0m[34;1m     43652[0m[34;1m   2369064[0m[34;1m   4639548[0m[31;1m    152.82[0m[34;1m    711148[0m[34;1m   2078944[0m[34;1m        32[0m
10:40:26   [34;1m     84192[0m[34;1m   1415512[0m[34;1m    441292[0m[34;1m     14.54[0m[34;1m     43660[0m[34;1m   2369068[0m[34;1m   4639548[0m[31;1m    152.82[0m[34;1m    711152[0m[34;1m   2079368[0m[34;1m        52[0m
10:40:27   [34;1m     83696[0m[34;1m   1415028[0m[34;1m    441656[0m[34;1m     14.55[0m[34;1m     43660[0m[34;1m   2369080[0m[34;1m   4639548[0m[31;1m    152.82[0m[34;1m    711160[0m[34;1m   2078640[0m[34;1m         4[0m
10:40:28   [34;1m     83200[0m[34;1m   1414536[0m[34;1m    442240[0m[34;1m     14.57[0m[34;1m     43660[0m[34;1m   2369080[0m[34;1m   4639548[0m[31;1m    152.82[0m[34;1m    711160[0m[34;1m   2078700[0m[34;1m         8[0m
10:40:29   [34;1m     81960[0m[34;1m   1413312[0m[34;1m    443428[0m[34;1m     14.61[0m[34;1m     43660[0m[34;1m   2369096[0m[34;1m   4639548[0m[31;1m    152.82[0m[34;1m    711160[0m[34;1m   2078896[0m[34;1m        24[0m
10:40:30   [34;1m     81212[0m[34;1m   1412568[0m[34;1m    444228[0m[34;1m     14.63[0m[34;1m     43660[0m[34;1m   2369096[0m[34;1m   4639548[0m[31;1m    152.82[0m[34;1m    711160[0m[34;1m   2078956[0m[34;1m        24[0m
10:40:31   [34;1m     80720[0m[34;1m   1412224[0m[34;1m    444508[0m[34;1m     14.64[0m[34;1m     43668[0m[34;1m   2369236[0m[34;1m   4643884[0m[31;1m    152.96[0m[34;1m    711304[0m[34;1m   2080332[0m[34;1m        64[0m
10:40:32   [34;1m     80220[0m[34;1m   1411724[0m[34;1m    445072[0m[34;1m     14.66[0m[34;1m     43668[0m[34;1m   2369240[0m[34;1m   4643884[0m[31;1m    152.96[0m[34;1m    711304[0m[34;1m   2080528[0m[34;1m        68[0m
10:40:33   [34;1m     79476[0m[34;1m   1410984[0m[34;1m    445796[0m[34;1m     14.68[0m[34;1m     43668[0m[34;1m   2369244[0m[34;1m   4643884[0m[31;1m    152.96[0m[34;1m    711304[0m[34;1m   2080788[0m[34;1m        76[0m
10:40:34   [34;1m     78480[0m[34;1m   1409996[0m[34;1m    446764[0m[34;1m     14.72[0m[34;1m     43668[0m[34;1m   2369252[0m[34;1m   4639548[0m[31;1m    152.82[0m[34;1m    711304[0m[34;1m   2079424[0m[34;1m        84[0m
10:40:35   [34;1m     91612[0m[34;1m   1420884[0m[34;1m    435836[0m[34;1m     14.36[0m[34;1m     43668[0m[34;1m   2367060[0m[34;1m   4639548[0m[31;1m    152.82[0m[34;1m    711156[0m[34;1m   2077892[0m[34;1m        92[0m
10:40:36   [34;1m     89744[0m[34;1m   1418972[0m[34;1m    437880[0m[34;1m     14.42[0m[34;1m     43676[0m[34;1m   2366980[0m[34;1m   4639548[0m[31;1m    152.82[0m[34;1m    711152[0m[34;1m   2077964[0m[34;1m       100[0m
10:40:37   [34;1m     89248[0m[34;1m   1418480[0m[34;1m    438268[0m[34;1m     14.44[0m[34;1m     43676[0m[34;1m   2366988[0m[34;1m   4639548[0m[31;1m    152.82[0m[34;1m    711152[0m[34;1m   2078080[0m[34;1m       108[0m
10:40:38   [34;1m     88752[0m[34;1m   1418000[0m[34;1m    438824[0m[34;1m     14.45[0m[34;1m     43676[0m[34;1m   2367000[0m[34;1m   4639548[0m[31;1m    152.82[0m[34;1m    711152[0m[34;1m   2078080[0m[34;1m       120[0m
10:40:39   [34;1m     88008[0m[34;1m   1417256[0m[34;1m    439520[0m[34;1m     14.48[0m[34;1m     43676[0m[34;1m   2367004[0m[34;1m   4639548[0m[31;1m    152.82[0m[34;1m    711152[0m[34;1m   2077760[0m[34;1m       124[0m
10:40:40   [34;1m     86756[0m[34;1m   1416004[0m[34;1m    440888[0m[34;1m     14.52[0m[34;1m     43676[0m[34;1m   2367008[0m[34;1m   4639548[0m[31;1m    152.82[0m[34;1m    711152[0m[34;1m   2077760[0m[34;1m       128[0m
10:40:41   [34;1m     86260[0m[34;1m   1415528[0m[34;1m    441204[0m[34;1m     14.53[0m[34;1m     43684[0m[34;1m   2367016[0m[34;1m   4639548[0m[31;1m    152.82[0m[34;1m    711160[0m[34;1m   2077960[0m[34;1m       136[0m
10:40:42   [34;1m     85512[0m[34;1m   1414780[0m[34;1m    442024[0m[34;1m     14.56[0m[34;1m     43684[0m[34;1m   2367016[0m[34;1m   4639548[0m[31;1m    152.82[0m[34;1m    711160[0m[34;1m   2078460[0m[34;1m        36[0m
10:40:43   [34;1m     85016[0m[34;1m   1414296[0m[34;1m    442528[0m[34;1m     14.58[0m[34;1m     43684[0m[34;1m   2367024[0m[34;1m   4639548[0m[31;1m    152.82[0m[34;1m    711164[0m[34;1m   2078788[0m[34;1m        12[0m
10:40:44   [34;1m     83820[0m[34;1m   1413104[0m[34;1m    443664[0m[34;1m     14.61[0m[34;1m     43684[0m[34;1m   2367028[0m[34;1m   4639548[0m[31;1m    152.82[0m[34;1m    711164[0m[34;1m   2078720[0m[34;1m        16[0m
10:40:45   [34;1m     81176[0m[34;1m   1410472[0m[34;1m    446340[0m[34;1m     14.70[0m[34;1m     43684[0m[34;1m   2367040[0m[34;1m   4639548[0m[31;1m    152.82[0m[34;1m    711168[0m[34;1m   2078832[0m[34;1m        28[0m
10:40:46   [34;1m     79928[0m[34;1m   1409240[0m[34;1m    447580[0m[34;1m     14.74[0m[34;1m     43696[0m[34;1m   2367048[0m[34;1m   4639548[0m[31;1m    152.82[0m[34;1m    711176[0m[34;1m   2079356[0m[34;1m        56[0m
10:40:47   [34;1m     79432[0m[34;1m   1408748[0m[34;1m    448088[0m[34;1m     14.76[0m[34;1m     43696[0m[34;1m   2367052[0m[34;1m   4639548[0m[31;1m    152.82[0m[34;1m    711176[0m[34;1m   2079396[0m[34;1m        60[0m
10:40:48   [34;1m     93972[0m[34;1m   1418620[0m[34;1m    438244[0m[34;1m     14.43[0m[34;1m     43696[0m[34;1m   2362456[0m[34;1m   4639548[0m[31;1m    152.82[0m[34;1m    711376[0m[34;1m   2074288[0m[34;1m        64[0m
10:40:49   [34;1m     93476[0m[34;1m   1418084[0m[34;1m    438768[0m[34;1m     14.45[0m[34;1m     43696[0m[34;1m   2362404[0m[34;1m   4639548[0m[31;1m    152.82[0m[34;1m    711420[0m[34;1m   2074284[0m[34;1m        72[0m
10:40:50   [34;1m     91748[0m[34;1m   1416356[0m[34;1m    440448[0m[34;1m     14.51[0m[34;1m     43696[0m[34;1m   2362404[0m[34;1m   4639548[0m[31;1m    152.82[0m[34;1m    711420[0m[34;1m   2074784[0m[34;1m        72[0m
10:40:51   [34;1m     89524[0m[34;1m   1414160[0m[34;1m    442616[0m[34;1m     14.58[0m[34;1m     43704[0m[34;1m   2362416[0m[34;1m   4643884[0m[31;1m    152.96[0m[34;1m    711428[0m[34;1m   2075544[0m[34;1m        84[0m
10:40:52   [34;1m     88532[0m[34;1m   1413172[0m[34;1m    443736[0m[34;1m     14.62[0m[34;1m     43704[0m[34;1m   2362420[0m[34;1m   4643884[0m[31;1m    152.96[0m[34;1m    711428[0m[34;1m   2076224[0m[34;1m        88[0m
10:40:53   [34;1m     84764[0m[34;1m   1409416[0m[34;1m    447464[0m[34;1m     14.74[0m[34;1m     43704[0m[34;1m   2362432[0m[34;1m   4643884[0m[31;1m    152.96[0m[34;1m    711428[0m[34;1m   2076708[0m[34;1m       100[0m
10:40:54   [34;1m     83772[0m[34;1m   1408424[0m[34;1m    448444[0m[34;1m     14.77[0m[34;1m     43704[0m[34;1m   2362432[0m[34;1m   4643884[0m[31;1m    152.96[0m[34;1m    711428[0m[34;1m   2076196[0m[34;1m       100[0m
10:40:55   [34;1m     83028[0m[34;1m   1407684[0m[34;1m    449168[0m[34;1m     14.79[0m[34;1m     43704[0m[34;1m   2362440[0m[34;1m   4680184[0m[31;1m    154.16[0m[34;1m    711428[0m[34;1m   2075248[0m[34;1m       108[0m
10:40:56   [34;1m     82284[0m[34;1m   1406948[0m[34;1m    449932[0m[34;1m     14.82[0m[34;1m     43712[0m[34;1m   2362436[0m[34;1m   4639548[0m[31;1m    152.82[0m[34;1m    711428[0m[34;1m   2075492[0m[34;1m       112[0m
10:40:57   [34;1m     81540[0m[34;1m   1406220[0m[34;1m    450648[0m[34;1m     14.84[0m[34;1m     43712[0m[34;1m   2362456[0m[34;1m   4639548[0m[31;1m    152.82[0m[34;1m    711436[0m[34;1m   2075132[0m[34;1m       124[0m
10:40:58   [34;1m     95872[0m[34;1m   1415664[0m[34;1m    441204[0m[34;1m     14.53[0m[34;1m     43712[0m[34;1m   2357660[0m[34;1m   4639548[0m[31;1m    152.82[0m[34;1m    711536[0m[34;1m   2070008[0m[34;1m       128[0m
10:40:59   [34;1m     94656[0m[34;1m   1414432[0m[34;1m    442444[0m[34;1m     14.57[0m[34;1m     43712[0m[34;1m   2357604[0m[34;1m   4639548[0m[31;1m    152.82[0m[34;1m    711580[0m[34;1m   2070144[0m[34;1m       132[0m
10:41:00   [34;1m     94156[0m[34;1m   1413940[0m[34;1m    442932[0m[34;1m     14.59[0m[34;1m     43712[0m[34;1m   2357612[0m[34;1m   4639548[0m[31;1m    152.82[0m[34;1m    711580[0m[34;1m   2070592[0m[34;1m       140[0m
10:41:01   [34;1m     93420[0m[34;1m   1413224[0m[34;1m    443740[0m[34;1m     14.62[0m[34;1m     43720[0m[34;1m   2357624[0m[34;1m   4639548[0m[31;1m    152.82[0m[34;1m    711588[0m[34;1m   2070956[0m[34;1m       152[0m
10:41:02   [34;1m     91932[0m[34;1m   1411736[0m[34;1m    445124[0m[34;1m     14.66[0m[34;1m     43720[0m[34;1m   2357624[0m[34;1m   4639548[0m[31;1m    152.82[0m[34;1m    711588[0m[34;1m   2070996[0m[34;1m       152[0m
10:41:03   [34;1m     91684[0m[34;1m   1411496[0m[34;1m    445368[0m[34;1m     14.67[0m[34;1m     43720[0m[34;1m   2357632[0m[34;1m   4639548[0m[31;1m    152.82[0m[34;1m    711588[0m[34;1m   2071836[0m[34;1m       160[0m
10:41:04   [34;1m     90692[0m[34;1m   1410508[0m[34;1m    446436[0m[34;1m     14.70[0m[34;1m     43720[0m[34;1m   2357636[0m[34;1m   4639548[0m[31;1m    152.82[0m[34;1m    711588[0m[34;1m   2072120[0m[34;1m       164[0m
10:41:05   [34;1m     89700[0m[34;1m   1409524[0m[34;1m    447268[0m[34;1m     14.73[0m[34;1m     43720[0m[34;1m   2357644[0m[34;1m   4639548[0m[31;1m    152.82[0m[34;1m    711588[0m[34;1m   2071900[0m[34;1m       172[0m
10:41:06   [34;1m     87752[0m[34;1m   1407592[0m[34;1m    449324[0m[34;1m     14.80[0m[34;1m     43724[0m[34;1m   2357656[0m[34;1m   4639548[0m[31;1m    152.82[0m[34;1m    711588[0m[34;1m   2072536[0m[34;1m       184[0m
10:41:07   [34;1m     87260[0m[34;1m   1407100[0m[34;1m    449740[0m[34;1m     14.81[0m[34;1m     43724[0m[34;1m   2357660[0m[34;1m   4639548[0m[31;1m    152.82[0m[34;1m    711592[0m[34;1m   2071672[0m[34;1m       188[0m
10:41:08   [34;1m     86764[0m[34;1m   1406604[0m[34;1m    450336[0m[34;1m     14.83[0m[34;1m     43724[0m[34;1m   2357664[0m[34;1m   4639548[0m[31;1m    152.82[0m[34;1m    711592[0m[34;1m   2071672[0m[34;1m       192[0m
10:41:09   [34;1m     86016[0m[34;1m   1405872[0m[34;1m    451040[0m[34;1m     14.86[0m[34;1m     43724[0m[34;1m   2357676[0m[34;1m   4639548[0m[31;1m    152.82[0m[34;1m    711592[0m[34;1m   2071708[0m[34;1m       204[0m
10:41:10   [34;1m    103272[0m[34;1m   1415216[0m[34;1m    441632[0m[34;1m     14.55[0m[34;1m     43724[0m[34;1m   2349976[0m[34;1m   4639548[0m[31;1m    152.82[0m[34;1m    711792[0m[34;1m   2063804[0m[34;1m       204[0m
10:41:11   [34;1m    103176[0m[34;1m   1413624[0m[34;1m    443368[0m[34;1m     14.60[0m[34;1m     43732[0m[34;1m   2348368[0m[34;1m   4643884[0m[31;1m    152.96[0m[34;1m    711932[0m[34;1m   2064228[0m[34;1m       208[0m
10:41:12   [34;1m    101964[0m[34;1m   1412424[0m[34;1m    444608[0m[34;1m     14.64[0m[34;1m     43732[0m[34;1m   2348376[0m[34;1m   4643884[0m[31;1m    152.96[0m[34;1m    711940[0m[34;1m   2064140[0m[34;1m       216[0m
10:41:13   [34;1m    101020[0m[34;1m   1411488[0m[34;1m    445488[0m[34;1m     14.67[0m[34;1m     43732[0m[34;1m   2348384[0m[34;1m   4643884[0m[31;1m    152.96[0m[34;1m    711940[0m[34;1m   2064352[0m[34;1m        28[0m
10:41:14   [34;1m     99580[0m[34;1m   1410052[0m[34;1m    446900[0m[34;1m     14.72[0m[34;1m     43732[0m[34;1m   2348384[0m[34;1m   4643884[0m[31;1m    152.96[0m[34;1m    711940[0m[34;1m   2064196[0m[34;1m        28[0m
10:41:15   [34;1m     98836[0m[34;1m   1409312[0m[34;1m    447564[0m[34;1m     14.74[0m[34;1m     43732[0m[34;1m   2348392[0m[34;1m   4639548[0m[31;1m    152.82[0m[34;1m    711940[0m[34;1m   2061960[0m[34;1m        36[0m
10:41:16   [34;1m     97848[0m[34;1m   1408332[0m[34;1m    448680[0m[34;1m     14.78[0m[34;1m     43732[0m[34;1m   2348396[0m[34;1m   4639548[0m[31;1m    152.82[0m[34;1m    711940[0m[34;1m   2061748[0m[34;1m        40[0m
10:41:17   [34;1m     97352[0m[34;1m   1407844[0m[34;1m    449272[0m[34;1m     14.80[0m[34;1m     43740[0m[34;1m   2348404[0m[34;1m   4639548[0m[31;1m    152.82[0m[34;1m    711940[0m[34;1m   2061684[0m[34;1m        48[0m
10:41:18   [34;1m     96608[0m[34;1m   1407112[0m[34;1m    449876[0m[34;1m     14.82[0m[34;1m     43740[0m[34;1m   2348412[0m[34;1m   4639548[0m[31;1m    152.82[0m[34;1m    711948[0m[34;1m   2061884[0m[34;1m        36[0m
10:41:19   [34;1m     95616[0m[34;1m   1406124[0m[34;1m    450720[0m[34;1m     14.85[0m[34;1m     43740[0m[34;1m   2348416[0m[34;1m   4639548[0m[31;1m    152.82[0m[34;1m    711948[0m[34;1m   2062032[0m[34;1m        40[0m
10:41:20   [34;1m     95120[0m[34;1m   1405628[0m[34;1m    451388[0m[34;1m     14.87[0m[34;1m     43740[0m[34;1m   2348416[0m[34;1m   4639548[0m[31;1m    152.82[0m[34;1m    711948[0m[34;1m   2062092[0m[34;1m        40[0m
10:41:21   [34;1m     93116[0m[34;1m   1403644[0m[34;1m    453356[0m[34;1m     14.93[0m[34;1m     43740[0m[34;1m   2348432[0m[34;1m   4639548[0m[31;1m    152.82[0m[34;1m    711948[0m[34;1m   2062432[0m[34;1m        56[0m
10:41:22   [34;1m     92620[0m[34;1m   1403148[0m[34;1m    453888[0m[34;1m     14.95[0m[34;1m     43744[0m[34;1m   2348436[0m[34;1m   4639548[0m[31;1m    152.82[0m[34;1m    711948[0m[34;1m   2062620[0m[34;1m        64[0m
10:41:23   [34;1m     91904[0m[34;1m   1402444[0m[34;1m    454500[0m[34;1m     14.97[0m[34;1m     43744[0m[34;1m   2348444[0m[34;1m   4639548[0m[31;1m    152.82[0m[34;1m    711952[0m[34;1m   2062896[0m[34;1m        76[0m
10:41:24   [34;1m     91408[0m[34;1m   1401952[0m[34;1m    455068[0m[34;1m     14.99[0m[34;1m     43744[0m[34;1m   2348448[0m[34;1m   4639548[0m[31;1m    152.82[0m[34;1m    711952[0m[34;1m   2063156[0m[34;1m        80[0m
10:41:25   [34;1m     90160[0m[34;1m   1400712[0m[34;1m    456236[0m[34;1m     15.03[0m[34;1m     43744[0m[34;1m   2348452[0m[34;1m   4639548[0m[31;1m    152.82[0m[34;1m    711952[0m[34;1m   2063448[0m[34;1m        84[0m
10:41:26   [34;1m    103332[0m[34;1m   1413484[0m[34;1m    443616[0m[34;1m     14.61[0m[34;1m     43744[0m[34;1m   2348056[0m[34;1m   4639548[0m[31;1m    152.82[0m[34;1m    711952[0m[34;1m   2062608[0m[34;1m        88[0m
10:41:27   [34;1m    102172[0m[34;1m   1412328[0m[34;1m    444600[0m[34;1m     14.64[0m[34;1m     43752[0m[34;1m   2348048[0m[34;1m   4639548[0m[31;1m    152.82[0m[34;1m    711996[0m[34;1m   2062760[0m[34;1m       100[0m
10:41:28   [34;1m    101180[0m[34;1m   1411340[0m[34;1m    445588[0m[34;1m     14.68[0m[34;1m     43752[0m[34;1m   2348052[0m[34;1m   4639548[0m[31;1m    152.82[0m[34;1m    711996[0m[34;1m   2062820[0m[34;1m       104[0m
10:41:29   [34;1m    100708[0m[34;1m   1410872[0m[34;1m    446112[0m[34;1m     14.69[0m[34;1m     43752[0m[34;1m   2348056[0m[34;1m   4639548[0m[31;1m    152.82[0m[34;1m    711996[0m[34;1m   2062536[0m[34;1m       108[0m
10:41:30   [34;1m    100212[0m[34;1m   1410380[0m[34;1m    446628[0m[34;1m     14.71[0m[34;1m     43752[0m[34;1m   2348060[0m[34;1m   4639548[0m[31;1m    152.82[0m[34;1m    711996[0m[34;1m   2062464[0m[34;1m       112[0m
10:41:31   [34;1m     98988[0m[34;1m   1409156[0m[34;1m    447752[0m[34;1m     14.75[0m[34;1m     43752[0m[34;1m   2348064[0m[34;1m   4643884[0m[31;1m    152.96[0m[34;1m    712000[0m[34;1m   2064608[0m[34;1m       116[0m
10:41:32   [34;1m     97500[0m[34;1m   1407672[0m[34;1m    449296[0m[34;1m     14.80[0m[34;1m     43760[0m[34;1m   2348060[0m[34;1m   4643884[0m[31;1m    152.96[0m[34;1m    711996[0m[34;1m   2064556[0m[34;1m       120[0m
10:41:33   [34;1m     96780[0m[34;1m   1406972[0m[34;1m    449944[0m[34;1m     14.82[0m[34;1m     43760[0m[34;1m   2348084[0m[34;1m   4643884[0m[31;1m    152.96[0m[34;1m    712004[0m[34;1m   2065036[0m[34;1m       136[0m
10:41:34   [34;1m     96532[0m[34;1m   1406728[0m[34;1m    450276[0m[34;1m     14.83[0m[34;1m     43760[0m[34;1m   2348084[0m[34;1m   4643884[0m[31;1m    152.96[0m[34;1m    712004[0m[34;1m   2064596[0m[34;1m       136[0m
10:41:35   [34;1m     96036[0m[34;1m   1406240[0m[34;1m    450696[0m[34;1m     14.85[0m[34;1m     43760[0m[34;1m   2348088[0m[34;1m   4643644[0m[31;1m    152.95[0m[34;1m    712004[0m[34;1m   2063036[0m[34;1m       140[0m
10:41:36   [34;1m     94784[0m[34;1m   1404988[0m[34;1m    452024[0m[34;1m     14.89[0m[34;1m     43760[0m[34;1m   2348092[0m[34;1m   4643644[0m[31;1m    152.95[0m[34;1m    712004[0m[34;1m   2062836[0m[34;1m       144[0m
10:41:37   [34;1m     93792[0m[34;1m   1404012[0m[34;1m    452924[0m[34;1m     14.92[0m[34;1m     43768[0m[34;1m   2348100[0m[34;1m   4643644[0m[31;1m    152.95[0m[34;1m    712012[0m[34;1m   2062960[0m[34;1m       152[0m
10:41:38   [34;1m     93544[0m[34;1m   1403764[0m[34;1m    453276[0m[34;1m     14.93[0m[34;1m     43768[0m[34;1m   2348100[0m[34;1m   4643644[0m[31;1m    152.95[0m[34;1m    712012[0m[34;1m   2062960[0m[34;1m       152[0m
10:41:39   [34;1m     92552[0m[34;1m   1402772[0m[34;1m    454228[0m[34;1m     14.96[0m[34;1m     43768[0m[34;1m   2348108[0m[34;1m   4643644[0m[31;1m    152.95[0m[34;1m    712012[0m[34;1m   2062960[0m[34;1m       160[0m
10:41:40   [34;1m    105264[0m[34;1m   1414160[0m[34;1m    442752[0m[34;1m     14.58[0m[34;1m     43768[0m[34;1m   2346808[0m[34;1m   4643644[0m[31;1m    152.95[0m[34;1m    712012[0m[34;1m   2061836[0m[34;1m       160[0m
10:41:41   [34;1m    103064[0m[34;1m   1411964[0m[34;1m    445040[0m[34;1m     14.66[0m[34;1m     43768[0m[34;1m   2346788[0m[34;1m   4643644[0m[31;1m    152.95[0m[34;1m    712024[0m[34;1m   2062128[0m[34;1m       168[0m
10:41:42   [34;1m    102568[0m[34;1m   1411472[0m[34;1m    445564[0m[34;1m     14.68[0m[34;1m     43776[0m[34;1m   2346784[0m[34;1m   4643644[0m[31;1m    152.95[0m[34;1m    712028[0m[34;1m   2062312[0m[34;1m       172[0m
10:41:43   [34;1m    101620[0m[34;1m   1410536[0m[34;1m    446564[0m[34;1m     14.71[0m[34;1m     43776[0m[34;1m   2346796[0m[34;1m   4643644[0m[31;1m    152.95[0m[34;1m    712036[0m[34;1m   2062268[0m[34;1m       176[0m
10:41:44   [34;1m    101124[0m[34;1m   1410040[0m[34;1m    447000[0m[34;1m     14.72[0m[34;1m     43776[0m[34;1m   2346800[0m[34;1m   4643644[0m[31;1m    152.95[0m[34;1m    712036[0m[34;1m   2062432[0m[34;1m        80[0m
10:41:45   [34;1m    100380[0m[34;1m   1409300[0m[34;1m    447672[0m[34;1m     14.75[0m[34;1m     43776[0m[34;1m   2346808[0m[34;1m   4643644[0m[31;1m    152.95[0m[34;1m    712036[0m[34;1m   2061764[0m[34;1m        28[0m
10:41:46   [34;1m     99628[0m[34;1m   1408556[0m[34;1m    448452[0m[34;1m     14.77[0m[34;1m     43776[0m[34;1m   2346812[0m[34;1m   4643644[0m[31;1m    152.95[0m[34;1m    712036[0m[34;1m   2061836[0m[34;1m        32[0m
10:41:47   [34;1m     98636[0m[34;1m   1407580[0m[34;1m    449408[0m[34;1m     14.80[0m[34;1m     43780[0m[34;1m   2346820[0m[34;1m   4643644[0m[31;1m    152.95[0m[34;1m    712036[0m[34;1m   2061856[0m[34;1m        48[0m
10:41:48   [34;1m     98140[0m[34;1m   1407084[0m[34;1m    449948[0m[34;1m     14.82[0m[34;1m     43780[0m[34;1m   2346824[0m[34;1m   4643644[0m[31;1m    152.95[0m[34;1m    712036[0m[34;1m   2062016[0m[34;1m        52[0m
10:41:49   [34;1m     97148[0m[34;1m   1406180[0m[34;1m    450728[0m[34;1m     14.85[0m[34;1m     43780[0m[34;1m   2346928[0m[34;1m   4643644[0m[31;1m    152.95[0m[34;1m    712116[0m[34;1m   2061956[0m[34;1m        60[0m
10:41:50   [34;1m     96652[0m[34;1m   1405684[0m[34;1m    451352[0m[34;1m     14.87[0m[34;1m     43780[0m[34;1m   2346928[0m[34;1m   4643644[0m[31;1m    152.95[0m[34;1m    712116[0m[34;1m   2062056[0m[34;1m        60[0m
10:41:51   [34;1m     94908[0m[34;1m   1403972[0m[34;1m    452992[0m[34;1m     14.92[0m[34;1m     43780[0m[34;1m   2346940[0m[34;1m   4643644[0m[31;1m    152.95[0m[34;1m    712136[0m[34;1m   2062340[0m[34;1m        72[0m
10:41:52   [34;1m     94160[0m[34;1m   1403228[0m[34;1m    453720[0m[34;1m     14.94[0m[34;1m     43784[0m[34;1m   2346940[0m[34;1m   4643644[0m[31;1m    152.95[0m[34;1m    712136[0m[34;1m   2062352[0m[34;1m        76[0m
10:41:53   [34;1m    103792[0m[34;1m   1411524[0m[34;1m    445388[0m[34;1m     14.67[0m[34;1m     43784[0m[34;1m   2345648[0m[34;1m   4643644[0m[31;1m    152.95[0m[34;1m    711980[0m[34;1m   2061316[0m[34;1m        80[0m
10:41:54   [34;1m    103324[0m[34;1m   1411068[0m[34;1m    445984[0m[34;1m     14.69[0m[34;1m     43784[0m[34;1m   2345632[0m[34;1m   4643644[0m[31;1m    152.95[0m[34;1m    712016[0m[34;1m   2061520[0m[34;22m         0[0m
10:41:55   [34;1m    102576[0m[34;1m   1410320[0m[34;1m    446724[0m[34;1m     14.71[0m[34;1m     43784[0m[34;1m   2345636[0m[34;1m   4643644[0m[31;1m    152.95[0m[34;1m    712016[0m[34;1m   2061720[0m[34;1m         8[0m
10:41:56   [34;1m     99732[0m[34;1m   1407488[0m[34;1m    449412[0m[34;1m     14.80[0m[34;1m     43784[0m[34;1m   2345644[0m[34;1m   4643644[0m[31;1m    152.95[0m[34;1m    712016[0m[34;1m   2061644[0m[34;1m        16[0m
10:41:57   [34;1m     99236[0m[34;1m   1406992[0m[34;1m    450044[0m[34;1m     14.82[0m[34;1m     43784[0m[34;1m   2345648[0m[34;1m   4643644[0m[31;1m    152.95[0m[34;1m    712016[0m[34;1m   2061632[0m[34;1m        20[0m
10:41:58   [34;1m     98740[0m[34;1m   1406516[0m[34;1m    450500[0m[34;1m     14.84[0m[34;1m     43792[0m[34;1m   2345656[0m[34;1m   4643644[0m[31;1m    152.95[0m[34;1m    712024[0m[34;1m   2061776[0m[34;1m        56[0m
10:41:59   [34;1m     97748[0m[34;1m   1405524[0m[34;1m    451444[0m[34;1m     14.87[0m[34;1m     43792[0m[34;1m   2345656[0m[34;1m   4643644[0m[31;1m    152.95[0m[34;1m    712024[0m[34;1m   2061692[0m[34;1m        56[0m
10:42:00   [34;1m     97004[0m[34;1m   1404780[0m[34;1m    452180[0m[34;1m     14.89[0m[34;1m     43792[0m[34;1m   2345664[0m[34;1m   4651968[0m[31;1m    153.23[0m[34;1m    712024[0m[34;1m   2061876[0m[34;1m        64[0m
10:42:01   [34;1m     96508[0m[34;1m   1404296[0m[34;1m    452672[0m[34;1m     14.91[0m[34;1m     43792[0m[34;1m   2345672[0m[34;1m   4651968[0m[31;1m    153.23[0m[34;1m    712032[0m[34;1m   2061580[0m[34;1m        72[0m
10:42:02   [34;1m     95700[0m[34;1m   1403488[0m[34;1m    453556[0m[34;1m     14.94[0m[34;1m     43792[0m[34;1m   2345672[0m[34;1m   4651968[0m[31;1m    153.23[0m[34;1m    712024[0m[34;1m   2060692[0m[34;1m        72[0m
10:42:03   [34;1m     95452[0m[34;1m   1403260[0m[34;1m    453676[0m[34;1m     14.94[0m[34;1m     43800[0m[34;1m   2345684[0m[34;1m   4651968[0m[31;1m    153.23[0m[34;1m    712032[0m[34;1m   2060900[0m[34;1m        88[0m
10:42:04   [34;1m     94956[0m[34;1m   1402768[0m[34;1m    454216[0m[34;1m     14.96[0m[34;1m     43800[0m[34;1m   2345684[0m[34;1m   4651968[0m[31;1m    153.23[0m[34;1m    712032[0m[34;1m   2061568[0m[34;1m        88[0m
10:42:05   [34;1m     94212[0m[34;1m   1402032[0m[34;1m    454952[0m[34;1m     14.99[0m[34;1m     43800[0m[34;1m   2345692[0m[34;1m   4660292[0m[31;1m    153.50[0m[34;1m    712032[0m[34;1m   2061416[0m[34;1m        96[0m
10:42:06   [34;1m    108700[0m[34;1m   1416092[0m[34;1m    440804[0m[34;1m     14.52[0m[34;1m     43800[0m[34;1m   2345400[0m[34;1m   4660292[0m[31;1m    153.50[0m[34;1m    712132[0m[34;1m   2061164[0m[34;1m       104[0m
10:42:07   [34;1m    106572[0m[34;1m   1413996[0m[34;1m    443060[0m[34;1m     14.59[0m[34;1m     43800[0m[34;1m   2345296[0m[34;1m   4660292[0m[31;1m    153.50[0m[34;1m    712236[0m[34;1m   2061416[0m[34;1m       112[0m
10:42:08   [34;1m    105828[0m[34;1m   1413260[0m[34;1m    443724[0m[34;1m     14.62[0m[34;1m     43808[0m[34;1m   2345300[0m[34;1m   4660292[0m[31;1m    153.50[0m[34;1m    712244[0m[34;1m   2061528[0m[34;1m       116[0m
10:42:09   [34;1m    104828[0m[34;1m   1412260[0m[34;1m    444760[0m[34;1m     14.65[0m[34;1m     43808[0m[34;1m   2345304[0m[34;1m   4660292[0m[31;1m    153.50[0m[34;1m    712244[0m[34;1m   2061788[0m[34;1m       120[0m
10:42:10   [34;1m    104580[0m[34;1m   1412020[0m[34;1m    444964[0m[34;1m     14.66[0m[34;1m     43812[0m[34;1m   2345304[0m[34;1m   4660292[0m[31;1m    153.50[0m[34;1m    712244[0m[34;1m   2062128[0m[34;1m        28[0m
10:42:11   [34;1m    101584[0m[34;1m   1409032[0m[34;1m    448028[0m[34;1m     14.76[0m[34;1m     43812[0m[34;1m   2345312[0m[34;1m   4664628[0m[31;1m    153.64[0m[34;1m    712248[0m[34;1m   2063016[0m[34;1m         8[0m
10:42:12   [34;1m    101336[0m[34;1m   1408788[0m[34;1m    448176[0m[34;1m     14.76[0m[34;1m     43812[0m[34;1m   2345316[0m[34;1m   4664628[0m[31;1m    153.64[0m[34;1m    712248[0m[34;1m   2062944[0m[34;1m        12[0m
10:42:13   [34;1m    100592[0m[34;1m   1408060[0m[34;1m    448964[0m[34;1m     14.79[0m[34;1m     43820[0m[34;1m   2345320[0m[34;1m   4664628[0m[31;1m    153.64[0m[34;1m    712256[0m[34;1m   2063228[0m[34;1m        44[0m
10:42:14   [34;1m     99400[0m[34;1m   1406868[0m[34;1m    450220[0m[34;1m     14.83[0m[34;1m     43820[0m[34;1m   2345320[0m[34;1m   4664628[0m[31;1m    153.64[0m[34;1m    712256[0m[34;1m   2063748[0m[34;1m        44[0m
10:42:15   [34;1m     98656[0m[34;1m   1406140[0m[34;1m    450784[0m[34;1m     14.85[0m[34;1m     43820[0m[34;1m   2345336[0m[34;1m   4660292[0m[31;1m    153.50[0m[34;1m    712256[0m[34;1m   2061328[0m[34;1m        60[0m
10:42:16   [34;1m     97948[0m[34;1m   1405432[0m[34;1m    451580[0m[34;1m     14.87[0m[34;1m     43820[0m[34;1m   2345336[0m[34;1m   4660292[0m[31;1m    153.50[0m[34;1m    712256[0m[34;1m   2061160[0m[34;1m        60[0m
10:42:17   [34;1m     97208[0m[34;1m   1404692[0m[34;1m    452224[0m[34;1m     14.90[0m[34;1m     43820[0m[34;1m   2345344[0m[34;1m   4660292[0m[31;1m    153.50[0m[34;1m    712256[0m[34;1m   2060928[0m[34;1m        68[0m
10:42:18   [34;1m     96464[0m[34;1m   1403948[0m[34;1m    453088[0m[34;1m     14.92[0m[34;1m     43824[0m[34;1m   2345340[0m[34;1m   4706336[0m[31;1m    155.02[0m[34;1m    712256[0m[34;1m   2063056[0m[34;1m        68[0m
10:42:19   [34;1m     95464[0m[34;1m   1402960[0m[34;1m    454016[0m[34;1m     14.95[0m[34;1m     43824[0m[34;1m   2345348[0m[34;1m   4660292[0m[31;1m    153.50[0m[34;1m    712260[0m[34;1m   2061104[0m[34;1m        72[0m
10:42:20   [34;1m     94472[0m[34;1m   1401972[0m[34;1m    455040[0m[34;1m     14.99[0m[34;1m     43824[0m[34;1m   2345352[0m[34;1m   4660292[0m[31;1m    153.50[0m[34;1m    712260[0m[34;1m   2061152[0m[34;1m        76[0m
10:42:21   [34;1m    113304[0m[34;1m   1402228[0m[34;1m    455012[0m[34;1m     14.99[0m[34;1m     43824[0m[34;1m   2326984[0m[34;1m   4660292[0m[31;1m    153.50[0m[34;1m    711436[0m[34;1m   2044088[0m[34;22m         0[0m
10:42:22   [34;1m    112304[0m[34;1m   1401232[0m[34;1m    456040[0m[34;1m     15.02[0m[34;1m     43824[0m[34;1m   2326988[0m[34;1m   4660292[0m[31;1m    153.50[0m[34;1m    711432[0m[34;1m   2044144[0m[34;1m         4[0m
10:42:23   [34;1m    111320[0m[34;1m   1400252[0m[34;1m    456936[0m[34;1m     15.05[0m[34;1m     43836[0m[34;1m   2327000[0m[34;1m   4660292[0m[31;1m    153.50[0m[34;1m    711432[0m[34;1m   2043656[0m[34;1m        40[0m
10:42:24   [34;1m    111072[0m[34;1m   1400024[0m[34;1m    457212[0m[34;1m     15.06[0m[34;1m     43836[0m[34;1m   2327004[0m[34;1m   4660292[0m[31;1m    153.50[0m[34;1m    711448[0m[34;1m   2044056[0m[34;1m        44[0m
10:42:25   [34;1m    110080[0m[34;1m   1399040[0m[34;1m    458160[0m[34;1m     15.09[0m[34;1m     43836[0m[34;1m   2327008[0m[34;1m   4660292[0m[31;1m    153.50[0m[34;1m    711448[0m[34;1m   2044896[0m[34;1m        48[0m
10:42:26   [34;1m    108572[0m[34;1m   1397536[0m[34;1m    459672[0m[34;1m     15.14[0m[34;1m     43836[0m[34;1m   2327012[0m[34;1m   4699264[0m[31;1m    154.79[0m[34;1m    711448[0m[34;1m   2045516[0m[34;1m        52[0m
10:42:27   [34;1m    107324[0m[34;1m   1396288[0m[34;1m    460964[0m[34;1m     15.18[0m[34;1m     43836[0m[34;1m   2327016[0m[34;1m   4660292[0m[31;1m    153.50[0m[34;1m    711448[0m[34;1m   2045292[0m[34;1m        56[0m
10:42:28   [34;1m    106580[0m[34;1m   1395552[0m[34;1m    461656[0m[34;1m     15.21[0m[34;1m     43840[0m[34;1m   2327020[0m[34;1m   4660292[0m[31;1m    153.50[0m[34;1m    711448[0m[34;1m   2045536[0m[34;1m        24[0m
10:42:29   [34;1m    105584[0m[34;1m   1394564[0m[34;1m    462704[0m[34;1m     15.24[0m[34;1m     43840[0m[34;1m   2327024[0m[34;1m   4660292[0m[31;1m    153.50[0m[34;1m    711452[0m[34;1m   2045804[0m[34;1m        28[0m
10:42:30   [34;1m    104840[0m[34;1m   1393820[0m[34;1m    463344[0m[34;1m     15.26[0m[34;1m     43840[0m[34;1m   2327032[0m[34;1m   4660292[0m[31;1m    153.50[0m[34;1m    711452[0m[34;1m   2045704[0m[34;1m        36[0m
10:42:31   [34;1m    103592[0m[34;1m   1392580[0m[34;1m    464672[0m[34;1m     15.31[0m[34;1m     43840[0m[34;1m   2327032[0m[34;1m   4664628[0m[31;1m    153.64[0m[34;1m    711456[0m[34;1m   2046900[0m[34;1m        36[0m
10:42:32   [34;1m    102092[0m[34;1m   1391084[0m[34;1m    466216[0m[34;1m     15.36[0m[34;1m     43840[0m[34;1m   2327040[0m[34;1m   4664628[0m[31;1m    153.64[0m[34;1m    711456[0m[34;1m   2046912[0m[34;1m        44[0m
10:42:33   [34;1m    101596[0m[34;1m   1390596[0m[34;1m    466604[0m[34;1m     15.37[0m[34;1m     43852[0m[34;1m   2327048[0m[34;1m   4664628[0m[31;1m    153.64[0m[34;1m    711456[0m[34;1m   2047712[0m[34;1m        36[0m
10:42:34   [34;1m    101100[0m[34;1m   1390104[0m[34;1m    467148[0m[34;1m     15.39[0m[34;1m     43852[0m[34;1m   2327048[0m[34;1m   4664628[0m[31;1m    153.64[0m[34;1m    711456[0m[34;1m   2047752[0m[34;1m        36[0m
10:42:35   [34;1m    100604[0m[34;1m   1389628[0m[34;1m    467544[0m[34;1m     15.40[0m[34;1m     43852[0m[34;1m   2327060[0m[34;1m   4660292[0m[31;1m    153.50[0m[34;1m    711468[0m[34;1m   2045956[0m[34;1m        48[0m
10:42:36   [34;1m    100604[0m[34;1m   1389628[0m[34;1m    467648[0m[34;1m     15.40[0m[34;1m     43852[0m[34;1m   2327060[0m[34;1m   4660292[0m[31;1m    153.50[0m[34;1m    711468[0m[34;1m   2045976[0m[34;1m        48[0m
10:42:37   [34;1m     98712[0m[34;1m   1387740[0m[34;1m    469432[0m[34;1m     15.46[0m[34;1m     43852[0m[34;1m   2327064[0m[34;1m   4668484[0m[31;1m    153.77[0m[34;1m    711468[0m[34;1m   2046084[0m[34;1m        52[0m
10:42:38   [34;1m     98216[0m[34;1m   1387248[0m[34;1m    469992[0m[34;1m     15.48[0m[34;1m     43852[0m[34;1m   2327068[0m[34;1m   4668484[0m[31;1m    153.77[0m[34;1m    711468[0m[34;1m   2046156[0m[34;1m         8[0m
10:42:39   [34;1m     97472[0m[34;1m   1386520[0m[34;1m    470672[0m[34;1m     15.50[0m[34;1m     43864[0m[34;1m   2327080[0m[34;1m   4668484[0m[31;1m    153.77[0m[34;1m    711480[0m[34;1m   2046324[0m[34;1m        36[0m
10:42:40   [34;1m     96728[0m[34;1m   1385792[0m[34;1m    471440[0m[34;1m     15.53[0m[34;1m     43864[0m[34;1m   2327084[0m[34;1m   4668484[0m[31;1m    153.77[0m[34;1m    711480[0m[34;1m   2046864[0m[34;1m        40[0m
10:42:41   [34;1m     96488[0m[34;1m   1385552[0m[34;1m    471704[0m[34;1m     15.54[0m[34;1m     43864[0m[34;1m   2327088[0m[34;1m   4668484[0m[31;1m    153.77[0m[34;1m    711480[0m[34;1m   2047264[0m[34;1m        44[0m
10:42:42   [34;1m    122716[0m[34;1m   1411788[0m[34;1m    445388[0m[34;1m     14.67[0m[34;1m     43864[0m[34;1m   2327092[0m[34;1m   4668740[0m[31;1m    153.78[0m[34;1m    711480[0m[34;1m   2046508[0m[34;1m        52[0m
10:42:43   [34;1m    122220[0m[34;1m   1411296[0m[34;1m    445852[0m[34;1m     14.69[0m[34;1m     43864[0m[34;1m   2327096[0m[34;1m   4668740[0m[31;1m    153.78[0m[34;1m    711480[0m[34;1m   2046296[0m[34;1m        12[0m
10:42:44   [34;1m    120556[0m[34;1m   1409648[0m[34;1m    447484[0m[34;1m     14.74[0m[34;1m     43876[0m[34;1m   2327100[0m[34;1m   4668740[0m[31;1m    153.78[0m[34;1m    711492[0m[34;1m   2046528[0m[34;1m        36[0m
10:42:45   [34;1m    120060[0m[34;1m   1409156[0m[34;1m    448048[0m[34;1m     14.76[0m[34;1m     43876[0m[34;1m   2327104[0m[34;1m   4668740[0m[31;1m    153.78[0m[34;1m    711492[0m[34;1m   2046296[0m[34;1m        40[0m
10:42:46   [34;1m    119316[0m[34;1m   1408420[0m[34;1m    448768[0m[34;1m     14.78[0m[34;1m     43876[0m[34;1m   2327112[0m[34;1m   4677064[0m[31;1m    154.05[0m[34;1m    711492[0m[34;1m   2046588[0m[34;1m        48[0m
10:42:47   [34;1m    117812[0m[34;1m   1406916[0m[34;1m    450336[0m[34;1m     14.83[0m[34;1m     43876[0m[34;1m   2327112[0m[34;1m   4677064[0m[31;1m    154.05[0m[34;1m    711492[0m[34;1m   2046696[0m[34;1m        48[0m
10:42:48   [34;1m    117092[0m[34;1m   1406204[0m[34;1m    451040[0m[34;1m     14.86[0m[34;1m     43876[0m[34;1m   2327120[0m[34;1m   4677064[0m[31;1m    154.05[0m[34;1m    711492[0m[34;1m   2046812[0m[34;1m         4[0m
10:42:49   [34;1m    116100[0m[34;1m   1405224[0m[34;1m    451896[0m[34;1m     14.88[0m[34;1m     43888[0m[34;1m   2327128[0m[34;1m   4677064[0m[31;1m    154.05[0m[34;1m    711504[0m[34;1m   2047072[0m[34;1m        44[0m
10:42:50   [34;1m    115356[0m[34;1m   1404492[0m[34;1m    452680[0m[34;1m     14.91[0m[34;1m     43888[0m[34;1m   2327132[0m[34;1m   4677064[0m[31;1m    154.05[0m[34;1m    711504[0m[34;1m   2046656[0m[34;1m        48[0m
10:42:51   [34;1m    113604[0m[34;1m   1402740[0m[34;1m    454484[0m[34;1m     14.97[0m[34;1m     43888[0m[34;1m   2327132[0m[34;1m   4681400[0m[31;1m    154.20[0m[34;1m    711504[0m[34;1m   2048376[0m[34;1m        48[0m
10:42:52   [34;1m    110096[0m[34;1m   1399240[0m[34;1m    457888[0m[34;1m     15.08[0m[34;1m     43888[0m[34;1m   2327140[0m[34;1m   4681400[0m[31;1m    154.20[0m[34;1m    711504[0m[34;1m   2048208[0m[34;1m        56[0m
10:42:53   [34;1m    109600[0m[34;1m   1398772[0m[34;1m    458392[0m[34;1m     15.10[0m[34;1m     43888[0m[34;1m   2327144[0m[34;1m   4681400[0m[31;1m    154.20[0m[34;1m    711540[0m[34;1m   2048216[0m[34;1m        12[0m
10:42:54   [34;1m    109100[0m[34;1m   1398272[0m[34;1m    458952[0m[34;1m     15.12[0m[34;1m     43900[0m[34;1m   2327136[0m[34;1m   4681400[0m[31;1m    154.20[0m[34;1m    711540[0m[34;1m   2048664[0m[34;1m        16[0m
10:42:55   [34;1m    108116[0m[34;1m   1397312[0m[34;1m    459816[0m[34;1m     15.15[0m[34;1m     43900[0m[34;1m   2327156[0m[34;1m   4677064[0m[31;1m    154.05[0m[34;1m    711552[0m[34;1m   2048148[0m[34;1m        44[0m
10:42:56   [34;1m    106404[0m[34;1m   1395600[0m[34;1m    461532[0m[34;1m     15.20[0m[34;1m     43900[0m[34;1m   2327160[0m[34;1m   4677064[0m[31;1m    154.05[0m[34;1m    711544[0m[34;1m   2046980[0m[34;1m        48[0m
10:42:57   [34;1m    105908[0m[34;1m   1395112[0m[34;1m    461996[0m[34;1m     15.22[0m[34;1m     43900[0m[34;1m   2327168[0m[34;1m   4677064[0m[31;1m    154.05[0m[34;1m    711544[0m[34;1m   2047032[0m[34;1m        56[0m
10:42:58   [34;1m    105660[0m[34;1m   1394868[0m[34;1m    462332[0m[34;1m     15.23[0m[34;1m     43900[0m[34;1m   2327168[0m[34;1m   4677064[0m[31;1m    154.05[0m[34;1m    711544[0m[34;1m   2047272[0m[34;22m         0[0m
10:42:59   [34;1m    104668[0m[34;1m   1393880[0m[34;1m    463296[0m[34;1m     15.26[0m[34;1m     43908[0m[34;1m   2327164[0m[34;1m   4677064[0m[31;1m    154.05[0m[34;1m    711544[0m[34;1m   2047296[0m[34;1m         8[0m
10:43:00   [34;1m    103924[0m[34;1m   1393156[0m[34;1m    463932[0m[34;1m     15.28[0m[34;1m     43908[0m[34;1m   2327184[0m[34;1m   4677064[0m[31;1m    154.05[0m[34;1m    711556[0m[34;1m   2047264[0m[34;1m        36[0m
10:43:01   [34;1m    103428[0m[34;1m   1392660[0m[34;1m    464488[0m[34;1m     15.30[0m[34;1m     43908[0m[34;1m   2327184[0m[34;1m   4677064[0m[31;1m    154.05[0m[34;1m    711552[0m[34;1m   2047312[0m[34;1m        36[0m
10:43:02   [34;1m    102932[0m[34;1m   1392164[0m[34;1m    465028[0m[34;1m     15.32[0m[34;1m     43908[0m[34;1m   2327188[0m[34;1m   4677064[0m[31;1m    154.05[0m[34;1m    711552[0m[34;1m   2047112[0m[34;1m        40[0m
10:43:03   [34;1m    102444[0m[34;1m   1391684[0m[34;1m    465524[0m[34;1m     15.33[0m[34;1m     43908[0m[34;1m   2327192[0m[34;1m   4677064[0m[31;1m    154.05[0m[34;1m    711556[0m[34;1m   2047040[0m[34;1m         8[0m
10:43:04   [34;1m    101700[0m[34;1m   1390948[0m[34;1m    466224[0m[34;1m     15.36[0m[34;1m     43920[0m[34;1m   2327196[0m[34;1m   4677064[0m[31;1m    154.05[0m[34;1m    711560[0m[34;1m   2046856[0m[34;1m        32[0m
10:43:05   [34;1m    100956[0m[34;1m   1390216[0m[34;1m    466952[0m[34;1m     15.38[0m[34;1m     43920[0m[34;1m   2327200[0m[34;1m   4677064[0m[31;1m    154.05[0m[34;1m    711564[0m[34;1m   2046944[0m[34;1m        36[0m
10:43:06   [34;1m    100460[0m[34;1m   1389732[0m[34;1m    467372[0m[34;1m     15.39[0m[34;1m     43920[0m[34;1m   2327212[0m[34;1m   4677064[0m[31;1m    154.05[0m[34;1m    711568[0m[34;1m   2047280[0m[34;1m        48[0m
10:43:07   [34;1m     99468[0m[34;1m   1388740[0m[34;1m    468044[0m[34;1m     15.42[0m[34;1m     43920[0m[34;1m   2327216[0m[34;1m   4677064[0m[31;1m    154.05[0m[34;1m    711568[0m[34;1m   2047380[0m[34;1m        52[0m
10:43:08   [34;1m     96988[0m[34;1m   1386268[0m[34;1m    470828[0m[34;1m     15.51[0m[34;1m     43920[0m[34;1m   2327224[0m[34;1m   4677064[0m[31;1m    154.05[0m[34;1m    711580[0m[34;1m   2047108[0m[34;1m        12[0m
10:43:09   [34;1m     96740[0m[34;1m   1386020[0m[34;1m    471148[0m[34;1m     15.52[0m[34;1m     43932[0m[34;1m   2327220[0m[34;1m   4677064[0m[31;1m    154.05[0m[34;1m    711580[0m[34;1m   2046908[0m[34;1m        20[0m
10:43:10   [34;1m     96492[0m[34;1m   1385804[0m[34;1m    471304[0m[34;1m     15.52[0m[34;1m     43932[0m[34;1m   2327248[0m[34;1m   4677064[0m[31;1m    154.05[0m[34;1m    711592[0m[34;1m   2046876[0m[34;1m        52[0m
10:43:11   [34;1m     96244[0m[34;1m   1385564[0m[34;1m    471592[0m[34;1m     15.53[0m[34;1m     43932[0m[34;1m   2327248[0m[34;1m   4681400[0m[31;1m    154.20[0m[34;1m    711592[0m[34;1m   2048800[0m[34;1m        52[0m
10:43:12   [34;1m     94496[0m[34;1m   1383820[0m[34;1m    473296[0m[34;1m     15.59[0m[34;1m     43932[0m[34;1m   2327256[0m[34;1m   4681400[0m[31;1m    154.20[0m[34;1m    711592[0m[34;1m   2048572[0m[34;1m        60[0m
10:43:13   [34;1m     93504[0m[34;1m   1382836[0m[34;1m    474380[0m[34;1m     15.63[0m[34;1m     43932[0m[34;1m   2327264[0m[34;1m   4681400[0m[31;1m    154.20[0m[34;1m    711592[0m[34;1m   2049084[0m[34;22m         0[0m
10:43:14   [34;1m    114140[0m[34;1m   1385416[0m[34;1m    471988[0m[34;1m     15.55[0m[34;1m     43944[0m[34;1m   2309360[0m[34;1m   4681400[0m[31;1m    154.20[0m[34;1m    712092[0m[34;1m   2030084[0m[34;1m        12[0m
10:43:15   [34;1m    140864[0m[34;1m   1412072[0m[34;1m    445356[0m[34;1m     14.67[0m[34;1m     43944[0m[34;1m   2309348[0m[34;1m   4677064[0m[31;1m    154.05[0m[34;1m    712116[0m[34;1m   2028136[0m[34;1m        44[0m
10:43:16   [34;1m    140368[0m[34;1m   1411584[0m[34;1m    445944[0m[34;1m     14.69[0m[34;1m     43944[0m[34;1m   2309352[0m[34;1m   4677064[0m[31;1m    154.05[0m[34;1m    712116[0m[34;1m   2028052[0m[34;1m        48[0m
10:43:17   [34;1m    138892[0m[34;1m   1410124[0m[34;1m    447280[0m[34;1m     14.73[0m[34;1m     43944[0m[34;1m   2309368[0m[34;1m   4677064[0m[31;1m    154.05[0m[34;1m    712116[0m[34;1m   2028092[0m[34;1m        64[0m
10:43:18   [34;1m    138148[0m[34;1m   1409380[0m[34;1m    448040[0m[34;1m     14.76[0m[34;1m     43944[0m[34;1m   2309368[0m[34;1m   4677064[0m[31;1m    154.05[0m[34;1m    712116[0m[34;1m   2028392[0m[34;1m        64[0m
10:43:19   [34;1m    135384[0m[34;1m   1406628[0m[34;1m    450696[0m[34;1m     14.85[0m[34;1m     43952[0m[34;1m   2309380[0m[34;1m   4677064[0m[31;1m    154.05[0m[34;1m    712116[0m[34;1m   2028552[0m[34;1m        76[0m
10:43:20   [34;1m    134416[0m[34;1m   1405680[0m[34;1m    451648[0m[34;1m     14.88[0m[34;1m     43952[0m[34;1m   2309396[0m[34;1m   4677064[0m[31;1m    154.05[0m[34;1m    712124[0m[34;1m   2028268[0m[34;1m        92[0m
10:43:21   [34;1m    133672[0m[34;1m   1404936[0m[34;1m    452444[0m[34;1m     14.90[0m[34;1m     43952[0m[34;1m   2309400[0m[34;1m   4677064[0m[31;1m    154.05[0m[34;1m    712124[0m[34;1m   2028268[0m[34;1m        96[0m
10:43:22   [34;1m    132928[0m[34;1m   1404200[0m[34;1m    453204[0m[34;1m     14.93[0m[34;1m     43952[0m[34;1m   2309408[0m[34;1m   4677064[0m[31;1m    154.05[0m[34;1m    712124[0m[34;1m   2028344[0m[34;1m       104[0m
10:43:23   [34;1m    132432[0m[34;1m   1403728[0m[34;1m    453624[0m[34;1m     14.94[0m[34;1m     43952[0m[34;1m   2309424[0m[34;1m   4677064[0m[31;1m    154.05[0m[34;1m    712124[0m[34;1m   2028184[0m[34;1m         8[0m
10:43:24   [34;1m    132184[0m[34;1m   1403480[0m[34;1m    453920[0m[34;1m     14.95[0m[34;1m     43964[0m[34;1m   2309412[0m[34;1m   4677064[0m[31;1m    154.05[0m[34;1m    712124[0m[34;1m   2028304[0m[34;1m         8[0m
10:43:25   [34;1m    131440[0m[34;1m   1402768[0m[34;1m    454644[0m[34;1m     14.98[0m[34;1m     43964[0m[34;1m   2309440[0m[34;1m   4677064[0m[31;1m    154.05[0m[34;1m    712136[0m[34;1m   2028268[0m[34;1m        44[0m
10:43:26   [34;1m    130704[0m[34;1m   1402032[0m[34;1m    455408[0m[34;1m     15.00[0m[34;1m     43964[0m[34;1m   2309440[0m[34;1m   4677064[0m[31;1m    154.05[0m[34;1m    712136[0m[34;1m   2029228[0m[34;1m        44[0m
10:43:27   [34;1m    130208[0m[34;1m   1401548[0m[34;1m    455804[0m[34;1m     15.01[0m[34;1m     43964[0m[34;1m   2309452[0m[34;1m   4677064[0m[31;1m    154.05[0m[34;1m    712132[0m[34;1m   2028752[0m[34;1m        56[0m
10:43:28   [34;1m    129216[0m[34;1m   1400556[0m[34;1m    456820[0m[34;1m     15.05[0m[34;1m     43964[0m[34;1m   2309452[0m[34;1m   4677064[0m[31;1m    154.05[0m[34;1m    712136[0m[34;1m   2028984[0m[34;1m        56[0m
10:43:29   [34;1m    128472[0m[34;1m   1399828[0m[34;1m    457580[0m[34;1m     15.07[0m[34;1m     43972[0m[34;1m   2309468[0m[34;1m   4677064[0m[31;1m    154.05[0m[34;1m    712136[0m[34;1m   2029008[0m[34;1m        72[0m
10:43:30   [34;1m    127480[0m[34;1m   1398848[0m[34;1m    458556[0m[34;1m     15.10[0m[34;1m     43972[0m[34;1m   2309472[0m[34;1m   4677064[0m[31;1m    154.05[0m[34;1m    712144[0m[34;1m   2029540[0m[34;1m        76[0m
10:43:31   [34;1m    126232[0m[34;1m   1397604[0m[34;1m    459704[0m[34;1m     15.14[0m[34;1m     43972[0m[34;1m   2309476[0m[34;1m   4681400[0m[31;1m    154.20[0m[34;1m    712144[0m[34;1m   2030352[0m[34;1m        80[0m
10:43:32   [34;1m    124736[0m[34;1m   1396108[0m[34;1m    461300[0m[34;1m     15.19[0m[34;1m     43972[0m[34;1m   2309480[0m[34;1m   4681400[0m[31;1m    154.20[0m[34;1m    712144[0m[34;1m   2030724[0m[34;1m        84[0m
10:43:33   [34;1m    123992[0m[34;1m   1395388[0m[34;1m    461968[0m[34;1m     15.22[0m[34;1m     43972[0m[34;1m   2309492[0m[34;1m   4681400[0m[31;1m    154.20[0m[34;1m    712144[0m[34;1m   2030784[0m[34;1m       100[0m
10:43:34   [34;1m    123000[0m[34;1m   1394400[0m[34;1m    463012[0m[34;1m     15.25[0m[34;1m     43972[0m[34;1m   2309496[0m[34;1m   4681400[0m[31;1m    154.20[0m[34;1m    712144[0m[34;1m   2031064[0m[34;1m       104[0m
10:43:35   [34;1m    121784[0m[34;1m   1393200[0m[34;1m    464172[0m[34;1m     15.29[0m[34;1m     43980[0m[34;1m   2309508[0m[34;1m   4677064[0m[31;1m    154.05[0m[34;1m    712152[0m[34;1m   2029840[0m[34;1m       116[0m
10:43:36   [34;1m    120848[0m[34;1m   1392272[0m[34;1m    465164[0m[34;1m     15.32[0m[34;1m     43980[0m[34;1m   2309512[0m[34;1m   4677064[0m[31;1m    154.05[0m[34;1m    712152[0m[34;1m   2030212[0m[34;1m       120[0m
10:43:37   [34;1m    120104[0m[34;1m   1391536[0m[34;1m    465876[0m[34;1m     15.35[0m[34;1m     43980[0m[34;1m   2309520[0m[34;1m   4677064[0m[31;1m    154.05[0m[34;1m    712152[0m[34;1m   2029892[0m[34;1m       128[0m
10:43:38   [34;1m    119360[0m[34;1m   1390796[0m[34;1m    466612[0m[34;1m     15.37[0m[34;1m     43980[0m[34;1m   2309528[0m[34;1m   4677064[0m[31;1m    154.05[0m[34;1m    712152[0m[34;1m   2029840[0m[34;1m        36[0m
10:43:39   [34;1m    118864[0m[34;1m   1390304[0m[34;1m    467028[0m[34;1m     15.38[0m[34;1m     43980[0m[34;1m   2309540[0m[34;1m   4677064[0m[31;1m    154.05[0m[34;1m    712152[0m[34;1m   2029808[0m[34;1m         8[0m
10:43:40   [34;1m    118088[0m[34;1m   1389536[0m[34;1m    467852[0m[34;1m     15.41[0m[34;1m     43988[0m[34;1m   2309544[0m[34;1m   4677064[0m[31;1m    154.05[0m[34;1m    712160[0m[34;1m   2029480[0m[34;1m        28[0m
10:43:41   [34;1m    117344[0m[34;1m   1388820[0m[34;1m    468544[0m[34;1m     15.43[0m[34;1m     43988[0m[34;1m   2309556[0m[34;1m   4677064[0m[31;1m    154.05[0m[34;1m    712160[0m[34;1m   2029672[0m[34;1m        40[0m
10:43:42   [34;1m    116352[0m[34;1m   1387832[0m[34;1m    469576[0m[34;1m     15.47[0m[34;1m     43988[0m[34;1m   2309560[0m[34;1m   4677064[0m[31;1m    154.05[0m[34;1m    712160[0m[34;1m   2029248[0m[34;1m        44[0m
10:43:43   [34;1m    115604[0m[34;1m   1387092[0m[34;1m    470248[0m[34;1m     15.49[0m[34;1m     43988[0m[34;1m   2309572[0m[34;1m   4677064[0m[31;1m    154.05[0m[34;1m    712160[0m[34;1m   2029556[0m[34;1m        60[0m
10:43:44   [34;1m    114388[0m[34;1m   1385884[0m[34;1m    471440[0m[34;1m     15.53[0m[34;1m     43988[0m[34;1m   2309576[0m[34;1m   4677064[0m[31;1m    154.05[0m[34;1m    712160[0m[34;1m   2029740[0m[34;1m        64[0m
10:43:45   [34;1m    113644[0m[34;1m   1385156[0m[34;1m    472188[0m[34;1m     15.55[0m[34;1m     43996[0m[34;1m   2309584[0m[34;1m   4677064[0m[31;1m    154.05[0m[34;1m    712168[0m[34;1m   2029492[0m[34;1m        76[0m
10:43:46   [34;1m    113148[0m[34;1m   1384672[0m[34;1m    472680[0m[34;1m     15.57[0m[34;1m     43996[0m[34;1m   2309600[0m[34;1m   4677064[0m[31;1m    154.05[0m[34;1m    712168[0m[34;1m   2029640[0m[34;1m        92[0m
10:43:47   [34;1m    112900[0m[34;1m   1384428[0m[34;1m    472972[0m[34;1m     15.58[0m[34;1m     43996[0m[34;1m   2309604[0m[34;1m   4677064[0m[31;1m    154.05[0m[34;1m    712168[0m[34;1m   2029700[0m[34;1m        96[0m
10:43:48   [34;1m    111692[0m[34;1m   1383240[0m[34;1m    474084[0m[34;1m     15.62[0m[34;1m     43996[0m[34;1m   2309620[0m[34;1m   4685256[0m[31;1m    154.32[0m[34;1m    712168[0m[34;1m   2029520[0m[34;1m       112[0m
10:43:49   [34;1m    138024[0m[34;1m   1409580[0m[34;1m    447740[0m[34;1m     14.75[0m[34;1m     43996[0m[34;1m   2309628[0m[34;1m   4685256[0m[31;1m    154.32[0m[34;1m    712168[0m[34;1m   2029980[0m[34;1m        12[0m
10:43:50   [34;1m    137032[0m[34;1m   1408588[0m[34;1m    448884[0m[34;1m     14.79[0m[34;1m     44008[0m[34;1m   2309616[0m[34;1m   4685256[0m[31;1m    154.32[0m[34;1m    712168[0m[34;1m   2029960[0m[34;1m        12[0m
10:43:51   [34;1m    135528[0m[34;1m   1407108[0m[34;1m    450232[0m[34;1m     14.83[0m[34;1m     44008[0m[34;1m   2309640[0m[34;1m   4693688[0m[31;1m    154.60[0m[34;1m    712180[0m[34;1m   2031768[0m[34;1m        40[0m
10:43:52   [34;1m    132272[0m[34;1m   1403856[0m[34;1m    453616[0m[34;1m     14.94[0m[34;1m     44008[0m[34;1m   2309644[0m[34;1m   4693688[0m[31;1m    154.60[0m[34;1m    712180[0m[34;1m   2031608[0m[34;1m        44[0m
10:43:53   [34;1m    131052[0m[34;1m   1402644[0m[34;1m    454692[0m[34;1m     14.98[0m[34;1m     44008[0m[34;1m   2309660[0m[34;1m   4693688[0m[31;1m    154.60[0m[34;1m    712180[0m[34;1m   2031988[0m[34;1m        64[0m
10:43:54   [34;1m    129548[0m[34;1m   1401156[0m[34;1m    456184[0m[34;1m     15.03[0m[34;1m     44008[0m[34;1m   2309668[0m[34;1m   4693688[0m[31;1m    154.60[0m[34;1m    712180[0m[34;1m   2031988[0m[34;1m        72[0m
10:43:55   [34;1m    128564[0m[34;1m   1400176[0m[34;1m    457212[0m[34;1m     15.06[0m[34;1m     44012[0m[34;1m   2309676[0m[34;1m   4689352[0m[31;1m    154.46[0m[34;1m    712184[0m[34;1m   2029960[0m[34;1m        84[0m
10:43:56   [34;1m    128068[0m[34;1m   1399692[0m[34;1m    457616[0m[34;1m     15.07[0m[34;1m     44012[0m[34;1m   2309688[0m[34;1m   4689352[0m[31;1m    154.46[0m[34;1m    712184[0m[34;1m   2030536[0m[34;1m        96[0m
10:43:57   [34;1m    127076[0m[34;1m   1398708[0m[34;1m    458700[0m[34;1m     15.11[0m[34;1m     44012[0m[34;1m   2309688[0m[34;1m   4689352[0m[31;1m    154.46[0m[34;1m    712184[0m[34;1m   2030816[0m[34;1m        96[0m
10:43:58   [34;1m    126580[0m[34;1m   1398224[0m[34;1m    459156[0m[34;1m     15.12[0m[34;1m     44012[0m[34;1m   2309704[0m[34;1m   4689352[0m[31;1m    154.46[0m[34;1m    712184[0m[34;1m   2031124[0m[34;1m       112[0m
10:43:59   [34;1m    125836[0m[34;1m   1397484[0m[34;1m    459892[0m[34;1m     15.15[0m[34;1m     44012[0m[34;1m   2309712[0m[34;1m   4689352[0m[31;1m    154.46[0m[34;1m    712184[0m[34;1m   2031008[0m[34;1m        12[0m
10:44:00   [34;1m    124844[0m[34;1m   1396492[0m[34;1m    460896[0m[34;1m     15.18[0m[34;1m     44020[0m[34;1m   2309704[0m[34;1m   4689352[0m[31;1m    154.46[0m[34;1m    712184[0m[34;1m   2030744[0m[34;1m        12[0m
10:44:01   [34;1m    124100[0m[34;1m   1395772[0m[34;1m    461544[0m[34;1m     15.20[0m[34;1m     44020[0m[34;1m   2309720[0m[34;1m   4689352[0m[31;1m    154.46[0m[34;1m    712192[0m[34;1m   2030300[0m[34;1m        52[0m
10:44:02   [34;1m    123104[0m[34;1m   1394776[0m[34;1m    462652[0m[34;1m     15.24[0m[34;1m     44020[0m[34;1m   2309728[0m[34;1m   4690192[0m[31;1m    154.49[0m[34;1m    712192[0m[34;1m   2030500[0m[34;1m        60[0m
10:44:03   [34;1m    121912[0m[34;1m   1393596[0m[34;1m    463732[0m[34;1m     15.27[0m[34;1m     44020[0m[34;1m   2309736[0m[34;1m   4689352[0m[31;1m    154.46[0m[34;1m    712192[0m[34;1m   2031576[0m[34;1m        72[0m
10:44:04   [34;1m    121168[0m[34;1m   1392860[0m[34;1m    464516[0m[34;1m     15.30[0m[34;1m     44020[0m[34;1m   2309740[0m[34;1m   4689352[0m[31;1m    154.46[0m[34;1m    712192[0m[34;1m   2031096[0m[34;1m        76[0m
10:44:05   [34;1m    120424[0m[34;1m   1392132[0m[34;1m    465204[0m[34;1m     15.32[0m[34;1m     44024[0m[34;1m   2309752[0m[34;1m   4689352[0m[31;1m    154.46[0m[34;1m    712196[0m[34;1m   2031112[0m[34;1m        88[0m
10:44:06   [34;1m    119928[0m[34;1m   1391636[0m[34;1m    465748[0m[34;1m     15.34[0m[34;1m     44024[0m[34;1m   2309752[0m[34;1m   4689352[0m[31;1m    154.46[0m[34;1m    712196[0m[34;1m   2030868[0m[34;1m        88[0m
10:44:07   [34;1m    118932[0m[34;1m   1390648[0m[34;1m    466688[0m[34;1m     15.37[0m[34;1m     44024[0m[34;1m   2309760[0m[34;1m   4689352[0m[31;1m    154.46[0m[34;1m    712192[0m[34;1m   2031320[0m[34;1m        96[0m
10:44:08   [34;1m    118684[0m[34;1m   1390400[0m[34;1m    467084[0m[34;1m     15.38[0m[34;1m     44024[0m[34;1m   2309764[0m[34;1m   4689352[0m[31;1m    154.46[0m[34;1m    712196[0m[34;1m   2031224[0m[34;1m       100[0m
