procs -----------memory---------- ---swap-- -----io---- -system-- -------cpu-------
 r  b   swpd   free   buff  cache   si   so    bi    bo   in   cs us sy id wa st gu
12  0      0 213996  48428 2061788   0    0   139   692 9611   81 32 41 27  0  0  0
 0  0      0 210248  48428 2061804   0    0     0     0 4882 8825 24 32 44  0  0  0
 1  0      0 208988  48428 2061888   0    0     0    24 4961 8414 11 13 75  0  0  0
 1  0      0 207516  48432 2062092   0    0     0    84 6117 11660 15 20 65 0  0  0
 4  0      0 203496  48436 2062256   0    0     0    64 7754 15128 20 27 53 0  0  0
 7  0      0 199744  48464 2062368   0    0     0   312 8785 17387 28 30 42 0  0  0
 3  0      0 196496  48480 2062660   0    0     0   208 8632 16957 26 31 43 1  0  0
 4  0      0 193472  48480 2062844   0    0     0     0 8123 15217 22 31 47 0  0  0
 2  0      0 189228  48480 2063008   0    0     0   944 9961 18366 25 34 41 0  0  0
 2  0      0 188220  48488 2063200   0    0     0   112 9991 17854 28 34 38 0  0  0
 8  0      0 184244  48488 2063464   0    0     0     4 10195 18376 28 36 37 0 0  0
 6  0      0 178480  48488 2063804   0    0     0    24 10388 19493 34 40 26 0 0  0
14  0      0 174980  48488 2064068   0    0     0    16 9519 16219 35 39 26 0  0  0
 7  0      0 171732  48488 2064268   0    0     0    24 9982 16874 33 42 25 0  0  0
 2  0      0 169308  48496 2064696   0    0     0    56 8837 14719 36 45 18 0  0  0
 5  0      0 162340  48504 2065008   0    0     0    76 10014 14647 39 46 15 0 0  0
 3  0      0 158644  48504 2065348   0    0     0     0 9835 16460 34 42 24 0  0  0
 3  0      0 155512  48504 2065848   0    0     0    28 10002 15938 42 53 5 0  0  0
 9  0      0 151600  48504 2066180   0    0     0    24 10295 14085 38 48 14 0 0  0
 7  0      0 146488  48504 2066664   0    0     0    44 10945 17392 37 45 19 0 0  0
 9  0      0 141544  48524 2067004   0    0     0   344 11130 18098 42 43 15 0 0  0
procs -----------memory---------- ---swap-- -----io---- -system-- -------cpu-------
 r  b   swpd   free   buff  cache   si   so    bi    bo   in   cs us sy id wa st gu
11  0      0 137640  48540 2067296   0    0     0   256 9869 15637 51 46 4  0  0  0
10  0      0 128520  48540 2067908   0    0     0     0 9627 11854 45 53 2  0  0  0
 4  0      0 124928  48540 2068332   0    0     0    36 10295 15926 44 54 2 0  0  0
 7  0      0 116984  48540 2068676   0    0     0    24 9388 13513 42 53 5  0  0  0
 9  0      0 109788  48540 2069304   0    0     0    48 9706 13800 44 53 3  0  0  0
 2  0      0 105704  48544 2069756   0    0     0    28 9881 13746 43 54 4  0  0  0
14  0      0 100844  48548 2070244   0    0     0    52 8896 14879 40 54 5  0  0  0
 2  0      0 114628  48544 2069588   0    0   120    24 9117 10420 44 51 4  0  0  0
 7  0      0 108376  48544 2071104   0    0    28    40 10057 14220 42 56 2 0  0  0
 8  0      0 114740  48292 2060208   0    0   492    24 8949 14080 42 54 5  0  0  0
 5  0      0 111472  48292 2060772   0    0     0    28 10117 16049 40 56 4 0  0  0
 3  0      0 103196  48300 2061336   0    0   132    24 11189 15342 43 54 4 0  0  0
 5  0      0 106676  48064 2050268   0    0   692  8248 11881 15875 43 54 3 0  0  0
10  0      0 104504  48064 2050772   0    0   124    24 11718 15769 40 48 12 0 0  0
 7  0      0 102112  48088 2051344   0    0   160   352 12238 16688 50 47 3 1  0  0
13  0      0 110796  47844 2040928   0    0  1100   184 11997 17629 45 52 3 0  0  0
12  0      0 108252  47844 2041568   0    0   208    24 11992 16020 44 53 4 0  0  0
 5  0      0 105076  47852 2042040   0    0     0  2944 10540 14705 43 53 4 0  0  0
 3  0      0 101776  47852 2042636   0    0     0    64 12396 17420 42 56 2 0  0  0
 3  0      0 125796  47772 2037260   0    0   768    24 10287 15428 41 57 3 0  0  0
13  0      0 123664  47776 2037924   0    0   188    88 11970 17165 42 53 5 0  0  0
procs -----------memory---------- ---swap-- -----io---- -system-- -------cpu-------
 r  b   swpd   free   buff  cache   si   so    bi    bo   in   cs us sy id wa st gu
 8  0      0 120424  47776 2038460   0    0     0     0 11287 18989 41 55 4 0  0  0
 2  0      0 116948  47776 2039168   0    0     0    68 11718 14385 45 53 2 0  0  0
 3  0      0 114328  47776 2039660   0    0     0     0 11541 15445 41 53 6 0  0  0
 8  0      0 113156  47780 2040080   0    0     0    72 11957 12773 43 55 2 0  0  0
 2  0      0 110272  47780 2040380   0    0     0    20 10744 12298 45 54 1 0  0  0
 2  0      0 105920  47780 2040964   0    0   112    24 11483 10738 44 54 2 0  0  0
 9  0      0 103288  47780 2041628   0    0     0     0 12033 16253 34 47 20 0 0  0
 7  0      0 102336  47780 2041972   0    0     0    64 9211 10396 43 49 8  0  0  0
 3  0      0 112972  47748 2036644   0    0   504  5796 11630 13864 41 51 8 0  0  0
 3  0      0 109068  47760 2037308   0    0    48   196 10916 18431 44 51 5 0  0  0
 9  0      0 103320  47760 2037832   0    0   108     0 10496 14536 43 55 2 0  0  0
 8  0      0 111720  47604 2028136   0    0  1064    32 12293 15223 45 53 3 0  0  0
 8  0      0 109412  47604 2028608   0    0     0    24 11734 13543 43 54 4 0  0  0
 9  0      0 135628  47604 2028956   0    0     0    24 12055 15304 39 55 6 0  0  0
 6  0      0 131636  47612 2030208   0    0   820    64 10967 13751 42 55 3 0  0  0
12  0      0 127236  47612 2030668   0    0     0    24 10657 15615 42 56 2 0  0  0
 5  0      0 123476  47612 2031228   0    0     8     0 11615 19910 40 56 4 0  0  0
 3  0      0 119736  47612 2031720   0    0     0    56 12758 15653 41 53 6 0  0  0
 4  0      0 116752  47612 2032140   0    0     0    24 11646 12227 46 52 3 0  0  0
 3  0      0 113700  47624 2032608   0    0     0    92 10874 14774 39 58 2 0  0  0
 2  0      0 111836  47624 2033236   0    0     0     0 12019 13086 41 48 11 0 0  0
procs -----------memory---------- ---swap-- -----io---- -system-- -------cpu-------
 r  b   swpd   free   buff  cache   si   so    bi    bo   in   cs us sy id wa st gu
 6  0      0 109696  47624 2033668   0    0     0    56 11389 15785 46 49 5 0  0  0
 4  0      0 134816  47624 2034148   0    0     0     0 13135 14802 42 56 2 0  0  0
 6  0      0 128964  47652 2034524   0    0     0   320 11750 14450 48 48 4 0  0  0
 2  0      0 125612  47660 2035000   0    0     0   204 11402 15594 43 55 2 0  0  0
 8  0      0 119304  47664 2035320   0    0     0    56 10365 12555 43 56 1 0  0  0
 4  0      0 113604  47664 2035976   0    0     0     0 11815 19089 41 56 3 0  0  0
 5  0      0 110844  47664 2036404   0    0     0    68 12712 16215 45 52 3 0  0  0
 7  0      0 109420  47664 2036836   0    0     0    24 11737 13645 41 50 9 0  0  0
 4  0      0 108204  47664 2037368   0    0   124    28 11587 11998 38 47 15 0 0  0
 9  0      0 103576  47664 2037840   0    0     0    64 12180 14896 45 53 2 0  0  0
 2  0      0 104736  47672 2037344   0    0     4  8276 11780 16636 43 52 4 0  0  0
 2  0      0 103268  47672 2037928   0    0   140     0 11638 13277 43 55 3 0  0  0
 2  0      0 126364  47672 2037828   0    0    56    24 12993 16603 48 51 1 0  0  0
12  0      0 119988  47672 2038388   0    0   132    24 13074 15028 44 53 3 0  0  0
 4  0      0 117228  47672 2038832   0    0     0     4 11524 15412 41 56 3 0  0  0
10  0      0 115136  47680 2039228   0    0     0  5040 12430 13628 41 56 4 0  0  0
 9  0      0 112824  47684 2039688   0    0     0    68 11273 13623 41 54 5 0  0  0
 4  0      0 111656  47712 2040316   0    0   160   304 11495 18813 45 49 6 0  0  0
 7  0      0 107948  47724 2040708   0    0     0   188 10566 14078 46 49 4 0  0  0
 2  0      0 104464  47724 2041364   0    0   176    24 11738 15839 42 57 2 0  0  0
 4  0      0 111352  47556 2030892   0    0   640  2236 12234 15275 44 53 3 0  0  0
procs -----------memory---------- ---swap-- -----io---- -system-- -------cpu-------
 r  b   swpd   free   buff  cache   si   so    bi    bo   in   cs us sy id wa st gu
 7  0      0 107152  47568 2032020   0    0   404    92 11535 17475 42 54 4 0  0  0
 8  0      0 105504  47568 2032540   0    0   100     0 12068 17069 41 55 4 0  0  0
 6  0      0 102436  47568 2033048   0    0   108    28 10955 16127 43 55 2 0  0  0
 3  0      0 124048  47568 2033588   0    0     0    20 11659 14648 41 57 2 0  0  0
 6  0      0 117432  47568 2033968   0    0     0    24 11096 13640 41 58 1 0  0  0
 3  0      0 114892  47576 2034460   0    0     4    76 12538 13544 46 53 2 0  0  0
 9  0      0 111684  47580 2034948   0    0     0    80 12467 13910 41 57 2 0  0  0
 8  0      0 107720  47580 2035472   0    0     0     0 13447 16547 44 54 2 0  0  0
 4  0      0 104440  47580 2035896   0    0     0    24 12536 15076 42 57 1 0  0  0
 5  0      0 101372  47580 2036360   0    0     0    32 12786 14266 41 55 4 0  0  0
 6  0      0 112496  47504 2030732   0    0   380    24 11561 13439 42 54 4 0  0  0
 4  0      0 108012  47532 2031360   0    0   248   380 11403 15816 43 55 2 0  0  0
 9  0      0 131280  47544 2031832   0    0    40   216 10303 16600 44 53 3 0  0  0
 5  0      0 126772  47544 2032424   0    0   128    24 12650 15538 43 53 4 0  0  0
 2  0      0 120044  47544 2032892   0    0     0    28 13354 17741 40 57 3 0  0  0
 2  0      0 116220  47544 2033324   0    0     0    40 11994 11890 42 54 4 0  0  0
 4  0      0 114380  47544 2033812   0    0     0    24 11662 14330 42 56 3 0  0  0
 6  0      0 110748  47548 2034628   0    0   360    56 10957 14027 42 56 2 0  0  0
 7  0      0 108160  47548 2035040   0    0     0    24 10376 14344 42 54 4 0  0  0
10  0      0 104468  47548 2035372   0    0     0    32 10047 12400 38 59 3 0  0  0
 6  0      0 129216  47532 2034068   0    0   104    24 11882 13857 38 59 3 0  0  0
procs -----------memory---------- ---swap-- -----io---- -system-- -------cpu-------
 r  b   swpd   free   buff  cache   si   so    bi    bo   in   cs us sy id wa st gu
 4  0      0 123084  47532 2034528   0    0    72     0 11309 15303 40 58 2 0  0  0
 7  0      0 116500  47540 2035296   0    0   412    64 10574 13327 41 58 1 0  0  0
 2  0      0 111820  47544 2035920   0    0   136    64 11532 16529 40 56 4 0  0  0
 9  0      0 105380  47544 2036308   0    0     0    24 9796 14447 39 58 3  0  0  0
 3  0      0 123956  47544 2036416   0    0     0    16 11371 15325 40 58 2 0  0  0
13  0      0 119564  47552 2036960   0    0     0   328 13305 16336 43 53 4 1  0  0
 3  0      0 114640  47560 2037484   0    0     0   212 11603 17870 45 53 2 0  0  0
 8  0      0 109924  47568 2037896   0    0     0    68 13088 12023 44 51 5 0  0  0
 5  0      0 105936  47568 2038348   0    0     0    32 11779 15083 41 53 6 0  0  0
 9  0      0 103624  47568 2038896   0    0    76 13356 12471 15934 41 54 5 0  0  0
15  0      0 126860  47556 2037240   0    0    92     0 10318 13991 35 62 3 0  0  0
 5  0      0 119848  47556 2039152   0    0  1340    24 9250 14919 42 56 2  0  0  0
 8  0      0 114828  47556 2039596   0    0     0    92 11295 13960 43 55 2 0  0  0
 3  0      0 109300  47564 2040156   0    0    92    48 10552 15289 39 58 4 0  0  0
 8  0      0 105088  47564 2040592   0    0    48    20 12450 12406 44 54 3 0  0  0
 4  0      0 103672  47564 2041036   0    0    40    52 11606 15267 43 54 3 0  0  0
 5  0      0 102504  47564 2041468   0    0     0    24 12252 18286 47 50 3 0  0  0
 6  0      0 119772  47564 2041264   0    0   244    24 11135 15029 41 56 3 0  0  0
 3  0      0 113640  47576 2041868   0    0   180    88 9794 14920 42 56 2  0  0  0
 9  0      0 108056  47576 2042472   0    0   156    24 12873 15617 41 54 5 0  0  0
 4  0      0 104624  47596 2043004   0    0   168   312 9820 14428 52 45 3  0  0  0
procs -----------memory---------- ---swap-- -----io---- -system-- -------cpu-------
 r  b   swpd   free   buff  cache   si   so    bi    bo   in   cs us sy id wa st gu
 8  0      0 102008  47612 2043444   0    0    60   204 11422 17145 44 51 5 0  0  0
 8  0      0 117572  47528 2038188   0    0   536    28 12179 15564 42 53 4 1  0  0
 7  0      0 111260  47528 2039404   0    0   388     4 9222 12484 38 59 3  0  0  0
 9  0      0 106832  47528 2039856   0    0     0    56 12800 13815 41 52 7 0  0  0
 7  0      0 104740  47536 2040256   0    0     0    76 11559 16333 44 56 1 0  0  0
 9  0      0 100704  47536 2040952   0    0   192    52 10651 15493 42 55 3 0  0  0
 3  0      0 117400  47484 2037756   0    0   124    16 11585 15156 41 55 4 0  0  0
12  0      0 112740  47484 2038812   0    0   628    56 12821 15911 46 52 2 0  0  0
 9  0      0 111324  47484 2039220   0    0     0     0 12771 16749 45 51 4 0  0  0
 7  0      0 108960  47492 2039612   0    0     0    64 11604 15875 43 53 4 0  0  0
 4  0      0 105648  47492 2039996   0    0     0     0 10888 12422 44 54 3 0  0  0
 5  0      0 104476  47492 2040380   0    0     0    52 12397 15397 44 53 4 0  0  0
 5  0      0 103304  47492 2040804   0    0     0     0 11069 13871 42 53 5 0  0  0
 6  0      0 129028  47324 2029652   0    0   440    40 11553 16334 41 57 2 0  0  0
 9  0      0 125336  47360 2030108   0    0    56   340 10175 15551 45 51 4 0  0  0
 2  0      0 122032  47372 2030944   0    0   452   192 10808 16562 43 54 3 0  0  0
12  0      0 120524  47372 2031292   0    0     0    24 10125 14137 46 49 4 0  0  0
 5  0      0 118072  47372 2032004   0    0   472    60 8138 12827 42 56 2  0  0  0
 2  0      0 114500  47372 2032700   0    0     0 12256 9725 15066 42 56 2  0  0  0
 7  0      0 110444  47372 2033084   0    0     0    24 10507 12009 41 53 5 0  0  0
 4  0      0 108052  47384 2033532   0    0     0    60 11199 13325 43 52 4 0  0  0
procs -----------memory---------- ---swap-- -----io---- -system-- -------cpu-------
 r  b   swpd   free   buff  cache   si   so    bi    bo   in   cs us sy id wa st gu
 4  0      0 125224  47232 2023132   0    0  1340  1308 10239 17736 48 49 3 0  0  0
 8  0      0 122604  47232 2023476   0    0    68     0 10446 14793 40 56 4 0  0  0
 6  0      0 119704  47232 2023844   0    0     0    40 9619 14389 44 53 3  0  0  0
 5  0      0 118276  47232 2024160   0    0     0     4 10962 14285 42 55 3 0  0  0
 8  0      0 117552  47232 2024644   0    0   108    44 10676 14670 43 53 4 0  0  0
 2  0      0 115064  47240 2024964   0    0     0    68 11188 12393 42 55 3 0  0  0
 3  0      0 112976  47240 2025352   0    0   128    56 9718 13643 43 53 5  0  0  0
 7  0      0 111556  47240 2025812   0    0     0     0 10644 14734 43 52 5 0  0  0
12  0      0 110164  47256 2026080   0    0     8   304 10508 13667 49 48 3 0  0  0
 2  0      0 107488  47268 2026572   0    0     0   180 11236 14862 44 52 5 0  0  0
11  0      0 105880  47268 2026936   0    0     0    24 10822 12494 43 55 2 0  0  0
 6  0      0 105064  47268 2027504   0    0     0    28 11724 15348 40 55 5 0  0  0
11  0      0 102604  47272 2027868   0    0     0    76 10759 15015 40 56 4 0  0  0
 3  0      0 101616  47272 2027960   0    0     8     0 9187 14112 38 57 4  0  0  0
 8  0      0 127632  47272 2028244   0    0    28    52 9757 13099 45 50 5  0  0  0
 7  0      0 124524  47272 2028720   0    0    20    24 10213 13884 39 57 4 0  0  0
 4  0      0 122368  47276 2029100   0    0     0    76 12564 16938 48 46 6 0  0  0
 4  0      0 119204  47276 2029412   0    0     0     0 9798 11486 35 60 5  0  0  0
14  0      0 116412  47276 2029744   0    0     0    24 9526 13163 40 56 4  0  0  0
 9  0      0 113540  47276 2030124   0    0     0     0 9075 12664 43 53 5  0  0  0
 5  0      0 110920  47276 2030588   0    0     4   300 11227 16155 40 56 4 0  0  0
procs -----------memory---------- ---swap-- -----io---- -system-- -------cpu-------
 r  b   swpd   free   buff  cache   si   so    bi    bo   in   cs us sy id wa st gu
11  0      0 109968  47280 2030816   0    0     0    64 10915 15469 47 52 2 0  0  0
10  0      0 103408  47288 2031124   0    0     0    68 10368 13863 40 58 2 0  0  0
 9  0      0 112596  47108 2020748   0    0     0  8400 12159 15702 41 56 3 0  0  0
 7  0      0 108964  47116 2021436   0    0   508   188 12126 15779 43 52 5 0  0  0
 8  0      0 106628  47116 2021768   0    0     0    24 9424 13880 40 56 3  0  0  0
 3  0      0 104264  47116 2022348   0    0     0    36 10881 15898 44 53 4 0  0  0
16  0      0 128508  47116 2022792   0    0     0    24 11499 12590 39 56 5 0  0  0
 6  0      0 126524  47116 2023056   0    0     0     0 9686 10351 41 54 5  0  0  0
 3  0      0 123512  47120 2023556   0    0     4  2316 12238 15220 43 57 0 0  0  0
 5  0      0 122588  47120 2024000   0    0     0     0 10883 14018 44 52 4 0  0  0
 4  0      0 120896  47120 2024292   0    0     0    48 10785 14498 41 54 4 0  0  0
 2  0      0 118280  47120 2024672   0    0    44    16 10901 10953 44 54 2 0  0  0
12  0      0 114124  47120 2025048   0    0     0    24 10552 13281 42 54 3 0  0  0
 4  0      0 112212  47124 2025456   0    0     0  2060 12023 14801 41 54 5 0  0  0
 8  0      0 109840  47144 2026244   0    0    20    48 10955 15786 44 54 2 0  0  0
 6  0      0 107800  47144 2026640   0    0     0    32 10479 13845 45 50 5 0  0  0
 5  0      0 103400  47144 2027116   0    0   128    24 10197 12762 36 59 4 1  0  0
 3  0      0 102004  47144 2027468   0    0     0     0 10686 12523 42 47 11 0 0  0
 3  0      0 130688  47148 2027664   0    0    24    60 11372 15608 41 55 4 0  0  0
 9  0      0 126432  47148 2028012   0    0     0     0 11379 12763 45 52 3 0  0  0
 8  0      0 123412  47152 2028356   0    0    32    72 10369 15771 43 55 2 0  0  0
procs -----------memory---------- ---swap-- -----io---- -system-- -------cpu-------
 r  b   swpd   free   buff  cache   si   so    bi    bo   in   cs us sy id wa st gu
 5  0      0 118392  47152 2028892   0    0    64    16 10658 14194 47 52 1 0  0  0
 5  0      0 114836  47152 2029260   0    0     0    24 10569 12502 40 54 6 0  0  0
 9  0      0 113164  47152 2029636   0    0     0     0 10743 13854 45 53 2 0  0  0
 4  0      0 110324  47160 2030036   0    0     0   116 10543 14542 44 54 2 0  0  0
11  0      0 105200  47160 2030428   0    0     0    40 9673 12956 43 56 1  0  0  0
 9  0      0 102080  47160 2030804   0    0     0    24 10081 15228 38 58 4 0  0  0
 8  0      0 130908  47144 2029860   0    0   136     0 10431 12876 45 52 3 0  0  0
 7  0      0 127044  47144 2030352   0    0   232    24 9949 13795 40 58 3  0  0  0
 5  0      0 122252  47152 2030840   0    0     0    28 10482 14323 44 53 4 0  0  0
17  0      0 116500  47152 2031072   0    0     0    28 10303 7786 44 55 1  0  0  0
 9  0      0 113064  47160 2031688   0    0     0    68 10190 17491 42 56 2 0  0  0
 8  0      0 110700  47160 2031964   0    0     0    24 9730 13386 45 52 3  0  0  0
 4  0      0 108092  47160 2032396   0    0     0     0 10317 14129 42 54 4 0  0  0
 7  0      0 106900  47160 2032688   0    0     4    52 9122 13395 46 49 5  0  0  0
 3  0      0 104084  47164 2032972   0    0     0    96 8942 12849 47 52 2  0  0  0
10  0      0 101244  47164 2033356   0    0    76    24 9690 12948 41 56 3  0  0  0
 2  0      0 127960  46972 2023308   0    0   252     0 10909 14059 46 52 3 0  0  0
 9  0      0 124428  46972 2023584   0    0     4    24 10769 13766 41 56 4 0  0  0
 6  0      0 122980  46972 2023964   0    0     0     0 11149 16411 42 54 4 0  0  0
10  0      0 120784  46980 2024320   0    0     0    72 10012 13472 46 51 3 0  0  0
 9  0      0 119060  46980 2024568   0    0     0    24 10852 15741 43 53 4 0  0  0
procs -----------memory---------- ---swap-- -----io---- -system-- -------cpu-------
 r  b   swpd   free   buff  cache   si   so    bi    bo   in   cs us sy id wa st gu
 7  0      0 117640  46988 2024980   0    0     0    60 11036 14722 44 51 5 0  0  0
 7  0      0 115004  46988 2025352   0    0     0     0 12690 15605 41 53 5 0  0  0
 7  0      0 112412  46988 2025692   0    0     0 11036 11265 13584 41 56 3 0  0  0
 6  0      0 110936  46988 2026012   0    0     0    56 11580 15103 44 51 5 0  0  0
10  0      0 106868  46996 2026512   0    0     0    96 11265 14678 43 54 3 0  0  0
 2  0      0 105896  46996 2026812   0    0     0     0 11013 14028 43 52 5 0  0  0
 9  0      0 103080  46996 2027300   0    0     0    24 11050 14972 44 52 4 0  0  0
 7  0      0 130296  46956 2024624   0    0     0    32 8783 11601 43 55 2  0  0  0
 6  0      0 127460  46956 2025264   0    0   360    44 9862 15504 42 54 4  0  0  0
 4  0      0 125268  46960 2025676   0    0     0    76 11313 15772 43 54 3 0  0  0
 8  0      0 122212  46960 2026088   0    0     0    24 11051 15372 44 52 4 0  0  0
10  0      0 119316  46960 2026360   0    0     0     0 10970 14213 44 54 3 0  0  0
14  0      0 115764  46960 2026704   0    0     0    92 10266 14662 43 53 4 0  0  0
 2  0      0 112060  46960 2027012   0    0     0    36 9591 10564 44 51 6  0  0  0
 6  0      0 108212  46960 2027532   0    0     0    24 11791 14322 47 51 2 0  0  0
 8  0      0 105624  46960 2027872   0    0    64     0 9758 15028 41 57 2  0  0  0
11  0      0 103564  46960 2028308   0    0     0    56 9249 13592 45 52 4  0  0  0
 5  0      0 102596  46960 2028660   0    0     0     0 11702 14449 40 56 4 0  0  0
18  0      0 134364  46920 2026300   0    0     0    20 12157 13491 44 52 4 0  0  0
 9  0      0 129996  46920 2026756   0    0    20    48 11652 14984 40 57 4 0  0  0
 9  0      0 122640  46920 2027108   0    0     0     4 9946 15053 46 52 2  0  0  0
procs -----------memory---------- ---swap-- -----io---- -system-- -------cpu-------
 r  b   swpd   free   buff  cache   si   so    bi    bo   in   cs us sy id wa st gu
 4  0      0 118076  46920 2027772   0    0     0    20 11245 14969 45 53 3 0  0  0
12  0      0 114272  46920 2028132   0    0    24    64 9821 14160 42 55 3  0  0  0
 8  0      0 110440  46924 2028556   0    0     0    88 9159 13557 41 55 4  0  0  0
 6  0      0 105516  46924 2028988   0    0     0    24 11398 12439 41 58 1 0  0  0
 4  0      0 103144  46924 2029468   0    0   120    24 10367 12907 44 53 3 0  0  0
 7  0      0  99896  46924 2029840   0    0     0     0 11074 14247 43 55 2 0  0  0
 3  0      0 102660  46884 2027608   0    0    80    24 11397 15055 42 53 5 0  0  0
10  0      0 124516  46892 2027336   0    0    32  8236 9057 12541 41 55 4  0  0  0
 9  0      0 123348  46900 2028004   0    0   228   104 10027 13796 43 50 7 0  0  0
 3  0      0 120172  46900 2028500   0    0   148     0 9481 13172 41 56 3  0  0  0
 3  0      0 112588  46900 2029124   0    0     0    24 17869 18550 41 57 2 0  0  0
11  0      0 110564  46900 2029568   0    0     0    24 17874 30585 29 59 11 0 0  0
12  0      0 106880  46908 2030140   0    0     0  3784 16661 31718 36 57 8 0  0  0
 3  0      0 132220  46908 2030552   0    0     0    24 16862 28813 36 57 7 0  0  0
 2  0      0 126964  46908 2031100   0    0     0    24 15909 21906 40 56 4 0  0  0
 4  0      0 149928  46908 2031688   0    0     0     0 15840 20536 38 59 3 0  0  0
 3  0      0 143572  46908 2032200   0    0     0    24 21376 28092 36 56 8 0  0  0
 5  0      0 140040  46912 2032956   0    0     0    80 19346 22473 37 59 4 0  0  0
 5  0      0 136328  46916 2033412   0    0     0    80 16407 21636 39 57 4 0  0  0
10  0      0 132500  46916 2033944   0    0     0     0 18073 22154 36 59 5 0  0  0
 9  0      0 220824  46916 1942272   0    0    48    24 17648 23893 38 59 3 0  0  0
procs -----------memory---------- ---swap-- -----io---- -system-- -------cpu-------
 r  b   swpd   free   buff  cache   si   so    bi    bo   in   cs us sy id wa st gu
 3  0      0 218956  46916 1942696   0    0     0    52 18071 23201 38 56 6 0  0  0
 8  0      0 213436  46916 1943292   0    0     0    60 16637 22038 39 59 3 0  0  0
11  0      0 236484  46916 1943960   0    0    80   108 16943 23000 36 59 5 0  0  0
10  0      0 232252  46916 1944552   0    0   112    24 18545 24694 38 56 6 0  0  0
 3  0      0 227308  46916 1945088   0    0     0     0 18738 23646 35 59 6 0  0  0
 2  0      0 225408  46916 1945684   0    0     0    28 17340 19665 38 60 2 0  0  0
13  0      0 221028  46916 1946140   0    0     0    16 18648 26317 34 60 5 0  0  0
 2  0      0 218684  46916 1946668   0    0     0    76 18317 23356 35 62 3 0  0  0
13  0      0 216036  46916 1947260   0    0    68     0 15810 19195 39 58 3 0  0  0
 5  0      0 211820  46916 1947796   0    0     0    56 16843 21822 37 56 6 0  0  0
10  0      0 207356  46916 1948292   0    0     0     0 13439 14615 35 58 7 0  0  0
 8  0      0 202888  46916 1948776   0    0     0    84 16002 19042 38 57 4 1  0  0
 8  0      0 200292  46916 1949380   0    0     0    24 17839 19788 39 57 4 0  0  0
 2  0      0 224852  46920 1949916   0    0     0    56 17841 20088 37 53 11 0 0  0
 5  0      0 220936  46920 1950432   0    0     0     0 15253 22036 38 57 4 0  0  0
 5  0      0 217224  46920 1950912   0    0     0    28 15137 22101 35 61 3 0  0  0
 6  0      0 211420  46920 1951476   0    0     0    16 18460 25864 37 59 4 0  0  0
 9  0      0 207236  46920 1951940   0    0     0  8300 16115 23155 33 61 6 0  0  0
 8  0      0 201348  46920 1952472   0    0     0    92 16693 25744 35 62 3 0  0  0
 6  0      0 200084  46920 1953000   0    0     0    24 16657 20098 36 61 3 0  0  0
 5  1      0 199048  46920 1953568   0    0     0     0 17826 20425 39 59 2 0  0  0
procs -----------memory---------- ---swap-- -----io---- -system-- -------cpu-------
 r  b   swpd   free   buff  cache   si   so    bi    bo   in   cs us sy id wa st gu
 4  0      0 222480  46924 1954088   0    0     0   112 16789 21677 39 58 3 0  0  0
 3  0      0 218680  46928 1954684   0    0     4  4092 17827 21701 39 57 4 0  0  0
 4  0      0 214336  46928 1955108   0    0     0    24 17043 21356 40 57 3 0  0  0
 3  0      0 211324  46928 1955680   0    0     0     0 15431 18613 39 58 3 0  0  0
 7  0      0 204104  46932 1956192   0    0     0    68 15969 24127 34 61 5 0  0  0
 7  0      0 198716  46932 1956696   0    0     0    16 17093 20833 38 57 6 0  0  0
 1  0      0 192600  46932 1957308   0    0     0    28 14821 21857 36 59 5 0  0  0
21  0      0 215744  46932 1957732   0    0     0    24 15416 18066 38 59 4 0  0  0
 7  0      0 209724  46932 1958352   0    0     0    24 14644 21248 35 62 3 0  0  0
 3  0      0 203448  46932 1958840   0    0     0    36 15007 23672 35 63 3 0  0  0
 2  0      0 199988  46940 1959388   0    0     0    92 15964 22146 37 61 2 0  0  0
 9  0      0 197616  46940 1959888   0    0     0    24 16212 18387 34 54 12 0 0  0
 7  0      0 192844  46940 1960436   0    0     0    24 14781 18874 34 62 4 0  0  0
 2  0      0 188888  46940 1961000   0    0     0     0 17831 24812 39 55 6 0  0  0
 5  0      0 212676  46940 1961508   0    0     0    24 16471 19119 39 59 2 0  0  0
13  0      0 209172  46944 1961932   0    0     0    44 17724 20550 37 57 5 0  0  0
10  0      0 204060  46952 1962572   0    0     0    56 18341 24254 35 60 5 0  0  0
10  0      0 198788  46960 1963072   0    0     0   212 17208 23210 37 59 4 0  0  0
 2  0      0 196500  46968 1963576   0    0    40   120 15640 17813 39 60 2 0  0  0
10  0      0 194068  46968 1964160   0    0     0     0 17742 17159 37 53 10 0 0  0
15  0      0 189244  46968 1964756   0    0     0    36 16462 22244 40 57 3 0  0  0
procs -----------memory---------- ---swap-- -----io---- -system-- -------cpu-------
 r  b   swpd   free   buff  cache   si   so    bi    bo   in   cs us sy id wa st gu
 3  0      0 184968  46976 1965172   0    0     0    68 16414 19525 38 59 3 0  0  0
 8  0      0 181260  46976 1965652   0    0     0    48 16325 21908 37 59 4 0  0  0
 7  0      0 204388  46976 1966140   0    0     0     0 16650 23991 34 61 5 0  0  0
 4  0      0 200312  46976 1966704   0    0     0    24 16495 17596 39 58 3 0  0  0
 4  0      0 196320  46976 1967200   0    0     0    16 13989 17149 38 61 1 0  0  0
 4  0      0 194672  46980 1967692   0    0     0    92 13301 15426 39 58 3 0  0  0
 6  0      0 189820  46984 1968104   0    0     0 12472 9478 14210 33 63 5  0  0  0
 0  0      0 206288  46984 1966756   0    0     0    28 8243 14478 33 49 18 0  0  0
