Linux 6.6.95 (ssp-study) 	04/21/26 	_x86_64_	(2 CPU)

09:19:05    kbmemfree   kbavail kbmemused  %memused kbbuffers  kbcached  kbcommit   %commit  kbactive   kbinact   kbdirty
09:19:06   [34;1m    645592[0m[34;1m   1282768[0m[34;1m    599968[0m[34;1m     19.76[0m[34;1m     17964[0m[34;1m   1714660[0m[34;1m   3320484[0m[31;1m    109.37[0m[34;1m    763888[0m[34;1m   1518440[0m[34;1m       276[0m
09:19:07   [34;1m    642064[0m[34;1m   1279264[0m[34;1m    603380[0m[34;1m     19.87[0m[34;1m     17964[0m[34;1m   1714680[0m[34;1m   3321316[0m[31;1m    109.40[0m[34;1m    763888[0m[34;1m   1520592[0m[34;1m       296[0m
09:19:08   [34;1m    641308[0m[34;1m   1278556[0m[34;1m    604036[0m[34;1m     19.90[0m[34;1m     17964[0m[34;1m   1714708[0m[34;1m   3321316[0m[31;1m    109.40[0m[34;1m    763896[0m[34;1m   1521772[0m[34;1m       272[0m
09:19:09   [34;1m    640832[0m[34;1m   1278220[0m[34;1m    604320[0m[34;1m     19.91[0m[34;1m     17972[0m[34;1m   1714844[0m[34;1m   3321316[0m[31;1m    109.40[0m[34;1m    763904[0m[34;1m   1522360[0m[34;1m       300[0m
09:19:10   [34;1m    639068[0m[34;1m   1276504[0m[34;1m    606000[0m[34;1m     19.96[0m[34;1m     17984[0m[34;1m   1714868[0m[34;1m   3325412[0m[31;1m    109.53[0m[34;1m    763904[0m[34;1m   1523992[0m[34;1m       304[0m
09:19:11   [34;1m    638576[0m[34;1m   1276180[0m[34;1m    606140[0m[34;1m     19.97[0m[34;1m     17996[0m[34;1m   1714960[0m[34;1m   3325412[0m[31;1m    109.53[0m[34;1m    763928[0m[34;1m   1524552[0m[34;1m       380[0m
09:19:12   [34;1m    635552[0m[34;1m   1273196[0m[34;1m    609076[0m[34;1m     20.06[0m[34;1m     17996[0m[34;1m   1715000[0m[34;1m   3334248[0m[31;1m    109.82[0m[34;1m    763928[0m[34;1m   1525816[0m[34;1m       420[0m
09:19:13   [34;1m    634796[0m[34;1m   1272440[0m[34;1m    609832[0m[34;1m     20.09[0m[34;1m     17996[0m[34;1m   1715000[0m[34;1m   3338344[0m[31;1m    109.96[0m[34;1m    763928[0m[34;1m   1526816[0m[34;1m       220[0m
09:19:14   [34;1m    634052[0m[34;1m   1271812[0m[34;1m    610280[0m[34;1m     20.10[0m[34;1m     18008[0m[34;1m   1715092[0m[34;1m   3338344[0m[31;1m    109.96[0m[34;1m    763940[0m[34;1m   1528024[0m[34;1m       248[0m
09:19:15   [34;1m    632792[0m[34;1m   1270608[0m[34;1m    611436[0m[34;1m     20.14[0m[34;1m     18008[0m[34;1m   1715144[0m[34;1m   3338344[0m[31;1m    109.96[0m[34;1m    763940[0m[34;1m   1529700[0m[34;1m       300[0m
09:19:16   [34;1m    631812[0m[34;1m   1269700[0m[34;1m    612276[0m[34;1m     20.17[0m[34;1m     18008[0m[34;1m   1715204[0m[34;1m   3342440[0m[31;1m    110.09[0m[34;1m    763940[0m[34;1m   1530356[0m[34;1m       360[0m
09:19:17   [34;1m    630804[0m[34;1m   1268756[0m[34;1m    613152[0m[34;1m     20.20[0m[34;1m     18008[0m[34;1m   1715264[0m[34;1m   3342440[0m[31;1m    110.09[0m[34;1m    763940[0m[34;1m   1530652[0m[34;1m       420[0m
09:19:18   [34;1m    629040[0m[34;1m   1267156[0m[34;1m    614588[0m[34;1m     20.24[0m[34;1m     18008[0m[34;1m   1715396[0m[34;1m   3347048[0m[31;1m    110.25[0m[34;1m    763940[0m[34;1m   1532748[0m[34;1m       468[0m
09:19:19   [34;1m    627780[0m[34;1m   1265964[0m[34;1m    615736[0m[34;1m     20.28[0m[34;1m     18016[0m[34;1m   1715456[0m[34;1m   3347048[0m[31;1m    110.25[0m[34;1m    763948[0m[34;1m   1534120[0m[34;1m       528[0m
09:19:20   [34;1m    627024[0m[34;1m   1265316[0m[34;1m    616288[0m[34;1m     20.30[0m[34;1m     18028[0m[34;1m   1715544[0m[34;1m   3347048[0m[31;1m    110.25[0m[34;1m    763960[0m[34;1m   1534896[0m[34;1m       616[0m
09:19:21   [34;1m    627024[0m[34;1m   1265340[0m[34;1m    616252[0m[34;1m     20.30[0m[34;1m     18028[0m[34;1m   1715572[0m[34;1m   3346536[0m[31;1m    110.23[0m[34;1m    763960[0m[34;1m   1533740[0m[34;1m       644[0m
09:19:22   [34;1m    625544[0m[34;1m   1263992[0m[34;1m    617492[0m[34;1m     20.34[0m[34;1m     18028[0m[34;1m   1715696[0m[34;1m   3346536[0m[31;1m    110.23[0m[34;1m    763960[0m[34;1m   1534544[0m[34;1m       764[0m
09:19:23   [34;1m    624060[0m[34;1m   1262616[0m[34;1m    618792[0m[34;1m     20.38[0m[34;1m     18028[0m[34;1m   1715788[0m[34;1m   3350632[0m[31;1m    110.36[0m[34;1m    763960[0m[34;1m   1536568[0m[34;1m       860[0m
09:19:24   [34;1m    623808[0m[34;1m   1262540[0m[34;1m    618816[0m[34;1m     20.38[0m[34;1m     18028[0m[34;1m   1715952[0m[34;1m   3350632[0m[31;1m    110.36[0m[34;1m    763960[0m[34;1m   1537260[0m[34;1m       972[0m
09:19:25   [34;1m    623064[0m[34;1m   1262020[0m[34;1m    619164[0m[34;1m     20.39[0m[34;1m     18036[0m[34;1m   1716048[0m[34;1m   3350632[0m[31;1m    110.36[0m[34;1m    763964[0m[34;1m   1537920[0m[34;1m      1064[0m
09:19:26   [34;1m    622340[0m[34;1m   1261420[0m[34;1m    619716[0m[34;1m     20.41[0m[34;1m     18060[0m[34;1m   1716152[0m[34;1m   3350632[0m[31;1m    110.36[0m[34;1m    763992[0m[34;1m   1538136[0m[34;1m      1160[0m
09:19:27   [34;1m    620128[0m[34;1m   1259304[0m[34;1m    621720[0m[34;1m     20.48[0m[34;1m     18060[0m[34;1m   1716268[0m[34;1m   3350632[0m[31;1m    110.36[0m[34;1m    763992[0m[34;1m   1538980[0m[34;1m      1276[0m
09:19:28   [34;1m    619624[0m[34;1m   1258956[0m[34;1m    622056[0m[34;1m     20.49[0m[34;1m     18060[0m[34;1m   1716376[0m[34;1m   3350632[0m[31;1m    110.36[0m[34;1m    763992[0m[34;1m   1540104[0m[34;1m        24[0m
09:19:29   [34;1m    618364[0m[34;1m   1257788[0m[34;1m    623208[0m[34;1m     20.53[0m[34;1m     18060[0m[34;1m   1716456[0m[34;1m   3354728[0m[31;1m    110.50[0m[34;1m    763992[0m[34;1m   1541556[0m[34;1m       104[0m
09:19:30   [34;1m    617608[0m[34;1m   1257180[0m[34;1m    623692[0m[34;1m     20.54[0m[34;1m     18072[0m[34;1m   1716580[0m[34;1m   3354728[0m[31;1m    110.50[0m[34;1m    764004[0m[34;1m   1542180[0m[34;1m       240[0m
09:19:31   [34;1m    616852[0m[34;1m   1256520[0m[34;1m    624280[0m[34;1m     20.56[0m[34;1m     18072[0m[34;1m   1716692[0m[34;1m   3354728[0m[31;1m    110.50[0m[34;1m    764004[0m[34;1m   1542908[0m[34;1m       352[0m
09:19:32   [34;1m    614332[0m[34;1m   1254120[0m[34;1m    626620[0m[34;1m     20.64[0m[34;1m     18072[0m[34;1m   1716808[0m[34;1m   3354728[0m[31;1m    110.50[0m[34;1m    764004[0m[34;1m   1543676[0m[34;1m       468[0m
09:19:33   [34;1m    614108[0m[34;1m   1254060[0m[34;1m    626648[0m[34;1m     20.64[0m[34;1m     18072[0m[34;1m   1716932[0m[34;1m   3354728[0m[31;1m    110.50[0m[34;1m    764004[0m[34;1m   1544844[0m[34;1m       596[0m
09:19:34   [34;1m    613868[0m[34;1m   1253968[0m[34;1m    626696[0m[34;1m     20.64[0m[34;1m     18072[0m[34;1m   1717076[0m[34;1m   3354728[0m[31;1m    110.50[0m[34;1m    764004[0m[34;1m   1545372[0m[34;1m       740[0m
09:19:35   [34;1m    613392[0m[34;1m   1253696[0m[34;1m    626792[0m[34;1m     20.65[0m[34;1m     18080[0m[34;1m   1717220[0m[34;1m   3354792[0m[31;1m    110.50[0m[34;1m    764012[0m[34;1m   1545540[0m[34;1m       892[0m
09:19:36   [34;1m    612916[0m[34;1m   1253380[0m[34;1m    627072[0m[34;1m     20.65[0m[34;1m     18080[0m[34;1m   1717348[0m[34;1m   3354792[0m[31;1m    110.50[0m[34;1m    764012[0m[34;1m   1546080[0m[34;1m      1020[0m
09:19:37   [34;1m    610144[0m[34;1m   1250756[0m[34;1m    629684[0m[34;1m     20.74[0m[34;1m     18092[0m[34;1m   1717484[0m[34;1m   3354856[0m[31;1m    110.50[0m[34;1m    764024[0m[34;1m   1547316[0m[34;1m      1152[0m
09:19:38   [34;1m    608896[0m[34;1m   1249656[0m[34;1m    630724[0m[34;1m     20.77[0m[34;1m     18092[0m[34;1m   1717620[0m[34;1m   3360040[0m[31;1m    110.67[0m[34;1m    764024[0m[34;1m   1549096[0m[34;1m      1288[0m
09:19:39   [34;1m    608644[0m[34;1m   1249548[0m[34;1m    630820[0m[34;1m     20.78[0m[34;1m     18092[0m[34;1m   1717768[0m[34;1m   3360296[0m[31;1m    110.68[0m[34;1m    764024[0m[34;1m   1549404[0m[34;1m      1436[0m
09:19:40   [34;1m    607916[0m[34;1m   1248976[0m[34;1m    631372[0m[34;1m     20.80[0m[34;1m     18092[0m[34;1m   1717936[0m[34;1m   3360296[0m[31;1m    110.68[0m[34;1m    764024[0m[34;1m   1549924[0m[34;1m      1552[0m
09:19:41   [34;1m    607408[0m[34;1m   1248648[0m[34;1m    631660[0m[34;1m     20.81[0m[34;1m     18116[0m[34;1m   1718088[0m[34;1m   3360296[0m[31;1m    110.68[0m[34;1m    764036[0m[34;1m   1550580[0m[34;1m      1700[0m
09:19:42   [34;1m    606680[0m[34;1m   1248084[0m[34;1m    632304[0m[34;1m     20.83[0m[34;1m     18116[0m[34;1m   1718228[0m[34;1m   3355688[0m[31;1m    110.53[0m[34;1m    764048[0m[34;1m   1549140[0m[34;1m      1840[0m
09:19:43   [34;1m    604916[0m[34;1m   1246424[0m[34;1m    633912[0m[34;1m     20.88[0m[34;1m     18116[0m[34;1m   1718376[0m[34;1m   3355688[0m[31;1m    110.53[0m[34;1m    764056[0m[34;1m   1549204[0m[34;1m      1988[0m
09:19:44   [34;1m    604916[0m[34;1m   1246560[0m[34;1m    633804[0m[34;1m     20.88[0m[34;1m     18116[0m[34;1m   1718484[0m[34;1m   3355688[0m[31;1m    110.53[0m[34;1m    764056[0m[34;1m   1549376[0m[34;1m      2096[0m
09:19:45   [34;1m    604692[0m[34;1m   1246472[0m[34;1m    633860[0m[34;1m     20.88[0m[34;1m     18116[0m[34;1m   1718640[0m[34;1m   3359784[0m[31;1m    110.67[0m[34;1m    764056[0m[34;1m   1550116[0m[34;1m      2252[0m
09:19:46   [34;1m    604692[0m[34;1m   1246628[0m[34;1m    633716[0m[34;1m     20.87[0m[34;1m     18124[0m[34;1m   1718764[0m[34;1m   3359784[0m[31;1m    110.67[0m[34;1m    764060[0m[34;1m   1550352[0m[34;1m      2376[0m
09:19:47   [34;1m    604220[0m[34;1m   1246372[0m[34;1m    634024[0m[34;1m     20.88[0m[34;1m     18136[0m[34;1m   1718936[0m[34;1m   3400420[0m[31;1m    112.00[0m[34;1m    764076[0m[34;1m   1551032[0m[34;1m      2544[0m
09:19:48   [34;1m    604220[0m[34;1m   1246492[0m[34;1m    633888[0m[34;1m     20.88[0m[34;1m     18136[0m[34;1m   1719060[0m[34;1m   3359784[0m[31;1m    110.67[0m[34;1m    764076[0m[34;1m   1550864[0m[34;1m      2668[0m
09:19:50   [34;1m    604220[0m[34;1m   1246624[0m[34;1m    633732[0m[34;1m     20.87[0m[34;1m     18136[0m[34;1m   1719208[0m[34;1m   3359784[0m[31;1m    110.67[0m[34;1m    764076[0m[34;1m   1551232[0m[34;1m        72[0m
09:19:51   [34;1m    604220[0m[34;1m   1246772[0m[34;1m    633600[0m[34;1m     20.87[0m[34;1m     18136[0m[34;1m   1719340[0m[34;1m   3359784[0m[31;1m    110.67[0m[34;1m    764076[0m[34;1m   1551104[0m[34;1m       204[0m
09:19:52   [34;1m    604220[0m[34;1m   1246900[0m[34;1m    633444[0m[34;1m     20.86[0m[34;1m     18148[0m[34;1m   1719476[0m[34;1m   3359784[0m[31;1m    110.67[0m[34;1m    764088[0m[34;1m   1550728[0m[34;1m       376[0m
09:19:53   [34;1m    604220[0m[34;1m   1247056[0m[34;1m    633280[0m[34;1m     20.86[0m[34;1m     18148[0m[34;1m   1719628[0m[34;1m   3359784[0m[31;1m    110.67[0m[34;1m    764088[0m[34;1m   1550976[0m[34;1m       528[0m
09:19:54   [34;1m    603492[0m[34;1m   1246520[0m[34;1m    633824[0m[34;1m     20.88[0m[34;1m     18148[0m[34;1m   1719804[0m[34;1m   3359784[0m[31;1m    110.67[0m[34;1m    764088[0m[34;1m   1551276[0m[34;1m       688[0m
09:19:55   [34;1m    603492[0m[34;1m   1246644[0m[34;1m    633680[0m[34;1m     20.87[0m[34;1m     18148[0m[34;1m   1719928[0m[34;1m   3359784[0m[31;1m    110.67[0m[34;1m    764088[0m[34;1m   1551516[0m[34;1m       812[0m
09:19:56   [34;1m    603492[0m[34;1m   1246772[0m[34;1m    633560[0m[34;1m     20.87[0m[34;1m     18148[0m[34;1m   1720056[0m[34;1m   3359784[0m[31;1m    110.67[0m[34;1m    764088[0m[34;1m   1551984[0m[34;1m       940[0m
09:19:57   [34;1m    603268[0m[34;1m   1246712[0m[34;1m    633596[0m[34;1m     20.87[0m[34;1m     18168[0m[34;1m   1720200[0m[34;1m   3359784[0m[31;1m    110.67[0m[34;1m    764108[0m[34;1m   1552264[0m[34;1m      1088[0m
09:19:58   [34;1m    603044[0m[34;1m   1246620[0m[34;1m    633656[0m[34;1m     20.87[0m[34;1m     18180[0m[34;1m   1720340[0m[34;1m   3359784[0m[31;1m    110.67[0m[34;1m    764120[0m[34;1m   1552552[0m[34;1m      1224[0m
09:19:59   [34;1m    600048[0m[34;1m   1243792[0m[34;1m    636472[0m[34;1m     20.96[0m[34;1m     18180[0m[34;1m   1720488[0m[34;1m   3364392[0m[31;1m    110.82[0m[34;1m    764120[0m[34;1m   1554316[0m[34;1m      1372[0m
09:20:00   [34;1m    599796[0m[34;1m   1243652[0m[34;1m    636620[0m[34;1m     20.97[0m[34;1m     18180[0m[34;1m   1720608[0m[34;1m   3364392[0m[31;1m    110.82[0m[34;1m    764120[0m[34;1m   1554528[0m[34;1m      1492[0m
09:20:01   [34;1m    599796[0m[34;1m   1243816[0m[34;1m    636460[0m[34;1m     20.96[0m[34;1m     18180[0m[34;1m   1720764[0m[34;1m   3364392[0m[31;1m    110.82[0m[34;1m    764120[0m[34;1m   1554640[0m[34;1m      1648[0m
09:20:02   [34;1m    599572[0m[34;1m   1243764[0m[34;1m    636516[0m[34;1m     20.97[0m[34;1m     18192[0m[34;1m   1720900[0m[34;1m   3364392[0m[31;1m    110.82[0m[34;1m    764132[0m[34;1m   1555328[0m[34;1m      1780[0m
09:20:03   [34;1m    599572[0m[34;1m   1243900[0m[34;1m    636396[0m[34;1m     20.96[0m[34;1m     18192[0m[34;1m   1721028[0m[34;1m   3359784[0m[31;1m    110.67[0m[34;1m    764132[0m[34;1m   1554156[0m[34;1m      1908[0m
09:20:04   [34;1m    598592[0m[34;1m   1243060[0m[34;1m    637252[0m[34;1m     20.99[0m[34;1m     18192[0m[34;1m   1721168[0m[34;1m   3360040[0m[31;1m    110.67[0m[34;1m    764132[0m[34;1m   1551784[0m[34;1m      2048[0m
09:20:05   [34;1m    598592[0m[34;1m   1243180[0m[34;1m    637120[0m[34;1m     20.99[0m[34;1m     18192[0m[34;1m   1721292[0m[34;1m   3360040[0m[31;1m    110.67[0m[34;1m    764132[0m[34;1m   1550468[0m[34;1m      2172[0m
09:20:06   [34;1m    598368[0m[34;1m   1243092[0m[34;1m    637188[0m[34;1m     20.99[0m[34;1m     18192[0m[34;1m   1721444[0m[34;1m   3360040[0m[31;1m    110.67[0m[34;1m    764132[0m[34;1m   1550908[0m[34;1m      2324[0m
09:20:07   [34;1m    598368[0m[34;1m   1243216[0m[34;1m    637056[0m[34;1m     20.98[0m[34;1m     18200[0m[34;1m   1721564[0m[34;1m   3360040[0m[31;1m    110.67[0m[34;1m    764140[0m[34;1m   1551080[0m[34;1m      2444[0m
09:20:08   [34;1m    598368[0m[34;1m   1243356[0m[34;1m    636912[0m[34;1m     20.98[0m[34;1m     18200[0m[34;1m   1721692[0m[34;1m   3360040[0m[31;1m    110.67[0m[34;1m    764140[0m[34;1m   1551428[0m[34;1m      2572[0m
09:20:09   [34;1m    598116[0m[34;1m   1243240[0m[34;1m    637004[0m[34;1m     20.98[0m[34;1m     18200[0m[34;1m   1721824[0m[34;1m   3360040[0m[31;1m    110.67[0m[34;1m    764140[0m[34;1m   1551668[0m[34;1m      2704[0m
09:20:10   [34;1m    597892[0m[34;1m   1243192[0m[34;1m    637044[0m[34;1m     20.98[0m[34;1m     18216[0m[34;1m   1721972[0m[34;1m   3360040[0m[31;1m    110.67[0m[34;1m    764156[0m[34;1m   1552104[0m[34;1m        16[0m
09:20:11   [34;1m    597892[0m[34;1m   1243324[0m[34;1m    636900[0m[34;1m     20.98[0m[34;1m     18216[0m[34;1m   1722112[0m[34;1m   3360040[0m[31;1m    110.67[0m[34;1m    764156[0m[34;1m   1552364[0m[34;1m       156[0m
09:20:12   [34;1m    597892[0m[34;1m   1243480[0m[34;1m    636736[0m[34;1m     20.97[0m[34;1m     18228[0m[34;1m   1722236[0m[34;1m   3360296[0m[31;1m    110.68[0m[34;1m    764168[0m[34;1m   1553040[0m[34;1m       320[0m
09:20:13   [34;1m    597444[0m[34;1m   1243212[0m[34;1m    637024[0m[34;1m     20.98[0m[34;1m     18240[0m[34;1m   1722408[0m[34;1m   3364392[0m[31;1m    110.82[0m[34;1m    764180[0m[34;1m   1552992[0m[34;1m       496[0m
09:20:14   [34;1m    596688[0m[34;1m   1242584[0m[34;1m    637656[0m[34;1m     21.00[0m[34;1m     18240[0m[34;1m   1722540[0m[34;1m   3364392[0m[31;1m    110.82[0m[34;1m    764180[0m[34;1m   1553088[0m[34;1m       632[0m
09:20:15   [34;1m    596464[0m[34;1m   1242460[0m[34;1m    637732[0m[34;1m     21.01[0m[34;1m     18240[0m[34;1m   1722680[0m[34;1m   3364392[0m[31;1m    110.82[0m[34;1m    764180[0m[34;1m   1552744[0m[34;1m       772[0m
09:20:16   [34;1m    596464[0m[34;1m   1242624[0m[34;1m    637588[0m[34;1m     21.00[0m[34;1m     18240[0m[34;1m   1722812[0m[34;1m   3364392[0m[31;1m    110.82[0m[34;1m    764180[0m[34;1m   1552956[0m[34;1m       904[0m
09:20:17   [34;1m    596240[0m[34;1m   1242556[0m[34;1m    637644[0m[34;1m     21.00[0m[34;1m     18240[0m[34;1m   1722976[0m[34;1m   3364392[0m[31;1m    110.82[0m[34;1m    764180[0m[34;1m   1553168[0m[34;1m      1068[0m
09:20:18   [34;1m    596240[0m[34;1m   1242704[0m[34;1m    637500[0m[34;1m     21.00[0m[34;1m     18248[0m[34;1m   1723124[0m[34;1m   3364392[0m[31;1m    110.82[0m[34;1m    764188[0m[34;1m   1553340[0m[34;1m      1216[0m
09:20:19   [34;1m    595764[0m[34;1m   1242376[0m[34;1m    637836[0m[34;1m     21.01[0m[34;1m     18248[0m[34;1m   1723224[0m[34;1m   3369000[0m[31;1m    110.97[0m[34;1m    764188[0m[34;1m   1555104[0m[34;1m      1316[0m
09:20:20   [34;1m    595264[0m[34;1m   1241952[0m[34;1m    638172[0m[34;1m     21.02[0m[34;1m     18248[0m[34;1m   1723372[0m[34;1m   3369000[0m[31;1m    110.97[0m[34;1m    764188[0m[34;1m   1555284[0m[34;1m      1464[0m
09:20:21   [34;1m    595264[0m[34;1m   1242132[0m[34;1m    638020[0m[34;1m     21.02[0m[34;1m     18260[0m[34;1m   1723504[0m[34;1m   3369000[0m[31;1m    110.97[0m[34;1m    764200[0m[34;1m   1555204[0m[34;1m      1592[0m
09:20:22   [34;1m    595264[0m[34;1m   1242288[0m[34;1m    637868[0m[34;1m     21.01[0m[34;1m     18260[0m[34;1m   1723656[0m[34;1m   3369000[0m[31;1m    110.97[0m[34;1m    764200[0m[34;1m   1555388[0m[34;1m      1744[0m
09:20:23   [34;1m    595040[0m[34;1m   1242224[0m[34;1m    637960[0m[34;1m     21.01[0m[34;1m     18272[0m[34;1m   1723796[0m[34;1m   3364392[0m[31;1m    110.82[0m[34;1m    764200[0m[34;1m   1554332[0m[34;1m      1872[0m
09:20:24   [34;1m    595040[0m[34;1m   1242336[0m[34;1m    637804[0m[34;1m     21.01[0m[34;1m     18272[0m[34;1m   1723928[0m[34;1m   3364392[0m[31;1m    110.82[0m[34;1m    764212[0m[34;1m   1554524[0m[34;1m      2004[0m
09:20:25   [34;1m    594816[0m[34;1m   1242296[0m[34;1m    637888[0m[34;1m     21.01[0m[34;1m     18272[0m[34;1m   1724064[0m[34;1m   3364392[0m[31;1m    110.82[0m[34;1m    764212[0m[34;1m   1554772[0m[34;1m      2140[0m
09:20:26   [34;1m    594816[0m[34;1m   1242388[0m[34;1m    637752[0m[34;1m     21.01[0m[34;1m     18272[0m[34;1m   1724192[0m[34;1m   3364392[0m[31;1m    110.82[0m[34;1m    764212[0m[34;1m   1554892[0m[34;1m      2268[0m
09:20:27   [34;1m    594592[0m[34;1m   1242324[0m[34;1m    637856[0m[34;1m     21.01[0m[34;1m     18284[0m[34;1m   1724312[0m[34;1m   3364392[0m[31;1m    110.82[0m[34;1m    764212[0m[34;1m   1555088[0m[34;1m      2384[0m
09:20:28   [34;1m    594592[0m[34;1m   1242496[0m[34;1m    637656[0m[34;1m     21.00[0m[34;1m     18284[0m[34;1m   1724480[0m[34;1m   3364392[0m[31;1m    110.82[0m[34;1m    764224[0m[34;1m   1555260[0m[34;1m      2552[0m
09:20:29   [34;1m    594084[0m[34;1m   1242060[0m[34;1m    638080[0m[34;1m     21.02[0m[34;1m     18284[0m[34;1m   1724592[0m[34;1m   3364392[0m[31;1m    110.82[0m[34;1m    764224[0m[34;1m   1555404[0m[34;1m      2664[0m
09:20:30   [34;1m    593860[0m[34;1m   1241984[0m[34;1m    638148[0m[34;1m     21.02[0m[34;1m     18284[0m[34;1m   1724740[0m[34;1m   3364392[0m[31;1m    110.82[0m[34;1m    764224[0m[34;1m   1555588[0m[34;1m      2812[0m
09:20:31   [34;1m    593860[0m[34;1m   1242156[0m[34;1m    637988[0m[34;1m     21.01[0m[34;1m     18296[0m[34;1m   1724896[0m[34;1m   3364392[0m[31;1m    110.82[0m[34;1m    764236[0m[34;1m   1555660[0m[34;1m       120[0m
09:20:32   [34;1m    593384[0m[34;1m   1241872[0m[34;1m    638304[0m[34;1m     21.02[0m[34;1m     18296[0m[34;1m   1725040[0m[34;1m   3364392[0m[31;1m    110.82[0m[34;1m    764236[0m[34;1m   1555792[0m[34;1m       264[0m
09:20:33   [34;1m    593132[0m[34;1m   1241852[0m[34;1m    638264[0m[34;1m     21.02[0m[34;1m     18296[0m[34;1m   1725304[0m[34;1m   3364392[0m[31;1m    110.82[0m[34;1m    764236[0m[34;1m   1556456[0m[34;1m       400[0m
09:20:34   [34;1m    592908[0m[34;1m   1241812[0m[34;1m    638320[0m[34;1m     21.03[0m[34;1m     18308[0m[34;1m   1725456[0m[34;1m   3364392[0m[31;1m    110.82[0m[34;1m    764248[0m[34;1m   1556548[0m[34;1m       556[0m
09:20:35   [34;1m    592908[0m[34;1m   1241960[0m[34;1m    638200[0m[34;1m     21.02[0m[34;1m     18308[0m[34;1m   1725580[0m[34;1m   3364392[0m[31;1m    110.82[0m[34;1m    764248[0m[34;1m   1556760[0m[34;1m       680[0m
09:20:36   [34;1m    592684[0m[34;1m   1241876[0m[34;1m    638276[0m[34;1m     21.02[0m[34;1m     18308[0m[34;1m   1725724[0m[34;1m   3364392[0m[31;1m    110.82[0m[34;1m    764248[0m[34;1m   1556580[0m[34;1m       824[0m
09:20:37   [34;1m    592684[0m[34;1m   1241980[0m[34;1m    638140[0m[34;1m     21.02[0m[34;1m     18308[0m[34;1m   1725852[0m[34;1m   3364392[0m[31;1m    110.82[0m[34;1m    764248[0m[34;1m   1553684[0m[34;1m       952[0m
09:20:38   [34;1m    592684[0m[34;1m   1242164[0m[34;1m    637980[0m[34;1m     21.01[0m[34;1m     18308[0m[34;1m   1726004[0m[34;1m   3364392[0m[31;1m    110.82[0m[34;1m    764248[0m[34;1m   1555244[0m[34;1m      1104[0m
09:20:39   [34;1m    592180[0m[34;1m   1241808[0m[34;1m    638304[0m[34;1m     21.02[0m[34;1m     18316[0m[34;1m   1726152[0m[34;1m   3369000[0m[31;1m    110.97[0m[34;1m    764256[0m[34;1m   1557436[0m[34;1m      1256[0m
09:20:40   [34;1m    591928[0m[34;1m   1241688[0m[34;1m    638420[0m[34;1m     21.03[0m[34;1m     18316[0m[34;1m   1726288[0m[34;1m   3369000[0m[31;1m    110.97[0m[34;1m    764256[0m[34;1m   1557532[0m[34;1m      1392[0m
09:20:41   [34;1m    591676[0m[34;1m   1241616[0m[34;1m    638488[0m[34;1m     21.03[0m[34;1m     18328[0m[34;1m   1726448[0m[34;1m   3369000[0m[31;1m    110.97[0m[34;1m    764268[0m[34;1m   1558080[0m[34;1m      1556[0m
09:20:42   [34;1m    591452[0m[34;1m   1241568[0m[34;1m    638564[0m[34;1m     21.03[0m[34;1m     18340[0m[34;1m   1726604[0m[34;1m   3364392[0m[31;1m    110.82[0m[34;1m    764280[0m[34;1m   1556788[0m[34;1m      1716[0m
09:20:43   [34;1m    591204[0m[34;1m   1241460[0m[34;1m    638656[0m[34;1m     21.04[0m[34;1m     18340[0m[34;1m   1726732[0m[34;1m   3364648[0m[31;1m    110.83[0m[34;1m    764280[0m[34;1m   1556888[0m[34;1m      1844[0m
09:20:44   [34;1m    587928[0m[34;1m   1238348[0m[34;1m    641736[0m[34;1m     21.14[0m[34;1m     18352[0m[34;1m   1726880[0m[34;1m   3364648[0m[31;1m    110.83[0m[34;1m    764292[0m[34;1m   1557108[0m[34;1m      1988[0m
09:20:45   [34;1m    587928[0m[34;1m   1238456[0m[34;1m    641600[0m[34;1m     21.13[0m[34;1m     18352[0m[34;1m   1727012[0m[34;1m   3364648[0m[31;1m    110.83[0m[34;1m    764292[0m[34;1m   1557264[0m[34;1m      2120[0m
09:20:46   [34;1m    587928[0m[34;1m   1238608[0m[34;1m    641464[0m[34;1m     21.13[0m[34;1m     18352[0m[34;1m   1727148[0m[34;1m   3364648[0m[31;1m    110.83[0m[34;1m    764292[0m[34;1m   1557496[0m[34;1m      2256[0m
09:20:47   [34;1m    587928[0m[34;1m   1238760[0m[34;1m    641312[0m[34;1m     21.12[0m[34;1m     18352[0m[34;1m   1727292[0m[34;1m   3364648[0m[31;1m    110.83[0m[34;1m    764292[0m[34;1m   1557740[0m[34;1m      2400[0m
09:20:48   [34;1m    587928[0m[34;1m   1238900[0m[34;1m    641168[0m[34;1m     21.12[0m[34;1m     18352[0m[34;1m   1727436[0m[34;1m   3364648[0m[31;1m    110.83[0m[34;1m    764292[0m[34;1m   1557980[0m[34;1m      2544[0m
09:20:49   [34;1m    587928[0m[34;1m   1239040[0m[34;1m    641032[0m[34;1m     21.11[0m[34;1m     18360[0m[34;1m   1727564[0m[34;1m   3364648[0m[31;1m    110.83[0m[34;1m    764300[0m[34;1m   1558188[0m[34;1m      2672[0m
09:20:50   [34;1m    587928[0m[34;1m   1239152[0m[34;1m    640896[0m[34;1m     21.11[0m[34;1m     18360[0m[34;1m   1727696[0m[34;1m   3364648[0m[31;1m    110.83[0m[34;1m    764300[0m[34;1m   1558312[0m[34;1m      2804[0m
09:20:51   [34;1m    587704[0m[34;1m   1239120[0m[34;1m    640972[0m[34;1m     21.11[0m[34;1m     18372[0m[34;1m   1727828[0m[34;1m   3364648[0m[31;1m    110.83[0m[34;1m    764312[0m[34;1m   1558408[0m[34;1m      2932[0m
09:20:52   [34;1m    587452[0m[34;1m   1238964[0m[34;1m    641076[0m[34;1m     21.12[0m[34;1m     18372[0m[34;1m   1727972[0m[34;1m   3364648[0m[31;1m    110.83[0m[34;1m    764312[0m[34;1m   1558588[0m[34;1m      3076[0m
09:20:53   [34;1m    587452[0m[34;1m   1239144[0m[34;1m    640932[0m[34;1m     21.11[0m[34;1m     18372[0m[34;1m   1728096[0m[34;1m   3364648[0m[31;1m    110.83[0m[34;1m    764312[0m[34;1m   1559072[0m[34;1m      3200[0m
09:20:54   [34;1m    587200[0m[34;1m   1238996[0m[34;1m    641032[0m[34;1m     21.11[0m[34;1m     18372[0m[34;1m   1728244[0m[34;1m   3364648[0m[31;1m    110.83[0m[34;1m    764312[0m[34;1m   1559240[0m[34;1m      3348[0m
09:20:55   [34;1m    587200[0m[34;1m   1239204[0m[34;1m    640868[0m[34;1m     21.11[0m[34;1m     18384[0m[34;1m   1728404[0m[34;1m   3364648[0m[31;1m    110.83[0m[34;1m    764324[0m[34;1m   1559168[0m[34;1m      3504[0m
09:20:56   [34;1m    586976[0m[34;1m   1239112[0m[34;1m    640960[0m[34;1m     21.11[0m[34;1m     18392[0m[34;1m   1728516[0m[34;1m   3364648[0m[31;1m    110.83[0m[34;1m    764324[0m[34;1m   1559316[0m[34;1m        24[0m
09:20:57   [34;1m    586976[0m[34;1m   1239244[0m[34;1m    640808[0m[34;1m     21.11[0m[34;1m     18404[0m[34;1m   1728656[0m[34;1m   3364648[0m[31;1m    110.83[0m[34;1m    764344[0m[34;1m   1559500[0m[34;1m       184[0m
09:20:58   [34;1m    586976[0m[34;1m   1239408[0m[34;1m    640628[0m[34;1m     21.10[0m[34;1m     18404[0m[34;1m   1728820[0m[34;1m   3364648[0m[31;1m    110.83[0m[34;1m    764344[0m[34;1m   1559860[0m[34;1m       348[0m
09:20:59   [34;1m    585716[0m[34;1m   1238276[0m[34;1m    641728[0m[34;1m     21.14[0m[34;1m     18404[0m[34;1m   1728956[0m[34;1m   3369256[0m[31;1m    110.98[0m[34;1m    764344[0m[34;1m   1561864[0m[34;1m       484[0m
09:21:00   [34;1m    585240[0m[34;1m   1237960[0m[34;1m    642052[0m[34;1m     21.15[0m[34;1m     18404[0m[34;1m   1729104[0m[34;1m   3369256[0m[31;1m    110.98[0m[34;1m    764344[0m[34;1m   1562136[0m[34;1m       632[0m
09:21:01   [34;1m    585240[0m[34;1m   1238136[0m[34;1m    641868[0m[34;1m     21.14[0m[34;1m     18416[0m[34;1m   1729260[0m[34;1m   3369256[0m[31;1m    110.98[0m[34;1m    764356[0m[34;1m   1562204[0m[34;1m       792[0m
09:21:02   [34;1m    585240[0m[34;1m   1238268[0m[34;1m    641732[0m[34;1m     21.14[0m[34;1m     18416[0m[34;1m   1729396[0m[34;1m   3364648[0m[31;1m    110.83[0m[34;1m    764356[0m[34;1m   1560872[0m[34;1m       928[0m
09:21:03   [34;1m    585240[0m[34;1m   1238440[0m[34;1m    641536[0m[34;1m     21.13[0m[34;1m     18428[0m[34;1m   1729556[0m[34;1m   3364648[0m[31;1m    110.83[0m[34;1m    764368[0m[34;1m   1561324[0m[34;1m      1084[0m
09:21:04   [34;1m    585240[0m[34;1m   1238288[0m[34;1m    641720[0m[34;1m     21.14[0m[34;1m     18428[0m[34;1m   1729380[0m[34;1m   3364648[0m[31;1m    110.83[0m[34;1m    765332[0m[34;1m   1560492[0m[34;1m      1212[0m
09:21:05   [34;1m    585240[0m[34;1m   1238436[0m[34;1m    641544[0m[34;1m     21.13[0m[34;1m     18440[0m[34;1m   1729536[0m[34;1m   3364648[0m[31;1m    110.83[0m[34;1m    765344[0m[34;1m   1560968[0m[34;1m      1364[0m
09:21:06   [34;1m    585240[0m[34;1m   1238556[0m[34;1m    641424[0m[34;1m     21.13[0m[34;1m     18440[0m[34;1m   1729664[0m[34;1m   3364648[0m[31;1m    110.83[0m[34;1m    765344[0m[34;1m   1559960[0m[34;1m      1492[0m
09:21:07   [34;1m    585240[0m[34;1m   1238672[0m[34;1m    641316[0m[34;1m     21.12[0m[34;1m     18440[0m[34;1m   1729768[0m[34;1m   3364648[0m[31;1m    110.83[0m[34;1m    765344[0m[34;1m   1560028[0m[34;1m      1596[0m
09:21:08   [34;1m    585240[0m[34;1m   1238812[0m[34;1m    641160[0m[34;1m     21.12[0m[34;1m     18440[0m[34;1m   1729920[0m[34;1m   3364648[0m[31;1m    110.83[0m[34;1m    765344[0m[34;1m   1560208[0m[34;1m      1748[0m
09:21:09   [34;1m    584988[0m[34;1m   1238708[0m[34;1m    641292[0m[34;1m     21.12[0m[34;1m     18440[0m[34;1m   1730052[0m[34;1m   3364648[0m[31;1m    110.83[0m[34;1m    765344[0m[34;1m   1560396[0m[34;1m      1880[0m
09:21:10   [34;1m    584988[0m[34;1m   1238868[0m[34;1m    641128[0m[34;1m     21.12[0m[34;1m     18448[0m[34;1m   1730204[0m[34;1m   3364648[0m[31;1m    110.83[0m[34;1m    765352[0m[34;1m   1560808[0m[34;1m      2032[0m
09:21:11   [34;1m    584736[0m[34;1m   1238744[0m[34;1m    641248[0m[34;1m     21.12[0m[34;1m     18448[0m[34;1m   1730332[0m[34;1m   3364648[0m[31;1m    110.83[0m[34;1m    765352[0m[34;1m   1560980[0m[34;1m      2160[0m
09:21:12   [34;1m    584736[0m[34;1m   1238972[0m[34;1m    641040[0m[34;1m     21.11[0m[34;1m     18484[0m[34;1m   1730500[0m[34;1m   3364648[0m[31;1m    110.83[0m[34;1m    765376[0m[34;1m   1561224[0m[34;1m      2316[0m
09:21:13   [34;1m    584232[0m[34;1m   1238608[0m[34;1m    641372[0m[34;1m     21.13[0m[34;1m     18484[0m[34;1m   1730632[0m[34;1m   3364648[0m[31;1m    110.83[0m[34;1m    765388[0m[34;1m   1560928[0m[34;1m      2448[0m
09:21:14   [34;1m    583980[0m[34;1m   1238504[0m[34;1m    641476[0m[34;1m     21.13[0m[34;1m     18484[0m[34;1m   1730776[0m[34;1m   3364648[0m[31;1m    110.83[0m[34;1m    765388[0m[34;1m   1561000[0m[34;1m      2592[0m
09:21:15   [34;1m    583728[0m[34;1m   1238372[0m[34;1m    641588[0m[34;1m     21.13[0m[34;1m     18496[0m[34;1m   1730900[0m[34;1m   3364648[0m[31;1m    110.83[0m[34;1m    765400[0m[34;1m   1561112[0m[34;1m      2712[0m
09:21:16   [34;1m    583728[0m[34;1m   1238524[0m[34;1m    641428[0m[34;1m     21.13[0m[34;1m     18496[0m[34;1m   1731056[0m[34;1m   3364648[0m[31;1m    110.83[0m[34;1m    765400[0m[34;1m   1561324[0m[34;1m      2868[0m
09:21:17   [34;1m    583476[0m[34;1m   1238416[0m[34;1m    641552[0m[34;1m     21.13[0m[34;1m     18496[0m[34;1m   1731184[0m[34;1m   3364648[0m[31;1m    110.83[0m[34;1m    765400[0m[34;1m   1561516[0m[34;1m        60[0m
09:21:18   [34;1m    583000[0m[34;1m   1238088[0m[34;1m    641848[0m[34;1m     21.14[0m[34;1m     18496[0m[34;1m   1731352[0m[34;1m   3364648[0m[31;1m    110.83[0m[34;1m    765400[0m[34;1m   1561696[0m[34;1m       228[0m
09:21:19   [34;1m    582748[0m[34;1m   1237992[0m[34;1m    641924[0m[34;1m     21.14[0m[34;1m     18496[0m[34;1m   1731484[0m[34;1m   3369256[0m[31;1m    110.98[0m[34;1m    765400[0m[34;1m   1563432[0m[34;1m       360[0m
09:21:20   [34;1m    582524[0m[34;1m   1237912[0m[34;1m    642008[0m[34;1m     21.15[0m[34;1m     18504[0m[34;1m   1731620[0m[34;1m   3369256[0m[31;1m    110.98[0m[34;1m    765400[0m[34;1m   1563652[0m[34;1m       532[0m
09:21:21   [34;1m    582272[0m[34;1m   1237804[0m[34;1m    642124[0m[34;1m     21.15[0m[34;1m     18504[0m[34;1m   1731756[0m[34;1m   3369256[0m[31;1m    110.98[0m[34;1m    765408[0m[34;1m   1563544[0m[34;1m       668[0m
09:21:22   [34;1m    582272[0m[34;1m   1238100[0m[34;1m    641832[0m[34;1m     21.14[0m[34;1m     18516[0m[34;1m   1732036[0m[34;1m   3364648[0m[31;1m    110.83[0m[34;1m    765420[0m[34;1m   1562372[0m[34;1m       824[0m
09:21:23   [34;1m    582020[0m[34;1m   1237984[0m[34;1m    641960[0m[34;1m     21.15[0m[34;1m     18516[0m[34;1m   1732164[0m[34;1m   3364648[0m[31;1m    110.83[0m[34;1m    765420[0m[34;1m   1562736[0m[34;1m       952[0m
09:21:24   [34;1m    580508[0m[34;1m   1236616[0m[34;1m    643328[0m[34;1m     21.19[0m[34;1m     18516[0m[34;1m   1732320[0m[34;1m   3364648[0m[31;1m    110.83[0m[34;1m    765420[0m[34;1m   1562984[0m[34;1m      1112[0m
09:21:25   [34;1m    580032[0m[34;1m   1236288[0m[34;1m    643664[0m[34;1m     21.20[0m[34;1m     18516[0m[34;1m   1732460[0m[34;1m   3364648[0m[31;1m    110.83[0m[34;1m    765420[0m[34;1m   1563152[0m[34;1m      1252[0m
09:21:26   [34;1m    580032[0m[34;1m   1236400[0m[34;1m    643508[0m[34;1m     21.20[0m[34;1m     18516[0m[34;1m   1732612[0m[34;1m   3364648[0m[31;1m    110.83[0m[34;1m    765420[0m[34;1m   1563288[0m[34;1m      1404[0m
09:21:27   [34;1m    579780[0m[34;1m   1236372[0m[34;1m    643572[0m[34;1m     21.20[0m[34;1m     18548[0m[34;1m   1732764[0m[34;1m   3364648[0m[31;1m    110.83[0m[34;1m    765444[0m[34;1m   1563760[0m[34;1m      1560[0m
09:21:28   [34;1m    579524[0m[34;1m   1236264[0m[34;1m    643688[0m[34;1m     21.20[0m[34;1m     18548[0m[34;1m   1732900[0m[34;1m   3364648[0m[31;1m    110.83[0m[34;1m    765444[0m[34;1m   1564480[0m[34;1m      1696[0m
09:21:29   [34;1m    578516[0m[34;1m   1235368[0m[34;1m    644568[0m[34;1m     21.23[0m[34;1m     18548[0m[34;1m   1733024[0m[34;1m   3364648[0m[31;1m    110.83[0m[34;1m    765452[0m[34;1m   1564648[0m[34;1m      1820[0m
09:21:30   [34;1m    578264[0m[34;1m   1235264[0m[34;1m    644680[0m[34;1m     21.23[0m[34;1m     18548[0m[34;1m   1733164[0m[34;1m   3364648[0m[31;1m    110.83[0m[34;1m    765452[0m[34;1m   1565028[0m[34;1m      1960[0m
09:21:31   [34;1m    578040[0m[34;1m   1235176[0m[34;1m    644760[0m[34;1m     21.24[0m[34;1m     18548[0m[34;1m   1733300[0m[34;1m   3364648[0m[31;1m    110.83[0m[34;1m    765452[0m[34;1m   1565036[0m[34;1m      2096[0m
09:21:32   [34;1m    578040[0m[34;1m   1235320[0m[34;1m    644596[0m[34;1m     21.23[0m[34;1m     18560[0m[34;1m   1733452[0m[34;1m   3364648[0m[31;1m    110.83[0m[34;1m    765464[0m[34;1m   1565224[0m[34;1m      2244[0m
09:21:33   [34;1m    577536[0m[34;1m   1235000[0m[34;1m    644892[0m[34;1m     21.24[0m[34;1m     18560[0m[34;1m   1733584[0m[34;1m   3364648[0m[31;1m    110.83[0m[34;1m    765464[0m[34;1m   1565680[0m[34;1m      2376[0m
09:21:34   [34;1m    577312[0m[34;1m   1234884[0m[34;1m    644964[0m[34;1m     21.24[0m[34;1m     18560[0m[34;1m   1733732[0m[34;1m   3364648[0m[31;1m    110.83[0m[34;1m    765464[0m[34;1m   1565996[0m[34;1m      2524[0m
09:21:35   [34;1m    577312[0m[34;1m   1235028[0m[34;1m    644832[0m[34;1m     21.24[0m[34;1m     18560[0m[34;1m   1733864[0m[34;1m   3364648[0m[31;1m    110.83[0m[34;1m    765464[0m[34;1m   1566244[0m[34;1m      2656[0m
09:21:36   [34;1m    577312[0m[34;1m   1235176[0m[34;1m    644692[0m[34;1m     21.23[0m[34;1m     18560[0m[34;1m   1733996[0m[34;1m   3364648[0m[31;1m    110.83[0m[34;1m    765464[0m[34;1m   1566572[0m[34;1m      2788[0m
09:21:37   [34;1m    577088[0m[34;1m   1235144[0m[34;1m    644732[0m[34;1m     21.24[0m[34;1m     18580[0m[34;1m   1734148[0m[34;1m   3364648[0m[31;1m    110.83[0m[34;1m    765484[0m[34;1m   1566828[0m[34;1m      2936[0m
09:21:38   [34;1m    577088[0m[34;1m   1235184[0m[34;1m    644628[0m[34;1m     21.23[0m[34;1m     18580[0m[34;1m   1734276[0m[34;1m   3364648[0m[31;1m    110.83[0m[34;1m    765484[0m[34;1m   1566888[0m[34;1m      3064[0m
09:21:39   [34;1m    576080[0m[34;1m   1234376[0m[34;1m    645480[0m[34;1m     21.26[0m[34;1m     18580[0m[34;1m   1734408[0m[34;1m   3369256[0m[31;1m    110.98[0m[34;1m    765484[0m[34;1m   1568672[0m[34;1m      3196[0m
09:21:40   [34;1m    576080[0m[34;1m   1234516[0m[34;1m    645340[0m[34;1m     21.26[0m[34;1m     18580[0m[34;1m   1734544[0m[34;1m   3369256[0m[31;1m    110.98[0m[34;1m    765484[0m[34;1m   1568972[0m[34;1m      3332[0m
09:21:41   [34;1m    575828[0m[34;1m   1234392[0m[34;1m    645460[0m[34;1m     21.26[0m[34;1m     18580[0m[34;1m   1734676[0m[34;1m   3369256[0m[31;1m    110.98[0m[34;1m    765484[0m[34;1m   1569120[0m[34;1m      3464[0m
09:21:42   [34;1m    575828[0m[34;1m   1234564[0m[34;1m    645280[0m[34;1m     21.25[0m[34;1m     18612[0m[34;1m   1734836[0m[34;1m   3364648[0m[31;1m    110.83[0m[34;1m    765504[0m[34;1m   1567844[0m[34;1m      3616[0m
09:21:43   [34;1m    574092[0m[34;1m   1233016[0m[34;1m    646876[0m[34;1m     21.31[0m[34;1m     18612[0m[34;1m   1734996[0m[34;1m   3364904[0m[31;1m    110.83[0m[34;1m    765548[0m[34;1m   1567496[0m[34;1m      3776[0m
09:21:44   [34;1m    570060[0m[34;1m   1229100[0m[34;1m    650772[0m[34;1m     21.44[0m[34;1m     18612[0m[34;1m   1735136[0m[34;1m   3364904[0m[31;1m    110.83[0m[34;1m    765548[0m[34;1m   1567584[0m[34;1m      3916[0m
09:21:45   [34;1m    569836[0m[34;1m   1228984[0m[34;1m    650868[0m[34;1m     21.44[0m[34;1m     18612[0m[34;1m   1735260[0m[34;1m   3364904[0m[31;1m    110.83[0m[34;1m    765548[0m[34;1m   1567720[0m[34;1m      4040[0m
09:21:46   [34;1m    569836[0m[34;1m   1229156[0m[34;1m    650720[0m[34;1m     21.43[0m[34;1m     18612[0m[34;1m   1735400[0m[34;1m   3364904[0m[31;1m    110.83[0m[34;1m    765548[0m[34;1m   1567932[0m[34;1m      4180[0m
09:21:47   [34;1m    569836[0m[34;1m   1229312[0m[34;1m    650548[0m[34;1m     21.43[0m[34;1m     18632[0m[34;1m   1735536[0m[34;1m   3364904[0m[31;1m    110.83[0m[34;1m    765556[0m[34;1m   1568128[0m[34;1m      4312[0m
09:21:48   [34;1m    569836[0m[34;1m   1229488[0m[34;1m    650392[0m[34;1m     21.42[0m[34;1m     18632[0m[34;1m   1735692[0m[34;1m   3364904[0m[31;1m    110.83[0m[34;1m    765568[0m[34;1m   1568332[0m[34;1m       184[0m
09:21:49   [34;1m    569584[0m[34;1m   1229364[0m[34;1m    650496[0m[34;1m     21.43[0m[34;1m     18632[0m[34;1m   1735820[0m[34;1m   3364904[0m[31;1m    110.83[0m[34;1m    765568[0m[34;1m   1568548[0m[34;1m       316[0m
09:21:50   [34;1m    569584[0m[34;1m   1229472[0m[34;1m    650368[0m[34;1m     21.42[0m[34;1m     18632[0m[34;1m   1735952[0m[34;1m   3364904[0m[31;1m    110.83[0m[34;1m    765568[0m[34;1m   1568776[0m[34;1m       448[0m
09:21:51   [34;1m    569584[0m[34;1m   1229648[0m[34;1m    650216[0m[34;1m     21.42[0m[34;1m     18632[0m[34;1m   1736096[0m[34;1m   3364904[0m[31;1m    110.83[0m[34;1m    765568[0m[34;1m   1568732[0m[34;1m       592[0m
09:21:52   [34;1m    569584[0m[34;1m   1229756[0m[34;1m    650072[0m[34;1m     21.41[0m[34;1m     18640[0m[34;1m   1736228[0m[34;1m   3364904[0m[31;1m    110.83[0m[34;1m    765568[0m[34;1m   1569084[0m[34;1m       724[0m
09:21:53   [34;1m    569584[0m[34;1m   1229924[0m[34;1m    649932[0m[34;1m     21.41[0m[34;1m     18640[0m[34;1m   1736368[0m[34;1m   3364904[0m[31;1m    110.83[0m[34;1m    765576[0m[34;1m   1569660[0m[34;1m       812[0m
09:21:54   [34;1m    569360[0m[34;1m   1229836[0m[34;1m    649984[0m[34;1m     21.41[0m[34;1m     18652[0m[34;1m   1736524[0m[34;1m   3364904[0m[31;1m    110.83[0m[34;1m    765588[0m[34;1m   1569696[0m[34;1m       992[0m
09:21:55   [34;1m    569360[0m[34;1m   1230000[0m[34;1m    649840[0m[34;1m     21.40[0m[34;1m     18652[0m[34;1m   1736664[0m[34;1m   3364904[0m[31;1m    110.83[0m[34;1m    765588[0m[34;1m   1569904[0m[34;1m      1132[0m
09:21:56   [34;1m    569360[0m[34;1m   1230104[0m[34;1m    649696[0m[34;1m     21.40[0m[34;1m     18652[0m[34;1m   1736808[0m[34;1m   3364904[0m[31;1m    110.83[0m[34;1m    765588[0m[34;1m   1569916[0m[34;1m      1276[0m
09:21:57   [34;1m    569360[0m[34;1m   1230300[0m[34;1m    649536[0m[34;1m     21.39[0m[34;1m     18664[0m[34;1m   1736932[0m[34;1m   3364904[0m[31;1m    110.83[0m[34;1m    765600[0m[34;1m   1569664[0m[34;1m      1400[0m
09:21:58   [34;1m    569360[0m[34;1m   1230448[0m[34;1m    649384[0m[34;1m     21.39[0m[34;1m     18664[0m[34;1m   1737084[0m[34;1m   3364904[0m[31;1m    110.83[0m[34;1m    765600[0m[34;1m   1569836[0m[34;1m      1540[0m
09:21:59   [34;1m    569360[0m[34;1m   1230576[0m[34;1m    649248[0m[34;1m     21.39[0m[34;1m     18664[0m[34;1m   1737192[0m[34;1m   3369512[0m[31;1m    110.99[0m[34;1m    765600[0m[34;1m   1570856[0m[34;1m      1648[0m
09:22:00   [34;1m    569360[0m[34;1m   1230680[0m[34;1m    649116[0m[34;1m     21.38[0m[34;1m     18664[0m[34;1m   1737352[0m[34;1m   3369512[0m[31;1m    110.99[0m[34;1m    765600[0m[34;1m   1570988[0m[34;1m      1808[0m
09:22:01   [34;1m    569360[0m[34;1m   1230872[0m[34;1m    648952[0m[34;1m     21.38[0m[34;1m     18676[0m[34;1m   1737500[0m[34;1m   3369512[0m[31;1m    110.99[0m[34;1m    765600[0m[34;1m   1571076[0m[34;1m      1964[0m
09:22:02   [34;1m    569120[0m[34;1m   1230760[0m[34;1m    649044[0m[34;1m     21.38[0m[34;1m     18676[0m[34;1m   1737648[0m[34;1m   3364904[0m[31;1m    110.83[0m[34;1m    765612[0m[34;1m   1569716[0m[34;1m      2112[0m
09:22:03   [34;1m    569120[0m[34;1m   1230912[0m[34;1m    648928[0m[34;1m     21.37[0m[34;1m     18676[0m[34;1m   1737760[0m[34;1m   3364904[0m[31;1m    110.83[0m[34;1m    765612[0m[34;1m   1570016[0m[34;1m      2224[0m
09:22:04   [34;1m    568868[0m[34;1m   1230636[0m[34;1m    649188[0m[34;1m     21.38[0m[34;1m     18676[0m[34;1m   1737764[0m[34;1m   3364904[0m[31;1m    110.83[0m[34;1m    765764[0m[34;1m   1565880[0m[34;1m      2372[0m
09:22:05   [34;1m    568868[0m[34;1m   1230812[0m[34;1m    649044[0m[34;1m     21.38[0m[34;1m     18688[0m[34;1m   1737900[0m[34;1m   3364904[0m[31;1m    110.83[0m[34;1m    765764[0m[34;1m   1566120[0m[34;1m      2504[0m
09:22:06   [34;1m    568644[0m[34;1m   1230708[0m[34;1m    649120[0m[34;1m     21.38[0m[34;1m     18688[0m[34;1m   1738044[0m[34;1m   3364904[0m[31;1m    110.83[0m[34;1m    765776[0m[34;1m   1566240[0m[34;1m      2648[0m
09:22:07   [34;1m    568644[0m[34;1m   1230832[0m[34;1m    648996[0m[34;1m     21.38[0m[34;1m     18688[0m[34;1m   1738168[0m[34;1m   3364904[0m[31;1m    110.83[0m[34;1m    765776[0m[34;1m   1566404[0m[34;1m      2772[0m
09:22:08   [34;1m    568644[0m[34;1m   1230936[0m[34;1m    648848[0m[34;1m     21.37[0m[34;1m     18688[0m[34;1m   1738308[0m[34;1m   3364904[0m[31;1m    110.83[0m[34;1m    765776[0m[34;1m   1566524[0m[34;1m      2912[0m
09:22:09   [34;1m    568392[0m[34;1m   1230904[0m[34;1m    648952[0m[34;1m     21.38[0m[34;1m     18688[0m[34;1m   1738448[0m[34;1m   3364904[0m[31;1m    110.83[0m[34;1m    765776[0m[34;1m   1566604[0m[34;1m      3052[0m
09:22:10   [34;1m    568392[0m[34;1m   1231008[0m[34;1m    648808[0m[34;1m     21.37[0m[34;1m     18696[0m[34;1m   1738580[0m[34;1m   3364904[0m[31;1m    110.83[0m[34;1m    765784[0m[34;1m   1566716[0m[34;1m      3184[0m
09:22:11   [34;1m    568392[0m[34;1m   1231176[0m[34;1m    648680[0m[34;1m     21.37[0m[34;1m     18696[0m[34;1m   1738708[0m[34;1m   3364904[0m[31;1m    110.83[0m[34;1m    765784[0m[34;1m   1566896[0m[34;1m      3312[0m
09:22:12   [34;1m    568392[0m[34;1m   1231284[0m[34;1m    648508[0m[34;1m     21.36[0m[34;1m     18696[0m[34;1m   1738876[0m[34;1m   3364904[0m[31;1m    110.83[0m[34;1m    765784[0m[34;1m   1567016[0m[34;1m      3484[0m
09:22:13   [34;1m    568168[0m[34;1m   1231228[0m[34;1m    648604[0m[34;1m     21.36[0m[34;1m     18708[0m[34;1m   1738984[0m[34;1m   3364904[0m[31;1m    110.83[0m[34;1m    765784[0m[34;1m   1566564[0m[34;1m        68[0m
09:22:14   [34;1m    567916[0m[34;1m   1231140[0m[34;1m    648668[0m[34;1m     21.37[0m[34;1m     18708[0m[34;1m   1739164[0m[34;1m   3364904[0m[31;1m    110.83[0m[34;1m    765796[0m[34;1m   1566932[0m[34;1m       252[0m
09:22:15   [34;1m    567916[0m[34;1m   1231316[0m[34;1m    648520[0m[34;1m     21.36[0m[34;1m     18708[0m[34;1m   1739308[0m[34;1m   3364904[0m[31;1m    110.83[0m[34;1m    765796[0m[34;1m   1567132[0m[34;1m       396[0m
09:22:16   [34;1m    567692[0m[34;1m   1231180[0m[34;1m    648604[0m[34;1m     21.36[0m[34;1m     18708[0m[34;1m   1739444[0m[34;1m   3364904[0m[31;1m    110.83[0m[34;1m    765796[0m[34;1m   1567232[0m[34;1m       532[0m
09:22:17   [34;1m    567692[0m[34;1m   1231376[0m[34;1m    648444[0m[34;1m     21.36[0m[34;1m     18720[0m[34;1m   1739584[0m[34;1m   3364904[0m[31;1m    110.83[0m[34;1m    765796[0m[34;1m   1567504[0m[34;1m       676[0m
09:22:18   [34;1m    567692[0m[34;1m   1231436[0m[34;1m    648300[0m[34;1m     21.35[0m[34;1m     18720[0m[34;1m   1739728[0m[34;1m   3364904[0m[31;1m    110.83[0m[34;1m    765808[0m[34;1m   1567568[0m[34;1m       820[0m
09:22:19   [34;1m    566936[0m[34;1m   1230892[0m[34;1m    648940[0m[34;1m     21.37[0m[34;1m     18720[0m[34;1m   1739840[0m[34;1m   3369512[0m[31;1m    110.99[0m[34;1m    765808[0m[34;1m   1569372[0m[34;1m       932[0m
09:22:20   [34;1m    566936[0m[34;1m   1231040[0m[34;1m    648776[0m[34;1m     21.37[0m[34;1m     18720[0m[34;1m   1740004[0m[34;1m   3369512[0m[31;1m    110.99[0m[34;1m    765808[0m[34;1m   1569704[0m[34;1m      1096[0m
09:22:21   [34;1m    566936[0m[34;1m   1231176[0m[34;1m    648632[0m[34;1m     21.36[0m[34;1m     18720[0m[34;1m   1740140[0m[34;1m   3369512[0m[31;1m    110.99[0m[34;1m    765808[0m[34;1m   1569804[0m[34;1m      1232[0m
09:22:22   [34;1m    566936[0m[34;1m   1231300[0m[34;1m    648488[0m[34;1m     21.36[0m[34;1m     18728[0m[34;1m   1740272[0m[34;1m   3364904[0m[31;1m    110.83[0m[34;1m    765808[0m[34;1m   1568420[0m[34;1m      1368[0m
09:22:23   [34;1m    566712[0m[34;1m   1231252[0m[34;1m    648564[0m[34;1m     21.36[0m[34;1m     18728[0m[34;1m   1740416[0m[34;1m   3364904[0m[31;1m    110.83[0m[34;1m    765816[0m[34;1m   1568660[0m[34;1m      1512[0m
09:22:24   [34;1m    566712[0m[34;1m   1231348[0m[34;1m    648432[0m[34;1m     21.36[0m[34;1m     18728[0m[34;1m   1740536[0m[34;1m   3364904[0m[31;1m    110.83[0m[34;1m    765816[0m[34;1m   1569156[0m[34;1m      1632[0m
09:22:25   [34;1m    566712[0m[34;1m   1231536[0m[34;1m    648280[0m[34;1m     21.35[0m[34;1m     18740[0m[34;1m   1740688[0m[34;1m   3364904[0m[31;1m    110.83[0m[34;1m    765828[0m[34;1m   1569368[0m[34;1m      1780[0m
09:22:26   [34;1m    566712[0m[34;1m   1231644[0m[34;1m    648140[0m[34;1m     21.35[0m[34;1m     18740[0m[34;1m   1740824[0m[34;1m   3364904[0m[31;1m    110.83[0m[34;1m    765828[0m[34;1m   1569536[0m[34;1m      1916[0m
09:22:27   [34;1m    566712[0m[34;1m   1231768[0m[34;1m    647984[0m[34;1m     21.34[0m[34;1m     18740[0m[34;1m   1740972[0m[34;1m   3364904[0m[31;1m    110.83[0m[34;1m    765828[0m[34;1m   1569728[0m[34;1m      2068[0m
09:22:28   [34;1m    566712[0m[34;1m   1231924[0m[34;1m    647840[0m[34;1m     21.34[0m[34;1m     18740[0m[34;1m   1741116[0m[34;1m   3364904[0m[31;1m    110.83[0m[34;1m    765828[0m[34;1m   1569508[0m[34;1m      2212[0m
09:22:29   [34;1m    566488[0m[34;1m   1231908[0m[34;1m    647900[0m[34;1m     21.34[0m[34;1m     18752[0m[34;1m   1741256[0m[34;1m   3364904[0m[31;1m    110.83[0m[34;1m    765828[0m[34;1m   1569800[0m[34;1m      2360[0m
09:22:30   [34;1m    566488[0m[34;1m   1232008[0m[34;1m    647752[0m[34;1m     21.34[0m[34;1m     18752[0m[34;1m   1741400[0m[34;1m   3364904[0m[31;1m    110.83[0m[34;1m    765840[0m[34;1m   1569892[0m[34;1m      2492[0m
09:22:31   [34;1m    566488[0m[34;1m   1232180[0m[34;1m    647612[0m[34;1m     21.33[0m[34;1m     18752[0m[34;1m   1741536[0m[34;1m   3364904[0m[31;1m    110.83[0m[34;1m    765840[0m[34;1m   1568876[0m[34;1m      2628[0m
09:22:32   [34;1m    566488[0m[34;1m   1232284[0m[34;1m    647440[0m[34;1m     21.33[0m[34;1m     18752[0m[34;1m   1741696[0m[34;1m   3364904[0m[31;1m    110.83[0m[34;1m    765840[0m[34;1m   1569016[0m[34;1m      2776[0m
09:22:33   [34;1m    566488[0m[34;1m   1232504[0m[34;1m    647304[0m[34;1m     21.32[0m[34;1m     18752[0m[34;1m   1741836[0m[34;1m   3364904[0m[31;1m    110.83[0m[34;1m    765840[0m[34;1m   1569184[0m[34;1m      2916[0m
09:22:34   [34;1m    566264[0m[34;1m   1232388[0m[34;1m    647412[0m[34;1m     21.32[0m[34;1m     18760[0m[34;1m   1741952[0m[34;1m   3364904[0m[31;1m    110.83[0m[34;1m    765840[0m[34;1m   1569768[0m[34;1m       100[0m
09:22:35   [34;1m    566264[0m[34;1m   1232516[0m[34;1m    647248[0m[34;1m     21.32[0m[34;1m     18772[0m[34;1m   1742096[0m[34;1m   3364904[0m[31;1m    110.83[0m[34;1m    765860[0m[34;1m   1569892[0m[34;1m       284[0m
09:22:36   [34;1m    566264[0m[34;1m   1232668[0m[34;1m    647108[0m[34;1m     21.31[0m[34;1m     18772[0m[34;1m   1742232[0m[34;1m   3364904[0m[31;1m    110.83[0m[34;1m    765860[0m[34;1m   1570104[0m[34;1m       424[0m
09:22:37   [34;1m    566264[0m[34;1m   1232812[0m[34;1m    646976[0m[34;1m     21.31[0m[34;1m     18772[0m[34;1m   1742364[0m[34;1m   3364904[0m[31;1m    110.83[0m[34;1m    765860[0m[34;1m   1570284[0m[34;1m       556[0m
09:22:38   [34;1m    566040[0m[34;1m   1232704[0m[34;1m    647060[0m[34;1m     21.31[0m[34;1m     18772[0m[34;1m   1742500[0m[34;1m   3364904[0m[31;1m    110.83[0m[34;1m    765860[0m[34;1m   1570420[0m[34;1m       692[0m
09:22:39   [34;1m    566040[0m[34;1m   1232888[0m[34;1m    646864[0m[34;1m     21.31[0m[34;1m     18772[0m[34;1m   1742644[0m[34;1m   3369512[0m[31;1m    110.99[0m[34;1m    765860[0m[34;1m   1571704[0m[34;1m       836[0m
09:22:40   [34;1m    565564[0m[34;1m   1232536[0m[34;1m    647196[0m[34;1m     21.32[0m[34;1m     18780[0m[34;1m   1742772[0m[34;1m   3369512[0m[31;1m    110.99[0m[34;1m    765860[0m[34;1m   1572364[0m[34;1m       968[0m
09:22:41   [34;1m    565564[0m[34;1m   1232696[0m[34;1m    647040[0m[34;1m     21.31[0m[34;1m     18792[0m[34;1m   1742916[0m[34;1m   3369512[0m[31;1m    110.99[0m[34;1m    765868[0m[34;1m   1573828[0m[34;1m      1120[0m
09:22:42   [34;1m    565312[0m[34;1m   1232600[0m[34;1m    647172[0m[34;1m     21.32[0m[34;1m     18792[0m[34;1m   1743056[0m[34;1m   3364904[0m[31;1m    110.83[0m[34;1m    765880[0m[34;1m   1573044[0m[34;1m      1252[0m
09:22:43   [34;1m    565088[0m[34;1m   1232500[0m[34;1m    647248[0m[34;1m     21.32[0m[34;1m     18792[0m[34;1m   1743192[0m[34;1m   3364904[0m[31;1m    110.83[0m[34;1m    765880[0m[34;1m   1572764[0m[34;1m      1388[0m
09:22:44   [34;1m    559796[0m[34;1m   1227336[0m[34;1m    652476[0m[34;1m     21.49[0m[34;1m     18792[0m[34;1m   1743324[0m[34;1m   3364904[0m[31;1m    110.83[0m[34;1m    765880[0m[34;1m   1572880[0m[34;1m      1524[0m
09:22:45   [34;1m    559544[0m[34;1m   1227216[0m[34;1m    652580[0m[34;1m     21.49[0m[34;1m     18792[0m[34;1m   1743464[0m[34;1m   3364904[0m[31;1m    110.83[0m[34;1m    765880[0m[34;1m   1573024[0m[34;1m      1664[0m
09:22:46   [34;1m    559292[0m[34;1m   1227176[0m[34;1m    652644[0m[34;1m     21.50[0m[34;1m     18804[0m[34;1m   1743636[0m[34;1m   3364904[0m[31;1m    110.83[0m[34;1m    765892[0m[34;1m   1573508[0m[34;1m      1832[0m
09:22:47   [34;1m    559068[0m[34;1m   1227012[0m[34;1m    652760[0m[34;1m     21.50[0m[34;1m     18804[0m[34;1m   1743744[0m[34;1m   3364904[0m[31;1m    110.83[0m[34;1m    765892[0m[34;1m   1573688[0m[34;1m      1940[0m
09:22:48   [34;1m    558816[0m[34;1m   1226900[0m[34;1m    652872[0m[34;1m     21.50[0m[34;1m     18804[0m[34;1m   1743880[0m[34;1m   3364904[0m[31;1m    110.83[0m[34;1m    765892[0m[34;1m   1573520[0m[34;1m      2076[0m
09:22:49   [34;1m    558312[0m[34;1m   1226540[0m[34;1m    653232[0m[34;1m     21.52[0m[34;1m     18804[0m[34;1m   1744020[0m[34;1m   3364904[0m[31;1m    110.83[0m[34;1m    765892[0m[34;1m   1573688[0m[34;1m      2216[0m
09:22:50   [34;1m    557808[0m[34;1m   1226232[0m[34;1m    653588[0m[34;1m     21.53[0m[34;1m     18804[0m[34;1m   1744164[0m[34;1m   3364904[0m[31;1m    110.83[0m[34;1m    765892[0m[34;1m   1569740[0m[34;1m      2360[0m
09:22:51   [34;1m    557080[0m[34;1m   1225608[0m[34;1m    654180[0m[34;1m     21.55[0m[34;1m     18812[0m[34;1m   1744288[0m[34;1m   3364904[0m[31;1m    110.83[0m[34;1m    765900[0m[34;1m   1570836[0m[34;1m      2484[0m
09:22:52   [34;1m    556828[0m[34;1m   1225500[0m[34;1m    654268[0m[34;1m     21.55[0m[34;1m     18812[0m[34;1m   1744440[0m[34;1m   3364904[0m[31;1m    110.83[0m[34;1m    765900[0m[34;1m   1571092[0m[34;1m      2636[0m
09:22:53   [34;1m    556576[0m[34;1m   1225412[0m[34;1m    654376[0m[34;1m     21.55[0m[34;1m     18824[0m[34;1m   1744568[0m[34;1m   3364904[0m[31;1m    110.83[0m[34;1m    765912[0m[34;1m   1571292[0m[34;1m      2760[0m
09:22:54   [34;1m    580560[0m[34;1m   1249584[0m[34;1m    630220[0m[34;1m     20.76[0m[34;1m     18824[0m[34;1m   1744736[0m[34;1m   3364904[0m[31;1m    110.83[0m[34;1m    765912[0m[34;1m   1573656[0m[34;1m      2928[0m
09:22:55   [34;1m    580084[0m[34;1m   1249212[0m[34;1m    630576[0m[34;1m     20.77[0m[34;1m     18824[0m[34;1m   1744856[0m[34;1m   3364904[0m[31;1m    110.83[0m[34;1m    765912[0m[34;1m   1574048[0m[34;1m      3048[0m
09:22:56   [34;1m    580084[0m[34;1m   1249332[0m[34;1m    630444[0m[34;1m     20.77[0m[34;1m     18824[0m[34;1m   1744988[0m[34;1m   3364904[0m[31;1m    110.83[0m[34;1m    765912[0m[34;1m   1574252[0m[34;1m      3180[0m
09:22:57   [34;1m    579580[0m[34;1m   1248912[0m[34;1m    630824[0m[34;1m     20.78[0m[34;1m     18824[0m[34;1m   1745104[0m[34;1m   3364904[0m[31;1m    110.83[0m[34;1m    765912[0m[34;1m   1574372[0m[34;1m      3296[0m
09:22:58   [34;1m    579580[0m[34;1m   1249068[0m[34;1m    630644[0m[34;1m     20.77[0m[34;1m     18836[0m[34;1m   1745268[0m[34;1m   3364904[0m[31;1m    110.83[0m[34;1m    765912[0m[34;1m   1574556[0m[34;1m      3456[0m
09:22:59   [34;1m    577564[0m[34;1m   1247236[0m[34;1m    632464[0m[34;1m     20.83[0m[34;1m     18836[0m[34;1m   1745396[0m[34;1m   3369512[0m[31;1m    110.99[0m[34;1m    765924[0m[34;1m   1576304[0m[34;1m      3584[0m
09:23:00   [34;1m    577564[0m[34;1m   1247408[0m[34;1m    632316[0m[34;1m     20.83[0m[34;1m     18836[0m[34;1m   1745544[0m[34;1m   3369512[0m[31;1m    110.99[0m[34;1m    765924[0m[34;1m   1576592[0m[34;1m      3732[0m
09:23:01   [34;1m    577312[0m[34;1m   1247264[0m[34;1m    632476[0m[34;1m     20.83[0m[34;1m     18836[0m[34;1m   1745656[0m[34;1m   3369512[0m[31;1m    110.99[0m[34;1m    765924[0m[34;1m   1576576[0m[34;1m      3844[0m
09:23:02   [34;1m    577060[0m[34;1m   1247176[0m[34;1m    632588[0m[34;1m     20.84[0m[34;1m     18836[0m[34;1m   1745804[0m[34;1m   3364904[0m[31;1m    110.83[0m[34;1m    765924[0m[34;1m   1575288[0m[34;1m      3992[0m
09:23:03   [34;1m    577060[0m[34;1m   1247324[0m[34;1m    632444[0m[34;1m     20.83[0m[34;1m     18844[0m[34;1m   1745932[0m[34;1m   3364904[0m[31;1m    110.83[0m[34;1m    765932[0m[34;1m   1575436[0m[34;1m      4120[0m
09:23:04   [34;1m    576080[0m[34;1m   1246096[0m[34;1m    633632[0m[34;1m     20.87[0m[34;1m     18856[0m[34;1m   1745688[0m[34;1m   3364904[0m[31;1m    110.83[0m[34;1m    766440[0m[34;1m   1575116[0m[34;1m        36[0m
09:23:05   [34;1m    576080[0m[34;1m   1246232[0m[34;1m    633476[0m[34;1m     20.87[0m[34;1m     18856[0m[34;1m   1745844[0m[34;1m   3364904[0m[31;1m    110.83[0m[34;1m    766440[0m[34;1m   1575372[0m[34;1m       152[0m
09:23:06   [34;1m    576080[0m[34;1m   1246396[0m[34;1m    633348[0m[34;1m     20.86[0m[34;1m     18856[0m[34;1m   1745968[0m[34;1m   3364904[0m[31;1m    110.83[0m[34;1m    766440[0m[34;1m   1575660[0m[34;1m       280[0m
09:23:07   [34;1m    576080[0m[34;1m   1246472[0m[34;1m    633216[0m[34;1m     20.86[0m[34;1m     18856[0m[34;1m   1746096[0m[34;1m   3364904[0m[31;1m    110.83[0m[34;1m    766440[0m[34;1m   1575780[0m[34;1m       408[0m
09:23:08   [34;1m    576080[0m[34;1m   1246656[0m[34;1m    633060[0m[34;1m     20.85[0m[34;1m     18856[0m[34;1m   1746248[0m[34;1m   3364904[0m[31;1m    110.83[0m[34;1m    766440[0m[34;1m   1575988[0m[34;1m       560[0m
09:23:09   [34;1m    575828[0m[34;1m   1246544[0m[34;1m    633172[0m[34;1m     20.86[0m[34;1m     18864[0m[34;1m   1746372[0m[34;1m   3364904[0m[31;1m    110.83[0m[34;1m    766448[0m[34;1m   1576324[0m[34;1m       724[0m
09:23:10   [34;1m    575352[0m[34;1m   1246252[0m[34;1m    633484[0m[34;1m     20.87[0m[34;1m     18876[0m[34;1m   1746524[0m[34;1m   3364904[0m[31;1m    110.83[0m[34;1m    766460[0m[34;1m   1576664[0m[34;1m       880[0m
09:23:11   [34;1m    575352[0m[34;1m   1246340[0m[34;1m    633344[0m[34;1m     20.86[0m[34;1m     18876[0m[34;1m   1746664[0m[34;1m   3364904[0m[31;1m    110.83[0m[34;1m    766460[0m[34;1m   1576856[0m[34;1m      1020[0m
09:23:12   [34;1m    575100[0m[34;1m   1246220[0m[34;1m    633452[0m[34;1m     20.86[0m[34;1m     18876[0m[34;1m   1746796[0m[34;1m   3364904[0m[31;1m    110.83[0m[34;1m    766460[0m[34;1m   1577104[0m[34;1m      1156[0m
09:23:13   [34;1m    574844[0m[34;1m   1246144[0m[34;1m    633556[0m[34;1m     20.87[0m[34;1m     18876[0m[34;1m   1746952[0m[34;1m   3364904[0m[31;1m    110.83[0m[34;1m    766460[0m[34;1m   1576796[0m[34;1m      1312[0m
09:23:14   [34;1m    574116[0m[34;1m   1245592[0m[34;1m    634092[0m[34;1m     20.89[0m[34;1m     18876[0m[34;1m   1747108[0m[34;1m   3364904[0m[31;1m    110.83[0m[34;1m    766460[0m[34;1m   1577436[0m[34;1m      1472[0m
09:23:15   [34;1m    573864[0m[34;1m   1245460[0m[34;1m    634204[0m[34;1m     20.89[0m[34;1m     18884[0m[34;1m   1747236[0m[34;1m   3364904[0m[31;1m    110.83[0m[34;1m    766464[0m[34;1m   1577796[0m[34;1m      1604[0m
09:23:16   [34;1m    573864[0m[34;1m   1245648[0m[34;1m    634036[0m[34;1m     20.88[0m[34;1m     18896[0m[34;1m   1747392[0m[34;1m   3364904[0m[31;1m    110.83[0m[34;1m    766480[0m[34;1m   1578044[0m[34;1m      1756[0m
09:23:17   [34;1m    573612[0m[34;1m   1245508[0m[34;1m    634164[0m[34;1m     20.89[0m[34;1m     18896[0m[34;1m   1747512[0m[34;1m   3364904[0m[31;1m    110.83[0m[34;1m    766480[0m[34;1m   1578232[0m[34;1m      1876[0m
09:23:18   [34;1m    573612[0m[34;1m   1245692[0m[34;1m    633984[0m[34;1m     20.88[0m[34;1m     18896[0m[34;1m   1747684[0m[34;1m   3364904[0m[31;1m    110.83[0m[34;1m    766480[0m[34;1m   1578540[0m[34;1m      2048[0m
09:23:19   [34;1m    572352[0m[34;1m   1244548[0m[34;1m    635100[0m[34;1m     20.92[0m[34;1m     18896[0m[34;1m   1747812[0m[34;1m   3369512[0m[31;1m    110.99[0m[34;1m    766480[0m[34;1m   1580184[0m[34;1m      2176[0m
09:23:20   [34;1m    572352[0m[34;1m   1244692[0m[34;1m    634960[0m[34;1m     20.91[0m[34;1m     18896[0m[34;1m   1747944[0m[34;1m   3369512[0m[31;1m    110.99[0m[34;1m    766480[0m[34;1m   1580276[0m[34;1m      2308[0m
09:23:21   [34;1m    571636[0m[34;1m   1244128[0m[34;1m    635504[0m[34;1m     20.93[0m[34;1m     18916[0m[34;1m   1748080[0m[34;1m   3369512[0m[31;1m    110.99[0m[34;1m    766500[0m[34;1m   1580056[0m[34;1m      2440[0m
09:23:22   [34;1m    571636[0m[34;1m   1244260[0m[34;1m    635364[0m[34;1m     20.93[0m[34;1m     18916[0m[34;1m   1748228[0m[34;1m   3364904[0m[31;1m    110.83[0m[34;1m    766500[0m[34;1m   1578800[0m[34;1m      2588[0m
09:23:23   [34;1m    571636[0m[34;1m   1244396[0m[34;1m    635240[0m[34;1m     20.92[0m[34;1m     18916[0m[34;1m   1748348[0m[34;1m   3364904[0m[31;1m    110.83[0m[34;1m    766500[0m[34;1m   1578980[0m[34;1m      2708[0m
09:23:24   [34;1m    571384[0m[34;1m   1244312[0m[34;1m    635340[0m[34;1m     20.93[0m[34;1m     18916[0m[34;1m   1748516[0m[34;1m   3364904[0m[31;1m    110.83[0m[34;1m    766500[0m[34;1m   1579464[0m[34;1m      2876[0m
09:23:25   [34;1m    571384[0m[34;1m   1244412[0m[34;1m    635236[0m[34;1m     20.92[0m[34;1m     18916[0m[34;1m   1748620[0m[34;1m   3364904[0m[31;1m    110.83[0m[34;1m    766500[0m[34;1m   1579584[0m[34;1m      2980[0m
09:23:26   [34;1m    571384[0m[34;1m   1244600[0m[34;1m    635080[0m[34;1m     20.92[0m[34;1m     18928[0m[34;1m   1748772[0m[34;1m   3364904[0m[31;1m    110.83[0m[34;1m    766512[0m[34;1m   1579828[0m[34;1m      3128[0m
09:23:27   [34;1m    571160[0m[34;1m   1244484[0m[34;1m    635160[0m[34;1m     20.92[0m[34;1m     18928[0m[34;1m   1748908[0m[34;1m   3364904[0m[31;1m    110.83[0m[34;1m    766512[0m[34;1m   1579948[0m[34;1m      3264[0m
09:23:28   [34;1m    571160[0m[34;1m   1244632[0m[34;1m    634988[0m[34;1m     20.92[0m[34;1m     18928[0m[34;1m   1749068[0m[34;1m   3364904[0m[31;1m    110.83[0m[34;1m    766512[0m[34;1m   1580160[0m[34;1m      3424[0m
09:23:29   [34;1m    569424[0m[34;1m   1243044[0m[34;1m    636600[0m[34;1m     20.97[0m[34;1m     18928[0m[34;1m   1749188[0m[34;1m   3364904[0m[31;1m    110.83[0m[34;1m    766512[0m[34;1m   1580324[0m[34;1m      3544[0m
09:23:30   [34;1m    569424[0m[34;1m   1243212[0m[34;1m    636440[0m[34;1m     20.96[0m[34;1m     18928[0m[34;1m   1749340[0m[34;1m   3364904[0m[31;1m    110.83[0m[34;1m    766512[0m[34;1m   1580548[0m[34;1m      3696[0m
09:23:31   [34;1m    569424[0m[34;1m   1243376[0m[34;1m    636292[0m[34;1m     20.96[0m[34;1m     18936[0m[34;1m   1749472[0m[34;1m   3364904[0m[31;1m    110.83[0m[34;1m    766520[0m[34;1m   1580596[0m[34;1m      3828[0m
09:23:32   [34;1m    569424[0m[34;1m   1243532[0m[34;1m    636128[0m[34;1m     20.95[0m[34;1m     18948[0m[34;1m   1749616[0m[34;1m   3364904[0m[31;1m    110.83[0m[34;1m    766532[0m[34;1m   1581076[0m[34;1m      3968[0m
09:23:33   [34;1m    569424[0m[34;1m   1243656[0m[34;1m    635980[0m[34;1m     20.95[0m[34;1m     18948[0m[34;1m   1749756[0m[34;1m   3364904[0m[31;1m    110.83[0m[34;1m    766532[0m[34;1m   1581488[0m[34;1m      4108[0m
09:23:34   [34;1m    568416[0m[34;1m   1242796[0m[34;1m    636844[0m[34;1m     20.98[0m[34;1m     18948[0m[34;1m   1749908[0m[34;1m   3364904[0m[31;1m    110.83[0m[34;1m    766532[0m[34;1m   1581196[0m[34;1m      4260[0m
09:23:35   [34;1m    568416[0m[34;1m   1242964[0m[34;1m    636696[0m[34;1m     20.97[0m[34;1m     18948[0m[34;1m   1750048[0m[34;1m   3364904[0m[31;1m    110.83[0m[34;1m    766540[0m[34;1m   1581488[0m[34;1m       120[0m
09:23:36   [34;1m    568164[0m[34;1m   1242816[0m[34;1m    636820[0m[34;1m     20.98[0m[34;1m     18948[0m[34;1m   1750176[0m[34;1m   3364904[0m[31;1m    110.83[0m[34;1m    766540[0m[34;1m   1581820[0m[34;1m       248[0m
09:23:37   [34;1m    567940[0m[34;1m   1242744[0m[34;1m    636880[0m[34;1m     20.98[0m[34;1m     18968[0m[34;1m   1750316[0m[34;1m   3364904[0m[31;1m    110.83[0m[34;1m    766560[0m[34;1m   1581996[0m[34;1m       388[0m
09:23:38   [34;1m    567940[0m[34;1m   1242936[0m[34;1m    636716[0m[34;1m     20.97[0m[34;1m     18968[0m[34;1m   1750476[0m[34;1m   3364904[0m[31;1m    110.83[0m[34;1m    766560[0m[34;1m   1582064[0m[34;1m       548[0m
09:23:39   [34;1m    565928[0m[34;1m   1241024[0m[34;1m    638576[0m[34;1m     21.03[0m[34;1m     18968[0m[34;1m   1750592[0m[34;1m   3369512[0m[31;1m    110.99[0m[34;1m    766560[0m[34;1m   1583708[0m[34;1m       608[0m
09:23:40   [34;1m    565676[0m[34;1m   1240924[0m[34;1m    638676[0m[34;1m     21.04[0m[34;1m     18968[0m[34;1m   1750744[0m[34;1m   3369512[0m[31;1m    110.99[0m[34;1m    766560[0m[34;1m   1583912[0m[34;1m       748[0m
09:23:41   [34;1m    565676[0m[34;1m   1240988[0m[34;1m    638532[0m[34;1m     21.03[0m[34;1m     18968[0m[34;1m   1750876[0m[34;1m   3369512[0m[31;1m    110.99[0m[34;1m    766560[0m[34;1m   1583992[0m[34;1m       880[0m
09:23:42   [34;1m    565424[0m[34;1m   1240984[0m[34;1m    638616[0m[34;1m     21.03[0m[34;1m     18976[0m[34;1m   1751032[0m[34;1m   3364904[0m[31;1m    110.83[0m[34;1m    766568[0m[34;1m   1582960[0m[34;1m      1072[0m
09:23:43   [34;1m    565424[0m[34;1m   1241124[0m[34;1m    638476[0m[34;1m     21.03[0m[34;1m     18976[0m[34;1m   1751168[0m[34;1m   3364904[0m[31;1m    110.83[0m[34;1m    766568[0m[34;1m   1582600[0m[34;1m      1208[0m
09:23:44   [34;1m    562188[0m[34;1m   1238060[0m[34;1m    641544[0m[34;1m     21.13[0m[34;1m     18988[0m[34;1m   1751336[0m[34;1m   3364904[0m[31;1m    110.83[0m[34;1m    766580[0m[34;1m   1582536[0m[34;1m      1388[0m
09:23:45   [34;1m    562188[0m[34;1m   1238192[0m[34;1m    641408[0m[34;1m     21.13[0m[34;1m     18988[0m[34;1m   1751468[0m[34;1m   3364904[0m[31;1m    110.83[0m[34;1m    766580[0m[34;1m   1582680[0m[34;1m      1504[0m
09:23:46   [34;1m    561964[0m[34;1m   1238068[0m[34;1m    641508[0m[34;1m     21.13[0m[34;1m     18988[0m[34;1m   1751588[0m[34;1m   3364904[0m[31;1m    110.83[0m[34;1m    766580[0m[34;1m   1582832[0m[34;1m      1624[0m
09:23:47   [34;1m    561960[0m[34;1m   1238168[0m[34;1m    641380[0m[34;1m     21.13[0m[34;1m     18988[0m[34;1m   1751724[0m[34;1m   3364904[0m[31;1m    110.83[0m[34;1m    766580[0m[34;1m   1582976[0m[34;1m      1760[0m
09:23:48   [34;1m    561960[0m[34;1m   1238376[0m[34;1m    641208[0m[34;1m     21.12[0m[34;1m     19000[0m[34;1m   1751876[0m[34;1m   3364904[0m[31;1m    110.83[0m[34;1m    766592[0m[34;1m   1583252[0m[34;1m      1920[0m
09:23:49   [34;1m    561712[0m[34;1m   1238260[0m[34;1m    641340[0m[34;1m     21.12[0m[34;1m     19000[0m[34;1m   1751984[0m[34;1m   3364904[0m[31;1m    110.83[0m[34;1m    766592[0m[34;1m   1583404[0m[34;1m      2028[0m
09:23:50   [34;1m    561488[0m[34;1m   1238184[0m[34;1m    641404[0m[34;1m     21.13[0m[34;1m     19000[0m[34;1m   1752140[0m[34;1m   3364904[0m[31;1m    110.83[0m[34;1m    766592[0m[34;1m   1583524[0m[34;1m      2184[0m
09:23:51   [34;1m    561488[0m[34;1m   1238292[0m[34;1m    641264[0m[34;1m     21.12[0m[34;1m     19000[0m[34;1m   1752276[0m[34;1m   3364904[0m[31;1m    110.83[0m[34;1m    766592[0m[34;1m   1583440[0m[34;1m      2320[0m
09:23:52   [34;1m    561488[0m[34;1m   1238448[0m[34;1m    641116[0m[34;1m     21.12[0m[34;1m     19000[0m[34;1m   1752416[0m[34;1m   3364904[0m[31;1m    110.83[0m[34;1m    766592[0m[34;1m   1583644[0m[34;1m      2460[0m
09:23:53   [34;1m    561488[0m[34;1m   1238604[0m[34;1m    640976[0m[34;1m     21.11[0m[34;1m     19008[0m[34;1m   1752552[0m[34;1m   3364904[0m[31;1m    110.83[0m[34;1m    766600[0m[34;1m   1583816[0m[34;1m      2596[0m
09:23:54   [34;1m    561488[0m[34;1m   1238768[0m[34;1m    640848[0m[34;1m     21.11[0m[34;1m     19020[0m[34;1m   1752676[0m[34;1m   3364904[0m[31;1m    110.83[0m[34;1m    766600[0m[34;1m   1584224[0m[34;1m      2736[0m
09:23:55   [34;1m    561488[0m[34;1m   1238876[0m[34;1m    640696[0m[34;1m     21.10[0m[34;1m     19020[0m[34;1m   1752828[0m[34;1m   3364904[0m[31;1m    110.83[0m[34;1m    766600[0m[34;1m   1584364[0m[34;1m      2872[0m
09:23:56   [34;1m    561488[0m[34;1m   1239016[0m[34;1m    640564[0m[34;1m     21.10[0m[34;1m     19020[0m[34;1m   1752956[0m[34;1m   3364904[0m[31;1m    110.83[0m[34;1m    766612[0m[34;1m   1584548[0m[34;1m      3000[0m
09:23:57   [34;1m    561488[0m[34;1m   1239176[0m[34;1m    640392[0m[34;1m     21.09[0m[34;1m     19032[0m[34;1m   1753108[0m[34;1m   3364904[0m[31;1m    110.83[0m[34;1m    766612[0m[34;1m   1584728[0m[34;1m      3152[0m
09:23:58   [34;1m    561488[0m[34;1m   1239336[0m[34;1m    640252[0m[34;1m     21.09[0m[34;1m     19032[0m[34;1m   1753248[0m[34;1m   3364904[0m[31;1m    110.83[0m[34;1m    766624[0m[34;1m   1584436[0m[34;1m      3292[0m
09:23:59   [34;1m    561264[0m[34;1m   1239280[0m[34;1m    640288[0m[34;1m     21.09[0m[34;1m     19032[0m[34;1m   1753376[0m[34;1m   3369512[0m[31;1m    110.99[0m[34;1m    766624[0m[34;1m   1586116[0m[34;1m      3420[0m
09:24:00   [34;1m    561012[0m[34;1m   1239092[0m[34;1m    640396[0m[34;1m     21.09[0m[34;1m     19032[0m[34;1m   1753516[0m[34;1m   3369512[0m[31;1m    110.99[0m[34;1m    766624[0m[34;1m   1586212[0m[34;1m      3560[0m
09:24:01   [34;1m    561012[0m[34;1m   1239324[0m[34;1m    640228[0m[34;1m     21.09[0m[34;1m     19032[0m[34;1m   1753668[0m[34;1m   3369512[0m[31;1m    110.99[0m[34;1m    766624[0m[34;1m   1586316[0m[34;1m      3712[0m
09:24:02   [34;1m    560760[0m[34;1m   1239232[0m[34;1m    640324[0m[34;1m     21.09[0m[34;1m     19044[0m[34;1m   1753824[0m[34;1m   3364904[0m[31;1m    110.83[0m[34;1m    766636[0m[34;1m   1585032[0m[34;1m      3864[0m
09:24:03   [34;1m    560760[0m[34;1m   1239360[0m[34;1m    640200[0m[34;1m     21.09[0m[34;1m     19044[0m[34;1m   1753944[0m[34;1m   3369000[0m[31;1m    110.97[0m[34;1m    766636[0m[34;1m   1585192[0m[34;1m      3984[0m
09:24:04   [34;1m    559752[0m[34;1m   1238480[0m[34;1m    641044[0m[34;1m     21.11[0m[34;1m     19044[0m[34;1m   1754088[0m[34;1m   3369000[0m[31;1m    110.97[0m[34;1m    766636[0m[34;1m   1585804[0m[34;1m      4128[0m
09:24:05   [34;1m    559528[0m[34;1m   1238344[0m[34;1m    641148[0m[34;1m     21.12[0m[34;1m     19044[0m[34;1m   1754204[0m[34;1m   3369000[0m[31;1m    110.97[0m[34;1m    766636[0m[34;1m   1585940[0m[34;1m      4244[0m
09:24:06   [34;1m    559276[0m[34;1m   1237940[0m[34;1m    643044[0m[34;1m     21.18[0m[34;1m     19044[0m[34;1m   1754220[0m[34;1m   3369000[0m[31;1m    110.97[0m[34;1m    766636[0m[34;1m   1586024[0m[34;1m        76[0m
