Linux 6.6.95 (ssp-study-m02) 	04/21/26 	_x86_64_	(2 CPU)

09:19:05        CPU     %user     %nice   %system   %iowait    %steal     %idle
09:19:06   [32;22m     all[0m[34;1m      4.02[0m[34;22m      0.00[0m[34;1m      6.90[0m[34;22m      0.00[0m[34;22m      0.00[0m[34;1m     89.08[0m
09:19:07   [32;22m     all[0m[34;1m      7.65[0m[34;22m      0.00[0m[34;1m     10.38[0m[34;22m      0.00[0m[34;22m      0.00[0m[34;1m     81.97[0m
09:19:08   [32;22m     all[0m[34;1m      2.22[0m[34;22m      0.00[0m[34;1m      5.56[0m[34;1m      0.56[0m[34;22m      0.00[0m[34;1m     91.67[0m
09:19:09   [32;22m     all[0m[34;1m      2.79[0m[34;22m      0.00[0m[34;1m      6.15[0m[34;22m      0.00[0m[34;22m      0.00[0m[34;1m     91.06[0m
09:19:10   [32;22m     all[0m[34;1m      2.75[0m[34;22m      0.00[0m[34;1m      7.69[0m[34;22m      0.00[0m[34;22m      0.00[0m[34;1m     89.56[0m
09:19:11   [32;22m     all[0m[34;1m      3.31[0m[34;22m      0.00[0m[34;1m      8.84[0m[34;22m      0.00[0m[34;22m      0.00[0m[34;1m     87.85[0m
09:19:12   [32;22m     all[0m[34;1m      2.98[0m[34;22m      0.00[0m[34;1m      9.52[0m[34;22m      0.00[0m[34;22m      0.00[0m[34;1m     87.50[0m
09:19:13   [32;22m     all[0m[34;1m      5.03[0m[34;22m      0.00[0m[34;1m     11.95[0m[34;22m      0.00[0m[34;22m      0.00[0m[34;1m     83.02[0m
09:19:14   [32;22m     all[0m[34;1m      2.25[0m[34;22m      0.00[0m[34;1m      8.43[0m[34;22m      0.00[0m[34;22m      0.00[0m[34;1m     89.33[0m
09:19:15   [32;22m     all[0m[34;1m      4.49[0m[34;22m      0.00[0m[34;1m      8.43[0m[34;22m      0.00[0m[34;22m      0.00[0m[34;1m     87.08[0m
09:19:16   [32;22m     all[0m[34;1m      5.56[0m[34;22m      0.00[0m[34;1m     15.56[0m[34;22m      0.00[0m[34;22m      0.00[0m[34;1m     78.89[0m
09:19:17   [32;22m     all[0m[34;1m      8.19[0m[34;22m      0.00[0m[34;1m     18.13[0m[34;22m      0.00[0m[34;22m      0.00[0m[34;1m     73.68[0m
09:19:18   [32;22m     all[0m[34;1m      4.00[0m[34;22m      0.00[0m[34;1m      9.71[0m[34;22m      0.00[0m[34;22m      0.00[0m[34;1m     86.29[0m
09:19:19   [32;22m     all[0m[34;1m      5.99[0m[34;22m      0.00[0m[34;1m     17.37[0m[34;1m      0.60[0m[34;22m      0.00[0m[34;1m     76.05[0m
09:19:20   [32;22m     all[0m[34;1m      4.52[0m[34;22m      0.00[0m[34;1m     12.43[0m[34;22m      0.00[0m[34;22m      0.00[0m[34;1m     83.05[0m
09:19:21   [32;22m     all[0m[34;1m      6.21[0m[34;22m      0.00[0m[34;1m     15.25[0m[34;22m      0.00[0m[34;22m      0.00[0m[34;1m     78.53[0m
09:19:22   [32;22m     all[0m[34;1m      3.41[0m[34;22m      0.00[0m[34;1m     12.50[0m[34;22m      0.00[0m[34;22m      0.00[0m[34;1m     84.09[0m
09:19:23   [32;22m     all[0m[34;1m      4.60[0m[34;22m      0.00[0m[34;1m     17.24[0m[34;22m      0.00[0m[34;22m      0.00[0m[34;1m     78.16[0m
09:19:24   [32;22m     all[0m[34;1m      6.36[0m[34;22m      0.00[0m[34;1m     16.18[0m[34;22m      0.00[0m[34;22m      0.00[0m[34;1m     77.46[0m
09:19:25   [32;22m     all[0m[34;1m      7.93[0m[34;22m      0.00[0m[34;1m     17.68[0m[34;22m      0.00[0m[34;22m      0.00[0m[34;1m     74.39[0m
09:19:26   [32;22m     all[0m[34;1m      4.91[0m[34;22m      0.00[0m[34;1m     15.95[0m[34;22m      0.00[0m[34;22m      0.00[0m[34;1m     79.14[0m
09:19:27   [32;22m     all[0m[34;1m     13.50[0m[34;22m      0.00[0m[34;1m     22.70[0m[34;22m      0.00[0m[34;22m      0.00[0m[34;1m     63.80[0m
09:19:28   [32;22m     all[0m[34;1m      5.92[0m[34;22m      0.00[0m[34;1m     20.71[0m[34;22m      0.00[0m[34;22m      0.00[0m[34;1m     73.37[0m
09:19:29   [32;22m     all[0m[34;1m      6.94[0m[34;22m      0.00[0m[34;1m     20.23[0m[34;22m      0.00[0m[34;22m      0.00[0m[34;1m     72.83[0m
09:19:30   [32;22m     all[0m[34;1m      5.62[0m[34;22m      0.00[0m[34;1m     17.42[0m[34;22m      0.00[0m[34;22m      0.00[0m[34;1m     76.97[0m
09:19:31   [32;22m     all[0m[34;1m      7.19[0m[34;22m      0.00[0m[34;1m     20.96[0m[34;22m      0.00[0m[34;22m      0.00[0m[34;1m     71.86[0m
09:19:32   [32;22m     all[0m[34;1m      4.65[0m[34;22m      0.00[0m[34;1m     17.44[0m[34;22m      0.00[0m[34;22m      0.00[0m[34;1m     77.91[0m
09:19:33   [32;22m     all[0m[34;1m      7.65[0m[34;22m      0.00[0m[34;1m     20.59[0m[34;22m      0.00[0m[34;22m      0.00[0m[34;1m     71.76[0m
09:19:34   [32;22m     all[0m[34;1m      7.51[0m[34;22m      0.00[0m[34;1m     20.23[0m[34;22m      0.00[0m[34;22m      0.00[0m[34;1m     72.25[0m
09:19:35   [32;22m     all[0m[34;1m      5.78[0m[34;22m      0.00[0m[34;1m     19.08[0m[34;22m      0.00[0m[34;22m      0.00[0m[34;1m     75.14[0m
09:19:36   [32;22m     all[0m[34;1m      5.75[0m[34;22m      0.00[0m[34;1m     18.39[0m[34;22m      0.00[0m[34;22m      0.00[0m[34;1m     75.86[0m
09:19:37   [32;22m     all[0m[34;1m     10.98[0m[34;22m      0.00[0m[34;1m     28.32[0m[34;22m      0.00[0m[34;22m      0.00[0m[34;1m     60.69[0m
09:19:38   [32;22m     all[0m[34;1m      9.60[0m[34;22m      0.00[0m[34;1m     22.60[0m[34;22m      0.00[0m[34;22m      0.00[0m[34;1m     67.80[0m
09:19:39   [32;22m     all[0m[34;1m      6.82[0m[34;22m      0.00[0m[34;1m     22.16[0m[34;22m      0.00[0m[34;22m      0.00[0m[34;1m     71.02[0m
09:19:40   [32;22m     all[0m[34;1m      7.22[0m[34;22m      0.00[0m[34;1m     21.11[0m[34;22m      0.00[0m[34;22m      0.00[0m[34;1m     71.67[0m
09:19:41   [32;22m     all[0m[34;1m      8.57[0m[34;22m      0.00[0m[34;1m     24.00[0m[34;22m      0.00[0m[34;22m      0.00[0m[34;1m     67.43[0m
09:19:42   [32;22m     all[0m[34;1m      8.88[0m[34;22m      0.00[0m[34;1m     24.85[0m[34;22m      0.00[0m[34;22m      0.00[0m[34;1m     66.27[0m
09:19:43   [32;22m     all[0m[34;1m      7.87[0m[34;22m      0.00[0m[34;1m     24.16[0m[34;22m      0.00[0m[34;22m      0.00[0m[34;1m     67.98[0m
09:19:44   [32;22m     all[0m[34;1m      6.59[0m[34;22m      0.00[0m[34;1m     20.88[0m[34;22m      0.00[0m[34;22m      0.00[0m[34;1m     72.53[0m
09:19:45   [32;22m     all[0m[34;1m      9.58[0m[34;22m      0.00[0m[34;1m     28.74[0m[34;22m      0.00[0m[34;22m      0.00[0m[34;1m     61.68[0m
09:19:46   [32;22m     all[0m[34;1m      9.66[0m[34;22m      0.00[0m[34;1m     30.11[0m[34;22m      0.00[0m[34;22m      0.00[0m[34;1m     60.23[0m
09:19:47   [32;22m     all[0m[34;1m     13.33[0m[34;22m      0.00[0m[34;1m     28.33[0m[34;22m      0.00[0m[34;22m      0.00[0m[34;1m     58.33[0m
09:19:48   [32;22m     all[0m[34;1m     13.64[0m[34;22m      0.00[0m[34;1m     30.68[0m[34;22m      0.00[0m[34;22m      0.00[0m[34;1m     55.68[0m
09:19:49   [32;22m     all[0m[34;1m     11.24[0m[34;22m      0.00[0m[34;1m     27.22[0m[34;22m      0.00[0m[34;22m      0.00[0m[34;1m     61.54[0m
09:19:50   [32;22m     all[0m[34;1m      6.82[0m[34;22m      0.00[0m[34;1m     22.73[0m[34;22m      0.00[0m[34;22m      0.00[0m[34;1m     70.45[0m
09:19:51   [32;22m     all[0m[34;1m      8.57[0m[34;22m      0.00[0m[34;1m     21.71[0m[34;22m      0.00[0m[34;22m      0.00[0m[34;1m     69.71[0m
09:19:52   [32;22m     all[0m[34;1m      8.47[0m[34;22m      0.00[0m[34;1m     22.60[0m[34;22m      0.00[0m[34;22m      0.00[0m[34;1m     68.93[0m
09:19:53   [32;22m     all[0m[34;1m      7.82[0m[34;22m      0.00[0m[34;1m     19.55[0m[34;22m      0.00[0m[34;22m      0.00[0m[34;1m     72.63[0m
09:19:54   [32;22m     all[0m[34;1m      6.59[0m[34;22m      0.00[0m[34;1m     22.75[0m[34;22m      0.00[0m[34;22m      0.00[0m[34;1m     70.66[0m
09:19:55   [32;22m     all[0m[34;1m      9.04[0m[34;22m      0.00[0m[34;1m     25.99[0m[34;22m      0.00[0m[34;22m      0.00[0m[34;1m     64.97[0m
09:19:56   [32;22m     all[0m[34;1m      9.41[0m[34;22m      0.00[0m[34;1m     30.00[0m[34;22m      0.00[0m[34;22m      0.00[0m[34;1m     60.59[0m
09:19:57   [32;22m     all[0m[34;1m     11.11[0m[34;22m      0.00[0m[34;1m     26.90[0m[34;22m      0.00[0m[34;22m      0.00[0m[34;1m     61.99[0m
09:19:58   [32;22m     all[0m[34;1m     12.64[0m[34;22m      0.00[0m[34;1m     27.01[0m[34;22m      0.00[0m[34;22m      0.00[0m[34;1m     60.34[0m
09:19:59   [32;22m     all[0m[34;1m      8.67[0m[34;22m      0.00[0m[34;1m     25.43[0m[34;22m      0.00[0m[34;22m      0.00[0m[34;1m     65.90[0m
09:20:00   [32;22m     all[0m[34;1m      9.94[0m[34;22m      0.00[0m[34;1m     26.32[0m[34;22m      0.00[0m[34;22m      0.00[0m[34;1m     63.74[0m
09:20:01   [32;22m     all[0m[34;1m      8.14[0m[34;22m      0.00[0m[34;1m     25.58[0m[34;22m      0.00[0m[34;22m      0.00[0m[34;1m     66.28[0m
09:20:02   [32;22m     all[0m[34;1m      7.51[0m[34;22m      0.00[0m[34;1m     21.97[0m[34;22m      0.00[0m[34;22m      0.00[0m[34;1m     70.52[0m
09:20:03   [32;22m     all[0m[34;1m      9.25[0m[34;22m      0.00[0m[34;1m     26.01[0m[34;22m      0.00[0m[34;22m      0.00[0m[34;1m     64.74[0m
09:20:04   [32;22m     all[0m[34;1m      7.30[0m[34;22m      0.00[0m[34;1m     24.16[0m[34;22m      0.00[0m[34;22m      0.00[0m[34;1m     68.54[0m
09:20:05   [32;22m     all[0m[34;1m      8.00[0m[34;22m      0.00[0m[34;1m     28.57[0m[34;22m      0.00[0m[34;22m      0.00[0m[34;1m     63.43[0m
09:20:06   [32;22m     all[0m[34;1m      7.82[0m[34;22m      0.00[0m[34;1m     25.70[0m[34;22m      0.00[0m[34;22m      0.00[0m[34;1m     66.48[0m
09:20:07   [32;22m     all[0m[34;1m     13.56[0m[34;22m      0.00[0m[34;1m     32.20[0m[34;22m      0.00[0m[34;22m      0.00[0m[34;1m     54.24[0m
09:20:08   [32;22m     all[0m[34;1m     12.21[0m[34;22m      0.00[0m[34;1m     26.74[0m[34;22m      0.00[0m[34;22m      0.00[0m[34;1m     61.05[0m
09:20:09   [32;22m     all[0m[34;1m      9.39[0m[34;22m      0.00[0m[34;1m     27.62[0m[34;22m      0.00[0m[34;22m      0.00[0m[34;1m     62.98[0m
09:20:10   [32;22m     all[0m[34;1m      9.66[0m[34;22m      0.00[0m[34;1m     31.25[0m[34;22m      0.00[0m[34;22m      0.00[0m[34;1m     59.09[0m
09:20:11   [32;22m     all[0m[34;1m     10.40[0m[34;22m      0.00[0m[34;1m     26.01[0m[34;22m      0.00[0m[34;22m      0.00[0m[34;1m     63.58[0m
09:20:12   [32;22m     all[0m[34;1m      8.05[0m[34;22m      0.00[0m[34;1m     29.89[0m[34;22m      0.00[0m[34;22m      0.00[0m[34;1m     62.07[0m
09:20:13   [32;22m     all[0m[34;1m     10.11[0m[34;22m      0.00[0m[34;1m     25.28[0m[34;22m      0.00[0m[34;22m      0.00[0m[34;1m     64.61[0m
09:20:14   [32;22m     all[0m[34;1m      9.41[0m[34;22m      0.00[0m[34;1m     26.47[0m[34;22m      0.00[0m[34;22m      0.00[0m[34;1m     64.12[0m
09:20:15   [32;22m     all[0m[34;1m      8.57[0m[34;22m      0.00[0m[34;1m     27.43[0m[34;1m      0.57[0m[34;22m      0.00[0m[34;1m     63.43[0m
09:20:16   [32;22m     all[0m[34;1m      9.88[0m[34;22m      0.00[0m[34;1m     27.91[0m[34;22m      0.00[0m[34;22m      0.00[0m[34;1m     62.21[0m
09:20:17   [32;22m     all[0m[34;1m     12.72[0m[34;22m      0.00[0m[34;1m     31.79[0m[34;22m      0.00[0m[34;22m      0.00[0m[34;1m     55.49[0m
09:20:18   [32;22m     all[0m[34;1m     13.37[0m[34;22m      0.00[0m[34;1m     23.84[0m[34;22m      0.00[0m[34;22m      0.00[0m[34;1m     62.79[0m
09:20:19   [32;22m     all[0m[34;1m     11.63[0m[34;22m      0.00[0m[34;1m     29.65[0m[34;22m      0.00[0m[34;22m      0.00[0m[34;1m     58.72[0m
09:20:20   [32;22m     all[0m[34;1m      8.05[0m[34;22m      0.00[0m[34;1m     29.31[0m[34;22m      0.00[0m[34;22m      0.00[0m[34;1m     62.64[0m
09:20:21   [32;22m     all[0m[34;1m      7.56[0m[34;22m      0.00[0m[34;1m     28.49[0m[34;22m      0.00[0m[34;22m      0.00[0m[34;1m     63.95[0m
09:20:22   [32;22m     all[0m[34;1m      7.60[0m[34;22m      0.00[0m[34;1m     26.32[0m[34;22m      0.00[0m[34;22m      0.00[0m[34;1m     66.08[0m
09:20:23   [32;22m     all[0m[34;1m      9.58[0m[34;22m      0.00[0m[34;1m     28.14[0m[34;22m      0.00[0m[34;22m      0.00[0m[34;1m     62.28[0m
09:20:24   [32;22m     all[0m[34;1m      9.41[0m[34;22m      0.00[0m[34;1m     24.71[0m[34;22m      0.00[0m[34;22m      0.00[0m[34;1m     65.88[0m
09:20:25   [32;22m     all[0m[34;1m      7.47[0m[34;22m      0.00[0m[34;1m     29.31[0m[34;22m      0.00[0m[34;22m      0.00[0m[34;1m     63.22[0m
09:20:26   [32;22m     all[0m[34;1m     10.78[0m[34;22m      0.00[0m[34;1m     28.74[0m[34;22m      0.00[0m[34;22m      0.00[0m[34;1m     60.48[0m
09:20:27   [32;22m     all[0m[34;1m     11.70[0m[34;22m      0.00[0m[34;1m     30.41[0m[34;22m      0.00[0m[34;22m      0.00[0m[34;1m     57.89[0m
09:20:28   [32;22m     all[0m[34;1m     11.73[0m[34;22m      0.00[0m[34;1m     25.14[0m[34;22m      0.00[0m[34;22m      0.00[0m[34;1m     63.13[0m
09:20:29   [32;22m     all[0m[34;1m      9.20[0m[34;22m      0.00[0m[34;1m     31.03[0m[34;22m      0.00[0m[34;22m      0.00[0m[34;1m     59.77[0m
09:20:30   [32;22m     all[0m[34;1m     11.49[0m[34;22m      0.00[0m[34;1m     31.03[0m[34;22m      0.00[0m[34;22m      0.00[0m[34;1m     57.47[0m
09:20:31   [32;22m     all[0m[34;1m      9.77[0m[34;22m      0.00[0m[34;1m     29.31[0m[34;22m      0.00[0m[34;22m      0.00[0m[34;1m     60.92[0m
09:20:32   [32;22m     all[0m[34;1m      8.57[0m[34;22m      0.00[0m[34;1m     26.86[0m[34;22m      0.00[0m[34;22m      0.00[0m[34;1m     64.57[0m
09:20:33   [32;22m     all[0m[34;1m     10.86[0m[34;22m      0.00[0m[34;1m     31.43[0m[34;22m      0.00[0m[34;22m      0.00[0m[34;1m     57.71[0m
09:20:34   [32;22m     all[0m[34;1m      5.26[0m[34;22m      0.00[0m[34;1m     21.05[0m[34;22m      0.00[0m[34;22m      0.00[0m[34;1m     73.68[0m
09:20:35   [32;22m     all[0m[34;1m      2.11[0m[34;22m      0.00[0m[34;1m     11.05[0m[34;22m      0.00[0m[34;22m      0.00[0m[34;1m     86.84[0m
09:20:36   [32;22m     all[0m[34;1m      2.06[0m[34;22m      0.00[0m[34;1m      9.79[0m[34;22m      0.00[0m[34;22m      0.00[0m[34;1m     88.14[0m
09:20:37   [32;22m     all[0m[34;1m      2.07[0m[34;22m      0.00[0m[34;1m      9.84[0m[34;22m      0.00[0m[34;22m      0.00[0m[34;1m     88.08[0m
09:20:38   [32;22m     all[0m[34;1m      3.12[0m[34;22m      0.00[0m[34;1m      9.38[0m[34;22m      0.00[0m[34;22m      0.00[0m[34;1m     87.50[0m
09:20:39   [32;22m     all[0m[34;1m      1.60[0m[34;22m      0.00[0m[34;1m      8.51[0m[34;22m      0.00[0m[34;22m      0.00[0m[34;1m     89.89[0m
09:20:40   [32;22m     all[0m[34;1m      3.17[0m[34;22m      0.00[0m[34;1m      9.52[0m[34;22m      0.00[0m[34;22m      0.00[0m[34;1m     87.30[0m
09:20:41   [32;22m     all[0m[34;1m      1.58[0m[34;22m      0.00[0m[34;1m      8.42[0m[34;22m      0.00[0m[34;22m      0.00[0m[34;1m     90.00[0m
09:20:42   [32;22m     all[0m[34;1m      2.06[0m[34;22m      0.00[0m[34;1m     11.34[0m[34;22m      0.00[0m[34;22m      0.00[0m[34;1m     86.60[0m
09:20:43   [32;22m     all[0m[34;1m      2.06[0m[34;22m      0.00[0m[34;1m     10.31[0m[34;22m      0.00[0m[34;22m      0.00[0m[34;1m     87.63[0m
09:20:44   [32;22m     all[0m[34;1m      1.05[0m[34;22m      0.00[0m[34;1m     10.47[0m[34;22m      0.00[0m[34;22m      0.00[0m[34;1m     88.48[0m
09:20:45   [32;22m     all[0m[34;1m      2.65[0m[34;22m      0.00[0m[34;1m      7.94[0m[34;22m      0.00[0m[34;22m      0.00[0m[34;1m     89.42[0m
09:20:46   [32;22m     all[0m[34;1m      3.14[0m[34;22m      0.00[0m[34;1m     10.99[0m[34;22m      0.00[0m[34;22m      0.00[0m[34;1m     85.86[0m
09:20:47   [32;22m     all[0m[34;1m      3.17[0m[34;22m      0.00[0m[34;1m      8.99[0m[34;22m      0.00[0m[34;22m      0.00[0m[34;1m     87.83[0m
09:20:48   [32;22m     all[0m[34;1m      2.60[0m[34;22m      0.00[0m[34;1m     10.42[0m[34;22m      0.00[0m[34;22m      0.00[0m[34;1m     86.98[0m
09:20:49   [32;22m     all[0m[34;1m      2.07[0m[34;22m      0.00[0m[34;1m      8.29[0m[34;22m      0.00[0m[34;22m      0.00[0m[34;1m     89.64[0m
09:20:50   [32;22m     all[0m[34;1m      1.60[0m[34;22m      0.00[0m[34;1m      9.57[0m[34;22m      0.00[0m[34;22m      0.00[0m[34;1m     88.83[0m
09:20:51   [32;22m     all[0m[34;1m      2.06[0m[34;22m      0.00[0m[34;1m     11.34[0m[34;22m      0.00[0m[34;22m      0.00[0m[34;1m     86.60[0m
09:20:52   [32;22m     all[0m[34;1m      2.63[0m[34;22m      0.00[0m[34;1m     11.58[0m[34;22m      0.00[0m[34;22m      0.00[0m[34;1m     85.79[0m
09:20:53   [32;22m     all[0m[34;1m      1.56[0m[34;22m      0.00[0m[34;1m     10.94[0m[34;22m      0.00[0m[34;22m      0.00[0m[34;1m     87.50[0m
09:20:54   [32;22m     all[0m[34;1m      1.56[0m[34;22m      0.00[0m[34;1m      8.85[0m[34;22m      0.00[0m[34;22m      0.00[0m[34;1m     89.58[0m
09:20:55   [32;22m     all[0m[34;1m      2.60[0m[34;22m      0.00[0m[34;1m      8.85[0m[34;22m      0.00[0m[34;22m      0.00[0m[34;1m     88.54[0m
09:20:56   [32;22m     all[0m[34;1m      1.04[0m[34;22m      0.00[0m[34;1m      7.81[0m[34;22m      0.00[0m[34;22m      0.00[0m[34;1m     91.15[0m
09:20:57   [32;22m     all[0m[34;1m      3.16[0m[34;22m      0.00[0m[34;1m     12.63[0m[34;22m      0.00[0m[34;22m      0.00[0m[34;1m     84.21[0m
09:20:58   [32;22m     all[0m[34;1m      2.65[0m[34;22m      0.00[0m[34;1m     11.64[0m[34;22m      0.00[0m[34;22m      0.00[0m[34;1m     85.71[0m
09:20:59   [32;22m     all[0m[34;1m      2.60[0m[34;22m      0.00[0m[34;1m     11.46[0m[34;22m      0.00[0m[34;22m      0.00[0m[34;1m     85.94[0m
09:21:00   [32;22m     all[0m[34;1m      2.12[0m[34;22m      0.00[0m[34;1m      9.52[0m[34;22m      0.00[0m[34;22m      0.00[0m[34;1m     88.36[0m
09:21:01   [32;22m     all[0m[34;1m      2.09[0m[34;22m      0.00[0m[34;1m      9.42[0m[34;22m      0.00[0m[34;22m      0.00[0m[34;1m     88.48[0m
09:21:02   [32;22m     all[0m[34;1m      1.57[0m[34;22m      0.00[0m[34;1m     10.47[0m[34;22m      0.00[0m[34;22m      0.00[0m[34;1m     87.96[0m
09:21:03   [32;22m     all[0m[34;1m      3.11[0m[34;22m      0.00[0m[34;1m      9.33[0m[34;22m      0.00[0m[34;22m      0.00[0m[34;1m     87.56[0m
09:21:04   [32;22m     all[0m[34;1m      1.60[0m[34;22m      0.00[0m[34;1m      8.51[0m[34;22m      0.00[0m[34;22m      0.00[0m[34;1m     89.89[0m
09:21:05   [32;22m     all[0m[34;1m      2.11[0m[34;22m      0.00[0m[34;1m      8.42[0m[34;22m      0.00[0m[34;22m      0.00[0m[34;1m     89.47[0m
09:21:06   [32;22m     all[0m[34;1m      2.59[0m[34;22m      0.00[0m[34;1m      9.33[0m[34;22m      0.00[0m[34;22m      0.00[0m[34;1m     88.08[0m
09:21:07   [32;22m     all[0m[34;1m      2.66[0m[34;22m      0.00[0m[34;1m      9.57[0m[34;22m      0.00[0m[34;22m      0.00[0m[34;1m     87.77[0m
09:21:08   [32;22m     all[0m[34;1m      4.17[0m[34;22m      0.00[0m[34;1m     10.94[0m[34;22m      0.00[0m[34;22m      0.00[0m[34;1m     84.90[0m
09:21:09   [32;22m     all[0m[34;1m      2.59[0m[34;22m      0.00[0m[34;1m      8.81[0m[34;22m      0.00[0m[34;22m      0.00[0m[34;1m     88.60[0m
09:21:10   [32;22m     all[0m[34;1m      2.11[0m[34;22m      0.00[0m[34;1m      8.42[0m[34;22m      0.00[0m[34;22m      0.00[0m[34;1m     89.47[0m
09:21:11   [32;22m     all[0m[34;1m      2.13[0m[34;22m      0.00[0m[34;1m      9.57[0m[34;22m      0.00[0m[34;22m      0.00[0m[34;1m     88.30[0m
09:21:12   [32;22m     all[0m[34;1m      2.65[0m[34;22m      0.00[0m[34;1m      9.52[0m[34;22m      0.00[0m[34;22m      0.00[0m[34;1m     87.83[0m
09:21:13   [32;22m     all[0m[34;1m      1.58[0m[34;22m      0.00[0m[34;1m     10.00[0m[34;22m      0.00[0m[34;22m      0.00[0m[34;1m     88.42[0m
09:21:14   [32;22m     all[0m[34;1m      2.06[0m[34;22m      0.00[0m[34;1m      8.25[0m[34;22m      0.00[0m[34;22m      0.00[0m[34;1m     89.69[0m
09:21:15   [32;22m     all[0m[34;1m      2.63[0m[34;22m      0.00[0m[34;1m     10.00[0m[34;22m      0.00[0m[34;22m      0.00[0m[34;1m     87.37[0m
09:21:16   [32;22m     all[0m[34;1m      1.05[0m[34;22m      0.00[0m[34;1m      8.95[0m[34;22m      0.00[0m[34;22m      0.00[0m[34;1m     90.00[0m
09:21:17   [32;22m     all[0m[34;1m      4.19[0m[34;22m      0.00[0m[34;1m      9.95[0m[34;22m      0.00[0m[34;22m      0.00[0m[34;1m     85.86[0m
09:21:18   [32;22m     all[0m[34;1m      2.03[0m[34;22m      0.00[0m[34;1m      9.64[0m[34;22m      0.00[0m[34;22m      0.00[0m[34;1m     88.32[0m
09:21:19   [32;22m     all[0m[34;1m      1.04[0m[34;22m      0.00[0m[34;1m      9.33[0m[34;22m      0.00[0m[34;22m      0.00[0m[34;1m     89.64[0m
09:21:20   [32;22m     all[0m[34;1m      2.62[0m[34;22m      0.00[0m[34;1m      9.42[0m[34;22m      0.00[0m[34;22m      0.00[0m[34;1m     87.96[0m
09:21:21   [32;22m     all[0m[34;1m      1.56[0m[34;22m      0.00[0m[34;1m      8.33[0m[34;22m      0.00[0m[34;22m      0.00[0m[34;1m     90.10[0m
09:21:22   [32;22m     all[0m[34;1m      1.58[0m[34;22m      0.00[0m[34;1m      9.47[0m[34;22m      0.00[0m[34;22m      0.00[0m[34;1m     88.95[0m
09:21:23   [32;22m     all[0m[34;1m      2.59[0m[34;22m      0.00[0m[34;1m     11.40[0m[34;22m      0.00[0m[34;22m      0.00[0m[34;1m     86.01[0m
09:21:24   [32;22m     all[0m[34;1m      2.62[0m[34;22m      0.00[0m[34;1m      8.90[0m[34;22m      0.00[0m[34;22m      0.00[0m[34;1m     88.48[0m
09:21:25   [32;22m     all[0m[34;1m      1.58[0m[34;22m      0.00[0m[34;1m     10.00[0m[34;22m      0.00[0m[34;22m      0.00[0m[34;1m     88.42[0m
09:21:26   [32;22m     all[0m[34;1m      2.60[0m[34;22m      0.00[0m[34;1m     10.42[0m[34;22m      0.00[0m[34;22m      0.00[0m[34;1m     86.98[0m
09:21:27   [32;22m     all[0m[34;1m      3.59[0m[34;22m      0.00[0m[34;1m      9.74[0m[34;22m      0.00[0m[34;22m      0.00[0m[34;1m     86.67[0m
09:21:28   [32;22m     all[0m[34;1m      3.08[0m[34;22m      0.00[0m[34;1m      9.23[0m[34;22m      0.00[0m[34;22m      0.00[0m[34;1m     87.69[0m
09:21:29   [32;22m     all[0m[34;1m      2.56[0m[34;22m      0.00[0m[34;1m      9.23[0m[34;22m      0.00[0m[34;22m      0.00[0m[34;1m     88.21[0m
09:21:30   [32;22m     all[0m[34;1m      2.63[0m[34;22m      0.00[0m[34;1m     10.53[0m[34;22m      0.00[0m[34;22m      0.00[0m[34;1m     86.84[0m
09:21:31   [32;22m     all[0m[34;1m      2.62[0m[34;22m      0.00[0m[34;1m      9.95[0m[34;22m      0.00[0m[34;22m      0.00[0m[34;1m     87.43[0m
09:21:32   [32;22m     all[0m[34;1m      3.28[0m[34;22m      0.00[0m[34;1m     14.75[0m[34;22m      0.00[0m[34;22m      0.00[0m[34;1m     81.97[0m
09:21:33   [32;22m     all[0m[34;1m      2.14[0m[34;22m      0.00[0m[34;1m     11.76[0m[34;22m      0.00[0m[34;22m      0.00[0m[34;1m     86.10[0m
09:21:34   [32;22m     all[0m[34;1m      2.60[0m[34;22m      0.00[0m[34;1m     10.94[0m[34;22m      0.00[0m[34;22m      0.00[0m[34;1m     86.46[0m
09:21:35   [32;22m     all[0m[34;1m      1.59[0m[34;22m      0.00[0m[34;1m      8.99[0m[34;22m      0.00[0m[34;22m      0.00[0m[34;1m     89.42[0m
09:21:36   [32;22m     all[0m[34;1m      2.63[0m[34;22m      0.00[0m[34;1m      8.95[0m[34;22m      0.00[0m[34;22m      0.00[0m[34;1m     88.42[0m
09:21:37   [32;22m     all[0m[34;1m      3.19[0m[34;22m      0.00[0m[34;1m     10.11[0m[34;22m      0.00[0m[34;22m      0.00[0m[34;1m     86.70[0m
09:21:38   [32;22m     all[0m[34;1m      2.60[0m[34;22m      0.00[0m[34;1m     10.94[0m[34;22m      0.00[0m[34;22m      0.00[0m[34;1m     86.46[0m
09:21:39   [32;22m     all[0m[34;1m      2.65[0m[34;22m      0.00[0m[34;1m      8.47[0m[34;22m      0.00[0m[34;22m      0.00[0m[34;1m     88.89[0m
09:21:40   [32;22m     all[0m[34;1m      2.11[0m[34;22m      0.00[0m[34;1m     11.58[0m[34;22m      0.00[0m[34;22m      0.00[0m[34;1m     86.32[0m
09:21:41   [32;22m     all[0m[34;1m      2.08[0m[34;22m      0.00[0m[34;1m     10.94[0m[34;22m      0.00[0m[34;22m      0.00[0m[34;1m     86.98[0m
09:21:42   [32;22m     all[0m[34;1m      1.58[0m[34;22m      0.00[0m[34;1m     14.21[0m[34;22m      0.00[0m[34;22m      0.00[0m[34;1m     84.21[0m
09:21:43   [32;22m     all[0m[34;1m      2.56[0m[34;22m      0.00[0m[34;1m     11.28[0m[34;22m      0.00[0m[34;22m      0.00[0m[34;1m     86.15[0m
09:21:44   [32;22m     all[0m[34;1m      2.62[0m[34;22m      0.00[0m[34;1m      9.95[0m[34;22m      0.00[0m[34;22m      0.00[0m[34;1m     87.43[0m
09:21:45   [32;22m     all[0m[34;1m      1.55[0m[34;22m      0.00[0m[34;1m     10.82[0m[34;22m      0.00[0m[34;22m      0.00[0m[34;1m     87.63[0m
09:21:46   [32;22m     all[0m[34;1m      2.62[0m[34;22m      0.00[0m[34;1m     10.47[0m[34;22m      0.00[0m[34;22m      0.00[0m[34;1m     86.91[0m
09:21:47   [32;22m     all[0m[34;1m      2.63[0m[34;22m      0.00[0m[34;1m      9.47[0m[34;22m      0.00[0m[34;22m      0.00[0m[34;1m     87.89[0m
09:21:48   [32;22m     all[0m[34;1m      2.60[0m[34;22m      0.00[0m[34;1m     10.94[0m[34;22m      0.00[0m[34;22m      0.00[0m[34;1m     86.46[0m
09:21:49   [32;22m     all[0m[34;1m      2.06[0m[34;22m      0.00[0m[34;1m      9.79[0m[34;22m      0.00[0m[34;22m      0.00[0m[34;1m     88.14[0m
09:21:50   [32;22m     all[0m[34;1m      2.58[0m[34;22m      0.00[0m[34;1m      9.28[0m[34;22m      0.00[0m[34;22m      0.00[0m[34;1m     88.14[0m
09:21:51   [32;22m     all[0m[34;1m      2.60[0m[34;22m      0.00[0m[34;1m      9.38[0m[34;22m      0.00[0m[34;22m      0.00[0m[34;1m     88.02[0m
09:21:52   [32;22m     all[0m[34;1m      2.63[0m[34;22m      0.00[0m[34;1m     10.00[0m[34;22m      0.00[0m[34;22m      0.00[0m[34;1m     87.37[0m
09:21:53   [32;22m     all[0m[34;1m      3.74[0m[34;22m      0.00[0m[34;1m     11.76[0m[34;22m      0.00[0m[34;22m      0.00[0m[34;1m     84.49[0m
09:21:54   [32;22m     all[0m[34;1m      2.62[0m[34;22m      0.00[0m[34;1m     10.99[0m[34;22m      0.00[0m[34;22m      0.00[0m[34;1m     86.39[0m
09:21:55   [32;22m     all[0m[34;1m      2.62[0m[34;22m      0.00[0m[34;1m      9.42[0m[34;22m      0.00[0m[34;22m      0.00[0m[34;1m     87.96[0m
09:21:56   [32;22m     all[0m[34;1m      2.06[0m[34;22m      0.00[0m[34;1m      9.28[0m[34;22m      0.00[0m[34;22m      0.00[0m[34;1m     88.66[0m
09:21:57   [32;22m     all[0m[34;1m      3.66[0m[34;22m      0.00[0m[34;1m     10.47[0m[34;22m      0.00[0m[34;22m      0.00[0m[34;1m     85.86[0m
09:21:58   [32;22m     all[0m[34;1m      2.63[0m[34;22m      0.00[0m[34;1m      9.47[0m[34;22m      0.00[0m[34;22m      0.00[0m[34;1m     87.89[0m
09:21:59   [32;22m     all[0m[34;1m      3.14[0m[34;22m      0.00[0m[34;1m     11.52[0m[34;22m      0.00[0m[34;22m      0.00[0m[34;1m     85.34[0m
09:22:00   [32;22m     all[0m[34;1m      3.14[0m[34;22m      0.00[0m[34;1m      9.42[0m[34;22m      0.00[0m[34;22m      0.00[0m[34;1m     87.43[0m
09:22:01   [32;22m     all[0m[34;1m      1.57[0m[34;22m      0.00[0m[34;1m      9.95[0m[34;22m      0.00[0m[34;22m      0.00[0m[34;1m     88.48[0m
09:22:02   [32;22m     all[0m[34;1m      1.04[0m[34;22m      0.00[0m[34;1m      8.33[0m[34;22m      0.00[0m[34;22m      0.00[0m[34;1m     90.62[0m
09:22:03   [32;22m     all[0m[34;1m      2.62[0m[34;22m      0.00[0m[34;1m     10.47[0m[34;22m      0.00[0m[34;22m      0.00[0m[34;1m     86.91[0m
09:22:04   [32;22m     all[0m[34;1m      3.08[0m[34;22m      0.00[0m[34;1m     11.28[0m[34;22m      0.00[0m[34;22m      0.00[0m[34;1m     85.64[0m
09:22:05   [32;22m     all[0m[34;1m      2.08[0m[34;22m      0.00[0m[34;1m      9.90[0m[34;22m      0.00[0m[34;22m      0.00[0m[34;1m     88.02[0m
09:22:06   [32;22m     all[0m[34;1m      2.60[0m[34;22m      0.00[0m[34;1m     10.42[0m[34;22m      0.00[0m[34;22m      0.00[0m[34;1m     86.98[0m
09:22:07   [32;22m     all[0m[34;1m      3.11[0m[34;22m      0.00[0m[34;1m      9.84[0m[34;22m      0.00[0m[34;22m      0.00[0m[34;1m     87.05[0m
09:22:08   [32;22m     all[0m[34;1m      2.63[0m[34;22m      0.00[0m[34;1m     11.58[0m[34;22m      0.00[0m[34;22m      0.00[0m[34;1m     85.79[0m
09:22:09   [32;22m     all[0m[34;1m      2.07[0m[34;22m      0.00[0m[34;1m      9.33[0m[34;22m      0.00[0m[34;22m      0.00[0m[34;1m     88.60[0m
09:22:10   [32;22m     all[0m[34;1m      2.60[0m[34;22m      0.00[0m[34;1m      7.81[0m[34;22m      0.00[0m[34;22m      0.00[0m[34;1m     89.58[0m
09:22:11   [32;22m     all[0m[34;1m      3.14[0m[34;22m      0.00[0m[34;1m     11.52[0m[34;22m      0.00[0m[34;22m      0.00[0m[34;1m     85.34[0m
09:22:12   [32;22m     all[0m[34;1m      1.57[0m[34;22m      0.00[0m[34;1m      8.90[0m[34;22m      0.00[0m[34;22m      0.00[0m[34;1m     89.53[0m
09:22:13   [32;22m     all[0m[34;1m      2.05[0m[34;22m      0.00[0m[34;1m     10.77[0m[34;22m      0.00[0m[34;22m      0.00[0m[34;1m     87.18[0m
09:22:14   [32;22m     all[0m[34;1m      1.56[0m[34;22m      0.00[0m[34;1m     11.98[0m[34;22m      0.00[0m[34;22m      0.00[0m[34;1m     86.46[0m
09:22:15   [32;22m     all[0m[34;1m      2.59[0m[34;22m      0.00[0m[34;1m      8.29[0m[34;22m      0.00[0m[34;22m      0.00[0m[34;1m     89.12[0m
09:22:16   [32;22m     all[0m[34;1m      2.16[0m[34;22m      0.00[0m[34;1m     11.35[0m[34;22m      0.00[0m[34;22m      0.00[0m[34;1m     86.49[0m
09:22:17   [32;22m     all[0m[34;1m      3.19[0m[34;22m      0.00[0m[34;1m     10.64[0m[34;22m      0.00[0m[34;22m      0.00[0m[34;1m     86.17[0m
09:22:18   [32;22m     all[0m[34;1m      3.16[0m[34;22m      0.00[0m[34;1m      9.47[0m[34;22m      0.00[0m[34;22m      0.00[0m[34;1m     87.37[0m
09:22:19   [32;22m     all[0m[34;1m      2.09[0m[34;22m      0.00[0m[34;1m     10.47[0m[34;22m      0.00[0m[34;22m      0.00[0m[34;1m     87.43[0m
09:22:20   [32;22m     all[0m[34;1m      2.09[0m[34;22m      0.00[0m[34;1m     10.47[0m[34;22m      0.00[0m[34;22m      0.00[0m[34;1m     87.43[0m
09:22:21   [32;22m     all[0m[34;1m      2.59[0m[34;22m      0.00[0m[34;1m     10.36[0m[34;22m      0.00[0m[34;22m      0.00[0m[34;1m     87.05[0m
09:22:22   [32;22m     all[0m[34;1m      2.60[0m[34;22m      0.00[0m[34;1m      9.38[0m[34;22m      0.00[0m[34;22m      0.00[0m[34;1m     88.02[0m
09:22:23   [32;22m     all[0m[34;1m      2.12[0m[34;22m      0.00[0m[34;1m     10.05[0m[34;22m      0.00[0m[34;22m      0.00[0m[34;1m     87.83[0m
09:22:24   [32;22m     all[0m[34;1m      2.08[0m[34;22m      0.00[0m[34;1m     10.42[0m[34;22m      0.00[0m[34;22m      0.00[0m[34;1m     87.50[0m
09:22:25   [32;22m     all[0m[34;1m      2.12[0m[34;22m      0.00[0m[34;1m      8.47[0m[34;22m      0.00[0m[34;22m      0.00[0m[34;1m     89.42[0m
09:22:26   [32;22m     all[0m[34;1m      2.60[0m[34;22m      0.00[0m[34;1m      9.90[0m[34;22m      0.00[0m[34;22m      0.00[0m[34;1m     87.50[0m
09:22:27   [32;22m     all[0m[34;1m      4.28[0m[34;22m      0.00[0m[34;1m     10.16[0m[34;22m      0.00[0m[34;22m      0.00[0m[34;1m     85.56[0m
09:22:28   [32;22m     all[0m[34;1m      3.09[0m[34;22m      0.00[0m[34;1m     11.34[0m[34;1m      0.52[0m[34;22m      0.00[0m[34;1m     85.05[0m
09:22:29   [32;22m     all[0m[34;1m      3.12[0m[34;22m      0.00[0m[34;1m      9.90[0m[34;22m      0.00[0m[34;22m      0.00[0m[34;1m     86.98[0m
09:22:30   [32;22m     all[0m[34;1m      1.05[0m[34;22m      0.00[0m[34;1m      8.95[0m[34;22m      0.00[0m[34;22m      0.00[0m[34;1m     90.00[0m
09:22:31   [32;22m     all[0m[34;1m      4.17[0m[34;22m      0.00[0m[34;1m     10.94[0m[34;22m      0.00[0m[34;22m      0.00[0m[34;1m     84.90[0m
09:22:32   [32;22m     all[0m[34;1m      1.58[0m[34;22m      0.00[0m[34;1m     10.00[0m[34;22m      0.00[0m[34;22m      0.00[0m[34;1m     88.42[0m
09:22:33   [32;22m     all[0m[34;1m      2.09[0m[34;22m      0.00[0m[34;1m      8.90[0m[34;22m      0.00[0m[34;22m      0.00[0m[34;1m     89.01[0m
09:22:34   [32;22m     all[0m[34;1m      2.07[0m[34;22m      0.00[0m[34;1m     11.92[0m[34;22m      0.00[0m[34;22m      0.00[0m[34;1m     86.01[0m
09:22:35   [32;22m     all[0m[34;1m      2.08[0m[34;22m      0.00[0m[34;1m      8.85[0m[34;22m      0.00[0m[34;22m      0.00[0m[34;1m     89.06[0m
09:22:36   [32;22m     all[0m[34;1m      2.56[0m[34;22m      0.00[0m[34;1m     11.28[0m[34;22m      0.00[0m[34;22m      0.00[0m[34;1m     86.15[0m
09:22:37   [32;22m     all[0m[34;1m      2.11[0m[34;22m      0.00[0m[34;1m      8.95[0m[34;22m      0.00[0m[34;22m      0.00[0m[34;1m     88.95[0m
09:22:38   [32;22m     all[0m[34;1m      2.60[0m[34;22m      0.00[0m[34;1m     10.42[0m[34;22m      0.00[0m[34;22m      0.00[0m[34;1m     86.98[0m
09:22:39   [32;22m     all[0m[34;1m      2.63[0m[34;22m      0.00[0m[34;1m     11.05[0m[34;22m      0.00[0m[34;22m      0.00[0m[34;1m     86.32[0m
09:22:40   [32;22m     all[0m[34;1m      2.63[0m[34;22m      0.00[0m[34;1m      9.47[0m[34;22m      0.00[0m[34;22m      0.00[0m[34;1m     87.89[0m
09:22:41   [32;22m     all[0m[34;1m      2.59[0m[34;22m      0.00[0m[34;1m      7.25[0m[34;22m      0.00[0m[34;22m      0.00[0m[34;1m     90.16[0m
09:22:42   [32;22m     all[0m[34;1m      2.11[0m[34;22m      0.00[0m[34;1m     11.58[0m[34;22m      0.00[0m[34;22m      0.00[0m[34;1m     86.32[0m
09:22:43   [32;22m     all[0m[34;1m      2.07[0m[34;22m      0.00[0m[34;1m     11.40[0m[34;22m      0.00[0m[34;22m      0.00[0m[34;1m     86.53[0m
09:22:44   [32;22m     all[0m[34;1m      2.62[0m[34;22m      0.00[0m[34;1m      8.38[0m[34;22m      0.00[0m[34;22m      0.00[0m[34;1m     89.01[0m
09:22:45   [32;22m     all[0m[34;1m      1.59[0m[34;22m      0.00[0m[34;1m     10.58[0m[34;22m      0.00[0m[34;22m      0.00[0m[34;1m     87.83[0m
09:22:46   [32;22m     all[0m[34;1m      2.05[0m[34;22m      0.00[0m[34;1m     10.77[0m[34;22m      0.00[0m[34;22m      0.00[0m[34;1m     87.18[0m
09:22:47   [32;22m     all[0m[34;1m      2.62[0m[34;22m      0.00[0m[34;1m      9.95[0m[34;22m      0.00[0m[34;22m      0.00[0m[34;1m     87.43[0m
09:22:48   [32;22m     all[0m[34;1m      3.19[0m[34;22m      0.00[0m[34;1m     10.11[0m[34;22m      0.00[0m[34;22m      0.00[0m[34;1m     86.70[0m
09:22:49   [32;22m     all[0m[34;1m      1.60[0m[34;22m      0.00[0m[34;1m     10.11[0m[34;22m      0.00[0m[34;22m      0.00[0m[34;1m     88.30[0m
09:22:50   [32;22m     all[0m[34;1m      2.09[0m[34;22m      0.00[0m[34;1m      9.95[0m[34;22m      0.00[0m[34;22m      0.00[0m[34;1m     87.96[0m
09:22:51   [32;22m     all[0m[34;1m      3.61[0m[34;22m      0.00[0m[34;1m     11.34[0m[34;22m      0.00[0m[34;22m      0.00[0m[34;1m     85.05[0m
09:22:52   [32;22m     all[0m[34;1m      3.14[0m[34;22m      0.00[0m[34;1m     12.04[0m[34;22m      0.00[0m[34;22m      0.00[0m[34;1m     84.82[0m
09:22:53   [32;22m     all[0m[34;1m      2.62[0m[34;22m      0.00[0m[34;1m     13.09[0m[34;22m      0.00[0m[34;22m      0.00[0m[34;1m     84.29[0m
09:22:54   [32;22m     all[0m[34;1m      2.07[0m[34;22m      0.00[0m[34;1m      8.29[0m[34;22m      0.00[0m[34;22m      0.00[0m[34;1m     89.64[0m
09:22:55   [32;22m     all[0m[34;1m      2.60[0m[34;22m      0.00[0m[34;1m     10.42[0m[34;22m      0.00[0m[34;22m      0.00[0m[34;1m     86.98[0m
09:22:56   [32;22m     all[0m[34;1m      1.54[0m[34;22m      0.00[0m[34;1m      8.72[0m[34;22m      0.00[0m[34;22m      0.00[0m[34;1m     89.74[0m
09:22:57   [32;22m     all[0m[34;1m      4.23[0m[34;22m      0.00[0m[34;1m     11.11[0m[34;22m      0.00[0m[34;22m      0.00[0m[34;1m     84.66[0m
09:22:58   [32;22m     all[0m[34;1m      3.11[0m[34;22m      0.00[0m[34;1m     10.36[0m[34;22m      0.00[0m[34;22m      0.00[0m[34;1m     86.53[0m
09:22:59   [32;22m     all[0m[34;1m      2.12[0m[34;22m      0.00[0m[34;1m      8.99[0m[34;22m      0.00[0m[34;22m      0.00[0m[34;1m     88.89[0m
09:23:00   [32;22m     all[0m[34;1m      2.07[0m[34;22m      0.00[0m[34;1m     10.88[0m[34;22m      0.00[0m[34;22m      0.00[0m[34;1m     87.05[0m
09:23:01   [32;22m     all[0m[34;1m      2.63[0m[34;22m      0.00[0m[34;1m      9.47[0m[34;22m      0.00[0m[34;22m      0.00[0m[34;1m     87.89[0m
09:23:02   [32;22m     all[0m[34;1m      1.59[0m[34;22m      0.00[0m[34;1m     10.05[0m[34;22m      0.00[0m[34;22m      0.00[0m[34;1m     88.36[0m
09:23:03   [32;22m     all[0m[34;1m      2.62[0m[34;22m      0.00[0m[34;1m      8.38[0m[34;22m      0.00[0m[34;22m      0.00[0m[34;1m     89.01[0m
09:23:04   [32;22m     all[0m[34;1m      2.60[0m[34;22m      0.00[0m[34;1m      8.85[0m[34;22m      0.00[0m[34;22m      0.00[0m[34;1m     88.54[0m
09:23:05   [32;22m     all[0m[34;1m      2.07[0m[34;22m      0.00[0m[34;1m      9.33[0m[34;22m      0.00[0m[34;22m      0.00[0m[34;1m     88.60[0m
09:23:06   [32;22m     all[0m[34;1m      1.56[0m[34;22m      0.00[0m[34;1m     10.94[0m[34;22m      0.00[0m[34;22m      0.00[0m[34;1m     87.50[0m
09:23:07   [32;22m     all[0m[34;1m      3.16[0m[34;22m      0.00[0m[34;1m     10.00[0m[34;22m      0.00[0m[34;22m      0.00[0m[34;1m     86.84[0m
09:23:08   [32;22m     all[0m[34;1m      3.09[0m[34;22m      0.00[0m[34;1m     11.34[0m[34;22m      0.00[0m[34;22m      0.00[0m[34;1m     85.57[0m
09:23:09   [32;22m     all[0m[34;1m      2.09[0m[34;22m      0.00[0m[34;1m     10.99[0m[34;22m      0.00[0m[34;22m      0.00[0m[34;1m     86.91[0m
09:23:10   [32;22m     all[0m[34;1m      2.11[0m[34;22m      0.00[0m[34;1m     10.00[0m[34;22m      0.00[0m[34;22m      0.00[0m[34;1m     87.89[0m
09:23:11   [32;22m     all[0m[34;1m      2.63[0m[34;22m      0.00[0m[34;1m      8.42[0m[34;22m      0.00[0m[34;22m      0.00[0m[34;1m     88.95[0m
09:23:12   [32;22m     all[0m[34;1m      1.58[0m[34;22m      0.00[0m[34;1m     11.58[0m[34;22m      0.00[0m[34;22m      0.00[0m[34;1m     86.84[0m
09:23:13   [32;22m     all[0m[34;1m      2.60[0m[34;22m      0.00[0m[34;1m     11.46[0m[34;22m      0.00[0m[34;22m      0.00[0m[34;1m     85.94[0m
09:23:14   [32;22m     all[0m[34;1m      2.63[0m[34;22m      0.00[0m[34;1m      9.47[0m[34;22m      0.00[0m[34;22m      0.00[0m[34;1m     87.89[0m
09:23:15   [32;22m     all[0m[34;1m      3.09[0m[34;22m      0.00[0m[34;1m     10.82[0m[34;22m      0.00[0m[34;22m      0.00[0m[34;1m     86.08[0m
09:23:16   [32;22m     all[0m[34;1m      2.12[0m[34;22m      0.00[0m[34;1m     11.11[0m[34;22m      0.00[0m[34;22m      0.00[0m[34;1m     86.77[0m
09:23:17   [32;22m     all[0m[34;1m      2.59[0m[34;22m      0.00[0m[34;1m     11.40[0m[34;22m      0.00[0m[34;22m      0.00[0m[34;1m     86.01[0m
09:23:18   [32;22m     all[0m[34;1m      2.09[0m[34;22m      0.00[0m[34;1m     11.52[0m[34;22m      0.00[0m[34;22m      0.00[0m[34;1m     86.39[0m
09:23:19   [32;22m     all[0m[34;1m      2.59[0m[34;22m      0.00[0m[34;1m     10.36[0m[34;22m      0.00[0m[34;22m      0.00[0m[34;1m     87.05[0m
09:23:20   [32;22m     all[0m[34;1m      2.07[0m[34;22m      0.00[0m[34;1m      9.84[0m[34;22m      0.00[0m[34;22m      0.00[0m[34;1m     88.08[0m
09:23:21   [32;22m     all[0m[34;1m      2.08[0m[34;22m      0.00[0m[34;1m     10.42[0m[34;22m      0.00[0m[34;22m      0.00[0m[34;1m     87.50[0m
09:23:22   [32;22m     all[0m[34;1m      2.06[0m[34;22m      0.00[0m[34;1m     10.31[0m[34;22m      0.00[0m[34;22m      0.00[0m[34;1m     87.63[0m
09:23:23   [32;22m     all[0m[34;1m      2.62[0m[34;22m      0.00[0m[34;1m     10.47[0m[34;22m      0.00[0m[34;22m      0.00[0m[34;1m     86.91[0m
09:23:24   [32;22m     all[0m[34;1m      2.08[0m[34;22m      0.00[0m[34;1m      8.33[0m[34;22m      0.00[0m[34;22m      0.00[0m[34;1m     89.58[0m
09:23:25   [32;22m     all[0m[34;1m      2.60[0m[34;22m      0.00[0m[34;1m     11.46[0m[34;22m      0.00[0m[34;22m      0.00[0m[34;1m     85.94[0m
09:23:26   [32;22m     all[0m[34;1m      2.63[0m[34;22m      0.00[0m[34;1m     11.05[0m[34;22m      0.00[0m[34;22m      0.00[0m[34;1m     86.32[0m
09:23:27   [32;22m     all[0m[34;1m      3.11[0m[34;22m      0.00[0m[34;1m     10.36[0m[34;22m      0.00[0m[34;22m      0.00[0m[34;1m     86.53[0m
09:23:28   [32;22m     all[0m[34;1m      2.62[0m[34;22m      0.00[0m[34;1m     10.47[0m[34;22m      0.00[0m[34;22m      0.00[0m[34;1m     86.91[0m
09:23:29   [32;22m     all[0m[34;1m      4.17[0m[34;22m      0.00[0m[34;1m     10.42[0m[34;22m      0.00[0m[34;22m      0.00[0m[34;1m     85.42[0m
09:23:30   [32;22m     all[0m[34;1m      2.09[0m[34;22m      0.00[0m[34;1m     10.47[0m[34;22m      0.00[0m[34;22m      0.00[0m[34;1m     87.43[0m
09:23:31   [32;22m     all[0m[34;1m      1.58[0m[34;22m      0.00[0m[34;1m      7.89[0m[34;22m      0.00[0m[34;22m      0.00[0m[34;1m     90.53[0m
09:23:32   [32;22m     all[0m[34;1m      3.11[0m[34;22m      0.00[0m[34;1m     12.44[0m[34;22m      0.00[0m[34;22m      0.00[0m[34;1m     84.46[0m
09:23:33   [32;22m     all[0m[34;1m      3.14[0m[34;22m      0.00[0m[34;1m     11.52[0m[34;22m      0.00[0m[34;22m      0.00[0m[34;1m     85.34[0m
09:23:34   [32;22m     all[0m[34;1m      2.13[0m[34;22m      0.00[0m[34;1m      9.04[0m[34;22m      0.00[0m[34;22m      0.00[0m[34;1m     88.83[0m
09:23:35   [32;22m     all[0m[34;1m      1.57[0m[34;22m      0.00[0m[34;1m      7.85[0m[34;22m      0.00[0m[34;22m      0.00[0m[34;1m     90.58[0m
09:23:36   [32;22m     all[0m[34;1m      2.63[0m[34;22m      0.00[0m[34;1m     10.00[0m[34;22m      0.00[0m[34;22m      0.00[0m[34;1m     87.37[0m
09:23:37   [32;22m     all[0m[34;1m      3.61[0m[34;22m      0.00[0m[34;1m     11.34[0m[34;22m      0.00[0m[34;22m      0.00[0m[34;1m     85.05[0m
09:23:38   [32;22m     all[0m[34;1m      2.55[0m[34;22m      0.00[0m[34;1m     11.22[0m[34;22m      0.00[0m[34;22m      0.00[0m[34;1m     86.22[0m
09:23:39   [32;22m     all[0m[34;1m      2.09[0m[34;22m      0.00[0m[34;1m      9.95[0m[34;22m      0.00[0m[34;22m      0.00[0m[34;1m     87.96[0m
09:23:40   [32;22m     all[0m[34;1m      2.62[0m[34;22m      0.00[0m[34;1m     11.52[0m[34;22m      0.00[0m[34;22m      0.00[0m[34;1m     85.86[0m
09:23:41   [32;22m     all[0m[34;1m      2.09[0m[34;22m      0.00[0m[34;1m     10.47[0m[34;22m      0.00[0m[34;22m      0.00[0m[34;1m     87.43[0m
09:23:42   [32;22m     all[0m[34;1m      3.11[0m[34;22m      0.00[0m[34;1m     10.36[0m[34;22m      0.00[0m[34;22m      0.00[0m[34;1m     86.53[0m
09:23:43   [32;22m     all[0m[34;1m      1.60[0m[34;22m      0.00[0m[34;1m     10.70[0m[34;22m      0.00[0m[34;22m      0.00[0m[34;1m     87.70[0m
09:23:44   [32;22m     all[0m[34;1m      2.54[0m[34;22m      0.00[0m[34;1m     11.17[0m[34;22m      0.00[0m[34;22m      0.00[0m[34;1m     86.29[0m
09:23:45   [32;22m     all[0m[34;1m      2.60[0m[34;22m      0.00[0m[34;1m      8.85[0m[34;22m      0.00[0m[34;22m      0.00[0m[34;1m     88.54[0m
09:23:46   [32;22m     all[0m[34;1m      2.08[0m[34;22m      0.00[0m[34;1m     12.50[0m[34;22m      0.00[0m[34;22m      0.00[0m[34;1m     85.42[0m
09:23:47   [32;22m     all[0m[34;1m      3.11[0m[34;22m      0.00[0m[34;1m     10.88[0m[34;22m      0.00[0m[34;22m      0.00[0m[34;1m     86.01[0m
09:23:48   [32;22m     all[0m[34;1m      1.58[0m[34;22m      0.00[0m[34;1m     10.00[0m[34;22m      0.00[0m[34;22m      0.00[0m[34;1m     88.42[0m
09:23:49   [32;22m     all[0m[34;1m      2.66[0m[34;22m      0.00[0m[34;1m     11.70[0m[34;22m      0.00[0m[34;22m      0.00[0m[34;1m     85.64[0m
09:23:50   [32;22m     all[0m[34;1m      2.58[0m[34;22m      0.00[0m[34;1m     10.31[0m[34;22m      0.00[0m[34;22m      0.00[0m[34;1m     87.11[0m
09:23:51   [32;22m     all[0m[34;1m      2.04[0m[34;22m      0.00[0m[34;1m      9.69[0m[34;22m      0.00[0m[34;22m      0.00[0m[34;1m     88.27[0m
09:23:52   [32;22m     all[0m[34;1m      3.65[0m[34;22m      0.00[0m[34;1m     10.94[0m[34;22m      0.00[0m[34;22m      0.00[0m[34;1m     85.42[0m
09:23:53   [32;22m     all[0m[34;1m      2.11[0m[34;22m      0.00[0m[34;1m     10.00[0m[34;22m      0.00[0m[34;22m      0.00[0m[34;1m     87.89[0m
09:23:54   [32;22m     all[0m[34;1m      3.12[0m[34;22m      0.00[0m[34;1m      9.90[0m[34;22m      0.00[0m[34;22m      0.00[0m[34;1m     86.98[0m
09:23:55   [32;22m     all[0m[34;1m      2.11[0m[34;22m      0.00[0m[34;1m     10.53[0m[34;22m      0.00[0m[34;22m      0.00[0m[34;1m     87.37[0m
09:23:56   [32;22m     all[0m[34;1m      2.11[0m[34;22m      0.00[0m[34;1m     11.58[0m[34;22m      0.00[0m[34;22m      0.00[0m[34;1m     86.32[0m
09:23:57   [32;22m     all[0m[34;1m      4.26[0m[34;22m      0.00[0m[34;1m     11.70[0m[34;22m      0.00[0m[34;22m      0.00[0m[34;1m     84.04[0m
09:23:58   [32;22m     all[0m[34;1m      1.58[0m[34;22m      0.00[0m[34;1m      9.47[0m[34;22m      0.00[0m[34;22m      0.00[0m[34;1m     88.95[0m
09:23:59   [32;22m     all[0m[34;1m      3.61[0m[34;22m      0.00[0m[34;1m      9.79[0m[34;22m      0.00[0m[34;22m      0.00[0m[34;1m     86.60[0m
09:24:00   [32;22m     all[0m[34;1m      3.14[0m[34;22m      0.00[0m[34;1m     10.99[0m[34;1m      0.52[0m[34;22m      0.00[0m[34;1m     85.34[0m
09:24:01   [32;22m     all[0m[34;1m      2.07[0m[34;22m      0.00[0m[34;1m     11.40[0m[34;22m      0.00[0m[34;22m      0.00[0m[34;1m     86.53[0m
09:24:02   [32;22m     all[0m[34;1m      1.55[0m[34;22m      0.00[0m[34;1m     12.44[0m[34;22m      0.00[0m[34;22m      0.00[0m[34;1m     86.01[0m
09:24:03   [32;22m     all[0m[34;1m      3.08[0m[34;22m      0.00[0m[34;1m      9.23[0m[34;22m      0.00[0m[34;22m      0.00[0m[34;1m     87.69[0m
09:24:04   [32;22m     all[0m[34;1m      2.09[0m[34;22m      0.00[0m[34;1m      9.95[0m[34;22m      0.00[0m[34;22m      0.00[0m[34;1m     87.96[0m
09:24:05   [32;22m     all[0m[34;1m      0.51[0m[34;22m      0.00[0m[34;1m      1.54[0m[34;22m      0.00[0m[34;22m      0.00[0m[34;1m     97.95[0m
