Linux 6.6.95 (ssp-study) 	04/21/26 	_x86_64_	(2 CPU)

10:33:01    kbmemfree   kbavail kbmemused  %memused kbbuffers  kbcached  kbcommit   %commit  kbactive   kbinact   kbdirty
10:33:02   [34;1m    193964[0m[34;1m   1190628[0m[34;1m    680580[0m[34;1m     22.42[0m[34;1m     47440[0m[34;1m   2036772[0m[34;1m   3359984[0m[31;1m    110.67[0m[34;1m    930464[0m[34;1m   1779328[0m[34;1m       304[0m
10:33:03   [34;1m    192492[0m[34;1m   1189500[0m[34;1m    681596[0m[34;1m     22.45[0m[34;1m     47448[0m[34;1m   2037108[0m[34;1m   3364336[0m[31;1m    110.82[0m[34;1m    930464[0m[34;1m   1782760[0m[34;1m       348[0m
10:33:04   [34;1m    189748[0m[34;1m   1186932[0m[34;1m    683940[0m[34;1m     22.53[0m[34;1m     47456[0m[34;1m   2037220[0m[34;1m   3372784[0m[31;1m    111.09[0m[34;1m    930472[0m[34;1m   1785396[0m[34;1m       380[0m
10:33:05   [34;1m    186976[0m[34;1m   1184192[0m[34;1m    686536[0m[34;1m     22.61[0m[34;1m     47456[0m[34;1m   2037256[0m[34;1m   3376880[0m[31;1m    111.23[0m[34;1m    930480[0m[34;1m   1788352[0m[34;1m       404[0m
10:33:06   [34;1m    185716[0m[34;1m   1183064[0m[34;1m    687396[0m[34;1m     22.64[0m[34;1m     47472[0m[34;1m   2037428[0m[34;1m   3372272[0m[31;1m    111.08[0m[34;1m    930480[0m[34;1m   1789280[0m[34;1m       492[0m
10:33:07   [34;1m    182468[0m[34;1m   1179956[0m[34;1m    690420[0m[34;1m     22.74[0m[34;1m     47496[0m[34;1m   2037448[0m[34;1m   3380720[0m[31;1m    111.35[0m[34;1m    930500[0m[34;1m   1792320[0m[34;1m       596[0m
10:33:08   [34;1m    180716[0m[34;1m   1178400[0m[34;1m    691832[0m[34;1m     22.79[0m[34;1m     47500[0m[34;1m   2037604[0m[34;1m   3380976[0m[31;1m    111.36[0m[34;1m    930524[0m[34;1m   1793956[0m[34;1m       728[0m
10:33:09   [34;1m    178728[0m[34;1m   1176508[0m[34;1m    693520[0m[34;1m     22.84[0m[34;1m     47500[0m[34;1m   2037696[0m[34;1m   3385072[0m[31;1m    111.50[0m[34;1m    930524[0m[34;1m   1795608[0m[34;1m       216[0m
10:33:10   [34;1m    173940[0m[34;1m   1171992[0m[34;1m    697796[0m[34;1m     22.98[0m[34;1m     47500[0m[34;1m   2037908[0m[34;1m   3385072[0m[31;1m    111.50[0m[34;1m    930528[0m[34;1m   1797908[0m[34;1m       432[0m
10:33:11   [34;1m    169688[0m[34;1m   1167856[0m[34;1m    701772[0m[34;1m     23.12[0m[34;1m     47500[0m[34;1m   2038024[0m[34;1m   3389232[0m[31;1m    111.64[0m[34;1m    930524[0m[34;1m   1802756[0m[34;1m       548[0m
10:33:12   [34;1m    167980[0m[34;1m   1166464[0m[34;1m    702976[0m[34;1m     23.15[0m[34;1m     47500[0m[34;1m   2038304[0m[34;1m   3389296[0m[31;1m    111.64[0m[34;1m    930524[0m[34;1m   1805684[0m[34;1m       828[0m
10:33:13   [34;1m    165796[0m[34;1m   1164452[0m[34;1m    704776[0m[34;1m     23.21[0m[34;1m     47504[0m[34;1m   2038480[0m[34;1m   3393456[0m[31;1m    111.77[0m[34;1m    930524[0m[34;1m   1807128[0m[34;1m      1008[0m
10:33:14   [34;1m    161316[0m[34;1m   1160272[0m[34;1m    708660[0m[34;1m     23.34[0m[34;1m     47504[0m[34;1m   2038696[0m[34;1m   3393456[0m[31;1m    111.77[0m[34;1m    930528[0m[34;1m   1811256[0m[34;1m      1204[0m
10:33:15   [34;1m    159372[0m[34;1m   1158524[0m[34;1m    710324[0m[34;1m     23.40[0m[34;1m     47504[0m[34;1m   2038892[0m[34;1m   3397808[0m[31;1m    111.92[0m[34;1m    930528[0m[34;1m   1811996[0m[34;1m      1404[0m
10:33:16   [34;1m    156124[0m[34;1m   1155544[0m[34;1m    712908[0m[34;1m     23.48[0m[34;1m     47508[0m[34;1m   2039208[0m[34;1m   3398064[0m[31;1m    111.93[0m[34;1m    930532[0m[34;1m   1814844[0m[34;1m      1728[0m
10:33:17   [34;1m    154612[0m[34;1m   1154312[0m[34;1m    714112[0m[34;1m     23.52[0m[34;1m     47508[0m[34;1m   2039384[0m[34;1m   3398064[0m[31;1m    111.93[0m[34;1m    930532[0m[34;1m   1815896[0m[34;1m      1904[0m
10:33:18   [34;1m    151420[0m[34;1m   1151440[0m[34;1m    716656[0m[34;1m     23.61[0m[34;1m     47508[0m[34;1m   2039660[0m[34;1m   3402160[0m[31;1m    112.06[0m[34;1m    930532[0m[34;1m   1818860[0m[34;1m      2180[0m
10:33:19   [34;1m    147448[0m[34;1m   1147844[0m[34;1m    720072[0m[34;1m     23.72[0m[34;1m     47508[0m[34;1m   2039984[0m[34;1m   3406256[0m[31;1m    112.20[0m[34;1m    930532[0m[34;1m   1822364[0m[34;1m      2504[0m
10:33:20   [34;1m    143724[0m[34;1m   1144408[0m[34;1m    723248[0m[34;1m     23.82[0m[34;1m     47512[0m[34;1m   2040248[0m[34;1m   3406320[0m[31;1m    112.20[0m[34;1m    930532[0m[34;1m   1825072[0m[34;1m      2772[0m
10:33:21   [34;1m    142328[0m[34;1m   1143396[0m[34;1m    724032[0m[34;1m     23.85[0m[34;1m     47524[0m[34;1m   2040604[0m[34;1m   3414576[0m[31;1m    112.47[0m[34;1m    930544[0m[34;1m   1825652[0m[34;1m      3120[0m
10:33:22   [34;1m    136184[0m[34;1m   1137556[0m[34;1m    729484[0m[34;1m     24.03[0m[34;1m     47552[0m[34;1m   2040924[0m[34;1m   3418736[0m[31;1m    112.61[0m[34;1m    930576[0m[34;1m   1828880[0m[34;1m      3420[0m
10:33:23   [34;1m    126988[0m[34;1m   1128884[0m[34;1m    738156[0m[34;1m     24.31[0m[34;1m     47552[0m[34;1m   2041352[0m[34;1m   3427696[0m[31;1m    112.90[0m[34;1m    930576[0m[34;1m   1837252[0m[34;1m      3844[0m
10:33:24   [34;1m    123556[0m[34;1m   1126036[0m[34;1m    740436[0m[34;1m     24.39[0m[34;1m     47552[0m[34;1m   2041620[0m[34;1m   3431792[0m[31;1m    113.04[0m[34;1m    930576[0m[34;1m   1839556[0m[34;1m      4092[0m
10:33:25   [34;1m    119504[0m[34;1m   1122372[0m[34;1m    743860[0m[34;1m     24.50[0m[34;1m     47552[0m[34;1m   2041940[0m[34;1m   3431792[0m[31;1m    113.04[0m[34;1m    930576[0m[34;1m   1841244[0m[34;1m      4412[0m
10:33:26   [34;1m    112100[0m[34;1m   1115312[0m[34;1m    750592[0m[34;1m     24.72[0m[34;1m     47552[0m[34;1m   2042380[0m[34;1m   3436144[0m[31;1m    113.18[0m[34;1m    930576[0m[34;1m   1846368[0m[34;1m      4852[0m
10:33:27   [34;1m    110436[0m[34;1m   1114172[0m[34;1m    751624[0m[34;1m     24.76[0m[34;1m     47556[0m[34;1m   2042764[0m[34;1m   3431536[0m[31;1m    113.03[0m[34;1m    930580[0m[34;1m   1845608[0m[34;1m      5244[0m
10:33:28   [34;1m    107140[0m[34;1m   1111336[0m[34;1m    754200[0m[34;1m     24.84[0m[34;1m     47564[0m[34;1m   2043156[0m[34;1m   3435632[0m[31;1m    113.16[0m[34;1m    930588[0m[34;1m   1847744[0m[34;1m      5632[0m
10:33:29   [34;1m    101200[0m[34;1m   1105844[0m[34;1m    759508[0m[34;1m     25.02[0m[34;1m     47564[0m[34;1m   2043560[0m[34;1m   3435632[0m[31;1m    113.16[0m[34;1m    930588[0m[34;1m   1850644[0m[34;1m      6036[0m
10:33:30   [34;1m    108992[0m[34;1m   1102596[0m[34;1m    762404[0m[34;1m     25.11[0m[34;1m     47364[0m[34;1m   2032736[0m[34;1m   3439796[0m[31;1m    113.30[0m[34;1m    927460[0m[34;1m   1847184[0m[34;1m      6384[0m
10:33:31   [34;1m    103612[0m[34;1m   1097720[0m[34;1m    767212[0m[34;1m     25.27[0m[34;1m     47364[0m[34;1m   2033148[0m[34;1m   3443892[0m[31;1m    113.44[0m[34;1m    927484[0m[34;1m   1850464[0m[34;1m      6772[0m
10:33:32   [34;1m    110728[0m[34;1m   1094124[0m[34;1m    770648[0m[34;1m     25.38[0m[34;1m     47144[0m[34;1m   2022656[0m[34;1m   3448244[0m[31;1m    113.58[0m[34;1m    923456[0m[34;1m   1846044[0m[34;1m      7232[0m
10:33:33   [34;1m    105048[0m[34;1m   1089168[0m[34;1m    775524[0m[34;1m     25.54[0m[34;1m     47148[0m[34;1m   2023464[0m[34;1m   3448244[0m[31;1m    113.58[0m[34;1m    923692[0m[34;1m   1849976[0m[34;1m      7772[0m
10:33:34   [34;1m    123012[0m[34;1m   1107276[0m[34;1m    757556[0m[34;1m     24.95[0m[34;1m     47148[0m[34;1m   2023412[0m[34;1m   3452404[0m[31;1m    113.72[0m[34;1m    923524[0m[34;1m   1853748[0m[34;1m      8016[0m
10:33:35   [34;1m    120260[0m[34;1m   1105036[0m[34;1m    759760[0m[34;1m     25.03[0m[34;1m     47148[0m[34;1m   2024008[0m[34;1m   3452468[0m[31;1m    113.72[0m[34;1m    923568[0m[34;1m   1854136[0m[34;1m      8448[0m
10:33:36   [34;1m    117748[0m[34;1m   1102964[0m[34;1m    761736[0m[34;1m     25.09[0m[34;1m     47164[0m[34;1m   2024488[0m[34;1m   3452532[0m[31;1m    113.72[0m[34;1m    923636[0m[34;1m   1852224[0m[34;1m      8864[0m
10:33:37   [34;1m    115484[0m[34;1m   1101172[0m[34;1m    763432[0m[34;1m     25.15[0m[34;1m     47168[0m[34;1m   2025016[0m[34;1m   3452532[0m[31;1m    113.72[0m[34;1m    923684[0m[34;1m   1847836[0m[34;1m      9376[0m
10:33:38   [34;1m    113192[0m[34;1m   1099300[0m[34;1m    765420[0m[34;1m     25.21[0m[34;1m     47168[0m[34;1m   2025344[0m[34;1m   3452532[0m[31;1m    113.72[0m[34;1m    923680[0m[34;1m   1848668[0m[34;1m      9696[0m
10:33:39   [34;1m    111352[0m[34;1m   1097920[0m[34;1m    766772[0m[34;1m     25.26[0m[34;1m     47168[0m[34;1m   2025856[0m[34;1m   3452532[0m[31;1m    113.72[0m[34;1m    923680[0m[34;1m   1849644[0m[34;1m     10204[0m
10:33:40   [34;1m    111412[0m[34;1m   1098368[0m[34;1m    766428[0m[34;1m     25.24[0m[34;1m     47168[0m[34;1m   2026236[0m[34;1m   3452532[0m[31;1m    113.72[0m[34;1m    923688[0m[34;1m   1848964[0m[34;1m       344[0m
10:33:41   [34;1m    108196[0m[34;1m   1095828[0m[34;1m    768532[0m[34;1m     25.31[0m[34;1m     47168[0m[34;1m   2026800[0m[34;1m   3452532[0m[31;1m    113.72[0m[34;1m    923688[0m[34;1m   1849848[0m[34;1m       908[0m
10:33:42   [34;1m    106548[0m[34;1m   1094584[0m[34;1m    769908[0m[34;1m     25.36[0m[34;1m     47168[0m[34;1m   2027120[0m[34;1m   3452532[0m[31;1m    113.72[0m[34;1m    923688[0m[34;1m   1849972[0m[34;1m      1228[0m
10:33:43   [34;1m    103992[0m[34;1m   1092532[0m[34;1m    771908[0m[34;1m     25.43[0m[34;1m     47168[0m[34;1m   2027596[0m[34;1m   3457396[0m[31;1m    113.88[0m[34;1m    923688[0m[34;1m   1848508[0m[34;1m      1704[0m
10:33:44   [34;1m    103704[0m[34;1m   1092052[0m[34;1m    772360[0m[34;1m     25.44[0m[34;1m     47176[0m[34;1m   2027476[0m[34;1m   3457396[0m[31;1m    113.88[0m[34;1m    923416[0m[34;1m   1849820[0m[34;1m      2100[0m
10:33:45   [34;1m    137136[0m[34;1m   1115368[0m[34;1m    749116[0m[34;1m     24.67[0m[34;1m     47008[0m[34;1m   2017616[0m[34;1m   3457396[0m[31;1m    113.88[0m[34;1m    924520[0m[34;1m   1838880[0m[34;1m      2564[0m
10:33:46   [34;1m    134680[0m[34;1m   1113572[0m[34;1m    751052[0m[34;1m     24.74[0m[34;1m     47008[0m[34;1m   2018240[0m[34;1m   3457396[0m[31;1m    113.88[0m[34;1m    924840[0m[34;1m   1839320[0m[34;1m      3068[0m
10:33:47   [34;1m    132176[0m[34;1m   1111444[0m[34;1m    753092[0m[34;1m     24.81[0m[34;1m     47008[0m[34;1m   2018680[0m[34;1m   3460980[0m[31;1m    114.00[0m[34;1m    924836[0m[34;1m   1838236[0m[34;1m      3512[0m
10:33:48   [34;1m    130776[0m[34;1m   1110444[0m[34;1m    754256[0m[34;1m     24.84[0m[34;1m     47008[0m[34;1m   2018996[0m[34;1m   3460980[0m[31;1m    114.00[0m[34;1m    924844[0m[34;1m   1840052[0m[34;1m      3824[0m
10:33:49   [34;1m    127956[0m[34;1m   1108204[0m[34;1m    756404[0m[34;1m     24.91[0m[34;1m     47012[0m[34;1m   2019604[0m[34;1m   3460980[0m[31;1m    114.00[0m[34;1m    924848[0m[34;1m   1840952[0m[34;1m      4452[0m
10:33:50   [34;1m    125360[0m[34;1m   1106056[0m[34;1m    758480[0m[34;1m     24.98[0m[34;1m     47012[0m[34;1m   2020120[0m[34;1m   3460980[0m[31;1m    114.00[0m[34;1m    924948[0m[34;1m   1841516[0m[34;1m      4868[0m
10:33:51   [34;1m    123936[0m[34;1m   1105092[0m[34;1m    759540[0m[34;1m     25.02[0m[34;1m     47020[0m[34;1m   2020476[0m[34;1m   3460980[0m[31;1m    114.00[0m[34;1m    924984[0m[34;1m   1840924[0m[34;1m      5200[0m
10:33:52   [34;1m    121044[0m[34;1m   1102700[0m[34;1m    761732[0m[34;1m     25.09[0m[34;1m     47044[0m[34;1m   2020920[0m[34;1m   3460980[0m[31;1m    114.00[0m[34;1m    925020[0m[34;1m   1838832[0m[34;1m      5628[0m
10:33:53   [34;1m    118584[0m[34;1m   1100596[0m[34;1m    763984[0m[34;1m     25.16[0m[34;1m     47052[0m[34;1m   2021252[0m[34;1m   3460980[0m[31;1m    114.00[0m[34;1m    925024[0m[34;1m   1842828[0m[34;1m      5944[0m
10:33:54   [34;1m    115300[0m[34;1m   1097800[0m[34;1m    766744[0m[34;1m     25.26[0m[34;1m     47052[0m[34;1m   2021716[0m[34;1m   3460980[0m[31;1m    114.00[0m[34;1m    925024[0m[34;1m   1843996[0m[34;1m      6408[0m
10:33:55   [34;1m    111888[0m[34;1m   1094840[0m[34;1m    769588[0m[34;1m     25.35[0m[34;1m     47060[0m[34;1m   2022088[0m[34;1m   3460980[0m[31;1m    114.00[0m[34;1m    925032[0m[34;1m   1847392[0m[34;1m      6768[0m
10:33:56   [34;1m    107000[0m[34;1m   1090444[0m[34;1m    774112[0m[34;1m     25.50[0m[34;1m     47060[0m[34;1m   2022544[0m[34;1m   3465076[0m[31;1m    114.13[0m[34;1m    925032[0m[34;1m   1850120[0m[34;1m      7224[0m
10:33:57   [34;1m    101976[0m[34;1m   1085896[0m[34;1m    778572[0m[34;1m     25.64[0m[34;1m     47060[0m[34;1m   2022996[0m[34;1m   3465076[0m[31;1m    114.13[0m[34;1m    925044[0m[34;1m   1851208[0m[34;1m      7676[0m
10:33:58   [34;1m    106832[0m[34;1m   1088024[0m[34;1m    776644[0m[34;1m     25.58[0m[34;1m     47032[0m[34;1m   2020720[0m[34;1m   3465076[0m[31;1m    114.13[0m[34;1m    923732[0m[34;1m   1847384[0m[34;1m      8072[0m
10:33:59   [34;1m    103876[0m[34;1m   1085604[0m[34;1m    779144[0m[34;1m     25.66[0m[34;1m     47036[0m[34;1m   2021192[0m[34;1m   3465076[0m[31;1m    114.13[0m[34;1m    923776[0m[34;1m   1843372[0m[34;1m      8548[0m
10:34:00   [34;1m    100752[0m[34;1m   1082972[0m[34;1m    781832[0m[34;1m     25.75[0m[34;1m     47036[0m[34;1m   2021604[0m[34;1m   3465076[0m[31;1m    114.13[0m[34;1m    923776[0m[34;1m   1843728[0m[34;1m      8960[0m
10:34:01   [34;1m    125760[0m[34;1m   1108416[0m[34;1m    756204[0m[34;1m     24.91[0m[34;1m     47036[0m[34;1m   2022128[0m[34;1m   3465076[0m[31;1m    114.13[0m[34;1m    923804[0m[34;1m   1843852[0m[34;1m      9424[0m
10:34:02   [34;1m    122748[0m[34;1m   1105840[0m[34;1m    758892[0m[34;1m     25.00[0m[34;1m     47036[0m[34;1m   2022528[0m[34;1m   3465076[0m[31;1m    114.13[0m[34;1m    923836[0m[34;1m   1844208[0m[34;1m      9824[0m
10:34:03   [34;1m    119568[0m[34;1m   1103380[0m[34;1m    761048[0m[34;1m     25.07[0m[34;1m     47036[0m[34;1m   2023032[0m[34;1m   3469684[0m[31;1m    114.29[0m[34;1m    923840[0m[34;1m   1847000[0m[34;1m     10332[0m
10:34:04   [34;1m    115264[0m[34;1m   1099516[0m[34;1m    764796[0m[34;1m     25.19[0m[34;1m     47040[0m[34;1m   2023396[0m[34;1m   3469684[0m[31;1m    114.29[0m[34;1m    923860[0m[34;1m   1851520[0m[34;1m     10676[0m
10:34:05   [34;1m    113812[0m[34;1m   1098492[0m[34;1m    765916[0m[34;1m     25.23[0m[34;1m     47044[0m[34;1m   2023768[0m[34;1m   3469684[0m[31;1m    114.29[0m[34;1m    923864[0m[34;1m   1852476[0m[34;1m     11048[0m
10:34:06   [34;1m    112888[0m[34;1m   1097908[0m[34;1m    766520[0m[34;1m     25.25[0m[34;1m     47052[0m[34;1m   2024148[0m[34;1m   3465076[0m[31;1m    114.13[0m[34;1m    923864[0m[34;1m   1852256[0m[34;1m     11432[0m
10:34:07   [34;1m    110236[0m[34;1m   1095680[0m[34;1m    768660[0m[34;1m     25.32[0m[34;1m     47080[0m[34;1m   2024560[0m[34;1m   3465076[0m[31;1m    114.13[0m[34;1m    923900[0m[34;1m   1853028[0m[34;1m     11812[0m
10:34:08   [34;1m    104096[0m[34;1m   1089788[0m[34;1m    774616[0m[34;1m     25.51[0m[34;1m     47080[0m[34;1m   2024896[0m[34;1m   3465076[0m[31;1m    114.13[0m[34;1m    923900[0m[34;1m   1854444[0m[34;1m     12148[0m
10:34:09   [34;1m    118144[0m[34;1m   1103452[0m[34;1m    760868[0m[34;1m     25.06[0m[34;1m     47080[0m[34;1m   2024556[0m[34;1m   3469172[0m[31;1m    114.27[0m[34;1m    923448[0m[34;1m   1857320[0m[34;1m     12628[0m
10:34:10   [34;1m    111128[0m[34;1m   1097020[0m[34;1m    767348[0m[34;1m     25.28[0m[34;1m     47080[0m[34;1m   2025032[0m[34;1m   3469172[0m[31;1m    114.27[0m[34;1m    923544[0m[34;1m   1857888[0m[34;1m        16[0m
10:34:11   [34;1m    108068[0m[34;1m   1094436[0m[34;1m    769956[0m[34;1m     25.36[0m[34;1m     47092[0m[34;1m   2025492[0m[34;1m   3469172[0m[31;1m    114.27[0m[34;1m    923552[0m[34;1m   1858068[0m[34;1m       532[0m
10:34:12   [34;1m    106448[0m[34;1m   1093324[0m[34;1m    770976[0m[34;1m     25.39[0m[34;1m     47092[0m[34;1m   2026044[0m[34;1m   3469172[0m[31;1m    114.27[0m[34;1m    923752[0m[34;1m   1850452[0m[34;1m       888[0m
10:34:13   [34;1m    105752[0m[34;1m   1092888[0m[34;1m    771508[0m[34;1m     25.41[0m[34;1m     47092[0m[34;1m   2026368[0m[34;1m   3469172[0m[31;1m    114.27[0m[34;1m    923748[0m[34;1m   1850656[0m[34;1m      1212[0m
10:34:14   [34;1m    104344[0m[34;1m   1092004[0m[34;1m    772464[0m[34;1m     25.44[0m[34;1m     47092[0m[34;1m   2026704[0m[34;1m   3469172[0m[31;1m    114.27[0m[34;1m    923748[0m[34;1m   1851500[0m[34;1m      1548[0m
10:34:15   [34;1m    101080[0m[34;1m   1089080[0m[34;1m    775196[0m[34;1m     25.53[0m[34;1m     47092[0m[34;1m   2027116[0m[34;1m   3469172[0m[31;1m    114.27[0m[34;1m    923748[0m[34;1m   1857992[0m[34;1m      1960[0m
10:34:16   [34;1m    113192[0m[34;1m   1090328[0m[34;1m    773944[0m[34;1m     25.49[0m[34;1m     46988[0m[34;1m   2016692[0m[34;1m   3469172[0m[31;1m    114.27[0m[34;1m    919880[0m[34;1m   1851600[0m[34;1m      2340[0m
10:34:17   [34;1m    103336[0m[34;1m   1081264[0m[34;1m    783300[0m[34;1m     25.80[0m[34;1m     46992[0m[34;1m   2017308[0m[34;1m   3469172[0m[31;1m    114.27[0m[34;1m    920228[0m[34;1m   1855288[0m[34;1m      2788[0m
10:34:18   [34;1m    101944[0m[34;1m   1080356[0m[34;1m    784196[0m[34;1m     25.83[0m[34;1m     46992[0m[34;1m   2017860[0m[34;1m   3469172[0m[31;1m    114.27[0m[34;1m    920344[0m[34;1m   1855568[0m[34;1m      3224[0m
10:34:19   [34;1m    100080[0m[34;1m   1079012[0m[34;1m    785716[0m[34;1m     25.88[0m[34;1m     46992[0m[34;1m   2018220[0m[34;1m   3469172[0m[31;1m    114.27[0m[34;1m    920500[0m[34;1m   1855848[0m[34;1m      3428[0m
10:34:20   [34;1m    127572[0m[34;1m   1101020[0m[34;1m    763608[0m[34;1m     25.15[0m[34;1m     46948[0m[34;1m   2012908[0m[34;1m   3469172[0m[31;1m    114.27[0m[34;1m    918672[0m[34;1m   1844924[0m[34;1m      3916[0m
10:34:21   [34;1m    126320[0m[34;1m   1100284[0m[34;1m    764364[0m[34;1m     25.18[0m[34;1m     46952[0m[34;1m   2013296[0m[34;1m   3469172[0m[31;1m    114.27[0m[34;1m    918688[0m[34;1m   1845356[0m[34;1m      4396[0m
10:34:22   [34;1m    124648[0m[34;1m   1099120[0m[34;1m    765088[0m[34;1m     25.20[0m[34;1m     46960[0m[34;1m   2013856[0m[34;1m   3469172[0m[31;1m    114.27[0m[34;1m    918800[0m[34;1m   1846164[0m[34;1m      4632[0m
10:34:23   [34;1m    122064[0m[34;1m   1097060[0m[34;1m    767420[0m[34;1m     25.28[0m[34;1m     46960[0m[34;1m   2014148[0m[34;1m   3473780[0m[31;1m    114.42[0m[34;1m    918796[0m[34;1m   1849992[0m[34;1m      5020[0m
10:34:24   [34;1m    117184[0m[34;1m   1092648[0m[34;1m    771668[0m[34;1m     25.42[0m[34;1m     46960[0m[34;1m   2014728[0m[34;1m   3473780[0m[31;1m    114.42[0m[34;1m    918828[0m[34;1m   1850768[0m[34;1m      5564[0m
10:34:25   [34;1m    115232[0m[34;1m   1091064[0m[34;1m    773332[0m[34;1m     25.47[0m[34;1m     46960[0m[34;1m   2015060[0m[34;1m   3473780[0m[31;1m    114.42[0m[34;1m    918828[0m[34;1m   1853492[0m[34;1m      5896[0m
10:34:26   [34;1m    111084[0m[34;1m   1087320[0m[34;1m    777220[0m[34;1m     25.60[0m[34;1m     46960[0m[34;1m   2015392[0m[34;1m   3473780[0m[31;1m    114.42[0m[34;1m    918828[0m[34;1m   1852296[0m[34;1m      6228[0m
10:34:27   [34;1m    106200[0m[34;1m   1082928[0m[34;1m    781412[0m[34;1m     25.74[0m[34;1m     46964[0m[34;1m   2015932[0m[34;1m   3469172[0m[31;1m    114.27[0m[34;1m    918832[0m[34;1m   1851288[0m[34;1m      6768[0m
10:34:28   [34;1m    104240[0m[34;1m   1081296[0m[34;1m    783036[0m[34;1m     25.79[0m[34;1m     46964[0m[34;1m   2016304[0m[34;1m   3469172[0m[31;1m    114.27[0m[34;1m    918832[0m[34;1m   1850500[0m[34;1m      7140[0m
10:34:29   [34;1m    100956[0m[34;1m   1078408[0m[34;1m    785940[0m[34;1m     25.89[0m[34;1m     46968[0m[34;1m   2016656[0m[34;1m   3469172[0m[31;1m    114.27[0m[34;1m    918836[0m[34;1m   1850692[0m[34;1m      7488[0m
10:34:30   [34;1m    129364[0m[34;1m   1105092[0m[34;1m    759240[0m[34;1m     25.01[0m[34;1m     46964[0m[34;1m   2015248[0m[34;1m   3469172[0m[31;1m    114.27[0m[34;1m    917884[0m[34;1m   1850816[0m[34;1m       176[0m
10:34:31   [34;1m    125128[0m[34;1m   1101412[0m[34;1m    763036[0m[34;1m     25.13[0m[34;1m     46964[0m[34;1m   2015688[0m[34;1m   3469172[0m[31;1m    114.27[0m[34;1m    917944[0m[34;1m   1852112[0m[34;1m       704[0m
10:34:32   [34;1m    122976[0m[34;1m   1099596[0m[34;1m    764928[0m[34;1m     25.20[0m[34;1m     46964[0m[34;1m   2016028[0m[34;1m   3469172[0m[31;1m    114.27[0m[34;1m    917948[0m[34;1m   1852548[0m[34;1m      1044[0m
10:34:33   [34;1m    119964[0m[34;1m   1096992[0m[34;1m    767576[0m[34;1m     25.28[0m[34;1m     46968[0m[34;1m   2016396[0m[34;1m   3469172[0m[31;1m    114.27[0m[34;1m    917948[0m[34;1m   1852780[0m[34;1m      1516[0m
10:34:34   [34;1m    116756[0m[34;1m   1094252[0m[34;1m    770340[0m[34;1m     25.37[0m[34;1m     46968[0m[34;1m   2016892[0m[34;1m   3469172[0m[31;1m    114.27[0m[34;1m    917948[0m[34;1m   1853248[0m[34;1m      1908[0m
10:34:35   [34;1m    114948[0m[34;1m   1092900[0m[34;1m    771764[0m[34;1m     25.42[0m[34;1m     46968[0m[34;1m   2017260[0m[34;1m   3469172[0m[31;1m    114.27[0m[34;1m    918048[0m[34;1m   1849608[0m[34;1m      2176[0m
10:34:36   [34;1m    112404[0m[34;1m   1090744[0m[34;1m    773832[0m[34;1m     25.49[0m[34;1m     46972[0m[34;1m   2017712[0m[34;1m   3469172[0m[31;1m    114.27[0m[34;1m    918052[0m[34;1m   1850016[0m[34;1m      2588[0m
10:34:37   [34;1m    108192[0m[34;1m   1086976[0m[34;1m    777576[0m[34;1m     25.61[0m[34;1m     46984[0m[34;1m   2018148[0m[34;1m   3469172[0m[31;1m    114.27[0m[34;1m    918060[0m[34;1m   1850648[0m[34;1m      3004[0m
10:34:38   [34;1m    104932[0m[34;1m   1084180[0m[34;1m    780192[0m[34;1m     25.70[0m[34;1m     46984[0m[34;1m   2018628[0m[34;1m   3469172[0m[31;1m    114.27[0m[34;1m    918064[0m[34;1m   1852288[0m[34;1m      3484[0m
10:34:39   [34;1m    101972[0m[34;1m   1081652[0m[34;1m    782928[0m[34;1m     25.79[0m[34;1m     46988[0m[34;1m   2019028[0m[34;1m   3469172[0m[31;1m    114.27[0m[34;1m    918064[0m[34;1m   1853796[0m[34;1m      3888[0m
10:34:40   [34;1m     99424[0m[34;1m   1079572[0m[34;1m    784660[0m[34;1m     25.85[0m[34;1m     46988[0m[34;1m   2019420[0m[34;1m   3469172[0m[31;1m    114.27[0m[34;1m    918064[0m[34;1m   1854368[0m[34;1m      4276[0m
10:34:41   [34;1m    129708[0m[34;1m   1104572[0m[34;1m    759924[0m[34;1m     25.03[0m[34;1m     46940[0m[34;1m   2014144[0m[34;1m   3469172[0m[31;1m    114.27[0m[34;1m    916464[0m[34;1m   1850748[0m[34;1m      4576[0m
10:34:42   [34;1m    126252[0m[34;1m   1101752[0m[34;1m    762540[0m[34;1m     25.12[0m[34;1m     46944[0m[34;1m   2014884[0m[34;1m   3473776[0m[31;1m    114.42[0m[34;1m    916596[0m[34;1m   1851544[0m[34;1m      4992[0m
10:34:43   [34;1m    123156[0m[34;1m   1099120[0m[34;1m    765220[0m[34;1m     25.20[0m[34;1m     46944[0m[34;1m   2015344[0m[34;1m   3473780[0m[31;1m    114.42[0m[34;1m    916784[0m[34;1m   1853548[0m[34;1m      5316[0m
10:34:44   [34;1m    120116[0m[34;1m   1096592[0m[34;1m    767752[0m[34;1m     25.29[0m[34;1m     46944[0m[34;1m   2015824[0m[34;1m   3473780[0m[31;1m    114.42[0m[34;1m    916812[0m[34;1m   1854056[0m[34;1m      5768[0m
10:34:45   [34;1m    115280[0m[34;1m   1092212[0m[34;1m    772140[0m[34;1m     25.43[0m[34;1m     46944[0m[34;1m   2016168[0m[34;1m   3519824[0m[31;1m    115.94[0m[34;1m    916864[0m[34;1m   1856344[0m[34;1m      6160[0m
10:34:46   [34;1m    110084[0m[34;1m   1087548[0m[34;1m    776924[0m[34;1m     25.59[0m[34;1m     46952[0m[34;1m   2016676[0m[34;1m   3469172[0m[31;1m    114.27[0m[34;1m    916872[0m[34;1m   1854100[0m[34;1m      6668[0m
10:34:47   [34;1m    105932[0m[34;1m   1083736[0m[34;1m    780668[0m[34;1m     25.71[0m[34;1m     46952[0m[34;1m   2016996[0m[34;1m   3510064[0m[31;1m    115.62[0m[34;1m    916872[0m[34;1m   1855184[0m[34;1m      6988[0m
10:34:48   [34;1m    102896[0m[34;1m   1081124[0m[34;1m    783248[0m[34;1m     25.80[0m[34;1m     46952[0m[34;1m   2017460[0m[34;1m   3469172[0m[31;1m    114.27[0m[34;1m    916872[0m[34;1m   1854856[0m[34;1m      7452[0m
10:34:49   [34;1m    127116[0m[34;1m   1105772[0m[34;1m    758628[0m[34;1m     24.99[0m[34;1m     46952[0m[34;1m   2017896[0m[34;1m   3469172[0m[31;1m    114.27[0m[34;1m    916872[0m[34;1m   1852552[0m[34;1m      7888[0m
10:34:50   [34;1m    124112[0m[34;1m   1103180[0m[34;1m    761196[0m[34;1m     25.07[0m[34;1m     46952[0m[34;1m   2018308[0m[34;1m   3469172[0m[31;1m    114.27[0m[34;1m    916876[0m[34;1m   1853316[0m[34;1m      8300[0m
10:34:51   [34;1m    122692[0m[34;1m   1102196[0m[34;1m    762188[0m[34;1m     25.11[0m[34;1m     46964[0m[34;1m   2018712[0m[34;1m   3469172[0m[31;1m    114.27[0m[34;1m    916888[0m[34;1m   1853352[0m[34;1m      8700[0m
10:34:52   [34;1m    120132[0m[34;1m   1100108[0m[34;1m    764352[0m[34;1m     25.18[0m[34;1m     47004[0m[34;1m   2019144[0m[34;1m   3469172[0m[31;1m    114.27[0m[34;1m    916984[0m[34;1m   1854236[0m[34;1m      9056[0m
10:34:53   [34;1m    115032[0m[34;1m   1095344[0m[34;1m    768900[0m[34;1m     25.33[0m[34;1m     47004[0m[34;1m   2019516[0m[34;1m   3469172[0m[31;1m    114.27[0m[34;1m    916984[0m[34;1m   1854472[0m[34;1m      9424[0m
10:34:54   [34;1m    110612[0m[34;1m   1091376[0m[34;1m    772844[0m[34;1m     25.46[0m[34;1m     47004[0m[34;1m   2019852[0m[34;1m   3469172[0m[31;1m    114.27[0m[34;1m    916984[0m[34;1m   1858544[0m[34;1m      9760[0m
10:34:55   [34;1m    107152[0m[34;1m   1088220[0m[34;1m    776120[0m[34;1m     25.56[0m[34;1m     47004[0m[34;1m   2020296[0m[34;1m   3469172[0m[31;1m    114.27[0m[34;1m    916984[0m[34;1m   1858888[0m[34;1m     10204[0m
10:34:56   [34;1m    103784[0m[34;1m   1085184[0m[34;1m    779164[0m[34;1m     25.66[0m[34;1m     47004[0m[34;1m   2020600[0m[34;1m   3469172[0m[31;1m    114.27[0m[34;1m    916984[0m[34;1m   1859428[0m[34;1m     10508[0m
10:34:57   [34;1m    126000[0m[34;1m   1104792[0m[34;1m    759744[0m[34;1m     25.02[0m[34;1m     46988[0m[34;1m   2018232[0m[34;1m   3469172[0m[31;1m    114.27[0m[34;1m    916016[0m[34;1m   1858316[0m[34;1m      2800[0m
10:34:58   [34;1m    121244[0m[34;1m   1100452[0m[34;1m    764136[0m[34;1m     25.17[0m[34;1m     46996[0m[34;1m   2018604[0m[34;1m   3469172[0m[31;1m    114.27[0m[34;1m    916056[0m[34;1m   1858644[0m[34;1m      3156[0m
10:34:59   [34;1m    119404[0m[34;1m   1099000[0m[34;1m    765576[0m[34;1m     25.22[0m[34;1m     46996[0m[34;1m   2018996[0m[34;1m   3469172[0m[31;1m    114.27[0m[34;1m    916056[0m[34;1m   1859036[0m[34;1m      3548[0m
10:35:00   [34;1m    115624[0m[34;1m   1095632[0m[34;1m    769056[0m[34;1m     25.33[0m[34;1m     46996[0m[34;1m   2019396[0m[34;1m   3469172[0m[31;1m    114.27[0m[34;1m    916056[0m[34;1m   1859504[0m[34;1m      3948[0m
10:35:01   [34;1m    110552[0m[34;1m   1090996[0m[34;1m    773580[0m[34;1m     25.48[0m[34;1m     46996[0m[34;1m   2019864[0m[34;1m   3469172[0m[31;1m    114.27[0m[34;1m    916056[0m[34;1m   1859856[0m[34;1m      4416[0m
10:35:02   [34;1m    106452[0m[34;1m   1087336[0m[34;1m    777228[0m[34;1m     25.60[0m[34;1m     47000[0m[34;1m   2020268[0m[34;1m   3473780[0m[31;1m    114.42[0m[34;1m    916060[0m[34;1m   1861720[0m[34;1m      4816[0m
10:35:03   [34;1m    100664[0m[34;1m   1081884[0m[34;1m    782616[0m[34;1m     25.78[0m[34;1m     47000[0m[34;1m   2020684[0m[34;1m   3473780[0m[31;1m    114.42[0m[34;1m    916052[0m[34;1m   1860988[0m[34;1m       384[0m
10:35:04   [34;1m    126116[0m[34;1m   1102248[0m[34;1m    762420[0m[34;1m     25.11[0m[34;1m     46940[0m[34;1m   2015592[0m[34;1m   3473780[0m[31;1m    114.42[0m[34;1m    914400[0m[34;1m   1853048[0m[34;1m       772[0m
10:35:05   [34;1m    122660[0m[34;1m   1099164[0m[34;1m    765344[0m[34;1m     25.21[0m[34;1m     46940[0m[34;1m   2016108[0m[34;1m   3473780[0m[31;1m    114.42[0m[34;1m    914456[0m[34;1m   1853368[0m[34;1m      1236[0m
10:35:06   [34;1m    118676[0m[34;1m   1095700[0m[34;1m    768876[0m[34;1m     25.33[0m[34;1m     46952[0m[34;1m   2016492[0m[34;1m   3469172[0m[31;1m    114.27[0m[34;1m    914464[0m[34;1m   1853100[0m[34;1m      1680[0m
10:35:07   [34;1m    116524[0m[34;1m   1094024[0m[34;1m    770456[0m[34;1m     25.38[0m[34;1m     46980[0m[34;1m   2016784[0m[34;1m   3469172[0m[31;1m    114.27[0m[34;1m    914496[0m[34;1m   1854888[0m[34;1m      1964[0m
10:35:08   [34;1m    112568[0m[34;1m   1090576[0m[34;1m    774024[0m[34;1m     25.49[0m[34;1m     46980[0m[34;1m   2017164[0m[34;1m   3469428[0m[31;1m    114.28[0m[34;1m    914496[0m[34;1m   1855600[0m[34;1m       300[0m
10:35:09   [34;1m    107520[0m[34;1m   1085980[0m[34;1m    778424[0m[34;1m     25.64[0m[34;1m     46984[0m[34;1m   2017696[0m[34;1m   3469428[0m[31;1m    114.28[0m[34;1m    914520[0m[34;1m   1858536[0m[34;1m       832[0m
10:35:10   [34;1m    102324[0m[34;1m   1081212[0m[34;1m    783236[0m[34;1m     25.80[0m[34;1m     46984[0m[34;1m   2018132[0m[34;1m   3469428[0m[31;1m    114.28[0m[34;1m    914524[0m[34;1m   1860128[0m[34;1m      1268[0m
10:35:11   [34;1m    114308[0m[34;1m   1082204[0m[34;1m    782404[0m[34;1m     25.77[0m[34;1m     46860[0m[34;1m   2007664[0m[34;1m   3469428[0m[31;1m    114.28[0m[34;1m    911132[0m[34;1m   1852736[0m[34;1m      1576[0m
10:35:12   [34;1m    111344[0m[34;1m   1079840[0m[34;1m    784888[0m[34;1m     25.85[0m[34;1m     46860[0m[34;1m   2008212[0m[34;1m   3469428[0m[31;1m    114.28[0m[34;1m    911248[0m[34;1m   1852216[0m[34;1m      1944[0m
10:35:13   [34;1m    136884[0m[34;1m   1105844[0m[34;1m    758920[0m[34;1m     25.00[0m[34;1m     46860[0m[34;1m   2008612[0m[34;1m   3469428[0m[31;1m    114.28[0m[34;1m    911312[0m[34;1m   1840600[0m[34;1m      2384[0m
10:35:14   [34;1m    131916[0m[34;1m   1101280[0m[34;1m    763492[0m[34;1m     25.15[0m[34;1m     46868[0m[34;1m   2009012[0m[34;1m   3469428[0m[31;1m    114.28[0m[34;1m    911316[0m[34;1m   1843372[0m[34;1m      2780[0m
10:35:15   [34;1m    126568[0m[34;1m   1096456[0m[34;1m    768344[0m[34;1m     25.31[0m[34;1m     46868[0m[34;1m   2009532[0m[34;1m   3469428[0m[31;1m    114.28[0m[34;1m    911388[0m[34;1m   1847292[0m[34;1m      3224[0m
10:35:16   [34;1m    122140[0m[34;1m   1092572[0m[34;1m    772096[0m[34;1m     25.43[0m[34;1m     46868[0m[34;1m   2010084[0m[34;1m   3477752[0m[31;1m    114.55[0m[34;1m    911448[0m[34;1m   1848712[0m[34;1m      3712[0m
10:35:17   [34;1m    118128[0m[34;1m   1088856[0m[34;1m    775824[0m[34;1m     25.55[0m[34;1m     46868[0m[34;1m   2010444[0m[34;1m   3477752[0m[31;1m    114.55[0m[34;1m    911448[0m[34;1m   1851312[0m[34;1m      4072[0m
10:35:18   [34;1m    115004[0m[34;1m   1086160[0m[34;1m    778588[0m[34;1m     25.65[0m[34;1m     46868[0m[34;1m   2010812[0m[34;1m   3477752[0m[31;1m    114.55[0m[34;1m    911448[0m[34;1m   1853480[0m[34;1m      4440[0m
10:35:19   [34;1m    111940[0m[34;1m   1083512[0m[34;1m    781140[0m[34;1m     25.73[0m[34;1m     46876[0m[34;1m   2011236[0m[34;1m   3477752[0m[31;1m    114.55[0m[34;1m    911456[0m[34;1m   1854072[0m[34;1m      4864[0m
10:35:20   [34;1m    110488[0m[34;1m   1082456[0m[34;1m    782204[0m[34;1m     25.76[0m[34;1m     46884[0m[34;1m   2011628[0m[34;1m   3477752[0m[31;1m    114.55[0m[34;1m    911464[0m[34;1m   1854656[0m[34;1m      5252[0m
10:35:21   [34;1m    107004[0m[34;1m   1079304[0m[34;1m    785432[0m[34;1m     25.87[0m[34;1m     46888[0m[34;1m   2011924[0m[34;1m   3477752[0m[31;1m    114.55[0m[34;1m    911464[0m[34;1m   1854624[0m[34;1m      5552[0m
10:35:22   [34;1m    129240[0m[34;1m   1102212[0m[34;1m    762320[0m[34;1m     25.11[0m[34;1m     46928[0m[34;1m   2012380[0m[34;1m   3477752[0m[31;1m    114.55[0m[34;1m    911508[0m[34;1m   1855112[0m[34;1m      5988[0m
10:35:23   [34;1m    122484[0m[34;1m   1095932[0m[34;1m    768496[0m[34;1m     25.31[0m[34;1m     46928[0m[34;1m   2012892[0m[34;1m   3482360[0m[31;1m    114.70[0m[34;1m    911600[0m[34;1m   1857196[0m[34;1m      6400[0m
10:35:24   [34;1m    118972[0m[34;1m   1092832[0m[34;1m    771696[0m[34;1m     25.42[0m[34;1m     46928[0m[34;1m   2013276[0m[34;1m   3482360[0m[31;1m    114.70[0m[34;1m    911600[0m[34;1m   1857444[0m[34;1m      6784[0m
10:35:25   [34;1m    116188[0m[34;1m   1090568[0m[34;1m    773964[0m[34;1m     25.49[0m[34;1m     46928[0m[34;1m   2013688[0m[34;1m   3482360[0m[31;1m    114.70[0m[34;1m    911600[0m[34;1m   1856476[0m[34;1m      7196[0m
10:35:26   [34;1m    114768[0m[34;1m   1089484[0m[34;1m    775020[0m[34;1m     25.53[0m[34;1m     46936[0m[34;1m   2014072[0m[34;1m   3477752[0m[31;1m    114.55[0m[34;1m    911608[0m[34;1m   1855476[0m[34;1m      7572[0m
10:35:27   [34;1m    112404[0m[34;1m   1087420[0m[34;1m    777064[0m[34;1m     25.60[0m[34;1m     46936[0m[34;1m   2014388[0m[34;1m   3477752[0m[31;1m    114.55[0m[34;1m    911608[0m[34;1m   1855660[0m[34;1m      7892[0m
10:35:28   [34;1m    108616[0m[34;1m   1084112[0m[34;1m    780432[0m[34;1m     25.71[0m[34;1m     46936[0m[34;1m   2014776[0m[34;1m   3477752[0m[31;1m    114.55[0m[34;1m    911608[0m[34;1m   1857668[0m[34;1m      8280[0m
10:35:29   [34;1m    106472[0m[34;1m   1082244[0m[34;1m    782272[0m[34;1m     25.77[0m[34;1m     46936[0m[34;1m   2015152[0m[34;1m   3477752[0m[31;1m    114.55[0m[34;1m    911608[0m[34;1m   1859244[0m[34;1m      8656[0m
10:35:30   [34;1m    104160[0m[34;1m   1080408[0m[34;1m    784064[0m[34;1m     25.83[0m[34;1m     46936[0m[34;1m   2015624[0m[34;1m   3477752[0m[31;1m    114.55[0m[34;1m    911608[0m[34;1m   1859264[0m[34;1m      9128[0m
10:35:31   [34;1m    129352[0m[34;1m   1106000[0m[34;1m    758376[0m[34;1m     24.98[0m[34;1m     46936[0m[34;1m   2016000[0m[34;1m   3477752[0m[31;1m    114.55[0m[34;1m    911608[0m[34;1m   1855716[0m[34;1m      9500[0m
10:35:32   [34;1m    127184[0m[34;1m   1104220[0m[34;1m    760444[0m[34;1m     25.05[0m[34;1m     46936[0m[34;1m   2016316[0m[34;1m   3477752[0m[31;1m    114.55[0m[34;1m    911608[0m[34;1m   1856096[0m[34;1m      9816[0m
10:35:33   [34;1m    122632[0m[34;1m   1100140[0m[34;1m    764376[0m[34;1m     25.18[0m[34;1m     46936[0m[34;1m   2016848[0m[34;1m   3477752[0m[31;1m    114.55[0m[34;1m    911696[0m[34;1m   1856476[0m[34;1m     10256[0m
10:35:34   [34;1m    119400[0m[34;1m   1097344[0m[34;1m    767156[0m[34;1m     25.27[0m[34;1m     46936[0m[34;1m   2017268[0m[34;1m   3477752[0m[31;1m    114.55[0m[34;1m    911692[0m[34;1m   1851576[0m[34;1m     10676[0m
10:35:35   [34;1m    116168[0m[34;1m   1094508[0m[34;1m    770032[0m[34;1m     25.36[0m[34;1m     46936[0m[34;1m   2017648[0m[34;1m   3477752[0m[31;1m    114.55[0m[34;1m    911692[0m[34;1m   1852368[0m[34;1m     11056[0m
10:35:36   [34;1m    114048[0m[34;1m   1092904[0m[34;1m    771664[0m[34;1m     25.42[0m[34;1m     46952[0m[34;1m   2018068[0m[34;1m   3477752[0m[31;1m    114.55[0m[34;1m    911700[0m[34;1m   1855724[0m[34;1m     11484[0m
10:35:37   [34;1m    113324[0m[34;1m   1092540[0m[34;1m    771876[0m[34;1m     25.42[0m[34;1m     46996[0m[34;1m   2018488[0m[34;1m   3477752[0m[31;1m    114.55[0m[34;1m    911752[0m[34;1m   1856352[0m[34;1m     11868[0m
10:35:38   [34;1m    110104[0m[34;1m   1089768[0m[34;1m    774676[0m[34;1m     25.52[0m[34;1m     47000[0m[34;1m   2018892[0m[34;1m   3477752[0m[31;1m    114.55[0m[34;1m    911752[0m[34;1m   1858852[0m[34;1m        44[0m
10:35:39   [34;1m    105768[0m[34;1m   1085664[0m[34;1m    778584[0m[34;1m     25.65[0m[34;1m     47000[0m[34;1m   2019152[0m[34;1m   3477752[0m[31;1m    114.55[0m[34;1m    911760[0m[34;1m   1861532[0m[34;1m       308[0m
10:35:40   [34;1m    114084[0m[34;1m   1083220[0m[34;1m    781300[0m[34;1m     25.73[0m[34;1m     46880[0m[34;1m   2008764[0m[34;1m   3477752[0m[31;1m    114.55[0m[34;1m    908848[0m[34;1m   1860128[0m[34;1m       708[0m
10:35:41   [34;1m    109788[0m[34;1m   1079332[0m[34;1m    785348[0m[34;1m     25.87[0m[34;1m     46880[0m[34;1m   2009048[0m[34;1m   3478008[0m[31;1m    114.56[0m[34;1m    908900[0m[34;1m   1860588[0m[34;1m      1036[0m
10:35:42   [34;1m    103308[0m[34;1m   1073300[0m[34;1m    791320[0m[34;1m     26.06[0m[34;1m     46892[0m[34;1m   2009468[0m[34;1m   3482104[0m[31;1m    114.69[0m[34;1m    908912[0m[34;1m   1864148[0m[34;1m      1520[0m
10:35:43   [34;1m    123108[0m[34;1m   1092380[0m[34;1m    772188[0m[34;1m     25.43[0m[34;1m     46888[0m[34;1m   2008748[0m[34;1m   3486712[0m[31;1m    114.85[0m[34;1m    908548[0m[34;1m   1865064[0m[34;1m      1880[0m
10:35:44   [34;1m    121256[0m[34;1m   1090928[0m[34;1m    773532[0m[34;1m     25.48[0m[34;1m     46888[0m[34;1m   2009232[0m[34;1m   3486712[0m[31;1m    114.85[0m[34;1m    908580[0m[34;1m   1854672[0m[34;1m      2336[0m
10:35:45   [34;1m    118700[0m[34;1m   1088776[0m[34;1m    775816[0m[34;1m     25.55[0m[34;1m     46888[0m[34;1m   2009556[0m[34;1m   3486712[0m[31;1m    114.85[0m[34;1m    908616[0m[34;1m   1855036[0m[34;1m      2624[0m
10:35:46   [34;1m    117028[0m[34;1m   1087680[0m[34;1m    776820[0m[34;1m     25.59[0m[34;1m     46888[0m[34;1m   2010148[0m[34;1m   3482104[0m[31;1m    114.69[0m[34;1m    908688[0m[34;1m   1853984[0m[34;1m      3044[0m
10:35:47   [34;1m    114740[0m[34;1m   1085780[0m[34;1m    778708[0m[34;1m     25.65[0m[34;1m     46896[0m[34;1m   2010520[0m[34;1m   3482104[0m[31;1m    114.69[0m[34;1m    908764[0m[34;1m   1855312[0m[34;1m      3412[0m
10:35:48   [34;1m    111756[0m[34;1m   1083408[0m[34;1m    781192[0m[34;1m     25.73[0m[34;1m     46896[0m[34;1m   2011120[0m[34;1m   3482104[0m[31;1m    114.69[0m[34;1m    908872[0m[34;1m   1856988[0m[34;1m      3904[0m
10:35:49   [34;1m    108748[0m[34;1m   1080780[0m[34;1m    783860[0m[34;1m     25.82[0m[34;1m     46900[0m[34;1m   2011464[0m[34;1m   3482104[0m[31;1m    114.69[0m[34;1m    908876[0m[34;1m   1856544[0m[34;1m      4248[0m
10:35:50   [34;1m    103976[0m[34;1m   1076384[0m[34;1m    788088[0m[34;1m     25.96[0m[34;1m     46900[0m[34;1m   2011832[0m[34;1m   3482104[0m[31;1m    114.69[0m[34;1m    908884[0m[34;1m   1853124[0m[34;1m      4612[0m
10:35:51   [34;1m    128396[0m[34;1m   1101224[0m[34;1m    763388[0m[34;1m     25.14[0m[34;1m     46908[0m[34;1m   2012216[0m[34;1m   3482104[0m[31;1m    114.69[0m[34;1m    908884[0m[34;1m   1851008[0m[34;1m      5004[0m
10:35:52   [34;1m    125736[0m[34;1m   1098888[0m[34;1m    765756[0m[34;1m     25.22[0m[34;1m     46924[0m[34;1m   2012536[0m[34;1m   3482104[0m[31;1m    114.69[0m[34;1m    908908[0m[34;1m   1852456[0m[34;1m      5312[0m
10:35:53   [34;1m    122620[0m[34;1m   1096324[0m[34;1m    768276[0m[34;1m     25.31[0m[34;1m     46924[0m[34;1m   2013064[0m[34;1m   3482104[0m[31;1m    114.69[0m[34;1m    908908[0m[34;1m   1854312[0m[34;1m      5836[0m
10:35:54   [34;1m    119112[0m[34;1m   1093192[0m[34;1m    771336[0m[34;1m     25.41[0m[34;1m     46924[0m[34;1m   2013432[0m[34;1m   3482104[0m[31;1m    114.69[0m[34;1m    908968[0m[34;1m   1854704[0m[34;1m      6144[0m
10:35:55   [34;1m    115956[0m[34;1m   1090380[0m[34;1m    774012[0m[34;1m     25.49[0m[34;1m     46928[0m[34;1m   2013856[0m[34;1m   3482104[0m[31;1m    114.69[0m[34;1m    908972[0m[34;1m   1857628[0m[34;1m      6564[0m
10:35:56   [34;1m    112104[0m[34;1m   1086980[0m[34;1m    777512[0m[34;1m     25.61[0m[34;1m     46928[0m[34;1m   2014236[0m[34;1m   3482104[0m[31;1m    114.69[0m[34;1m    909032[0m[34;1m   1862848[0m[34;1m      6880[0m
10:35:57   [34;1m    111156[0m[34;1m   1086388[0m[34;1m    777992[0m[34;1m     25.63[0m[34;1m     46928[0m[34;1m   2014608[0m[34;1m   3482104[0m[31;1m    114.69[0m[34;1m    909032[0m[34;1m   1863448[0m[34;1m      7252[0m
10:35:58   [34;1m    106872[0m[34;1m   1082484[0m[34;1m    781940[0m[34;1m     25.76[0m[34;1m     46928[0m[34;1m   2014980[0m[34;1m   3482104[0m[31;1m    114.69[0m[34;1m    909036[0m[34;1m   1864108[0m[34;1m      7624[0m
10:35:59   [34;1m    105676[0m[34;1m   1081772[0m[34;1m    782800[0m[34;1m     25.78[0m[34;1m     46928[0m[34;1m   2015344[0m[34;1m   3482104[0m[31;1m    114.69[0m[34;1m    909032[0m[34;1m   1864808[0m[34;1m      7988[0m
10:36:00   [34;1m    105116[0m[34;1m   1081488[0m[34;1m    782844[0m[34;1m     25.79[0m[34;1m     46936[0m[34;1m   2015784[0m[34;1m   3482104[0m[31;1m    114.69[0m[34;1m    909040[0m[34;1m   1863620[0m[34;1m      8428[0m
10:36:01   [34;1m    100732[0m[34;1m   1077552[0m[34;1m    787084[0m[34;1m     25.93[0m[34;1m     46944[0m[34;1m   2016044[0m[34;1m   3482104[0m[31;1m    114.69[0m[34;1m    909080[0m[34;1m   1863356[0m[34;1m      8696[0m
10:36:02   [34;1m    107104[0m[34;1m   1083476[0m[34;1m    780888[0m[34;1m     25.72[0m[34;1m     46940[0m[34;1m   2015768[0m[34;1m   3482104[0m[31;1m    114.69[0m[34;1m    908912[0m[34;1m   1863120[0m[34;1m      9204[0m
10:36:03   [34;1m    101992[0m[34;1m   1078836[0m[34;1m    785572[0m[34;1m     25.88[0m[34;1m     46940[0m[34;1m   2016140[0m[34;1m   3486712[0m[31;1m    114.85[0m[34;1m    908928[0m[34;1m   1864844[0m[34;1m      9576[0m
10:36:04   [34;1m    115068[0m[34;1m   1081000[0m[34;1m    783584[0m[34;1m     25.81[0m[34;1m     46788[0m[34;1m   2005584[0m[34;1m   3486712[0m[31;1m    114.85[0m[34;1m    905572[0m[34;1m   1857568[0m[34;1m      9952[0m
10:36:05   [34;1m    111400[0m[34;1m   1077648[0m[34;1m    786940[0m[34;1m     25.92[0m[34;1m     46788[0m[34;1m   2005932[0m[34;1m   3486712[0m[31;1m    114.85[0m[34;1m    905580[0m[34;1m   1856200[0m[34;1m     10284[0m
10:36:06   [34;1m    134544[0m[34;1m   1101436[0m[34;1m    763216[0m[34;1m     25.14[0m[34;1m     46792[0m[34;1m   2006440[0m[34;1m   3482104[0m[31;1m    114.69[0m[34;1m    905592[0m[34;1m   1855272[0m[34;1m     10792[0m
10:36:07   [34;1m    132180[0m[34;1m   1099500[0m[34;1m    765116[0m[34;1m     25.20[0m[34;1m     46800[0m[34;1m   2006920[0m[34;1m   3482104[0m[31;1m    114.69[0m[34;1m    905696[0m[34;1m   1855816[0m[34;1m     11072[0m
10:36:08   [34;1m    127904[0m[34;1m   1095648[0m[34;1m    769024[0m[34;1m     25.33[0m[34;1m     46800[0m[34;1m   2007336[0m[34;1m   3482104[0m[31;1m    114.69[0m[34;1m    905752[0m[34;1m   1856352[0m[34;1m     11508[0m
10:36:09   [34;1m    122800[0m[34;1m   1090972[0m[34;1m    773628[0m[34;1m     25.48[0m[34;1m     46800[0m[34;1m   2007808[0m[34;1m   3482104[0m[31;1m    114.69[0m[34;1m    905748[0m[34;1m   1856776[0m[34;1m       276[0m
10:36:10   [34;1m    118624[0m[34;1m   1087180[0m[34;1m    777376[0m[34;1m     25.61[0m[34;1m     46800[0m[34;1m   2008180[0m[34;1m   3482104[0m[31;1m    114.69[0m[34;1m    905748[0m[34;1m   1856208[0m[34;1m       648[0m
10:36:11   [34;1m    114512[0m[34;1m   1083512[0m[34;1m    781048[0m[34;1m     25.73[0m[34;1m     46812[0m[34;1m   2008600[0m[34;1m   3482104[0m[31;1m    114.69[0m[34;1m    905760[0m[34;1m   1857736[0m[34;1m      1068[0m
10:36:12   [34;1m    113564[0m[34;1m   1083072[0m[34;1m    781504[0m[34;1m     25.74[0m[34;1m     46812[0m[34;1m   2009104[0m[34;1m   3482104[0m[31;1m    114.69[0m[34;1m    905860[0m[34;1m   1858028[0m[34;1m      1372[0m
10:36:13   [34;1m    111156[0m[34;1m   1081216[0m[34;1m    783264[0m[34;1m     25.80[0m[34;1m     46812[0m[34;1m   2009540[0m[34;1m   3482104[0m[31;1m    114.69[0m[34;1m    905944[0m[34;1m   1858200[0m[34;1m      1752[0m
10:36:14   [34;1m    108124[0m[34;1m   1078592[0m[34;1m    785880[0m[34;1m     25.89[0m[34;1m     46812[0m[34;1m   2009928[0m[34;1m   3482104[0m[31;1m    114.69[0m[34;1m    905936[0m[34;1m   1858576[0m[34;1m      2064[0m
10:36:15   [34;1m    132448[0m[34;1m   1103376[0m[34;1m    761112[0m[34;1m     25.07[0m[34;1m     46812[0m[34;1m   2010332[0m[34;1m   3482104[0m[31;1m    114.69[0m[34;1m    905936[0m[34;1m   1859396[0m[34;1m      2568[0m
10:36:16   [34;1m    129240[0m[34;1m   1100436[0m[34;1m    764012[0m[34;1m     25.17[0m[34;1m     46820[0m[34;1m   2010692[0m[34;1m   3482104[0m[31;1m    114.69[0m[34;1m    905940[0m[34;1m   1860756[0m[34;1m      2836[0m
10:36:17   [34;1m    126620[0m[34;1m   1098304[0m[34;1m    766252[0m[34;1m     25.24[0m[34;1m     46820[0m[34;1m   2011036[0m[34;1m   3482104[0m[31;1m    114.69[0m[34;1m    905944[0m[34;1m   1861592[0m[34;1m      3188[0m
10:36:18   [34;1m    121072[0m[34;1m   1093112[0m[34;1m    771360[0m[34;1m     25.41[0m[34;1m     46828[0m[34;1m   2011564[0m[34;1m   3482104[0m[31;1m    114.69[0m[34;1m    905952[0m[34;1m   1862104[0m[34;1m      3628[0m
10:36:19   [34;1m    117812[0m[34;1m   1090312[0m[34;1m    774148[0m[34;1m     25.50[0m[34;1m     46828[0m[34;1m   2011972[0m[34;1m   3482104[0m[31;1m    114.69[0m[34;1m    906032[0m[34;1m   1862388[0m[34;1m      4056[0m
10:36:20   [34;1m    116416[0m[34;1m   1089352[0m[34;1m    775052[0m[34;1m     25.53[0m[34;1m     46828[0m[34;1m   2012384[0m[34;1m   3482104[0m[31;1m    114.69[0m[34;1m    906032[0m[34;1m   1862492[0m[34;1m      4468[0m
10:36:21   [34;1m    112960[0m[34;1m   1086292[0m[34;1m    778056[0m[34;1m     25.63[0m[34;1m     46828[0m[34;1m   2012828[0m[34;1m   3482104[0m[31;1m    114.69[0m[34;1m    906032[0m[34;1m   1861640[0m[34;1m      4912[0m
10:36:22   [34;1m    109180[0m[34;1m   1082912[0m[34;1m    781436[0m[34;1m     25.74[0m[34;1m     46832[0m[34;1m   2013196[0m[34;1m   3482104[0m[31;1m    114.69[0m[34;1m    906036[0m[34;1m   1855252[0m[34;1m      5284[0m
10:36:23   [34;1m    107512[0m[34;1m   1081648[0m[34;1m    782772[0m[34;1m     25.78[0m[34;1m     46832[0m[34;1m   2013560[0m[34;1m   3486712[0m[31;1m    114.85[0m[34;1m    906036[0m[34;1m   1857544[0m[34;1m      5644[0m
10:36:24   [34;1m    105648[0m[34;1m   1080220[0m[34;1m    784180[0m[34;1m     25.83[0m[34;1m     46832[0m[34;1m   2013956[0m[34;1m   3486712[0m[31;1m    114.85[0m[34;1m    906036[0m[34;1m   1857896[0m[34;1m      6024[0m
10:36:25   [34;1m    103308[0m[34;1m   1078216[0m[34;1m    786100[0m[34;1m     25.89[0m[34;1m     46832[0m[34;1m   2014348[0m[34;1m   3486712[0m[31;1m    114.85[0m[34;1m    906036[0m[34;1m   1858368[0m[34;1m      6416[0m
10:36:26   [34;1m    106520[0m[34;1m   1081448[0m[34;1m    782848[0m[34;1m     25.79[0m[34;1m     46832[0m[34;1m   2014304[0m[34;1m   3482104[0m[31;1m    114.69[0m[34;1m    905808[0m[34;1m   1860688[0m[34;1m      6792[0m
10:36:27   [34;1m    105200[0m[34;1m   1080560[0m[34;1m    783868[0m[34;1m     25.82[0m[34;1m     46832[0m[34;1m   2014736[0m[34;1m   3482104[0m[31;1m    114.69[0m[34;1m    905812[0m[34;1m   1861352[0m[34;1m      7236[0m
10:36:28   [34;1m    127576[0m[34;1m   1103368[0m[34;1m    760992[0m[34;1m     25.07[0m[34;1m     46832[0m[34;1m   2015176[0m[34;1m   3482104[0m[31;1m    114.69[0m[34;1m    905860[0m[34;1m   1864748[0m[34;1m      7588[0m
10:36:29   [34;1m    125156[0m[34;1m   1101228[0m[34;1m    763256[0m[34;1m     25.14[0m[34;1m     46836[0m[34;1m   2015452[0m[34;1m   3482104[0m[31;1m    114.69[0m[34;1m    905900[0m[34;1m   1865256[0m[34;1m      7868[0m
10:36:30   [34;1m    124460[0m[34;1m   1101036[0m[34;1m    763296[0m[34;1m     25.14[0m[34;1m     46836[0m[34;1m   2015968[0m[34;1m   3482104[0m[31;1m    114.69[0m[34;1m    906004[0m[34;1m   1865720[0m[34;1m      8276[0m
10:36:31   [34;1m    122512[0m[34;1m   1099500[0m[34;1m    764812[0m[34;1m     25.19[0m[34;1m     46836[0m[34;1m   2016332[0m[34;1m   3482104[0m[31;1m    114.69[0m[34;1m    906008[0m[34;1m   1866092[0m[34;1m      8620[0m
10:36:32   [34;1m    121060[0m[34;1m   1098452[0m[34;1m    765848[0m[34;1m     25.23[0m[34;1m     46836[0m[34;1m   2016760[0m[34;1m   3482104[0m[31;1m    114.69[0m[34;1m    906028[0m[34;1m   1866432[0m[34;1m      9028[0m
10:36:33   [34;1m    118360[0m[34;1m   1096024[0m[34;1m    768316[0m[34;1m     25.31[0m[34;1m     46844[0m[34;1m   2017024[0m[34;1m   3522740[0m[31;1m    116.03[0m[34;1m    906028[0m[34;1m   1867516[0m[34;1m      9300[0m
10:36:34   [34;1m    116628[0m[34;1m   1094700[0m[34;1m    769676[0m[34;1m     25.35[0m[34;1m     46844[0m[34;1m   2017436[0m[34;1m   3482104[0m[31;1m    114.69[0m[34;1m    906036[0m[34;1m   1868124[0m[34;1m      9700[0m
10:36:35   [34;1m    111728[0m[34;1m   1090224[0m[34;1m    774248[0m[34;1m     25.50[0m[34;1m     46844[0m[34;1m   2017840[0m[34;1m   3482104[0m[31;1m    114.69[0m[34;1m    906036[0m[34;1m   1868620[0m[34;1m     10104[0m
10:36:36   [34;1m    108692[0m[34;1m   1087540[0m[34;1m    776828[0m[34;1m     25.59[0m[34;1m     46844[0m[34;1m   2018184[0m[34;1m   3482104[0m[31;1m    114.69[0m[34;1m    906036[0m[34;1m   1869192[0m[34;1m     10448[0m
10:36:37   [34;1m    106348[0m[34;1m   1085684[0m[34;1m    778588[0m[34;1m     25.65[0m[34;1m     46844[0m[34;1m   2018624[0m[34;1m   3482104[0m[31;1m    114.69[0m[34;1m    906036[0m[34;1m   1868612[0m[34;1m     10892[0m
10:36:38   [34;1m    102560[0m[34;1m   1082280[0m[34;1m    782064[0m[34;1m     25.76[0m[34;1m     46852[0m[34;1m   2019012[0m[34;1m   3482104[0m[31;1m    114.69[0m[34;1m    906044[0m[34;1m   1869328[0m[34;1m     11280[0m
10:36:39   [34;1m    103544[0m[34;1m   1082576[0m[34;1m    781908[0m[34;1m     25.75[0m[34;1m     46848[0m[34;1m   2018508[0m[34;1m   3482104[0m[31;1m    114.69[0m[34;1m    906008[0m[34;1m   1868596[0m[34;1m     11664[0m
10:36:40   [34;1m    100176[0m[34;1m   1079456[0m[34;1m    784868[0m[34;1m     25.85[0m[34;1m     46848[0m[34;1m   2018852[0m[34;1m   3482104[0m[31;1m    114.69[0m[34;1m    906008[0m[34;1m   1868828[0m[34;1m       248[0m
10:36:41   [34;1m    121348[0m[34;1m   1100808[0m[34;1m    763784[0m[34;1m     25.16[0m[34;1m     46860[0m[34;1m   2018836[0m[34;1m   3482104[0m[31;1m    114.69[0m[34;1m    906064[0m[34;1m   1868956[0m[34;1m       652[0m
10:36:42   [34;1m    119896[0m[34;1m   1099700[0m[34;1m    764792[0m[34;1m     25.19[0m[34;1m     46860[0m[34;1m   2019280[0m[34;1m   3482104[0m[31;1m    114.69[0m[34;1m    906064[0m[34;1m   1867276[0m[34;1m       996[0m
10:36:43   [34;1m    116040[0m[34;1m   1096592[0m[34;1m    767756[0m[34;1m     25.29[0m[34;1m     46860[0m[34;1m   2019820[0m[34;1m   3486712[0m[31;1m    114.85[0m[34;1m    906280[0m[34;1m   1869200[0m[34;1m      1320[0m
10:36:44   [34;1m    110256[0m[34;1m   1091184[0m[34;1m    773036[0m[34;1m     25.46[0m[34;1m     46860[0m[34;1m   2020264[0m[34;1m   3486712[0m[31;1m    114.85[0m[34;1m    906316[0m[34;1m   1869540[0m[34;1m      1756[0m
10:36:45   [34;1m    107240[0m[34;1m   1088612[0m[34;1m    775764[0m[34;1m     25.55[0m[34;1m     46860[0m[34;1m   2020632[0m[34;1m   3486712[0m[31;1m    114.85[0m[34;1m    906376[0m[34;1m   1870056[0m[34;1m      2064[0m
10:36:46   [34;1m    104428[0m[34;1m   1086252[0m[34;1m    778032[0m[34;1m     25.63[0m[34;1m     46868[0m[34;1m   2021056[0m[34;1m   3482104[0m[31;1m    114.69[0m[34;1m    906384[0m[34;1m   1868760[0m[34;1m      2484[0m
10:36:47   [34;1m    102464[0m[34;1m   1084840[0m[34;1m    779556[0m[34;1m     25.68[0m[34;1m     46868[0m[34;1m   2021520[0m[34;1m   3482104[0m[31;1m    114.69[0m[34;1m    906376[0m[34;1m   1863444[0m[34;1m      2948[0m
10:36:48   [34;1m    102228[0m[34;1m   1084820[0m[34;1m    779480[0m[34;1m     25.67[0m[34;1m     46868[0m[34;1m   2021832[0m[34;1m   3482104[0m[31;1m    114.69[0m[34;1m    906376[0m[34;1m   1863888[0m[34;1m      3256[0m
10:36:49   [34;1m    125200[0m[34;1m   1107984[0m[34;1m    756288[0m[34;1m     24.91[0m[34;1m     46868[0m[34;1m   2021964[0m[34;1m   3482104[0m[31;1m    114.69[0m[34;1m    906240[0m[34;1m   1864288[0m[34;1m      3672[0m
10:36:50   [34;1m    123036[0m[34;1m   1106228[0m[34;1m    757944[0m[34;1m     24.97[0m[34;1m     46868[0m[34;1m   2022436[0m[34;1m   3482104[0m[31;1m    114.69[0m[34;1m    906236[0m[34;1m   1864128[0m[34;1m      4020[0m
10:36:51   [34;1m    117808[0m[34;1m   1101300[0m[34;1m    762900[0m[34;1m     25.13[0m[34;1m     46876[0m[34;1m   2022696[0m[34;1m   3482104[0m[31;1m    114.69[0m[34;1m    906232[0m[34;1m   1866428[0m[34;1m      4340[0m
10:36:52   [34;1m    115692[0m[34;1m   1099524[0m[34;1m    764772[0m[34;1m     25.19[0m[34;1m     46884[0m[34;1m   2023016[0m[34;1m   3482104[0m[31;1m    114.69[0m[34;1m    906240[0m[34;1m   1866876[0m[34;1m      4668[0m
10:36:53   [34;1m    110680[0m[34;1m   1094900[0m[34;1m    769292[0m[34;1m     25.34[0m[34;1m     46884[0m[34;1m   2023460[0m[34;1m   3482104[0m[31;1m    114.69[0m[34;1m    906248[0m[34;1m   1870148[0m[34;1m      5104[0m
10:36:54   [34;1m    105688[0m[34;1m   1090252[0m[34;1m    774000[0m[34;1m     25.49[0m[34;1m     46884[0m[34;1m   2023756[0m[34;1m   3482104[0m[31;1m    114.69[0m[34;1m    906248[0m[34;1m   1870952[0m[34;1m      5400[0m
10:36:55   [34;1m    101440[0m[34;1m   1086508[0m[34;1m    777744[0m[34;1m     25.62[0m[34;1m     46884[0m[34;1m   2024152[0m[34;1m   3482104[0m[31;1m    114.69[0m[34;1m    906248[0m[34;1m   1872628[0m[34;1m      5796[0m
10:36:56   [34;1m    129948[0m[34;1m   1104632[0m[34;1m    759660[0m[34;1m     25.02[0m[34;1m     46748[0m[34;1m   2014100[0m[34;1m   3482104[0m[31;1m    114.69[0m[34;1m    907508[0m[34;1m   1860720[0m[34;1m      6276[0m
10:36:57   [34;1m    126448[0m[34;1m   1101508[0m[34;1m    762784[0m[34;1m     25.12[0m[34;1m     46756[0m[34;1m   2014448[0m[34;1m   3482104[0m[31;1m    114.69[0m[34;1m    907508[0m[34;1m   1861016[0m[34;1m      6632[0m
10:36:58   [34;1m    122408[0m[34;1m   1097944[0m[34;1m    766404[0m[34;1m     25.24[0m[34;1m     46760[0m[34;1m   2014900[0m[34;1m   3482104[0m[31;1m    114.69[0m[34;1m    907528[0m[34;1m   1861432[0m[34;1m      7088[0m
10:36:59   [34;1m    116972[0m[34;1m   1092812[0m[34;1m    771532[0m[34;1m     25.41[0m[34;1m     46760[0m[34;1m   2015216[0m[34;1m   3482104[0m[31;1m    114.69[0m[34;1m    907528[0m[34;1m   1861632[0m[34;1m      7404[0m
10:37:00   [34;1m    114132[0m[34;1m   1090340[0m[34;1m    774060[0m[34;1m     25.50[0m[34;1m     46760[0m[34;1m   2015572[0m[34;1m   3482104[0m[31;1m    114.69[0m[34;1m    907528[0m[34;1m   1862068[0m[34;1m      7760[0m
10:37:01   [34;1m    109512[0m[34;1m   1086256[0m[34;1m    777964[0m[34;1m     25.62[0m[34;1m     46760[0m[34;1m   2016144[0m[34;1m   3482104[0m[31;1m    114.69[0m[34;1m    907528[0m[34;1m   1863112[0m[34;1m      8332[0m
10:37:02   [34;1m    107644[0m[34;1m   1084696[0m[34;1m    779476[0m[34;1m     25.67[0m[34;1m     46768[0m[34;1m   2016484[0m[34;1m   3482104[0m[31;1m    114.69[0m[34;1m    907536[0m[34;1m   1860084[0m[34;1m      8672[0m
10:37:03   [34;1m    104616[0m[34;1m   1082040[0m[34;1m    782332[0m[34;1m     25.77[0m[34;1m     46768[0m[34;1m   2016784[0m[34;1m   3486712[0m[31;1m    114.85[0m[34;1m    907536[0m[34;1m   1859804[0m[34;1m      8968[0m
10:37:04   [34;1m    101696[0m[34;1m   1079492[0m[34;1m    784744[0m[34;1m     25.85[0m[34;1m     46768[0m[34;1m   2017148[0m[34;1m   3486712[0m[31;1m    114.85[0m[34;1m    907532[0m[34;1m   1860400[0m[34;1m      9336[0m
10:37:05   [34;1m    135460[0m[34;1m   1108092[0m[34;1m    756320[0m[34;1m     24.91[0m[34;1m     46704[0m[34;1m   2012340[0m[34;1m   3486712[0m[31;1m    114.85[0m[34;1m    905832[0m[34;1m   1857384[0m[34;1m      9828[0m
10:37:06   [34;1m    132536[0m[34;1m   1105644[0m[34;1m    758732[0m[34;1m     24.99[0m[34;1m     46704[0m[34;1m   2012836[0m[34;1m   3482104[0m[31;1m    114.69[0m[34;1m    905960[0m[34;1m   1857232[0m[34;1m     10232[0m
10:37:07   [34;1m    129528[0m[34;1m   1103016[0m[34;1m    761536[0m[34;1m     25.08[0m[34;1m     46708[0m[34;1m   2013124[0m[34;1m   3482104[0m[31;1m    114.69[0m[34;1m    906032[0m[34;1m   1858212[0m[34;1m     10532[0m
10:37:08   [34;1m    124504[0m[34;1m   1098444[0m[34;1m    766060[0m[34;1m     25.23[0m[34;1m     46708[0m[34;1m   2013580[0m[34;1m   3482104[0m[31;1m    114.69[0m[34;1m    906036[0m[34;1m   1859812[0m[34;1m     10984[0m
10:37:09   [34;1m    120488[0m[34;1m   1094816[0m[34;1m    769628[0m[34;1m     25.35[0m[34;1m     46716[0m[34;1m   2014040[0m[34;1m   3482104[0m[31;1m    114.69[0m[34;1m    906044[0m[34;1m   1860612[0m[34;1m     11440[0m
10:37:10   [34;1m    116680[0m[34;1m   1091572[0m[34;1m    772900[0m[34;1m     25.46[0m[34;1m     46720[0m[34;1m   2014504[0m[34;1m   3482104[0m[31;1m    114.69[0m[34;1m    906116[0m[34;1m   1861360[0m[34;1m       140[0m
10:37:11   [34;1m    109708[0m[34;1m   1084932[0m[34;1m    779572[0m[34;1m     25.68[0m[34;1m     46720[0m[34;1m   2014852[0m[34;1m   3482104[0m[31;1m    114.69[0m[34;1m    906124[0m[34;1m   1860532[0m[34;1m       396[0m
10:37:12   [34;1m    106700[0m[34;1m   1082244[0m[34;1m    782272[0m[34;1m     25.77[0m[34;1m     46720[0m[34;1m   2015140[0m[34;1m   3482104[0m[31;1m    114.69[0m[34;1m    906120[0m[34;1m   1861076[0m[34;1m       684[0m
10:37:13   [34;1m    103912[0m[34;1m   1080000[0m[34;1m    784588[0m[34;1m     25.84[0m[34;1m     46732[0m[34;1m   2015632[0m[34;1m   3482104[0m[31;1m    114.69[0m[34;1m    906132[0m[34;1m   1861896[0m[34;1m      1200[0m
10:37:14   [34;1m    128884[0m[34;1m   1105280[0m[34;1m    759180[0m[34;1m     25.01[0m[34;1m     46732[0m[34;1m   2016016[0m[34;1m   3482104[0m[31;1m    114.69[0m[34;1m    906140[0m[34;1m   1862432[0m[34;1m      1580[0m
10:37:15   [34;1m    126004[0m[34;1m   1103016[0m[34;1m    761280[0m[34;1m     25.08[0m[34;1m     46732[0m[34;1m   2016404[0m[34;1m   3482104[0m[31;1m    114.69[0m[34;1m    906132[0m[34;1m   1863916[0m[34;1m      1968[0m
10:37:16   [34;1m    122944[0m[34;1m   1100296[0m[34;1m    763956[0m[34;1m     25.16[0m[34;1m     46732[0m[34;1m   2016808[0m[34;1m   3482104[0m[31;1m    114.69[0m[34;1m    906132[0m[34;1m   1863964[0m[34;1m      2364[0m
10:37:17   [34;1m    120408[0m[34;1m   1098328[0m[34;1m    766072[0m[34;1m     25.23[0m[34;1m     46732[0m[34;1m   2017216[0m[34;1m   3482104[0m[31;1m    114.69[0m[34;1m    906132[0m[34;1m   1864288[0m[34;1m      2776[0m
10:37:18   [34;1m    118984[0m[34;1m   1097232[0m[34;1m    767064[0m[34;1m     25.27[0m[34;1m     46740[0m[34;1m   2017592[0m[34;1m   3482104[0m[31;1m    114.69[0m[34;1m    906140[0m[34;1m   1864560[0m[34;1m      3160[0m
10:37:19   [34;1m    115920[0m[34;1m   1094560[0m[34;1m    769692[0m[34;1m     25.35[0m[34;1m     46740[0m[34;1m   2017984[0m[34;1m   3482104[0m[31;1m    114.69[0m[34;1m    906144[0m[34;1m   1859644[0m[34;1m      3552[0m
10:37:20   [34;1m    112216[0m[34;1m   1091168[0m[34;1m    773128[0m[34;1m     25.47[0m[34;1m     46740[0m[34;1m   2018280[0m[34;1m   3482104[0m[31;1m    114.69[0m[34;1m    906140[0m[34;1m   1859272[0m[34;1m      3848[0m
10:37:21   [34;1m    204552[0m[34;1m   1091772[0m[34;1m    773104[0m[34;1m     25.46[0m[34;1m     46740[0m[34;1m   1927060[0m[34;1m   3482104[0m[31;1m    114.69[0m[34;1m    906152[0m[34;1m   1771464[0m[34;1m       336[0m
10:37:22   [34;1m    203104[0m[34;1m   1090720[0m[34;1m    774036[0m[34;1m     25.50[0m[34;1m     46740[0m[34;1m   1927492[0m[34;1m   3482104[0m[31;1m    114.69[0m[34;1m    906148[0m[34;1m   1772048[0m[34;1m       784[0m
10:37:23   [34;1m    197376[0m[34;1m   1085236[0m[34;1m    779476[0m[34;1m     25.67[0m[34;1m     46740[0m[34;1m   1927852[0m[34;1m   3486712[0m[31;1m    114.85[0m[34;1m    906148[0m[34;1m   1776404[0m[34;1m      1144[0m
10:37:24   [34;1m    192524[0m[34;1m   1080880[0m[34;1m    783940[0m[34;1m     25.82[0m[34;1m     46740[0m[34;1m   1928236[0m[34;1m   3486712[0m[31;1m    114.85[0m[34;1m    906148[0m[34;1m   1777140[0m[34;1m      1528[0m
10:37:25   [34;1m    190188[0m[34;1m   1078936[0m[34;1m    785836[0m[34;1m     25.88[0m[34;1m     46740[0m[34;1m   1928608[0m[34;1m   3486712[0m[31;1m    114.85[0m[34;1m    906148[0m[34;1m   1778056[0m[34;1m      1960[0m
10:37:26   [34;1m    214272[0m[34;1m   1103404[0m[34;1m    761452[0m[34;1m     25.08[0m[34;1m     46740[0m[34;1m   1928924[0m[34;1m   3482104[0m[31;1m    114.69[0m[34;1m    906148[0m[34;1m   1776816[0m[34;1m      2276[0m
10:37:27   [34;1m    210568[0m[34;1m   1100020[0m[34;1m    764740[0m[34;1m     25.19[0m[34;1m     46740[0m[34;1m   1929344[0m[34;1m   3482104[0m[31;1m    114.69[0m[34;1m    906148[0m[34;1m   1776672[0m[34;1m      2692[0m
10:37:28   [34;1m    208004[0m[34;1m   1097848[0m[34;1m    766868[0m[34;1m     25.26[0m[34;1m     46740[0m[34;1m   1929724[0m[34;1m   3482104[0m[31;1m    114.69[0m[34;1m    906148[0m[34;1m   1776684[0m[34;1m      3072[0m
10:37:29   [34;1m    205840[0m[34;1m   1095944[0m[34;1m    768704[0m[34;1m     25.32[0m[34;1m     46744[0m[34;1m   1930072[0m[34;1m   3482104[0m[31;1m    114.69[0m[34;1m    906148[0m[34;1m   1775260[0m[34;1m      3420[0m
10:37:30   [34;1m    203636[0m[34;1m   1094320[0m[34;1m    770480[0m[34;1m     25.38[0m[34;1m     46744[0m[34;1m   1930540[0m[34;1m   3482104[0m[31;1m    114.69[0m[34;1m    906152[0m[34;1m   1775920[0m[34;1m      3888[0m
10:37:31   [34;1m    197572[0m[34;1m   1088500[0m[34;1m    776372[0m[34;1m     25.57[0m[34;1m     46748[0m[34;1m   1930764[0m[34;1m   3482104[0m[31;1m    114.69[0m[34;1m    906156[0m[34;1m   1777848[0m[34;1m      4108[0m
10:37:32   [34;1m    193960[0m[34;1m   1085296[0m[34;1m    779484[0m[34;1m     25.67[0m[34;1m     46748[0m[34;1m   1931248[0m[34;1m   3482104[0m[31;1m    114.69[0m[34;1m    906156[0m[34;1m   1780672[0m[34;1m      4588[0m
10:37:33   [34;1m    191088[0m[34;1m   1082884[0m[34;1m    781824[0m[34;1m     25.75[0m[34;1m     46748[0m[34;1m   1931752[0m[34;1m   3482104[0m[31;1m    114.69[0m[34;1m    906156[0m[34;1m   1781264[0m[34;1m      4992[0m
10:37:34   [34;1m    186052[0m[34;1m   1078336[0m[34;1m    786380[0m[34;1m     25.90[0m[34;1m     46748[0m[34;1m   1932180[0m[34;1m   3482104[0m[31;1m    114.69[0m[34;1m    906228[0m[34;1m   1781308[0m[34;1m      5432[0m
10:37:35   [34;1m    210012[0m[34;1m   1102760[0m[34;1m    762036[0m[34;1m     25.10[0m[34;1m     46748[0m[34;1m   1932632[0m[34;1m   3482104[0m[31;1m    114.69[0m[34;1m    906244[0m[34;1m   1773056[0m[34;1m      5832[0m
10:37:36   [34;1m    206644[0m[34;1m   1099784[0m[34;1m    764976[0m[34;1m     25.20[0m[34;1m     46760[0m[34;1m   1932980[0m[34;1m   3482104[0m[31;1m    114.69[0m[34;1m    906308[0m[34;1m   1775588[0m[34;1m      6176[0m
10:37:37   [34;1m    206140[0m[34;1m   1099640[0m[34;1m    765244[0m[34;1m     25.21[0m[34;1m     46760[0m[34;1m   1933272[0m[34;1m   3482104[0m[31;1m    114.69[0m[34;1m    906308[0m[34;1m   1776228[0m[34;1m      6464[0m
10:37:38   [34;1m    203908[0m[34;1m   1097800[0m[34;1m    766988[0m[34;1m     25.26[0m[34;1m     46760[0m[34;1m   1933728[0m[34;1m   3482104[0m[31;1m    114.69[0m[34;1m    906308[0m[34;1m   1778632[0m[34;1m      6920[0m
10:37:39   [34;1m    200348[0m[34;1m   1094492[0m[34;1m    770140[0m[34;1m     25.37[0m[34;1m     46760[0m[34;1m   1934004[0m[34;1m   3482104[0m[31;1m    114.69[0m[34;1m    906308[0m[34;1m   1779616[0m[34;1m      7196[0m
10:37:40   [34;1m    196308[0m[34;1m   1090816[0m[34;1m    773976[0m[34;1m     25.49[0m[34;1m     46760[0m[34;1m   1934352[0m[34;1m   3482104[0m[31;1m    114.69[0m[34;1m    906308[0m[34;1m   1782316[0m[34;1m      7544[0m
10:37:41   [34;1m    192520[0m[34;1m   1087392[0m[34;1m    777324[0m[34;1m     25.60[0m[34;1m     46764[0m[34;1m   1934724[0m[34;1m   3482104[0m[31;1m    114.69[0m[34;1m    906308[0m[34;1m   1786736[0m[34;1m      7920[0m
10:37:42   [34;1m    188968[0m[34;1m   1084336[0m[34;1m    780476[0m[34;1m     25.71[0m[34;1m     46768[0m[34;1m   1935200[0m[34;1m   3482104[0m[31;1m    114.69[0m[34;1m    906316[0m[34;1m   1787740[0m[34;1m      8388[0m
10:37:43   [34;1m    183244[0m[34;1m   1078908[0m[34;1m    785752[0m[34;1m     25.88[0m[34;1m     46768[0m[34;1m   1935528[0m[34;1m   3486712[0m[31;1m    114.85[0m[34;1m    906316[0m[34;1m   1782860[0m[34;1m      8716[0m
10:37:44   [34;1m    180372[0m[34;1m   1076392[0m[34;1m    788328[0m[34;1m     25.97[0m[34;1m     46768[0m[34;1m   1935884[0m[34;1m   3486712[0m[31;1m    114.85[0m[34;1m    906316[0m[34;1m   1783148[0m[34;1m      9076[0m
10:37:45   [34;1m    176808[0m[34;1m   1073276[0m[34;1m    791372[0m[34;1m     26.07[0m[34;1m     46768[0m[34;1m   1936356[0m[34;1m   3486712[0m[31;1m    114.85[0m[34;1m    906332[0m[34;1m   1783988[0m[34;1m      9532[0m
10:37:46   [34;1m    174704[0m[34;1m   1071528[0m[34;1m    793124[0m[34;1m     26.12[0m[34;1m     46768[0m[34;1m   1936756[0m[34;1m   3482104[0m[31;1m    114.69[0m[34;1m    906332[0m[34;1m   1782936[0m[34;1m      9832[0m
10:37:47   [34;1m    199464[0m[34;1m   1096748[0m[34;1m    768108[0m[34;1m     25.30[0m[34;1m     46772[0m[34;1m   1937096[0m[34;1m   3482104[0m[31;1m    114.69[0m[34;1m    906380[0m[34;1m   1784340[0m[34;1m     10216[0m
10:37:48   [34;1m    198264[0m[34;1m   1095916[0m[34;1m    768744[0m[34;1m     25.32[0m[34;1m     46772[0m[34;1m   1937524[0m[34;1m   3482104[0m[31;1m    114.69[0m[34;1m    906384[0m[34;1m   1785432[0m[34;1m     10652[0m
10:37:49   [34;1m    196100[0m[34;1m   1094180[0m[34;1m    770620[0m[34;1m     25.38[0m[34;1m     46776[0m[34;1m   1937892[0m[34;1m   3482104[0m[31;1m    114.69[0m[34;1m    906384[0m[34;1m   1779404[0m[34;1m     11024[0m
10:37:50   [34;1m    192820[0m[34;1m   1091216[0m[34;1m    773576[0m[34;1m     25.48[0m[34;1m     46776[0m[34;1m   1938204[0m[34;1m   3482104[0m[31;1m    114.69[0m[34;1m    906388[0m[34;1m   1782016[0m[34;1m     11336[0m
10:37:51   [34;1m    188472[0m[34;1m   1087120[0m[34;1m    777572[0m[34;1m     25.61[0m[34;1m     46776[0m[34;1m   1938572[0m[34;1m   3482104[0m[31;1m    114.69[0m[34;1m    906388[0m[34;1m   1782348[0m[34;1m       104[0m
10:37:52   [34;1m    183904[0m[34;1m   1083100[0m[34;1m    781736[0m[34;1m     25.75[0m[34;1m     46796[0m[34;1m   1939024[0m[34;1m   3482104[0m[31;1m    114.69[0m[34;1m    906408[0m[34;1m   1785260[0m[34;1m       504[0m
10:37:53   [34;1m    179752[0m[34;1m   1079260[0m[34;1m    785564[0m[34;1m     25.88[0m[34;1m     46796[0m[34;1m   1939300[0m[34;1m   3482104[0m[31;1m    114.69[0m[34;1m    906408[0m[34;1m   1785840[0m[34;1m       780[0m
10:37:54   [34;1m    175988[0m[34;1m   1075920[0m[34;1m    788852[0m[34;1m     25.98[0m[34;1m     46796[0m[34;1m   1939840[0m[34;1m   3482104[0m[31;1m    114.69[0m[34;1m    906408[0m[34;1m   1789360[0m[34;1m      1320[0m
10:37:55   [34;1m    172752[0m[34;1m   1073100[0m[34;1m    791652[0m[34;1m     26.08[0m[34;1m     46804[0m[34;1m   1940168[0m[34;1m   3482104[0m[31;1m    114.69[0m[34;1m    906416[0m[34;1m   1790056[0m[34;1m      1644[0m
10:37:56   [34;1m    197528[0m[34;1m   1098316[0m[34;1m    766472[0m[34;1m     25.25[0m[34;1m     46804[0m[34;1m   1940580[0m[34;1m   3482104[0m[31;1m    114.69[0m[34;1m    906416[0m[34;1m   1785556[0m[34;1m      2056[0m
10:37:57   [34;1m    194740[0m[34;1m   1095828[0m[34;1m    768916[0m[34;1m     25.33[0m[34;1m     46804[0m[34;1m   1940932[0m[34;1m   3482104[0m[31;1m    114.69[0m[34;1m    906420[0m[34;1m   1785792[0m[34;1m      2304[0m
10:37:58   [34;1m    193540[0m[34;1m   1095064[0m[34;1m    769644[0m[34;1m     25.35[0m[34;1m     46804[0m[34;1m   1941340[0m[34;1m   3482104[0m[31;1m    114.69[0m[34;1m    906420[0m[34;1m   1786292[0m[34;1m      2712[0m
10:37:59   [34;1m    188968[0m[34;1m   1090884[0m[34;1m    773860[0m[34;1m     25.49[0m[34;1m     46804[0m[34;1m   1941716[0m[34;1m   3482104[0m[31;1m    114.69[0m[34;1m    906428[0m[34;1m   1786868[0m[34;1m      3020[0m
10:38:00   [34;1m    187772[0m[34;1m   1089988[0m[34;1m    774704[0m[34;1m     25.52[0m[34;1m     46812[0m[34;1m   1942064[0m[34;1m   3482104[0m[31;1m    114.69[0m[34;1m    906440[0m[34;1m   1787284[0m[34;1m      3408[0m
10:38:01   [34;1m    185136[0m[34;1m   1087816[0m[34;1m    777056[0m[34;1m     25.59[0m[34;1m     46820[0m[34;1m   1942384[0m[34;1m   3482104[0m[31;1m    114.69[0m[34;1m    906440[0m[34;1m   1789580[0m[34;1m      3728[0m
10:38:02   [34;1m    181696[0m[34;1m   1084664[0m[34;1m    779980[0m[34;1m     25.69[0m[34;1m     46820[0m[34;1m   1942768[0m[34;1m   3482104[0m[31;1m    114.69[0m[34;1m    906448[0m[34;1m   1790068[0m[34;1m      3912[0m
