Linux 6.6.95 (ssp-study) 	04/16/26 	_x86_64_	(2 CPU)

18:34:55    kbmemfree   kbavail kbmemused  %memused kbbuffers  kbcached  kbcommit   %commit  kbactive   kbinact   kbdirty
18:34:56   [34;1m   1021076[0m[34;1m   1816476[0m[34;1m    716464[0m[34;1m     18.84[0m[34;1m     96388[0m[34;1m   1857828[0m[34;1m   3897504[0m[31;1m    102.48[0m[34;1m   1193736[0m[34;1m   1410580[0m[34;1m       352[0m
18:34:57   [34;1m   1021076[0m[34;1m   1816480[0m[34;1m    716456[0m[34;1m     18.84[0m[34;1m     96392[0m[34;1m   1857832[0m[34;1m   3897504[0m[31;1m    102.48[0m[34;1m   1193736[0m[34;1m   1410588[0m[34;1m       352[0m
18:34:58   [34;1m   1021076[0m[34;1m   1816520[0m[34;1m    716420[0m[34;1m     18.84[0m[34;1m     96408[0m[34;1m   1857852[0m[34;1m   3897504[0m[31;1m    102.48[0m[34;1m   1193756[0m[34;1m   1410608[0m[34;1m       364[0m
18:34:59   [34;1m   1021076[0m[34;1m   1816520[0m[34;1m    716420[0m[34;1m     18.84[0m[34;1m     96408[0m[34;1m   1857852[0m[34;1m   3897504[0m[31;1m    102.48[0m[34;1m   1193756[0m[34;1m   1410608[0m[34;1m       364[0m
18:35:00   [34;1m   1019312[0m[34;1m   1814756[0m[34;1m    718184[0m[34;1m     18.88[0m[34;1m     96408[0m[34;1m   1857852[0m[34;1m   3897504[0m[31;1m    102.48[0m[34;1m   1193752[0m[34;1m   1410708[0m[34;1m       364[0m
18:35:01   [34;1m   1019312[0m[34;1m   1814756[0m[34;1m    718184[0m[34;1m     18.88[0m[34;1m     96408[0m[34;1m   1857852[0m[34;1m   3897504[0m[31;1m    102.48[0m[34;1m   1193756[0m[34;1m   1410616[0m[34;1m       364[0m
18:35:02   [34;1m   1019312[0m[34;1m   1814756[0m[34;1m    718184[0m[34;1m     18.88[0m[34;1m     96408[0m[34;1m   1857852[0m[34;1m   3897504[0m[31;1m    102.48[0m[34;1m   1193756[0m[34;1m   1410332[0m[34;1m       364[0m
18:35:03   [34;1m   1019312[0m[34;1m   1814756[0m[34;1m    718160[0m[34;1m     18.88[0m[34;1m     96412[0m[34;1m   1857848[0m[34;1m   3897504[0m[31;1m    102.48[0m[34;1m   1193756[0m[34;1m   1410436[0m[34;1m       364[0m
18:35:04   [34;1m   1019312[0m[34;1m   1814764[0m[34;1m    718144[0m[34;1m     18.88[0m[34;1m     96416[0m[34;1m   1857860[0m[34;1m   3897504[0m[31;1m    102.48[0m[34;1m   1193760[0m[34;1m   1410440[0m[34;1m       368[0m
18:35:05   [34;1m   1018556[0m[34;1m   1814012[0m[34;1m    718908[0m[34;1m     18.90[0m[34;1m     96416[0m[34;1m   1857860[0m[34;1m   3897504[0m[31;1m    102.48[0m[34;1m   1193764[0m[34;1m   1410140[0m[34;1m       368[0m
18:35:06   [34;1m   1018556[0m[34;1m   1814016[0m[34;1m    718876[0m[34;1m     18.90[0m[34;1m     96416[0m[34;1m   1857860[0m[34;1m   3897504[0m[31;1m    102.48[0m[34;1m   1193764[0m[34;1m   1409860[0m[34;1m       368[0m
18:35:07   [34;1m   1018556[0m[34;1m   1814016[0m[34;1m    718880[0m[34;1m     18.90[0m[34;1m     96416[0m[34;1m   1857860[0m[34;1m   3897504[0m[31;1m    102.48[0m[34;1m   1193764[0m[34;1m   1409780[0m[34;1m       368[0m
18:35:08   [34;1m   1018556[0m[34;1m   1814020[0m[34;1m    718876[0m[34;1m     18.90[0m[34;1m     96420[0m[34;1m   1857864[0m[34;1m   3897504[0m[31;1m    102.48[0m[34;1m   1193764[0m[34;1m   1409784[0m[34;1m       368[0m
18:35:09   [34;1m   1018556[0m[34;1m   1814024[0m[34;1m    718880[0m[34;1m     18.90[0m[34;1m     96420[0m[34;1m   1857864[0m[34;1m   3897504[0m[31;1m    102.48[0m[34;1m   1193768[0m[34;1m   1409784[0m[34;1m       368[0m
18:35:10   [34;1m   1017548[0m[34;1m   1813016[0m[34;1m    719896[0m[34;1m     18.93[0m[34;1m     96420[0m[34;1m   1857864[0m[34;1m   3897504[0m[31;1m    102.48[0m[34;1m   1193760[0m[34;1m   1409832[0m[34;1m       364[0m
18:35:11   [34;1m   1017548[0m[34;1m   1813016[0m[34;1m    719896[0m[34;1m     18.93[0m[34;1m     96420[0m[34;1m   1857864[0m[34;1m   3897504[0m[31;1m    102.48[0m[34;1m   1193768[0m[34;1m   1409884[0m[34;1m       364[0m
18:35:12   [34;1m   1017548[0m[34;1m   1813016[0m[34;1m    719900[0m[34;1m     18.93[0m[34;1m     96420[0m[34;1m   1857864[0m[34;1m   3897504[0m[31;1m    102.48[0m[34;1m   1193768[0m[34;1m   1409884[0m[34;1m       364[0m
18:35:13   [34;1m   1017324[0m[34;1m   1812812[0m[34;1m    720104[0m[34;1m     18.93[0m[34;1m     96432[0m[34;1m   1857872[0m[34;1m   3897824[0m[31;1m    102.49[0m[34;1m   1193780[0m[34;1m   1410672[0m[34;1m       364[0m
18:35:14   [34;1m   1017324[0m[34;1m   1812816[0m[34;1m    720092[0m[34;1m     18.93[0m[34;1m     96436[0m[34;1m   1857876[0m[34;1m   3898080[0m[31;1m    102.49[0m[34;1m   1193780[0m[34;1m   1409976[0m[34;1m       364[0m
18:35:15   [34;1m   1017072[0m[34;1m   1812568[0m[34;1m    720344[0m[34;1m     18.94[0m[34;1m     96436[0m[34;1m   1857876[0m[34;1m   3898080[0m[31;1m    102.49[0m[34;1m   1193784[0m[34;1m   1410124[0m[34;1m       308[0m
18:35:16   [34;1m   1017072[0m[34;1m   1812568[0m[34;1m    720344[0m[34;1m     18.94[0m[34;1m     96436[0m[34;1m   1857876[0m[34;1m   3898080[0m[31;1m    102.49[0m[34;1m   1193784[0m[34;1m   1410060[0m[34;1m       312[0m
18:35:17   [34;1m   1017072[0m[34;1m   1812568[0m[34;1m    720344[0m[34;1m     18.94[0m[34;1m     96436[0m[34;1m   1857876[0m[34;1m   3898080[0m[31;1m    102.49[0m[34;1m   1193784[0m[34;1m   1410092[0m[34;1m       312[0m
18:35:18   [34;1m   1017072[0m[34;1m   1812568[0m[34;1m    720344[0m[34;1m     18.94[0m[34;1m     96440[0m[34;1m   1857872[0m[34;1m   3898080[0m[31;1m    102.49[0m[34;1m   1193784[0m[34;1m   1410092[0m[34;1m       312[0m
18:35:19   [34;1m   1017072[0m[34;1m   1812576[0m[34;1m    720336[0m[34;1m     18.94[0m[34;1m     96440[0m[34;1m   1857880[0m[34;1m   3898080[0m[31;1m    102.49[0m[34;1m   1193788[0m[34;1m   1410156[0m[34;1m       316[0m
18:35:20   [34;1m   1017072[0m[34;1m   1812576[0m[34;1m    720336[0m[34;1m     18.94[0m[34;1m     96440[0m[34;1m   1857880[0m[34;1m   3898080[0m[31;1m    102.49[0m[34;1m   1193788[0m[34;1m   1410264[0m[34;1m       312[0m
18:35:21   [34;1m   1017072[0m[34;1m   1812576[0m[34;1m    720304[0m[34;1m     18.94[0m[34;1m     96440[0m[34;1m   1857880[0m[34;1m   3898080[0m[31;1m    102.49[0m[34;1m   1193788[0m[34;1m   1410264[0m[34;1m       312[0m
18:35:22   [34;1m   1017072[0m[34;1m   1812576[0m[34;1m    720304[0m[34;1m     18.94[0m[34;1m     96440[0m[34;1m   1857880[0m[34;1m   3898080[0m[31;1m    102.49[0m[34;1m   1193788[0m[34;1m   1410264[0m[34;1m       312[0m
18:35:23   [34;1m   1017072[0m[34;1m   1812576[0m[34;1m    720300[0m[34;1m     18.94[0m[34;1m     96448[0m[34;1m   1857872[0m[34;1m   3898080[0m[31;1m    102.49[0m[34;1m   1193788[0m[34;1m   1410140[0m[34;1m       312[0m
18:35:24   [34;1m   1017072[0m[34;1m   1812584[0m[34;1m    720288[0m[34;1m     18.94[0m[34;1m     96448[0m[34;1m   1857884[0m[34;1m   3898080[0m[31;1m    102.49[0m[34;1m   1193792[0m[34;1m   1410152[0m[34;1m       312[0m
18:35:25   [34;1m   1017072[0m[34;1m   1812588[0m[34;1m    720288[0m[34;1m     18.94[0m[34;1m     96448[0m[34;1m   1857884[0m[34;1m   3898080[0m[31;1m    102.49[0m[34;1m   1193792[0m[34;1m   1410264[0m[34;1m       312[0m
18:35:26   [34;1m   1017072[0m[34;1m   1812588[0m[34;1m    720288[0m[34;1m     18.94[0m[34;1m     96456[0m[34;1m   1857876[0m[34;1m   3898080[0m[31;1m    102.49[0m[34;1m   1193796[0m[34;1m   1410228[0m[34;1m       312[0m
18:35:27   [34;1m   1017072[0m[34;1m   1812604[0m[34;1m    720272[0m[34;1m     18.94[0m[34;1m     96456[0m[34;1m   1857892[0m[34;1m   3898080[0m[31;1m    102.49[0m[34;1m   1193804[0m[34;1m   1410260[0m[34;1m       316[0m
18:35:28   [34;1m   1017072[0m[34;1m   1812612[0m[34;1m    720264[0m[34;1m     18.94[0m[34;1m     96468[0m[34;1m   1857888[0m[34;1m   3898080[0m[31;1m    102.49[0m[34;1m   1193808[0m[34;1m   1410488[0m[34;1m       316[0m
18:35:29   [34;1m   1017072[0m[34;1m   1812616[0m[34;1m    720252[0m[34;1m     18.94[0m[34;1m     96468[0m[34;1m   1857900[0m[34;1m   3898080[0m[31;1m    102.49[0m[34;1m   1193808[0m[34;1m   1410520[0m[34;1m       316[0m
18:35:30   [34;1m   1016316[0m[34;1m   1811868[0m[34;1m    721008[0m[34;1m     18.96[0m[34;1m     96468[0m[34;1m   1857900[0m[34;1m   3898080[0m[31;1m    102.49[0m[34;1m   1193816[0m[34;1m   1410532[0m[34;1m       308[0m
18:35:31   [34;1m   1016316[0m[34;1m   1811868[0m[34;1m    721008[0m[34;1m     18.96[0m[34;1m     96468[0m[34;1m   1857900[0m[34;1m   3898080[0m[31;1m    102.49[0m[34;1m   1193816[0m[34;1m   1410544[0m[34;1m       308[0m
18:35:32   [34;1m   1016064[0m[34;1m   1811616[0m[34;1m    721256[0m[34;1m     18.96[0m[34;1m     96468[0m[34;1m   1857900[0m[34;1m   3898080[0m[31;1m    102.49[0m[34;1m   1193816[0m[34;1m   1410344[0m[34;1m       308[0m
18:35:33   [34;1m   1016064[0m[34;1m   1811616[0m[34;1m    721256[0m[34;1m     18.96[0m[34;1m     96468[0m[34;1m   1857900[0m[34;1m   3898080[0m[31;1m    102.49[0m[34;1m   1193816[0m[34;1m   1410704[0m[34;1m       308[0m
18:35:34   [34;1m   1014804[0m[34;1m   1810372[0m[34;1m    722500[0m[34;1m     19.00[0m[34;1m     96476[0m[34;1m   1857904[0m[34;1m   3898080[0m[31;1m    102.49[0m[34;1m   1193824[0m[34;1m   1411080[0m[34;1m       324[0m
18:35:35   [34;1m   1013040[0m[34;1m   1808608[0m[34;1m    724260[0m[34;1m     19.04[0m[34;1m     96476[0m[34;1m   1857904[0m[34;1m   3898080[0m[31;1m    102.49[0m[34;1m   1193828[0m[34;1m   1411056[0m[34;1m       324[0m
18:35:36   [34;1m   1013040[0m[34;1m   1808608[0m[34;1m    724264[0m[34;1m     19.04[0m[34;1m     96480[0m[34;1m   1857900[0m[34;1m   3898080[0m[31;1m    102.49[0m[34;1m   1193824[0m[34;1m   1410872[0m[34;1m       324[0m
18:35:37   [34;1m   1013040[0m[34;1m   1808616[0m[34;1m    724256[0m[34;1m     19.04[0m[34;1m     96480[0m[34;1m   1857908[0m[34;1m   3898080[0m[31;1m    102.49[0m[34;1m   1193828[0m[34;1m   1410820[0m[34;1m       324[0m
18:35:38   [34;1m   1013040[0m[34;1m   1808616[0m[34;1m    724256[0m[34;1m     19.04[0m[34;1m     96480[0m[34;1m   1857908[0m[34;1m   3898080[0m[31;1m    102.49[0m[34;1m   1193828[0m[34;1m   1410820[0m[34;1m       324[0m
18:35:39   [34;1m   1013040[0m[34;1m   1808616[0m[34;1m    724256[0m[34;1m     19.04[0m[34;1m     96480[0m[34;1m   1857908[0m[34;1m   3898080[0m[31;1m    102.49[0m[34;1m   1193828[0m[34;1m   1411204[0m[34;1m       324[0m
18:35:40   [34;1m   1013040[0m[34;1m   1808616[0m[34;1m    724256[0m[34;1m     19.04[0m[34;1m     96480[0m[34;1m   1857908[0m[34;1m   3898080[0m[31;1m    102.49[0m[34;1m   1193828[0m[34;1m   1411304[0m[34;1m        24[0m
18:35:41   [34;1m   1013040[0m[34;1m   1808616[0m[34;1m    724256[0m[34;1m     19.04[0m[34;1m     96480[0m[34;1m   1857908[0m[34;1m   3898080[0m[31;1m    102.49[0m[34;1m   1193828[0m[34;1m   1411280[0m[34;1m         8[0m
18:35:42   [34;1m   1012816[0m[34;1m   1808396[0m[34;1m    724476[0m[34;1m     19.05[0m[34;1m     96488[0m[34;1m   1857904[0m[34;1m   3898080[0m[31;1m    102.49[0m[34;1m   1193832[0m[34;1m   1411292[0m[34;1m        16[0m
18:35:43   [34;1m   1012816[0m[34;1m   1808420[0m[34;1m    724452[0m[34;1m     19.05[0m[34;1m     96492[0m[34;1m   1857924[0m[34;1m   3898080[0m[31;1m    102.49[0m[34;1m   1193840[0m[34;1m   1411916[0m[34;1m        32[0m
18:35:44   [34;1m   1012816[0m[34;1m   1808420[0m[34;1m    724452[0m[34;1m     19.05[0m[34;1m     96492[0m[34;1m   1857924[0m[34;1m   3898080[0m[31;1m    102.49[0m[34;1m   1193840[0m[34;1m   1411892[0m[34;1m        32[0m
18:35:45   [34;1m   1012816[0m[34;1m   1808420[0m[34;1m    724452[0m[34;1m     19.05[0m[34;1m     96492[0m[34;1m   1857924[0m[34;1m   3898080[0m[31;1m    102.49[0m[34;1m   1193840[0m[34;1m   1411904[0m[34;1m        32[0m
18:35:46   [34;1m   1012816[0m[34;1m   1808420[0m[34;1m    724452[0m[34;1m     19.05[0m[34;1m     96492[0m[34;1m   1857924[0m[34;1m   3898080[0m[31;1m    102.49[0m[34;1m   1193840[0m[34;1m   1411904[0m[34;1m        32[0m
18:35:47   [34;1m   1012816[0m[34;1m   1808436[0m[34;1m    724436[0m[34;1m     19.05[0m[34;1m     96500[0m[34;1m   1857932[0m[34;1m   3898080[0m[31;1m    102.49[0m[34;1m   1193848[0m[34;1m   1411920[0m[34;1m        36[0m
18:35:48   [34;1m   1012816[0m[34;1m   1808436[0m[34;1m    724436[0m[34;1m     19.05[0m[34;1m     96500[0m[34;1m   1857932[0m[34;1m   3898080[0m[31;1m    102.49[0m[34;1m   1193848[0m[34;1m   1411920[0m[34;1m        36[0m
18:35:49   [34;1m   1012816[0m[34;1m   1808436[0m[34;1m    724436[0m[34;1m     19.05[0m[34;1m     96500[0m[34;1m   1857932[0m[34;1m   3898080[0m[31;1m    102.49[0m[34;1m   1193848[0m[34;1m   1411944[0m[34;1m        36[0m
18:35:50   [34;1m   1012816[0m[34;1m   1808436[0m[34;1m    724436[0m[34;1m     19.05[0m[34;1m     96500[0m[34;1m   1857932[0m[34;1m   3898080[0m[31;1m    102.49[0m[34;1m   1193848[0m[34;1m   1412044[0m[34;1m        36[0m
18:35:51   [34;1m   1012816[0m[34;1m   1808436[0m[34;1m    724436[0m[34;1m     19.05[0m[34;1m     96500[0m[34;1m   1857932[0m[34;1m   3898080[0m[31;1m    102.49[0m[34;1m   1193848[0m[34;1m   1411952[0m[34;1m        24[0m
18:35:52   [34;1m   1012816[0m[34;1m   1808436[0m[34;1m    724432[0m[34;1m     19.05[0m[34;1m     96504[0m[34;1m   1857932[0m[34;1m   3898080[0m[31;1m    102.49[0m[34;1m   1193848[0m[34;1m   1411952[0m[34;1m        36[0m
18:35:53   [34;1m   1012816[0m[34;1m   1808448[0m[34;1m    724420[0m[34;1m     19.05[0m[34;1m     96508[0m[34;1m   1857936[0m[34;1m   3898080[0m[31;1m    102.49[0m[34;1m   1193856[0m[34;1m   1412196[0m[34;1m        40[0m
18:35:54   [34;1m   1012816[0m[34;1m   1808448[0m[34;1m    724420[0m[34;1m     19.05[0m[34;1m     96508[0m[34;1m   1857936[0m[34;1m   3898080[0m[31;1m    102.49[0m[34;1m   1193856[0m[34;1m   1412244[0m[34;1m        40[0m
18:35:55   [34;1m   1012816[0m[34;1m   1808448[0m[34;1m    724420[0m[34;1m     19.05[0m[34;1m     96508[0m[34;1m   1857936[0m[34;1m   3898080[0m[31;1m    102.49[0m[34;1m   1193856[0m[34;1m   1412400[0m[34;1m        40[0m
18:35:56   [34;1m   1012816[0m[34;1m   1808448[0m[34;1m    724428[0m[34;1m     19.05[0m[34;1m     96508[0m[34;1m   1857936[0m[34;1m   3898080[0m[31;1m    102.49[0m[34;1m   1193856[0m[34;1m   1412316[0m[34;1m        40[0m
18:35:57   [34;1m   1012816[0m[34;1m   1808452[0m[34;1m    724420[0m[34;1m     19.05[0m[34;1m     96512[0m[34;1m   1857940[0m[34;1m   3898080[0m[31;1m    102.49[0m[34;1m   1193856[0m[34;1m   1412320[0m[34;1m        40[0m
18:35:58   [34;1m   1012816[0m[34;1m   1808464[0m[34;1m    724412[0m[34;1m     19.05[0m[34;1m     96512[0m[34;1m   1857948[0m[34;1m   3898080[0m[31;1m    102.49[0m[34;1m   1193860[0m[34;1m   1412028[0m[34;1m        40[0m
18:35:59   [34;1m   1012816[0m[34;1m   1808464[0m[34;1m    724412[0m[34;1m     19.05[0m[34;1m     96512[0m[34;1m   1857948[0m[34;1m   3898080[0m[31;1m    102.49[0m[34;1m   1193860[0m[34;1m   1412096[0m[34;1m        40[0m
18:36:00   [34;1m   1012816[0m[34;1m   1808464[0m[34;1m    724412[0m[34;1m     19.05[0m[34;1m     96512[0m[34;1m   1857948[0m[34;1m   3898080[0m[31;1m    102.49[0m[34;1m   1193860[0m[34;1m   1412196[0m[34;1m        40[0m
18:36:01   [34;1m   1012816[0m[34;1m   1808464[0m[34;1m    724412[0m[34;1m     19.05[0m[34;1m     96512[0m[34;1m   1857948[0m[34;1m   3898080[0m[31;1m    102.49[0m[34;1m   1193860[0m[34;1m   1412124[0m[34;1m        40[0m
18:36:02   [34;1m   1012816[0m[34;1m   1808464[0m[34;1m    724412[0m[34;1m     19.05[0m[34;1m     96512[0m[34;1m   1857948[0m[34;1m   3898080[0m[31;1m    102.49[0m[34;1m   1193860[0m[34;1m   1411924[0m[34;1m        40[0m
18:36:03   [34;1m   1012816[0m[34;1m   1808472[0m[34;1m    724404[0m[34;1m     19.05[0m[34;1m     96516[0m[34;1m   1857952[0m[34;1m   3898080[0m[31;1m    102.49[0m[34;1m   1193864[0m[34;1m   1412020[0m[34;1m        40[0m
18:36:04   [34;1m   1012816[0m[34;1m   1808472[0m[34;1m    724404[0m[34;1m     19.05[0m[34;1m     96516[0m[34;1m   1857952[0m[34;1m   3898080[0m[31;1m    102.49[0m[34;1m   1193864[0m[34;1m   1412020[0m[34;1m        40[0m
18:36:05   [34;1m   1012816[0m[34;1m   1808472[0m[34;1m    724404[0m[34;1m     19.05[0m[34;1m     96516[0m[34;1m   1857952[0m[34;1m   3938976[0m[31;1m    103.57[0m[34;1m   1193864[0m[34;1m   1412744[0m[34;1m        40[0m
18:36:06   [34;1m   1012816[0m[34;1m   1808472[0m[34;1m    724408[0m[34;1m     19.05[0m[34;1m     96516[0m[34;1m   1857952[0m[34;1m   3898080[0m[31;1m    102.49[0m[34;1m   1193864[0m[34;1m   1411868[0m[34;1m        40[0m
18:36:07   [34;1m   1012816[0m[34;1m   1808484[0m[34;1m    724396[0m[34;1m     19.05[0m[34;1m     96524[0m[34;1m   1857956[0m[34;1m   3898080[0m[31;1m    102.49[0m[34;1m   1193872[0m[34;1m   1411824[0m[34;1m        40[0m
18:36:08   [34;1m   1012816[0m[34;1m   1808484[0m[34;1m    724396[0m[34;1m     19.05[0m[34;1m     96524[0m[34;1m   1857956[0m[34;1m   3898080[0m[31;1m    102.49[0m[34;1m   1193872[0m[34;1m   1411824[0m[34;1m        40[0m
18:36:09   [34;1m   1012816[0m[34;1m   1808484[0m[34;1m    724392[0m[34;1m     19.05[0m[34;1m     96524[0m[34;1m   1857960[0m[34;1m   3898080[0m[31;1m    102.49[0m[34;1m   1193872[0m[34;1m   1411824[0m[34;1m        44[0m
18:36:10   [34;1m   1012816[0m[34;1m   1808484[0m[34;1m    724392[0m[34;1m     19.05[0m[34;1m     96524[0m[34;1m   1857960[0m[34;1m   3898080[0m[31;1m    102.49[0m[34;1m   1193872[0m[34;1m   1411824[0m[34;1m        44[0m
18:36:11   [34;1m   1012820[0m[34;1m   1808496[0m[34;1m    724384[0m[34;1m     19.05[0m[34;1m     96524[0m[34;1m   1857964[0m[34;1m   3898080[0m[31;1m    102.49[0m[34;1m   1193872[0m[34;1m   1411876[0m[34;1m        44[0m
18:36:12   [34;1m   1012820[0m[34;1m   1808496[0m[34;1m    724384[0m[34;1m     19.05[0m[34;1m     96524[0m[34;1m   1857964[0m[34;1m   3898080[0m[31;1m    102.49[0m[34;1m   1193872[0m[34;1m   1411876[0m[34;1m        44[0m
18:36:13   [34;1m   1012820[0m[34;1m   1808512[0m[34;1m    724364[0m[34;1m     19.05[0m[34;1m     96528[0m[34;1m   1857976[0m[34;1m   3898080[0m[31;1m    102.49[0m[34;1m   1193876[0m[34;1m   1412324[0m[34;1m        36[0m
18:36:14   [34;1m   1012820[0m[34;1m   1808512[0m[34;1m    724368[0m[34;1m     19.05[0m[34;1m     96528[0m[34;1m   1857976[0m[34;1m   3898080[0m[31;1m    102.49[0m[34;1m   1193876[0m[34;1m   1412252[0m[34;1m        36[0m
18:36:15   [34;1m   1012820[0m[34;1m   1808512[0m[34;1m    724368[0m[34;1m     19.05[0m[34;1m     96528[0m[34;1m   1857976[0m[34;1m   3898080[0m[31;1m    102.49[0m[34;1m   1193876[0m[34;1m   1412276[0m[34;1m        36[0m
18:36:16   [34;1m   1012820[0m[34;1m   1808516[0m[34;1m    724364[0m[34;1m     19.05[0m[34;1m     96536[0m[34;1m   1857980[0m[34;1m   3898080[0m[31;1m    102.49[0m[34;1m   1193876[0m[34;1m   1412280[0m[34;1m        24[0m
18:36:17   [34;1m   1012820[0m[34;1m   1808524[0m[34;1m    724364[0m[34;1m     19.05[0m[34;1m     96536[0m[34;1m   1857980[0m[34;1m   3898080[0m[31;1m    102.49[0m[34;1m   1193884[0m[34;1m   1412280[0m[34;1m        24[0m
18:36:18   [34;1m   1012820[0m[34;1m   1808524[0m[34;1m    724364[0m[34;1m     19.05[0m[34;1m     96536[0m[34;1m   1857980[0m[34;1m   3898080[0m[31;1m    102.49[0m[34;1m   1193884[0m[34;1m   1412280[0m[34;1m        24[0m
18:36:19   [34;1m   1012820[0m[34;1m   1808524[0m[34;1m    724364[0m[34;1m     19.05[0m[34;1m     96536[0m[34;1m   1857980[0m[34;1m   3898080[0m[31;1m    102.49[0m[34;1m   1193884[0m[34;1m   1412288[0m[34;1m        24[0m
18:36:20   [34;1m   1012820[0m[34;1m   1808524[0m[34;1m    724364[0m[34;1m     19.05[0m[34;1m     96536[0m[34;1m   1857980[0m[34;1m   3898080[0m[31;1m    102.49[0m[34;1m   1193884[0m[34;1m   1412288[0m[34;1m        24[0m
18:36:21   [34;1m   1012820[0m[34;1m   1808528[0m[34;1m    724356[0m[34;1m     19.05[0m[34;1m     96540[0m[34;1m   1857984[0m[34;1m   3898080[0m[31;1m    102.49[0m[34;1m   1193884[0m[34;1m   1412324[0m[34;1m        36[0m
18:36:22   [34;1m   1012820[0m[34;1m   1808532[0m[34;1m    724356[0m[34;1m     19.05[0m[34;1m     96540[0m[34;1m   1857984[0m[34;1m   3898080[0m[31;1m    102.49[0m[34;1m   1193888[0m[34;1m   1412324[0m[34;1m        36[0m
18:36:23   [34;1m   1012820[0m[34;1m   1808532[0m[34;1m    724356[0m[34;1m     19.05[0m[34;1m     96540[0m[34;1m   1857984[0m[34;1m   3898080[0m[31;1m    102.49[0m[34;1m   1193888[0m[34;1m   1412596[0m[34;1m        36[0m
18:36:24   [34;1m   1012820[0m[34;1m   1808532[0m[34;1m    724356[0m[34;1m     19.05[0m[34;1m     96540[0m[34;1m   1857984[0m[34;1m   3898080[0m[31;1m    102.49[0m[34;1m   1193888[0m[34;1m   1412596[0m[34;1m        36[0m
18:36:25   [34;1m   1012820[0m[34;1m   1808540[0m[34;1m    724348[0m[34;1m     19.05[0m[34;1m     96544[0m[34;1m   1857988[0m[34;1m   3898080[0m[31;1m    102.49[0m[34;1m   1193892[0m[34;1m   1412700[0m[34;1m        36[0m
18:36:26   [34;1m   1012580[0m[34;1m   1808300[0m[34;1m    724588[0m[34;1m     19.05[0m[34;1m     96544[0m[34;1m   1857988[0m[34;1m   3898080[0m[31;1m    102.49[0m[34;1m   1193892[0m[34;1m   1412728[0m[34;1m        36[0m
18:36:27   [34;1m   1012580[0m[34;1m   1808300[0m[34;1m    724588[0m[34;1m     19.05[0m[34;1m     96544[0m[34;1m   1857988[0m[34;1m   3898080[0m[31;1m    102.49[0m[34;1m   1193892[0m[34;1m   1412752[0m[34;1m        32[0m
18:36:28   [34;1m   1012580[0m[34;1m   1808316[0m[34;1m    724572[0m[34;1m     19.05[0m[34;1m     96552[0m[34;1m   1857996[0m[34;1m   3898080[0m[31;1m    102.49[0m[34;1m   1193900[0m[34;1m   1412768[0m[34;1m        40[0m
18:36:29   [34;1m   1012580[0m[34;1m   1808316[0m[34;1m    724572[0m[34;1m     19.05[0m[34;1m     96552[0m[34;1m   1857996[0m[34;1m   3898080[0m[31;1m    102.49[0m[34;1m   1193900[0m[34;1m   1412816[0m[34;1m        40[0m
18:36:30   [34;1m   1012580[0m[34;1m   1808316[0m[34;1m    724572[0m[34;1m     19.05[0m[34;1m     96552[0m[34;1m   1857996[0m[34;1m   3898080[0m[31;1m    102.49[0m[34;1m   1193900[0m[34;1m   1412816[0m[34;1m        40[0m
18:36:31   [34;1m   1012580[0m[34;1m   1808324[0m[34;1m    724568[0m[34;1m     19.05[0m[34;1m     96552[0m[34;1m   1858004[0m[34;1m   3898080[0m[31;1m    102.49[0m[34;1m   1193900[0m[34;1m   1412400[0m[34;1m        44[0m
18:36:32   [34;1m   1012580[0m[34;1m   1808324[0m[34;1m    724564[0m[34;1m     19.05[0m[34;1m     96552[0m[34;1m   1858004[0m[34;1m   3898080[0m[31;1m    102.49[0m[34;1m   1193900[0m[34;1m   1412200[0m[34;1m        44[0m
18:36:33   [34;1m   1012580[0m[34;1m   1808324[0m[34;1m    724564[0m[34;1m     19.05[0m[34;1m     96552[0m[34;1m   1858004[0m[34;1m   3898080[0m[31;1m    102.49[0m[34;1m   1193900[0m[34;1m   1412300[0m[34;1m        44[0m
18:36:34   [34;1m   1009808[0m[34;1m   1805552[0m[34;1m    727336[0m[34;1m     19.12[0m[34;1m     96552[0m[34;1m   1858004[0m[34;1m   3898080[0m[31;1m    102.49[0m[34;1m   1193900[0m[34;1m   1412500[0m[34;1m        44[0m
18:36:35   [34;1m   1009808[0m[34;1m   1805560[0m[34;1m    727320[0m[34;1m     19.12[0m[34;1m     96556[0m[34;1m   1858008[0m[34;1m   3898080[0m[31;1m    102.49[0m[34;1m   1193904[0m[34;1m   1412396[0m[34;1m        44[0m
18:36:36   [34;1m   1007288[0m[34;1m   1803040[0m[34;1m    729840[0m[34;1m     19.19[0m[34;1m     96556[0m[34;1m   1858008[0m[34;1m   3898080[0m[31;1m    102.49[0m[34;1m   1193904[0m[34;1m   1412208[0m[34;1m        44[0m
18:36:37   [34;1m   1007288[0m[34;1m   1803040[0m[34;1m    729840[0m[34;1m     19.19[0m[34;1m     96556[0m[34;1m   1858008[0m[34;1m   3898080[0m[31;1m    102.49[0m[34;1m   1193904[0m[34;1m   1412128[0m[34;1m        44[0m
18:36:38   [34;1m   1007288[0m[34;1m   1803040[0m[34;1m    729840[0m[34;1m     19.19[0m[34;1m     96556[0m[34;1m   1858008[0m[34;1m   3898080[0m[31;1m    102.49[0m[34;1m   1193904[0m[34;1m   1412128[0m[34;1m        44[0m
18:36:39   [34;1m   1007288[0m[34;1m   1803048[0m[34;1m    729832[0m[34;1m     19.19[0m[34;1m     96560[0m[34;1m   1858012[0m[34;1m   3898080[0m[31;1m    102.49[0m[34;1m   1193904[0m[34;1m   1412188[0m[34;1m        44[0m
18:36:40   [34;1m   1007036[0m[34;1m   1802796[0m[34;1m    730084[0m[34;1m     19.20[0m[34;1m     96560[0m[34;1m   1858012[0m[34;1m   3898080[0m[31;1m    102.49[0m[34;1m   1193904[0m[34;1m   1412188[0m[34;1m        44[0m
18:36:41   [34;1m   1007036[0m[34;1m   1802796[0m[34;1m    730084[0m[34;1m     19.20[0m[34;1m     96560[0m[34;1m   1858012[0m[34;1m   3898080[0m[31;1m    102.49[0m[34;1m   1193908[0m[34;1m   1412196[0m[34;1m        44[0m
18:36:42   [34;1m   1007036[0m[34;1m   1802796[0m[34;1m    730084[0m[34;1m     19.20[0m[34;1m     96560[0m[34;1m   1858012[0m[34;1m   3898080[0m[31;1m    102.49[0m[34;1m   1193908[0m[34;1m   1412196[0m[34;1m        44[0m
18:36:43   [34;1m   1007036[0m[34;1m   1802824[0m[34;1m    730052[0m[34;1m     19.20[0m[34;1m     96576[0m[34;1m   1858024[0m[34;1m   3898080[0m[31;1m    102.49[0m[34;1m   1193924[0m[34;1m   1412700[0m[34;1m        48[0m
18:36:44   [34;1m   1007036[0m[34;1m   1802824[0m[34;1m    730052[0m[34;1m     19.20[0m[34;1m     96576[0m[34;1m   1858024[0m[34;1m   3899744[0m[31;1m    102.54[0m[34;1m   1193924[0m[34;1m   1413640[0m[34;1m        16[0m
18:36:45   [34;1m   1007036[0m[34;1m   1802824[0m[34;1m    730052[0m[34;1m     19.20[0m[34;1m     96584[0m[34;1m   1858016[0m[34;1m   3899744[0m[31;1m    102.54[0m[34;1m   1193924[0m[34;1m   1413796[0m[34;1m        16[0m
18:36:46   [34;1m   1007036[0m[34;1m   1802836[0m[34;1m    730052[0m[34;1m     19.20[0m[34;1m     96584[0m[34;1m   1858028[0m[34;1m   3899744[0m[31;1m    102.54[0m[34;1m   1193932[0m[34;1m   1413840[0m[34;1m        28[0m
18:36:47   [34;1m   1007036[0m[34;1m   1802836[0m[34;1m    730052[0m[34;1m     19.20[0m[34;1m     96584[0m[34;1m   1858028[0m[34;1m   3899744[0m[31;1m    102.54[0m[34;1m   1193932[0m[34;1m   1413864[0m[34;1m        28[0m
18:36:48   [34;1m   1007036[0m[34;1m   1802836[0m[34;1m    730052[0m[34;1m     19.20[0m[34;1m     96584[0m[34;1m   1858028[0m[34;1m   3899744[0m[31;1m    102.54[0m[34;1m   1193932[0m[34;1m   1413864[0m[34;1m        28[0m
18:36:49   [34;1m   1007036[0m[34;1m   1802844[0m[34;1m    730044[0m[34;1m     19.20[0m[34;1m     96588[0m[34;1m   1858032[0m[34;1m   3900064[0m[31;1m    102.55[0m[34;1m   1193936[0m[34;1m   1412040[0m[34;1m        28[0m
18:36:50   [34;1m   1006788[0m[34;1m   1802596[0m[34;1m    730292[0m[34;1m     19.20[0m[34;1m     96588[0m[34;1m   1858032[0m[34;1m   3900064[0m[31;1m    102.55[0m[34;1m   1193936[0m[34;1m   1412040[0m[34;1m        28[0m
18:36:51   [34;1m   1006788[0m[34;1m   1802596[0m[34;1m    730288[0m[34;1m     19.20[0m[34;1m     96588[0m[34;1m   1858036[0m[34;1m   3900064[0m[31;1m    102.55[0m[34;1m   1193936[0m[34;1m   1412056[0m[34;1m        32[0m
18:36:52   [34;1m   1006788[0m[34;1m   1802596[0m[34;1m    730288[0m[34;1m     19.20[0m[34;1m     96588[0m[34;1m   1858036[0m[34;1m   3900064[0m[31;1m    102.55[0m[34;1m   1193936[0m[34;1m   1412056[0m[34;1m        32[0m
18:36:53   [34;1m   1006788[0m[34;1m   1802600[0m[34;1m    730288[0m[34;1m     19.20[0m[34;1m     96588[0m[34;1m   1858036[0m[34;1m   3900064[0m[31;1m    102.55[0m[34;1m   1193936[0m[34;1m   1412320[0m[34;1m        32[0m
18:36:54   [34;1m   1006788[0m[34;1m   1802600[0m[34;1m    730288[0m[34;1m     19.20[0m[34;1m     96588[0m[34;1m   1858036[0m[34;1m   3900064[0m[31;1m    102.55[0m[34;1m   1193936[0m[34;1m   1411596[0m[34;1m        32[0m
18:36:55   [34;1m   1006788[0m[34;1m   1802612[0m[34;1m    730276[0m[34;1m     19.20[0m[34;1m     96596[0m[34;1m   1858040[0m[34;1m   3900064[0m[31;1m    102.55[0m[34;1m   1193944[0m[34;1m   1411776[0m[34;1m        32[0m
18:36:56   [34;1m   1006788[0m[34;1m   1802612[0m[34;1m    730276[0m[34;1m     19.20[0m[34;1m     96596[0m[34;1m   1858040[0m[34;1m   3900064[0m[31;1m    102.55[0m[34;1m   1193944[0m[34;1m   1411920[0m[34;1m        32[0m
18:36:57   [34;1m   1006788[0m[34;1m   1802612[0m[34;1m    730276[0m[34;1m     19.20[0m[34;1m     96596[0m[34;1m   1858040[0m[34;1m   3900064[0m[31;1m    102.55[0m[34;1m   1193944[0m[34;1m   1411856[0m[34;1m        32[0m
18:36:58   [34;1m   1006788[0m[34;1m   1802628[0m[34;1m    730260[0m[34;1m     19.20[0m[34;1m     96604[0m[34;1m   1858048[0m[34;1m   3900064[0m[31;1m    102.55[0m[34;1m   1193952[0m[34;1m   1411864[0m[34;1m        36[0m
18:36:59   [34;1m   1006788[0m[34;1m   1802636[0m[34;1m    730252[0m[34;1m     19.20[0m[34;1m     96608[0m[34;1m   1858052[0m[34;1m   3900064[0m[31;1m    102.55[0m[34;1m   1193956[0m[34;1m   1411900[0m[34;1m        40[0m
18:37:00   [34;1m   1006788[0m[34;1m   1802636[0m[34;1m    730252[0m[34;1m     19.20[0m[34;1m     96608[0m[34;1m   1858052[0m[34;1m   3900064[0m[31;1m    102.55[0m[34;1m   1193956[0m[34;1m   1411900[0m[34;1m        40[0m
18:37:01   [34;1m   1006788[0m[34;1m   1802636[0m[34;1m    730252[0m[34;1m     19.20[0m[34;1m     96608[0m[34;1m   1858052[0m[34;1m   3900064[0m[31;1m    102.55[0m[34;1m   1193956[0m[34;1m   1411888[0m[34;1m        40[0m
18:37:02   [34;1m   1006788[0m[34;1m   1802636[0m[34;1m    730252[0m[34;1m     19.20[0m[34;1m     96608[0m[34;1m   1858052[0m[34;1m   3900064[0m[31;1m    102.55[0m[34;1m   1193956[0m[34;1m   1411688[0m[34;1m        40[0m
18:37:03   [34;1m   1006788[0m[34;1m   1802636[0m[34;1m    730252[0m[34;1m     19.20[0m[34;1m     96608[0m[34;1m   1858052[0m[34;1m   3900064[0m[31;1m    102.55[0m[34;1m   1193956[0m[34;1m   1411728[0m[34;1m        32[0m
18:37:04   [34;1m   1006788[0m[34;1m   1802636[0m[34;1m    730252[0m[34;1m     19.20[0m[34;1m     96612[0m[34;1m   1858048[0m[34;1m   3900064[0m[31;1m    102.55[0m[34;1m   1193956[0m[34;1m   1411788[0m[34;1m        32[0m
18:37:05   [34;1m   1006788[0m[34;1m   1802648[0m[34;1m    730240[0m[34;1m     19.20[0m[34;1m     96616[0m[34;1m   1858056[0m[34;1m   3900064[0m[31;1m    102.55[0m[34;1m   1193964[0m[34;1m   1411824[0m[34;1m        36[0m
18:37:06   [34;1m   1006788[0m[34;1m   1802648[0m[34;1m    730236[0m[34;1m     19.20[0m[34;1m     96616[0m[34;1m   1858056[0m[34;1m   3900064[0m[31;1m    102.55[0m[34;1m   1193964[0m[34;1m   1411648[0m[34;1m        36[0m
18:37:07   [34;1m   1006788[0m[34;1m   1802648[0m[34;1m    730240[0m[34;1m     19.20[0m[34;1m     96616[0m[34;1m   1858056[0m[34;1m   3900064[0m[31;1m    102.55[0m[34;1m   1193964[0m[34;1m   1411568[0m[34;1m        36[0m
18:37:08   [34;1m   1006788[0m[34;1m   1802648[0m[34;1m    730240[0m[34;1m     19.20[0m[34;1m     96616[0m[34;1m   1858056[0m[34;1m   3900064[0m[31;1m    102.55[0m[34;1m   1193964[0m[34;1m   1411568[0m[34;1m        36[0m
18:37:09   [34;1m   1006788[0m[34;1m   1802660[0m[34;1m    730224[0m[34;1m     19.20[0m[34;1m     96624[0m[34;1m   1858060[0m[34;1m   3900064[0m[31;1m    102.55[0m[34;1m   1193972[0m[34;1m   1411576[0m[34;1m        36[0m
18:37:10   [34;1m   1006788[0m[34;1m   1802660[0m[34;1m    730224[0m[34;1m     19.20[0m[34;1m     96624[0m[34;1m   1858060[0m[34;1m   3900064[0m[31;1m    102.55[0m[34;1m   1193972[0m[34;1m   1411576[0m[34;1m        36[0m
18:37:11   [34;1m   1006788[0m[34;1m   1802660[0m[34;1m    730224[0m[34;1m     19.20[0m[34;1m     96624[0m[34;1m   1858060[0m[34;1m   3900064[0m[31;1m    102.55[0m[34;1m   1193972[0m[34;1m   1411576[0m[34;1m        36[0m
18:37:12   [34;1m   1006788[0m[34;1m   1802660[0m[34;1m    730224[0m[34;1m     19.20[0m[34;1m     96624[0m[34;1m   1858060[0m[34;1m   3900064[0m[31;1m    102.55[0m[34;1m   1193972[0m[34;1m   1411576[0m[34;1m        36[0m
18:37:13   [34;1m   1006788[0m[34;1m   1802684[0m[34;1m    730200[0m[34;1m     19.20[0m[34;1m     96636[0m[34;1m   1858072[0m[34;1m   3900064[0m[31;1m    102.55[0m[34;1m   1193984[0m[34;1m   1411720[0m[34;1m        44[0m
18:37:14   [34;1m   1006788[0m[34;1m   1802684[0m[34;1m    730200[0m[34;1m     19.20[0m[34;1m     96636[0m[34;1m   1858072[0m[34;1m   3900064[0m[31;1m    102.55[0m[34;1m   1193984[0m[34;1m   1411552[0m[34;1m        44[0m
18:37:15   [34;1m   1006788[0m[34;1m   1802692[0m[34;1m    730192[0m[34;1m     19.20[0m[34;1m     96640[0m[34;1m   1858076[0m[34;1m   3900064[0m[31;1m    102.55[0m[34;1m   1193988[0m[34;1m   1411556[0m[34;1m        44[0m
18:37:16   [34;1m   1006788[0m[34;1m   1802692[0m[34;1m    730188[0m[34;1m     19.20[0m[34;1m     96640[0m[34;1m   1858076[0m[34;1m   3900064[0m[31;1m    102.55[0m[34;1m   1193988[0m[34;1m   1411556[0m[34;1m        16[0m
18:37:17   [34;1m   1006788[0m[34;1m   1802692[0m[34;1m    730188[0m[34;1m     19.20[0m[34;1m     96640[0m[34;1m   1858076[0m[34;1m   3900064[0m[31;1m    102.55[0m[34;1m   1193988[0m[34;1m   1411556[0m[34;1m        12[0m
18:37:18   [34;1m   1006788[0m[34;1m   1802692[0m[34;1m    730188[0m[34;1m     19.20[0m[34;1m     96640[0m[34;1m   1858076[0m[34;1m   3900064[0m[31;1m    102.55[0m[34;1m   1193988[0m[34;1m   1411432[0m[34;1m        12[0m
18:37:19   [34;1m   1006788[0m[34;1m   1802704[0m[34;1m    730176[0m[34;1m     19.20[0m[34;1m     96648[0m[34;1m   1858080[0m[34;1m   3900064[0m[31;1m    102.55[0m[34;1m   1193996[0m[34;1m   1411436[0m[34;1m        24[0m
18:37:20   [34;1m   1006788[0m[34;1m   1802704[0m[34;1m    730176[0m[34;1m     19.20[0m[34;1m     96648[0m[34;1m   1858080[0m[34;1m   3900064[0m[31;1m    102.55[0m[34;1m   1193996[0m[34;1m   1411436[0m[34;1m        24[0m
18:37:21   [34;1m   1006788[0m[34;1m   1802704[0m[34;1m    730176[0m[34;1m     19.20[0m[34;1m     96648[0m[34;1m   1858080[0m[34;1m   3900064[0m[31;1m    102.55[0m[34;1m   1193996[0m[34;1m   1411440[0m[34;1m        24[0m
18:37:22   [34;1m   1006788[0m[34;1m   1802704[0m[34;1m    730176[0m[34;1m     19.20[0m[34;1m     96648[0m[34;1m   1858080[0m[34;1m   3900064[0m[31;1m    102.55[0m[34;1m   1193996[0m[34;1m   1411440[0m[34;1m        24[0m
18:37:23   [34;1m   1006788[0m[34;1m   1802708[0m[34;1m    730172[0m[34;1m     19.20[0m[34;1m     96648[0m[34;1m   1858084[0m[34;1m   3900064[0m[31;1m    102.55[0m[34;1m   1193996[0m[34;1m   1411500[0m[34;1m        24[0m
18:37:24   [34;1m   1006788[0m[34;1m   1802708[0m[34;1m    730148[0m[34;1m     19.20[0m[34;1m     96648[0m[34;1m   1858084[0m[34;1m   3900064[0m[31;1m    102.55[0m[34;1m   1193996[0m[34;1m   1411860[0m[34;1m        24[0m
18:37:25   [34;1m   1006788[0m[34;1m   1802708[0m[34;1m    730148[0m[34;1m     19.20[0m[34;1m     96648[0m[34;1m   1858084[0m[34;1m   3900064[0m[31;1m    102.55[0m[34;1m   1193996[0m[34;1m   1411900[0m[34;1m        24[0m
18:37:26   [34;1m   1006788[0m[34;1m   1802708[0m[34;1m    730152[0m[34;1m     19.20[0m[34;1m     96648[0m[34;1m   1858084[0m[34;1m   3900064[0m[31;1m    102.55[0m[34;1m   1193996[0m[34;1m   1411952[0m[34;1m        24[0m
18:37:27   [34;1m   1006788[0m[34;1m   1802712[0m[34;1m    730148[0m[34;1m     19.20[0m[34;1m     96648[0m[34;1m   1858088[0m[34;1m   3900064[0m[31;1m    102.55[0m[34;1m   1193996[0m[34;1m   1411956[0m[34;1m        24[0m
18:37:28   [34;1m   1006788[0m[34;1m   1802728[0m[34;1m    730132[0m[34;1m     19.20[0m[34;1m     96652[0m[34;1m   1858100[0m[34;1m   3900064[0m[31;1m    102.55[0m[34;1m   1194000[0m[34;1m   1412000[0m[34;1m        32[0m
18:37:29   [34;1m   1006788[0m[34;1m   1802728[0m[34;1m    730136[0m[34;1m     19.20[0m[34;1m     96652[0m[34;1m   1858100[0m[34;1m   3900064[0m[31;1m    102.55[0m[34;1m   1194000[0m[34;1m   1412024[0m[34;1m        32[0m
18:37:30   [34;1m   1006788[0m[34;1m   1802728[0m[34;1m    730136[0m[34;1m     19.20[0m[34;1m     96652[0m[34;1m   1858100[0m[34;1m   3900064[0m[31;1m    102.55[0m[34;1m   1194000[0m[34;1m   1411128[0m[34;1m        32[0m
18:37:31   [34;1m   1006788[0m[34;1m   1802728[0m[34;1m    730136[0m[34;1m     19.20[0m[34;1m     96652[0m[34;1m   1858100[0m[34;1m   3900064[0m[31;1m    102.55[0m[34;1m   1194000[0m[34;1m   1411152[0m[34;1m        32[0m
18:37:32   [34;1m   1006788[0m[34;1m   1802728[0m[34;1m    730128[0m[34;1m     19.20[0m[34;1m     96652[0m[34;1m   1858100[0m[34;1m   3900064[0m[31;1m    102.55[0m[34;1m   1194000[0m[34;1m   1411076[0m[34;1m        32[0m
18:37:33   [34;1m   1006788[0m[34;1m   1802740[0m[34;1m    730116[0m[34;1m     19.20[0m[34;1m     96656[0m[34;1m   1858104[0m[34;1m   3900064[0m[31;1m    102.55[0m[34;1m   1194004[0m[34;1m   1410880[0m[34;1m        24[0m
18:37:34   [34;1m   1006788[0m[34;1m   1802748[0m[34;1m    730100[0m[34;1m     19.20[0m[34;1m     96656[0m[34;1m   1858104[0m[34;1m   3900064[0m[31;1m    102.55[0m[34;1m   1194004[0m[34;1m   1411280[0m[34;1m        24[0m
18:37:35   [34;1m   1006788[0m[34;1m   1802748[0m[34;1m    730092[0m[34;1m     19.20[0m[34;1m     96656[0m[34;1m   1858108[0m[34;1m   3900064[0m[31;1m    102.55[0m[34;1m   1194004[0m[34;1m   1411220[0m[34;1m        32[0m
18:37:36   [34;1m   1006032[0m[34;1m   1801996[0m[34;1m    730848[0m[34;1m     19.22[0m[34;1m     96656[0m[34;1m   1858108[0m[34;1m   3900064[0m[31;1m    102.55[0m[34;1m   1194004[0m[34;1m   1411032[0m[34;1m        32[0m
18:37:37   [34;1m   1006032[0m[34;1m   1802000[0m[34;1m    730844[0m[34;1m     19.22[0m[34;1m     96656[0m[34;1m   1858112[0m[34;1m   3900064[0m[31;1m    102.55[0m[34;1m   1194004[0m[34;1m   1410956[0m[34;1m        44[0m
18:37:38   [34;1m   1006032[0m[34;1m   1802000[0m[34;1m    730844[0m[34;1m     19.22[0m[34;1m     96656[0m[34;1m   1858112[0m[34;1m   3900064[0m[31;1m    102.55[0m[34;1m   1194004[0m[34;1m   1410956[0m[34;1m        44[0m
18:37:39   [34;1m   1006032[0m[34;1m   1802000[0m[34;1m    730844[0m[34;1m     19.22[0m[34;1m     96656[0m[34;1m   1858112[0m[34;1m   3900064[0m[31;1m    102.55[0m[34;1m   1194004[0m[34;1m   1408940[0m[34;1m        44[0m
18:37:40   [34;1m   1006032[0m[34;1m   1802000[0m[34;1m    730848[0m[34;1m     19.22[0m[34;1m     96656[0m[34;1m   1858112[0m[34;1m   3900064[0m[31;1m    102.55[0m[34;1m   1194004[0m[34;1m   1408932[0m[34;1m        44[0m
18:37:41   [34;1m   1004268[0m[34;1m   1800236[0m[34;1m    732612[0m[34;1m     19.26[0m[34;1m     96656[0m[34;1m   1858112[0m[34;1m   3900064[0m[31;1m    102.55[0m[34;1m   1194004[0m[34;1m   1408992[0m[34;1m        44[0m
18:37:42   [34;1m   1004268[0m[34;1m   1800236[0m[34;1m    732612[0m[34;1m     19.26[0m[34;1m     96656[0m[34;1m   1858112[0m[34;1m   3900064[0m[31;1m    102.55[0m[34;1m   1194004[0m[34;1m   1408992[0m[34;1m        44[0m
18:37:43   [34;1m   1004268[0m[34;1m   1800260[0m[34;1m    732588[0m[34;1m     19.26[0m[34;1m     96668[0m[34;1m   1858124[0m[34;1m   3900064[0m[31;1m    102.55[0m[34;1m   1194016[0m[34;1m   1409072[0m[34;1m        44[0m
18:37:44   [34;1m   1004016[0m[34;1m   1800008[0m[34;1m    732852[0m[34;1m     19.27[0m[34;1m     96668[0m[34;1m   1858124[0m[34;1m   3900064[0m[31;1m    102.55[0m[34;1m   1194016[0m[34;1m   1409012[0m[34;1m        36[0m
18:37:45   [34;1m   1004016[0m[34;1m   1800008[0m[34;1m    732852[0m[34;1m     19.27[0m[34;1m     96668[0m[34;1m   1858124[0m[34;1m   3900064[0m[31;1m    102.55[0m[34;1m   1194016[0m[34;1m   1409076[0m[34;1m        36[0m
18:37:46   [34;1m   1004016[0m[34;1m   1800008[0m[34;1m    732852[0m[34;1m     19.27[0m[34;1m     96668[0m[34;1m   1858124[0m[34;1m   3900064[0m[31;1m    102.55[0m[34;1m   1194016[0m[34;1m   1409076[0m[34;1m        36[0m
18:37:47   [34;1m   1004016[0m[34;1m   1800008[0m[34;1m    732852[0m[34;1m     19.27[0m[34;1m     96668[0m[34;1m   1858124[0m[34;1m   3900064[0m[31;1m    102.55[0m[34;1m   1194016[0m[34;1m   1409076[0m[34;1m        36[0m
18:37:48   [34;1m   1004016[0m[34;1m   1800012[0m[34;1m    732856[0m[34;1m     19.27[0m[34;1m     96668[0m[34;1m   1858128[0m[34;1m   3900064[0m[31;1m    102.55[0m[34;1m   1194016[0m[34;1m   1409080[0m[34;1m        40[0m
18:37:49   [34;1m   1004016[0m[34;1m   1800012[0m[34;1m    732856[0m[34;1m     19.27[0m[34;1m     96668[0m[34;1m   1858128[0m[34;1m   3900064[0m[31;1m    102.55[0m[34;1m   1194016[0m[34;1m   1409080[0m[34;1m        40[0m
18:37:50   [34;1m   1004016[0m[34;1m   1800012[0m[34;1m    732856[0m[34;1m     19.27[0m[34;1m     96668[0m[34;1m   1858128[0m[34;1m   3900064[0m[31;1m    102.55[0m[34;1m   1194016[0m[34;1m   1409080[0m[34;1m         8[0m
18:37:51   [34;1m   1004016[0m[34;1m   1800012[0m[34;1m    732856[0m[34;1m     19.27[0m[34;1m     96668[0m[34;1m   1858128[0m[34;1m   3900064[0m[31;1m    102.55[0m[34;1m   1194016[0m[34;1m   1409444[0m[34;1m         8[0m
18:37:52   [34;1m   1004016[0m[34;1m   1800012[0m[34;1m    732856[0m[34;1m     19.27[0m[34;1m     96668[0m[34;1m   1858128[0m[34;1m   3900064[0m[31;1m    102.55[0m[34;1m   1194016[0m[34;1m   1409736[0m[34;1m         8[0m
18:37:53   [34;1m   1004016[0m[34;1m   1800016[0m[34;1m    732852[0m[34;1m     19.27[0m[34;1m     96672[0m[34;1m   1858128[0m[34;1m   3900064[0m[31;1m    102.55[0m[34;1m   1194016[0m[34;1m   1410140[0m[34;1m         8[0m
18:37:54   [34;1m   1003764[0m[34;1m   1799768[0m[34;1m    733100[0m[34;1m     19.28[0m[34;1m     96672[0m[34;1m   1858132[0m[34;1m   3900064[0m[31;1m    102.55[0m[34;1m   1194020[0m[34;1m   1410560[0m[34;1m        20[0m
18:37:55   [34;1m   1003512[0m[34;1m   1799516[0m[34;1m    733352[0m[34;1m     19.28[0m[34;1m     96672[0m[34;1m   1858132[0m[34;1m   3900064[0m[31;1m    102.55[0m[34;1m   1194020[0m[34;1m   1410560[0m[34;1m        20[0m
18:37:56   [34;1m   1003512[0m[34;1m   1799520[0m[34;1m    733344[0m[34;1m     19.28[0m[34;1m     96672[0m[34;1m   1858136[0m[34;1m   3900064[0m[31;1m    102.55[0m[34;1m   1194020[0m[34;1m   1410376[0m[34;1m        24[0m
18:37:57   [34;1m   1003512[0m[34;1m   1799520[0m[34;1m    733344[0m[34;1m     19.28[0m[34;1m     96672[0m[34;1m   1858136[0m[34;1m   3900064[0m[31;1m    102.55[0m[34;1m   1194020[0m[34;1m   1410376[0m[34;1m        24[0m
18:37:58   [34;1m   1003512[0m[34;1m   1799532[0m[34;1m    733328[0m[34;1m     19.28[0m[34;1m     96672[0m[34;1m   1858148[0m[34;1m   3900064[0m[31;1m    102.55[0m[34;1m   1194020[0m[34;1m   1410396[0m[34;1m        36[0m
18:37:59   [34;1m   1003512[0m[34;1m   1799532[0m[34;1m    733328[0m[34;1m     19.28[0m[34;1m     96672[0m[34;1m   1858148[0m[34;1m   3900064[0m[31;1m    102.55[0m[34;1m   1194020[0m[34;1m   1410396[0m[34;1m        36[0m
18:38:00   [34;1m   1003512[0m[34;1m   1799532[0m[34;1m    733328[0m[34;1m     19.28[0m[34;1m     96672[0m[34;1m   1858148[0m[34;1m   3900064[0m[31;1m    102.55[0m[34;1m   1194020[0m[34;1m   1410412[0m[34;1m        36[0m
18:38:01   [34;1m   1003512[0m[34;1m   1799532[0m[34;1m    733328[0m[34;1m     19.28[0m[34;1m     96672[0m[34;1m   1858148[0m[34;1m   3900064[0m[31;1m    102.55[0m[34;1m   1194020[0m[34;1m   1410444[0m[34;1m        36[0m
18:38:02   [34;1m   1003512[0m[34;1m   1799540[0m[34;1m    733320[0m[34;1m     19.28[0m[34;1m     96676[0m[34;1m   1858152[0m[34;1m   3900064[0m[31;1m    102.55[0m[34;1m   1194024[0m[34;1m   1410248[0m[34;1m        36[0m
18:38:03   [34;1m   1003512[0m[34;1m   1799540[0m[34;1m    733320[0m[34;1m     19.28[0m[34;1m     96676[0m[34;1m   1858152[0m[34;1m   3900064[0m[31;1m    102.55[0m[34;1m   1194024[0m[34;1m   1410112[0m[34;1m        36[0m
18:38:04   [34;1m   1003512[0m[34;1m   1799540[0m[34;1m    733324[0m[34;1m     19.28[0m[34;1m     96676[0m[34;1m   1858152[0m[34;1m   3900064[0m[31;1m    102.55[0m[34;1m   1194024[0m[34;1m   1410652[0m[34;1m        36[0m
18:38:05   [34;1m   1003512[0m[34;1m   1799540[0m[34;1m    733324[0m[34;1m     19.28[0m[34;1m     96676[0m[34;1m   1858152[0m[34;1m   3900064[0m[31;1m    102.55[0m[34;1m   1194024[0m[34;1m   1410652[0m[34;1m        36[0m
18:38:06   [34;1m   1002504[0m[34;1m   1798532[0m[34;1m    734332[0m[34;1m     19.31[0m[34;1m     96676[0m[34;1m   1858152[0m[34;1m   3900064[0m[31;1m    102.55[0m[34;1m   1194024[0m[34;1m   1410476[0m[34;1m        36[0m
18:38:07   [34;1m   1002504[0m[34;1m   1798540[0m[34;1m    734324[0m[34;1m     19.31[0m[34;1m     96680[0m[34;1m   1858156[0m[34;1m   3900064[0m[31;1m    102.55[0m[34;1m   1194028[0m[34;1m   1410428[0m[34;1m        36[0m
18:38:08   [34;1m   1002504[0m[34;1m   1798540[0m[34;1m    734324[0m[34;1m     19.31[0m[34;1m     96680[0m[34;1m   1858156[0m[34;1m   3900064[0m[31;1m    102.55[0m[34;1m   1194028[0m[34;1m   1410452[0m[34;1m        36[0m
18:38:09   [34;1m   1002504[0m[34;1m   1798540[0m[34;1m    734324[0m[34;1m     19.31[0m[34;1m     96680[0m[34;1m   1858156[0m[34;1m   3900064[0m[31;1m    102.55[0m[34;1m   1194028[0m[34;1m   1410452[0m[34;1m        36[0m
18:38:10   [34;1m   1002504[0m[34;1m   1798540[0m[34;1m    734324[0m[34;1m     19.31[0m[34;1m     96680[0m[34;1m   1858156[0m[34;1m   3900064[0m[31;1m    102.55[0m[34;1m   1194028[0m[34;1m   1410460[0m[34;1m        28[0m
18:38:11   [34;1m   1002504[0m[34;1m   1798540[0m[34;1m    734324[0m[34;1m     19.31[0m[34;1m     96684[0m[34;1m   1858152[0m[34;1m   3900064[0m[31;1m    102.55[0m[34;1m   1194028[0m[34;1m   1410472[0m[34;1m        28[0m
18:38:12   [34;1m   1002504[0m[34;1m   1798548[0m[34;1m    734316[0m[34;1m     19.31[0m[34;1m     96684[0m[34;1m   1858160[0m[34;1m   3900064[0m[31;1m    102.55[0m[34;1m   1194032[0m[34;1m   1410492[0m[34;1m        40[0m
18:38:13   [34;1m   1002504[0m[34;1m   1798548[0m[34;1m    734316[0m[34;1m     19.31[0m[34;1m     96684[0m[34;1m   1858160[0m[34;1m   3900064[0m[31;1m    102.55[0m[34;1m   1194032[0m[34;1m   1410492[0m[34;1m        40[0m
18:38:14   [34;1m   1002504[0m[34;1m   1798548[0m[34;1m    734316[0m[34;1m     19.31[0m[34;1m     96684[0m[34;1m   1858160[0m[34;1m   3900064[0m[31;1m    102.55[0m[34;1m   1194032[0m[34;1m   1410156[0m[34;1m        40[0m
18:38:15   [34;1m   1002504[0m[34;1m   1798548[0m[34;1m    734316[0m[34;1m     19.31[0m[34;1m     96684[0m[34;1m   1858160[0m[34;1m   3900064[0m[31;1m    102.55[0m[34;1m   1194032[0m[34;1m   1410156[0m[34;1m        40[0m
18:38:16   [34;1m   1000236[0m[34;1m   1796280[0m[34;1m    736588[0m[34;1m     19.37[0m[34;1m     96684[0m[34;1m   1858160[0m[34;1m   3900064[0m[31;1m    102.55[0m[34;1m   1194032[0m[34;1m   1410244[0m[34;1m        40[0m
18:38:17   [34;1m   1000236[0m[34;1m   1796288[0m[34;1m    736580[0m[34;1m     19.37[0m[34;1m     96688[0m[34;1m   1858164[0m[34;1m   3900064[0m[31;1m    102.55[0m[34;1m   1194036[0m[34;1m   1410248[0m[34;1m        40[0m
18:38:18   [34;1m   1000236[0m[34;1m   1796288[0m[34;1m    736576[0m[34;1m     19.37[0m[34;1m     96688[0m[34;1m   1858168[0m[34;1m   3900064[0m[31;1m    102.55[0m[34;1m   1194036[0m[34;1m   1410248[0m[34;1m        44[0m
18:38:19   [34;1m   1000236[0m[34;1m   1796292[0m[34;1m    736576[0m[34;1m     19.37[0m[34;1m     96692[0m[34;1m   1858164[0m[34;1m   3900064[0m[31;1m    102.55[0m[34;1m   1194036[0m[34;1m   1410252[0m[34;1m        44[0m
18:38:20   [34;1m   1000236[0m[34;1m   1796300[0m[34;1m    736568[0m[34;1m     19.37[0m[34;1m     96692[0m[34;1m   1858172[0m[34;1m   3900064[0m[31;1m    102.55[0m[34;1m   1194040[0m[34;1m   1410272[0m[34;1m        44[0m
18:38:21   [34;1m    998724[0m[34;1m   1794788[0m[34;1m    738084[0m[34;1m     19.41[0m[34;1m     96692[0m[34;1m   1858172[0m[34;1m   3900064[0m[31;1m    102.55[0m[34;1m   1194040[0m[34;1m   1410304[0m[34;1m        44[0m
18:38:22   [34;1m    998724[0m[34;1m   1794788[0m[34;1m    738084[0m[34;1m     19.41[0m[34;1m     96692[0m[34;1m   1858172[0m[34;1m   3900064[0m[31;1m    102.55[0m[34;1m   1194040[0m[34;1m   1410320[0m[34;1m        44[0m
18:38:23   [34;1m    998724[0m[34;1m   1794788[0m[34;1m    738084[0m[34;1m     19.41[0m[34;1m     96692[0m[34;1m   1858172[0m[34;1m   3900064[0m[31;1m    102.55[0m[34;1m   1194040[0m[34;1m   1410320[0m[34;1m        44[0m
18:38:24   [34;1m    998472[0m[34;1m   1794536[0m[34;1m    738328[0m[34;1m     19.41[0m[34;1m     96692[0m[34;1m   1858172[0m[34;1m   3900064[0m[31;1m    102.55[0m[34;1m   1194040[0m[34;1m   1410724[0m[34;1m        16[0m
18:38:25   [34;1m    998472[0m[34;1m   1794536[0m[34;1m    738328[0m[34;1m     19.41[0m[34;1m     96696[0m[34;1m   1858168[0m[34;1m   3900064[0m[31;1m    102.55[0m[34;1m   1194040[0m[34;1m   1410724[0m[34;1m        16[0m
18:38:26   [34;1m    998472[0m[34;1m   1794544[0m[34;1m    738316[0m[34;1m     19.41[0m[34;1m     96696[0m[34;1m   1858176[0m[34;1m   3900064[0m[31;1m    102.55[0m[34;1m   1194044[0m[34;1m   1410768[0m[34;1m        28[0m
18:38:27   [34;1m    998472[0m[34;1m   1794544[0m[34;1m    738324[0m[34;1m     19.41[0m[34;1m     96696[0m[34;1m   1858176[0m[34;1m   3900064[0m[31;1m    102.55[0m[34;1m   1194044[0m[34;1m   1410768[0m[34;1m        28[0m
18:38:28   [34;1m    998472[0m[34;1m   1794544[0m[34;1m    738320[0m[34;1m     19.41[0m[34;1m     96696[0m[34;1m   1858180[0m[34;1m   3900064[0m[31;1m    102.55[0m[34;1m   1194044[0m[34;1m   1410800[0m[34;1m        32[0m
18:38:29   [34;1m    998472[0m[34;1m   1794544[0m[34;1m    738320[0m[34;1m     19.41[0m[34;1m     96696[0m[34;1m   1858180[0m[34;1m   3900064[0m[31;1m    102.55[0m[34;1m   1194044[0m[34;1m   1410800[0m[34;1m        32[0m
18:38:30   [34;1m    998472[0m[34;1m   1794552[0m[34;1m    738316[0m[34;1m     19.41[0m[34;1m     96696[0m[34;1m   1858184[0m[34;1m   3900064[0m[31;1m    102.55[0m[34;1m   1194044[0m[34;1m   1410832[0m[34;1m        24[0m
18:38:31   [34;1m    996960[0m[34;1m   1793040[0m[34;1m    739828[0m[34;1m     19.45[0m[34;1m     96696[0m[34;1m   1858184[0m[34;1m   3900064[0m[31;1m    102.55[0m[34;1m   1194044[0m[34;1m   1410800[0m[34;1m         8[0m
18:38:32   [34;1m    996960[0m[34;1m   1793040[0m[34;1m    739828[0m[34;1m     19.45[0m[34;1m     96696[0m[34;1m   1858184[0m[34;1m   3900064[0m[31;1m    102.55[0m[34;1m   1194044[0m[34;1m   1410596[0m[34;1m         8[0m
18:38:33   [34;1m    996960[0m[34;1m   1793040[0m[34;1m    739828[0m[34;1m     19.45[0m[34;1m     96696[0m[34;1m   1858184[0m[34;1m   3900064[0m[31;1m    102.55[0m[34;1m   1194044[0m[34;1m   1410444[0m[34;1m         8[0m
18:38:34   [34;1m    996736[0m[34;1m   1792816[0m[34;1m    740048[0m[34;1m     19.46[0m[34;1m     96696[0m[34;1m   1858184[0m[34;1m   3900064[0m[31;1m    102.55[0m[34;1m   1194044[0m[34;1m   1410900[0m[34;1m         8[0m
18:38:35   [34;1m    996736[0m[34;1m   1792816[0m[34;1m    740048[0m[34;1m     19.46[0m[34;1m     96700[0m[34;1m   1858180[0m[34;1m   3900064[0m[31;1m    102.55[0m[34;1m   1194044[0m[34;1m   1411076[0m[34;1m         8[0m
18:38:36   [34;1m    996736[0m[34;1m   1792824[0m[34;1m    740044[0m[34;1m     19.46[0m[34;1m     96700[0m[34;1m   1858188[0m[34;1m   3900064[0m[31;1m    102.55[0m[34;1m   1194048[0m[34;1m   1410988[0m[34;1m        36[0m
18:38:37   [34;1m    996736[0m[34;1m   1792824[0m[34;1m    740048[0m[34;1m     19.46[0m[34;1m     96700[0m[34;1m   1858188[0m[34;1m   3900064[0m[31;1m    102.55[0m[34;1m   1194048[0m[34;1m   1411048[0m[34;1m        36[0m
18:38:38   [34;1m    996736[0m[34;1m   1792824[0m[34;1m    740048[0m[34;1m     19.46[0m[34;1m     96700[0m[34;1m   1858188[0m[34;1m   3900064[0m[31;1m    102.55[0m[34;1m   1194048[0m[34;1m   1411072[0m[34;1m        36[0m
18:38:39   [34;1m    996736[0m[34;1m   1792824[0m[34;1m    740048[0m[34;1m     19.46[0m[34;1m     96700[0m[34;1m   1858188[0m[34;1m   3900064[0m[31;1m    102.55[0m[34;1m   1194048[0m[34;1m   1411132[0m[34;1m        36[0m
18:38:40   [34;1m    996736[0m[34;1m   1792832[0m[34;1m    740040[0m[34;1m     19.46[0m[34;1m     96700[0m[34;1m   1858196[0m[34;1m   3900064[0m[31;1m    102.55[0m[34;1m   1194048[0m[34;1m   1411168[0m[34;1m        28[0m
18:38:41   [34;1m    996736[0m[34;1m   1792832[0m[34;1m    740040[0m[34;1m     19.46[0m[34;1m     96700[0m[34;1m   1858196[0m[34;1m   3900064[0m[31;1m    102.55[0m[34;1m   1194048[0m[34;1m   1411188[0m[34;22m         0[0m
18:38:42   [34;1m    996736[0m[34;1m   1792832[0m[34;1m    740040[0m[34;1m     19.46[0m[34;1m     96700[0m[34;1m   1858196[0m[34;1m   3900064[0m[31;1m    102.55[0m[34;1m   1194048[0m[34;1m   1410552[0m[34;1m         4[0m
18:38:43   [34;1m    996736[0m[34;1m   1792832[0m[34;1m    740040[0m[34;1m     19.46[0m[34;1m     96700[0m[34;1m   1858196[0m[34;1m   3900064[0m[31;1m    102.55[0m[34;1m   1194048[0m[34;1m   1410552[0m[34;1m         8[0m
18:38:44   [34;1m    996736[0m[34;1m   1792836[0m[34;1m    740036[0m[34;1m     19.46[0m[34;1m     96700[0m[34;1m   1858200[0m[34;1m   3908256[0m[31;1m    102.76[0m[34;1m   1194048[0m[34;1m   1410740[0m[34;1m        36[0m
18:38:45   [34;1m    996736[0m[34;1m   1792836[0m[34;1m    740036[0m[34;1m     19.46[0m[34;1m     96700[0m[34;1m   1858200[0m[34;1m   3908256[0m[31;1m    102.76[0m[34;1m   1194048[0m[34;1m   1410424[0m[34;1m        36[0m
18:38:46   [34;1m    996736[0m[34;1m   1792836[0m[34;1m    740036[0m[34;1m     19.46[0m[34;1m     96700[0m[34;1m   1858200[0m[34;1m   3908256[0m[31;1m    102.76[0m[34;1m   1194048[0m[34;1m   1410536[0m[34;1m        36[0m
18:38:47   [34;1m    996736[0m[34;1m   1792836[0m[34;1m    740036[0m[34;1m     19.46[0m[34;1m     96700[0m[34;1m   1858200[0m[34;1m   3908256[0m[31;1m    102.76[0m[34;1m   1194048[0m[34;1m   1410536[0m[34;1m        36[0m
18:38:48   [34;1m    996736[0m[34;1m   1792844[0m[34;1m    740028[0m[34;1m     19.46[0m[34;1m     96704[0m[34;1m   1858204[0m[34;1m   3908256[0m[31;1m    102.76[0m[34;1m   1194052[0m[34;1m   1410540[0m[34;1m        36[0m
18:38:49   [34;1m    996736[0m[34;1m   1792844[0m[34;1m    740028[0m[34;1m     19.46[0m[34;1m     96704[0m[34;1m   1858204[0m[34;1m   3908256[0m[31;1m    102.76[0m[34;1m   1194052[0m[34;1m   1410600[0m[34;1m         8[0m
18:38:50   [34;1m    996736[0m[34;1m   1792844[0m[34;1m    740028[0m[34;1m     19.46[0m[34;1m     96704[0m[34;1m   1858204[0m[34;1m   3908256[0m[31;1m    102.76[0m[34;1m   1194052[0m[34;1m   1410092[0m[34;1m         8[0m
18:38:51   [34;1m    995728[0m[34;1m   1791836[0m[34;1m    741036[0m[34;1m     19.48[0m[34;1m     96704[0m[34;1m   1858204[0m[34;1m   3908256[0m[31;1m    102.76[0m[34;1m   1194052[0m[34;1m   1410092[0m[34;1m         8[0m
18:38:52   [34;1m    995728[0m[34;1m   1791840[0m[34;1m    741028[0m[34;1m     19.48[0m[34;1m     96708[0m[34;1m   1858208[0m[34;1m   3908256[0m[31;1m    102.76[0m[34;1m   1194052[0m[34;1m   1410096[0m[34;1m        20[0m
18:38:53   [34;1m    995728[0m[34;1m   1791840[0m[34;1m    741028[0m[34;1m     19.48[0m[34;1m     96708[0m[34;1m   1858208[0m[34;1m   3908256[0m[31;1m    102.76[0m[34;1m   1194052[0m[34;1m   1410096[0m[34;1m        20[0m
18:38:54   [34;1m    995728[0m[34;1m   1791844[0m[34;1m    741020[0m[34;1m     19.48[0m[34;1m     96708[0m[34;1m   1858208[0m[34;1m   3908256[0m[31;1m    102.76[0m[34;1m   1194056[0m[34;1m   1409916[0m[34;1m        20[0m
18:38:55   [34;1m    995728[0m[34;1m   1791844[0m[34;1m    741020[0m[34;1m     19.48[0m[34;1m     96708[0m[34;1m   1858208[0m[34;1m   3908256[0m[31;1m    102.76[0m[34;1m   1194056[0m[34;1m   1409916[0m[34;1m        20[0m
18:38:56   [34;1m    995728[0m[34;1m   1791844[0m[34;1m    741024[0m[34;1m     19.48[0m[34;1m     96708[0m[34;1m   1858208[0m[34;1m   3908256[0m[31;1m    102.76[0m[34;1m   1194056[0m[34;1m   1409916[0m[34;1m        20[0m
18:38:57   [34;1m    995728[0m[34;1m   1791844[0m[34;1m    741024[0m[34;1m     19.48[0m[34;1m     96712[0m[34;1m   1858204[0m[34;1m   3908256[0m[31;1m    102.76[0m[34;1m   1194056[0m[34;1m   1409916[0m[34;1m         8[0m
18:38:58   [34;1m    995728[0m[34;1m   1791848[0m[34;1m    741012[0m[34;1m     19.48[0m[34;1m     96716[0m[34;1m   1858212[0m[34;1m   3908256[0m[31;1m    102.76[0m[34;1m   1194056[0m[34;1m   1409920[0m[34;1m        20[0m
18:38:59   [34;1m    995728[0m[34;1m   1791848[0m[34;1m    741012[0m[34;1m     19.48[0m[34;1m     96716[0m[34;1m   1858212[0m[34;1m   3908256[0m[31;1m    102.76[0m[34;1m   1194056[0m[34;1m   1409920[0m[34;1m        20[0m
18:39:00   [34;1m    995728[0m[34;1m   1791860[0m[34;1m    741008[0m[34;1m     19.48[0m[34;1m     96716[0m[34;1m   1858216[0m[34;1m   3908256[0m[31;1m    102.76[0m[34;1m   1194064[0m[34;1m   1409924[0m[34;1m        24[0m
18:39:01   [34;1m    995728[0m[34;1m   1791868[0m[34;1m    741000[0m[34;1m     19.48[0m[34;1m     96716[0m[34;1m   1858224[0m[34;1m   3908256[0m[31;1m    102.76[0m[34;1m   1194064[0m[34;1m   1409936[0m[34;1m        28[0m
18:39:02   [34;1m    995728[0m[34;1m   1791868[0m[34;1m    741000[0m[34;1m     19.48[0m[34;1m     96716[0m[34;1m   1858224[0m[34;1m   3908256[0m[31;1m    102.76[0m[34;1m   1194064[0m[34;1m   1409704[0m[34;1m        28[0m
18:39:03   [34;1m    995728[0m[34;1m   1791868[0m[34;1m    741000[0m[34;1m     19.48[0m[34;1m     96716[0m[34;1m   1858224[0m[34;1m   3908256[0m[31;1m    102.76[0m[34;1m   1194064[0m[34;1m   1409564[0m[34;1m        12[0m
18:39:04   [34;1m    995728[0m[34;1m   1791868[0m[34;1m    741000[0m[34;1m     19.48[0m[34;1m     96716[0m[34;1m   1858224[0m[34;1m   3908256[0m[31;1m    102.76[0m[34;1m   1194064[0m[34;1m   1409784[0m[34;1m        12[0m
18:39:05   [34;1m    995728[0m[34;1m   1791868[0m[34;1m    741000[0m[34;1m     19.48[0m[34;1m     96716[0m[34;1m   1858224[0m[34;1m   3908256[0m[31;1m    102.76[0m[34;1m   1194064[0m[34;1m   1409864[0m[34;1m        12[0m
18:39:06   [34;1m    995728[0m[34;1m   1791876[0m[34;1m    740992[0m[34;1m     19.48[0m[34;1m     96720[0m[34;1m   1858228[0m[34;1m   3908256[0m[31;1m    102.76[0m[34;1m   1194068[0m[34;1m   1409788[0m[34;1m        24[0m
18:39:07   [34;1m    995728[0m[34;1m   1791876[0m[34;1m    740992[0m[34;1m     19.48[0m[34;1m     96720[0m[34;1m   1858228[0m[34;1m   3908256[0m[31;1m    102.76[0m[34;1m   1194068[0m[34;1m   1409788[0m[34;1m        24[0m
18:39:08   [34;1m    995728[0m[34;1m   1791876[0m[34;1m    740992[0m[34;1m     19.48[0m[34;1m     96720[0m[34;1m   1858228[0m[34;1m   3908256[0m[31;1m    102.76[0m[34;1m   1194068[0m[34;1m   1409836[0m[34;1m        24[0m
18:39:09   [34;1m    995728[0m[34;1m   1791876[0m[34;1m    740992[0m[34;1m     19.48[0m[34;1m     96720[0m[34;1m   1858228[0m[34;1m   3908256[0m[31;1m    102.76[0m[34;1m   1194068[0m[34;1m   1409836[0m[34;1m        24[0m
18:39:10   [34;1m    995728[0m[34;1m   1791880[0m[34;1m    740988[0m[34;1m     19.48[0m[34;1m     96720[0m[34;1m   1858232[0m[34;1m   3908256[0m[31;1m    102.76[0m[34;1m   1194068[0m[34;1m   1409844[0m[34;1m        24[0m
18:39:11   [34;1m    993208[0m[34;1m   1789360[0m[34;1m    743508[0m[34;1m     19.55[0m[34;1m     96720[0m[34;1m   1858232[0m[34;1m   3908256[0m[31;1m    102.76[0m[34;1m   1194068[0m[34;1m   1409844[0m[34;1m        12[0m
18:39:12   [34;1m    993208[0m[34;1m   1789360[0m[34;1m    743508[0m[34;1m     19.55[0m[34;1m     96720[0m[34;1m   1858232[0m[34;1m   3908256[0m[31;1m    102.76[0m[34;1m   1194068[0m[34;1m   1409844[0m[34;1m         4[0m
18:39:13   [34;1m    993208[0m[34;1m   1789360[0m[34;1m    743504[0m[34;1m     19.55[0m[34;1m     96720[0m[34;1m   1858236[0m[34;1m   3908256[0m[31;1m    102.76[0m[34;1m   1194068[0m[34;1m   1409844[0m[34;1m         8[0m
18:39:14   [34;1m    993208[0m[34;1m   1789364[0m[34;1m    743504[0m[34;1m     19.55[0m[34;1m     96720[0m[34;1m   1858236[0m[34;1m   3908256[0m[31;1m    102.76[0m[34;1m   1194068[0m[34;1m   1409696[0m[34;1m        12[0m
18:39:15   [34;1m    993208[0m[34;1m   1789364[0m[34;1m    743504[0m[34;1m     19.55[0m[34;1m     96720[0m[34;1m   1858236[0m[34;1m   3908256[0m[31;1m    102.76[0m[34;1m   1194068[0m[34;1m   1409744[0m[34;1m        12[0m
18:39:16   [34;1m    993208[0m[34;1m   1789372[0m[34;1m    743496[0m[34;1m     19.55[0m[34;1m     96724[0m[34;1m   1858240[0m[34;1m   3908256[0m[31;1m    102.76[0m[34;1m   1194072[0m[34;1m   1409808[0m[34;1m        40[0m
18:39:17   [34;1m    993208[0m[34;1m   1789372[0m[34;1m    743496[0m[34;1m     19.55[0m[34;1m     96724[0m[34;1m   1858240[0m[34;1m   3908256[0m[31;1m    102.76[0m[34;1m   1194072[0m[34;1m   1409808[0m[34;1m        40[0m
18:39:18   [34;1m    993208[0m[34;1m   1789372[0m[34;1m    743496[0m[34;1m     19.55[0m[34;1m     96724[0m[34;1m   1858240[0m[34;1m   3908256[0m[31;1m    102.76[0m[34;1m   1194072[0m[34;1m   1409828[0m[34;1m        32[0m
18:39:19   [34;1m    993208[0m[34;1m   1789372[0m[34;1m    743496[0m[34;1m     19.55[0m[34;1m     96724[0m[34;1m   1858240[0m[34;1m   3908256[0m[31;1m    102.76[0m[34;1m   1194072[0m[34;1m   1409828[0m[34;1m        32[0m
18:39:20   [34;1m    993208[0m[34;1m   1789384[0m[34;1m    743484[0m[34;1m     19.55[0m[34;1m     96732[0m[34;1m   1858244[0m[34;1m   3908256[0m[31;1m    102.76[0m[34;1m   1194080[0m[34;1m   1409832[0m[34;1m         4[0m
18:39:21   [34;1m    993208[0m[34;1m   1789384[0m[34;1m    743484[0m[34;1m     19.55[0m[34;1m     96732[0m[34;1m   1858244[0m[34;1m   3908256[0m[31;1m    102.76[0m[34;1m   1194080[0m[34;1m   1409832[0m[34;1m         4[0m
18:39:22   [34;1m    993208[0m[34;1m   1789384[0m[34;1m    743480[0m[34;1m     19.55[0m[34;1m     96732[0m[34;1m   1858248[0m[34;1m   3908256[0m[31;1m    102.76[0m[34;1m   1194080[0m[34;1m   1409832[0m[34;1m         8[0m
18:39:23   [34;1m    993208[0m[34;1m   1789384[0m[34;1m    743480[0m[34;1m     19.55[0m[34;1m     96732[0m[34;1m   1858248[0m[34;1m   3908256[0m[31;1m    102.76[0m[34;1m   1194080[0m[34;1m   1409832[0m[34;1m         8[0m
18:39:24   [34;1m    993208[0m[34;1m   1789396[0m[34;1m    743476[0m[34;1m     19.55[0m[34;1m     96736[0m[34;1m   1858252[0m[34;1m   3908256[0m[31;1m    102.76[0m[34;1m   1194084[0m[34;1m   1410252[0m[34;1m        20[0m
18:39:25   [34;1m    993208[0m[34;1m   1789396[0m[34;1m    743476[0m[34;1m     19.55[0m[34;1m     96736[0m[34;1m   1858252[0m[34;1m   3908256[0m[31;1m    102.76[0m[34;1m   1194084[0m[34;1m   1410272[0m[34;1m        20[0m
18:39:26   [34;1m    993208[0m[34;1m   1789396[0m[34;1m    743444[0m[34;1m     19.55[0m[34;1m     96736[0m[34;1m   1858252[0m[34;1m   3908256[0m[31;1m    102.76[0m[34;1m   1194084[0m[34;1m   1410332[0m[34;1m        20[0m
18:39:27   [34;1m    993208[0m[34;1m   1789396[0m[34;1m    743444[0m[34;1m     19.55[0m[34;1m     96736[0m[34;1m   1858252[0m[34;1m   3908256[0m[31;1m    102.76[0m[34;1m   1194084[0m[34;1m   1407356[0m[34;1m        20[0m
18:39:28   [34;1m    993208[0m[34;1m   1789396[0m[34;1m    743444[0m[34;1m     19.55[0m[34;1m     96736[0m[34;1m   1858252[0m[34;1m   3908256[0m[31;1m    102.76[0m[34;1m   1194084[0m[34;1m   1407372[0m[34;1m        24[0m
18:39:29   [34;1m    993208[0m[34;1m   1789404[0m[34;1m    743436[0m[34;1m     19.55[0m[34;1m     96740[0m[34;1m   1858256[0m[34;1m   3908256[0m[31;1m    102.76[0m[34;1m   1194088[0m[34;1m   1407376[0m[34;1m        12[0m
18:39:30   [34;1m    993208[0m[34;1m   1789412[0m[34;1m    743400[0m[34;1m     19.55[0m[34;1m     96740[0m[34;1m   1858256[0m[34;1m   3908256[0m[31;1m    102.76[0m[34;1m   1194116[0m[34;1m   1407348[0m[34;1m        12[0m
18:39:31   [34;1m    993208[0m[34;1m   1789412[0m[34;1m    743400[0m[34;1m     19.55[0m[34;1m     96740[0m[34;1m   1858256[0m[34;1m   3908256[0m[31;1m    102.76[0m[34;1m   1194116[0m[34;1m   1407348[0m[34;1m        12[0m
18:39:32   [34;1m    993208[0m[34;1m   1789424[0m[34;1m    743396[0m[34;1m     19.55[0m[34;1m     96748[0m[34;1m   1858260[0m[34;1m   3908256[0m[31;1m    102.76[0m[34;1m   1194124[0m[34;1m   1407072[0m[34;1m        24[0m
18:39:33   [34;1m    993208[0m[34;1m   1789424[0m[34;1m    743396[0m[34;1m     19.55[0m[34;1m     96748[0m[34;1m   1858260[0m[34;1m   3908256[0m[31;1m    102.76[0m[34;1m   1194124[0m[34;1m   1407008[0m[34;1m        24[0m
18:39:34   [34;1m    993208[0m[34;1m   1789428[0m[34;1m    743392[0m[34;1m     19.55[0m[34;1m     96748[0m[34;1m   1858264[0m[34;1m   3908256[0m[31;1m    102.76[0m[34;1m   1194124[0m[34;1m   1407248[0m[34;1m        32[0m
18:39:35   [34;1m    993208[0m[34;1m   1789428[0m[34;1m    743392[0m[34;1m     19.55[0m[34;1m     96748[0m[34;1m   1858264[0m[34;1m   3908256[0m[31;1m    102.76[0m[34;1m   1194124[0m[34;1m   1407284[0m[34;1m        36[0m
18:39:36   [34;1m    993208[0m[34;1m   1789428[0m[34;1m    743388[0m[34;1m     19.55[0m[34;1m     96748[0m[34;1m   1858264[0m[34;1m   3908256[0m[31;1m    102.76[0m[34;1m   1194124[0m[34;1m   1407096[0m[34;1m        36[0m
18:39:37   [34;1m    993208[0m[34;1m   1789428[0m[34;1m    743388[0m[34;1m     19.55[0m[34;1m     96748[0m[34;1m   1858264[0m[34;1m   3908256[0m[31;1m    102.76[0m[34;1m   1194124[0m[34;1m   1408056[0m[34;1m        36[0m
18:39:38   [34;1m    993208[0m[34;1m   1789440[0m[34;1m    743376[0m[34;1m     19.55[0m[34;1m     96752[0m[34;1m   1858268[0m[34;1m   3908256[0m[31;1m    102.76[0m[34;1m   1194128[0m[34;1m   1408072[0m[34;1m        36[0m
18:39:39   [34;1m    993208[0m[34;1m   1789440[0m[34;1m    743376[0m[34;1m     19.55[0m[34;1m     96752[0m[34;1m   1858268[0m[34;1m   3908256[0m[31;1m    102.76[0m[34;1m   1194128[0m[34;1m   1407708[0m[34;1m        36[0m
18:39:40   [34;1m    993208[0m[34;1m   1789440[0m[34;1m    743376[0m[34;1m     19.55[0m[34;1m     96752[0m[34;1m   1858268[0m[34;1m   3908256[0m[31;1m    102.76[0m[34;1m   1194128[0m[34;1m   1407768[0m[34;1m        36[0m
18:39:41   [34;1m    993208[0m[34;1m   1789440[0m[34;1m    743380[0m[34;1m     19.55[0m[34;1m     96752[0m[34;1m   1858268[0m[34;1m   3908256[0m[31;1m    102.76[0m[34;1m   1194128[0m[34;1m   1407772[0m[34;1m        36[0m
18:39:42   [34;1m    993208[0m[34;1m   1789448[0m[34;1m    743372[0m[34;1m     19.55[0m[34;1m     96756[0m[34;1m   1858272[0m[34;1m   3908256[0m[31;1m    102.76[0m[34;1m   1194132[0m[34;1m   1407772[0m[34;1m        36[0m
18:39:43   [34;1m    993208[0m[34;1m   1789448[0m[34;1m    743368[0m[34;1m     19.55[0m[34;1m     96756[0m[34;1m   1858276[0m[34;1m   3908256[0m[31;1m    102.76[0m[34;1m   1194132[0m[34;1m   1407772[0m[34;1m        28[0m
18:39:44   [34;1m    993208[0m[34;1m   1789456[0m[34;1m    743364[0m[34;1m     19.55[0m[34;1m     96756[0m[34;1m   1858280[0m[34;1m   3908256[0m[31;1m    102.76[0m[34;1m   1194132[0m[34;1m   1407552[0m[34;1m        32[0m
18:39:45   [34;1m    993208[0m[34;1m   1789456[0m[34;1m    743364[0m[34;1m     19.55[0m[34;1m     96756[0m[34;1m   1858280[0m[34;1m   3908256[0m[31;1m    102.76[0m[34;1m   1194132[0m[34;1m   1407632[0m[34;1m        32[0m
18:39:46   [34;1m    993208[0m[34;1m   1789456[0m[34;1m    743368[0m[34;1m     19.55[0m[34;1m     96756[0m[34;1m   1858280[0m[34;1m   3908256[0m[31;1m    102.76[0m[34;1m   1194132[0m[34;1m   1407740[0m[34;1m        32[0m
18:39:47   [34;1m    993208[0m[34;1m   1789464[0m[34;1m    743360[0m[34;1m     19.55[0m[34;1m     96760[0m[34;1m   1858284[0m[34;1m   3908256[0m[31;1m    102.76[0m[34;1m   1194136[0m[34;1m   1407744[0m[34;1m        48[0m
18:39:48   [34;1m    993208[0m[34;1m   1789464[0m[34;1m    743356[0m[34;1m     19.55[0m[34;1m     96760[0m[34;1m   1858284[0m[34;1m   3908256[0m[31;1m    102.76[0m[34;1m   1194136[0m[34;1m   1407768[0m[34;1m        36[0m
18:39:49   [34;1m    993208[0m[34;1m   1789464[0m[34;1m    743356[0m[34;1m     19.55[0m[34;1m     96760[0m[34;1m   1858284[0m[34;1m   3908256[0m[31;1m    102.76[0m[34;1m   1194136[0m[34;1m   1407768[0m[34;1m        36[0m
18:39:50   [34;1m    993208[0m[34;1m   1789464[0m[34;1m    743356[0m[34;1m     19.55[0m[34;1m     96760[0m[34;1m   1858284[0m[34;1m   3908256[0m[31;1m    102.76[0m[34;1m   1194136[0m[34;1m   1407792[0m[34;1m        40[0m
18:39:51   [34;1m    993208[0m[34;1m   1789472[0m[34;1m    743352[0m[34;1m     19.55[0m[34;1m     96764[0m[34;1m   1858288[0m[34;1m   3908256[0m[31;1m    102.76[0m[34;1m   1194140[0m[34;1m   1407776[0m[34;1m        52[0m
18:39:52   [34;1m    993208[0m[34;1m   1789472[0m[34;1m    743348[0m[34;1m     19.55[0m[34;1m     96764[0m[34;1m   1858288[0m[34;1m   3908256[0m[31;1m    102.76[0m[34;1m   1194140[0m[34;1m   1407852[0m[34;1m        24[0m
18:39:53   [34;1m    993208[0m[34;1m   1789472[0m[34;1m    743348[0m[34;1m     19.55[0m[34;1m     96764[0m[34;1m   1858288[0m[34;1m   3908256[0m[31;1m    102.76[0m[34;1m   1194140[0m[34;1m   1407852[0m[34;1m        24[0m
18:39:54   [34;1m    992968[0m[34;1m   1789232[0m[34;1m    743588[0m[34;1m     19.55[0m[34;1m     96764[0m[34;1m   1858288[0m[34;1m   3908256[0m[31;1m    102.76[0m[34;1m   1194140[0m[34;1m   1407908[0m[34;1m        24[0m
18:39:55   [34;1m    992968[0m[34;1m   1789232[0m[34;1m    743572[0m[34;1m     19.55[0m[34;1m     96764[0m[34;1m   1858288[0m[34;1m   3908256[0m[31;1m    102.76[0m[34;1m   1194140[0m[34;1m   1407976[0m[34;1m        24[0m
