Linux 6.6.95 (ssp-study) 	04/16/26 	_x86_64_	(2 CPU)

19:46:00    kbmemfree   kbavail kbmemused  %memused kbbuffers  kbcached  kbcommit   %commit  kbactive   kbinact   kbdirty
19:46:01   [34;1m    736612[0m[34;1m   1574888[0m[34;1m    935880[0m[34;1m     24.61[0m[34;1m    120388[0m[34;1m   1883764[0m[34;1m   6321324[0m[31;1m    166.21[0m[34;1m   1223244[0m[34;1m   1634428[0m[34;1m       388[0m
19:46:02   [34;1m    735856[0m[34;1m   1574164[0m[34;1m    936588[0m[34;1m     24.63[0m[34;1m    120388[0m[34;1m   1883772[0m[34;1m   6316308[0m[31;1m    166.08[0m[34;1m   1223248[0m[34;1m   1632700[0m[34;1m       388[0m
19:46:03   [34;1m    735856[0m[34;1m   1574192[0m[34;1m    936468[0m[34;1m     24.62[0m[34;1m    120388[0m[34;1m   1883772[0m[34;1m   6316308[0m[31;1m    166.08[0m[34;1m   1223248[0m[34;1m   1632100[0m[34;1m       388[0m
19:46:04   [34;1m    735856[0m[34;1m   1574204[0m[34;1m    936444[0m[34;1m     24.62[0m[34;1m    120388[0m[34;1m   1883772[0m[34;1m   6316308[0m[31;1m    166.08[0m[34;1m   1223248[0m[34;1m   1632064[0m[34;1m       388[0m
19:46:05   [34;1m    735856[0m[34;1m   1574212[0m[34;1m    936424[0m[34;1m     24.62[0m[34;1m    120392[0m[34;1m   1883768[0m[34;1m   6316308[0m[31;1m    166.08[0m[34;1m   1223248[0m[34;1m   1632112[0m[34;1m       388[0m
19:46:06   [34;1m    735856[0m[34;1m   1574224[0m[34;1m    936412[0m[34;1m     24.62[0m[34;1m    120392[0m[34;1m   1883776[0m[34;1m   6316308[0m[31;1m    166.08[0m[34;1m   1223252[0m[34;1m   1631544[0m[34;1m       388[0m
19:46:07   [34;1m    735856[0m[34;1m   1574232[0m[34;1m    936396[0m[34;1m     24.62[0m[34;1m    120392[0m[34;1m   1883776[0m[34;1m   6316308[0m[31;1m    166.08[0m[34;1m   1223256[0m[34;1m   1631376[0m[34;1m       388[0m
19:46:08   [34;1m    735856[0m[34;1m   1574232[0m[34;1m    936376[0m[34;1m     24.62[0m[34;1m    120392[0m[34;1m   1883776[0m[34;1m   6316308[0m[31;1m    166.08[0m[34;1m   1223252[0m[34;1m   1631484[0m[34;1m       388[0m
19:46:09   [34;1m    735856[0m[34;1m   1574232[0m[34;1m    936376[0m[34;1m     24.62[0m[34;1m    120396[0m[34;1m   1883772[0m[34;1m   6316308[0m[31;1m    166.08[0m[34;1m   1223252[0m[34;1m   1631524[0m[34;1m       388[0m
19:46:10   [34;1m    735100[0m[34;1m   1573492[0m[34;1m    937060[0m[34;1m     24.64[0m[34;1m    120396[0m[34;1m   1883780[0m[34;1m   6316308[0m[31;1m    166.08[0m[34;1m   1223256[0m[34;1m   1633116[0m[34;1m       388[0m
19:46:11   [34;1m    735100[0m[34;1m   1573492[0m[34;1m    937060[0m[34;1m     24.64[0m[34;1m    120396[0m[34;1m   1883780[0m[34;1m   6316308[0m[31;1m    166.08[0m[34;1m   1223256[0m[34;1m   1633116[0m[34;1m       388[0m
19:46:12   [34;1m    734092[0m[34;1m   1572488[0m[34;1m    938076[0m[34;1m     24.67[0m[34;1m    120404[0m[34;1m   1883776[0m[34;1m   6316308[0m[31;1m    166.08[0m[34;1m   1223256[0m[34;1m   1633212[0m[34;1m       388[0m
19:46:13   [34;1m    734092[0m[34;1m   1572512[0m[34;1m    938052[0m[34;1m     24.66[0m[34;1m    120408[0m[34;1m   1883796[0m[34;1m   6316308[0m[31;1m    166.08[0m[34;1m   1223264[0m[34;1m   1632168[0m[34;1m       392[0m
19:46:14   [34;1m    734092[0m[34;1m   1572532[0m[34;1m    938036[0m[34;1m     24.66[0m[34;1m    120408[0m[34;1m   1883812[0m[34;1m   6316308[0m[31;1m    166.08[0m[34;1m   1223268[0m[34;1m   1631508[0m[34;1m       392[0m
19:46:15   [34;1m    734092[0m[34;1m   1572532[0m[34;1m    938044[0m[34;1m     24.66[0m[34;1m    120408[0m[34;1m   1883812[0m[34;1m   6316564[0m[31;1m    166.08[0m[34;1m   1223268[0m[34;1m   1631376[0m[34;1m       392[0m
19:46:16   [34;1m    734092[0m[34;1m   1572532[0m[34;1m    938044[0m[34;1m     24.66[0m[34;1m    120408[0m[34;1m   1883812[0m[34;1m   6316564[0m[31;1m    166.08[0m[34;1m   1223268[0m[34;1m   1630860[0m[34;1m       392[0m
19:46:17   [34;1m    734092[0m[34;1m   1572536[0m[34;1m    938036[0m[34;1m     24.66[0m[34;1m    120408[0m[34;1m   1883816[0m[34;1m   6316564[0m[31;1m    166.08[0m[34;1m   1223268[0m[34;1m   1629116[0m[34;1m       392[0m
19:46:18   [34;1m    734092[0m[34;1m   1572536[0m[34;1m    938004[0m[34;1m     24.66[0m[34;1m    120408[0m[34;1m   1883816[0m[34;1m   6316564[0m[31;1m    166.08[0m[34;1m   1223268[0m[34;1m   1629128[0m[34;1m       344[0m
19:46:19   [34;1m    734092[0m[34;1m   1572536[0m[34;1m    938004[0m[34;1m     24.66[0m[34;1m    120408[0m[34;1m   1883816[0m[34;1m   6321580[0m[31;1m    166.22[0m[34;1m   1223268[0m[34;1m   1630588[0m[34;1m       344[0m
19:46:20   [34;1m    734092[0m[34;1m   1572536[0m[34;1m    938000[0m[34;1m     24.66[0m[34;1m    120408[0m[34;1m   1883816[0m[34;1m   6321580[0m[31;1m    166.22[0m[34;1m   1223272[0m[34;1m   1631224[0m[34;1m       344[0m
19:46:21   [34;1m    733840[0m[34;1m   1572288[0m[34;1m    938240[0m[34;1m     24.67[0m[34;1m    120408[0m[34;1m   1883820[0m[34;1m   6321580[0m[31;1m    166.22[0m[34;1m   1223272[0m[34;1m   1631276[0m[34;1m       348[0m
19:46:22   [34;1m    732580[0m[34;1m   1571028[0m[34;1m    939500[0m[34;1m     24.70[0m[34;1m    120408[0m[34;1m   1883820[0m[34;1m   6316564[0m[31;1m    166.08[0m[34;1m   1223260[0m[34;1m   1630084[0m[34;1m       348[0m
19:46:23   [34;1m    732580[0m[34;1m   1571028[0m[34;1m    939504[0m[34;1m     24.70[0m[34;1m    120408[0m[34;1m   1883820[0m[34;1m   6316564[0m[31;1m    166.08[0m[34;1m   1223268[0m[34;1m   1630012[0m[34;1m       348[0m
19:46:24   [34;1m    732580[0m[34;1m   1571028[0m[34;1m    939500[0m[34;1m     24.70[0m[34;1m    120408[0m[34;1m   1883824[0m[34;1m   6316564[0m[31;1m    166.08[0m[34;1m   1223268[0m[34;1m   1630020[0m[34;1m       300[0m
19:46:25   [34;1m    732580[0m[34;1m   1571028[0m[34;1m    939500[0m[34;1m     24.70[0m[34;1m    120408[0m[34;1m   1883824[0m[34;1m   6316564[0m[31;1m    166.08[0m[34;1m   1223268[0m[34;1m   1630020[0m[34;1m       300[0m
19:46:26   [34;1m    732580[0m[34;1m   1571036[0m[34;1m    939496[0m[34;1m     24.70[0m[34;1m    120408[0m[34;1m   1883828[0m[34;1m   6316564[0m[31;1m    166.08[0m[34;1m   1223268[0m[34;1m   1630104[0m[34;1m       304[0m
19:46:27   [34;1m    731824[0m[34;1m   1570280[0m[34;1m    940252[0m[34;1m     24.72[0m[34;1m    120416[0m[34;1m   1883820[0m[34;1m   6316564[0m[31;1m    166.08[0m[34;1m   1223268[0m[34;1m   1630204[0m[34;1m       304[0m
19:46:28   [34;1m    731824[0m[34;1m   1570308[0m[34;1m    940224[0m[34;1m     24.72[0m[34;1m    120416[0m[34;1m   1883848[0m[34;1m   6316564[0m[31;1m    166.08[0m[34;1m   1223276[0m[34;1m   1629448[0m[34;1m         8[0m
19:46:29   [34;1m    731824[0m[34;1m   1570324[0m[34;1m    940204[0m[34;1m     24.72[0m[34;1m    120444[0m[34;1m   1883836[0m[34;1m   6316564[0m[31;1m    166.08[0m[34;1m   1223280[0m[34;1m   1629428[0m[34;1m        40[0m
19:46:30   [34;1m    731824[0m[34;1m   1570352[0m[34;1m    940172[0m[34;1m     24.72[0m[34;1m    120444[0m[34;1m   1883864[0m[34;1m   6316564[0m[31;1m    166.08[0m[34;1m   1223304[0m[34;1m   1630104[0m[34;1m        44[0m
19:46:31   [34;1m    731824[0m[34;1m   1570352[0m[34;1m    940176[0m[34;1m     24.72[0m[34;1m    120452[0m[34;1m   1883856[0m[34;1m   6316564[0m[31;1m    166.08[0m[34;1m   1223304[0m[34;1m   1630232[0m[34;1m        44[0m
19:46:32   [34;1m    731824[0m[34;1m   1570364[0m[34;1m    940164[0m[34;1m     24.72[0m[34;1m    120452[0m[34;1m   1883868[0m[34;1m   6316564[0m[31;1m    166.08[0m[34;1m   1223316[0m[34;1m   1629860[0m[34;1m        44[0m
19:46:33   [34;1m    731824[0m[34;1m   1570364[0m[34;1m    940164[0m[34;1m     24.72[0m[34;1m    120452[0m[34;1m   1883868[0m[34;1m   6316564[0m[31;1m    166.08[0m[34;1m   1223312[0m[34;1m   1629836[0m[34;1m        44[0m
19:46:34   [34;1m    731824[0m[34;1m   1570364[0m[34;1m    940164[0m[34;1m     24.72[0m[34;1m    120452[0m[34;1m   1883868[0m[34;1m   6316564[0m[31;1m    166.08[0m[34;1m   1223312[0m[34;1m   1630160[0m[34;1m        44[0m
19:46:35   [34;1m    731824[0m[34;1m   1570364[0m[34;1m    940164[0m[34;1m     24.72[0m[34;1m    120452[0m[34;1m   1883868[0m[34;1m   6316564[0m[31;1m    166.08[0m[34;1m   1223312[0m[34;1m   1630560[0m[34;1m        44[0m
19:46:36   [34;1m    731824[0m[34;1m   1570368[0m[34;1m    940156[0m[34;1m     24.72[0m[34;1m    120456[0m[34;1m   1883868[0m[34;1m   6316564[0m[31;1m    166.08[0m[34;1m   1223312[0m[34;1m   1630352[0m[34;1m        88[0m
19:46:37   [34;1m    731824[0m[34;1m   1570372[0m[34;1m    940152[0m[34;1m     24.72[0m[34;1m    120456[0m[34;1m   1883872[0m[34;1m   6316564[0m[31;1m    166.08[0m[34;1m   1223316[0m[34;1m   1630196[0m[34;1m        88[0m
19:46:38   [34;1m    731824[0m[34;1m   1570372[0m[34;1m    940152[0m[34;1m     24.72[0m[34;1m    120456[0m[34;1m   1883872[0m[34;1m   6316564[0m[31;1m    166.08[0m[34;1m   1223316[0m[34;1m   1630356[0m[34;1m        88[0m
19:46:39   [34;1m    731068[0m[34;1m   1569616[0m[34;1m    940908[0m[34;1m     24.74[0m[34;1m    120468[0m[34;1m   1883860[0m[34;1m   6321580[0m[31;1m    166.22[0m[34;1m   1223316[0m[34;1m   1631856[0m[34;22m         0[0m
19:46:40   [34;1m    730312[0m[34;1m   1568872[0m[34;1m    941628[0m[34;1m     24.76[0m[34;1m    120468[0m[34;1m   1883876[0m[34;1m   6321580[0m[31;1m    166.22[0m[34;1m   1223316[0m[34;1m   1632904[0m[34;1m        84[0m
19:46:41   [34;1m    730312[0m[34;1m   1568884[0m[34;1m    941608[0m[34;1m     24.76[0m[34;1m    120468[0m[34;1m   1883876[0m[34;1m   6321580[0m[31;1m    166.22[0m[34;1m   1223328[0m[34;1m   1632912[0m[34;1m        84[0m
19:46:42   [34;1m    730072[0m[34;1m   1568660[0m[34;1m    941824[0m[34;1m     24.76[0m[34;1m    120488[0m[34;1m   1883864[0m[34;1m   6316564[0m[31;1m    166.08[0m[34;1m   1223328[0m[34;1m   1631688[0m[34;1m        92[0m
19:46:43   [34;1m    730072[0m[34;1m   1568704[0m[34;1m    941784[0m[34;1m     24.76[0m[34;1m    120512[0m[34;1m   1883884[0m[34;1m   6316564[0m[31;1m    166.08[0m[34;1m   1223360[0m[34;1m   1632228[0m[34;1m        92[0m
19:46:44   [34;1m    730072[0m[34;1m   1568728[0m[34;1m    941764[0m[34;1m     24.76[0m[34;1m    120516[0m[34;1m   1883904[0m[34;1m   6316564[0m[31;1m    166.08[0m[34;1m   1223372[0m[34;1m   1632692[0m[34;1m        92[0m
19:46:45   [34;1m    730072[0m[34;1m   1568736[0m[34;1m    941756[0m[34;1m     24.76[0m[34;1m    120520[0m[34;1m   1883908[0m[34;1m   6316564[0m[31;1m    166.08[0m[34;1m   1223376[0m[34;1m   1632536[0m[34;22m         0[0m
19:46:46   [34;1m    730072[0m[34;1m   1568744[0m[34;1m    941748[0m[34;1m     24.76[0m[34;1m    120520[0m[34;1m   1883916[0m[34;1m   6316564[0m[31;1m    166.08[0m[34;1m   1223380[0m[34;1m   1632488[0m[34;1m        28[0m
19:46:47   [34;1m    730072[0m[34;1m   1568744[0m[34;1m    941748[0m[34;1m     24.76[0m[34;1m    120520[0m[34;1m   1883916[0m[34;1m   6316564[0m[31;1m    166.08[0m[34;1m   1223380[0m[34;1m   1632196[0m[34;1m        32[0m
19:46:48   [34;1m    730072[0m[34;1m   1568748[0m[34;1m    941744[0m[34;1m     24.76[0m[34;1m    120520[0m[34;1m   1883920[0m[34;1m   6316564[0m[31;1m    166.08[0m[34;1m   1223380[0m[34;1m   1632440[0m[34;1m        36[0m
19:46:49   [34;1m    730072[0m[34;1m   1568748[0m[34;1m    941744[0m[34;1m     24.76[0m[34;1m    120520[0m[34;1m   1883920[0m[34;1m   6316564[0m[31;1m    166.08[0m[34;1m   1223380[0m[34;1m   1632488[0m[34;1m        36[0m
19:46:50   [34;1m    729824[0m[34;1m   1568500[0m[34;1m    942012[0m[34;1m     24.77[0m[34;1m    120520[0m[34;1m   1883920[0m[34;1m   6316564[0m[31;1m    166.08[0m[34;1m   1223380[0m[34;1m   1632976[0m[34;1m        36[0m
19:46:51   [34;1m    729824[0m[34;1m   1568500[0m[34;1m    942016[0m[34;1m     24.77[0m[34;1m    120524[0m[34;1m   1883916[0m[34;1m   6316564[0m[31;1m    166.08[0m[34;1m   1223380[0m[34;1m   1632992[0m[34;22m         0[0m
19:46:52   [34;1m    729824[0m[34;1m   1568508[0m[34;1m    942008[0m[34;1m     24.77[0m[34;1m    120524[0m[34;1m   1883924[0m[34;1m   6316564[0m[31;1m    166.08[0m[34;1m   1223388[0m[34;1m   1633116[0m[34;1m        36[0m
19:46:53   [34;1m    729824[0m[34;1m   1568508[0m[34;1m    942008[0m[34;1m     24.77[0m[34;1m    120524[0m[34;1m   1883924[0m[34;1m   6316564[0m[31;1m    166.08[0m[34;1m   1223384[0m[34;1m   1633052[0m[34;1m        36[0m
19:46:54   [34;1m    729824[0m[34;1m   1568508[0m[34;1m    942008[0m[34;1m     24.77[0m[34;1m    120524[0m[34;1m   1883924[0m[34;1m   6316564[0m[31;1m    166.08[0m[34;1m   1223384[0m[34;1m   1633064[0m[34;1m        36[0m
19:46:55   [34;1m    729824[0m[34;1m   1568508[0m[34;1m    942008[0m[34;1m     24.77[0m[34;1m    120528[0m[34;1m   1883920[0m[34;1m   6316564[0m[31;1m    166.08[0m[34;1m   1223384[0m[34;1m   1633064[0m[34;1m        36[0m
19:46:56   [34;1m    729824[0m[34;1m   1568512[0m[34;1m    942004[0m[34;1m     24.77[0m[34;1m    120532[0m[34;1m   1883924[0m[34;1m   6316564[0m[31;1m    166.08[0m[34;1m   1223384[0m[34;1m   1633368[0m[34;1m        36[0m
19:46:57   [34;1m    729824[0m[34;1m   1568520[0m[34;1m    942004[0m[34;1m     24.77[0m[34;1m    120560[0m[34;1m   1883900[0m[34;1m   6356944[0m[31;1m    167.15[0m[34;1m   1223392[0m[34;1m   1633076[0m[34;1m        12[0m
19:46:58   [34;1m    729824[0m[34;1m   1568580[0m[34;1m    941944[0m[34;1m     24.77[0m[34;1m    120568[0m[34;1m   1883948[0m[34;1m   6316564[0m[31;1m    166.08[0m[34;1m   1223424[0m[34;1m   1632952[0m[34;1m        36[0m
19:46:59   [34;1m    729824[0m[34;1m   1568588[0m[34;1m    941936[0m[34;1m     24.77[0m[34;1m    120572[0m[34;1m   1883952[0m[34;1m   6316564[0m[31;1m    166.08[0m[34;1m   1223428[0m[34;1m   1633016[0m[34;1m        28[0m
19:47:00   [34;1m    729824[0m[34;1m   1568592[0m[34;1m    941928[0m[34;1m     24.77[0m[34;1m    120576[0m[34;1m   1883956[0m[34;1m   6316564[0m[31;1m    166.08[0m[34;1m   1223428[0m[34;1m   1633684[0m[34;1m        36[0m
19:47:01   [34;1m    729824[0m[34;1m   1568604[0m[34;1m    941912[0m[34;1m     24.77[0m[34;1m    120580[0m[34;1m   1883960[0m[34;1m   6316564[0m[31;1m    166.08[0m[34;1m   1223436[0m[34;1m   1633788[0m[34;1m        36[0m
19:47:02   [34;1m    729824[0m[34;1m   1568608[0m[34;1m    941908[0m[34;1m     24.77[0m[34;1m    120580[0m[34;1m   1883964[0m[34;1m   6316564[0m[31;1m    166.08[0m[34;1m   1223440[0m[34;1m   1633420[0m[34;22m         0[0m
19:47:03   [34;1m    729572[0m[34;1m   1568356[0m[34;1m    942156[0m[34;1m     24.77[0m[34;1m    120580[0m[34;1m   1883964[0m[34;1m   6316564[0m[31;1m    166.08[0m[34;1m   1223440[0m[34;1m   1633440[0m[34;22m         0[0m
19:47:04   [34;1m    729572[0m[34;1m   1568356[0m[34;1m    942160[0m[34;1m     24.77[0m[34;1m    120580[0m[34;1m   1883964[0m[34;1m   6316564[0m[31;1m    166.08[0m[34;1m   1223440[0m[34;1m   1633840[0m[34;1m         4[0m
19:47:05   [34;1m    729320[0m[34;1m   1568104[0m[34;1m    942412[0m[34;1m     24.78[0m[34;1m    120580[0m[34;1m   1883964[0m[34;1m   6316564[0m[31;1m    166.08[0m[34;1m   1223440[0m[34;1m   1633952[0m[34;1m         4[0m
19:47:06   [34;1m    729068[0m[34;1m   1567856[0m[34;1m    942660[0m[34;1m     24.79[0m[34;1m    120580[0m[34;1m   1883968[0m[34;1m   6316564[0m[31;1m    166.08[0m[34;1m   1223440[0m[34;1m   1634020[0m[34;1m        32[0m
19:47:07   [34;1m    729068[0m[34;1m   1567856[0m[34;1m    942660[0m[34;1m     24.79[0m[34;1m    120580[0m[34;1m   1883968[0m[34;1m   6316564[0m[31;1m    166.08[0m[34;1m   1223440[0m[34;1m   1633468[0m[34;1m        32[0m
19:47:08   [34;1m    729068[0m[34;1m   1567860[0m[34;1m    942660[0m[34;1m     24.79[0m[34;1m    120580[0m[34;1m   1883972[0m[34;1m   6316564[0m[31;1m    166.08[0m[34;1m   1223440[0m[34;1m   1633424[0m[34;1m        36[0m
19:47:09   [34;1m    729068[0m[34;1m   1567860[0m[34;1m    942660[0m[34;1m     24.79[0m[34;1m    120580[0m[34;1m   1883972[0m[34;1m   6316564[0m[31;1m    166.08[0m[34;1m   1223440[0m[34;1m   1633424[0m[34;1m        36[0m
19:47:10   [34;1m    729068[0m[34;1m   1567860[0m[34;1m    942660[0m[34;1m     24.79[0m[34;1m    120580[0m[34;1m   1883972[0m[34;1m   6316564[0m[31;1m    166.08[0m[34;1m   1223440[0m[34;1m   1633304[0m[34;1m         4[0m
19:47:11   [34;1m    729068[0m[34;1m   1567860[0m[34;1m    942644[0m[34;1m     24.79[0m[34;1m    120584[0m[34;1m   1883968[0m[34;1m   6316564[0m[31;1m    166.08[0m[34;1m   1223440[0m[34;1m   1633412[0m[34;1m        32[0m
19:47:12   [34;1m    729068[0m[34;1m   1567884[0m[34;1m    942620[0m[34;1m     24.78[0m[34;1m    120604[0m[34;1m   1883972[0m[34;1m   6316564[0m[31;1m    166.08[0m[34;1m   1223448[0m[34;1m   1633988[0m[34;1m        36[0m
19:47:13   [34;1m    729068[0m[34;1m   1567908[0m[34;1m    942592[0m[34;1m     24.78[0m[34;1m    120616[0m[34;1m   1883984[0m[34;1m   6316564[0m[31;1m    166.08[0m[34;1m   1223472[0m[34;1m   1634412[0m[34;1m        48[0m
19:47:14   [34;1m    729068[0m[34;1m   1567936[0m[34;1m    942560[0m[34;1m     24.78[0m[34;1m    120632[0m[34;1m   1883996[0m[34;1m   6316564[0m[31;1m    166.08[0m[34;1m   1223476[0m[34;1m   1634716[0m[34;1m        52[0m
19:47:15   [34;1m    729068[0m[34;1m   1567956[0m[34;1m    942544[0m[34;1m     24.78[0m[34;1m    120632[0m[34;1m   1884012[0m[34;1m   6316564[0m[31;1m    166.08[0m[34;1m   1223492[0m[34;1m   1634672[0m[34;1m        52[0m
19:47:16   [34;1m    729068[0m[34;1m   1567956[0m[34;1m    942544[0m[34;1m     24.78[0m[34;1m    120640[0m[34;1m   1884004[0m[34;1m   6316564[0m[31;1m    166.08[0m[34;1m   1223492[0m[34;1m   1634160[0m[34;1m         4[0m
19:47:17   [34;1m    729068[0m[34;1m   1567964[0m[34;1m    942536[0m[34;1m     24.78[0m[34;1m    120640[0m[34;1m   1884012[0m[34;1m   6316564[0m[31;1m    166.08[0m[34;1m   1223500[0m[34;1m   1633852[0m[34;1m        28[0m
19:47:18   [34;1m    729068[0m[34;1m   1567964[0m[34;1m    942536[0m[34;1m     24.78[0m[34;1m    120640[0m[34;1m   1884012[0m[34;1m   6316564[0m[31;1m    166.08[0m[34;1m   1223496[0m[34;1m   1633832[0m[34;1m        28[0m
19:47:19   [34;1m    729068[0m[34;1m   1567968[0m[34;1m    942536[0m[34;1m     24.78[0m[34;1m    120640[0m[34;1m   1884016[0m[34;1m   6321580[0m[31;1m    166.22[0m[34;1m   1223500[0m[34;1m   1635240[0m[34;1m        32[0m
19:47:20   [34;1m    729068[0m[34;1m   1567968[0m[34;1m    942536[0m[34;1m     24.78[0m[34;1m    120640[0m[34;1m   1884016[0m[34;1m   6321580[0m[31;1m    166.22[0m[34;1m   1223500[0m[34;1m   1635304[0m[34;1m        32[0m
19:47:21   [34;1m    729068[0m[34;1m   1567976[0m[34;1m    942520[0m[34;1m     24.78[0m[34;1m    120640[0m[34;1m   1884016[0m[34;1m   6321580[0m[31;1m    166.22[0m[34;1m   1223500[0m[34;1m   1635692[0m[34;22m         0[0m
19:47:22   [34;1m    729068[0m[34;1m   1567976[0m[34;1m    942504[0m[34;1m     24.78[0m[34;1m    120640[0m[34;1m   1884016[0m[34;1m   6316564[0m[31;1m    166.08[0m[34;1m   1223500[0m[34;1m   1634372[0m[34;22m         0[0m
19:47:23   [34;1m    729068[0m[34;1m   1567980[0m[34;1m    942500[0m[34;1m     24.78[0m[34;1m    120640[0m[34;1m   1884020[0m[34;1m   6316564[0m[31;1m    166.08[0m[34;1m   1223512[0m[34;1m   1634312[0m[34;1m        24[0m
19:47:24   [34;1m    729068[0m[34;1m   1567980[0m[34;1m    942496[0m[34;1m     24.78[0m[34;1m    120640[0m[34;1m   1884020[0m[34;1m   6316564[0m[31;1m    166.08[0m[34;1m   1223500[0m[34;1m   1634228[0m[34;1m        24[0m
19:47:25   [34;1m    729068[0m[34;1m   1567980[0m[34;1m    942496[0m[34;1m     24.78[0m[34;1m    120640[0m[34;1m   1884020[0m[34;1m   6316564[0m[31;1m    166.08[0m[34;1m   1223500[0m[34;1m   1634272[0m[34;1m        24[0m
19:47:26   [34;1m    729068[0m[34;1m   1567980[0m[34;1m    942504[0m[34;1m     24.78[0m[34;1m    120640[0m[34;1m   1884020[0m[34;1m   6316564[0m[31;1m    166.08[0m[34;1m   1223500[0m[34;1m   1634272[0m[34;1m        24[0m
19:47:27   [34;1m    729068[0m[34;1m   1567980[0m[34;1m    942520[0m[34;1m     24.78[0m[34;1m    120660[0m[34;1m   1884000[0m[34;1m   6316564[0m[31;1m    166.08[0m[34;1m   1223500[0m[34;1m   1634316[0m[34;22m         0[0m
19:47:28   [34;1m    728816[0m[34;1m   1567768[0m[34;1m    942732[0m[34;1m     24.79[0m[34;1m    120676[0m[34;1m   1884024[0m[34;1m   6316564[0m[31;1m    166.08[0m[34;1m   1223520[0m[34;1m   1634364[0m[34;1m        28[0m
19:47:29   [34;1m    728816[0m[34;1m   1567812[0m[34;1m    942688[0m[34;1m     24.79[0m[34;1m    120688[0m[34;1m   1884056[0m[34;1m   6316564[0m[31;1m    166.08[0m[34;1m   1223548[0m[34;1m   1634424[0m[34;1m        40[0m
19:47:30   [34;1m    728816[0m[34;1m   1567812[0m[34;1m    942688[0m[34;1m     24.79[0m[34;1m    120704[0m[34;1m   1884040[0m[34;1m   6316564[0m[31;1m    166.08[0m[34;1m   1223548[0m[34;1m   1634424[0m[34;1m        40[0m
19:47:31   [34;1m    728816[0m[34;1m   1567832[0m[34;1m    942660[0m[34;1m     24.79[0m[34;1m    120704[0m[34;1m   1884060[0m[34;1m   6316564[0m[31;1m    166.08[0m[34;1m   1223564[0m[34;1m   1635132[0m[34;1m        40[0m
19:47:32   [34;1m    728816[0m[34;1m   1567832[0m[34;1m    942660[0m[34;1m     24.79[0m[34;1m    120704[0m[34;1m   1884060[0m[34;1m   6316564[0m[31;1m    166.08[0m[34;1m   1223564[0m[34;1m   1635016[0m[34;1m        40[0m
19:47:33   [34;1m    727808[0m[34;1m   1566828[0m[34;1m    943668[0m[34;1m     24.81[0m[34;1m    120704[0m[34;1m   1884064[0m[34;1m   6316564[0m[31;1m    166.08[0m[34;1m   1223564[0m[34;1m   1634832[0m[34;22m         0[0m
19:47:34   [34;1m    727808[0m[34;1m   1566828[0m[34;1m    943668[0m[34;1m     24.81[0m[34;1m    120704[0m[34;1m   1884064[0m[34;1m   6316564[0m[31;1m    166.08[0m[34;1m   1223564[0m[34;1m   1634856[0m[34;22m         0[0m
19:47:35   [34;1m    727808[0m[34;1m   1566828[0m[34;1m    943672[0m[34;1m     24.81[0m[34;1m    120704[0m[34;1m   1884064[0m[34;1m   6316564[0m[31;1m    166.08[0m[34;1m   1223564[0m[34;1m   1634800[0m[34;1m         4[0m
19:47:36   [34;1m    727808[0m[34;1m   1566832[0m[34;1m    943664[0m[34;1m     24.81[0m[34;1m    120708[0m[34;1m   1884064[0m[34;1m   6316564[0m[31;1m    166.08[0m[34;1m   1223568[0m[34;1m   1634744[0m[34;1m        40[0m
19:47:37   [34;1m    727808[0m[34;1m   1566832[0m[34;1m    943672[0m[34;1m     24.81[0m[34;1m    120708[0m[34;1m   1884064[0m[34;1m   6316564[0m[31;1m    166.08[0m[34;1m   1223568[0m[34;1m   1634724[0m[34;1m        40[0m
19:47:38   [34;1m    725288[0m[34;1m   1564312[0m[34;1m    946188[0m[34;1m     24.88[0m[34;1m    120708[0m[34;1m   1884064[0m[34;1m   6316564[0m[31;1m    166.08[0m[34;1m   1223568[0m[34;1m   1634824[0m[34;1m        40[0m
19:47:39   [34;1m    725288[0m[34;1m   1564316[0m[34;1m    946180[0m[34;1m     24.88[0m[34;1m    120708[0m[34;1m   1884068[0m[34;1m   6321580[0m[31;1m    166.22[0m[34;1m   1223568[0m[34;1m   1636380[0m[34;22m         0[0m
19:47:40   [34;1m    725288[0m[34;1m   1564316[0m[34;1m    946180[0m[34;1m     24.88[0m[34;1m    120708[0m[34;1m   1884068[0m[34;1m   6321580[0m[31;1m    166.22[0m[34;1m   1223568[0m[34;1m   1636652[0m[34;22m         0[0m
19:47:41   [34;1m    725036[0m[34;1m   1564064[0m[34;1m    946420[0m[34;1m     24.88[0m[34;1m    120708[0m[34;1m   1884068[0m[34;1m   6321580[0m[31;1m    166.22[0m[34;1m   1223568[0m[34;1m   1637340[0m[34;1m        20[0m
19:47:42   [34;1m    725036[0m[34;1m   1564064[0m[34;1m    946428[0m[34;1m     24.88[0m[34;1m    120720[0m[34;1m   1884056[0m[34;1m   6316564[0m[31;1m    166.08[0m[34;1m   1223568[0m[34;1m   1635592[0m[34;1m        20[0m
19:47:43   [34;1m    722768[0m[34;1m   1561840[0m[34;1m    948644[0m[34;1m     24.94[0m[34;1m    120732[0m[34;1m   1884088[0m[34;1m   6316564[0m[31;1m    166.08[0m[34;1m   1223588[0m[34;1m   1635412[0m[34;1m        36[0m
19:47:44   [34;1m    722768[0m[34;1m   1561852[0m[34;1m    948632[0m[34;1m     24.94[0m[34;1m    120752[0m[34;1m   1884080[0m[34;1m   6316564[0m[31;1m    166.08[0m[34;1m   1223588[0m[34;1m   1635464[0m[34;1m        40[0m
19:47:45   [34;1m    722768[0m[34;1m   1561884[0m[34;1m    948604[0m[34;1m     24.94[0m[34;1m    120752[0m[34;1m   1884108[0m[34;1m   6325464[0m[31;1m    166.32[0m[34;1m   1223612[0m[34;1m   1635992[0m[34;1m        40[0m
19:47:46   [34;1m    722516[0m[34;1m   1561632[0m[34;1m    948856[0m[34;1m     24.95[0m[34;1m    120760[0m[34;1m   1884100[0m[34;1m   6326040[0m[31;1m    166.33[0m[34;1m   1223612[0m[34;1m   1636284[0m[34;22m         0[0m
19:47:47   [34;1m    722516[0m[34;1m   1561640[0m[34;1m    948852[0m[34;1m     24.95[0m[34;1m    120760[0m[34;1m   1884108[0m[34;1m   6326872[0m[31;1m    166.36[0m[34;1m   1223620[0m[34;1m   1636348[0m[34;1m        28[0m
19:47:48   [34;1m    719240[0m[34;1m   1558364[0m[34;1m    952128[0m[34;1m     25.03[0m[34;1m    120760[0m[34;1m   1884108[0m[34;1m   6345692[0m[31;1m    166.85[0m[34;1m   1223620[0m[34;1m   1639188[0m[34;1m        28[0m
19:47:49   [34;1m    719240[0m[34;1m   1558364[0m[34;1m    952128[0m[34;1m     25.03[0m[34;1m    120760[0m[34;1m   1884108[0m[34;1m   6345692[0m[31;1m    166.85[0m[34;1m   1223620[0m[34;1m   1639356[0m[34;1m        28[0m
19:47:50   [34;1m    719240[0m[34;1m   1558364[0m[34;1m    952128[0m[34;1m     25.03[0m[34;1m    120772[0m[34;1m   1884096[0m[34;1m   6345692[0m[31;1m    166.85[0m[34;1m   1223620[0m[34;1m   1638456[0m[34;1m        28[0m
19:47:51   [34;1m    719240[0m[34;1m   1558384[0m[34;1m    952116[0m[34;1m     25.03[0m[34;1m    120772[0m[34;1m   1884116[0m[34;1m   6345692[0m[31;1m    166.85[0m[34;1m   1223632[0m[34;1m   1637280[0m[34;1m        36[0m
19:47:52   [34;1m    719240[0m[34;1m   1558384[0m[34;1m    952112[0m[34;1m     25.03[0m[34;1m    120780[0m[34;1m   1884108[0m[34;1m   6346268[0m[31;1m    166.87[0m[34;1m   1223632[0m[34;1m   1636908[0m[34;22m         0[0m
19:47:53   [34;1m    719240[0m[34;1m   1558396[0m[34;1m    952112[0m[34;1m     25.03[0m[34;1m    120780[0m[34;1m   1884120[0m[34;1m   6347420[0m[31;1m    166.90[0m[34;1m   1223644[0m[34;1m   1632640[0m[34;1m        36[0m
19:47:54   [34;1m    719240[0m[34;1m   1558396[0m[34;1m    952112[0m[34;1m     25.03[0m[34;1m    120780[0m[34;1m   1884120[0m[34;1m   6347420[0m[31;1m    166.90[0m[34;1m   1223640[0m[34;1m   1632596[0m[34;1m        36[0m
19:47:55   [34;1m    719240[0m[34;1m   1558396[0m[34;1m    952112[0m[34;1m     25.03[0m[34;1m    120780[0m[34;1m   1884120[0m[34;1m   6347420[0m[31;1m    166.90[0m[34;1m   1223640[0m[34;1m   1632596[0m[34;1m        36[0m
19:47:56   [34;1m    719240[0m[34;1m   1558396[0m[34;1m    952112[0m[34;1m     25.03[0m[34;1m    120788[0m[34;1m   1884112[0m[34;1m   6347420[0m[31;1m    166.90[0m[34;1m   1223640[0m[34;1m   1632196[0m[34;1m        36[0m
19:47:57   [34;1m    719240[0m[34;1m   1558412[0m[34;1m    952092[0m[34;1m     25.03[0m[34;1m    120800[0m[34;1m   1884120[0m[34;1m   6347420[0m[31;1m    166.90[0m[34;1m   1223648[0m[34;1m   1630996[0m[34;22m         0[0m
19:47:58   [34;1m    718988[0m[34;1m   1558176[0m[34;1m    952328[0m[34;1m     25.04[0m[34;1m    120816[0m[34;1m   1884120[0m[34;1m   6347420[0m[31;1m    166.90[0m[34;1m   1223660[0m[34;1m   1629992[0m[34;1m        24[0m
19:47:59   [34;1m    718988[0m[34;1m   1558212[0m[34;1m    952276[0m[34;1m     25.04[0m[34;1m    120816[0m[34;1m   1884152[0m[34;1m   6352436[0m[31;1m    167.03[0m[34;1m   1223676[0m[34;1m   1631644[0m[34;1m        36[0m
19:48:00   [34;1m    718988[0m[34;1m   1558212[0m[34;1m    952280[0m[34;1m     25.04[0m[34;1m    120816[0m[34;1m   1884152[0m[34;1m   6352436[0m[31;1m    167.03[0m[34;1m   1223680[0m[34;1m   1631696[0m[34;1m        36[0m
19:48:01   [34;1m    718748[0m[34;1m   1557976[0m[34;1m    952516[0m[34;1m     25.05[0m[34;1m    120816[0m[34;1m   1884156[0m[34;1m   6352436[0m[31;1m    167.03[0m[34;1m   1223680[0m[34;1m   1632924[0m[34;1m        36[0m
19:48:02   [34;1m    718748[0m[34;1m   1557976[0m[34;1m    952508[0m[34;1m     25.04[0m[34;1m    120816[0m[34;1m   1884156[0m[34;1m   6347420[0m[31;1m    166.90[0m[34;1m   1223680[0m[34;1m   1631148[0m[34;1m        36[0m
19:48:03   [34;1m    718748[0m[34;1m   1557976[0m[34;1m    952512[0m[34;1m     25.04[0m[34;1m    120816[0m[34;1m   1884156[0m[34;1m   6347420[0m[31;1m    166.90[0m[34;1m   1223668[0m[34;1m   1631036[0m[34;22m         0[0m
19:48:04   [34;1m    718748[0m[34;1m   1557976[0m[34;1m    952512[0m[34;1m     25.04[0m[34;1m    120816[0m[34;1m   1884156[0m[34;1m   6347420[0m[31;1m    166.90[0m[34;1m   1223676[0m[34;1m   1631028[0m[34;22m         0[0m
19:48:05   [34;1m    718748[0m[34;1m   1557980[0m[34;1m    952508[0m[34;1m     25.04[0m[34;1m    120816[0m[34;1m   1884160[0m[34;1m   6347420[0m[31;1m    166.90[0m[34;1m   1223676[0m[34;1m   1631224[0m[34;1m        32[0m
19:48:06   [34;1m    718748[0m[34;1m   1557980[0m[34;1m    952508[0m[34;1m     25.04[0m[34;1m    120820[0m[34;1m   1884156[0m[34;1m   6347420[0m[31;1m    166.90[0m[34;1m   1223676[0m[34;1m   1631344[0m[34;1m        32[0m
19:48:07   [34;1m    718748[0m[34;1m   1557984[0m[34;1m    952504[0m[34;1m     25.04[0m[34;1m    120820[0m[34;1m   1884160[0m[34;1m   6347420[0m[31;1m    166.90[0m[34;1m   1223680[0m[34;1m   1631488[0m[34;1m        32[0m
19:48:08   [34;1m    718748[0m[34;1m   1557984[0m[34;1m    952500[0m[34;1m     25.04[0m[34;1m    120820[0m[34;1m   1884160[0m[34;1m   6347420[0m[31;1m    166.90[0m[34;1m   1223680[0m[34;1m   1630888[0m[34;1m        32[0m
19:48:09   [34;1m    718748[0m[34;1m   1557984[0m[34;1m    952500[0m[34;1m     25.04[0m[34;1m    120820[0m[34;1m   1884160[0m[34;1m   6347420[0m[31;1m    166.90[0m[34;1m   1223680[0m[34;1m   1630848[0m[34;1m        32[0m
19:48:10   [34;1m    718748[0m[34;1m   1557984[0m[34;1m    952500[0m[34;1m     25.04[0m[34;1m    120824[0m[34;1m   1884156[0m[34;1m   6347420[0m[31;1m    166.90[0m[34;1m   1223680[0m[34;1m   1630892[0m[34;22m         0[0m
19:48:11   [34;1m    718748[0m[34;1m   1557996[0m[34;1m    952488[0m[34;1m     25.04[0m[34;1m    120824[0m[34;1m   1884168[0m[34;1m   6347420[0m[31;1m    166.90[0m[34;1m   1223684[0m[34;1m   1631208[0m[34;1m        20[0m
19:48:12   [34;1m    718748[0m[34;1m   1558000[0m[34;1m    952468[0m[34;1m     25.04[0m[34;1m    120844[0m[34;1m   1884152[0m[34;1m   6347420[0m[31;1m    166.90[0m[34;1m   1223684[0m[34;1m   1631596[0m[34;1m        28[0m
19:48:13   [34;1m    718748[0m[34;1m   1558048[0m[34;1m    952424[0m[34;1m     25.04[0m[34;1m    120860[0m[34;1m   1884184[0m[34;1m   6347420[0m[31;1m    166.90[0m[34;1m   1223708[0m[34;1m   1631752[0m[34;1m        44[0m
19:48:14   [34;1m    718748[0m[34;1m   1558064[0m[34;1m    952412[0m[34;1m     25.04[0m[34;1m    120876[0m[34;1m   1884184[0m[34;1m   6347420[0m[31;1m    166.90[0m[34;1m   1223720[0m[34;1m   1631668[0m[34;1m        44[0m
19:48:15   [34;1m    718748[0m[34;1m   1558088[0m[34;1m    952392[0m[34;1m     25.04[0m[34;1m    120876[0m[34;1m   1884208[0m[34;1m   6347420[0m[31;1m    166.90[0m[34;1m   1223736[0m[34;1m   1631368[0m[34;1m        44[0m
19:48:16   [34;1m    718748[0m[34;1m   1558088[0m[34;1m    952392[0m[34;1m     25.04[0m[34;1m    120876[0m[34;1m   1884208[0m[34;1m   6347420[0m[31;1m    166.90[0m[34;1m   1223736[0m[34;1m   1631012[0m[34;1m        44[0m
19:48:17   [34;1m    718748[0m[34;1m   1558092[0m[34;1m    952388[0m[34;1m     25.04[0m[34;1m    120876[0m[34;1m   1884208[0m[34;1m   6347420[0m[31;1m    166.90[0m[34;1m   1223736[0m[34;1m   1630392[0m[34;1m        40[0m
19:48:18   [34;1m    718748[0m[34;1m   1558092[0m[34;1m    952384[0m[34;1m     25.04[0m[34;1m    120876[0m[34;1m   1884208[0m[34;1m   6347420[0m[31;1m    166.90[0m[34;1m   1223736[0m[34;1m   1630564[0m[34;1m        40[0m
19:48:19   [34;1m    718500[0m[34;1m   1557844[0m[34;1m    952624[0m[34;1m     25.05[0m[34;1m    120876[0m[34;1m   1884208[0m[34;1m   6352436[0m[31;1m    167.03[0m[34;1m   1223736[0m[34;1m   1632088[0m[34;1m        40[0m
19:48:20   [34;1m    718500[0m[34;1m   1557844[0m[34;1m    952624[0m[34;1m     25.05[0m[34;1m    120876[0m[34;1m   1884208[0m[34;1m   6352436[0m[31;1m    167.03[0m[34;1m   1223736[0m[34;1m   1632096[0m[34;1m        40[0m
19:48:21   [34;1m    718500[0m[34;1m   1557848[0m[34;1m    952620[0m[34;1m     25.05[0m[34;1m    120876[0m[34;1m   1884212[0m[34;1m   6361592[0m[31;1m    167.27[0m[34;1m   1223736[0m[34;1m   1633040[0m[34;22m         0[0m
19:48:22   [34;1m    718500[0m[34;1m   1557848[0m[34;1m    952620[0m[34;1m     25.05[0m[34;1m    120876[0m[34;1m   1884212[0m[34;1m   6356576[0m[31;1m    167.14[0m[34;1m   1223736[0m[34;1m   1632072[0m[34;1m         4[0m
19:48:23   [34;1m    718500[0m[34;1m   1557848[0m[34;1m    952620[0m[34;1m     25.05[0m[34;1m    120876[0m[34;1m   1884212[0m[34;1m   6356576[0m[31;1m    167.14[0m[34;1m   1223736[0m[34;1m   1631596[0m[34;1m        20[0m
19:48:24   [34;1m    718500[0m[34;1m   1557848[0m[34;1m    952620[0m[34;1m     25.05[0m[34;1m    120876[0m[34;1m   1884212[0m[34;1m   6356576[0m[31;1m    167.14[0m[34;1m   1223736[0m[34;1m   1631660[0m[34;1m        20[0m
19:48:25   [34;1m    718500[0m[34;1m   1557852[0m[34;1m    952616[0m[34;1m     25.05[0m[34;1m    120876[0m[34;1m   1884216[0m[34;1m   6356576[0m[31;1m    167.14[0m[34;1m   1223736[0m[34;1m   1631664[0m[34;1m        24[0m
19:48:26   [34;1m    718500[0m[34;1m   1557852[0m[34;1m    952624[0m[34;1m     25.05[0m[34;1m    120876[0m[34;1m   1884216[0m[34;1m   6356576[0m[31;1m    167.14[0m[34;1m   1223736[0m[34;1m   1631364[0m[34;1m        24[0m
19:48:27   [34;1m    718500[0m[34;1m   1557872[0m[34;1m    952600[0m[34;1m     25.05[0m[34;1m    120888[0m[34;1m   1884224[0m[34;1m   6356576[0m[31;1m    167.14[0m[34;1m   1223748[0m[34;1m   1631360[0m[34;1m        32[0m
19:48:28   [34;1m    718500[0m[34;1m   1557884[0m[34;1m    952588[0m[34;1m     25.05[0m[34;1m    120896[0m[34;1m   1884228[0m[34;1m   6356576[0m[31;1m    167.14[0m[34;1m   1223752[0m[34;1m   1631368[0m[34;1m        20[0m
19:48:29   [34;1m    718500[0m[34;1m   1557908[0m[34;1m    952556[0m[34;1m     25.05[0m[34;1m    120908[0m[34;1m   1884244[0m[34;1m   6356576[0m[31;1m    167.14[0m[34;1m   1223764[0m[34;1m   1631448[0m[34;1m        36[0m
19:48:30   [34;1m    718500[0m[34;1m   1557916[0m[34;1m    952548[0m[34;1m     25.05[0m[34;1m    120908[0m[34;1m   1884252[0m[34;1m   6356576[0m[31;1m    167.14[0m[34;1m   1223764[0m[34;1m   1631456[0m[34;1m        40[0m
19:48:31   [34;1m    718500[0m[34;1m   1557928[0m[34;1m    952544[0m[34;1m     25.05[0m[34;1m    120916[0m[34;1m   1884252[0m[34;1m   6356576[0m[31;1m    167.14[0m[34;1m   1223776[0m[34;1m   1631456[0m[34;1m        40[0m
19:48:32   [34;1m    718500[0m[34;1m   1557932[0m[34;1m    952540[0m[34;1m     25.05[0m[34;1m    120916[0m[34;1m   1884256[0m[34;1m   6356576[0m[31;1m    167.14[0m[34;1m   1223776[0m[34;1m   1632100[0m[34;1m        40[0m
19:48:33   [34;1m    718248[0m[34;1m   1557684[0m[34;1m    952784[0m[34;1m     25.05[0m[34;1m    120916[0m[34;1m   1884260[0m[34;1m   6356576[0m[31;1m    167.14[0m[34;1m   1223784[0m[34;1m   1632072[0m[34;22m         0[0m
19:48:34   [34;1m    718248[0m[34;1m   1557684[0m[34;1m    952784[0m[34;1m     25.05[0m[34;1m    120916[0m[34;1m   1884260[0m[34;1m   6356576[0m[31;1m    167.14[0m[34;1m   1223776[0m[34;1m   1632024[0m[34;22m         0[0m
19:48:35   [34;1m    718248[0m[34;1m   1557684[0m[34;1m    952784[0m[34;1m     25.05[0m[34;1m    120916[0m[34;1m   1884260[0m[34;1m   6356576[0m[31;1m    167.14[0m[34;1m   1223776[0m[34;1m   1632024[0m[34;22m         0[0m
19:48:36   [34;1m    718248[0m[34;1m   1557692[0m[34;1m    952772[0m[34;1m     25.05[0m[34;1m    120920[0m[34;1m   1884264[0m[34;1m   6356576[0m[31;1m    167.14[0m[34;1m   1223780[0m[34;1m   1632032[0m[34;1m        44[0m
19:48:37   [34;1m    718248[0m[34;1m   1557692[0m[34;1m    952768[0m[34;1m     25.05[0m[34;1m    120920[0m[34;1m   1884264[0m[34;1m   6356576[0m[31;1m    167.14[0m[34;1m   1223780[0m[34;1m   1632012[0m[34;1m        44[0m
19:48:38   [34;1m    716736[0m[34;1m   1556180[0m[34;1m    954284[0m[34;1m     25.09[0m[34;1m    120920[0m[34;1m   1884264[0m[34;1m   6356576[0m[31;1m    167.14[0m[34;1m   1223772[0m[34;1m   1632416[0m[34;1m        44[0m
19:48:39   [34;1m    716484[0m[34;1m   1555928[0m[34;1m    954536[0m[34;1m     25.10[0m[34;1m    120920[0m[34;1m   1884264[0m[34;1m   6361592[0m[31;1m    167.27[0m[34;1m   1223780[0m[34;1m   1634092[0m[34;1m        44[0m
19:48:40   [34;1m    716484[0m[34;1m   1555928[0m[34;1m    954532[0m[34;1m     25.10[0m[34;1m    120920[0m[34;1m   1884264[0m[34;1m   6361592[0m[31;1m    167.27[0m[34;1m   1223780[0m[34;1m   1634204[0m[34;1m        44[0m
19:48:41   [34;1m    716232[0m[34;1m   1555676[0m[34;1m    954784[0m[34;1m     25.10[0m[34;1m    120932[0m[34;1m   1884252[0m[34;1m   6361592[0m[31;1m    167.27[0m[34;1m   1223780[0m[34;1m   1634504[0m[34;22m         0[0m
19:48:42   [34;1m    715980[0m[34;1m   1555460[0m[34;1m    955000[0m[34;1m     25.11[0m[34;1m    120944[0m[34;1m   1884276[0m[34;1m   6356576[0m[31;1m    167.14[0m[34;1m   1223804[0m[34;1m   1633596[0m[34;1m        28[0m
19:48:43   [34;1m    714972[0m[34;1m   1554456[0m[34;1m    956004[0m[34;1m     25.14[0m[34;1m    120964[0m[34;1m   1884260[0m[34;1m   6356576[0m[31;1m    167.14[0m[34;1m   1223804[0m[34;1m   1633644[0m[34;1m        32[0m
19:48:44   [34;1m    714972[0m[34;1m   1554516[0m[34;1m    955944[0m[34;1m     25.14[0m[34;1m    120980[0m[34;1m   1884300[0m[34;1m   6356576[0m[31;1m    167.14[0m[34;1m   1223840[0m[34;1m   1633648[0m[34;1m        36[0m
19:48:45   [34;1m    714972[0m[34;1m   1554516[0m[34;1m    955944[0m[34;1m     25.14[0m[34;1m    120980[0m[34;1m   1884300[0m[34;1m   6356576[0m[31;1m    167.14[0m[34;1m   1223840[0m[34;1m   1633648[0m[34;1m        36[0m
19:48:46   [34;1m    714972[0m[34;1m   1554520[0m[34;1m    955940[0m[34;1m     25.14[0m[34;1m    120980[0m[34;1m   1884304[0m[34;1m   6356576[0m[31;1m    167.14[0m[34;1m   1223840[0m[34;1m   1633348[0m[34;1m        28[0m
19:48:47   [34;1m    714972[0m[34;1m   1554520[0m[34;1m    955940[0m[34;1m     25.14[0m[34;1m    120980[0m[34;1m   1884304[0m[34;1m   6356576[0m[31;1m    167.14[0m[34;1m   1223840[0m[34;1m   1632796[0m[34;1m        28[0m
19:48:48   [34;1m    714972[0m[34;1m   1554520[0m[34;1m    955940[0m[34;1m     25.14[0m[34;1m    120980[0m[34;1m   1884304[0m[34;1m   6356576[0m[31;1m    167.14[0m[34;1m   1223844[0m[34;1m   1632412[0m[34;1m        32[0m
19:48:49   [34;1m    714972[0m[34;1m   1554520[0m[34;1m    955940[0m[34;1m     25.14[0m[34;1m    120980[0m[34;1m   1884304[0m[34;1m   6356576[0m[31;1m    167.14[0m[34;1m   1223840[0m[34;1m   1632320[0m[34;1m        32[0m
19:48:50   [34;1m    714972[0m[34;1m   1554520[0m[34;1m    955940[0m[34;1m     25.14[0m[34;1m    120980[0m[34;1m   1884304[0m[34;1m   6356576[0m[31;1m    167.14[0m[34;1m   1223840[0m[34;1m   1632320[0m[34;1m        32[0m
19:48:51   [34;1m    714972[0m[34;1m   1554520[0m[34;1m    955940[0m[34;1m     25.14[0m[34;1m    120980[0m[34;1m   1884304[0m[34;1m   6356576[0m[31;1m    167.14[0m[34;1m   1223840[0m[34;1m   1632320[0m[34;1m        32[0m
19:48:52   [34;1m    714972[0m[34;1m   1554524[0m[34;1m    955920[0m[34;1m     25.13[0m[34;1m    120980[0m[34;1m   1884308[0m[34;1m   6356576[0m[31;1m    167.14[0m[34;1m   1223840[0m[34;1m   1632768[0m[34;22m         0[0m
19:48:53   [34;1m    714972[0m[34;1m   1554524[0m[34;1m    955924[0m[34;1m     25.13[0m[34;1m    120980[0m[34;1m   1884308[0m[34;1m   6356576[0m[31;1m    167.14[0m[34;1m   1223840[0m[34;1m   1632968[0m[34;22m         0[0m
19:48:54   [34;1m    714972[0m[34;1m   1554524[0m[34;1m    955924[0m[34;1m     25.13[0m[34;1m    120980[0m[34;1m   1884308[0m[34;1m   6356576[0m[31;1m    167.14[0m[34;1m   1223840[0m[34;1m   1632868[0m[34;1m        20[0m
19:48:55   [34;1m    714972[0m[34;1m   1554524[0m[34;1m    955924[0m[34;1m     25.13[0m[34;1m    120988[0m[34;1m   1884300[0m[34;1m   6356576[0m[31;1m    167.14[0m[34;1m   1223840[0m[34;1m   1632868[0m[34;1m        20[0m
19:48:56   [34;1m    714972[0m[34;1m   1554540[0m[34;1m    955908[0m[34;1m     25.13[0m[34;1m    120988[0m[34;1m   1884316[0m[34;1m   6356576[0m[31;1m    167.14[0m[34;1m   1223848[0m[34;1m   1632936[0m[34;1m        28[0m
19:48:57   [34;1m    714972[0m[34;1m   1554540[0m[34;1m    955908[0m[34;1m     25.13[0m[34;1m    121000[0m[34;1m   1884304[0m[34;1m   6356576[0m[31;1m    167.14[0m[34;1m   1223848[0m[34;1m   1632936[0m[34;1m        28[0m
19:48:58   [34;1m    714972[0m[34;1m   1554576[0m[34;1m    955868[0m[34;1m     25.13[0m[34;1m    121012[0m[34;1m   1884332[0m[34;1m   6356576[0m[31;1m    167.14[0m[34;1m   1223864[0m[34;1m   1632956[0m[34;1m        44[0m
19:48:59   [34;1m    714972[0m[34;1m   1554576[0m[34;1m    955868[0m[34;1m     25.13[0m[34;1m    121016[0m[34;1m   1884328[0m[34;1m   6361592[0m[31;1m    167.27[0m[34;1m   1223868[0m[34;1m   1634360[0m[34;1m        44[0m
19:49:00   [34;1m    714972[0m[34;1m   1554588[0m[34;1m    955852[0m[34;1m     25.13[0m[34;1m    121016[0m[34;1m   1884340[0m[34;1m   6361592[0m[31;1m    167.27[0m[34;1m   1223872[0m[34;1m   1634472[0m[34;1m        52[0m
19:49:01   [34;1m    714972[0m[34;1m   1554588[0m[34;1m    955852[0m[34;1m     25.13[0m[34;1m    121024[0m[34;1m   1884332[0m[34;1m   6361592[0m[31;1m    167.27[0m[34;1m   1223872[0m[34;1m   1634440[0m[34;1m        52[0m
19:49:02   [34;1m    714972[0m[34;1m   1554604[0m[34;1m    955840[0m[34;1m     25.13[0m[34;1m    121028[0m[34;1m   1884340[0m[34;1m   6356576[0m[31;1m    167.14[0m[34;1m   1223888[0m[34;1m   1633432[0m[34;1m        52[0m
19:49:03   [34;1m    714972[0m[34;1m   1554604[0m[34;1m    955816[0m[34;1m     25.13[0m[34;1m    121028[0m[34;1m   1884340[0m[34;1m   6356576[0m[31;1m    167.14[0m[34;1m   1223888[0m[34;1m   1633440[0m[34;1m        52[0m
19:49:04   [34;1m    714972[0m[34;1m   1554604[0m[34;1m    955816[0m[34;1m     25.13[0m[34;1m    121028[0m[34;1m   1884340[0m[34;1m   6356576[0m[31;1m    167.14[0m[34;1m   1223888[0m[34;1m   1633372[0m[34;22m         0[0m
19:49:05   [34;1m    714972[0m[34;1m   1554608[0m[34;1m    955812[0m[34;1m     25.13[0m[34;1m    121028[0m[34;1m   1884344[0m[34;1m   6356576[0m[31;1m    167.14[0m[34;1m   1223888[0m[34;1m   1633384[0m[34;22m         0[0m
19:49:06   [34;1m    714972[0m[34;1m   1554608[0m[34;1m    955812[0m[34;1m     25.13[0m[34;1m    121028[0m[34;1m   1884344[0m[34;1m   6356576[0m[31;1m    167.14[0m[34;1m   1223888[0m[34;1m   1633280[0m[34;1m         4[0m
19:49:07   [34;1m    714972[0m[34;1m   1554608[0m[34;1m    955812[0m[34;1m     25.13[0m[34;1m    121028[0m[34;1m   1884344[0m[34;1m   6356576[0m[31;1m    167.14[0m[34;1m   1223888[0m[34;1m   1633200[0m[34;1m         4[0m
19:49:08   [34;1m    714972[0m[34;1m   1554608[0m[34;1m    955812[0m[34;1m     25.13[0m[34;1m    121028[0m[34;1m   1884344[0m[34;1m   6356576[0m[31;1m    167.14[0m[34;1m   1223884[0m[34;1m   1633132[0m[34;1m         4[0m
19:49:09   [34;1m    714972[0m[34;1m   1554608[0m[34;1m    955812[0m[34;1m     25.13[0m[34;1m    121036[0m[34;1m   1884336[0m[34;1m   6356576[0m[31;1m    167.14[0m[34;1m   1223888[0m[34;1m   1633224[0m[34;1m         4[0m
19:49:10   [34;1m    714972[0m[34;1m   1554620[0m[34;1m    955800[0m[34;1m     25.13[0m[34;1m    121036[0m[34;1m   1884348[0m[34;1m   6356576[0m[31;1m    167.14[0m[34;1m   1223896[0m[34;1m   1633288[0m[34;1m        32[0m
19:49:11   [34;1m    714972[0m[34;1m   1554620[0m[34;1m    955800[0m[34;1m     25.13[0m[34;1m    121036[0m[34;1m   1884348[0m[34;1m   6356576[0m[31;1m    167.14[0m[34;1m   1223896[0m[34;1m   1633292[0m[34;22m         0[0m
19:49:12   [34;1m    714972[0m[34;1m   1554624[0m[34;1m    955792[0m[34;1m     25.13[0m[34;1m    121040[0m[34;1m   1884348[0m[34;1m   6356576[0m[31;1m    167.14[0m[34;1m   1223900[0m[34;1m   1631352[0m[34;1m        24[0m
19:49:13   [34;1m    714972[0m[34;1m   1554624[0m[34;1m    955780[0m[34;1m     25.13[0m[34;1m    121048[0m[34;1m   1884340[0m[34;1m   6396960[0m[31;1m    168.20[0m[34;1m   1223900[0m[34;1m   1631516[0m[34;1m        24[0m
19:49:14   [34;1m    714972[0m[34;1m   1554640[0m[34;1m    955764[0m[34;1m     25.13[0m[34;1m    121048[0m[34;1m   1884356[0m[34;1m   6356576[0m[31;1m    167.14[0m[34;1m   1223908[0m[34;1m   1631404[0m[34;1m        36[0m
19:49:15   [34;1m    714972[0m[34;1m   1554640[0m[34;1m    955764[0m[34;1m     25.13[0m[34;1m    121048[0m[34;1m   1884356[0m[34;1m   6356576[0m[31;1m    167.14[0m[34;1m   1223908[0m[34;1m   1631440[0m[34;1m        36[0m
19:49:16   [34;1m    714972[0m[34;1m   1554644[0m[34;1m    955768[0m[34;1m     25.13[0m[34;1m    121048[0m[34;1m   1884360[0m[34;1m   6356576[0m[31;1m    167.14[0m[34;1m   1223908[0m[34;1m   1631076[0m[34;1m        76[0m
19:49:17   [34;1m    714972[0m[34;1m   1554644[0m[34;1m    955768[0m[34;1m     25.13[0m[34;1m    121052[0m[34;1m   1884356[0m[34;1m   6356576[0m[31;1m    167.14[0m[34;1m   1223908[0m[34;1m   1630068[0m[34;1m        36[0m
19:49:18   [34;1m    714972[0m[34;1m   1554652[0m[34;1m    955760[0m[34;1m     25.13[0m[34;1m    121052[0m[34;1m   1884364[0m[34;1m   6356576[0m[31;1m    167.14[0m[34;1m   1223912[0m[34;1m   1629992[0m[34;1m        44[0m
19:49:19   [34;1m    714972[0m[34;1m   1554652[0m[34;1m    955752[0m[34;1m     25.13[0m[34;1m    121052[0m[34;1m   1884364[0m[34;1m   6361592[0m[31;1m    167.27[0m[34;1m   1223912[0m[34;1m   1631508[0m[34;1m        44[0m
19:49:20   [34;1m    714972[0m[34;1m   1554652[0m[34;1m    955748[0m[34;1m     25.13[0m[34;1m    121052[0m[34;1m   1884364[0m[34;1m   6361592[0m[31;1m    167.27[0m[34;1m   1223912[0m[34;1m   1631588[0m[34;1m        44[0m
19:49:21   [34;1m    714972[0m[34;1m   1554652[0m[34;1m    955748[0m[34;1m     25.13[0m[34;1m    121060[0m[34;1m   1884356[0m[34;1m   6361592[0m[31;1m    167.27[0m[34;1m   1223912[0m[34;1m   1631588[0m[34;1m        44[0m
19:49:22   [34;1m    714972[0m[34;1m   1554664[0m[34;1m    955736[0m[34;1m     25.13[0m[34;1m    121060[0m[34;1m   1884368[0m[34;1m   6356576[0m[31;1m    167.14[0m[34;1m   1223920[0m[34;1m   1630052[0m[34;1m        16[0m
19:49:23   [34;1m    714972[0m[34;1m   1554672[0m[34;1m    955736[0m[34;1m     25.13[0m[34;1m    121064[0m[34;1m   1884368[0m[34;1m   6356576[0m[31;1m    167.14[0m[34;1m   1223924[0m[34;1m   1630104[0m[34;1m        20[0m
19:49:24   [34;1m    714972[0m[34;1m   1554672[0m[34;1m    955736[0m[34;1m     25.13[0m[34;1m    121064[0m[34;1m   1884368[0m[34;1m   6356576[0m[31;1m    167.14[0m[34;1m   1223924[0m[34;1m   1630152[0m[34;1m        24[0m
19:49:25   [34;1m    714972[0m[34;1m   1554672[0m[34;1m    955736[0m[34;1m     25.13[0m[34;1m    121064[0m[34;1m   1884368[0m[34;1m   6356576[0m[31;1m    167.14[0m[34;1m   1223924[0m[34;1m   1630152[0m[34;1m        24[0m
19:49:26   [34;1m    714972[0m[34;1m   1554672[0m[34;1m    955736[0m[34;1m     25.13[0m[34;1m    121072[0m[34;1m   1884360[0m[34;1m   6356576[0m[31;1m    167.14[0m[34;1m   1223924[0m[34;1m   1630168[0m[34;1m        24[0m
19:49:27   [34;1m    714972[0m[34;1m   1554680[0m[34;1m    955724[0m[34;1m     25.13[0m[34;1m    121072[0m[34;1m   1884372[0m[34;1m   6356576[0m[31;1m    167.14[0m[34;1m   1223928[0m[34;1m   1630172[0m[34;1m         4[0m
19:49:28   [34;1m    714972[0m[34;1m   1554688[0m[34;1m    955720[0m[34;1m     25.13[0m[34;1m    121072[0m[34;1m   1884376[0m[34;1m   6356576[0m[31;1m    167.14[0m[34;1m   1223932[0m[34;1m   1630200[0m[34;1m        12[0m
19:49:29   [34;1m    714972[0m[34;1m   1554688[0m[34;1m    955720[0m[34;1m     25.13[0m[34;1m    121072[0m[34;1m   1884376[0m[34;1m   6356576[0m[31;1m    167.14[0m[34;1m   1223932[0m[34;1m   1630400[0m[34;1m        12[0m
19:49:30   [34;1m    714972[0m[34;1m   1554692[0m[34;1m    955716[0m[34;1m     25.13[0m[34;1m    121072[0m[34;1m   1884380[0m[34;1m   6356576[0m[31;1m    167.14[0m[34;1m   1223936[0m[34;1m   1630592[0m[34;1m        16[0m
19:49:31   [34;1m    714972[0m[34;1m   1554720[0m[34;1m    955660[0m[34;1m     25.13[0m[34;1m    121072[0m[34;1m   1884380[0m[34;1m   6356576[0m[31;1m    167.14[0m[34;1m   1223964[0m[34;1m   1630728[0m[34;1m        16[0m
19:49:32   [34;1m    714972[0m[34;1m   1554724[0m[34;1m    955656[0m[34;1m     25.13[0m[34;1m    121072[0m[34;1m   1884384[0m[34;1m   6356576[0m[31;1m    167.14[0m[34;1m   1223964[0m[34;1m   1630404[0m[34;1m        40[0m
19:49:33   [34;1m    714972[0m[34;1m   1554724[0m[34;1m    955656[0m[34;1m     25.13[0m[34;1m    121072[0m[34;1m   1884384[0m[34;1m   6356576[0m[31;1m    167.14[0m[34;1m   1223964[0m[34;1m   1631104[0m[34;1m       100[0m
19:49:34   [34;1m    714972[0m[34;1m   1554724[0m[34;1m    955652[0m[34;1m     25.13[0m[34;1m    121072[0m[34;1m   1884384[0m[34;1m   6356576[0m[31;1m    167.14[0m[34;1m   1223968[0m[34;1m   1630760[0m[34;1m        36[0m
19:49:35   [34;1m    714972[0m[34;1m   1554724[0m[34;1m    955652[0m[34;1m     25.13[0m[34;1m    121076[0m[34;1m   1884380[0m[34;1m   6356576[0m[31;1m    167.14[0m[34;1m   1223964[0m[34;1m   1630700[0m[34;1m        36[0m
19:49:36   [34;1m    714972[0m[34;1m   1554728[0m[34;1m    955640[0m[34;1m     25.13[0m[34;1m    121076[0m[34;1m   1884388[0m[34;1m   6356576[0m[31;1m    167.14[0m[34;1m   1223964[0m[34;1m   1630396[0m[34;1m        48[0m
19:49:37   [34;1m    714972[0m[34;1m   1554732[0m[34;1m    955640[0m[34;1m     25.13[0m[34;1m    121076[0m[34;1m   1884388[0m[34;1m   6356576[0m[31;1m    167.14[0m[34;1m   1223968[0m[34;1m   1630180[0m[34;1m        48[0m
19:49:38   [34;1m    714972[0m[34;1m   1554736[0m[34;1m    955636[0m[34;1m     25.13[0m[34;1m    121076[0m[34;1m   1884392[0m[34;1m   6356576[0m[31;1m    167.14[0m[34;1m   1223968[0m[34;1m   1630132[0m[34;1m        52[0m
19:49:39   [34;1m    714972[0m[34;1m   1554744[0m[34;1m    955620[0m[34;1m     25.13[0m[34;1m    121076[0m[34;1m   1884392[0m[34;1m   6361592[0m[31;1m    167.27[0m[34;1m   1223968[0m[34;1m   1631528[0m[34;22m         0[0m
19:49:40   [34;1m    714972[0m[34;1m   1554748[0m[34;1m    955600[0m[34;1m     25.13[0m[34;1m    121080[0m[34;1m   1884388[0m[34;1m   6361592[0m[31;1m    167.27[0m[34;1m   1223968[0m[34;1m   1631644[0m[34;1m         4[0m
19:49:41   [34;1m    714972[0m[34;1m   1554756[0m[34;1m    955592[0m[34;1m     25.13[0m[34;1m    121080[0m[34;1m   1884396[0m[34;1m   6361592[0m[31;1m    167.27[0m[34;1m   1223972[0m[34;1m   1631560[0m[34;1m        28[0m
19:49:42   [34;1m    714972[0m[34;1m   1554756[0m[34;1m    955592[0m[34;1m     25.13[0m[34;1m    121080[0m[34;1m   1884396[0m[34;1m   6356576[0m[31;1m    167.14[0m[34;1m   1223972[0m[34;1m   1630068[0m[34;1m        28[0m
19:49:43   [34;1m    714972[0m[34;1m   1554760[0m[34;1m    955588[0m[34;1m     25.13[0m[34;1m    121080[0m[34;1m   1884400[0m[34;1m   6356576[0m[31;1m    167.14[0m[34;1m   1223968[0m[34;1m   1630488[0m[34;1m        36[0m
19:49:44   [34;1m    714972[0m[34;1m   1554760[0m[34;1m    955584[0m[34;1m     25.13[0m[34;1m    121080[0m[34;1m   1884400[0m[34;1m   6356576[0m[31;1m    167.14[0m[34;1m   1223968[0m[34;1m   1630540[0m[34;1m        36[0m
19:49:45   [34;1m    714972[0m[34;1m   1554760[0m[34;1m    955584[0m[34;1m     25.13[0m[34;1m    121084[0m[34;1m   1884396[0m[34;1m   6356576[0m[31;1m    167.14[0m[34;1m   1223968[0m[34;1m   1630508[0m[34;22m         0[0m
19:49:46   [34;1m    714972[0m[34;1m   1554768[0m[34;1m    955584[0m[34;1m     25.13[0m[34;1m    121084[0m[34;1m   1884404[0m[34;1m   6364900[0m[31;1m    167.36[0m[34;1m   1223972[0m[34;1m   1630176[0m[34;22m         0[0m
19:49:47   [34;1m    714972[0m[34;1m   1554768[0m[34;1m    955584[0m[34;1m     25.13[0m[34;1m    121084[0m[34;1m   1884404[0m[34;1m   6364900[0m[31;1m    167.36[0m[34;1m   1223972[0m[34;1m   1629672[0m[34;1m         4[0m
19:49:48   [34;1m    714972[0m[34;1m   1554768[0m[34;1m    955584[0m[34;1m     25.13[0m[34;1m    121084[0m[34;1m   1884404[0m[34;1m   6364900[0m[31;1m    167.36[0m[34;1m   1223972[0m[34;1m   1629928[0m[34;1m         4[0m
19:49:49   [34;1m    714972[0m[34;1m   1554768[0m[34;1m    955584[0m[34;1m     25.13[0m[34;1m    121084[0m[34;1m   1884404[0m[34;1m   6364900[0m[31;1m    167.36[0m[34;1m   1223968[0m[34;1m   1630024[0m[34;1m         4[0m
19:49:50   [34;1m    714972[0m[34;1m   1554768[0m[34;1m    955600[0m[34;1m     25.13[0m[34;1m    121096[0m[34;1m   1884392[0m[34;1m   6364900[0m[31;1m    167.36[0m[34;1m   1223972[0m[34;1m   1629636[0m[34;1m         4[0m
19:49:51   [34;1m    714972[0m[34;1m   1554784[0m[34;1m    955584[0m[34;1m     25.13[0m[34;1m    121096[0m[34;1m   1884408[0m[34;1m   6364900[0m[31;1m    167.36[0m[34;1m   1223984[0m[34;1m   1629340[0m[34;1m        32[0m
19:49:52   [34;1m    714972[0m[34;1m   1554784[0m[34;1m    955584[0m[34;1m     25.13[0m[34;1m    121096[0m[34;1m   1884408[0m[34;1m   6364900[0m[31;1m    167.36[0m[34;1m   1223984[0m[34;1m   1629232[0m[34;22m         0[0m
19:49:53   [34;1m    714972[0m[34;1m   1554784[0m[34;1m    955588[0m[34;1m     25.13[0m[34;1m    121096[0m[34;1m   1884408[0m[34;1m   6364900[0m[31;1m    167.36[0m[34;1m   1223984[0m[34;1m   1628676[0m[34;1m         4[0m
19:49:54   [34;1m    714972[0m[34;1m   1554784[0m[34;1m    955588[0m[34;1m     25.13[0m[34;1m    121096[0m[34;1m   1884408[0m[34;1m   6364900[0m[31;1m    167.36[0m[34;1m   1223984[0m[34;1m   1628772[0m[34;1m         4[0m
19:49:55   [34;1m    714972[0m[34;1m   1554788[0m[34;1m    955584[0m[34;1m     25.13[0m[34;1m    121096[0m[34;1m   1884412[0m[34;1m   6364900[0m[31;1m    167.36[0m[34;1m   1223984[0m[34;1m   1628788[0m[34;1m        16[0m
19:49:56   [34;1m    714972[0m[34;1m   1554788[0m[34;1m    955576[0m[34;1m     25.13[0m[34;1m    121096[0m[34;1m   1884412[0m[34;1m   6364900[0m[31;1m    167.36[0m[34;1m   1223984[0m[34;1m   1628788[0m[34;1m        16[0m
19:49:57   [34;1m    714972[0m[34;1m   1554788[0m[34;1m    955576[0m[34;1m     25.13[0m[34;1m    121096[0m[34;1m   1884416[0m[34;1m   6364900[0m[31;1m    167.36[0m[34;1m   1223984[0m[34;1m   1628788[0m[34;1m        24[0m
19:49:58   [34;1m    714972[0m[34;1m   1554788[0m[34;1m    955576[0m[34;1m     25.13[0m[34;1m    121096[0m[34;1m   1884416[0m[34;1m   6364900[0m[31;1m    167.36[0m[34;1m   1223984[0m[34;1m   1628788[0m[34;1m         8[0m
19:49:59   [34;1m    714972[0m[34;1m   1554804[0m[34;1m    955564[0m[34;1m     25.13[0m[34;1m    121096[0m[34;1m   1884424[0m[34;1m   6369916[0m[31;1m    167.49[0m[34;1m   1223992[0m[34;1m   1630740[0m[34;1m        32[0m
19:50:00   [34;1m    714972[0m[34;1m   1554804[0m[34;1m    955564[0m[34;1m     25.13[0m[34;1m    121096[0m[34;1m   1884424[0m[34;1m   6369916[0m[31;1m    167.49[0m[34;1m   1223988[0m[34;1m   1630840[0m[34;1m        32[0m
19:50:01   [34;1m    714972[0m[34;1m   1554808[0m[34;1m    955560[0m[34;1m     25.13[0m[34;1m    121096[0m[34;1m   1884428[0m[34;1m   6369916[0m[31;1m    167.49[0m[34;1m   1223988[0m[34;1m   1630904[0m[34;1m        36[0m
19:50:02   [34;1m    714972[0m[34;1m   1554808[0m[34;1m    955560[0m[34;1m     25.13[0m[34;1m    121096[0m[34;1m   1884428[0m[34;1m   6364900[0m[31;1m    167.36[0m[34;1m   1223988[0m[34;1m   1629152[0m[34;1m        36[0m
19:50:03   [34;1m    714972[0m[34;1m   1554812[0m[34;1m    955556[0m[34;1m     25.12[0m[34;1m    121100[0m[34;1m   1884428[0m[34;1m   6364900[0m[31;1m    167.36[0m[34;1m   1223984[0m[34;1m   1629608[0m[34;22m         0[0m
19:50:04   [34;1m    714972[0m[34;1m   1554816[0m[34;1m    955532[0m[34;1m     25.12[0m[34;1m    121100[0m[34;1m   1884432[0m[34;1m   6364900[0m[31;1m    167.36[0m[34;1m   1223992[0m[34;1m   1629812[0m[34;22m         0[0m
19:50:05   [34;1m    714972[0m[34;1m   1554816[0m[34;1m    955532[0m[34;1m     25.12[0m[34;1m    121100[0m[34;1m   1884432[0m[34;1m   6364900[0m[31;1m    167.36[0m[34;1m   1223988[0m[34;1m   1629636[0m[34;1m         4[0m
19:50:06   [34;1m    714972[0m[34;1m   1554816[0m[34;1m    955532[0m[34;1m     25.12[0m[34;1m    121100[0m[34;1m   1884432[0m[34;1m   6364900[0m[31;1m    167.36[0m[34;1m   1223988[0m[34;1m   1629364[0m[34;1m         4[0m
19:50:07   [34;1m    714972[0m[34;1m   1554816[0m[34;1m    955540[0m[34;1m     25.12[0m[34;1m    121100[0m[34;1m   1884432[0m[34;1m   6364900[0m[31;1m    167.36[0m[34;1m   1223988[0m[34;1m   1629296[0m[34;1m         4[0m
19:50:08   [34;1m    714972[0m[34;1m   1554816[0m[34;1m    955540[0m[34;1m     25.12[0m[34;1m    121112[0m[34;1m   1884420[0m[34;1m   6364900[0m[31;1m    167.36[0m[34;1m   1223988[0m[34;1m   1629296[0m[34;1m         4[0m
19:50:09   [34;1m    714972[0m[34;1m   1554832[0m[34;1m    955524[0m[34;1m     25.12[0m[34;1m    121112[0m[34;1m   1884436[0m[34;1m   6364900[0m[31;1m    167.36[0m[34;1m   1223996[0m[34;1m   1629304[0m[34;22m         0[0m
19:50:10   [34;1m    714972[0m[34;1m   1554832[0m[34;1m    955524[0m[34;1m     25.12[0m[34;1m    121112[0m[34;1m   1884436[0m[34;1m   6364900[0m[31;1m    167.36[0m[34;1m   1224000[0m[34;1m   1629304[0m[34;1m         4[0m
19:50:11   [34;1m    714972[0m[34;1m   1554832[0m[34;1m    955524[0m[34;1m     25.12[0m[34;1m    121112[0m[34;1m   1884436[0m[34;1m   6364900[0m[31;1m    167.36[0m[34;1m   1224000[0m[34;1m   1629304[0m[34;1m         4[0m
19:50:12   [34;1m    714972[0m[34;1m   1554832[0m[34;1m    955524[0m[34;1m     25.12[0m[34;1m    121112[0m[34;1m   1884436[0m[34;1m   6364900[0m[31;1m    167.36[0m[34;1m   1224000[0m[34;1m   1629304[0m[34;1m         4[0m
19:50:13   [34;1m    714972[0m[34;1m   1554832[0m[34;1m    955520[0m[34;1m     25.12[0m[34;1m    121116[0m[34;1m   1884436[0m[34;1m   6364900[0m[31;1m    167.36[0m[34;1m   1224000[0m[34;1m   1629528[0m[34;1m        12[0m
19:50:14   [34;1m    714972[0m[34;1m   1554844[0m[34;1m    955512[0m[34;1m     25.12[0m[34;1m    121116[0m[34;1m   1884444[0m[34;1m   6364900[0m[31;1m    167.36[0m[34;1m   1224008[0m[34;1m   1630232[0m[34;1m        28[0m
19:50:15   [34;1m    714972[0m[34;1m   1554844[0m[34;1m    955508[0m[34;1m     25.12[0m[34;1m    121116[0m[34;1m   1884444[0m[34;1m   6364900[0m[31;1m    167.36[0m[34;1m   1224004[0m[34;1m   1630080[0m[34;22m         0[0m
19:50:16   [34;1m    714972[0m[34;1m   1554848[0m[34;1m    955508[0m[34;1m     25.12[0m[34;1m    121120[0m[34;1m   1884444[0m[34;1m   6364900[0m[31;1m    167.36[0m[34;1m   1224004[0m[34;1m   1629576[0m[34;22m         0[0m
19:50:17   [34;1m    714972[0m[34;1m   1554852[0m[34;1m    955500[0m[34;1m     25.12[0m[34;1m    121120[0m[34;1m   1884448[0m[34;1m   6364900[0m[31;1m    167.36[0m[34;1m   1224008[0m[34;1m   1628980[0m[34;1m        32[0m
19:50:18   [34;1m    714972[0m[34;1m   1554852[0m[34;1m    955500[0m[34;1m     25.12[0m[34;1m    121120[0m[34;1m   1884448[0m[34;1m   6364900[0m[31;1m    167.36[0m[34;1m   1224008[0m[34;1m   1628928[0m[34;1m        32[0m
19:50:19   [34;1m    714972[0m[34;1m   1554852[0m[34;1m    955500[0m[34;1m     25.12[0m[34;1m    121120[0m[34;1m   1884448[0m[34;1m   6369916[0m[31;1m    167.49[0m[34;1m   1224008[0m[34;1m   1630528[0m[34;1m        32[0m
19:50:20   [34;1m    714972[0m[34;1m   1554856[0m[34;1m    955488[0m[34;1m     25.12[0m[34;1m    121120[0m[34;1m   1884452[0m[34;1m   6369916[0m[31;1m    167.49[0m[34;1m   1224008[0m[34;1m   1630532[0m[34;1m        36[0m
19:50:21   [34;1m    714972[0m[34;1m   1554856[0m[34;1m    955488[0m[34;1m     25.12[0m[34;1m    121120[0m[34;1m   1884452[0m[34;1m   6370492[0m[31;1m    167.50[0m[34;1m   1224008[0m[34;1m   1631032[0m[34;1m        36[0m
19:50:22   [34;1m    714972[0m[34;1m   1554860[0m[34;1m    955488[0m[34;1m     25.12[0m[34;1m    121128[0m[34;1m   1884448[0m[34;1m   6365476[0m[31;1m    167.37[0m[34;1m   1224008[0m[34;1m   1629604[0m[34;1m        36[0m
19:50:23   [34;1m    714972[0m[34;1m   1554868[0m[34;1m    955480[0m[34;1m     25.12[0m[34;1m    121128[0m[34;1m   1884456[0m[34;1m   6365476[0m[31;1m    167.37[0m[34;1m   1224016[0m[34;1m   1629536[0m[34;1m        36[0m
19:50:25   [34;1m    714972[0m[34;1m   1554868[0m[34;1m    955496[0m[34;1m     25.12[0m[34;1m    121128[0m[34;1m   1884456[0m[34;1m   6365476[0m[31;1m    167.37[0m[34;1m   1224020[0m[34;1m   1630200[0m[34;1m        36[0m
19:50:26   [34;1m    714972[0m[34;1m   1554868[0m[34;1m    955492[0m[34;1m     25.12[0m[34;1m    121128[0m[34;1m   1884456[0m[34;1m   6365476[0m[31;1m    167.37[0m[34;1m   1224016[0m[34;1m   1630252[0m[34;1m        36[0m
19:50:27   [34;1m    714972[0m[34;1m   1554876[0m[34;1m    955480[0m[34;1m     25.12[0m[34;1m    121132[0m[34;1m   1884460[0m[34;1m   6365476[0m[31;1m    167.37[0m[34;1m   1224020[0m[34;1m   1629168[0m[34;1m        36[0m
19:50:28   [34;1m    714972[0m[34;1m   1554876[0m[34;1m    955480[0m[34;1m     25.12[0m[34;1m    121132[0m[34;1m   1884460[0m[34;1m   6365476[0m[31;1m    167.37[0m[34;1m   1224020[0m[34;1m   1629168[0m[34;1m        36[0m
19:50:29   [34;1m    714972[0m[34;1m   1554884[0m[34;1m    955472[0m[34;1m     25.12[0m[34;1m    121132[0m[34;1m   1884468[0m[34;1m   6365476[0m[31;1m    167.37[0m[34;1m   1224020[0m[34;1m   1629184[0m[34;1m        48[0m
19:50:30   [34;1m    714972[0m[34;1m   1554884[0m[34;1m    955472[0m[34;1m     25.12[0m[34;1m    121132[0m[34;1m   1884468[0m[34;1m   6365476[0m[31;1m    167.37[0m[34;1m   1224020[0m[34;1m   1629240[0m[34;1m        48[0m
19:50:31   [34;1m    714972[0m[34;1m   1554884[0m[34;1m    955472[0m[34;1m     25.12[0m[34;1m    121136[0m[34;1m   1884464[0m[34;1m   6365476[0m[31;1m    167.37[0m[34;1m   1224020[0m[34;1m   1629240[0m[34;1m        48[0m
19:50:32   [34;1m    714972[0m[34;1m   1554892[0m[34;1m    955464[0m[34;1m     25.12[0m[34;1m    121136[0m[34;1m   1884472[0m[34;1m   6365476[0m[31;1m    167.37[0m[34;1m   1224024[0m[34;1m   1629280[0m[34;1m        48[0m
19:50:33   [34;1m    714972[0m[34;1m   1554892[0m[34;1m    955464[0m[34;1m     25.12[0m[34;1m    121136[0m[34;1m   1884472[0m[34;1m   6365476[0m[31;1m    167.37[0m[34;1m   1224024[0m[34;1m   1628888[0m[34;1m        48[0m
19:50:34   [34;1m    714972[0m[34;1m   1554892[0m[34;1m    955464[0m[34;1m     25.12[0m[34;1m    121136[0m[34;1m   1884472[0m[34;1m   6365476[0m[31;1m    167.37[0m[34;1m   1224024[0m[34;1m   1628908[0m[34;1m        48[0m
19:50:35   [34;1m    714972[0m[34;1m   1554892[0m[34;1m    955464[0m[34;1m     25.12[0m[34;1m    121136[0m[34;1m   1884472[0m[34;1m   6365476[0m[31;1m    167.37[0m[34;1m   1224024[0m[34;1m   1629588[0m[34;1m        48[0m
19:50:36   [34;1m    714972[0m[34;1m   1554892[0m[34;1m    955464[0m[34;1m     25.12[0m[34;1m    121140[0m[34;1m   1884468[0m[34;1m   6365476[0m[31;1m    167.37[0m[34;1m   1224024[0m[34;1m   1629488[0m[34;1m        48[0m
19:50:37   [34;1m    714972[0m[34;1m   1554900[0m[34;1m    955460[0m[34;1m     25.12[0m[34;1m    121140[0m[34;1m   1884476[0m[34;1m   6365476[0m[31;1m    167.37[0m[34;1m   1224028[0m[34;1m   1629380[0m[34;1m        48[0m
19:50:38   [34;1m    714972[0m[34;1m   1554900[0m[34;1m    955460[0m[34;1m     25.12[0m[34;1m    121140[0m[34;1m   1884476[0m[34;1m   6365476[0m[31;1m    167.37[0m[34;1m   1224028[0m[34;1m   1629380[0m[34;1m        48[0m
19:50:39   [34;1m    714972[0m[34;1m   1554900[0m[34;1m    955460[0m[34;1m     25.12[0m[34;1m    121140[0m[34;1m   1884476[0m[34;1m   6365476[0m[31;1m    167.37[0m[34;1m   1224032[0m[34;1m   1629476[0m[34;1m        48[0m
19:50:40   [34;1m    714972[0m[34;1m   1554900[0m[34;1m    955460[0m[34;1m     25.12[0m[34;1m    121140[0m[34;1m   1884476[0m[34;1m   6365476[0m[31;1m    167.37[0m[34;1m   1224028[0m[34;1m   1629456[0m[34;1m        48[0m
19:50:41   [34;1m    714972[0m[34;1m   1554904[0m[34;1m    955456[0m[34;1m     25.12[0m[34;1m    121140[0m[34;1m   1884480[0m[34;1m   6365476[0m[31;1m    167.37[0m[34;1m   1224028[0m[34;1m   1629484[0m[34;1m        48[0m
19:50:42   [34;1m    714972[0m[34;1m   1554904[0m[34;1m    955456[0m[34;1m     25.12[0m[34;1m    121140[0m[34;1m   1884480[0m[34;1m   6365476[0m[31;1m    167.37[0m[34;1m   1224028[0m[34;1m   1629484[0m[34;1m        48[0m
19:50:43   [34;1m    714972[0m[34;1m   1554912[0m[34;1m    955448[0m[34;1m     25.12[0m[34;1m    121140[0m[34;1m   1884488[0m[34;1m   6365476[0m[31;1m    167.37[0m[34;1m   1224028[0m[34;1m   1629556[0m[34;1m        56[0m
19:50:44   [34;1m    714972[0m[34;1m   1554912[0m[34;1m    955448[0m[34;1m     25.12[0m[34;1m    121140[0m[34;1m   1884488[0m[34;1m   6365476[0m[31;1m    167.37[0m[34;1m   1224028[0m[34;1m   1629556[0m[34;1m        56[0m
19:50:45   [34;1m    712956[0m[34;1m   1552904[0m[34;1m    957440[0m[34;1m     25.17[0m[34;1m    121140[0m[34;1m   1884496[0m[34;1m   6365476[0m[31;1m    167.37[0m[34;1m   1224028[0m[34;1m   1630192[0m[34;1m        60[0m
19:50:46   [34;1m    712956[0m[34;1m   1552904[0m[34;1m    957440[0m[34;1m     25.17[0m[34;1m    121140[0m[34;1m   1884496[0m[34;1m   6365476[0m[31;1m    167.37[0m[34;1m   1224028[0m[34;1m   1629640[0m[34;1m        60[0m
19:50:47   [34;1m    712956[0m[34;1m   1552904[0m[34;1m    957440[0m[34;1m     25.17[0m[34;1m    121140[0m[34;1m   1884496[0m[34;1m   6365476[0m[31;1m    167.37[0m[34;1m   1224028[0m[34;1m   1629320[0m[34;1m        60[0m
19:50:48   [34;1m    712956[0m[34;1m   1552904[0m[34;1m    957440[0m[34;1m     25.17[0m[34;1m    121140[0m[34;1m   1884496[0m[34;1m   6365476[0m[31;1m    167.37[0m[34;1m   1224028[0m[34;1m   1628624[0m[34;1m        20[0m
19:50:49   [34;1m    712956[0m[34;1m   1552912[0m[34;1m    957428[0m[34;1m     25.17[0m[34;1m    121144[0m[34;1m   1884500[0m[34;1m   6365476[0m[31;1m    167.37[0m[34;1m   1224032[0m[34;1m   1628628[0m[34;1m        48[0m
19:50:50   [34;1m    712956[0m[34;1m   1552912[0m[34;1m    957428[0m[34;1m     25.17[0m[34;1m    121144[0m[34;1m   1884500[0m[34;1m   6365476[0m[31;1m    167.37[0m[34;1m   1224032[0m[34;1m   1628628[0m[34;1m        48[0m
19:50:51   [34;1m    712956[0m[34;1m   1552912[0m[34;1m    957432[0m[34;1m     25.17[0m[34;1m    121144[0m[34;1m   1884500[0m[34;1m   6365476[0m[31;1m    167.37[0m[34;1m   1224032[0m[34;1m   1628668[0m[34;1m        48[0m
19:50:52   [34;1m    712956[0m[34;1m   1552912[0m[34;1m    957432[0m[34;1m     25.17[0m[34;1m    121144[0m[34;1m   1884500[0m[34;1m   6365476[0m[31;1m    167.37[0m[34;1m   1224032[0m[34;1m   1628668[0m[34;1m        48[0m
19:50:53   [34;1m    712956[0m[34;1m   1552912[0m[34;1m    957432[0m[34;1m     25.17[0m[34;1m    121144[0m[34;1m   1884500[0m[34;1m   6365476[0m[31;1m    167.37[0m[34;1m   1224032[0m[34;1m   1628668[0m[34;1m        48[0m
19:50:54   [34;1m    712956[0m[34;1m   1552912[0m[34;1m    957432[0m[34;1m     25.17[0m[34;1m    121144[0m[34;1m   1884500[0m[34;1m   6365476[0m[31;1m    167.37[0m[34;1m   1224032[0m[34;1m   1628668[0m[34;1m        48[0m
19:50:55   [34;1m    712956[0m[34;1m   1552916[0m[34;1m    957432[0m[34;1m     25.17[0m[34;1m    121152[0m[34;1m   1884504[0m[34;1m   6405856[0m[31;1m    168.43[0m[34;1m   1224040[0m[34;1m   1629332[0m[34;1m        48[0m
19:50:56   [34;1m    712956[0m[34;1m   1552916[0m[34;1m    957432[0m[34;1m     25.17[0m[34;1m    121152[0m[34;1m   1884504[0m[34;1m   6365476[0m[31;1m    167.37[0m[34;1m   1224040[0m[34;1m   1629116[0m[34;1m        48[0m
19:50:57   [34;1m    712956[0m[34;1m   1552920[0m[34;1m    957428[0m[34;1m     25.17[0m[34;1m    121156[0m[34;1m   1884504[0m[34;1m   6365476[0m[31;1m    167.37[0m[34;1m   1224040[0m[34;1m   1629252[0m[34;1m        48[0m
19:50:58   [34;1m    712956[0m[34;1m   1552920[0m[34;1m    957428[0m[34;1m     25.17[0m[34;1m    121164[0m[34;1m   1884496[0m[34;1m   6365476[0m[31;1m    167.37[0m[34;1m   1224040[0m[34;1m   1629252[0m[34;1m        48[0m
19:50:59   [34;1m    712956[0m[34;1m   1552952[0m[34;1m    957396[0m[34;1m     25.17[0m[34;1m    121168[0m[34;1m   1884520[0m[34;1m   6365476[0m[31;1m    167.37[0m[34;1m   1224056[0m[34;1m   1629268[0m[34;1m        56[0m
19:51:00   [34;1m    712956[0m[34;1m   1552956[0m[34;1m    957364[0m[34;1m     25.17[0m[34;1m    121172[0m[34;1m   1884524[0m[34;1m   6374588[0m[31;1m    167.61[0m[34;1m   1224060[0m[34;1m   1631392[0m[34;1m        56[0m
19:51:01   [34;1m    712956[0m[34;1m   1552956[0m[34;1m    957368[0m[34;1m     25.17[0m[34;1m    121172[0m[34;1m   1884524[0m[34;1m   6374588[0m[31;1m    167.61[0m[34;1m   1224060[0m[34;1m   1631456[0m[34;1m        56[0m
19:51:02   [34;1m    712956[0m[34;1m   1552956[0m[34;1m    957380[0m[34;1m     25.17[0m[34;1m    121172[0m[34;1m   1884524[0m[34;1m   6374588[0m[31;1m    167.61[0m[34;1m   1224060[0m[34;1m   1631504[0m[34;1m        56[0m
19:51:03   [34;1m    712956[0m[34;1m   1552956[0m[34;1m    957384[0m[34;1m     25.17[0m[34;1m    121172[0m[34;1m   1884524[0m[34;1m   6369572[0m[31;1m    167.48[0m[34;1m   1224060[0m[34;1m   1629584[0m[34;1m        32[0m
19:51:04   [34;1m    712956[0m[34;1m   1552968[0m[34;1m    957372[0m[34;1m     25.17[0m[34;1m    121180[0m[34;1m   1884528[0m[34;1m   6369572[0m[31;1m    167.48[0m[34;1m   1224068[0m[34;1m   1629588[0m[34;1m        44[0m
