Linux 6.6.95 (ssp-study-m02) 	04/21/26 	_x86_64_	(2 CPU)

10:01:55        CPU     %user     %nice   %system   %iowait    %steal     %idle
10:01:56   [32;22m     all[0m[34;1m      8.06[0m[34;22m      0.00[0m[34;1m      6.99[0m[34;22m      0.00[0m[34;22m      0.00[0m[34;1m     84.95[0m
10:01:57   [32;22m     all[0m[34;1m      5.39[0m[34;22m      0.00[0m[34;1m     10.78[0m[34;22m      0.00[0m[34;22m      0.00[0m[34;1m     83.83[0m
10:01:58   [32;22m     all[0m[34;1m      5.52[0m[34;22m      0.00[0m[34;1m      7.18[0m[34;22m      0.00[0m[34;22m      0.00[0m[34;1m     87.29[0m
10:01:59   [32;22m     all[0m[34;1m      4.35[0m[34;22m      0.00[0m[34;1m      4.89[0m[34;22m      0.00[0m[34;22m      0.00[0m[34;1m     90.76[0m
10:02:00   [32;22m     all[0m[34;1m      7.14[0m[34;22m      0.00[0m[34;1m      8.24[0m[34;22m      0.00[0m[34;22m      0.00[0m[34;1m     84.62[0m
10:02:01   [32;22m     all[0m[34;1m      5.38[0m[34;22m      0.00[0m[34;1m      6.45[0m[34;22m      0.00[0m[34;22m      0.00[0m[34;1m     88.17[0m
10:02:02   [32;22m     all[0m[34;1m      5.41[0m[34;22m      0.00[0m[34;1m      8.11[0m[34;22m      0.00[0m[34;22m      0.00[0m[34;1m     86.49[0m
10:02:03   [32;22m     all[0m[34;1m      8.99[0m[34;22m      0.00[0m[34;1m     13.48[0m[34;22m      0.00[0m[34;22m      0.00[0m[34;1m     77.53[0m
10:02:04   [32;22m     all[0m[34;1m      3.24[0m[34;22m      0.00[0m[34;1m      5.95[0m[34;22m      0.00[0m[34;22m      0.00[0m[34;1m     90.81[0m
10:02:05   [32;22m     all[0m[34;1m      3.89[0m[34;22m      0.00[0m[34;1m     11.11[0m[34;22m      0.00[0m[34;22m      0.00[0m[34;1m     85.00[0m
10:02:06   [32;22m     all[0m[34;1m      3.85[0m[34;22m      0.00[0m[34;1m      9.89[0m[34;22m      0.00[0m[34;22m      0.00[0m[34;1m     86.26[0m
10:02:07   [32;22m     all[0m[34;1m      5.95[0m[34;22m      0.00[0m[34;1m     10.81[0m[34;22m      0.00[0m[34;22m      0.00[0m[34;1m     83.24[0m
10:02:08   [32;22m     all[0m[34;1m      5.65[0m[34;22m      0.00[0m[34;1m     14.12[0m[34;22m      0.00[0m[34;22m      0.00[0m[34;1m     80.23[0m
10:02:09   [32;22m     all[0m[34;1m      6.78[0m[34;22m      0.00[0m[34;1m     14.69[0m[34;22m      0.00[0m[34;22m      0.00[0m[34;1m     78.53[0m
10:02:10   [32;22m     all[0m[34;1m     10.44[0m[34;22m      0.00[0m[34;1m     15.93[0m[34;22m      0.00[0m[34;22m      0.00[0m[34;1m     73.63[0m
10:02:11   [32;22m     all[0m[34;1m      6.08[0m[34;22m      0.00[0m[34;1m     13.26[0m[34;22m      0.00[0m[34;22m      0.00[0m[34;1m     80.66[0m
10:02:12   [32;22m     all[0m[34;1m      9.14[0m[34;22m      0.00[0m[34;1m     16.57[0m[34;22m      0.00[0m[34;22m      0.00[0m[34;1m     74.29[0m
10:02:13   [32;22m     all[0m[34;1m     11.76[0m[34;22m      0.00[0m[34;1m     20.00[0m[34;22m      0.00[0m[34;22m      0.00[0m[34;1m     68.24[0m
10:02:14   [32;22m     all[0m[34;1m      5.81[0m[34;22m      0.00[0m[34;1m     20.35[0m[34;22m      0.00[0m[34;22m      0.00[0m[34;1m     73.84[0m
10:02:15   [32;22m     all[0m[34;1m      4.95[0m[34;22m      0.00[0m[34;1m     15.38[0m[34;22m      0.00[0m[34;22m      0.00[0m[34;1m     79.67[0m
10:02:16   [32;22m     all[0m[34;1m      7.30[0m[34;22m      0.00[0m[34;1m     20.22[0m[34;22m      0.00[0m[34;22m      0.00[0m[34;1m     72.47[0m
10:02:17   [32;22m     all[0m[34;1m      8.24[0m[34;22m      0.00[0m[34;1m     19.78[0m[34;22m      0.00[0m[34;22m      0.00[0m[34;1m     71.98[0m
10:02:18   [32;22m     all[0m[34;1m      6.29[0m[34;22m      0.00[0m[34;1m     17.14[0m[34;22m      0.00[0m[34;22m      0.00[0m[34;1m     76.57[0m
10:02:19   [32;22m     all[0m[34;1m     10.06[0m[34;22m      0.00[0m[34;1m     24.02[0m[34;22m      0.00[0m[34;22m      0.00[0m[34;1m     65.92[0m
10:02:20   [32;22m     all[0m[34;1m     10.06[0m[34;22m      0.00[0m[34;1m     24.26[0m[34;22m      0.00[0m[34;22m      0.00[0m[34;1m     65.68[0m
10:02:21   [32;22m     all[0m[34;1m      8.54[0m[34;22m      0.00[0m[34;1m     25.61[0m[34;22m      0.00[0m[34;22m      0.00[0m[34;1m     65.85[0m
10:02:22   [32;22m     all[0m[34;1m      8.47[0m[34;22m      0.00[0m[34;1m     24.86[0m[34;22m      0.00[0m[34;22m      0.00[0m[34;1m     66.67[0m
10:02:23   [32;22m     all[0m[34;1m     14.20[0m[34;22m      0.00[0m[34;1m     26.70[0m[34;22m      0.00[0m[34;22m      0.00[0m[34;1m     59.09[0m
10:02:24   [32;22m     all[0m[34;1m      9.09[0m[34;22m      0.00[0m[34;1m     26.14[0m[34;22m      0.00[0m[34;22m      0.00[0m[34;1m     64.77[0m
10:02:25   [32;22m     all[0m[34;1m      8.47[0m[34;22m      0.00[0m[34;1m     21.47[0m[34;22m      0.00[0m[34;22m      0.00[0m[34;1m     70.06[0m
10:02:26   [32;22m     all[0m[34;1m     10.47[0m[34;22m      0.00[0m[34;1m     29.07[0m[34;22m      0.00[0m[34;22m      0.00[0m[34;1m     60.47[0m
10:02:27   [32;22m     all[0m[34;1m      9.30[0m[34;22m      0.00[0m[34;1m     25.00[0m[34;22m      0.00[0m[34;22m      0.00[0m[34;1m     65.70[0m
10:02:28   [32;22m     all[0m[34;1m      7.51[0m[34;22m      0.00[0m[34;1m     24.86[0m[34;22m      0.00[0m[34;22m      0.00[0m[34;1m     67.63[0m
10:02:29   [32;22m     all[0m[34;1m     12.79[0m[34;22m      0.00[0m[34;1m     29.07[0m[34;22m      0.00[0m[34;22m      0.00[0m[34;1m     58.14[0m
10:02:30   [32;22m     all[0m[34;1m     14.45[0m[34;22m      0.00[0m[34;1m     28.32[0m[34;22m      0.00[0m[34;22m      0.00[0m[34;1m     57.23[0m
10:02:31   [32;22m     all[0m[34;1m      9.20[0m[34;22m      0.00[0m[34;1m     27.59[0m[34;22m      0.00[0m[34;22m      0.00[0m[34;1m     63.22[0m
10:02:32   [32;22m     all[0m[34;1m      8.77[0m[34;22m      0.00[0m[34;1m     26.90[0m[34;22m      0.00[0m[34;22m      0.00[0m[34;1m     64.33[0m
10:02:33   [32;22m     all[0m[34;1m     12.57[0m[34;22m      0.00[0m[34;1m     26.86[0m[34;22m      0.00[0m[34;22m      0.00[0m[34;1m     60.57[0m
10:02:34   [32;22m     all[0m[34;1m     13.95[0m[34;22m      0.00[0m[34;1m     35.47[0m[34;22m      0.00[0m[34;22m      0.00[0m[34;1m     50.58[0m
10:02:35   [32;22m     all[0m[34;1m      8.05[0m[34;22m      0.00[0m[34;1m     24.14[0m[34;22m      0.00[0m[34;22m      0.00[0m[34;1m     67.82[0m
10:02:36   [32;22m     all[0m[34;1m      8.19[0m[34;22m      0.00[0m[34;1m     24.56[0m[34;22m      0.00[0m[34;22m      0.00[0m[34;1m     67.25[0m
10:02:37   [32;22m     all[0m[34;1m     10.29[0m[34;22m      0.00[0m[34;1m     29.14[0m[34;22m      0.00[0m[34;22m      0.00[0m[34;1m     60.57[0m
10:02:38   [32;22m     all[0m[34;1m      9.14[0m[34;22m      0.00[0m[34;1m     29.71[0m[34;22m      0.00[0m[34;22m      0.00[0m[34;1m     61.14[0m
10:02:39   [32;22m     all[0m[34;1m     11.05[0m[34;22m      0.00[0m[34;1m     24.42[0m[34;22m      0.00[0m[34;22m      0.00[0m[34;1m     64.53[0m
10:02:40   [32;22m     all[0m[34;1m     12.00[0m[34;22m      0.00[0m[34;1m     28.00[0m[34;22m      0.00[0m[34;22m      0.00[0m[34;1m     60.00[0m
10:02:41   [32;22m     all[0m[34;1m     10.47[0m[34;22m      0.00[0m[34;1m     29.65[0m[34;22m      0.00[0m[34;22m      0.00[0m[34;1m     59.88[0m
10:02:42   [32;22m     all[0m[34;1m      9.47[0m[34;22m      0.00[0m[34;1m     26.63[0m[34;22m      0.00[0m[34;22m      0.00[0m[34;1m     63.91[0m
10:02:43   [32;22m     all[0m[34;1m     10.29[0m[34;22m      0.00[0m[34;1m     28.00[0m[34;22m      0.00[0m[34;22m      0.00[0m[34;1m     61.71[0m
10:02:44   [32;22m     all[0m[34;1m     16.38[0m[34;22m      0.00[0m[34;1m     29.38[0m[34;22m      0.00[0m[34;22m      0.00[0m[34;1m     54.24[0m
10:02:45   [32;22m     all[0m[34;1m     11.56[0m[34;22m      0.00[0m[34;1m     31.79[0m[34;22m      0.00[0m[34;22m      0.00[0m[34;1m     56.65[0m
10:02:46   [32;22m     all[0m[34;1m      9.36[0m[34;22m      0.00[0m[34;1m     28.65[0m[34;22m      0.00[0m[34;22m      0.00[0m[34;1m     61.99[0m
10:02:47   [32;22m     all[0m[34;1m      9.71[0m[34;22m      0.00[0m[34;1m     25.71[0m[34;22m      0.00[0m[34;22m      0.00[0m[34;1m     64.57[0m
10:02:48   [32;22m     all[0m[34;1m      7.60[0m[34;22m      0.00[0m[34;1m     26.90[0m[34;22m      0.00[0m[34;22m      0.00[0m[34;1m     65.50[0m
10:02:49   [32;22m     all[0m[34;1m     13.45[0m[34;22m      0.00[0m[34;1m     32.16[0m[34;22m      0.00[0m[34;22m      0.00[0m[34;1m     54.39[0m
10:02:50   [32;22m     all[0m[34;1m     14.20[0m[34;22m      0.00[0m[34;1m     31.95[0m[34;22m      0.00[0m[34;22m      0.00[0m[34;1m     53.85[0m
10:02:51   [32;22m     all[0m[34;1m     11.63[0m[34;22m      0.00[0m[34;1m     24.42[0m[34;22m      0.00[0m[34;22m      0.00[0m[34;1m     63.95[0m
10:02:52   [32;22m     all[0m[34;1m      9.77[0m[34;22m      0.00[0m[34;1m     31.03[0m[34;22m      0.00[0m[34;22m      0.00[0m[34;1m     59.20[0m
10:02:53   [32;22m     all[0m[34;1m     10.53[0m[34;22m      0.00[0m[34;1m     26.90[0m[34;22m      0.00[0m[34;22m      0.00[0m[34;1m     62.57[0m
10:02:54   [32;22m     all[0m[34;1m     12.79[0m[34;22m      0.00[0m[34;1m     30.81[0m[34;22m      0.00[0m[34;22m      0.00[0m[34;1m     56.40[0m
10:02:55   [32;22m     all[0m[34;1m     10.23[0m[34;22m      0.00[0m[34;1m     36.36[0m[34;1m      0.57[0m[34;22m      0.00[0m[34;1m     52.84[0m
10:02:56   [32;22m     all[0m[34;1m      9.94[0m[34;22m      0.00[0m[34;1m     27.49[0m[34;22m      0.00[0m[34;22m      0.00[0m[34;1m     62.57[0m
10:02:57   [32;22m     all[0m[34;1m     11.56[0m[34;22m      0.00[0m[34;1m     29.48[0m[34;22m      0.00[0m[34;22m      0.00[0m[34;1m     58.96[0m
10:02:58   [32;22m     all[0m[34;1m     16.09[0m[34;22m      0.00[0m[34;1m     32.18[0m[34;22m      0.00[0m[34;22m      0.00[0m[34;1m     51.72[0m
10:02:59   [32;22m     all[0m[34;1m      9.83[0m[34;22m      0.00[0m[34;1m     26.01[0m[34;22m      0.00[0m[34;22m      0.00[0m[34;1m     64.16[0m
10:03:00   [32;22m     all[0m[34;1m     17.14[0m[34;22m      0.00[0m[34;1m     30.29[0m[34;22m      0.00[0m[34;22m      0.00[0m[34;1m     52.57[0m
10:03:01   [32;22m     all[0m[34;1m     10.91[0m[34;22m      0.00[0m[34;1m     32.12[0m[34;22m      0.00[0m[34;22m      0.00[0m[34;1m     56.97[0m
10:03:02   [32;22m     all[0m[34;1m      8.57[0m[34;22m      0.00[0m[34;1m     29.71[0m[34;22m      0.00[0m[34;22m      0.00[0m[34;1m     61.71[0m
10:03:03   [32;22m     all[0m[34;1m     12.64[0m[34;22m      0.00[0m[34;1m     31.61[0m[34;22m      0.00[0m[34;22m      0.00[0m[34;1m     55.75[0m
10:03:04   [32;22m     all[0m[34;1m     18.29[0m[34;22m      0.00[0m[34;1m     34.29[0m[34;22m      0.00[0m[34;22m      0.00[0m[34;1m     47.43[0m
10:03:05   [32;22m     all[0m[34;1m     11.43[0m[34;22m      0.00[0m[34;1m     30.86[0m[34;22m      0.00[0m[34;22m      0.00[0m[34;1m     57.71[0m
10:03:06   [32;22m     all[0m[34;1m      8.19[0m[34;22m      0.00[0m[34;1m     30.99[0m[34;22m      0.00[0m[34;22m      0.00[0m[34;1m     60.82[0m
10:03:07   [32;22m     all[0m[34;1m      8.99[0m[34;22m      0.00[0m[34;1m     24.72[0m[34;22m      0.00[0m[34;22m      0.00[0m[34;1m     66.29[0m
10:03:08   [32;22m     all[0m[34;1m     14.77[0m[34;22m      0.00[0m[34;1m     36.93[0m[34;22m      0.00[0m[34;22m      0.00[0m[34;1m     48.30[0m
10:03:09   [32;22m     all[0m[34;1m     11.70[0m[34;22m      0.00[0m[34;1m     34.50[0m[34;22m      0.00[0m[34;22m      0.00[0m[34;1m     53.80[0m
10:03:10   [32;22m     all[0m[34;1m     13.07[0m[34;22m      0.00[0m[34;1m     33.52[0m[34;22m      0.00[0m[34;22m      0.00[0m[34;1m     53.41[0m
10:03:11   [32;22m     all[0m[34;1m     12.36[0m[34;22m      0.00[0m[34;1m     33.71[0m[34;22m      0.00[0m[34;22m      0.00[0m[34;1m     53.93[0m
10:03:12   [32;22m     all[0m[34;1m      8.43[0m[34;22m      0.00[0m[34;1m     30.90[0m[34;22m      0.00[0m[34;22m      0.00[0m[34;1m     60.67[0m
10:03:13   [32;22m     all[0m[34;1m     12.57[0m[34;22m      0.00[0m[34;1m     30.29[0m[34;22m      0.00[0m[34;22m      0.00[0m[34;1m     57.14[0m
10:03:14   [32;22m     all[0m[34;1m     15.34[0m[34;22m      0.00[0m[34;1m     38.07[0m[34;22m      0.00[0m[34;22m      0.00[0m[34;1m     46.59[0m
10:03:15   [32;22m     all[0m[34;1m     10.67[0m[34;22m      0.00[0m[34;1m     31.46[0m[34;22m      0.00[0m[34;22m      0.00[0m[34;1m     57.87[0m
10:03:16   [32;22m     all[0m[34;1m     13.37[0m[34;22m      0.00[0m[34;1m     29.07[0m[34;22m      0.00[0m[34;22m      0.00[0m[34;1m     57.56[0m
10:03:17   [32;22m     all[0m[34;1m     10.67[0m[34;22m      0.00[0m[34;1m     29.78[0m[34;22m      0.00[0m[34;22m      0.00[0m[34;1m     59.55[0m
10:03:18   [32;22m     all[0m[34;1m     10.80[0m[34;22m      0.00[0m[34;1m     31.82[0m[34;22m      0.00[0m[34;22m      0.00[0m[34;1m     57.39[0m
10:03:19   [32;22m     all[0m[34;1m     13.86[0m[34;22m      0.00[0m[34;1m     36.75[0m[34;22m      0.00[0m[34;22m      0.00[0m[34;1m     49.40[0m
10:03:20   [32;22m     all[0m[34;1m     14.12[0m[34;22m      0.00[0m[34;1m     31.64[0m[34;22m      0.00[0m[34;22m      0.00[0m[34;1m     54.24[0m
10:03:21   [32;22m     all[0m[34;1m      9.94[0m[34;22m      0.00[0m[34;1m     32.16[0m[34;22m      0.00[0m[34;22m      0.00[0m[34;1m     57.89[0m
10:03:22   [32;22m     all[0m[34;1m     11.11[0m[34;22m      0.00[0m[34;1m     38.01[0m[34;22m      0.00[0m[34;22m      0.00[0m[34;1m     50.88[0m
10:03:23   [32;22m     all[0m[34;1m     13.79[0m[34;22m      0.00[0m[34;1m     39.08[0m[34;22m      0.00[0m[34;22m      0.00[0m[34;1m     47.13[0m
10:03:24   [32;22m     all[0m[34;1m     12.57[0m[34;22m      0.00[0m[34;1m     34.29[0m[34;22m      0.00[0m[34;22m      0.00[0m[34;1m     53.14[0m
10:03:25   [32;22m     all[0m[34;1m      9.60[0m[34;22m      0.00[0m[34;1m     29.94[0m[34;22m      0.00[0m[34;22m      0.00[0m[34;1m     60.45[0m
10:03:26   [32;22m     all[0m[34;1m     12.43[0m[34;22m      0.00[0m[34;1m     36.09[0m[34;22m      0.00[0m[34;22m      0.00[0m[34;1m     51.48[0m
10:03:27   [32;22m     all[0m[34;1m     10.92[0m[34;22m      0.00[0m[34;1m     35.63[0m[34;22m      0.00[0m[34;22m      0.00[0m[34;1m     53.45[0m
10:03:28   [32;22m     all[0m[34;1m     10.47[0m[34;22m      0.00[0m[34;1m     32.56[0m[34;22m      0.00[0m[34;22m      0.00[0m[34;1m     56.98[0m
10:03:29   [32;22m     all[0m[34;1m     11.93[0m[34;22m      0.00[0m[34;1m     26.14[0m[34;22m      0.00[0m[34;22m      0.00[0m[34;1m     61.93[0m
10:03:30   [32;22m     all[0m[34;1m     21.35[0m[34;22m      0.00[0m[34;1m     38.76[0m[34;22m      0.00[0m[34;22m      0.00[0m[34;1m     39.89[0m
10:03:31   [32;22m     all[0m[34;1m     11.90[0m[34;22m      0.00[0m[34;1m     37.50[0m[34;22m      0.00[0m[34;22m      0.00[0m[34;1m     50.60[0m
10:03:32   [32;22m     all[0m[34;1m     11.56[0m[34;22m      0.00[0m[34;1m     30.64[0m[34;22m      0.00[0m[34;22m      0.00[0m[34;1m     57.80[0m
10:03:33   [32;22m     all[0m[34;1m     12.57[0m[34;22m      0.00[0m[34;1m     36.00[0m[34;22m      0.00[0m[34;22m      0.00[0m[34;1m     51.43[0m
10:03:34   [32;22m     all[0m[34;1m     11.05[0m[34;22m      0.00[0m[34;1m     33.72[0m[34;22m      0.00[0m[34;22m      0.00[0m[34;1m     55.23[0m
10:03:35   [32;22m     all[0m[34;1m     19.21[0m[34;22m      0.00[0m[34;1m     41.81[0m[34;22m      0.00[0m[34;22m      0.00[0m[34;1m     38.98[0m
10:03:36   [32;22m     all[0m[34;1m      8.82[0m[34;22m      0.00[0m[34;1m     32.94[0m[34;22m      0.00[0m[34;22m      0.00[0m[34;1m     58.24[0m
10:03:37   [32;22m     all[0m[34;1m     10.34[0m[34;22m      0.00[0m[34;1m     27.01[0m[34;22m      0.00[0m[34;22m      0.00[0m[34;1m     62.64[0m
10:03:38   [32;22m     all[0m[34;1m      8.77[0m[34;22m      0.00[0m[34;1m     29.24[0m[34;22m      0.00[0m[34;22m      0.00[0m[34;1m     61.99[0m
10:03:39   [32;22m     all[0m[34;1m     11.49[0m[34;22m      0.00[0m[34;1m     35.63[0m[34;22m      0.00[0m[34;22m      0.00[0m[34;1m     52.87[0m
10:03:40   [32;22m     all[0m[34;1m     13.77[0m[34;22m      0.00[0m[34;1m     31.74[0m[34;22m      0.00[0m[34;22m      0.00[0m[34;1m     54.49[0m
10:03:41   [32;22m     all[0m[34;1m      8.47[0m[34;22m      0.00[0m[34;1m     29.38[0m[34;22m      0.00[0m[34;22m      0.00[0m[34;1m     62.15[0m
10:03:42   [32;22m     all[0m[34;1m      9.20[0m[34;22m      0.00[0m[34;1m     36.21[0m[34;22m      0.00[0m[34;22m      0.00[0m[34;1m     54.60[0m
10:03:43   [32;22m     all[0m[34;1m     11.43[0m[34;22m      0.00[0m[34;1m     31.43[0m[34;22m      0.00[0m[34;22m      0.00[0m[34;1m     57.14[0m
10:03:44   [32;22m     all[0m[34;1m     13.02[0m[34;22m      0.00[0m[34;1m     30.18[0m[34;22m      0.00[0m[34;22m      0.00[0m[34;1m     56.80[0m
10:03:45   [32;22m     all[0m[34;1m     15.79[0m[34;22m      0.00[0m[34;1m     39.77[0m[34;22m      0.00[0m[34;22m      0.00[0m[34;1m     44.44[0m
10:03:46   [32;22m     all[0m[34;1m      9.88[0m[34;22m      0.00[0m[34;1m     32.56[0m[34;22m      0.00[0m[34;22m      0.00[0m[34;1m     57.56[0m
10:03:47   [32;22m     all[0m[34;1m      9.20[0m[34;22m      0.00[0m[34;1m     25.86[0m[34;22m      0.00[0m[34;22m      0.00[0m[34;1m     64.94[0m
10:03:48   [32;22m     all[0m[34;1m     10.00[0m[34;22m      0.00[0m[34;1m     32.35[0m[34;22m      0.00[0m[34;22m      0.00[0m[34;1m     57.65[0m
10:03:49   [32;22m     all[0m[34;1m     10.06[0m[34;22m      0.00[0m[34;1m     35.50[0m[34;22m      0.00[0m[34;22m      0.00[0m[34;1m     54.44[0m
10:03:50   [32;22m     all[0m[34;1m     13.95[0m[34;22m      0.00[0m[34;1m     35.47[0m[34;22m      0.00[0m[34;22m      0.00[0m[34;1m     50.58[0m
10:03:51   [32;22m     all[0m[34;1m      9.83[0m[34;22m      0.00[0m[34;1m     30.64[0m[34;22m      0.00[0m[34;22m      0.00[0m[34;1m     59.54[0m
10:03:52   [32;22m     all[0m[34;1m     14.04[0m[34;22m      0.00[0m[34;1m     37.43[0m[34;22m      0.00[0m[34;22m      0.00[0m[34;1m     48.54[0m
10:03:53   [32;22m     all[0m[34;1m      9.94[0m[34;22m      0.00[0m[34;1m     29.24[0m[34;22m      0.00[0m[34;22m      0.00[0m[34;1m     60.82[0m
10:03:54   [32;22m     all[0m[34;1m      9.52[0m[34;22m      0.00[0m[34;1m     33.33[0m[34;22m      0.00[0m[34;22m      0.00[0m[34;1m     57.14[0m
10:03:55   [32;22m     all[0m[34;1m     18.02[0m[34;22m      0.00[0m[34;1m     40.12[0m[34;22m      0.00[0m[34;22m      0.00[0m[34;1m     41.86[0m
10:03:56   [32;22m     all[0m[34;1m      9.25[0m[34;22m      0.00[0m[34;1m     29.48[0m[34;22m      0.00[0m[34;22m      0.00[0m[34;1m     61.27[0m
10:03:57   [32;22m     all[0m[34;1m     12.43[0m[34;22m      0.00[0m[34;1m     36.69[0m[34;22m      0.00[0m[34;22m      0.00[0m[34;1m     50.89[0m
10:03:58   [32;22m     all[0m[34;1m     13.45[0m[34;22m      0.00[0m[34;1m     33.92[0m[34;22m      0.00[0m[34;22m      0.00[0m[34;1m     52.63[0m
10:03:59   [32;22m     all[0m[34;1m     14.71[0m[34;22m      0.00[0m[34;1m     31.18[0m[34;22m      0.00[0m[34;22m      0.00[0m[34;1m     54.12[0m
10:04:00   [32;22m     all[0m[34;1m     14.45[0m[34;22m      0.00[0m[34;1m     34.10[0m[34;22m      0.00[0m[34;22m      0.00[0m[34;1m     51.45[0m
10:04:01   [32;22m     all[0m[34;1m     12.65[0m[34;22m      0.00[0m[34;1m     33.13[0m[34;22m      0.00[0m[34;22m      0.00[0m[34;1m     54.22[0m
10:04:02   [32;22m     all[0m[34;1m     11.90[0m[34;22m      0.00[0m[34;1m     33.93[0m[34;22m      0.00[0m[34;22m      0.00[0m[34;1m     54.17[0m
10:04:03   [32;22m     all[0m[34;1m     13.10[0m[34;22m      0.00[0m[34;1m     33.33[0m[34;22m      0.00[0m[34;22m      0.00[0m[34;1m     53.57[0m
10:04:04   [32;22m     all[0m[34;1m     11.24[0m[34;22m      0.00[0m[34;1m     36.69[0m[34;22m      0.00[0m[34;22m      0.00[0m[34;1m     52.07[0m
10:04:05   [32;22m     all[0m[34;1m     18.86[0m[34;22m      0.00[0m[34;1m     41.14[0m[34;22m      0.00[0m[34;22m      0.00[0m[34;1m     40.00[0m
10:04:06   [32;22m     all[0m[34;1m      8.93[0m[34;22m      0.00[0m[34;1m     32.14[0m[34;22m      0.00[0m[34;22m      0.00[0m[34;1m     58.93[0m
10:04:07   [32;22m     all[0m[34;1m     12.35[0m[34;22m      0.00[0m[34;1m     32.35[0m[34;22m      0.00[0m[34;22m      0.00[0m[34;1m     55.29[0m
10:04:08   [32;22m     all[0m[34;1m     12.79[0m[34;22m      0.00[0m[34;1m     31.98[0m[34;22m      0.00[0m[34;22m      0.00[0m[34;1m     55.23[0m
10:04:09   [32;22m     all[0m[34;1m     13.53[0m[34;22m      0.00[0m[34;1m     32.35[0m[34;22m      0.00[0m[34;22m      0.00[0m[34;1m     54.12[0m
10:04:10   [32;22m     all[0m[34;1m     13.14[0m[34;22m      0.00[0m[34;1m     29.71[0m[34;22m      0.00[0m[34;22m      0.00[0m[34;1m     57.14[0m
10:04:11   [32;22m     all[0m[34;1m     11.38[0m[34;22m      0.00[0m[34;1m     31.74[0m[34;22m      0.00[0m[34;22m      0.00[0m[34;1m     56.89[0m
10:04:12   [32;22m     all[0m[34;1m      9.88[0m[34;22m      0.00[0m[34;1m     29.07[0m[34;22m      0.00[0m[34;22m      0.00[0m[34;1m     61.05[0m
10:04:13   [32;22m     all[0m[34;1m     12.07[0m[34;22m      0.00[0m[34;1m     35.06[0m[34;22m      0.00[0m[34;22m      0.00[0m[34;1m     52.87[0m
10:04:14   [32;22m     all[0m[34;1m     10.40[0m[34;22m      0.00[0m[34;1m     34.10[0m[34;22m      0.00[0m[34;22m      0.00[0m[34;1m     55.49[0m
10:04:15   [32;22m     all[0m[34;1m     12.72[0m[34;22m      0.00[0m[34;1m     31.79[0m[34;22m      0.00[0m[34;22m      0.00[0m[34;1m     55.49[0m
10:04:16   [32;22m     all[0m[34;1m     12.57[0m[34;22m      0.00[0m[34;1m     31.43[0m[34;22m      0.00[0m[34;22m      0.00[0m[34;1m     56.00[0m
10:04:17   [32;22m     all[0m[34;1m     10.59[0m[34;22m      0.00[0m[34;1m     32.35[0m[34;22m      0.00[0m[34;22m      0.00[0m[34;1m     57.06[0m
10:04:18   [32;22m     all[0m[34;1m     11.63[0m[34;22m      0.00[0m[34;1m     33.14[0m[34;22m      0.00[0m[34;22m      0.00[0m[34;1m     55.23[0m
10:04:19   [32;22m     all[0m[34;1m     11.70[0m[34;22m      0.00[0m[34;1m     35.09[0m[34;22m      0.00[0m[34;22m      0.00[0m[34;1m     53.22[0m
10:04:20   [32;22m     all[0m[34;1m     15.91[0m[34;22m      0.00[0m[34;1m     35.80[0m[34;22m      0.00[0m[34;22m      0.00[0m[34;1m     48.30[0m
10:04:21   [32;22m     all[0m[34;1m      9.77[0m[34;22m      0.00[0m[34;1m     32.76[0m[34;22m      0.00[0m[34;22m      0.00[0m[34;1m     57.47[0m
10:04:22   [32;22m     all[0m[34;1m     11.56[0m[34;22m      0.00[0m[34;1m     39.31[0m[34;22m      0.00[0m[34;22m      0.00[0m[34;1m     49.13[0m
10:04:23   [32;22m     all[0m[34;1m     15.03[0m[34;22m      0.00[0m[34;1m     35.84[0m[34;22m      0.00[0m[34;22m      0.00[0m[34;1m     49.13[0m
10:04:24   [32;22m     all[0m[34;1m     11.70[0m[34;22m      0.00[0m[34;1m     30.99[0m[34;22m      0.00[0m[34;22m      0.00[0m[34;1m     57.31[0m
10:04:25   [32;22m     all[0m[34;1m     12.57[0m[34;22m      0.00[0m[34;1m     34.86[0m[34;22m      0.00[0m[34;22m      0.00[0m[34;1m     52.57[0m
10:04:26   [32;22m     all[0m[34;1m     15.91[0m[34;22m      0.00[0m[34;1m     36.93[0m[34;22m      0.00[0m[34;22m      0.00[0m[34;1m     47.16[0m
10:04:27   [32;22m     all[0m[34;1m     11.05[0m[34;22m      0.00[0m[34;1m     35.47[0m[34;22m      0.00[0m[34;22m      0.00[0m[34;1m     53.49[0m
10:04:28   [32;22m     all[0m[34;1m     10.98[0m[34;22m      0.00[0m[34;1m     36.42[0m[34;22m      0.00[0m[34;22m      0.00[0m[34;1m     52.60[0m
10:04:29   [32;22m     all[0m[34;1m     10.29[0m[34;22m      0.00[0m[34;1m     33.71[0m[34;22m      0.00[0m[34;22m      0.00[0m[34;1m     56.00[0m
10:04:30   [32;22m     all[0m[34;1m     17.05[0m[34;22m      0.00[0m[34;1m     38.07[0m[34;22m      0.00[0m[34;22m      0.00[0m[34;1m     44.89[0m
10:04:31   [32;22m     all[0m[34;1m     10.29[0m[34;22m      0.00[0m[34;1m     32.00[0m[34;22m      0.00[0m[34;22m      0.00[0m[34;1m     57.71[0m
10:04:32   [32;22m     all[0m[34;1m     13.69[0m[34;22m      0.00[0m[34;1m     37.50[0m[34;22m      0.00[0m[34;22m      0.00[0m[34;1m     48.81[0m
10:04:33   [32;22m     all[0m[34;1m     11.80[0m[34;22m      0.00[0m[34;1m     37.08[0m[34;22m      0.00[0m[34;22m      0.00[0m[34;1m     51.12[0m
10:04:34   [32;22m     all[0m[34;1m     11.70[0m[34;22m      0.00[0m[34;1m     28.65[0m[34;22m      0.00[0m[34;22m      0.00[0m[34;1m     59.65[0m
10:04:35   [32;22m     all[0m[34;1m     12.72[0m[34;22m      0.00[0m[34;1m     34.68[0m[34;22m      0.00[0m[34;22m      0.00[0m[34;1m     52.60[0m
10:04:36   [32;22m     all[0m[34;1m     16.76[0m[34;22m      0.00[0m[34;1m     37.43[0m[34;22m      0.00[0m[34;22m      0.00[0m[34;1m     45.81[0m
10:04:37   [32;22m     all[0m[34;1m     11.30[0m[34;22m      0.00[0m[34;1m     35.03[0m[34;22m      0.00[0m[34;22m      0.00[0m[34;1m     53.67[0m
10:04:38   [32;22m     all[0m[34;1m      9.55[0m[34;22m      0.00[0m[34;1m     33.71[0m[34;22m      0.00[0m[34;22m      0.00[0m[34;1m     56.74[0m
10:04:39   [32;22m     all[0m[34;1m      9.09[0m[34;22m      0.00[0m[34;1m     31.82[0m[34;22m      0.00[0m[34;22m      0.00[0m[34;1m     59.09[0m
10:04:40   [32;22m     all[0m[34;1m     13.29[0m[34;22m      0.00[0m[34;1m     35.84[0m[34;22m      0.00[0m[34;22m      0.00[0m[34;1m     50.87[0m
10:04:41   [32;22m     all[0m[34;1m     13.07[0m[34;22m      0.00[0m[34;1m     37.50[0m[34;22m      0.00[0m[34;22m      0.00[0m[34;1m     49.43[0m
10:04:42   [32;22m     all[0m[34;1m      8.62[0m[34;22m      0.00[0m[34;1m     30.46[0m[34;22m      0.00[0m[34;22m      0.00[0m[34;1m     60.92[0m
10:04:43   [32;22m     all[0m[34;1m     12.07[0m[34;22m      0.00[0m[34;1m     33.33[0m[34;22m      0.00[0m[34;22m      0.00[0m[34;1m     54.60[0m
10:04:44   [32;22m     all[0m[34;1m      9.71[0m[34;22m      0.00[0m[34;1m     31.43[0m[34;22m      0.00[0m[34;22m      0.00[0m[34;1m     58.86[0m
10:04:45   [32;22m     all[0m[34;1m     10.00[0m[34;22m      0.00[0m[34;1m     36.47[0m[34;22m      0.00[0m[34;22m      0.00[0m[34;1m     53.53[0m
10:04:46   [32;22m     all[0m[34;1m     15.43[0m[34;22m      0.00[0m[34;1m     40.57[0m[34;22m      0.00[0m[34;22m      0.00[0m[34;1m     44.00[0m
10:04:47   [32;22m     all[0m[34;1m     10.40[0m[34;22m      0.00[0m[34;1m     31.79[0m[34;22m      0.00[0m[34;22m      0.00[0m[34;1m     57.80[0m
10:04:48   [32;22m     all[0m[34;1m     12.07[0m[34;22m      0.00[0m[34;1m     35.06[0m[34;22m      0.00[0m[34;22m      0.00[0m[34;1m     52.87[0m
10:04:49   [32;22m     all[0m[34;1m     11.31[0m[34;22m      0.00[0m[34;1m     30.95[0m[34;22m      0.00[0m[34;22m      0.00[0m[34;1m     57.74[0m
10:04:50   [32;22m     all[0m[34;1m     16.76[0m[34;22m      0.00[0m[34;1m     34.68[0m[34;22m      0.00[0m[34;22m      0.00[0m[34;1m     48.55[0m
10:04:51   [32;22m     all[0m[34;1m     11.56[0m[34;22m      0.00[0m[34;1m     35.84[0m[34;22m      0.00[0m[34;22m      0.00[0m[34;1m     52.60[0m
10:04:52   [32;22m     all[0m[34;1m     12.43[0m[34;22m      0.00[0m[34;1m     35.50[0m[34;22m      0.00[0m[34;22m      0.00[0m[34;1m     52.07[0m
10:04:53   [32;22m     all[0m[34;1m     11.70[0m[34;22m      0.00[0m[34;1m     34.50[0m[34;22m      0.00[0m[34;22m      0.00[0m[34;1m     53.80[0m
10:04:54   [32;22m     all[0m[34;1m     11.98[0m[34;22m      0.00[0m[34;1m     38.32[0m[34;22m      0.00[0m[34;22m      0.00[0m[34;1m     49.70[0m
10:04:55   [32;22m     all[0m[34;1m     10.65[0m[34;22m      0.00[0m[34;1m     33.73[0m[34;22m      0.00[0m[34;22m      0.00[0m[34;1m     55.62[0m
10:04:56   [32;22m     all[0m[34;1m     16.86[0m[34;22m      0.00[0m[34;1m     36.63[0m[34;22m      0.00[0m[34;22m      0.00[0m[34;1m     46.51[0m
10:04:57   [32;22m     all[0m[34;1m     12.50[0m[34;22m      0.00[0m[34;1m     32.95[0m[34;22m      0.00[0m[34;22m      0.00[0m[34;1m     54.55[0m
10:04:58   [32;22m     all[0m[34;1m      9.52[0m[34;22m      0.00[0m[34;1m     33.93[0m[34;22m      0.00[0m[34;22m      0.00[0m[34;1m     56.55[0m
10:04:59   [32;22m     all[0m[34;1m     16.07[0m[34;22m      0.00[0m[34;1m     36.31[0m[34;22m      0.00[0m[34;22m      0.00[0m[34;1m     47.62[0m
10:05:00   [32;22m     all[0m[34;1m     15.12[0m[34;22m      0.00[0m[34;1m     31.40[0m[34;22m      0.00[0m[34;22m      0.00[0m[34;1m     53.49[0m
10:05:01   [32;22m     all[0m[34;1m     11.83[0m[34;22m      0.00[0m[34;1m     32.54[0m[34;22m      0.00[0m[34;22m      0.00[0m[34;1m     55.62[0m
10:05:02   [32;22m     all[0m[34;1m     10.12[0m[34;22m      0.00[0m[34;1m     29.76[0m[34;22m      0.00[0m[34;22m      0.00[0m[34;1m     60.12[0m
10:05:03   [32;22m     all[0m[34;1m     13.29[0m[34;22m      0.00[0m[34;1m     30.06[0m[34;22m      0.00[0m[34;22m      0.00[0m[34;1m     56.65[0m
10:05:04   [32;22m     all[0m[34;1m     12.28[0m[34;22m      0.00[0m[34;1m     35.09[0m[34;22m      0.00[0m[34;22m      0.00[0m[34;1m     52.63[0m
10:05:05   [32;22m     all[0m[34;1m     12.14[0m[34;22m      0.00[0m[34;1m     34.10[0m[34;22m      0.00[0m[34;22m      0.00[0m[34;1m     53.76[0m
10:05:06   [32;22m     all[0m[34;1m     16.47[0m[34;22m      0.00[0m[34;1m     35.29[0m[34;22m      0.00[0m[34;22m      0.00[0m[34;1m     48.24[0m
10:05:07   [32;22m     all[0m[34;1m     10.59[0m[34;22m      0.00[0m[34;1m     34.71[0m[34;22m      0.00[0m[34;22m      0.00[0m[34;1m     54.71[0m
10:05:08   [32;22m     all[0m[34;1m      9.94[0m[34;22m      0.00[0m[34;1m     31.58[0m[34;22m      0.00[0m[34;22m      0.00[0m[34;1m     58.48[0m
10:05:09   [32;22m     all[0m[34;1m     11.90[0m[34;22m      0.00[0m[34;1m     32.74[0m[34;22m      0.00[0m[34;22m      0.00[0m[34;1m     55.36[0m
10:05:10   [32;22m     all[0m[34;1m     13.87[0m[34;22m      0.00[0m[34;1m     35.84[0m[34;22m      0.00[0m[34;22m      0.00[0m[34;1m     50.29[0m
10:05:11   [32;22m     all[0m[34;1m     13.17[0m[34;22m      0.00[0m[34;1m     36.53[0m[34;22m      0.00[0m[34;22m      0.00[0m[34;1m     50.30[0m
10:05:12   [32;22m     all[0m[34;1m      8.72[0m[34;22m      0.00[0m[34;1m     29.07[0m[34;22m      0.00[0m[34;22m      0.00[0m[34;1m     62.21[0m
10:05:13   [32;22m     all[0m[34;1m     11.05[0m[34;22m      0.00[0m[34;1m     32.56[0m[34;22m      0.00[0m[34;22m      0.00[0m[34;1m     56.40[0m
10:05:14   [32;22m     all[0m[34;1m     11.70[0m[34;22m      0.00[0m[34;1m     32.16[0m[34;22m      0.00[0m[34;22m      0.00[0m[34;1m     56.14[0m
10:05:15   [32;22m     all[0m[34;1m     11.70[0m[34;22m      0.00[0m[34;1m     34.50[0m[34;22m      0.00[0m[34;22m      0.00[0m[34;1m     53.80[0m
10:05:16   [32;22m     all[0m[34;1m     10.34[0m[34;22m      0.00[0m[34;1m     31.61[0m[34;22m      0.00[0m[34;22m      0.00[0m[34;1m     58.05[0m
10:05:17   [32;22m     all[0m[34;1m     19.41[0m[34;22m      0.00[0m[34;1m     37.65[0m[34;22m      0.00[0m[34;22m      0.00[0m[34;1m     42.94[0m
10:05:18   [32;22m     all[0m[34;1m     15.70[0m[34;22m      0.00[0m[34;1m     36.63[0m[34;22m      0.00[0m[34;22m      0.00[0m[34;1m     47.67[0m
10:05:19   [32;22m     all[0m[34;1m     11.56[0m[34;22m      0.00[0m[34;1m     30.06[0m[34;22m      0.00[0m[34;22m      0.00[0m[34;1m     58.38[0m
10:05:20   [32;22m     all[0m[34;1m     14.45[0m[34;22m      0.00[0m[34;1m     37.57[0m[34;22m      0.00[0m[34;22m      0.00[0m[34;1m     47.98[0m
10:05:21   [32;22m     all[0m[34;1m     12.87[0m[34;22m      0.00[0m[34;1m     32.75[0m[34;22m      0.00[0m[34;22m      0.00[0m[34;1m     54.39[0m
10:05:22   [32;22m     all[0m[34;1m     11.05[0m[34;22m      0.00[0m[34;1m     30.81[0m[34;22m      0.00[0m[34;22m      0.00[0m[34;1m     58.14[0m
10:05:23   [32;22m     all[0m[34;1m     12.43[0m[34;22m      0.00[0m[34;1m     33.90[0m[34;22m      0.00[0m[34;22m      0.00[0m[34;1m     53.67[0m
10:05:24   [32;22m     all[0m[34;1m     10.98[0m[34;22m      0.00[0m[34;1m     30.06[0m[34;22m      0.00[0m[34;22m      0.00[0m[34;1m     58.96[0m
10:05:25   [32;22m     all[0m[34;1m     12.28[0m[34;22m      0.00[0m[34;1m     35.67[0m[34;22m      0.00[0m[34;22m      0.00[0m[34;1m     52.05[0m
10:05:26   [32;22m     all[0m[34;1m      9.66[0m[34;22m      0.00[0m[34;1m     29.55[0m[34;22m      0.00[0m[34;22m      0.00[0m[34;1m     60.80[0m
10:05:27   [32;22m     all[0m[34;1m     17.24[0m[34;22m      0.00[0m[34;1m     35.06[0m[34;22m      0.00[0m[34;22m      0.00[0m[34;1m     47.70[0m
10:05:28   [32;22m     all[0m[34;1m     12.50[0m[34;22m      0.00[0m[34;1m     32.95[0m[34;22m      0.00[0m[34;22m      0.00[0m[34;1m     54.55[0m
10:05:29   [32;22m     all[0m[34;1m     12.87[0m[34;22m      0.00[0m[34;1m     33.33[0m[34;22m      0.00[0m[34;22m      0.00[0m[34;1m     53.80[0m
10:05:30   [32;22m     all[0m[34;1m     14.29[0m[34;22m      0.00[0m[34;1m     35.43[0m[34;22m      0.00[0m[34;22m      0.00[0m[34;1m     50.29[0m
10:05:31   [32;22m     all[0m[34;1m     13.56[0m[34;22m      0.00[0m[34;1m     31.64[0m[34;22m      0.00[0m[34;22m      0.00[0m[34;1m     54.80[0m
10:05:32   [32;22m     all[0m[34;1m     10.98[0m[34;22m      0.00[0m[34;1m     30.64[0m[34;22m      0.00[0m[34;22m      0.00[0m[34;1m     58.38[0m
10:05:33   [32;22m     all[0m[34;1m     12.14[0m[34;22m      0.00[0m[34;1m     32.95[0m[34;22m      0.00[0m[34;22m      0.00[0m[34;1m     54.91[0m
10:05:34   [32;22m     all[0m[34;1m     11.56[0m[34;22m      0.00[0m[34;1m     36.42[0m[34;22m      0.00[0m[34;22m      0.00[0m[34;1m     52.02[0m
10:05:35   [32;22m     all[0m[34;1m     11.30[0m[34;22m      0.00[0m[34;1m     31.07[0m[34;22m      0.00[0m[34;22m      0.00[0m[34;1m     57.63[0m
10:05:36   [32;22m     all[0m[34;1m     12.79[0m[34;22m      0.00[0m[34;1m     38.95[0m[34;22m      0.00[0m[34;22m      0.00[0m[34;1m     48.26[0m
10:05:37   [32;22m     all[0m[34;1m     15.34[0m[34;22m      0.00[0m[34;1m     36.93[0m[34;22m      0.00[0m[34;22m      0.00[0m[34;1m     47.73[0m
10:05:38   [32;22m     all[0m[34;1m     10.98[0m[34;22m      0.00[0m[34;1m     31.79[0m[34;22m      0.00[0m[34;22m      0.00[0m[34;1m     57.23[0m
10:05:39   [32;22m     all[0m[34;1m     10.11[0m[34;22m      0.00[0m[34;1m     29.78[0m[34;22m      0.00[0m[34;22m      0.00[0m[34;1m     60.11[0m
10:05:40   [32;22m     all[0m[34;1m     16.76[0m[34;22m      0.00[0m[34;1m     35.26[0m[34;22m      0.00[0m[34;22m      0.00[0m[34;1m     47.98[0m
10:05:41   [32;22m     all[0m[34;1m     11.70[0m[34;22m      0.00[0m[34;1m     32.16[0m[34;22m      0.00[0m[34;22m      0.00[0m[34;1m     56.14[0m
10:05:42   [32;22m     all[0m[34;1m      9.41[0m[34;22m      0.00[0m[34;1m     32.35[0m[34;22m      0.00[0m[34;22m      0.00[0m[34;1m     58.24[0m
10:05:43   [32;22m     all[0m[34;1m     12.94[0m[34;22m      0.00[0m[34;1m     34.71[0m[34;22m      0.00[0m[34;22m      0.00[0m[34;1m     52.35[0m
10:05:44   [32;22m     all[0m[34;1m      8.72[0m[34;22m      0.00[0m[34;1m     27.91[0m[34;22m      0.00[0m[34;22m      0.00[0m[34;1m     63.37[0m
10:05:45   [32;22m     all[0m[34;1m     12.35[0m[34;22m      0.00[0m[34;1m     32.35[0m[34;22m      0.00[0m[34;22m      0.00[0m[34;1m     55.29[0m
10:05:46   [32;22m     all[0m[34;1m      9.71[0m[34;22m      0.00[0m[34;1m     32.57[0m[34;22m      0.00[0m[34;22m      0.00[0m[34;1m     57.71[0m
10:05:47   [32;22m     all[0m[34;1m     14.37[0m[34;22m      0.00[0m[34;1m     38.51[0m[34;22m      0.00[0m[34;22m      0.00[0m[34;1m     47.13[0m
10:05:48   [32;22m     all[0m[34;1m      9.88[0m[34;22m      0.00[0m[34;1m     36.05[0m[34;22m      0.00[0m[34;22m      0.00[0m[34;1m     54.07[0m
10:05:49   [32;22m     all[0m[34;1m     14.04[0m[34;22m      0.00[0m[34;1m     36.52[0m[34;22m      0.00[0m[34;22m      0.00[0m[34;1m     49.44[0m
10:05:50   [32;22m     all[0m[34;1m     13.22[0m[34;22m      0.00[0m[34;1m     35.06[0m[34;22m      0.00[0m[34;22m      0.00[0m[34;1m     51.72[0m
10:05:51   [32;22m     all[0m[34;1m      9.30[0m[34;22m      0.00[0m[34;1m     35.47[0m[34;22m      0.00[0m[34;22m      0.00[0m[34;1m     55.23[0m
10:05:52   [32;22m     all[0m[34;1m     11.38[0m[34;22m      0.00[0m[34;1m     37.72[0m[34;22m      0.00[0m[34;22m      0.00[0m[34;1m     50.90[0m
10:05:53   [32;22m     all[0m[34;1m      9.77[0m[34;22m      0.00[0m[34;1m     31.03[0m[34;22m      0.00[0m[34;22m      0.00[0m[34;1m     59.20[0m
10:05:54   [32;22m     all[0m[34;1m     10.65[0m[34;22m      0.00[0m[34;1m     35.50[0m[34;22m      0.00[0m[34;22m      0.00[0m[34;1m     53.85[0m
10:05:55   [32;22m     all[0m[34;1m     10.06[0m[34;22m      0.00[0m[34;1m     29.59[0m[34;22m      0.00[0m[34;22m      0.00[0m[34;1m     60.36[0m
10:05:56   [32;22m     all[0m[34;1m      9.09[0m[34;22m      0.00[0m[34;1m     33.52[0m[34;22m      0.00[0m[34;22m      0.00[0m[34;1m     57.39[0m
10:05:57   [32;22m     all[0m[34;1m     17.14[0m[34;22m      0.00[0m[34;1m     41.71[0m[34;22m      0.00[0m[34;22m      0.00[0m[34;1m     41.14[0m
10:05:58   [32;22m     all[0m[34;1m     11.86[0m[34;22m      0.00[0m[34;1m     36.16[0m[34;22m      0.00[0m[34;22m      0.00[0m[34;1m     51.98[0m
10:05:59   [32;22m     all[0m[34;1m     13.22[0m[34;22m      0.00[0m[34;1m     35.63[0m[34;22m      0.00[0m[34;22m      0.00[0m[34;1m     51.15[0m
10:06:00   [32;22m     all[0m[34;1m     17.24[0m[34;22m      0.00[0m[34;1m     33.33[0m[34;22m      0.00[0m[34;22m      0.00[0m[34;1m     49.43[0m
10:06:01   [32;22m     all[0m[34;1m     11.24[0m[34;22m      0.00[0m[34;1m     34.32[0m[34;22m      0.00[0m[34;22m      0.00[0m[34;1m     54.44[0m
10:06:02   [32;22m     all[0m[34;1m     12.07[0m[34;22m      0.00[0m[34;1m     35.63[0m[34;22m      0.00[0m[34;22m      0.00[0m[34;1m     52.30[0m
10:06:03   [32;22m     all[0m[34;1m     11.18[0m[34;22m      0.00[0m[34;1m     33.53[0m[34;22m      0.00[0m[34;22m      0.00[0m[34;1m     55.29[0m
10:06:04   [32;22m     all[0m[34;1m     12.28[0m[34;22m      0.00[0m[34;1m     36.26[0m[34;22m      0.00[0m[34;22m      0.00[0m[34;1m     51.46[0m
10:06:05   [32;22m     all[0m[34;1m     11.76[0m[34;22m      0.00[0m[34;1m     32.35[0m[34;22m      0.00[0m[34;22m      0.00[0m[34;1m     55.88[0m
10:06:06   [32;22m     all[0m[34;1m     12.43[0m[34;22m      0.00[0m[34;1m     39.64[0m[34;22m      0.00[0m[34;22m      0.00[0m[34;1m     47.93[0m
10:06:07   [32;22m     all[0m[34;1m     13.37[0m[34;22m      0.00[0m[34;1m     31.98[0m[34;22m      0.00[0m[34;22m      0.00[0m[34;1m     54.65[0m
10:06:08   [32;22m     all[0m[34;1m     14.69[0m[34;22m      0.00[0m[34;1m     39.55[0m[34;22m      0.00[0m[34;22m      0.00[0m[34;1m     45.76[0m
10:06:09   [32;22m     all[0m[34;1m     11.93[0m[34;22m      0.00[0m[34;1m     39.20[0m[34;22m      0.00[0m[34;22m      0.00[0m[34;1m     48.86[0m
10:06:10   [32;22m     all[0m[34;1m     13.95[0m[34;22m      0.00[0m[34;1m     37.79[0m[34;22m      0.00[0m[34;22m      0.00[0m[34;1m     48.26[0m
10:06:11   [32;22m     all[0m[34;1m     11.43[0m[34;22m      0.00[0m[34;1m     37.14[0m[34;22m      0.00[0m[34;22m      0.00[0m[34;1m     51.43[0m
10:06:12   [32;22m     all[0m[34;1m     13.95[0m[34;22m      0.00[0m[34;1m     37.79[0m[34;22m      0.00[0m[34;22m      0.00[0m[34;1m     48.26[0m
10:06:13   [32;22m     all[0m[34;1m     12.35[0m[34;22m      0.00[0m[34;1m     34.12[0m[34;22m      0.00[0m[34;22m      0.00[0m[34;1m     53.53[0m
10:06:14   [32;22m     all[0m[34;1m     10.47[0m[34;22m      0.00[0m[34;1m     34.30[0m[34;22m      0.00[0m[34;22m      0.00[0m[34;1m     55.23[0m
10:06:15   [32;22m     all[0m[34;1m     10.00[0m[34;22m      0.00[0m[34;1m     32.94[0m[34;22m      0.00[0m[34;22m      0.00[0m[34;1m     57.06[0m
10:06:16   [32;22m     all[0m[34;1m     11.24[0m[34;22m      0.00[0m[34;1m     42.01[0m[34;22m      0.00[0m[34;22m      0.00[0m[34;1m     46.75[0m
10:06:17   [32;22m     all[0m[34;1m     10.12[0m[34;22m      0.00[0m[34;1m     35.71[0m[34;22m      0.00[0m[34;22m      0.00[0m[34;1m     54.17[0m
10:06:18   [32;22m     all[0m[34;1m     15.61[0m[34;22m      0.00[0m[34;1m     38.15[0m[34;22m      0.00[0m[34;22m      0.00[0m[34;1m     46.24[0m
10:06:19   [32;22m     all[0m[34;1m     10.65[0m[34;22m      0.00[0m[34;1m     35.50[0m[34;22m      0.00[0m[34;22m      0.00[0m[34;1m     53.85[0m
10:06:20   [32;22m     all[0m[34;1m     13.97[0m[34;22m      0.00[0m[34;1m     39.11[0m[34;22m      0.00[0m[34;22m      0.00[0m[34;1m     46.93[0m
10:06:21   [32;22m     all[0m[34;1m     10.73[0m[34;22m      0.00[0m[34;1m     34.46[0m[34;22m      0.00[0m[34;22m      0.00[0m[34;1m     54.80[0m
10:06:22   [32;22m     all[0m[34;1m      9.94[0m[34;22m      0.00[0m[34;1m     36.84[0m[34;22m      0.00[0m[34;22m      0.00[0m[34;1m     53.22[0m
10:06:23   [32;22m     all[0m[34;1m     12.07[0m[34;22m      0.00[0m[34;1m     29.89[0m[34;22m      0.00[0m[34;22m      0.00[0m[34;1m     58.05[0m
10:06:24   [32;22m     all[0m[34;1m     13.45[0m[34;22m      0.00[0m[34;1m     35.67[0m[34;22m      0.00[0m[34;22m      0.00[0m[34;1m     50.88[0m
10:06:25   [32;22m     all[0m[34;1m     10.12[0m[34;22m      0.00[0m[34;1m     32.14[0m[34;22m      0.00[0m[34;22m      0.00[0m[34;1m     57.74[0m
10:06:26   [32;22m     all[0m[34;1m     11.63[0m[34;22m      0.00[0m[34;1m     32.56[0m[34;22m      0.00[0m[34;22m      0.00[0m[34;1m     55.81[0m
10:06:27   [32;22m     all[0m[34;1m     13.25[0m[34;22m      0.00[0m[34;1m     32.53[0m[34;22m      0.00[0m[34;22m      0.00[0m[34;1m     54.22[0m
10:06:28   [32;22m     all[0m[34;1m     15.70[0m[34;22m      0.00[0m[34;1m     35.47[0m[34;22m      0.00[0m[34;22m      0.00[0m[34;1m     48.84[0m
10:06:29   [32;22m     all[0m[34;1m     14.29[0m[34;22m      0.00[0m[34;1m     39.29[0m[34;22m      0.00[0m[34;22m      0.00[0m[34;1m     46.43[0m
10:06:30   [32;22m     all[0m[34;1m     16.07[0m[34;22m      0.00[0m[34;1m     36.90[0m[34;22m      0.00[0m[34;22m      0.00[0m[34;1m     47.02[0m
10:06:31   [32;22m     all[0m[34;1m     11.43[0m[34;22m      0.00[0m[34;1m     33.71[0m[34;22m      0.00[0m[34;22m      0.00[0m[34;1m     54.86[0m
10:06:32   [32;22m     all[0m[34;1m     11.93[0m[34;22m      0.00[0m[34;1m     38.64[0m[34;22m      0.00[0m[34;22m      0.00[0m[34;1m     49.43[0m
10:06:33   [32;22m     all[0m[34;1m     12.28[0m[34;22m      0.00[0m[34;1m     40.35[0m[34;22m      0.00[0m[34;22m      0.00[0m[34;1m     47.37[0m
10:06:34   [32;22m     all[0m[34;1m     10.34[0m[34;22m      0.00[0m[34;1m     33.91[0m[34;22m      0.00[0m[34;22m      0.00[0m[34;1m     55.75[0m
10:06:35   [32;22m     all[0m[34;1m     11.56[0m[34;22m      0.00[0m[34;1m     38.15[0m[34;1m      0.58[0m[34;22m      0.00[0m[34;1m     49.71[0m
10:06:36   [32;22m     all[0m[34;1m      8.67[0m[34;22m      0.00[0m[34;1m     31.79[0m[34;22m      0.00[0m[34;22m      0.00[0m[34;1m     59.54[0m
10:06:37   [32;22m     all[0m[34;1m      9.83[0m[34;22m      0.00[0m[34;1m     31.79[0m[34;22m      0.00[0m[34;22m      0.00[0m[34;1m     58.38[0m
10:06:38   [32;22m     all[0m[34;1m     19.19[0m[34;22m      0.00[0m[34;1m     39.53[0m[34;22m      0.00[0m[34;22m      0.00[0m[34;1m     41.28[0m
10:06:39   [32;22m     all[0m[34;1m     13.37[0m[34;22m      0.00[0m[34;1m     40.70[0m[34;22m      0.00[0m[34;22m      0.00[0m[34;1m     45.93[0m
10:06:40   [32;22m     all[0m[34;1m     14.71[0m[34;22m      0.00[0m[34;1m     33.53[0m[34;22m      0.00[0m[34;22m      0.00[0m[34;1m     51.76[0m
10:06:41   [32;22m     all[0m[34;1m      8.72[0m[34;22m      0.00[0m[34;1m     27.33[0m[34;22m      0.00[0m[34;22m      0.00[0m[34;1m     63.95[0m
10:06:42   [32;22m     all[0m[34;1m     10.47[0m[34;22m      0.00[0m[34;1m     34.30[0m[34;22m      0.00[0m[34;22m      0.00[0m[34;1m     55.23[0m
10:06:43   [32;22m     all[0m[34;1m     11.49[0m[34;22m      0.00[0m[34;1m     29.31[0m[34;22m      0.00[0m[34;22m      0.00[0m[34;1m     59.20[0m
10:06:44   [32;22m     all[0m[34;1m      7.39[0m[34;22m      0.00[0m[34;1m     28.98[0m[34;22m      0.00[0m[34;22m      0.00[0m[34;1m     63.64[0m
10:06:45   [32;22m     all[0m[34;1m      9.88[0m[34;22m      0.00[0m[34;1m     32.56[0m[34;22m      0.00[0m[34;22m      0.00[0m[34;1m     57.56[0m
10:06:46   [32;22m     all[0m[34;1m     10.92[0m[34;22m      0.00[0m[34;1m     37.36[0m[34;22m      0.00[0m[34;22m      0.00[0m[34;1m     51.72[0m
10:06:47   [32;22m     all[0m[34;1m     10.23[0m[34;22m      0.00[0m[34;1m     30.68[0m[34;22m      0.00[0m[34;22m      0.00[0m[34;1m     59.09[0m
10:06:48   [32;22m     all[0m[34;1m     16.00[0m[34;22m      0.00[0m[34;1m     41.71[0m[34;22m      0.00[0m[34;22m      0.00[0m[34;1m     42.29[0m
10:06:49   [32;22m     all[0m[34;1m     11.49[0m[34;22m      0.00[0m[34;1m     33.33[0m[34;22m      0.00[0m[34;22m      0.00[0m[34;1m     55.17[0m
10:06:50   [32;22m     all[0m[34;1m     14.45[0m[34;22m      0.00[0m[34;1m     32.37[0m[34;22m      0.00[0m[34;22m      0.00[0m[34;1m     53.18[0m
10:06:51   [32;22m     all[0m[34;1m     12.72[0m[34;22m      0.00[0m[34;1m     36.42[0m[34;22m      0.00[0m[34;22m      0.00[0m[34;1m     50.87[0m
10:06:52   [32;22m     all[0m[34;1m      9.52[0m[34;22m      0.00[0m[34;1m     32.14[0m[34;22m      0.00[0m[34;22m      0.00[0m[34;1m     58.33[0m
10:06:53   [32;22m     all[0m[34;1m     14.29[0m[34;22m      0.00[0m[34;1m     35.71[0m[34;22m      0.00[0m[34;22m      0.00[0m[34;1m     50.00[0m
10:06:54   [32;22m     all[0m[34;1m     10.59[0m[34;22m      0.00[0m[34;1m     35.88[0m[34;22m      0.00[0m[34;22m      0.00[0m[34;1m     53.53[0m
10:06:55   [32;22m     all[0m[34;1m     12.35[0m[34;22m      0.00[0m[34;1m     31.76[0m[34;22m      0.00[0m[34;22m      0.00[0m[34;1m     55.88[0m
10:06:56   [32;22m     all[0m[34;1m      3.55[0m[34;22m      0.00[0m[34;1m     14.79[0m[34;22m      0.00[0m[34;22m      0.00[0m[34;1m     81.66[0m
