Linux 6.6.95 (ssp-study) 	04/21/26 	_x86_64_	(2 CPU)

10:01:55    kbmemfree   kbavail kbmemused  %memused kbbuffers  kbcached  kbcommit   %commit  kbactive   kbinact   kbdirty
10:01:56   [34;1m    224244[0m[34;1m   1219212[0m[34;1m    654244[0m[34;1m     21.55[0m[34;1m     33024[0m[34;1m   2051120[0m[34;1m   3324060[0m[31;1m    109.49[0m[34;1m    866540[0m[34;1m   1819704[0m[34;1m       200[0m
10:01:57   [34;1m    222984[0m[34;1m   1217972[0m[34;1m    655472[0m[34;1m     21.59[0m[34;1m     33036[0m[34;1m   2051140[0m[34;1m   3340576[0m[31;1m    110.03[0m[34;1m    866548[0m[34;1m   1820236[0m[34;1m       212[0m
10:01:58   [34;1m    221220[0m[34;1m   1216304[0m[34;1m    657128[0m[34;1m     21.64[0m[34;1m     33072[0m[34;1m   2051176[0m[34;1m   3341408[0m[31;1m    110.06[0m[34;1m    866596[0m[34;1m   1822788[0m[34;1m       244[0m
10:01:59   [34;1m    220464[0m[34;1m   1215564[0m[34;1m    657856[0m[34;1m     21.67[0m[34;1m     33108[0m[34;1m   2051156[0m[34;1m   3341664[0m[31;1m    110.07[0m[34;1m    866596[0m[34;1m   1823188[0m[34;1m       252[0m
10:02:00   [34;1m    215676[0m[34;1m   1210880[0m[34;1m    662532[0m[34;1m     21.82[0m[34;1m     33108[0m[34;1m   2051252[0m[34;1m   3341920[0m[31;1m    110.08[0m[34;1m    866628[0m[34;1m   1824512[0m[34;1m       300[0m
10:02:01   [34;1m    215676[0m[34;1m   1210892[0m[34;1m    662468[0m[34;1m     21.82[0m[34;1m     33120[0m[34;1m   2051248[0m[34;1m   3346016[0m[31;1m    110.21[0m[34;1m    866632[0m[34;1m   1824820[0m[34;1m       208[0m
10:02:02   [34;1m    213672[0m[34;1m   1208968[0m[34;1m    664356[0m[34;1m     21.88[0m[34;1m     33120[0m[34;1m   2051328[0m[34;1m   3346016[0m[31;1m    110.21[0m[34;1m    866644[0m[34;1m   1826780[0m[34;1m       252[0m
10:02:03   [34;1m    213168[0m[34;1m   1208480[0m[34;1m    664812[0m[34;1m     21.90[0m[34;1m     33120[0m[34;1m   2051332[0m[34;1m   3346016[0m[31;1m    110.21[0m[34;1m    866644[0m[34;1m   1827572[0m[34;1m       256[0m
10:02:04   [34;1m    212692[0m[34;1m   1208076[0m[34;1m    665116[0m[34;1m     21.91[0m[34;1m     33120[0m[34;1m   2051396[0m[34;1m   3346016[0m[31;1m    110.21[0m[34;1m    866644[0m[34;1m   1827928[0m[34;1m       320[0m
10:02:05   [34;1m    212692[0m[34;1m   1208096[0m[34;1m    665064[0m[34;1m     21.91[0m[34;1m     33120[0m[34;1m   2051412[0m[34;1m   3346016[0m[31;1m    110.21[0m[34;1m    866644[0m[34;1m   1829228[0m[34;1m       336[0m
10:02:06   [34;1m    212440[0m[34;1m   1207952[0m[34;1m    665160[0m[34;1m     21.91[0m[34;1m     33128[0m[34;1m   2051504[0m[34;1m   3350112[0m[31;1m    110.35[0m[34;1m    866648[0m[34;1m   1830384[0m[34;1m       420[0m
10:02:07   [34;1m    212188[0m[34;1m   1207720[0m[34;1m    665340[0m[34;1m     21.92[0m[34;1m     33140[0m[34;1m   2051512[0m[34;1m   3350112[0m[31;1m    110.35[0m[34;1m    866656[0m[34;1m   1830576[0m[34;1m       432[0m
10:02:08   [34;1m    211696[0m[34;1m   1207360[0m[34;1m    665640[0m[34;1m     21.92[0m[34;1m     33140[0m[34;1m   2051636[0m[34;1m   3354208[0m[31;1m    110.48[0m[34;1m    866668[0m[34;1m   1831180[0m[34;1m       540[0m
10:02:09   [34;1m    211696[0m[34;1m   1207392[0m[34;1m    665544[0m[34;1m     21.92[0m[34;1m     33140[0m[34;1m   2051652[0m[34;1m   3354208[0m[31;1m    110.48[0m[34;1m    866668[0m[34;1m   1831220[0m[34;1m       556[0m
10:02:10   [34;1m    209708[0m[34;1m   1205500[0m[34;1m    667416[0m[34;1m     21.98[0m[34;1m     33140[0m[34;1m   2051736[0m[34;1m   3354208[0m[31;1m    110.48[0m[34;1m    866668[0m[34;1m   1832848[0m[34;1m       640[0m
10:02:11   [34;1m    209204[0m[34;1m   1205040[0m[34;1m    667836[0m[34;1m     22.00[0m[34;1m     33140[0m[34;1m   2051784[0m[34;1m   3354464[0m[31;1m    110.49[0m[34;1m    866668[0m[34;1m   1833508[0m[34;1m       588[0m
10:02:12   [34;1m    207188[0m[34;1m   1203156[0m[34;1m    669648[0m[34;1m     22.06[0m[34;1m     33148[0m[34;1m   2051892[0m[34;1m   3354464[0m[31;1m    110.49[0m[34;1m    866668[0m[34;1m   1835604[0m[34;1m       648[0m
10:02:13   [34;1m    206180[0m[34;1m   1202188[0m[34;1m    670536[0m[34;1m     22.09[0m[34;1m     33184[0m[34;1m   2051900[0m[34;1m   3358560[0m[31;1m    110.62[0m[34;1m    866676[0m[34;1m   1836496[0m[34;1m       696[0m
10:02:14   [34;1m    205424[0m[34;1m   1201636[0m[34;1m    670924[0m[34;1m     22.10[0m[34;1m     33232[0m[34;1m   2052148[0m[34;1m   3358560[0m[31;1m    110.62[0m[34;1m    866724[0m[34;1m   1837244[0m[34;1m       844[0m
10:02:15   [34;1m    200888[0m[34;1m   1197308[0m[34;1m    675296[0m[34;1m     22.24[0m[34;1m     33232[0m[34;1m   2052268[0m[34;1m   3358560[0m[31;1m    110.62[0m[34;1m    866748[0m[34;1m   1837608[0m[34;1m       920[0m
10:02:16   [34;1m    200648[0m[34;1m   1197284[0m[34;1m    675268[0m[34;1m     22.24[0m[34;1m     33232[0m[34;1m   2052460[0m[34;1m   3366752[0m[31;1m    110.89[0m[34;1m    866760[0m[34;1m   1838328[0m[34;1m      1044[0m
10:02:17   [34;1m    200144[0m[34;1m   1196808[0m[34;1m    675684[0m[34;1m     22.26[0m[34;1m     33244[0m[34;1m   2052476[0m[34;1m   3367008[0m[31;1m    110.90[0m[34;1m    866760[0m[34;1m   1839988[0m[34;1m      1072[0m
10:02:18   [34;1m    199392[0m[34;1m   1196264[0m[34;1m    676188[0m[34;1m     22.27[0m[34;1m     33244[0m[34;1m   2052648[0m[34;1m   3367008[0m[31;1m    110.90[0m[34;1m    866772[0m[34;1m   1840768[0m[34;1m      1240[0m
10:02:19   [34;1m    199140[0m[34;1m   1196068[0m[34;1m    676356[0m[34;1m     22.28[0m[34;1m     33244[0m[34;1m   2052696[0m[34;1m   3367008[0m[31;1m    110.90[0m[34;1m    866772[0m[34;1m   1841244[0m[34;1m      1288[0m
10:02:20   [34;1m    197880[0m[34;1m   1194992[0m[34;1m    677364[0m[34;1m     22.31[0m[34;1m     33244[0m[34;1m   2052880[0m[34;1m   3367008[0m[31;1m    110.90[0m[34;1m    866776[0m[34;1m   1841632[0m[34;1m      1472[0m
10:02:21   [34;1m    197880[0m[34;1m   1195036[0m[34;1m    677264[0m[34;1m     22.31[0m[34;1m     33244[0m[34;1m   2052928[0m[34;1m   3367008[0m[31;1m    110.90[0m[34;1m    866772[0m[34;1m   1843140[0m[34;1m      1520[0m
10:02:22   [34;1m    196144[0m[34;1m   1193540[0m[34;1m    678728[0m[34;1m     22.36[0m[34;1m     33252[0m[34;1m   2053140[0m[34;1m   3371104[0m[31;1m    111.04[0m[34;1m    866772[0m[34;1m   1845552[0m[34;1m      1740[0m
10:02:23   [34;1m    195388[0m[34;1m   1192908[0m[34;1m    679396[0m[34;1m     22.38[0m[34;1m     33252[0m[34;1m   2053176[0m[34;1m   3371104[0m[31;1m    111.04[0m[34;1m    866780[0m[34;1m   1846104[0m[34;1m      1768[0m
10:02:24   [34;1m    195168[0m[34;1m   1192828[0m[34;1m    679316[0m[34;1m     22.38[0m[34;1m     33264[0m[34;1m   2053376[0m[34;1m   3371104[0m[31;1m    111.04[0m[34;1m    866780[0m[34;1m   1846444[0m[34;1m      1980[0m
10:02:25   [34;1m    193404[0m[34;1m   1191132[0m[34;1m    680964[0m[34;1m     22.43[0m[34;1m     33264[0m[34;1m   2053452[0m[34;1m   3371104[0m[31;1m    111.04[0m[34;1m    866792[0m[34;1m   1846568[0m[34;1m      2040[0m
10:02:26   [34;1m    192928[0m[34;1m   1190892[0m[34;1m    681104[0m[34;1m     22.43[0m[34;1m     33264[0m[34;1m   2053676[0m[34;1m   3371104[0m[31;1m    111.04[0m[34;1m    866792[0m[34;1m   1846908[0m[34;1m      2264[0m
10:02:27   [34;1m    192452[0m[34;1m   1190512[0m[34;1m    681392[0m[34;1m     22.44[0m[34;1m     33264[0m[34;1m   2053852[0m[34;1m   3371104[0m[31;1m    111.04[0m[34;1m    866792[0m[34;1m   1847364[0m[34;1m        12[0m
10:02:28   [34;1m    191948[0m[34;1m   1190220[0m[34;1m    681768[0m[34;1m     22.46[0m[34;1m     33300[0m[34;1m   2053928[0m[34;1m   3371168[0m[31;1m    111.04[0m[34;1m    866792[0m[34;1m   1847596[0m[34;1m       312[0m
10:02:29   [34;1m    191220[0m[34;1m   1189724[0m[34;1m    682208[0m[34;1m     22.47[0m[34;1m     33336[0m[34;1m   2054112[0m[34;1m   3371232[0m[31;1m    111.04[0m[34;1m    866828[0m[34;1m   1848116[0m[34;1m       428[0m
10:02:30   [34;1m    189708[0m[34;1m   1188428[0m[34;1m    683500[0m[34;1m     22.51[0m[34;1m     33348[0m[34;1m   2054316[0m[34;1m   3371296[0m[31;1m    111.04[0m[34;1m    866876[0m[34;1m   1848300[0m[34;1m       588[0m
10:02:31   [34;1m    189484[0m[34;1m   1188312[0m[34;1m    683620[0m[34;1m     22.52[0m[34;1m     33348[0m[34;1m   2054416[0m[34;1m   3371296[0m[31;1m    111.04[0m[34;1m    866876[0m[34;1m   1848644[0m[34;1m       684[0m
10:02:32   [34;1m    189480[0m[34;1m   1188448[0m[34;1m    683504[0m[34;1m     22.51[0m[34;1m     33348[0m[34;1m   2054544[0m[34;1m   3371296[0m[31;1m    111.04[0m[34;1m    866876[0m[34;1m   1848804[0m[34;1m       812[0m
10:02:33   [34;1m    189480[0m[34;1m   1188592[0m[34;1m    683352[0m[34;1m     22.51[0m[34;1m     33348[0m[34;1m   2054688[0m[34;1m   3371296[0m[31;1m    111.04[0m[34;1m    866876[0m[34;1m   1847340[0m[34;1m       960[0m
10:02:34   [34;1m    189480[0m[34;1m   1188708[0m[34;1m    683212[0m[34;1m     22.50[0m[34;1m     33348[0m[34;1m   2054828[0m[34;1m   3371296[0m[31;1m    111.04[0m[34;1m    866876[0m[34;1m   1847484[0m[34;1m      1100[0m
10:02:35   [34;1m    189228[0m[34;1m   1188568[0m[34;1m    683360[0m[34;1m     22.51[0m[34;1m     33356[0m[34;1m   2054916[0m[34;1m   3371296[0m[31;1m    111.04[0m[34;1m    866876[0m[34;1m   1848216[0m[34;1m      1184[0m
10:02:36   [34;1m    189004[0m[34;1m   1188568[0m[34;1m    683364[0m[34;1m     22.51[0m[34;1m     33368[0m[34;1m   2055128[0m[34;1m   3371296[0m[31;1m    111.04[0m[34;1m    866884[0m[34;1m   1848376[0m[34;1m      1396[0m
10:02:37   [34;1m    187996[0m[34;1m   1187628[0m[34;1m    684280[0m[34;1m     22.54[0m[34;1m     33368[0m[34;1m   2055212[0m[34;1m   3371296[0m[31;1m    111.04[0m[34;1m    866896[0m[34;1m   1849840[0m[34;1m      1476[0m
10:02:38   [34;1m    187520[0m[34;1m   1187392[0m[34;1m    684532[0m[34;1m     22.55[0m[34;1m     33368[0m[34;1m   2055436[0m[34;1m   3371296[0m[31;1m    111.04[0m[34;1m    866896[0m[34;1m   1850512[0m[34;1m      1700[0m
10:02:39   [34;1m    187268[0m[34;1m   1187252[0m[34;1m    684672[0m[34;1m     22.55[0m[34;1m     33368[0m[34;1m   2055560[0m[34;1m   3371296[0m[31;1m    111.04[0m[34;1m    866896[0m[34;1m   1850932[0m[34;1m      1824[0m
10:02:40   [34;1m    185812[0m[34;1m   1185924[0m[34;1m    685972[0m[34;1m     22.59[0m[34;1m     33380[0m[34;1m   2055708[0m[34;1m   3371296[0m[31;1m    111.04[0m[34;1m    866896[0m[34;1m   1851252[0m[34;1m      1984[0m
10:02:41   [34;1m    185560[0m[34;1m   1185868[0m[34;1m    686012[0m[34;1m     22.60[0m[34;1m     33380[0m[34;1m   2055864[0m[34;1m   3371296[0m[31;1m    111.04[0m[34;1m    866908[0m[34;1m   1851432[0m[34;1m      2120[0m
10:02:42   [34;1m    185336[0m[34;1m   1185748[0m[34;1m    686152[0m[34;1m     22.60[0m[34;1m     33380[0m[34;1m   2055984[0m[34;1m   3371296[0m[31;1m    111.04[0m[34;1m    866908[0m[34;1m   1851584[0m[34;1m      2236[0m
10:02:43   [34;1m    185084[0m[34;1m   1185688[0m[34;1m    686228[0m[34;1m     22.60[0m[34;1m     33404[0m[34;1m   2056132[0m[34;1m   3371296[0m[31;1m    111.04[0m[34;1m    866932[0m[34;1m   1851836[0m[34;1m      2376[0m
10:02:44   [34;1m    184356[0m[34;1m   1185072[0m[34;1m    686764[0m[34;1m     22.62[0m[34;1m     33452[0m[34;1m   2056276[0m[34;1m   3371296[0m[31;1m    111.04[0m[34;1m    866944[0m[34;1m   1852408[0m[34;1m      2448[0m
10:02:45   [34;1m    183348[0m[34;1m   1184312[0m[34;1m    687596[0m[34;1m     22.65[0m[34;1m     33452[0m[34;1m   2056436[0m[34;1m   3371296[0m[31;1m    111.04[0m[34;1m    866980[0m[34;1m   1853068[0m[34;1m      2660[0m
10:02:46   [34;1m    183124[0m[34;1m   1184140[0m[34;1m    687744[0m[34;1m     22.65[0m[34;1m     33452[0m[34;1m   2056508[0m[34;1m   3371296[0m[31;1m    111.04[0m[34;1m    866980[0m[34;1m   1853040[0m[34;1m      2732[0m
10:02:47   [34;1m    183124[0m[34;1m   1184364[0m[34;1m    687480[0m[34;1m     22.64[0m[34;1m     33452[0m[34;1m   2056752[0m[34;1m   3371296[0m[31;1m    111.04[0m[34;1m    866980[0m[34;1m   1853308[0m[34;1m      2976[0m
10:02:48   [34;1m    183124[0m[34;1m   1184388[0m[34;1m    687484[0m[34;1m     22.64[0m[34;1m     33464[0m[34;1m   2056760[0m[34;1m   3371296[0m[31;1m    111.04[0m[34;1m    866980[0m[34;1m   1853268[0m[34;1m      2996[0m
10:02:49   [34;1m    182900[0m[34;1m   1184428[0m[34;1m    687440[0m[34;1m     22.64[0m[34;1m     33464[0m[34;1m   2057004[0m[34;1m   3371296[0m[31;1m    111.04[0m[34;1m    866992[0m[34;1m   1853816[0m[34;1m      3224[0m
10:02:50   [34;1m    182396[0m[34;1m   1184012[0m[34;1m    687884[0m[34;1m     22.66[0m[34;1m     33464[0m[34;1m   2057068[0m[34;1m   3371296[0m[31;1m    111.04[0m[34;1m    866992[0m[34;1m   1853736[0m[34;1m      3388[0m
10:02:51   [34;1m    182396[0m[34;1m   1184200[0m[34;1m    687684[0m[34;1m     22.65[0m[34;1m     33464[0m[34;1m   2057260[0m[34;1m   3371296[0m[31;1m    111.04[0m[34;1m    866992[0m[34;1m   1853904[0m[34;1m      3480[0m
10:02:52   [34;1m    182396[0m[34;1m   1184396[0m[34;1m    687508[0m[34;1m     22.65[0m[34;1m     33476[0m[34;1m   2057424[0m[34;1m   3371296[0m[31;1m    111.04[0m[34;1m    866992[0m[34;1m   1854220[0m[34;1m      3656[0m
10:02:53   [34;1m    182396[0m[34;1m   1184488[0m[34;1m    687416[0m[34;1m     22.64[0m[34;1m     33476[0m[34;1m   2057512[0m[34;1m   3371296[0m[31;1m    111.04[0m[34;1m    867004[0m[34;1m   1853308[0m[34;1m      3728[0m
10:02:54   [34;1m    182396[0m[34;1m   1184552[0m[34;1m    687336[0m[34;1m     22.64[0m[34;1m     33476[0m[34;1m   2057592[0m[34;1m   3371296[0m[31;1m    111.04[0m[34;1m    867004[0m[34;1m   1853048[0m[34;1m      3808[0m
10:02:55   [34;1m    182144[0m[34;1m   1184568[0m[34;1m    687288[0m[34;1m     22.64[0m[34;1m     33476[0m[34;1m   2057860[0m[34;1m   3375392[0m[31;1m    111.18[0m[34;1m    867000[0m[34;1m   1853460[0m[34;1m      4076[0m
10:02:56   [34;1m    181920[0m[34;1m   1184376[0m[34;1m    687496[0m[34;1m     22.64[0m[34;1m     33476[0m[34;1m   2057876[0m[34;1m   3375392[0m[31;1m    111.18[0m[34;1m    867004[0m[34;1m   1853552[0m[34;1m      4092[0m
10:02:57   [34;1m    181920[0m[34;1m   1184484[0m[34;1m    687380[0m[34;1m     22.64[0m[34;1m     33484[0m[34;1m   2058000[0m[34;1m   3375392[0m[31;1m    111.18[0m[34;1m    867004[0m[34;1m   1854704[0m[34;1m       124[0m
10:02:58   [34;1m    181920[0m[34;1m   1184768[0m[34;1m    687112[0m[34;1m     22.63[0m[34;1m     33520[0m[34;1m   2058216[0m[34;1m   3375392[0m[31;1m    111.18[0m[34;1m    867048[0m[34;1m   1855060[0m[34;1m       192[0m
10:02:59   [34;1m    181444[0m[34;1m   1184404[0m[34;1m    687412[0m[34;1m     22.64[0m[34;1m     33568[0m[34;1m   2058360[0m[34;1m   3375392[0m[31;1m    111.18[0m[34;1m    867060[0m[34;1m   1855504[0m[34;1m       264[0m
10:03:00   [34;1m    178920[0m[34;1m   1182100[0m[34;1m    689768[0m[34;1m     22.72[0m[34;1m     33568[0m[34;1m   2058500[0m[34;1m   3379488[0m[31;1m    111.31[0m[34;1m    867100[0m[34;1m   1855092[0m[34;1m       448[0m
10:03:01   [34;1m    178696[0m[34;1m   1181952[0m[34;1m    689912[0m[34;1m     22.72[0m[34;1m     33568[0m[34;1m   2058576[0m[34;1m   3379488[0m[31;1m    111.31[0m[34;1m    867096[0m[34;1m   1855148[0m[34;1m       524[0m
10:03:02   [34;1m    178696[0m[34;1m   1182132[0m[34;1m    689760[0m[34;1m     22.72[0m[34;1m     33568[0m[34;1m   2058724[0m[34;1m   3379488[0m[31;1m    111.31[0m[34;1m    867096[0m[34;1m   1855316[0m[34;1m       588[0m
10:03:03   [34;1m    178696[0m[34;1m   1182236[0m[34;1m    689540[0m[34;1m     22.71[0m[34;1m     33568[0m[34;1m   2058936[0m[34;1m   3379488[0m[31;1m    111.31[0m[34;1m    867096[0m[34;1m   1855604[0m[34;1m       800[0m
10:03:04   [34;1m    178696[0m[34;1m   1182400[0m[34;1m    689404[0m[34;1m     22.71[0m[34;1m     33580[0m[34;1m   2059044[0m[34;1m   3379744[0m[31;1m    111.32[0m[34;1m    867108[0m[34;1m   1855640[0m[34;1m       956[0m
10:03:05   [34;1m    178696[0m[34;1m   1182544[0m[34;1m    689316[0m[34;1m     22.70[0m[34;1m     33580[0m[34;1m   2059124[0m[34;1m   3379744[0m[31;1m    111.32[0m[34;1m    867108[0m[34;1m   1855952[0m[34;1m      1032[0m
10:03:06   [34;1m    178696[0m[34;1m   1182712[0m[34;1m    689124[0m[34;1m     22.70[0m[34;1m     33580[0m[34;1m   2059316[0m[34;1m   3379744[0m[31;1m    111.32[0m[34;1m    867108[0m[34;1m   1856132[0m[34;1m      1220[0m
10:03:07   [34;1m    178472[0m[34;1m   1182580[0m[34;1m    689256[0m[34;1m     22.70[0m[34;1m     33580[0m[34;1m   2059404[0m[34;1m   3379744[0m[31;1m    111.32[0m[34;1m    867108[0m[34;1m   1856256[0m[34;1m      1308[0m
10:03:08   [34;1m    178472[0m[34;1m   1182860[0m[34;1m    688968[0m[34;1m     22.69[0m[34;1m     33592[0m[34;1m   2059660[0m[34;1m   3379744[0m[31;1m    111.32[0m[34;1m    867120[0m[34;1m   1856084[0m[34;1m      1560[0m
10:03:09   [34;1m    178248[0m[34;1m   1182668[0m[34;1m    689164[0m[34;1m     22.70[0m[34;1m     33592[0m[34;1m   2059684[0m[34;1m   3379744[0m[31;1m    111.32[0m[34;1m    867120[0m[34;1m   1856324[0m[34;1m      1584[0m
10:03:10   [34;1m    178248[0m[34;1m   1182904[0m[34;1m    688916[0m[34;1m     22.69[0m[34;1m     33592[0m[34;1m   2059908[0m[34;1m   3379744[0m[31;1m    111.32[0m[34;1m    867120[0m[34;1m   1856908[0m[34;1m      1808[0m
10:03:11   [34;1m    178020[0m[34;1m   1182836[0m[34;1m    689092[0m[34;1m     22.70[0m[34;1m     33592[0m[34;1m   2059980[0m[34;1m   3379744[0m[31;1m    111.32[0m[34;1m    867120[0m[34;1m   1856972[0m[34;1m      1880[0m
10:03:12   [34;1m    177768[0m[34;1m   1182704[0m[34;1m    689120[0m[34;1m     22.70[0m[34;1m     33592[0m[34;1m   2060200[0m[34;1m   3379744[0m[31;1m    111.32[0m[34;1m    867120[0m[34;1m   1857160[0m[34;1m      2100[0m
10:03:13   [34;1m    177768[0m[34;1m   1182756[0m[34;1m    688968[0m[34;1m     22.69[0m[34;1m     33616[0m[34;1m   2060320[0m[34;1m   3379744[0m[31;1m    111.32[0m[34;1m    867120[0m[34;1m   1857292[0m[34;1m      2144[0m
10:03:14   [34;1m    177044[0m[34;1m   1182356[0m[34;1m    689432[0m[34;1m     22.71[0m[34;1m     33676[0m[34;1m   2060472[0m[34;1m   3379744[0m[31;1m    111.32[0m[34;1m    867204[0m[34;1m   1857596[0m[34;1m      2340[0m
10:03:15   [34;1m    173292[0m[34;1m   1178700[0m[34;1m    693088[0m[34;1m     22.83[0m[34;1m     33688[0m[34;1m   2060560[0m[34;1m   3379744[0m[31;1m    111.32[0m[34;1m    867204[0m[34;1m   1857972[0m[34;1m      2436[0m
10:03:16   [34;1m    173292[0m[34;1m   1179000[0m[34;1m    692824[0m[34;1m     22.82[0m[34;1m     33688[0m[34;1m   2060840[0m[34;1m   3379744[0m[31;1m    111.32[0m[34;1m    867216[0m[34;1m   1858176[0m[34;1m      2696[0m
10:03:17   [34;1m    173068[0m[34;1m   1178776[0m[34;1m    693024[0m[34;1m     22.83[0m[34;1m     33688[0m[34;1m   2060864[0m[34;1m   3379744[0m[31;1m    111.32[0m[34;1m    867216[0m[34;1m   1858580[0m[34;1m      2720[0m
10:03:18   [34;1m    173068[0m[34;1m   1179012[0m[34;1m    692804[0m[34;1m     22.82[0m[34;1m     33700[0m[34;1m   2061076[0m[34;1m   3379744[0m[31;1m    111.32[0m[34;1m    867216[0m[34;1m   1859192[0m[34;1m      2928[0m
10:03:19   [34;1m    172844[0m[34;1m   1178836[0m[34;1m    692956[0m[34;1m     22.82[0m[34;1m     33700[0m[34;1m   2061140[0m[34;1m   3379744[0m[31;1m    111.32[0m[34;1m    867216[0m[34;1m   1859280[0m[34;1m      2992[0m
10:03:20   [34;1m    171836[0m[34;1m   1178064[0m[34;1m    693768[0m[34;1m     22.85[0m[34;1m     33700[0m[34;1m   2061340[0m[34;1m   3380000[0m[31;1m    111.33[0m[34;1m    867232[0m[34;1m   1859620[0m[34;1m      3192[0m
10:03:21   [34;1m    171836[0m[34;1m   1178228[0m[34;1m    693584[0m[34;1m     22.85[0m[34;1m     33700[0m[34;1m   2061520[0m[34;1m   3380000[0m[31;1m    111.33[0m[34;1m    867228[0m[34;1m   1859716[0m[34;1m      3368[0m
10:03:22   [34;1m    171360[0m[34;1m   1177916[0m[34;1m    693904[0m[34;1m     22.86[0m[34;1m     33700[0m[34;1m   2061668[0m[34;1m   3380000[0m[31;1m    111.33[0m[34;1m    867228[0m[34;1m   1859812[0m[34;1m      3520[0m
10:03:23   [34;1m    171360[0m[34;1m   1178072[0m[34;1m    693748[0m[34;1m     22.85[0m[34;1m     33708[0m[34;1m   2061820[0m[34;1m   3380000[0m[31;1m    111.33[0m[34;1m    867228[0m[34;1m   1859836[0m[34;1m      3668[0m
10:03:24   [34;1m    171360[0m[34;1m   1178072[0m[34;1m    693724[0m[34;1m     22.85[0m[34;1m     33708[0m[34;1m   2061844[0m[34;1m   3380000[0m[31;1m    111.33[0m[34;1m    867228[0m[34;1m   1859804[0m[34;1m      3692[0m
10:03:25   [34;1m    169876[0m[34;1m   1176828[0m[34;1m    694980[0m[34;1m     22.89[0m[34;1m     33708[0m[34;1m   2062064[0m[34;1m   3420380[0m[31;1m    112.66[0m[34;1m    867236[0m[34;1m   1860356[0m[34;1m      3912[0m
10:03:26   [34;1m    169148[0m[34;1m   1176240[0m[34;1m    695560[0m[34;1m     22.91[0m[34;1m     33720[0m[34;1m   2062188[0m[34;1m   3380000[0m[31;1m    111.33[0m[34;1m    867236[0m[34;1m   1860240[0m[34;1m      4048[0m
10:03:27   [34;1m    168896[0m[34;1m   1176152[0m[34;1m    695624[0m[34;1m     22.91[0m[34;1m     33720[0m[34;1m   2062364[0m[34;1m   3388192[0m[31;1m    111.60[0m[34;1m    867248[0m[34;1m   1860456[0m[34;1m      4208[0m
10:03:28   [34;1m    168896[0m[34;1m   1176272[0m[34;1m    695488[0m[34;1m     22.91[0m[34;1m     33744[0m[34;1m   2062468[0m[34;1m   3388192[0m[31;1m    111.60[0m[34;1m    867248[0m[34;1m   1860616[0m[34;1m       136[0m
10:03:29   [34;1m    168420[0m[34;1m   1176020[0m[34;1m    695796[0m[34;1m     22.92[0m[34;1m     33792[0m[34;1m   2062604[0m[34;1m   3388192[0m[31;1m    111.60[0m[34;1m    867320[0m[34;1m   1860864[0m[34;1m       208[0m
10:03:30   [34;1m    168420[0m[34;1m   1176092[0m[34;1m    695720[0m[34;1m     22.92[0m[34;1m     33804[0m[34;1m   2062664[0m[34;1m   3388192[0m[31;1m    111.60[0m[34;1m    867320[0m[34;1m   1860472[0m[34;1m       280[0m
10:03:31   [34;1m    167916[0m[34;1m   1175868[0m[34;1m    695992[0m[34;1m     22.92[0m[34;1m     33804[0m[34;1m   2062892[0m[34;1m   3388192[0m[31;1m    111.60[0m[34;1m    867332[0m[34;1m   1860724[0m[34;1m       488[0m
10:03:32   [34;1m    167692[0m[34;1m   1175760[0m[34;1m    696112[0m[34;1m     22.93[0m[34;1m     33804[0m[34;1m   2062992[0m[34;1m   3388192[0m[31;1m    111.60[0m[34;1m    867332[0m[34;1m   1859940[0m[34;1m       588[0m
10:03:33   [34;1m    167692[0m[34;1m   1175896[0m[34;1m    695876[0m[34;1m     22.92[0m[34;1m     33804[0m[34;1m   2063208[0m[34;1m   3388192[0m[31;1m    111.60[0m[34;1m    867340[0m[34;1m   1859996[0m[34;1m       792[0m
10:03:34   [34;1m    167692[0m[34;1m   1175936[0m[34;1m    695812[0m[34;1m     22.92[0m[34;1m     33804[0m[34;1m   2063268[0m[34;1m   3388192[0m[31;1m    111.60[0m[34;1m    867340[0m[34;1m   1860056[0m[34;1m       852[0m
10:03:35   [34;1m    167692[0m[34;1m   1176236[0m[34;1m    695600[0m[34;1m     22.91[0m[34;1m     33812[0m[34;1m   2063472[0m[34;1m   3388192[0m[31;1m    111.60[0m[34;1m    867340[0m[34;1m   1860904[0m[34;1m      1060[0m
10:03:36   [34;1m    167468[0m[34;1m   1176120[0m[34;1m    695640[0m[34;1m     22.91[0m[34;1m     33812[0m[34;1m   2063648[0m[34;1m   3388192[0m[31;1m    111.60[0m[34;1m    867348[0m[34;1m   1861028[0m[34;1m      1236[0m
10:03:37   [34;1m    167468[0m[34;1m   1176212[0m[34;1m    695596[0m[34;1m     22.91[0m[34;1m     33812[0m[34;1m   2063712[0m[34;1m   3388192[0m[31;1m    111.60[0m[34;1m    867348[0m[34;1m   1861152[0m[34;1m      1300[0m
10:03:38   [34;1m    167468[0m[34;1m   1176388[0m[34;1m    695408[0m[34;1m     22.91[0m[34;1m     33812[0m[34;1m   2063900[0m[34;1m   3388192[0m[31;1m    111.60[0m[34;1m    867348[0m[34;1m   1861408[0m[34;1m      1420[0m
10:03:39   [34;1m    167468[0m[34;1m   1176552[0m[34;1m    695212[0m[34;1m     22.90[0m[34;1m     33824[0m[34;1m   2064052[0m[34;1m   3388192[0m[31;1m    111.60[0m[34;1m    867360[0m[34;1m   1861636[0m[34;1m      1604[0m
10:03:40   [34;1m    167244[0m[34;1m   1176508[0m[34;1m    695248[0m[34;1m     22.90[0m[34;1m     33824[0m[34;1m   2064228[0m[34;1m   3388192[0m[31;1m    111.60[0m[34;1m    867360[0m[34;1m   1862868[0m[34;1m      1780[0m
10:03:41   [34;1m    166516[0m[34;1m   1175848[0m[34;1m    695804[0m[34;1m     22.92[0m[34;1m     33824[0m[34;1m   2064392[0m[34;1m   3388192[0m[31;1m    111.60[0m[34;1m    867360[0m[34;1m   1863000[0m[34;1m      1944[0m
10:03:42   [34;1m    166264[0m[34;1m   1175812[0m[34;1m    695928[0m[34;1m     22.92[0m[34;1m     33824[0m[34;1m   2064536[0m[34;1m   3388192[0m[31;1m    111.60[0m[34;1m    867360[0m[34;1m   1863256[0m[34;1m      2076[0m
10:03:43   [34;1m    166264[0m[34;1m   1175884[0m[34;1m    695860[0m[34;1m     22.92[0m[34;1m     33848[0m[34;1m   2064580[0m[34;1m   3396516[0m[31;1m    111.88[0m[34;1m    867360[0m[34;1m   1863356[0m[34;1m      2132[0m
10:03:44   [34;1m    165344[0m[34;1m   1175348[0m[34;1m    696364[0m[34;1m     22.94[0m[34;1m     33908[0m[34;1m   2064856[0m[34;1m   3396516[0m[31;1m    111.88[0m[34;1m    867444[0m[34;1m   1863424[0m[34;1m      2388[0m
10:03:45   [34;1m    165344[0m[34;1m   1175372[0m[34;1m    696376[0m[34;1m     22.94[0m[34;1m     33908[0m[34;1m   2064912[0m[34;1m   3396516[0m[31;1m    111.88[0m[34;1m    867444[0m[34;1m   1863456[0m[34;1m      2436[0m
10:03:46   [34;1m    165120[0m[34;1m   1175344[0m[34;1m    696408[0m[34;1m     22.94[0m[34;1m     33908[0m[34;1m   2065104[0m[34;1m   3396516[0m[31;1m    111.88[0m[34;1m    867444[0m[34;1m   1863780[0m[34;1m      2628[0m
10:03:47   [34;1m    165120[0m[34;1m   1175412[0m[34;1m    696328[0m[34;1m     22.94[0m[34;1m     33908[0m[34;1m   2065176[0m[34;1m   3396516[0m[31;1m    111.88[0m[34;1m    867444[0m[34;1m   1863772[0m[34;1m      2700[0m
10:03:48   [34;1m    165120[0m[34;1m   1175628[0m[34;1m    696108[0m[34;1m     22.93[0m[34;1m     33908[0m[34;1m   2065388[0m[34;1m   3396516[0m[31;1m    111.88[0m[34;1m    867444[0m[34;1m   1860724[0m[34;1m      2912[0m
10:03:49   [34;1m    164896[0m[34;1m   1175448[0m[34;1m    696180[0m[34;1m     22.93[0m[34;1m     33920[0m[34;1m   2065528[0m[34;1m   3396516[0m[31;1m    111.88[0m[34;1m    867444[0m[34;1m   1861896[0m[34;1m      2964[0m
10:03:50   [34;1m    164672[0m[34;1m   1175476[0m[34;1m    696204[0m[34;1m     22.93[0m[34;1m     33920[0m[34;1m   2065676[0m[34;1m   3396516[0m[31;1m    111.88[0m[34;1m    867456[0m[34;1m   1862656[0m[34;1m      3200[0m
10:03:51   [34;1m    164448[0m[34;1m   1175344[0m[34;1m    696404[0m[34;1m     22.94[0m[34;1m     33920[0m[34;1m   2065728[0m[34;1m   3396516[0m[31;1m    111.88[0m[34;1m    867456[0m[34;1m   1862932[0m[34;1m      3248[0m
10:03:52   [34;1m    164224[0m[34;1m   1175264[0m[34;1m    696412[0m[34;1m     22.94[0m[34;1m     33920[0m[34;1m   2065932[0m[34;1m   3396516[0m[31;1m    111.88[0m[34;1m    867456[0m[34;1m   1863040[0m[34;1m      3452[0m
10:03:53   [34;1m    164224[0m[34;1m   1175384[0m[34;1m    696292[0m[34;1m     22.93[0m[34;1m     33920[0m[34;1m   2066020[0m[34;1m   3396516[0m[31;1m    111.88[0m[34;1m    867456[0m[34;1m   1862920[0m[34;1m      3540[0m
10:03:54   [34;1m    164224[0m[34;1m   1175592[0m[34;1m    696132[0m[34;1m     22.93[0m[34;1m     33928[0m[34;1m   2066200[0m[34;1m   3396516[0m[31;1m    111.88[0m[34;1m    867464[0m[34;1m   1863172[0m[34;1m      3720[0m
10:03:55   [34;1m    164224[0m[34;1m   1175736[0m[34;1m    695956[0m[34;1m     22.92[0m[34;1m     33940[0m[34;1m   2066356[0m[34;1m   3396516[0m[31;1m    111.88[0m[34;1m    867476[0m[34;1m   1863452[0m[34;1m      3876[0m
10:03:56   [34;1m    164000[0m[34;1m   1175588[0m[34;1m    696108[0m[34;1m     22.93[0m[34;1m     33940[0m[34;1m   2066424[0m[34;1m   3396516[0m[31;1m    111.88[0m[34;1m    867476[0m[34;1m   1863552[0m[34;1m      3940[0m
10:03:57   [34;1m    164000[0m[34;1m   1175852[0m[34;1m    695812[0m[34;1m     22.92[0m[34;1m     33940[0m[34;1m   2066668[0m[34;1m   3396516[0m[31;1m    111.88[0m[34;1m    867476[0m[34;1m   1863736[0m[34;1m      4184[0m
10:03:58   [34;1m    163776[0m[34;1m   1175656[0m[34;1m    695936[0m[34;1m     22.92[0m[34;1m     33964[0m[34;1m   2066768[0m[34;1m   3396516[0m[31;1m    111.88[0m[34;1m    867476[0m[34;1m   1864148[0m[34;1m      4208[0m
10:03:59   [34;1m    163772[0m[34;1m   1176024[0m[34;1m    695624[0m[34;1m     22.91[0m[34;1m     34024[0m[34;1m   2067012[0m[34;1m   3396516[0m[31;1m    111.88[0m[34;1m    867572[0m[34;1m   1864332[0m[34;1m       100[0m
10:04:00   [34;1m    162512[0m[34;1m   1174860[0m[34;1m    696820[0m[34;1m     22.95[0m[34;1m     34024[0m[34;1m   2067072[0m[34;1m   3396516[0m[31;1m    111.88[0m[34;1m    867584[0m[34;1m   1863844[0m[34;1m       168[0m
10:04:01   [34;1m    161032[0m[34;1m   1173612[0m[34;1m    698060[0m[34;1m     22.99[0m[34;1m     34024[0m[34;1m   2067296[0m[34;1m   3396516[0m[31;1m    111.88[0m[34;1m    867584[0m[34;1m   1864380[0m[34;1m       392[0m
10:04:02   [34;1m    160556[0m[34;1m   1173240[0m[34;1m    698436[0m[34;1m     23.01[0m[34;1m     34024[0m[34;1m   2067416[0m[34;1m   3396516[0m[31;1m    111.88[0m[34;1m    867584[0m[34;1m   1864144[0m[34;1m       512[0m
10:04:03   [34;1m    160304[0m[34;1m   1173084[0m[34;1m    698612[0m[34;1m     23.01[0m[34;1m     34024[0m[34;1m   2067488[0m[34;1m   3396516[0m[31;1m    111.88[0m[34;1m    867584[0m[34;1m   1864528[0m[34;1m       584[0m
10:04:04   [34;1m    160304[0m[34;1m   1173332[0m[34;1m    698316[0m[34;1m     23.00[0m[34;1m     34032[0m[34;1m   2067756[0m[34;1m   3396516[0m[31;1m    111.88[0m[34;1m    867584[0m[34;1m   1864668[0m[34;1m       868[0m
10:04:05   [34;1m    160080[0m[34;1m   1173232[0m[34;1m    698416[0m[34;1m     23.00[0m[34;1m     34044[0m[34;1m   2067868[0m[34;1m   3396516[0m[31;1m    111.88[0m[34;1m    867584[0m[34;1m   1864736[0m[34;1m       992[0m
10:04:06   [34;1m    159068[0m[34;1m   1172384[0m[34;1m    699260[0m[34;1m     23.03[0m[34;1m     34044[0m[34;1m   2068028[0m[34;1m   3400612[0m[31;1m    112.01[0m[34;1m    867604[0m[34;1m   1864008[0m[34;1m      1136[0m
10:04:07   [34;1m    158844[0m[34;1m   1172224[0m[34;1m    699380[0m[34;1m     23.04[0m[34;1m     34056[0m[34;1m   2068140[0m[34;1m   3400612[0m[31;1m    112.01[0m[34;1m    867604[0m[34;1m   1865340[0m[34;1m      1260[0m
10:04:08   [34;1m    158844[0m[34;1m   1172404[0m[34;1m    699304[0m[34;1m     23.03[0m[34;1m     34056[0m[34;1m   2068228[0m[34;1m   3400612[0m[31;1m    112.01[0m[34;1m    867616[0m[34;1m   1866132[0m[34;1m      1332[0m
10:04:09   [34;1m    158620[0m[34;1m   1172248[0m[34;1m    699436[0m[34;1m     23.04[0m[34;1m     34056[0m[34;1m   2068316[0m[34;1m   3400612[0m[31;1m    112.01[0m[34;1m    867616[0m[34;1m   1866212[0m[34;1m      1420[0m
10:04:10   [34;1m    158396[0m[34;1m   1172240[0m[34;1m    699436[0m[34;1m     23.04[0m[34;1m     34056[0m[34;1m   2068524[0m[34;1m   3400612[0m[31;1m    112.01[0m[34;1m    867616[0m[34;1m   1866508[0m[34;1m      1628[0m
10:04:11   [34;1m    158396[0m[34;1m   1172300[0m[34;1m    699368[0m[34;1m     23.04[0m[34;1m     34068[0m[34;1m   2068568[0m[34;1m   3400612[0m[31;1m    112.01[0m[34;1m    867616[0m[34;1m   1866868[0m[34;1m      1684[0m
10:04:12   [34;1m    158396[0m[34;1m   1172468[0m[34;1m    699144[0m[34;1m     23.03[0m[34;1m     34068[0m[34;1m   2068788[0m[34;1m   3400612[0m[31;1m    112.01[0m[34;1m    867628[0m[34;1m   1867056[0m[34;1m      1888[0m
10:04:13   [34;1m    158144[0m[34;1m   1172416[0m[34;1m    699228[0m[34;1m     23.03[0m[34;1m     34092[0m[34;1m   2068932[0m[34;1m   3400612[0m[31;1m    112.01[0m[34;1m    867628[0m[34;1m   1867576[0m[34;1m      2056[0m
10:04:14   [34;1m    157668[0m[34;1m   1172180[0m[34;1m    699496[0m[34;1m     23.04[0m[34;1m     34140[0m[34;1m   2069092[0m[34;1m   3400612[0m[31;1m    112.01[0m[34;1m    867688[0m[34;1m   1868120[0m[34;1m      2168[0m
10:04:15   [34;1m    157416[0m[34;1m   1172108[0m[34;1m    699660[0m[34;1m     23.05[0m[34;1m     34140[0m[34;1m   2069184[0m[34;1m   3480464[0m[31;1m    114.64[0m[34;1m    867688[0m[34;1m   1870656[0m[34;1m      2260[0m
10:04:16   [34;1m    157448[0m[34;1m   1172244[0m[34;1m    699428[0m[34;1m     23.04[0m[34;1m     34140[0m[34;1m   2069392[0m[34;1m   3400612[0m[31;1m    112.01[0m[34;1m    867700[0m[34;1m   1868416[0m[34;1m      2468[0m
10:04:17   [34;1m    156972[0m[34;1m   1171796[0m[34;1m    699828[0m[34;1m     23.05[0m[34;1m     34140[0m[34;1m   2069452[0m[34;1m   3400612[0m[31;1m    112.01[0m[34;1m    867700[0m[34;1m   1868452[0m[34;1m      2528[0m
10:04:18   [34;1m    156720[0m[34;1m   1171776[0m[34;1m    699888[0m[34;1m     23.05[0m[34;1m     34140[0m[34;1m   2069636[0m[34;1m   3400612[0m[31;1m    112.01[0m[34;1m    867700[0m[34;1m   1869348[0m[34;1m      2712[0m
10:04:19   [34;1m    156468[0m[34;1m   1171612[0m[34;1m    699928[0m[34;1m     23.05[0m[34;1m     34152[0m[34;1m   2069820[0m[34;1m   3400612[0m[31;1m    112.01[0m[34;1m    867700[0m[34;1m   1869404[0m[34;1m      2808[0m
10:04:20   [34;1m    156468[0m[34;1m   1171836[0m[34;1m    699820[0m[34;1m     23.05[0m[34;1m     34152[0m[34;1m   2069936[0m[34;1m   3400612[0m[31;1m    112.01[0m[34;1m    867712[0m[34;1m   1868860[0m[34;1m      3004[0m
10:04:21   [34;1m    154480[0m[34;1m   1169916[0m[34;1m    701748[0m[34;1m     23.11[0m[34;1m     34152[0m[34;1m   2069996[0m[34;1m   3400612[0m[31;1m    112.01[0m[34;1m    867712[0m[34;1m   1869172[0m[34;1m      3064[0m
10:04:22   [34;1m    154256[0m[34;1m   1169896[0m[34;1m    701760[0m[34;1m     23.11[0m[34;1m     34152[0m[34;1m   2070200[0m[34;1m   3400612[0m[31;1m    112.01[0m[34;1m    867712[0m[34;1m   1869432[0m[34;1m      3268[0m
10:04:23   [34;1m    154256[0m[34;1m   1169996[0m[34;1m    701580[0m[34;1m     23.11[0m[34;1m     34164[0m[34;1m   2070368[0m[34;1m   3400612[0m[31;1m    112.01[0m[34;1m    867712[0m[34;1m   1869552[0m[34;1m      3448[0m
10:04:24   [34;1m    154032[0m[34;1m   1170032[0m[34;1m    701696[0m[34;1m     23.11[0m[34;1m     34164[0m[34;1m   2070468[0m[34;1m   3400612[0m[31;1m    112.01[0m[34;1m    867724[0m[34;1m   1869840[0m[34;22m         0[0m
10:04:25   [34;1m    154032[0m[34;1m   1170144[0m[34;1m    701496[0m[34;1m     23.11[0m[34;1m     34164[0m[34;1m   2070660[0m[34;1m   3400612[0m[31;1m    112.01[0m[34;1m    867724[0m[34;1m   1869960[0m[34;1m       148[0m
10:04:26   [34;1m    153808[0m[34;1m   1170052[0m[34;1m    701580[0m[34;1m     23.11[0m[34;1m     34164[0m[34;1m   2070792[0m[34;1m   3400612[0m[31;1m    112.01[0m[34;1m    867724[0m[34;1m   1870196[0m[34;1m       280[0m
10:04:27   [34;1m    153808[0m[34;1m   1170116[0m[34;1m    701444[0m[34;1m     23.10[0m[34;1m     34164[0m[34;1m   2070928[0m[34;1m   3400612[0m[31;1m    112.01[0m[34;1m    867724[0m[34;1m   1867980[0m[34;1m       416[0m
10:04:28   [34;1m    153304[0m[34;1m   1169896[0m[34;1m    701788[0m[34;1m     23.12[0m[34;1m     34196[0m[34;1m   2071068[0m[34;1m   3400612[0m[31;1m    112.01[0m[34;1m    867756[0m[34;1m   1869076[0m[34;1m       624[0m
10:04:29   [34;1m    152828[0m[34;1m   1169468[0m[34;1m    702100[0m[34;1m     23.13[0m[34;1m     34244[0m[34;1m   2071180[0m[34;1m   3400612[0m[31;1m    112.01[0m[34;1m    867756[0m[34;1m   1869616[0m[34;1m       680[0m
10:04:30   [34;1m    152324[0m[34;1m   1169268[0m[34;1m    702412[0m[34;1m     23.14[0m[34;1m     34256[0m[34;1m   2071344[0m[34;1m   3400612[0m[31;1m    112.01[0m[34;1m    867816[0m[34;1m   1869544[0m[34;1m       852[0m
10:04:31   [34;1m    151568[0m[34;1m   1168684[0m[34;1m    703072[0m[34;1m     23.16[0m[34;1m     34256[0m[34;1m   2071440[0m[34;1m   3400612[0m[31;1m    112.01[0m[34;1m    867816[0m[34;1m   1870412[0m[34;1m       948[0m
10:04:32   [34;1m    151344[0m[34;1m   1168616[0m[34;1m    702980[0m[34;1m     23.15[0m[34;1m     34256[0m[34;1m   2071680[0m[34;1m   3400612[0m[31;1m    112.01[0m[34;1m    867816[0m[34;1m   1870556[0m[34;1m      1188[0m
10:04:33   [34;1m    151344[0m[34;1m   1168652[0m[34;1m    702932[0m[34;1m     23.15[0m[34;1m     34256[0m[34;1m   2071724[0m[34;1m   3400612[0m[31;1m    112.01[0m[34;1m    867816[0m[34;1m   1870768[0m[34;1m      1232[0m
10:04:34   [34;1m    151120[0m[34;1m   1168548[0m[34;1m    703036[0m[34;1m     23.16[0m[34;1m     34256[0m[34;1m   2071868[0m[34;1m   3400612[0m[31;1m    112.01[0m[34;1m    867816[0m[34;1m   1870792[0m[34;1m      1380[0m
10:04:35   [34;1m    151120[0m[34;1m   1168816[0m[34;1m    702792[0m[34;1m     23.15[0m[34;1m     34276[0m[34;1m   2072092[0m[34;1m   3400612[0m[31;1m    112.01[0m[34;1m    867836[0m[34;1m   1871232[0m[34;1m      1600[0m
10:04:36   [34;1m    150112[0m[34;1m   1167860[0m[34;1m    703656[0m[34;1m     23.18[0m[34;1m     34276[0m[34;1m   2072228[0m[34;1m   3400612[0m[31;1m    112.01[0m[34;1m    867836[0m[34;1m   1871324[0m[34;1m      1736[0m
10:04:37   [34;1m    149888[0m[34;1m   1167844[0m[34;1m    703728[0m[34;1m     23.18[0m[34;1m     34276[0m[34;1m   2072376[0m[34;1m   3400612[0m[31;1m    112.01[0m[34;1m    867836[0m[34;1m   1871652[0m[34;1m      1884[0m
10:04:38   [34;1m    149888[0m[34;1m   1168020[0m[34;1m    703600[0m[34;1m     23.18[0m[34;1m     34276[0m[34;1m   2072496[0m[34;1m   3400612[0m[31;1m    112.01[0m[34;1m    867836[0m[34;1m   1871896[0m[34;1m      2004[0m
10:04:39   [34;1m    149888[0m[34;1m   1168120[0m[34;1m    703428[0m[34;1m     23.17[0m[34;1m     34276[0m[34;1m   2072656[0m[34;1m   3400612[0m[31;1m    112.01[0m[34;1m    867836[0m[34;1m   1872016[0m[34;1m      2164[0m
10:04:40   [34;1m    149664[0m[34;1m   1168076[0m[34;1m    703532[0m[34;1m     23.17[0m[34;1m     34288[0m[34;1m   2072764[0m[34;1m   3400612[0m[31;1m    112.01[0m[34;1m    867848[0m[34;1m   1872204[0m[34;1m      2268[0m
10:04:41   [34;1m    149664[0m[34;1m   1168096[0m[34;1m    703380[0m[34;1m     23.17[0m[34;1m     34288[0m[34;1m   2072908[0m[34;1m   3400612[0m[31;1m    112.01[0m[34;1m    867848[0m[34;1m   1872396[0m[34;1m      2412[0m
10:04:42   [34;1m    149188[0m[34;1m   1167848[0m[34;1m    703740[0m[34;1m     23.18[0m[34;1m     34288[0m[34;1m   2073008[0m[34;1m   3400612[0m[31;1m    112.01[0m[34;1m    867848[0m[34;1m   1872868[0m[34;1m      2512[0m
10:04:43   [34;1m    149188[0m[34;1m   1167996[0m[34;1m    703564[0m[34;1m     23.17[0m[34;1m     34300[0m[34;1m   2073168[0m[34;1m   3400612[0m[31;1m    112.01[0m[34;1m    867848[0m[34;1m   1873188[0m[34;1m      2684[0m
10:04:44   [34;1m    148716[0m[34;1m   1167744[0m[34;1m    703820[0m[34;1m     23.18[0m[34;1m     34324[0m[34;1m   2073328[0m[34;1m   3400612[0m[31;1m    112.01[0m[34;1m    867884[0m[34;1m   1873368[0m[34;1m      2824[0m
10:04:45   [34;1m    148716[0m[34;1m   1167776[0m[34;1m    703804[0m[34;1m     23.18[0m[34;1m     34324[0m[34;1m   2073376[0m[34;1m   3400612[0m[31;1m    112.01[0m[34;1m    867884[0m[34;1m   1873516[0m[34;1m        68[0m
10:04:46   [34;1m    146476[0m[34;1m   1165796[0m[34;1m    705756[0m[34;1m     23.25[0m[34;1m     34336[0m[34;1m   2073648[0m[34;1m   3400612[0m[31;1m    112.01[0m[34;1m    867888[0m[34;1m   1873868[0m[34;1m       292[0m
10:04:47   [34;1m    146476[0m[34;1m   1165852[0m[34;1m    705716[0m[34;1m     23.25[0m[34;1m     34336[0m[34;1m   2073684[0m[34;1m   3400612[0m[31;1m    112.01[0m[34;1m    867896[0m[34;1m   1873976[0m[34;1m       328[0m
10:04:48   [34;1m    146224[0m[34;1m   1165812[0m[34;1m    705736[0m[34;1m     23.25[0m[34;1m     34336[0m[34;1m   2073912[0m[34;1m   3400612[0m[31;1m    112.01[0m[34;1m    867896[0m[34;1m   1874316[0m[34;1m       556[0m
10:04:49   [34;1m    146224[0m[34;1m   1165872[0m[34;1m    705680[0m[34;1m     23.24[0m[34;1m     34336[0m[34;1m   2073960[0m[34;1m   3400612[0m[31;1m    112.01[0m[34;1m    867896[0m[34;1m   1874312[0m[34;1m       600[0m
10:04:50   [34;1m    146000[0m[34;1m   1165920[0m[34;1m    705696[0m[34;1m     23.24[0m[34;1m     34336[0m[34;1m   2074152[0m[34;1m   3400612[0m[31;1m    112.01[0m[34;1m    867896[0m[34;1m   1874056[0m[34;1m       792[0m
10:04:51   [34;1m    145496[0m[34;1m   1165420[0m[34;1m    706108[0m[34;1m     23.26[0m[34;1m     34344[0m[34;1m   2074236[0m[34;1m   3400612[0m[31;1m    112.01[0m[34;1m    867896[0m[34;1m   1873988[0m[34;1m       884[0m
10:04:52   [34;1m    145244[0m[34;1m   1165396[0m[34;1m    706128[0m[34;1m     23.26[0m[34;1m     34356[0m[34;1m   2074432[0m[34;1m   3400612[0m[31;1m    112.01[0m[34;1m    867916[0m[34;1m   1874052[0m[34;1m      1072[0m
10:04:53   [34;1m    145244[0m[34;1m   1165464[0m[34;1m    706084[0m[34;1m     23.26[0m[34;1m     34356[0m[34;1m   2074520[0m[34;1m   3400612[0m[31;1m    112.01[0m[34;1m    867916[0m[34;1m   1874104[0m[34;1m      1156[0m
10:04:54   [34;1m    145020[0m[34;1m   1165504[0m[34;1m    706068[0m[34;1m     23.26[0m[34;1m     34356[0m[34;1m   2074744[0m[34;1m   3400612[0m[31;1m    112.01[0m[34;1m    867916[0m[34;1m   1874404[0m[34;1m      1384[0m
10:04:55   [34;1m    145020[0m[34;1m   1165632[0m[34;1m    705904[0m[34;1m     23.25[0m[34;1m     34356[0m[34;1m   2074904[0m[34;1m   3400612[0m[31;1m    112.01[0m[34;1m    867916[0m[34;1m   1874568[0m[34;1m       144[0m
10:04:56   [34;1m    144796[0m[34;1m   1165568[0m[34;1m    706016[0m[34;1m     23.25[0m[34;1m     34356[0m[34;1m   2075020[0m[34;1m   3400612[0m[31;1m    112.01[0m[34;1m    867916[0m[34;1m   1874888[0m[34;1m       212[0m
10:04:57   [34;1m    144796[0m[34;1m   1165608[0m[34;1m    705944[0m[34;1m     23.25[0m[34;1m     34364[0m[34;1m   2075076[0m[34;1m   3400612[0m[31;1m    112.01[0m[34;1m    867916[0m[34;1m   1874860[0m[34;1m       276[0m
10:04:58   [34;1m    144572[0m[34;1m   1165672[0m[34;1m    705892[0m[34;1m     23.25[0m[34;1m     34376[0m[34;1m   2075344[0m[34;1m   3400612[0m[31;1m    112.01[0m[34;1m    867936[0m[34;1m   1874700[0m[34;1m       548[0m
10:04:59   [34;1m    144572[0m[34;1m   1165780[0m[34;1m    705792[0m[34;1m     23.25[0m[34;1m     34376[0m[34;1m   2075436[0m[34;1m   3400612[0m[31;1m    112.01[0m[34;1m    867936[0m[34;1m   1874804[0m[34;1m       640[0m
10:05:00   [34;1m    144348[0m[34;1m   1165588[0m[34;1m    705936[0m[34;1m     23.25[0m[34;1m     34376[0m[34;1m   2075516[0m[34;1m   3400612[0m[31;1m    112.01[0m[34;1m    867936[0m[34;1m   1874016[0m[34;1m       720[0m
10:05:01   [34;1m    144348[0m[34;1m   1165840[0m[34;1m    705684[0m[34;1m     23.24[0m[34;1m     34376[0m[34;1m   2075740[0m[34;1m   3400612[0m[31;1m    112.01[0m[34;1m    867932[0m[34;1m   1873932[0m[34;1m       940[0m
10:05:02   [34;1m    144348[0m[34;1m   1165868[0m[34;1m    705640[0m[34;1m     23.24[0m[34;1m     34376[0m[34;1m   2075788[0m[34;1m   3400612[0m[31;1m    112.01[0m[34;1m    867936[0m[34;1m   1874344[0m[34;1m       988[0m
10:05:03   [34;1m    144124[0m[34;1m   1165844[0m[34;1m    705680[0m[34;1m     23.24[0m[34;1m     34384[0m[34;1m   2075968[0m[34;1m   3400612[0m[31;1m    112.01[0m[34;1m    867944[0m[34;1m   1874616[0m[34;1m      1168[0m
10:05:04   [34;1m    144124[0m[34;1m   1165892[0m[34;1m    705604[0m[34;1m     23.24[0m[34;1m     34396[0m[34;1m   2076028[0m[34;1m   3400612[0m[31;1m    112.01[0m[34;1m    867944[0m[34;1m   1873360[0m[34;1m      1240[0m
10:05:05   [34;1m    143900[0m[34;1m   1165932[0m[34;1m    705592[0m[34;1m     23.24[0m[34;1m     34396[0m[34;1m   2076264[0m[34;1m   3400612[0m[31;1m    112.01[0m[34;1m    867956[0m[34;1m   1873704[0m[34;1m      1456[0m
10:05:06   [34;1m    143676[0m[34;1m   1165940[0m[34;1m    705612[0m[34;1m     23.24[0m[34;1m     34396[0m[34;1m   2076448[0m[34;1m   3400612[0m[31;1m    112.01[0m[34;1m    867960[0m[34;1m   1874272[0m[34;1m      1640[0m
10:05:07   [34;1m    143676[0m[34;1m   1165956[0m[34;1m    705580[0m[34;1m     23.24[0m[34;1m     34396[0m[34;1m   2076480[0m[34;1m   3400612[0m[31;1m    112.01[0m[34;1m    867956[0m[34;1m   1874200[0m[34;1m      1672[0m
10:05:08   [34;1m    143676[0m[34;1m   1166152[0m[34;1m    705388[0m[34;1m     23.23[0m[34;1m     34396[0m[34;1m   2076660[0m[34;1m   3400612[0m[31;1m    112.01[0m[34;1m    867956[0m[34;1m   1874500[0m[34;1m      1852[0m
10:05:09   [34;1m    143676[0m[34;1m   1166200[0m[34;1m    705304[0m[34;1m     23.23[0m[34;1m     34404[0m[34;1m   2076732[0m[34;1m   3400612[0m[31;1m    112.01[0m[34;1m    867956[0m[34;1m   1874672[0m[34;1m      1932[0m
10:05:10   [34;1m    143452[0m[34;1m   1166224[0m[34;1m    705324[0m[34;1m     23.23[0m[34;1m     34416[0m[34;1m   2076944[0m[34;1m   3400612[0m[31;1m    112.01[0m[34;1m    867976[0m[34;1m   1874964[0m[34;1m      2232[0m
10:05:11   [34;1m    143452[0m[34;1m   1166408[0m[34;1m    705208[0m[34;1m     23.23[0m[34;1m     34416[0m[34;1m   2077048[0m[34;1m   3400612[0m[31;1m    112.01[0m[34;1m    867976[0m[34;1m   1875264[0m[34;1m      2236[0m
10:05:12   [34;1m    143452[0m[34;1m   1166536[0m[34;1m    704992[0m[34;1m     23.22[0m[34;1m     34416[0m[34;1m   2077260[0m[34;1m   3400612[0m[31;1m    112.01[0m[34;1m    867976[0m[34;1m   1875648[0m[34;1m      2448[0m
10:05:13   [34;1m    143452[0m[34;1m   1166588[0m[34;1m    704940[0m[34;1m     23.22[0m[34;1m     34416[0m[34;1m   2077308[0m[34;1m   3400612[0m[31;1m    112.01[0m[34;1m    867976[0m[34;1m   1875228[0m[34;1m      2496[0m
10:05:14   [34;1m    143228[0m[34;1m   1166572[0m[34;1m    704928[0m[34;1m     23.22[0m[34;1m     34416[0m[34;1m   2077532[0m[34;1m   3400612[0m[31;1m    112.01[0m[34;1m    867976[0m[34;1m   1875748[0m[34;1m      2720[0m
10:05:15   [34;1m    143228[0m[34;1m   1166700[0m[34;1m    704868[0m[34;1m     23.22[0m[34;1m     34424[0m[34;1m   2077576[0m[34;1m   3400612[0m[31;1m    112.01[0m[34;1m    867976[0m[34;1m   1875708[0m[34;22m         0[0m
10:05:16   [34;1m    140988[0m[34;1m   1164704[0m[34;1m    706872[0m[34;1m     23.28[0m[34;1m     34436[0m[34;1m   2077800[0m[34;1m   3400612[0m[31;1m    112.01[0m[34;1m    867992[0m[34;1m   1876076[0m[34;1m       144[0m
10:05:17   [34;1m    140764[0m[34;1m   1164584[0m[34;1m    706932[0m[34;1m     23.29[0m[34;1m     34436[0m[34;1m   2077960[0m[34;1m   3400612[0m[31;1m    112.01[0m[34;1m    867996[0m[34;1m   1876112[0m[34;1m       204[0m
10:05:18   [34;1m    140516[0m[34;1m   1164516[0m[34;1m    706952[0m[34;1m     23.29[0m[34;1m     34436[0m[34;1m   2078188[0m[34;1m   3400612[0m[31;1m    112.01[0m[34;1m    867996[0m[34;1m   1876364[0m[34;1m       440[0m
10:05:19   [34;1m    140292[0m[34;1m   1164480[0m[34;1m    707008[0m[34;1m     23.29[0m[34;1m     34436[0m[34;1m   2078352[0m[34;1m   3400612[0m[31;1m    112.01[0m[34;1m    867996[0m[34;1m   1876556[0m[34;1m       600[0m
10:05:20   [34;1m    140068[0m[34;1m   1164396[0m[34;1m    707084[0m[34;1m     23.29[0m[34;1m     34448[0m[34;1m   2078472[0m[34;1m   3400612[0m[31;1m    112.01[0m[34;1m    867996[0m[34;1m   1876540[0m[34;1m       720[0m
10:05:21   [34;1m    139592[0m[34;1m   1163972[0m[34;1m    707504[0m[34;1m     23.30[0m[34;1m     34448[0m[34;1m   2078520[0m[34;1m   3400612[0m[31;1m    112.01[0m[34;1m    867996[0m[34;1m   1876520[0m[34;1m       764[0m
10:05:22   [34;1m    139592[0m[34;1m   1164200[0m[34;1m    707296[0m[34;1m     23.30[0m[34;1m     34448[0m[34;1m   2078720[0m[34;1m   3400612[0m[31;1m    112.01[0m[34;1m    868008[0m[34;1m   1877248[0m[34;1m       964[0m
10:05:23   [34;1m    139592[0m[34;1m   1164268[0m[34;1m    707156[0m[34;1m     23.29[0m[34;1m     34448[0m[34;1m   2078880[0m[34;1m   3400612[0m[31;1m    112.01[0m[34;1m    868008[0m[34;1m   1877532[0m[34;1m      1124[0m
10:05:24   [34;1m    139592[0m[34;1m   1164484[0m[34;1m    707016[0m[34;1m     23.29[0m[34;1m     34448[0m[34;1m   2079020[0m[34;1m   3400612[0m[31;1m    112.01[0m[34;1m    868008[0m[34;1m   1877844[0m[34;1m      1264[0m
10:05:25   [34;1m    139592[0m[34;1m   1164600[0m[34;1m    706888[0m[34;1m     23.28[0m[34;1m     34456[0m[34;1m   2079136[0m[34;1m   3400612[0m[31;1m    112.01[0m[34;1m    868008[0m[34;1m   1877804[0m[34;1m      1388[0m
10:05:26   [34;1m    139116[0m[34;1m   1164292[0m[34;1m    707196[0m[34;1m     23.29[0m[34;1m     34456[0m[34;1m   2079296[0m[34;1m   3400612[0m[31;1m    112.01[0m[34;1m    868016[0m[34;1m   1877984[0m[34;1m      1552[0m
10:05:27   [34;1m    138864[0m[34;1m   1164088[0m[34;1m    707396[0m[34;1m     23.30[0m[34;1m     34468[0m[34;1m   2079320[0m[34;1m   3400612[0m[31;1m    112.01[0m[34;1m    868016[0m[34;1m   1878648[0m[34;1m      1588[0m
10:05:28   [34;1m    138388[0m[34;1m   1163880[0m[34;1m    707592[0m[34;1m     23.31[0m[34;1m     34468[0m[34;1m   2079580[0m[34;1m   3400612[0m[31;1m    112.01[0m[34;1m    868028[0m[34;1m   1879012[0m[34;1m      1836[0m
10:05:29   [34;1m    138420[0m[34;1m   1164032[0m[34;1m    707456[0m[34;1m     23.30[0m[34;1m     34468[0m[34;1m   2079704[0m[34;1m   3400612[0m[31;1m    112.01[0m[34;1m    868028[0m[34;1m   1879180[0m[34;1m      1960[0m
10:05:30   [34;1m    138196[0m[34;1m   1163940[0m[34;1m    707556[0m[34;1m     23.31[0m[34;1m     34468[0m[34;1m   2079824[0m[34;1m   3400612[0m[31;1m    112.01[0m[34;1m    868028[0m[34;1m   1878536[0m[34;1m      2080[0m
10:05:31   [34;1m    138196[0m[34;1m   1163952[0m[34;1m    707504[0m[34;1m     23.30[0m[34;1m     34480[0m[34;1m   2079864[0m[34;1m   3400612[0m[31;1m    112.01[0m[34;1m    868028[0m[34;1m   1878520[0m[34;1m      2132[0m
10:05:32   [34;1m    138196[0m[34;1m   1164184[0m[34;1m    707204[0m[34;1m     23.29[0m[34;1m     34480[0m[34;1m   2080144[0m[34;1m   3400612[0m[31;1m    112.01[0m[34;1m    868040[0m[34;1m   1878796[0m[34;1m      2396[0m
10:05:33   [34;1m    137972[0m[34;1m   1164052[0m[34;1m    707424[0m[34;1m     23.30[0m[34;1m     34480[0m[34;1m   2080148[0m[34;1m   3400612[0m[31;1m    112.01[0m[34;1m    868040[0m[34;1m   1876328[0m[34;1m      2400[0m
10:05:34   [34;1m    137972[0m[34;1m   1164292[0m[34;1m    707196[0m[34;1m     23.29[0m[34;1m     34480[0m[34;1m   2080380[0m[34;1m   3400612[0m[31;1m    112.01[0m[34;1m    868040[0m[34;1m   1877728[0m[34;1m      2632[0m
10:05:35   [34;1m    137748[0m[34;1m   1164200[0m[34;1m    707312[0m[34;1m     23.30[0m[34;1m     34480[0m[34;1m   2080520[0m[34;1m   3400612[0m[31;1m    112.01[0m[34;1m    868040[0m[34;1m   1877968[0m[34;1m      2772[0m
10:05:36   [34;1m    137748[0m[34;1m   1164336[0m[34;1m    707152[0m[34;1m     23.29[0m[34;1m     34488[0m[34;1m   2080628[0m[34;1m   3400612[0m[31;1m    112.01[0m[34;1m    868048[0m[34;1m   1878460[0m[34;1m        92[0m
10:05:37   [34;1m    137748[0m[34;1m   1164412[0m[34;1m    706964[0m[34;1m     23.29[0m[34;1m     34488[0m[34;1m   2080812[0m[34;1m   3400612[0m[31;1m    112.01[0m[34;1m    868048[0m[34;1m   1878508[0m[34;1m       272[0m
10:05:38   [34;1m    137748[0m[34;1m   1164608[0m[34;1m    706848[0m[34;1m     23.28[0m[34;1m     34500[0m[34;1m   2080920[0m[34;1m   3400612[0m[31;1m    112.01[0m[34;1m    868060[0m[34;1m   1878600[0m[34;1m       384[0m
10:05:39   [34;1m    137524[0m[34;1m   1164468[0m[34;1m    707008[0m[34;1m     23.29[0m[34;1m     34500[0m[34;1m   2080980[0m[34;1m   3400612[0m[31;1m    112.01[0m[34;1m    868060[0m[34;1m   1876536[0m[34;1m       440[0m
10:05:40   [34;1m    137524[0m[34;1m   1164672[0m[34;1m    706812[0m[34;1m     23.28[0m[34;1m     34500[0m[34;1m   2081164[0m[34;1m   3400612[0m[31;1m    112.01[0m[34;1m    868060[0m[34;1m   1877996[0m[34;1m       624[0m
10:05:41   [34;1m    137020[0m[34;1m   1164300[0m[34;1m    707184[0m[34;1m     23.29[0m[34;1m     34500[0m[34;1m   2081316[0m[34;1m   3440992[0m[31;1m    113.34[0m[34;1m    868060[0m[34;1m   1878140[0m[34;1m       772[0m
10:05:42   [34;1m    136516[0m[34;1m   1163884[0m[34;1m    707620[0m[34;1m     23.31[0m[34;1m     34512[0m[34;1m   2081372[0m[34;1m   3400612[0m[31;1m    112.01[0m[34;1m    868060[0m[34;1m   1877964[0m[34;1m       840[0m
10:05:43   [34;1m    136264[0m[34;1m   1163848[0m[34;1m    707632[0m[34;1m     23.31[0m[34;1m     34512[0m[34;1m   2081608[0m[34;1m   3400612[0m[31;1m    112.01[0m[34;1m    868072[0m[34;1m   1879696[0m[34;1m      1068[0m
10:05:44   [34;1m    136040[0m[34;1m   1163668[0m[34;1m    707804[0m[34;1m     23.31[0m[34;1m     34512[0m[34;1m   2081656[0m[34;1m   3400868[0m[31;1m    112.02[0m[34;1m    868072[0m[34;1m   1878028[0m[34;1m      1116[0m
10:05:45   [34;1m    136040[0m[34;1m   1163932[0m[34;1m    707548[0m[34;1m     23.31[0m[34;1m     34512[0m[34;1m   2081888[0m[34;1m   3400868[0m[31;1m    112.02[0m[34;1m    868072[0m[34;1m   1879036[0m[34;1m      1348[0m
10:05:46   [34;1m    135816[0m[34;1m   1163824[0m[34;1m    707644[0m[34;1m     23.31[0m[34;1m     34512[0m[34;1m   2082012[0m[34;1m   3400868[0m[31;1m    112.02[0m[34;1m    868072[0m[34;1m   1879648[0m[34;1m      1472[0m
10:05:47   [34;1m    135564[0m[34;1m   1163656[0m[34;1m    707792[0m[34;1m     23.31[0m[34;1m     34520[0m[34;1m   2082112[0m[34;1m   3400868[0m[31;1m    112.02[0m[34;1m    868080[0m[34;1m   1879272[0m[34;1m      1572[0m
10:05:48   [34;1m    135564[0m[34;1m   1163744[0m[34;1m    707740[0m[34;1m     23.31[0m[34;1m     34520[0m[34;1m   2082164[0m[34;1m   3400868[0m[31;1m    112.02[0m[34;1m    868080[0m[34;1m   1879124[0m[34;1m      1624[0m
10:05:49   [34;1m    135564[0m[34;1m   1163968[0m[34;1m    707480[0m[34;1m     23.30[0m[34;1m     34520[0m[34;1m   2082424[0m[34;1m   3400868[0m[31;1m    112.02[0m[34;1m    868096[0m[34;1m   1879320[0m[34;1m      1868[0m
10:05:50   [34;1m    135564[0m[34;1m   1164076[0m[34;1m    707332[0m[34;1m     23.30[0m[34;1m     34532[0m[34;1m   2082556[0m[34;1m   3400868[0m[31;1m    112.02[0m[34;1m    868096[0m[34;1m   1879212[0m[34;1m      1912[0m
10:05:51   [34;1m    135312[0m[34;1m   1163980[0m[34;1m    707440[0m[34;1m     23.30[0m[34;1m     34532[0m[34;1m   2082688[0m[34;1m   3400868[0m[31;1m    112.02[0m[34;1m    868108[0m[34;1m   1879292[0m[34;1m      2128[0m
10:05:52   [34;1m    134836[0m[34;1m   1163632[0m[34;1m    707864[0m[34;1m     23.32[0m[34;1m     34532[0m[34;1m   2082736[0m[34;1m   3400868[0m[31;1m    112.02[0m[34;1m    868108[0m[34;1m   1879652[0m[34;1m      2176[0m
10:05:53   [34;1m    134584[0m[34;1m   1163508[0m[34;1m    707852[0m[34;1m     23.32[0m[34;1m     34532[0m[34;1m   2082956[0m[34;1m   3400868[0m[31;1m    112.02[0m[34;1m    868108[0m[34;1m   1880088[0m[34;1m      2396[0m
10:05:54   [34;1m    134108[0m[34;1m   1163196[0m[34;1m    708200[0m[34;1m     23.33[0m[34;1m     34532[0m[34;1m   2083084[0m[34;1m   3400868[0m[31;1m    112.02[0m[34;1m    868108[0m[34;1m   1880288[0m[34;1m      2524[0m
10:05:55   [34;1m    134112[0m[34;1m   1163264[0m[34;1m    708132[0m[34;1m     23.32[0m[34;1m     34544[0m[34;1m   2083148[0m[34;1m   3400868[0m[31;1m    112.02[0m[34;1m    868108[0m[34;1m   1880348[0m[34;1m      2600[0m
10:05:56   [34;1m    133860[0m[34;1m   1163300[0m[34;1m    708112[0m[34;1m     23.32[0m[34;1m     34544[0m[34;1m   2083412[0m[34;1m   3400868[0m[31;1m    112.02[0m[34;1m    868120[0m[34;1m   1880740[0m[34;1m      2848[0m
10:05:57   [34;1m    132852[0m[34;1m   1162396[0m[34;1m    709000[0m[34;1m     23.35[0m[34;1m     34544[0m[34;1m   2083532[0m[34;1m   3400868[0m[31;1m    112.02[0m[34;1m    868120[0m[34;1m   1880844[0m[34;1m      2968[0m
10:05:58   [34;1m    132348[0m[34;1m   1162064[0m[34;1m    709360[0m[34;1m     23.37[0m[34;1m     34544[0m[34;1m   2083676[0m[34;1m   3400868[0m[31;1m    112.02[0m[34;1m    868120[0m[34;1m   1881568[0m[34;1m      3112[0m
10:05:59   [34;1m    132124[0m[34;1m   1161928[0m[34;1m    709544[0m[34;1m     23.37[0m[34;1m     34544[0m[34;1m   2083744[0m[34;1m   3400868[0m[31;1m    112.02[0m[34;1m    868120[0m[34;1m   1882020[0m[34;1m      3180[0m
10:06:00   [34;1m    131872[0m[34;1m   1161840[0m[34;1m    709588[0m[34;1m     23.37[0m[34;1m     34552[0m[34;1m   2083936[0m[34;1m   3401124[0m[31;1m    112.03[0m[34;1m    868128[0m[34;1m   1881428[0m[34;1m      3372[0m
10:06:01   [34;1m    156992[0m[34;1m   1187040[0m[34;1m    684400[0m[34;1m     22.54[0m[34;1m     34564[0m[34;1m   2083984[0m[34;1m   3401124[0m[31;1m    112.03[0m[34;1m    868128[0m[34;1m   1881496[0m[34;1m      3432[0m
10:06:02   [34;1m    155004[0m[34;1m   1185300[0m[34;1m    686084[0m[34;1m     22.60[0m[34;1m     34564[0m[34;1m   2084276[0m[34;1m   3401124[0m[31;1m    112.03[0m[34;1m    868144[0m[34;1m   1881764[0m[34;1m      3708[0m
10:06:03   [34;1m    154504[0m[34;1m   1184836[0m[34;1m    686572[0m[34;1m     22.61[0m[34;1m     34564[0m[34;1m   2084284[0m[34;1m   3401124[0m[31;1m    112.03[0m[34;1m    868140[0m[34;1m   1881900[0m[34;1m      3716[0m
10:06:04   [34;1m    154280[0m[34;1m   1184836[0m[34;1m    686548[0m[34;1m     22.61[0m[34;1m     34564[0m[34;1m   2084500[0m[34;1m   3401124[0m[31;1m    112.03[0m[34;1m    868140[0m[34;1m   1881904[0m[34;1m      3928[0m
10:06:05   [34;1m    154280[0m[34;1m   1184984[0m[34;1m    686504[0m[34;1m     22.61[0m[34;1m     34564[0m[34;1m   2084572[0m[34;1m   3401124[0m[31;1m    112.03[0m[34;1m    868140[0m[34;1m   1882064[0m[34;1m      4000[0m
10:06:06   [34;1m    154280[0m[34;1m   1185160[0m[34;1m    686272[0m[34;1m     22.60[0m[34;1m     34572[0m[34;1m   2084800[0m[34;1m   3401124[0m[31;1m    112.03[0m[34;1m    868148[0m[34;1m   1882328[0m[34;1m      4220[0m
10:06:07   [34;1m    153272[0m[34;1m   1184268[0m[34;1m    687132[0m[34;1m     22.63[0m[34;1m     34584[0m[34;1m   2084932[0m[34;1m   3401124[0m[31;1m    112.03[0m[34;1m    868160[0m[34;1m   1882748[0m[34;1m       108[0m
10:06:08   [34;1m    153048[0m[34;1m   1184260[0m[34;1m    687160[0m[34;1m     22.63[0m[34;1m     34584[0m[34;1m   2085100[0m[34;1m   3401124[0m[31;1m    112.03[0m[34;1m    868160[0m[34;1m   1882960[0m[34;1m       280[0m
10:06:09   [34;1m    153048[0m[34;1m   1184416[0m[34;1m    687000[0m[34;1m     22.63[0m[34;1m     34584[0m[34;1m   2085252[0m[34;1m   3401124[0m[31;1m    112.03[0m[34;1m    868160[0m[34;1m   1883120[0m[34;1m       432[0m
10:06:10   [34;1m    153048[0m[34;1m   1184552[0m[34;1m    686868[0m[34;1m     22.62[0m[34;1m     34584[0m[34;1m   2085372[0m[34;1m   3401124[0m[31;1m    112.03[0m[34;1m    868160[0m[34;1m   1883236[0m[34;1m       552[0m
10:06:11   [34;1m    152824[0m[34;1m   1184368[0m[34;1m    687060[0m[34;1m     22.63[0m[34;1m     34584[0m[34;1m   2085424[0m[34;1m   3401124[0m[31;1m    112.03[0m[34;1m    868160[0m[34;1m   1883240[0m[34;1m       604[0m
10:06:12   [34;1m    151564[0m[34;1m   1183392[0m[34;1m    688060[0m[34;1m     22.66[0m[34;1m     34604[0m[34;1m   2085648[0m[34;1m   3401124[0m[31;1m    112.03[0m[34;1m    868172[0m[34;1m   1883468[0m[34;1m       804[0m
10:06:13   [34;1m    151564[0m[34;1m   1183492[0m[34;1m    687876[0m[34;1m     22.66[0m[34;1m     34604[0m[34;1m   2085824[0m[34;1m   3401124[0m[31;1m    112.03[0m[34;1m    868168[0m[34;1m   1881300[0m[34;1m       976[0m
10:06:14   [34;1m    151340[0m[34;1m   1183388[0m[34;1m    687904[0m[34;1m     22.66[0m[34;1m     34604[0m[34;1m   2085996[0m[34;1m   3401124[0m[31;1m    112.03[0m[34;1m    868180[0m[34;1m   1882936[0m[34;1m      1148[0m
10:06:15   [34;1m    151340[0m[34;1m   1183468[0m[34;1m    687792[0m[34;1m     22.65[0m[34;1m     34604[0m[34;1m   2086104[0m[34;1m   3401124[0m[31;1m    112.03[0m[34;1m    868180[0m[34;1m   1883516[0m[34;1m      1256[0m
10:06:16   [34;1m    149072[0m[34;1m   1181384[0m[34;1m    690000[0m[34;1m     22.73[0m[34;1m     34604[0m[34;1m   2086184[0m[34;1m   3401124[0m[31;1m    112.03[0m[34;1m    868180[0m[34;1m   1884212[0m[34;1m      1336[0m
10:06:17   [34;1m    149072[0m[34;1m   1181564[0m[34;1m    689900[0m[34;1m     22.72[0m[34;1m     34612[0m[34;1m   2086276[0m[34;1m   3401124[0m[31;1m    112.03[0m[34;1m    868180[0m[34;1m   1885016[0m[34;1m      1436[0m
10:06:18   [34;1m    148848[0m[34;1m   1181528[0m[34;1m    689860[0m[34;1m     22.72[0m[34;1m     34624[0m[34;1m   2086512[0m[34;1m   3401124[0m[31;1m    112.03[0m[34;1m    868188[0m[34;1m   1885504[0m[34;1m      1672[0m
10:06:19   [34;1m    148848[0m[34;1m   1181572[0m[34;1m    689724[0m[34;1m     22.72[0m[34;1m     34624[0m[34;1m   2086652[0m[34;1m   3401124[0m[31;1m    112.03[0m[34;1m    868188[0m[34;1m   1885764[0m[34;1m      1812[0m
10:06:20   [34;1m    148848[0m[34;1m   1181844[0m[34;1m    689544[0m[34;1m     22.71[0m[34;1m     34624[0m[34;1m   2086824[0m[34;1m   3401124[0m[31;1m    112.03[0m[34;1m    868200[0m[34;1m   1885700[0m[34;1m      1984[0m
10:06:21   [34;1m    148624[0m[34;1m   1181620[0m[34;1m    689768[0m[34;1m     22.72[0m[34;1m     34624[0m[34;1m   2086824[0m[34;1m   3401124[0m[31;1m    112.03[0m[34;1m    868200[0m[34;1m   1885700[0m[34;1m      1984[0m
10:06:22   [34;1m    148624[0m[34;1m   1181796[0m[34;1m    689544[0m[34;1m     22.71[0m[34;1m     34624[0m[34;1m   2087024[0m[34;1m   3401124[0m[31;1m    112.03[0m[34;1m    868200[0m[34;1m   1886032[0m[34;1m      2184[0m
10:06:23   [34;1m    148624[0m[34;1m   1181888[0m[34;1m    689480[0m[34;1m     22.71[0m[34;1m     34636[0m[34;1m   2087096[0m[34;1m   3401124[0m[31;1m    112.03[0m[34;1m    868200[0m[34;1m   1886048[0m[34;1m      2268[0m
10:06:24   [34;1m    148376[0m[34;1m   1181860[0m[34;1m    689504[0m[34;1m     22.71[0m[34;1m     34636[0m[34;1m   2087316[0m[34;1m   3401124[0m[31;1m    112.03[0m[34;1m    868212[0m[34;1m   1886636[0m[34;1m      2476[0m
10:06:25   [34;1m    148152[0m[34;1m   1181780[0m[34;1m    689508[0m[34;1m     22.71[0m[34;1m     34636[0m[34;1m   2087464[0m[34;1m   3401124[0m[31;1m    112.03[0m[34;1m    868212[0m[34;1m   1886868[0m[34;1m      2624[0m
10:06:26   [34;1m    148152[0m[34;1m   1181884[0m[34;1m    689456[0m[34;1m     22.71[0m[34;1m     34636[0m[34;1m   2087576[0m[34;1m   3401124[0m[31;1m    112.03[0m[34;1m    868212[0m[34;1m   1887024[0m[34;1m      2736[0m
10:06:27   [34;1m    147396[0m[34;1m   1181188[0m[34;1m    690056[0m[34;1m     22.73[0m[34;1m     34636[0m[34;1m   2087728[0m[34;1m   3401124[0m[31;1m    112.03[0m[34;1m    868212[0m[34;1m   1887244[0m[34;1m      2888[0m
10:06:28   [34;1m    147396[0m[34;1m   1181472[0m[34;1m    689876[0m[34;1m     22.72[0m[34;1m     34644[0m[34;1m   2087892[0m[34;1m   3401124[0m[31;1m    112.03[0m[34;1m    868212[0m[34;1m   1887516[0m[34;1m      3056[0m
10:06:29   [34;1m    147144[0m[34;1m   1181220[0m[34;1m    690028[0m[34;1m     22.73[0m[34;1m     34656[0m[34;1m   2087980[0m[34;1m   3401124[0m[31;1m    112.03[0m[34;1m    868212[0m[34;1m   1887516[0m[34;1m      3156[0m
10:06:30   [34;1m    146920[0m[34;1m   1181220[0m[34;1m    690100[0m[34;1m     22.73[0m[34;1m     34656[0m[34;1m   2088116[0m[34;1m   3401124[0m[31;1m    112.03[0m[34;1m    868232[0m[34;1m   1887076[0m[34;1m      3276[0m
10:06:31   [34;1m    146920[0m[34;1m   1181420[0m[34;1m    690008[0m[34;1m     22.73[0m[34;1m     34656[0m[34;1m   2088200[0m[34;1m   3401124[0m[31;1m    112.03[0m[34;1m    868232[0m[34;1m   1886980[0m[34;1m      3460[0m
10:06:32   [34;1m    146668[0m[34;1m   1181324[0m[34;1m    690036[0m[34;1m     22.73[0m[34;1m     34656[0m[34;1m   2088416[0m[34;1m   3401124[0m[31;1m    112.03[0m[34;1m    868232[0m[34;1m   1886848[0m[34;1m      3576[0m
10:06:33   [34;1m    146444[0m[34;1m   1181136[0m[34;1m    690212[0m[34;1m     22.73[0m[34;1m     34668[0m[34;1m   2088448[0m[34;1m   3401124[0m[31;1m    112.03[0m[34;1m    868232[0m[34;1m   1886780[0m[34;1m      3620[0m
10:06:34   [34;1m    146444[0m[34;1m   1181360[0m[34;1m    689972[0m[34;1m     22.73[0m[34;1m     34668[0m[34;1m   2088688[0m[34;1m   3401124[0m[31;1m    112.03[0m[34;1m    868244[0m[34;1m   1887228[0m[34;1m      3840[0m
10:06:35   [34;1m    146444[0m[34;1m   1181496[0m[34;1m    689832[0m[34;1m     22.72[0m[34;1m     34668[0m[34;1m   2088832[0m[34;1m   3401124[0m[31;1m    112.03[0m[34;1m    868244[0m[34;1m   1887396[0m[34;1m      3984[0m
10:06:36   [34;1m    146444[0m[34;1m   1181660[0m[34;1m    689624[0m[34;1m     22.71[0m[34;1m     34668[0m[34;1m   2089020[0m[34;1m   3401124[0m[31;1m    112.03[0m[34;1m    868244[0m[34;1m   1886428[0m[34;1m      4172[0m
10:06:37   [34;1m    146192[0m[34;1m   1181536[0m[34;1m    689776[0m[34;1m     22.72[0m[34;1m     34668[0m[34;1m   2089120[0m[34;1m   3401124[0m[31;1m    112.03[0m[34;1m    868244[0m[34;1m   1886576[0m[34;1m        60[0m
10:06:38   [34;1m    146192[0m[34;1m   1181592[0m[34;1m    689744[0m[34;1m     22.72[0m[34;1m     34676[0m[34;1m   2089140[0m[34;1m   3401124[0m[31;1m    112.03[0m[34;1m    868244[0m[34;1m   1886936[0m[34;1m        92[0m
10:06:39   [34;1m    145968[0m[34;1m   1181680[0m[34;1m    689668[0m[34;1m     22.72[0m[34;1m     34676[0m[34;1m   2089432[0m[34;1m   3401124[0m[31;1m    112.03[0m[34;1m    868252[0m[34;1m   1887424[0m[34;1m       392[0m
10:06:40   [34;1m    145968[0m[34;1m   1181760[0m[34;1m    689576[0m[34;1m     22.71[0m[34;1m     34676[0m[34;1m   2089516[0m[34;1m   3401124[0m[31;1m    112.03[0m[34;1m    868252[0m[34;1m   1887548[0m[34;1m       476[0m
10:06:41   [34;1m    145968[0m[34;1m   1181840[0m[34;1m    689472[0m[34;1m     22.71[0m[34;1m     34688[0m[34;1m   2089604[0m[34;1m   3401124[0m[31;1m    112.03[0m[34;1m    868264[0m[34;1m   1887620[0m[34;1m       560[0m
10:06:42   [34;1m    144456[0m[34;1m   1180408[0m[34;1m    690880[0m[34;1m     22.76[0m[34;1m     34688[0m[34;1m   2089700[0m[34;1m   3401124[0m[31;1m    112.03[0m[34;1m    868264[0m[34;1m   1887804[0m[34;1m       652[0m
10:06:43   [34;1m    143980[0m[34;1m   1180240[0m[34;1m    691140[0m[34;1m     22.76[0m[34;1m     34700[0m[34;1m   2089896[0m[34;1m   3401124[0m[31;1m    112.03[0m[34;1m    868276[0m[34;1m   1888232[0m[34;1m       788[0m
10:06:44   [34;1m    143980[0m[34;1m   1180416[0m[34;1m    690908[0m[34;1m     22.76[0m[34;1m     34724[0m[34;1m   2090116[0m[34;1m   3401124[0m[31;1m    112.03[0m[34;1m    868332[0m[34;1m   1888772[0m[34;1m      1024[0m
10:06:45   [34;1m    143504[0m[34;1m   1180028[0m[34;1m    691304[0m[34;1m     22.77[0m[34;1m     34724[0m[34;1m   2090200[0m[34;1m   3401124[0m[31;1m    112.03[0m[34;1m    868332[0m[34;1m   1888864[0m[34;1m      1108[0m
10:06:46   [34;1m    143280[0m[34;1m   1179944[0m[34;1m    691372[0m[34;1m     22.77[0m[34;1m     34724[0m[34;1m   2090332[0m[34;1m   3401124[0m[31;1m    112.03[0m[34;1m    868332[0m[34;1m   1889044[0m[34;1m      1240[0m
10:06:47   [34;1m    143280[0m[34;1m   1180152[0m[34;1m    691180[0m[34;1m     22.77[0m[34;1m     34736[0m[34;1m   2090528[0m[34;1m   3401124[0m[31;1m    112.03[0m[34;1m    868344[0m[34;1m   1888624[0m[34;1m      1436[0m
10:06:48   [34;1m    143040[0m[34;1m   1179972[0m[34;1m    691320[0m[34;1m     22.77[0m[34;1m     34736[0m[34;1m   2090588[0m[34;1m   3401124[0m[31;1m    112.03[0m[34;1m    868344[0m[34;1m   1888664[0m[34;1m      1496[0m
10:06:49   [34;1m    143040[0m[34;1m   1180036[0m[34;1m    691260[0m[34;1m     22.77[0m[34;1m     34736[0m[34;1m   2090676[0m[34;1m   3401124[0m[31;1m    112.03[0m[34;1m    868344[0m[34;1m   1888724[0m[34;1m      1584[0m
10:06:50   [34;1m    143040[0m[34;1m   1180320[0m[34;1m    690960[0m[34;1m     22.76[0m[34;1m     34736[0m[34;1m   2090952[0m[34;1m   3401124[0m[31;1m    112.03[0m[34;1m    868344[0m[34;1m   1888748[0m[34;1m      1856[0m
10:06:51   [34;1m    142816[0m[34;1m   1180188[0m[34;1m    691108[0m[34;1m     22.76[0m[34;1m     34736[0m[34;1m   2091032[0m[34;1m   3401124[0m[31;1m    112.03[0m[34;1m    868348[0m[34;1m   1888856[0m[34;1m      1932[0m
10:06:52   [34;1m    142312[0m[34;1m   1179852[0m[34;1m    691412[0m[34;1m     22.77[0m[34;1m     34748[0m[34;1m   2091236[0m[34;1m   3401124[0m[31;1m    112.03[0m[34;1m    868360[0m[34;1m   1889032[0m[34;1m      2132[0m
10:06:53   [34;1m    142312[0m[34;1m   1180004[0m[34;1m    691396[0m[34;1m     22.77[0m[34;1m     34748[0m[34;1m   2091260[0m[34;1m   3401124[0m[31;1m    112.03[0m[34;1m    868360[0m[34;1m   1889192[0m[34;1m      2156[0m
10:06:54   [34;1m    141836[0m[34;1m   1179648[0m[34;1m    691512[0m[34;1m     22.78[0m[34;1m     34748[0m[34;1m   2091548[0m[34;1m   3401124[0m[31;1m    112.03[0m[34;1m    868360[0m[34;1m   1889468[0m[34;1m      2448[0m
10:06:55   [34;1m    141836[0m[34;1m   1179904[0m[34;1m    691380[0m[34;1m     22.77[0m[34;1m     34748[0m[34;1m   2091744[0m[34;1m   3401124[0m[31;1m    112.03[0m[34;1m    868456[0m[34;1m   1889744[0m[34;1m      2544[0m
10:06:56   [34;1m    141336[0m[34;1m   1179276[0m[34;1m    693308[0m[34;1m     22.84[0m[34;1m     34748[0m[34;1m   2091752[0m[34;1m   3401124[0m[31;1m    112.03[0m[34;1m    868456[0m[34;1m   1889804[0m[34;1m      2552[0m
