Linux 6.6.95 (ssp-study) 	04/21/26 	_x86_64_	(2 CPU)

10:01:55        CPU     %user     %nice   %system   %iowait    %steal     %idle
10:01:56   [32;22m     all[0m[34;1m     18.52[0m[34;22m      0.00[0m[34;1m     20.37[0m[34;22m      0.00[0m[34;22m      0.00[0m[34;1m     61.11[0m
10:01:57   [32;22m     all[0m[34;1m     13.33[0m[34;22m      0.00[0m[34;1m     16.97[0m[34;22m      0.00[0m[34;22m      0.00[0m[34;1m     69.70[0m
10:01:58   [32;22m     all[0m[34;1m     22.29[0m[34;22m      0.00[0m[34;1m     21.69[0m[34;22m      0.00[0m[34;22m      0.00[0m[34;1m     56.02[0m
10:01:59   [32;22m     all[0m[34;1m     22.35[0m[34;22m      0.00[0m[34;1m     17.65[0m[34;1m      0.59[0m[34;22m      0.00[0m[34;1m     59.41[0m
10:02:00   [32;22m     all[0m[34;1m     13.02[0m[34;22m      0.00[0m[34;1m     11.83[0m[34;22m      0.00[0m[34;22m      0.00[0m[34;1m     75.15[0m
10:02:01   [32;22m     all[0m[34;1m     14.04[0m[34;22m      0.00[0m[34;1m     15.20[0m[34;22m      0.00[0m[34;22m      0.00[0m[34;1m     70.76[0m
10:02:02   [32;22m     all[0m[34;1m     13.86[0m[34;22m      0.00[0m[34;1m     13.25[0m[34;22m      0.00[0m[34;22m      0.00[0m[34;1m     72.89[0m
10:02:03   [32;22m     all[0m[34;1m     17.54[0m[34;22m      0.00[0m[34;1m     21.64[0m[34;22m      0.00[0m[34;22m      0.00[0m[34;1m     60.82[0m
10:02:04   [32;22m     all[0m[34;1m     14.79[0m[34;22m      0.00[0m[34;1m     16.57[0m[34;22m      0.00[0m[34;22m      0.00[0m[34;1m     68.64[0m
10:02:05   [32;22m     all[0m[34;1m     14.88[0m[34;22m      0.00[0m[34;1m     26.19[0m[34;22m      0.00[0m[34;22m      0.00[0m[34;1m     58.93[0m
10:02:06   [32;22m     all[0m[34;1m     14.71[0m[34;22m      0.00[0m[34;1m     20.00[0m[34;1m      0.59[0m[34;22m      0.00[0m[34;1m     64.71[0m
10:02:07   [32;22m     all[0m[34;1m     16.77[0m[34;22m      0.00[0m[34;1m     21.56[0m[34;22m      0.00[0m[34;22m      0.00[0m[34;1m     61.68[0m
10:02:08   [32;22m     all[0m[34;1m     23.67[0m[34;22m      0.00[0m[34;1m     27.22[0m[34;22m      0.00[0m[34;22m      0.00[0m[34;1m     49.11[0m
10:02:09   [32;22m     all[0m[34;1m     18.40[0m[34;22m      0.00[0m[34;1m     28.22[0m[34;22m      0.00[0m[34;22m      0.00[0m[34;1m     53.37[0m
10:02:10   [32;22m     all[0m[34;1m     20.59[0m[34;22m      0.00[0m[34;1m     25.29[0m[34;22m      0.00[0m[34;22m      0.00[0m[34;1m     54.12[0m
10:02:11   [32;22m     all[0m[34;1m     20.36[0m[34;22m      0.00[0m[34;1m     24.55[0m[34;22m      0.00[0m[34;22m      0.00[0m[34;1m     55.09[0m
10:02:12   [32;22m     all[0m[34;1m     22.09[0m[34;22m      0.00[0m[34;1m     28.49[0m[34;22m      0.00[0m[34;22m      0.00[0m[34;1m     49.42[0m
10:02:13   [32;22m     all[0m[34;1m     30.29[0m[34;22m      0.00[0m[34;1m     32.57[0m[34;22m      0.00[0m[34;22m      0.00[0m[34;1m     37.14[0m
10:02:14   [32;22m     all[0m[34;1m     39.64[0m[34;22m      0.00[0m[34;1m     36.69[0m[34;22m      0.00[0m[34;22m      0.00[0m[35;1m     23.67[0m
10:02:15   [32;22m     all[0m[34;1m     20.83[0m[34;22m      0.00[0m[34;1m     30.95[0m[34;22m      0.00[0m[34;22m      0.00[0m[34;1m     48.21[0m
10:02:16   [32;22m     all[0m[34;1m     23.98[0m[34;22m      0.00[0m[34;1m     33.92[0m[34;1m      0.58[0m[34;22m      0.00[0m[34;1m     41.52[0m
10:02:17   [32;22m     all[0m[34;1m     22.02[0m[34;22m      0.00[0m[34;1m     28.57[0m[34;22m      0.00[0m[34;22m      0.00[0m[34;1m     49.40[0m
10:02:18   [32;22m     all[0m[34;1m     29.52[0m[34;22m      0.00[0m[34;1m     35.54[0m[34;22m      0.00[0m[34;22m      0.00[0m[34;1m     34.94[0m
10:02:19   [32;22m     all[0m[34;1m     28.65[0m[34;22m      0.00[0m[34;1m     38.60[0m[34;22m      0.00[0m[34;22m      0.00[0m[34;1m     32.75[0m
10:02:20   [32;22m     all[0m[34;1m     34.44[0m[34;22m      0.00[0m[34;1m     41.06[0m[34;22m      0.00[0m[34;22m      0.00[0m[35;1m     24.50[0m
10:02:21   [32;22m     all[0m[34;1m     29.41[0m[34;22m      0.00[0m[34;1m     35.29[0m[34;22m      0.00[0m[34;22m      0.00[0m[34;1m     35.29[0m
10:02:22   [32;22m     all[0m[34;1m     25.29[0m[34;22m      0.00[0m[34;1m     37.65[0m[34;22m      0.00[0m[34;22m      0.00[0m[34;1m     37.06[0m
10:02:23   [32;22m     all[0m[34;1m     30.23[0m[34;22m      0.00[0m[34;1m     34.30[0m[34;22m      0.00[0m[34;22m      0.00[0m[34;1m     35.47[0m
10:02:24   [32;22m     all[0m[34;1m     32.76[0m[34;22m      0.00[0m[34;1m     36.78[0m[34;22m      0.00[0m[34;22m      0.00[0m[34;1m     30.46[0m
10:02:25   [32;22m     all[0m[34;1m     29.41[0m[34;22m      0.00[0m[34;1m     42.35[0m[34;22m      0.00[0m[34;22m      0.00[0m[34;1m     28.24[0m
10:02:26   [32;22m     all[0m[34;1m     32.39[0m[34;22m      0.00[0m[34;1m     43.75[0m[34;22m      0.00[0m[34;22m      0.00[0m[35;1m     23.86[0m
10:02:27   [32;22m     all[0m[34;1m     30.99[0m[34;22m      0.00[0m[34;1m     40.35[0m[34;22m      0.00[0m[34;22m      0.00[0m[34;1m     28.65[0m
10:02:28   [32;22m     all[0m[34;1m     34.50[0m[34;22m      0.00[0m[34;1m     42.11[0m[34;22m      0.00[0m[34;22m      0.00[0m[35;1m     23.39[0m
10:02:29   [32;22m     all[0m[34;1m     42.78[0m[34;22m      0.00[0m[34;1m     44.44[0m[34;22m      0.00[0m[34;22m      0.00[0m[35;1m     12.78[0m
10:02:30   [32;22m     all[0m[34;1m     30.36[0m[34;22m      0.00[0m[34;1m     40.48[0m[34;22m      0.00[0m[34;22m      0.00[0m[34;1m     29.17[0m
10:02:31   [32;22m     all[0m[34;1m     32.14[0m[34;22m      0.00[0m[34;1m     41.07[0m[34;22m      0.00[0m[34;22m      0.00[0m[34;1m     26.79[0m
10:02:32   [32;22m     all[0m[34;1m     33.92[0m[34;22m      0.00[0m[34;1m     43.86[0m[34;22m      0.00[0m[34;22m      0.00[0m[35;1m     22.22[0m
10:02:33   [32;22m     all[0m[34;1m     35.43[0m[34;22m      0.00[0m[34;1m     44.57[0m[34;22m      0.00[0m[34;22m      0.00[0m[35;1m     20.00[0m
10:02:34   [32;22m     all[0m[34;1m     33.91[0m[34;22m      0.00[0m[34;1m     47.13[0m[34;22m      0.00[0m[34;22m      0.00[0m[35;1m     18.97[0m
10:02:35   [32;22m     all[0m[34;1m     31.03[0m[34;22m      0.00[0m[34;1m     43.68[0m[34;22m      0.00[0m[34;22m      0.00[0m[34;1m     25.29[0m
10:02:36   [32;22m     all[0m[34;1m     32.37[0m[34;22m      0.00[0m[34;1m     45.09[0m[34;22m      0.00[0m[34;22m      0.00[0m[35;1m     22.54[0m
10:02:37   [32;22m     all[0m[34;1m     28.49[0m[34;22m      0.00[0m[34;1m     40.70[0m[34;22m      0.00[0m[34;22m      0.00[0m[34;1m     30.81[0m
10:02:38   [32;22m     all[0m[34;1m     35.84[0m[34;22m      0.00[0m[34;1m     42.77[0m[34;1m      0.58[0m[34;22m      0.00[0m[35;1m     20.81[0m
10:02:39   [32;22m     all[0m[34;1m     32.39[0m[34;22m      0.00[0m[34;1m     44.89[0m[34;22m      0.00[0m[34;22m      0.00[0m[35;1m     22.73[0m
10:02:40   [32;22m     all[0m[34;1m     34.48[0m[34;22m      0.00[0m[34;1m     45.98[0m[34;22m      0.00[0m[34;22m      0.00[0m[35;1m     19.54[0m
10:02:41   [32;22m     all[0m[34;1m     35.12[0m[34;22m      0.00[0m[34;1m     48.81[0m[34;22m      0.00[0m[34;22m      0.00[0m[35;1m     16.07[0m
10:02:42   [32;22m     all[0m[34;1m     29.48[0m[34;22m      0.00[0m[34;1m     42.20[0m[34;22m      0.00[0m[34;22m      0.00[0m[34;1m     28.32[0m
10:02:43   [32;22m     all[0m[34;1m     35.47[0m[34;22m      0.00[0m[34;1m     43.60[0m[34;22m      0.00[0m[34;22m      0.00[0m[35;1m     20.93[0m
10:02:44   [32;22m     all[0m[34;1m     37.50[0m[34;22m      0.00[0m[34;1m     44.89[0m[34;22m      0.00[0m[34;22m      0.00[0m[35;1m     17.61[0m
10:02:45   [32;22m     all[0m[34;1m     29.71[0m[34;22m      0.00[0m[34;1m     50.86[0m[34;22m      0.00[0m[34;22m      0.00[0m[35;1m     19.43[0m
10:02:46   [32;22m     all[0m[34;1m     32.20[0m[34;22m      0.00[0m[34;1m     42.94[0m[34;22m      0.00[0m[34;22m      0.00[0m[35;1m     24.86[0m
10:02:47   [32;22m     all[0m[34;1m     27.49[0m[34;22m      0.00[0m[34;1m     45.03[0m[34;22m      0.00[0m[34;22m      0.00[0m[34;1m     27.49[0m
10:02:48   [32;22m     all[0m[34;1m     30.86[0m[34;22m      0.00[0m[34;1m     45.14[0m[34;22m      0.00[0m[34;22m      0.00[0m[35;1m     24.00[0m
10:02:49   [32;22m     all[0m[34;1m     34.30[0m[34;22m      0.00[0m[34;1m     47.09[0m[34;22m      0.00[0m[34;22m      0.00[0m[35;1m     18.60[0m
10:02:50   [32;22m     all[0m[34;1m     31.43[0m[34;22m      0.00[0m[34;1m     48.57[0m[34;22m      0.00[0m[34;22m      0.00[0m[35;1m     20.00[0m
10:02:51   [32;22m     all[0m[34;1m     30.36[0m[34;22m      0.00[0m[34;1m     42.26[0m[34;22m      0.00[0m[34;22m      0.00[0m[34;1m     27.38[0m
10:02:52   [32;22m     all[0m[34;1m     33.14[0m[34;22m      0.00[0m[34;1m     46.86[0m[34;22m      0.00[0m[34;22m      0.00[0m[35;1m     20.00[0m
10:02:53   [32;22m     all[0m[34;1m     26.16[0m[34;22m      0.00[0m[34;1m     43.60[0m[34;22m      0.00[0m[34;22m      0.00[0m[34;1m     30.23[0m
10:02:54   [32;22m     all[0m[34;1m     36.57[0m[34;22m      0.00[0m[34;1m     44.00[0m[34;22m      0.00[0m[34;22m      0.00[0m[35;1m     19.43[0m
10:02:55   [32;22m     all[0m[34;1m     30.23[0m[34;22m      0.00[0m[34;1m     48.84[0m[34;22m      0.00[0m[34;22m      0.00[0m[35;1m     20.93[0m
10:02:56   [32;22m     all[0m[34;1m     29.89[0m[34;22m      0.00[0m[34;1m     49.43[0m[34;22m      0.00[0m[34;22m      0.00[0m[35;1m     20.69[0m
10:02:57   [32;22m     all[0m[34;1m     27.88[0m[34;22m      0.00[0m[34;1m     43.03[0m[34;22m      0.00[0m[34;22m      0.00[0m[34;1m     29.09[0m
10:02:58   [32;22m     all[0m[34;1m     36.36[0m[34;22m      0.00[0m[34;1m     47.16[0m[34;1m      0.57[0m[34;22m      0.00[0m[35;1m     15.91[0m
10:02:59   [32;22m     all[0m[34;1m     44.38[0m[34;22m      0.00[0m[34;1m     46.63[0m[34;22m      0.00[0m[34;22m      0.00[0m[31;1m      8.99[0m
10:03:00   [32;22m     all[0m[34;1m     32.37[0m[34;22m      0.00[0m[34;1m     44.51[0m[34;22m      0.00[0m[34;22m      0.00[0m[35;1m     23.12[0m
10:03:01   [32;22m     all[0m[34;1m     32.35[0m[34;22m      0.00[0m[34;1m     50.00[0m[34;1m      0.59[0m[34;22m      0.00[0m[35;1m     17.06[0m
10:03:02   [32;22m     all[0m[34;1m     30.64[0m[34;22m      0.00[0m[34;1m     43.35[0m[34;22m      0.00[0m[34;22m      0.00[0m[34;1m     26.01[0m
10:03:03   [32;22m     all[0m[34;1m     26.74[0m[34;22m      0.00[0m[34;1m     47.09[0m[34;22m      0.00[0m[34;22m      0.00[0m[34;1m     26.16[0m
10:03:04   [32;22m     all[0m[34;1m     34.66[0m[34;22m      0.00[0m[34;1m     50.00[0m[34;22m      0.00[0m[34;22m      0.00[0m[35;1m     15.34[0m
10:03:05   [32;22m     all[0m[34;1m     31.98[0m[34;22m      0.00[0m[34;1m     50.00[0m[34;22m      0.00[0m[34;22m      0.00[0m[35;1m     18.02[0m
10:03:06   [32;22m     all[0m[34;1m     28.57[0m[34;22m      0.00[0m[34;1m     42.26[0m[34;22m      0.00[0m[34;22m      0.00[0m[34;1m     29.17[0m
10:03:07   [32;22m     all[0m[34;1m     28.05[0m[34;22m      0.00[0m[34;1m     40.85[0m[34;22m      0.00[0m[34;22m      0.00[0m[34;1m     31.10[0m
10:03:08   [32;22m     all[0m[34;1m     31.76[0m[34;22m      0.00[0m[34;1m     44.71[0m[34;22m      0.00[0m[34;22m      0.00[0m[35;1m     23.53[0m
10:03:09   [32;22m     all[0m[34;1m     33.72[0m[34;22m      0.00[0m[34;1m     48.84[0m[34;22m      0.00[0m[34;22m      0.00[0m[35;1m     17.44[0m
10:03:10   [32;22m     all[0m[34;1m     31.43[0m[34;22m      0.00[0m[34;1m     52.00[0m[34;22m      0.00[0m[34;22m      0.00[0m[35;1m     16.57[0m
10:03:11   [32;22m     all[0m[34;1m     32.16[0m[34;22m      0.00[0m[34;1m     46.20[0m[34;22m      0.00[0m[34;22m      0.00[0m[35;1m     21.64[0m
10:03:12   [32;22m     all[0m[34;1m     30.59[0m[34;22m      0.00[0m[34;1m     47.06[0m[34;22m      0.00[0m[34;22m      0.00[0m[35;1m     22.35[0m
10:03:13   [32;22m     all[0m[34;1m     34.48[0m[34;22m      0.00[0m[34;1m     47.70[0m[34;22m      0.00[0m[34;22m      0.00[0m[35;1m     17.82[0m
10:03:14   [32;22m     all[0m[34;1m     42.86[0m[34;22m      0.00[0m[34;1m     48.35[0m[34;22m      0.00[0m[34;22m      0.00[0m[31;1m      8.79[0m
10:03:15   [32;22m     all[0m[34;1m     31.84[0m[34;22m      0.00[0m[34;1m     51.96[0m[34;22m      0.00[0m[34;22m      0.00[0m[35;1m     16.20[0m
10:03:16   [32;22m     all[0m[34;1m     31.40[0m[34;22m      0.00[0m[34;1m     47.67[0m[34;22m      0.00[0m[34;22m      0.00[0m[35;1m     20.93[0m
10:03:17   [32;22m     all[0m[34;1m     30.95[0m[34;22m      0.00[0m[34;1m     45.83[0m[34;22m      0.00[0m[34;22m      0.00[0m[35;1m     23.21[0m
10:03:18   [32;22m     all[0m[34;1m     31.03[0m[34;22m      0.00[0m[34;1m     44.25[0m[34;22m      0.00[0m[34;22m      0.00[0m[35;1m     24.71[0m
10:03:19   [32;22m     all[0m[34;1m     34.73[0m[34;22m      0.00[0m[34;1m     47.90[0m[34;22m      0.00[0m[34;22m      0.00[0m[35;1m     17.37[0m
10:03:20   [32;22m     all[0m[34;1m     37.29[0m[34;22m      0.00[0m[34;1m     45.76[0m[34;22m      0.00[0m[34;22m      0.00[0m[35;1m     16.95[0m
10:03:21   [32;22m     all[0m[34;1m     28.65[0m[34;22m      0.00[0m[34;1m     46.20[0m[34;22m      0.00[0m[34;22m      0.00[0m[34;1m     25.15[0m
10:03:22   [32;22m     all[0m[34;1m     36.42[0m[34;22m      0.00[0m[34;1m     46.82[0m[34;22m      0.00[0m[34;22m      0.00[0m[35;1m     16.76[0m
10:03:23   [32;22m     all[0m[34;1m     33.92[0m[34;22m      0.00[0m[34;1m     47.37[0m[34;22m      0.00[0m[34;22m      0.00[0m[35;1m     18.71[0m
10:03:24   [32;22m     all[0m[34;1m     40.12[0m[34;22m      0.00[0m[34;1m     44.19[0m[34;22m      0.00[0m[34;22m      0.00[0m[35;1m     15.70[0m
10:03:25   [32;22m     all[0m[34;1m     29.82[0m[34;22m      0.00[0m[34;1m     43.27[0m[34;22m      0.00[0m[34;22m      0.00[0m[34;1m     26.90[0m
10:03:26   [32;22m     all[0m[34;1m     35.26[0m[34;22m      0.00[0m[34;1m     50.29[0m[34;22m      0.00[0m[34;22m      0.00[0m[35;1m     14.45[0m
10:03:27   [32;22m     all[0m[34;1m     30.59[0m[34;22m      0.00[0m[34;1m     44.71[0m[34;22m      0.00[0m[34;22m      0.00[0m[35;1m     24.71[0m
10:03:28   [32;22m     all[0m[34;1m     33.73[0m[34;22m      0.00[0m[34;1m     44.97[0m[34;22m      0.00[0m[34;22m      0.00[0m[35;1m     21.30[0m
10:03:29   [32;22m     all[0m[34;1m     45.45[0m[34;22m      0.00[0m[34;1m     37.50[0m[34;22m      0.00[0m[34;22m      0.00[0m[35;1m     17.05[0m
10:03:30   [32;22m     all[0m[34;1m     42.37[0m[34;22m      0.00[0m[34;1m     47.46[0m[34;1m      0.56[0m[34;22m      0.00[0m[31;1m      9.60[0m
10:03:31   [32;22m     all[0m[34;1m     35.06[0m[34;22m      0.00[0m[34;1m     47.70[0m[34;22m      0.00[0m[34;22m      0.00[0m[35;1m     17.24[0m
10:03:32   [32;22m     all[0m[34;1m     30.12[0m[34;22m      0.00[0m[34;1m     43.98[0m[34;22m      0.00[0m[34;22m      0.00[0m[34;1m     25.90[0m
10:03:33   [32;22m     all[0m[34;1m     32.53[0m[34;22m      0.00[0m[34;1m     44.58[0m[34;22m      0.00[0m[34;22m      0.00[0m[35;1m     22.89[0m
10:03:34   [32;22m     all[0m[34;1m     33.92[0m[34;22m      0.00[0m[34;1m     43.86[0m[34;22m      0.00[0m[34;22m      0.00[0m[35;1m     22.22[0m
10:03:35   [32;22m     all[0m[34;1m     39.20[0m[34;22m      0.00[0m[34;1m     47.73[0m[34;22m      0.00[0m[34;22m      0.00[0m[35;1m     13.07[0m
10:03:36   [32;22m     all[0m[34;1m     34.10[0m[34;22m      0.00[0m[34;1m     45.09[0m[34;22m      0.00[0m[34;22m      0.00[0m[35;1m     20.81[0m
10:03:37   [32;22m     all[0m[34;1m     31.36[0m[34;22m      0.00[0m[34;1m     43.79[0m[34;22m      0.00[0m[34;22m      0.00[0m[35;1m     24.85[0m
10:03:38   [32;22m     all[0m[34;1m     29.52[0m[34;22m      0.00[0m[34;1m     46.39[0m[34;22m      0.00[0m[34;22m      0.00[0m[35;1m     24.10[0m
10:03:39   [32;22m     all[0m[34;1m     32.76[0m[34;22m      0.00[0m[34;1m     45.40[0m[34;22m      0.00[0m[34;22m      0.00[0m[35;1m     21.84[0m
10:03:40   [32;22m     all[0m[34;1m     38.29[0m[34;22m      0.00[0m[34;1m     49.14[0m[34;22m      0.00[0m[34;22m      0.00[0m[35;1m     12.57[0m
10:03:41   [32;22m     all[0m[34;1m     31.95[0m[34;22m      0.00[0m[34;1m     46.15[0m[34;22m      0.00[0m[34;22m      0.00[0m[35;1m     21.89[0m
10:03:42   [32;22m     all[0m[34;1m     34.68[0m[34;22m      0.00[0m[34;1m     46.24[0m[34;22m      0.00[0m[34;22m      0.00[0m[35;1m     19.08[0m
10:03:43   [32;22m     all[0m[34;1m     36.05[0m[34;22m      0.00[0m[34;1m     46.51[0m[34;22m      0.00[0m[34;22m      0.00[0m[35;1m     17.44[0m
10:03:44   [32;22m     all[0m[34;1m     50.53[0m[34;22m      0.00[0m[34;1m     46.84[0m[34;22m      0.00[0m[34;22m      0.00[0m[31;1m      2.63[0m
10:03:45   [32;22m     all[0m[34;1m     31.33[0m[34;22m      0.00[0m[34;1m     43.98[0m[34;22m      0.00[0m[34;22m      0.00[0m[35;1m     24.70[0m
10:03:46   [32;22m     all[0m[34;1m     31.79[0m[34;22m      0.00[0m[34;1m     48.55[0m[34;22m      0.00[0m[34;22m      0.00[0m[35;1m     19.65[0m
10:03:47   [32;22m     all[0m[34;1m     28.00[0m[34;22m      0.00[0m[34;1m     45.71[0m[34;22m      0.00[0m[34;22m      0.00[0m[34;1m     26.29[0m
10:03:48   [32;22m     all[0m[34;1m     36.99[0m[34;22m      0.00[0m[34;1m     47.98[0m[34;22m      0.00[0m[34;22m      0.00[0m[35;1m     15.03[0m
10:03:49   [32;22m     all[0m[34;1m     34.29[0m[34;22m      0.00[0m[34;1m     44.00[0m[34;22m      0.00[0m[34;22m      0.00[0m[35;1m     21.71[0m
10:03:50   [32;22m     all[0m[34;1m     36.67[0m[34;22m      0.00[0m[34;1m     48.33[0m[34;22m      0.00[0m[34;22m      0.00[0m[35;1m     15.00[0m
10:03:51   [32;22m     all[0m[34;1m     32.35[0m[34;22m      0.00[0m[34;1m     48.82[0m[34;22m      0.00[0m[34;22m      0.00[0m[35;1m     18.82[0m
10:03:52   [32;22m     all[0m[34;1m     31.21[0m[34;22m      0.00[0m[34;1m     49.71[0m[34;22m      0.00[0m[34;22m      0.00[0m[35;1m     19.08[0m
10:03:53   [32;22m     all[0m[34;1m     33.14[0m[34;22m      0.00[0m[34;1m     43.60[0m[34;22m      0.00[0m[34;22m      0.00[0m[35;1m     23.26[0m
10:03:54   [32;22m     all[0m[34;1m     33.14[0m[34;22m      0.00[0m[34;1m     45.93[0m[34;22m      0.00[0m[34;22m      0.00[0m[35;1m     20.93[0m
10:03:55   [32;22m     all[0m[34;1m     33.53[0m[34;22m      0.00[0m[34;1m     49.71[0m[34;22m      0.00[0m[34;22m      0.00[0m[35;1m     16.76[0m
10:03:56   [32;22m     all[0m[34;1m     31.21[0m[34;22m      0.00[0m[34;1m     47.40[0m[34;22m      0.00[0m[34;22m      0.00[0m[35;1m     21.39[0m
10:03:57   [32;22m     all[0m[34;1m     31.40[0m[34;22m      0.00[0m[34;1m     47.09[0m[34;22m      0.00[0m[34;22m      0.00[0m[35;1m     21.51[0m
10:03:58   [32;22m     all[0m[34;1m     34.12[0m[34;22m      0.00[0m[34;1m     46.47[0m[34;1m      0.59[0m[34;22m      0.00[0m[35;1m     18.82[0m
10:03:59   [32;22m     all[0m[34;1m     39.89[0m[34;22m      0.00[0m[34;1m     47.19[0m[34;22m      0.00[0m[34;22m      0.00[0m[35;1m     12.92[0m
10:04:00   [32;22m     all[0m[34;1m     33.15[0m[34;22m      0.00[0m[34;1m     48.31[0m[34;22m      0.00[0m[34;22m      0.00[0m[35;1m     18.54[0m
10:04:01   [32;22m     all[0m[34;1m     36.72[0m[34;22m      0.00[0m[34;1m     47.46[0m[34;22m      0.00[0m[34;22m      0.00[0m[35;1m     15.82[0m
10:04:02   [32;22m     all[0m[34;1m     28.57[0m[34;22m      0.00[0m[34;1m     44.05[0m[34;22m      0.00[0m[34;22m      0.00[0m[34;1m     27.38[0m
10:04:03   [32;22m     all[0m[34;1m     32.35[0m[34;22m      0.00[0m[34;1m     47.65[0m[34;22m      0.00[0m[34;22m      0.00[0m[35;1m     20.00[0m
10:04:04   [32;22m     all[0m[34;1m     34.86[0m[34;22m      0.00[0m[34;1m     48.00[0m[34;22m      0.00[0m[34;22m      0.00[0m[35;1m     17.14[0m
10:04:05   [32;22m     all[0m[34;1m     28.90[0m[34;22m      0.00[0m[34;1m     46.82[0m[34;1m      0.58[0m[34;22m      0.00[0m[35;1m     23.70[0m
10:04:06   [32;22m     all[0m[34;1m     29.89[0m[34;22m      0.00[0m[34;1m     49.43[0m[34;22m      0.00[0m[34;22m      0.00[0m[35;1m     20.69[0m
10:04:07   [32;22m     all[0m[34;1m     32.74[0m[34;22m      0.00[0m[34;1m     53.57[0m[34;22m      0.00[0m[34;22m      0.00[0m[35;1m     13.69[0m
10:04:08   [32;22m     all[0m[34;1m     29.63[0m[34;22m      0.00[0m[34;1m     43.83[0m[34;22m      0.00[0m[34;22m      0.00[0m[34;1m     26.54[0m
10:04:09   [32;22m     all[0m[34;1m     32.75[0m[34;22m      0.00[0m[34;1m     47.37[0m[34;22m      0.00[0m[34;22m      0.00[0m[35;1m     19.88[0m
10:04:10   [32;22m     all[0m[34;1m     27.65[0m[34;22m      0.00[0m[34;1m     42.94[0m[34;22m      0.00[0m[34;22m      0.00[0m[34;1m     29.41[0m
10:04:11   [32;22m     all[0m[34;1m     34.48[0m[34;22m      0.00[0m[34;1m     47.13[0m[34;22m      0.00[0m[34;22m      0.00[0m[35;1m     18.39[0m
10:04:12   [32;22m     all[0m[34;1m     32.75[0m[34;22m      0.00[0m[34;1m     50.88[0m[34;22m      0.00[0m[34;22m      0.00[0m[35;1m     16.37[0m
10:04:13   [32;22m     all[0m[34;1m     33.72[0m[34;22m      0.00[0m[34;1m     49.42[0m[34;22m      0.00[0m[34;22m      0.00[0m[35;1m     16.86[0m
10:04:14   [32;22m     all[0m[34;1m     39.89[0m[34;22m      0.00[0m[34;1m     44.38[0m[34;22m      0.00[0m[34;22m      0.00[0m[35;1m     15.73[0m
10:04:15   [32;22m     all[0m[34;1m     29.07[0m[34;22m      0.00[0m[34;1m     49.42[0m[34;22m      0.00[0m[34;22m      0.00[0m[35;1m     21.51[0m
10:04:16   [32;22m     all[0m[34;1m     33.33[0m[34;22m      0.00[0m[34;1m     47.37[0m[34;22m      0.00[0m[34;22m      0.00[0m[35;1m     19.30[0m
10:04:17   [32;22m     all[0m[34;1m     28.49[0m[34;22m      0.00[0m[34;1m     47.09[0m[34;22m      0.00[0m[34;22m      0.00[0m[35;1m     24.42[0m
10:04:18   [32;22m     all[0m[34;1m     26.95[0m[34;22m      0.00[0m[34;1m     51.50[0m[34;22m      0.00[0m[34;22m      0.00[0m[35;1m     21.56[0m
10:04:19   [32;22m     all[0m[34;1m     31.03[0m[34;22m      0.00[0m[34;1m     48.85[0m[34;22m      0.00[0m[34;22m      0.00[0m[35;1m     20.11[0m
10:04:20   [32;22m     all[0m[34;1m     33.52[0m[34;22m      0.00[0m[34;1m     49.43[0m[34;22m      0.00[0m[34;22m      0.00[0m[35;1m     17.05[0m
10:04:21   [32;22m     all[0m[34;1m     37.08[0m[34;22m      0.00[0m[34;1m     51.69[0m[34;22m      0.00[0m[34;22m      0.00[0m[35;1m     11.24[0m
10:04:22   [32;22m     all[0m[34;1m     28.82[0m[34;22m      0.00[0m[34;1m     48.24[0m[34;22m      0.00[0m[34;22m      0.00[0m[35;1m     22.94[0m
10:04:23   [32;22m     all[0m[34;1m     29.17[0m[34;22m      0.00[0m[34;1m     50.60[0m[34;22m      0.00[0m[34;22m      0.00[0m[35;1m     20.24[0m
10:04:24   [32;22m     all[0m[34;1m     33.33[0m[34;22m      0.00[0m[34;1m     52.98[0m[34;22m      0.00[0m[34;22m      0.00[0m[35;1m     13.69[0m
10:04:25   [32;22m     all[0m[34;1m     28.74[0m[34;22m      0.00[0m[34;1m     52.30[0m[34;22m      0.00[0m[34;22m      0.00[0m[35;1m     18.97[0m
10:04:26   [32;22m     all[0m[34;1m     31.36[0m[34;22m      0.00[0m[34;1m     49.11[0m[34;22m      0.00[0m[34;22m      0.00[0m[35;1m     19.53[0m
10:04:27   [32;22m     all[0m[34;1m     30.86[0m[34;22m      0.00[0m[34;1m     49.14[0m[34;22m      0.00[0m[34;22m      0.00[0m[35;1m     20.00[0m
10:04:28   [32;22m     all[0m[34;1m     36.47[0m[34;22m      0.00[0m[34;1m     50.59[0m[34;22m      0.00[0m[34;22m      0.00[0m[35;1m     12.94[0m
10:04:29   [32;22m     all[0m[34;1m     38.95[0m[34;22m      0.00[0m[34;1m     46.51[0m[34;22m      0.00[0m[34;22m      0.00[0m[35;1m     14.53[0m
10:04:30   [32;22m     all[0m[34;1m     34.68[0m[34;22m      0.00[0m[34;1m     47.98[0m[34;22m      0.00[0m[34;22m      0.00[0m[35;1m     17.34[0m
10:04:31   [32;22m     all[0m[34;1m     37.71[0m[34;22m      0.00[0m[34;1m     45.71[0m[34;22m      0.00[0m[34;22m      0.00[0m[35;1m     16.57[0m
10:04:32   [32;22m     all[0m[34;1m     33.71[0m[34;22m      0.00[0m[34;1m     54.29[0m[34;22m      0.00[0m[34;22m      0.00[0m[35;1m     12.00[0m
10:04:33   [32;22m     all[0m[34;1m     33.14[0m[34;22m      0.00[0m[34;1m     44.97[0m[34;22m      0.00[0m[34;22m      0.00[0m[35;1m     21.89[0m
10:04:34   [32;22m     all[0m[34;1m     31.61[0m[34;22m      0.00[0m[34;1m     46.55[0m[34;22m      0.00[0m[34;22m      0.00[0m[35;1m     21.84[0m
10:04:35   [32;22m     all[0m[34;1m     31.36[0m[34;22m      0.00[0m[34;1m     47.34[0m[34;22m      0.00[0m[34;22m      0.00[0m[35;1m     21.30[0m
10:04:36   [32;22m     all[0m[34;1m     34.50[0m[34;22m      0.00[0m[34;1m     47.95[0m[34;22m      0.00[0m[34;22m      0.00[0m[35;1m     17.54[0m
10:04:37   [32;22m     all[0m[34;1m     32.37[0m[34;22m      0.00[0m[34;1m     46.82[0m[34;22m      0.00[0m[34;22m      0.00[0m[35;1m     20.81[0m
10:04:38   [32;22m     all[0m[34;1m     32.94[0m[34;22m      0.00[0m[34;1m     45.88[0m[34;22m      0.00[0m[34;22m      0.00[0m[35;1m     21.18[0m
10:04:39   [32;22m     all[0m[34;1m     28.74[0m[34;22m      0.00[0m[34;1m     51.72[0m[34;22m      0.00[0m[34;22m      0.00[0m[35;1m     19.54[0m
10:04:40   [32;22m     all[0m[34;1m     32.14[0m[34;22m      0.00[0m[34;1m     46.43[0m[34;22m      0.00[0m[34;22m      0.00[0m[35;1m     21.43[0m
10:04:41   [32;22m     all[0m[34;1m     30.46[0m[34;22m      0.00[0m[34;1m     49.43[0m[34;22m      0.00[0m[34;22m      0.00[0m[35;1m     20.11[0m
10:04:42   [32;22m     all[0m[34;1m     34.10[0m[34;22m      0.00[0m[34;1m     42.20[0m[34;22m      0.00[0m[34;22m      0.00[0m[35;1m     23.70[0m
10:04:43   [32;22m     all[0m[34;1m     35.84[0m[34;22m      0.00[0m[34;1m     47.40[0m[34;22m      0.00[0m[34;22m      0.00[0m[35;1m     16.76[0m
10:04:44   [32;22m     all[0m[34;1m     40.45[0m[34;22m      0.00[0m[34;1m     46.63[0m[34;22m      0.00[0m[34;22m      0.00[0m[35;1m     12.92[0m
10:04:45   [32;22m     all[0m[34;1m     30.95[0m[34;22m      0.00[0m[34;1m     47.02[0m[34;22m      0.00[0m[34;22m      0.00[0m[35;1m     22.02[0m
10:04:46   [32;22m     all[0m[34;1m     31.61[0m[34;22m      0.00[0m[34;1m     50.00[0m[34;22m      0.00[0m[34;22m      0.00[0m[35;1m     18.39[0m
10:04:47   [32;22m     all[0m[34;1m     32.56[0m[34;22m      0.00[0m[34;1m     45.93[0m[34;22m      0.00[0m[34;22m      0.00[0m[35;1m     21.51[0m
10:04:48   [32;22m     all[0m[34;1m     33.53[0m[34;22m      0.00[0m[34;1m     45.88[0m[34;22m      0.00[0m[34;22m      0.00[0m[35;1m     20.59[0m
10:04:49   [32;22m     all[0m[34;1m     29.94[0m[34;22m      0.00[0m[34;1m     46.11[0m[34;22m      0.00[0m[34;22m      0.00[0m[35;1m     23.95[0m
10:04:50   [32;22m     all[0m[34;1m     39.20[0m[34;22m      0.00[0m[34;1m     46.02[0m[34;22m      0.00[0m[34;22m      0.00[0m[35;1m     14.77[0m
10:04:51   [32;22m     all[0m[34;1m     30.06[0m[34;22m      0.00[0m[34;1m     46.01[0m[34;22m      0.00[0m[34;22m      0.00[0m[35;1m     23.93[0m
10:04:52   [32;22m     all[0m[34;1m     38.76[0m[34;22m      0.00[0m[34;1m     44.94[0m[34;22m      0.00[0m[34;22m      0.00[0m[35;1m     16.29[0m
10:04:53   [32;22m     all[0m[34;1m     32.34[0m[34;22m      0.00[0m[34;1m     45.51[0m[34;22m      0.00[0m[34;22m      0.00[0m[35;1m     22.16[0m
10:04:54   [32;22m     all[0m[34;1m     36.21[0m[34;22m      0.00[0m[34;1m     45.98[0m[34;22m      0.00[0m[34;22m      0.00[0m[35;1m     17.82[0m
10:04:55   [32;22m     all[0m[34;1m     33.53[0m[34;22m      0.00[0m[34;1m     49.71[0m[34;22m      0.00[0m[34;22m      0.00[0m[35;1m     16.76[0m
10:04:56   [32;22m     all[0m[34;1m     33.73[0m[34;22m      0.00[0m[34;1m     45.56[0m[34;22m      0.00[0m[34;22m      0.00[0m[35;1m     20.71[0m
10:04:57   [32;22m     all[0m[34;1m     33.14[0m[34;22m      0.00[0m[34;1m     47.43[0m[34;22m      0.00[0m[34;22m      0.00[0m[35;1m     19.43[0m
10:04:58   [32;22m     all[0m[34;1m     35.03[0m[34;22m      0.00[0m[34;1m     49.15[0m[34;22m      0.00[0m[34;22m      0.00[0m[35;1m     15.82[0m
10:04:59   [32;22m     all[0m[34;1m     34.29[0m[34;22m      0.00[0m[34;1m     49.14[0m[34;22m      0.00[0m[34;22m      0.00[0m[35;1m     16.57[0m
10:05:00   [32;22m     all[0m[34;1m     31.40[0m[34;22m      0.00[0m[34;1m     45.93[0m[34;1m      0.58[0m[34;22m      0.00[0m[35;1m     22.09[0m
10:05:01   [32;22m     all[0m[34;1m     35.20[0m[34;22m      0.00[0m[34;1m     49.72[0m[34;22m      0.00[0m[34;22m      0.00[0m[35;1m     15.08[0m
10:05:02   [32;22m     all[0m[34;1m     34.50[0m[34;22m      0.00[0m[34;1m     40.94[0m[34;22m      0.00[0m[34;22m      0.00[0m[35;1m     24.56[0m
10:05:03   [32;22m     all[0m[34;1m     30.29[0m[34;22m      0.00[0m[34;1m     50.86[0m[34;22m      0.00[0m[34;22m      0.00[0m[35;1m     18.86[0m
10:05:04   [32;22m     all[0m[34;1m     38.29[0m[34;22m      0.00[0m[34;1m     49.71[0m[34;22m      0.00[0m[34;22m      0.00[0m[35;1m     12.00[0m
10:05:05   [32;22m     all[0m[34;1m     31.79[0m[34;22m      0.00[0m[34;1m     50.87[0m[34;22m      0.00[0m[34;22m      0.00[0m[35;1m     17.34[0m
10:05:06   [32;22m     all[0m[34;1m     33.52[0m[34;22m      0.00[0m[34;1m     50.57[0m[34;22m      0.00[0m[34;22m      0.00[0m[35;1m     15.91[0m
10:05:07   [32;22m     all[0m[34;1m     28.07[0m[34;22m      0.00[0m[34;1m     46.20[0m[34;22m      0.00[0m[34;22m      0.00[0m[34;1m     25.73[0m
10:05:08   [32;22m     all[0m[34;1m     29.07[0m[34;22m      0.00[0m[34;1m     47.09[0m[34;22m      0.00[0m[34;22m      0.00[0m[35;1m     23.84[0m
10:05:09   [32;22m     all[0m[34;1m     32.16[0m[34;22m      0.00[0m[34;1m     46.20[0m[34;22m      0.00[0m[34;22m      0.00[0m[35;1m     21.64[0m
10:05:10   [32;22m     all[0m[34;1m     34.09[0m[34;22m      0.00[0m[34;1m     47.16[0m[34;22m      0.00[0m[34;22m      0.00[0m[35;1m     18.75[0m
10:05:11   [32;22m     all[0m[34;1m     30.29[0m[34;22m      0.00[0m[34;1m     50.29[0m[34;22m      0.00[0m[34;22m      0.00[0m[35;1m     19.43[0m
10:05:12   [32;22m     all[0m[34;1m     32.75[0m[34;22m      0.00[0m[34;1m     45.61[0m[34;22m      0.00[0m[34;22m      0.00[0m[35;1m     21.64[0m
10:05:13   [32;22m     all[0m[34;1m     30.81[0m[34;22m      0.00[0m[34;1m     52.33[0m[34;22m      0.00[0m[34;22m      0.00[0m[35;1m     16.86[0m
10:05:14   [32;22m     all[0m[34;1m     38.76[0m[34;22m      0.00[0m[34;1m     49.44[0m[34;22m      0.00[0m[34;22m      0.00[0m[35;1m     11.80[0m
10:05:15   [32;22m     all[0m[34;1m     29.76[0m[34;22m      0.00[0m[34;1m     51.79[0m[34;22m      0.00[0m[34;22m      0.00[0m[35;1m     18.45[0m
10:05:16   [32;22m     all[0m[34;1m     34.27[0m[34;22m      0.00[0m[34;1m     48.31[0m[34;22m      0.00[0m[34;22m      0.00[0m[35;1m     17.42[0m
10:05:17   [32;22m     all[0m[34;1m     30.00[0m[34;22m      0.00[0m[34;1m     49.41[0m[34;1m      0.59[0m[34;22m      0.00[0m[35;1m     20.00[0m
10:05:18   [32;22m     all[0m[34;1m     34.10[0m[34;22m      0.00[0m[34;1m     52.60[0m[34;22m      0.00[0m[34;22m      0.00[0m[35;1m     13.29[0m
10:05:19   [32;22m     all[0m[34;1m     30.41[0m[34;22m      0.00[0m[34;1m     47.37[0m[34;22m      0.00[0m[34;22m      0.00[0m[35;1m     22.22[0m
10:05:20   [32;22m     all[0m[34;1m     30.41[0m[34;22m      0.00[0m[34;1m     44.44[0m[34;22m      0.00[0m[34;22m      0.00[0m[34;1m     25.15[0m
10:05:21   [32;22m     all[0m[34;1m     30.18[0m[34;22m      0.00[0m[34;1m     48.52[0m[34;22m      0.00[0m[34;22m      0.00[0m[35;1m     21.30[0m
10:05:22   [32;22m     all[0m[34;1m     31.61[0m[34;22m      0.00[0m[34;1m     43.68[0m[34;22m      0.00[0m[34;22m      0.00[0m[35;1m     24.71[0m
10:05:23   [32;22m     all[0m[34;1m     28.57[0m[34;22m      0.00[0m[34;1m     48.21[0m[34;22m      0.00[0m[34;22m      0.00[0m[35;1m     23.21[0m
10:05:24   [32;22m     all[0m[34;1m     31.82[0m[34;22m      0.00[0m[34;1m     48.30[0m[34;22m      0.00[0m[34;22m      0.00[0m[35;1m     19.89[0m
10:05:25   [32;22m     all[0m[34;1m     31.40[0m[34;22m      0.00[0m[34;1m     49.42[0m[34;22m      0.00[0m[34;22m      0.00[0m[35;1m     19.19[0m
10:05:26   [32;22m     all[0m[34;1m     29.31[0m[34;22m      0.00[0m[34;1m     44.83[0m[34;22m      0.00[0m[34;22m      0.00[0m[34;1m     25.86[0m
10:05:27   [32;22m     all[0m[34;1m     32.54[0m[34;22m      0.00[0m[34;1m     46.75[0m[34;22m      0.00[0m[34;22m      0.00[0m[35;1m     20.71[0m
10:05:28   [32;22m     all[0m[34;1m     35.43[0m[34;22m      0.00[0m[34;1m     47.43[0m[34;22m      0.00[0m[34;22m      0.00[0m[35;1m     17.14[0m
10:05:29   [32;22m     all[0m[34;1m     40.80[0m[34;22m      0.00[0m[34;1m     43.10[0m[34;22m      0.00[0m[34;22m      0.00[0m[35;1m     16.09[0m
10:05:30   [32;22m     all[0m[34;1m     34.10[0m[34;22m      0.00[0m[34;1m     49.71[0m[34;22m      0.00[0m[34;22m      0.00[0m[35;1m     16.18[0m
10:05:31   [32;22m     all[0m[34;1m     32.37[0m[34;22m      0.00[0m[34;1m     47.40[0m[34;22m      0.00[0m[34;22m      0.00[0m[35;1m     20.23[0m
10:05:32   [32;22m     all[0m[34;1m     30.77[0m[34;22m      0.00[0m[34;1m     47.93[0m[34;22m      0.00[0m[34;22m      0.00[0m[35;1m     21.30[0m
10:05:33   [32;22m     all[0m[34;1m     31.82[0m[34;22m      0.00[0m[34;1m     47.73[0m[34;22m      0.00[0m[34;22m      0.00[0m[35;1m     20.45[0m
10:05:34   [32;22m     all[0m[34;1m     34.50[0m[34;22m      0.00[0m[34;1m     52.05[0m[34;22m      0.00[0m[34;22m      0.00[0m[35;1m     13.45[0m
10:05:35   [32;22m     all[0m[34;1m     28.49[0m[34;22m      0.00[0m[34;1m     48.84[0m[34;22m      0.00[0m[34;22m      0.00[0m[35;1m     22.67[0m
10:05:36   [32;22m     all[0m[34;1m     31.33[0m[34;22m      0.00[0m[34;1m     50.60[0m[34;22m      0.00[0m[34;22m      0.00[0m[35;1m     18.07[0m
10:05:37   [32;22m     all[0m[34;1m     33.53[0m[34;22m      0.00[0m[34;1m     50.87[0m[34;22m      0.00[0m[34;22m      0.00[0m[35;1m     15.61[0m
10:05:38   [32;22m     all[0m[34;1m     30.99[0m[34;22m      0.00[0m[34;1m     46.20[0m[34;22m      0.00[0m[34;22m      0.00[0m[35;1m     22.81[0m
10:05:39   [32;22m     all[0m[34;1m     27.81[0m[34;22m      0.00[0m[34;1m     46.15[0m[34;22m      0.00[0m[34;22m      0.00[0m[34;1m     26.04[0m
10:05:40   [32;22m     all[0m[34;1m     34.10[0m[34;22m      0.00[0m[34;1m     51.45[0m[34;22m      0.00[0m[34;22m      0.00[0m[35;1m     14.45[0m
10:05:41   [32;22m     all[0m[34;1m     28.74[0m[34;22m      0.00[0m[34;1m     45.40[0m[34;22m      0.00[0m[34;22m      0.00[0m[34;1m     25.86[0m
10:05:42   [32;22m     all[0m[34;1m     29.82[0m[34;22m      0.00[0m[34;1m     47.37[0m[34;22m      0.00[0m[34;22m      0.00[0m[35;1m     22.81[0m
10:05:43   [32;22m     all[0m[34;1m     37.29[0m[34;22m      0.00[0m[34;1m     48.59[0m[34;22m      0.00[0m[34;22m      0.00[0m[35;1m     14.12[0m
10:05:44   [32;22m     all[0m[34;1m     38.51[0m[34;22m      0.00[0m[34;1m     47.70[0m[34;22m      0.00[0m[34;22m      0.00[0m[35;1m     13.79[0m
10:05:45   [32;22m     all[0m[34;1m     33.14[0m[34;22m      0.00[0m[34;1m     49.42[0m[34;22m      0.00[0m[34;22m      0.00[0m[35;1m     17.44[0m
10:05:46   [32;22m     all[0m[34;1m     28.24[0m[34;22m      0.00[0m[34;1m     44.12[0m[34;22m      0.00[0m[34;22m      0.00[0m[34;1m     27.65[0m
10:05:47   [32;22m     all[0m[34;1m     27.65[0m[34;22m      0.00[0m[34;1m     45.88[0m[34;22m      0.00[0m[34;22m      0.00[0m[34;1m     26.47[0m
10:05:48   [32;22m     all[0m[34;1m     35.33[0m[34;22m      0.00[0m[34;1m     45.51[0m[34;22m      0.00[0m[34;22m      0.00[0m[35;1m     19.16[0m
10:05:49   [32;22m     all[0m[34;1m     30.64[0m[34;22m      0.00[0m[34;1m     52.60[0m[34;22m      0.00[0m[34;22m      0.00[0m[35;1m     16.76[0m
10:05:50   [32;22m     all[0m[34;1m     34.30[0m[34;22m      0.00[0m[34;1m     47.09[0m[34;1m      0.58[0m[34;22m      0.00[0m[35;1m     18.02[0m
10:05:51   [32;22m     all[0m[34;1m     29.27[0m[34;22m      0.00[0m[34;1m     45.12[0m[34;22m      0.00[0m[34;22m      0.00[0m[34;1m     25.61[0m
10:05:52   [32;22m     all[0m[34;1m     29.59[0m[34;22m      0.00[0m[34;1m     51.48[0m[34;22m      0.00[0m[34;22m      0.00[0m[35;1m     18.93[0m
10:05:53   [32;22m     all[0m[34;1m     39.66[0m[34;22m      0.00[0m[34;1m     46.93[0m[34;22m      0.00[0m[34;22m      0.00[0m[35;1m     13.41[0m
10:05:54   [32;22m     all[0m[34;1m     40.34[0m[34;22m      0.00[0m[34;1m     49.43[0m[34;22m      0.00[0m[34;22m      0.00[0m[35;1m     10.23[0m
10:05:55   [32;22m     all[0m[34;1m     27.88[0m[34;22m      0.00[0m[34;1m     41.21[0m[34;22m      0.00[0m[34;22m      0.00[0m[34;1m     30.91[0m
10:05:56   [32;22m     all[0m[34;1m     35.47[0m[34;22m      0.00[0m[34;1m     49.42[0m[34;22m      0.00[0m[34;22m      0.00[0m[35;1m     15.12[0m
10:05:57   [32;22m     all[0m[34;1m     33.33[0m[34;22m      0.00[0m[34;1m     46.78[0m[34;22m      0.00[0m[34;22m      0.00[0m[35;1m     19.88[0m
10:05:58   [32;22m     all[0m[34;1m     35.50[0m[34;22m      0.00[0m[34;1m     47.93[0m[34;22m      0.00[0m[34;22m      0.00[0m[35;1m     16.57[0m
10:05:59   [32;22m     all[0m[34;1m     35.88[0m[34;22m      0.00[0m[34;1m     45.88[0m[34;22m      0.00[0m[34;22m      0.00[0m[35;1m     18.24[0m
10:06:00   [32;22m     all[0m[34;1m     29.76[0m[34;22m      0.00[0m[34;1m     49.40[0m[34;22m      0.00[0m[34;22m      0.00[0m[35;1m     20.83[0m
10:06:01   [32;22m     all[0m[34;1m     34.30[0m[34;22m      0.00[0m[34;1m     48.84[0m[34;22m      0.00[0m[34;22m      0.00[0m[35;1m     16.86[0m
10:06:02   [32;22m     all[0m[34;1m     35.09[0m[34;22m      0.00[0m[34;1m     48.54[0m[34;22m      0.00[0m[34;22m      0.00[0m[35;1m     16.37[0m
10:06:03   [32;22m     all[0m[34;1m     35.03[0m[34;22m      0.00[0m[34;1m     49.72[0m[34;22m      0.00[0m[34;22m      0.00[0m[35;1m     15.25[0m
10:06:04   [32;22m     all[0m[34;1m     35.23[0m[34;22m      0.00[0m[34;1m     51.70[0m[34;22m      0.00[0m[34;22m      0.00[0m[35;1m     13.07[0m
10:06:05   [32;22m     all[0m[34;1m     31.36[0m[34;22m      0.00[0m[34;1m     45.56[0m[34;22m      0.00[0m[34;22m      0.00[0m[35;1m     23.08[0m
10:06:06   [32;22m     all[0m[34;1m     31.36[0m[34;22m      0.00[0m[34;1m     46.15[0m[34;22m      0.00[0m[34;22m      0.00[0m[35;1m     22.49[0m
10:06:07   [32;22m     all[0m[34;1m     32.95[0m[34;22m      0.00[0m[34;1m     50.57[0m[34;22m      0.00[0m[34;22m      0.00[0m[35;1m     16.48[0m
10:06:08   [32;22m     all[0m[34;1m     32.76[0m[34;22m      0.00[0m[34;1m     45.98[0m[34;22m      0.00[0m[34;22m      0.00[0m[35;1m     21.26[0m
10:06:09   [32;22m     all[0m[34;1m     31.79[0m[34;22m      0.00[0m[34;1m     47.98[0m[34;22m      0.00[0m[34;22m      0.00[0m[35;1m     20.23[0m
10:06:10   [32;22m     all[0m[34;1m     31.36[0m[34;22m      0.00[0m[34;1m     43.79[0m[34;22m      0.00[0m[34;22m      0.00[0m[35;1m     24.85[0m
10:06:11   [32;22m     all[0m[34;1m     32.12[0m[34;22m      0.00[0m[34;1m     46.06[0m[34;22m      0.00[0m[34;22m      0.00[0m[35;1m     21.82[0m
10:06:12   [32;22m     all[0m[34;1m     31.36[0m[34;22m      0.00[0m[34;1m     49.70[0m[34;22m      0.00[0m[34;22m      0.00[0m[35;1m     18.93[0m
10:06:13   [32;22m     all[0m[34;1m     34.34[0m[34;22m      0.00[0m[34;1m     46.39[0m[34;22m      0.00[0m[34;22m      0.00[0m[35;1m     19.28[0m
10:06:14   [32;22m     all[0m[34;1m     41.44[0m[34;22m      0.00[0m[34;1m     48.07[0m[34;22m      0.00[0m[34;22m      0.00[0m[35;1m     10.50[0m
10:06:15   [32;22m     all[0m[34;1m     27.49[0m[34;22m      0.00[0m[34;1m     49.12[0m[34;22m      0.00[0m[34;22m      0.00[0m[35;1m     23.39[0m
10:06:16   [32;22m     all[0m[34;1m     37.85[0m[34;22m      0.00[0m[34;1m     51.98[0m[34;22m      0.00[0m[34;22m      0.00[0m[35;1m     10.17[0m
10:06:17   [32;22m     all[0m[34;1m     31.79[0m[34;22m      0.00[0m[34;1m     52.02[0m[34;22m      0.00[0m[34;22m      0.00[0m[35;1m     16.18[0m
10:06:18   [32;22m     all[0m[34;1m     33.14[0m[34;22m      0.00[0m[34;1m     44.77[0m[34;22m      0.00[0m[34;22m      0.00[0m[35;1m     22.09[0m
10:06:19   [32;22m     all[0m[34;1m     32.93[0m[34;22m      0.00[0m[34;1m     45.73[0m[34;22m      0.00[0m[34;22m      0.00[0m[35;1m     21.34[0m
10:06:20   [32;22m     all[0m[34;1m     32.00[0m[34;22m      0.00[0m[34;1m     49.14[0m[34;22m      0.00[0m[34;22m      0.00[0m[35;1m     18.86[0m
10:06:21   [32;22m     all[0m[34;1m     28.82[0m[34;22m      0.00[0m[34;1m     47.06[0m[34;22m      0.00[0m[34;22m      0.00[0m[35;1m     24.12[0m
10:06:22   [32;22m     all[0m[34;1m     30.95[0m[34;22m      0.00[0m[34;1m     53.57[0m[34;22m      0.00[0m[34;22m      0.00[0m[35;1m     15.48[0m
10:06:23   [32;22m     all[0m[34;1m     29.07[0m[34;22m      0.00[0m[34;1m     46.51[0m[34;22m      0.00[0m[34;22m      0.00[0m[35;1m     24.42[0m
10:06:24   [32;22m     all[0m[34;1m     41.44[0m[34;22m      0.00[0m[34;1m     50.83[0m[34;22m      0.00[0m[34;22m      0.00[0m[31;1m      7.73[0m
10:06:25   [32;22m     all[0m[34;1m     33.73[0m[34;22m      0.00[0m[34;1m     46.99[0m[34;22m      0.00[0m[34;22m      0.00[0m[35;1m     19.28[0m
10:06:26   [32;22m     all[0m[34;1m     29.94[0m[34;22m      0.00[0m[34;1m     46.33[0m[34;22m      0.00[0m[34;22m      0.00[0m[35;1m     23.73[0m
10:06:27   [32;22m     all[0m[34;1m     31.07[0m[34;22m      0.00[0m[34;1m     45.76[0m[34;22m      0.00[0m[34;22m      0.00[0m[35;1m     23.16[0m
10:06:28   [32;22m     all[0m[34;1m     34.88[0m[34;22m      0.00[0m[34;1m     46.51[0m[34;22m      0.00[0m[34;22m      0.00[0m[35;1m     18.60[0m
10:06:29   [32;22m     all[0m[34;1m     37.43[0m[34;22m      0.00[0m[34;1m     50.28[0m[34;22m      0.00[0m[34;22m      0.00[0m[35;1m     12.29[0m
10:06:30   [32;22m     all[0m[34;1m     38.29[0m[34;22m      0.00[0m[34;1m     46.86[0m[34;22m      0.00[0m[34;22m      0.00[0m[35;1m     14.86[0m
10:06:31   [32;22m     all[0m[34;1m     32.73[0m[34;22m      0.00[0m[34;1m     43.03[0m[34;22m      0.00[0m[34;22m      0.00[0m[35;1m     24.24[0m
10:06:32   [32;22m     all[0m[34;1m     30.18[0m[34;22m      0.00[0m[34;1m     49.11[0m[34;22m      0.00[0m[34;22m      0.00[0m[35;1m     20.71[0m
10:06:33   [32;22m     all[0m[34;1m     32.00[0m[34;22m      0.00[0m[34;1m     48.57[0m[34;22m      0.00[0m[34;22m      0.00[0m[35;1m     19.43[0m
10:06:34   [32;22m     all[0m[34;1m     36.21[0m[34;22m      0.00[0m[34;1m     49.43[0m[34;22m      0.00[0m[34;22m      0.00[0m[35;1m     14.37[0m
10:06:35   [32;22m     all[0m[34;1m     33.91[0m[34;22m      0.00[0m[34;1m     52.30[0m[34;22m      0.00[0m[34;22m      0.00[0m[35;1m     13.79[0m
10:06:36   [32;22m     all[0m[34;1m     29.48[0m[34;22m      0.00[0m[34;1m     47.40[0m[34;22m      0.00[0m[34;22m      0.00[0m[35;1m     23.12[0m
10:06:37   [32;22m     all[0m[34;1m     28.49[0m[34;22m      0.00[0m[34;1m     48.26[0m[34;22m      0.00[0m[34;22m      0.00[0m[35;1m     23.26[0m
10:06:38   [32;22m     all[0m[34;1m     31.58[0m[34;22m      0.00[0m[34;1m     46.20[0m[34;22m      0.00[0m[34;22m      0.00[0m[35;1m     22.22[0m
10:06:39   [32;22m     all[0m[34;1m     32.02[0m[34;22m      0.00[0m[34;1m     50.00[0m[34;22m      0.00[0m[34;22m      0.00[0m[35;1m     17.98[0m
10:06:40   [32;22m     all[0m[34;1m     35.47[0m[34;22m      0.00[0m[34;1m     48.84[0m[34;22m      0.00[0m[34;22m      0.00[0m[35;1m     15.70[0m
10:06:41   [32;22m     all[0m[34;1m     28.99[0m[34;22m      0.00[0m[34;1m     42.60[0m[34;22m      0.00[0m[34;22m      0.00[0m[34;1m     28.40[0m
10:06:42   [32;22m     all[0m[34;1m     32.94[0m[34;22m      0.00[0m[34;1m     50.00[0m[34;22m      0.00[0m[34;22m      0.00[0m[35;1m     17.06[0m
10:06:43   [32;22m     all[0m[34;1m     35.26[0m[34;22m      0.00[0m[34;1m     47.98[0m[34;22m      0.00[0m[34;22m      0.00[0m[35;1m     16.76[0m
10:06:44   [32;22m     all[0m[34;1m     46.52[0m[34;22m      0.00[0m[34;1m     47.06[0m[34;22m      0.00[0m[34;22m      0.00[0m[31;1m      6.42[0m
10:06:45   [32;22m     all[0m[34;1m     32.94[0m[34;22m      0.00[0m[34;1m     48.24[0m[34;22m      0.00[0m[34;22m      0.00[0m[35;1m     18.82[0m
10:06:46   [32;22m     all[0m[34;1m     32.54[0m[34;22m      0.00[0m[34;1m     49.11[0m[34;22m      0.00[0m[34;22m      0.00[0m[35;1m     18.34[0m
10:06:47   [32;22m     all[0m[34;1m     31.95[0m[34;22m      0.00[0m[34;1m     49.11[0m[34;22m      0.00[0m[34;22m      0.00[0m[35;1m     18.93[0m
10:06:48   [32;22m     all[0m[34;1m     32.75[0m[34;22m      0.00[0m[34;1m     53.80[0m[34;22m      0.00[0m[34;22m      0.00[0m[35;1m     13.45[0m
10:06:49   [32;22m     all[0m[34;1m     33.14[0m[34;22m      0.00[0m[34;1m     48.00[0m[34;22m      0.00[0m[34;22m      0.00[0m[35;1m     18.86[0m
10:06:50   [32;22m     all[0m[34;1m     30.95[0m[34;22m      0.00[0m[34;1m     49.40[0m[34;22m      0.00[0m[34;22m      0.00[0m[35;1m     19.64[0m
10:06:51   [32;22m     all[0m[34;1m     37.02[0m[34;22m      0.00[0m[34;1m     46.41[0m[34;1m      0.55[0m[34;22m      0.00[0m[35;1m     16.02[0m
10:06:52   [32;22m     all[0m[34;1m     31.79[0m[34;22m      0.00[0m[34;1m     48.55[0m[34;22m      0.00[0m[34;22m      0.00[0m[35;1m     19.65[0m
10:06:53   [32;22m     all[0m[34;1m     30.00[0m[34;22m      0.00[0m[34;1m     50.00[0m[34;22m      0.00[0m[34;22m      0.00[0m[35;1m     20.00[0m
10:06:54   [32;22m     all[0m[34;1m     38.67[0m[34;22m      0.00[0m[34;1m     49.17[0m[34;22m      0.00[0m[34;22m      0.00[0m[35;1m     12.15[0m
10:06:55   [32;22m     all[0m[34;1m     32.14[0m[34;22m      0.00[0m[34;1m     45.24[0m[34;22m      0.00[0m[34;22m      0.00[0m[35;1m     22.62[0m
10:06:56   [32;22m     all[0m[34;1m     25.00[0m[34;22m      0.00[0m[34;1m     44.44[0m[34;22m      0.00[0m[34;22m      0.00[0m[34;1m     30.56[0m
