Linux 6.6.95 (ssp-study-m02) 	04/21/26 	_x86_64_	(2 CPU)

12:00:14        CPU     %user     %nice   %system   %iowait    %steal     %idle
12:00:15   [32;22m     all[0m[34;1m      1.02[0m[34;22m      0.00[0m[34;1m      3.55[0m[34;22m      0.00[0m[34;22m      0.00[0m[34;1m     95.43[0m
12:00:16   [32;22m     all[0m[34;1m      1.04[0m[34;22m      0.00[0m[34;1m      1.55[0m[34;22m      0.00[0m[34;22m      0.00[0m[34;1m     97.41[0m
12:00:17   [32;22m     all[0m[34;1m      0.52[0m[34;22m      0.00[0m[34;1m      2.58[0m[34;1m      0.52[0m[34;22m      0.00[0m[34;1m     96.39[0m
12:00:18   [32;22m     all[0m[34;1m      1.03[0m[34;22m      0.00[0m[34;1m      2.58[0m[34;22m      0.00[0m[34;22m      0.00[0m[34;1m     96.39[0m
12:00:19   [32;22m     all[0m[34;1m      2.04[0m[34;22m      0.00[0m[34;1m      4.08[0m[34;22m      0.00[0m[34;22m      0.00[0m[34;1m     93.88[0m
12:00:20   [32;22m     all[0m[34;1m      1.54[0m[34;22m      0.00[0m[34;1m      4.10[0m[34;22m      0.00[0m[34;22m      0.00[0m[34;1m     94.36[0m
12:00:21   [32;22m     all[0m[34;1m      1.04[0m[34;22m      0.00[0m[34;1m      3.65[0m[34;22m      0.00[0m[34;22m      0.00[0m[34;1m     95.31[0m
12:00:22   [32;22m     all[0m[34;1m      2.06[0m[34;22m      0.00[0m[34;1m      4.12[0m[34;22m      0.00[0m[34;22m      0.00[0m[34;1m     93.81[0m
12:00:23   [32;22m     all[0m[34;1m      1.55[0m[34;22m      0.00[0m[34;1m      5.15[0m[34;22m      0.00[0m[34;22m      0.00[0m[34;1m     93.30[0m
12:00:24   [32;22m     all[0m[34;1m      2.11[0m[34;22m      0.00[0m[34;1m      4.74[0m[34;22m      0.00[0m[34;22m      0.00[0m[34;1m     93.16[0m
12:00:25   [32;22m     all[0m[34;1m      2.16[0m[34;22m      0.00[0m[34;1m      5.95[0m[34;22m      0.00[0m[34;22m      0.00[0m[34;1m     91.89[0m
12:00:26   [32;22m     all[0m[34;1m      2.58[0m[34;22m      0.00[0m[34;1m      7.73[0m[34;22m      0.00[0m[34;22m      0.00[0m[34;1m     89.69[0m
12:00:27   [32;22m     all[0m[34;1m      2.60[0m[34;22m      0.00[0m[34;1m      4.69[0m[34;22m      0.00[0m[34;22m      0.00[0m[34;1m     92.71[0m
12:00:28   [32;22m     all[0m[34;1m      2.11[0m[34;22m      0.00[0m[34;1m      5.79[0m[34;22m      0.00[0m[34;22m      0.00[0m[34;1m     92.11[0m
12:00:29   [32;22m     all[0m[34;1m      4.19[0m[34;22m      0.00[0m[34;1m      6.81[0m[34;22m      0.00[0m[34;22m      0.00[0m[34;1m     89.01[0m
12:00:30   [32;22m     all[0m[34;1m      2.72[0m[34;22m      0.00[0m[34;1m      5.43[0m[34;22m      0.00[0m[34;22m      0.00[0m[34;1m     91.85[0m
12:00:31   [32;22m     all[0m[34;1m      3.66[0m[34;22m      0.00[0m[34;1m      7.85[0m[34;22m      0.00[0m[34;22m      0.00[0m[34;1m     88.48[0m
12:00:32   [32;22m     all[0m[34;1m      1.57[0m[34;22m      0.00[0m[34;1m      6.81[0m[34;22m      0.00[0m[34;22m      0.00[0m[34;1m     91.62[0m
12:00:33   [32;22m     all[0m[34;1m      3.19[0m[34;22m      0.00[0m[34;1m      9.57[0m[34;22m      0.00[0m[34;22m      0.00[0m[34;1m     87.23[0m
12:00:34   [32;22m     all[0m[34;1m      4.86[0m[34;22m      0.00[0m[34;1m     11.35[0m[34;22m      0.00[0m[34;22m      0.00[0m[34;1m     83.78[0m
12:00:35   [32;22m     all[0m[34;1m      3.23[0m[34;22m      0.00[0m[34;1m     10.75[0m[34;22m      0.00[0m[34;22m      0.00[0m[34;1m     86.02[0m
12:00:36   [32;22m     all[0m[34;1m      4.37[0m[34;22m      0.00[0m[34;1m      8.74[0m[34;22m      0.00[0m[34;22m      0.00[0m[34;1m     86.89[0m
12:00:37   [32;22m     all[0m[34;1m      3.17[0m[34;22m      0.00[0m[34;1m     12.17[0m[34;22m      0.00[0m[34;22m      0.00[0m[34;1m     84.66[0m
12:00:38   [32;22m     all[0m[34;1m      6.01[0m[34;22m      0.00[0m[34;1m     12.02[0m[34;22m      0.00[0m[34;22m      0.00[0m[34;1m     81.97[0m
12:00:39   [32;22m     all[0m[34;1m      6.95[0m[34;22m      0.00[0m[34;1m     16.04[0m[34;22m      0.00[0m[34;22m      0.00[0m[34;1m     77.01[0m
12:00:40   [32;22m     all[0m[34;1m      5.88[0m[34;22m      0.00[0m[34;1m     16.58[0m[34;22m      0.00[0m[34;22m      0.00[0m[34;1m     77.54[0m
12:00:41   [32;22m     all[0m[34;1m      7.07[0m[34;22m      0.00[0m[34;1m     15.22[0m[34;22m      0.00[0m[34;22m      0.00[0m[34;1m     77.72[0m
12:00:42   [32;22m     all[0m[34;1m      6.08[0m[34;22m      0.00[0m[34;1m     16.57[0m[34;22m      0.00[0m[34;22m      0.00[0m[34;1m     77.35[0m
12:00:43   [32;22m     all[0m[34;1m      6.56[0m[34;22m      0.00[0m[34;1m     18.03[0m[34;22m      0.00[0m[34;22m      0.00[0m[34;1m     75.41[0m
12:00:44   [32;22m     all[0m[34;1m      7.47[0m[34;22m      0.00[0m[34;1m     19.54[0m[34;22m      0.00[0m[34;22m      0.00[0m[34;1m     72.99[0m
12:00:45   [32;22m     all[0m[34;1m      5.49[0m[34;22m      0.00[0m[34;1m     17.58[0m[34;22m      0.00[0m[34;22m      0.00[0m[34;1m     76.92[0m
12:00:46   [32;22m     all[0m[34;1m      4.30[0m[34;22m      0.00[0m[34;1m     15.05[0m[34;22m      0.00[0m[34;22m      0.00[0m[34;1m     80.65[0m
12:00:47   [32;22m     all[0m[34;1m      6.67[0m[34;22m      0.00[0m[34;1m     15.56[0m[34;22m      0.00[0m[34;22m      0.00[0m[34;1m     77.78[0m
12:00:48   [32;22m     all[0m[34;1m      4.81[0m[34;22m      0.00[0m[34;1m     18.72[0m[34;22m      0.00[0m[34;22m      0.00[0m[34;1m     76.47[0m
12:00:49   [32;22m     all[0m[34;1m      5.32[0m[34;22m      0.00[0m[34;1m     13.30[0m[34;22m      0.00[0m[34;22m      0.00[0m[34;1m     81.38[0m
12:00:50   [32;22m     all[0m[34;1m      4.84[0m[34;22m      0.00[0m[34;1m     15.59[0m[34;22m      0.00[0m[34;22m      0.00[0m[34;1m     79.57[0m
12:00:51   [32;22m     all[0m[34;1m      6.04[0m[34;22m      0.00[0m[34;1m     14.84[0m[34;22m      0.00[0m[34;22m      0.00[0m[34;1m     79.12[0m
12:00:52   [32;22m     all[0m[34;1m      5.95[0m[34;22m      0.00[0m[34;1m     15.14[0m[34;22m      0.00[0m[34;22m      0.00[0m[34;1m     78.92[0m
12:00:53   [32;22m     all[0m[34;1m      6.59[0m[34;22m      0.00[0m[34;1m     20.33[0m[34;22m      0.00[0m[34;22m      0.00[0m[34;1m     73.08[0m
12:00:54   [32;22m     all[0m[34;1m      5.41[0m[34;22m      0.00[0m[34;1m     14.05[0m[34;22m      0.00[0m[34;22m      0.00[0m[34;1m     80.54[0m
12:00:55   [32;22m     all[0m[34;1m      6.59[0m[34;22m      0.00[0m[34;1m     15.38[0m[34;22m      0.00[0m[34;22m      0.00[0m[34;1m     78.02[0m
12:00:56   [32;22m     all[0m[34;1m      5.95[0m[34;22m      0.00[0m[34;1m     17.30[0m[34;22m      0.00[0m[34;22m      0.00[0m[34;1m     76.76[0m
12:00:57   [32;22m     all[0m[34;1m      5.26[0m[34;22m      0.00[0m[34;1m     15.79[0m[34;22m      0.00[0m[34;22m      0.00[0m[34;1m     78.95[0m
12:00:58   [32;22m     all[0m[34;1m      5.43[0m[34;22m      0.00[0m[34;1m     15.22[0m[34;22m      0.00[0m[34;22m      0.00[0m[34;1m     79.35[0m
12:00:59   [32;22m     all[0m[34;1m      8.24[0m[34;22m      0.00[0m[34;1m     17.03[0m[34;22m      0.00[0m[34;22m      0.00[0m[34;1m     74.73[0m
12:01:00   [32;22m     all[0m[34;1m      4.84[0m[34;22m      0.00[0m[34;1m     12.90[0m[34;22m      0.00[0m[34;22m      0.00[0m[34;1m     82.26[0m
12:01:01   [32;22m     all[0m[34;1m      6.45[0m[34;22m      0.00[0m[34;1m     17.20[0m[34;22m      0.00[0m[34;22m      0.00[0m[34;1m     76.34[0m
12:01:02   [32;22m     all[0m[34;1m      5.38[0m[34;22m      0.00[0m[34;1m     17.74[0m[34;22m      0.00[0m[34;22m      0.00[0m[34;1m     76.88[0m
12:01:03   [32;22m     all[0m[34;1m      6.67[0m[34;22m      0.00[0m[34;1m     17.22[0m[34;22m      0.00[0m[34;22m      0.00[0m[34;1m     76.11[0m
12:01:04   [32;22m     all[0m[34;1m      7.03[0m[34;22m      0.00[0m[34;1m     15.68[0m[34;22m      0.00[0m[34;22m      0.00[0m[34;1m     77.30[0m
12:01:05   [32;22m     all[0m[34;1m      6.01[0m[34;22m      0.00[0m[34;1m     18.03[0m[34;22m      0.00[0m[34;22m      0.00[0m[34;1m     75.96[0m
12:01:06   [32;22m     all[0m[34;1m      6.01[0m[34;22m      0.00[0m[34;1m     15.85[0m[34;22m      0.00[0m[34;22m      0.00[0m[34;1m     78.14[0m
12:01:07   [32;22m     all[0m[34;1m      7.65[0m[34;22m      0.00[0m[34;1m     20.22[0m[34;22m      0.00[0m[34;22m      0.00[0m[34;1m     72.13[0m
12:01:08   [32;22m     all[0m[34;1m      5.35[0m[34;22m      0.00[0m[34;1m     17.11[0m[34;22m      0.00[0m[34;22m      0.00[0m[34;1m     77.54[0m
12:01:09   [32;22m     all[0m[34;1m      7.03[0m[34;22m      0.00[0m[34;1m     18.92[0m[34;22m      0.00[0m[34;22m      0.00[0m[34;1m     74.05[0m
12:01:10   [32;22m     all[0m[34;1m      6.52[0m[34;22m      0.00[0m[34;1m     18.48[0m[34;22m      0.00[0m[34;22m      0.00[0m[34;1m     75.00[0m
12:01:11   [32;22m     all[0m[34;1m      6.99[0m[34;22m      0.00[0m[34;1m     16.67[0m[34;22m      0.00[0m[34;22m      0.00[0m[34;1m     76.34[0m
12:01:12   [32;22m     all[0m[34;1m      4.97[0m[34;22m      0.00[0m[34;1m     17.68[0m[34;22m      0.00[0m[34;22m      0.00[0m[34;1m     77.35[0m
12:01:13   [32;22m     all[0m[34;1m      7.14[0m[34;22m      0.00[0m[34;1m     16.48[0m[34;22m      0.00[0m[34;22m      0.00[0m[34;1m     76.37[0m
12:01:14   [32;22m     all[0m[34;1m      6.56[0m[34;22m      0.00[0m[34;1m     17.49[0m[34;22m      0.00[0m[34;22m      0.00[0m[34;1m     75.96[0m
12:01:15   [32;22m     all[0m[34;1m      5.91[0m[34;22m      0.00[0m[34;1m     15.59[0m[34;22m      0.00[0m[34;22m      0.00[0m[34;1m     78.49[0m
12:01:16   [32;22m     all[0m[34;1m      5.68[0m[34;22m      0.00[0m[34;1m     15.91[0m[34;22m      0.00[0m[34;22m      0.00[0m[34;1m     78.41[0m
12:01:17   [32;22m     all[0m[34;1m      5.95[0m[34;22m      0.00[0m[34;1m     17.84[0m[34;22m      0.00[0m[34;22m      0.00[0m[34;1m     76.22[0m
12:01:18   [32;22m     all[0m[34;1m      5.38[0m[34;22m      0.00[0m[34;1m     15.05[0m[34;22m      0.00[0m[34;22m      0.00[0m[34;1m     79.57[0m
12:01:19   [32;22m     all[0m[34;1m      5.85[0m[34;22m      0.00[0m[34;1m     15.43[0m[34;22m      0.00[0m[34;22m      0.00[0m[34;1m     78.72[0m
12:01:20   [32;22m     all[0m[34;1m      6.01[0m[34;22m      0.00[0m[34;1m     15.85[0m[34;22m      0.00[0m[34;22m      0.00[0m[34;1m     78.14[0m
12:01:21   [32;22m     all[0m[34;1m      6.63[0m[34;22m      0.00[0m[34;1m     19.34[0m[34;22m      0.00[0m[34;22m      0.00[0m[34;1m     74.03[0m
12:01:22   [32;22m     all[0m[34;1m      5.91[0m[34;22m      0.00[0m[34;1m     16.13[0m[34;22m      0.00[0m[34;22m      0.00[0m[34;1m     77.96[0m
12:01:23   [32;22m     all[0m[34;1m      6.42[0m[34;22m      0.00[0m[34;1m     15.51[0m[34;22m      0.00[0m[34;22m      0.00[0m[34;1m     78.07[0m
12:01:24   [32;22m     all[0m[34;1m      7.61[0m[34;22m      0.00[0m[34;1m     19.02[0m[34;22m      0.00[0m[34;22m      0.00[0m[34;1m     73.37[0m
12:01:25   [32;22m     all[0m[34;1m      7.07[0m[34;22m      0.00[0m[34;1m     15.76[0m[34;22m      0.00[0m[34;22m      0.00[0m[34;1m     77.17[0m
12:01:26   [32;22m     all[0m[34;1m      6.11[0m[34;22m      0.00[0m[34;1m     17.22[0m[34;22m      0.00[0m[34;22m      0.00[0m[34;1m     76.67[0m
12:01:27   [32;22m     all[0m[34;1m      5.46[0m[34;22m      0.00[0m[34;1m     19.67[0m[34;22m      0.00[0m[34;22m      0.00[0m[34;1m     74.86[0m
12:01:28   [32;22m     all[0m[34;1m      5.98[0m[34;22m      0.00[0m[34;1m     13.59[0m[34;22m      0.00[0m[34;22m      0.00[0m[34;1m     80.43[0m
12:01:29   [32;22m     all[0m[34;1m      7.49[0m[34;22m      0.00[0m[34;1m     15.51[0m[34;22m      0.00[0m[34;22m      0.00[0m[34;1m     77.01[0m
12:01:30   [32;22m     all[0m[34;1m      7.14[0m[34;22m      0.00[0m[34;1m     17.03[0m[34;22m      0.00[0m[34;22m      0.00[0m[34;1m     75.82[0m
12:01:31   [32;22m     all[0m[34;1m      5.95[0m[34;22m      0.00[0m[34;1m     12.97[0m[34;22m      0.00[0m[34;22m      0.00[0m[34;1m     81.08[0m
12:01:32   [32;22m     all[0m[34;1m      6.04[0m[34;22m      0.00[0m[34;1m     19.23[0m[34;22m      0.00[0m[34;22m      0.00[0m[34;1m     74.73[0m
12:01:33   [32;22m     all[0m[34;1m      5.52[0m[34;22m      0.00[0m[34;1m     16.57[0m[34;22m      0.00[0m[34;22m      0.00[0m[34;1m     77.90[0m
12:01:34   [32;22m     all[0m[34;1m      5.43[0m[34;22m      0.00[0m[34;1m     19.02[0m[34;22m      0.00[0m[34;22m      0.00[0m[34;1m     75.54[0m
12:01:35   [32;22m     all[0m[34;1m      6.08[0m[34;22m      0.00[0m[34;1m     17.68[0m[34;22m      0.00[0m[34;22m      0.00[0m[34;1m     76.24[0m
12:01:36   [32;22m     all[0m[34;1m      7.10[0m[34;22m      0.00[0m[34;1m     16.39[0m[34;22m      0.00[0m[34;22m      0.00[0m[34;1m     76.50[0m
12:01:37   [32;22m     all[0m[34;1m      4.89[0m[34;22m      0.00[0m[34;1m     15.76[0m[34;22m      0.00[0m[34;22m      0.00[0m[34;1m     79.35[0m
12:01:38   [32;22m     all[0m[34;1m      5.38[0m[34;22m      0.00[0m[34;1m     12.90[0m[34;22m      0.00[0m[34;22m      0.00[0m[34;1m     81.72[0m
12:01:39   [32;22m     all[0m[34;1m      6.42[0m[34;22m      0.00[0m[34;1m     14.97[0m[34;22m      0.00[0m[34;22m      0.00[0m[34;1m     78.61[0m
12:01:40   [32;22m     all[0m[34;1m      6.01[0m[34;22m      0.00[0m[34;1m     16.39[0m[34;22m      0.00[0m[34;22m      0.00[0m[34;1m     77.60[0m
12:01:41   [32;22m     all[0m[34;1m      6.95[0m[34;22m      0.00[0m[34;1m     14.44[0m[34;22m      0.00[0m[34;22m      0.00[0m[34;1m     78.61[0m
12:01:42   [32;22m     all[0m[34;1m      5.95[0m[34;22m      0.00[0m[34;1m     14.59[0m[34;22m      0.00[0m[34;22m      0.00[0m[34;1m     79.46[0m
12:01:43   [32;22m     all[0m[34;1m      5.88[0m[34;22m      0.00[0m[34;1m     16.04[0m[34;22m      0.00[0m[34;22m      0.00[0m[34;1m     78.07[0m
12:01:44   [32;22m     all[0m[34;1m      9.39[0m[34;22m      0.00[0m[34;1m     17.68[0m[34;22m      0.00[0m[34;22m      0.00[0m[34;1m     72.93[0m
12:01:45   [32;22m     all[0m[34;1m      4.84[0m[34;22m      0.00[0m[34;1m     13.98[0m[34;22m      0.00[0m[34;22m      0.00[0m[34;1m     81.18[0m
12:01:46   [32;22m     all[0m[34;1m      4.92[0m[34;22m      0.00[0m[34;1m     14.75[0m[34;22m      0.00[0m[34;22m      0.00[0m[34;1m     80.33[0m
12:01:47   [32;22m     all[0m[34;1m      6.45[0m[34;22m      0.00[0m[34;1m     15.05[0m[34;22m      0.00[0m[34;22m      0.00[0m[34;1m     78.49[0m
12:01:48   [32;22m     all[0m[34;1m      6.15[0m[34;22m      0.00[0m[34;1m     20.11[0m[34;22m      0.00[0m[34;22m      0.00[0m[34;1m     73.74[0m
12:01:49   [32;22m     all[0m[34;1m      7.53[0m[34;22m      0.00[0m[34;1m     17.74[0m[34;22m      0.00[0m[34;22m      0.00[0m[34;1m     74.73[0m
12:01:50   [32;22m     all[0m[34;1m      4.79[0m[34;22m      0.00[0m[34;1m     15.96[0m[34;22m      0.00[0m[34;22m      0.00[0m[34;1m     79.26[0m
12:01:51   [32;22m     all[0m[34;1m      7.07[0m[34;22m      0.00[0m[34;1m     19.57[0m[34;22m      0.00[0m[34;22m      0.00[0m[34;1m     73.37[0m
12:01:52   [32;22m     all[0m[34;1m      4.19[0m[34;22m      0.00[0m[34;1m     15.18[0m[34;22m      0.00[0m[34;22m      0.00[0m[34;1m     80.63[0m
12:01:53   [32;22m     all[0m[34;1m      6.99[0m[34;22m      0.00[0m[34;1m     19.35[0m[34;22m      0.00[0m[34;22m      0.00[0m[34;1m     73.66[0m
12:01:54   [32;22m     all[0m[34;1m      6.49[0m[34;22m      0.00[0m[34;1m     16.76[0m[34;22m      0.00[0m[34;22m      0.00[0m[34;1m     76.76[0m
12:01:55   [32;22m     all[0m[34;1m      5.85[0m[34;22m      0.00[0m[34;1m     17.02[0m[34;22m      0.00[0m[34;22m      0.00[0m[34;1m     77.13[0m
12:01:56   [32;22m     all[0m[34;1m      9.55[0m[34;22m      0.00[0m[34;1m     17.98[0m[34;22m      0.00[0m[34;22m      0.00[0m[34;1m     72.47[0m
12:01:57   [32;22m     all[0m[34;1m      6.35[0m[34;22m      0.00[0m[34;1m     16.93[0m[34;22m      0.00[0m[34;22m      0.00[0m[34;1m     76.72[0m
12:01:58   [32;22m     all[0m[34;1m      7.07[0m[34;22m      0.00[0m[34;1m     17.39[0m[34;22m      0.00[0m[34;22m      0.00[0m[34;1m     75.54[0m
12:01:59   [32;22m     all[0m[34;1m      6.38[0m[34;22m      0.00[0m[34;1m     13.83[0m[34;1m      0.53[0m[34;22m      0.00[0m[34;1m     79.26[0m
12:02:00   [32;22m     all[0m[34;1m      6.42[0m[34;22m      0.00[0m[34;1m     16.58[0m[34;22m      0.00[0m[34;22m      0.00[0m[34;1m     77.01[0m
12:02:01   [32;22m     all[0m[34;1m      8.70[0m[34;22m      0.00[0m[34;1m     17.93[0m[34;22m      0.00[0m[34;22m      0.00[0m[34;1m     73.37[0m
12:02:02   [32;22m     all[0m[34;1m      5.41[0m[34;22m      0.00[0m[34;1m     18.38[0m[34;22m      0.00[0m[34;22m      0.00[0m[34;1m     76.22[0m
12:02:03   [32;22m     all[0m[34;1m      5.41[0m[34;22m      0.00[0m[34;1m     17.30[0m[34;22m      0.00[0m[34;22m      0.00[0m[34;1m     77.30[0m
12:02:04   [32;22m     all[0m[34;1m      8.20[0m[34;22m      0.00[0m[34;1m     19.13[0m[34;22m      0.00[0m[34;22m      0.00[0m[34;1m     72.68[0m
12:02:05   [32;22m     all[0m[34;1m      6.95[0m[34;22m      0.00[0m[34;1m     17.11[0m[34;22m      0.00[0m[34;22m      0.00[0m[34;1m     75.94[0m
12:02:06   [32;22m     all[0m[34;1m      4.92[0m[34;22m      0.00[0m[34;1m     14.75[0m[34;22m      0.00[0m[34;22m      0.00[0m[34;1m     80.33[0m
12:02:07   [32;22m     all[0m[34;1m      5.88[0m[34;22m      0.00[0m[34;1m     16.04[0m[34;22m      0.00[0m[34;22m      0.00[0m[34;1m     78.07[0m
12:02:08   [32;22m     all[0m[34;1m      6.95[0m[34;22m      0.00[0m[34;1m     18.72[0m[34;22m      0.00[0m[34;22m      0.00[0m[34;1m     74.33[0m
12:02:09   [32;22m     all[0m[34;1m      4.21[0m[34;22m      0.00[0m[34;1m     16.32[0m[34;1m      0.53[0m[34;22m      0.00[0m[34;1m     78.95[0m
12:02:10   [32;22m     all[0m[34;1m      7.89[0m[34;22m      0.00[0m[34;1m     18.42[0m[34;22m      0.00[0m[34;22m      0.00[0m[34;1m     73.68[0m
12:02:11   [32;22m     all[0m[34;1m      5.85[0m[34;22m      0.00[0m[34;1m     15.43[0m[34;22m      0.00[0m[34;22m      0.00[0m[34;1m     78.72[0m
12:02:12   [32;22m     all[0m[34;1m      5.98[0m[34;22m      0.00[0m[34;1m     15.76[0m[34;22m      0.00[0m[34;22m      0.00[0m[34;1m     78.26[0m
12:02:13   [32;22m     all[0m[34;1m      6.49[0m[34;22m      0.00[0m[34;1m     16.76[0m[34;22m      0.00[0m[34;22m      0.00[0m[34;1m     76.76[0m
12:02:14   [32;22m     all[0m[34;1m      6.95[0m[34;22m      0.00[0m[34;1m     18.18[0m[34;22m      0.00[0m[34;22m      0.00[0m[34;1m     74.87[0m
12:02:15   [32;22m     all[0m[34;1m      7.07[0m[34;22m      0.00[0m[34;1m     19.57[0m[34;22m      0.00[0m[34;22m      0.00[0m[34;1m     73.37[0m
12:02:16   [32;22m     all[0m[34;1m      6.52[0m[34;22m      0.00[0m[34;1m     17.93[0m[34;22m      0.00[0m[34;22m      0.00[0m[34;1m     75.54[0m
12:02:17   [32;22m     all[0m[34;1m      5.91[0m[34;22m      0.00[0m[34;1m     16.13[0m[34;22m      0.00[0m[34;22m      0.00[0m[34;1m     77.96[0m
12:02:18   [32;22m     all[0m[34;1m      6.56[0m[34;22m      0.00[0m[34;1m     14.75[0m[34;22m      0.00[0m[34;22m      0.00[0m[34;1m     78.69[0m
12:02:19   [32;22m     all[0m[34;1m      5.35[0m[34;22m      0.00[0m[34;1m     14.97[0m[34;22m      0.00[0m[34;22m      0.00[0m[34;1m     79.68[0m
12:02:20   [32;22m     all[0m[34;1m      7.14[0m[34;22m      0.00[0m[34;1m     16.48[0m[34;22m      0.00[0m[34;22m      0.00[0m[34;1m     76.37[0m
12:02:21   [32;22m     all[0m[34;1m      4.76[0m[34;22m      0.00[0m[34;1m     14.81[0m[34;22m      0.00[0m[34;22m      0.00[0m[34;1m     80.42[0m
12:02:22   [32;22m     all[0m[34;1m      5.91[0m[34;22m      0.00[0m[34;1m     17.20[0m[34;22m      0.00[0m[34;22m      0.00[0m[34;1m     76.88[0m
12:02:23   [32;22m     all[0m[34;1m      6.59[0m[34;22m      0.00[0m[34;1m     16.48[0m[34;22m      0.00[0m[34;22m      0.00[0m[34;1m     76.92[0m
12:02:24   [32;22m     all[0m[34;1m      5.88[0m[34;22m      0.00[0m[34;1m     15.51[0m[34;22m      0.00[0m[34;22m      0.00[0m[34;1m     78.61[0m
12:02:25   [32;22m     all[0m[34;1m      5.43[0m[34;22m      0.00[0m[34;1m     17.93[0m[34;22m      0.00[0m[34;22m      0.00[0m[34;1m     76.63[0m
12:02:26   [32;22m     all[0m[34;1m      8.74[0m[34;22m      0.00[0m[34;1m     18.58[0m[34;22m      0.00[0m[34;22m      0.00[0m[34;1m     72.68[0m
12:02:27   [32;22m     all[0m[34;1m      5.91[0m[34;22m      0.00[0m[34;1m     18.28[0m[34;22m      0.00[0m[34;22m      0.00[0m[34;1m     75.81[0m
12:02:28   [32;22m     all[0m[34;1m      4.86[0m[34;22m      0.00[0m[34;1m     15.68[0m[34;22m      0.00[0m[34;22m      0.00[0m[34;1m     79.46[0m
12:02:29   [32;22m     all[0m[34;1m      6.52[0m[34;22m      0.00[0m[34;1m     15.76[0m[34;22m      0.00[0m[34;22m      0.00[0m[34;1m     77.72[0m
12:02:30   [32;22m     all[0m[34;1m      8.06[0m[34;22m      0.00[0m[34;1m     20.43[0m[34;22m      0.00[0m[34;22m      0.00[0m[34;1m     71.51[0m
12:02:31   [32;22m     all[0m[34;1m      4.86[0m[34;22m      0.00[0m[34;1m     13.51[0m[34;22m      0.00[0m[34;22m      0.00[0m[34;1m     81.62[0m
12:02:32   [32;22m     all[0m[34;1m      5.35[0m[34;22m      0.00[0m[34;1m     18.18[0m[34;22m      0.00[0m[34;22m      0.00[0m[34;1m     76.47[0m
12:02:33   [32;22m     all[0m[34;1m      7.22[0m[34;22m      0.00[0m[34;1m     20.56[0m[34;22m      0.00[0m[34;22m      0.00[0m[34;1m     72.22[0m
12:02:34   [32;22m     all[0m[34;1m      8.84[0m[34;22m      0.00[0m[34;1m     17.13[0m[34;22m      0.00[0m[34;22m      0.00[0m[34;1m     74.03[0m
12:02:35   [32;22m     all[0m[34;1m      7.07[0m[34;22m      0.00[0m[34;1m     19.57[0m[34;22m      0.00[0m[34;22m      0.00[0m[34;1m     73.37[0m
12:02:36   [32;22m     all[0m[34;1m      6.01[0m[34;22m      0.00[0m[34;1m     16.39[0m[34;22m      0.00[0m[34;22m      0.00[0m[34;1m     77.60[0m
12:02:37   [32;22m     all[0m[34;1m      6.59[0m[34;22m      0.00[0m[34;1m     16.48[0m[34;22m      0.00[0m[34;22m      0.00[0m[34;1m     76.92[0m
12:02:38   [32;22m     all[0m[34;1m      4.86[0m[34;22m      0.00[0m[34;1m     14.59[0m[34;22m      0.00[0m[34;22m      0.00[0m[34;1m     80.54[0m
12:02:39   [32;22m     all[0m[34;1m      8.38[0m[34;22m      0.00[0m[34;1m     17.88[0m[34;22m      0.00[0m[34;22m      0.00[0m[34;1m     73.74[0m
12:02:40   [32;22m     all[0m[34;1m      8.70[0m[34;22m      0.00[0m[34;1m     16.85[0m[34;22m      0.00[0m[34;22m      0.00[0m[34;1m     74.46[0m
12:02:41   [32;22m     all[0m[34;1m      4.84[0m[34;22m      0.00[0m[34;1m     14.52[0m[34;22m      0.00[0m[34;22m      0.00[0m[34;1m     80.65[0m
12:02:42   [32;22m     all[0m[34;1m      7.10[0m[34;22m      0.00[0m[34;1m     17.49[0m[34;22m      0.00[0m[34;22m      0.00[0m[34;1m     75.41[0m
12:02:43   [32;22m     all[0m[34;1m      6.49[0m[34;22m      0.00[0m[34;1m     17.84[0m[34;22m      0.00[0m[34;22m      0.00[0m[34;1m     75.68[0m
12:02:44   [32;22m     all[0m[34;1m      7.03[0m[34;22m      0.00[0m[34;1m     18.38[0m[34;22m      0.00[0m[34;22m      0.00[0m[34;1m     74.59[0m
12:02:45   [32;22m     all[0m[34;1m      4.84[0m[34;22m      0.00[0m[34;1m     17.74[0m[34;22m      0.00[0m[34;22m      0.00[0m[34;1m     77.42[0m
12:02:46   [32;22m     all[0m[34;1m      6.63[0m[34;22m      0.00[0m[34;1m     17.68[0m[34;22m      0.00[0m[34;22m      0.00[0m[34;1m     75.69[0m
12:02:47   [32;22m     all[0m[34;1m      6.01[0m[34;22m      0.00[0m[34;1m     15.85[0m[34;22m      0.00[0m[34;22m      0.00[0m[34;1m     78.14[0m
12:02:48   [32;22m     all[0m[34;1m      6.56[0m[34;22m      0.00[0m[34;1m     15.30[0m[34;22m      0.00[0m[34;22m      0.00[0m[34;1m     78.14[0m
12:02:49   [32;22m     all[0m[34;1m      4.81[0m[34;22m      0.00[0m[34;1m     15.51[0m[34;22m      0.00[0m[34;22m      0.00[0m[34;1m     79.68[0m
12:02:50   [32;22m     all[0m[34;1m      8.15[0m[34;22m      0.00[0m[34;1m     22.28[0m[34;22m      0.00[0m[34;22m      0.00[0m[34;1m     69.57[0m
12:02:51   [32;22m     all[0m[34;1m      6.49[0m[34;22m      0.00[0m[34;1m     17.30[0m[34;22m      0.00[0m[34;22m      0.00[0m[34;1m     76.22[0m
12:02:52   [32;22m     all[0m[34;1m      5.95[0m[34;22m      0.00[0m[34;1m     16.22[0m[34;22m      0.00[0m[34;22m      0.00[0m[34;1m     77.84[0m
12:02:53   [32;22m     all[0m[34;1m      9.09[0m[34;22m      0.00[0m[34;1m     24.60[0m[34;22m      0.00[0m[34;22m      0.00[0m[34;1m     66.31[0m
12:02:54   [32;22m     all[0m[34;1m      7.37[0m[34;22m      0.00[0m[34;1m     17.37[0m[34;22m      0.00[0m[34;22m      0.00[0m[34;1m     75.26[0m
12:02:55   [32;22m     all[0m[34;1m      5.95[0m[34;22m      0.00[0m[34;1m     18.38[0m[34;22m      0.00[0m[34;22m      0.00[0m[34;1m     75.68[0m
12:02:56   [32;22m     all[0m[34;1m      8.29[0m[34;22m      0.00[0m[34;1m     19.34[0m[34;22m      0.00[0m[34;22m      0.00[0m[34;1m     72.38[0m
12:02:57   [32;22m     all[0m[34;1m      5.59[0m[34;22m      0.00[0m[34;1m     17.88[0m[34;22m      0.00[0m[34;22m      0.00[0m[34;1m     76.54[0m
12:02:58   [32;22m     all[0m[34;1m      8.11[0m[34;22m      0.00[0m[34;1m     16.22[0m[34;22m      0.00[0m[34;22m      0.00[0m[34;1m     75.68[0m
12:02:59   [32;22m     all[0m[34;1m      6.01[0m[34;22m      0.00[0m[34;1m     16.39[0m[34;22m      0.00[0m[34;22m      0.00[0m[34;1m     77.60[0m
12:03:00   [32;22m     all[0m[34;1m      8.15[0m[34;22m      0.00[0m[34;1m     21.20[0m[34;22m      0.00[0m[34;22m      0.00[0m[34;1m     70.65[0m
12:03:01   [32;22m     all[0m[34;1m      6.49[0m[34;22m      0.00[0m[34;1m     16.76[0m[34;22m      0.00[0m[34;22m      0.00[0m[34;1m     76.76[0m
12:03:02   [32;22m     all[0m[34;1m      5.32[0m[34;22m      0.00[0m[34;1m     15.96[0m[34;22m      0.00[0m[34;22m      0.00[0m[34;1m     78.72[0m
12:03:03   [32;22m     all[0m[34;1m      5.38[0m[34;22m      0.00[0m[34;1m     18.82[0m[34;22m      0.00[0m[34;22m      0.00[0m[34;1m     75.81[0m
12:03:04   [32;22m     all[0m[34;1m      5.41[0m[34;22m      0.00[0m[34;1m     16.22[0m[34;22m      0.00[0m[34;22m      0.00[0m[34;1m     78.38[0m
12:03:05   [32;22m     all[0m[34;1m      6.49[0m[34;22m      0.00[0m[34;1m     19.46[0m[34;22m      0.00[0m[34;22m      0.00[0m[34;1m     74.05[0m
12:03:06   [32;22m     all[0m[34;1m      4.30[0m[34;22m      0.00[0m[34;1m     19.35[0m[34;22m      0.00[0m[34;22m      0.00[0m[34;1m     76.34[0m
12:03:07   [32;22m     all[0m[34;1m      4.86[0m[34;22m      0.00[0m[34;1m     16.22[0m[34;22m      0.00[0m[34;22m      0.00[0m[34;1m     78.92[0m
12:03:08   [32;22m     all[0m[34;1m      4.49[0m[34;22m      0.00[0m[34;1m     16.29[0m[34;22m      0.00[0m[34;22m      0.00[0m[34;1m     79.21[0m
12:03:09   [32;22m     all[0m[34;1m      5.98[0m[34;22m      0.00[0m[34;1m     17.93[0m[34;22m      0.00[0m[34;22m      0.00[0m[34;1m     76.09[0m
12:03:10   [32;22m     all[0m[34;1m      7.22[0m[34;22m      0.00[0m[34;1m     18.33[0m[34;22m      0.00[0m[34;22m      0.00[0m[34;1m     74.44[0m
12:03:11   [32;22m     all[0m[34;1m      5.41[0m[34;22m      0.00[0m[34;1m     18.92[0m[34;22m      0.00[0m[34;22m      0.00[0m[34;1m     75.68[0m
12:03:12   [32;22m     all[0m[34;1m      6.11[0m[34;22m      0.00[0m[34;1m     18.33[0m[34;22m      0.00[0m[34;22m      0.00[0m[34;1m     75.56[0m
12:03:13   [32;22m     all[0m[34;1m      8.15[0m[34;22m      0.00[0m[34;1m     17.93[0m[34;22m      0.00[0m[34;22m      0.00[0m[34;1m     73.91[0m
12:03:14   [32;22m     all[0m[34;1m      6.84[0m[34;22m      0.00[0m[34;1m     17.89[0m[34;22m      0.00[0m[34;22m      0.00[0m[34;1m     75.26[0m
12:03:15   [32;22m     all[0m[34;1m      4.97[0m[34;22m      0.00[0m[34;1m     17.13[0m[34;22m      0.00[0m[34;22m      0.00[0m[34;1m     77.90[0m
12:03:16   [32;22m     all[0m[34;1m      5.43[0m[34;22m      0.00[0m[34;1m     17.93[0m[34;22m      0.00[0m[34;22m      0.00[0m[34;1m     76.63[0m
12:03:17   [32;22m     all[0m[34;1m      6.08[0m[34;22m      0.00[0m[34;1m     16.57[0m[34;22m      0.00[0m[34;22m      0.00[0m[34;1m     77.35[0m
12:03:18   [32;22m     all[0m[34;1m      7.18[0m[34;22m      0.00[0m[34;1m     17.68[0m[34;22m      0.00[0m[34;22m      0.00[0m[34;1m     75.14[0m
12:03:19   [32;22m     all[0m[34;1m      4.42[0m[34;22m      0.00[0m[34;1m     16.57[0m[34;22m      0.00[0m[34;22m      0.00[0m[34;1m     79.01[0m
12:03:20   [32;22m     all[0m[34;1m      9.24[0m[34;22m      0.00[0m[34;1m     19.02[0m[34;22m      0.00[0m[34;22m      0.00[0m[34;1m     71.74[0m
12:03:21   [32;22m     all[0m[34;1m      5.91[0m[34;22m      0.00[0m[34;1m     16.67[0m[34;22m      0.00[0m[34;22m      0.00[0m[34;1m     77.42[0m
12:03:22   [32;22m     all[0m[34;1m      5.49[0m[34;22m      0.00[0m[34;1m     17.03[0m[34;22m      0.00[0m[34;22m      0.00[0m[34;1m     77.47[0m
12:03:23   [32;22m     all[0m[34;1m      4.42[0m[34;22m      0.00[0m[34;1m     16.57[0m[34;22m      0.00[0m[34;22m      0.00[0m[34;1m     79.01[0m
12:03:24   [32;22m     all[0m[34;1m      7.14[0m[34;22m      0.00[0m[34;1m     12.64[0m[34;22m      0.00[0m[34;22m      0.00[0m[34;1m     80.22[0m
12:03:25   [32;22m     all[0m[34;1m      6.01[0m[34;22m      0.00[0m[34;1m     16.39[0m[34;22m      0.00[0m[34;22m      0.00[0m[34;1m     77.60[0m
12:03:26   [32;22m     all[0m[34;1m      6.70[0m[34;22m      0.00[0m[34;1m     19.55[0m[34;22m      0.00[0m[34;22m      0.00[0m[34;1m     73.74[0m
12:03:27   [32;22m     all[0m[34;1m      4.95[0m[34;22m      0.00[0m[34;1m     19.23[0m[34;22m      0.00[0m[34;22m      0.00[0m[34;1m     75.82[0m
12:03:28   [32;22m     all[0m[34;1m      5.38[0m[34;22m      0.00[0m[34;1m     19.89[0m[34;22m      0.00[0m[34;22m      0.00[0m[34;1m     74.73[0m
12:03:29   [32;22m     all[0m[34;1m      6.11[0m[34;22m      0.00[0m[34;1m     18.33[0m[34;22m      0.00[0m[34;22m      0.00[0m[34;1m     75.56[0m
12:03:30   [32;22m     all[0m[34;1m      5.98[0m[34;22m      0.00[0m[34;1m     18.48[0m[34;22m      0.00[0m[34;22m      0.00[0m[34;1m     75.54[0m
12:03:31   [32;22m     all[0m[34;1m      7.07[0m[34;22m      0.00[0m[34;1m     17.39[0m[34;22m      0.00[0m[34;22m      0.00[0m[34;1m     75.54[0m
12:03:32   [32;22m     all[0m[34;1m      4.92[0m[34;22m      0.00[0m[34;1m     16.94[0m[34;22m      0.00[0m[34;22m      0.00[0m[34;1m     78.14[0m
12:03:33   [32;22m     all[0m[34;1m      6.95[0m[34;22m      0.00[0m[34;1m     20.32[0m[34;22m      0.00[0m[34;22m      0.00[0m[34;1m     72.73[0m
12:03:34   [32;22m     all[0m[34;1m      5.95[0m[34;22m      0.00[0m[34;1m     14.05[0m[34;22m      0.00[0m[34;22m      0.00[0m[34;1m     80.00[0m
12:03:35   [32;22m     all[0m[34;1m      5.35[0m[34;22m      0.00[0m[34;1m     17.11[0m[34;22m      0.00[0m[34;22m      0.00[0m[34;1m     77.54[0m
12:03:36   [32;22m     all[0m[34;1m      5.03[0m[34;22m      0.00[0m[34;1m     13.41[0m[34;22m      0.00[0m[34;22m      0.00[0m[34;1m     81.56[0m
12:03:37   [32;22m     all[0m[34;1m      6.04[0m[34;22m      0.00[0m[34;1m     16.48[0m[34;22m      0.00[0m[34;22m      0.00[0m[34;1m     77.47[0m
12:03:38   [32;22m     all[0m[34;1m      6.70[0m[34;22m      0.00[0m[34;1m     18.44[0m[34;22m      0.00[0m[34;22m      0.00[0m[34;1m     74.86[0m
12:03:39   [32;22m     all[0m[34;1m      6.01[0m[34;22m      0.00[0m[34;1m     16.39[0m[34;22m      0.00[0m[34;22m      0.00[0m[34;1m     77.60[0m
12:03:40   [32;22m     all[0m[34;1m      7.07[0m[34;22m      0.00[0m[34;1m     18.48[0m[34;22m      0.00[0m[34;22m      0.00[0m[34;1m     74.46[0m
12:03:41   [32;22m     all[0m[34;1m      5.41[0m[34;22m      0.00[0m[34;1m     15.68[0m[34;22m      0.00[0m[34;22m      0.00[0m[34;1m     78.92[0m
12:03:42   [32;22m     all[0m[34;1m      4.92[0m[34;22m      0.00[0m[34;1m     17.49[0m[34;22m      0.00[0m[34;22m      0.00[0m[34;1m     77.60[0m
12:03:43   [32;22m     all[0m[34;1m      4.95[0m[34;22m      0.00[0m[34;1m     17.03[0m[34;22m      0.00[0m[34;22m      0.00[0m[34;1m     78.02[0m
12:03:44   [32;22m     all[0m[34;1m      7.61[0m[34;22m      0.00[0m[34;1m     17.93[0m[34;22m      0.00[0m[34;22m      0.00[0m[34;1m     74.46[0m
12:03:45   [32;22m     all[0m[34;1m      4.86[0m[34;22m      0.00[0m[34;1m     18.38[0m[34;22m      0.00[0m[34;22m      0.00[0m[34;1m     76.76[0m
12:03:46   [32;22m     all[0m[34;1m      6.04[0m[34;22m      0.00[0m[34;1m     15.38[0m[34;22m      0.00[0m[34;22m      0.00[0m[34;1m     78.57[0m
12:03:47   [32;22m     all[0m[34;1m      5.41[0m[34;22m      0.00[0m[34;1m     13.51[0m[34;22m      0.00[0m[34;22m      0.00[0m[34;1m     81.08[0m
12:03:48   [32;22m     all[0m[34;1m      5.00[0m[34;22m      0.00[0m[34;1m     16.11[0m[34;22m      0.00[0m[34;22m      0.00[0m[34;1m     78.89[0m
12:03:49   [32;22m     all[0m[34;1m      5.41[0m[34;22m      0.00[0m[34;1m     15.14[0m[34;22m      0.00[0m[34;22m      0.00[0m[34;1m     79.46[0m
12:03:50   [32;22m     all[0m[34;1m      8.84[0m[34;22m      0.00[0m[34;1m     18.78[0m[34;22m      0.00[0m[34;22m      0.00[0m[34;1m     72.38[0m
12:03:51   [32;22m     all[0m[34;1m      4.30[0m[34;22m      0.00[0m[34;1m     17.74[0m[34;22m      0.00[0m[34;22m      0.00[0m[34;1m     77.96[0m
12:03:52   [32;22m     all[0m[34;1m      6.08[0m[34;22m      0.00[0m[34;1m     16.57[0m[34;22m      0.00[0m[34;22m      0.00[0m[34;1m     77.35[0m
12:03:53   [32;22m     all[0m[34;1m      6.04[0m[34;22m      0.00[0m[34;1m     18.68[0m[34;22m      0.00[0m[34;22m      0.00[0m[34;1m     75.27[0m
12:03:54   [32;22m     all[0m[34;1m      5.91[0m[34;22m      0.00[0m[34;1m     18.82[0m[34;22m      0.00[0m[34;22m      0.00[0m[34;1m     75.27[0m
12:03:55   [32;22m     all[0m[34;1m      7.69[0m[34;22m      0.00[0m[34;1m     18.68[0m[34;22m      0.00[0m[34;22m      0.00[0m[34;1m     73.63[0m
12:03:56   [32;22m     all[0m[34;1m      6.08[0m[34;22m      0.00[0m[34;1m     19.34[0m[34;22m      0.00[0m[34;22m      0.00[0m[34;1m     74.59[0m
12:03:57   [32;22m     all[0m[34;1m      5.95[0m[34;22m      0.00[0m[34;1m     19.46[0m[34;22m      0.00[0m[34;22m      0.00[0m[34;1m     74.59[0m
12:03:58   [32;22m     all[0m[34;1m      6.42[0m[34;22m      0.00[0m[34;1m     18.72[0m[34;22m      0.00[0m[34;22m      0.00[0m[34;1m     74.87[0m
12:03:59   [32;22m     all[0m[34;1m      5.95[0m[34;22m      0.00[0m[34;1m     17.84[0m[34;22m      0.00[0m[34;22m      0.00[0m[34;1m     76.22[0m
12:04:00   [32;22m     all[0m[34;1m      6.99[0m[34;22m      0.00[0m[34;1m     16.67[0m[34;22m      0.00[0m[34;22m      0.00[0m[34;1m     76.34[0m
12:04:01   [32;22m     all[0m[34;1m      5.43[0m[34;22m      0.00[0m[34;1m     20.65[0m[34;22m      0.00[0m[34;22m      0.00[0m[34;1m     73.91[0m
12:04:02   [32;22m     all[0m[34;1m      7.78[0m[34;22m      0.00[0m[34;1m     20.00[0m[34;22m      0.00[0m[34;22m      0.00[0m[34;1m     72.22[0m
12:04:03   [32;22m     all[0m[34;1m      5.43[0m[34;22m      0.00[0m[34;1m     19.02[0m[34;22m      0.00[0m[34;22m      0.00[0m[34;1m     75.54[0m
12:04:04   [32;22m     all[0m[34;1m      7.73[0m[34;22m      0.00[0m[34;1m     19.34[0m[34;22m      0.00[0m[34;22m      0.00[0m[34;1m     72.93[0m
12:04:05   [32;22m     all[0m[34;1m      5.49[0m[34;22m      0.00[0m[34;1m     17.03[0m[34;22m      0.00[0m[34;22m      0.00[0m[34;1m     77.47[0m
12:04:06   [32;22m     all[0m[34;1m      6.08[0m[34;22m      0.00[0m[34;1m     20.44[0m[34;22m      0.00[0m[34;22m      0.00[0m[34;1m     73.48[0m
12:04:07   [32;22m     all[0m[34;1m      5.46[0m[34;22m      0.00[0m[34;1m     18.03[0m[34;22m      0.00[0m[34;22m      0.00[0m[34;1m     76.50[0m
12:04:08   [32;22m     all[0m[34;1m      7.18[0m[34;22m      0.00[0m[34;1m     22.10[0m[34;22m      0.00[0m[34;22m      0.00[0m[34;1m     70.72[0m
12:04:09   [32;22m     all[0m[34;1m      6.63[0m[34;22m      0.00[0m[34;1m     19.34[0m[34;22m      0.00[0m[34;22m      0.00[0m[34;1m     74.03[0m
12:04:10   [32;22m     all[0m[34;1m      7.61[0m[34;22m      0.00[0m[34;1m     21.74[0m[34;22m      0.00[0m[34;22m      0.00[0m[34;1m     70.65[0m
12:04:11   [32;22m     all[0m[34;1m      5.52[0m[34;22m      0.00[0m[34;1m     17.13[0m[34;22m      0.00[0m[34;22m      0.00[0m[34;1m     77.35[0m
12:04:12   [32;22m     all[0m[34;1m      5.95[0m[34;22m      0.00[0m[34;1m     20.00[0m[34;22m      0.00[0m[34;22m      0.00[0m[34;1m     74.05[0m
12:04:13   [32;22m     all[0m[34;1m      6.70[0m[34;22m      0.00[0m[34;1m     21.79[0m[34;22m      0.00[0m[34;22m      0.00[0m[34;1m     71.51[0m
12:04:14   [32;22m     all[0m[34;1m      7.57[0m[34;22m      0.00[0m[34;1m     16.22[0m[34;22m      0.00[0m[34;22m      0.00[0m[34;1m     76.22[0m
12:04:15   [32;22m     all[0m[34;1m      5.46[0m[34;22m      0.00[0m[34;1m     14.75[0m[34;22m      0.00[0m[34;22m      0.00[0m[34;1m     79.78[0m
12:04:16   [32;22m     all[0m[34;1m      7.22[0m[34;22m      0.00[0m[34;1m     19.44[0m[34;22m      0.00[0m[34;22m      0.00[0m[34;1m     73.33[0m
12:04:17   [32;22m     all[0m[34;1m      4.86[0m[34;22m      0.00[0m[34;1m     15.14[0m[34;22m      0.00[0m[34;22m      0.00[0m[34;1m     80.00[0m
12:04:18   [32;22m     all[0m[34;1m      6.67[0m[34;22m      0.00[0m[34;1m     18.89[0m[34;22m      0.00[0m[34;22m      0.00[0m[34;1m     74.44[0m
12:04:19   [32;22m     all[0m[34;1m      5.95[0m[34;22m      0.00[0m[34;1m     16.22[0m[34;22m      0.00[0m[34;22m      0.00[0m[34;1m     77.84[0m
12:04:20   [32;22m     all[0m[34;1m      7.03[0m[34;22m      0.00[0m[34;1m     18.38[0m[34;22m      0.00[0m[34;22m      0.00[0m[34;1m     74.59[0m
12:04:21   [32;22m     all[0m[34;1m      3.70[0m[34;22m      0.00[0m[34;1m     14.29[0m[34;22m      0.00[0m[34;22m      0.00[0m[34;1m     82.01[0m
12:04:22   [32;22m     all[0m[34;1m      5.49[0m[34;22m      0.00[0m[34;1m     18.13[0m[34;22m      0.00[0m[34;22m      0.00[0m[34;1m     76.37[0m
12:04:23   [32;22m     all[0m[34;1m      5.56[0m[34;22m      0.00[0m[34;1m     15.00[0m[34;22m      0.00[0m[34;22m      0.00[0m[34;1m     79.44[0m
12:04:24   [32;22m     all[0m[34;1m      7.10[0m[34;22m      0.00[0m[34;1m     18.58[0m[34;22m      0.00[0m[34;22m      0.00[0m[34;1m     74.32[0m
12:04:25   [32;22m     all[0m[34;1m      6.18[0m[34;22m      0.00[0m[34;1m     17.42[0m[34;22m      0.00[0m[34;22m      0.00[0m[34;1m     76.40[0m
12:04:26   [32;22m     all[0m[34;1m      9.04[0m[34;22m      0.00[0m[34;1m     22.60[0m[34;22m      0.00[0m[34;22m      0.00[0m[34;1m     68.36[0m
12:04:27   [32;22m     all[0m[34;1m      6.78[0m[34;22m      0.00[0m[34;1m     18.08[0m[34;22m      0.00[0m[34;22m      0.00[0m[34;1m     75.14[0m
12:04:28   [32;22m     all[0m[34;1m      6.08[0m[34;22m      0.00[0m[34;1m     18.78[0m[34;22m      0.00[0m[34;22m      0.00[0m[34;1m     75.14[0m
12:04:29   [32;22m     all[0m[34;1m      5.41[0m[34;22m      0.00[0m[34;1m     16.76[0m[34;22m      0.00[0m[34;22m      0.00[0m[34;1m     77.84[0m
12:04:30   [32;22m     all[0m[34;1m      6.67[0m[34;22m      0.00[0m[34;1m     20.00[0m[34;22m      0.00[0m[34;22m      0.00[0m[34;1m     73.33[0m
12:04:31   [32;22m     all[0m[34;1m      4.95[0m[34;22m      0.00[0m[34;1m     18.68[0m[34;22m      0.00[0m[34;22m      0.00[0m[34;1m     76.37[0m
12:04:32   [32;22m     all[0m[34;1m      5.00[0m[34;22m      0.00[0m[34;1m     17.78[0m[34;22m      0.00[0m[34;22m      0.00[0m[34;1m     77.22[0m
12:04:33   [32;22m     all[0m[34;1m      7.10[0m[34;22m      0.00[0m[34;1m     17.49[0m[34;22m      0.00[0m[34;22m      0.00[0m[34;1m     75.41[0m
12:04:34   [32;22m     all[0m[34;1m      7.73[0m[34;22m      0.00[0m[34;1m     17.68[0m[34;22m      0.00[0m[34;22m      0.00[0m[34;1m     74.59[0m
12:04:35   [32;22m     all[0m[34;1m      6.59[0m[34;22m      0.00[0m[34;1m     18.13[0m[34;22m      0.00[0m[34;22m      0.00[0m[34;1m     75.27[0m
12:04:36   [32;22m     all[0m[34;1m      6.08[0m[34;22m      0.00[0m[34;1m     15.47[0m[34;22m      0.00[0m[34;22m      0.00[0m[34;1m     78.45[0m
12:04:37   [32;22m     all[0m[34;1m      5.88[0m[34;22m      0.00[0m[34;1m     16.04[0m[34;22m      0.00[0m[34;22m      0.00[0m[34;1m     78.07[0m
12:04:38   [32;22m     all[0m[34;1m      6.11[0m[34;22m      0.00[0m[34;1m     16.67[0m[34;22m      0.00[0m[34;22m      0.00[0m[34;1m     77.22[0m
12:04:39   [32;22m     all[0m[34;1m      4.81[0m[34;22m      0.00[0m[34;1m     14.44[0m[34;22m      0.00[0m[34;22m      0.00[0m[34;1m     80.75[0m
12:04:40   [32;22m     all[0m[34;1m      6.04[0m[34;22m      0.00[0m[34;1m     18.68[0m[34;22m      0.00[0m[34;22m      0.00[0m[34;1m     75.27[0m
12:04:41   [32;22m     all[0m[34;1m      6.56[0m[34;22m      0.00[0m[34;1m     14.21[0m[34;22m      0.00[0m[34;22m      0.00[0m[34;1m     79.23[0m
12:04:42   [32;22m     all[0m[34;1m      6.63[0m[34;22m      0.00[0m[34;1m     18.78[0m[34;22m      0.00[0m[34;22m      0.00[0m[34;1m     74.59[0m
12:04:43   [32;22m     all[0m[34;1m      4.35[0m[34;22m      0.00[0m[34;1m     15.76[0m[34;22m      0.00[0m[34;22m      0.00[0m[34;1m     79.89[0m
12:04:44   [32;22m     all[0m[34;1m      7.61[0m[34;22m      0.00[0m[34;1m     17.93[0m[34;22m      0.00[0m[34;22m      0.00[0m[34;1m     74.46[0m
12:04:45   [32;22m     all[0m[34;1m      5.56[0m[34;22m      0.00[0m[34;1m     16.11[0m[34;22m      0.00[0m[34;22m      0.00[0m[34;1m     78.33[0m
12:04:46   [32;22m     all[0m[34;1m      6.04[0m[34;22m      0.00[0m[34;1m     16.48[0m[34;22m      0.00[0m[34;22m      0.00[0m[34;1m     77.47[0m
12:04:47   [32;22m     all[0m[34;1m      6.04[0m[34;22m      0.00[0m[34;1m     18.13[0m[34;22m      0.00[0m[34;22m      0.00[0m[34;1m     75.82[0m
12:04:48   [32;22m     all[0m[34;1m      5.95[0m[34;22m      0.00[0m[34;1m     16.22[0m[34;22m      0.00[0m[34;22m      0.00[0m[34;1m     77.84[0m
12:04:49   [32;22m     all[0m[34;1m      5.62[0m[34;22m      0.00[0m[34;1m     17.42[0m[34;22m      0.00[0m[34;22m      0.00[0m[34;1m     76.97[0m
12:04:50   [32;22m     all[0m[34;1m      7.03[0m[34;22m      0.00[0m[34;1m     16.76[0m[34;22m      0.00[0m[34;22m      0.00[0m[34;1m     76.22[0m
12:04:51   [32;22m     all[0m[34;1m      4.89[0m[34;22m      0.00[0m[34;1m     15.22[0m[34;22m      0.00[0m[34;22m      0.00[0m[34;1m     79.89[0m
12:04:52   [32;22m     all[0m[34;1m      8.15[0m[34;22m      0.00[0m[34;1m     20.11[0m[34;22m      0.00[0m[34;22m      0.00[0m[34;1m     71.74[0m
12:04:53   [32;22m     all[0m[34;1m      5.98[0m[34;22m      0.00[0m[34;1m     18.48[0m[34;22m      0.00[0m[34;22m      0.00[0m[34;1m     75.54[0m
12:04:54   [32;22m     all[0m[34;1m      7.65[0m[34;22m      0.00[0m[34;1m     15.85[0m[34;22m      0.00[0m[34;22m      0.00[0m[34;1m     76.50[0m
12:04:55   [32;22m     all[0m[34;1m      7.03[0m[34;22m      0.00[0m[34;1m     16.76[0m[34;22m      0.00[0m[34;22m      0.00[0m[34;1m     76.22[0m
12:04:56   [32;22m     all[0m[34;1m      6.52[0m[34;22m      0.00[0m[34;1m     18.48[0m[34;22m      0.00[0m[34;22m      0.00[0m[34;1m     75.00[0m
12:04:57   [32;22m     all[0m[34;1m      6.11[0m[34;22m      0.00[0m[34;1m     18.89[0m[34;22m      0.00[0m[34;22m      0.00[0m[34;1m     75.00[0m
12:04:58   [32;22m     all[0m[34;1m      4.97[0m[34;22m      0.00[0m[34;1m     14.36[0m[34;22m      0.00[0m[34;22m      0.00[0m[34;1m     80.66[0m
12:04:59   [32;22m     all[0m[34;1m      6.56[0m[34;22m      0.00[0m[34;1m     15.85[0m[34;22m      0.00[0m[34;22m      0.00[0m[34;1m     77.60[0m
12:05:00   [32;22m     all[0m[34;1m      6.56[0m[34;22m      0.00[0m[34;1m     20.77[0m[34;22m      0.00[0m[34;22m      0.00[0m[34;1m     72.68[0m
12:05:01   [32;22m     all[0m[34;1m      8.79[0m[34;22m      0.00[0m[34;1m     21.98[0m[34;22m      0.00[0m[34;22m      0.00[0m[34;1m     69.23[0m
12:05:02   [32;22m     all[0m[34;1m      7.57[0m[34;22m      0.00[0m[34;1m     18.92[0m[34;22m      0.00[0m[34;22m      0.00[0m[34;1m     73.51[0m
12:05:03   [32;22m     all[0m[34;1m      7.18[0m[34;22m      0.00[0m[34;1m     18.78[0m[34;22m      0.00[0m[34;22m      0.00[0m[34;1m     74.03[0m
12:05:04   [32;22m     all[0m[34;1m      5.88[0m[34;22m      0.00[0m[34;1m     14.44[0m[34;22m      0.00[0m[34;22m      0.00[0m[34;1m     79.68[0m
12:05:05   [32;22m     all[0m[34;1m      5.46[0m[34;22m      0.00[0m[34;1m     16.39[0m[34;22m      0.00[0m[34;22m      0.00[0m[34;1m     78.14[0m
12:05:06   [32;22m     all[0m[34;1m      7.53[0m[34;22m      0.00[0m[34;1m     18.82[0m[34;22m      0.00[0m[34;22m      0.00[0m[34;1m     73.66[0m
12:05:07   [32;22m     all[0m[34;1m      5.85[0m[34;22m      0.00[0m[34;1m     17.55[0m[34;22m      0.00[0m[34;22m      0.00[0m[34;1m     76.60[0m
12:05:08   [32;22m     all[0m[34;1m      5.35[0m[34;22m      0.00[0m[34;1m     15.51[0m[34;22m      0.00[0m[34;22m      0.00[0m[34;1m     79.14[0m
12:05:09   [32;22m     all[0m[34;1m      7.57[0m[34;22m      0.00[0m[34;1m     16.76[0m[34;22m      0.00[0m[34;22m      0.00[0m[34;1m     75.68[0m
12:05:10   [32;22m     all[0m[34;1m      6.01[0m[34;22m      0.00[0m[34;1m     18.03[0m[34;22m      0.00[0m[34;22m      0.00[0m[34;1m     75.96[0m
12:05:11   [32;22m     all[0m[34;1m      7.69[0m[34;22m      0.00[0m[34;1m     19.23[0m[34;22m      0.00[0m[34;22m      0.00[0m[34;1m     73.08[0m
12:05:12   [32;22m     all[0m[34;1m      7.07[0m[34;22m      0.00[0m[34;1m     17.93[0m[34;22m      0.00[0m[34;22m      0.00[0m[34;1m     75.00[0m
12:05:13   [32;22m     all[0m[34;1m      4.76[0m[34;22m      0.00[0m[34;1m     16.40[0m[34;22m      0.00[0m[34;22m      0.00[0m[34;1m     78.84[0m
12:05:14   [32;22m     all[0m[34;1m      7.41[0m[34;22m      0.00[0m[34;1m     17.46[0m[34;22m      0.00[0m[34;22m      0.00[0m[34;1m     75.13[0m
12:05:15   [32;22m     all[0m[34;1m      2.66[0m[34;22m      0.00[0m[34;1m      7.45[0m[34;22m      0.00[0m[34;22m      0.00[0m[34;1m     89.89[0m
