Linux 6.6.95 (ssp-study) 	04/16/26 	_x86_64_	(2 CPU)

17:46:13    kbmemfree   kbavail kbmemused  %memused kbbuffers  kbcached  kbcommit   %commit  kbactive   kbinact   kbdirty
17:46:14   [34;1m   1070200[0m[34;1m   1846172[0m[34;1m    692708[0m[34;1m     18.21[0m[34;1m     84076[0m[34;1m   1846516[0m[34;1m   3610628[0m[31;1m     94.94[0m[34;1m   1179784[0m[34;1m   1361256[0m[34;1m       352[0m
17:46:15   [34;1m   1069444[0m[34;1m   1845424[0m[34;1m    693452[0m[34;1m     18.23[0m[34;1m     84076[0m[34;1m   1846524[0m[34;1m   3615644[0m[31;1m     95.07[0m[34;1m   1179788[0m[34;1m   1362840[0m[34;1m       352[0m
17:46:16   [34;1m   1068940[0m[34;1m   1844920[0m[34;1m    693908[0m[34;1m     18.25[0m[34;1m     84076[0m[34;1m   1846524[0m[34;1m   3615964[0m[31;1m     95.08[0m[34;1m   1179788[0m[34;1m   1363564[0m[34;1m       352[0m
17:46:17   [34;1m   1067932[0m[34;1m   1843940[0m[34;1m    694884[0m[34;1m     18.27[0m[34;1m     84092[0m[34;1m   1846536[0m[34;1m   3615964[0m[31;1m     95.08[0m[34;1m   1179804[0m[34;1m   1363780[0m[34;1m       360[0m
17:46:18   [34;1m   1067932[0m[34;1m   1843940[0m[34;1m    694884[0m[34;1m     18.27[0m[34;1m     84092[0m[34;1m   1846536[0m[34;1m   3616220[0m[31;1m     95.08[0m[34;1m   1179804[0m[34;1m   1364000[0m[34;1m       360[0m
17:46:19   [34;1m   1067932[0m[34;1m   1843940[0m[34;1m    694900[0m[34;1m     18.27[0m[34;1m     84092[0m[34;1m   1846536[0m[34;1m   3611204[0m[31;1m     94.95[0m[34;1m   1179804[0m[34;1m   1362808[0m[34;1m       360[0m
17:46:20   [34;1m   1067932[0m[34;1m   1843940[0m[34;1m    694900[0m[34;1m     18.27[0m[34;1m     84096[0m[34;1m   1846532[0m[34;1m   3611204[0m[31;1m     94.95[0m[34;1m   1179804[0m[34;1m   1362988[0m[34;1m       360[0m
17:46:21   [34;1m   1067932[0m[34;1m   1843948[0m[34;1m    694892[0m[34;1m     18.27[0m[34;1m     84096[0m[34;1m   1846540[0m[34;1m   3611204[0m[31;1m     94.95[0m[34;1m   1179808[0m[34;1m   1363064[0m[34;1m       360[0m
17:46:22   [34;1m   1067680[0m[34;1m   1843696[0m[34;1m    695112[0m[34;1m     18.28[0m[34;1m     84096[0m[34;1m   1846540[0m[34;1m   3611204[0m[31;1m     94.95[0m[34;1m   1179808[0m[34;1m   1363232[0m[34;1m       360[0m
17:46:23   [34;1m   1067680[0m[34;1m   1843696[0m[34;1m    695112[0m[34;1m     18.28[0m[34;1m     84096[0m[34;1m   1846540[0m[34;1m   3611204[0m[31;1m     94.95[0m[34;1m   1179808[0m[34;1m   1363756[0m[34;1m       356[0m
17:46:24   [34;1m   1067680[0m[34;1m   1843696[0m[34;1m    695112[0m[34;1m     18.28[0m[34;1m     84096[0m[34;1m   1846540[0m[34;1m   3611204[0m[31;1m     94.95[0m[34;1m   1179808[0m[34;1m   1364212[0m[34;1m       356[0m
17:46:25   [34;1m   1067680[0m[34;1m   1843696[0m[34;1m    695108[0m[34;1m     18.28[0m[34;1m     84096[0m[34;1m   1846544[0m[34;1m   3611204[0m[31;1m     94.95[0m[34;1m   1179808[0m[34;1m   1364496[0m[34;1m       360[0m
17:46:26   [34;1m   1067680[0m[34;1m   1843712[0m[34;1m    695092[0m[34;1m     18.28[0m[34;1m     84108[0m[34;1m   1846548[0m[34;1m   3611204[0m[31;1m     94.95[0m[34;1m   1179820[0m[34;1m   1364976[0m[34;1m       360[0m
17:46:27   [34;1m   1067680[0m[34;1m   1843716[0m[34;1m    695080[0m[34;1m     18.28[0m[34;1m     84108[0m[34;1m   1846548[0m[34;1m   3611204[0m[31;1m     94.95[0m[34;1m   1179820[0m[34;1m   1365092[0m[34;1m       360[0m
17:46:28   [34;1m   1067680[0m[34;1m   1843716[0m[34;1m    695080[0m[34;1m     18.28[0m[34;1m     84108[0m[34;1m   1846548[0m[34;1m   3611204[0m[31;1m     94.95[0m[34;1m   1179820[0m[34;1m   1365036[0m[34;1m        68[0m
17:46:29   [34;1m   1067680[0m[34;1m   1843716[0m[34;1m    695080[0m[34;1m     18.28[0m[34;1m     84108[0m[34;1m   1846548[0m[34;1m   3611204[0m[31;1m     94.95[0m[34;1m   1179820[0m[34;1m   1365096[0m[34;1m        68[0m
17:46:30   [34;1m   1067680[0m[34;1m   1843716[0m[34;1m    695080[0m[34;1m     18.28[0m[34;1m     84116[0m[34;1m   1846540[0m[34;1m   3611204[0m[31;1m     94.95[0m[34;1m   1179820[0m[34;1m   1365096[0m[34;1m        68[0m
17:46:31   [34;1m   1067680[0m[34;1m   1843728[0m[34;1m    695068[0m[34;1m     18.28[0m[34;1m     84116[0m[34;1m   1846552[0m[34;1m   3611204[0m[31;1m     94.95[0m[34;1m   1179828[0m[34;1m   1365264[0m[34;1m        80[0m
17:46:32   [34;1m   1067680[0m[34;1m   1843664[0m[34;1m    695140[0m[34;1m     18.28[0m[34;1m     84152[0m[34;1m   1846440[0m[34;1m   3611452[0m[31;1m     94.96[0m[34;1m   1179840[0m[34;1m   1364020[0m[34;1m       208[0m
17:46:33   [34;1m   1067680[0m[34;1m   1843672[0m[34;1m    695132[0m[34;1m     18.28[0m[34;1m     84156[0m[34;1m   1846444[0m[34;1m   3611452[0m[31;1m     94.96[0m[34;1m   1179844[0m[34;1m   1363992[0m[34;1m       224[0m
17:46:34   [34;1m   1067680[0m[34;1m   1843672[0m[34;1m    695132[0m[34;1m     18.28[0m[34;1m     84156[0m[34;1m   1846444[0m[34;1m   3611452[0m[31;1m     94.96[0m[34;1m   1179844[0m[34;1m   1364032[0m[34;1m       224[0m
17:46:35   [34;1m   1067680[0m[34;1m   1843672[0m[34;1m    695116[0m[34;1m     18.28[0m[34;1m     84156[0m[34;1m   1846444[0m[34;1m   3616468[0m[31;1m     95.09[0m[34;1m   1179844[0m[34;1m   1365388[0m[34;1m       224[0m
17:46:36   [34;1m   1067680[0m[34;1m   1843672[0m[34;1m    695116[0m[34;1m     18.28[0m[34;1m     84160[0m[34;1m   1846440[0m[34;1m   3616468[0m[31;1m     95.09[0m[34;1m   1179844[0m[34;1m   1365376[0m[34;1m       224[0m
17:46:37   [34;1m   1067680[0m[34;1m   1843680[0m[34;1m    695068[0m[34;1m     18.28[0m[34;1m     84160[0m[34;1m   1846448[0m[34;1m   3616468[0m[31;1m     95.09[0m[34;1m   1179848[0m[34;1m   1365416[0m[34;1m       224[0m
17:46:38   [34;1m   1067680[0m[34;1m   1843680[0m[34;1m    695064[0m[34;1m     18.28[0m[34;1m     84160[0m[34;1m   1846448[0m[34;1m   3616468[0m[31;1m     95.09[0m[34;1m   1179848[0m[34;1m   1365416[0m[34;1m       224[0m
17:46:39   [34;1m   1067680[0m[34;1m   1843680[0m[34;1m    695068[0m[34;1m     18.28[0m[34;1m     84160[0m[34;1m   1846448[0m[34;1m   3611452[0m[31;1m     94.96[0m[34;1m   1179848[0m[34;1m   1363848[0m[34;1m       212[0m
17:46:40   [34;1m   1067680[0m[34;1m   1843680[0m[34;1m    695068[0m[34;1m     18.28[0m[34;1m     84160[0m[34;1m   1846448[0m[34;1m   3611452[0m[31;1m     94.96[0m[34;1m   1179848[0m[34;1m   1363848[0m[34;1m       212[0m
17:46:41   [34;1m   1067680[0m[34;1m   1843680[0m[34;1m    695072[0m[34;1m     18.28[0m[34;1m     84160[0m[34;1m   1846448[0m[34;1m   3611452[0m[31;1m     94.96[0m[34;1m   1179848[0m[34;1m   1363860[0m[34;1m       212[0m
17:46:42   [34;1m   1067680[0m[34;1m   1843684[0m[34;1m    695088[0m[34;1m     18.28[0m[34;1m     84172[0m[34;1m   1846440[0m[34;1m   3611452[0m[31;1m     94.96[0m[34;1m   1179852[0m[34;1m   1363896[0m[34;1m       216[0m
17:46:43   [34;1m   1067680[0m[34;1m   1843696[0m[34;1m    695076[0m[34;1m     18.28[0m[34;1m     84172[0m[34;1m   1846452[0m[34;1m   3611452[0m[31;1m     94.96[0m[34;1m   1179860[0m[34;1m   1363728[0m[34;1m       216[0m
17:46:44   [34;1m   1067680[0m[34;1m   1843696[0m[34;1m    695076[0m[34;1m     18.28[0m[34;1m     84172[0m[34;1m   1846452[0m[34;1m   3611452[0m[31;1m     94.96[0m[34;1m   1179860[0m[34;1m   1363692[0m[34;1m       216[0m
17:46:45   [34;1m   1067680[0m[34;1m   1843696[0m[34;1m    695076[0m[34;1m     18.28[0m[34;1m     84172[0m[34;1m   1846452[0m[34;1m   3611452[0m[31;1m     94.96[0m[34;1m   1179860[0m[34;1m   1362816[0m[34;1m       216[0m
17:46:46   [34;1m   1067680[0m[34;1m   1843696[0m[34;1m    695076[0m[34;1m     18.28[0m[34;1m     84180[0m[34;1m   1846444[0m[34;1m   3611452[0m[31;1m     94.96[0m[34;1m   1179860[0m[34;1m   1363196[0m[34;1m        12[0m
17:46:47   [34;1m   1067176[0m[34;1m   1843212[0m[34;1m    695556[0m[34;1m     18.29[0m[34;1m     84184[0m[34;1m   1846464[0m[34;1m   3611452[0m[31;1m     94.96[0m[34;1m   1179868[0m[34;1m   1363344[0m[34;1m        32[0m
17:46:48   [34;1m   1067176[0m[34;1m   1843212[0m[34;1m    695556[0m[34;1m     18.29[0m[34;1m     84184[0m[34;1m   1846464[0m[34;1m   3611452[0m[31;1m     94.96[0m[34;1m   1179868[0m[34;1m   1363344[0m[34;1m        32[0m
17:46:49   [34;1m   1067176[0m[34;1m   1843216[0m[34;1m    695556[0m[34;1m     18.29[0m[34;1m     84184[0m[34;1m   1846464[0m[34;1m   3611452[0m[31;1m     94.96[0m[34;1m   1179872[0m[34;1m   1363384[0m[34;1m        24[0m
17:46:50   [34;1m   1067176[0m[34;1m   1843216[0m[34;1m    695556[0m[34;1m     18.29[0m[34;1m     84188[0m[34;1m   1846460[0m[34;1m   3611452[0m[31;1m     94.96[0m[34;1m   1179872[0m[34;1m   1363384[0m[34;1m        24[0m
17:46:51   [34;1m   1067176[0m[34;1m   1843220[0m[34;1m    695548[0m[34;1m     18.29[0m[34;1m     84188[0m[34;1m   1846468[0m[34;1m   3611452[0m[31;1m     94.96[0m[34;1m   1179872[0m[34;1m   1363428[0m[34;1m        36[0m
17:46:52   [34;1m   1067176[0m[34;1m   1843224[0m[34;1m    695548[0m[34;1m     18.29[0m[34;1m     84188[0m[34;1m   1846468[0m[34;1m   3611452[0m[31;1m     94.96[0m[34;1m   1179876[0m[34;1m   1363128[0m[34;1m        36[0m
17:46:53   [34;1m   1067176[0m[34;1m   1843224[0m[34;1m    695548[0m[34;1m     18.29[0m[34;1m     84188[0m[34;1m   1846468[0m[34;1m   3611452[0m[31;1m     94.96[0m[34;1m   1179876[0m[34;1m   1363032[0m[34;1m        36[0m
17:46:54   [34;1m   1067176[0m[34;1m   1843224[0m[34;1m    695548[0m[34;1m     18.29[0m[34;1m     84192[0m[34;1m   1846464[0m[34;1m   3611452[0m[31;1m     94.96[0m[34;1m   1179876[0m[34;1m   1363036[0m[34;1m        36[0m
17:46:55   [34;1m   1066180[0m[34;1m   1842236[0m[34;1m    696440[0m[34;1m     18.31[0m[34;1m     84192[0m[34;1m   1846472[0m[34;1m   3616468[0m[31;1m     95.09[0m[34;1m   1179880[0m[34;1m   1364620[0m[34;1m        36[0m
17:46:56   [34;1m   1065928[0m[34;1m   1841992[0m[34;1m    696744[0m[34;1m     18.32[0m[34;1m     84192[0m[34;1m   1846472[0m[34;1m   3616468[0m[31;1m     95.09[0m[34;1m   1179880[0m[34;1m   1365020[0m[34;1m        36[0m
17:46:57   [34;1m   1064920[0m[34;1m   1840984[0m[34;1m    697748[0m[34;1m     18.35[0m[34;1m     84192[0m[34;1m   1846472[0m[34;1m   3616468[0m[31;1m     95.09[0m[34;1m   1179880[0m[34;1m   1365384[0m[34;1m         8[0m
17:46:58   [34;1m   1064920[0m[34;1m   1840984[0m[34;1m    697748[0m[34;1m     18.35[0m[34;1m     84196[0m[34;1m   1846468[0m[34;1m   3616468[0m[31;1m     95.09[0m[34;1m   1179880[0m[34;1m   1365444[0m[34;1m         8[0m
17:46:59   [34;1m   1064920[0m[34;1m   1840992[0m[34;1m    697780[0m[34;1m     18.35[0m[34;1m     84196[0m[34;1m   1846476[0m[34;1m   3611452[0m[31;1m     94.96[0m[34;1m   1179884[0m[34;1m   1363932[0m[34;1m        20[0m
17:47:00   [34;1m   1064920[0m[34;1m   1840992[0m[34;1m    697776[0m[34;1m     18.35[0m[34;1m     84196[0m[34;1m   1846476[0m[34;1m   3611452[0m[31;1m     94.96[0m[34;1m   1179884[0m[34;1m   1364112[0m[34;1m        20[0m
17:47:01   [34;1m   1064920[0m[34;1m   1840992[0m[34;1m    697776[0m[34;1m     18.35[0m[34;1m     84196[0m[34;1m   1846476[0m[34;1m   3611452[0m[31;1m     94.96[0m[34;1m   1179884[0m[34;1m   1364248[0m[34;1m        20[0m
17:47:02   [34;1m   1064668[0m[34;1m   1840752[0m[34;1m    698024[0m[34;1m     18.35[0m[34;1m     84204[0m[34;1m   1846480[0m[34;1m   3611452[0m[31;1m     94.96[0m[34;1m   1179892[0m[34;1m   1364052[0m[34;1m        28[0m
17:47:03   [34;1m   1064668[0m[34;1m   1840752[0m[34;1m    698024[0m[34;1m     18.35[0m[34;1m     84204[0m[34;1m   1846480[0m[34;1m   3611708[0m[31;1m     94.96[0m[34;1m   1179892[0m[34;1m   1363972[0m[34;1m        28[0m
17:47:04   [34;1m   1064668[0m[34;1m   1840756[0m[34;1m    698016[0m[34;1m     18.35[0m[34;1m     84208[0m[34;1m   1846484[0m[34;1m   3611708[0m[31;1m     94.96[0m[34;1m   1179892[0m[34;1m   1363728[0m[34;1m        28[0m
17:47:05   [34;1m   1064668[0m[34;1m   1840756[0m[34;1m    698016[0m[34;1m     18.35[0m[34;1m     84208[0m[34;1m   1846484[0m[34;1m   3611708[0m[31;1m     94.96[0m[34;1m   1179892[0m[34;1m   1363744[0m[34;1m        28[0m
17:47:06   [34;1m   1064444[0m[34;1m   1840540[0m[34;1m    698236[0m[34;1m     18.36[0m[34;1m     84212[0m[34;1m   1846484[0m[34;1m   3611708[0m[31;1m     94.96[0m[34;1m   1179900[0m[34;1m   1363580[0m[34;1m        28[0m
17:47:07   [34;1m   1062680[0m[34;1m   1838780[0m[34;1m    700000[0m[34;1m     18.41[0m[34;1m     84212[0m[34;1m   1846488[0m[34;1m   3611708[0m[31;1m     94.96[0m[34;1m   1179900[0m[34;1m   1363620[0m[34;1m        28[0m
17:47:08   [34;1m   1062680[0m[34;1m   1838780[0m[34;1m    700000[0m[34;1m     18.41[0m[34;1m     84212[0m[34;1m   1846488[0m[34;1m   3611708[0m[31;1m     94.96[0m[34;1m   1179900[0m[34;1m   1363664[0m[34;1m        28[0m
17:47:09   [34;1m   1062432[0m[34;1m   1838536[0m[34;1m    700244[0m[34;1m     18.41[0m[34;1m     84212[0m[34;1m   1846492[0m[34;1m   3611708[0m[31;1m     94.96[0m[34;1m   1179900[0m[34;1m   1363960[0m[34;1m        20[0m
17:47:10   [34;1m   1062432[0m[34;1m   1838536[0m[34;1m    700244[0m[34;1m     18.41[0m[34;1m     84212[0m[34;1m   1846492[0m[34;1m   3611708[0m[31;1m     94.96[0m[34;1m   1179900[0m[34;1m   1364264[0m[34;1m         8[0m
17:47:11   [34;1m   1062432[0m[34;1m   1838536[0m[34;1m    700244[0m[34;1m     18.41[0m[34;1m     84212[0m[34;1m   1846492[0m[34;1m   3611708[0m[31;1m     94.96[0m[34;1m   1179900[0m[34;1m   1364564[0m[34;1m         8[0m
17:47:12   [34;1m   1061424[0m[34;1m   1837536[0m[34;1m    701252[0m[34;1m     18.44[0m[34;1m     84216[0m[34;1m   1846496[0m[34;1m   3611708[0m[31;1m     94.96[0m[34;1m   1179904[0m[34;1m   1364732[0m[34;1m        28[0m
17:47:13   [34;1m   1061424[0m[34;1m   1837536[0m[34;1m    701252[0m[34;1m     18.44[0m[34;1m     84216[0m[34;1m   1846496[0m[34;1m   3611708[0m[31;1m     94.96[0m[34;1m   1179904[0m[34;1m   1364732[0m[34;1m        32[0m
17:47:14   [34;1m   1061424[0m[34;1m   1837536[0m[34;1m    701252[0m[34;1m     18.44[0m[34;1m     84216[0m[34;1m   1846496[0m[34;1m   3611708[0m[31;1m     94.96[0m[34;1m   1179904[0m[34;1m   1364732[0m[34;1m        32[0m
17:47:15   [34;1m   1059660[0m[34;1m   1835772[0m[34;1m    703016[0m[34;1m     18.48[0m[34;1m     84216[0m[34;1m   1846496[0m[34;1m   3616724[0m[31;1m     95.10[0m[34;1m   1179904[0m[34;1m   1366264[0m[34;1m        32[0m
17:47:16   [34;1m   1059408[0m[34;1m   1835520[0m[34;1m    703248[0m[34;1m     18.49[0m[34;1m     84220[0m[34;1m   1846492[0m[34;1m   3616724[0m[31;1m     95.10[0m[34;1m   1179904[0m[34;1m   1366728[0m[34;1m        32[0m
17:47:17   [34;1m   1057644[0m[34;1m   1833772[0m[34;1m    704984[0m[34;1m     18.54[0m[34;1m     84224[0m[34;1m   1846504[0m[34;1m   3616724[0m[31;1m     95.10[0m[34;1m   1179912[0m[34;1m   1366820[0m[34;1m        36[0m
17:47:18   [34;1m   1057644[0m[34;1m   1833772[0m[34;1m    704984[0m[34;1m     18.54[0m[34;1m     84224[0m[34;1m   1846504[0m[34;1m   3616724[0m[31;1m     95.10[0m[34;1m   1179912[0m[34;1m   1366824[0m[34;1m         8[0m
17:47:19   [34;1m   1057644[0m[34;1m   1833772[0m[34;1m    705000[0m[34;1m     18.54[0m[34;1m     84224[0m[34;1m   1846504[0m[34;1m   3611708[0m[31;1m     94.96[0m[34;1m   1179912[0m[34;1m   1365272[0m[34;1m         8[0m
17:47:20   [34;1m   1057644[0m[34;1m   1833772[0m[34;1m    705000[0m[34;1m     18.54[0m[34;1m     84228[0m[34;1m   1846500[0m[34;1m   3611708[0m[31;1m     94.96[0m[34;1m   1179912[0m[34;1m   1365272[0m[34;1m         8[0m
17:47:21   [34;1m   1057644[0m[34;1m   1833776[0m[34;1m    704992[0m[34;1m     18.54[0m[34;1m     84228[0m[34;1m   1846508[0m[34;1m   3611708[0m[31;1m     94.96[0m[34;1m   1179912[0m[34;1m   1365304[0m[34;1m        20[0m
17:47:22   [34;1m   1057644[0m[34;1m   1833780[0m[34;1m    704992[0m[34;1m     18.54[0m[34;1m     84228[0m[34;1m   1846508[0m[34;1m   3611708[0m[31;1m     94.96[0m[34;1m   1179916[0m[34;1m   1365352[0m[34;1m        20[0m
17:47:23   [34;1m   1057644[0m[34;1m   1833780[0m[34;1m    704992[0m[34;1m     18.54[0m[34;1m     84228[0m[34;1m   1846508[0m[34;1m   3611708[0m[31;1m     94.96[0m[34;1m   1179916[0m[34;1m   1365420[0m[34;1m        20[0m
17:47:24   [34;1m   1057644[0m[34;1m   1833780[0m[34;1m    704992[0m[34;1m     18.54[0m[34;1m     84228[0m[34;1m   1846508[0m[34;1m   3611708[0m[31;1m     94.96[0m[34;1m   1179916[0m[34;1m   1365520[0m[34;1m        20[0m
17:47:25   [34;1m   1057644[0m[34;1m   1833788[0m[34;1m    704984[0m[34;1m     18.54[0m[34;1m     84232[0m[34;1m   1846512[0m[34;1m   3611708[0m[31;1m     94.96[0m[34;1m   1179920[0m[34;1m   1365548[0m[34;1m        20[0m
17:47:26   [34;1m   1057420[0m[34;1m   1833564[0m[34;1m    705208[0m[34;1m     18.54[0m[34;1m     84232[0m[34;1m   1846512[0m[34;1m   3611964[0m[31;1m     94.97[0m[34;1m   1179920[0m[34;1m   1365648[0m[34;1m         8[0m
17:47:27   [34;1m   1057420[0m[34;1m   1833564[0m[34;1m    705212[0m[34;1m     18.54[0m[34;1m     84232[0m[34;1m   1846512[0m[34;1m   3611964[0m[31;1m     94.97[0m[34;1m   1179920[0m[34;1m   1365792[0m[34;1m         8[0m
17:47:28   [34;1m   1057420[0m[34;1m   1833564[0m[34;1m    705212[0m[34;1m     18.54[0m[34;1m     84232[0m[34;1m   1846512[0m[34;1m   3611964[0m[31;1m     94.97[0m[34;1m   1179920[0m[34;1m   1365792[0m[34;1m         8[0m
17:47:29   [34;1m   1057420[0m[34;1m   1833572[0m[34;1m    705204[0m[34;1m     18.54[0m[34;1m     84232[0m[34;1m   1846520[0m[34;1m   3611964[0m[31;1m     94.97[0m[34;1m   1179920[0m[34;1m   1365824[0m[34;1m        24[0m
17:47:30   [34;1m   1057420[0m[34;1m   1833572[0m[34;1m    705204[0m[34;1m     18.54[0m[34;1m     84232[0m[34;1m   1846520[0m[34;1m   3611964[0m[31;1m     94.97[0m[34;1m   1179920[0m[34;1m   1365824[0m[34;1m        24[0m
17:47:31   [34;1m   1057420[0m[34;1m   1833572[0m[34;1m    705204[0m[34;1m     18.54[0m[34;1m     84232[0m[34;1m   1846520[0m[34;1m   3611964[0m[31;1m     94.97[0m[34;1m   1179920[0m[34;1m   1365832[0m[34;1m        24[0m
17:47:32   [34;1m   1057420[0m[34;1m   1833584[0m[34;1m    705192[0m[34;1m     18.54[0m[34;1m     84240[0m[34;1m   1846524[0m[34;1m   3611964[0m[31;1m     94.97[0m[34;1m   1179924[0m[34;1m   1365460[0m[34;1m        32[0m
17:47:33   [34;1m   1057420[0m[34;1m   1833592[0m[34;1m    705188[0m[34;1m     18.54[0m[34;1m     84240[0m[34;1m   1846532[0m[34;1m   3611964[0m[31;1m     94.97[0m[34;1m   1179928[0m[34;1m   1365412[0m[34;1m        36[0m
17:47:34   [34;1m   1057420[0m[34;1m   1833592[0m[34;1m    705188[0m[34;1m     18.54[0m[34;1m     84240[0m[34;1m   1846532[0m[34;1m   3611964[0m[31;1m     94.97[0m[34;1m   1179928[0m[34;1m   1365416[0m[34;1m        16[0m
17:47:35   [34;1m   1057420[0m[34;1m   1833592[0m[34;1m    705160[0m[34;1m     18.54[0m[34;1m     84240[0m[34;1m   1846532[0m[34;1m   3616980[0m[31;1m     95.10[0m[34;1m   1179928[0m[34;1m   1367008[0m[34;1m         8[0m
17:47:36   [34;1m   1057196[0m[34;1m   1833368[0m[34;1m    705384[0m[34;1m     18.55[0m[34;1m     84240[0m[34;1m   1846532[0m[34;1m   3616980[0m[31;1m     95.10[0m[34;1m   1179928[0m[34;1m   1366136[0m[34;1m         8[0m
17:47:37   [34;1m   1057196[0m[34;1m   1833372[0m[34;1m    705368[0m[34;1m     18.55[0m[34;1m     84240[0m[34;1m   1846536[0m[34;1m   3616980[0m[31;1m     95.10[0m[34;1m   1179928[0m[34;1m   1366224[0m[34;1m        36[0m
17:47:38   [34;1m   1057196[0m[34;1m   1833372[0m[34;1m    705368[0m[34;1m     18.55[0m[34;1m     84240[0m[34;1m   1846536[0m[34;1m   3616980[0m[31;1m     95.10[0m[34;1m   1179928[0m[34;1m   1366224[0m[34;1m        36[0m
17:47:39   [34;1m   1057196[0m[34;1m   1833372[0m[34;1m    705388[0m[34;1m     18.55[0m[34;1m     84240[0m[34;1m   1846536[0m[34;1m   3611964[0m[31;1m     94.97[0m[34;1m   1179928[0m[34;1m   1364748[0m[34;1m        36[0m
17:47:40   [34;1m   1057196[0m[34;1m   1833372[0m[34;1m    705388[0m[34;1m     18.55[0m[34;1m     84240[0m[34;1m   1846536[0m[34;1m   3611964[0m[31;1m     94.97[0m[34;1m   1179928[0m[34;1m   1364748[0m[34;1m        36[0m
17:47:41   [34;1m   1057196[0m[34;1m   1833372[0m[34;1m    705388[0m[34;1m     18.55[0m[34;1m     84240[0m[34;1m   1846536[0m[34;1m   3611964[0m[31;1m     94.97[0m[34;1m   1179928[0m[34;1m   1364816[0m[34;1m        36[0m
17:47:42   [34;1m   1057196[0m[34;1m   1833372[0m[34;1m    705392[0m[34;1m     18.55[0m[34;1m     84240[0m[34;1m   1846536[0m[34;1m   3611964[0m[31;1m     94.97[0m[34;1m   1179928[0m[34;1m   1365012[0m[34;1m         8[0m
17:47:43   [34;1m   1057196[0m[34;1m   1833376[0m[34;1m    705384[0m[34;1m     18.55[0m[34;1m     84244[0m[34;1m   1846540[0m[34;1m   3611964[0m[31;1m     94.97[0m[34;1m   1179928[0m[34;1m   1365068[0m[34;1m        20[0m
17:47:44   [34;1m   1057196[0m[34;1m   1833376[0m[34;1m    705384[0m[34;1m     18.55[0m[34;1m     84244[0m[34;1m   1846540[0m[34;1m   3611964[0m[31;1m     94.97[0m[34;1m   1179928[0m[34;1m   1365068[0m[34;1m        20[0m
17:47:45   [34;1m   1057196[0m[34;1m   1833380[0m[34;1m    705384[0m[34;1m     18.55[0m[34;1m     84244[0m[34;1m   1846540[0m[34;1m   3611964[0m[31;1m     94.97[0m[34;1m   1179932[0m[34;1m   1365160[0m[34;1m        12[0m
17:47:46   [34;1m   1057196[0m[34;1m   1833380[0m[34;1m    705384[0m[34;1m     18.55[0m[34;1m     84244[0m[34;1m   1846540[0m[34;1m   3611964[0m[31;1m     94.97[0m[34;1m   1179932[0m[34;1m   1365360[0m[34;1m        12[0m
17:47:47   [34;1m   1057196[0m[34;1m   1833396[0m[34;1m    705368[0m[34;1m     18.55[0m[34;1m     84252[0m[34;1m   1846548[0m[34;1m   3611964[0m[31;1m     94.97[0m[34;1m   1179940[0m[34;1m   1365628[0m[34;1m        36[0m
17:47:48   [34;1m   1057196[0m[34;1m   1833396[0m[34;1m    705368[0m[34;1m     18.55[0m[34;1m     84252[0m[34;1m   1846548[0m[34;1m   3611964[0m[31;1m     94.97[0m[34;1m   1179940[0m[34;1m   1365628[0m[34;1m         8[0m
17:47:49   [34;1m   1057196[0m[34;1m   1833408[0m[34;1m    705356[0m[34;1m     18.55[0m[34;1m     84260[0m[34;1m   1846552[0m[34;1m   3611964[0m[31;1m     94.97[0m[34;1m   1179948[0m[34;1m   1365648[0m[34;1m        20[0m
17:47:50   [34;1m   1057196[0m[34;1m   1833408[0m[34;1m    705356[0m[34;1m     18.55[0m[34;1m     84260[0m[34;1m   1846552[0m[34;1m   3611964[0m[31;1m     94.97[0m[34;1m   1179948[0m[34;1m   1365648[0m[34;1m        20[0m
17:47:51   [34;1m   1057196[0m[34;1m   1833408[0m[34;1m    705352[0m[34;1m     18.55[0m[34;1m     84260[0m[34;1m   1846556[0m[34;1m   3611964[0m[31;1m     94.97[0m[34;1m   1179948[0m[34;1m   1365668[0m[34;1m        24[0m
17:47:52   [34;1m   1057196[0m[34;1m   1833412[0m[34;1m    705352[0m[34;1m     18.55[0m[34;1m     84260[0m[34;1m   1846556[0m[34;1m   3611964[0m[31;1m     94.97[0m[34;1m   1179948[0m[34;1m   1365680[0m[34;1m        24[0m
17:47:53   [34;1m   1057196[0m[34;1m   1833412[0m[34;1m    705352[0m[34;1m     18.55[0m[34;1m     84260[0m[34;1m   1846556[0m[34;1m   3611964[0m[31;1m     94.97[0m[34;1m   1179948[0m[34;1m   1365736[0m[34;1m        24[0m
17:47:54   [34;1m   1057196[0m[34;1m   1833412[0m[34;1m    705352[0m[34;1m     18.55[0m[34;1m     84264[0m[34;1m   1846552[0m[34;1m   3611964[0m[31;1m     94.97[0m[34;1m   1179948[0m[34;1m   1365736[0m[34;1m        12[0m
17:47:55   [34;1m   1057196[0m[34;1m   1833424[0m[34;1m    705320[0m[34;1m     18.55[0m[34;1m     84268[0m[34;1m   1846560[0m[34;1m   3616980[0m[31;1m     95.10[0m[34;1m   1179956[0m[34;1m   1367280[0m[34;1m        24[0m
17:47:56   [34;1m   1057196[0m[34;1m   1833424[0m[34;1m    705324[0m[34;1m     18.55[0m[34;1m     84268[0m[34;1m   1846560[0m[34;1m   3616980[0m[31;1m     95.10[0m[34;1m   1179956[0m[34;1m   1367320[0m[34;1m        24[0m
17:47:57   [34;1m   1057196[0m[34;1m   1833424[0m[34;1m    705320[0m[34;1m     18.55[0m[34;1m     84268[0m[34;1m   1846560[0m[34;1m   3616980[0m[31;1m     95.10[0m[34;1m   1179956[0m[34;1m   1367624[0m[34;1m        24[0m
17:47:58   [34;1m   1057196[0m[34;1m   1833424[0m[34;1m    705320[0m[34;1m     18.55[0m[34;1m     84268[0m[34;1m   1846560[0m[34;1m   3616980[0m[31;1m     95.10[0m[34;1m   1179956[0m[34;1m   1367624[0m[34;1m        24[0m
17:47:59   [34;1m   1057196[0m[34;1m   1833428[0m[34;1m    705316[0m[34;1m     18.55[0m[34;1m     84276[0m[34;1m   1846564[0m[34;1m   3611964[0m[31;1m     94.97[0m[34;1m   1179956[0m[34;1m   1366112[0m[34;1m        24[0m
17:48:00   [34;1m   1057196[0m[34;1m   1833436[0m[34;1m    705316[0m[34;1m     18.55[0m[34;1m     84276[0m[34;1m   1846564[0m[34;1m   3611964[0m[31;1m     94.97[0m[34;1m   1179964[0m[34;1m   1366112[0m[34;1m        12[0m
17:48:01   [34;1m   1057196[0m[34;1m   1833436[0m[34;1m    705316[0m[34;1m     18.55[0m[34;1m     84276[0m[34;1m   1846564[0m[34;1m   3611964[0m[31;1m     94.97[0m[34;1m   1179964[0m[34;1m   1365448[0m[34;1m        12[0m
17:48:02   [34;1m   1057196[0m[34;1m   1833448[0m[34;1m    705300[0m[34;1m     18.54[0m[34;1m     84284[0m[34;1m   1846568[0m[34;1m   3611964[0m[31;1m     94.97[0m[34;1m   1179972[0m[34;1m   1365116[0m[34;1m        28[0m
17:48:03   [34;1m   1057196[0m[34;1m   1833456[0m[34;1m    705292[0m[34;1m     18.54[0m[34;1m     84288[0m[34;1m   1846572[0m[34;1m   3612284[0m[31;1m     94.98[0m[34;1m   1179976[0m[34;1m   1365708[0m[34;1m        28[0m
17:48:04   [34;1m   1057196[0m[34;1m   1833456[0m[34;1m    705288[0m[34;1m     18.54[0m[34;1m     84288[0m[34;1m   1846572[0m[34;1m   3612284[0m[31;1m     94.98[0m[34;1m   1179976[0m[34;1m   1365708[0m[34;1m        28[0m
17:48:05   [34;1m   1057196[0m[34;1m   1833456[0m[34;1m    705288[0m[34;1m     18.54[0m[34;1m     84288[0m[34;1m   1846572[0m[34;1m   3612284[0m[31;1m     94.98[0m[34;1m   1179976[0m[34;1m   1365732[0m[34;1m        28[0m
17:48:06   [34;1m   1057196[0m[34;1m   1833456[0m[34;1m    705288[0m[34;1m     18.54[0m[34;1m     84288[0m[34;1m   1846572[0m[34;1m   3612284[0m[31;1m     94.98[0m[34;1m   1179976[0m[34;1m   1365552[0m[34;1m        28[0m
17:48:07   [34;1m   1057196[0m[34;1m   1833464[0m[34;1m    705280[0m[34;1m     18.54[0m[34;1m     84292[0m[34;1m   1846576[0m[34;1m   3612284[0m[31;1m     94.98[0m[34;1m   1179980[0m[34;1m   1365680[0m[34;1m        12[0m
17:48:08   [34;1m   1057196[0m[34;1m   1833464[0m[34;1m    705280[0m[34;1m     18.54[0m[34;1m     84292[0m[34;1m   1846576[0m[34;1m   3612860[0m[31;1m     94.99[0m[34;1m   1179980[0m[34;1m   1366728[0m[34;1m        12[0m
17:48:09   [34;1m   1057196[0m[34;1m   1833464[0m[34;1m    705280[0m[34;1m     18.54[0m[34;1m     84292[0m[34;1m   1846576[0m[34;1m   3612860[0m[31;1m     94.99[0m[34;1m   1179980[0m[34;1m   1366772[0m[34;1m        12[0m
17:48:10   [34;1m   1057196[0m[34;1m   1833464[0m[34;1m    705280[0m[34;1m     18.54[0m[34;1m     84292[0m[34;1m   1846576[0m[34;1m   3612860[0m[31;1m     94.99[0m[34;1m   1179980[0m[34;1m   1366772[0m[34;1m        12[0m
17:48:11   [34;1m   1057196[0m[34;1m   1833476[0m[34;1m    705268[0m[34;1m     18.54[0m[34;1m     84300[0m[34;1m   1846580[0m[34;1m   3612860[0m[31;1m     94.99[0m[34;1m   1179988[0m[34;1m   1366788[0m[34;1m        24[0m
17:48:12   [34;1m   1057196[0m[34;1m   1833476[0m[34;1m    705268[0m[34;1m     18.54[0m[34;1m     84300[0m[34;1m   1846580[0m[34;1m   3612860[0m[31;1m     94.99[0m[34;1m   1179988[0m[34;1m   1366792[0m[34;1m        24[0m
17:48:13   [34;1m   1057196[0m[34;1m   1833480[0m[34;1m    705264[0m[34;1m     18.54[0m[34;1m     84300[0m[34;1m   1846584[0m[34;1m   3612860[0m[31;1m     94.99[0m[34;1m   1179988[0m[34;1m   1365748[0m[34;1m        28[0m
17:48:14   [34;1m   1057196[0m[34;1m   1833480[0m[34;1m    705264[0m[34;1m     18.54[0m[34;1m     84300[0m[34;1m   1846584[0m[34;1m   3612860[0m[31;1m     94.99[0m[34;1m   1179988[0m[34;1m   1365748[0m[34;1m        28[0m
17:48:15   [34;1m   1056692[0m[34;1m   1832976[0m[34;1m    705768[0m[34;1m     18.56[0m[34;1m     84300[0m[34;1m   1846584[0m[34;1m   3617876[0m[31;1m     95.13[0m[34;1m   1179988[0m[34;1m   1367256[0m[34;1m        28[0m
17:48:16   [34;1m   1056692[0m[34;1m   1832976[0m[34;1m    705772[0m[34;1m     18.56[0m[34;1m     84304[0m[34;1m   1846580[0m[34;1m   3617876[0m[31;1m     95.13[0m[34;1m   1179988[0m[34;1m   1367340[0m[34;1m        16[0m
17:48:17   [34;1m   1053920[0m[34;1m   1830228[0m[34;1m    708516[0m[34;1m     18.63[0m[34;1m     84312[0m[34;1m   1846596[0m[34;1m   3617876[0m[31;1m     95.13[0m[34;1m   1180000[0m[34;1m   1367840[0m[34;1m        36[0m
17:48:18   [34;1m   1053920[0m[34;1m   1830228[0m[34;1m    708516[0m[34;1m     18.63[0m[34;1m     84312[0m[34;1m   1846596[0m[34;1m   3617876[0m[31;1m     95.13[0m[34;1m   1180000[0m[34;1m   1367788[0m[34;1m        16[0m
17:48:19   [34;1m   1053920[0m[34;1m   1830240[0m[34;1m    708504[0m[34;1m     18.63[0m[34;1m     84320[0m[34;1m   1846600[0m[34;1m   3612860[0m[31;1m     94.99[0m[34;1m   1180008[0m[34;1m   1366208[0m[34;1m        36[0m
17:48:20   [34;1m   1053920[0m[34;1m   1830240[0m[34;1m    708504[0m[34;1m     18.63[0m[34;1m     84320[0m[34;1m   1846600[0m[34;1m   3612860[0m[31;1m     94.99[0m[34;1m   1180008[0m[34;1m   1366208[0m[34;1m        36[0m
17:48:21   [34;1m   1053920[0m[34;1m   1830240[0m[34;1m    708504[0m[34;1m     18.63[0m[34;1m     84320[0m[34;1m   1846600[0m[34;1m   3612860[0m[31;1m     94.99[0m[34;1m   1180008[0m[34;1m   1366208[0m[34;1m        36[0m
17:48:22   [34;1m   1053920[0m[34;1m   1830240[0m[34;1m    708504[0m[34;1m     18.63[0m[34;1m     84320[0m[34;1m   1846600[0m[34;1m   3612860[0m[31;1m     94.99[0m[34;1m   1180004[0m[34;1m   1366128[0m[34;1m         4[0m
17:48:23   [34;1m   1053920[0m[34;1m   1830240[0m[34;1m    708500[0m[34;1m     18.63[0m[34;1m     84320[0m[34;1m   1846600[0m[34;1m   3612860[0m[31;1m     94.99[0m[34;1m   1180008[0m[34;1m   1366212[0m[34;1m         4[0m
17:48:24   [34;1m   1053920[0m[34;1m   1830240[0m[34;1m    708500[0m[34;1m     18.63[0m[34;1m     84328[0m[34;1m   1846592[0m[34;1m   3612860[0m[31;1m     94.99[0m[34;1m   1180008[0m[34;1m   1366212[0m[34;1m         4[0m
17:48:25   [34;1m   1053920[0m[34;1m   1830252[0m[34;1m    708484[0m[34;1m     18.63[0m[34;1m     84332[0m[34;1m   1846604[0m[34;1m   3612860[0m[31;1m     94.99[0m[34;1m   1180016[0m[34;1m   1366216[0m[34;1m        16[0m
17:48:26   [34;1m   1053920[0m[34;1m   1830252[0m[34;1m    708484[0m[34;1m     18.63[0m[34;1m     84332[0m[34;1m   1846604[0m[34;1m   3612860[0m[31;1m     94.99[0m[34;1m   1180016[0m[34;1m   1366216[0m[34;1m        16[0m
17:48:27   [34;1m   1053920[0m[34;1m   1830256[0m[34;1m    708484[0m[34;1m     18.63[0m[34;1m     84332[0m[34;1m   1846604[0m[34;1m   3612860[0m[31;1m     94.99[0m[34;1m   1180024[0m[34;1m   1366468[0m[34;1m        16[0m
17:48:28   [34;1m   1053920[0m[34;1m   1830256[0m[34;1m    708484[0m[34;1m     18.63[0m[34;1m     84332[0m[34;1m   1846604[0m[34;1m   3612860[0m[31;1m     94.99[0m[34;1m   1180020[0m[34;1m   1366480[0m[34;1m        16[0m
17:48:29   [34;1m   1053920[0m[34;1m   1830260[0m[34;1m    708476[0m[34;1m     18.63[0m[34;1m     84336[0m[34;1m   1846608[0m[34;1m   3612860[0m[31;1m     94.99[0m[34;1m   1180020[0m[34;1m   1366548[0m[34;1m        16[0m
17:48:30   [34;1m   1053920[0m[34;1m   1830264[0m[34;1m    708476[0m[34;1m     18.63[0m[34;1m     84336[0m[34;1m   1846608[0m[34;1m   3612860[0m[31;1m     94.99[0m[34;1m   1180024[0m[34;1m   1366548[0m[34;1m         4[0m
17:48:31   [34;1m   1053920[0m[34;1m   1830264[0m[34;1m    708476[0m[34;1m     18.63[0m[34;1m     84336[0m[34;1m   1846608[0m[34;1m   3612860[0m[31;1m     94.99[0m[34;1m   1180024[0m[34;1m   1366564[0m[34;1m         4[0m
17:48:32   [34;1m   1052156[0m[34;1m   1828512[0m[34;1m    710224[0m[34;1m     18.67[0m[34;1m     84344[0m[34;1m   1846612[0m[34;1m   3612860[0m[31;1m     94.99[0m[34;1m   1180036[0m[34;1m   1366004[0m[34;1m        24[0m
17:48:33   [34;1m   1052156[0m[34;1m   1828520[0m[34;1m    710224[0m[34;1m     18.67[0m[34;1m     84348[0m[34;1m   1846620[0m[34;1m   3612860[0m[31;1m     94.99[0m[34;1m   1180036[0m[34;1m   1365964[0m[34;1m        28[0m
17:48:34   [34;1m   1052156[0m[34;1m   1828520[0m[34;1m    710224[0m[34;1m     18.67[0m[34;1m     84348[0m[34;1m   1846620[0m[34;1m   3612860[0m[31;1m     94.99[0m[34;1m   1180036[0m[34;1m   1365964[0m[34;1m        28[0m
17:48:35   [34;1m   1052156[0m[34;1m   1828524[0m[34;1m    710224[0m[34;1m     18.67[0m[34;1m     84348[0m[34;1m   1846620[0m[34;1m   3612860[0m[31;1m     94.99[0m[34;1m   1180036[0m[34;1m   1365968[0m[34;1m        28[0m
17:48:36   [34;1m   1052156[0m[34;1m   1828524[0m[34;1m    710224[0m[34;1m     18.67[0m[34;1m     84348[0m[34;1m   1846620[0m[34;1m   3612860[0m[31;1m     94.99[0m[34;1m   1180036[0m[34;1m   1365784[0m[34;1m        28[0m
17:48:37   [34;1m   1052156[0m[34;1m   1828532[0m[34;1m    710228[0m[34;1m     18.67[0m[34;1m     84352[0m[34;1m   1846624[0m[34;1m   3612860[0m[31;1m     94.99[0m[34;1m   1180044[0m[34;1m   1365932[0m[34;1m        12[0m
17:48:38   [34;1m   1052156[0m[34;1m   1828532[0m[34;1m    710228[0m[34;1m     18.67[0m[34;1m     84352[0m[34;1m   1846624[0m[34;1m   3612860[0m[31;1m     94.99[0m[34;1m   1180040[0m[34;1m   1365896[0m[34;1m        12[0m
17:48:39   [34;1m   1052156[0m[34;1m   1828532[0m[34;1m    710228[0m[34;1m     18.67[0m[34;1m     84352[0m[34;1m   1846624[0m[34;1m   3612860[0m[31;1m     94.99[0m[34;1m   1180040[0m[34;1m   1365920[0m[34;1m        12[0m
17:48:40   [34;1m   1052156[0m[34;1m   1828532[0m[34;1m    710228[0m[34;1m     18.67[0m[34;1m     84352[0m[34;1m   1846624[0m[34;1m   3612860[0m[31;1m     94.99[0m[34;1m   1180040[0m[34;1m   1365920[0m[34;1m        12[0m
17:48:41   [34;1m   1052156[0m[34;1m   1828536[0m[34;1m    710224[0m[34;1m     18.67[0m[34;1m     84352[0m[34;1m   1846628[0m[34;1m   3612860[0m[31;1m     94.99[0m[34;1m   1180040[0m[34;1m   1365924[0m[34;1m        24[0m
17:48:42   [34;1m   1052156[0m[34;1m   1828536[0m[34;1m    710224[0m[34;1m     18.67[0m[34;1m     84352[0m[34;1m   1846628[0m[34;1m   3612860[0m[31;1m     94.99[0m[34;1m   1180040[0m[34;1m   1365968[0m[34;1m        24[0m
17:48:43   [34;1m   1052156[0m[34;1m   1828536[0m[34;1m    710224[0m[34;1m     18.67[0m[34;1m     84352[0m[34;1m   1846628[0m[34;1m   3612860[0m[31;1m     94.99[0m[34;1m   1180040[0m[34;1m   1365968[0m[34;1m        24[0m
17:48:44   [34;1m   1052156[0m[34;1m   1828536[0m[34;1m    710224[0m[34;1m     18.67[0m[34;1m     84352[0m[34;1m   1846628[0m[34;1m   3612860[0m[31;1m     94.99[0m[34;1m   1180040[0m[34;1m   1365968[0m[34;1m        24[0m
17:48:45   [34;1m   1052156[0m[34;1m   1828536[0m[34;1m    710224[0m[34;1m     18.67[0m[34;1m     84352[0m[34;1m   1846628[0m[34;1m   3612860[0m[31;1m     94.99[0m[34;1m   1180040[0m[34;1m   1365968[0m[34;1m        24[0m
17:48:46   [34;1m   1052156[0m[34;1m   1828536[0m[34;1m    710224[0m[34;1m     18.67[0m[34;1m     84364[0m[34;1m   1846616[0m[34;1m   3612860[0m[31;1m     94.99[0m[34;1m   1180040[0m[34;1m   1365968[0m[34;1m        24[0m
17:48:47   [34;1m   1052156[0m[34;1m   1828564[0m[34;1m    710196[0m[34;1m     18.67[0m[34;1m     84372[0m[34;1m   1846636[0m[34;1m   3612860[0m[31;1m     94.99[0m[34;1m   1180052[0m[34;1m   1366392[0m[34;1m        24[0m
17:48:48   [34;1m   1052156[0m[34;1m   1828564[0m[34;1m    710196[0m[34;1m     18.67[0m[34;1m     84372[0m[34;1m   1846636[0m[34;1m   3612860[0m[31;1m     94.99[0m[34;1m   1180060[0m[34;1m   1366380[0m[34;1m        24[0m
17:48:49   [34;1m   1052156[0m[34;1m   1828568[0m[34;1m    710188[0m[34;1m     18.67[0m[34;1m     84376[0m[34;1m   1846640[0m[34;1m   3612860[0m[31;1m     94.99[0m[34;1m   1180060[0m[34;1m   1366404[0m[34;1m        28[0m
17:48:50   [34;1m   1052156[0m[34;1m   1828572[0m[34;1m    710188[0m[34;1m     18.67[0m[34;1m     84376[0m[34;1m   1846640[0m[34;1m   3612860[0m[31;1m     94.99[0m[34;1m   1180064[0m[34;1m   1366408[0m[34;1m        20[0m
17:48:51   [34;1m   1052156[0m[34;1m   1828572[0m[34;1m    710188[0m[34;1m     18.67[0m[34;1m     84376[0m[34;1m   1846640[0m[34;1m   3612860[0m[31;1m     94.99[0m[34;1m   1180064[0m[34;1m   1366416[0m[34;1m        24[0m
17:48:52   [34;1m   1052156[0m[34;1m   1828572[0m[34;1m    710188[0m[34;1m     18.67[0m[34;1m     84376[0m[34;1m   1846640[0m[34;1m   3612860[0m[31;1m     94.99[0m[34;1m   1180064[0m[34;1m   1366516[0m[34;1m         8[0m
17:48:53   [34;1m   1052156[0m[34;1m   1828572[0m[34;1m    710188[0m[34;1m     18.67[0m[34;1m     84376[0m[34;1m   1846640[0m[34;1m   3612860[0m[31;1m     94.99[0m[34;1m   1180064[0m[34;1m   1366420[0m[34;1m         8[0m
17:48:54   [34;1m   1052156[0m[34;1m   1828572[0m[34;1m    710188[0m[34;1m     18.67[0m[34;1m     84384[0m[34;1m   1846632[0m[34;1m   3612860[0m[31;1m     94.99[0m[34;1m   1180064[0m[34;1m   1366428[0m[34;1m         8[0m
17:48:55   [34;1m   1052156[0m[34;1m   1828588[0m[34;1m    710064[0m[34;1m     18.67[0m[34;1m     84388[0m[34;1m   1846648[0m[34;1m   3617876[0m[31;1m     95.13[0m[34;1m   1180072[0m[34;1m   1368000[0m[34;1m        36[0m
17:48:56   [34;1m   1052156[0m[34;1m   1828600[0m[34;1m    710100[0m[34;1m     18.67[0m[34;1m     84388[0m[34;1m   1846648[0m[34;1m   3617876[0m[31;1m     95.13[0m[34;1m   1180076[0m[34;1m   1368032[0m[34;1m        36[0m
17:48:57   [34;1m   1052156[0m[34;1m   1828592[0m[34;1m    710144[0m[34;1m     18.67[0m[34;1m     84388[0m[34;1m   1846648[0m[34;1m   3617876[0m[31;1m     95.13[0m[34;1m   1180080[0m[34;1m   1368292[0m[34;1m        36[0m
17:48:58   [34;1m   1052156[0m[34;1m   1828596[0m[34;1m    710140[0m[34;1m     18.67[0m[34;1m     84392[0m[34;1m   1846648[0m[34;1m   3617876[0m[31;1m     95.13[0m[34;1m   1180076[0m[34;1m   1368388[0m[34;1m        36[0m
17:48:59   [34;1m   1052156[0m[34;1m   1828600[0m[34;1m    710140[0m[34;1m     18.67[0m[34;1m     84392[0m[34;1m   1846652[0m[34;1m   3612860[0m[31;1m     94.99[0m[34;1m   1180080[0m[34;1m   1366800[0m[34;1m        36[0m
17:49:00   [34;1m   1052156[0m[34;1m   1828600[0m[34;1m    710140[0m[34;1m     18.67[0m[34;1m     84392[0m[34;1m   1846652[0m[34;1m   3612860[0m[31;1m     94.99[0m[34;1m   1180080[0m[34;1m   1366868[0m[34;1m        12[0m
17:49:01   [34;1m   1051932[0m[34;1m   1828376[0m[34;1m    710364[0m[34;1m     18.68[0m[34;1m     84392[0m[34;1m   1846652[0m[34;1m   3612860[0m[31;1m     94.99[0m[34;1m   1180080[0m[34;1m   1366932[0m[34;1m        12[0m
17:49:02   [34;1m   1051932[0m[34;1m   1828396[0m[34;1m    710344[0m[34;1m     18.68[0m[34;1m     84404[0m[34;1m   1846660[0m[34;1m   3612860[0m[31;1m     94.99[0m[34;1m   1180104[0m[34;1m   1366516[0m[34;1m        28[0m
17:49:03   [34;1m   1051932[0m[34;1m   1828396[0m[34;1m    710364[0m[34;1m     18.68[0m[34;1m     84404[0m[34;1m   1846660[0m[34;1m   3612860[0m[31;1m     94.99[0m[34;1m   1180092[0m[34;1m   1366464[0m[34;1m        28[0m
17:49:04   [34;1m   1051932[0m[34;1m   1828396[0m[34;1m    710364[0m[34;1m     18.68[0m[34;1m     84404[0m[34;1m   1846660[0m[34;1m   3612860[0m[31;1m     94.99[0m[34;1m   1180092[0m[34;1m   1366480[0m[34;1m        28[0m
17:49:05   [34;1m   1051932[0m[34;1m   1828396[0m[34;1m    710364[0m[34;1m     18.68[0m[34;1m     84404[0m[34;1m   1846660[0m[34;1m   3612860[0m[31;1m     94.99[0m[34;1m   1180092[0m[34;1m   1366480[0m[34;1m        28[0m
17:49:06   [34;1m   1051932[0m[34;1m   1828396[0m[34;1m    710364[0m[34;1m     18.68[0m[34;1m     84404[0m[34;1m   1846660[0m[34;1m   3612860[0m[31;1m     94.99[0m[34;1m   1180092[0m[34;1m   1366368[0m[34;1m        24[0m
17:49:07   [34;1m   1051176[0m[34;1m   1827640[0m[34;1m    711120[0m[34;1m     18.70[0m[34;1m     84420[0m[34;1m   1846644[0m[34;1m   3612860[0m[31;1m     94.99[0m[34;1m   1180092[0m[34;1m   1366488[0m[34;1m        24[0m
17:49:08   [34;1m   1051176[0m[34;1m   1827660[0m[34;1m    711096[0m[34;1m     18.70[0m[34;1m     84420[0m[34;1m   1846664[0m[34;1m   3612860[0m[31;1m     94.99[0m[34;1m   1180108[0m[34;1m   1366488[0m[34;1m         8[0m
17:49:09   [34;1m   1051176[0m[34;1m   1827660[0m[34;1m    711096[0m[34;1m     18.70[0m[34;1m     84420[0m[34;1m   1846664[0m[34;1m   3612860[0m[31;1m     94.99[0m[34;1m   1180108[0m[34;1m   1366508[0m[34;1m         8[0m
17:49:10   [34;1m   1051176[0m[34;1m   1827660[0m[34;1m    711096[0m[34;1m     18.70[0m[34;1m     84420[0m[34;1m   1846664[0m[34;1m   3612860[0m[31;1m     94.99[0m[34;1m   1180108[0m[34;1m   1366520[0m[34;1m         8[0m
17:49:11   [34;1m   1051176[0m[34;1m   1827660[0m[34;1m    711096[0m[34;1m     18.70[0m[34;1m     84428[0m[34;1m   1846656[0m[34;1m   3612860[0m[31;1m     94.99[0m[34;1m   1180108[0m[34;1m   1366220[0m[34;1m         8[0m
17:49:12   [34;1m   1050168[0m[34;1m   1826668[0m[34;1m    712088[0m[34;1m     18.72[0m[34;1m     84428[0m[34;1m   1846668[0m[34;1m   3612860[0m[31;1m     94.99[0m[34;1m   1180120[0m[34;1m   1366120[0m[34;1m        20[0m
17:49:13   [34;1m   1050168[0m[34;1m   1826668[0m[34;1m    712088[0m[34;1m     18.72[0m[34;1m     84428[0m[34;1m   1846668[0m[34;1m   3612860[0m[31;1m     94.99[0m[34;1m   1180116[0m[34;1m   1366100[0m[34;1m        20[0m
17:49:14   [34;1m   1050168[0m[34;1m   1826668[0m[34;1m    712088[0m[34;1m     18.72[0m[34;1m     84428[0m[34;1m   1846668[0m[34;1m   3612860[0m[31;1m     94.99[0m[34;1m   1180116[0m[34;1m   1366108[0m[34;1m        20[0m
17:49:15   [34;1m   1049664[0m[34;1m   1826164[0m[34;1m    712592[0m[34;1m     18.74[0m[34;1m     84428[0m[34;1m   1846668[0m[34;1m   3617876[0m[31;1m     95.13[0m[34;1m   1180116[0m[34;1m   1367608[0m[34;1m        20[0m
17:49:16   [34;1m   1049440[0m[34;1m   1825940[0m[34;1m    712788[0m[34;1m     18.74[0m[34;1m     84436[0m[34;1m   1846660[0m[34;1m   3617876[0m[31;1m     95.13[0m[34;1m   1180116[0m[34;1m   1367680[0m[34;1m        20[0m
17:49:17   [34;1m   1047676[0m[34;1m   1824196[0m[34;1m    714532[0m[34;1m     18.79[0m[34;1m     84448[0m[34;1m   1846668[0m[34;1m   3617876[0m[31;1m     95.13[0m[34;1m   1180128[0m[34;1m   1368020[0m[34;1m        24[0m
17:49:18   [34;1m   1047424[0m[34;1m   1823960[0m[34;1m    714768[0m[34;1m     18.79[0m[34;1m     84448[0m[34;1m   1846684[0m[34;1m   3617876[0m[31;1m     95.13[0m[34;1m   1180136[0m[34;1m   1368224[0m[34;1m        36[0m
17:49:19   [34;1m   1047424[0m[34;1m   1823960[0m[34;1m    714780[0m[34;1m     18.79[0m[34;1m     84448[0m[34;1m   1846684[0m[34;1m   3612860[0m[31;1m     94.99[0m[34;1m   1180136[0m[34;1m   1366688[0m[34;1m        36[0m
17:49:20   [34;1m   1047424[0m[34;1m   1823960[0m[34;1m    714780[0m[34;1m     18.79[0m[34;1m     84448[0m[34;1m   1846684[0m[34;1m   3612860[0m[31;1m     94.99[0m[34;1m   1180136[0m[34;1m   1366828[0m[34;1m        36[0m
17:49:21   [34;1m   1047424[0m[34;1m   1823960[0m[34;1m    714780[0m[34;1m     18.79[0m[34;1m     84448[0m[34;1m   1846684[0m[34;1m   3612860[0m[31;1m     94.99[0m[34;1m   1180136[0m[34;1m   1366828[0m[34;1m        36[0m
17:49:22   [34;1m   1047184[0m[34;1m   1823728[0m[34;1m    715008[0m[34;1m     18.80[0m[34;1m     84452[0m[34;1m   1846688[0m[34;1m   3612860[0m[31;1m     94.99[0m[34;1m   1180140[0m[34;1m   1366896[0m[34;1m        20[0m
17:49:23   [34;1m   1047184[0m[34;1m   1823728[0m[34;1m    715008[0m[34;1m     18.80[0m[34;1m     84452[0m[34;1m   1846688[0m[34;1m   3612860[0m[31;1m     94.99[0m[34;1m   1180140[0m[34;1m   1366896[0m[34;1m        20[0m
17:49:24   [34;1m   1047184[0m[34;1m   1823728[0m[34;1m    715008[0m[34;1m     18.80[0m[34;1m     84452[0m[34;1m   1846688[0m[34;1m   3612860[0m[31;1m     94.99[0m[34;1m   1180140[0m[34;1m   1366896[0m[34;1m        20[0m
17:49:25   [34;1m   1047184[0m[34;1m   1823728[0m[34;1m    715008[0m[34;1m     18.80[0m[34;1m     84452[0m[34;1m   1846688[0m[34;1m   3612860[0m[31;1m     94.99[0m[34;1m   1180140[0m[34;1m   1366896[0m[34;1m        20[0m
17:49:26   [34;1m   1047184[0m[34;1m   1823728[0m[34;1m    715008[0m[34;1m     18.80[0m[34;1m     84452[0m[34;1m   1846688[0m[34;1m   3612860[0m[31;1m     94.99[0m[34;1m   1180140[0m[34;1m   1366896[0m[34;1m         8[0m
17:49:27   [34;1m   1045168[0m[34;1m   1821716[0m[34;1m    717016[0m[34;1m     18.85[0m[34;1m     84468[0m[34;1m   1846684[0m[34;1m   3612860[0m[31;1m     94.99[0m[34;1m   1180148[0m[34;1m   1367324[0m[34;1m        28[0m
17:49:28   [34;1m   1045168[0m[34;1m   1821732[0m[34;1m    717008[0m[34;1m     18.85[0m[34;1m     84468[0m[34;1m   1846692[0m[34;1m   3612860[0m[31;1m     94.99[0m[34;1m   1180156[0m[34;1m   1367280[0m[34;1m        36[0m
17:49:29   [34;1m   1042144[0m[34;1m   1818708[0m[34;1m    720028[0m[34;1m     18.93[0m[34;1m     84468[0m[34;1m   1846692[0m[34;1m   3612860[0m[31;1m     94.99[0m[34;1m   1180156[0m[34;1m   1367284[0m[34;1m        36[0m
17:49:30   [34;1m   1042144[0m[34;1m   1818708[0m[34;1m    720000[0m[34;1m     18.93[0m[34;1m     84468[0m[34;1m   1846692[0m[34;1m   3612860[0m[31;1m     94.99[0m[34;1m   1180192[0m[34;1m   1367260[0m[34;1m        36[0m
17:49:31   [34;1m   1042144[0m[34;1m   1818708[0m[34;1m    720000[0m[34;1m     18.93[0m[34;1m     84468[0m[34;1m   1846692[0m[34;1m   3612860[0m[31;1m     94.99[0m[34;1m   1180192[0m[34;1m   1367316[0m[34;1m        36[0m
17:49:32   [34;1m   1042144[0m[34;1m   1818712[0m[34;1m    719996[0m[34;1m     18.93[0m[34;1m     84468[0m[34;1m   1846696[0m[34;1m   3612860[0m[31;1m     94.99[0m[34;1m   1180192[0m[34;1m   1366892[0m[34;1m        36[0m
17:49:33   [34;1m   1042144[0m[34;1m   1818712[0m[34;1m    719996[0m[34;1m     18.93[0m[34;1m     84468[0m[34;1m   1846696[0m[34;1m   3612860[0m[31;1m     94.99[0m[34;1m   1180192[0m[34;1m   1366800[0m[34;1m        12[0m
17:49:34   [34;1m   1042144[0m[34;1m   1818712[0m[34;1m    719996[0m[34;1m     18.93[0m[34;1m     84468[0m[34;1m   1846696[0m[34;1m   3612860[0m[31;1m     94.99[0m[34;1m   1180192[0m[34;1m   1366800[0m[34;1m        16[0m
17:49:35   [34;1m   1042144[0m[34;1m   1818712[0m[34;1m    719996[0m[34;1m     18.93[0m[34;1m     84468[0m[34;1m   1846696[0m[34;1m   3617876[0m[31;1m     95.13[0m[34;1m   1180192[0m[34;1m   1368200[0m[34;1m        20[0m
17:49:36   [34;1m   1042144[0m[34;1m   1818712[0m[34;1m    720000[0m[34;1m     18.93[0m[34;1m     84476[0m[34;1m   1846688[0m[34;1m   3617876[0m[31;1m     95.13[0m[34;1m   1180192[0m[34;1m   1368276[0m[34;1m        20[0m
17:49:37   [34;1m   1042144[0m[34;1m   1818724[0m[34;1m    719980[0m[34;1m     18.93[0m[34;1m     84476[0m[34;1m   1846700[0m[34;1m   3617876[0m[31;1m     95.13[0m[34;1m   1180200[0m[34;1m   1368416[0m[34;1m        44[0m
17:49:38   [34;1m   1042144[0m[34;1m   1818728[0m[34;1m    719976[0m[34;1m     18.93[0m[34;1m     84476[0m[34;1m   1846704[0m[34;1m   3617876[0m[31;1m     95.13[0m[34;1m   1180200[0m[34;1m   1368408[0m[34;1m        48[0m
17:49:39   [34;1m   1042144[0m[34;1m   1818728[0m[34;1m    719992[0m[34;1m     18.93[0m[34;1m     84484[0m[34;1m   1846696[0m[34;1m   3612860[0m[31;1m     94.99[0m[34;1m   1180196[0m[34;1m   1366856[0m[34;1m        48[0m
17:49:40   [34;1m   1041920[0m[34;1m   1818516[0m[34;1m    720204[0m[34;1m     18.94[0m[34;1m     84484[0m[34;1m   1846708[0m[34;1m   3612860[0m[31;1m     94.99[0m[34;1m   1180204[0m[34;1m   1366868[0m[34;1m        48[0m
17:49:41   [34;1m   1041920[0m[34;1m   1818516[0m[34;1m    720204[0m[34;1m     18.94[0m[34;1m     84484[0m[34;1m   1846708[0m[34;1m   3612860[0m[31;1m     94.99[0m[34;1m   1180204[0m[34;1m   1366868[0m[34;1m        48[0m
17:49:42   [34;1m   1041920[0m[34;1m   1818516[0m[34;1m    720204[0m[34;1m     18.94[0m[34;1m     84484[0m[34;1m   1846708[0m[34;1m   3612860[0m[31;1m     94.99[0m[34;1m   1180204[0m[34;1m   1366964[0m[34;1m        24[0m
17:49:43   [34;1m   1041920[0m[34;1m   1818516[0m[34;1m    720204[0m[34;1m     18.94[0m[34;1m     84484[0m[34;1m   1846708[0m[34;1m   3612860[0m[31;1m     94.99[0m[34;1m   1180204[0m[34;1m   1366888[0m[34;1m        24[0m
17:49:44   [34;1m   1041920[0m[34;1m   1818516[0m[34;1m    720204[0m[34;1m     18.94[0m[34;1m     84484[0m[34;1m   1846708[0m[34;1m   3612860[0m[31;1m     94.99[0m[34;1m   1180204[0m[34;1m   1366912[0m[34;1m        24[0m
17:49:45   [34;1m   1041920[0m[34;1m   1818516[0m[34;1m    720200[0m[34;1m     18.94[0m[34;1m     84496[0m[34;1m   1846700[0m[34;1m   3612860[0m[31;1m     94.99[0m[34;1m   1180204[0m[34;1m   1366912[0m[34;1m        24[0m
17:49:46   [34;1m   1041920[0m[34;1m   1818532[0m[34;1m    720188[0m[34;1m     18.94[0m[34;1m     84496[0m[34;1m   1846712[0m[34;1m   3612860[0m[31;1m     94.99[0m[34;1m   1180216[0m[34;1m   1366932[0m[34;1m        36[0m
17:49:47   [34;1m   1041920[0m[34;1m   1818532[0m[34;1m    720192[0m[34;1m     18.94[0m[34;1m     84496[0m[34;1m   1846712[0m[34;1m   3612860[0m[31;1m     94.99[0m[34;1m   1180220[0m[34;1m   1367388[0m[34;1m        36[0m
17:49:48   [34;1m   1041920[0m[34;1m   1818532[0m[34;1m    720192[0m[34;1m     18.94[0m[34;1m     84496[0m[34;1m   1846712[0m[34;1m   3612860[0m[31;1m     94.99[0m[34;1m   1180216[0m[34;1m   1367316[0m[34;1m        36[0m
17:49:49   [34;1m   1041920[0m[34;1m   1818532[0m[34;1m    720192[0m[34;1m     18.94[0m[34;1m     84500[0m[34;1m   1846708[0m[34;1m   3612860[0m[31;1m     94.99[0m[34;1m   1180216[0m[34;1m   1367316[0m[34;1m        36[0m
17:49:50   [34;1m   1041920[0m[34;1m   1818540[0m[34;1m    720184[0m[34;1m     18.94[0m[34;1m     84500[0m[34;1m   1846716[0m[34;1m   3612860[0m[31;1m     94.99[0m[34;1m   1180220[0m[34;1m   1367320[0m[34;1m        40[0m
17:49:51   [34;1m   1041920[0m[34;1m   1818540[0m[34;1m    720184[0m[34;1m     18.94[0m[34;1m     84500[0m[34;1m   1846716[0m[34;1m   3612860[0m[31;1m     94.99[0m[34;1m   1180220[0m[34;1m   1367320[0m[34;1m        24[0m
17:49:52   [34;1m   1041668[0m[34;1m   1818288[0m[34;1m    720436[0m[34;1m     18.94[0m[34;1m     84500[0m[34;1m   1846716[0m[34;1m   3612860[0m[31;1m     94.99[0m[34;1m   1180220[0m[34;1m   1367316[0m[34;1m        16[0m
17:49:53   [34;1m   1041668[0m[34;1m   1818288[0m[34;1m    720436[0m[34;1m     18.94[0m[34;1m     84508[0m[34;1m   1846708[0m[34;1m   3612860[0m[31;1m     94.99[0m[34;1m   1180220[0m[34;1m   1367324[0m[34;1m        16[0m
17:49:54   [34;1m   1041668[0m[34;1m   1818292[0m[34;1m    720424[0m[34;1m     18.94[0m[34;1m     84508[0m[34;1m   1846720[0m[34;1m   3612860[0m[31;1m     94.99[0m[34;1m   1180220[0m[34;1m   1367328[0m[34;1m        44[0m
17:49:55   [34;1m   1041668[0m[34;1m   1818292[0m[34;1m    720424[0m[34;1m     18.94[0m[34;1m     84508[0m[34;1m   1846720[0m[34;1m   3617876[0m[31;1m     95.13[0m[34;1m   1180220[0m[34;1m   1368828[0m[34;1m        44[0m
17:49:56   [34;1m   1041668[0m[34;1m   1818300[0m[34;1m    720424[0m[34;1m     18.94[0m[34;1m     84508[0m[34;1m   1846720[0m[34;1m   3617876[0m[31;1m     95.13[0m[34;1m   1180228[0m[34;1m   1368928[0m[34;1m        44[0m
17:49:57   [34;1m   1041668[0m[34;1m   1818300[0m[34;1m    720424[0m[34;1m     18.94[0m[34;1m     84508[0m[34;1m   1846720[0m[34;1m   3617876[0m[31;1m     95.13[0m[34;1m   1180228[0m[34;1m   1369232[0m[34;1m        44[0m
17:49:58   [34;1m   1041668[0m[34;1m   1818300[0m[34;1m    720420[0m[34;1m     18.94[0m[34;1m     84508[0m[34;1m   1846720[0m[34;1m   3617876[0m[31;1m     95.13[0m[34;1m   1180228[0m[34;1m   1369188[0m[34;1m        44[0m
17:49:59   [34;1m   1041668[0m[34;1m   1818300[0m[34;1m    720432[0m[34;1m     18.94[0m[34;1m     84520[0m[34;1m   1846708[0m[34;1m   3612860[0m[31;1m     94.99[0m[34;1m   1180228[0m[34;1m   1367600[0m[34;1m        16[0m
17:50:00   [34;1m   1041668[0m[34;1m   1818312[0m[34;1m    720412[0m[34;1m     18.94[0m[34;1m     84520[0m[34;1m   1846728[0m[34;1m   3612860[0m[31;1m     94.99[0m[34;1m   1180236[0m[34;1m   1367632[0m[34;1m        32[0m
17:50:01   [34;1m   1041668[0m[34;1m   1818312[0m[34;1m    720412[0m[34;1m     18.94[0m[34;1m     84520[0m[34;1m   1846728[0m[34;1m   3612860[0m[31;1m     94.99[0m[34;1m   1180236[0m[34;1m   1367632[0m[34;1m        32[0m
17:50:02   [34;1m   1041668[0m[34;1m   1818324[0m[34;1m    720408[0m[34;1m     18.94[0m[34;1m     84520[0m[34;1m   1846732[0m[34;1m   3612860[0m[31;1m     94.99[0m[34;1m   1180244[0m[34;1m   1367080[0m[34;1m        28[0m
17:50:03   [34;1m   1041668[0m[34;1m   1818324[0m[34;1m    720408[0m[34;1m     18.94[0m[34;1m     84524[0m[34;1m   1846728[0m[34;1m   3612860[0m[31;1m     94.99[0m[34;1m   1180240[0m[34;1m   1366520[0m[34;1m        28[0m
17:50:04   [34;1m   1041668[0m[34;1m   1818332[0m[34;1m    720396[0m[34;1m     18.94[0m[34;1m     84524[0m[34;1m   1846736[0m[34;1m   3612860[0m[31;1m     94.99[0m[34;1m   1180240[0m[34;1m   1366520[0m[34;1m        48[0m
17:50:05   [34;1m   1041668[0m[34;1m   1818336[0m[34;1m    720396[0m[34;1m     18.94[0m[34;1m     84524[0m[34;1m   1846736[0m[34;1m   3612860[0m[31;1m     94.99[0m[34;1m   1180244[0m[34;1m   1366520[0m[34;1m        20[0m
17:50:06   [34;1m   1041668[0m[34;1m   1818336[0m[34;1m    720396[0m[34;1m     18.94[0m[34;1m     84524[0m[34;1m   1846736[0m[34;1m   3612860[0m[31;1m     94.99[0m[34;1m   1180244[0m[34;1m   1366256[0m[34;1m        20[0m
17:50:07   [34;1m   1041668[0m[34;1m   1818336[0m[34;1m    720396[0m[34;1m     18.94[0m[34;1m     84524[0m[34;1m   1846736[0m[34;1m   3612860[0m[31;1m     94.99[0m[34;1m   1180244[0m[34;1m   1366456[0m[34;1m        12[0m
17:50:08   [34;1m   1041668[0m[34;1m   1818340[0m[34;1m    720392[0m[34;1m     18.94[0m[34;1m     84524[0m[34;1m   1846740[0m[34;1m   3612860[0m[31;1m     94.99[0m[34;1m   1180244[0m[34;1m   1366512[0m[34;1m        24[0m
17:50:09   [34;1m   1041668[0m[34;1m   1818340[0m[34;1m    720392[0m[34;1m     18.94[0m[34;1m     84524[0m[34;1m   1846740[0m[34;1m   3612860[0m[31;1m     94.99[0m[34;1m   1180244[0m[34;1m   1366512[0m[34;1m        24[0m
17:50:10   [34;1m   1041668[0m[34;1m   1818340[0m[34;1m    720392[0m[34;1m     18.94[0m[34;1m     84524[0m[34;1m   1846740[0m[34;1m   3612860[0m[31;1m     94.99[0m[34;1m   1180244[0m[34;1m   1366520[0m[34;1m        24[0m
17:50:11   [34;1m   1041668[0m[34;1m   1818340[0m[34;1m    720392[0m[34;1m     18.94[0m[34;1m     84532[0m[34;1m   1846732[0m[34;1m   3612860[0m[31;1m     94.99[0m[34;1m   1180244[0m[34;1m   1366520[0m[34;1m        24[0m
17:50:12   [34;1m   1040912[0m[34;1m   1817600[0m[34;1m    721132[0m[34;1m     18.96[0m[34;1m     84532[0m[34;1m   1846748[0m[34;1m   3612860[0m[31;1m     94.99[0m[34;1m   1180260[0m[34;1m   1366540[0m[34;1m        24[0m
17:50:13   [34;1m   1040912[0m[34;1m   1817600[0m[34;1m    721132[0m[34;1m     18.96[0m[34;1m     84532[0m[34;1m   1846748[0m[34;1m   3612860[0m[31;1m     94.99[0m[34;1m   1180252[0m[34;1m   1366048[0m[34;1m        12[0m
17:50:14   [34;1m   1040912[0m[34;1m   1817600[0m[34;1m    721132[0m[34;1m     18.96[0m[34;1m     84532[0m[34;1m   1846748[0m[34;1m   3612860[0m[31;1m     94.99[0m[34;1m   1180252[0m[34;1m   1366064[0m[34;1m        12[0m
17:50:15   [34;1m   1040660[0m[34;1m   1817348[0m[34;1m    721284[0m[34;1m     18.97[0m[34;1m     84532[0m[34;1m   1846748[0m[34;1m   3617876[0m[31;1m     95.13[0m[34;1m   1180252[0m[34;1m   1367464[0m[34;1m        12[0m
17:50:16   [34;1m   1040660[0m[34;1m   1817360[0m[34;1m    721352[0m[34;1m     18.97[0m[34;1m     84536[0m[34;1m   1846748[0m[34;1m   3617876[0m[31;1m     95.13[0m[34;1m   1180252[0m[34;1m   1367476[0m[34;1m        12[0m
17:50:17   [34;1m   1077012[0m[34;1m   1853716[0m[34;1m    684996[0m[34;1m     18.01[0m[34;1m     84536[0m[34;1m   1846752[0m[34;1m   3617876[0m[31;1m     95.13[0m[34;1m   1180256[0m[34;1m   1367780[0m[34;1m        24[0m
17:50:18   [34;1m   1076764[0m[34;1m   1853468[0m[34;1m    685232[0m[34;1m     18.02[0m[34;1m     84536[0m[34;1m   1846752[0m[34;1m   3617876[0m[31;1m     95.13[0m[34;1m   1180256[0m[34;1m   1367896[0m[34;1m        24[0m
17:50:19   [34;1m   1076764[0m[34;1m   1853468[0m[34;1m    685244[0m[34;1m     18.02[0m[34;1m     84536[0m[34;1m   1846752[0m[34;1m   3612860[0m[31;1m     94.99[0m[34;1m   1180256[0m[34;1m   1365436[0m[34;1m        24[0m
17:50:20   [34;1m   1076764[0m[34;1m   1853476[0m[34;1m    685236[0m[34;1m     18.02[0m[34;1m     84540[0m[34;1m   1846756[0m[34;1m   3612860[0m[31;1m     94.99[0m[34;1m   1180260[0m[34;1m   1364980[0m[34;1m        28[0m
17:50:21   [34;1m   1076764[0m[34;1m   1853476[0m[34;1m    685236[0m[34;1m     18.02[0m[34;1m     84540[0m[34;1m   1846756[0m[34;1m   3612860[0m[31;1m     94.99[0m[34;1m   1180260[0m[34;1m   1364980[0m[34;1m        28[0m
17:50:22   [34;1m   1076260[0m[34;1m   1852976[0m[34;1m    685740[0m[34;1m     18.03[0m[34;1m     84540[0m[34;1m   1846760[0m[34;1m   3612860[0m[31;1m     94.99[0m[34;1m   1180260[0m[34;1m   1365052[0m[34;1m        16[0m
17:50:23   [34;1m   1076260[0m[34;1m   1852976[0m[34;1m    685740[0m[34;1m     18.03[0m[34;1m     84540[0m[34;1m   1846760[0m[34;1m   3612860[0m[31;1m     94.99[0m[34;1m   1180260[0m[34;1m   1365004[0m[34;1m        16[0m
17:50:24   [34;1m   1076260[0m[34;1m   1852976[0m[34;1m    685744[0m[34;1m     18.03[0m[34;1m     84540[0m[34;1m   1846760[0m[34;1m   3612860[0m[31;1m     94.99[0m[34;1m   1180260[0m[34;1m   1362160[0m[34;1m        16[0m
17:50:25   [34;1m   1076260[0m[34;1m   1852976[0m[34;1m    685744[0m[34;1m     18.03[0m[34;1m     84556[0m[34;1m   1846744[0m[34;1m   3612860[0m[31;1m     94.99[0m[34;1m   1180260[0m[34;1m   1362160[0m[34;1m        16[0m
17:50:26   [34;1m   1076260[0m[34;1m   1852996[0m[34;1m    685724[0m[34;1m     18.03[0m[34;1m     84556[0m[34;1m   1846764[0m[34;1m   3612860[0m[31;1m     94.99[0m[34;1m   1180276[0m[34;1m   1362168[0m[34;1m        28[0m
17:50:27   [34;1m   1075252[0m[34;1m   1851988[0m[34;1m    686732[0m[34;1m     18.06[0m[34;1m     84556[0m[34;1m   1846764[0m[34;1m   3612860[0m[31;1m     94.99[0m[34;1m   1180276[0m[34;1m   1362368[0m[34;1m        28[0m
17:50:28   [34;1m   1075252[0m[34;1m   1851988[0m[34;1m    686716[0m[34;1m     18.06[0m[34;1m     84556[0m[34;1m   1846764[0m[34;1m   3612860[0m[31;1m     94.99[0m[34;1m   1180276[0m[34;1m   1362444[0m[34;1m        28[0m
17:50:29   [34;1m   1075252[0m[34;1m   1851988[0m[34;1m    686716[0m[34;1m     18.06[0m[34;1m     84564[0m[34;1m   1846756[0m[34;1m   3612860[0m[31;1m     94.99[0m[34;1m   1180276[0m[34;1m   1362444[0m[34;1m        28[0m
17:50:30   [34;1m   1075012[0m[34;1m   1851760[0m[34;1m    686944[0m[34;1m     18.06[0m[34;1m     84564[0m[34;1m   1846768[0m[34;1m   3612860[0m[31;1m     94.99[0m[34;1m   1180284[0m[34;1m   1362472[0m[34;1m        28[0m
17:50:31   [34;1m   1075012[0m[34;1m   1851760[0m[34;1m    686944[0m[34;1m     18.06[0m[34;1m     84564[0m[34;1m   1846768[0m[34;1m   3612860[0m[31;1m     94.99[0m[34;1m   1180284[0m[34;1m   1362472[0m[34;1m        16[0m
17:50:32   [34;1m   1074788[0m[34;1m   1851536[0m[34;1m    687184[0m[34;1m     18.07[0m[34;1m     84564[0m[34;1m   1846768[0m[34;1m   3612860[0m[31;1m     94.99[0m[34;1m   1180288[0m[34;1m   1361972[0m[34;1m         8[0m
17:50:33   [34;1m   1074788[0m[34;1m   1851536[0m[34;1m    687188[0m[34;1m     18.07[0m[34;1m     84564[0m[34;1m   1846768[0m[34;1m   3612860[0m[31;1m     94.99[0m[34;1m   1180284[0m[34;1m   1361952[0m[34;1m         8[0m
17:50:34   [34;1m   1074788[0m[34;1m   1851536[0m[34;1m    687188[0m[34;1m     18.07[0m[34;1m     84564[0m[34;1m   1846768[0m[34;1m   3612860[0m[31;1m     94.99[0m[34;1m   1180284[0m[34;1m   1361952[0m[34;1m         8[0m
17:50:35   [34;1m   1074788[0m[34;1m   1851536[0m[34;1m    687188[0m[34;1m     18.07[0m[34;1m     84572[0m[34;1m   1846760[0m[34;1m   3617876[0m[31;1m     95.13[0m[34;1m   1180284[0m[34;1m   1363452[0m[34;1m         8[0m
17:50:36   [34;1m   1074788[0m[34;1m   1851548[0m[34;1m    687124[0m[34;1m     18.07[0m[34;1m     84572[0m[34;1m   1846772[0m[34;1m   3617876[0m[31;1m     95.13[0m[34;1m   1180292[0m[34;1m   1363268[0m[34;1m        36[0m
17:50:37   [34;1m   1074788[0m[34;1m   1851548[0m[34;1m    687128[0m[34;1m     18.07[0m[34;1m     84572[0m[34;1m   1846772[0m[34;1m   3617876[0m[31;1m     95.13[0m[34;1m   1180292[0m[34;1m   1363268[0m[34;1m        36[0m
17:50:38   [34;1m   1074788[0m[34;1m   1851548[0m[34;1m    687148[0m[34;1m     18.07[0m[34;1m     84572[0m[34;1m   1846772[0m[34;1m   3617876[0m[31;1m     95.13[0m[34;1m   1180292[0m[34;1m   1363448[0m[34;1m        32[0m
17:50:39   [34;1m   1074788[0m[34;1m   1851548[0m[34;1m    687152[0m[34;1m     18.07[0m[34;1m     84572[0m[34;1m   1846772[0m[34;1m   3612860[0m[31;1m     94.99[0m[34;1m   1180292[0m[34;1m   1361904[0m[34;1m        32[0m
17:50:40   [34;1m   1074788[0m[34;1m   1851560[0m[34;1m    687140[0m[34;1m     18.07[0m[34;1m     84580[0m[34;1m   1846776[0m[34;1m   3612860[0m[31;1m     94.99[0m[34;1m   1180300[0m[34;1m   1361912[0m[34;1m        36[0m
17:50:41   [34;1m   1074788[0m[34;1m   1851560[0m[34;1m    687140[0m[34;1m     18.07[0m[34;1m     84580[0m[34;1m   1846776[0m[34;1m   3612860[0m[31;1m     94.99[0m[34;1m   1180300[0m[34;1m   1361912[0m[34;1m         4[0m
17:50:42   [34;1m   1074788[0m[34;1m   1851564[0m[34;1m    687136[0m[34;1m     18.07[0m[34;1m     84580[0m[34;1m   1846780[0m[34;1m   3612860[0m[31;1m     94.99[0m[34;1m   1180300[0m[34;1m   1361916[0m[34;1m         8[0m
17:50:43   [34;1m   1074788[0m[34;1m   1851564[0m[34;1m    687136[0m[34;1m     18.07[0m[34;1m     84580[0m[34;1m   1846780[0m[34;1m   3612860[0m[31;1m     94.99[0m[34;1m   1180300[0m[34;1m   1361920[0m[34;1m         8[0m
17:50:44   [34;1m   1074788[0m[34;1m   1851568[0m[34;1m    687124[0m[34;1m     18.07[0m[34;1m     84588[0m[34;1m   1846784[0m[34;1m   3612860[0m[31;1m     94.99[0m[34;1m   1180300[0m[34;1m   1361924[0m[34;1m        20[0m
17:50:45   [34;1m   1074788[0m[34;1m   1851568[0m[34;1m    687124[0m[34;1m     18.07[0m[34;1m     84588[0m[34;1m   1846784[0m[34;1m   3612860[0m[31;1m     94.99[0m[34;1m   1180300[0m[34;1m   1361924[0m[34;1m        20[0m
17:50:46   [34;1m   1074788[0m[34;1m   1851576[0m[34;1m    687124[0m[34;1m     18.07[0m[34;1m     84588[0m[34;1m   1846784[0m[34;1m   3612860[0m[31;1m     94.99[0m[34;1m   1180308[0m[34;1m   1361928[0m[34;1m        20[0m
17:50:47   [34;1m   1074788[0m[34;1m   1851576[0m[34;1m    687124[0m[34;1m     18.07[0m[34;1m     84588[0m[34;1m   1846784[0m[34;1m   3612860[0m[31;1m     94.99[0m[34;1m   1180308[0m[34;1m   1361928[0m[34;1m        24[0m
17:50:48   [34;1m   1074788[0m[34;1m   1851576[0m[34;1m    687120[0m[34;1m     18.07[0m[34;1m     84596[0m[34;1m   1846776[0m[34;1m   3612860[0m[31;1m     94.99[0m[34;1m   1180308[0m[34;1m   1362440[0m[34;1m        24[0m
17:50:49   [34;1m   1074788[0m[34;1m   1851580[0m[34;1m    687108[0m[34;1m     18.07[0m[34;1m     84596[0m[34;1m   1846788[0m[34;1m   3612860[0m[31;1m     94.99[0m[34;1m   1180308[0m[34;1m   1362468[0m[34;1m        28[0m
17:50:50   [34;1m   1074788[0m[34;1m   1851588[0m[34;1m    687108[0m[34;1m     18.07[0m[34;1m     84596[0m[34;1m   1846788[0m[34;1m   3612860[0m[31;1m     94.99[0m[34;1m   1180316[0m[34;1m   1362480[0m[34;1m        12[0m
17:50:51   [34;1m   1074788[0m[34;1m   1851588[0m[34;1m    687108[0m[34;1m     18.07[0m[34;1m     84596[0m[34;1m   1846788[0m[34;1m   3612860[0m[31;1m     94.99[0m[34;1m   1180316[0m[34;1m   1362480[0m[34;1m        12[0m
17:50:52   [34;1m   1074788[0m[34;1m   1851592[0m[34;1m    687100[0m[34;1m     18.07[0m[34;1m     84600[0m[34;1m   1846792[0m[34;1m   3612860[0m[31;1m     94.99[0m[34;1m   1180316[0m[34;1m   1362340[0m[34;1m        24[0m
17:50:53   [34;1m   1074788[0m[34;1m   1851596[0m[34;1m    687100[0m[34;1m     18.07[0m[34;1m     84600[0m[34;1m   1846792[0m[34;1m   3612860[0m[31;1m     94.99[0m[34;1m   1180320[0m[34;1m   1362316[0m[34;1m        24[0m
17:50:54   [34;1m   1074788[0m[34;1m   1851596[0m[34;1m    687100[0m[34;1m     18.07[0m[34;1m     84600[0m[34;1m   1846792[0m[34;1m   3612860[0m[31;1m     94.99[0m[34;1m   1180320[0m[34;1m   1362316[0m[34;1m        24[0m
17:50:55   [34;1m   1074788[0m[34;1m   1851596[0m[34;1m    687100[0m[34;1m     18.07[0m[34;1m     84600[0m[34;1m   1846792[0m[34;1m   3612860[0m[31;1m     94.99[0m[34;1m   1180320[0m[34;1m   1362316[0m[34;1m        24[0m
17:50:56   [34;1m   1074788[0m[34;1m   1851596[0m[34;1m    687100[0m[34;1m     18.07[0m[34;1m     84600[0m[34;1m   1846792[0m[34;1m   3612860[0m[31;1m     94.99[0m[34;1m   1180320[0m[34;1m   1362316[0m[34;1m        24[0m
17:50:57   [34;1m   1074536[0m[34;1m   1851344[0m[34;1m    687352[0m[34;1m     18.07[0m[34;1m     84608[0m[34;1m   1846784[0m[34;1m   3612860[0m[31;1m     94.99[0m[34;1m   1180320[0m[34;1m   1362316[0m[34;1m        12[0m
17:50:58   [34;1m   1074536[0m[34;1m   1851364[0m[34;1m    687332[0m[34;1m     18.07[0m[34;1m     84616[0m[34;1m   1846796[0m[34;1m   3612860[0m[31;1m     94.99[0m[34;1m   1180332[0m[34;1m   1362656[0m[34;1m        24[0m
17:50:59   [34;1m   1074536[0m[34;1m   1851364[0m[34;1m    687328[0m[34;1m     18.07[0m[34;1m     84616[0m[34;1m   1846796[0m[34;1m   3612860[0m[31;1m     94.99[0m[34;1m   1180336[0m[34;1m   1362652[0m[34;1m        24[0m
17:51:00   [34;1m   1074536[0m[34;1m   1851364[0m[34;1m    687328[0m[34;1m     18.07[0m[34;1m     84616[0m[34;1m   1846796[0m[34;1m   3612860[0m[31;1m     94.99[0m[34;1m   1180336[0m[34;1m   1362652[0m[34;1m        24[0m
17:51:01   [34;1m   1074536[0m[34;1m   1851364[0m[34;1m    687328[0m[34;1m     18.07[0m[34;1m     84616[0m[34;1m   1846796[0m[34;1m   3612860[0m[31;1m     94.99[0m[34;1m   1180336[0m[34;1m   1362684[0m[34;1m        24[0m
17:51:02   [34;1m   1074536[0m[34;1m   1851376[0m[34;1m    687316[0m[34;1m     18.07[0m[34;1m     84620[0m[34;1m   1846804[0m[34;1m   3612860[0m[31;1m     94.99[0m[34;1m   1180352[0m[34;1m   1362196[0m[34;1m        28[0m
17:51:03   [34;1m   1074536[0m[34;1m   1851376[0m[34;1m    687316[0m[34;1m     18.07[0m[34;1m     84620[0m[34;1m   1846804[0m[34;1m   3612860[0m[31;1m     94.99[0m[34;1m   1180340[0m[34;1m   1362120[0m[34;1m        16[0m
17:51:04   [34;1m   1074536[0m[34;1m   1851376[0m[34;1m    687312[0m[34;1m     18.07[0m[34;1m     84620[0m[34;1m   1846808[0m[34;1m   3612860[0m[31;1m     94.99[0m[34;1m   1180340[0m[34;1m   1362120[0m[34;1m        20[0m
17:51:05   [34;1m   1074536[0m[34;1m   1851376[0m[34;1m    687312[0m[34;1m     18.07[0m[34;1m     84620[0m[34;1m   1846808[0m[34;1m   3612860[0m[31;1m     94.99[0m[34;1m   1180340[0m[34;1m   1362120[0m[34;1m        20[0m
17:51:06   [34;1m   1074536[0m[34;1m   1851380[0m[34;1m    687312[0m[34;1m     18.07[0m[34;1m     84624[0m[34;1m   1846804[0m[34;1m   3612860[0m[31;1m     94.99[0m[34;1m   1180340[0m[34;1m   1361940[0m[34;1m        20[0m
17:51:07   [34;1m   1074536[0m[34;1m   1851384[0m[34;1m    687304[0m[34;1m     18.07[0m[34;1m     84624[0m[34;1m   1846812[0m[34;1m   3612860[0m[31;1m     94.99[0m[34;1m   1180340[0m[34;1m   1361864[0m[34;1m        36[0m
17:51:08   [34;1m   1074536[0m[34;1m   1851388[0m[34;1m    687304[0m[34;1m     18.07[0m[34;1m     84624[0m[34;1m   1846812[0m[34;1m   3612860[0m[31;1m     94.99[0m[34;1m   1180344[0m[34;1m   1362080[0m[34;1m        36[0m
17:51:09   [34;1m   1074536[0m[34;1m   1851388[0m[34;1m    687304[0m[34;1m     18.07[0m[34;1m     84624[0m[34;1m   1846812[0m[34;1m   3612860[0m[31;1m     94.99[0m[34;1m   1180344[0m[34;1m   1362164[0m[34;1m        24[0m
17:51:10   [34;1m   1074536[0m[34;1m   1851388[0m[34;1m    687304[0m[34;1m     18.07[0m[34;1m     84624[0m[34;1m   1846812[0m[34;1m   3612860[0m[31;1m     94.99[0m[34;1m   1180344[0m[34;1m   1362260[0m[34;1m        28[0m
17:51:11   [34;1m   1074284[0m[34;1m   1851140[0m[34;1m    687544[0m[34;1m     18.08[0m[34;1m     84628[0m[34;1m   1846816[0m[34;1m   3612860[0m[31;1m     94.99[0m[34;1m   1180344[0m[34;1m   1362468[0m[34;1m        40[0m
17:51:12   [34;1m   1074060[0m[34;1m   1850920[0m[34;1m    687768[0m[34;1m     18.08[0m[34;1m     84628[0m[34;1m   1846816[0m[34;1m   3612860[0m[31;1m     94.99[0m[34;1m   1180356[0m[34;1m   1362664[0m[34;1m        12[0m
17:51:13   [34;1m   1074060[0m[34;1m   1850920[0m[34;1m    687768[0m[34;1m     18.08[0m[34;1m     84628[0m[34;1m   1846816[0m[34;1m   3612860[0m[31;1m     94.99[0m[34;1m   1180348[0m[34;1m   1362600[0m[34;1m        12[0m
