Linux 6.6.95 (ssp-study) 	04/16/26 	_x86_64_	(2 CPU)

18:29:30    kbmemfree   kbavail kbmemused  %memused kbbuffers  kbcached  kbcommit   %commit  kbactive   kbinact   kbdirty
18:29:31   [34;1m   1022712[0m[34;1m   1816212[0m[34;1m    721188[0m[34;1m     18.96[0m[34;1m     95140[0m[34;1m   1852832[0m[34;1m   3893304[0m[31;1m    102.37[0m[34;1m   1191508[0m[34;1m   1406948[0m[34;1m       352[0m
18:29:32   [34;1m   1022712[0m[34;1m   1816212[0m[34;1m    721188[0m[34;1m     18.96[0m[34;1m     95140[0m[34;1m   1852832[0m[34;1m   3893304[0m[31;1m    102.37[0m[34;1m   1191508[0m[34;1m   1406900[0m[34;1m       352[0m
18:29:33   [34;1m   1022712[0m[34;1m   1816096[0m[34;1m    721316[0m[34;1m     18.97[0m[34;1m     95172[0m[34;1m   1852672[0m[34;1m   3893548[0m[31;1m    102.38[0m[34;1m   1191504[0m[34;1m   1406764[0m[34;1m       520[0m
18:29:34   [34;1m   1020696[0m[34;1m   1814080[0m[34;1m    723284[0m[34;1m     19.02[0m[34;1m     95172[0m[34;1m   1852672[0m[34;1m   3893548[0m[31;1m    102.38[0m[34;1m   1191504[0m[34;1m   1406776[0m[34;1m       524[0m
18:29:35   [34;1m   1020696[0m[34;1m   1814080[0m[34;1m    723284[0m[34;1m     19.02[0m[34;1m     95172[0m[34;1m   1852672[0m[34;1m   3893548[0m[31;1m    102.38[0m[34;1m   1191504[0m[34;1m   1406560[0m[34;1m       528[0m
18:29:36   [34;1m   1020696[0m[34;1m   1814080[0m[34;1m    723284[0m[34;1m     19.02[0m[34;1m     95172[0m[34;1m   1852672[0m[34;1m   3893548[0m[31;1m    102.38[0m[34;1m   1191504[0m[34;1m   1405964[0m[34;1m       528[0m
18:29:37   [34;1m   1020696[0m[34;1m   1814092[0m[34;1m    723272[0m[34;1m     19.02[0m[34;1m     95180[0m[34;1m   1852676[0m[34;1m   3893548[0m[31;1m    102.38[0m[34;1m   1191512[0m[34;1m   1405620[0m[34;1m       536[0m
18:29:38   [34;1m   1020696[0m[34;1m   1814092[0m[34;1m    723272[0m[34;1m     19.02[0m[34;1m     95180[0m[34;1m   1852676[0m[34;1m   3893548[0m[31;1m    102.38[0m[34;1m   1191512[0m[34;1m   1405648[0m[34;1m       536[0m
18:29:39   [34;1m   1020696[0m[34;1m   1814092[0m[34;1m    723240[0m[34;1m     19.02[0m[34;1m     95180[0m[34;1m   1852676[0m[34;1m   3893548[0m[31;1m    102.38[0m[34;1m   1191512[0m[34;1m   1406144[0m[34;1m       536[0m
18:29:40   [34;1m   1020696[0m[34;1m   1814092[0m[34;1m    723240[0m[34;1m     19.02[0m[34;1m     95184[0m[34;1m   1852672[0m[34;1m   3893548[0m[31;1m    102.38[0m[34;1m   1191512[0m[34;1m   1406144[0m[34;1m       512[0m
18:29:41   [34;1m   1020696[0m[34;1m   1814100[0m[34;1m    723232[0m[34;1m     19.02[0m[34;1m     95184[0m[34;1m   1852680[0m[34;1m   3893548[0m[31;1m    102.38[0m[34;1m   1191516[0m[34;1m   1406508[0m[34;1m       512[0m
18:29:42   [34;1m   1020696[0m[34;1m   1814100[0m[34;1m    723232[0m[34;1m     19.02[0m[34;1m     95184[0m[34;1m   1852680[0m[34;1m   3893548[0m[31;1m    102.38[0m[34;1m   1191516[0m[34;1m   1406560[0m[34;1m       512[0m
18:29:43   [34;1m   1020696[0m[34;1m   1814104[0m[34;1m    723228[0m[34;1m     19.02[0m[34;1m     95184[0m[34;1m   1852684[0m[34;1m   3893548[0m[31;1m    102.38[0m[34;1m   1191516[0m[34;1m   1406568[0m[34;1m       516[0m
18:29:44   [34;1m   1019688[0m[34;1m   1813096[0m[34;1m    724236[0m[34;1m     19.04[0m[34;1m     95184[0m[34;1m   1852684[0m[34;1m   3893548[0m[31;1m    102.38[0m[34;1m   1191516[0m[34;1m   1406668[0m[34;1m       516[0m
18:29:45   [34;1m   1019688[0m[34;1m   1813096[0m[34;1m    724236[0m[34;1m     19.04[0m[34;1m     95184[0m[34;1m   1852684[0m[34;1m   3893548[0m[31;1m    102.38[0m[34;1m   1191516[0m[34;1m   1406600[0m[34;1m       516[0m
18:29:46   [34;1m   1019688[0m[34;1m   1813096[0m[34;1m    724236[0m[34;1m     19.04[0m[34;1m     95192[0m[34;1m   1852676[0m[34;1m   3893548[0m[31;1m    102.38[0m[34;1m   1191516[0m[34;1m   1406600[0m[34;1m       516[0m
18:29:47   [34;1m   1019688[0m[34;1m   1813108[0m[34;1m    724224[0m[34;1m     19.04[0m[34;1m     95192[0m[34;1m   1852688[0m[34;1m   3893548[0m[31;1m    102.38[0m[34;1m   1191524[0m[34;1m   1406608[0m[34;1m       516[0m
18:29:48   [34;1m   1019440[0m[34;1m   1812876[0m[34;1m    724456[0m[34;1m     19.05[0m[34;1m     95200[0m[34;1m   1852696[0m[34;1m   3893548[0m[31;1m    102.38[0m[34;1m   1191532[0m[34;1m   1406448[0m[34;1m       516[0m
18:29:49   [34;1m   1019440[0m[34;1m   1812884[0m[34;1m    724440[0m[34;1m     19.05[0m[34;1m     95200[0m[34;1m   1852696[0m[34;1m   3893804[0m[31;1m    102.38[0m[34;1m   1191532[0m[34;1m   1405884[0m[34;1m       516[0m
18:29:50   [34;1m   1019440[0m[34;1m   1812884[0m[34;1m    724440[0m[34;1m     19.05[0m[34;1m     95200[0m[34;1m   1852696[0m[34;1m   3893804[0m[31;1m    102.38[0m[34;1m   1191532[0m[34;1m   1405884[0m[34;1m       468[0m
18:29:51   [34;1m   1019440[0m[34;1m   1812888[0m[34;1m    724436[0m[34;1m     19.05[0m[34;1m     95200[0m[34;1m   1852700[0m[34;1m   3893804[0m[31;1m    102.38[0m[34;1m   1191532[0m[34;1m   1406188[0m[34;1m       468[0m
18:29:52   [34;1m   1019440[0m[34;1m   1812888[0m[34;1m    724436[0m[34;1m     19.05[0m[34;1m     95200[0m[34;1m   1852700[0m[34;1m   3893804[0m[31;1m    102.38[0m[34;1m   1191532[0m[34;1m   1406220[0m[34;1m       468[0m
18:29:53   [34;1m   1019440[0m[34;1m   1812888[0m[34;1m    724436[0m[34;1m     19.05[0m[34;1m     95200[0m[34;1m   1852700[0m[34;1m   3893804[0m[31;1m    102.38[0m[34;1m   1191532[0m[34;1m   1406248[0m[34;1m       468[0m
18:29:54   [34;1m   1019440[0m[34;1m   1812888[0m[34;1m    724432[0m[34;1m     19.05[0m[34;1m     95200[0m[34;1m   1852700[0m[34;1m   3893804[0m[31;1m    102.38[0m[34;1m   1191532[0m[34;1m   1406264[0m[34;1m       468[0m
18:29:55   [34;1m   1019216[0m[34;1m   1812664[0m[34;1m    724656[0m[34;1m     19.05[0m[34;1m     95200[0m[34;1m   1852700[0m[34;1m   3893804[0m[31;1m    102.38[0m[34;1m   1191532[0m[34;1m   1406276[0m[34;1m       452[0m
18:29:56   [34;1m   1019216[0m[34;1m   1812664[0m[34;1m    724656[0m[34;1m     19.05[0m[34;1m     95208[0m[34;1m   1852692[0m[34;1m   3893804[0m[31;1m    102.38[0m[34;1m   1191532[0m[34;1m   1406276[0m[34;1m       452[0m
18:29:57   [34;1m   1019216[0m[34;1m   1812684[0m[34;1m    724636[0m[34;1m     19.05[0m[34;1m     95216[0m[34;1m   1852704[0m[34;1m   3893804[0m[31;1m    102.38[0m[34;1m   1191548[0m[34;1m   1406300[0m[34;1m       460[0m
18:29:58   [34;1m   1019216[0m[34;1m   1812684[0m[34;1m    724636[0m[34;1m     19.05[0m[34;1m     95216[0m[34;1m   1852704[0m[34;1m   3893804[0m[31;1m    102.38[0m[34;1m   1191548[0m[34;1m   1406300[0m[34;1m       460[0m
18:29:59   [34;1m   1018712[0m[34;1m   1812188[0m[34;1m    725132[0m[34;1m     19.07[0m[34;1m     95220[0m[34;1m   1852708[0m[34;1m   3893804[0m[31;1m    102.38[0m[34;1m   1191552[0m[34;1m   1406368[0m[34;1m       460[0m
18:30:00   [34;1m   1018712[0m[34;1m   1812188[0m[34;1m    725132[0m[34;1m     19.07[0m[34;1m     95220[0m[34;1m   1852708[0m[34;1m   3893804[0m[31;1m    102.38[0m[34;1m   1191552[0m[34;1m   1406312[0m[34;1m       460[0m
18:30:01   [34;1m   1018712[0m[34;1m   1812196[0m[34;1m    725112[0m[34;1m     19.07[0m[34;1m     95220[0m[34;1m   1852708[0m[34;1m   3894060[0m[31;1m    102.39[0m[34;1m   1191552[0m[34;1m   1406664[0m[34;1m       460[0m
18:30:02   [34;1m   1018712[0m[34;1m   1812196[0m[34;1m    725112[0m[34;1m     19.07[0m[34;1m     95220[0m[34;1m   1852708[0m[34;1m   3894060[0m[31;1m    102.39[0m[34;1m   1191552[0m[34;1m   1406688[0m[34;1m       460[0m
18:30:03   [34;1m   1018712[0m[34;1m   1812212[0m[34;1m    725088[0m[34;1m     19.07[0m[34;1m     95228[0m[34;1m   1852720[0m[34;1m   3894060[0m[31;1m    102.39[0m[34;1m   1191556[0m[34;1m   1406608[0m[34;1m       464[0m
18:30:04   [34;1m   1017956[0m[34;1m   1811460[0m[34;1m    725844[0m[34;1m     19.09[0m[34;1m     95228[0m[34;1m   1852720[0m[34;1m   3894060[0m[31;1m    102.39[0m[34;1m   1191560[0m[34;1m   1406764[0m[34;1m       464[0m
18:30:05   [34;1m   1017956[0m[34;1m   1811464[0m[34;1m    725808[0m[34;1m     19.08[0m[34;1m     95228[0m[34;1m   1852724[0m[34;1m   3894060[0m[31;1m    102.39[0m[34;1m   1191560[0m[34;1m   1406724[0m[34;1m       448[0m
18:30:06   [34;1m   1017956[0m[34;1m   1811464[0m[34;1m    725808[0m[34;1m     19.08[0m[34;1m     95228[0m[34;1m   1852724[0m[34;1m   3894060[0m[31;1m    102.39[0m[34;1m   1191560[0m[34;1m   1406568[0m[34;1m       448[0m
18:30:07   [34;1m   1017956[0m[34;1m   1811472[0m[34;1m    725800[0m[34;1m     19.08[0m[34;1m     95232[0m[34;1m   1852728[0m[34;1m   3894060[0m[31;1m    102.39[0m[34;1m   1191564[0m[34;1m   1406492[0m[34;1m       452[0m
18:30:08   [34;1m   1017956[0m[34;1m   1811472[0m[34;1m    725796[0m[34;1m     19.08[0m[34;1m     95232[0m[34;1m   1852728[0m[34;1m   3894060[0m[31;1m    102.39[0m[34;1m   1191564[0m[34;1m   1406492[0m[34;1m       452[0m
18:30:09   [34;1m   1017452[0m[34;1m   1810980[0m[34;1m    726288[0m[34;1m     19.10[0m[34;1m     95240[0m[34;1m   1852732[0m[34;1m   3894060[0m[31;1m    102.39[0m[34;1m   1191576[0m[34;1m   1406608[0m[34;1m       452[0m
18:30:10   [34;1m   1017452[0m[34;1m   1810980[0m[34;1m    726288[0m[34;1m     19.10[0m[34;1m     95240[0m[34;1m   1852732[0m[34;1m   3894060[0m[31;1m    102.39[0m[34;1m   1191572[0m[34;1m   1406536[0m[34;1m         8[0m
18:30:11   [34;1m   1017452[0m[34;1m   1810980[0m[34;1m    726284[0m[34;1m     19.10[0m[34;1m     95240[0m[34;1m   1852732[0m[34;1m   3894060[0m[31;1m    102.39[0m[34;1m   1191572[0m[34;1m   1406716[0m[34;1m         8[0m
18:30:12   [34;1m   1017452[0m[34;1m   1810980[0m[34;1m    726284[0m[34;1m     19.10[0m[34;1m     95240[0m[34;1m   1852732[0m[34;1m   3894060[0m[31;1m    102.39[0m[34;1m   1191572[0m[34;1m   1406744[0m[34;1m         8[0m
18:30:13   [34;1m   1017452[0m[34;1m   1810980[0m[34;1m    726284[0m[34;1m     19.10[0m[34;1m     95240[0m[34;1m   1852732[0m[34;1m   3894060[0m[31;1m    102.39[0m[34;1m   1191572[0m[34;1m   1406760[0m[34;1m         8[0m
18:30:14   [34;1m   1017200[0m[34;1m   1810728[0m[34;1m    726536[0m[34;1m     19.10[0m[34;1m     95240[0m[34;1m   1852732[0m[34;1m   3894060[0m[31;1m    102.39[0m[34;1m   1191572[0m[34;1m   1406760[0m[34;1m         8[0m
18:30:15   [34;1m   1017200[0m[34;1m   1810724[0m[34;1m    726540[0m[34;1m     19.10[0m[34;1m     95244[0m[34;1m   1852736[0m[34;1m   3894060[0m[31;1m    102.39[0m[34;1m   1191572[0m[34;1m   1406764[0m[34;1m        20[0m
18:30:16   [34;1m   1017200[0m[34;1m   1810724[0m[34;1m    726540[0m[34;1m     19.10[0m[34;1m     95244[0m[34;1m   1852736[0m[34;1m   3894060[0m[31;1m    102.39[0m[34;1m   1191572[0m[34;1m   1406764[0m[34;1m        20[0m
18:30:17   [34;1m   1017200[0m[34;1m   1810728[0m[34;1m    726540[0m[34;1m     19.10[0m[34;1m     95244[0m[34;1m   1852736[0m[34;1m   3894060[0m[31;1m    102.39[0m[34;1m   1191576[0m[34;1m   1406768[0m[34;1m        20[0m
18:30:18   [34;1m   1017200[0m[34;1m   1810744[0m[34;1m    726524[0m[34;1m     19.10[0m[34;1m     95252[0m[34;1m   1852744[0m[34;1m   3894060[0m[31;1m    102.39[0m[34;1m   1191584[0m[34;1m   1406888[0m[34;1m        28[0m
18:30:19   [34;1m   1017200[0m[34;1m   1810756[0m[34;1m    726512[0m[34;1m     19.10[0m[34;1m     95260[0m[34;1m   1852748[0m[34;1m   3894060[0m[31;1m    102.39[0m[34;1m   1191596[0m[34;1m   1406760[0m[34;1m        28[0m
18:30:20   [34;1m   1017200[0m[34;1m   1810756[0m[34;1m    726512[0m[34;1m     19.10[0m[34;1m     95260[0m[34;1m   1852748[0m[34;1m   3894060[0m[31;1m    102.39[0m[34;1m   1191592[0m[34;1m   1406704[0m[34;1m        28[0m
18:30:21   [34;1m   1017200[0m[34;1m   1810756[0m[34;1m    726496[0m[34;1m     19.10[0m[34;1m     95260[0m[34;1m   1852748[0m[34;1m   3894060[0m[31;1m    102.39[0m[34;1m   1191592[0m[34;1m   1407004[0m[34;1m        28[0m
18:30:22   [34;1m   1017200[0m[34;1m   1810756[0m[34;1m    726496[0m[34;1m     19.10[0m[34;1m     95260[0m[34;1m   1852748[0m[34;1m   3894060[0m[31;1m    102.39[0m[34;1m   1191592[0m[34;1m   1407048[0m[34;1m        28[0m
18:30:23   [34;1m   1017200[0m[34;1m   1810756[0m[34;1m    726496[0m[34;1m     19.10[0m[34;1m     95260[0m[34;1m   1852748[0m[34;1m   3894060[0m[31;1m    102.39[0m[34;1m   1191592[0m[34;1m   1407060[0m[34;1m        28[0m
18:30:24   [34;1m   1017200[0m[34;1m   1810756[0m[34;1m    726496[0m[34;1m     19.10[0m[34;1m     95268[0m[34;1m   1852740[0m[34;1m   3894060[0m[31;1m    102.39[0m[34;1m   1191592[0m[34;1m   1407060[0m[34;1m        28[0m
18:30:25   [34;1m   1017200[0m[34;1m   1810760[0m[34;1m    726476[0m[34;1m     19.10[0m[34;1m     95272[0m[34;1m   1852756[0m[34;1m   3894060[0m[31;1m    102.39[0m[34;1m   1191592[0m[34;1m   1407064[0m[34;1m        32[0m
18:30:26   [34;1m   1017200[0m[34;1m   1810760[0m[34;1m    726476[0m[34;1m     19.10[0m[34;1m     95272[0m[34;1m   1852756[0m[34;1m   3894060[0m[31;1m    102.39[0m[34;1m   1191592[0m[34;1m   1407064[0m[34;1m        32[0m
18:30:27   [34;1m   1017200[0m[34;1m   1810776[0m[34;1m    726476[0m[34;1m     19.10[0m[34;1m     95272[0m[34;1m   1852756[0m[34;1m   3894060[0m[31;1m    102.39[0m[34;1m   1191604[0m[34;1m   1407084[0m[34;1m        32[0m
18:30:28   [34;1m   1017200[0m[34;1m   1810776[0m[34;1m    726476[0m[34;1m     19.10[0m[34;1m     95272[0m[34;1m   1852756[0m[34;1m   3894060[0m[31;1m    102.39[0m[34;1m   1191604[0m[34;1m   1407084[0m[34;1m        32[0m
18:30:29   [34;1m   1016976[0m[34;1m   1810560[0m[34;1m    726692[0m[34;1m     19.11[0m[34;1m     95276[0m[34;1m   1852760[0m[34;1m   3894060[0m[31;1m    102.39[0m[34;1m   1191600[0m[34;1m   1407064[0m[34;1m        32[0m
18:30:30   [34;1m   1016976[0m[34;1m   1810560[0m[34;1m    726692[0m[34;1m     19.11[0m[34;1m     95276[0m[34;1m   1852760[0m[34;1m   3894060[0m[31;1m    102.39[0m[34;1m   1191608[0m[34;1m   1407116[0m[34;1m        32[0m
18:30:31   [34;1m   1016976[0m[34;1m   1810560[0m[34;1m    726692[0m[34;1m     19.11[0m[34;1m     95276[0m[34;1m   1852760[0m[34;1m   3894060[0m[31;1m    102.39[0m[34;1m   1191608[0m[34;1m   1407168[0m[34;1m        24[0m
18:30:32   [34;1m   1016976[0m[34;1m   1810560[0m[34;1m    726692[0m[34;1m     19.11[0m[34;1m     95276[0m[34;1m   1852760[0m[34;1m   3894060[0m[31;1m    102.39[0m[34;1m   1191608[0m[34;1m   1407204[0m[34;1m        24[0m
18:30:33   [34;1m   1016976[0m[34;1m   1810576[0m[34;1m    726676[0m[34;1m     19.11[0m[34;1m     95280[0m[34;1m   1852772[0m[34;1m   3894060[0m[31;1m    102.39[0m[34;1m   1191612[0m[34;1m   1406544[0m[34;1m        40[0m
18:30:34   [34;1m   1016976[0m[34;1m   1810576[0m[34;1m    726672[0m[34;1m     19.11[0m[34;1m     95280[0m[34;1m   1852772[0m[34;1m   3894060[0m[31;1m    102.39[0m[34;1m   1191612[0m[34;1m   1406552[0m[34;1m        40[0m
18:30:35   [34;1m   1016976[0m[34;1m   1810580[0m[34;1m    726664[0m[34;1m     19.11[0m[34;1m     95284[0m[34;1m   1852776[0m[34;1m   3894060[0m[31;1m    102.39[0m[34;1m   1191612[0m[34;1m   1406556[0m[34;1m        44[0m
18:30:36   [34;1m   1016976[0m[34;1m   1810584[0m[34;1m    726664[0m[34;1m     19.11[0m[34;1m     95284[0m[34;1m   1852776[0m[34;1m   3894060[0m[31;1m    102.39[0m[34;1m   1191616[0m[34;1m   1406364[0m[34;1m        44[0m
18:30:37   [34;1m   1016976[0m[34;1m   1810588[0m[34;1m    726656[0m[34;1m     19.11[0m[34;1m     95288[0m[34;1m   1852780[0m[34;1m   3894060[0m[31;1m    102.39[0m[34;1m   1191616[0m[34;1m   1406340[0m[34;1m        44[0m
18:30:38   [34;1m   1016976[0m[34;1m   1810592[0m[34;1m    726656[0m[34;1m     19.11[0m[34;1m     95288[0m[34;1m   1852780[0m[34;1m   3894060[0m[31;1m    102.39[0m[34;1m   1191620[0m[34;1m   1406364[0m[34;1m        44[0m
18:30:39   [34;1m   1016976[0m[34;1m   1810596[0m[34;1m    726652[0m[34;1m     19.11[0m[34;1m     95288[0m[34;1m   1852784[0m[34;1m   3894060[0m[31;1m    102.39[0m[34;1m   1191632[0m[34;1m   1406432[0m[34;1m        44[0m
18:30:40   [34;1m   1016976[0m[34;1m   1810596[0m[34;1m    726656[0m[34;1m     19.11[0m[34;1m     95288[0m[34;1m   1852784[0m[34;1m   3894060[0m[31;1m    102.39[0m[34;1m   1191620[0m[34;1m   1406416[0m[34;1m        44[0m
18:30:41   [34;1m   1016976[0m[34;1m   1810596[0m[34;1m    726660[0m[34;1m     19.11[0m[34;1m     95288[0m[34;1m   1852784[0m[34;1m   3894060[0m[31;1m    102.39[0m[34;1m   1191620[0m[34;1m   1406584[0m[34;1m        44[0m
18:30:42   [34;1m   1016976[0m[34;1m   1810596[0m[34;1m    726660[0m[34;1m     19.11[0m[34;1m     95288[0m[34;1m   1852784[0m[34;1m   3894060[0m[31;1m    102.39[0m[34;1m   1191620[0m[34;1m   1406616[0m[34;1m        44[0m
18:30:43   [34;1m   1016976[0m[34;1m   1810596[0m[34;1m    726660[0m[34;1m     19.11[0m[34;1m     95288[0m[34;1m   1852784[0m[34;1m   3894060[0m[31;1m    102.39[0m[34;1m   1191620[0m[34;1m   1406708[0m[34;1m        44[0m
18:30:44   [34;1m   1016976[0m[34;1m   1810596[0m[34;1m    726656[0m[34;1m     19.11[0m[34;1m     95292[0m[34;1m   1852780[0m[34;1m   3894060[0m[31;1m    102.39[0m[34;1m   1191620[0m[34;1m   1406808[0m[34;1m        44[0m
18:30:45   [34;1m   1016976[0m[34;1m   1810608[0m[34;1m    726644[0m[34;1m     19.11[0m[34;1m     95296[0m[34;1m   1852788[0m[34;1m   3894060[0m[31;1m    102.39[0m[34;1m   1191628[0m[34;1m   1406464[0m[34;1m        12[0m
18:30:46   [34;1m   1016976[0m[34;1m   1810608[0m[34;1m    726644[0m[34;1m     19.11[0m[34;1m     95296[0m[34;1m   1852788[0m[34;1m   3894060[0m[31;1m    102.39[0m[34;1m   1191628[0m[34;1m   1406464[0m[34;1m        12[0m
18:30:47   [34;1m   1016976[0m[34;1m   1810612[0m[34;1m    726640[0m[34;1m     19.11[0m[34;1m     95296[0m[34;1m   1852792[0m[34;1m   3894060[0m[31;1m    102.39[0m[34;1m   1191628[0m[34;1m   1406472[0m[34;1m        16[0m
18:30:48   [34;1m   1016976[0m[34;1m   1810624[0m[34;1m    726636[0m[34;1m     19.11[0m[34;1m     95300[0m[34;1m   1852800[0m[34;1m   3894060[0m[31;1m    102.39[0m[34;1m   1191632[0m[34;1m   1406536[0m[34;1m        32[0m
18:30:49   [34;1m   1016976[0m[34;1m   1810624[0m[34;1m    726636[0m[34;1m     19.11[0m[34;1m     95300[0m[34;1m   1852800[0m[34;1m   3894060[0m[31;1m    102.39[0m[34;1m   1191632[0m[34;1m   1406452[0m[34;1m        32[0m
18:30:50   [34;1m   1016976[0m[34;1m   1810628[0m[34;1m    726628[0m[34;1m     19.11[0m[34;1m     95304[0m[34;1m   1852804[0m[34;1m   3894060[0m[31;1m    102.39[0m[34;1m   1191632[0m[34;1m   1406484[0m[34;1m        32[0m
18:30:51   [34;1m   1016976[0m[34;1m   1810632[0m[34;1m    726628[0m[34;1m     19.11[0m[34;1m     95304[0m[34;1m   1852804[0m[34;1m   3894060[0m[31;1m    102.39[0m[34;1m   1191636[0m[34;1m   1406776[0m[34;1m        24[0m
18:30:52   [34;1m   1016976[0m[34;1m   1810632[0m[34;1m    726628[0m[34;1m     19.11[0m[34;1m     95304[0m[34;1m   1852804[0m[34;1m   3894060[0m[31;1m    102.39[0m[34;1m   1191636[0m[34;1m   1406780[0m[34;1m        24[0m
18:30:53   [34;1m   1016976[0m[34;1m   1810632[0m[34;1m    726628[0m[34;1m     19.11[0m[34;1m     95304[0m[34;1m   1852804[0m[34;1m   3894060[0m[31;1m    102.39[0m[34;1m   1191636[0m[34;1m   1406824[0m[34;1m        24[0m
18:30:54   [34;1m   1016976[0m[34;1m   1810632[0m[34;1m    726628[0m[34;1m     19.11[0m[34;1m     95304[0m[34;1m   1852804[0m[34;1m   3934956[0m[31;1m    103.46[0m[34;1m   1191636[0m[34;1m   1407524[0m[34;1m        24[0m
18:30:55   [34;1m   1016976[0m[34;1m   1810644[0m[34;1m    726616[0m[34;1m     19.11[0m[34;1m     95312[0m[34;1m   1852808[0m[34;1m   3894060[0m[31;1m    102.39[0m[34;1m   1191644[0m[34;1m   1406840[0m[34;1m        36[0m
18:30:56   [34;1m   1016976[0m[34;1m   1810644[0m[34;1m    726616[0m[34;1m     19.11[0m[34;1m     95312[0m[34;1m   1852808[0m[34;1m   3894060[0m[31;1m    102.39[0m[34;1m   1191644[0m[34;1m   1406840[0m[34;1m        36[0m
18:30:57   [34;1m   1016976[0m[34;1m   1810644[0m[34;1m    726616[0m[34;1m     19.11[0m[34;1m     95312[0m[34;1m   1852808[0m[34;1m   3894060[0m[31;1m    102.39[0m[34;1m   1191644[0m[34;1m   1406840[0m[34;1m        36[0m
18:30:58   [34;1m   1016976[0m[34;1m   1810644[0m[34;1m    726616[0m[34;1m     19.11[0m[34;1m     95312[0m[34;1m   1852808[0m[34;1m   3894060[0m[31;1m    102.39[0m[34;1m   1191644[0m[34;1m   1406840[0m[34;1m        36[0m
18:30:59   [34;1m   1016976[0m[34;1m   1810648[0m[34;1m    726604[0m[34;1m     19.11[0m[34;1m     95320[0m[34;1m   1852812[0m[34;1m   3894060[0m[31;1m    102.39[0m[34;1m   1191644[0m[34;1m   1406860[0m[34;1m        36[0m
18:31:00   [34;1m   1016976[0m[34;1m   1810656[0m[34;1m    726608[0m[34;1m     19.11[0m[34;1m     95320[0m[34;1m   1852812[0m[34;1m   3894060[0m[31;1m    102.39[0m[34;1m   1191652[0m[34;1m   1406864[0m[34;1m        36[0m
18:31:01   [34;1m   1016976[0m[34;1m   1810656[0m[34;1m    726608[0m[34;1m     19.11[0m[34;1m     95320[0m[34;1m   1852812[0m[34;1m   3894060[0m[31;1m    102.39[0m[34;1m   1191652[0m[34;1m   1407248[0m[34;1m        28[0m
18:31:02   [34;1m   1016976[0m[34;1m   1810656[0m[34;1m    726608[0m[34;1m     19.11[0m[34;1m     95320[0m[34;1m   1852812[0m[34;1m   3894060[0m[31;1m    102.39[0m[34;1m   1191652[0m[34;1m   1407028[0m[34;1m        28[0m
18:31:03   [34;1m   1016976[0m[34;1m   1810672[0m[34;1m    726592[0m[34;1m     19.10[0m[34;1m     95328[0m[34;1m   1852820[0m[34;1m   3894060[0m[31;1m    102.39[0m[34;1m   1191660[0m[34;1m   1406856[0m[34;1m        40[0m
18:31:04   [34;1m   1016976[0m[34;1m   1810672[0m[34;1m    726588[0m[34;1m     19.10[0m[34;1m     95328[0m[34;1m   1852820[0m[34;1m   3894060[0m[31;1m    102.39[0m[34;1m   1191660[0m[34;1m   1406856[0m[34;1m        40[0m
18:31:05   [34;1m   1016976[0m[34;1m   1810680[0m[34;1m    726580[0m[34;1m     19.10[0m[34;1m     95332[0m[34;1m   1852824[0m[34;1m   3894060[0m[31;1m    102.39[0m[34;1m   1191664[0m[34;1m   1406868[0m[34;1m        40[0m
18:31:06   [34;1m   1016976[0m[34;1m   1810680[0m[34;1m    726580[0m[34;1m     19.10[0m[34;1m     95332[0m[34;1m   1852824[0m[34;1m   3894060[0m[31;1m    102.39[0m[34;1m   1191664[0m[34;1m   1406680[0m[34;1m        40[0m
18:31:07   [34;1m   1016976[0m[34;1m   1810680[0m[34;1m    726576[0m[34;1m     19.10[0m[34;1m     95332[0m[34;1m   1852824[0m[34;1m   3894060[0m[31;1m    102.39[0m[34;1m   1191664[0m[34;1m   1406608[0m[34;1m        40[0m
18:31:08   [34;1m   1016976[0m[34;1m   1810680[0m[34;1m    726576[0m[34;1m     19.10[0m[34;1m     95332[0m[34;1m   1852824[0m[34;1m   3894060[0m[31;1m    102.39[0m[34;1m   1191664[0m[34;1m   1406608[0m[34;1m        40[0m
18:31:09   [34;1m   1016976[0m[34;1m   1810688[0m[34;1m    726564[0m[34;1m     19.10[0m[34;1m     95336[0m[34;1m   1852832[0m[34;1m   3894060[0m[31;1m    102.39[0m[34;1m   1191664[0m[34;1m   1406624[0m[34;1m        44[0m
18:31:10   [34;1m   1016976[0m[34;1m   1810692[0m[34;1m    726560[0m[34;1m     19.10[0m[34;1m     95336[0m[34;1m   1852832[0m[34;1m   3894060[0m[31;1m    102.39[0m[34;1m   1191668[0m[34;1m   1406644[0m[34;1m        44[0m
18:31:11   [34;1m   1016976[0m[34;1m   1810692[0m[34;1m    726576[0m[34;1m     19.10[0m[34;1m     95336[0m[34;1m   1852832[0m[34;1m   3894060[0m[31;1m    102.39[0m[34;1m   1191668[0m[34;1m   1406824[0m[34;1m        44[0m
18:31:12   [34;1m   1016976[0m[34;1m   1810692[0m[34;1m    726576[0m[34;1m     19.10[0m[34;1m     95336[0m[34;1m   1852832[0m[34;1m   3894060[0m[31;1m    102.39[0m[34;1m   1191668[0m[34;1m   1406868[0m[34;1m        44[0m
18:31:13   [34;1m   1016976[0m[34;1m   1810696[0m[34;1m    726568[0m[34;1m     19.10[0m[34;1m     95340[0m[34;1m   1852836[0m[34;1m   3894060[0m[31;1m    102.39[0m[34;1m   1191668[0m[34;1m   1406908[0m[34;1m        44[0m
18:31:14   [34;1m   1016976[0m[34;1m   1810696[0m[34;1m    726568[0m[34;1m     19.10[0m[34;1m     95340[0m[34;1m   1852836[0m[34;1m   3894060[0m[31;1m    102.39[0m[34;1m   1191668[0m[34;1m   1406908[0m[34;1m        44[0m
18:31:15   [34;1m   1016976[0m[34;1m   1810700[0m[34;1m    726568[0m[34;1m     19.10[0m[34;1m     95340[0m[34;1m   1852836[0m[34;1m   3894060[0m[31;1m    102.39[0m[34;1m   1191672[0m[34;1m   1406916[0m[34;1m        44[0m
18:31:16   [34;1m   1016976[0m[34;1m   1810700[0m[34;1m    726568[0m[34;1m     19.10[0m[34;1m     95340[0m[34;1m   1852836[0m[34;1m   3894060[0m[31;1m    102.39[0m[34;1m   1191672[0m[34;1m   1406916[0m[34;1m        44[0m
18:31:17   [34;1m   1016976[0m[34;1m   1810700[0m[34;1m    726568[0m[34;1m     19.10[0m[34;1m     95340[0m[34;1m   1852836[0m[34;1m   3894060[0m[31;1m    102.39[0m[34;1m   1191672[0m[34;1m   1406960[0m[34;1m        44[0m
18:31:18   [34;1m   1016976[0m[34;1m   1810716[0m[34;1m    726552[0m[34;1m     19.10[0m[34;1m     95344[0m[34;1m   1852848[0m[34;1m   3894060[0m[31;1m    102.39[0m[34;1m   1191676[0m[34;1m   1407072[0m[34;1m        48[0m
18:31:19   [34;1m   1016976[0m[34;1m   1810724[0m[34;1m    726544[0m[34;1m     19.10[0m[34;1m     95348[0m[34;1m   1852852[0m[34;1m   3895532[0m[31;1m    102.43[0m[34;1m   1191680[0m[34;1m   1408516[0m[34;1m        32[0m
18:31:20   [34;1m   1016472[0m[34;1m   1810220[0m[34;1m    727048[0m[34;1m     19.12[0m[34;1m     95348[0m[34;1m   1852852[0m[34;1m   3895532[0m[31;1m    102.43[0m[34;1m   1191680[0m[34;1m   1408648[0m[34;1m        32[0m
18:31:21   [34;1m   1016220[0m[34;1m   1809968[0m[34;1m    727284[0m[34;1m     19.12[0m[34;1m     95348[0m[34;1m   1852852[0m[34;1m   3895532[0m[31;1m    102.43[0m[34;1m   1191680[0m[34;1m   1409008[0m[34;1m        32[0m
18:31:22   [34;1m   1016220[0m[34;1m   1809968[0m[34;1m    727284[0m[34;1m     19.12[0m[34;1m     95348[0m[34;1m   1852852[0m[34;1m   3895532[0m[31;1m    102.43[0m[34;1m   1191680[0m[34;1m   1409028[0m[34;1m        32[0m
18:31:23   [34;1m   1015980[0m[34;1m   1809732[0m[34;1m    727520[0m[34;1m     19.13[0m[34;1m     95348[0m[34;1m   1852856[0m[34;1m   3895532[0m[31;1m    102.43[0m[34;1m   1191680[0m[34;1m   1409044[0m[34;1m        32[0m
18:31:24   [34;1m   1015980[0m[34;1m   1809732[0m[34;1m    727520[0m[34;1m     19.13[0m[34;1m     95348[0m[34;1m   1852856[0m[34;1m   3895532[0m[31;1m    102.43[0m[34;1m   1191680[0m[34;1m   1406692[0m[34;1m        32[0m
18:31:25   [34;1m   1015224[0m[34;1m   1808976[0m[34;1m    728276[0m[34;1m     19.15[0m[34;1m     95348[0m[34;1m   1852856[0m[34;1m   3895532[0m[31;1m    102.43[0m[34;1m   1191680[0m[34;1m   1406692[0m[34;1m        32[0m
18:31:26   [34;1m   1015224[0m[34;1m   1808976[0m[34;1m    728276[0m[34;1m     19.15[0m[34;1m     95348[0m[34;1m   1852856[0m[34;1m   3895532[0m[31;1m    102.43[0m[34;1m   1191680[0m[34;1m   1406692[0m[34;1m        32[0m
18:31:27   [34;1m   1015224[0m[34;1m   1808976[0m[34;1m    728276[0m[34;1m     19.15[0m[34;1m     95348[0m[34;1m   1852856[0m[34;1m   3895532[0m[31;1m    102.43[0m[34;1m   1191680[0m[34;1m   1406696[0m[34;1m        32[0m
18:31:28   [34;1m   1015224[0m[34;1m   1808976[0m[34;1m    728276[0m[34;1m     19.15[0m[34;1m     95352[0m[34;1m   1852852[0m[34;1m   3895532[0m[31;1m    102.43[0m[34;1m   1191680[0m[34;1m   1406696[0m[34;1m        32[0m
18:31:29   [34;1m   1015224[0m[34;1m   1808992[0m[34;1m    728260[0m[34;1m     19.15[0m[34;1m     95356[0m[34;1m   1852864[0m[34;1m   3895532[0m[31;1m    102.43[0m[34;1m   1191688[0m[34;1m   1406704[0m[34;1m        36[0m
18:31:30   [34;1m   1014468[0m[34;1m   1808236[0m[34;1m    729016[0m[34;1m     19.17[0m[34;1m     95356[0m[34;1m   1852864[0m[34;1m   3895532[0m[31;1m    102.43[0m[34;1m   1191688[0m[34;1m   1406704[0m[34;1m        36[0m
18:31:31   [34;1m   1014216[0m[34;1m   1807984[0m[34;1m    729268[0m[34;1m     19.18[0m[34;1m     95356[0m[34;1m   1852864[0m[34;1m   3895532[0m[31;1m    102.43[0m[34;1m   1191688[0m[34;1m   1406928[0m[34;1m        36[0m
18:31:32   [34;1m   1014216[0m[34;1m   1807984[0m[34;1m    729268[0m[34;1m     19.18[0m[34;1m     95356[0m[34;1m   1852864[0m[34;1m   3895532[0m[31;1m    102.43[0m[34;1m   1191688[0m[34;1m   1406840[0m[34;1m        36[0m
18:31:33   [34;1m   1014216[0m[34;1m   1808016[0m[34;1m    729236[0m[34;1m     19.17[0m[34;1m     95376[0m[34;1m   1852876[0m[34;1m   3895532[0m[31;1m    102.43[0m[34;1m   1191708[0m[34;1m   1406652[0m[34;1m        36[0m
18:31:34   [34;1m   1014216[0m[34;1m   1808016[0m[34;1m    729232[0m[34;1m     19.17[0m[34;1m     95376[0m[34;1m   1852876[0m[34;1m   3895532[0m[31;1m    102.43[0m[34;1m   1191708[0m[34;1m   1406728[0m[34;1m        16[0m
18:31:35   [34;1m   1014216[0m[34;1m   1808016[0m[34;1m    729232[0m[34;1m     19.17[0m[34;1m     95376[0m[34;1m   1852876[0m[34;1m   3895532[0m[31;1m    102.43[0m[34;1m   1191708[0m[34;1m   1406796[0m[34;1m        20[0m
18:31:36   [34;1m   1014216[0m[34;1m   1808016[0m[34;1m    729232[0m[34;1m     19.17[0m[34;1m     95376[0m[34;1m   1852876[0m[34;1m   3895532[0m[31;1m    102.43[0m[34;1m   1191708[0m[34;1m   1406836[0m[34;1m        20[0m
18:31:37   [34;1m   1014216[0m[34;1m   1808016[0m[34;1m    729232[0m[34;1m     19.17[0m[34;1m     95376[0m[34;1m   1852876[0m[34;1m   3895532[0m[31;1m    102.43[0m[34;1m   1191708[0m[34;1m   1406900[0m[34;1m        20[0m
18:31:38   [34;1m   1014216[0m[34;1m   1808016[0m[34;1m    729232[0m[34;1m     19.17[0m[34;1m     95376[0m[34;1m   1852876[0m[34;1m   3895532[0m[31;1m    102.43[0m[34;1m   1191708[0m[34;1m   1406900[0m[34;1m        20[0m
18:31:39   [34;1m   1014216[0m[34;1m   1808024[0m[34;1m    729224[0m[34;1m     19.17[0m[34;1m     95380[0m[34;1m   1852880[0m[34;1m   3895532[0m[31;1m    102.43[0m[34;1m   1191712[0m[34;1m   1405576[0m[34;1m        36[0m
18:31:40   [34;1m   1014216[0m[34;1m   1808024[0m[34;1m    729224[0m[34;1m     19.17[0m[34;1m     95380[0m[34;1m   1852880[0m[34;1m   3895532[0m[31;1m    102.43[0m[34;1m   1191712[0m[34;1m   1405576[0m[34;1m        36[0m
18:31:41   [34;1m   1014216[0m[34;1m   1808024[0m[34;1m    729224[0m[34;1m     19.17[0m[34;1m     95380[0m[34;1m   1852880[0m[34;1m   3895532[0m[31;1m    102.43[0m[34;1m   1191712[0m[34;1m   1405752[0m[34;1m        36[0m
18:31:42   [34;1m   1014216[0m[34;1m   1808024[0m[34;1m    729224[0m[34;1m     19.17[0m[34;1m     95380[0m[34;1m   1852880[0m[34;1m   3895532[0m[31;1m    102.43[0m[34;1m   1191712[0m[34;1m   1405812[0m[34;1m        36[0m
18:31:43   [34;1m   1014216[0m[34;1m   1808028[0m[34;1m    729220[0m[34;1m     19.17[0m[34;1m     95380[0m[34;1m   1852884[0m[34;1m   3895532[0m[31;1m    102.43[0m[34;1m   1191712[0m[34;1m   1405876[0m[34;1m        36[0m
18:31:44   [34;1m   1014216[0m[34;1m   1808028[0m[34;1m    729220[0m[34;1m     19.17[0m[34;1m     95380[0m[34;1m   1852884[0m[34;1m   3895532[0m[31;1m    102.43[0m[34;1m   1191712[0m[34;1m   1405876[0m[34;1m        36[0m
18:31:45   [34;1m   1014216[0m[34;1m   1808028[0m[34;1m    729220[0m[34;1m     19.17[0m[34;1m     95380[0m[34;1m   1852884[0m[34;1m   3895532[0m[31;1m    102.43[0m[34;1m   1191712[0m[34;1m   1405916[0m[34;1m        36[0m
18:31:46   [34;1m   1014216[0m[34;1m   1808028[0m[34;1m    729220[0m[34;1m     19.17[0m[34;1m     95380[0m[34;1m   1852884[0m[34;1m   3895532[0m[31;1m    102.43[0m[34;1m   1191712[0m[34;1m   1405916[0m[34;1m        36[0m
18:31:47   [34;1m   1014216[0m[34;1m   1808036[0m[34;1m    729212[0m[34;1m     19.17[0m[34;1m     95384[0m[34;1m   1852888[0m[34;1m   3895532[0m[31;1m    102.43[0m[34;1m   1191716[0m[34;1m   1405984[0m[34;1m        40[0m
18:31:48   [34;1m   1014216[0m[34;1m   1808044[0m[34;1m    729204[0m[34;1m     19.17[0m[34;1m     95384[0m[34;1m   1852896[0m[34;1m   3895532[0m[31;1m    102.43[0m[34;1m   1191716[0m[34;1m   1405964[0m[34;1m        48[0m
18:31:49   [34;1m   1014216[0m[34;1m   1808048[0m[34;1m    729196[0m[34;1m     19.17[0m[34;1m     95388[0m[34;1m   1852900[0m[34;1m   3895532[0m[31;1m    102.43[0m[34;1m   1191716[0m[34;1m   1405716[0m[34;1m        48[0m
18:31:50   [34;1m   1014216[0m[34;1m   1808052[0m[34;1m    729200[0m[34;1m     19.17[0m[34;1m     95388[0m[34;1m   1852900[0m[34;1m   3895532[0m[31;1m    102.43[0m[34;1m   1191720[0m[34;1m   1405716[0m[34;1m        12[0m
18:31:51   [34;1m   1014216[0m[34;1m   1808056[0m[34;1m    729196[0m[34;1m     19.17[0m[34;1m     95388[0m[34;1m   1852904[0m[34;1m   3895532[0m[31;1m    102.43[0m[34;1m   1191720[0m[34;1m   1406044[0m[34;1m        16[0m
18:31:52   [34;1m   1014216[0m[34;1m   1808068[0m[34;1m    729184[0m[34;1m     19.17[0m[34;1m     95396[0m[34;1m   1852908[0m[34;1m   3895532[0m[31;1m    102.43[0m[34;1m   1191724[0m[34;1m   1406160[0m[34;1m        28[0m
18:31:53   [34;1m   1014216[0m[34;1m   1808068[0m[34;1m    729184[0m[34;1m     19.17[0m[34;1m     95396[0m[34;1m   1852908[0m[34;1m   3895532[0m[31;1m    102.43[0m[34;1m   1191728[0m[34;1m   1406172[0m[34;1m        28[0m
18:31:54   [34;1m   1014216[0m[34;1m   1808068[0m[34;1m    729180[0m[34;1m     19.17[0m[34;1m     95396[0m[34;1m   1852908[0m[34;1m   3895532[0m[31;1m    102.43[0m[34;1m   1191728[0m[34;1m   1406172[0m[34;1m        28[0m
18:31:55   [34;1m   1013964[0m[34;1m   1807816[0m[34;1m    729432[0m[34;1m     19.18[0m[34;1m     95396[0m[34;1m   1852908[0m[34;1m   3895532[0m[31;1m    102.43[0m[34;1m   1191728[0m[34;1m   1405904[0m[34;1m        28[0m
18:31:56   [34;1m   1013964[0m[34;1m   1807816[0m[34;1m    729432[0m[34;1m     19.18[0m[34;1m     95396[0m[34;1m   1852908[0m[34;1m   3895532[0m[31;1m    102.43[0m[34;1m   1191728[0m[34;1m   1405692[0m[34;1m        28[0m
18:31:57   [34;1m   1013964[0m[34;1m   1807824[0m[34;1m    729420[0m[34;1m     19.18[0m[34;1m     95404[0m[34;1m   1852912[0m[34;1m   3895532[0m[31;1m    102.43[0m[34;1m   1191732[0m[34;1m   1405696[0m[34;1m        28[0m
18:31:58   [34;1m   1013964[0m[34;1m   1807828[0m[34;1m    729420[0m[34;1m     19.18[0m[34;1m     95404[0m[34;1m   1852912[0m[34;1m   3895532[0m[31;1m    102.43[0m[34;1m   1191736[0m[34;1m   1405696[0m[34;1m        28[0m
18:31:59   [34;1m   1013964[0m[34;1m   1807828[0m[34;1m    729420[0m[34;1m     19.18[0m[34;1m     95404[0m[34;1m   1852912[0m[34;1m   3895532[0m[31;1m    102.43[0m[34;1m   1191736[0m[34;1m   1405704[0m[34;1m        28[0m
18:32:00   [34;1m   1013964[0m[34;1m   1807828[0m[34;1m    729420[0m[34;1m     19.18[0m[34;1m     95404[0m[34;1m   1852912[0m[34;1m   3895532[0m[31;1m    102.43[0m[34;1m   1191736[0m[34;1m   1405712[0m[34;1m        28[0m
18:32:01   [34;1m   1013964[0m[34;1m   1807832[0m[34;1m    729408[0m[34;1m     19.18[0m[34;1m     95412[0m[34;1m   1852916[0m[34;1m   3895532[0m[31;1m    102.43[0m[34;1m   1191736[0m[34;1m   1405720[0m[34;1m        28[0m
18:32:02   [34;1m   1013964[0m[34;1m   1807840[0m[34;1m    729416[0m[34;1m     19.18[0m[34;1m     95412[0m[34;1m   1852916[0m[34;1m   3895532[0m[31;1m    102.43[0m[34;1m   1191744[0m[34;1m   1405892[0m[34;1m        28[0m
18:32:03   [34;1m   1013964[0m[34;1m   1807852[0m[34;1m    729400[0m[34;1m     19.18[0m[34;1m     95420[0m[34;1m   1852924[0m[34;1m   3895532[0m[31;1m    102.43[0m[34;1m   1191748[0m[34;1m   1405736[0m[34;1m        32[0m
18:32:04   [34;1m   1013964[0m[34;1m   1807852[0m[34;1m    729400[0m[34;1m     19.18[0m[34;1m     95420[0m[34;1m   1852924[0m[34;1m   3895532[0m[31;1m    102.43[0m[34;1m   1191748[0m[34;1m   1405736[0m[34;1m        32[0m
18:32:05   [34;1m   1013964[0m[34;1m   1807856[0m[34;1m    729400[0m[34;1m     19.18[0m[34;1m     95420[0m[34;1m   1852924[0m[34;1m   3895532[0m[31;1m    102.43[0m[34;1m   1191752[0m[34;1m   1405736[0m[34;1m        32[0m
18:32:06   [34;1m   1013964[0m[34;1m   1807856[0m[34;1m    729400[0m[34;1m     19.18[0m[34;1m     95420[0m[34;1m   1852924[0m[34;1m   3895532[0m[31;1m    102.43[0m[34;1m   1191752[0m[34;1m   1405620[0m[34;1m        24[0m
18:32:07   [34;1m   1013964[0m[34;1m   1807860[0m[34;1m    729392[0m[34;1m     19.18[0m[34;1m     95424[0m[34;1m   1852928[0m[34;1m   3895532[0m[31;1m    102.43[0m[34;1m   1191752[0m[34;1m   1405248[0m[34;1m        40[0m
18:32:08   [34;1m   1013964[0m[34;1m   1807860[0m[34;1m    729392[0m[34;1m     19.18[0m[34;1m     95424[0m[34;1m   1852928[0m[34;1m   3895532[0m[31;1m    102.43[0m[34;1m   1191752[0m[34;1m   1405248[0m[34;1m        40[0m
18:32:09   [34;1m   1013964[0m[34;1m   1807864[0m[34;1m    729392[0m[34;1m     19.18[0m[34;1m     95424[0m[34;1m   1852928[0m[34;1m   3895532[0m[31;1m    102.43[0m[34;1m   1191756[0m[34;1m   1405256[0m[34;1m        40[0m
18:32:10   [34;1m   1013460[0m[34;1m   1807360[0m[34;1m    729896[0m[34;1m     19.19[0m[34;1m     95424[0m[34;1m   1852928[0m[34;1m   3895532[0m[31;1m    102.43[0m[34;1m   1191756[0m[34;1m   1405260[0m[34;1m        40[0m
18:32:11   [34;1m   1013460[0m[34;1m   1807360[0m[34;1m    729896[0m[34;1m     19.19[0m[34;1m     95428[0m[34;1m   1852924[0m[34;1m   3895532[0m[31;1m    102.43[0m[34;1m   1191756[0m[34;1m   1405260[0m[34;1m        40[0m
18:32:12   [34;1m   1013460[0m[34;1m   1807368[0m[34;1m    729888[0m[34;1m     19.19[0m[34;1m     95428[0m[34;1m   1852932[0m[34;1m   3895532[0m[31;1m    102.43[0m[34;1m   1191760[0m[34;1m   1405460[0m[34;1m        40[0m
18:32:13   [34;1m   1013460[0m[34;1m   1807368[0m[34;1m    729884[0m[34;1m     19.19[0m[34;1m     95428[0m[34;1m   1852936[0m[34;1m   3895532[0m[31;1m    102.43[0m[34;1m   1191760[0m[34;1m   1405476[0m[34;1m        44[0m
18:32:14   [34;1m   1013460[0m[34;1m   1807368[0m[34;1m    729884[0m[34;1m     19.19[0m[34;1m     95428[0m[34;1m   1852936[0m[34;1m   3895532[0m[31;1m    102.43[0m[34;1m   1191760[0m[34;1m   1405476[0m[34;1m        44[0m
18:32:15   [34;1m   1013208[0m[34;1m   1807120[0m[34;1m    730136[0m[34;1m     19.20[0m[34;1m     95428[0m[34;1m   1852936[0m[34;1m   3895532[0m[31;1m    102.43[0m[34;1m   1191760[0m[34;1m   1405496[0m[34;1m        44[0m
18:32:16   [34;1m   1013208[0m[34;1m   1807120[0m[34;1m    730136[0m[34;1m     19.20[0m[34;1m     95428[0m[34;1m   1852936[0m[34;1m   3895532[0m[31;1m    102.43[0m[34;1m   1191760[0m[34;1m   1405504[0m[34;1m        44[0m
18:32:17   [34;1m   1013208[0m[34;1m   1807124[0m[34;1m    730120[0m[34;1m     19.20[0m[34;1m     95440[0m[34;1m   1852940[0m[34;1m   3895532[0m[31;1m    102.43[0m[34;1m   1191760[0m[34;1m   1405508[0m[34;1m        44[0m
18:32:18   [34;1m   1013208[0m[34;1m   1807152[0m[34;1m    730104[0m[34;1m     19.20[0m[34;1m     95444[0m[34;1m   1852952[0m[34;1m   3895532[0m[31;1m    102.43[0m[34;1m   1191776[0m[34;1m   1405552[0m[34;1m        48[0m
18:32:19   [34;1m   1013208[0m[34;1m   1807152[0m[34;1m    730104[0m[34;1m     19.20[0m[34;1m     95444[0m[34;1m   1852952[0m[34;1m   3895532[0m[31;1m    102.43[0m[34;1m   1191776[0m[34;1m   1405288[0m[34;1m        48[0m
18:32:20   [34;1m   1013208[0m[34;1m   1807152[0m[34;1m    730104[0m[34;1m     19.20[0m[34;1m     95444[0m[34;1m   1852952[0m[34;1m   3895532[0m[31;1m    102.43[0m[34;1m   1191776[0m[34;1m   1405288[0m[34;1m        48[0m
18:32:21   [34;1m   1013208[0m[34;1m   1807152[0m[34;1m    730104[0m[34;1m     19.20[0m[34;1m     95444[0m[34;1m   1852952[0m[34;1m   3895532[0m[31;1m    102.43[0m[34;1m   1191776[0m[34;1m   1405288[0m[34;1m        36[0m
18:32:22   [34;1m   1012968[0m[34;1m   1806920[0m[34;1m    730336[0m[34;1m     19.20[0m[34;1m     95444[0m[34;1m   1852956[0m[34;1m   3895532[0m[31;1m    102.43[0m[34;1m   1191776[0m[34;1m   1405624[0m[34;1m        40[0m
18:32:23   [34;1m   1012968[0m[34;1m   1806920[0m[34;1m    730336[0m[34;1m     19.20[0m[34;1m     95444[0m[34;1m   1852956[0m[34;1m   3895532[0m[31;1m    102.43[0m[34;1m   1191776[0m[34;1m   1405664[0m[34;1m         8[0m
18:32:24   [34;1m   1012968[0m[34;1m   1806920[0m[34;1m    730332[0m[34;1m     19.20[0m[34;1m     95444[0m[34;1m   1852956[0m[34;1m   3895532[0m[31;1m    102.43[0m[34;1m   1191776[0m[34;1m   1405664[0m[34;1m         8[0m
18:32:25   [34;1m   1012716[0m[34;1m   1806668[0m[34;1m    730584[0m[34;1m     19.21[0m[34;1m     95444[0m[34;1m   1852956[0m[34;1m   3895532[0m[31;1m    102.43[0m[34;1m   1191776[0m[34;1m   1405664[0m[34;1m         8[0m
18:32:26   [34;1m   1012716[0m[34;1m   1806668[0m[34;1m    730584[0m[34;1m     19.21[0m[34;1m     95444[0m[34;1m   1852956[0m[34;1m   3895532[0m[31;1m    102.43[0m[34;1m   1191776[0m[34;1m   1405664[0m[34;1m         8[0m
18:32:27   [34;1m   1012716[0m[34;1m   1806672[0m[34;1m    730572[0m[34;1m     19.21[0m[34;1m     95452[0m[34;1m   1852960[0m[34;1m   3895532[0m[31;1m    102.43[0m[34;1m   1191776[0m[34;1m   1405668[0m[34;1m        20[0m
18:32:28   [34;1m   1012716[0m[34;1m   1806680[0m[34;1m    730572[0m[34;1m     19.21[0m[34;1m     95452[0m[34;1m   1852960[0m[34;1m   3895532[0m[31;1m    102.43[0m[34;1m   1191784[0m[34;1m   1405668[0m[34;1m        20[0m
18:32:29   [34;1m   1012716[0m[34;1m   1806680[0m[34;1m    730572[0m[34;1m     19.21[0m[34;1m     95452[0m[34;1m   1852960[0m[34;1m   3895532[0m[31;1m    102.43[0m[34;1m   1191784[0m[34;1m   1405668[0m[34;1m        20[0m
18:32:30   [34;1m   1012716[0m[34;1m   1806680[0m[34;1m    730572[0m[34;1m     19.21[0m[34;1m     95452[0m[34;1m   1852960[0m[34;1m   3895532[0m[31;1m    102.43[0m[34;1m   1191784[0m[34;1m   1405668[0m[34;1m        20[0m
18:32:31   [34;1m   1012716[0m[34;1m   1806680[0m[34;1m    730572[0m[34;1m     19.21[0m[34;1m     95460[0m[34;1m   1852952[0m[34;1m   3895532[0m[31;1m    102.43[0m[34;1m   1191784[0m[34;1m   1405636[0m[34;1m        20[0m
18:32:32   [34;1m   1012716[0m[34;1m   1806692[0m[34;1m    730556[0m[34;1m     19.21[0m[34;1m     95460[0m[34;1m   1852964[0m[34;1m   3895532[0m[31;1m    102.43[0m[34;1m   1191792[0m[34;1m   1405720[0m[34;1m        20[0m
18:32:33   [34;1m   1012716[0m[34;1m   1806696[0m[34;1m    730544[0m[34;1m     19.21[0m[34;1m     95468[0m[34;1m   1852968[0m[34;1m   3895532[0m[31;1m    102.43[0m[34;1m   1191792[0m[34;1m   1405600[0m[34;1m        28[0m
18:32:34   [34;1m   1011960[0m[34;1m   1805952[0m[34;1m    731292[0m[34;1m     19.23[0m[34;1m     95468[0m[34;1m   1852972[0m[34;1m   3895532[0m[31;1m    102.43[0m[34;1m   1191800[0m[34;1m   1405604[0m[34;1m        32[0m
18:32:35   [34;1m   1011960[0m[34;1m   1805952[0m[34;1m    731292[0m[34;1m     19.23[0m[34;1m     95472[0m[34;1m   1852968[0m[34;1m   3895532[0m[31;1m    102.43[0m[34;1m   1191800[0m[34;1m   1405604[0m[34;1m        32[0m
18:32:36   [34;1m   1011960[0m[34;1m   1805960[0m[34;1m    731284[0m[34;1m     19.23[0m[34;1m     95472[0m[34;1m   1852976[0m[34;1m   3895532[0m[31;1m    102.43[0m[34;1m   1191804[0m[34;1m   1405324[0m[34;1m        32[0m
18:32:37   [34;1m   1011960[0m[34;1m   1805960[0m[34;1m    731284[0m[34;1m     19.23[0m[34;1m     95472[0m[34;1m   1852976[0m[34;1m   3895532[0m[31;1m    102.43[0m[34;1m   1191804[0m[34;1m   1405308[0m[34;1m        32[0m
18:32:38   [34;1m   1011960[0m[34;1m   1805960[0m[34;1m    731284[0m[34;1m     19.23[0m[34;1m     95472[0m[34;1m   1852976[0m[34;1m   3895532[0m[31;1m    102.43[0m[34;1m   1191804[0m[34;1m   1405308[0m[34;1m        32[0m
18:32:39   [34;1m   1011960[0m[34;1m   1805960[0m[34;1m    731284[0m[34;1m     19.23[0m[34;1m     95472[0m[34;1m   1852976[0m[34;1m   3895532[0m[31;1m    102.43[0m[34;1m   1191804[0m[34;1m   1405308[0m[34;1m        32[0m
18:32:40   [34;1m   1011960[0m[34;1m   1805964[0m[34;1m    731272[0m[34;1m     19.23[0m[34;1m     95476[0m[34;1m   1852980[0m[34;1m   3895532[0m[31;1m    102.43[0m[34;1m   1191804[0m[34;1m   1405316[0m[34;1m        32[0m
18:32:41   [34;1m   1011960[0m[34;1m   1805964[0m[34;1m    731272[0m[34;1m     19.23[0m[34;1m     95476[0m[34;1m   1852980[0m[34;1m   3895532[0m[31;1m    102.43[0m[34;1m   1191804[0m[34;1m   1405316[0m[34;1m        32[0m
18:32:42   [34;1m   1011960[0m[34;1m   1805968[0m[34;1m    731276[0m[34;1m     19.23[0m[34;1m     95476[0m[34;1m   1852980[0m[34;1m   3895532[0m[31;1m    102.43[0m[34;1m   1191808[0m[34;1m   1405580[0m[34;1m        20[0m
18:32:43   [34;1m   1011960[0m[34;1m   1805968[0m[34;1m    731276[0m[34;1m     19.23[0m[34;1m     95476[0m[34;1m   1852980[0m[34;1m   3895532[0m[31;1m    102.43[0m[34;1m   1191808[0m[34;1m   1405580[0m[34;1m        20[0m
18:32:44   [34;1m   1011960[0m[34;1m   1805968[0m[34;1m    731276[0m[34;1m     19.23[0m[34;1m     95476[0m[34;1m   1852980[0m[34;1m   3895532[0m[31;1m    102.43[0m[34;1m   1191808[0m[34;1m   1405580[0m[34;1m        24[0m
18:32:45   [34;1m   1011960[0m[34;1m   1805968[0m[34;1m    731276[0m[34;1m     19.23[0m[34;1m     95492[0m[34;1m   1852964[0m[34;1m   3895532[0m[31;1m    102.43[0m[34;1m   1191808[0m[34;1m   1405580[0m[34;1m        24[0m
18:32:46   [34;1m   1011960[0m[34;1m   1805972[0m[34;1m    731256[0m[34;1m     19.23[0m[34;1m     95492[0m[34;1m   1852984[0m[34;1m   3895532[0m[31;1m    102.43[0m[34;1m   1191808[0m[34;1m   1405600[0m[34;1m        36[0m
18:32:47   [34;1m   1011960[0m[34;1m   1805972[0m[34;1m    731256[0m[34;1m     19.23[0m[34;1m     95492[0m[34;1m   1852984[0m[34;1m   3895532[0m[31;1m    102.43[0m[34;1m   1191808[0m[34;1m   1405600[0m[34;1m        36[0m
18:32:48   [34;1m   1011960[0m[34;1m   1805988[0m[34;1m    731256[0m[34;1m     19.23[0m[34;1m     95492[0m[34;1m   1852984[0m[34;1m   3895532[0m[31;1m    102.43[0m[34;1m   1191824[0m[34;1m   1405628[0m[34;1m        36[0m
18:32:49   [34;1m   1011960[0m[34;1m   1805988[0m[34;1m    731256[0m[34;1m     19.23[0m[34;1m     95492[0m[34;1m   1852984[0m[34;1m   3895532[0m[31;1m    102.43[0m[34;1m   1191824[0m[34;1m   1405416[0m[34;1m        36[0m
18:32:50   [34;1m   1011960[0m[34;1m   1806000[0m[34;1m    731244[0m[34;1m     19.23[0m[34;1m     95500[0m[34;1m   1852988[0m[34;1m   3895532[0m[31;1m    102.43[0m[34;1m   1191832[0m[34;1m   1405436[0m[34;1m        36[0m
18:32:51   [34;1m   1011960[0m[34;1m   1806000[0m[34;1m    731244[0m[34;1m     19.23[0m[34;1m     95500[0m[34;1m   1852988[0m[34;1m   3895532[0m[31;1m    102.43[0m[34;1m   1191832[0m[34;1m   1405436[0m[34;1m        36[0m
18:32:52   [34;1m   1011960[0m[34;1m   1806000[0m[34;1m    731244[0m[34;1m     19.23[0m[34;1m     95500[0m[34;1m   1852988[0m[34;1m   3895532[0m[31;1m    102.43[0m[34;1m   1191832[0m[34;1m   1405808[0m[34;1m        36[0m
18:32:53   [34;1m   1011960[0m[34;1m   1806000[0m[34;1m    731244[0m[34;1m     19.23[0m[34;1m     95500[0m[34;1m   1852988[0m[34;1m   3895532[0m[31;1m    102.43[0m[34;1m   1191832[0m[34;1m   1405808[0m[34;1m        36[0m
18:32:54   [34;1m   1011960[0m[34;1m   1805996[0m[34;1m    731252[0m[34;1m     19.23[0m[34;1m     95504[0m[34;1m   1852992[0m[34;1m   3895532[0m[31;1m    102.43[0m[34;1m   1191832[0m[34;1m   1405852[0m[34;1m        36[0m
18:32:55   [34;1m   1011960[0m[34;1m   1806000[0m[34;1m    731256[0m[34;1m     19.23[0m[34;1m     95504[0m[34;1m   1852992[0m[34;1m   3895532[0m[31;1m    102.43[0m[34;1m   1191836[0m[34;1m   1405872[0m[34;1m        36[0m
18:32:56   [34;1m   1011960[0m[34;1m   1806004[0m[34;1m    731252[0m[34;1m     19.23[0m[34;1m     95504[0m[34;1m   1852996[0m[34;1m   3895532[0m[31;1m    102.43[0m[34;1m   1191836[0m[34;1m   1405876[0m[34;1m        40[0m
18:32:57   [34;1m   1011960[0m[34;1m   1806004[0m[34;1m    731252[0m[34;1m     19.23[0m[34;1m     95504[0m[34;1m   1852996[0m[34;1m   3895532[0m[31;1m    102.43[0m[34;1m   1191836[0m[34;1m   1405916[0m[34;1m        40[0m
18:32:58   [34;1m   1011960[0m[34;1m   1806004[0m[34;1m    731252[0m[34;1m     19.23[0m[34;1m     95504[0m[34;1m   1852996[0m[34;1m   3895532[0m[31;1m    102.43[0m[34;1m   1191836[0m[34;1m   1405964[0m[34;1m        12[0m
18:32:59   [34;1m   1011960[0m[34;1m   1806004[0m[34;1m    731252[0m[34;1m     19.23[0m[34;1m     95504[0m[34;1m   1852996[0m[34;1m   3895532[0m[31;1m    102.43[0m[34;1m   1191836[0m[34;1m   1405964[0m[34;1m        12[0m
18:33:00   [34;1m   1011960[0m[34;1m   1806024[0m[34;1m    731232[0m[34;1m     19.23[0m[34;1m     95520[0m[34;1m   1853000[0m[34;1m   3895532[0m[31;1m    102.43[0m[34;1m   1191852[0m[34;1m   1406016[0m[34;1m        24[0m
18:33:01   [34;1m   1011960[0m[34;1m   1806024[0m[34;1m    731232[0m[34;1m     19.23[0m[34;1m     95520[0m[34;1m   1853000[0m[34;1m   3895532[0m[31;1m    102.43[0m[34;1m   1191852[0m[34;1m   1406016[0m[34;1m        24[0m
18:33:02   [34;1m   1011960[0m[34;1m   1806024[0m[34;1m    731232[0m[34;1m     19.23[0m[34;1m     95520[0m[34;1m   1853000[0m[34;1m   3895532[0m[31;1m    102.43[0m[34;1m   1191852[0m[34;1m   1406164[0m[34;1m        24[0m
18:33:03   [34;1m   1011960[0m[34;1m   1806024[0m[34;1m    731228[0m[34;1m     19.23[0m[34;1m     95520[0m[34;1m   1853004[0m[34;1m   3895532[0m[31;1m    102.43[0m[34;1m   1191852[0m[34;1m   1406012[0m[34;1m        28[0m
18:33:04   [34;1m   1011960[0m[34;1m   1806040[0m[34;1m    731216[0m[34;1m     19.23[0m[34;1m     95528[0m[34;1m   1853008[0m[34;1m   3895532[0m[31;1m    102.43[0m[34;1m   1191860[0m[34;1m   1405636[0m[34;1m        32[0m
18:33:05   [34;1m   1011960[0m[34;1m   1806040[0m[34;1m    731216[0m[34;1m     19.23[0m[34;1m     95528[0m[34;1m   1853008[0m[34;1m   3895532[0m[31;1m    102.43[0m[34;1m   1191860[0m[34;1m   1405636[0m[34;1m        32[0m
18:33:06   [34;1m   1011960[0m[34;1m   1806040[0m[34;1m    731216[0m[34;1m     19.23[0m[34;1m     95528[0m[34;1m   1853008[0m[34;1m   3895532[0m[31;1m    102.43[0m[34;1m   1191860[0m[34;1m   1405448[0m[34;1m        32[0m
18:33:07   [34;1m   1011708[0m[34;1m   1805788[0m[34;1m    731468[0m[34;1m     19.23[0m[34;1m     95528[0m[34;1m   1853008[0m[34;1m   3895532[0m[31;1m    102.43[0m[34;1m   1191860[0m[34;1m   1405368[0m[34;1m        24[0m
18:33:08   [34;1m   1011708[0m[34;1m   1805792[0m[34;1m    731464[0m[34;1m     19.23[0m[34;1m     95528[0m[34;1m   1853012[0m[34;1m   3895532[0m[31;1m    102.43[0m[34;1m   1191860[0m[34;1m   1405380[0m[34;1m        36[0m
18:33:09   [34;1m   1011708[0m[34;1m   1805792[0m[34;1m    731464[0m[34;1m     19.23[0m[34;1m     95528[0m[34;1m   1853012[0m[34;1m   3895532[0m[31;1m    102.43[0m[34;1m   1191860[0m[34;1m   1405380[0m[34;1m        36[0m
18:33:10   [34;1m   1011708[0m[34;1m   1805792[0m[34;1m    731464[0m[34;1m     19.23[0m[34;1m     95528[0m[34;1m   1853012[0m[34;1m   3895532[0m[31;1m    102.43[0m[34;1m   1191860[0m[34;1m   1405388[0m[34;1m        36[0m
18:33:11   [34;1m   1011708[0m[34;1m   1805792[0m[34;1m    731464[0m[34;1m     19.23[0m[34;1m     95528[0m[34;1m   1853012[0m[34;1m   3895532[0m[31;1m    102.43[0m[34;1m   1191860[0m[34;1m   1405388[0m[34;1m        36[0m
18:33:12   [34;1m   1011708[0m[34;1m   1805808[0m[34;1m    731440[0m[34;1m     19.23[0m[34;1m     95532[0m[34;1m   1853016[0m[34;1m   3895532[0m[31;1m    102.43[0m[34;1m   1191864[0m[34;1m   1405608[0m[34;1m        36[0m
18:33:13   [34;1m   1011708[0m[34;1m   1805808[0m[34;1m    731440[0m[34;1m     19.23[0m[34;1m     95532[0m[34;1m   1853016[0m[34;1m   3895532[0m[31;1m    102.43[0m[34;1m   1191864[0m[34;1m   1405632[0m[34;1m        36[0m
18:33:14   [34;1m   1011708[0m[34;1m   1805808[0m[34;1m    731440[0m[34;1m     19.23[0m[34;1m     95532[0m[34;1m   1853016[0m[34;1m   3895532[0m[31;1m    102.43[0m[34;1m   1191864[0m[34;1m   1405900[0m[34;1m        36[0m
18:33:15   [34;1m   1011708[0m[34;1m   1805808[0m[34;1m    731440[0m[34;1m     19.23[0m[34;1m     95532[0m[34;1m   1853016[0m[34;1m   3895532[0m[31;1m    102.43[0m[34;1m   1191864[0m[34;1m   1405932[0m[34;1m        36[0m
18:33:16   [34;1m   1011708[0m[34;1m   1805808[0m[34;1m    731440[0m[34;1m     19.23[0m[34;1m     95532[0m[34;1m   1853016[0m[34;1m   3895532[0m[31;1m    102.43[0m[34;1m   1191864[0m[34;1m   1405932[0m[34;1m        36[0m
18:33:17   [34;1m   1011708[0m[34;1m   1805808[0m[34;1m    731440[0m[34;1m     19.23[0m[34;1m     95532[0m[34;1m   1853016[0m[34;1m   3895532[0m[31;1m    102.43[0m[34;1m   1191864[0m[34;1m   1405940[0m[34;1m        36[0m
18:33:18   [34;1m   1011708[0m[34;1m   1805820[0m[34;1m    731428[0m[34;1m     19.23[0m[34;1m     95536[0m[34;1m   1853024[0m[34;1m   3895532[0m[31;1m    102.43[0m[34;1m   1191868[0m[34;1m   1405932[0m[34;1m        44[0m
18:33:19   [34;1m   1011708[0m[34;1m   1805820[0m[34;1m    731428[0m[34;1m     19.23[0m[34;1m     95536[0m[34;1m   1853024[0m[34;1m   3895532[0m[31;1m    102.43[0m[34;1m   1191868[0m[34;1m   1405904[0m[34;1m        44[0m
18:33:20   [34;1m   1011708[0m[34;1m   1805820[0m[34;1m    731428[0m[34;1m     19.23[0m[34;1m     95536[0m[34;1m   1853024[0m[34;1m   3895532[0m[31;1m    102.43[0m[34;1m   1191868[0m[34;1m   1405972[0m[34;1m        44[0m
18:33:21   [34;1m   1011708[0m[34;1m   1805820[0m[34;1m    731428[0m[34;1m     19.23[0m[34;1m     95536[0m[34;1m   1853024[0m[34;1m   3895532[0m[31;1m    102.43[0m[34;1m   1191868[0m[34;1m   1405976[0m[34;1m        44[0m
18:33:22   [34;1m   1011708[0m[34;1m   1805824[0m[34;1m    731424[0m[34;1m     19.23[0m[34;1m     95536[0m[34;1m   1853028[0m[34;1m   3895532[0m[31;1m    102.43[0m[34;1m   1191868[0m[34;1m   1406232[0m[34;1m        44[0m
18:33:23   [34;1m   1011708[0m[34;1m   1805824[0m[34;1m    731424[0m[34;1m     19.23[0m[34;1m     95536[0m[34;1m   1853028[0m[34;1m   3895532[0m[31;1m    102.43[0m[34;1m   1191868[0m[34;1m   1406272[0m[34;1m        44[0m
18:33:24   [34;1m   1011708[0m[34;1m   1805824[0m[34;1m    731424[0m[34;1m     19.23[0m[34;1m     95536[0m[34;1m   1853028[0m[34;1m   3895532[0m[31;1m    102.43[0m[34;1m   1191868[0m[34;1m   1405312[0m[34;1m        44[0m
18:33:25   [34;1m   1011708[0m[34;1m   1805824[0m[34;1m    731424[0m[34;1m     19.23[0m[34;1m     95536[0m[34;1m   1853028[0m[34;1m   3895532[0m[31;1m    102.43[0m[34;1m   1191868[0m[34;1m   1405312[0m[34;1m        44[0m
18:33:26   [34;1m   1011708[0m[34;1m   1805828[0m[34;1m    731416[0m[34;1m     19.23[0m[34;1m     95540[0m[34;1m   1853032[0m[34;1m   3895532[0m[31;1m    102.43[0m[34;1m   1191868[0m[34;1m   1405316[0m[34;1m        44[0m
18:33:27   [34;1m   1011708[0m[34;1m   1805832[0m[34;1m    731416[0m[34;1m     19.23[0m[34;1m     95540[0m[34;1m   1853032[0m[34;1m   3895532[0m[31;1m    102.43[0m[34;1m   1191872[0m[34;1m   1405332[0m[34;1m        44[0m
18:33:28   [34;1m   1011708[0m[34;1m   1805832[0m[34;1m    731416[0m[34;1m     19.23[0m[34;1m     95540[0m[34;1m   1853032[0m[34;1m   3895532[0m[31;1m    102.43[0m[34;1m   1191872[0m[34;1m   1405348[0m[34;1m        44[0m
18:33:29   [34;1m   1011708[0m[34;1m   1805832[0m[34;1m    731416[0m[34;1m     19.23[0m[34;1m     95540[0m[34;1m   1853032[0m[34;1m   3895532[0m[31;1m    102.43[0m[34;1m   1191872[0m[34;1m   1405348[0m[34;1m        44[0m
18:33:30   [34;1m   1011708[0m[34;1m   1805832[0m[34;1m    731416[0m[34;1m     19.23[0m[34;1m     95540[0m[34;1m   1853032[0m[34;1m   3895532[0m[31;1m    102.43[0m[34;1m   1191872[0m[34;1m   1405384[0m[34;1m        44[0m
18:33:31   [34;1m   1011708[0m[34;1m   1805848[0m[34;1m    731400[0m[34;1m     19.23[0m[34;1m     95552[0m[34;1m   1853036[0m[34;1m   3895532[0m[31;1m    102.43[0m[34;1m   1191884[0m[34;1m   1405356[0m[34;1m        24[0m
18:33:32   [34;1m   1011708[0m[34;1m   1805848[0m[34;1m    731400[0m[34;1m     19.23[0m[34;1m     95552[0m[34;1m   1853036[0m[34;1m   3895532[0m[31;1m    102.43[0m[34;1m   1191884[0m[34;1m   1405412[0m[34;1m        24[0m
18:33:33   [34;1m   1011708[0m[34;1m   1805848[0m[34;1m    731396[0m[34;1m     19.23[0m[34;1m     95552[0m[34;1m   1853040[0m[34;1m   3895532[0m[31;1m    102.43[0m[34;1m   1191884[0m[34;1m   1405276[0m[34;1m        28[0m
18:33:34   [34;1m   1011708[0m[34;1m   1805852[0m[34;1m    731396[0m[34;1m     19.23[0m[34;1m     95552[0m[34;1m   1853040[0m[34;1m   3895532[0m[31;1m    102.43[0m[34;1m   1191884[0m[34;1m   1405284[0m[34;1m        28[0m
18:33:35   [34;1m   1011708[0m[34;1m   1805852[0m[34;1m    731396[0m[34;1m     19.23[0m[34;1m     95552[0m[34;1m   1853040[0m[34;1m   3895532[0m[31;1m    102.43[0m[34;1m   1191884[0m[34;1m   1405300[0m[34;1m        28[0m
18:33:36   [34;1m   1011708[0m[34;1m   1805860[0m[34;1m    731384[0m[34;1m     19.23[0m[34;1m     95556[0m[34;1m   1853044[0m[34;1m   3895532[0m[31;1m    102.43[0m[34;1m   1191888[0m[34;1m   1405080[0m[34;1m        32[0m
18:33:37   [34;1m   1011708[0m[34;1m   1805860[0m[34;1m    731384[0m[34;1m     19.23[0m[34;1m     95556[0m[34;1m   1853044[0m[34;1m   3895532[0m[31;1m    102.43[0m[34;1m   1191888[0m[34;1m   1405064[0m[34;1m        32[0m
18:33:38   [34;1m   1011708[0m[34;1m   1805860[0m[34;1m    731380[0m[34;1m     19.23[0m[34;1m     95556[0m[34;1m   1853048[0m[34;1m   3895532[0m[31;1m    102.43[0m[34;1m   1191888[0m[34;1m   1405064[0m[34;1m        36[0m
18:33:39   [34;1m   1011708[0m[34;1m   1805860[0m[34;1m    731380[0m[34;1m     19.23[0m[34;1m     95556[0m[34;1m   1853048[0m[34;1m   3895532[0m[31;1m    102.43[0m[34;1m   1191888[0m[34;1m   1405064[0m[34;1m        36[0m
18:33:40   [34;1m   1011708[0m[34;1m   1805868[0m[34;1m    731376[0m[34;1m     19.23[0m[34;1m     95556[0m[34;1m   1853052[0m[34;1m   3895532[0m[31;1m    102.43[0m[34;1m   1191888[0m[34;1m   1404952[0m[34;1m        36[0m
18:33:41   [34;1m   1011708[0m[34;1m   1805868[0m[34;1m    731376[0m[34;1m     19.23[0m[34;1m     95556[0m[34;1m   1853052[0m[34;1m   3895532[0m[31;1m    102.43[0m[34;1m   1191888[0m[34;1m   1404952[0m[34;1m        36[0m
18:33:42   [34;1m   1011708[0m[34;1m   1805868[0m[34;1m    731376[0m[34;1m     19.23[0m[34;1m     95556[0m[34;1m   1853052[0m[34;1m   3895532[0m[31;1m    102.43[0m[34;1m   1191888[0m[34;1m   1405140[0m[34;1m        36[0m
18:33:43   [34;1m   1011708[0m[34;1m   1805868[0m[34;1m    731376[0m[34;1m     19.23[0m[34;1m     95556[0m[34;1m   1853052[0m[34;1m   3895532[0m[31;1m    102.43[0m[34;1m   1191888[0m[34;1m   1405168[0m[34;1m        36[0m
18:33:44   [34;1m   1011708[0m[34;1m   1805872[0m[34;1m    731368[0m[34;1m     19.23[0m[34;1m     95560[0m[34;1m   1853056[0m[34;1m   3895532[0m[31;1m    102.43[0m[34;1m   1191888[0m[34;1m   1405188[0m[34;1m        36[0m
18:33:45   [34;1m   1011708[0m[34;1m   1805876[0m[34;1m    731372[0m[34;1m     19.23[0m[34;1m     95560[0m[34;1m   1853056[0m[34;1m   3895532[0m[31;1m    102.43[0m[34;1m   1191892[0m[34;1m   1405212[0m[34;1m        36[0m
18:33:46   [34;1m   1011708[0m[34;1m   1805876[0m[34;1m    731372[0m[34;1m     19.23[0m[34;1m     95560[0m[34;1m   1853056[0m[34;1m   3895532[0m[31;1m    102.43[0m[34;1m   1191892[0m[34;1m   1405236[0m[34;1m        36[0m
18:33:47   [34;1m   1011708[0m[34;1m   1805876[0m[34;1m    731372[0m[34;1m     19.23[0m[34;1m     95560[0m[34;1m   1853056[0m[34;1m   3895532[0m[31;1m    102.43[0m[34;1m   1191892[0m[34;1m   1405236[0m[34;1m        36[0m
18:33:48   [34;1m   1011708[0m[34;1m   1805876[0m[34;1m    731372[0m[34;1m     19.23[0m[34;1m     95560[0m[34;1m   1853056[0m[34;1m   3895532[0m[31;1m    102.43[0m[34;1m   1191892[0m[34;1m   1405264[0m[34;1m        36[0m
18:33:49   [34;1m   1011708[0m[34;1m   1805876[0m[34;1m    731368[0m[34;1m     19.23[0m[34;1m     95568[0m[34;1m   1853052[0m[34;1m   3895532[0m[31;1m    102.43[0m[34;1m   1191892[0m[34;1m   1405120[0m[34;1m        16[0m
18:33:50   [34;1m   1011708[0m[34;1m   1805892[0m[34;1m    731356[0m[34;1m     19.23[0m[34;1m     95572[0m[34;1m   1853060[0m[34;1m   3895532[0m[31;1m    102.43[0m[34;1m   1191904[0m[34;1m   1405140[0m[34;1m        36[0m
18:33:51   [34;1m   1011708[0m[34;1m   1805892[0m[34;1m    731356[0m[34;1m     19.23[0m[34;1m     95572[0m[34;1m   1853060[0m[34;1m   3895532[0m[31;1m    102.43[0m[34;1m   1191904[0m[34;1m   1405140[0m[34;1m        36[0m
18:33:52   [34;1m   1011708[0m[34;1m   1805892[0m[34;1m    731356[0m[34;1m     19.23[0m[34;1m     95572[0m[34;1m   1853060[0m[34;1m   3895532[0m[31;1m    102.43[0m[34;1m   1191904[0m[34;1m   1405412[0m[34;1m        36[0m
18:33:53   [34;1m   1011708[0m[34;1m   1805904[0m[34;1m    731344[0m[34;1m     19.23[0m[34;1m     95580[0m[34;1m   1853064[0m[34;1m   3895532[0m[31;1m    102.43[0m[34;1m   1191908[0m[34;1m   1405520[0m[34;1m        36[0m
18:33:54   [34;1m   1011708[0m[34;1m   1805904[0m[34;1m    731344[0m[34;1m     19.23[0m[34;1m     95580[0m[34;1m   1853064[0m[34;1m   3895532[0m[31;1m    102.43[0m[34;1m   1191912[0m[34;1m   1405676[0m[34;1m        36[0m
18:33:55   [34;1m   1011708[0m[34;1m   1805916[0m[34;1m    731332[0m[34;1m     19.23[0m[34;1m     95588[0m[34;1m   1853068[0m[34;1m   3895532[0m[31;1m    102.43[0m[34;1m   1191920[0m[34;1m   1405696[0m[34;1m        36[0m
18:33:56   [34;1m   1011708[0m[34;1m   1805916[0m[34;1m    731332[0m[34;1m     19.23[0m[34;1m     95588[0m[34;1m   1853068[0m[34;1m   3895532[0m[31;1m    102.43[0m[34;1m   1191920[0m[34;1m   1405732[0m[34;1m        36[0m
18:33:57   [34;1m   1011708[0m[34;1m   1805916[0m[34;1m    731328[0m[34;1m     19.23[0m[34;1m     95588[0m[34;1m   1853068[0m[34;1m   3895532[0m[31;1m    102.43[0m[34;1m   1191920[0m[34;1m   1405732[0m[34;1m        36[0m
18:33:58   [34;1m   1011708[0m[34;1m   1805924[0m[34;1m    731320[0m[34;1m     19.23[0m[34;1m     95592[0m[34;1m   1853072[0m[34;1m   3895532[0m[31;1m    102.43[0m[34;1m   1191924[0m[34;1m   1405768[0m[34;1m        36[0m
18:33:59   [34;1m   1011708[0m[34;1m   1805924[0m[34;1m    731320[0m[34;1m     19.23[0m[34;1m     95592[0m[34;1m   1853072[0m[34;1m   3895532[0m[31;1m    102.43[0m[34;1m   1191924[0m[34;1m   1405768[0m[34;1m        36[0m
18:34:00   [34;1m   1011708[0m[34;1m   1805928[0m[34;1m    731316[0m[34;1m     19.23[0m[34;1m     95592[0m[34;1m   1853076[0m[34;1m   3895532[0m[31;1m    102.43[0m[34;1m   1191924[0m[34;1m   1405812[0m[34;1m        40[0m
18:34:01   [34;1m   1011708[0m[34;1m   1805928[0m[34;1m    731316[0m[34;1m     19.23[0m[34;1m     95592[0m[34;1m   1853076[0m[34;1m   3895532[0m[31;1m    102.43[0m[34;1m   1191924[0m[34;1m   1405812[0m[34;1m        40[0m
18:34:02   [34;1m   1011708[0m[34;1m   1805944[0m[34;1m    731292[0m[34;1m     19.23[0m[34;1m     95596[0m[34;1m   1853080[0m[34;1m   3895532[0m[31;1m    102.43[0m[34;1m   1191928[0m[34;1m   1406000[0m[34;1m        20[0m
18:34:03   [34;1m   1011708[0m[34;1m   1805948[0m[34;1m    731288[0m[34;1m     19.23[0m[34;1m     95596[0m[34;1m   1853084[0m[34;1m   3895532[0m[31;1m    102.43[0m[34;1m   1191928[0m[34;1m   1405832[0m[34;1m        28[0m
18:34:04   [34;1m   1011708[0m[34;1m   1805948[0m[34;1m    731288[0m[34;1m     19.23[0m[34;1m     95596[0m[34;1m   1853084[0m[34;1m   3895532[0m[31;1m    102.43[0m[34;1m   1191928[0m[34;1m   1405872[0m[34;1m        28[0m
18:34:05   [34;1m   1011708[0m[34;1m   1805948[0m[34;1m    731292[0m[34;1m     19.23[0m[34;1m     95596[0m[34;1m   1853084[0m[34;1m   3895532[0m[31;1m    102.43[0m[34;1m   1191928[0m[34;1m   1405872[0m[34;1m        28[0m
18:34:06   [34;1m   1011708[0m[34;1m   1805960[0m[34;1m    731280[0m[34;1m     19.23[0m[34;1m     95604[0m[34;1m   1853088[0m[34;1m   3895532[0m[31;1m    102.43[0m[34;1m   1191936[0m[34;1m   1405616[0m[34;1m        32[0m
18:34:07   [34;1m   1011708[0m[34;1m   1805960[0m[34;1m    731280[0m[34;1m     19.23[0m[34;1m     95604[0m[34;1m   1853088[0m[34;1m   3895532[0m[31;1m    102.43[0m[34;1m   1191936[0m[34;1m   1405632[0m[34;1m        32[0m
18:34:08   [34;1m   1011708[0m[34;1m   1805960[0m[34;1m    731280[0m[34;1m     19.23[0m[34;1m     95604[0m[34;1m   1853088[0m[34;1m   3895532[0m[31;1m    102.43[0m[34;1m   1191936[0m[34;1m   1405632[0m[34;1m        32[0m
18:34:09   [34;1m   1011708[0m[34;1m   1805960[0m[34;1m    731280[0m[34;1m     19.23[0m[34;1m     95604[0m[34;1m   1853088[0m[34;1m   3895532[0m[31;1m    102.43[0m[34;1m   1191936[0m[34;1m   1405632[0m[34;1m        32[0m
18:34:10   [34;1m   1011708[0m[34;1m   1805960[0m[34;1m    731280[0m[34;1m     19.23[0m[34;1m     95604[0m[34;1m   1853088[0m[34;1m   3895532[0m[31;1m    102.43[0m[34;1m   1191936[0m[34;1m   1405632[0m[34;1m        32[0m
18:34:11   [34;1m   1011708[0m[34;1m   1805960[0m[34;1m    731280[0m[34;1m     19.23[0m[34;1m     95604[0m[34;1m   1853088[0m[34;1m   3895532[0m[31;1m    102.43[0m[34;1m   1191936[0m[34;1m   1405632[0m[34;1m        32[0m
18:34:12   [34;1m   1011708[0m[34;1m   1805968[0m[34;1m    731276[0m[34;1m     19.23[0m[34;1m     95608[0m[34;1m   1853092[0m[34;1m   3895532[0m[31;1m    102.43[0m[34;1m   1191940[0m[34;1m   1406160[0m[34;1m        32[0m
18:34:13   [34;1m   1011708[0m[34;1m   1805968[0m[34;1m    731276[0m[34;1m     19.23[0m[34;1m     95608[0m[34;1m   1853092[0m[34;1m   3895532[0m[31;1m    102.43[0m[34;1m   1191940[0m[34;1m   1406180[0m[34;1m        32[0m
18:34:14   [34;1m   1011708[0m[34;1m   1805968[0m[34;1m    731280[0m[34;1m     19.23[0m[34;1m     95608[0m[34;1m   1853092[0m[34;1m   3895532[0m[31;1m    102.43[0m[34;1m   1191940[0m[34;1m   1405572[0m[34;1m        32[0m
18:34:15   [34;1m   1011708[0m[34;1m   1805968[0m[34;1m    731280[0m[34;1m     19.23[0m[34;1m     95608[0m[34;1m   1853092[0m[34;1m   3895532[0m[31;1m    102.43[0m[34;1m   1191940[0m[34;1m   1405576[0m[34;1m        32[0m
18:34:16   [34;1m   1011708[0m[34;1m   1805980[0m[34;1m    731268[0m[34;1m     19.23[0m[34;1m     95616[0m[34;1m   1853096[0m[34;1m   3895532[0m[31;1m    102.43[0m[34;1m   1191948[0m[34;1m   1405580[0m[34;1m        32[0m
18:34:17   [34;1m   1011708[0m[34;1m   1805980[0m[34;1m    731268[0m[34;1m     19.23[0m[34;1m     95616[0m[34;1m   1853096[0m[34;1m   3895532[0m[31;1m    102.43[0m[34;1m   1191948[0m[34;1m   1405580[0m[34;1m        32[0m
18:34:18   [34;1m   1011708[0m[34;1m   1805980[0m[34;1m    731268[0m[34;1m     19.23[0m[34;1m     95616[0m[34;1m   1853096[0m[34;1m   3895532[0m[31;1m    102.43[0m[34;1m   1191948[0m[34;1m   1405584[0m[34;1m        32[0m
18:34:19   [34;1m   1011708[0m[34;1m   1805980[0m[34;1m    731268[0m[34;1m     19.23[0m[34;1m     95616[0m[34;1m   1853096[0m[34;1m   3895532[0m[31;1m    102.43[0m[34;1m   1191948[0m[34;1m   1405316[0m[34;1m        32[0m
18:34:20   [34;1m   1011708[0m[34;1m   1805988[0m[34;1m    731260[0m[34;1m     19.23[0m[34;1m     95620[0m[34;1m   1853100[0m[34;1m   3895532[0m[31;1m    102.43[0m[34;1m   1191952[0m[34;1m   1405320[0m[34;1m        32[0m
18:34:21   [34;1m   1011708[0m[34;1m   1805988[0m[34;1m    731260[0m[34;1m     19.23[0m[34;1m     95620[0m[34;1m   1853100[0m[34;1m   3895532[0m[31;1m    102.43[0m[34;1m   1191952[0m[34;1m   1405320[0m[34;1m        24[0m
18:34:22   [34;1m   1011708[0m[34;1m   1805992[0m[34;1m    731256[0m[34;1m     19.23[0m[34;1m     95620[0m[34;1m   1853104[0m[34;1m   3895532[0m[31;1m    102.43[0m[34;1m   1191952[0m[34;1m   1405724[0m[34;1m        32[0m
18:34:23   [34;1m   1011708[0m[34;1m   1805992[0m[34;1m    731256[0m[34;1m     19.23[0m[34;1m     95620[0m[34;1m   1853104[0m[34;1m   3895532[0m[31;1m    102.43[0m[34;1m   1191952[0m[34;1m   1405804[0m[34;1m        32[0m
18:34:24   [34;1m   1011708[0m[34;1m   1806004[0m[34;1m    731244[0m[34;1m     19.23[0m[34;1m     95628[0m[34;1m   1853108[0m[34;1m   3895532[0m[31;1m    102.43[0m[34;1m   1191956[0m[34;1m   1406160[0m[34;1m        44[0m
18:34:25   [34;1m   1011708[0m[34;1m   1806004[0m[34;1m    731240[0m[34;1m     19.23[0m[34;1m     95628[0m[34;1m   1853108[0m[34;1m   3895532[0m[31;1m    102.43[0m[34;1m   1191960[0m[34;1m   1406156[0m[34;1m        44[0m
18:34:26   [34;1m   1011708[0m[34;1m   1806004[0m[34;1m    731240[0m[34;1m     19.23[0m[34;1m     95628[0m[34;1m   1853108[0m[34;1m   3895532[0m[31;1m    102.43[0m[34;1m   1191960[0m[34;1m   1406156[0m[34;1m        44[0m
18:34:27   [34;1m   1011708[0m[34;1m   1806004[0m[34;1m    731240[0m[34;1m     19.23[0m[34;1m     95628[0m[34;1m   1853108[0m[34;1m   3895532[0m[31;1m    102.43[0m[34;1m   1191960[0m[34;1m   1406156[0m[34;1m        44[0m
18:34:28   [34;1m   1011708[0m[34;1m   1806004[0m[34;1m    731240[0m[34;1m     19.23[0m[34;1m     95628[0m[34;1m   1853108[0m[34;1m   3895532[0m[31;1m    102.43[0m[34;1m   1191960[0m[34;1m   1406168[0m[34;1m        44[0m
18:34:29   [34;1m   1011708[0m[34;1m   1806004[0m[34;1m    731240[0m[34;1m     19.23[0m[34;1m     95628[0m[34;1m   1853108[0m[34;1m   3895532[0m[31;1m    102.43[0m[34;1m   1191960[0m[34;1m   1406168[0m[34;1m        44[0m
18:34:30   [34;1m   1010448[0m[34;1m   1804756[0m[34;1m    732484[0m[34;1m     19.26[0m[34;1m     95636[0m[34;1m   1853112[0m[34;1m   3895532[0m[31;1m    102.43[0m[34;1m   1192004[0m[34;1m   1406140[0m[34;1m        44[0m
