Linux 6.6.95 (ssp-study) 	04/16/26 	_x86_64_	(2 CPU)

18:45:45    kbmemfree   kbavail kbmemused  %memused kbbuffers  kbcached  kbcommit   %commit  kbactive   kbinact   kbdirty
18:45:46   [34;1m   1023724[0m[34;1m   1823312[0m[34;1m    709616[0m[34;1m     18.66[0m[34;1m     98936[0m[34;1m   1859416[0m[34;1m   3898176[0m[31;1m    102.50[0m[34;1m   1196400[0m[34;1m   1406452[0m[34;1m       368[0m
18:45:47   [34;1m   1020448[0m[34;1m   1820036[0m[34;1m    712884[0m[34;1m     18.74[0m[34;1m     98936[0m[34;1m   1859416[0m[34;1m   3898176[0m[31;1m    102.50[0m[34;1m   1196392[0m[34;1m   1407372[0m[34;1m       368[0m
18:45:48   [34;1m   1020448[0m[34;1m   1820056[0m[34;1m    712824[0m[34;1m     18.74[0m[34;1m     98940[0m[34;1m   1859432[0m[34;1m   3898176[0m[31;1m    102.50[0m[34;1m   1196408[0m[34;1m   1407452[0m[34;1m       376[0m
18:45:49   [34;1m   1020448[0m[34;1m   1820060[0m[34;1m    712820[0m[34;1m     18.74[0m[34;1m     98940[0m[34;1m   1859436[0m[34;1m   3898176[0m[31;1m    102.50[0m[34;1m   1196408[0m[34;1m   1407516[0m[34;1m       308[0m
18:45:50   [34;1m   1020448[0m[34;1m   1820060[0m[34;1m    712820[0m[34;1m     18.74[0m[34;1m     98944[0m[34;1m   1859432[0m[34;1m   3898176[0m[31;1m    102.50[0m[34;1m   1196408[0m[34;1m   1407516[0m[34;1m       308[0m
18:45:51   [34;1m   1020448[0m[34;1m   1820068[0m[34;1m    712812[0m[34;1m     18.74[0m[34;1m     98944[0m[34;1m   1859440[0m[34;1m   3898176[0m[31;1m    102.50[0m[34;1m   1196412[0m[34;1m   1407520[0m[34;1m       316[0m
18:45:52   [34;1m   1020196[0m[34;1m   1819816[0m[34;1m    713064[0m[34;1m     18.75[0m[34;1m     98944[0m[34;1m   1859440[0m[34;1m   3898176[0m[31;1m    102.50[0m[34;1m   1196412[0m[34;1m   1407520[0m[34;1m       316[0m
18:45:53   [34;1m   1020196[0m[34;1m   1819816[0m[34;1m    713032[0m[34;1m     18.75[0m[34;1m     98944[0m[34;1m   1859440[0m[34;1m   3898176[0m[31;1m    102.50[0m[34;1m   1196412[0m[34;1m   1407520[0m[34;1m       316[0m
18:45:54   [34;1m   1020196[0m[34;1m   1819816[0m[34;1m    713032[0m[34;1m     18.75[0m[34;1m     98944[0m[34;1m   1859440[0m[34;1m   3898176[0m[31;1m    102.50[0m[34;1m   1196412[0m[34;1m   1407520[0m[34;1m       312[0m
18:45:55   [34;1m   1020196[0m[34;1m   1819816[0m[34;1m    713032[0m[34;1m     18.75[0m[34;1m     98944[0m[34;1m   1859440[0m[34;1m   3898176[0m[31;1m    102.50[0m[34;1m   1196412[0m[34;1m   1407084[0m[34;1m       312[0m
18:45:56   [34;1m   1020196[0m[34;1m   1819816[0m[34;1m    713028[0m[34;1m     18.75[0m[34;1m     98956[0m[34;1m   1859432[0m[34;1m   3898176[0m[31;1m    102.50[0m[34;1m   1196412[0m[34;1m   1407088[0m[34;1m       308[0m
18:45:57   [34;1m   1017928[0m[34;1m   1817572[0m[34;1m    715272[0m[34;1m     18.81[0m[34;1m     98956[0m[34;1m   1859444[0m[34;1m   3898432[0m[31;1m    102.50[0m[34;1m   1196424[0m[34;1m   1407576[0m[34;1m       312[0m
18:45:58   [34;1m   1017928[0m[34;1m   1817572[0m[34;1m    715264[0m[34;1m     18.81[0m[34;1m     98956[0m[34;1m   1859444[0m[34;1m   3898432[0m[31;1m    102.50[0m[34;1m   1196424[0m[34;1m   1407644[0m[34;1m       312[0m
18:45:59   [34;1m   1017676[0m[34;1m   1817324[0m[34;1m    715512[0m[34;1m     18.81[0m[34;1m     98956[0m[34;1m   1859448[0m[34;1m   3898432[0m[31;1m    102.50[0m[34;1m   1196424[0m[34;1m   1407676[0m[34;1m       312[0m
18:46:00   [34;1m   1017676[0m[34;1m   1817324[0m[34;1m    715512[0m[34;1m     18.81[0m[34;1m     98956[0m[34;1m   1859448[0m[34;1m   3898432[0m[31;1m    102.50[0m[34;1m   1196424[0m[34;1m   1407916[0m[34;1m       312[0m
18:46:01   [34;1m   1017184[0m[34;1m   1816832[0m[34;1m    716004[0m[34;1m     18.83[0m[34;1m     98956[0m[34;1m   1859448[0m[34;1m   3898432[0m[31;1m    102.50[0m[34;1m   1196424[0m[34;1m   1408216[0m[34;1m       312[0m
18:46:02   [34;1m   1016680[0m[34;1m   1816328[0m[34;1m    716508[0m[34;1m     18.84[0m[34;1m     98956[0m[34;1m   1859448[0m[34;1m   3937404[0m[31;1m    103.53[0m[34;1m   1196424[0m[34;1m   1408248[0m[34;1m       308[0m
18:46:03   [34;1m   1013908[0m[34;1m   1813576[0m[34;1m    719268[0m[34;1m     18.91[0m[34;1m     98968[0m[34;1m   1859456[0m[34;1m   3898688[0m[31;1m    102.51[0m[34;1m   1196436[0m[34;1m   1407828[0m[34;1m       316[0m
18:46:04   [34;1m   1013908[0m[34;1m   1813576[0m[34;1m    719268[0m[34;1m     18.91[0m[34;1m     98968[0m[34;1m   1859456[0m[34;1m   3898688[0m[31;1m    102.51[0m[34;1m   1196436[0m[34;1m   1407092[0m[34;1m       316[0m
18:46:05   [34;1m   1013908[0m[34;1m   1813576[0m[34;1m    719268[0m[34;1m     18.91[0m[34;1m     98968[0m[34;1m   1859456[0m[34;1m   3898688[0m[31;1m    102.51[0m[34;1m   1196436[0m[34;1m   1407092[0m[34;1m       316[0m
18:46:06   [34;1m   1013908[0m[34;1m   1813576[0m[34;1m    719268[0m[34;1m     18.91[0m[34;1m     98972[0m[34;1m   1859452[0m[34;1m   3898688[0m[31;1m    102.51[0m[34;1m   1196436[0m[34;1m   1406932[0m[34;1m       316[0m
18:46:07   [34;1m   1013908[0m[34;1m   1813584[0m[34;1m    719248[0m[34;1m     18.91[0m[34;1m     98972[0m[34;1m   1859460[0m[34;1m   3898688[0m[31;1m    102.51[0m[34;1m   1196440[0m[34;1m   1406976[0m[34;1m       316[0m
18:46:08   [34;1m   1013908[0m[34;1m   1813584[0m[34;1m    719248[0m[34;1m     18.91[0m[34;1m     98980[0m[34;1m   1859452[0m[34;1m   3898688[0m[31;1m    102.51[0m[34;1m   1196440[0m[34;1m   1407032[0m[34;1m       308[0m
18:46:09   [34;1m   1013908[0m[34;1m   1813596[0m[34;1m    719236[0m[34;1m     18.91[0m[34;1m     98980[0m[34;1m   1859464[0m[34;1m   3898688[0m[31;1m    102.51[0m[34;1m   1196448[0m[34;1m   1407036[0m[34;1m       312[0m
18:46:10   [34;1m   1013908[0m[34;1m   1813600[0m[34;1m    719232[0m[34;1m     18.91[0m[34;1m     98980[0m[34;1m   1859468[0m[34;1m   3898688[0m[31;1m    102.51[0m[34;1m   1196448[0m[34;1m   1407112[0m[34;1m       316[0m
18:46:11   [34;1m   1013908[0m[34;1m   1813600[0m[34;1m    719232[0m[34;1m     18.91[0m[34;1m     98980[0m[34;1m   1859468[0m[34;1m   3898688[0m[31;1m    102.51[0m[34;1m   1196448[0m[34;1m   1407232[0m[34;1m       316[0m
18:46:12   [34;1m   1013908[0m[34;1m   1813600[0m[34;1m    719232[0m[34;1m     18.91[0m[34;1m     98980[0m[34;1m   1859468[0m[34;1m   3898688[0m[31;1m    102.51[0m[34;1m   1196448[0m[34;1m   1407516[0m[34;1m       316[0m
18:46:13   [34;1m   1013908[0m[34;1m   1813600[0m[34;1m    719208[0m[34;1m     18.91[0m[34;1m     98980[0m[34;1m   1859468[0m[34;1m   3898688[0m[31;1m    102.51[0m[34;1m   1196448[0m[34;1m   1407556[0m[34;1m       316[0m
18:46:14   [34;1m   1013908[0m[34;1m   1813604[0m[34;1m    719196[0m[34;1m     18.91[0m[34;1m     98992[0m[34;1m   1859468[0m[34;1m   3898688[0m[31;1m    102.51[0m[34;1m   1196448[0m[34;1m   1407672[0m[34;1m       312[0m
18:46:15   [34;1m   1013908[0m[34;1m   1813616[0m[34;1m    719192[0m[34;1m     18.91[0m[34;1m     98992[0m[34;1m   1859472[0m[34;1m   3898688[0m[31;1m    102.51[0m[34;1m   1196460[0m[34;1m   1407676[0m[34;1m       312[0m
18:46:16   [34;1m   1013684[0m[34;1m   1813392[0m[34;1m    719416[0m[34;1m     18.92[0m[34;1m     98992[0m[34;1m   1859472[0m[34;1m   3898688[0m[31;1m    102.51[0m[34;1m   1196460[0m[34;1m   1407688[0m[34;1m       312[0m
18:46:17   [34;1m   1013684[0m[34;1m   1813392[0m[34;1m    719404[0m[34;1m     18.92[0m[34;1m     98992[0m[34;1m   1859472[0m[34;1m   3898688[0m[31;1m    102.51[0m[34;1m   1196460[0m[34;1m   1408064[0m[34;1m       312[0m
18:46:18   [34;1m   1013432[0m[34;1m   1813156[0m[34;1m    719636[0m[34;1m     18.92[0m[34;1m     99004[0m[34;1m   1859476[0m[34;1m   3898688[0m[31;1m    102.51[0m[34;1m   1196464[0m[34;1m   1409164[0m[34;1m       320[0m
18:46:19   [34;1m   1013432[0m[34;1m   1813168[0m[34;1m    719624[0m[34;1m     18.92[0m[34;1m     99004[0m[34;1m   1859488[0m[34;1m   3898688[0m[31;1m    102.51[0m[34;1m   1196472[0m[34;1m   1409172[0m[34;1m       320[0m
18:46:20   [34;1m   1013432[0m[34;1m   1813168[0m[34;1m    719628[0m[34;1m     18.92[0m[34;1m     99004[0m[34;1m   1859488[0m[34;1m   3898688[0m[31;1m    102.51[0m[34;1m   1196472[0m[34;1m   1409176[0m[34;1m       312[0m
18:46:21   [34;1m   1013432[0m[34;1m   1813168[0m[34;1m    719628[0m[34;1m     18.92[0m[34;1m     99004[0m[34;1m   1859488[0m[34;1m   3898688[0m[31;1m    102.51[0m[34;1m   1196472[0m[34;1m   1409176[0m[34;1m       312[0m
18:46:22   [34;1m   1013432[0m[34;1m   1813168[0m[34;1m    719628[0m[34;1m     18.92[0m[34;1m     99004[0m[34;1m   1859488[0m[34;1m   3898688[0m[31;1m    102.51[0m[34;1m   1196472[0m[34;1m   1409204[0m[34;1m       312[0m
18:46:23   [34;1m   1012676[0m[34;1m   1812412[0m[34;1m    720384[0m[34;1m     18.94[0m[34;1m     99004[0m[34;1m   1859488[0m[34;1m   3898688[0m[31;1m    102.51[0m[34;1m   1196472[0m[34;1m   1409204[0m[34;1m       312[0m
18:46:24   [34;1m   1012676[0m[34;1m   1812412[0m[34;1m    720384[0m[34;1m     18.94[0m[34;1m     99012[0m[34;1m   1859480[0m[34;1m   3898688[0m[31;1m    102.51[0m[34;1m   1196472[0m[34;1m   1409204[0m[34;1m       312[0m
18:46:25   [34;1m   1012676[0m[34;1m   1812428[0m[34;1m    720368[0m[34;1m     18.94[0m[34;1m     99016[0m[34;1m   1859492[0m[34;1m   3898688[0m[31;1m    102.51[0m[34;1m   1196484[0m[34;1m   1409216[0m[34;1m         4[0m
18:46:26   [34;1m   1012676[0m[34;1m   1812428[0m[34;1m    720368[0m[34;1m     18.94[0m[34;1m     99016[0m[34;1m   1859492[0m[34;1m   3898688[0m[31;1m    102.51[0m[34;1m   1196484[0m[34;1m   1409216[0m[34;22m         0[0m
18:46:27   [34;1m   1012676[0m[34;1m   1812428[0m[34;1m    720364[0m[34;1m     18.94[0m[34;1m     99016[0m[34;1m   1859492[0m[34;1m   3898688[0m[31;1m    102.51[0m[34;1m   1196484[0m[34;1m   1410424[0m[34;1m         4[0m
18:46:28   [34;1m   1012676[0m[34;1m   1812440[0m[34;1m    720360[0m[34;1m     18.94[0m[34;1m     99024[0m[34;1m   1859496[0m[34;1m   3898688[0m[31;1m    102.51[0m[34;1m   1196492[0m[34;1m   1411056[0m[34;1m        16[0m
18:46:29   [34;1m   1012676[0m[34;1m   1812440[0m[34;1m    720360[0m[34;1m     18.94[0m[34;1m     99024[0m[34;1m   1859496[0m[34;1m   3898688[0m[31;1m    102.51[0m[34;1m   1196492[0m[34;1m   1411152[0m[34;1m        16[0m
18:46:30   [34;1m   1012676[0m[34;1m   1812440[0m[34;1m    720360[0m[34;1m     18.94[0m[34;1m     99024[0m[34;1m   1859496[0m[34;1m   3898688[0m[31;1m    102.51[0m[34;1m   1196492[0m[34;1m   1411212[0m[34;1m        16[0m
18:46:31   [34;1m   1012676[0m[34;1m   1812440[0m[34;1m    720360[0m[34;1m     18.94[0m[34;1m     99024[0m[34;1m   1859496[0m[34;1m   3898688[0m[31;1m    102.51[0m[34;1m   1196492[0m[34;1m   1411288[0m[34;1m        16[0m
18:46:32   [34;1m   1012676[0m[34;1m   1812440[0m[34;1m    720360[0m[34;1m     18.94[0m[34;1m     99024[0m[34;1m   1859496[0m[34;1m   3898688[0m[31;1m    102.51[0m[34;1m   1196492[0m[34;1m   1411040[0m[34;1m        12[0m
18:46:33   [34;1m   1012676[0m[34;1m   1812464[0m[34;1m    720332[0m[34;1m     18.94[0m[34;1m     99036[0m[34;1m   1859508[0m[34;1m   3898688[0m[31;1m    102.51[0m[34;1m   1196504[0m[34;1m   1411212[0m[34;1m        40[0m
18:46:34   [34;1m   1012676[0m[34;1m   1812464[0m[34;1m    720332[0m[34;1m     18.94[0m[34;1m     99036[0m[34;1m   1859508[0m[34;1m   3898688[0m[31;1m    102.51[0m[34;1m   1196504[0m[34;1m   1411204[0m[34;1m        40[0m
18:46:35   [34;1m   1012172[0m[34;1m   1811968[0m[34;1m    720824[0m[34;1m     18.95[0m[34;1m     99040[0m[34;1m   1859512[0m[34;1m   3898688[0m[31;1m    102.51[0m[34;1m   1196508[0m[34;1m   1411240[0m[34;1m        56[0m
18:46:36   [34;1m   1012172[0m[34;1m   1811968[0m[34;1m    720824[0m[34;1m     18.95[0m[34;1m     99040[0m[34;1m   1859512[0m[34;1m   3898688[0m[31;1m    102.51[0m[34;1m   1196508[0m[34;1m   1411008[0m[34;1m        56[0m
18:46:37   [34;1m   1012172[0m[34;1m   1811968[0m[34;1m    720820[0m[34;1m     18.95[0m[34;1m     99040[0m[34;1m   1859512[0m[34;1m   3898688[0m[31;1m    102.51[0m[34;1m   1196508[0m[34;1m   1411116[0m[34;1m        56[0m
18:46:38   [34;1m   1010660[0m[34;1m   1810456[0m[34;1m    722336[0m[34;1m     18.99[0m[34;1m     99044[0m[34;1m   1859508[0m[34;1m   3898688[0m[31;1m    102.51[0m[34;1m   1196508[0m[34;1m   1411244[0m[34;1m        44[0m
18:46:39   [34;1m   1010660[0m[34;1m   1810464[0m[34;1m    722332[0m[34;1m     18.99[0m[34;1m     99044[0m[34;1m   1859516[0m[34;1m   3898688[0m[31;1m    102.51[0m[34;1m   1196512[0m[34;1m   1411268[0m[34;1m        60[0m
18:46:40   [34;1m   1009652[0m[34;1m   1809456[0m[34;1m    723340[0m[34;1m     19.02[0m[34;1m     99044[0m[34;1m   1859516[0m[34;1m   3898688[0m[31;1m    102.51[0m[34;1m   1196512[0m[34;1m   1412288[0m[34;1m        60[0m
18:46:41   [34;1m   1009652[0m[34;1m   1809456[0m[34;1m    723340[0m[34;1m     19.02[0m[34;1m     99044[0m[34;1m   1859516[0m[34;1m   3898688[0m[31;1m    102.51[0m[34;1m   1196512[0m[34;1m   1412388[0m[34;1m        60[0m
18:46:42   [34;1m   1009652[0m[34;1m   1809456[0m[34;1m    723340[0m[34;1m     19.02[0m[34;1m     99044[0m[34;1m   1859516[0m[34;1m   3898688[0m[31;1m    102.51[0m[34;1m   1196512[0m[34;1m   1412404[0m[34;1m        60[0m
18:46:43   [34;1m   1008896[0m[34;1m   1808712[0m[34;1m    724084[0m[34;1m     19.04[0m[34;1m     99052[0m[34;1m   1859520[0m[34;1m   3898688[0m[31;1m    102.51[0m[34;1m   1196520[0m[34;1m   1412476[0m[34;1m        60[0m
18:46:44   [34;1m   1008896[0m[34;1m   1808712[0m[34;1m    724084[0m[34;1m     19.04[0m[34;1m     99052[0m[34;1m   1859520[0m[34;1m   3898688[0m[31;1m    102.51[0m[34;1m   1196520[0m[34;1m   1412476[0m[34;1m        56[0m
18:46:45   [34;1m   1008896[0m[34;1m   1808712[0m[34;1m    724084[0m[34;1m     19.04[0m[34;1m     99052[0m[34;1m   1859520[0m[34;1m   3898688[0m[31;1m    102.51[0m[34;1m   1196520[0m[34;1m   1412544[0m[34;1m        60[0m
18:46:46   [34;1m   1008896[0m[34;1m   1808712[0m[34;1m    724084[0m[34;1m     19.04[0m[34;1m     99052[0m[34;1m   1859520[0m[34;1m   3898688[0m[31;1m    102.51[0m[34;1m   1196520[0m[34;1m   1412544[0m[34;1m        60[0m
18:46:47   [34;1m   1008896[0m[34;1m   1808712[0m[34;1m    724084[0m[34;1m     19.04[0m[34;1m     99052[0m[34;1m   1859520[0m[34;1m   3898688[0m[31;1m    102.51[0m[34;1m   1196520[0m[34;1m   1412936[0m[34;1m        60[0m
18:46:48   [34;1m   1008644[0m[34;1m   1808484[0m[34;1m    724312[0m[34;1m     19.04[0m[34;1m     99064[0m[34;1m   1859532[0m[34;1m   3898688[0m[31;1m    102.51[0m[34;1m   1196532[0m[34;1m   1413072[0m[34;1m        68[0m
18:46:49   [34;1m   1008644[0m[34;1m   1808488[0m[34;1m    724304[0m[34;1m     19.04[0m[34;1m     99068[0m[34;1m   1859536[0m[34;1m   3898688[0m[31;1m    102.51[0m[34;1m   1196532[0m[34;1m   1413092[0m[34;1m        68[0m
18:46:50   [34;1m   1008644[0m[34;1m   1808492[0m[34;1m    724304[0m[34;1m     19.04[0m[34;1m     99068[0m[34;1m   1859536[0m[34;1m   3898688[0m[31;1m    102.51[0m[34;1m   1196536[0m[34;1m   1413124[0m[34;1m        56[0m
18:46:51   [34;1m   1008644[0m[34;1m   1808492[0m[34;1m    724304[0m[34;1m     19.04[0m[34;1m     99068[0m[34;1m   1859536[0m[34;1m   3898688[0m[31;1m    102.51[0m[34;1m   1196536[0m[34;1m   1413144[0m[34;1m        60[0m
18:46:52   [34;1m   1008644[0m[34;1m   1808492[0m[34;1m    724304[0m[34;1m     19.04[0m[34;1m     99068[0m[34;1m   1859536[0m[34;1m   3898688[0m[31;1m    102.51[0m[34;1m   1196536[0m[34;1m   1413160[0m[34;1m        60[0m
18:46:53   [34;1m   1008644[0m[34;1m   1808504[0m[34;1m    724292[0m[34;1m     19.04[0m[34;1m     99072[0m[34;1m   1859544[0m[34;1m   3898688[0m[31;1m    102.51[0m[34;1m   1196540[0m[34;1m   1412736[0m[34;1m        68[0m
18:46:54   [34;1m   1008644[0m[34;1m   1808504[0m[34;1m    724292[0m[34;1m     19.04[0m[34;1m     99072[0m[34;1m   1859544[0m[34;1m   3898688[0m[31;1m    102.51[0m[34;1m   1196540[0m[34;1m   1412736[0m[34;1m        68[0m
18:46:55   [34;1m   1008644[0m[34;1m   1808504[0m[34;1m    724292[0m[34;1m     19.04[0m[34;1m     99072[0m[34;1m   1859544[0m[34;1m   3898688[0m[31;1m    102.51[0m[34;1m   1196540[0m[34;1m   1412736[0m[34;1m        68[0m
18:46:56   [34;1m   1008644[0m[34;1m   1808504[0m[34;1m    724292[0m[34;1m     19.04[0m[34;1m     99072[0m[34;1m   1859544[0m[34;1m   3898688[0m[31;1m    102.51[0m[34;1m   1196540[0m[34;1m   1412736[0m[34;1m        60[0m
18:46:57   [34;1m   1008644[0m[34;1m   1808504[0m[34;1m    724292[0m[34;1m     19.04[0m[34;1m     99072[0m[34;1m   1859544[0m[34;1m   3898688[0m[31;1m    102.51[0m[34;1m   1196540[0m[34;1m   1412864[0m[34;1m        64[0m
18:46:58   [34;1m   1008644[0m[34;1m   1808508[0m[34;1m    724288[0m[34;1m     19.04[0m[34;1m     99072[0m[34;1m   1859548[0m[34;1m   3898688[0m[31;1m    102.51[0m[34;1m   1196540[0m[34;1m   1413024[0m[34;1m        64[0m
18:46:59   [34;1m   1008644[0m[34;1m   1808508[0m[34;1m    724288[0m[34;1m     19.04[0m[34;1m     99072[0m[34;1m   1859548[0m[34;1m   3898688[0m[31;1m    102.51[0m[34;1m   1196540[0m[34;1m   1413028[0m[34;1m         4[0m
18:47:00   [34;1m   1008644[0m[34;1m   1808508[0m[34;1m    724296[0m[34;1m     19.04[0m[34;1m     99072[0m[34;1m   1859548[0m[34;1m   3898688[0m[31;1m    102.51[0m[34;1m   1196540[0m[34;1m   1413028[0m[34;1m         4[0m
18:47:01   [34;1m   1008644[0m[34;1m   1808512[0m[34;1m    724292[0m[34;1m     19.04[0m[34;1m     99072[0m[34;1m   1859552[0m[34;1m   3898688[0m[31;1m    102.51[0m[34;1m   1196540[0m[34;1m   1413044[0m[34;1m        16[0m
18:47:02   [34;1m   1008644[0m[34;1m   1808512[0m[34;1m    724292[0m[34;1m     19.04[0m[34;1m     99072[0m[34;1m   1859552[0m[34;1m   3898688[0m[31;1m    102.51[0m[34;1m   1196540[0m[34;1m   1412780[0m[34;1m        12[0m
18:47:03   [34;1m   1007132[0m[34;1m   1807020[0m[34;1m    725784[0m[34;1m     19.08[0m[34;1m     99084[0m[34;1m   1859560[0m[34;1m   3898688[0m[31;1m    102.51[0m[34;1m   1196552[0m[34;1m   1412796[0m[34;1m        24[0m
18:47:04   [34;1m   1006880[0m[34;1m   1806768[0m[34;1m    726036[0m[34;1m     19.09[0m[34;1m     99084[0m[34;1m   1859560[0m[34;1m   3898688[0m[31;1m    102.51[0m[34;1m   1196552[0m[34;1m   1412600[0m[34;1m        24[0m
18:47:05   [34;1m   1006880[0m[34;1m   1806768[0m[34;1m    726036[0m[34;1m     19.09[0m[34;1m     99084[0m[34;1m   1859560[0m[34;1m   3898688[0m[31;1m    102.51[0m[34;1m   1196552[0m[34;1m   1412600[0m[34;1m        24[0m
18:47:06   [34;1m   1006880[0m[34;1m   1806768[0m[34;1m    726036[0m[34;1m     19.09[0m[34;1m     99084[0m[34;1m   1859560[0m[34;1m   3898688[0m[31;1m    102.51[0m[34;1m   1196552[0m[34;1m   1412380[0m[34;1m         8[0m
18:47:07   [34;1m   1006880[0m[34;1m   1806768[0m[34;1m    726036[0m[34;1m     19.09[0m[34;1m     99084[0m[34;1m   1859560[0m[34;1m   3898688[0m[31;1m    102.51[0m[34;1m   1196552[0m[34;1m   1412496[0m[34;1m         8[0m
18:47:08   [34;1m   1006880[0m[34;1m   1806772[0m[34;1m    726032[0m[34;1m     19.09[0m[34;1m     99088[0m[34;1m   1859564[0m[34;1m   3898688[0m[31;1m    102.51[0m[34;1m   1196552[0m[34;1m   1412612[0m[34;1m        12[0m
18:47:09   [34;1m   1006880[0m[34;1m   1806772[0m[34;1m    726032[0m[34;1m     19.09[0m[34;1m     99088[0m[34;1m   1859564[0m[34;1m   3898688[0m[31;1m    102.51[0m[34;1m   1196552[0m[34;1m   1412612[0m[34;1m        16[0m
18:47:10   [34;1m   1006880[0m[34;1m   1806772[0m[34;1m    726032[0m[34;1m     19.09[0m[34;1m     99088[0m[34;1m   1859564[0m[34;1m   3898688[0m[31;1m    102.51[0m[34;1m   1196552[0m[34;1m   1412612[0m[34;1m        16[0m
18:47:11   [34;1m   1006880[0m[34;1m   1806780[0m[34;1m    726024[0m[34;1m     19.09[0m[34;1m     99092[0m[34;1m   1859568[0m[34;1m   3898688[0m[31;1m    102.51[0m[34;1m   1196556[0m[34;1m   1412616[0m[34;1m        16[0m
18:47:12   [34;1m   1006880[0m[34;1m   1806784[0m[34;1m    726024[0m[34;1m     19.09[0m[34;1m     99092[0m[34;1m   1859568[0m[34;1m   3898688[0m[31;1m    102.51[0m[34;1m   1196560[0m[34;1m   1412616[0m[34;1m        16[0m
18:47:13   [34;1m   1006880[0m[34;1m   1806784[0m[34;1m    726024[0m[34;1m     19.09[0m[34;1m     99092[0m[34;1m   1859568[0m[34;1m   3898688[0m[31;1m    102.51[0m[34;1m   1196560[0m[34;1m   1412632[0m[34;1m         4[0m
18:47:14   [34;1m   1006880[0m[34;1m   1806784[0m[34;1m    726024[0m[34;1m     19.09[0m[34;1m     99092[0m[34;1m   1859568[0m[34;1m   3898688[0m[31;1m    102.51[0m[34;1m   1196560[0m[34;1m   1412632[0m[34;22m         0[0m
18:47:15   [34;1m   1006880[0m[34;1m   1806788[0m[34;1m    726020[0m[34;1m     19.09[0m[34;1m     99092[0m[34;1m   1859572[0m[34;1m   3898688[0m[31;1m    102.51[0m[34;1m   1196560[0m[34;1m   1412644[0m[34;1m         8[0m
18:47:16   [34;1m   1006880[0m[34;1m   1806788[0m[34;1m    726020[0m[34;1m     19.09[0m[34;1m     99092[0m[34;1m   1859572[0m[34;1m   3898688[0m[31;1m    102.51[0m[34;1m   1196560[0m[34;1m   1412644[0m[34;1m         8[0m
18:47:17   [34;1m   1006880[0m[34;1m   1806800[0m[34;1m    726008[0m[34;1m     19.09[0m[34;1m     99100[0m[34;1m   1859576[0m[34;1m   3898688[0m[31;1m    102.51[0m[34;1m   1196568[0m[34;1m   1413024[0m[34;1m        20[0m
18:47:18   [34;1m   1006880[0m[34;1m   1806820[0m[34;1m    725976[0m[34;1m     19.09[0m[34;1m     99108[0m[34;1m   1859588[0m[34;1m   3898688[0m[31;1m    102.51[0m[34;1m   1196576[0m[34;1m   1413080[0m[34;1m        32[0m
18:47:19   [34;1m   1006880[0m[34;1m   1806820[0m[34;1m    725980[0m[34;1m     19.09[0m[34;1m     99108[0m[34;1m   1859588[0m[34;1m   3898688[0m[31;1m    102.51[0m[34;1m   1196576[0m[34;1m   1413096[0m[34;1m        32[0m
18:47:20   [34;1m   1006880[0m[34;1m   1806820[0m[34;1m    725980[0m[34;1m     19.09[0m[34;1m     99108[0m[34;1m   1859588[0m[34;1m   3898688[0m[31;1m    102.51[0m[34;1m   1196576[0m[34;1m   1413096[0m[34;1m        16[0m
18:47:21   [34;1m   1006880[0m[34;1m   1806832[0m[34;1m    725968[0m[34;1m     19.09[0m[34;1m     99116[0m[34;1m   1859592[0m[34;1m   3898688[0m[31;1m    102.51[0m[34;1m   1196584[0m[34;1m   1413124[0m[34;1m        36[0m
18:47:22   [34;1m   1006640[0m[34;1m   1806592[0m[34;1m    726208[0m[34;1m     19.09[0m[34;1m     99116[0m[34;1m   1859592[0m[34;1m   3898688[0m[31;1m    102.51[0m[34;1m   1196584[0m[34;1m   1413124[0m[34;1m         4[0m
18:47:23   [34;1m   1006640[0m[34;1m   1806592[0m[34;1m    726208[0m[34;1m     19.09[0m[34;1m     99116[0m[34;1m   1859592[0m[34;1m   3898688[0m[31;1m    102.51[0m[34;1m   1196584[0m[34;1m   1413140[0m[34;1m         4[0m
18:47:24   [34;1m   1006640[0m[34;1m   1806592[0m[34;1m    726208[0m[34;1m     19.09[0m[34;1m     99116[0m[34;1m   1859592[0m[34;1m   3898688[0m[31;1m    102.51[0m[34;1m   1196584[0m[34;1m   1413140[0m[34;1m         4[0m
18:47:25   [34;1m   1006640[0m[34;1m   1806592[0m[34;1m    726208[0m[34;1m     19.09[0m[34;1m     99116[0m[34;1m   1859592[0m[34;1m   3898688[0m[31;1m    102.51[0m[34;1m   1196584[0m[34;1m   1413148[0m[34;1m         4[0m
18:47:26   [34;1m   1006640[0m[34;1m   1806592[0m[34;1m    726208[0m[34;1m     19.09[0m[34;1m     99120[0m[34;1m   1859588[0m[34;1m   3898688[0m[31;1m    102.51[0m[34;1m   1196584[0m[34;1m   1413148[0m[34;22m         0[0m
18:47:27   [34;1m   1006640[0m[34;1m   1806604[0m[34;1m    726196[0m[34;1m     19.09[0m[34;1m     99124[0m[34;1m   1859596[0m[34;1m   3898688[0m[31;1m    102.51[0m[34;1m   1196592[0m[34;1m   1413352[0m[34;1m        16[0m
18:47:28   [34;1m   1006640[0m[34;1m   1806604[0m[34;1m    726212[0m[34;1m     19.09[0m[34;1m     99124[0m[34;1m   1859596[0m[34;1m   3898688[0m[31;1m    102.51[0m[34;1m   1196592[0m[34;1m   1413444[0m[34;1m        16[0m
18:47:29   [34;1m   1006640[0m[34;1m   1806604[0m[34;1m    726212[0m[34;1m     19.09[0m[34;1m     99124[0m[34;1m   1859596[0m[34;1m   3898688[0m[31;1m    102.51[0m[34;1m   1196592[0m[34;1m   1413476[0m[34;1m        16[0m
18:47:30   [34;1m   1006640[0m[34;1m   1806604[0m[34;1m    726212[0m[34;1m     19.09[0m[34;1m     99124[0m[34;1m   1859596[0m[34;1m   3898688[0m[31;1m    102.51[0m[34;1m   1196592[0m[34;1m   1413480[0m[34;1m        16[0m
18:47:31   [34;1m   1006640[0m[34;1m   1806616[0m[34;1m    726200[0m[34;1m     19.09[0m[34;1m     99132[0m[34;1m   1859600[0m[34;1m   3898688[0m[31;1m    102.51[0m[34;1m   1196600[0m[34;1m   1413492[0m[34;1m         4[0m
18:47:32   [34;1m   1006640[0m[34;1m   1806616[0m[34;1m    726192[0m[34;1m     19.09[0m[34;1m     99132[0m[34;1m   1859600[0m[34;1m   3898688[0m[31;1m    102.51[0m[34;1m   1196600[0m[34;1m   1413336[0m[34;22m         0[0m
18:47:33   [34;1m   1006640[0m[34;1m   1806636[0m[34;1m    726172[0m[34;1m     19.09[0m[34;1m     99144[0m[34;1m   1859608[0m[34;1m   3898688[0m[31;1m    102.51[0m[34;1m   1196612[0m[34;1m   1413204[0m[34;1m        24[0m
18:47:34   [34;1m   1006640[0m[34;1m   1806636[0m[34;1m    726172[0m[34;1m     19.09[0m[34;1m     99144[0m[34;1m   1859608[0m[34;1m   3899776[0m[31;1m    102.54[0m[34;1m   1196612[0m[34;1m   1413764[0m[34;1m        24[0m
18:47:35   [34;1m   1005632[0m[34;1m   1805628[0m[34;1m    727180[0m[34;1m     19.12[0m[34;1m     99144[0m[34;1m   1859608[0m[34;1m   3899776[0m[31;1m    102.54[0m[34;1m   1196612[0m[34;1m   1413956[0m[34;1m        24[0m
18:47:36   [34;1m   1005632[0m[34;1m   1805628[0m[34;1m    727180[0m[34;1m     19.12[0m[34;1m     99144[0m[34;1m   1859608[0m[34;1m   3899776[0m[31;1m    102.54[0m[34;1m   1196612[0m[34;1m   1413728[0m[34;1m        24[0m
18:47:37   [34;1m   1005632[0m[34;1m   1805636[0m[34;1m    727168[0m[34;1m     19.12[0m[34;1m     99148[0m[34;1m   1859616[0m[34;1m   3899776[0m[31;1m    102.54[0m[34;1m   1196612[0m[34;1m   1413688[0m[34;1m        28[0m
18:47:38   [34;1m   1005632[0m[34;1m   1805640[0m[34;1m    727168[0m[34;1m     19.12[0m[34;1m     99148[0m[34;1m   1859616[0m[34;1m   3899776[0m[31;1m    102.54[0m[34;1m   1196616[0m[34;1m   1413872[0m[34;22m         0[0m
18:47:39   [34;1m   1005632[0m[34;1m   1805640[0m[34;1m    727172[0m[34;1m     19.12[0m[34;1m     99148[0m[34;1m   1859616[0m[34;1m   3900672[0m[31;1m    102.56[0m[34;1m   1196616[0m[34;1m   1413576[0m[34;1m         4[0m
18:47:40   [34;1m   1005632[0m[34;1m   1805640[0m[34;1m    727172[0m[34;1m     19.12[0m[34;1m     99148[0m[34;1m   1859616[0m[34;1m   3900672[0m[31;1m    102.56[0m[34;1m   1196616[0m[34;1m   1413592[0m[34;1m         4[0m
18:47:41   [34;1m   1005632[0m[34;1m   1805644[0m[34;1m    727160[0m[34;1m     19.12[0m[34;1m     99156[0m[34;1m   1859620[0m[34;1m   3900672[0m[31;1m    102.56[0m[34;1m   1196616[0m[34;1m   1413656[0m[34;1m        28[0m
18:47:42   [34;1m   1005632[0m[34;1m   1805644[0m[34;1m    727160[0m[34;1m     19.12[0m[34;1m     99156[0m[34;1m   1859620[0m[34;1m   3900672[0m[31;1m    102.56[0m[34;1m   1196616[0m[34;1m   1413656[0m[34;1m        28[0m
18:47:43   [34;1m   1004876[0m[34;1m   1804896[0m[34;1m    727912[0m[34;1m     19.14[0m[34;1m     99156[0m[34;1m   1859620[0m[34;1m   3900672[0m[31;1m    102.56[0m[34;1m   1196624[0m[34;1m   1413676[0m[34;1m        28[0m
18:47:44   [34;1m   1004876[0m[34;1m   1804896[0m[34;1m    727912[0m[34;1m     19.14[0m[34;1m     99156[0m[34;1m   1859620[0m[34;1m   3900672[0m[31;1m    102.56[0m[34;1m   1196624[0m[34;1m   1411828[0m[34;1m        28[0m
18:47:45   [34;1m   1004876[0m[34;1m   1804896[0m[34;1m    727912[0m[34;1m     19.14[0m[34;1m     99156[0m[34;1m   1859620[0m[34;1m   3900672[0m[31;1m    102.56[0m[34;1m   1196624[0m[34;1m   1411828[0m[34;1m        28[0m
18:47:46   [34;1m   1004876[0m[34;1m   1804896[0m[34;1m    727912[0m[34;1m     19.14[0m[34;1m     99164[0m[34;1m   1859612[0m[34;1m   3900672[0m[31;1m    102.56[0m[34;1m   1196624[0m[34;1m   1411828[0m[34;1m        28[0m
18:47:47   [34;1m   1004876[0m[34;1m   1804916[0m[34;1m    727892[0m[34;1m     19.14[0m[34;1m     99172[0m[34;1m   1859624[0m[34;1m   3900672[0m[31;1m    102.56[0m[34;1m   1196640[0m[34;1m   1411896[0m[34;1m        16[0m
18:47:48   [34;1m   1003112[0m[34;1m   1803188[0m[34;1m    729616[0m[34;1m     19.18[0m[34;1m     99188[0m[34;1m   1859632[0m[34;1m   3900672[0m[31;1m    102.56[0m[34;1m   1196656[0m[34;1m   1412292[0m[34;1m        24[0m
18:47:49   [34;1m   1003112[0m[34;1m   1803188[0m[34;1m    729616[0m[34;1m     19.18[0m[34;1m     99188[0m[34;1m   1859632[0m[34;1m   3900672[0m[31;1m    102.56[0m[34;1m   1196656[0m[34;1m   1412300[0m[34;1m        24[0m
18:47:50   [34;1m   1003112[0m[34;1m   1803188[0m[34;1m    729616[0m[34;1m     19.18[0m[34;1m     99188[0m[34;1m   1859632[0m[34;1m   3900672[0m[31;1m    102.56[0m[34;1m   1196656[0m[34;1m   1412300[0m[34;1m        24[0m
18:47:51   [34;1m   1003112[0m[34;1m   1803192[0m[34;1m    729608[0m[34;1m     19.18[0m[34;1m     99192[0m[34;1m   1859636[0m[34;1m   3900672[0m[31;1m    102.56[0m[34;1m   1196656[0m[34;1m   1412304[0m[34;1m        20[0m
18:47:52   [34;1m   1002864[0m[34;1m   1802948[0m[34;1m    729856[0m[34;1m     19.19[0m[34;1m     99192[0m[34;1m   1859636[0m[34;1m   3900672[0m[31;1m    102.56[0m[34;1m   1196660[0m[34;1m   1412000[0m[34;1m         4[0m
18:47:53   [34;1m   1000848[0m[34;1m   1800932[0m[34;1m    731876[0m[34;1m     19.24[0m[34;1m     99192[0m[34;1m   1859636[0m[34;1m   3900672[0m[31;1m    102.56[0m[34;1m   1196660[0m[34;1m   1412008[0m[34;1m         4[0m
18:47:54   [34;1m   1000848[0m[34;1m   1800932[0m[34;1m    731876[0m[34;1m     19.24[0m[34;1m     99192[0m[34;1m   1859636[0m[34;1m   3900672[0m[31;1m    102.56[0m[34;1m   1196660[0m[34;1m   1412008[0m[34;1m         4[0m
18:47:55   [34;1m   1000848[0m[34;1m   1800944[0m[34;1m    731864[0m[34;1m     19.24[0m[34;1m     99200[0m[34;1m   1859640[0m[34;1m   3900672[0m[31;1m    102.56[0m[34;1m   1196668[0m[34;1m   1412036[0m[34;1m        16[0m
18:47:56   [34;1m   1000848[0m[34;1m   1800944[0m[34;1m    731864[0m[34;1m     19.24[0m[34;1m     99200[0m[34;1m   1859640[0m[34;1m   3900672[0m[31;1m    102.56[0m[34;1m   1196668[0m[34;1m   1412036[0m[34;1m        12[0m
18:47:57   [34;1m   1000848[0m[34;1m   1800944[0m[34;1m    731860[0m[34;1m     19.24[0m[34;1m     99200[0m[34;1m   1859644[0m[34;1m   3900672[0m[31;1m    102.56[0m[34;1m   1196668[0m[34;1m   1412036[0m[34;1m        20[0m
18:47:58   [34;1m    999840[0m[34;1m   1799940[0m[34;1m    732864[0m[34;1m     19.27[0m[34;1m     99200[0m[34;1m   1859644[0m[34;1m   3900672[0m[31;1m    102.56[0m[34;1m   1196668[0m[34;1m   1412332[0m[34;1m        20[0m
18:47:59   [34;1m    999840[0m[34;1m   1799944[0m[34;1m    732864[0m[34;1m     19.27[0m[34;1m     99200[0m[34;1m   1859648[0m[34;1m   3900672[0m[31;1m    102.56[0m[34;1m   1196668[0m[34;1m   1412352[0m[34;1m        20[0m
18:48:00   [34;1m    999840[0m[34;1m   1799944[0m[34;1m    732864[0m[34;1m     19.27[0m[34;1m     99200[0m[34;1m   1859648[0m[34;1m   3900672[0m[31;1m    102.56[0m[34;1m   1196668[0m[34;1m   1412352[0m[34;1m         8[0m
18:48:01   [34;1m    999840[0m[34;1m   1799944[0m[34;1m    732864[0m[34;1m     19.27[0m[34;1m     99200[0m[34;1m   1859648[0m[34;1m   3900672[0m[31;1m    102.56[0m[34;1m   1196668[0m[34;1m   1411760[0m[34;1m         8[0m
18:48:02   [34;1m    999840[0m[34;1m   1799944[0m[34;1m    732864[0m[34;1m     19.27[0m[34;1m     99200[0m[34;1m   1859648[0m[34;1m   3900672[0m[31;1m    102.56[0m[34;1m   1196668[0m[34;1m   1411560[0m[34;22m         0[0m
18:48:03   [34;1m    999840[0m[34;1m   1799960[0m[34;1m    732840[0m[34;1m     19.27[0m[34;1m     99204[0m[34;1m   1859660[0m[34;1m   3900672[0m[31;1m    102.56[0m[34;1m   1196672[0m[34;1m   1411328[0m[34;1m        40[0m
18:48:04   [34;1m    999840[0m[34;1m   1799960[0m[34;1m    732840[0m[34;1m     19.27[0m[34;1m     99204[0m[34;1m   1859660[0m[34;1m   3900672[0m[31;1m    102.56[0m[34;1m   1196672[0m[34;1m   1411236[0m[34;1m        40[0m
18:48:05   [34;1m    999840[0m[34;1m   1799964[0m[34;1m    732828[0m[34;1m     19.27[0m[34;1m     99212[0m[34;1m   1859664[0m[34;1m   3900672[0m[31;1m    102.56[0m[34;1m   1196672[0m[34;1m   1411240[0m[34;1m        40[0m
18:48:06   [34;1m    999840[0m[34;1m   1799972[0m[34;1m    732828[0m[34;1m     19.27[0m[34;1m     99212[0m[34;1m   1859664[0m[34;1m   3900672[0m[31;1m    102.56[0m[34;1m   1196680[0m[34;1m   1410956[0m[34;1m        40[0m
18:48:07   [34;1m    999840[0m[34;1m   1799972[0m[34;1m    732824[0m[34;1m     19.27[0m[34;1m     99212[0m[34;1m   1859664[0m[34;1m   3900672[0m[31;1m    102.56[0m[34;1m   1196680[0m[34;1m   1410968[0m[34;1m        40[0m
18:48:08   [34;1m    999840[0m[34;1m   1799972[0m[34;1m    732828[0m[34;1m     19.27[0m[34;1m     99212[0m[34;1m   1859664[0m[34;1m   3900672[0m[31;1m    102.56[0m[34;1m   1196680[0m[34;1m   1411148[0m[34;1m        40[0m
18:48:09   [34;1m    999840[0m[34;1m   1799980[0m[34;1m    732820[0m[34;1m     19.27[0m[34;1m     99216[0m[34;1m   1859668[0m[34;1m   3900672[0m[31;1m    102.56[0m[34;1m   1196684[0m[34;1m   1411152[0m[34;1m        32[0m
18:48:10   [34;1m    999840[0m[34;1m   1799980[0m[34;1m    732820[0m[34;1m     19.27[0m[34;1m     99216[0m[34;1m   1859668[0m[34;1m   3900672[0m[31;1m    102.56[0m[34;1m   1196684[0m[34;1m   1411152[0m[34;1m        32[0m
18:48:11   [34;1m    999840[0m[34;1m   1799980[0m[34;1m    732820[0m[34;1m     19.27[0m[34;1m     99216[0m[34;1m   1859668[0m[34;1m   3900672[0m[31;1m    102.56[0m[34;1m   1196684[0m[34;1m   1411160[0m[34;1m        32[0m
18:48:12   [34;1m    999840[0m[34;1m   1799980[0m[34;1m    732820[0m[34;1m     19.27[0m[34;1m     99216[0m[34;1m   1859668[0m[34;1m   3900672[0m[31;1m    102.56[0m[34;1m   1196684[0m[34;1m   1411164[0m[34;1m        32[0m
18:48:13   [34;1m    999840[0m[34;1m   1799980[0m[34;1m    732816[0m[34;1m     19.27[0m[34;1m     99216[0m[34;1m   1859668[0m[34;1m   3900672[0m[31;1m    102.56[0m[34;1m   1196684[0m[34;1m   1411188[0m[34;1m        32[0m
18:48:14   [34;1m    999840[0m[34;1m   1799980[0m[34;1m    732816[0m[34;1m     19.27[0m[34;1m     99216[0m[34;1m   1859668[0m[34;1m   3900672[0m[31;1m    102.56[0m[34;1m   1196684[0m[34;1m   1411188[0m[34;1m        32[0m
18:48:15   [34;1m    999840[0m[34;1m   1799988[0m[34;1m    732808[0m[34;1m     19.27[0m[34;1m     99220[0m[34;1m   1859672[0m[34;1m   3900672[0m[31;1m    102.56[0m[34;1m   1196688[0m[34;1m   1411196[0m[34;1m        16[0m
18:48:16   [34;1m    999840[0m[34;1m   1799988[0m[34;1m    732808[0m[34;1m     19.27[0m[34;1m     99220[0m[34;1m   1859672[0m[34;1m   3900672[0m[31;1m    102.56[0m[34;1m   1196688[0m[34;1m   1411196[0m[34;1m        16[0m
18:48:17   [34;1m    999840[0m[34;1m   1799988[0m[34;1m    732808[0m[34;1m     19.27[0m[34;1m     99220[0m[34;1m   1859672[0m[34;1m   3900672[0m[31;1m    102.56[0m[34;1m   1196688[0m[34;1m   1411196[0m[34;1m        16[0m
18:48:18   [34;1m    997836[0m[34;1m   1798008[0m[34;1m    734784[0m[34;1m     19.32[0m[34;1m     99236[0m[34;1m   1859680[0m[34;1m   3900672[0m[31;1m    102.56[0m[34;1m   1196704[0m[34;1m   1411884[0m[34;1m        24[0m
18:48:19   [34;1m    997836[0m[34;1m   1798012[0m[34;1m    734768[0m[34;1m     19.32[0m[34;1m     99244[0m[34;1m   1859688[0m[34;1m   3900672[0m[31;1m    102.56[0m[34;1m   1196704[0m[34;1m   1411936[0m[34;1m        28[0m
18:48:20   [34;1m    997836[0m[34;1m   1798024[0m[34;1m    734768[0m[34;1m     19.32[0m[34;1m     99244[0m[34;1m   1859688[0m[34;1m   3900672[0m[31;1m    102.56[0m[34;1m   1196712[0m[34;1m   1411952[0m[34;22m         0[0m
18:48:21   [34;1m    997836[0m[34;1m   1798024[0m[34;1m    734768[0m[34;1m     19.32[0m[34;1m     99244[0m[34;1m   1859688[0m[34;1m   3900672[0m[31;1m    102.56[0m[34;1m   1196712[0m[34;1m   1411952[0m[34;1m         4[0m
18:48:22   [34;1m    997836[0m[34;1m   1798024[0m[34;1m    734768[0m[34;1m     19.32[0m[34;1m     99244[0m[34;1m   1859688[0m[34;1m   3900672[0m[31;1m    102.56[0m[34;1m   1196712[0m[34;1m   1411960[0m[34;1m         4[0m
18:48:23   [34;1m    996072[0m[34;1m   1796260[0m[34;1m    736528[0m[34;1m     19.37[0m[34;1m     99244[0m[34;1m   1859688[0m[34;1m   3900672[0m[31;1m    102.56[0m[34;1m   1196712[0m[34;1m   1411960[0m[34;1m         4[0m
18:48:24   [34;1m    996072[0m[34;1m   1796260[0m[34;1m    736528[0m[34;1m     19.37[0m[34;1m     99248[0m[34;1m   1859684[0m[34;1m   3900672[0m[31;1m    102.56[0m[34;1m   1196712[0m[34;1m   1411960[0m[34;1m         4[0m
18:48:25   [34;1m    996072[0m[34;1m   1796268[0m[34;1m    736516[0m[34;1m     19.37[0m[34;1m     99252[0m[34;1m   1859692[0m[34;1m   3900672[0m[31;1m    102.56[0m[34;1m   1196716[0m[34;1m   1411968[0m[34;1m        28[0m
18:48:26   [34;1m    996072[0m[34;1m   1796268[0m[34;1m    736516[0m[34;1m     19.37[0m[34;1m     99252[0m[34;1m   1859692[0m[34;1m   3900672[0m[31;1m    102.56[0m[34;1m   1196716[0m[34;1m   1411968[0m[34;1m        24[0m
18:48:27   [34;1m    996072[0m[34;1m   1796272[0m[34;1m    736516[0m[34;1m     19.37[0m[34;1m     99252[0m[34;1m   1859692[0m[34;1m   3900672[0m[31;1m    102.56[0m[34;1m   1196720[0m[34;1m   1411968[0m[34;1m        28[0m
18:48:28   [34;1m    995064[0m[34;1m   1795264[0m[34;1m    737508[0m[34;1m     19.39[0m[34;1m     99252[0m[34;1m   1859692[0m[34;1m   3900672[0m[31;1m    102.56[0m[34;1m   1196720[0m[34;1m   1412260[0m[34;1m        28[0m
18:48:29   [34;1m    995064[0m[34;1m   1795276[0m[34;1m    737496[0m[34;1m     19.39[0m[34;1m     99260[0m[34;1m   1859696[0m[34;1m   3900672[0m[31;1m    102.56[0m[34;1m   1196728[0m[34;1m   1412264[0m[34;1m        28[0m
18:48:30   [34;1m    995064[0m[34;1m   1795276[0m[34;1m    737496[0m[34;1m     19.39[0m[34;1m     99260[0m[34;1m   1859696[0m[34;1m   3900672[0m[31;1m    102.56[0m[34;1m   1196728[0m[34;1m   1412264[0m[34;1m         4[0m
18:48:31   [34;1m    995064[0m[34;1m   1795276[0m[34;1m    737504[0m[34;1m     19.39[0m[34;1m     99260[0m[34;1m   1859696[0m[34;1m   3900672[0m[31;1m    102.56[0m[34;1m   1196728[0m[34;1m   1412232[0m[34;1m         4[0m
18:48:32   [34;1m    994812[0m[34;1m   1795024[0m[34;1m    737756[0m[34;1m     19.40[0m[34;1m     99260[0m[34;1m   1859696[0m[34;1m   3900672[0m[31;1m    102.56[0m[34;1m   1196728[0m[34;1m   1411932[0m[34;1m         4[0m
18:48:33   [34;1m    994812[0m[34;1m   1795040[0m[34;1m    737740[0m[34;1m     19.40[0m[34;1m     99264[0m[34;1m   1859708[0m[34;1m   3900672[0m[31;1m    102.56[0m[34;1m   1196732[0m[34;1m   1411804[0m[34;1m        28[0m
18:48:34   [34;1m    994812[0m[34;1m   1795040[0m[34;1m    737740[0m[34;1m     19.40[0m[34;1m     99264[0m[34;1m   1859708[0m[34;1m   3900672[0m[31;1m    102.56[0m[34;1m   1196732[0m[34;1m   1411556[0m[34;1m        28[0m
18:48:35   [34;1m    990024[0m[34;1m   1790256[0m[34;1m    742512[0m[34;1m     19.52[0m[34;1m     99264[0m[34;1m   1859712[0m[34;1m   3900672[0m[31;1m    102.56[0m[34;1m   1196732[0m[34;1m   1411564[0m[34;1m        28[0m
18:48:36   [34;1m    990024[0m[34;1m   1790256[0m[34;1m    742512[0m[34;1m     19.52[0m[34;1m     99264[0m[34;1m   1859712[0m[34;1m   3900672[0m[31;1m    102.56[0m[34;1m   1196732[0m[34;1m   1411304[0m[34;1m        28[0m
18:48:37   [34;1m    990024[0m[34;1m   1790256[0m[34;1m    742512[0m[34;1m     19.52[0m[34;1m     99264[0m[34;1m   1859712[0m[34;1m   3900672[0m[31;1m    102.56[0m[34;1m   1196732[0m[34;1m   1411324[0m[34;1m        28[0m
18:48:38   [34;1m    990024[0m[34;1m   1790256[0m[34;1m    742524[0m[34;1m     19.52[0m[34;1m     99264[0m[34;1m   1859712[0m[34;1m   3900672[0m[31;1m    102.56[0m[34;1m   1196732[0m[34;1m   1411496[0m[34;22m         0[0m
18:48:39   [34;1m    990024[0m[34;1m   1790260[0m[34;1m    742520[0m[34;1m     19.52[0m[34;1m     99268[0m[34;1m   1859716[0m[34;1m   3900672[0m[31;1m    102.56[0m[34;1m   1196732[0m[34;1m   1411500[0m[34;1m        32[0m
18:48:40   [34;1m    990024[0m[34;1m   1790260[0m[34;1m    742524[0m[34;1m     19.52[0m[34;1m     99268[0m[34;1m   1859716[0m[34;1m   3900672[0m[31;1m    102.56[0m[34;1m   1196732[0m[34;1m   1411500[0m[34;1m        32[0m
18:48:41   [34;1m    990024[0m[34;1m   1790268[0m[34;1m    742520[0m[34;1m     19.52[0m[34;1m     99268[0m[34;1m   1859720[0m[34;1m   3900672[0m[31;1m    102.56[0m[34;1m   1196736[0m[34;1m   1411512[0m[34;1m        36[0m
18:48:42   [34;1m    990024[0m[34;1m   1790268[0m[34;1m    742520[0m[34;1m     19.52[0m[34;1m     99268[0m[34;1m   1859720[0m[34;1m   3900672[0m[31;1m    102.56[0m[34;1m   1196736[0m[34;1m   1411216[0m[34;1m        36[0m
18:48:43   [34;1m    990024[0m[34;1m   1790272[0m[34;1m    742516[0m[34;1m     19.52[0m[34;1m     99268[0m[34;1m   1859724[0m[34;1m   3900672[0m[31;1m    102.56[0m[34;1m   1196736[0m[34;1m   1411228[0m[34;1m        36[0m
18:48:44   [34;1m    990024[0m[34;1m   1790272[0m[34;1m    742516[0m[34;1m     19.52[0m[34;1m     99268[0m[34;1m   1859724[0m[34;1m   3900672[0m[31;1m    102.56[0m[34;1m   1196736[0m[34;1m   1411228[0m[34;22m         0[0m
18:48:45   [34;1m    990024[0m[34;1m   1790272[0m[34;1m    742516[0m[34;1m     19.52[0m[34;1m     99268[0m[34;1m   1859724[0m[34;1m   3900672[0m[31;1m    102.56[0m[34;1m   1196736[0m[34;1m   1411252[0m[34;1m         4[0m
18:48:46   [34;1m    990024[0m[34;1m   1790272[0m[34;1m    742516[0m[34;1m     19.52[0m[34;1m     99268[0m[34;1m   1859724[0m[34;1m   3900672[0m[31;1m    102.56[0m[34;1m   1196736[0m[34;1m   1411252[0m[34;1m         4[0m
18:48:47   [34;1m    990024[0m[34;1m   1790272[0m[34;1m    742516[0m[34;1m     19.52[0m[34;1m     99268[0m[34;1m   1859724[0m[34;1m   3900672[0m[31;1m    102.56[0m[34;1m   1196736[0m[34;1m   1411288[0m[34;1m         4[0m
18:48:48   [34;1m    990024[0m[34;1m   1790280[0m[34;1m    742496[0m[34;1m     19.52[0m[34;1m     99272[0m[34;1m   1859728[0m[34;1m   3900672[0m[31;1m    102.56[0m[34;1m   1196740[0m[34;1m   1411772[0m[34;1m        36[0m
18:48:49   [34;1m    990024[0m[34;1m   1790284[0m[34;1m    742488[0m[34;1m     19.52[0m[34;1m     99276[0m[34;1m   1859732[0m[34;1m   3900672[0m[31;1m    102.56[0m[34;1m   1196740[0m[34;1m   1411792[0m[34;1m        36[0m
18:48:50   [34;1m    990024[0m[34;1m   1790284[0m[34;1m    742484[0m[34;1m     19.52[0m[34;1m     99276[0m[34;1m   1859732[0m[34;1m   3900672[0m[31;1m    102.56[0m[34;1m   1196740[0m[34;1m   1411792[0m[34;1m        36[0m
18:48:51   [34;1m    990024[0m[34;1m   1790288[0m[34;1m    742484[0m[34;1m     19.52[0m[34;1m     99276[0m[34;1m   1859732[0m[34;1m   3900672[0m[31;1m    102.56[0m[34;1m   1196744[0m[34;1m   1411824[0m[34;1m        32[0m
18:48:52   [34;1m    990024[0m[34;1m   1790288[0m[34;1m    742484[0m[34;1m     19.52[0m[34;1m     99276[0m[34;1m   1859732[0m[34;1m   3900672[0m[31;1m    102.56[0m[34;1m   1196744[0m[34;1m   1411832[0m[34;1m        32[0m
18:48:53   [34;1m    990024[0m[34;1m   1790292[0m[34;1m    742488[0m[34;1m     19.52[0m[34;1m     99276[0m[34;1m   1859736[0m[34;1m   3900672[0m[31;1m    102.56[0m[34;1m   1196744[0m[34;1m   1411852[0m[34;1m        16[0m
18:48:54   [34;1m    990024[0m[34;1m   1790292[0m[34;1m    742496[0m[34;1m     19.52[0m[34;1m     99276[0m[34;1m   1859736[0m[34;1m   3900672[0m[31;1m    102.56[0m[34;1m   1196744[0m[34;1m   1412116[0m[34;1m        16[0m
18:48:55   [34;1m    990024[0m[34;1m   1790292[0m[34;1m    742496[0m[34;1m     19.52[0m[34;1m     99276[0m[34;1m   1859736[0m[34;1m   3900672[0m[31;1m    102.56[0m[34;1m   1196744[0m[34;1m   1412180[0m[34;1m        16[0m
18:48:56   [34;1m    990024[0m[34;1m   1790292[0m[34;1m    742496[0m[34;1m     19.52[0m[34;1m     99276[0m[34;1m   1859736[0m[34;1m   3900672[0m[31;1m    102.56[0m[34;1m   1196744[0m[34;1m   1412188[0m[34;1m        16[0m
18:48:57   [34;1m    990024[0m[34;1m   1790296[0m[34;1m    742484[0m[34;1m     19.52[0m[34;1m     99284[0m[34;1m   1859740[0m[34;1m   3900672[0m[31;1m    102.56[0m[34;1m   1196744[0m[34;1m   1412244[0m[34;1m        12[0m
18:48:58   [34;1m    989016[0m[34;1m   1789296[0m[34;1m    743492[0m[34;1m     19.55[0m[34;1m     99284[0m[34;1m   1859740[0m[34;1m   3900672[0m[31;1m    102.56[0m[34;1m   1196752[0m[34;1m   1412184[0m[34;1m        16[0m
18:48:59   [34;1m    989016[0m[34;1m   1789296[0m[34;1m    743492[0m[34;1m     19.55[0m[34;1m     99284[0m[34;1m   1859740[0m[34;1m   3900672[0m[31;1m    102.56[0m[34;1m   1196752[0m[34;1m   1412260[0m[34;1m         4[0m
18:49:00   [34;1m    989016[0m[34;1m   1789296[0m[34;1m    743492[0m[34;1m     19.55[0m[34;1m     99284[0m[34;1m   1859740[0m[34;1m   3900672[0m[31;1m    102.56[0m[34;1m   1196752[0m[34;1m   1412260[0m[34;1m         4[0m
18:49:01   [34;1m    989016[0m[34;1m   1789300[0m[34;1m    743476[0m[34;1m     19.55[0m[34;1m     99288[0m[34;1m   1859748[0m[34;1m   3900672[0m[31;1m    102.56[0m[34;1m   1196752[0m[34;1m   1412264[0m[34;1m        20[0m
18:49:02   [34;1m    989016[0m[34;1m   1789308[0m[34;1m    743476[0m[34;1m     19.55[0m[34;1m     99288[0m[34;1m   1859748[0m[34;1m   3900672[0m[31;1m    102.56[0m[34;1m   1196756[0m[34;1m   1411992[0m[34;1m        20[0m
18:49:03   [34;1m    988512[0m[34;1m   1788808[0m[34;1m    743972[0m[34;1m     19.56[0m[34;1m     99288[0m[34;1m   1859752[0m[34;1m   3900672[0m[31;1m    102.56[0m[34;1m   1196756[0m[34;1m   1411848[0m[34;1m        20[0m
18:49:04   [34;1m    988512[0m[34;1m   1788808[0m[34;1m    743972[0m[34;1m     19.56[0m[34;1m     99288[0m[34;1m   1859752[0m[34;1m   3900672[0m[31;1m    102.56[0m[34;1m   1196756[0m[34;1m   1411628[0m[34;1m        24[0m
18:49:05   [34;1m    988512[0m[34;1m   1788808[0m[34;1m    743972[0m[34;1m     19.56[0m[34;1m     99288[0m[34;1m   1859752[0m[34;1m   3900672[0m[31;1m    102.56[0m[34;1m   1196756[0m[34;1m   1411628[0m[34;1m        24[0m
18:49:06   [34;1m    988512[0m[34;1m   1788808[0m[34;1m    743972[0m[34;1m     19.56[0m[34;1m     99288[0m[34;1m   1859752[0m[34;1m   3900672[0m[31;1m    102.56[0m[34;1m   1196756[0m[34;1m   1411348[0m[34;1m        24[0m
18:49:07   [34;1m    988512[0m[34;1m   1788812[0m[34;1m    743968[0m[34;1m     19.56[0m[34;1m     99296[0m[34;1m   1859748[0m[34;1m   3900672[0m[31;1m    102.56[0m[34;1m   1196760[0m[34;1m   1411376[0m[34;1m        12[0m
18:49:08   [34;1m    988512[0m[34;1m   1788820[0m[34;1m    743960[0m[34;1m     19.56[0m[34;1m     99296[0m[34;1m   1859756[0m[34;1m   3900672[0m[31;1m    102.56[0m[34;1m   1196764[0m[34;1m   1411572[0m[34;1m        12[0m
18:49:09   [34;1m    988512[0m[34;1m   1788820[0m[34;1m    743960[0m[34;1m     19.56[0m[34;1m     99296[0m[34;1m   1859756[0m[34;1m   3900672[0m[31;1m    102.56[0m[34;1m   1196764[0m[34;1m   1411572[0m[34;1m        12[0m
18:49:10   [34;1m    988512[0m[34;1m   1788820[0m[34;1m    743960[0m[34;1m     19.56[0m[34;1m     99296[0m[34;1m   1859756[0m[34;1m   3900672[0m[31;1m    102.56[0m[34;1m   1196764[0m[34;1m   1411592[0m[34;1m        16[0m
18:49:11   [34;1m    988512[0m[34;1m   1788820[0m[34;1m    743960[0m[34;1m     19.56[0m[34;1m     99296[0m[34;1m   1859756[0m[34;1m   3900672[0m[31;1m    102.56[0m[34;1m   1196764[0m[34;1m   1411292[0m[34;1m        16[0m
18:49:12   [34;1m    988512[0m[34;1m   1788824[0m[34;1m    743960[0m[34;1m     19.56[0m[34;1m     99296[0m[34;1m   1859760[0m[34;1m   3900672[0m[31;1m    102.56[0m[34;1m   1196764[0m[34;1m   1411144[0m[34;1m         4[0m
18:49:13   [34;1m    988512[0m[34;1m   1788824[0m[34;1m    743968[0m[34;1m     19.56[0m[34;1m     99296[0m[34;1m   1859760[0m[34;1m   3900672[0m[31;1m    102.56[0m[34;1m   1196764[0m[34;1m   1411144[0m[34;1m         4[0m
18:49:14   [34;1m    988512[0m[34;1m   1788832[0m[34;1m    743960[0m[34;1m     19.56[0m[34;1m     99300[0m[34;1m   1859764[0m[34;1m   3900672[0m[31;1m    102.56[0m[34;1m   1196768[0m[34;1m   1411168[0m[34;1m        16[0m
18:49:15   [34;1m    988288[0m[34;1m   1788608[0m[34;1m    744184[0m[34;1m     19.57[0m[34;1m     99304[0m[34;1m   1859760[0m[34;1m   3900672[0m[31;1m    102.56[0m[34;1m   1196768[0m[34;1m   1411168[0m[34;1m        12[0m
18:49:16   [34;1m    988288[0m[34;1m   1788616[0m[34;1m    744176[0m[34;1m     19.57[0m[34;1m     99304[0m[34;1m   1859768[0m[34;1m   3900672[0m[31;1m    102.56[0m[34;1m   1196772[0m[34;1m   1411172[0m[34;1m        16[0m
18:49:17   [34;1m    988288[0m[34;1m   1788616[0m[34;1m    744176[0m[34;1m     19.57[0m[34;1m     99304[0m[34;1m   1859768[0m[34;1m   3900672[0m[31;1m    102.56[0m[34;1m   1196772[0m[34;1m   1411176[0m[34;1m        16[0m
18:49:18   [34;1m    988288[0m[34;1m   1788616[0m[34;1m    744172[0m[34;1m     19.57[0m[34;1m     99304[0m[34;1m   1859768[0m[34;1m   3900672[0m[31;1m    102.56[0m[34;1m   1196772[0m[34;1m   1411560[0m[34;1m        20[0m
18:49:19   [34;1m    988288[0m[34;1m   1788616[0m[34;1m    744172[0m[34;1m     19.57[0m[34;1m     99308[0m[34;1m   1859764[0m[34;1m   3900672[0m[31;1m    102.56[0m[34;1m   1196772[0m[34;1m   1411612[0m[34;1m         8[0m
18:49:20   [34;1m    988288[0m[34;1m   1788620[0m[34;1m    744164[0m[34;1m     19.57[0m[34;1m     99308[0m[34;1m   1859772[0m[34;1m   3900672[0m[31;1m    102.56[0m[34;1m   1196772[0m[34;1m   1411660[0m[34;1m        24[0m
18:49:21   [34;1m    988288[0m[34;1m   1788620[0m[34;1m    744164[0m[34;1m     19.57[0m[34;1m     99308[0m[34;1m   1859772[0m[34;1m   3900672[0m[31;1m    102.56[0m[34;1m   1196772[0m[34;1m   1411660[0m[34;1m        16[0m
18:49:22   [34;1m    988288[0m[34;1m   1788624[0m[34;1m    744164[0m[34;1m     19.57[0m[34;1m     99308[0m[34;1m   1859772[0m[34;1m   3900672[0m[31;1m    102.56[0m[34;1m   1196776[0m[34;1m   1411660[0m[34;1m        20[0m
18:49:23   [34;1m    988288[0m[34;1m   1788624[0m[34;1m    744156[0m[34;1m     19.57[0m[34;1m     99308[0m[34;1m   1859772[0m[34;1m   3900672[0m[31;1m    102.56[0m[34;1m   1196776[0m[34;1m   1411660[0m[34;1m        20[0m
18:49:24   [34;1m    988288[0m[34;1m   1788632[0m[34;1m    744148[0m[34;1m     19.57[0m[34;1m     99308[0m[34;1m   1859780[0m[34;1m   3900672[0m[31;1m    102.56[0m[34;1m   1196776[0m[34;1m   1411668[0m[34;1m        24[0m
18:49:25   [34;1m    988288[0m[34;1m   1788632[0m[34;1m    744148[0m[34;1m     19.57[0m[34;1m     99308[0m[34;1m   1859780[0m[34;1m   3900672[0m[31;1m    102.56[0m[34;1m   1196776[0m[34;1m   1411676[0m[34;1m         8[0m
18:49:26   [34;1m    988288[0m[34;1m   1788632[0m[34;1m    744148[0m[34;1m     19.57[0m[34;1m     99308[0m[34;1m   1859780[0m[34;1m   3900672[0m[31;1m    102.56[0m[34;1m   1196776[0m[34;1m   1411684[0m[34;1m         8[0m
18:49:27   [34;1m    988288[0m[34;1m   1788632[0m[34;1m    744148[0m[34;1m     19.57[0m[34;1m     99308[0m[34;1m   1859780[0m[34;1m   3900672[0m[31;1m    102.56[0m[34;1m   1196776[0m[34;1m   1411688[0m[34;22m         0[0m
18:49:28   [34;1m    987280[0m[34;1m   1787624[0m[34;1m    745164[0m[34;1m     19.59[0m[34;1m     99308[0m[34;1m   1859780[0m[34;1m   3900672[0m[31;1m    102.56[0m[34;1m   1196776[0m[34;1m   1411988[0m[34;1m         4[0m
18:49:29   [34;1m    987280[0m[34;1m   1787628[0m[34;1m    745148[0m[34;1m     19.59[0m[34;1m     99324[0m[34;1m   1859780[0m[34;1m   3900672[0m[31;1m    102.56[0m[34;1m   1196776[0m[34;1m   1411988[0m[34;1m        28[0m
18:49:30   [34;1m    984508[0m[34;1m   1784884[0m[34;1m    747892[0m[34;1m     19.66[0m[34;1m     99324[0m[34;1m   1859784[0m[34;1m   3900672[0m[31;1m    102.56[0m[34;1m   1196824[0m[34;1m   1411984[0m[34;1m        28[0m
18:49:31   [34;1m    984508[0m[34;1m   1784884[0m[34;1m    747892[0m[34;1m     19.66[0m[34;1m     99324[0m[34;1m   1859784[0m[34;1m   3900672[0m[31;1m    102.56[0m[34;1m   1196828[0m[34;1m   1412040[0m[34;1m        28[0m
18:49:32   [34;1m    984508[0m[34;1m   1784884[0m[34;1m    747892[0m[34;1m     19.66[0m[34;1m     99324[0m[34;1m   1859784[0m[34;1m   3900672[0m[31;1m    102.56[0m[34;1m   1196828[0m[34;1m   1412036[0m[34;1m        28[0m
18:49:33   [34;1m    984508[0m[34;1m   1784892[0m[34;1m    747884[0m[34;1m     19.66[0m[34;1m     99328[0m[34;1m   1859788[0m[34;1m   3900672[0m[31;1m    102.56[0m[34;1m   1196832[0m[34;1m   1411808[0m[34;1m        32[0m
18:49:34   [34;1m    984508[0m[34;1m   1784892[0m[34;1m    747884[0m[34;1m     19.66[0m[34;1m     99328[0m[34;1m   1859788[0m[34;1m   3900672[0m[31;1m    102.56[0m[34;1m   1196832[0m[34;1m   1411880[0m[34;1m        40[0m
18:49:35   [34;1m    979972[0m[34;1m   1780360[0m[34;1m    752420[0m[34;1m     19.78[0m[34;1m     99328[0m[34;1m   1859792[0m[34;1m   3900672[0m[31;1m    102.56[0m[34;1m   1196832[0m[34;1m   1411128[0m[34;1m        20[0m
18:49:36   [34;1m    979972[0m[34;1m   1780360[0m[34;1m    752420[0m[34;1m     19.78[0m[34;1m     99328[0m[34;1m   1859792[0m[34;1m   3900672[0m[31;1m    102.56[0m[34;1m   1196832[0m[34;1m   1411008[0m[34;1m        20[0m
18:49:37   [34;1m    979972[0m[34;1m   1780364[0m[34;1m    752416[0m[34;1m     19.78[0m[34;1m     99328[0m[34;1m   1859796[0m[34;1m   3900672[0m[31;1m    102.56[0m[34;1m   1196832[0m[34;1m   1410952[0m[34;1m        40[0m
18:49:38   [34;1m   1017996[0m[34;1m   1818388[0m[34;1m    714400[0m[34;1m     18.78[0m[34;1m     99328[0m[34;1m   1859796[0m[34;1m   3900672[0m[31;1m    102.56[0m[34;1m   1196832[0m[34;1m   1411096[0m[34;1m        20[0m
18:49:39   [34;1m   1017756[0m[34;1m   1818148[0m[34;1m    714640[0m[34;1m     18.79[0m[34;1m     99328[0m[34;1m   1859796[0m[34;1m   3900672[0m[31;1m    102.56[0m[34;1m   1196832[0m[34;1m   1411116[0m[34;1m        24[0m
18:49:40   [34;1m   1017756[0m[34;1m   1818148[0m[34;1m    714640[0m[34;1m     18.79[0m[34;1m     99328[0m[34;1m   1859796[0m[34;1m   3900672[0m[31;1m    102.56[0m[34;1m   1196832[0m[34;1m   1411152[0m[34;1m        24[0m
18:49:41   [34;1m   1017756[0m[34;1m   1818148[0m[34;1m    714640[0m[34;1m     18.79[0m[34;1m     99328[0m[34;1m   1859796[0m[34;1m   3900672[0m[31;1m    102.56[0m[34;1m   1196832[0m[34;1m   1411152[0m[34;1m        24[0m
18:49:42   [34;1m   1017504[0m[34;1m   1817904[0m[34;1m    714884[0m[34;1m     18.80[0m[34;1m     99332[0m[34;1m   1859800[0m[34;1m   3900672[0m[31;1m    102.56[0m[34;1m   1196836[0m[34;1m   1411188[0m[34;1m        32[0m
18:49:43   [34;1m   1014984[0m[34;1m   1815384[0m[34;1m    717404[0m[34;1m     18.86[0m[34;1m     99332[0m[34;1m   1859800[0m[34;1m   3900672[0m[31;1m    102.56[0m[34;1m   1196836[0m[34;1m   1411188[0m[34;1m         4[0m
18:49:44   [34;1m   1014984[0m[34;1m   1815384[0m[34;1m    717404[0m[34;1m     18.86[0m[34;1m     99332[0m[34;1m   1859800[0m[34;1m   3900672[0m[31;1m    102.56[0m[34;1m   1196836[0m[34;1m   1411080[0m[34;1m         4[0m
18:49:45   [34;1m   1014984[0m[34;1m   1815384[0m[34;1m    717404[0m[34;1m     18.86[0m[34;1m     99332[0m[34;1m   1859800[0m[34;1m   3900672[0m[31;1m    102.56[0m[34;1m   1196836[0m[34;1m   1411080[0m[34;22m         0[0m
18:49:46   [34;1m   1014984[0m[34;1m   1815388[0m[34;1m    717400[0m[34;1m     18.86[0m[34;1m     99332[0m[34;1m   1859804[0m[34;1m   3900672[0m[31;1m    102.56[0m[34;1m   1196836[0m[34;1m   1411092[0m[34;1m         8[0m
18:49:47   [34;1m   1014984[0m[34;1m   1815388[0m[34;1m    717400[0m[34;1m     18.86[0m[34;1m     99340[0m[34;1m   1859796[0m[34;1m   3900672[0m[31;1m    102.56[0m[34;1m   1196836[0m[34;1m   1411092[0m[34;1m         8[0m
18:49:48   [34;1m   1014228[0m[34;1m   1814648[0m[34;1m    718144[0m[34;1m     18.88[0m[34;1m     99340[0m[34;1m   1859812[0m[34;1m   3900672[0m[31;1m    102.56[0m[34;1m   1196844[0m[34;1m   1411320[0m[34;1m        28[0m
18:49:49   [34;1m   1014228[0m[34;1m   1814648[0m[34;1m    718144[0m[34;1m     18.88[0m[34;1m     99340[0m[34;1m   1859812[0m[34;1m   3900672[0m[31;1m    102.56[0m[34;1m   1196844[0m[34;1m   1411320[0m[34;1m        28[0m
18:49:50   [34;1m   1014228[0m[34;1m   1814648[0m[34;1m    718144[0m[34;1m     18.88[0m[34;1m     99340[0m[34;1m   1859812[0m[34;1m   3900672[0m[31;1m    102.56[0m[34;1m   1196844[0m[34;1m   1411344[0m[34;1m        28[0m
18:49:51   [34;1m   1014228[0m[34;1m   1814648[0m[34;1m    718144[0m[34;1m     18.88[0m[34;1m     99348[0m[34;1m   1859804[0m[34;1m   3900672[0m[31;1m    102.56[0m[34;1m   1196844[0m[34;1m   1411344[0m[34;1m        12[0m
18:49:52   [34;1m   1014228[0m[34;1m   1814660[0m[34;1m    718132[0m[34;1m     18.88[0m[34;1m     99348[0m[34;1m   1859816[0m[34;1m   3900672[0m[31;1m    102.56[0m[34;1m   1196852[0m[34;1m   1411372[0m[34;1m        36[0m
18:49:53   [34;1m   1013472[0m[34;1m   1813904[0m[34;1m    718888[0m[34;1m     18.90[0m[34;1m     99348[0m[34;1m   1859816[0m[34;1m   3900672[0m[31;1m    102.56[0m[34;1m   1196852[0m[34;1m   1411372[0m[34;1m         4[0m
18:49:54   [34;1m   1013472[0m[34;1m   1813904[0m[34;1m    718888[0m[34;1m     18.90[0m[34;1m     99348[0m[34;1m   1859816[0m[34;1m   3900672[0m[31;1m    102.56[0m[34;1m   1196852[0m[34;1m   1411380[0m[34;1m         4[0m
18:49:55   [34;1m   1013472[0m[34;1m   1813904[0m[34;1m    718888[0m[34;1m     18.90[0m[34;1m     99352[0m[34;1m   1859812[0m[34;1m   3900672[0m[31;1m    102.56[0m[34;1m   1196852[0m[34;1m   1411380[0m[34;1m         4[0m
18:49:56   [34;1m   1013472[0m[34;1m   1813908[0m[34;1m    718880[0m[34;1m     18.90[0m[34;1m     99352[0m[34;1m   1859820[0m[34;1m   3900672[0m[31;1m    102.56[0m[34;1m   1196852[0m[34;1m   1411384[0m[34;1m        16[0m
18:49:57   [34;1m   1013472[0m[34;1m   1813912[0m[34;1m    718880[0m[34;1m     18.90[0m[34;1m     99352[0m[34;1m   1859820[0m[34;1m   3900672[0m[31;1m    102.56[0m[34;1m   1196856[0m[34;1m   1411384[0m[34;1m        12[0m
18:49:58   [34;1m   1012980[0m[34;1m   1813428[0m[34;1m    719352[0m[34;1m     18.91[0m[34;1m     99352[0m[34;1m   1859820[0m[34;1m   3900672[0m[31;1m    102.56[0m[34;1m   1196856[0m[34;1m   1411684[0m[34;1m        16[0m
18:49:59   [34;1m   1012980[0m[34;1m   1813428[0m[34;1m    719352[0m[34;1m     18.91[0m[34;1m     99352[0m[34;1m   1859820[0m[34;1m   3900672[0m[31;1m    102.56[0m[34;1m   1196856[0m[34;1m   1411732[0m[34;1m        16[0m
18:50:00   [34;1m   1012980[0m[34;1m   1813428[0m[34;1m    719352[0m[34;1m     18.91[0m[34;1m     99352[0m[34;1m   1859820[0m[34;1m   3900672[0m[31;1m    102.56[0m[34;1m   1196856[0m[34;1m   1411912[0m[34;1m        16[0m
18:50:01   [34;1m   1012980[0m[34;1m   1813444[0m[34;1m    719336[0m[34;1m     18.91[0m[34;1m     99364[0m[34;1m   1859824[0m[34;1m   3900672[0m[31;1m    102.56[0m[34;1m   1196868[0m[34;1m   1411936[0m[34;1m         4[0m
18:50:02   [34;1m   1012980[0m[34;1m   1813444[0m[34;1m    719336[0m[34;1m     18.91[0m[34;1m     99364[0m[34;1m   1859824[0m[34;1m   3900672[0m[31;1m    102.56[0m[34;1m   1196868[0m[34;1m   1411796[0m[34;22m         0[0m
18:50:03   [34;1m   1010460[0m[34;1m   1810924[0m[34;1m    721852[0m[34;1m     18.98[0m[34;1m     99364[0m[34;1m   1859824[0m[34;1m   3900672[0m[31;1m    102.56[0m[34;1m   1196868[0m[34;1m   1411520[0m[34;1m         4[0m
18:50:04   [34;1m   1010460[0m[34;1m   1810924[0m[34;1m    721852[0m[34;1m     18.98[0m[34;1m     99364[0m[34;1m   1859824[0m[34;1m   3900928[0m[31;1m    102.57[0m[34;1m   1196868[0m[34;1m   1411304[0m[34;1m         8[0m
18:50:05   [34;1m   1010460[0m[34;1m   1810924[0m[34;1m    721852[0m[34;1m     18.98[0m[34;1m     99364[0m[34;1m   1859824[0m[34;1m   3900928[0m[31;1m    102.57[0m[34;1m   1196868[0m[34;1m   1411304[0m[34;1m         8[0m
18:50:06   [34;1m   1010460[0m[34;1m   1810936[0m[34;1m    721836[0m[34;1m     18.98[0m[34;1m     99368[0m[34;1m   1859832[0m[34;1m   3900928[0m[31;1m    102.57[0m[34;1m   1196872[0m[34;1m   1411132[0m[34;1m        28[0m
18:50:07   [34;1m   1010460[0m[34;1m   1810936[0m[34;1m    721836[0m[34;1m     18.98[0m[34;1m     99368[0m[34;1m   1859832[0m[34;1m   3900928[0m[31;1m    102.57[0m[34;1m   1196872[0m[34;1m   1411052[0m[34;1m        28[0m
18:50:08   [34;1m   1008192[0m[34;1m   1808668[0m[34;1m    724100[0m[34;1m     19.04[0m[34;1m     99368[0m[34;1m   1859832[0m[34;1m   3900928[0m[31;1m    102.57[0m[34;1m   1196872[0m[34;1m   1411112[0m[34;1m        16[0m
18:50:09   [34;1m   1008192[0m[34;1m   1808668[0m[34;1m    724096[0m[34;1m     19.04[0m[34;1m     99368[0m[34;1m   1859832[0m[34;1m   3900928[0m[31;1m    102.57[0m[34;1m   1196872[0m[34;1m   1411160[0m[34;1m        16[0m
18:50:10   [34;1m   1008192[0m[34;1m   1808680[0m[34;1m    724084[0m[34;1m     19.04[0m[34;1m     99376[0m[34;1m   1859836[0m[34;1m   3900928[0m[31;1m    102.57[0m[34;1m   1196880[0m[34;1m   1411264[0m[34;1m        32[0m
18:50:11   [34;1m   1008192[0m[34;1m   1808680[0m[34;1m    724084[0m[34;1m     19.04[0m[34;1m     99376[0m[34;1m   1859836[0m[34;1m   3900928[0m[31;1m    102.57[0m[34;1m   1196880[0m[34;1m   1411264[0m[34;1m         4[0m
18:50:12   [34;1m   1008192[0m[34;1m   1808680[0m[34;1m    724084[0m[34;1m     19.04[0m[34;1m     99376[0m[34;1m   1859836[0m[34;1m   3900928[0m[31;1m    102.57[0m[34;1m   1196880[0m[34;1m   1411292[0m[34;1m         4[0m
18:50:13   [34;1m   1006428[0m[34;1m   1806916[0m[34;1m    725852[0m[34;1m     19.09[0m[34;1m     99376[0m[34;1m   1859836[0m[34;1m   3900928[0m[31;1m    102.57[0m[34;1m   1196880[0m[34;1m   1411292[0m[34;1m         4[0m
18:50:14   [34;1m   1006176[0m[34;1m   1806668[0m[34;1m    726100[0m[34;1m     19.09[0m[34;1m     99380[0m[34;1m   1859840[0m[34;1m   3900928[0m[31;1m    102.57[0m[34;1m   1196880[0m[34;1m   1411336[0m[34;1m        16[0m
18:50:15   [34;1m   1006176[0m[34;1m   1806672[0m[34;1m    726100[0m[34;1m     19.09[0m[34;1m     99380[0m[34;1m   1859840[0m[34;1m   3900928[0m[31;1m    102.57[0m[34;1m   1196884[0m[34;1m   1411344[0m[34;1m        12[0m
18:50:16   [34;1m   1006176[0m[34;1m   1806672[0m[34;1m    726100[0m[34;1m     19.09[0m[34;1m     99380[0m[34;1m   1859840[0m[34;1m   3900928[0m[31;1m    102.57[0m[34;1m   1196884[0m[34;1m   1411068[0m[34;1m        16[0m
18:50:17   [34;1m   1006176[0m[34;1m   1806672[0m[34;1m    726100[0m[34;1m     19.09[0m[34;1m     99380[0m[34;1m   1859840[0m[34;1m   3900928[0m[31;1m    102.57[0m[34;1m   1196884[0m[34;1m   1411068[0m[34;1m        16[0m
18:50:18   [34;1m   1005672[0m[34;1m   1806172[0m[34;1m    726600[0m[34;1m     19.10[0m[34;1m     99380[0m[34;1m   1859844[0m[34;1m   3900928[0m[31;1m    102.57[0m[34;1m   1196884[0m[34;1m   1411428[0m[34;1m        24[0m
18:50:19   [34;1m   1005672[0m[34;1m   1806172[0m[34;1m    726604[0m[34;1m     19.11[0m[34;1m     99384[0m[34;1m   1859840[0m[34;1m   3900928[0m[31;1m    102.57[0m[34;1m   1196884[0m[34;1m   1411560[0m[34;1m        12[0m
18:50:20   [34;1m   1005672[0m[34;1m   1806180[0m[34;1m    726592[0m[34;1m     19.10[0m[34;1m     99388[0m[34;1m   1859848[0m[34;1m   3900928[0m[31;1m    102.57[0m[34;1m   1196888[0m[34;1m   1411624[0m[34;1m        28[0m
18:50:21   [34;1m   1005672[0m[34;1m   1806180[0m[34;1m    726592[0m[34;1m     19.10[0m[34;1m     99388[0m[34;1m   1859848[0m[34;1m   3900928[0m[31;1m    102.57[0m[34;1m   1196888[0m[34;1m   1411624[0m[34;1m        16[0m
18:50:22   [34;1m   1005672[0m[34;1m   1806184[0m[34;1m    726592[0m[34;1m     19.10[0m[34;1m     99388[0m[34;1m   1859848[0m[34;1m   3900928[0m[31;1m    102.57[0m[34;1m   1196892[0m[34;1m   1411200[0m[34;1m        20[0m
18:50:23   [34;1m   1004664[0m[34;1m   1805188[0m[34;1m    727588[0m[34;1m     19.13[0m[34;1m     99396[0m[34;1m   1859852[0m[34;1m   3900928[0m[31;1m    102.57[0m[34;1m   1196900[0m[34;1m   1411204[0m[34;1m        32[0m
18:50:24   [34;1m   1004664[0m[34;1m   1805188[0m[34;1m    727588[0m[34;1m     19.13[0m[34;1m     99396[0m[34;1m   1859852[0m[34;1m   3900928[0m[31;1m    102.57[0m[34;1m   1196900[0m[34;1m   1411204[0m[34;1m        32[0m
18:50:25   [34;1m   1004664[0m[34;1m   1805188[0m[34;1m    727588[0m[34;1m     19.13[0m[34;1m     99396[0m[34;1m   1859852[0m[34;1m   3900928[0m[31;1m    102.57[0m[34;1m   1196900[0m[34;1m   1411208[0m[34;1m         4[0m
18:50:26   [34;1m   1004664[0m[34;1m   1805188[0m[34;1m    727588[0m[34;1m     19.13[0m[34;1m     99396[0m[34;1m   1859852[0m[34;1m   3900928[0m[31;1m    102.57[0m[34;1m   1196900[0m[34;1m   1411212[0m[34;1m         4[0m
18:50:27   [34;1m   1004664[0m[34;1m   1805188[0m[34;1m    727584[0m[34;1m     19.13[0m[34;1m     99396[0m[34;1m   1859852[0m[34;1m   3900928[0m[31;1m    102.57[0m[34;1m   1196900[0m[34;1m   1411252[0m[34;22m         0[0m
18:50:28   [34;1m   1002396[0m[34;1m   1802936[0m[34;1m    729836[0m[34;1m     19.19[0m[34;1m     99404[0m[34;1m   1859860[0m[34;1m   3900928[0m[31;1m    102.57[0m[34;1m   1196908[0m[34;1m   1411944[0m[34;1m        20[0m
18:50:29   [34;1m   1002396[0m[34;1m   1802936[0m[34;1m    729836[0m[34;1m     19.19[0m[34;1m     99404[0m[34;1m   1859860[0m[34;1m   3900928[0m[31;1m    102.57[0m[34;1m   1196908[0m[34;1m   1411956[0m[34;1m        20[0m
18:50:30   [34;1m   1002396[0m[34;1m   1802936[0m[34;1m    729836[0m[34;1m     19.19[0m[34;1m     99404[0m[34;1m   1859860[0m[34;1m   3900928[0m[31;1m    102.57[0m[34;1m   1196908[0m[34;1m   1411984[0m[34;1m        20[0m
18:50:31   [34;1m   1002396[0m[34;1m   1802936[0m[34;1m    729836[0m[34;1m     19.19[0m[34;1m     99404[0m[34;1m   1859860[0m[34;1m   3900928[0m[31;1m    102.57[0m[34;1m   1196908[0m[34;1m   1411984[0m[34;1m        20[0m
18:50:32   [34;1m   1002396[0m[34;1m   1802944[0m[34;1m    729828[0m[34;1m     19.19[0m[34;1m     99408[0m[34;1m   1859864[0m[34;1m   3900928[0m[31;1m    102.57[0m[34;1m   1196912[0m[34;1m   1411656[0m[34;1m        20[0m
18:50:33   [34;1m   1002396[0m[34;1m   1802944[0m[34;1m    729832[0m[34;1m     19.19[0m[34;1m     99408[0m[34;1m   1859864[0m[34;1m   3900928[0m[31;1m    102.57[0m[34;1m   1196912[0m[34;1m   1411420[0m[34;1m         4[0m
18:50:34   [34;1m   1002396[0m[34;1m   1802944[0m[34;1m    729828[0m[34;1m     19.19[0m[34;1m     99408[0m[34;1m   1859864[0m[34;1m   3900928[0m[31;1m    102.57[0m[34;1m   1196912[0m[34;1m   1411244[0m[34;1m         8[0m
18:50:35   [34;1m    998112[0m[34;1m   1798660[0m[34;1m    734104[0m[34;1m     19.30[0m[34;1m     99408[0m[34;1m   1859864[0m[34;1m   3900928[0m[31;1m    102.57[0m[34;1m   1196912[0m[34;1m   1411244[0m[34;1m         8[0m
18:50:36   [34;1m    997864[0m[34;1m   1798412[0m[34;1m    734352[0m[34;1m     19.31[0m[34;1m     99408[0m[34;1m   1859864[0m[34;1m   3901184[0m[31;1m    102.58[0m[34;1m   1196912[0m[34;1m   1410608[0m[34;1m         8[0m
18:50:37   [34;1m    997864[0m[34;1m   1798416[0m[34;1m    734348[0m[34;1m     19.31[0m[34;1m     99412[0m[34;1m   1859868[0m[34;1m   3901184[0m[31;1m    102.58[0m[34;1m   1196912[0m[34;1m   1410672[0m[34;1m        36[0m
18:50:38   [34;1m    995596[0m[34;1m   1796152[0m[34;1m    736616[0m[34;1m     19.37[0m[34;1m     99412[0m[34;1m   1859868[0m[34;1m   3901184[0m[31;1m    102.58[0m[34;1m   1196916[0m[34;1m   1410788[0m[34;1m        36[0m
18:50:39   [34;1m    995596[0m[34;1m   1796152[0m[34;1m    736612[0m[34;1m     19.37[0m[34;1m     99412[0m[34;1m   1859868[0m[34;1m   3901184[0m[31;1m    102.58[0m[34;1m   1196916[0m[34;1m   1410848[0m[34;1m        28[0m
18:50:40   [34;1m    995596[0m[34;1m   1796152[0m[34;1m    736612[0m[34;1m     19.37[0m[34;1m     99412[0m[34;1m   1859868[0m[34;1m   3901184[0m[31;1m    102.58[0m[34;1m   1196916[0m[34;1m   1410860[0m[34;1m        32[0m
18:50:41   [34;1m    995596[0m[34;1m   1796152[0m[34;1m    736612[0m[34;1m     19.37[0m[34;1m     99412[0m[34;1m   1859868[0m[34;1m   3901184[0m[31;1m    102.58[0m[34;1m   1196916[0m[34;1m   1410860[0m[34;1m        32[0m
18:50:42   [34;1m    995596[0m[34;1m   1796160[0m[34;1m    736604[0m[34;1m     19.37[0m[34;1m     99416[0m[34;1m   1859872[0m[34;1m   3901184[0m[31;1m    102.58[0m[34;1m   1196920[0m[34;1m   1410864[0m[34;1m         4[0m
18:50:43   [34;1m    995344[0m[34;1m   1795908[0m[34;1m    736856[0m[34;1m     19.37[0m[34;1m     99416[0m[34;1m   1859872[0m[34;1m   3901184[0m[31;1m    102.58[0m[34;1m   1196920[0m[34;1m   1410864[0m[34;1m         4[0m
18:50:44   [34;1m    995344[0m[34;1m   1795908[0m[34;1m    736856[0m[34;1m     19.37[0m[34;1m     99416[0m[34;1m   1859872[0m[34;1m   3901184[0m[31;1m    102.58[0m[34;1m   1196920[0m[34;1m   1410872[0m[34;1m         4[0m
