Linux 6.6.95 (ssp-study-m02) 	04/21/26 	_x86_64_	(2 CPU)

11:42:50    kbmemfree   kbavail kbmemused  %memused kbbuffers  kbcached  kbcommit   %commit  kbactive   kbinact   kbdirty
11:42:51   [34;1m    117776[0m[34;1m   1552952[0m[34;1m    303492[0m[34;1m     10.00[0m[34;1m     58308[0m[34;1m   2459428[0m[34;1m   3308808[0m[31;1m    108.99[0m[34;1m    737424[0m[34;1m   2035784[0m[34;1m       420[0m
11:42:52   [34;1m    117020[0m[34;1m   1552196[0m[34;1m    304248[0m[34;1m     10.02[0m[34;1m     58308[0m[34;1m   2459428[0m[34;1m   3317000[0m[31;1m    109.26[0m[34;1m    737424[0m[34;1m   2036360[0m[34;1m       420[0m
11:42:53   [34;1m    111516[0m[34;1m   1546700[0m[34;1m    309648[0m[34;1m     10.20[0m[34;1m     58308[0m[34;1m   2459428[0m[34;1m   3325432[0m[31;1m    109.53[0m[34;1m    737424[0m[34;1m   2038544[0m[34;1m       420[0m
11:42:54   [34;1m    109500[0m[34;1m   1544684[0m[34;1m    311648[0m[34;1m     10.27[0m[34;1m     58308[0m[34;1m   2459428[0m[34;1m   3325432[0m[31;1m    109.53[0m[34;1m    737460[0m[34;1m   2039352[0m[34;1m       420[0m
11:42:55   [34;1m    107736[0m[34;1m   1542924[0m[34;1m    313420[0m[34;1m     10.32[0m[34;1m     58308[0m[34;1m   2459432[0m[34;1m   3343232[0m[31;1m    110.12[0m[34;1m    737460[0m[34;1m   2041552[0m[34;1m       424[0m
11:42:56   [34;1m    107004[0m[34;1m   1542192[0m[34;1m    314152[0m[34;1m     10.35[0m[34;1m     58312[0m[34;1m   2459428[0m[34;1m   3338896[0m[31;1m    109.98[0m[34;1m    737460[0m[34;1m   2040932[0m[34;1m       424[0m
11:42:57   [34;1m    107004[0m[34;1m   1542196[0m[34;1m    314116[0m[34;1m     10.35[0m[34;1m     58312[0m[34;1m   2459432[0m[34;1m   3338896[0m[31;1m    109.98[0m[34;1m    737456[0m[34;1m   2041356[0m[34;1m       424[0m
11:42:58   [34;1m    107004[0m[34;1m   1542196[0m[34;1m    314116[0m[34;1m     10.35[0m[34;1m     58312[0m[34;1m   2459432[0m[34;1m   3342992[0m[31;1m    110.11[0m[34;1m    737456[0m[34;1m   2041596[0m[34;1m       424[0m
11:42:59   [34;1m    106248[0m[34;1m   1541444[0m[34;1m    314868[0m[34;1m     10.37[0m[34;1m     58312[0m[34;1m   2459436[0m[34;1m   3342992[0m[31;1m    110.11[0m[34;1m    737456[0m[34;1m   2042028[0m[34;1m       428[0m
11:43:00   [34;1m    105240[0m[34;1m   1540436[0m[34;1m    315876[0m[34;1m     10.40[0m[34;1m     58312[0m[34;1m   2459436[0m[34;1m   3343568[0m[31;1m    110.13[0m[34;1m    737456[0m[34;1m   2043768[0m[34;1m       428[0m
11:43:01   [34;1m    104484[0m[34;1m   1539692[0m[34;1m    316648[0m[34;1m     10.43[0m[34;1m     58320[0m[34;1m   2459440[0m[34;1m   3343568[0m[31;1m    110.13[0m[34;1m    737500[0m[34;1m   2044524[0m[34;1m       432[0m
11:43:02   [34;1m    104484[0m[34;1m   1539692[0m[34;1m    316648[0m[34;1m     10.43[0m[34;1m     58320[0m[34;1m   2459440[0m[34;1m   3344400[0m[31;1m    110.16[0m[34;1m    737504[0m[34;1m   2044492[0m[34;1m       432[0m
11:43:03   [34;1m    104236[0m[34;1m   1539452[0m[34;1m    316892[0m[34;1m     10.44[0m[34;1m     58320[0m[34;1m   2459444[0m[34;1m   3352980[0m[31;1m    110.44[0m[34;1m    737504[0m[34;1m   2044932[0m[34;1m       436[0m
11:43:04   [34;1m    104236[0m[34;1m   1539452[0m[34;1m    316892[0m[34;1m     10.44[0m[34;1m     58320[0m[34;1m   2459444[0m[34;1m   3352980[0m[31;1m    110.44[0m[34;1m    737504[0m[34;1m   2045336[0m[34;1m       372[0m
11:43:05   [34;1m    104236[0m[34;1m   1539456[0m[34;1m    316888[0m[34;1m     10.44[0m[34;1m     58320[0m[34;1m   2459448[0m[34;1m   3352980[0m[31;1m    110.44[0m[34;1m    737504[0m[34;1m   2045736[0m[34;1m       376[0m
11:43:06   [34;1m    104236[0m[34;1m   1539456[0m[34;1m    316888[0m[34;1m     10.44[0m[34;1m     58320[0m[34;1m   2459448[0m[34;1m   3353236[0m[31;1m    110.45[0m[34;1m    737504[0m[34;1m   2045436[0m[34;1m       376[0m
11:43:07   [34;1m    103984[0m[34;1m   1539216[0m[34;1m    317104[0m[34;1m     10.44[0m[34;1m     58328[0m[34;1m   2459456[0m[34;1m   3370452[0m[31;1m    111.02[0m[34;1m    737512[0m[34;1m   2046472[0m[34;1m       388[0m
11:43:08   [34;1m    102976[0m[34;1m   1538212[0m[34;1m    318112[0m[34;1m     10.48[0m[34;1m     58328[0m[34;1m   2459456[0m[34;1m   3371028[0m[31;1m    111.04[0m[34;1m    737512[0m[34;1m   2047712[0m[34;1m        88[0m
11:43:09   [34;1m    101968[0m[34;1m   1537208[0m[34;1m    319084[0m[34;1m     10.51[0m[34;1m     58328[0m[34;1m   2459460[0m[34;1m   3371284[0m[31;1m    111.04[0m[34;1m    737504[0m[34;1m   2047940[0m[34;1m         8[0m
11:43:10   [34;1m    101968[0m[34;1m   1537208[0m[34;1m    319084[0m[34;1m     10.51[0m[34;1m     58328[0m[34;1m   2459460[0m[34;1m   3371284[0m[31;1m    111.04[0m[34;1m    737504[0m[34;1m   2048020[0m[34;1m         8[0m
11:43:11   [34;1m    101968[0m[34;1m   1537216[0m[34;1m    319072[0m[34;1m     10.51[0m[34;1m     58328[0m[34;1m   2459468[0m[34;1m   3371284[0m[31;1m    111.04[0m[34;1m    737504[0m[34;1m   2048220[0m[34;1m        16[0m
11:43:12   [34;1m    101968[0m[34;1m   1537216[0m[34;1m    319064[0m[34;1m     10.51[0m[34;1m     58336[0m[34;1m   2459468[0m[34;1m   3371284[0m[31;1m    111.04[0m[34;1m    737504[0m[34;1m   2048440[0m[34;1m        28[0m
11:43:13   [34;1m    101968[0m[34;1m   1537232[0m[34;1m    319056[0m[34;1m     10.51[0m[34;1m     58336[0m[34;1m   2459476[0m[34;1m   3371284[0m[31;1m    111.04[0m[34;1m    737512[0m[34;1m   2049232[0m[34;1m        40[0m
11:43:14   [34;1m    101208[0m[34;1m   1536472[0m[34;1m    319816[0m[34;1m     10.53[0m[34;1m     58336[0m[34;1m   2459476[0m[34;1m   3371284[0m[31;1m    111.04[0m[34;1m    737512[0m[34;1m   2049308[0m[34;1m        40[0m
11:43:15   [34;1m    101208[0m[34;1m   1536480[0m[34;1m    319808[0m[34;1m     10.53[0m[34;1m     58336[0m[34;1m   2459484[0m[34;1m   3371284[0m[31;1m    111.04[0m[34;1m    737512[0m[34;1m   2049440[0m[34;1m        48[0m
11:43:16   [34;1m    101208[0m[34;1m   1536484[0m[34;1m    319804[0m[34;1m     10.53[0m[34;1m     58336[0m[34;1m   2459488[0m[34;1m   3371284[0m[31;1m    111.04[0m[34;1m    737512[0m[34;1m   2050020[0m[34;1m        52[0m
11:43:17   [34;1m     99696[0m[34;1m   1534980[0m[34;1m    321320[0m[34;1m     10.58[0m[34;1m     58340[0m[34;1m   2459492[0m[34;1m   3372116[0m[31;1m    111.07[0m[34;1m    737516[0m[34;1m   2051776[0m[34;1m        60[0m
11:43:18   [34;1m    120456[0m[34;1m   1535652[0m[34;1m    320920[0m[34;1m     10.57[0m[34;1m     58248[0m[34;1m   2439748[0m[34;1m   3372116[0m[31;1m    111.07[0m[34;1m    737808[0m[34;1m   2031596[0m[34;1m        68[0m
11:43:19   [34;1m    118692[0m[34;1m   1533896[0m[34;1m    322676[0m[34;1m     10.63[0m[34;1m     58248[0m[34;1m   2439756[0m[34;1m   3372116[0m[31;1m    111.07[0m[34;1m    737808[0m[34;1m   2031344[0m[34;1m        76[0m
11:43:20   [34;1m    118440[0m[34;1m   1533644[0m[34;1m    322928[0m[34;1m     10.64[0m[34;1m     58248[0m[34;1m   2439756[0m[34;1m   3372116[0m[31;1m    111.07[0m[34;1m    737808[0m[34;1m   2031624[0m[34;1m        76[0m
11:43:21   [34;1m    117684[0m[34;1m   1532896[0m[34;1m    323668[0m[34;1m     10.66[0m[34;1m     58248[0m[34;1m   2439764[0m[34;1m   3372116[0m[31;1m    111.07[0m[34;1m    737804[0m[34;1m   2032084[0m[34;1m        84[0m
11:43:22   [34;1m    117684[0m[34;1m   1532912[0m[34;1m    323652[0m[34;1m     10.66[0m[34;1m     58256[0m[34;1m   2439772[0m[34;1m   3380440[0m[31;1m    111.35[0m[34;1m    737816[0m[34;1m   2032524[0m[34;1m        92[0m
11:43:23   [34;1m    117684[0m[34;1m   1532916[0m[34;1m    323648[0m[34;1m     10.66[0m[34;1m     58256[0m[34;1m   2439776[0m[34;1m   3380440[0m[31;1m    111.35[0m[34;1m    737816[0m[34;1m   2033244[0m[34;1m        96[0m
11:43:24   [34;1m    115920[0m[34;1m   1531156[0m[34;1m    325408[0m[34;1m     10.72[0m[34;1m     58256[0m[34;1m   2439780[0m[34;1m   3381016[0m[31;1m    111.36[0m[34;1m    737816[0m[34;1m   2033880[0m[34;1m         8[0m
11:43:25   [34;1m    115668[0m[34;1m   1530908[0m[34;1m    325656[0m[34;1m     10.73[0m[34;1m     58256[0m[34;1m   2439784[0m[34;1m   3381016[0m[31;1m    111.36[0m[34;1m    737816[0m[34;1m   2034220[0m[34;1m        12[0m
11:43:26   [34;1m    115668[0m[34;1m   1530916[0m[34;1m    325648[0m[34;1m     10.73[0m[34;1m     58256[0m[34;1m   2439792[0m[34;1m   3381016[0m[31;1m    111.36[0m[34;1m    737816[0m[34;1m   2035360[0m[34;1m        20[0m
11:43:27   [34;1m    115416[0m[34;1m   1530676[0m[34;1m    325888[0m[34;1m     10.73[0m[34;1m     58260[0m[34;1m   2439800[0m[34;1m   3381016[0m[31;1m    111.36[0m[34;1m    737820[0m[34;1m   2035532[0m[34;1m        56[0m
11:43:28   [34;1m    115416[0m[34;1m   1530680[0m[34;1m    325884[0m[34;1m     10.73[0m[34;1m     58260[0m[34;1m   2439804[0m[34;1m   3381016[0m[31;1m    111.36[0m[34;1m    737820[0m[34;1m   2035992[0m[34;1m        60[0m
11:43:29   [34;1m    113400[0m[34;1m   1528668[0m[34;1m    327892[0m[34;1m     10.80[0m[34;1m     58260[0m[34;1m   2439812[0m[34;1m   3381592[0m[31;1m    111.38[0m[34;1m    737820[0m[34;1m   2036788[0m[34;1m        68[0m
11:43:30   [34;1m    113400[0m[34;1m   1528672[0m[34;1m    327888[0m[34;1m     10.80[0m[34;1m     58260[0m[34;1m   2439816[0m[34;1m   3381592[0m[31;1m    111.38[0m[34;1m    737820[0m[34;1m   2037168[0m[34;1m        72[0m
11:43:31   [34;1m    113400[0m[34;1m   1528680[0m[34;1m    327884[0m[34;1m     10.80[0m[34;1m     58260[0m[34;1m   2439820[0m[34;1m   3381592[0m[31;1m    111.38[0m[34;1m    737820[0m[34;1m   2036752[0m[34;1m        76[0m
11:43:32   [34;1m    113148[0m[34;1m   1528432[0m[34;1m    328132[0m[34;1m     10.81[0m[34;1m     58268[0m[34;1m   2439816[0m[34;1m   3381592[0m[31;1m    111.38[0m[34;1m    737820[0m[34;1m   2037204[0m[34;1m        80[0m
11:43:33   [34;1m    113148[0m[34;1m   1528448[0m[34;1m    328116[0m[34;1m     10.81[0m[34;1m     58268[0m[34;1m   2439832[0m[34;1m   3381592[0m[31;1m    111.38[0m[34;1m    737828[0m[34;1m   2037236[0m[34;1m        92[0m
11:43:34   [34;1m    111384[0m[34;1m   1526688[0m[34;1m    329876[0m[34;1m     10.87[0m[34;1m     58268[0m[34;1m   2439836[0m[34;1m   3381848[0m[31;1m    111.39[0m[34;1m    737828[0m[34;1m   2037424[0m[34;1m        96[0m
11:43:35   [34;1m    111384[0m[34;1m   1526692[0m[34;1m    329872[0m[34;1m     10.87[0m[34;1m     58268[0m[34;1m   2439840[0m[34;1m   3381848[0m[31;1m    111.39[0m[34;1m    737828[0m[34;1m   2037484[0m[34;1m         8[0m
11:43:36   [34;1m    111384[0m[34;1m   1526696[0m[34;1m    329864[0m[34;1m     10.87[0m[34;1m     58268[0m[34;1m   2439848[0m[34;1m   3381848[0m[31;1m    111.39[0m[34;1m    737828[0m[34;1m   2037764[0m[34;1m        16[0m
11:43:37   [34;1m    111384[0m[34;1m   1526700[0m[34;1m    329860[0m[34;1m     10.86[0m[34;1m     58280[0m[34;1m   2439840[0m[34;1m   3381848[0m[31;1m    111.39[0m[34;1m    737828[0m[34;1m   2037840[0m[34;1m        20[0m
11:43:38   [34;1m    111384[0m[34;1m   1526720[0m[34;1m    329844[0m[34;1m     10.86[0m[34;1m     58280[0m[34;1m   2439856[0m[34;1m   3381848[0m[31;1m    111.39[0m[34;1m    737840[0m[34;1m   2037588[0m[34;1m        48[0m
11:43:39   [34;1m    109368[0m[34;1m   1524708[0m[34;1m    331856[0m[34;1m     10.93[0m[34;1m     58280[0m[34;1m   2439860[0m[34;1m   3381848[0m[31;1m    111.39[0m[34;1m    737840[0m[34;1m   2037652[0m[34;1m        52[0m
11:43:40   [34;1m    109368[0m[34;1m   1524712[0m[34;1m    331848[0m[34;1m     10.93[0m[34;1m     58280[0m[34;1m   2439868[0m[34;1m   3381848[0m[31;1m    111.39[0m[34;1m    737840[0m[34;1m   2037772[0m[34;1m        60[0m
11:43:41   [34;1m    109368[0m[34;1m   1524720[0m[34;1m    331844[0m[34;1m     10.93[0m[34;1m     58280[0m[34;1m   2439872[0m[34;1m   3381848[0m[31;1m    111.39[0m[34;1m    737840[0m[34;1m   2037992[0m[34;1m        64[0m
11:43:42   [34;1m    109368[0m[34;1m   1524728[0m[34;1m    331832[0m[34;1m     10.93[0m[34;1m     58280[0m[34;1m   2439884[0m[34;1m   3381848[0m[31;1m    111.39[0m[34;1m    737840[0m[34;1m   2037888[0m[34;1m        76[0m
11:43:43   [34;1m    109368[0m[34;1m   1524736[0m[34;1m    331824[0m[34;1m     10.93[0m[34;1m     58284[0m[34;1m   2439888[0m[34;1m   3381848[0m[31;1m    111.39[0m[34;1m    737844[0m[34;1m   2038004[0m[34;1m        84[0m
11:43:44   [34;1m    107352[0m[34;1m   1522724[0m[34;1m    333840[0m[34;1m     11.00[0m[34;1m     58284[0m[34;1m   2439888[0m[34;1m   3381848[0m[31;1m    111.39[0m[34;1m    737844[0m[34;1m   2038024[0m[34;1m        84[0m
11:43:45   [34;1m    107352[0m[34;1m   1522728[0m[34;1m    333836[0m[34;1m     11.00[0m[34;1m     58284[0m[34;1m   2439892[0m[34;1m   3381848[0m[31;1m    111.39[0m[34;1m    737844[0m[34;1m   2038192[0m[34;1m         8[0m
11:43:46   [34;1m    107352[0m[34;1m   1522732[0m[34;1m    333832[0m[34;1m     11.00[0m[34;1m     58284[0m[34;1m   2439896[0m[34;1m   3381848[0m[31;1m    111.39[0m[34;1m    737844[0m[34;1m   2038612[0m[34;1m        12[0m
11:43:47   [34;1m    107352[0m[34;1m   1522736[0m[34;1m    333820[0m[34;1m     11.00[0m[34;1m     58284[0m[34;1m   2439900[0m[34;1m   3381848[0m[31;1m    111.39[0m[34;1m    737844[0m[34;1m   2038572[0m[34;1m        16[0m
11:43:48   [34;1m    107352[0m[34;1m   1522756[0m[34;1m    333804[0m[34;1m     10.99[0m[34;1m     58296[0m[34;1m   2439908[0m[34;1m   3381848[0m[31;1m    111.39[0m[34;1m    737856[0m[34;1m   2038860[0m[34;1m        48[0m
11:43:49   [34;1m    106344[0m[34;1m   1521748[0m[34;1m    334808[0m[34;1m     11.03[0m[34;1m     58296[0m[34;1m   2439912[0m[34;1m   3381848[0m[31;1m    111.39[0m[34;1m    737856[0m[34;1m   2038768[0m[34;1m        52[0m
11:43:50   [34;1m    106344[0m[34;1m   1521756[0m[34;1m    334800[0m[34;1m     11.03[0m[34;1m     58296[0m[34;1m   2439920[0m[34;1m   3382424[0m[31;1m    111.41[0m[34;1m    737856[0m[34;1m   2039428[0m[34;1m        60[0m
11:43:51   [34;1m    106344[0m[34;1m   1521764[0m[34;1m    334796[0m[34;1m     11.03[0m[34;1m     58296[0m[34;1m   2439924[0m[34;1m   3382424[0m[31;1m    111.41[0m[34;1m    737856[0m[34;1m   2039580[0m[34;1m        64[0m
11:43:52   [34;1m    106092[0m[34;1m   1521516[0m[34;1m    335044[0m[34;1m     11.04[0m[34;1m     58296[0m[34;1m   2439928[0m[34;1m   3382424[0m[31;1m    111.41[0m[34;1m    737856[0m[34;1m   2040160[0m[34;1m        68[0m
11:43:53   [34;1m    105588[0m[34;1m   1521024[0m[34;1m    335492[0m[34;1m     11.05[0m[34;1m     58300[0m[34;1m   2439940[0m[34;1m   3386760[0m[31;1m    111.55[0m[34;1m    737860[0m[34;1m   2041460[0m[34;1m        84[0m
11:43:54   [34;1m    103824[0m[34;1m   1519264[0m[34;1m    337248[0m[34;1m     11.11[0m[34;1m     58300[0m[34;1m   2439940[0m[34;1m   3386760[0m[31;1m    111.55[0m[34;1m    737860[0m[34;1m   2041512[0m[34;1m        84[0m
11:43:55   [34;1m    103824[0m[34;1m   1519272[0m[34;1m    337240[0m[34;1m     11.11[0m[34;1m     58300[0m[34;1m   2439948[0m[34;1m   3386760[0m[31;1m    111.55[0m[34;1m    737860[0m[34;1m   2042052[0m[34;1m        92[0m
11:43:56   [34;1m    103824[0m[34;1m   1519276[0m[34;1m    337232[0m[34;1m     11.11[0m[34;1m     58300[0m[34;1m   2439956[0m[34;1m   3382424[0m[31;1m    111.41[0m[34;1m    737860[0m[34;1m   2040344[0m[34;1m       100[0m
11:43:57   [34;1m    103824[0m[34;1m   1519280[0m[34;1m    337244[0m[34;1m     11.11[0m[34;1m     58300[0m[34;1m   2439956[0m[34;1m   3382424[0m[31;1m    111.41[0m[34;1m    737860[0m[34;1m   2040680[0m[34;1m       100[0m
11:43:58   [34;1m    103584[0m[34;1m   1519048[0m[34;1m    337472[0m[34;1m     11.12[0m[34;1m     58304[0m[34;1m   2439964[0m[34;1m   3382424[0m[31;1m    111.41[0m[34;1m    737864[0m[34;1m   2041128[0m[34;1m       108[0m
11:43:59   [34;1m    103080[0m[34;1m   1518552[0m[34;1m    337992[0m[34;1m     11.13[0m[34;1m     58304[0m[34;1m   2439968[0m[34;1m   3382424[0m[31;1m    111.41[0m[34;1m    737864[0m[34;1m   2040592[0m[34;1m       112[0m
11:44:00   [34;1m    103080[0m[34;1m   1518556[0m[34;1m    337988[0m[34;1m     11.13[0m[34;1m     58304[0m[34;1m   2439972[0m[34;1m   3382424[0m[31;1m    111.41[0m[34;1m    737864[0m[34;1m   2040700[0m[34;1m         4[0m
11:44:01   [34;1m    100308[0m[34;1m   1515792[0m[34;1m    340756[0m[34;1m     11.22[0m[34;1m     58304[0m[34;1m   2439980[0m[34;1m   3382424[0m[31;1m    111.41[0m[34;1m    737860[0m[34;1m   2040672[0m[34;1m        12[0m
11:44:02   [34;1m    100056[0m[34;1m   1515544[0m[34;1m    341004[0m[34;1m     11.23[0m[34;1m     58304[0m[34;1m   2439984[0m[34;1m   3382424[0m[31;1m    111.41[0m[34;1m    737864[0m[34;1m   2040800[0m[34;1m        16[0m
11:44:03   [34;1m    100056[0m[34;1m   1515564[0m[34;1m    340976[0m[34;1m     11.23[0m[34;1m     58316[0m[34;1m   2439992[0m[34;1m   3382424[0m[31;1m    111.41[0m[34;1m    737876[0m[34;1m   2040788[0m[34;1m        48[0m
11:44:04   [34;1m    110408[0m[34;1m   1525616[0m[34;1m    330932[0m[34;1m     10.90[0m[34;1m     58316[0m[34;1m   2439692[0m[34;1m   3382424[0m[31;1m    111.41[0m[34;1m    737880[0m[34;1m   2040536[0m[34;1m        52[0m
11:44:05   [34;1m    110184[0m[34;1m   1525392[0m[34;1m    331152[0m[34;1m     10.91[0m[34;1m     58316[0m[34;1m   2439696[0m[34;1m   3382424[0m[31;1m    111.41[0m[34;1m    737880[0m[34;1m   2040536[0m[34;1m        56[0m
11:44:06   [34;1m    110184[0m[34;1m   1525392[0m[34;1m    331148[0m[34;1m     10.91[0m[34;1m     58316[0m[34;1m   2439700[0m[34;1m   3382424[0m[31;1m    111.41[0m[34;1m    737880[0m[34;1m   2040596[0m[34;1m        60[0m
11:44:07   [34;1m    110184[0m[34;1m   1525404[0m[34;1m    331140[0m[34;1m     10.91[0m[34;1m     58316[0m[34;1m   2439708[0m[34;1m   3382424[0m[31;1m    111.41[0m[34;1m    737880[0m[34;1m   2040684[0m[34;1m        68[0m
11:44:08   [34;1m    109932[0m[34;1m   1525156[0m[34;1m    331380[0m[34;1m     10.92[0m[34;1m     58324[0m[34;1m   2439712[0m[34;1m   3382424[0m[31;1m    111.41[0m[34;1m    737880[0m[34;1m   2040804[0m[34;1m        76[0m
11:44:09   [34;1m    108168[0m[34;1m   1523412[0m[34;1m    333136[0m[34;1m     10.97[0m[34;1m     58324[0m[34;1m   2439720[0m[34;1m   3382424[0m[31;1m    111.41[0m[34;1m    737888[0m[34;1m   2040704[0m[34;1m        84[0m
11:44:10   [34;1m    108168[0m[34;1m   1523412[0m[34;1m    333132[0m[34;1m     10.97[0m[34;1m     58324[0m[34;1m   2439724[0m[34;1m   3382424[0m[31;1m    111.41[0m[34;1m    737888[0m[34;1m   2040704[0m[34;1m        88[0m
11:44:11   [34;1m    108168[0m[34;1m   1523412[0m[34;1m    333120[0m[34;1m     10.97[0m[34;1m     58324[0m[34;1m   2439732[0m[34;1m   3382424[0m[31;1m    111.41[0m[34;1m    737888[0m[34;1m   2040704[0m[34;1m        96[0m
11:44:12   [34;1m    108168[0m[34;1m   1523500[0m[34;1m    333044[0m[34;1m     10.97[0m[34;1m     58324[0m[34;1m   2439808[0m[34;1m   3382424[0m[31;1m    111.41[0m[34;1m    737956[0m[34;1m   2040816[0m[34;1m       100[0m
11:44:13   [34;1m    107664[0m[34;1m   1523004[0m[34;1m    333512[0m[34;1m     10.99[0m[34;1m     58328[0m[34;1m   2439820[0m[34;1m   3386760[0m[31;1m    111.55[0m[34;1m    737956[0m[34;1m   2042316[0m[34;1m       112[0m
11:44:14   [34;1m    107172[0m[34;1m   1522524[0m[34;1m    333972[0m[34;1m     11.00[0m[34;1m     58328[0m[34;1m   2439824[0m[34;1m   3386760[0m[31;1m    111.55[0m[34;1m    737960[0m[34;1m   2042444[0m[34;1m       116[0m
11:44:15   [34;1m    107172[0m[34;1m   1522524[0m[34;1m    333964[0m[34;1m     11.00[0m[34;1m     58328[0m[34;1m   2439832[0m[34;1m   3386760[0m[31;1m    111.55[0m[34;1m    737960[0m[34;1m   2042488[0m[34;1m         8[0m
11:44:16   [34;1m    107172[0m[34;1m   1522524[0m[34;1m    333960[0m[34;1m     11.00[0m[34;1m     58328[0m[34;1m   2439836[0m[34;1m   3382424[0m[31;1m    111.41[0m[34;1m    737960[0m[34;1m   2040988[0m[34;1m        12[0m
11:44:17   [34;1m    107172[0m[34;1m   1522540[0m[34;1m    333972[0m[34;1m     11.00[0m[34;1m     58328[0m[34;1m   2439840[0m[34;1m   3382424[0m[31;1m    111.41[0m[34;1m    737960[0m[34;1m   2041280[0m[34;1m        16[0m
11:44:18   [34;1m    107172[0m[34;1m   1522540[0m[34;1m    333968[0m[34;1m     11.00[0m[34;1m     58336[0m[34;1m   2439836[0m[34;1m   3382424[0m[31;1m    111.41[0m[34;1m    737960[0m[34;1m   2041280[0m[34;1m        20[0m
11:44:19   [34;1m    107172[0m[34;1m   1522556[0m[34;1m    333984[0m[34;1m     11.00[0m[34;1m     58336[0m[34;1m   2439852[0m[34;1m   3382424[0m[31;1m    111.41[0m[34;1m    737968[0m[34;1m   2041376[0m[34;1m        48[0m
11:44:20   [34;1m    107172[0m[34;1m   1522564[0m[34;1m    333980[0m[34;1m     11.00[0m[34;1m     58336[0m[34;1m   2439856[0m[34;1m   3382424[0m[31;1m    111.41[0m[34;1m    737968[0m[34;1m   2041436[0m[34;1m        52[0m
11:44:21   [34;1m    106416[0m[34;1m   1521816[0m[34;1m    334728[0m[34;1m     11.03[0m[34;1m     58336[0m[34;1m   2439864[0m[34;1m   3382424[0m[31;1m    111.41[0m[34;1m    737972[0m[34;1m   2041824[0m[34;1m        60[0m
11:44:22   [34;1m    106416[0m[34;1m   1521816[0m[34;1m    334736[0m[34;1m     11.03[0m[34;1m     58336[0m[34;1m   2439868[0m[34;1m   3382424[0m[31;1m    111.41[0m[34;1m    737968[0m[34;1m   2041344[0m[34;1m        64[0m
11:44:23   [34;1m    106416[0m[34;1m   1521816[0m[34;1m    334724[0m[34;1m     11.03[0m[34;1m     58336[0m[34;1m   2439880[0m[34;1m   3382424[0m[31;1m    111.41[0m[34;1m    737968[0m[34;1m   2041196[0m[34;1m        84[0m
11:44:24   [34;1m    106416[0m[34;1m   1521832[0m[34;1m    334720[0m[34;1m     11.03[0m[34;1m     58336[0m[34;1m   2439884[0m[34;1m   3382424[0m[31;1m    111.41[0m[34;1m    737968[0m[34;1m   2040988[0m[34;1m        88[0m
11:44:25   [34;1m    106416[0m[34;1m   1521832[0m[34;1m    334712[0m[34;1m     11.02[0m[34;1m     58336[0m[34;1m   2439892[0m[34;1m   3382424[0m[31;1m    111.41[0m[34;1m    737968[0m[34;1m   2040988[0m[34;1m        96[0m
11:44:26   [34;1m    106416[0m[34;1m   1521832[0m[34;1m    334708[0m[34;1m     11.02[0m[34;1m     58336[0m[34;1m   2439896[0m[34;1m   3382424[0m[31;1m    111.41[0m[34;1m    737968[0m[34;1m   2040988[0m[34;1m       100[0m
11:44:27   [34;1m    106416[0m[34;1m   1521852[0m[34;1m    334704[0m[34;1m     11.02[0m[34;1m     58336[0m[34;1m   2439900[0m[34;1m   3382424[0m[31;1m    111.41[0m[34;1m    737968[0m[34;1m   2041320[0m[34;1m       104[0m
11:44:28   [34;1m    106416[0m[34;1m   1521852[0m[34;1m    334700[0m[34;1m     11.02[0m[34;1m     58340[0m[34;1m   2439900[0m[34;1m   3382424[0m[31;1m    111.41[0m[34;1m    737968[0m[34;1m   2041540[0m[34;1m       108[0m
11:44:29   [34;1m    106416[0m[34;1m   1521868[0m[34;1m    334692[0m[34;1m     11.02[0m[34;1m     58340[0m[34;1m   2439912[0m[34;1m   3382424[0m[31;1m    111.41[0m[34;1m    737972[0m[34;1m   2041336[0m[34;1m       116[0m
11:44:30   [34;1m    106416[0m[34;1m   1521868[0m[34;1m    334688[0m[34;1m     11.02[0m[34;1m     58340[0m[34;1m   2439916[0m[34;1m   3382424[0m[31;1m    111.41[0m[34;1m    737972[0m[34;1m   2041480[0m[34;1m        20[0m
11:44:31   [34;1m    106416[0m[34;1m   1521876[0m[34;1m    334680[0m[34;1m     11.02[0m[34;1m     58340[0m[34;1m   2439924[0m[34;1m   3382424[0m[31;1m    111.41[0m[34;1m    737972[0m[34;1m   2041528[0m[34;1m         8[0m
11:44:32   [34;1m    106416[0m[34;1m   1521884[0m[34;1m    334676[0m[34;1m     11.02[0m[34;1m     58340[0m[34;1m   2439928[0m[34;1m   3382424[0m[31;1m    111.41[0m[34;1m    737972[0m[34;1m   2041568[0m[34;1m        12[0m
11:44:33   [34;1m    105912[0m[34;1m   1521384[0m[34;1m    335156[0m[34;1m     11.04[0m[34;1m     58352[0m[34;1m   2439932[0m[34;1m   3386760[0m[31;1m    111.55[0m[34;1m    737972[0m[34;1m   2043140[0m[34;1m        56[0m
11:44:34   [34;1m    105912[0m[34;1m   1521400[0m[34;1m    335140[0m[34;1m     11.04[0m[34;1m     58352[0m[34;1m   2439936[0m[34;1m   3386760[0m[31;1m    111.55[0m[34;1m    737984[0m[34;1m   2043232[0m[34;1m        60[0m
11:44:35   [34;1m    105912[0m[34;1m   1521408[0m[34;1m    335132[0m[34;1m     11.04[0m[34;1m     58352[0m[34;1m   2439944[0m[34;1m   3386760[0m[31;1m    111.55[0m[34;1m    737984[0m[34;1m   2043372[0m[34;1m        68[0m
11:44:36   [34;1m    105912[0m[34;1m   1521408[0m[34;1m    335132[0m[34;1m     11.04[0m[34;1m     58352[0m[34;1m   2439944[0m[34;1m   3382424[0m[31;1m    111.41[0m[34;1m    737984[0m[34;1m   2042212[0m[34;1m        68[0m
11:44:37   [34;1m    105912[0m[34;1m   1521416[0m[34;1m    335136[0m[34;1m     11.04[0m[34;1m     58352[0m[34;1m   2439952[0m[34;1m   3382424[0m[31;1m    111.41[0m[34;1m    737984[0m[34;1m   2041856[0m[34;1m        76[0m
11:44:38   [34;1m    105912[0m[34;1m   1521416[0m[34;1m    335132[0m[34;1m     11.04[0m[34;1m     58352[0m[34;1m   2439956[0m[34;1m   3382424[0m[31;1m    111.41[0m[34;1m    737984[0m[34;1m   2041916[0m[34;1m        80[0m
11:44:39   [34;1m    105660[0m[34;1m   1521180[0m[34;1m    335368[0m[34;1m     11.05[0m[34;1m     58360[0m[34;1m   2439964[0m[34;1m   3382424[0m[31;1m    111.41[0m[34;1m    737992[0m[34;1m   2041316[0m[34;1m        88[0m
11:44:40   [34;1m    105660[0m[34;1m   1521180[0m[34;1m    335364[0m[34;1m     11.05[0m[34;1m     58360[0m[34;1m   2439968[0m[34;1m   3382424[0m[31;1m    111.41[0m[34;1m    737992[0m[34;1m   2041188[0m[34;1m        92[0m
11:44:41   [34;1m    105660[0m[34;1m   1521188[0m[34;1m    335356[0m[34;1m     11.05[0m[34;1m     58360[0m[34;1m   2439976[0m[34;1m   3382424[0m[31;1m    111.41[0m[34;1m    737992[0m[34;1m   2041608[0m[34;1m       100[0m
11:44:42   [34;1m    105660[0m[34;1m   1521204[0m[34;1m    335352[0m[34;1m     11.05[0m[34;1m     58360[0m[34;1m   2439984[0m[34;1m   3382424[0m[31;1m    111.41[0m[34;1m    737992[0m[34;1m   2041268[0m[34;1m       108[0m
11:44:43   [34;1m    105660[0m[34;1m   1521204[0m[34;1m    335348[0m[34;1m     11.05[0m[34;1m     58360[0m[34;1m   2439988[0m[34;1m   3382424[0m[31;1m    111.41[0m[34;1m    737992[0m[34;1m   2041220[0m[34;1m       112[0m
11:44:44   [34;1m    104652[0m[34;1m   1520212[0m[34;1m    336360[0m[34;1m     11.08[0m[34;1m     58368[0m[34;1m   2439992[0m[34;1m   3382424[0m[31;1m    111.41[0m[34;1m    738000[0m[34;1m   2041292[0m[34;1m       116[0m
11:44:45   [34;1m    104652[0m[34;1m   1520212[0m[34;1m    336352[0m[34;1m     11.08[0m[34;1m     58368[0m[34;1m   2439996[0m[34;1m   3382424[0m[31;1m    111.41[0m[34;1m    738000[0m[34;1m   2041292[0m[34;1m       120[0m
11:44:46   [34;1m    104652[0m[34;1m   1520212[0m[34;1m    336348[0m[34;1m     11.08[0m[34;1m     58368[0m[34;1m   2440000[0m[34;1m   3382424[0m[31;1m    111.41[0m[34;1m    738000[0m[34;1m   2041348[0m[34;1m         4[0m
11:44:47   [34;1m    104400[0m[34;1m   1519976[0m[34;1m    336592[0m[34;1m     11.09[0m[34;1m     58368[0m[34;1m   2440008[0m[34;1m   3382424[0m[31;1m    111.41[0m[34;1m    738000[0m[34;1m   2041708[0m[34;1m        12[0m
11:44:48   [34;1m    104400[0m[34;1m   1519980[0m[34;1m    336588[0m[34;1m     11.09[0m[34;1m     58368[0m[34;1m   2440012[0m[34;1m   3382424[0m[31;1m    111.41[0m[34;1m    738000[0m[34;1m   2041612[0m[34;1m        16[0m
11:44:49   [34;1m    102636[0m[34;1m   1518232[0m[34;1m    338336[0m[34;1m     11.14[0m[34;1m     58380[0m[34;1m   2440016[0m[34;1m   3382424[0m[31;1m    111.41[0m[34;1m    738012[0m[34;1m   2041660[0m[34;1m        40[0m
11:44:50   [34;1m    102636[0m[34;1m   1518232[0m[34;1m    338332[0m[34;1m     11.14[0m[34;1m     58380[0m[34;1m   2440020[0m[34;1m   3382424[0m[31;1m    111.41[0m[34;1m    738012[0m[34;1m   2041660[0m[34;1m        44[0m
11:44:51   [34;1m    102636[0m[34;1m   1518232[0m[34;1m    338328[0m[34;1m     11.14[0m[34;1m     58380[0m[34;1m   2440024[0m[34;1m   3382424[0m[31;1m    111.41[0m[34;1m    738012[0m[34;1m   2041720[0m[34;1m        48[0m
11:44:52   [34;1m    102636[0m[34;1m   1518232[0m[34;1m    338320[0m[34;1m     11.14[0m[34;1m     58380[0m[34;1m   2440032[0m[34;1m   3382424[0m[31;1m    111.41[0m[34;1m    738012[0m[34;1m   2041720[0m[34;1m        56[0m
11:44:53   [34;1m    101880[0m[34;1m   1517496[0m[34;1m    339044[0m[34;1m     11.17[0m[34;1m     58380[0m[34;1m   2440036[0m[34;1m   3386760[0m[31;1m    111.55[0m[34;1m    738012[0m[34;1m   2043528[0m[34;1m        64[0m
11:44:54   [34;1m    100620[0m[34;1m   1516240[0m[34;1m    340292[0m[34;1m     11.21[0m[34;1m     58388[0m[34;1m   2440040[0m[34;1m   3386760[0m[31;1m    111.55[0m[34;1m    738012[0m[34;1m   2043600[0m[34;1m        72[0m
11:44:55   [34;1m    100620[0m[34;1m   1516248[0m[34;1m    340284[0m[34;1m     11.21[0m[34;1m     58388[0m[34;1m   2440048[0m[34;1m   3386760[0m[31;1m    111.55[0m[34;1m    738020[0m[34;1m   2043640[0m[34;1m        80[0m
11:44:56   [34;1m    100620[0m[34;1m   1516248[0m[34;1m    340280[0m[34;1m     11.21[0m[34;1m     58388[0m[34;1m   2440052[0m[34;1m   3382424[0m[31;1m    111.41[0m[34;1m    738020[0m[34;1m   2042240[0m[34;1m        84[0m
11:44:57   [34;1m    100620[0m[34;1m   1516264[0m[34;1m    340280[0m[34;1m     11.21[0m[34;1m     58388[0m[34;1m   2440060[0m[34;1m   3382424[0m[31;1m    111.41[0m[34;1m    738020[0m[34;1m   2042368[0m[34;1m        92[0m
11:44:58   [34;1m    100620[0m[34;1m   1516272[0m[34;1m    340276[0m[34;1m     11.21[0m[34;1m     58388[0m[34;1m   2440064[0m[34;1m   3382424[0m[31;1m    111.41[0m[34;1m    738020[0m[34;1m   2042200[0m[34;1m        96[0m
11:44:59   [34;1m    100620[0m[34;1m   1516276[0m[34;1m    340264[0m[34;1m     11.21[0m[34;1m     58396[0m[34;1m   2440068[0m[34;1m   3382424[0m[31;1m    111.41[0m[34;1m    738020[0m[34;1m   2042120[0m[34;1m       100[0m
11:45:00   [34;1m    100620[0m[34;1m   1516276[0m[34;1m    340260[0m[34;1m     11.21[0m[34;1m     58396[0m[34;1m   2440072[0m[34;1m   3382424[0m[31;1m    111.41[0m[34;1m    738020[0m[34;1m   2042120[0m[34;1m       104[0m
11:45:01   [34;1m    111500[0m[34;1m   1522444[0m[34;1m    334176[0m[34;1m     11.01[0m[34;1m     58380[0m[34;1m   2435428[0m[34;1m   3382424[0m[31;1m    111.41[0m[34;1m    737560[0m[34;1m   2038144[0m[34;1m         4[0m
11:45:02   [34;1m    111500[0m[34;1m   1522448[0m[34;1m    334172[0m[34;1m     11.01[0m[34;1m     58380[0m[34;1m   2435432[0m[34;1m   3382424[0m[31;1m    111.41[0m[34;1m    737564[0m[34;1m   2037932[0m[34;1m         8[0m
11:45:03   [34;1m    111252[0m[34;1m   1522204[0m[34;1m    334408[0m[34;1m     11.01[0m[34;1m     58380[0m[34;1m   2435440[0m[34;1m   3382424[0m[31;1m    111.41[0m[34;1m    737604[0m[34;1m   2037736[0m[34;1m        20[0m
11:45:04   [34;1m    109740[0m[34;1m   1520696[0m[34;1m    335928[0m[34;1m     11.06[0m[34;1m     58392[0m[34;1m   2435428[0m[34;1m   3382424[0m[31;1m    111.41[0m[34;1m    737604[0m[34;1m   2037776[0m[34;1m        20[0m
11:45:05   [34;1m    109740[0m[34;1m   1520696[0m[34;1m    335908[0m[34;1m     11.06[0m[34;1m     58392[0m[34;1m   2435448[0m[34;1m   3382424[0m[31;1m    111.41[0m[34;1m    737604[0m[34;1m   2037776[0m[34;1m        52[0m
11:45:06   [34;1m    109740[0m[34;1m   1520696[0m[34;1m    335904[0m[34;1m     11.06[0m[34;1m     58392[0m[34;1m   2435452[0m[34;1m   3382424[0m[31;1m    111.41[0m[34;1m    737604[0m[34;1m   2037776[0m[34;1m        56[0m
11:45:07   [34;1m    109740[0m[34;1m   1520724[0m[34;1m    335896[0m[34;1m     11.06[0m[34;1m     58392[0m[34;1m   2435460[0m[34;1m   3382424[0m[31;1m    111.41[0m[34;1m    737616[0m[34;1m   2037856[0m[34;1m        64[0m
11:45:08   [34;1m    109740[0m[34;1m   1520724[0m[34;1m    335892[0m[34;1m     11.06[0m[34;1m     58392[0m[34;1m   2435464[0m[34;1m   3382424[0m[31;1m    111.41[0m[34;1m    737616[0m[34;1m   2037976[0m[34;1m        68[0m
11:45:09   [34;1m    108228[0m[34;1m   1519224[0m[34;1m    337400[0m[34;1m     11.11[0m[34;1m     58392[0m[34;1m   2435468[0m[34;1m   3382424[0m[31;1m    111.41[0m[34;1m    737616[0m[34;1m   2037968[0m[34;1m        72[0m
11:45:10   [34;1m    108228[0m[34;1m   1519224[0m[34;1m    337388[0m[34;1m     11.11[0m[34;1m     58400[0m[34;1m   2435472[0m[34;1m   3382424[0m[31;1m    111.41[0m[34;1m    737616[0m[34;1m   2037968[0m[34;1m        76[0m
11:45:11   [34;1m    108228[0m[34;1m   1519232[0m[34;1m    337380[0m[34;1m     11.11[0m[34;1m     58400[0m[34;1m   2435480[0m[34;1m   3382424[0m[31;1m    111.41[0m[34;1m    737624[0m[34;1m   2038080[0m[34;1m        84[0m
11:45:12   [34;1m    108228[0m[34;1m   1519244[0m[34;1m    337376[0m[34;1m     11.11[0m[34;1m     58400[0m[34;1m   2435484[0m[34;1m   3382424[0m[31;1m    111.41[0m[34;1m    737624[0m[34;1m   2038112[0m[34;1m        88[0m
11:45:13   [34;1m    106980[0m[34;1m   1518004[0m[34;1m    338596[0m[34;1m     11.15[0m[34;1m     58400[0m[34;1m   2435492[0m[34;1m   3386760[0m[31;1m    111.55[0m[34;1m    737624[0m[34;1m   2040124[0m[34;1m        96[0m
11:45:14   [34;1m    106980[0m[34;1m   1518008[0m[34;1m    338584[0m[34;1m     11.15[0m[34;1m     58400[0m[34;1m   2435492[0m[34;1m   3386760[0m[31;1m    111.55[0m[34;1m    737624[0m[34;1m   2040068[0m[34;1m        96[0m
11:45:15   [34;1m    106980[0m[34;1m   1518020[0m[34;1m    338564[0m[34;1m     11.15[0m[34;1m     58408[0m[34;1m   2435500[0m[34;1m   3386760[0m[31;1m    111.55[0m[34;1m    737632[0m[34;1m   2040272[0m[34;1m       104[0m
11:45:16   [34;1m    106980[0m[34;1m   1518024[0m[34;1m    338560[0m[34;1m     11.15[0m[34;1m     58408[0m[34;1m   2435504[0m[34;1m   3382424[0m[31;1m    111.41[0m[34;1m    737632[0m[34;1m   2039112[0m[34;1m         8[0m
11:45:17   [34;1m    106980[0m[34;1m   1518036[0m[34;1m    338564[0m[34;1m     11.15[0m[34;1m     58408[0m[34;1m   2435512[0m[34;1m   3382424[0m[31;1m    111.41[0m[34;1m    737632[0m[34;1m   2038892[0m[34;1m        12[0m
11:45:18   [34;1m    106980[0m[34;1m   1518040[0m[34;1m    338560[0m[34;1m     11.15[0m[34;1m     58408[0m[34;1m   2435516[0m[34;1m   3382424[0m[31;1m    111.41[0m[34;1m    737632[0m[34;1m   2039024[0m[34;1m        16[0m
11:45:19   [34;1m    106980[0m[34;1m   1518044[0m[34;1m    338552[0m[34;1m     11.15[0m[34;1m     58408[0m[34;1m   2435524[0m[34;1m   3382424[0m[31;1m    111.41[0m[34;1m    737632[0m[34;1m   2038932[0m[34;1m        24[0m
11:45:20   [34;1m    106980[0m[34;1m   1518044[0m[34;1m    338536[0m[34;1m     11.15[0m[34;1m     58420[0m[34;1m   2435528[0m[34;1m   3382424[0m[31;1m    111.41[0m[34;1m    737632[0m[34;1m   2038932[0m[34;1m        48[0m
11:45:21   [34;1m    106476[0m[34;1m   1517564[0m[34;1m    339032[0m[34;1m     11.17[0m[34;1m     58420[0m[34;1m   2435536[0m[34;1m   3382424[0m[31;1m    111.41[0m[34;1m    737644[0m[34;1m   2039296[0m[34;1m        56[0m
11:45:22   [34;1m    106476[0m[34;1m   1517568[0m[34;1m    339028[0m[34;1m     11.17[0m[34;1m     58420[0m[34;1m   2435540[0m[34;1m   3382424[0m[31;1m    111.41[0m[34;1m    737644[0m[34;1m   2039440[0m[34;1m        60[0m
11:45:23   [34;1m    106476[0m[34;1m   1517580[0m[34;1m    339020[0m[34;1m     11.17[0m[34;1m     58420[0m[34;1m   2435548[0m[34;1m   3382424[0m[31;1m    111.41[0m[34;1m    737644[0m[34;1m   2039248[0m[34;1m        72[0m
11:45:24   [34;1m    106476[0m[34;1m   1517584[0m[34;1m    339032[0m[34;1m     11.17[0m[34;1m     58420[0m[34;1m   2435552[0m[34;1m   3382424[0m[31;1m    111.41[0m[34;1m    737644[0m[34;1m   2039096[0m[34;1m        76[0m
11:45:25   [34;1m    106476[0m[34;1m   1517588[0m[34;1m    339024[0m[34;1m     11.17[0m[34;1m     58424[0m[34;1m   2435556[0m[34;1m   3382424[0m[31;1m    111.41[0m[34;1m    737648[0m[34;1m   2039132[0m[34;1m        84[0m
11:45:26   [34;1m    106476[0m[34;1m   1517588[0m[34;1m    339016[0m[34;1m     11.17[0m[34;1m     58424[0m[34;1m   2435564[0m[34;1m   3382424[0m[31;1m    111.41[0m[34;1m    737648[0m[34;1m   2039192[0m[34;1m        92[0m
11:45:27   [34;1m    106476[0m[34;1m   1517600[0m[34;1m    339008[0m[34;1m     11.17[0m[34;1m     58424[0m[34;1m   2435572[0m[34;1m   3382424[0m[31;1m    111.41[0m[34;1m    737648[0m[34;1m   2039492[0m[34;1m       100[0m
11:45:28   [34;1m    106476[0m[34;1m   1517608[0m[34;1m    339008[0m[34;1m     11.17[0m[34;1m     58424[0m[34;1m   2435572[0m[34;1m   3382424[0m[31;1m    111.41[0m[34;1m    737648[0m[34;1m   2039612[0m[34;1m       100[0m
11:45:29   [34;1m    106476[0m[34;1m   1517612[0m[34;1m    339000[0m[34;1m     11.17[0m[34;1m     58424[0m[34;1m   2435580[0m[34;1m   3382424[0m[31;1m    111.41[0m[34;1m    737648[0m[34;1m   2039584[0m[34;1m       108[0m
11:45:30   [34;1m    106224[0m[34;1m   1517360[0m[34;1m    339248[0m[34;1m     11.17[0m[34;1m     58428[0m[34;1m   2435580[0m[34;1m   3382424[0m[31;1m    111.41[0m[34;1m    737648[0m[34;1m   2039684[0m[34;1m       112[0m
11:45:31   [34;1m    106224[0m[34;1m   1517372[0m[34;1m    339248[0m[34;1m     11.17[0m[34;1m     58428[0m[34;1m   2435592[0m[34;1m   3382424[0m[31;1m    111.41[0m[34;1m    737652[0m[34;1m   2039552[0m[34;1m       120[0m
11:45:32   [34;1m    106224[0m[34;1m   1517380[0m[34;1m    339248[0m[34;1m     11.17[0m[34;1m     58428[0m[34;1m   2435592[0m[34;1m   3382424[0m[31;1m    111.41[0m[34;1m    737652[0m[34;1m   2039304[0m[34;22m         0[0m
11:45:33   [34;1m    106224[0m[34;1m   1517392[0m[34;1m    339220[0m[34;1m     11.17[0m[34;1m     58428[0m[34;1m   2435604[0m[34;1m   3386760[0m[31;1m    111.55[0m[34;1m    737652[0m[34;1m   2040788[0m[34;1m        20[0m
11:45:34   [34;1m    105468[0m[34;1m   1516636[0m[34;1m    339968[0m[34;1m     11.20[0m[34;1m     58428[0m[34;1m   2435608[0m[34;1m   3386760[0m[31;1m    111.55[0m[34;1m    737652[0m[34;1m   2040820[0m[34;1m        24[0m
11:45:35   [34;1m    105468[0m[34;1m   1516636[0m[34;1m    339960[0m[34;1m     11.20[0m[34;1m     58432[0m[34;1m   2435612[0m[34;1m   3386760[0m[31;1m    111.55[0m[34;1m    737652[0m[34;1m   2040820[0m[34;1m        52[0m
11:45:36   [34;1m    105468[0m[34;1m   1516636[0m[34;1m    339956[0m[34;1m     11.20[0m[34;1m     58432[0m[34;1m   2435616[0m[34;1m   3382424[0m[31;1m    111.41[0m[34;1m    737652[0m[34;1m   2039420[0m[34;1m        56[0m
11:45:37   [34;1m    105468[0m[34;1m   1516656[0m[34;1m    339952[0m[34;1m     11.20[0m[34;1m     58432[0m[34;1m   2435624[0m[34;1m   3382424[0m[31;1m    111.41[0m[34;1m    737656[0m[34;1m   2039372[0m[34;1m        64[0m
11:45:38   [34;1m    105468[0m[34;1m   1516660[0m[34;1m    339948[0m[34;1m     11.20[0m[34;1m     58432[0m[34;1m   2435628[0m[34;1m   3382424[0m[31;1m    111.41[0m[34;1m    737656[0m[34;1m   2039332[0m[34;1m        68[0m
11:45:39   [34;1m    105468[0m[34;1m   1516668[0m[34;1m    339944[0m[34;1m     11.20[0m[34;1m     58432[0m[34;1m   2435636[0m[34;1m   3382424[0m[31;1m    111.41[0m[34;1m    737656[0m[34;1m   2039336[0m[34;1m        76[0m
11:45:40   [34;1m    105468[0m[34;1m   1516668[0m[34;1m    339940[0m[34;1m     11.20[0m[34;1m     58436[0m[34;1m   2435636[0m[34;1m   3382424[0m[31;1m    111.41[0m[34;1m    737656[0m[34;1m   2039336[0m[34;1m        80[0m
11:45:41   [34;1m    105468[0m[34;1m   1516676[0m[34;1m    339932[0m[34;1m     11.20[0m[34;1m     58436[0m[34;1m   2435644[0m[34;1m   3382424[0m[31;1m    111.41[0m[34;1m    737660[0m[34;1m   2039356[0m[34;1m        84[0m
11:45:42   [34;1m    105468[0m[34;1m   1516684[0m[34;1m    339928[0m[34;1m     11.20[0m[34;1m     58436[0m[34;1m   2435648[0m[34;1m   3382424[0m[31;1m    111.41[0m[34;1m    737660[0m[34;1m   2039416[0m[34;1m        88[0m
11:45:43   [34;1m    105468[0m[34;1m   1516692[0m[34;1m    339920[0m[34;1m     11.20[0m[34;1m     58436[0m[34;1m   2435656[0m[34;1m   3382424[0m[31;1m    111.41[0m[34;1m    737660[0m[34;1m   2039476[0m[34;1m        96[0m
11:45:44   [34;1m    105216[0m[34;1m   1516448[0m[34;1m    340168[0m[34;1m     11.20[0m[34;1m     58436[0m[34;1m   2435660[0m[34;1m   3382424[0m[31;1m    111.41[0m[34;1m    737660[0m[34;1m   2039344[0m[34;1m       100[0m
11:45:45   [34;1m    105216[0m[34;1m   1516468[0m[34;1m    340148[0m[34;1m     11.20[0m[34;1m     58444[0m[34;1m   2435672[0m[34;1m   3382424[0m[31;1m    111.41[0m[34;1m    737668[0m[34;1m   2039356[0m[34;1m       112[0m
11:45:46   [34;1m    105216[0m[34;1m   1516468[0m[34;1m    340144[0m[34;1m     11.20[0m[34;1m     58444[0m[34;1m   2435672[0m[34;1m   3382424[0m[31;1m    111.41[0m[34;1m    737668[0m[34;1m   2039716[0m[34;1m       112[0m
11:45:47   [34;1m    105216[0m[34;1m   1516476[0m[34;1m    340136[0m[34;1m     11.20[0m[34;1m     58444[0m[34;1m   2435680[0m[34;1m   3382424[0m[31;1m    111.41[0m[34;1m    737668[0m[34;1m   2039780[0m[34;1m         4[0m
11:45:48   [34;1m    105216[0m[34;1m   1516480[0m[34;1m    340132[0m[34;1m     11.20[0m[34;1m     58444[0m[34;1m   2435684[0m[34;1m   3382424[0m[31;1m    111.41[0m[34;1m    737668[0m[34;1m   2039840[0m[34;1m         8[0m
11:45:49   [34;1m    104208[0m[34;1m   1515476[0m[34;1m    341132[0m[34;1m     11.24[0m[34;1m     58444[0m[34;1m   2435692[0m[34;1m   3382424[0m[31;1m    111.41[0m[34;1m    737668[0m[34;1m   2039888[0m[34;1m        16[0m
11:45:50   [34;1m    104208[0m[34;1m   1515476[0m[34;1m    341128[0m[34;1m     11.24[0m[34;1m     58444[0m[34;1m   2435696[0m[34;1m   3382424[0m[31;1m    111.41[0m[34;1m    737668[0m[34;1m   2039888[0m[34;1m        20[0m
11:45:51   [34;1m    104208[0m[34;1m   1515500[0m[34;1m    341108[0m[34;1m     11.24[0m[34;1m     58456[0m[34;1m   2435704[0m[34;1m   3382424[0m[31;1m    111.41[0m[34;1m    737680[0m[34;1m   2039996[0m[34;1m        64[0m
11:45:52   [34;1m    104208[0m[34;1m   1515504[0m[34;1m    341104[0m[34;1m     11.24[0m[34;1m     58456[0m[34;1m   2435708[0m[34;1m   3382424[0m[31;1m    111.41[0m[34;1m    737680[0m[34;1m   2040136[0m[34;1m        68[0m
11:45:53   [34;1m    103452[0m[34;1m   1514760[0m[34;1m    341832[0m[34;1m     11.26[0m[34;1m     58456[0m[34;1m   2435716[0m[34;1m   3386760[0m[31;1m    111.55[0m[34;1m    737680[0m[34;1m   2041320[0m[34;1m        80[0m
11:45:54   [34;1m    101940[0m[34;1m   1513252[0m[34;1m    343332[0m[34;1m     11.31[0m[34;1m     58456[0m[34;1m   2435720[0m[34;1m   3386760[0m[31;1m    111.55[0m[34;1m    737680[0m[34;1m   2041364[0m[34;1m        84[0m
11:45:55   [34;1m    101940[0m[34;1m   1513252[0m[34;1m    343324[0m[34;1m     11.31[0m[34;1m     58456[0m[34;1m   2435728[0m[34;1m   3386760[0m[31;1m    111.55[0m[34;1m    737680[0m[34;1m   2041300[0m[34;1m        92[0m
11:45:56   [34;1m    101940[0m[34;1m   1513252[0m[34;1m    343320[0m[34;1m     11.31[0m[34;1m     58456[0m[34;1m   2435732[0m[34;1m   3382424[0m[31;1m    111.41[0m[34;1m    737680[0m[34;1m   2039900[0m[34;1m        96[0m
11:45:57   [34;1m    101940[0m[34;1m   1513272[0m[34;1m    343328[0m[34;1m     11.31[0m[34;1m     58456[0m[34;1m   2435740[0m[34;1m   3382424[0m[31;1m    111.41[0m[34;1m    737680[0m[34;1m   2040112[0m[34;1m       104[0m
11:45:58   [34;1m    101940[0m[34;1m   1513276[0m[34;1m    343324[0m[34;1m     11.31[0m[34;1m     58456[0m[34;1m   2435744[0m[34;1m   3382424[0m[31;1m    111.41[0m[34;1m    737680[0m[34;1m   2040012[0m[34;1m       108[0m
11:45:59   [34;1m    100932[0m[34;1m   1512272[0m[34;1m    344324[0m[34;1m     11.34[0m[34;1m     58456[0m[34;1m   2435752[0m[34;1m   3382424[0m[31;1m    111.41[0m[34;1m    737680[0m[34;1m   2039856[0m[34;1m       116[0m
11:46:00   [34;1m    100932[0m[34;1m   1512272[0m[34;1m    344324[0m[34;1m     11.34[0m[34;1m     58456[0m[34;1m   2435752[0m[34;1m   3382424[0m[31;1m    111.41[0m[34;1m    737680[0m[34;1m   2039856[0m[34;1m       116[0m
11:46:01   [34;1m    113888[0m[34;1m   1523996[0m[34;1m    332612[0m[34;1m     10.96[0m[34;1m     58456[0m[34;1m   2434524[0m[34;1m   3382424[0m[31;1m    111.41[0m[34;1m    737804[0m[34;1m   2039052[0m[34;1m       124[0m
11:46:02   [34;1m    112912[0m[34;1m   1523024[0m[34;1m    333584[0m[34;1m     10.99[0m[34;1m     58456[0m[34;1m   2434528[0m[34;1m   3382424[0m[31;1m    111.41[0m[34;1m    737808[0m[34;1m   2038468[0m[34;1m       128[0m
11:46:03   [34;1m    112912[0m[34;1m   1523032[0m[34;1m    333564[0m[34;1m     10.99[0m[34;1m     58456[0m[34;1m   2434536[0m[34;1m   3382424[0m[31;1m    111.41[0m[34;1m    737808[0m[34;1m   2038176[0m[34;1m        16[0m
11:46:04   [34;1m    111904[0m[34;1m   1522024[0m[34;1m    334580[0m[34;1m     11.02[0m[34;1m     58456[0m[34;1m   2434536[0m[34;1m   3382424[0m[31;1m    111.41[0m[34;1m    737808[0m[34;1m   2038056[0m[34;1m        16[0m
11:46:05   [34;1m    111652[0m[34;1m   1521804[0m[34;1m    334784[0m[34;1m     11.03[0m[34;1m     58456[0m[34;1m   2434584[0m[34;1m   3382424[0m[31;1m    111.41[0m[34;1m    737808[0m[34;1m   2038112[0m[34;1m        24[0m
11:46:06   [34;1m    111652[0m[34;1m   1521804[0m[34;1m    334768[0m[34;1m     11.03[0m[34;1m     58468[0m[34;1m   2434588[0m[34;1m   3382424[0m[31;1m    111.41[0m[34;1m    737808[0m[34;1m   2038112[0m[34;1m        52[0m
11:46:07   [34;1m    111148[0m[34;1m   1521344[0m[34;1m    335260[0m[34;1m     11.04[0m[34;1m     58468[0m[34;1m   2434600[0m[34;1m   3382424[0m[31;1m    111.41[0m[34;1m    737820[0m[34;1m   2038940[0m[34;1m        64[0m
11:46:08   [34;1m    111148[0m[34;1m   1521348[0m[34;1m    335256[0m[34;1m     11.04[0m[34;1m     58468[0m[34;1m   2434604[0m[34;1m   3382424[0m[31;1m    111.41[0m[34;1m    737820[0m[34;1m   2038500[0m[34;1m        68[0m
11:46:09   [34;1m    110644[0m[34;1m   1520852[0m[34;1m    335752[0m[34;1m     11.06[0m[34;1m     58468[0m[34;1m   2434612[0m[34;1m   3382424[0m[31;1m    111.41[0m[34;1m    737820[0m[34;1m   2038700[0m[34;1m        76[0m
11:46:10   [34;1m    110644[0m[34;1m   1520856[0m[34;1m    335748[0m[34;1m     11.06[0m[34;1m     58468[0m[34;1m   2434616[0m[34;1m   3382424[0m[31;1m    111.41[0m[34;1m    737820[0m[34;1m   2039104[0m[34;1m        80[0m
11:46:11   [34;1m    110644[0m[34;1m   1520860[0m[34;1m    335724[0m[34;1m     11.06[0m[34;1m     58476[0m[34;1m   2434624[0m[34;1m   3382424[0m[31;1m    111.41[0m[34;1m    737820[0m[34;1m   2038836[0m[34;1m        88[0m
11:46:12   [34;1m    110644[0m[34;1m   1520860[0m[34;1m    335724[0m[34;1m     11.06[0m[34;1m     58476[0m[34;1m   2434624[0m[34;1m   3382424[0m[31;1m    111.41[0m[34;1m    737820[0m[34;1m   2038836[0m[34;1m        88[0m
11:46:13   [34;1m    110644[0m[34;1m   1520880[0m[34;1m    335672[0m[34;1m     11.06[0m[34;1m     58476[0m[34;1m   2434632[0m[34;1m   3386760[0m[31;1m    111.55[0m[34;1m    737828[0m[34;1m   2040420[0m[34;1m        96[0m
11:46:14   [34;1m    109384[0m[34;1m   1519624[0m[34;1m    336924[0m[34;1m     11.10[0m[34;1m     58476[0m[34;1m   2434636[0m[34;1m   3386760[0m[31;1m    111.55[0m[34;1m    737828[0m[34;1m   2040256[0m[34;1m       100[0m
11:46:15   [34;1m    109384[0m[34;1m   1519628[0m[34;1m    336916[0m[34;1m     11.10[0m[34;1m     58476[0m[34;1m   2434644[0m[34;1m   3386760[0m[31;1m    111.55[0m[34;1m    737828[0m[34;1m   2040316[0m[34;1m       108[0m
11:46:16   [34;1m    109384[0m[34;1m   1519628[0m[34;1m    336904[0m[34;1m     11.10[0m[34;1m     58484[0m[34;1m   2434648[0m[34;1m   3382424[0m[31;1m    111.41[0m[34;1m    737828[0m[34;1m   2038916[0m[34;1m       112[0m
11:46:17   [34;1m    109384[0m[34;1m   1519648[0m[34;1m    336928[0m[34;1m     11.10[0m[34;1m     58484[0m[34;1m   2434652[0m[34;1m   3382424[0m[31;1m    111.41[0m[34;1m    737836[0m[34;1m   2039160[0m[34;1m       116[0m
11:46:18   [34;1m    109144[0m[34;1m   1519408[0m[34;1m    337164[0m[34;1m     11.11[0m[34;1m     58484[0m[34;1m   2434656[0m[34;1m   3382424[0m[31;1m    111.41[0m[34;1m    737836[0m[34;1m   2039360[0m[34;1m       120[0m
11:46:19   [34;1m    109144[0m[34;1m   1519420[0m[34;1m    337156[0m[34;1m     11.11[0m[34;1m     58484[0m[34;1m   2434664[0m[34;1m   3382424[0m[31;1m    111.41[0m[34;1m    737836[0m[34;1m   2038556[0m[34;1m       128[0m
11:46:20   [34;1m    109144[0m[34;1m   1519420[0m[34;1m    337152[0m[34;1m     11.11[0m[34;1m     58484[0m[34;1m   2434668[0m[34;1m   3382424[0m[31;1m    111.41[0m[34;1m    737836[0m[34;1m   2038148[0m[34;1m       132[0m
11:46:21   [34;1m    109144[0m[34;1m   1519432[0m[34;1m    337140[0m[34;1m     11.10[0m[34;1m     58488[0m[34;1m   2434676[0m[34;1m   3382424[0m[31;1m    111.41[0m[34;1m    737836[0m[34;1m   2038144[0m[34;1m       140[0m
11:46:22   [34;1m    109144[0m[34;1m   1519432[0m[34;1m    337140[0m[34;1m     11.10[0m[34;1m     58488[0m[34;1m   2434676[0m[34;1m   3382424[0m[31;1m    111.41[0m[34;1m    737840[0m[34;1m   2038216[0m[34;1m       140[0m
11:46:23   [34;1m    109144[0m[34;1m   1519432[0m[34;1m    337132[0m[34;1m     11.10[0m[34;1m     58488[0m[34;1m   2434684[0m[34;1m   3382424[0m[31;1m    111.41[0m[34;1m    737840[0m[34;1m   2038216[0m[34;1m       148[0m
11:46:24   [34;1m    108892[0m[34;1m   1519196[0m[34;1m    337396[0m[34;1m     11.11[0m[34;1m     58488[0m[34;1m   2434688[0m[34;1m   3382424[0m[31;1m    111.41[0m[34;1m    737840[0m[34;1m   2038360[0m[34;1m       152[0m
11:46:25   [34;1m    108892[0m[34;1m   1519200[0m[34;1m    337392[0m[34;1m     11.11[0m[34;1m     58488[0m[34;1m   2434692[0m[34;1m   3382424[0m[31;1m    111.41[0m[34;1m    737840[0m[34;1m   2038028[0m[34;1m       156[0m
11:46:26   [34;1m    108892[0m[34;1m   1519204[0m[34;1m    337384[0m[34;1m     11.11[0m[34;1m     58492[0m[34;1m   2434696[0m[34;1m   3382424[0m[31;1m    111.41[0m[34;1m    737840[0m[34;1m   2038088[0m[34;1m       164[0m
11:46:27   [34;1m    108640[0m[34;1m   1518964[0m[34;1m    337632[0m[34;1m     11.12[0m[34;1m     58492[0m[34;1m   2434704[0m[34;1m   3382424[0m[31;1m    111.41[0m[34;1m    737844[0m[34;1m   2038132[0m[34;1m       168[0m
11:46:28   [34;1m    108640[0m[34;1m   1518964[0m[34;1m    337628[0m[34;1m     11.12[0m[34;1m     58492[0m[34;1m   2434708[0m[34;1m   3382424[0m[31;1m    111.41[0m[34;1m    737844[0m[34;1m   2038132[0m[34;1m       172[0m
11:46:29   [34;1m    106876[0m[34;1m   1517208[0m[34;1m    339352[0m[34;1m     11.18[0m[34;1m     58492[0m[34;1m   2434716[0m[34;1m   3382424[0m[31;1m    111.41[0m[34;1m    737844[0m[34;1m   2038140[0m[34;1m       180[0m
11:46:30   [34;1m    106876[0m[34;1m   1517208[0m[34;1m    339352[0m[34;1m     11.18[0m[34;1m     58492[0m[34;1m   2434716[0m[34;1m   3382424[0m[31;1m    111.41[0m[34;1m    737844[0m[34;1m   2038140[0m[34;1m       180[0m
11:46:31   [34;1m    106876[0m[34;1m   1517212[0m[34;1m    339340[0m[34;1m     11.18[0m[34;1m     58496[0m[34;1m   2434724[0m[34;1m   3382424[0m[31;1m    111.41[0m[34;1m    737844[0m[34;1m   2038072[0m[34;1m       188[0m
11:46:32   [34;1m    106876[0m[34;1m   1517224[0m[34;1m    339340[0m[34;1m     11.18[0m[34;1m     58496[0m[34;1m   2434724[0m[34;1m   3382424[0m[31;1m    111.41[0m[34;1m    737848[0m[34;1m   2037860[0m[34;1m       188[0m
11:46:33   [34;1m    106876[0m[34;1m   1517228[0m[34;1m    339316[0m[34;1m     11.18[0m[34;1m     58496[0m[34;1m   2434728[0m[34;1m   3386760[0m[31;1m    111.55[0m[34;1m    737848[0m[34;1m   2039288[0m[34;1m        92[0m
11:46:34   [34;1m    106876[0m[34;1m   1517232[0m[34;1m    339300[0m[34;1m     11.18[0m[34;1m     58496[0m[34;1m   2434736[0m[34;1m   3386760[0m[31;1m    111.55[0m[34;1m    737848[0m[34;1m   2039336[0m[34;1m        36[0m
11:46:35   [34;1m    106876[0m[34;1m   1517236[0m[34;1m    339296[0m[34;1m     11.18[0m[34;1m     58496[0m[34;1m   2434740[0m[34;1m   3386760[0m[31;1m    111.55[0m[34;1m    737848[0m[34;1m   2039536[0m[34;1m        40[0m
11:46:36   [34;1m    106876[0m[34;1m   1517248[0m[34;1m    339292[0m[34;1m     11.18[0m[34;1m     58496[0m[34;1m   2434748[0m[34;1m   3382424[0m[31;1m    111.41[0m[34;1m    737848[0m[34;1m   2037860[0m[34;1m        48[0m
11:46:37   [34;1m    106876[0m[34;1m   1517260[0m[34;1m    339280[0m[34;1m     11.18[0m[34;1m     58500[0m[34;1m   2434756[0m[34;1m   3382424[0m[31;1m    111.41[0m[34;1m    737852[0m[34;1m   2038156[0m[34;1m        56[0m
11:46:38   [34;1m    106876[0m[34;1m   1517260[0m[34;1m    339280[0m[34;1m     11.18[0m[34;1m     58500[0m[34;1m   2434756[0m[34;1m   3382424[0m[31;1m    111.41[0m[34;1m    737852[0m[34;1m   2038156[0m[34;1m        56[0m
11:46:39   [34;1m    106876[0m[34;1m   1517268[0m[34;1m    339272[0m[34;1m     11.18[0m[34;1m     58500[0m[34;1m   2434764[0m[34;1m   3382424[0m[31;1m    111.41[0m[34;1m    737852[0m[34;1m   2038372[0m[34;1m        40[0m
11:46:40   [34;1m    106876[0m[34;1m   1517268[0m[34;1m    339268[0m[34;1m     11.17[0m[34;1m     58500[0m[34;1m   2434768[0m[34;1m   3382424[0m[31;1m    111.41[0m[34;1m    737852[0m[34;1m   2038372[0m[34;1m        44[0m
11:46:41   [34;1m    106876[0m[34;1m   1517272[0m[34;1m    339256[0m[34;1m     11.17[0m[34;1m     58500[0m[34;1m   2434780[0m[34;1m   3382424[0m[31;1m    111.41[0m[34;1m    737852[0m[34;1m   2038672[0m[34;1m        56[0m
11:46:42   [34;1m    106876[0m[34;1m   1517280[0m[34;1m    339256[0m[34;1m     11.17[0m[34;1m     58500[0m[34;1m   2434780[0m[34;1m   3382424[0m[31;1m    111.41[0m[34;1m    737852[0m[34;1m   2038332[0m[34;1m        60[0m
11:46:43   [34;1m    106876[0m[34;1m   1517288[0m[34;1m    339244[0m[34;1m     11.17[0m[34;1m     58500[0m[34;1m   2434792[0m[34;1m   3382424[0m[31;1m    111.41[0m[34;1m    737852[0m[34;1m   2038356[0m[34;1m        76[0m
11:46:44   [34;1m    106876[0m[34;1m   1517300[0m[34;1m    339240[0m[34;1m     11.17[0m[34;1m     58500[0m[34;1m   2434796[0m[34;1m   3382424[0m[31;1m    111.41[0m[34;1m    737852[0m[34;1m   2037384[0m[34;1m         8[0m
11:46:45   [34;1m    106876[0m[34;1m   1517304[0m[34;1m    339228[0m[34;1m     11.17[0m[34;1m     58500[0m[34;1m   2434804[0m[34;1m   3382424[0m[31;1m    111.41[0m[34;1m    737852[0m[34;1m   2037308[0m[34;1m        16[0m
11:46:46   [34;1m    106876[0m[34;1m   1517304[0m[34;1m    339224[0m[34;1m     11.17[0m[34;1m     58500[0m[34;1m   2434808[0m[34;1m   3382424[0m[31;1m    111.41[0m[34;1m    737852[0m[34;1m   2037308[0m[34;1m        20[0m
11:46:47   [34;1m    106876[0m[34;1m   1517320[0m[34;1m    339216[0m[34;1m     11.17[0m[34;1m     58504[0m[34;1m   2434812[0m[34;1m   3382424[0m[31;1m    111.41[0m[34;1m    737856[0m[34;1m   2037588[0m[34;1m        60[0m
11:46:48   [34;1m    106876[0m[34;1m   1517320[0m[34;1m    339212[0m[34;1m     11.17[0m[34;1m     58504[0m[34;1m   2434816[0m[34;1m   3382424[0m[31;1m    111.41[0m[34;1m    737856[0m[34;1m   2037648[0m[34;1m        64[0m
11:46:49   [34;1m    106876[0m[34;1m   1517328[0m[34;1m    339216[0m[34;1m     11.17[0m[34;1m     58504[0m[34;1m   2434824[0m[34;1m   3382424[0m[31;1m    111.41[0m[34;1m    737856[0m[34;1m   2037564[0m[34;1m         8[0m
11:46:50   [34;1m    106876[0m[34;1m   1517328[0m[34;1m    339212[0m[34;1m     11.17[0m[34;1m     58504[0m[34;1m   2434828[0m[34;1m   3382424[0m[31;1m    111.41[0m[34;1m    737856[0m[34;1m   2037604[0m[34;1m        12[0m
11:46:51   [34;1m    106876[0m[34;1m   1517340[0m[34;1m    339208[0m[34;1m     11.17[0m[34;1m     58504[0m[34;1m   2434832[0m[34;1m   3382424[0m[31;1m    111.41[0m[34;1m    737856[0m[34;1m   2037984[0m[34;1m        16[0m
11:46:52   [34;1m    106876[0m[34;1m   1517356[0m[34;1m    339192[0m[34;1m     11.17[0m[34;1m     58516[0m[34;1m   2434836[0m[34;1m   3382424[0m[31;1m    111.41[0m[34;1m    737868[0m[34;1m   2037768[0m[34;1m        40[0m
11:46:53   [34;1m    106876[0m[34;1m   1517360[0m[34;1m    339164[0m[34;1m     11.17[0m[34;1m     58516[0m[34;1m   2434840[0m[34;1m   3386760[0m[31;1m    111.55[0m[34;1m    737868[0m[34;1m   2039220[0m[34;1m        48[0m
11:46:54   [34;1m    106120[0m[34;1m   1516608[0m[34;1m    339916[0m[34;1m     11.20[0m[34;1m     58516[0m[34;1m   2434844[0m[34;1m   3386760[0m[31;1m    111.55[0m[34;1m    737868[0m[34;1m   2039260[0m[34;1m        52[0m
11:46:55   [34;1m    106120[0m[34;1m   1516608[0m[34;1m    339912[0m[34;1m     11.20[0m[34;1m     58516[0m[34;1m   2434848[0m[34;1m   3386760[0m[31;1m    111.55[0m[34;1m    737868[0m[34;1m   2039260[0m[34;1m        56[0m
11:46:56   [34;1m    105868[0m[34;1m   1516356[0m[34;1m    340156[0m[34;1m     11.20[0m[34;1m     58516[0m[34;1m   2434856[0m[34;1m   3382424[0m[31;1m    111.41[0m[34;1m    737868[0m[34;1m   2037760[0m[34;1m        64[0m
11:46:57   [34;1m    105868[0m[34;1m   1516376[0m[34;1m    340168[0m[34;1m     11.20[0m[34;1m     58520[0m[34;1m   2434860[0m[34;1m   3382424[0m[31;1m    111.41[0m[34;1m    737872[0m[34;1m   2037988[0m[34;1m        72[0m
11:46:58   [34;1m    105868[0m[34;1m   1516376[0m[34;1m    340168[0m[34;1m     11.20[0m[34;1m     58520[0m[34;1m   2434864[0m[34;1m   3382424[0m[31;1m    111.41[0m[34;1m    737872[0m[34;1m   2037988[0m[34;1m        76[0m
11:46:59   [34;1m    104608[0m[34;1m   1515124[0m[34;1m    341432[0m[34;1m     11.25[0m[34;1m     58520[0m[34;1m   2434868[0m[34;1m   3382424[0m[31;1m    111.41[0m[34;1m    737872[0m[34;1m   2037772[0m[34;1m         4[0m
11:47:00   [34;1m    104608[0m[34;1m   1515128[0m[34;1m    341428[0m[34;1m     11.25[0m[34;1m     58520[0m[34;1m   2434872[0m[34;1m   3382424[0m[31;1m    111.41[0m[34;1m    737872[0m[34;1m   2038084[0m[34;1m         8[0m
11:47:01   [34;1m    101836[0m[34;1m   1512364[0m[34;1m    344192[0m[34;1m     11.34[0m[34;1m     58520[0m[34;1m   2434880[0m[34;1m   3382424[0m[31;1m    111.41[0m[34;1m    737868[0m[34;1m   2037568[0m[34;1m        16[0m
11:47:02   [34;1m    101836[0m[34;1m   1512372[0m[34;1m    344176[0m[34;1m     11.34[0m[34;1m     58524[0m[34;1m   2434884[0m[34;1m   3382424[0m[31;1m    111.41[0m[34;1m    737876[0m[34;1m   2037560[0m[34;1m        40[0m
11:47:03   [34;1m    101836[0m[34;1m   1512376[0m[34;1m    344172[0m[34;1m     11.34[0m[34;1m     58524[0m[34;1m   2434892[0m[34;1m   3382424[0m[31;1m    111.41[0m[34;1m    737876[0m[34;1m   2037412[0m[34;1m        52[0m
11:47:04   [34;1m    101836[0m[34;1m   1512380[0m[34;1m    344172[0m[34;1m     11.34[0m[34;1m     58524[0m[34;1m   2434892[0m[34;1m   3382424[0m[31;1m    111.41[0m[34;1m    737876[0m[34;1m   2037316[0m[34;1m        52[0m
11:47:05   [34;1m    101836[0m[34;1m   1512388[0m[34;1m    344164[0m[34;1m     11.34[0m[34;1m     58524[0m[34;1m   2434900[0m[34;1m   3382424[0m[31;1m    111.41[0m[34;1m    737876[0m[34;1m   2037332[0m[34;1m        60[0m
11:47:06   [34;1m    101836[0m[34;1m   1512388[0m[34;1m    344160[0m[34;1m     11.34[0m[34;1m     58524[0m[34;1m   2434904[0m[34;1m   3382424[0m[31;1m    111.41[0m[34;1m    737876[0m[34;1m   2037332[0m[34;1m        64[0m
11:47:07   [34;1m    101836[0m[34;1m   1512404[0m[34;1m    344144[0m[34;1m     11.34[0m[34;1m     58532[0m[34;1m   2434912[0m[34;1m   3382424[0m[31;1m    111.41[0m[34;1m    737884[0m[34;1m   2037100[0m[34;1m        76[0m
11:47:08   [34;1m    101836[0m[34;1m   1512408[0m[34;1m    344140[0m[34;1m     11.34[0m[34;1m     58532[0m[34;1m   2434916[0m[34;1m   3382424[0m[31;1m    111.41[0m[34;1m    737884[0m[34;1m   2037160[0m[34;1m        80[0m
11:47:09   [34;1m    101836[0m[34;1m   1512416[0m[34;1m    344132[0m[34;1m     11.34[0m[34;1m     58532[0m[34;1m   2434924[0m[34;1m   3382424[0m[31;1m    111.41[0m[34;1m    737884[0m[34;1m   2037556[0m[34;1m         8[0m
11:47:10   [34;1m    101836[0m[34;1m   1512416[0m[34;1m    344132[0m[34;1m     11.34[0m[34;1m     58532[0m[34;1m   2434924[0m[34;1m   3382424[0m[31;1m    111.41[0m[34;1m    737884[0m[34;1m   2037256[0m[34;1m         8[0m
11:47:11   [34;1m    101836[0m[34;1m   1512420[0m[34;1m    344124[0m[34;1m     11.33[0m[34;1m     58532[0m[34;1m   2434932[0m[34;1m   3382424[0m[31;1m    111.41[0m[34;1m    737884[0m[34;1m   2037208[0m[34;1m        16[0m
11:47:12   [34;1m    101836[0m[34;1m   1512432[0m[34;1m    344104[0m[34;1m     11.33[0m[34;1m     58544[0m[34;1m   2434936[0m[34;1m   3382424[0m[31;1m    111.41[0m[34;1m    737884[0m[34;1m   2037644[0m[34;1m        40[0m
11:47:13   [34;1m    101836[0m[34;1m   1512448[0m[34;1m    344056[0m[34;1m     11.33[0m[34;1m     58544[0m[34;1m   2434940[0m[34;1m   3386760[0m[31;1m    111.55[0m[34;1m    737896[0m[34;1m   2038564[0m[34;1m        48[0m
11:47:14   [34;1m    101836[0m[34;1m   1512452[0m[34;1m    344068[0m[34;1m     11.33[0m[34;1m     58544[0m[34;1m   2434944[0m[34;1m   3386760[0m[31;1m    111.55[0m[34;1m    737896[0m[34;1m   2038648[0m[34;1m        52[0m
11:47:15   [34;1m    101836[0m[34;1m   1512456[0m[34;1m    344056[0m[34;1m     11.33[0m[34;1m     58544[0m[34;1m   2434952[0m[34;1m   3386760[0m[31;1m    111.55[0m[34;1m    737896[0m[34;1m   2038992[0m[34;1m        60[0m
11:47:16   [34;1m    101836[0m[34;1m   1512464[0m[34;1m    344052[0m[34;1m     11.33[0m[34;1m     58544[0m[34;1m   2434956[0m[34;1m   3382424[0m[31;1m    111.41[0m[34;1m    737896[0m[34;1m   2037432[0m[34;1m        64[0m
11:47:17   [34;1m    101836[0m[34;1m   1512472[0m[34;1m    344048[0m[34;1m     11.33[0m[34;1m     58548[0m[34;1m   2434964[0m[34;1m   3382424[0m[31;1m    111.41[0m[34;1m    737896[0m[34;1m   2037624[0m[34;1m        76[0m
11:47:18   [34;1m    101836[0m[34;1m   1512480[0m[34;1m    344044[0m[34;1m     11.33[0m[34;1m     58548[0m[34;1m   2434968[0m[34;1m   3382424[0m[31;1m    111.41[0m[34;1m    737900[0m[34;1m   2037880[0m[34;1m        80[0m
11:47:19   [34;1m    101836[0m[34;1m   1512488[0m[34;1m    344036[0m[34;1m     11.33[0m[34;1m     58548[0m[34;1m   2434976[0m[34;1m   3382424[0m[31;1m    111.41[0m[34;1m    737900[0m[34;1m   2037640[0m[34;1m         4[0m
11:47:20   [34;1m    101836[0m[34;1m   1512488[0m[34;1m    344032[0m[34;1m     11.33[0m[34;1m     58548[0m[34;1m   2434980[0m[34;1m   3382424[0m[31;1m    111.41[0m[34;1m    737900[0m[34;1m   2037612[0m[34;1m         8[0m
11:47:21   [34;1m     99568[0m[34;1m   1510228[0m[34;1m    346316[0m[34;1m     11.41[0m[34;1m     58548[0m[34;1m   2434984[0m[34;1m   3382424[0m[31;1m    111.41[0m[34;1m    737896[0m[34;1m   2037912[0m[34;1m        12[0m
11:47:22   [34;1m     99568[0m[34;1m   1510232[0m[34;1m    346312[0m[34;1m     11.41[0m[34;1m     58556[0m[34;1m   2434980[0m[34;1m   3382424[0m[31;1m    111.41[0m[34;1m    737900[0m[34;1m   2037700[0m[34;1m        16[0m
11:47:23   [34;1m    114436[0m[34;1m   1524800[0m[34;1m    331740[0m[34;1m     10.93[0m[34;1m     58556[0m[34;1m   2434684[0m[34;1m   3382424[0m[31;1m    111.41[0m[34;1m    737908[0m[34;1m   2037292[0m[34;1m        44[0m
11:47:24   [34;1m    112924[0m[34;1m   1523300[0m[34;1m    333244[0m[34;1m     10.98[0m[34;1m     58556[0m[34;1m   2434692[0m[34;1m   3382424[0m[31;1m    111.41[0m[34;1m    737908[0m[34;1m   2037644[0m[34;1m        52[0m
11:47:25   [34;1m    112924[0m[34;1m   1523304[0m[34;1m    333248[0m[34;1m     10.98[0m[34;1m     58556[0m[34;1m   2434700[0m[34;1m   3382424[0m[31;1m    111.41[0m[34;1m    737908[0m[34;1m   2038068[0m[34;1m        60[0m
11:47:26   [34;1m    112924[0m[34;1m   1523304[0m[34;1m    333244[0m[34;1m     10.98[0m[34;1m     58556[0m[34;1m   2434704[0m[34;1m   3382424[0m[31;1m    111.41[0m[34;1m    737908[0m[34;1m   2038068[0m[34;1m        64[0m
11:47:27   [34;1m    112924[0m[34;1m   1523320[0m[34;1m    333228[0m[34;1m     10.98[0m[34;1m     58564[0m[34;1m   2434712[0m[34;1m   3382424[0m[31;1m    111.41[0m[34;1m    737916[0m[34;1m   2038640[0m[34;1m        76[0m
11:47:28   [34;1m    112924[0m[34;1m   1523328[0m[34;1m    333228[0m[34;1m     10.98[0m[34;1m     58564[0m[34;1m   2434712[0m[34;1m   3382424[0m[31;1m    111.41[0m[34;1m    737916[0m[34;1m   2039000[0m[34;1m        76[0m
11:47:29   [34;1m    111160[0m[34;1m   1521576[0m[34;1m    335004[0m[34;1m     11.03[0m[34;1m     58564[0m[34;1m   2434724[0m[34;1m   3382424[0m[31;1m    111.41[0m[34;1m    737916[0m[34;1m   2038324[0m[34;1m        88[0m
11:47:30   [34;1m    111160[0m[34;1m   1521576[0m[34;1m    335000[0m[34;1m     11.03[0m[34;1m     58564[0m[34;1m   2434728[0m[34;1m   3382424[0m[31;1m    111.41[0m[34;1m    737916[0m[34;1m   2038624[0m[34;1m        92[0m
11:47:31   [34;1m    110908[0m[34;1m   1521336[0m[34;1m    335244[0m[34;1m     11.04[0m[34;1m     58564[0m[34;1m   2434736[0m[34;1m   3382424[0m[31;1m    111.41[0m[34;1m    737916[0m[34;1m   2038324[0m[34;1m       100[0m
11:47:32   [34;1m    110908[0m[34;1m   1521336[0m[34;1m    335244[0m[34;1m     11.04[0m[34;1m     58568[0m[34;1m   2434732[0m[34;1m   3382424[0m[31;1m    111.41[0m[34;1m    737916[0m[34;1m   2038296[0m[34;1m       100[0m
11:47:33   [34;1m    110416[0m[34;1m   1520852[0m[34;1m    335696[0m[34;1m     11.06[0m[34;1m     58568[0m[34;1m   2434744[0m[34;1m   3386760[0m[31;1m    111.55[0m[34;1m    737920[0m[34;1m   2038924[0m[34;1m       108[0m
11:47:34   [34;1m    110416[0m[34;1m   1520856[0m[34;1m    335684[0m[34;1m     11.06[0m[34;1m     58568[0m[34;1m   2434748[0m[34;1m   3386760[0m[31;1m    111.55[0m[34;1m    737920[0m[34;1m   2039028[0m[34;1m       112[0m
11:47:35   [34;1m    110416[0m[34;1m   1520860[0m[34;1m    335676[0m[34;1m     11.06[0m[34;1m     58568[0m[34;1m   2434756[0m[34;1m   3386760[0m[31;1m    111.55[0m[34;1m    737920[0m[34;1m   2039032[0m[34;1m         8[0m
11:47:36   [34;1m    110416[0m[34;1m   1520872[0m[34;1m    335672[0m[34;1m     11.06[0m[34;1m     58568[0m[34;1m   2434760[0m[34;1m   3382424[0m[31;1m    111.41[0m[34;1m    737920[0m[34;1m   2037728[0m[34;1m        12[0m
11:47:37   [34;1m    110416[0m[34;1m   1520888[0m[34;1m    335668[0m[34;1m     11.06[0m[34;1m     58576[0m[34;1m   2434768[0m[34;1m   3382424[0m[31;1m    111.41[0m[34;1m    737924[0m[34;1m   2038224[0m[34;1m        44[0m
11:47:38   [34;1m    110416[0m[34;1m   1520892[0m[34;1m    335660[0m[34;1m     11.06[0m[34;1m     58576[0m[34;1m   2434776[0m[34;1m   3382424[0m[31;1m    111.41[0m[34;1m    737928[0m[34;1m   2037812[0m[34;1m        52[0m
11:47:39   [34;1m    109156[0m[34;1m   1519640[0m[34;1m    336936[0m[34;1m     11.10[0m[34;1m     58576[0m[34;1m   2434784[0m[34;1m   3382424[0m[31;1m    111.41[0m[34;1m    737928[0m[34;1m   2037996[0m[34;1m        60[0m
11:47:40   [34;1m    108904[0m[34;1m   1519388[0m[34;1m    337188[0m[34;1m     11.11[0m[34;1m     58576[0m[34;1m   2434784[0m[34;1m   3382424[0m[31;1m    111.41[0m[34;1m    737928[0m[34;1m   2037836[0m[34;1m        60[0m
11:47:41   [34;1m    108904[0m[34;1m   1519396[0m[34;1m    337180[0m[34;1m     11.11[0m[34;1m     58576[0m[34;1m   2434792[0m[34;1m   3382424[0m[31;1m    111.41[0m[34;1m    737928[0m[34;1m   2037820[0m[34;1m        68[0m
11:47:42   [34;1m    108904[0m[34;1m   1519400[0m[34;1m    337176[0m[34;1m     11.11[0m[34;1m     58576[0m[34;1m   2434796[0m[34;1m   3382424[0m[31;1m    111.41[0m[34;1m    737928[0m[34;1m   2038040[0m[34;1m        72[0m
11:47:43   [34;1m    108904[0m[34;1m   1519420[0m[34;1m    337160[0m[34;1m     11.11[0m[34;1m     58584[0m[34;1m   2434804[0m[34;1m   3382424[0m[31;1m    111.41[0m[34;1m    737936[0m[34;1m   2038228[0m[34;1m        84[0m
11:47:44   [34;1m    108904[0m[34;1m   1519420[0m[34;1m    337156[0m[34;1m     11.11[0m[34;1m     58584[0m[34;1m   2434808[0m[34;1m   3382424[0m[31;1m    111.41[0m[34;1m    737936[0m[34;1m   2037800[0m[34;1m        88[0m
11:47:45   [34;1m    108904[0m[34;1m   1519424[0m[34;1m    337152[0m[34;1m     11.11[0m[34;1m     58584[0m[34;1m   2434812[0m[34;1m   3382424[0m[31;1m    111.41[0m[34;1m    737936[0m[34;1m   2038004[0m[34;1m        92[0m
11:47:46   [34;1m    108904[0m[34;1m   1519432[0m[34;1m    337148[0m[34;1m     11.11[0m[34;1m     58584[0m[34;1m   2434816[0m[34;1m   3382424[0m[31;1m    111.41[0m[34;1m    737936[0m[34;1m   2038124[0m[34;1m        96[0m
11:47:47   [34;1m    108152[0m[34;1m   1518684[0m[34;1m    337896[0m[34;1m     11.13[0m[34;1m     58584[0m[34;1m   2434820[0m[34;1m   3382424[0m[31;1m    111.41[0m[34;1m    737936[0m[34;1m   2038544[0m[34;1m       100[0m
11:47:48   [34;1m    108152[0m[34;1m   1518688[0m[34;1m    337888[0m[34;1m     11.13[0m[34;1m     58588[0m[34;1m   2434828[0m[34;1m   3382424[0m[31;1m    111.41[0m[34;1m    737936[0m[34;1m   2038664[0m[34;1m       108[0m
11:47:49   [34;1m    106388[0m[34;1m   1516924[0m[34;1m    339648[0m[34;1m     11.19[0m[34;1m     58588[0m[34;1m   2434832[0m[34;1m   3382424[0m[31;1m    111.41[0m[34;1m    737936[0m[34;1m   2038664[0m[34;1m       112[0m
11:47:50   [34;1m    106388[0m[34;1m   1516944[0m[34;1m    339636[0m[34;1m     11.19[0m[34;1m     58588[0m[34;1m   2434844[0m[34;1m   3382424[0m[31;1m    111.41[0m[34;1m    737940[0m[34;1m   2038644[0m[34;22m         0[0m
11:47:51   [34;1m    106388[0m[34;1m   1516944[0m[34;1m    339628[0m[34;1m     11.19[0m[34;1m     58588[0m[34;1m   2434848[0m[34;1m   3382424[0m[31;1m    111.41[0m[34;1m    737940[0m[34;1m   2038644[0m[34;1m         8[0m
