Linux 6.6.95 (ssp-study) 	04/21/26 	_x86_64_	(2 CPU)

11:19:40    kbmemfree   kbavail kbmemused  %memused kbbuffers  kbcached  kbcommit   %commit  kbactive   kbinact   kbdirty
11:19:41   [34;1m    198964[0m[34;1m   1170492[0m[34;1m    692360[0m[34;1m     22.81[0m[34;1m     47772[0m[34;1m   2012692[0m[34;1m   3674996[0m[31;1m    121.05[0m[34;1m    810724[0m[34;1m   1882900[0m[34;1m       372[0m
11:19:42   [34;1m    193168[0m[34;1m   1164732[0m[34;1m    697964[0m[34;1m     22.99[0m[34;1m     47772[0m[34;1m   2012724[0m[34;1m   3679924[0m[31;1m    121.21[0m[34;1m    810728[0m[34;1m   1888108[0m[34;1m       404[0m
11:19:43   [34;1m    190900[0m[34;1m   1162668[0m[34;1m    699704[0m[34;1m     23.05[0m[34;1m     47772[0m[34;1m   2012864[0m[34;1m   3679924[0m[31;1m    121.21[0m[34;1m    810728[0m[34;1m   1890880[0m[34;1m       540[0m
11:19:44   [34;1m    187876[0m[34;1m   1159660[0m[34;1m    702460[0m[34;1m     23.14[0m[34;1m     47772[0m[34;1m   2012880[0m[34;1m   3688116[0m[31;1m    121.48[0m[34;1m    810728[0m[34;1m   1893648[0m[34;1m       556[0m
11:19:45   [34;1m    180344[0m[34;1m   1152348[0m[34;1m    709536[0m[34;1m     23.37[0m[34;1m     47772[0m[34;1m   2013052[0m[34;1m   3697652[0m[31;1m    121.79[0m[34;1m    810728[0m[34;1m   1900736[0m[34;1m       728[0m
11:19:46   [34;1m    176312[0m[34;1m   1148432[0m[34;1m    713244[0m[34;1m     23.49[0m[34;1m     47772[0m[34;1m   2013148[0m[34;1m   3697908[0m[31;1m    121.80[0m[34;1m    810728[0m[34;1m   1904900[0m[34;1m       824[0m
11:19:47   [34;1m    174048[0m[34;1m   1146284[0m[34;1m    715276[0m[34;1m     23.56[0m[34;1m     47772[0m[34;1m   2013248[0m[34;1m   3702004[0m[31;1m    121.94[0m[34;1m    810728[0m[34;1m   1906684[0m[34;1m       920[0m
11:19:48   [34;1m    172564[0m[34;1m   1145048[0m[34;1m    716276[0m[34;1m     23.59[0m[34;1m     47772[0m[34;1m   2013440[0m[34;1m   3697460[0m[31;1m    121.79[0m[34;1m    810728[0m[34;1m   1908192[0m[34;1m      1112[0m
11:19:49   [34;1m    169288[0m[34;1m   1141996[0m[34;1m    719100[0m[34;1m     23.69[0m[34;1m     47784[0m[34;1m   2013656[0m[34;1m   3701620[0m[31;1m    121.92[0m[34;1m    810728[0m[34;1m   1911428[0m[34;1m      1340[0m
11:19:50   [34;1m    167564[0m[34;1m   1140472[0m[34;1m    720348[0m[34;1m     23.73[0m[34;1m     47784[0m[34;1m   2013808[0m[34;1m   3709876[0m[31;1m    122.20[0m[34;1m    810740[0m[34;1m   1912860[0m[34;1m      1476[0m
11:19:51   [34;1m    165044[0m[34;1m   1138224[0m[34;1m    722512[0m[34;1m     23.80[0m[34;1m     47784[0m[34;1m   2013984[0m[34;1m   3713972[0m[31;1m    122.33[0m[34;1m    810740[0m[34;1m   1915220[0m[34;1m       332[0m
11:19:52   [34;1m    161268[0m[34;1m   1134760[0m[34;1m    725548[0m[34;1m     23.90[0m[34;1m     47784[0m[34;1m   2014312[0m[34;1m   3718068[0m[31;1m    122.47[0m[34;1m    810732[0m[34;1m   1918476[0m[34;1m       660[0m
11:19:53   [34;1m    157516[0m[34;1m   1131236[0m[34;1m    728960[0m[34;1m     24.01[0m[34;1m     47784[0m[34;1m   2014540[0m[34;1m   3718580[0m[31;1m    122.48[0m[34;1m    810740[0m[34;1m   1922044[0m[34;1m       892[0m
11:19:54   [34;1m    154996[0m[34;1m   1129088[0m[34;1m    730844[0m[34;1m     24.07[0m[34;1m     47792[0m[34;1m   2014848[0m[34;1m   3722676[0m[31;1m    122.62[0m[34;1m    810748[0m[34;1m   1924592[0m[34;1m      1204[0m
11:19:55   [34;1m    152476[0m[34;1m   1126860[0m[34;1m    732896[0m[34;1m     24.14[0m[34;1m     47792[0m[34;1m   2015116[0m[34;1m   3722676[0m[31;1m    122.62[0m[34;1m    810756[0m[34;1m   1926820[0m[34;1m      1468[0m
11:19:56   [34;1m    147716[0m[34;1m   1122524[0m[34;1m    736896[0m[34;1m     24.27[0m[34;1m     47792[0m[34;1m   2015456[0m[34;1m   3726772[0m[31;1m    122.75[0m[34;1m    810756[0m[34;1m   1931512[0m[34;1m      1804[0m
11:19:57   [34;1m    144696[0m[34;1m   1119772[0m[34;1m    739360[0m[34;1m     24.35[0m[34;1m     47840[0m[34;1m   2015648[0m[34;1m   3730924[0m[31;1m    122.89[0m[34;1m    810756[0m[34;1m   1934392[0m[34;1m      2180[0m
11:19:58   [34;1m    142676[0m[34;1m   1118104[0m[34;1m    740844[0m[34;1m     24.40[0m[34;1m     47840[0m[34;1m   2016016[0m[34;1m   3730988[0m[31;1m    122.89[0m[34;1m    810784[0m[34;1m   1936084[0m[34;1m      2484[0m
11:19:59   [34;1m    139400[0m[34;1m   1115348[0m[34;1m    743396[0m[34;1m     24.49[0m[34;1m     47840[0m[34;1m   2016460[0m[34;1m   3735404[0m[31;1m    123.04[0m[34;1m    810784[0m[34;1m   1939540[0m[34;1m      2928[0m
11:20:00   [34;1m    136124[0m[34;1m   1112340[0m[34;1m    746100[0m[34;1m     24.58[0m[34;1m     47840[0m[34;1m   2016748[0m[34;1m   3735404[0m[31;1m    123.04[0m[34;1m    810784[0m[34;1m   1942300[0m[34;1m      3216[0m
11:20:01   [34;1m    131592[0m[34;1m   1108384[0m[34;1m    749752[0m[34;1m     24.70[0m[34;1m     47848[0m[34;1m   2017204[0m[34;1m   3743596[0m[31;1m    123.31[0m[34;1m    810792[0m[34;1m   1946964[0m[34;1m      3684[0m
11:20:02   [34;1m    127596[0m[34;1m   1105216[0m[34;1m    752308[0m[34;1m     24.78[0m[34;1m     47848[0m[34;1m   2017628[0m[34;1m   3747948[0m[31;1m    123.45[0m[34;1m    810796[0m[34;1m   1950044[0m[34;1m      4108[0m
11:20:03   [34;1m    125836[0m[34;1m   1103944[0m[34;1m    753300[0m[34;1m     24.81[0m[34;1m     47848[0m[34;1m   2018076[0m[34;1m   3747948[0m[31;1m    123.45[0m[34;1m    810792[0m[34;1m   1951420[0m[34;1m      4536[0m
11:20:04   [34;1m    120792[0m[34;1m   1099288[0m[34;1m    757696[0m[34;1m     24.96[0m[34;1m     47860[0m[34;1m   2018456[0m[34;1m   3747948[0m[31;1m    123.45[0m[34;1m    810792[0m[34;1m   1953816[0m[34;1m      4928[0m
11:20:05   [34;1m    118032[0m[34;1m   1097152[0m[34;1m    759508[0m[34;1m     25.02[0m[34;1m     47860[0m[34;1m   2019004[0m[34;1m   3756652[0m[31;1m    123.74[0m[34;1m    810804[0m[34;1m   1958524[0m[34;1m      5456[0m
11:20:06   [34;1m    114788[0m[34;1m   1094540[0m[34;1m    761888[0m[34;1m     25.10[0m[34;1m     47864[0m[34;1m   2019588[0m[34;1m   3765100[0m[31;1m    124.02[0m[34;1m    810808[0m[34;1m   1961500[0m[34;1m      6028[0m
11:20:07   [34;1m    111120[0m[34;1m   1091220[0m[34;1m    764944[0m[34;1m     25.20[0m[34;1m     47864[0m[34;1m   2019944[0m[34;1m   3765100[0m[31;1m    124.02[0m[34;1m    810808[0m[34;1m   1962092[0m[34;1m      6384[0m
11:20:08   [34;1m    110672[0m[34;1m   1091436[0m[34;1m    764580[0m[34;1m     25.18[0m[34;1m     47864[0m[34;1m   2020524[0m[34;1m   3760492[0m[31;1m    123.86[0m[34;1m    810808[0m[34;1m   1961024[0m[34;1m      6964[0m
11:20:09   [34;1m    109244[0m[34;1m   1090552[0m[34;1m    765124[0m[34;1m     25.20[0m[34;1m     47864[0m[34;1m   2021016[0m[34;1m   3764656[0m[31;1m    124.00[0m[34;1m    810808[0m[34;1m   1964204[0m[34;1m      7456[0m
11:20:10   [34;1m    105256[0m[34;1m   1087180[0m[34;1m    768212[0m[34;1m     25.30[0m[34;1m     47864[0m[34;1m   2021568[0m[34;1m   3764976[0m[31;1m    124.01[0m[34;1m    810808[0m[34;1m   1967504[0m[34;1m      8008[0m
11:20:11   [34;1m    114832[0m[34;1m   1083120[0m[34;1m    772072[0m[34;1m     25.43[0m[34;1m     47492[0m[34;1m   2008388[0m[34;1m   3769392[0m[31;1m    124.16[0m[34;1m    807940[0m[34;1m   1960896[0m[34;1m      8668[0m
11:20:12   [34;1m    109348[0m[34;1m   1078400[0m[34;1m    776908[0m[34;1m     25.59[0m[34;1m     47492[0m[34;1m   2008992[0m[34;1m   3773552[0m[31;1m    124.29[0m[34;1m    807972[0m[34;1m   1965444[0m[34;1m      9176[0m
11:20:13   [34;1m    109348[0m[34;1m   1079068[0m[34;1m    776144[0m[34;1m     25.56[0m[34;1m     47496[0m[34;1m   2009732[0m[34;1m   3773552[0m[31;1m    124.29[0m[34;1m    808040[0m[34;1m   1966184[0m[34;1m      9800[0m
11:20:14   [34;1m    108368[0m[34;1m   1078684[0m[34;1m    776496[0m[34;1m     25.58[0m[34;1m     47496[0m[34;1m   2010372[0m[34;1m   3773552[0m[31;1m    124.29[0m[34;1m    808132[0m[34;1m   1966656[0m[34;1m     10340[0m
11:20:15   [34;1m    106884[0m[34;1m   1077624[0m[34;1m    777536[0m[34;1m     25.61[0m[34;1m     47496[0m[34;1m   2010828[0m[34;1m   3773552[0m[31;1m    124.29[0m[34;1m    808132[0m[34;1m   1967400[0m[34;1m     10796[0m
11:20:16   [34;1m    106180[0m[34;1m   1077660[0m[34;1m    777576[0m[34;1m     25.61[0m[34;1m     47496[0m[34;1m   2011488[0m[34;1m   3773552[0m[31;1m    124.29[0m[34;1m    808132[0m[34;1m   1968100[0m[34;1m     11456[0m
11:20:17   [34;1m    104416[0m[34;1m   1076340[0m[34;1m    778908[0m[34;1m     25.66[0m[34;1m     47504[0m[34;1m   2011944[0m[34;1m   3773552[0m[31;1m    124.29[0m[34;1m    808140[0m[34;1m   1969008[0m[34;1m     11908[0m
11:20:18   [34;1m    103716[0m[34;1m   1076228[0m[34;1m    778972[0m[34;1m     25.66[0m[34;1m     47504[0m[34;1m   2012552[0m[34;1m   3773552[0m[31;1m    124.29[0m[34;1m    808140[0m[34;1m   1969180[0m[34;1m     12516[0m
11:20:19   [34;1m     99832[0m[34;1m   1072852[0m[34;1m    782380[0m[34;1m     25.77[0m[34;1m     47516[0m[34;1m   2013024[0m[34;1m   3773552[0m[31;1m    124.29[0m[34;1m    808140[0m[34;1m   1969676[0m[34;1m     13000[0m
11:20:20   [34;1m    114576[0m[34;1m   1074168[0m[34;1m    780752[0m[34;1m     25.72[0m[34;1m     47064[0m[34;1m   1999772[0m[34;1m   3773552[0m[31;1m    124.29[0m[34;1m    804968[0m[34;1m   1958640[0m[34;1m     13584[0m
11:20:21   [34;1m    113904[0m[34;1m   1074264[0m[34;1m    780624[0m[34;1m     25.71[0m[34;1m     47064[0m[34;1m   2000520[0m[34;1m   3773552[0m[31;1m    124.29[0m[34;1m    805136[0m[34;1m   1959432[0m[34;1m     14168[0m
11:20:22   [34;1m    112448[0m[34;1m   1073384[0m[34;1m    781500[0m[34;1m     25.74[0m[34;1m     47064[0m[34;1m   2001108[0m[34;1m   3773552[0m[31;1m    124.29[0m[34;1m    805148[0m[34;1m   1960016[0m[34;1m       468[0m
11:20:23   [34;1m    112448[0m[34;1m   1073884[0m[34;1m    780948[0m[34;1m     25.72[0m[34;1m     47064[0m[34;1m   2001664[0m[34;1m   3773552[0m[31;1m    124.29[0m[34;1m    805152[0m[34;1m   1960552[0m[34;1m      1024[0m
11:20:24   [34;1m    111744[0m[34;1m   1073856[0m[34;1m    781016[0m[34;1m     25.73[0m[34;1m     47068[0m[34;1m   2002276[0m[34;1m   3773552[0m[31;1m    124.29[0m[34;1m    805236[0m[34;1m   1961152[0m[34;1m      1552[0m
11:20:25   [34;1m    109756[0m[34;1m   1072348[0m[34;1m    782504[0m[34;1m     25.77[0m[34;1m     47068[0m[34;1m   2002760[0m[34;1m   3778160[0m[31;1m    124.45[0m[34;1m    805240[0m[34;1m   1963604[0m[34;1m      2068[0m
11:20:26   [34;1m    108804[0m[34;1m   1072064[0m[34;1m    782808[0m[34;1m     25.78[0m[34;1m     47068[0m[34;1m   2003404[0m[34;1m   3778160[0m[31;1m    124.45[0m[34;1m    805240[0m[34;1m   1964416[0m[34;1m      2712[0m
11:20:27   [34;1m    106060[0m[34;1m   1069880[0m[34;1m    785124[0m[34;1m     25.86[0m[34;1m     47068[0m[34;1m   2003852[0m[34;1m   3778160[0m[31;1m    124.45[0m[34;1m    805240[0m[34;1m   1965124[0m[34;1m      3152[0m
11:20:28   [34;1m    105372[0m[34;1m   1069664[0m[34;1m    785200[0m[34;1m     25.86[0m[34;1m     47068[0m[34;1m   2004428[0m[34;1m   3773552[0m[31;1m    124.29[0m[34;1m    805240[0m[34;1m   1964100[0m[34;1m      3728[0m
11:20:29   [34;1m    104924[0m[34;1m   1069772[0m[34;1m    785100[0m[34;1m     25.86[0m[34;1m     47072[0m[34;1m   2004964[0m[34;1m   3773552[0m[31;1m    124.29[0m[34;1m    805240[0m[34;1m   1964756[0m[34;1m      4268[0m
11:20:30   [34;1m    104252[0m[34;1m   1069620[0m[34;1m    785256[0m[34;1m     25.86[0m[34;1m     47072[0m[34;1m   2005508[0m[34;1m   3773552[0m[31;1m    124.29[0m[34;1m    805244[0m[34;1m   1965660[0m[34;1m      4820[0m
11:20:31   [34;1m    103776[0m[34;1m   1069712[0m[34;1m    785108[0m[34;1m     25.86[0m[34;1m     47076[0m[34;1m   2006092[0m[34;1m   3773552[0m[31;1m    124.29[0m[34;1m    805248[0m[34;1m   1966568[0m[34;1m      5396[0m
11:20:32   [34;1m    101288[0m[34;1m   1067880[0m[34;1m    786988[0m[34;1m     25.92[0m[34;1m     47076[0m[34;1m   2006704[0m[34;1m   3773552[0m[31;1m    124.29[0m[34;1m    805244[0m[34;1m   1967308[0m[34;1m      6008[0m
11:20:33   [34;1m    100816[0m[34;1m   1067924[0m[34;1m    786952[0m[34;1m     25.92[0m[34;1m     47076[0m[34;1m   2007228[0m[34;1m   3773552[0m[31;1m    124.29[0m[34;1m    805248[0m[34;1m   1967772[0m[34;1m      6532[0m
11:20:34   [34;1m    114872[0m[34;1m   1068056[0m[34;1m    786776[0m[34;1m     25.91[0m[34;1m     46824[0m[34;1m   1993676[0m[34;1m   3773552[0m[31;1m    124.29[0m[34;1m    801340[0m[34;1m   1958196[0m[34;1m        80[0m
11:20:35   [34;1m    114052[0m[34;1m   1068652[0m[34;1m    786276[0m[34;1m     25.90[0m[34;1m     46824[0m[34;1m   1995012[0m[34;1m   3777648[0m[31;1m    124.43[0m[34;1m    802252[0m[34;1m   1958668[0m[34;1m       556[0m
11:20:36   [34;1m    112568[0m[34;1m   1067900[0m[34;1m    787004[0m[34;1m     25.92[0m[34;1m     46832[0m[34;1m   1995776[0m[34;1m   3777648[0m[31;1m    124.43[0m[34;1m    802396[0m[34;1m   1959356[0m[34;1m      1132[0m
11:20:37   [34;1m    110360[0m[34;1m   1066220[0m[34;1m    788600[0m[34;1m     25.98[0m[34;1m     46832[0m[34;1m   1996396[0m[34;1m   3777648[0m[31;1m    124.43[0m[34;1m    802452[0m[34;1m   1960000[0m[34;1m      1752[0m
11:20:38   [34;1m    109884[0m[34;1m   1066384[0m[34;1m    788508[0m[34;1m     25.97[0m[34;1m     46832[0m[34;1m   1996948[0m[34;1m   3777648[0m[31;1m    124.43[0m[34;1m    802452[0m[34;1m   1960728[0m[34;1m      2304[0m
11:20:39   [34;1m    109184[0m[34;1m   1066244[0m[34;1m    788756[0m[34;1m     25.98[0m[34;1m     46832[0m[34;1m   1997408[0m[34;1m   3777648[0m[31;1m    124.43[0m[34;1m    802452[0m[34;1m   1961340[0m[34;1m      2764[0m
11:20:40   [34;1m    108012[0m[34;1m   1065596[0m[34;1m    789316[0m[34;1m     26.00[0m[34;1m     46832[0m[34;1m   1998016[0m[34;1m   3777648[0m[31;1m    124.43[0m[34;1m    802452[0m[34;1m   1961672[0m[34;1m      3372[0m
11:20:41   [34;1m    107284[0m[34;1m   1065312[0m[34;1m    789520[0m[34;1m     26.01[0m[34;1m     46840[0m[34;1m   1998528[0m[34;1m   3777648[0m[31;1m    124.43[0m[34;1m    802456[0m[34;1m   1962424[0m[34;1m      3892[0m
11:20:42   [34;1m    105328[0m[34;1m   1063964[0m[34;1m    790820[0m[34;1m     26.05[0m[34;1m     46840[0m[34;1m   1999172[0m[34;1m   3777648[0m[31;1m    124.43[0m[34;1m    802468[0m[34;1m   1963068[0m[34;1m      4536[0m
11:20:43   [34;1m    104824[0m[34;1m   1064048[0m[34;1m    790904[0m[34;1m     26.05[0m[34;1m     46844[0m[34;1m   1999616[0m[34;1m   3777648[0m[31;1m    124.43[0m[34;1m    802476[0m[34;1m   1963704[0m[34;1m      4976[0m
11:20:44   [34;1m    104348[0m[34;1m   1064176[0m[34;1m    790744[0m[34;1m     26.05[0m[34;1m     46844[0m[34;1m   2000220[0m[34;1m   3777648[0m[31;1m    124.43[0m[34;1m    802476[0m[34;1m   1964248[0m[34;1m      5584[0m
11:20:45   [34;1m    101636[0m[34;1m   1062036[0m[34;1m    792852[0m[34;1m     26.12[0m[34;1m     46844[0m[34;1m   2000812[0m[34;1m   3782256[0m[31;1m    124.58[0m[34;1m    802476[0m[34;1m   1966020[0m[34;1m      6176[0m
11:20:46   [34;1m    100236[0m[34;1m   1061184[0m[34;1m    793572[0m[34;1m     26.14[0m[34;1m     46844[0m[34;1m   2001476[0m[34;1m   3782256[0m[31;1m    124.58[0m[34;1m    802552[0m[34;1m   1966548[0m[34;1m      6764[0m
11:20:47   [34;1m    115140[0m[34;1m   1061776[0m[34;1m    793308[0m[34;1m     26.13[0m[34;1m     46552[0m[34;1m   1987608[0m[34;1m   3782256[0m[31;1m    124.58[0m[34;1m    798140[0m[34;1m   1956948[0m[34;1m       252[0m
11:20:48   [34;1m    114192[0m[34;1m   1061564[0m[34;1m    793548[0m[34;1m     26.14[0m[34;1m     46552[0m[34;1m   1988312[0m[34;1m   3777648[0m[31;1m    124.43[0m[34;1m    798220[0m[34;1m   1956252[0m[34;1m       892[0m
11:20:49   [34;1m    113968[0m[34;1m   1062012[0m[34;1m    793168[0m[34;1m     26.13[0m[34;1m     46556[0m[34;1m   1988944[0m[34;1m   3777648[0m[31;1m    124.43[0m[34;1m    798288[0m[34;1m   1956672[0m[34;1m      1468[0m
11:20:50   [34;1m    113020[0m[34;1m   1062060[0m[34;1m    792816[0m[34;1m     26.11[0m[34;1m     46556[0m[34;1m   1989720[0m[34;1m   3777648[0m[31;1m    124.43[0m[34;1m    798520[0m[34;1m   1956332[0m[34;1m      2040[0m
11:20:51   [34;1m    112544[0m[34;1m   1062476[0m[34;1m    792484[0m[34;1m     26.10[0m[34;1m     46560[0m[34;1m   1990484[0m[34;1m   3777648[0m[31;1m    124.43[0m[34;1m    798832[0m[34;1m   1956172[0m[34;1m      2504[0m
11:20:52   [34;1m    110612[0m[34;1m   1061244[0m[34;1m    793592[0m[34;1m     26.14[0m[34;1m     46560[0m[34;1m   1991256[0m[34;1m   3777648[0m[31;1m    124.43[0m[34;1m    798932[0m[34;1m   1956848[0m[34;1m      3136[0m
11:20:53   [34;1m    109412[0m[34;1m   1060648[0m[34;1m    794216[0m[34;1m     26.16[0m[34;1m     46560[0m[34;1m   1991868[0m[34;1m   3777648[0m[31;1m    124.43[0m[34;1m    798992[0m[34;1m   1957524[0m[34;1m      3696[0m
11:20:54   [34;1m    108712[0m[34;1m   1060444[0m[34;1m    794340[0m[34;1m     26.16[0m[34;1m     46560[0m[34;1m   1992420[0m[34;1m   3777648[0m[31;1m    124.43[0m[34;1m    798992[0m[34;1m   1958124[0m[34;1m      4252[0m
11:20:55   [34;1m    107760[0m[34;1m   1059960[0m[34;1m    794768[0m[34;1m     26.18[0m[34;1m     46560[0m[34;1m   1992972[0m[34;1m   3777648[0m[31;1m    124.43[0m[34;1m    798992[0m[34;1m   1958680[0m[34;1m      4812[0m
11:20:56   [34;1m    107284[0m[34;1m   1060100[0m[34;1m    794768[0m[34;1m     26.18[0m[34;1m     46560[0m[34;1m   1993440[0m[34;1m   3777648[0m[31;1m    124.43[0m[34;1m    799024[0m[34;1m   1959348[0m[34;1m      5244[0m
11:20:57   [34;1m    105352[0m[34;1m   1058820[0m[34;1m    796080[0m[34;1m     26.22[0m[34;1m     46560[0m[34;1m   1994028[0m[34;1m   3777648[0m[31;1m    124.43[0m[34;1m    799024[0m[34;1m   1960136[0m[34;1m      5832[0m
11:20:58   [34;1m    104152[0m[34;1m   1058124[0m[34;1m    796608[0m[34;1m     26.24[0m[34;1m     46560[0m[34;1m   1994720[0m[34;1m   3777648[0m[31;1m    124.43[0m[34;1m    799024[0m[34;1m   1960732[0m[34;1m      6424[0m
11:20:59   [34;1m    103676[0m[34;1m   1058240[0m[34;1m    796624[0m[34;1m     26.24[0m[34;1m     46560[0m[34;1m   1995172[0m[34;1m   3777648[0m[31;1m    124.43[0m[34;1m    799072[0m[34;1m   1961224[0m[34;1m      6928[0m
11:21:00   [34;1m    102220[0m[34;1m   1057412[0m[34;1m    797440[0m[34;1m     26.27[0m[34;1m     46560[0m[34;1m   1995824[0m[34;1m   3777648[0m[31;1m    124.43[0m[34;1m    799072[0m[34;1m   1961524[0m[34;1m      7584[0m
11:21:01   [34;1m    101744[0m[34;1m   1057328[0m[34;1m    797440[0m[34;1m     26.27[0m[34;1m     46568[0m[34;1m   1996256[0m[34;1m   3777648[0m[31;1m    124.43[0m[34;1m    799072[0m[34;1m   1962120[0m[34;1m      8012[0m
11:21:02   [34;1m    136300[0m[34;1m   1084600[0m[34;1m    770300[0m[34;1m     25.37[0m[34;1m     46432[0m[34;1m   1989348[0m[34;1m   3777648[0m[31;1m    124.43[0m[34;1m    796472[0m[34;1m   1957736[0m[34;1m      8644[0m
11:21:03   [34;1m    133864[0m[34;1m   1083324[0m[34;1m    771668[0m[34;1m     25.42[0m[34;1m     46432[0m[34;1m   1990420[0m[34;1m   3777648[0m[31;1m    124.43[0m[34;1m    797348[0m[34;1m   1957912[0m[34;1m      9136[0m
11:21:04   [34;1m    129196[0m[34;1m   1079280[0m[34;1m    775396[0m[34;1m     25.54[0m[34;1m     46444[0m[34;1m   1990996[0m[34;1m   3777648[0m[31;1m    124.43[0m[34;1m    797348[0m[34;1m   1958388[0m[34;1m      9624[0m
11:21:05   [34;1m    126732[0m[34;1m   1077528[0m[34;1m    777248[0m[34;1m     25.60[0m[34;1m     46444[0m[34;1m   1991552[0m[34;1m   3782256[0m[31;1m    124.58[0m[34;1m    797432[0m[34;1m   1960656[0m[34;1m     10192[0m
11:21:06   [34;1m    125308[0m[34;1m   1076748[0m[34;1m    777996[0m[34;1m     25.63[0m[34;1m     46444[0m[34;1m   1992220[0m[34;1m   3782256[0m[31;1m    124.58[0m[34;1m    797496[0m[34;1m   1961252[0m[34;1m     10796[0m
11:21:07   [34;1m    124584[0m[34;1m   1076636[0m[34;1m    778172[0m[34;1m     25.63[0m[34;1m     46452[0m[34;1m   1992804[0m[34;1m   3782256[0m[31;1m    124.58[0m[34;1m    797616[0m[34;1m   1961880[0m[34;1m     11260[0m
11:21:08   [34;1m    124136[0m[34;1m   1076856[0m[34;1m    777944[0m[34;1m     25.62[0m[34;1m     46452[0m[34;1m   1993476[0m[34;1m   3777648[0m[31;1m    124.43[0m[34;1m    797616[0m[34;1m   1960864[0m[34;1m     11932[0m
11:21:09   [34;1m    123440[0m[34;1m   1076604[0m[34;1m    778164[0m[34;1m     25.63[0m[34;1m     46452[0m[34;1m   1993932[0m[34;1m   3777648[0m[31;1m    124.43[0m[34;1m    797616[0m[34;1m   1961212[0m[34;1m     12388[0m
11:21:10   [34;1m    122964[0m[34;1m   1076864[0m[34;1m    777944[0m[34;1m     25.62[0m[34;1m     46452[0m[34;1m   1994616[0m[34;1m   3777648[0m[31;1m    124.43[0m[34;1m    797676[0m[34;1m   1962056[0m[34;1m     13012[0m
11:21:11   [34;1m    121512[0m[34;1m   1075752[0m[34;1m    778884[0m[34;1m     25.66[0m[34;1m     46452[0m[34;1m   1995176[0m[34;1m   3777648[0m[31;1m    124.43[0m[34;1m    797676[0m[34;1m   1963328[0m[34;1m     13572[0m
11:21:12   [34;1m    119072[0m[34;1m   1074008[0m[34;1m    780780[0m[34;1m     25.72[0m[34;1m     46456[0m[34;1m   1995688[0m[34;1m   3777648[0m[31;1m    124.43[0m[34;1m    797676[0m[34;1m   1964300[0m[34;1m     14084[0m
11:21:13   [34;1m    118624[0m[34;1m   1074144[0m[34;1m    780636[0m[34;1m     25.71[0m[34;1m     46464[0m[34;1m   1996276[0m[34;1m   3777648[0m[31;1m    124.43[0m[34;1m    797688[0m[34;1m   1964760[0m[34;1m     14668[0m
11:21:14   [34;1m    118400[0m[34;1m   1074512[0m[34;1m    780268[0m[34;1m     25.70[0m[34;1m     46464[0m[34;1m   1996860[0m[34;1m   3777648[0m[31;1m    124.43[0m[34;1m    797696[0m[34;1m   1965272[0m[34;1m     15244[0m
11:21:15   [34;1m    117700[0m[34;1m   1074252[0m[34;1m    780572[0m[34;1m     25.71[0m[34;1m     46464[0m[34;1m   1997276[0m[34;1m   3777648[0m[31;1m    124.43[0m[34;1m    797696[0m[34;1m   1965764[0m[34;1m     15660[0m
11:21:16   [34;1m    116724[0m[34;1m   1073976[0m[34;1m    780868[0m[34;1m     25.72[0m[34;1m     46464[0m[34;1m   1997940[0m[34;1m   3777648[0m[31;1m    124.43[0m[34;1m    797716[0m[34;1m   1966484[0m[34;1m     16304[0m
11:21:17   [34;1m    114008[0m[34;1m   1071792[0m[34;1m    783012[0m[34;1m     25.79[0m[34;1m     46472[0m[34;1m   1998512[0m[34;1m   3777648[0m[31;1m    124.43[0m[34;1m    797724[0m[34;1m   1967196[0m[34;1m     16872[0m
11:21:18   [34;1m    113312[0m[34;1m   1071600[0m[34;1m    783188[0m[34;1m     25.80[0m[34;1m     46476[0m[34;1m   1999040[0m[34;1m   3777648[0m[31;1m    124.43[0m[34;1m    797728[0m[34;1m   1967544[0m[34;1m       336[0m
11:21:19   [34;1m    110820[0m[34;1m   1069740[0m[34;1m    784996[0m[34;1m     25.86[0m[34;1m     46496[0m[34;1m   1999676[0m[34;1m   3777648[0m[31;1m    124.43[0m[34;1m    797796[0m[34;1m   1968024[0m[34;1m       924[0m
11:21:20   [34;1m    109896[0m[34;1m   1069432[0m[34;1m    785360[0m[34;1m     25.87[0m[34;1m     46500[0m[34;1m   2000228[0m[34;1m   3777648[0m[31;1m    124.43[0m[34;1m    797816[0m[34;1m   1967504[0m[34;1m      1428[0m
11:21:21   [34;1m    109420[0m[34;1m   1069600[0m[34;1m    785112[0m[34;1m     25.86[0m[34;1m     46500[0m[34;1m   2000972[0m[34;1m   3777648[0m[31;1m    124.43[0m[34;1m    797972[0m[34;1m   1968128[0m[34;1m      2032[0m
11:21:22   [34;1m    107712[0m[34;1m   1068500[0m[34;1m    786352[0m[34;1m     25.90[0m[34;1m     46500[0m[34;1m   2001444[0m[34;1m   3777648[0m[31;1m    124.43[0m[34;1m    797972[0m[34;1m   1968808[0m[34;1m      2504[0m
11:21:23   [34;1m    107488[0m[34;1m   1068872[0m[34;1m    785948[0m[34;1m     25.89[0m[34;1m     46500[0m[34;1m   2002060[0m[34;1m   3777648[0m[31;1m    124.43[0m[34;1m    797972[0m[34;1m   1969588[0m[34;1m      3032[0m
11:21:24   [34;1m    107488[0m[34;1m   1069348[0m[34;1m    785368[0m[34;1m     25.87[0m[34;1m     46508[0m[34;1m   2002620[0m[34;1m   3777648[0m[31;1m    124.43[0m[34;1m    797972[0m[34;1m   1970128[0m[34;1m      3600[0m
11:21:25   [34;1m    105308[0m[34;1m   1067824[0m[34;1m    786932[0m[34;1m     25.92[0m[34;1m     46512[0m[34;1m   2003180[0m[34;1m   3790580[0m[31;1m    124.85[0m[34;1m    797980[0m[34;1m   1972520[0m[34;1m      4208[0m
11:21:26   [34;1m    104608[0m[34;1m   1067612[0m[34;1m    787152[0m[34;1m     25.93[0m[34;1m     46512[0m[34;1m   2003676[0m[34;1m   3790580[0m[31;1m    124.85[0m[34;1m    797984[0m[34;1m   1973108[0m[34;1m      4700[0m
11:21:27   [34;1m    102420[0m[34;1m   1066048[0m[34;1m    788732[0m[34;1m     25.98[0m[34;1m     46512[0m[34;1m   2004288[0m[34;1m   3790580[0m[31;1m    124.85[0m[34;1m    797980[0m[34;1m   1973828[0m[34;1m      5312[0m
11:21:28   [34;1m    101944[0m[34;1m   1066092[0m[34;1m    788584[0m[34;1m     25.97[0m[34;1m     46512[0m[34;1m   2004924[0m[34;1m   3785972[0m[31;1m    124.70[0m[34;1m    797984[0m[34;1m   1972800[0m[34;1m      5948[0m
11:21:29   [34;1m    101024[0m[34;1m   1065796[0m[34;1m    788924[0m[34;1m     25.99[0m[34;1m     46520[0m[34;1m   2005440[0m[34;1m   3785972[0m[31;1m    124.70[0m[34;1m    797992[0m[34;1m   1973560[0m[34;1m      6460[0m
11:21:30   [34;1m    100072[0m[34;1m   1065416[0m[34;1m    789420[0m[34;1m     26.00[0m[34;1m     46520[0m[34;1m   2005944[0m[34;1m   3785972[0m[31;1m    124.70[0m[34;1m    797992[0m[34;1m   1974100[0m[34;1m      6964[0m
11:21:31   [34;1m    115528[0m[34;1m   1067256[0m[34;1m    787548[0m[34;1m     25.94[0m[34;1m     46224[0m[34;1m   1992852[0m[34;1m   3785972[0m[31;1m    124.70[0m[34;1m    794724[0m[34;1m   1964144[0m[34;1m      7544[0m
11:21:32   [34;1m    114356[0m[34;1m   1066644[0m[34;1m    788248[0m[34;1m     25.96[0m[34;1m     46224[0m[34;1m   1993324[0m[34;1m   3785972[0m[31;1m    124.70[0m[34;1m    794784[0m[34;1m   1964764[0m[34;1m      8056[0m
11:21:33   [34;1m    113656[0m[34;1m   1066644[0m[34;1m    788264[0m[34;1m     25.96[0m[34;1m     46224[0m[34;1m   1994004[0m[34;1m   3785972[0m[31;1m    124.70[0m[34;1m    794796[0m[34;1m   1965304[0m[34;1m      8728[0m
11:21:34   [34;1m    112956[0m[34;1m   1066384[0m[34;1m    788488[0m[34;1m     25.97[0m[34;1m     46244[0m[34;1m   1994436[0m[34;1m   3785972[0m[31;1m    124.70[0m[34;1m    794832[0m[34;1m   1965632[0m[34;1m      9176[0m
11:21:35   [34;1m    112228[0m[34;1m   1066436[0m[34;1m    788464[0m[34;1m     25.97[0m[34;1m     46244[0m[34;1m   1995220[0m[34;1m   3785972[0m[31;1m    124.70[0m[34;1m    794964[0m[34;1m   1966256[0m[34;1m      9824[0m
11:21:36   [34;1m    110776[0m[34;1m   1065544[0m[34;1m    789372[0m[34;1m     26.00[0m[34;1m     46244[0m[34;1m   1995752[0m[34;1m   3785972[0m[31;1m    124.70[0m[34;1m    795064[0m[34;1m   1966692[0m[34;1m     10256[0m
11:21:37   [34;1m    109040[0m[34;1m   1064376[0m[34;1m    790496[0m[34;1m     26.04[0m[34;1m     46252[0m[34;1m   1996348[0m[34;1m   3785972[0m[31;1m    124.70[0m[34;1m    795100[0m[34;1m   1967760[0m[34;1m     10820[0m
11:21:38   [34;1m    108340[0m[34;1m   1064224[0m[34;1m    790616[0m[34;1m     26.04[0m[34;1m     46252[0m[34;1m   1996940[0m[34;1m   3785972[0m[31;1m    124.70[0m[34;1m    795100[0m[34;1m   1968312[0m[34;1m     11412[0m
11:21:39   [34;1m    107640[0m[34;1m   1064136[0m[34;1m    790736[0m[34;1m     26.05[0m[34;1m     46252[0m[34;1m   1997488[0m[34;1m   3785972[0m[31;1m    124.70[0m[34;1m    795100[0m[34;1m   1968760[0m[34;1m     11960[0m
11:21:40   [34;1m    106192[0m[34;1m   1063244[0m[34;1m    791520[0m[34;1m     26.07[0m[34;1m     46252[0m[34;1m   1998076[0m[34;1m   3785972[0m[31;1m    124.70[0m[34;1m    795100[0m[34;1m   1969600[0m[34;1m     12548[0m
11:21:41   [34;1m    104736[0m[34;1m   1062300[0m[34;1m    792568[0m[34;1m     26.11[0m[34;1m     46252[0m[34;1m   1998544[0m[34;1m   3785972[0m[31;1m    124.70[0m[34;1m    795100[0m[34;1m   1970476[0m[34;1m     13016[0m
11:21:42   [34;1m    101532[0m[34;1m   1059764[0m[34;1m    794972[0m[34;1m     26.18[0m[34;1m     46260[0m[34;1m   1999188[0m[34;1m   3785972[0m[31;1m    124.70[0m[34;1m    795100[0m[34;1m   1971064[0m[34;1m     13660[0m
11:21:43   [34;1m    100652[0m[34;1m   1059500[0m[34;1m    795208[0m[34;1m     26.19[0m[34;1m     46268[0m[34;1m   1999748[0m[34;1m   3785972[0m[31;1m    124.70[0m[34;1m    795192[0m[34;1m   1970896[0m[34;1m     14144[0m
11:21:44   [34;1m    104588[0m[34;1m   1061940[0m[34;1m    792764[0m[34;1m     26.11[0m[34;1m     46240[0m[34;1m   1998316[0m[34;1m   3785972[0m[31;1m    124.70[0m[34;1m    794160[0m[34;1m   1970320[0m[34;1m     14732[0m
11:21:45   [34;1m    101368[0m[34;1m   1059608[0m[34;1m    795168[0m[34;1m     26.19[0m[34;1m     46240[0m[34;1m   1999152[0m[34;1m   3790580[0m[31;1m    124.85[0m[34;1m    794544[0m[34;1m   1972024[0m[34;1m     15212[0m
11:21:46   [34;1m    100644[0m[34;1m   1059524[0m[34;1m    795212[0m[34;1m     26.19[0m[34;1m     46240[0m[34;1m   1999816[0m[34;1m   3790580[0m[31;1m    124.85[0m[34;1m    794548[0m[34;1m   1972744[0m[34;1m     15876[0m
11:21:47   [34;1m    110676[0m[34;1m   1057272[0m[34;1m    797392[0m[34;1m     26.26[0m[34;1m     45956[0m[34;1m   1987896[0m[34;1m   3790580[0m[31;1m    124.85[0m[34;1m    792776[0m[34;1m   1962868[0m[34;1m     16344[0m
11:21:48   [34;1m    110228[0m[34;1m   1057876[0m[34;1m    796940[0m[34;1m     26.25[0m[34;1m     45964[0m[34;1m   1988788[0m[34;1m   3785972[0m[31;1m    124.70[0m[34;1m    793108[0m[34;1m   1961856[0m[34;1m     16932[0m
11:21:49   [34;1m    109780[0m[34;1m   1058160[0m[34;1m    796616[0m[34;1m     26.24[0m[34;1m     45984[0m[34;1m   1989540[0m[34;1m   3785972[0m[31;1m    124.70[0m[34;1m    793256[0m[34;1m   1962444[0m[34;1m       548[0m
11:21:50   [34;1m    109332[0m[34;1m   1058540[0m[34;1m    796304[0m[34;1m     26.23[0m[34;1m     45984[0m[34;1m   1990280[0m[34;1m   3785972[0m[31;1m    124.70[0m[34;1m    793484[0m[34;1m   1961708[0m[34;1m      1060[0m
11:21:51   [34;1m    108884[0m[34;1m   1058608[0m[34;1m    796048[0m[34;1m     26.22[0m[34;1m     45984[0m[34;1m   1990988[0m[34;1m   3785972[0m[31;1m    124.70[0m[34;1m    793568[0m[34;1m   1962392[0m[34;1m      1680[0m
11:21:52   [34;1m    107932[0m[34;1m   1058160[0m[34;1m    796484[0m[34;1m     26.23[0m[34;1m     45984[0m[34;1m   1991508[0m[34;1m   3785972[0m[31;1m    124.70[0m[34;1m    793568[0m[34;1m   1962984[0m[34;1m      2200[0m
11:21:53   [34;1m    106980[0m[34;1m   1057756[0m[34;1m    796880[0m[34;1m     26.25[0m[34;1m     45984[0m[34;1m   1992084[0m[34;1m   3785972[0m[31;1m    124.70[0m[34;1m    793568[0m[34;1m   1963680[0m[34;1m      2776[0m
11:21:54   [34;1m    106280[0m[34;1m   1057712[0m[34;1m    796912[0m[34;1m     26.25[0m[34;1m     45992[0m[34;1m   1992692[0m[34;1m   3785972[0m[31;1m    124.70[0m[34;1m    793568[0m[34;1m   1964464[0m[34;1m      3392[0m
11:21:55   [34;1m    105556[0m[34;1m   1057516[0m[34;1m    797208[0m[34;1m     26.26[0m[34;1m     45996[0m[34;1m   1993108[0m[34;1m   3785972[0m[31;1m    124.70[0m[34;1m    793584[0m[34;1m   1964948[0m[34;1m      3804[0m
11:21:56   [34;1m    104576[0m[34;1m   1057196[0m[34;1m    797496[0m[34;1m     26.27[0m[34;1m     45996[0m[34;1m   1993768[0m[34;1m   3785972[0m[31;1m    124.70[0m[34;1m    793592[0m[34;1m   1965460[0m[34;1m      4456[0m
11:21:57   [34;1m    102868[0m[34;1m   1055984[0m[34;1m    798696[0m[34;1m     26.31[0m[34;1m     45996[0m[34;1m   1994332[0m[34;1m   3785972[0m[31;1m    124.70[0m[34;1m    793592[0m[34;1m   1966056[0m[34;1m      5020[0m
11:21:58   [34;1m    101468[0m[34;1m   1055224[0m[34;1m    799472[0m[34;1m     26.33[0m[34;1m     45996[0m[34;1m   1994920[0m[34;1m   3785972[0m[31;1m    124.70[0m[34;1m    793596[0m[34;1m   1966736[0m[34;1m      5608[0m
11:21:59   [34;1m    100520[0m[34;1m   1054980[0m[34;1m    799808[0m[34;1m     26.34[0m[34;1m     46004[0m[34;1m   1995560[0m[34;1m   3785972[0m[31;1m    124.70[0m[34;1m    793588[0m[34;1m   1967660[0m[34;1m      5972[0m
11:22:00   [34;1m    100524[0m[34;1m   1055508[0m[34;1m    799152[0m[34;1m     26.32[0m[34;1m     46004[0m[34;1m   1996204[0m[34;1m   3785972[0m[31;1m    124.70[0m[34;1m    793612[0m[34;1m   1968112[0m[34;1m      6632[0m
11:22:01   [34;1m    113272[0m[34;1m   1055836[0m[34;1m    799172[0m[34;1m     26.32[0m[34;1m     45736[0m[34;1m   1984216[0m[34;1m   3785972[0m[31;1m    124.70[0m[34;1m    791416[0m[34;1m   1958420[0m[34;1m      7076[0m
11:22:02   [34;1m    138416[0m[34;1m   1081600[0m[34;1m    773400[0m[34;1m     25.47[0m[34;1m     45736[0m[34;1m   1984868[0m[34;1m   3785972[0m[31;1m    124.70[0m[34;1m    791512[0m[34;1m   1959016[0m[34;1m      7700[0m
11:22:03   [34;1m    137480[0m[34;1m   1081128[0m[34;1m    773764[0m[34;1m     25.49[0m[34;1m     45736[0m[34;1m   1985436[0m[34;1m   3785972[0m[31;1m    124.70[0m[34;1m    791512[0m[34;1m   1959248[0m[34;1m      8168[0m
11:22:04   [34;1m    134520[0m[34;1m   1078984[0m[34;1m    776036[0m[34;1m     25.56[0m[34;1m     45752[0m[34;1m   1986124[0m[34;1m   3785972[0m[31;1m    124.70[0m[34;1m    791604[0m[34;1m   1959992[0m[34;1m      8868[0m
11:22:05   [34;1m    133552[0m[34;1m   1078852[0m[34;1m    775972[0m[34;1m     25.56[0m[34;1m     45752[0m[34;1m   1986700[0m[34;1m   3788276[0m[31;1m    124.78[0m[34;1m    791620[0m[34;1m   1961436[0m[34;1m      9448[0m
11:22:06   [34;1m    132852[0m[34;1m   1078664[0m[34;1m    776100[0m[34;1m     25.56[0m[34;1m     45760[0m[34;1m   1987264[0m[34;1m   3788276[0m[31;1m    124.78[0m[34;1m    791620[0m[34;1m   1961976[0m[34;1m     10000[0m
11:22:07   [34;1m    130648[0m[34;1m   1077012[0m[34;1m    777756[0m[34;1m     25.62[0m[34;1m     45760[0m[34;1m   1987768[0m[34;1m   3788276[0m[31;1m    124.78[0m[34;1m    791652[0m[34;1m   1962660[0m[34;1m     10492[0m
11:22:08   [34;1m    129696[0m[34;1m   1076548[0m[34;1m    778248[0m[34;1m     25.63[0m[34;1m     45760[0m[34;1m   1988236[0m[34;1m   3785972[0m[31;1m    124.70[0m[34;1m    791652[0m[34;1m   1962256[0m[34;1m     10960[0m
11:22:09   [34;1m    129244[0m[34;1m   1076820[0m[34;1m    777884[0m[34;1m     25.62[0m[34;1m     45760[0m[34;1m   1989016[0m[34;1m   3785972[0m[31;1m    124.70[0m[34;1m    791764[0m[34;1m   1962644[0m[34;1m     11620[0m
11:22:10   [34;1m    127568[0m[34;1m   1075764[0m[34;1m    779016[0m[34;1m     25.66[0m[34;1m     45760[0m[34;1m   1989584[0m[34;1m   3794296[0m[31;1m    124.98[0m[34;1m    791764[0m[34;1m   1962984[0m[34;1m     12188[0m
11:22:11   [34;1m    126840[0m[34;1m   1075496[0m[34;1m    779268[0m[34;1m     25.67[0m[34;1m     45768[0m[34;1m   1990088[0m[34;1m   3794296[0m[31;1m    124.98[0m[34;1m    791764[0m[34;1m   1963552[0m[34;1m     12700[0m
11:22:12   [34;1m    125860[0m[34;1m   1075068[0m[34;1m    779724[0m[34;1m     25.68[0m[34;1m     45768[0m[34;1m   1990596[0m[34;1m   3794296[0m[31;1m    124.98[0m[34;1m    791800[0m[34;1m   1964752[0m[34;1m     13176[0m
11:22:13   [34;1m    124936[0m[34;1m   1074668[0m[34;1m    780196[0m[34;1m     25.70[0m[34;1m     45768[0m[34;1m   1991052[0m[34;1m   3794296[0m[31;1m    124.98[0m[34;1m    791800[0m[34;1m   1965236[0m[34;1m     13632[0m
11:22:14   [34;1m    123232[0m[34;1m   1073560[0m[34;1m    781216[0m[34;1m     25.73[0m[34;1m     45768[0m[34;1m   1991728[0m[34;1m   3794296[0m[31;1m    124.98[0m[34;1m    791800[0m[34;1m   1965788[0m[34;1m     14312[0m
11:22:15   [34;1m    122756[0m[34;1m   1073520[0m[34;1m    781196[0m[34;1m     25.73[0m[34;1m     45768[0m[34;1m   1992240[0m[34;1m   3794296[0m[31;1m    124.98[0m[34;1m    791800[0m[34;1m   1966276[0m[34;1m     14824[0m
11:22:16   [34;1m    121552[0m[34;1m   1072908[0m[34;1m    781884[0m[34;1m     25.75[0m[34;1m     45772[0m[34;1m   1992732[0m[34;1m   3794296[0m[31;1m    124.98[0m[34;1m    791800[0m[34;1m   1966892[0m[34;1m     15320[0m
11:22:17   [34;1m    120100[0m[34;1m   1072092[0m[34;1m    782640[0m[34;1m     25.78[0m[34;1m     45776[0m[34;1m   1993436[0m[34;1m   3794296[0m[31;1m    124.98[0m[34;1m    791808[0m[34;1m   1967604[0m[34;1m     16024[0m
11:22:18   [34;1m    119624[0m[34;1m   1072084[0m[34;1m    782648[0m[34;1m     25.78[0m[34;1m     45780[0m[34;1m   1993884[0m[34;1m   3794296[0m[31;1m    124.98[0m[34;1m    791808[0m[34;1m   1968064[0m[34;1m     16460[0m
11:22:19   [34;1m    116916[0m[34;1m   1070016[0m[34;1m    784696[0m[34;1m     25.85[0m[34;1m     45800[0m[34;1m   1994444[0m[34;1m   3794296[0m[31;1m    124.98[0m[34;1m    791812[0m[34;1m   1968508[0m[34;1m       100[0m
11:22:20   [34;1m    116440[0m[34;1m   1070088[0m[34;1m    784640[0m[34;1m     25.84[0m[34;1m     45800[0m[34;1m   1995052[0m[34;1m   3794296[0m[31;1m    124.98[0m[34;1m    791832[0m[34;1m   1968188[0m[34;1m       704[0m
11:22:21   [34;1m    116012[0m[34;1m   1070128[0m[34;1m    784544[0m[34;1m     25.84[0m[34;1m     45800[0m[34;1m   1995532[0m[34;1m   3794296[0m[31;1m    124.98[0m[34;1m    791832[0m[34;1m   1968276[0m[34;1m      1184[0m
11:22:22   [34;1m    114056[0m[34;1m   1068800[0m[34;1m    785896[0m[34;1m     25.89[0m[34;1m     45800[0m[34;1m   1996168[0m[34;1m   3794296[0m[31;1m    124.98[0m[34;1m    791832[0m[34;1m   1968920[0m[34;1m      1820[0m
11:22:23   [34;1m    112856[0m[34;1m   1068156[0m[34;1m    786544[0m[34;1m     25.91[0m[34;1m     45800[0m[34;1m   1996724[0m[34;1m   3794296[0m[31;1m    124.98[0m[34;1m    791832[0m[34;1m   1969508[0m[34;1m      2288[0m
11:22:24   [34;1m    111904[0m[34;1m   1067860[0m[34;1m    786852[0m[34;1m     25.92[0m[34;1m     45808[0m[34;1m   1997344[0m[34;1m   3794296[0m[31;1m    124.98[0m[34;1m    791832[0m[34;1m   1970232[0m[34;1m      2916[0m
11:22:25   [34;1m    109748[0m[34;1m   1066240[0m[34;1m    788372[0m[34;1m     25.97[0m[34;1m     45808[0m[34;1m   1997964[0m[34;1m   3798904[0m[31;1m    125.13[0m[34;1m    791840[0m[34;1m   1972256[0m[34;1m      3528[0m
11:22:26   [34;1m    108548[0m[34;1m   1065656[0m[34;1m    789040[0m[34;1m     25.99[0m[34;1m     45816[0m[34;1m   1998496[0m[34;1m   3798904[0m[31;1m    125.13[0m[34;1m    791840[0m[34;1m   1973088[0m[34;1m      4068[0m
11:22:27   [34;1m    107820[0m[34;1m   1065468[0m[34;1m    789336[0m[34;1m     26.00[0m[34;1m     45816[0m[34;1m   1998940[0m[34;1m   3798904[0m[31;1m    125.13[0m[34;1m    791848[0m[34;1m   1973772[0m[34;1m      4500[0m
11:22:28   [34;1m    107372[0m[34;1m   1065568[0m[34;1m    789176[0m[34;1m     25.99[0m[34;1m     45816[0m[34;1m   1999532[0m[34;1m   3794296[0m[31;1m    124.98[0m[34;1m    791848[0m[34;1m   1972704[0m[34;1m      5092[0m
11:22:29   [34;1m    107148[0m[34;1m   1065856[0m[34;1m    788844[0m[34;1m     25.98[0m[34;1m     45816[0m[34;1m   2000096[0m[34;1m   3794296[0m[31;1m    124.98[0m[34;1m    791848[0m[34;1m   1973264[0m[34;1m      5656[0m
11:22:30   [34;1m    106672[0m[34;1m   1065964[0m[34;1m    788728[0m[34;1m     25.98[0m[34;1m     45816[0m[34;1m   2000672[0m[34;1m   3794296[0m[31;1m    124.98[0m[34;1m    791840[0m[34;1m   1973920[0m[34;1m      6152[0m
11:22:31   [34;1m    106224[0m[34;1m   1066072[0m[34;1m    788584[0m[34;1m     25.97[0m[34;1m     45824[0m[34;1m   2001236[0m[34;1m   3794296[0m[31;1m    124.98[0m[34;1m    791840[0m[34;1m   1974112[0m[34;1m      6724[0m
11:22:32   [34;1m    105972[0m[34;1m   1066528[0m[34;1m    788200[0m[34;1m     25.96[0m[34;1m     45824[0m[34;1m   2001880[0m[34;1m   3794296[0m[31;1m    124.98[0m[34;1m    791916[0m[34;1m   1975212[0m[34;1m      7320[0m
11:22:33   [34;1m    106232[0m[34;1m   1067288[0m[34;1m    787464[0m[34;1m     25.94[0m[34;1m     45824[0m[34;1m   2002352[0m[34;1m   3794296[0m[31;1m    124.98[0m[34;1m    791916[0m[34;1m   1972824[0m[34;1m      7792[0m
11:22:34   [34;1m    105028[0m[34;1m   1066708[0m[34;1m    787868[0m[34;1m     25.95[0m[34;1m     45832[0m[34;1m   2003052[0m[34;1m   3794296[0m[31;1m    124.98[0m[34;1m    791916[0m[34;1m   1973872[0m[34;1m      8496[0m
11:22:35   [34;1m    103828[0m[34;1m   1066008[0m[34;1m    788668[0m[34;1m     25.98[0m[34;1m     45832[0m[34;1m   2003500[0m[34;1m   3794296[0m[31;1m    124.98[0m[34;1m    791956[0m[34;1m   1974072[0m[34;1m      8912[0m
11:22:36   [34;1m    102876[0m[34;1m   1065792[0m[34;1m    788884[0m[34;1m     25.98[0m[34;1m     45832[0m[34;1m   2004192[0m[34;1m   3794296[0m[31;1m    124.98[0m[34;1m    791956[0m[34;1m   1974916[0m[34;1m      9604[0m
11:22:37   [34;1m    100704[0m[34;1m   1064132[0m[34;1m    790500[0m[34;1m     26.04[0m[34;1m     45840[0m[34;1m   2004712[0m[34;1m   3794296[0m[31;1m    124.98[0m[34;1m    791956[0m[34;1m   1976580[0m[34;1m     10132[0m
11:22:38   [34;1m    116452[0m[34;1m   1067212[0m[34;1m    787676[0m[34;1m     25.94[0m[34;1m     45572[0m[34;1m   1992516[0m[34;1m   3794296[0m[31;1m    124.98[0m[34;1m    789608[0m[34;1m   1966448[0m[34;1m     10748[0m
11:22:39   [34;1m    115724[0m[34;1m   1067076[0m[34;1m    787972[0m[34;1m     25.95[0m[34;1m     45572[0m[34;1m   1992976[0m[34;1m   3794296[0m[31;1m    124.98[0m[34;1m    789672[0m[34;1m   1967024[0m[34;1m     11172[0m
11:22:40   [34;1m    114548[0m[34;1m   1066320[0m[34;1m    788528[0m[34;1m     25.97[0m[34;1m     45572[0m[34;1m   1993572[0m[34;1m   3794296[0m[31;1m    124.98[0m[34;1m    789672[0m[34;1m   1966012[0m[34;1m     11768[0m
11:22:41   [34;1m    112620[0m[34;1m   1065096[0m[34;1m    789788[0m[34;1m     26.01[0m[34;1m     45572[0m[34;1m   1994256[0m[34;1m   3794296[0m[31;1m    124.98[0m[34;1m    789772[0m[34;1m   1968492[0m[34;1m     12352[0m
11:22:42   [34;1m    110656[0m[34;1m   1063760[0m[34;1m    791132[0m[34;1m     26.06[0m[34;1m     45580[0m[34;1m   1994836[0m[34;1m   3794296[0m[31;1m    124.98[0m[34;1m    789796[0m[34;1m   1969588[0m[34;1m     12912[0m
11:22:43   [34;1m    110404[0m[34;1m   1064052[0m[34;1m    790956[0m[34;1m     26.05[0m[34;1m     45588[0m[34;1m   1995272[0m[34;1m   3794296[0m[31;1m    124.98[0m[34;1m    789808[0m[34;1m   1970424[0m[34;1m     13348[0m
11:22:44   [34;1m    109200[0m[34;1m   1063392[0m[34;1m    791528[0m[34;1m     26.07[0m[34;1m     45588[0m[34;1m   1995920[0m[34;1m   3794296[0m[31;1m    124.98[0m[34;1m    789816[0m[34;1m   1971268[0m[34;1m     13984[0m
11:22:45   [34;1m    106484[0m[34;1m   1061172[0m[34;1m    793632[0m[34;1m     26.14[0m[34;1m     45588[0m[34;1m   1996508[0m[34;1m   3798904[0m[31;1m    125.13[0m[34;1m    789816[0m[34;1m   1973348[0m[34;1m     14564[0m
11:22:46   [34;1m    105036[0m[34;1m   1060240[0m[34;1m    794660[0m[34;1m     26.17[0m[34;1m     45588[0m[34;1m   1996960[0m[34;1m   3798904[0m[31;1m    125.13[0m[34;1m    789816[0m[34;1m   1973772[0m[34;1m     15016[0m
11:22:47   [34;1m    102348[0m[34;1m   1058248[0m[34;1m    796608[0m[34;1m     26.24[0m[34;1m     45588[0m[34;1m   1997648[0m[34;1m   3798904[0m[31;1m    125.13[0m[34;1m    789812[0m[34;1m   1974564[0m[34;1m     15704[0m
11:22:48   [34;1m    101652[0m[34;1m   1058064[0m[34;1m    796936[0m[34;1m     26.25[0m[34;1m     45592[0m[34;1m   1998064[0m[34;1m   3794296[0m[31;1m    124.98[0m[34;1m    789816[0m[34;1m   1973644[0m[34;1m     16124[0m
11:22:49   [34;1m    101428[0m[34;1m   1058480[0m[34;1m    796404[0m[34;1m     26.23[0m[34;1m     45600[0m[34;1m   1998796[0m[34;1m   3794296[0m[31;1m    124.98[0m[34;1m    789828[0m[34;1m   1974108[0m[34;1m     16856[0m
11:22:50   [34;1m    101204[0m[34;1m   1058756[0m[34;1m    796108[0m[34;1m     26.22[0m[34;1m     45600[0m[34;1m   1999316[0m[34;1m   3794296[0m[31;1m    124.98[0m[34;1m    789820[0m[34;1m   1973288[0m[34;1m       228[0m
11:22:51   [34;1m    205008[0m[34;1m   1070356[0m[34;1m    784728[0m[34;1m     25.85[0m[34;1m     45600[0m[34;1m   1907256[0m[34;1m   3794296[0m[31;1m    124.98[0m[34;1m    789824[0m[34;1m   1881452[0m[34;1m       360[0m
11:22:52   [34;1m    202824[0m[34;1m   1068904[0m[34;1m    785944[0m[34;1m     25.89[0m[34;1m     45600[0m[34;1m   1907784[0m[34;1m   3794296[0m[31;1m    124.98[0m[34;1m    789820[0m[34;1m   1882208[0m[34;1m       888[0m
11:22:53   [34;1m    202824[0m[34;1m   1069476[0m[34;1m    785368[0m[34;1m     25.87[0m[34;1m     45600[0m[34;1m   1908348[0m[34;1m   3794296[0m[31;1m    124.98[0m[34;1m    789824[0m[34;1m   1882724[0m[34;1m      1452[0m
11:22:54   [34;1m    201648[0m[34;1m   1068980[0m[34;1m    785792[0m[34;1m     25.88[0m[34;1m     45612[0m[34;1m   1909036[0m[34;1m   3794296[0m[31;1m    124.98[0m[34;1m    789944[0m[34;1m   1883060[0m[34;1m      2120[0m
11:22:55   [34;1m    201424[0m[34;1m   1069212[0m[34;1m    785600[0m[34;1m     25.88[0m[34;1m     45616[0m[34;1m   1909512[0m[34;1m   3794296[0m[31;1m    124.98[0m[34;1m    789944[0m[34;1m   1883580[0m[34;1m      2596[0m
11:22:56   [34;1m    200700[0m[34;1m   1069092[0m[34;1m    785744[0m[34;1m     25.88[0m[34;1m     45616[0m[34;1m   1910100[0m[34;1m   3794296[0m[31;1m    124.98[0m[34;1m    789948[0m[34;1m   1884548[0m[34;1m      3180[0m
11:22:57   [34;1m    198740[0m[34;1m   1067720[0m[34;1m    787100[0m[34;1m     25.93[0m[34;1m     45616[0m[34;1m   1910676[0m[34;1m   3794296[0m[31;1m    124.98[0m[34;1m    789964[0m[34;1m   1885252[0m[34;1m      3740[0m
11:22:58   [34;1m    198516[0m[34;1m   1068132[0m[34;1m    786688[0m[34;1m     25.91[0m[34;1m     45616[0m[34;1m   1911336[0m[34;1m   3794296[0m[31;1m    124.98[0m[34;1m    790056[0m[34;1m   1885876[0m[34;1m      4232[0m
11:22:59   [34;1m    198264[0m[34;1m   1068492[0m[34;1m    786356[0m[34;1m     25.90[0m[34;1m     45624[0m[34;1m   1911908[0m[34;1m   3794296[0m[31;1m    124.98[0m[34;1m    790076[0m[34;1m   1886548[0m[34;1m      4792[0m
11:23:00   [34;1m    197788[0m[34;1m   1068660[0m[34;1m    786232[0m[34;1m     25.90[0m[34;1m     45624[0m[34;1m   1912544[0m[34;1m   3794296[0m[31;1m    124.98[0m[34;1m    790084[0m[34;1m   1886652[0m[34;1m      5416[0m
11:23:01   [34;1m    197284[0m[34;1m   1068612[0m[34;1m    786244[0m[34;1m     25.90[0m[34;1m     45624[0m[34;1m   1913016[0m[34;1m   3794296[0m[31;1m    124.98[0m[34;1m    790084[0m[34;1m   1887432[0m[34;1m      5988[0m
11:23:02   [34;1m    195580[0m[34;1m   1067528[0m[34;1m    787256[0m[34;1m     25.93[0m[34;1m     45624[0m[34;1m   1913644[0m[34;1m   3794296[0m[31;1m    124.98[0m[34;1m    790084[0m[34;1m   1888136[0m[34;1m      6516[0m
11:23:03   [34;1m    194912[0m[34;1m   1067332[0m[34;1m    787532[0m[34;1m     25.94[0m[34;1m     45624[0m[34;1m   1914084[0m[34;1m   3794296[0m[31;1m    124.98[0m[34;1m    790084[0m[34;1m   1888500[0m[34;1m      6956[0m
11:23:04   [34;1m    192168[0m[34;1m   1065172[0m[34;1m    789640[0m[34;1m     26.01[0m[34;1m     45632[0m[34;1m   1914716[0m[34;1m   3794296[0m[31;1m    124.98[0m[34;1m    790100[0m[34;1m   1889024[0m[34;1m      7600[0m
11:23:05   [34;1m    191944[0m[34;1m   1065572[0m[34;1m    789252[0m[34;1m     26.00[0m[34;1m     45632[0m[34;1m   1915316[0m[34;1m   3798904[0m[31;1m    125.13[0m[34;1m    790108[0m[34;1m   1891356[0m[34;1m      8192[0m
11:23:06   [34;1m    191248[0m[34;1m   1065492[0m[34;1m    789376[0m[34;1m     26.00[0m[34;1m     45632[0m[34;1m   1915888[0m[34;1m   3798904[0m[31;1m    125.13[0m[34;1m    790108[0m[34;1m   1891972[0m[34;1m      8764[0m
11:23:07   [34;1m    191024[0m[34;1m   1065812[0m[34;1m    789012[0m[34;1m     25.99[0m[34;1m     45640[0m[34;1m   1916468[0m[34;1m   3798904[0m[31;1m    125.13[0m[34;1m    790152[0m[34;1m   1892528[0m[34;1m      9308[0m
11:23:08   [34;1m    190324[0m[34;1m   1065688[0m[34;1m    789152[0m[34;1m     25.99[0m[34;1m     45640[0m[34;1m   1917028[0m[34;1m   3794296[0m[31;1m    124.98[0m[34;1m    790160[0m[34;1m   1891220[0m[34;1m      9852[0m
11:23:09   [34;1m    190324[0m[34;1m   1066124[0m[34;1m    788712[0m[34;1m     25.98[0m[34;1m     45640[0m[34;1m   1917480[0m[34;1m   3794296[0m[31;1m    124.98[0m[34;1m    790160[0m[34;1m   1891680[0m[34;1m     10304[0m
11:23:10   [34;1m    188928[0m[34;1m   1065464[0m[34;1m    789360[0m[34;1m     26.00[0m[34;1m     45640[0m[34;1m   1918188[0m[34;1m   3794296[0m[31;1m    124.98[0m[34;1m    790160[0m[34;1m   1892560[0m[34;1m     11012[0m
11:23:11   [34;1m    187976[0m[34;1m   1064972[0m[34;1m    789904[0m[34;1m     26.02[0m[34;1m     45644[0m[34;1m   1918604[0m[34;1m   3794296[0m[31;1m    124.98[0m[34;1m    790160[0m[34;1m   1893260[0m[34;1m     11432[0m
11:23:12   [34;1m    187024[0m[34;1m   1064604[0m[34;1m    790176[0m[34;1m     26.03[0m[34;1m     45644[0m[34;1m   1919252[0m[34;1m   3794296[0m[31;1m    124.98[0m[34;1m    790164[0m[34;1m   1894008[0m[34;1m     12072[0m
11:23:13   [34;1m    185568[0m[34;1m   1063720[0m[34;1m    791172[0m[34;1m     26.06[0m[34;1m     45644[0m[34;1m   1919744[0m[34;1m   3794296[0m[31;1m    124.98[0m[34;1m    790164[0m[34;1m   1894612[0m[34;1m     12564[0m
11:23:14   [34;1m    184840[0m[34;1m   1063504[0m[34;1m    791324[0m[34;1m     26.06[0m[34;1m     45644[0m[34;1m   1920324[0m[34;1m   3794296[0m[31;1m    124.98[0m[34;1m    790164[0m[34;1m   1895116[0m[34;1m     13144[0m
11:23:15   [34;1m    184112[0m[34;1m   1063316[0m[34;1m    791516[0m[34;1m     26.07[0m[34;1m     45644[0m[34;1m   1920892[0m[34;1m   3794296[0m[31;1m    124.98[0m[34;1m    790164[0m[34;1m   1895736[0m[34;1m     13712[0m
11:23:16   [34;1m    183388[0m[34;1m   1063184[0m[34;1m    791632[0m[34;1m     26.07[0m[34;1m     45644[0m[34;1m   1921456[0m[34;1m   3794296[0m[31;1m    124.98[0m[34;1m    790164[0m[34;1m   1895736[0m[34;1m     14276[0m
11:23:17   [34;1m    182660[0m[34;1m   1062992[0m[34;1m    791804[0m[34;1m     26.08[0m[34;1m     45644[0m[34;1m   1922036[0m[34;1m   3794296[0m[31;1m    124.98[0m[34;1m    790164[0m[34;1m   1896300[0m[34;1m     14856[0m
11:23:18   [34;1m    182184[0m[34;1m   1063124[0m[34;1m    791720[0m[34;1m     26.08[0m[34;1m     45644[0m[34;1m   1922584[0m[34;1m   3794296[0m[31;1m    124.98[0m[34;1m    790164[0m[34;1m   1896828[0m[34;1m     15400[0m
11:23:19   [34;1m    181260[0m[34;1m   1062752[0m[34;1m    792076[0m[34;1m     26.09[0m[34;1m     45644[0m[34;1m   1923136[0m[34;1m   3794296[0m[31;1m    124.98[0m[34;1m    790164[0m[34;1m   1897856[0m[34;1m     15952[0m
11:23:20   [34;1m    180812[0m[34;1m   1062768[0m[34;1m    792092[0m[34;1m     26.09[0m[34;1m     45644[0m[34;1m   1923608[0m[34;1m   3794552[0m[31;1m    124.99[0m[34;1m    790164[0m[34;1m   1897184[0m[34;1m     16424[0m
11:23:21   [34;1m    179836[0m[34;1m   1062448[0m[34;1m    792372[0m[34;1m     26.10[0m[34;1m     45648[0m[34;1m   1924264[0m[34;1m   3794552[0m[31;1m    124.99[0m[34;1m    790164[0m[34;1m   1897892[0m[34;1m     17080[0m
11:23:22   [34;1m    178408[0m[34;1m   1061644[0m[34;1m    793152[0m[34;1m     26.13[0m[34;1m     45648[0m[34;1m   1924904[0m[34;1m   3794552[0m[31;1m    124.99[0m[34;1m    790256[0m[34;1m   1898736[0m[34;1m     17628[0m
11:23:23   [34;1m    177932[0m[34;1m   1061772[0m[34;1m    793116[0m[34;1m     26.12[0m[34;1m     45648[0m[34;1m   1925412[0m[34;1m   3794552[0m[31;1m    124.99[0m[34;1m    790256[0m[34;1m   1899412[0m[34;1m     18136[0m
11:23:24   [34;1m    176956[0m[34;1m   1061284[0m[34;1m    793448[0m[34;1m     26.13[0m[34;1m     45648[0m[34;1m   1926056[0m[34;1m   3794552[0m[31;1m    124.99[0m[34;1m    790256[0m[34;1m   1899980[0m[34;1m     18780[0m
11:23:25   [34;1m    174996[0m[34;1m   1059804[0m[34;1m    794976[0m[34;1m     26.19[0m[34;1m     45648[0m[34;1m   1926472[0m[34;1m   3799160[0m[31;1m    125.14[0m[34;1m    790256[0m[34;1m   1902024[0m[34;1m     19196[0m
11:23:26   [34;1m    174044[0m[34;1m   1059524[0m[34;1m    795192[0m[34;1m     26.19[0m[34;1m     45652[0m[34;1m   1927140[0m[34;1m   3799160[0m[31;1m    125.14[0m[34;1m    790256[0m[34;1m   1902840[0m[34;1m       328[0m
11:23:27   [34;1m    172620[0m[34;1m   1058656[0m[34;1m    796068[0m[34;1m     26.22[0m[34;1m     45652[0m[34;1m   1927700[0m[34;1m   3799160[0m[31;1m    125.14[0m[34;1m    790256[0m[34;1m   1903348[0m[34;1m       936[0m
11:23:28   [34;1m    172144[0m[34;1m   1058660[0m[34;1m    796088[0m[34;1m     26.22[0m[34;1m     45656[0m[34;1m   1928224[0m[34;1m   3794552[0m[31;1m    124.99[0m[34;1m    790260[0m[34;1m   1902400[0m[34;1m      1464[0m
11:23:29   [34;1m    171920[0m[34;1m   1059092[0m[34;1m    795584[0m[34;1m     26.21[0m[34;1m     45656[0m[34;1m   1928948[0m[34;1m   3794552[0m[31;1m    124.99[0m[34;1m    790284[0m[34;1m   1903248[0m[34;1m      2108[0m
11:23:30   [34;1m    171472[0m[34;1m   1059364[0m[34;1m    795444[0m[34;1m     26.20[0m[34;1m     45656[0m[34;1m   1929508[0m[34;1m   3794552[0m[31;1m    124.99[0m[34;1m    790328[0m[34;1m   1904116[0m[34;1m      2584[0m
11:23:31   [34;1m    170776[0m[34;1m   1059104[0m[34;1m    795620[0m[34;1m     26.21[0m[34;1m     45656[0m[34;1m   1930068[0m[34;1m   3794552[0m[31;1m    124.99[0m[34;1m    790328[0m[34;1m   1904460[0m[34;1m      3144[0m
11:23:32   [34;1m    170328[0m[34;1m   1059252[0m[34;1m    795468[0m[34;1m     26.20[0m[34;1m     45656[0m[34;1m   1930648[0m[34;1m   3794552[0m[31;1m    124.99[0m[34;1m    790328[0m[34;1m   1905440[0m[34;1m      3724[0m
11:23:33   [34;1m    169108[0m[34;1m   1058616[0m[34;1m    796208[0m[34;1m     26.23[0m[34;1m     45664[0m[34;1m   1931152[0m[34;1m   3794552[0m[31;1m    124.99[0m[34;1m    790328[0m[34;1m   1905916[0m[34;1m      4236[0m
11:23:34   [34;1m    168660[0m[34;1m   1058872[0m[34;1m    796008[0m[34;1m     26.22[0m[34;1m     45664[0m[34;1m   1931776[0m[34;1m   3794552[0m[31;1m    124.99[0m[34;1m    790336[0m[34;1m   1906652[0m[34;1m      4776[0m
11:23:35   [34;1m    167684[0m[34;1m   1058408[0m[34;1m    796376[0m[34;1m     26.23[0m[34;1m     45664[0m[34;1m   1932400[0m[34;1m   3794552[0m[31;1m    124.99[0m[34;1m    790336[0m[34;1m   1907172[0m[34;1m      5400[0m
11:23:36   [34;1m    166004[0m[34;1m   1057476[0m[34;1m    797328[0m[34;1m     26.26[0m[34;1m     45664[0m[34;1m   1933112[0m[34;1m   3794552[0m[31;1m    124.99[0m[34;1m    790420[0m[34;1m   1907916[0m[34;1m      5908[0m
11:23:37   [34;1m    165752[0m[34;1m   1057832[0m[34;1m    796996[0m[34;1m     26.25[0m[34;1m     45664[0m[34;1m   1933700[0m[34;1m   3794552[0m[31;1m    124.99[0m[34;1m    790452[0m[34;1m   1905672[0m[34;1m      6464[0m
11:23:38   [34;1m    165056[0m[34;1m   1057684[0m[34;1m    797120[0m[34;1m     26.26[0m[34;1m     45668[0m[34;1m   1934276[0m[34;1m   3794552[0m[31;1m    124.99[0m[34;1m    790452[0m[34;1m   1906132[0m[34;1m      7044[0m
11:23:39   [34;1m    164832[0m[34;1m   1058024[0m[34;1m    796904[0m[34;1m     26.25[0m[34;1m     45668[0m[34;1m   1934728[0m[34;1m   3794552[0m[31;1m    124.99[0m[34;1m    790460[0m[34;1m   1906704[0m[34;1m      7500[0m
11:23:40   [34;1m    164192[0m[34;1m   1057948[0m[34;1m    796940[0m[34;1m     26.25[0m[34;1m     45668[0m[34;1m   1935332[0m[34;1m   3794552[0m[31;1m    124.99[0m[34;1m    790460[0m[34;1m   1907416[0m[34;1m      8096[0m
11:23:41   [34;1m    163968[0m[34;1m   1058260[0m[34;1m    796676[0m[34;1m     26.24[0m[34;1m     45668[0m[34;1m   1935824[0m[34;1m   3794552[0m[31;1m    124.99[0m[34;1m    790460[0m[34;1m   1907996[0m[34;1m      8588[0m
11:23:42   [34;1m    163744[0m[34;1m   1058532[0m[34;1m    796332[0m[34;1m     26.23[0m[34;1m     45668[0m[34;1m   1936412[0m[34;1m   3794552[0m[31;1m    124.99[0m[34;1m    790460[0m[34;1m   1908796[0m[34;1m      9176[0m
11:23:43   [34;1m    162572[0m[34;1m   1057944[0m[34;1m    796988[0m[34;1m     26.25[0m[34;1m     45668[0m[34;1m   1936936[0m[34;1m   3794552[0m[31;1m    124.99[0m[34;1m    790460[0m[34;1m   1909412[0m[34;1m      9700[0m
11:23:44   [34;1m    162124[0m[34;1m   1058108[0m[34;1m    796684[0m[34;1m     26.24[0m[34;1m     45668[0m[34;1m   1937628[0m[34;1m   3794552[0m[31;1m    124.99[0m[34;1m    790460[0m[34;1m   1909988[0m[34;1m     10392[0m
11:23:45   [34;1m    160896[0m[34;1m   1057340[0m[34;1m    797504[0m[34;1m     26.27[0m[34;1m     45676[0m[34;1m   1938080[0m[34;1m   3799160[0m[31;1m    125.14[0m[34;1m    790468[0m[34;1m   1911952[0m[34;1m     10844[0m
11:23:46   [34;1m    159692[0m[34;1m   1056784[0m[34;1m    798008[0m[34;1m     26.28[0m[34;1m     45684[0m[34;1m   1938744[0m[34;1m   3799160[0m[31;1m    125.14[0m[34;1m    790476[0m[34;1m   1912720[0m[34;1m     11504[0m
11:23:47   [34;1m    159188[0m[34;1m   1056900[0m[34;1m    797924[0m[34;1m     26.28[0m[34;1m     45684[0m[34;1m   1939348[0m[34;1m   3799160[0m[31;1m    125.14[0m[34;1m    790476[0m[34;1m   1913168[0m[34;1m     12108[0m
11:23:48   [34;1m    157952[0m[34;1m   1056192[0m[34;1m    798620[0m[34;1m     26.31[0m[34;1m     45684[0m[34;1m   1939876[0m[34;1m   3794552[0m[31;1m    124.99[0m[34;1m    790476[0m[34;1m   1912260[0m[34;1m     12636[0m
11:23:49   [34;1m    157728[0m[34;1m   1056408[0m[34;1m    798416[0m[34;1m     26.30[0m[34;1m     45684[0m[34;1m   1940320[0m[34;1m   3794552[0m[31;1m    124.99[0m[34;1m    790476[0m[34;1m   1912636[0m[34;1m     13084[0m
11:23:50   [34;1m    157504[0m[34;1m   1056912[0m[34;1m    797920[0m[34;1m     26.28[0m[34;1m     45692[0m[34;1m   1940988[0m[34;1m   3794552[0m[31;1m    124.99[0m[34;1m    790480[0m[34;1m   1912456[0m[34;1m     13744[0m
11:23:51   [34;1m    157028[0m[34;1m   1056872[0m[34;1m    797976[0m[34;1m     26.28[0m[34;1m     45692[0m[34;1m   1941432[0m[34;1m   3794552[0m[31;1m    124.99[0m[34;1m    790484[0m[34;1m   1911972[0m[34;1m     14188[0m
11:23:52   [34;1m    156356[0m[34;1m   1056752[0m[34;1m    798032[0m[34;1m     26.29[0m[34;1m     45692[0m[34;1m   1942024[0m[34;1m   3794552[0m[31;1m    124.99[0m[34;1m    790484[0m[34;1m   1912972[0m[34;1m     14780[0m
11:23:53   [34;1m    154648[0m[34;1m   1055608[0m[34;1m    799240[0m[34;1m     26.33[0m[34;1m     45692[0m[34;1m   1942568[0m[34;1m   3794552[0m[31;1m    124.99[0m[34;1m    790488[0m[34;1m   1913640[0m[34;1m     15316[0m
11:23:54   [34;1m    154424[0m[34;1m   1055908[0m[34;1m    798864[0m[34;1m     26.31[0m[34;1m     45692[0m[34;1m   1943204[0m[34;1m   3794552[0m[31;1m    124.99[0m[34;1m    790492[0m[34;1m   1914356[0m[34;1m     15952[0m
11:23:55   [34;1m    153700[0m[34;1m   1055820[0m[34;1m    799132[0m[34;1m     26.32[0m[34;1m     45700[0m[34;1m   1943644[0m[34;1m   3794552[0m[31;1m    124.99[0m[34;1m    790492[0m[34;1m   1914772[0m[34;1m     16392[0m
11:23:56   [34;1m    152748[0m[34;1m   1055420[0m[34;1m    799384[0m[34;1m     26.33[0m[34;1m     45700[0m[34;1m   1944336[0m[34;1m   3794552[0m[31;1m    124.99[0m[34;1m    790500[0m[34;1m   1915428[0m[34;1m     17084[0m
11:23:57   [34;1m    151768[0m[34;1m   1054928[0m[34;1m    799924[0m[34;1m     26.35[0m[34;1m     45700[0m[34;1m   1944760[0m[34;1m   3794552[0m[31;1m    124.99[0m[34;1m    790500[0m[34;1m   1916200[0m[34;1m       376[0m
11:23:58   [34;1m    176572[0m[34;1m   1080428[0m[34;1m    774476[0m[34;1m     25.51[0m[34;1m     45708[0m[34;1m   1945412[0m[34;1m   3794552[0m[31;1m    124.99[0m[34;1m    790508[0m[34;1m   1917000[0m[34;1m      1048[0m
11:23:59   [34;1m    175060[0m[34;1m   1079328[0m[34;1m    775544[0m[34;1m     25.55[0m[34;1m     45708[0m[34;1m   1945868[0m[34;1m   3794552[0m[31;1m    124.99[0m[34;1m    790508[0m[34;1m   1918472[0m[34;1m      1504[0m
11:24:00   [34;1m    174332[0m[34;1m   1079236[0m[34;1m    775600[0m[34;1m     25.55[0m[34;1m     45708[0m[34;1m   1946484[0m[34;1m   3794552[0m[31;1m    124.99[0m[34;1m    790508[0m[34;1m   1919220[0m[34;1m      2120[0m
11:24:01   [34;1m    173156[0m[34;1m   1078676[0m[34;1m    776264[0m[34;1m     25.57[0m[34;1m     45716[0m[34;1m   1947024[0m[34;1m   3794552[0m[31;1m    124.99[0m[34;1m    790520[0m[34;1m   1919708[0m[34;1m      2624[0m
11:24:02   [34;1m    171704[0m[34;1m   1077772[0m[34;1m    777068[0m[34;1m     25.60[0m[34;1m     45716[0m[34;1m   1947640[0m[34;1m   3794552[0m[31;1m    124.99[0m[34;1m    790528[0m[34;1m   1920652[0m[34;1m      3228[0m
11:24:03   [34;1m    169492[0m[34;1m   1076056[0m[34;1m    778832[0m[34;1m     25.65[0m[34;1m     45716[0m[34;1m   1948128[0m[34;1m   3794552[0m[31;1m    124.99[0m[34;1m    790528[0m[34;1m   1921132[0m[34;1m      3716[0m
11:24:04   [34;1m    166720[0m[34;1m   1073824[0m[34;1m    781016[0m[34;1m     25.73[0m[34;1m     45716[0m[34;1m   1948700[0m[34;1m   3794552[0m[31;1m    124.99[0m[34;1m    790528[0m[34;1m   1921712[0m[34;1m      4292[0m
11:24:05   [34;1m    164732[0m[34;1m   1072440[0m[34;1m    782368[0m[34;1m     25.77[0m[34;1m     45716[0m[34;1m   1949296[0m[34;1m   3799160[0m[31;1m    125.14[0m[34;1m    790528[0m[34;1m   1923600[0m[34;1m      4888[0m
11:24:06   [34;1m    164256[0m[34;1m   1072552[0m[34;1m    782260[0m[34;1m     25.77[0m[34;1m     45720[0m[34;1m   1949860[0m[34;1m   3799160[0m[31;1m    125.14[0m[34;1m    790532[0m[34;1m   1924388[0m[34;1m      5472[0m
11:24:07   [34;1m    163532[0m[34;1m   1072332[0m[34;1m    782488[0m[34;1m     25.77[0m[34;1m     45720[0m[34;1m   1950364[0m[34;1m   3799160[0m[31;1m    125.14[0m[34;1m    790532[0m[34;1m   1925068[0m[34;1m      5968[0m
11:24:08   [34;1m    162860[0m[34;1m   1072264[0m[34;1m    782588[0m[34;1m     25.78[0m[34;1m     45720[0m[34;1m   1950960[0m[34;1m   3794552[0m[31;1m    124.99[0m[34;1m    790532[0m[34;1m   1924148[0m[34;1m      6564[0m
11:24:09   [34;1m    162412[0m[34;1m   1072340[0m[34;1m    782452[0m[34;1m     25.77[0m[34;1m     45720[0m[34;1m   1951548[0m[34;1m   3794552[0m[31;1m    124.99[0m[34;1m    790532[0m[34;1m   1924444[0m[34;1m      7156[0m
11:24:10   [34;1m    161688[0m[34;1m   1072248[0m[34;1m    782640[0m[34;1m     25.78[0m[34;1m     45720[0m[34;1m   1952052[0m[34;1m   3794552[0m[31;1m    124.99[0m[34;1m    790532[0m[34;1m   1925156[0m[34;1m      7660[0m
11:24:11   [34;1m    160988[0m[34;1m   1072004[0m[34;1m    782820[0m[34;1m     25.78[0m[34;1m     45720[0m[34;1m   1952560[0m[34;1m   3794552[0m[31;1m    124.99[0m[34;1m    790532[0m[34;1m   1925636[0m[34;1m      8168[0m
11:24:12   [34;1m    160512[0m[34;1m   1072196[0m[34;1m    782564[0m[34;1m     25.78[0m[34;1m     45724[0m[34;1m   1953256[0m[34;1m   3794552[0m[31;1m    124.99[0m[34;1m    790536[0m[34;1m   1926604[0m[34;1m      8860[0m
11:24:13   [34;1m    157576[0m[34;1m   1069800[0m[34;1m    784980[0m[34;1m     25.86[0m[34;1m     45724[0m[34;1m   1953760[0m[34;1m   3794552[0m[31;1m    124.99[0m[34;1m    790536[0m[34;1m   1927672[0m[34;1m      9364[0m
11:24:14   [34;1m    157352[0m[34;1m   1070140[0m[34;1m    784648[0m[34;1m     25.84[0m[34;1m     45724[0m[34;1m   1954332[0m[34;1m   3794552[0m[31;1m    124.99[0m[34;1m    790536[0m[34;1m   1927680[0m[34;1m      9852[0m
11:24:15   [34;1m    157100[0m[34;1m   1070548[0m[34;1m    784316[0m[34;1m     25.83[0m[34;1m     45724[0m[34;1m   1954916[0m[34;1m   3794552[0m[31;1m    124.99[0m[34;1m    790536[0m[34;1m   1928400[0m[34;1m     10436[0m
11:24:16   [34;1m    156404[0m[34;1m   1070524[0m[34;1m    784380[0m[34;1m     25.84[0m[34;1m     45724[0m[34;1m   1955596[0m[34;1m   3794552[0m[31;1m    124.99[0m[34;1m    790664[0m[34;1m   1928988[0m[34;1m     10988[0m
11:24:17   [34;1m    155928[0m[34;1m   1070616[0m[34;1m    784328[0m[34;1m     25.83[0m[34;1m     45724[0m[34;1m   1956132[0m[34;1m   3794552[0m[31;1m    124.99[0m[34;1m    790664[0m[34;1m   1929620[0m[34;1m     11520[0m
11:24:18   [34;1m    153716[0m[34;1m   1068932[0m[34;1m    785932[0m[34;1m     25.89[0m[34;1m     45724[0m[34;1m   1956700[0m[34;1m   3794552[0m[31;1m    124.99[0m[34;1m    790664[0m[34;1m   1930196[0m[34;1m     12088[0m
11:24:19   [34;1m    151472[0m[34;1m   1067296[0m[34;1m    787512[0m[34;1m     25.94[0m[34;1m     45728[0m[34;1m   1957360[0m[34;1m   3794552[0m[31;1m    124.99[0m[34;1m    790664[0m[34;1m   1930560[0m[34;1m     12744[0m
11:24:20   [34;1m    150776[0m[34;1m   1067168[0m[34;1m    787612[0m[34;1m     25.94[0m[34;1m     45728[0m[34;1m   1957948[0m[34;1m   3794552[0m[31;1m    124.99[0m[34;1m    790668[0m[34;1m   1930092[0m[34;1m     13296[0m
11:24:21   [34;1m    150300[0m[34;1m   1067224[0m[34;1m    787592[0m[34;1m     25.94[0m[34;1m     45728[0m[34;1m   1958484[0m[34;1m   3794552[0m[31;1m    124.99[0m[34;1m    790668[0m[34;1m   1930472[0m[34;1m     13832[0m
11:24:22   [34;1m    149572[0m[34;1m   1067020[0m[34;1m    787764[0m[34;1m     25.95[0m[34;1m     45728[0m[34;1m   1959008[0m[34;1m   3794552[0m[31;1m    124.99[0m[34;1m    790668[0m[34;1m   1931244[0m[34;1m     14344[0m
11:24:23   [34;1m    148088[0m[34;1m   1066164[0m[34;1m    788712[0m[34;1m     25.98[0m[34;1m     45728[0m[34;1m   1959528[0m[34;1m   3794552[0m[31;1m    124.99[0m[34;1m    790668[0m[34;1m   1931892[0m[34;1m     14864[0m
11:24:24   [34;1m    146356[0m[34;1m   1064984[0m[34;1m    789824[0m[34;1m     26.02[0m[34;1m     45736[0m[34;1m   1960136[0m[34;1m   3794552[0m[31;1m    124.99[0m[34;1m    790676[0m[34;1m   1933536[0m[34;1m     15476[0m
11:24:25   [34;1m    145120[0m[34;1m   1064220[0m[34;1m    790600[0m[34;1m     26.04[0m[34;1m     45736[0m[34;1m   1960616[0m[34;1m   3799160[0m[31;1m    125.14[0m[34;1m    790676[0m[34;1m   1935616[0m[34;1m     15956[0m
11:24:26   [34;1m    143916[0m[34;1m   1063588[0m[34;1m    791220[0m[34;1m     26.06[0m[34;1m     45736[0m[34;1m   1961192[0m[34;1m   3799160[0m[31;1m    125.14[0m[34;1m    790676[0m[34;1m   1936112[0m[34;1m     16532[0m
11:24:27   [34;1m    143468[0m[34;1m   1063636[0m[34;1m    791072[0m[34;1m     26.06[0m[34;1m     45736[0m[34;1m   1961788[0m[34;1m   3799160[0m[31;1m    125.14[0m[34;1m    790676[0m[34;1m   1936752[0m[34;1m       128[0m
11:24:28   [34;1m    142072[0m[34;1m   1062856[0m[34;1m    791924[0m[34;1m     26.08[0m[34;1m     45736[0m[34;1m   1962324[0m[34;1m   3794552[0m[31;1m    124.99[0m[34;1m    790676[0m[34;1m   1935892[0m[34;1m       664[0m
11:24:29   [34;1m    141848[0m[34;1m   1063160[0m[34;1m    791624[0m[34;1m     26.07[0m[34;1m     45740[0m[34;1m   1962884[0m[34;1m   3794552[0m[31;1m    124.99[0m[34;1m    790680[0m[34;1m   1936448[0m[34;1m      1224[0m
11:24:30   [34;1m    140896[0m[34;1m   1062868[0m[34;1m    792016[0m[34;1m     26.09[0m[34;1m     45740[0m[34;1m   1963412[0m[34;1m   3794552[0m[31;1m    124.99[0m[34;1m    790680[0m[34;1m   1937156[0m[34;1m      1744[0m
11:24:31   [34;1m    140672[0m[34;1m   1063160[0m[34;1m    791628[0m[34;1m     26.07[0m[34;1m     45740[0m[34;1m   1964020[0m[34;1m   3794552[0m[31;1m    124.99[0m[34;1m    790680[0m[34;1m   1937532[0m[34;1m      2352[0m
11:24:32   [34;1m    139720[0m[34;1m   1062720[0m[34;1m    792104[0m[34;1m     26.09[0m[34;1m     45740[0m[34;1m   1964524[0m[34;1m   3794552[0m[31;1m    124.99[0m[34;1m    790680[0m[34;1m   1938492[0m[34;1m      2856[0m
11:24:33   [34;1m    137756[0m[34;1m   1061324[0m[34;1m    793428[0m[34;1m     26.13[0m[34;1m     45740[0m[34;1m   1965108[0m[34;1m   3794552[0m[31;1m    124.99[0m[34;1m    790680[0m[34;1m   1939008[0m[34;1m      3368[0m
11:24:34   [34;1m    136556[0m[34;1m   1060688[0m[34;1m    794096[0m[34;1m     26.16[0m[34;1m     45748[0m[34;1m   1965656[0m[34;1m   3794552[0m[31;1m    124.99[0m[34;1m    790688[0m[34;1m   1939908[0m[34;1m      3948[0m
11:24:35   [34;1m    135380[0m[34;1m   1059948[0m[34;1m    794900[0m[34;1m     26.18[0m[34;1m     45748[0m[34;1m   1966048[0m[34;1m   3794552[0m[31;1m    124.99[0m[34;1m    790688[0m[34;1m   1940056[0m[34;1m      4344[0m
11:24:36   [34;1m    134680[0m[34;1m   1059916[0m[34;1m    794896[0m[34;1m     26.18[0m[34;1m     45748[0m[34;1m   1966736[0m[34;1m   3794552[0m[31;1m    124.99[0m[34;1m    790688[0m[34;1m   1940792[0m[34;1m      5028[0m
11:24:37   [34;1m    134204[0m[34;1m   1059896[0m[34;1m    794884[0m[34;1m     26.18[0m[34;1m     45748[0m[34;1m   1967244[0m[34;1m   3794552[0m[31;1m    124.99[0m[34;1m    790688[0m[34;1m   1941312[0m[34;1m      5536[0m
11:24:38   [34;1m    133472[0m[34;1m   1059708[0m[34;1m    795048[0m[34;1m     26.19[0m[34;1m     45748[0m[34;1m   1967800[0m[34;1m   3794552[0m[31;1m    124.99[0m[34;1m    790688[0m[34;1m   1941912[0m[34;1m      6084[0m
11:24:39   [34;1m    132300[0m[34;1m   1059124[0m[34;1m    795696[0m[34;1m     26.21[0m[34;1m     45748[0m[34;1m   1968336[0m[34;1m   3794552[0m[31;1m    124.99[0m[34;1m    790688[0m[34;1m   1942284[0m[34;1m      6620[0m
11:24:40   [34;1m    131824[0m[34;1m   1059208[0m[34;1m    795596[0m[34;1m     26.21[0m[34;1m     45748[0m[34;1m   1968916[0m[34;1m   3794552[0m[31;1m    124.99[0m[34;1m    790688[0m[34;1m   1942884[0m[34;1m      7200[0m
11:24:41   [34;1m    128608[0m[34;1m   1055724[0m[34;1m    805332[0m[34;1m     26.53[0m[34;1m     45764[0m[34;1m   1969480[0m[34;1m   3794552[0m[31;1m    124.99[0m[34;1m    790880[0m[34;1m   1943396[0m[34;1m      7596[0m
11:24:42   [34;1m    128104[0m[34;1m   1055268[0m[34;1m    805880[0m[34;1m     26.54[0m[34;1m     45764[0m[34;1m   1969572[0m[34;1m   3794552[0m[31;1m    124.99[0m[34;1m    790932[0m[34;1m   1943756[0m[34;1m      7636[0m
