Linux 6.6.95 (ssp-study-m02) 	04/21/26 	_x86_64_	(2 CPU)

11:19:39    kbmemfree   kbavail kbmemused  %memused kbbuffers  kbcached  kbcommit   %commit  kbactive   kbinact   kbdirty
11:19:40   [34;1m    172296[0m[34;1m   1636892[0m[34;1m    223064[0m[34;1m      7.35[0m[34;1m     50100[0m[34;1m   2496740[0m[34;1m   2214364[0m[34;1m     72.94[0m[34;1m    731036[0m[34;1m   1994184[0m[34;1m       208[0m
11:19:41   [34;1m    172048[0m[34;1m   1636644[0m[34;1m    223320[0m[34;1m      7.36[0m[34;1m     50100[0m[34;1m   2496744[0m[34;1m   2214364[0m[34;1m     72.94[0m[34;1m    731036[0m[34;1m   1994380[0m[34;1m       212[0m
11:19:42   [34;1m    172048[0m[34;1m   1636652[0m[34;1m    223316[0m[34;1m      7.36[0m[34;1m     50100[0m[34;1m   2496748[0m[34;1m   2223264[0m[34;1m     73.23[0m[34;1m    731036[0m[34;1m   1995508[0m[34;1m       216[0m
11:19:43   [34;1m    172048[0m[34;1m   1636652[0m[34;1m    223316[0m[34;1m      7.36[0m[34;1m     50100[0m[34;1m   2496748[0m[34;1m   2223264[0m[34;1m     73.23[0m[34;1m    731036[0m[34;1m   1995748[0m[34;1m       216[0m
11:19:44   [34;1m    171796[0m[34;1m   1636404[0m[34;1m    223564[0m[34;1m      7.36[0m[34;1m     50100[0m[34;1m   2496752[0m[34;1m   2223264[0m[34;1m     73.23[0m[34;1m    731036[0m[34;1m   1996228[0m[34;1m       220[0m
11:19:45   [34;1m    171796[0m[34;1m   1636408[0m[34;1m    223560[0m[34;1m      7.36[0m[34;1m     50104[0m[34;1m   2496752[0m[34;1m   2223264[0m[34;1m     73.23[0m[34;1m    731036[0m[34;1m   1996408[0m[34;1m       224[0m
11:19:46   [34;1m    169528[0m[34;1m   1634144[0m[34;1m    225824[0m[34;1m      7.44[0m[34;1m     50104[0m[34;1m   2496756[0m[34;1m   2223264[0m[34;1m     73.23[0m[34;1m    731040[0m[34;1m   1996488[0m[34;1m       224[0m
11:19:47   [34;1m    169528[0m[34;1m   1634148[0m[34;1m    225820[0m[34;1m      7.44[0m[34;1m     50104[0m[34;1m   2496760[0m[34;1m   2223264[0m[34;1m     73.23[0m[34;1m    731040[0m[34;1m   1996668[0m[34;1m       228[0m
11:19:48   [34;1m    169276[0m[34;1m   1633896[0m[34;1m    226072[0m[34;1m      7.45[0m[34;1m     50104[0m[34;1m   2496760[0m[34;1m   2224096[0m[34;1m     73.26[0m[34;1m    731040[0m[34;1m   1997508[0m[34;1m       228[0m
11:19:49   [34;1m    169024[0m[34;1m   1633648[0m[34;1m    226320[0m[34;1m      7.45[0m[34;1m     50104[0m[34;1m   2496764[0m[34;1m   2224352[0m[34;1m     73.27[0m[34;1m    731040[0m[34;1m   1997504[0m[34;1m       232[0m
11:19:50   [34;1m    168772[0m[34;1m   1633396[0m[34;1m    226568[0m[34;1m      7.46[0m[34;1m     50104[0m[34;1m   2496768[0m[34;1m   2224352[0m[34;1m     73.27[0m[34;1m    731040[0m[34;1m   1997628[0m[34;1m       192[0m
11:19:51   [34;1m    168772[0m[34;1m   1633412[0m[34;1m    226556[0m[34;1m      7.46[0m[34;1m     50112[0m[34;1m   2496772[0m[34;1m   2224352[0m[34;1m     73.27[0m[34;1m    731048[0m[34;1m   1997716[0m[34;1m       196[0m
11:19:52   [34;1m    167764[0m[34;1m   1632408[0m[34;1m    227532[0m[34;1m      7.49[0m[34;1m     50112[0m[34;1m   2496776[0m[34;1m   2228688[0m[34;1m     73.41[0m[34;1m    731048[0m[34;1m   1999600[0m[34;1m       200[0m
11:19:53   [34;1m    167764[0m[34;1m   1632408[0m[34;1m    227536[0m[34;1m      7.49[0m[34;1m     50112[0m[34;1m   2496780[0m[34;1m   2228688[0m[34;1m     73.41[0m[34;1m    731048[0m[34;1m   1999600[0m[34;1m       204[0m
11:19:54   [34;1m    167764[0m[34;1m   1632412[0m[34;1m    227528[0m[34;1m      7.49[0m[34;1m     50112[0m[34;1m   2496788[0m[34;1m   2228688[0m[34;1m     73.41[0m[34;1m    731048[0m[34;1m   2000020[0m[34;1m       212[0m
11:19:55   [34;1m    167764[0m[34;1m   1632412[0m[34;1m    227528[0m[34;1m      7.49[0m[34;1m     50112[0m[34;1m   2496788[0m[34;1m   2224352[0m[34;1m     73.27[0m[34;1m    731048[0m[34;1m   1998664[0m[34;1m       204[0m
11:19:56   [34;1m    166756[0m[34;1m   1631424[0m[34;1m    228548[0m[34;1m      7.53[0m[34;1m     50120[0m[34;1m   2496792[0m[34;1m   2224352[0m[34;1m     73.27[0m[34;1m    731056[0m[34;1m   1998732[0m[34;1m       220[0m
11:19:57   [34;1m    166756[0m[34;1m   1631432[0m[34;1m    228536[0m[34;1m      7.53[0m[34;1m     50120[0m[34;1m   2496804[0m[34;1m   2224352[0m[34;1m     73.27[0m[34;1m    731056[0m[34;1m   1998772[0m[34;1m       232[0m
11:19:58   [34;1m    166756[0m[34;1m   1631440[0m[34;1m    228532[0m[34;1m      7.53[0m[34;1m     50120[0m[34;1m   2496808[0m[34;1m   2224352[0m[34;1m     73.27[0m[34;1m    731056[0m[34;1m   1998764[0m[34;1m       236[0m
11:19:59   [34;1m    166504[0m[34;1m   1631192[0m[34;1m    228772[0m[34;1m      7.54[0m[34;1m     50120[0m[34;1m   2496812[0m[34;1m   2224352[0m[34;1m     73.27[0m[34;1m    731056[0m[34;1m   1999124[0m[34;1m       240[0m
11:20:00   [34;1m    165748[0m[34;1m   1630440[0m[34;1m    229544[0m[34;1m      7.56[0m[34;1m     50120[0m[34;1m   2496816[0m[34;1m   2224352[0m[34;1m     73.27[0m[34;1m    731056[0m[34;1m   1999144[0m[34;1m       244[0m
11:20:01   [34;1m    165748[0m[34;1m   1630444[0m[34;1m    229516[0m[34;1m      7.56[0m[34;1m     50124[0m[34;1m   2496824[0m[34;1m   2224352[0m[34;1m     73.27[0m[34;1m    731056[0m[34;1m   1999224[0m[34;1m       252[0m
11:20:02   [34;1m    165496[0m[34;1m   1630208[0m[34;1m    229756[0m[34;1m      7.57[0m[34;1m     50124[0m[34;1m   2496832[0m[34;1m   2224352[0m[34;1m     73.27[0m[34;1m    731060[0m[34;1m   1999588[0m[34;1m       264[0m
11:20:03   [34;1m    165496[0m[34;1m   1630208[0m[34;1m    229748[0m[34;1m      7.57[0m[34;1m     50124[0m[34;1m   2496840[0m[34;1m   2224352[0m[34;1m     73.27[0m[34;1m    731060[0m[34;1m   1999588[0m[34;1m       272[0m
11:20:04   [34;1m    165496[0m[34;1m   1630212[0m[34;1m    229744[0m[34;1m      7.57[0m[34;1m     50124[0m[34;1m   2496844[0m[34;1m   2224352[0m[34;1m     73.27[0m[34;1m    731060[0m[34;1m   1999708[0m[34;1m       276[0m
11:20:05   [34;1m    165496[0m[34;1m   1630220[0m[34;1m    229728[0m[34;1m      7.57[0m[34;1m     50124[0m[34;1m   2496852[0m[34;1m   2224352[0m[34;1m     73.27[0m[34;1m    731060[0m[34;1m   1999764[0m[34;1m       284[0m
11:20:06   [34;1m    163732[0m[34;1m   1628472[0m[34;1m    231480[0m[34;1m      7.62[0m[34;1m     50128[0m[34;1m   2496864[0m[34;1m   2224352[0m[34;1m     73.27[0m[34;1m    731060[0m[34;1m   1999852[0m[34;1m       296[0m
11:20:07   [34;1m    163732[0m[34;1m   1628484[0m[34;1m    231488[0m[34;1m      7.62[0m[34;1m     50128[0m[34;1m   2496872[0m[34;1m   2224352[0m[34;1m     73.27[0m[34;1m    731064[0m[34;1m   1999908[0m[34;1m       304[0m
11:20:08   [34;1m    163732[0m[34;1m   1628484[0m[34;1m    231472[0m[34;1m      7.62[0m[34;1m     50128[0m[34;1m   2496880[0m[34;1m   2224352[0m[34;1m     73.27[0m[34;1m    731064[0m[34;1m   1999908[0m[34;1m       312[0m
11:20:09   [34;1m    163732[0m[34;1m   1628500[0m[34;1m    231456[0m[34;1m      7.62[0m[34;1m     50128[0m[34;1m   2496888[0m[34;1m   2224352[0m[34;1m     73.27[0m[34;1m    731064[0m[34;1m   1999940[0m[34;1m       320[0m
11:20:10   [34;1m    163732[0m[34;1m   1628512[0m[34;1m    231464[0m[34;1m      7.62[0m[34;1m     50128[0m[34;1m   2496896[0m[34;1m   2232676[0m[34;1m     73.54[0m[34;1m    731064[0m[34;1m   2000060[0m[34;1m       328[0m
11:20:11   [34;1m    163732[0m[34;1m   1628520[0m[34;1m    231448[0m[34;1m      7.62[0m[34;1m     50132[0m[34;1m   2496908[0m[34;1m   2232676[0m[34;1m     73.54[0m[34;1m    731064[0m[34;1m   2000228[0m[34;1m       340[0m
11:20:12   [34;1m    163228[0m[34;1m   1628032[0m[34;1m    231908[0m[34;1m      7.64[0m[34;1m     50132[0m[34;1m   2496916[0m[34;1m   2237012[0m[34;1m     73.68[0m[34;1m    731068[0m[34;1m   2001964[0m[34;1m       348[0m
11:20:13   [34;1m    163228[0m[34;1m   1628032[0m[34;1m    231900[0m[34;1m      7.64[0m[34;1m     50132[0m[34;1m   2496924[0m[34;1m   2237012[0m[34;1m     73.68[0m[34;1m    731068[0m[34;1m   2001964[0m[34;1m       356[0m
11:20:14   [34;1m    163228[0m[34;1m   1628032[0m[34;1m    231892[0m[34;1m      7.64[0m[34;1m     50132[0m[34;1m   2496932[0m[34;1m   2237012[0m[34;1m     73.68[0m[34;1m    731068[0m[34;1m   2002024[0m[34;1m       364[0m
11:20:15   [34;1m    163228[0m[34;1m   1628044[0m[34;1m    231884[0m[34;1m      7.64[0m[34;1m     50132[0m[34;1m   2496940[0m[34;1m   2232676[0m[34;1m     73.54[0m[34;1m    731068[0m[34;1m   2000684[0m[34;1m       372[0m
11:20:16   [34;1m    162976[0m[34;1m   1627808[0m[34;1m    232136[0m[34;1m      7.65[0m[34;1m     50136[0m[34;1m   2496948[0m[34;1m   2232676[0m[34;1m     73.54[0m[34;1m    731068[0m[34;1m   2000592[0m[34;1m       380[0m
11:20:17   [34;1m    162976[0m[34;1m   1627808[0m[34;1m    232128[0m[34;1m      7.65[0m[34;1m     50136[0m[34;1m   2496956[0m[34;1m   2232676[0m[34;1m     73.54[0m[34;1m    731068[0m[34;1m   2000592[0m[34;1m       388[0m
11:20:18   [34;1m    162976[0m[34;1m   1627808[0m[34;1m    232120[0m[34;1m      7.65[0m[34;1m     50136[0m[34;1m   2496964[0m[34;1m   2232676[0m[34;1m     73.54[0m[34;1m    731068[0m[34;1m   2000592[0m[34;1m       396[0m
11:20:19   [34;1m    162976[0m[34;1m   1627840[0m[34;1m    232112[0m[34;1m      7.65[0m[34;1m     50136[0m[34;1m   2496972[0m[34;1m   2236772[0m[34;1m     73.68[0m[34;1m    731072[0m[34;1m   2000792[0m[34;1m       404[0m
11:20:20   [34;1m    162976[0m[34;1m   1627844[0m[34;1m    232104[0m[34;1m      7.65[0m[34;1m     50136[0m[34;1m   2496980[0m[34;1m   2236772[0m[34;1m     73.68[0m[34;1m    731072[0m[34;1m   2001236[0m[34;1m        12[0m
11:20:21   [34;1m    162976[0m[34;1m   1627852[0m[34;1m    232088[0m[34;1m      7.64[0m[34;1m     50140[0m[34;1m   2496988[0m[34;1m   2236772[0m[34;1m     73.68[0m[34;1m    731072[0m[34;1m   2000948[0m[34;1m        32[0m
11:20:22   [34;1m    162976[0m[34;1m   1627864[0m[34;1m    232080[0m[34;1m      7.64[0m[34;1m     50140[0m[34;1m   2496996[0m[34;1m   2236772[0m[34;1m     73.68[0m[34;1m    731076[0m[34;1m   2001064[0m[34;1m        40[0m
11:20:23   [34;1m    162976[0m[34;1m   1627864[0m[34;1m    232072[0m[34;1m      7.64[0m[34;1m     50140[0m[34;1m   2497004[0m[34;1m   2236772[0m[34;1m     73.68[0m[34;1m    731076[0m[34;1m   2001064[0m[34;1m        48[0m
11:20:24   [34;1m    162976[0m[34;1m   1627884[0m[34;1m    232064[0m[34;1m      7.64[0m[34;1m     50140[0m[34;1m   2497012[0m[34;1m   2236772[0m[34;1m     73.68[0m[34;1m    731076[0m[34;1m   2001244[0m[34;1m        56[0m
11:20:25   [34;1m    162976[0m[34;1m   1627884[0m[34;1m    232056[0m[34;1m      7.64[0m[34;1m     50140[0m[34;1m   2497020[0m[34;1m   2236772[0m[34;1m     73.68[0m[34;1m    731076[0m[34;1m   2001304[0m[34;1m        64[0m
11:20:26   [34;1m    162976[0m[34;1m   1627896[0m[34;1m    232044[0m[34;1m      7.64[0m[34;1m     50144[0m[34;1m   2497028[0m[34;1m   2236772[0m[34;1m     73.68[0m[34;1m    731076[0m[34;1m   2001416[0m[34;1m        76[0m
11:20:27   [34;1m    162976[0m[34;1m   1627896[0m[34;1m    232036[0m[34;1m      7.64[0m[34;1m     50144[0m[34;1m   2497036[0m[34;1m   2236772[0m[34;1m     73.68[0m[34;1m    731076[0m[34;1m   2001416[0m[34;1m        84[0m
11:20:28   [34;1m    162976[0m[34;1m   1627916[0m[34;1m    232028[0m[34;1m      7.64[0m[34;1m     50144[0m[34;1m   2497044[0m[34;1m   2236772[0m[34;1m     73.68[0m[34;1m    731080[0m[34;1m   2001332[0m[34;1m        92[0m
11:20:29   [34;1m    162976[0m[34;1m   1627916[0m[34;1m    232020[0m[34;1m      7.64[0m[34;1m     50144[0m[34;1m   2497052[0m[34;1m   2236772[0m[34;1m     73.68[0m[34;1m    731080[0m[34;1m   2001332[0m[34;1m       100[0m
11:20:30   [34;1m    162724[0m[34;1m   1627676[0m[34;1m    232264[0m[34;1m      7.65[0m[34;1m     50144[0m[34;1m   2497060[0m[34;1m   2236772[0m[34;1m     73.68[0m[34;1m    731080[0m[34;1m   2001332[0m[34;1m       108[0m
11:20:31   [34;1m    162724[0m[34;1m   1627688[0m[34;1m    232248[0m[34;1m      7.65[0m[34;1m     50148[0m[34;1m   2497072[0m[34;1m   2236772[0m[34;1m     73.68[0m[34;1m    731080[0m[34;1m   2001352[0m[34;1m       120[0m
11:20:32   [34;1m    162724[0m[34;1m   1627704[0m[34;1m    232228[0m[34;1m      7.65[0m[34;1m     50148[0m[34;1m   2497080[0m[34;1m   2241108[0m[34;1m     73.82[0m[34;1m    731084[0m[34;1m   2003060[0m[34;1m       128[0m
11:20:33   [34;1m    162472[0m[34;1m   1627460[0m[34;1m    232472[0m[34;1m      7.66[0m[34;1m     50148[0m[34;1m   2497088[0m[34;1m   2241108[0m[34;1m     73.82[0m[34;1m    731084[0m[34;1m   2003240[0m[34;1m       136[0m
11:20:34   [34;1m    162472[0m[34;1m   1627472[0m[34;1m    232464[0m[34;1m      7.66[0m[34;1m     50148[0m[34;1m   2497096[0m[34;1m   2241108[0m[34;1m     73.82[0m[34;1m    731084[0m[34;1m   2003244[0m[34;1m       144[0m
11:20:35   [34;1m    162472[0m[34;1m   1627472[0m[34;1m    232456[0m[34;1m      7.66[0m[34;1m     50148[0m[34;1m   2497104[0m[34;1m   2236772[0m[34;1m     73.68[0m[34;1m    731084[0m[34;1m   2001844[0m[34;1m       152[0m
11:20:36   [34;1m    161716[0m[34;1m   1626728[0m[34;1m    233196[0m[34;1m      7.68[0m[34;1m     50156[0m[34;1m   2497112[0m[34;1m   2236772[0m[34;1m     73.68[0m[34;1m    731084[0m[34;1m   2001688[0m[34;1m       156[0m
11:20:37   [34;1m    161716[0m[34;1m   1626728[0m[34;1m    233188[0m[34;1m      7.68[0m[34;1m     50156[0m[34;1m   2497120[0m[34;1m   2236772[0m[34;1m     73.68[0m[34;1m    731084[0m[34;1m   2001688[0m[34;1m       164[0m
11:20:38   [34;1m    161716[0m[34;1m   1626728[0m[34;1m    233180[0m[34;1m      7.68[0m[34;1m     50156[0m[34;1m   2497128[0m[34;1m   2236772[0m[34;1m     73.68[0m[34;1m    731084[0m[34;1m   2001688[0m[34;1m       172[0m
11:20:39   [34;1m    161716[0m[34;1m   1626740[0m[34;1m    233176[0m[34;1m      7.68[0m[34;1m     50156[0m[34;1m   2497132[0m[34;1m   2236772[0m[34;1m     73.68[0m[34;1m    731084[0m[34;1m   2001748[0m[34;1m       176[0m
11:20:40   [34;1m    161716[0m[34;1m   1626740[0m[34;1m    233168[0m[34;1m      7.68[0m[34;1m     50156[0m[34;1m   2497144[0m[34;1m   2236772[0m[34;1m     73.68[0m[34;1m    731084[0m[34;1m   2001748[0m[34;1m       188[0m
11:20:41   [34;1m    161716[0m[34;1m   1626776[0m[34;1m    233156[0m[34;1m      7.68[0m[34;1m     50160[0m[34;1m   2497152[0m[34;1m   2236772[0m[34;1m     73.68[0m[34;1m    731092[0m[34;1m   2001804[0m[34;1m       196[0m
11:20:42   [34;1m    161716[0m[34;1m   1626788[0m[34;1m    233148[0m[34;1m      7.68[0m[34;1m     50160[0m[34;1m   2497160[0m[34;1m   2236772[0m[34;1m     73.68[0m[34;1m    731096[0m[34;1m   2001892[0m[34;1m       208[0m
11:20:43   [34;1m    161716[0m[34;1m   1626788[0m[34;1m    233136[0m[34;1m      7.68[0m[34;1m     50160[0m[34;1m   2497172[0m[34;1m   2236772[0m[34;1m     73.68[0m[34;1m    731096[0m[34;1m   2001892[0m[34;1m       220[0m
11:20:44   [34;1m    161716[0m[34;1m   1626804[0m[34;1m    233128[0m[34;1m      7.68[0m[34;1m     50160[0m[34;1m   2497180[0m[34;1m   2236772[0m[34;1m     73.68[0m[34;1m    731096[0m[34;1m   2001952[0m[34;1m       228[0m
11:20:45   [34;1m    161716[0m[34;1m   1626812[0m[34;1m    233120[0m[34;1m      7.68[0m[34;1m     50160[0m[34;1m   2497188[0m[34;1m   2236772[0m[34;1m     73.68[0m[34;1m    731096[0m[34;1m   2001328[0m[34;1m       236[0m
11:20:46   [34;1m    160456[0m[34;1m   1625568[0m[34;1m    234372[0m[34;1m      7.72[0m[34;1m     50168[0m[34;1m   2497196[0m[34;1m   2236772[0m[34;1m     73.68[0m[34;1m    731096[0m[34;1m   2001432[0m[34;1m       244[0m
11:20:47   [34;1m    160456[0m[34;1m   1625584[0m[34;1m    234360[0m[34;1m      7.72[0m[34;1m     50168[0m[34;1m   2497208[0m[34;1m   2236772[0m[34;1m     73.68[0m[34;1m    731104[0m[34;1m   2001588[0m[34;1m       256[0m
11:20:48   [34;1m    160456[0m[34;1m   1625588[0m[34;1m    234352[0m[34;1m      7.72[0m[34;1m     50168[0m[34;1m   2497216[0m[34;1m   2236772[0m[34;1m     73.68[0m[34;1m    731104[0m[34;1m   2001708[0m[34;1m       264[0m
11:20:49   [34;1m    160456[0m[34;1m   1625600[0m[34;1m    234344[0m[34;1m      7.72[0m[34;1m     50168[0m[34;1m   2497224[0m[34;1m   2236772[0m[34;1m     73.68[0m[34;1m    731104[0m[34;1m   2001788[0m[34;1m       272[0m
11:20:50   [34;1m    160456[0m[34;1m   1625600[0m[34;1m    234332[0m[34;1m      7.72[0m[34;1m     50168[0m[34;1m   2497232[0m[34;1m   2236772[0m[34;1m     73.68[0m[34;1m    731104[0m[34;1m   2001788[0m[34;1m       280[0m
11:20:51   [34;1m    159448[0m[34;1m   1624604[0m[34;1m    235340[0m[34;1m      7.75[0m[34;1m     50172[0m[34;1m   2497232[0m[34;1m   2236772[0m[34;1m     73.68[0m[34;1m    731104[0m[34;1m   2001832[0m[34;1m        28[0m
11:20:52   [34;1m    158440[0m[34;1m   1623616[0m[34;1m    236332[0m[34;1m      7.78[0m[34;1m     50172[0m[34;1m   2497248[0m[34;1m   2241108[0m[34;1m     73.82[0m[34;1m    731108[0m[34;1m   2003532[0m[34;1m        40[0m
11:20:53   [34;1m    158188[0m[34;1m   1623372[0m[34;1m    236576[0m[34;1m      7.79[0m[34;1m     50172[0m[34;1m   2497256[0m[34;1m   2241108[0m[34;1m     73.82[0m[34;1m    731108[0m[34;1m   2003952[0m[34;1m        48[0m
11:20:54   [34;1m    158188[0m[34;1m   1623372[0m[34;1m    236568[0m[34;1m      7.79[0m[34;1m     50172[0m[34;1m   2497264[0m[34;1m   2241108[0m[34;1m     73.82[0m[34;1m    731108[0m[34;1m   2003952[0m[34;1m        56[0m
11:20:55   [34;1m    158188[0m[34;1m   1623380[0m[34;1m    236556[0m[34;1m      7.79[0m[34;1m     50172[0m[34;1m   2497276[0m[34;1m   2236772[0m[34;1m     73.68[0m[34;1m    731108[0m[34;1m   2001800[0m[34;1m        68[0m
11:20:56   [34;1m    158188[0m[34;1m   1623400[0m[34;1m    236564[0m[34;1m      7.79[0m[34;1m     50172[0m[34;1m   2497284[0m[34;1m   2236772[0m[34;1m     73.68[0m[34;1m    731108[0m[34;1m   2001932[0m[34;1m        60[0m
11:20:57   [34;1m    158188[0m[34;1m   1623404[0m[34;1m    236564[0m[34;1m      7.79[0m[34;1m     50172[0m[34;1m   2497288[0m[34;1m   2236772[0m[34;1m     73.68[0m[34;1m    731108[0m[34;1m   2002020[0m[34;1m        72[0m
11:20:58   [34;1m    158188[0m[34;1m   1623416[0m[34;1m    236552[0m[34;1m      7.79[0m[34;1m     50172[0m[34;1m   2497300[0m[34;1m   2236772[0m[34;1m     73.68[0m[34;1m    731112[0m[34;1m   2002100[0m[34;1m        84[0m
11:20:59   [34;1m    158188[0m[34;1m   1623416[0m[34;1m    236544[0m[34;1m      7.79[0m[34;1m     50172[0m[34;1m   2497308[0m[34;1m   2236772[0m[34;1m     73.68[0m[34;1m    731112[0m[34;1m   2002100[0m[34;1m        92[0m
11:21:00   [34;1m    158188[0m[34;1m   1623428[0m[34;1m    236540[0m[34;1m      7.79[0m[34;1m     50172[0m[34;1m   2497312[0m[34;1m   2236772[0m[34;1m     73.68[0m[34;1m    731112[0m[34;1m   2001984[0m[34;1m        96[0m
11:21:01   [34;1m    158188[0m[34;1m   1623436[0m[34;1m    236532[0m[34;1m      7.79[0m[34;1m     50172[0m[34;1m   2497320[0m[34;1m   2236772[0m[34;1m     73.68[0m[34;1m    731112[0m[34;1m   2002080[0m[34;1m       104[0m
11:21:02   [34;1m    158188[0m[34;1m   1623436[0m[34;1m    236528[0m[34;1m      7.79[0m[34;1m     50172[0m[34;1m   2497328[0m[34;1m   2236772[0m[34;1m     73.68[0m[34;1m    731112[0m[34;1m   2002160[0m[34;1m       112[0m
11:21:03   [34;1m    158188[0m[34;1m   1623452[0m[34;1m    236520[0m[34;1m      7.79[0m[34;1m     50172[0m[34;1m   2497336[0m[34;1m   2236772[0m[34;1m     73.68[0m[34;1m    731112[0m[34;1m   2002220[0m[34;1m       120[0m
11:21:04   [34;1m    158188[0m[34;1m   1623452[0m[34;1m    236512[0m[34;1m      7.79[0m[34;1m     50172[0m[34;1m   2497344[0m[34;1m   2236772[0m[34;1m     73.68[0m[34;1m    731112[0m[34;1m   2002220[0m[34;1m       128[0m
11:21:05   [34;1m    158188[0m[34;1m   1623452[0m[34;1m    236504[0m[34;1m      7.79[0m[34;1m     50172[0m[34;1m   2497352[0m[34;1m   2236772[0m[34;1m     73.68[0m[34;1m    731112[0m[34;1m   2002220[0m[34;1m       136[0m
11:21:06   [34;1m    158188[0m[34;1m   1623472[0m[34;1m    236496[0m[34;1m      7.79[0m[34;1m     50172[0m[34;1m   2497360[0m[34;1m   2236772[0m[34;1m     73.68[0m[34;1m    731116[0m[34;1m   2002340[0m[34;1m       144[0m
11:21:07   [34;1m    158188[0m[34;1m   1623484[0m[34;1m    236484[0m[34;1m      7.79[0m[34;1m     50172[0m[34;1m   2497372[0m[34;1m   2236772[0m[34;1m     73.68[0m[34;1m    731116[0m[34;1m   2002456[0m[34;1m       156[0m
11:21:08   [34;1m    158188[0m[34;1m   1623492[0m[34;1m    236476[0m[34;1m      7.79[0m[34;1m     50172[0m[34;1m   2497380[0m[34;1m   2236772[0m[34;1m     73.68[0m[34;1m    731116[0m[34;1m   2002516[0m[34;1m       164[0m
11:21:09   [34;1m    158188[0m[34;1m   1623500[0m[34;1m    236468[0m[34;1m      7.79[0m[34;1m     50172[0m[34;1m   2497388[0m[34;1m   2236772[0m[34;1m     73.68[0m[34;1m    731116[0m[34;1m   2002636[0m[34;1m       172[0m
11:21:10   [34;1m    158188[0m[34;1m   1623508[0m[34;1m    236460[0m[34;1m      7.79[0m[34;1m     50172[0m[34;1m   2497396[0m[34;1m   2236772[0m[34;1m     73.68[0m[34;1m    731116[0m[34;1m   2002312[0m[34;1m       180[0m
11:21:11   [34;1m    158188[0m[34;1m   1623512[0m[34;1m    236456[0m[34;1m      7.79[0m[34;1m     50172[0m[34;1m   2497400[0m[34;1m   2236772[0m[34;1m     73.68[0m[34;1m    731116[0m[34;1m   2002340[0m[34;1m       184[0m
11:21:12   [34;1m    158188[0m[34;1m   1623528[0m[34;1m    236428[0m[34;1m      7.79[0m[34;1m     50172[0m[34;1m   2497412[0m[34;1m   2241108[0m[34;1m     73.82[0m[34;1m    731116[0m[34;1m   2003992[0m[34;1m       196[0m
11:21:13   [34;1m    158188[0m[34;1m   1623528[0m[34;1m    236420[0m[34;1m      7.79[0m[34;1m     50172[0m[34;1m   2497420[0m[34;1m   2241108[0m[34;1m     73.82[0m[34;1m    731116[0m[34;1m   2004052[0m[34;1m       204[0m
11:21:14   [34;1m    158188[0m[34;1m   1623540[0m[34;1m    236416[0m[34;1m      7.79[0m[34;1m     50172[0m[34;1m   2497428[0m[34;1m   2241108[0m[34;1m     73.82[0m[34;1m    731116[0m[34;1m   2004112[0m[34;1m       212[0m
11:21:15   [34;1m    158188[0m[34;1m   1623544[0m[34;1m    236408[0m[34;1m      7.79[0m[34;1m     50172[0m[34;1m   2497436[0m[34;1m   2236772[0m[34;1m     73.68[0m[34;1m    731116[0m[34;1m   2002672[0m[34;1m       220[0m
11:21:16   [34;1m    158188[0m[34;1m   1623556[0m[34;1m    236412[0m[34;1m      7.79[0m[34;1m     50172[0m[34;1m   2497444[0m[34;1m   2236772[0m[34;1m     73.68[0m[34;1m    731116[0m[34;1m   2002640[0m[34;1m       228[0m
11:21:17   [34;1m    158188[0m[34;1m   1623560[0m[34;1m    236404[0m[34;1m      7.79[0m[34;1m     50172[0m[34;1m   2497452[0m[34;1m   2236772[0m[34;1m     73.68[0m[34;1m    731116[0m[34;1m   2002832[0m[34;1m       240[0m
11:21:18   [34;1m    158188[0m[34;1m   1623572[0m[34;1m    236396[0m[34;1m      7.79[0m[34;1m     50172[0m[34;1m   2497460[0m[34;1m   2236772[0m[34;1m     73.68[0m[34;1m    731116[0m[34;1m   2002672[0m[34;1m       248[0m
11:21:19   [34;1m    158188[0m[34;1m   1623576[0m[34;1m    236388[0m[34;1m      7.79[0m[34;1m     50172[0m[34;1m   2497468[0m[34;1m   2236772[0m[34;1m     73.68[0m[34;1m    731116[0m[34;1m   2002072[0m[34;1m       256[0m
11:21:20   [34;1m    158188[0m[34;1m   1623588[0m[34;1m    236384[0m[34;1m      7.79[0m[34;1m     50172[0m[34;1m   2497472[0m[34;1m   2236772[0m[34;1m     73.68[0m[34;1m    731120[0m[34;1m   2002248[0m[34;1m       260[0m
11:21:21   [34;1m    158188[0m[34;1m   1623596[0m[34;1m    236380[0m[34;1m      7.79[0m[34;1m     50172[0m[34;1m   2497480[0m[34;1m   2236772[0m[34;1m     73.68[0m[34;1m    731120[0m[34;1m   2002568[0m[34;1m       268[0m
11:21:22   [34;1m    158188[0m[34;1m   1623600[0m[34;1m    236360[0m[34;1m      7.79[0m[34;1m     50180[0m[34;1m   2497492[0m[34;1m   2236772[0m[34;1m     73.68[0m[34;1m    731120[0m[34;1m   2002580[0m[34;1m        44[0m
11:21:23   [34;1m    158188[0m[34;1m   1623612[0m[34;1m    236352[0m[34;1m      7.79[0m[34;1m     50180[0m[34;1m   2497500[0m[34;1m   2236772[0m[34;1m     73.68[0m[34;1m    731120[0m[34;1m   2002640[0m[34;1m        52[0m
11:21:24   [34;1m    158188[0m[34;1m   1623624[0m[34;1m    236348[0m[34;1m      7.78[0m[34;1m     50180[0m[34;1m   2497504[0m[34;1m   2236772[0m[34;1m     73.68[0m[34;1m    731128[0m[34;1m   2002688[0m[34;1m        56[0m
11:21:25   [34;1m    158188[0m[34;1m   1623624[0m[34;1m    236336[0m[34;1m      7.78[0m[34;1m     50180[0m[34;1m   2497516[0m[34;1m   2236772[0m[34;1m     73.68[0m[34;1m    731128[0m[34;1m   2002688[0m[34;1m        68[0m
11:21:26   [34;1m    157936[0m[34;1m   1623400[0m[34;1m    236568[0m[34;1m      7.79[0m[34;1m     50180[0m[34;1m   2497532[0m[34;1m   2236772[0m[34;1m     73.68[0m[34;1m    731128[0m[34;1m   2002808[0m[34;1m        84[0m
11:21:27   [34;1m    157936[0m[34;1m   1623404[0m[34;1m    236560[0m[34;1m      7.79[0m[34;1m     50180[0m[34;1m   2497540[0m[34;1m   2236772[0m[34;1m     73.68[0m[34;1m    731128[0m[34;1m   2002804[0m[34;1m        72[0m
11:21:28   [34;1m    157936[0m[34;1m   1623420[0m[34;1m    236552[0m[34;1m      7.79[0m[34;1m     50180[0m[34;1m   2497548[0m[34;1m   2236772[0m[34;1m     73.68[0m[34;1m    731128[0m[34;1m   2002712[0m[34;1m        80[0m
11:21:29   [34;1m    157936[0m[34;1m   1623424[0m[34;1m    236540[0m[34;1m      7.79[0m[34;1m     50180[0m[34;1m   2497560[0m[34;1m   2236772[0m[34;1m     73.68[0m[34;1m    731128[0m[34;1m   2002772[0m[34;1m        92[0m
11:21:30   [34;1m    157684[0m[34;1m   1623180[0m[34;1m    236784[0m[34;1m      7.80[0m[34;1m     50180[0m[34;1m   2497568[0m[34;1m   2236772[0m[34;1m     73.68[0m[34;1m    731128[0m[34;1m   2002860[0m[34;1m       100[0m
11:21:31   [34;1m    157684[0m[34;1m   1623192[0m[34;1m    236776[0m[34;1m      7.80[0m[34;1m     50180[0m[34;1m   2497576[0m[34;1m   2236772[0m[34;1m     73.68[0m[34;1m    731128[0m[34;1m   2002872[0m[34;1m       108[0m
11:21:32   [34;1m    157684[0m[34;1m   1623208[0m[34;1m    236732[0m[34;1m      7.80[0m[34;1m     50184[0m[34;1m   2497588[0m[34;1m   2241108[0m[34;1m     73.82[0m[34;1m    731132[0m[34;1m   2004248[0m[34;1m       120[0m
11:21:33   [34;1m    157684[0m[34;1m   1623208[0m[34;1m    236728[0m[34;1m      7.80[0m[34;1m     50184[0m[34;1m   2497592[0m[34;1m   2241108[0m[34;1m     73.82[0m[34;1m    731132[0m[34;1m   2004172[0m[34;1m       124[0m
11:21:34   [34;1m    157684[0m[34;1m   1623208[0m[34;1m    236720[0m[34;1m      7.80[0m[34;1m     50184[0m[34;1m   2497600[0m[34;1m   2241108[0m[34;1m     73.82[0m[34;1m    731132[0m[34;1m   2004172[0m[34;1m       132[0m
11:21:35   [34;1m    157684[0m[34;1m   1623208[0m[34;1m    236712[0m[34;1m      7.80[0m[34;1m     50184[0m[34;1m   2497608[0m[34;1m   2236772[0m[34;1m     73.68[0m[34;1m    731132[0m[34;1m   2002572[0m[34;1m       140[0m
11:21:36   [34;1m    157684[0m[34;1m   1623240[0m[34;1m    236708[0m[34;1m      7.80[0m[34;1m     50184[0m[34;1m   2497616[0m[34;1m   2236772[0m[34;1m     73.68[0m[34;1m    731132[0m[34;1m   2002720[0m[34;1m       148[0m
11:21:37   [34;1m    157684[0m[34;1m   1623240[0m[34;1m    236700[0m[34;1m      7.80[0m[34;1m     50188[0m[34;1m   2497620[0m[34;1m   2236772[0m[34;1m     73.68[0m[34;1m    731132[0m[34;1m   2002752[0m[34;1m       152[0m
11:21:38   [34;1m    157684[0m[34;1m   1623244[0m[34;1m    236692[0m[34;1m      7.80[0m[34;1m     50188[0m[34;1m   2497628[0m[34;1m   2236772[0m[34;1m     73.68[0m[34;1m    731136[0m[34;1m   2002664[0m[34;1m       160[0m
11:21:39   [34;1m    157684[0m[34;1m   1623264[0m[34;1m    236680[0m[34;1m      7.80[0m[34;1m     50188[0m[34;1m   2497640[0m[34;1m   2236772[0m[34;1m     73.68[0m[34;1m    731136[0m[34;1m   2002756[0m[34;1m       172[0m
11:21:40   [34;1m    157684[0m[34;1m   1623272[0m[34;1m    236672[0m[34;1m      7.80[0m[34;1m     50188[0m[34;1m   2497648[0m[34;1m   2237028[0m[34;1m     73.68[0m[34;1m    731136[0m[34;1m   2002596[0m[34;1m       180[0m
11:21:41   [34;1m    157684[0m[34;1m   1623284[0m[34;1m    236680[0m[34;1m      7.80[0m[34;1m     50188[0m[34;1m   2497660[0m[34;1m   2237028[0m[34;1m     73.68[0m[34;1m    731136[0m[34;1m   2002612[0m[34;1m       192[0m
11:21:42   [34;1m    157684[0m[34;1m   1623296[0m[34;1m    236668[0m[34;1m      7.80[0m[34;1m     50192[0m[34;1m   2497668[0m[34;1m   2237028[0m[34;1m     73.68[0m[34;1m    731136[0m[34;1m   2002964[0m[34;1m       200[0m
11:21:43   [34;1m    157684[0m[34;1m   1623296[0m[34;1m    236660[0m[34;1m      7.80[0m[34;1m     50192[0m[34;1m   2497676[0m[34;1m   2237028[0m[34;1m     73.68[0m[34;1m    731136[0m[34;1m   2002964[0m[34;1m       208[0m
11:21:44   [34;1m    157684[0m[34;1m   1623304[0m[34;1m    236652[0m[34;1m      7.79[0m[34;1m     50192[0m[34;1m   2497684[0m[34;1m   2237028[0m[34;1m     73.68[0m[34;1m    731136[0m[34;1m   2003024[0m[34;1m       216[0m
11:21:45   [34;1m    157684[0m[34;1m   1623304[0m[34;1m    236640[0m[34;1m      7.79[0m[34;1m     50192[0m[34;1m   2497696[0m[34;1m   2237028[0m[34;1m     73.68[0m[34;1m    731136[0m[34;1m   2003024[0m[34;1m       228[0m
11:21:46   [34;1m    157684[0m[34;1m   1623332[0m[34;1m    236632[0m[34;1m      7.79[0m[34;1m     50192[0m[34;1m   2497704[0m[34;1m   2237028[0m[34;1m     73.68[0m[34;1m    731140[0m[34;1m   2002828[0m[34;1m       236[0m
11:21:47   [34;1m    157684[0m[34;1m   1623332[0m[34;1m    236624[0m[34;1m      7.79[0m[34;1m     50196[0m[34;1m   2497708[0m[34;1m   2237028[0m[34;1m     73.68[0m[34;1m    731140[0m[34;1m   2002828[0m[34;1m       240[0m
11:21:48   [34;1m    157684[0m[34;1m   1623352[0m[34;1m    236612[0m[34;1m      7.79[0m[34;1m     50196[0m[34;1m   2497720[0m[34;1m   2237028[0m[34;1m     73.68[0m[34;1m    731144[0m[34;1m   2003064[0m[34;1m       252[0m
11:21:49   [34;1m    157684[0m[34;1m   1623360[0m[34;1m    236604[0m[34;1m      7.79[0m[34;1m     50196[0m[34;1m   2497728[0m[34;1m   2237028[0m[34;1m     73.68[0m[34;1m    731148[0m[34;1m   2002700[0m[34;1m       260[0m
11:21:50   [34;1m    157684[0m[34;1m   1623372[0m[34;1m    236624[0m[34;1m      7.79[0m[34;1m     50196[0m[34;1m   2497740[0m[34;1m   2237028[0m[34;1m     73.68[0m[34;1m    731148[0m[34;1m   2002760[0m[34;1m       272[0m
11:21:51   [34;1m    157684[0m[34;1m   1623384[0m[34;1m    236624[0m[34;1m      7.79[0m[34;1m     50196[0m[34;1m   2497748[0m[34;1m   2237028[0m[34;1m     73.68[0m[34;1m    731148[0m[34;1m   2002740[0m[34;1m       280[0m
11:21:52   [34;1m    157684[0m[34;1m   1623396[0m[34;1m    236584[0m[34;1m      7.79[0m[34;1m     50200[0m[34;1m   2497760[0m[34;1m   2241364[0m[34;1m     73.83[0m[34;1m    731152[0m[34;1m   2004392[0m[34;1m         8[0m
11:21:53   [34;1m    157684[0m[34;1m   1623396[0m[34;1m    236576[0m[34;1m      7.79[0m[34;1m     50200[0m[34;1m   2497768[0m[34;1m   2241364[0m[34;1m     73.83[0m[34;1m    731152[0m[34;1m   2004392[0m[34;1m        20[0m
11:21:54   [34;1m    157684[0m[34;1m   1623396[0m[34;1m    236568[0m[34;1m      7.79[0m[34;1m     50200[0m[34;1m   2497776[0m[34;1m   2241364[0m[34;1m     73.83[0m[34;1m    731152[0m[34;1m   2004392[0m[34;1m        28[0m
11:21:55   [34;1m    157684[0m[34;1m   1623396[0m[34;1m    236556[0m[34;1m      7.79[0m[34;1m     50200[0m[34;1m   2497788[0m[34;1m   2237028[0m[34;1m     73.68[0m[34;1m    731152[0m[34;1m   2002992[0m[34;1m        40[0m
11:21:56   [34;1m    157684[0m[34;1m   1623432[0m[34;1m    236560[0m[34;1m      7.79[0m[34;1m     50200[0m[34;1m   2497796[0m[34;1m   2237028[0m[34;1m     73.68[0m[34;1m    731152[0m[34;1m   2003092[0m[34;1m        48[0m
11:21:57   [34;1m    157684[0m[34;1m   1623440[0m[34;1m    236544[0m[34;1m      7.79[0m[34;1m     50208[0m[34;1m   2497804[0m[34;1m   2237028[0m[34;1m     73.68[0m[34;1m    731152[0m[34;1m   2003064[0m[34;1m        76[0m
11:21:58   [34;1m    157684[0m[34;1m   1623460[0m[34;1m    236536[0m[34;1m      7.79[0m[34;1m     50208[0m[34;1m   2497812[0m[34;1m   2237028[0m[34;1m     73.68[0m[34;1m    731160[0m[34;1m   2002836[0m[34;1m        56[0m
11:21:59   [34;1m    157684[0m[34;1m   1623460[0m[34;1m    236524[0m[34;1m      7.79[0m[34;1m     50208[0m[34;1m   2497824[0m[34;1m   2237028[0m[34;1m     73.68[0m[34;1m    731160[0m[34;1m   2002836[0m[34;1m        68[0m
11:22:00   [34;1m    157684[0m[34;1m   1623476[0m[34;1m    236528[0m[34;1m      7.79[0m[34;1m     50208[0m[34;1m   2497832[0m[34;1m   2237028[0m[34;1m     73.68[0m[34;1m    731160[0m[34;1m   2002804[0m[34;1m        76[0m
11:22:01   [34;1m    157684[0m[34;1m   1623488[0m[34;1m    236520[0m[34;1m      7.79[0m[34;1m     50208[0m[34;1m   2497840[0m[34;1m   2237028[0m[34;1m     73.68[0m[34;1m    731160[0m[34;1m   2002884[0m[34;1m        84[0m
11:22:02   [34;1m    157684[0m[34;1m   1623492[0m[34;1m    236512[0m[34;1m      7.79[0m[34;1m     50212[0m[34;1m   2497844[0m[34;1m   2237028[0m[34;1m     73.68[0m[34;1m    731160[0m[34;1m   2002904[0m[34;1m        96[0m
11:22:03   [34;1m    157684[0m[34;1m   1623504[0m[34;1m    236496[0m[34;1m      7.79[0m[34;1m     50212[0m[34;1m   2497860[0m[34;1m   2237028[0m[34;1m     73.68[0m[34;1m    731164[0m[34;1m   2003016[0m[34;1m       116[0m
11:22:04   [34;1m    157684[0m[34;1m   1623520[0m[34;1m    236488[0m[34;1m      7.79[0m[34;1m     50212[0m[34;1m   2497868[0m[34;1m   2237028[0m[34;1m     73.68[0m[34;1m    731164[0m[34;1m   2002860[0m[34;1m       124[0m
11:22:05   [34;1m    157684[0m[34;1m   1623528[0m[34;1m    236476[0m[34;1m      7.79[0m[34;1m     50212[0m[34;1m   2497880[0m[34;1m   2237028[0m[34;1m     73.68[0m[34;1m    731164[0m[34;1m   2002920[0m[34;1m       136[0m
11:22:06   [34;1m    157684[0m[34;1m   1623540[0m[34;1m    236468[0m[34;1m      7.79[0m[34;1m     50212[0m[34;1m   2497888[0m[34;1m   2237028[0m[34;1m     73.68[0m[34;1m    731164[0m[34;1m   2002968[0m[34;1m       144[0m
11:22:07   [34;1m    157684[0m[34;1m   1623540[0m[34;1m    236460[0m[34;1m      7.79[0m[34;1m     50216[0m[34;1m   2497892[0m[34;1m   2237028[0m[34;1m     73.68[0m[34;1m    731164[0m[34;1m   2002968[0m[34;1m       152[0m
11:22:08   [34;1m    157684[0m[34;1m   1623540[0m[34;1m    236448[0m[34;1m      7.79[0m[34;1m     50216[0m[34;1m   2497904[0m[34;1m   2237028[0m[34;1m     73.68[0m[34;1m    731164[0m[34;1m   2002968[0m[34;1m       160[0m
11:22:09   [34;1m    157684[0m[34;1m   1623560[0m[34;1m    236440[0m[34;1m      7.79[0m[34;1m     50216[0m[34;1m   2497912[0m[34;1m   2237028[0m[34;1m     73.68[0m[34;1m    731168[0m[34;1m   2003144[0m[34;1m       168[0m
11:22:10   [34;1m    157684[0m[34;1m   1623560[0m[34;1m    236432[0m[34;1m      7.79[0m[34;1m     50216[0m[34;1m   2497920[0m[34;1m   2237028[0m[34;1m     73.68[0m[34;1m    731168[0m[34;1m   2003144[0m[34;1m       176[0m
11:22:11   [34;1m    156676[0m[34;1m   1622572[0m[34;1m    237428[0m[34;1m      7.82[0m[34;1m     50216[0m[34;1m   2497928[0m[34;1m   2237028[0m[34;1m     73.68[0m[34;1m    731168[0m[34;1m   2003028[0m[34;1m       184[0m
11:22:12   [34;1m    155920[0m[34;1m   1621820[0m[34;1m    238156[0m[34;1m      7.84[0m[34;1m     50216[0m[34;1m   2497932[0m[34;1m   2241364[0m[34;1m     73.83[0m[34;1m    731168[0m[34;1m   2004588[0m[34;1m       188[0m
11:22:13   [34;1m    155668[0m[34;1m   1621584[0m[34;1m    238392[0m[34;1m      7.85[0m[34;1m     50220[0m[34;1m   2497944[0m[34;1m   2241364[0m[34;1m     73.83[0m[34;1m    731172[0m[34;1m   2004752[0m[34;1m       200[0m
11:22:14   [34;1m    155668[0m[34;1m   1621588[0m[34;1m    238384[0m[34;1m      7.85[0m[34;1m     50220[0m[34;1m   2497952[0m[34;1m   2241364[0m[34;1m     73.83[0m[34;1m    731172[0m[34;1m   2004872[0m[34;1m       208[0m
11:22:15   [34;1m    155668[0m[34;1m   1621604[0m[34;1m    238376[0m[34;1m      7.85[0m[34;1m     50220[0m[34;1m   2497960[0m[34;1m   2237028[0m[34;1m     73.68[0m[34;1m    731172[0m[34;1m   2002136[0m[34;1m       216[0m
11:22:16   [34;1m    155668[0m[34;1m   1621608[0m[34;1m    238372[0m[34;1m      7.85[0m[34;1m     50220[0m[34;1m   2497964[0m[34;1m   2237028[0m[34;1m     73.68[0m[34;1m    731172[0m[34;1m   2002176[0m[34;1m       220[0m
11:22:17   [34;1m    155668[0m[34;1m   1621608[0m[34;1m    238360[0m[34;1m      7.85[0m[34;1m     50220[0m[34;1m   2497976[0m[34;1m   2237028[0m[34;1m     73.68[0m[34;1m    731172[0m[34;1m   2002176[0m[34;1m       228[0m
11:22:18   [34;1m    155668[0m[34;1m   1621608[0m[34;1m    238352[0m[34;1m      7.85[0m[34;1m     50224[0m[34;1m   2497980[0m[34;1m   2237028[0m[34;1m     73.68[0m[34;1m    731172[0m[34;1m   2002176[0m[34;1m       232[0m
11:22:19   [34;1m    155668[0m[34;1m   1621632[0m[34;1m    238340[0m[34;1m      7.85[0m[34;1m     50224[0m[34;1m   2497992[0m[34;1m   2237028[0m[34;1m     73.68[0m[34;1m    731176[0m[34;1m   2002076[0m[34;1m       244[0m
11:22:20   [34;1m    155668[0m[34;1m   1621644[0m[34;1m    238332[0m[34;1m      7.85[0m[34;1m     50224[0m[34;1m   2498000[0m[34;1m   2237028[0m[34;1m     73.68[0m[34;1m    731176[0m[34;1m   2002096[0m[34;1m       252[0m
11:22:21   [34;1m    155668[0m[34;1m   1621656[0m[34;1m    238344[0m[34;1m      7.85[0m[34;1m     50224[0m[34;1m   2498008[0m[34;1m   2237028[0m[34;1m     73.68[0m[34;1m    731176[0m[34;1m   2002108[0m[34;1m       260[0m
11:22:22   [34;1m    155668[0m[34;1m   1621660[0m[34;1m    238336[0m[34;1m      7.85[0m[34;1m     50224[0m[34;1m   2498016[0m[34;1m   2237028[0m[34;1m     73.68[0m[34;1m    731176[0m[34;1m   2002168[0m[34;1m       268[0m
11:22:23   [34;1m    155668[0m[34;1m   1621672[0m[34;1m    238320[0m[34;1m      7.85[0m[34;1m     50232[0m[34;1m   2498024[0m[34;1m   2237028[0m[34;1m     73.68[0m[34;1m    731184[0m[34;1m   2002192[0m[34;1m        16[0m
11:22:24   [34;1m    155668[0m[34;1m   1621672[0m[34;1m    238312[0m[34;1m      7.85[0m[34;1m     50232[0m[34;1m   2498032[0m[34;1m   2237028[0m[34;1m     73.68[0m[34;1m    731184[0m[34;1m   2002192[0m[34;1m        24[0m
11:22:25   [34;1m    155668[0m[34;1m   1621672[0m[34;1m    238300[0m[34;1m      7.85[0m[34;1m     50232[0m[34;1m   2498044[0m[34;1m   2237028[0m[34;1m     73.68[0m[34;1m    731184[0m[34;1m   2002192[0m[34;1m        36[0m
11:22:26   [34;1m    155668[0m[34;1m   1621704[0m[34;1m    238296[0m[34;1m      7.85[0m[34;1m     50232[0m[34;1m   2498052[0m[34;1m   2237028[0m[34;1m     73.68[0m[34;1m    731184[0m[34;1m   2002280[0m[34;1m        44[0m
11:22:27   [34;1m    155668[0m[34;1m   1621712[0m[34;1m    238292[0m[34;1m      7.85[0m[34;1m     50232[0m[34;1m   2498056[0m[34;1m   2237028[0m[34;1m     73.68[0m[34;1m    731184[0m[34;1m   2002384[0m[34;1m        48[0m
11:22:28   [34;1m    155668[0m[34;1m   1621716[0m[34;1m    238284[0m[34;1m      7.85[0m[34;1m     50232[0m[34;1m   2498064[0m[34;1m   2237028[0m[34;1m     73.68[0m[34;1m    731188[0m[34;1m   2002336[0m[34;1m        64[0m
11:22:29   [34;1m    155668[0m[34;1m   1621716[0m[34;1m    238272[0m[34;1m      7.85[0m[34;1m     50232[0m[34;1m   2498072[0m[34;1m   2237028[0m[34;1m     73.68[0m[34;1m    731188[0m[34;1m   2002336[0m[34;1m        72[0m
11:22:30   [34;1m    155668[0m[34;1m   1621728[0m[34;1m    238264[0m[34;1m      7.85[0m[34;1m     50232[0m[34;1m   2498080[0m[34;1m   2237028[0m[34;1m     73.68[0m[34;1m    731188[0m[34;1m   2002288[0m[34;1m        80[0m
11:22:31   [34;1m    155668[0m[34;1m   1621744[0m[34;1m    238256[0m[34;1m      7.85[0m[34;1m     50232[0m[34;1m   2498088[0m[34;1m   2237028[0m[34;1m     73.68[0m[34;1m    731188[0m[34;1m   2002304[0m[34;1m        88[0m
11:22:32   [34;1m    155668[0m[34;1m   1621748[0m[34;1m    238224[0m[34;1m      7.85[0m[34;1m     50232[0m[34;1m   2498100[0m[34;1m   2241364[0m[34;1m     73.83[0m[34;1m    731188[0m[34;1m   2003944[0m[34;1m       100[0m
11:22:33   [34;1m    155668[0m[34;1m   1621756[0m[34;1m    238216[0m[34;1m      7.85[0m[34;1m     50232[0m[34;1m   2498108[0m[34;1m   2241364[0m[34;1m     73.83[0m[34;1m    731188[0m[34;1m   2004004[0m[34;1m       108[0m
11:22:34   [34;1m    155668[0m[34;1m   1621764[0m[34;1m    238208[0m[34;1m      7.85[0m[34;1m     50232[0m[34;1m   2498116[0m[34;1m   2241364[0m[34;1m     73.83[0m[34;1m    731188[0m[34;1m   2004236[0m[34;1m        96[0m
11:22:35   [34;1m    155668[0m[34;1m   1621784[0m[34;1m    238196[0m[34;1m      7.85[0m[34;1m     50232[0m[34;1m   2498128[0m[34;1m   2237028[0m[34;1m     73.68[0m[34;1m    731188[0m[34;1m   2003040[0m[34;1m       108[0m
11:22:36   [34;1m    155668[0m[34;1m   1621792[0m[34;1m    238184[0m[34;1m      7.85[0m[34;1m     50232[0m[34;1m   2498140[0m[34;1m   2237028[0m[34;1m     73.68[0m[34;1m    731188[0m[34;1m   2003176[0m[34;1m       120[0m
11:22:37   [34;1m    155668[0m[34;1m   1621792[0m[34;1m    238176[0m[34;1m      7.85[0m[34;1m     50232[0m[34;1m   2498148[0m[34;1m   2237028[0m[34;1m     73.68[0m[34;1m    731188[0m[34;1m   2003076[0m[34;1m       128[0m
11:22:38   [34;1m    155668[0m[34;1m   1621792[0m[34;1m    238164[0m[34;1m      7.84[0m[34;1m     50236[0m[34;1m   2498156[0m[34;1m   2237028[0m[34;1m     73.68[0m[34;1m    731188[0m[34;1m   2003016[0m[34;1m       140[0m
11:22:39   [34;1m    155668[0m[34;1m   1621820[0m[34;1m    238156[0m[34;1m      7.84[0m[34;1m     50236[0m[34;1m   2498164[0m[34;1m   2237028[0m[34;1m     73.68[0m[34;1m    731188[0m[34;1m   2003188[0m[34;1m       148[0m
11:22:40   [34;1m    155668[0m[34;1m   1621832[0m[34;1m    238148[0m[34;1m      7.84[0m[34;1m     50236[0m[34;1m   2498172[0m[34;1m   2237028[0m[34;1m     73.68[0m[34;1m    731196[0m[34;1m   2003196[0m[34;1m       156[0m
11:22:41   [34;1m    155668[0m[34;1m   1621840[0m[34;1m    238140[0m[34;1m      7.84[0m[34;1m     50236[0m[34;1m   2498180[0m[34;1m   2237028[0m[34;1m     73.68[0m[34;1m    731196[0m[34;1m   2003276[0m[34;1m       164[0m
11:22:42   [34;1m    155668[0m[34;1m   1621840[0m[34;1m    238136[0m[34;1m      7.84[0m[34;1m     50236[0m[34;1m   2498184[0m[34;1m   2237028[0m[34;1m     73.68[0m[34;1m    731196[0m[34;1m   2003276[0m[34;1m       172[0m
11:22:43   [34;1m    155668[0m[34;1m   1621844[0m[34;1m    238120[0m[34;1m      7.84[0m[34;1m     50240[0m[34;1m   2498196[0m[34;1m   2237028[0m[34;1m     73.68[0m[34;1m    731196[0m[34;1m   2003360[0m[34;1m       188[0m
11:22:44   [34;1m    155668[0m[34;1m   1621852[0m[34;1m    238116[0m[34;1m      7.84[0m[34;1m     50240[0m[34;1m   2498200[0m[34;1m   2237028[0m[34;1m     73.68[0m[34;1m    731200[0m[34;1m   2003416[0m[34;1m       192[0m
11:22:45   [34;1m    155668[0m[34;1m   1621868[0m[34;1m    238108[0m[34;1m      7.84[0m[34;1m     50240[0m[34;1m   2498208[0m[34;1m   2237028[0m[34;1m     73.68[0m[34;1m    731200[0m[34;1m   2003476[0m[34;1m       200[0m
11:22:46   [34;1m    155668[0m[34;1m   1621880[0m[34;1m    238100[0m[34;1m      7.84[0m[34;1m     50240[0m[34;1m   2498216[0m[34;1m   2237028[0m[34;1m     73.68[0m[34;1m    731204[0m[34;1m   2003508[0m[34;1m       208[0m
11:22:47   [34;1m    155668[0m[34;1m   1621880[0m[34;1m    238088[0m[34;1m      7.84[0m[34;1m     50240[0m[34;1m   2498228[0m[34;1m   2237028[0m[34;1m     73.68[0m[34;1m    731204[0m[34;1m   2003508[0m[34;1m       220[0m
11:22:48   [34;1m    155668[0m[34;1m   1621880[0m[34;1m    238076[0m[34;1m      7.84[0m[34;1m     50244[0m[34;1m   2498236[0m[34;1m   2237028[0m[34;1m     73.68[0m[34;1m    731204[0m[34;1m   2003508[0m[34;1m       228[0m
11:22:49   [34;1m    155668[0m[34;1m   1621892[0m[34;1m    238068[0m[34;1m      7.84[0m[34;1m     50244[0m[34;1m   2498244[0m[34;1m   2237028[0m[34;1m     73.68[0m[34;1m    731204[0m[34;1m   2003408[0m[34;1m       236[0m
11:22:50   [34;1m    155668[0m[34;1m   1621916[0m[34;1m    238056[0m[34;1m      7.84[0m[34;1m     50244[0m[34;1m   2498256[0m[34;1m   2237028[0m[34;1m     73.68[0m[34;1m    731208[0m[34;1m   2003432[0m[34;1m       248[0m
11:22:51   [34;1m    155668[0m[34;1m   1621932[0m[34;1m    238048[0m[34;1m      7.84[0m[34;1m     50244[0m[34;1m   2498264[0m[34;1m   2237028[0m[34;1m     73.68[0m[34;1m    731208[0m[34;1m   2003528[0m[34;1m       256[0m
11:22:52   [34;1m    153652[0m[34;1m   1619920[0m[34;1m    240036[0m[34;1m      7.91[0m[34;1m     50244[0m[34;1m   2498268[0m[34;1m   2241364[0m[34;1m     73.83[0m[34;1m    731244[0m[34;1m   2004924[0m[34;1m       260[0m
11:22:53   [34;1m    153652[0m[34;1m   1619920[0m[34;1m    240016[0m[34;1m      7.91[0m[34;1m     50252[0m[34;1m   2498280[0m[34;1m   2241364[0m[34;1m     73.83[0m[34;1m    731244[0m[34;1m   2004924[0m[34;1m       272[0m
11:22:54   [34;1m    153652[0m[34;1m   1619932[0m[34;1m    240008[0m[34;1m      7.91[0m[34;1m     50252[0m[34;1m   2498288[0m[34;1m   2241364[0m[34;1m     73.83[0m[34;1m    731244[0m[34;1m   2004972[0m[34;1m        20[0m
11:22:55   [34;1m    153652[0m[34;1m   1619952[0m[34;1m    240004[0m[34;1m      7.91[0m[34;1m     50252[0m[34;1m   2498296[0m[34;1m   2237028[0m[34;1m     73.68[0m[34;1m    731248[0m[34;1m   2003660[0m[34;1m        28[0m
11:22:56   [34;1m    153652[0m[34;1m   1619960[0m[34;1m    240008[0m[34;1m      7.91[0m[34;1m     50252[0m[34;1m   2498300[0m[34;1m   2237028[0m[34;1m     73.68[0m[34;1m    731244[0m[34;1m   2003464[0m[34;1m        32[0m
11:22:57   [34;1m    153652[0m[34;1m   1619960[0m[34;1m    239996[0m[34;1m      7.91[0m[34;1m     50252[0m[34;1m   2498312[0m[34;1m   2237028[0m[34;1m     73.68[0m[34;1m    731244[0m[34;1m   2003464[0m[34;1m        44[0m
11:22:58   [34;1m    153652[0m[34;1m   1619984[0m[34;1m    239980[0m[34;1m      7.90[0m[34;1m     50260[0m[34;1m   2498320[0m[34;1m   2237028[0m[34;1m     73.68[0m[34;1m    731252[0m[34;1m   2003428[0m[34;1m        60[0m
11:22:59   [34;1m    153652[0m[34;1m   1619988[0m[34;1m    239972[0m[34;1m      7.90[0m[34;1m     50260[0m[34;1m   2498328[0m[34;1m   2237028[0m[34;1m     73.68[0m[34;1m    731252[0m[34;1m   2003608[0m[34;1m        68[0m
11:23:00   [34;1m    153652[0m[34;1m   1620004[0m[34;1m    239960[0m[34;1m      7.90[0m[34;1m     50260[0m[34;1m   2498340[0m[34;1m   2237028[0m[34;1m     73.68[0m[34;1m    731252[0m[34;1m   2002820[0m[34;1m        80[0m
11:23:01   [34;1m    153652[0m[34;1m   1620016[0m[34;1m    239952[0m[34;1m      7.90[0m[34;1m     50260[0m[34;1m   2498348[0m[34;1m   2237028[0m[34;1m     73.68[0m[34;1m    731252[0m[34;1m   2002888[0m[34;1m        88[0m
11:23:02   [34;1m    153652[0m[34;1m   1620024[0m[34;1m    239948[0m[34;1m      7.90[0m[34;1m     50260[0m[34;1m   2498360[0m[34;1m   2237028[0m[34;1m     73.68[0m[34;1m    731252[0m[34;1m   2003024[0m[34;1m       100[0m
11:23:03   [34;1m    153652[0m[34;1m   1620036[0m[34;1m    239936[0m[34;1m      7.90[0m[34;1m     50264[0m[34;1m   2498368[0m[34;1m   2237028[0m[34;1m     73.68[0m[34;1m    731256[0m[34;1m   2003560[0m[34;1m       108[0m
11:23:04   [34;1m    153652[0m[34;1m   1620040[0m[34;1m    239928[0m[34;1m      7.90[0m[34;1m     50264[0m[34;1m   2498376[0m[34;1m   2237028[0m[34;1m     73.68[0m[34;1m    731256[0m[34;1m   2003628[0m[34;1m         8[0m
11:23:05   [34;1m    153652[0m[34;1m   1620056[0m[34;1m    239916[0m[34;1m      7.90[0m[34;1m     50264[0m[34;1m   2498388[0m[34;1m   2237028[0m[34;1m     73.68[0m[34;1m    731256[0m[34;1m   2003260[0m[34;1m        20[0m
11:23:06   [34;1m    153652[0m[34;1m   1620064[0m[34;1m    239912[0m[34;1m      7.90[0m[34;1m     50264[0m[34;1m   2498392[0m[34;1m   2237028[0m[34;1m     73.68[0m[34;1m    731256[0m[34;1m   2003284[0m[34;1m        24[0m
11:23:07   [34;1m    153652[0m[34;1m   1620064[0m[34;1m    239900[0m[34;1m      7.90[0m[34;1m     50264[0m[34;1m   2498404[0m[34;1m   2237028[0m[34;1m     73.68[0m[34;1m    731256[0m[34;1m   2003284[0m[34;1m        36[0m
11:23:08   [34;1m    153652[0m[34;1m   1620068[0m[34;1m    239896[0m[34;1m      7.90[0m[34;1m     50264[0m[34;1m   2498408[0m[34;1m   2237028[0m[34;1m     73.68[0m[34;1m    731256[0m[34;1m   2003340[0m[34;1m        68[0m
11:23:09   [34;1m    153652[0m[34;1m   1620080[0m[34;1m    239884[0m[34;1m      7.90[0m[34;1m     50264[0m[34;1m   2498420[0m[34;1m   2237028[0m[34;1m     73.68[0m[34;1m    731256[0m[34;1m   2003356[0m[34;1m         8[0m
11:23:10   [34;1m    153652[0m[34;1m   1620080[0m[34;1m    239876[0m[34;1m      7.90[0m[34;1m     50264[0m[34;1m   2498428[0m[34;1m   2237028[0m[34;1m     73.68[0m[34;1m    731256[0m[34;1m   2003356[0m[34;1m        16[0m
11:23:11   [34;1m    153652[0m[34;1m   1620108[0m[34;1m    239868[0m[34;1m      7.90[0m[34;1m     50264[0m[34;1m   2498436[0m[34;1m   2237028[0m[34;1m     73.68[0m[34;1m    731256[0m[34;1m   2003408[0m[34;1m        24[0m
11:23:12   [34;1m    153652[0m[34;1m   1620116[0m[34;1m    239832[0m[34;1m      7.90[0m[34;1m     50264[0m[34;1m   2498448[0m[34;1m   2241364[0m[34;1m     73.83[0m[34;1m    731256[0m[34;1m   2005024[0m[34;1m        40[0m
11:23:13   [34;1m    153652[0m[34;1m   1620128[0m[34;1m    239832[0m[34;1m      7.90[0m[34;1m     50268[0m[34;1m   2498460[0m[34;1m   2241364[0m[34;1m     73.83[0m[34;1m    731256[0m[34;1m   2005204[0m[34;1m        68[0m
11:23:14   [34;1m    153652[0m[34;1m   1620140[0m[34;1m    239820[0m[34;1m      7.90[0m[34;1m     50268[0m[34;1m   2498468[0m[34;1m   2241364[0m[34;1m     73.83[0m[34;1m    731260[0m[34;1m   2005440[0m[34;1m        76[0m
11:23:15   [34;1m    153652[0m[34;1m   1620152[0m[34;1m    239808[0m[34;1m      7.90[0m[34;1m     50268[0m[34;1m   2498480[0m[34;1m   2237028[0m[34;1m     73.68[0m[34;1m    731260[0m[34;1m   2003804[0m[34;1m        88[0m
11:23:16   [34;1m    153652[0m[34;1m   1620164[0m[34;1m    239820[0m[34;1m      7.90[0m[34;1m     50268[0m[34;1m   2498492[0m[34;1m   2237028[0m[34;1m     73.68[0m[34;1m    731260[0m[34;1m   2003812[0m[34;1m       100[0m
11:23:17   [34;1m    153652[0m[34;1m   1620164[0m[34;1m    239812[0m[34;1m      7.90[0m[34;1m     50268[0m[34;1m   2498500[0m[34;1m   2237028[0m[34;1m     73.68[0m[34;1m    731260[0m[34;1m   2003812[0m[34;1m       108[0m
11:23:18   [34;1m    153652[0m[34;1m   1620164[0m[34;1m    239800[0m[34;1m      7.90[0m[34;1m     50272[0m[34;1m   2498508[0m[34;1m   2237028[0m[34;1m     73.68[0m[34;1m    731260[0m[34;1m   2003812[0m[34;1m       116[0m
11:23:19   [34;1m    153652[0m[34;1m   1620188[0m[34;1m    239792[0m[34;1m      7.90[0m[34;1m     50272[0m[34;1m   2498516[0m[34;1m   2237028[0m[34;1m     73.68[0m[34;1m    731264[0m[34;1m   2003652[0m[34;22m         0[0m
11:23:20   [34;1m    153652[0m[34;1m   1620200[0m[34;1m    239792[0m[34;1m      7.90[0m[34;1m     50272[0m[34;1m   2498524[0m[34;1m   2237028[0m[34;1m     73.68[0m[34;1m    731264[0m[34;1m   2003092[0m[34;1m        12[0m
11:23:21   [34;1m    153652[0m[34;1m   1620212[0m[34;1m    239784[0m[34;1m      7.90[0m[34;1m     50272[0m[34;1m   2498532[0m[34;1m   2237028[0m[34;1m     73.68[0m[34;1m    731264[0m[34;1m   2003144[0m[34;1m        20[0m
11:23:22   [34;1m    153652[0m[34;1m   1620216[0m[34;1m    239772[0m[34;1m      7.90[0m[34;1m     50272[0m[34;1m   2498544[0m[34;1m   2237028[0m[34;1m     73.68[0m[34;1m    731264[0m[34;1m   2003132[0m[34;1m        36[0m
11:23:23   [34;1m    153652[0m[34;1m   1620220[0m[34;1m    239760[0m[34;1m      7.90[0m[34;1m     50272[0m[34;1m   2498556[0m[34;1m   2237028[0m[34;1m     73.68[0m[34;1m    731264[0m[34;1m   2003192[0m[34;1m        64[0m
11:23:24   [34;1m    153652[0m[34;1m   1620240[0m[34;1m    239756[0m[34;1m      7.90[0m[34;1m     50272[0m[34;1m   2498560[0m[34;1m   2237028[0m[34;1m     73.68[0m[34;1m    731264[0m[34;1m   2003372[0m[34;1m        68[0m
11:23:25   [34;1m    153652[0m[34;1m   1620244[0m[34;1m    239748[0m[34;1m      7.90[0m[34;1m     50272[0m[34;1m   2498568[0m[34;1m   2237028[0m[34;1m     73.68[0m[34;1m    731264[0m[34;1m   2003308[0m[34;1m         8[0m
11:23:26   [34;1m    153652[0m[34;1m   1620256[0m[34;1m    239740[0m[34;1m      7.90[0m[34;1m     50272[0m[34;1m   2498576[0m[34;1m   2237028[0m[34;1m     73.68[0m[34;1m    731264[0m[34;1m   2003320[0m[34;1m        16[0m
11:23:27   [34;1m    153652[0m[34;1m   1620256[0m[34;1m    239732[0m[34;1m      7.90[0m[34;1m     50272[0m[34;1m   2498584[0m[34;1m   2237028[0m[34;1m     73.68[0m[34;1m    731264[0m[34;1m   2003320[0m[34;1m        24[0m
11:23:28   [34;1m    153652[0m[34;1m   1620268[0m[34;1m    239716[0m[34;1m      7.90[0m[34;1m     50280[0m[34;1m   2498592[0m[34;1m   2237028[0m[34;1m     73.68[0m[34;1m    731264[0m[34;1m   2003236[0m[34;1m        44[0m
11:23:29   [34;1m    153652[0m[34;1m   1620268[0m[34;1m    239708[0m[34;1m      7.90[0m[34;1m     50280[0m[34;1m   2498600[0m[34;1m   2237028[0m[34;1m     73.68[0m[34;1m    731264[0m[34;1m   2003236[0m[34;1m        52[0m
11:23:30   [34;1m    153652[0m[34;1m   1620280[0m[34;1m    239700[0m[34;1m      7.90[0m[34;1m     50280[0m[34;1m   2498608[0m[34;1m   2237028[0m[34;1m     73.68[0m[34;1m    731272[0m[34;1m   2003180[0m[34;1m        60[0m
11:23:31   [34;1m    153652[0m[34;1m   1620304[0m[34;1m    239692[0m[34;1m      7.90[0m[34;1m     50280[0m[34;1m   2498616[0m[34;1m   2237028[0m[34;1m     73.68[0m[34;1m    731272[0m[34;1m   2003204[0m[34;1m        68[0m
11:23:32   [34;1m    153652[0m[34;1m   1620308[0m[34;1m    239652[0m[34;1m      7.89[0m[34;1m     50280[0m[34;1m   2498624[0m[34;1m   2241364[0m[34;1m     73.83[0m[34;1m    731272[0m[34;1m   2004724[0m[34;1m        80[0m
11:23:33   [34;1m    153652[0m[34;1m   1620316[0m[34;1m    239640[0m[34;1m      7.89[0m[34;1m     50284[0m[34;1m   2498632[0m[34;1m   2241364[0m[34;1m     73.83[0m[34;1m    731272[0m[34;1m   2004844[0m[34;1m        92[0m
11:23:34   [34;1m    153652[0m[34;1m   1620316[0m[34;1m    239628[0m[34;1m      7.89[0m[34;1m     50284[0m[34;1m   2498644[0m[34;1m   2241364[0m[34;1m     73.83[0m[34;1m    731272[0m[34;1m   2004844[0m[34;1m       104[0m
11:23:35   [34;1m    153652[0m[34;1m   1620316[0m[34;1m    239620[0m[34;1m      7.89[0m[34;1m     50284[0m[34;1m   2498652[0m[34;1m   2237028[0m[34;1m     73.68[0m[34;1m    731272[0m[34;1m   2003444[0m[34;1m       112[0m
11:23:36   [34;1m    153652[0m[34;1m   1620352[0m[34;1m    239612[0m[34;1m      7.89[0m[34;1m     50284[0m[34;1m   2498660[0m[34;1m   2237028[0m[34;1m     73.68[0m[34;1m    731276[0m[34;1m   2003360[0m[34;1m       120[0m
11:23:37   [34;1m    153652[0m[34;1m   1620352[0m[34;1m    239604[0m[34;1m      7.89[0m[34;1m     50284[0m[34;1m   2498668[0m[34;1m   2237028[0m[34;1m     73.68[0m[34;1m    731276[0m[34;1m   2003360[0m[34;1m       128[0m
11:23:38   [34;1m    153652[0m[34;1m   1620352[0m[34;1m    239596[0m[34;1m      7.89[0m[34;1m     50284[0m[34;1m   2498676[0m[34;1m   2237028[0m[34;1m     73.68[0m[34;1m    731276[0m[34;1m   2003360[0m[34;1m       136[0m
11:23:39   [34;1m    153652[0m[34;1m   1620352[0m[34;1m    239592[0m[34;1m      7.89[0m[34;1m     50284[0m[34;1m   2498680[0m[34;1m   2237028[0m[34;1m     73.68[0m[34;1m    731276[0m[34;1m   2003360[0m[34;1m       140[0m
11:23:40   [34;1m    153428[0m[34;1m   1620128[0m[34;1m    239804[0m[34;1m      7.90[0m[34;1m     50284[0m[34;1m   2498692[0m[34;1m   2237028[0m[34;1m     73.68[0m[34;1m    731276[0m[34;1m   2003360[0m[34;1m       152[0m
11:23:41   [34;1m    153428[0m[34;1m   1620168[0m[34;1m    239796[0m[34;1m      7.90[0m[34;1m     50284[0m[34;1m   2498700[0m[34;1m   2237028[0m[34;1m     73.68[0m[34;1m    731276[0m[34;1m   2003408[0m[34;1m       160[0m
11:23:42   [34;1m    153428[0m[34;1m   1620168[0m[34;1m    239788[0m[34;1m      7.90[0m[34;1m     50284[0m[34;1m   2498708[0m[34;1m   2237028[0m[34;1m     73.68[0m[34;1m    731276[0m[34;1m   2003408[0m[34;1m       168[0m
11:23:43   [34;1m    153428[0m[34;1m   1620176[0m[34;1m    239776[0m[34;1m      7.90[0m[34;1m     50284[0m[34;1m   2498720[0m[34;1m   2237028[0m[34;1m     73.68[0m[34;1m    731276[0m[34;1m   2003552[0m[34;1m       180[0m
11:23:44   [34;1m    153428[0m[34;1m   1620184[0m[34;1m    239768[0m[34;1m      7.90[0m[34;1m     50284[0m[34;1m   2498728[0m[34;1m   2237028[0m[34;1m     73.68[0m[34;1m    731276[0m[34;1m   2003612[0m[34;1m       188[0m
11:23:45   [34;1m    153428[0m[34;1m   1620196[0m[34;1m    239760[0m[34;1m      7.90[0m[34;1m     50284[0m[34;1m   2498736[0m[34;1m   2237028[0m[34;1m     73.68[0m[34;1m    731276[0m[34;1m   2003616[0m[34;1m       196[0m
11:23:46   [34;1m    153176[0m[34;1m   1619964[0m[34;1m    240000[0m[34;1m      7.91[0m[34;1m     50284[0m[34;1m   2498748[0m[34;1m   2237028[0m[34;1m     73.68[0m[34;1m    731276[0m[34;1m   2003644[0m[34;1m       208[0m
11:23:47   [34;1m    153176[0m[34;1m   1619964[0m[34;1m    239996[0m[34;1m      7.91[0m[34;1m     50284[0m[34;1m   2498752[0m[34;1m   2237028[0m[34;1m     73.68[0m[34;1m    731276[0m[34;1m   2003644[0m[34;1m       212[0m
11:23:48   [34;1m    153176[0m[34;1m   1619964[0m[34;1m    239988[0m[34;1m      7.90[0m[34;1m     50284[0m[34;1m   2498760[0m[34;1m   2237028[0m[34;1m     73.68[0m[34;1m    731276[0m[34;1m   2003644[0m[34;1m       220[0m
11:23:49   [34;1m    153176[0m[34;1m   1619972[0m[34;1m    239980[0m[34;1m      7.90[0m[34;1m     50284[0m[34;1m   2498768[0m[34;1m   2237028[0m[34;1m     73.68[0m[34;1m    731276[0m[34;1m   2003472[0m[34;1m       228[0m
11:23:50   [34;1m    153176[0m[34;1m   1619972[0m[34;1m    239972[0m[34;1m      7.90[0m[34;1m     50284[0m[34;1m   2498776[0m[34;1m   2237028[0m[34;1m     73.68[0m[34;1m    731276[0m[34;1m   2003472[0m[34;1m       236[0m
11:23:51   [34;1m    153176[0m[34;1m   1620000[0m[34;1m    239964[0m[34;1m      7.90[0m[34;1m     50284[0m[34;1m   2498784[0m[34;1m   2237028[0m[34;1m     73.68[0m[34;1m    731276[0m[34;1m   2003588[0m[34;1m       244[0m
11:23:52   [34;1m    153176[0m[34;1m   1620004[0m[34;1m    239948[0m[34;1m      7.90[0m[34;1m     50284[0m[34;1m   2498792[0m[34;1m   2241364[0m[34;1m     73.83[0m[34;1m    731276[0m[34;1m   2005136[0m[34;1m       252[0m
11:23:53   [34;1m    153176[0m[34;1m   1620004[0m[34;1m    239940[0m[34;1m      7.90[0m[34;1m     50284[0m[34;1m   2498800[0m[34;1m   2241364[0m[34;1m     73.83[0m[34;1m    731276[0m[34;1m   2005136[0m[34;1m       260[0m
11:23:54   [34;1m    153176[0m[34;1m   1620004[0m[34;1m    239932[0m[34;1m      7.90[0m[34;1m     50284[0m[34;1m   2498808[0m[34;1m   2241364[0m[34;1m     73.83[0m[34;1m    731276[0m[34;1m   2005136[0m[34;1m       268[0m
11:23:55   [34;1m    153176[0m[34;1m   1620016[0m[34;1m    239924[0m[34;1m      7.90[0m[34;1m     50284[0m[34;1m   2498816[0m[34;1m   2237028[0m[34;1m     73.68[0m[34;1m    731276[0m[34;1m   2003776[0m[34;1m        28[0m
11:23:56   [34;1m    153176[0m[34;1m   1620036[0m[34;1m    239936[0m[34;1m      7.90[0m[34;1m     50284[0m[34;1m   2498824[0m[34;1m   2237028[0m[34;1m     73.68[0m[34;1m    731280[0m[34;1m   2003712[0m[34;1m        36[0m
11:23:57   [34;1m    153176[0m[34;1m   1620048[0m[34;1m    239928[0m[34;1m      7.90[0m[34;1m     50284[0m[34;1m   2498832[0m[34;1m   2237028[0m[34;1m     73.68[0m[34;1m    731276[0m[34;1m   2003528[0m[34;1m        44[0m
11:23:58   [34;1m    153176[0m[34;1m   1620056[0m[34;1m    239916[0m[34;1m      7.90[0m[34;1m     50284[0m[34;1m   2498844[0m[34;1m   2237028[0m[34;1m     73.68[0m[34;1m    731276[0m[34;1m   2003484[0m[34;1m        56[0m
11:23:59   [34;1m    153176[0m[34;1m   1620060[0m[34;1m    239908[0m[34;1m      7.90[0m[34;1m     50284[0m[34;1m   2498852[0m[34;1m   2237028[0m[34;1m     73.68[0m[34;1m    731276[0m[34;1m   2003604[0m[34;1m        64[0m
11:24:00   [34;1m    153176[0m[34;1m   1620076[0m[34;1m    239908[0m[34;1m      7.90[0m[34;1m     50284[0m[34;1m   2498860[0m[34;1m   2237028[0m[34;1m     73.68[0m[34;1m    731276[0m[34;1m   2003632[0m[34;1m        56[0m
11:24:01   [34;1m    153176[0m[34;1m   1620076[0m[34;1m    239904[0m[34;1m      7.90[0m[34;1m     50284[0m[34;1m   2498868[0m[34;1m   2237028[0m[34;1m     73.68[0m[34;1m    731276[0m[34;1m   2003732[0m[34;1m        64[0m
11:24:02   [34;1m    153176[0m[34;1m   1620092[0m[34;1m    239892[0m[34;1m      7.90[0m[34;1m     50284[0m[34;1m   2498876[0m[34;1m   2237028[0m[34;1m     73.68[0m[34;1m    731276[0m[34;1m   2003700[0m[34;1m        72[0m
11:24:03   [34;1m    153176[0m[34;1m   1620092[0m[34;1m    239888[0m[34;1m      7.90[0m[34;1m     50284[0m[34;1m   2498880[0m[34;1m   2237028[0m[34;1m     73.68[0m[34;1m    731276[0m[34;1m   2003700[0m[34;1m        76[0m
11:24:04   [34;1m    153176[0m[34;1m   1620100[0m[34;1m    239880[0m[34;1m      7.90[0m[34;1m     50284[0m[34;1m   2498888[0m[34;1m   2237028[0m[34;1m     73.68[0m[34;1m    731276[0m[34;1m   2003816[0m[34;1m        92[0m
11:24:05   [34;1m    153176[0m[34;1m   1620100[0m[34;1m    239880[0m[34;1m      7.90[0m[34;1m     50284[0m[34;1m   2498896[0m[34;1m   2237028[0m[34;1m     73.68[0m[34;1m    731276[0m[34;1m   2003816[0m[34;1m       100[0m
11:24:06   [34;1m    153176[0m[34;1m   1620124[0m[34;1m    239868[0m[34;1m      7.90[0m[34;1m     50284[0m[34;1m   2498908[0m[34;1m   2237028[0m[34;1m     73.68[0m[34;1m    731276[0m[34;1m   2003684[0m[34;1m       108[0m
11:24:07   [34;1m    153176[0m[34;1m   1620124[0m[34;1m    239860[0m[34;1m      7.90[0m[34;1m     50284[0m[34;1m   2498916[0m[34;1m   2237028[0m[34;1m     73.68[0m[34;1m    731276[0m[34;1m   2003684[0m[34;1m       116[0m
11:24:08   [34;1m    153176[0m[34;1m   1620144[0m[34;1m    239848[0m[34;1m      7.90[0m[34;1m     50284[0m[34;1m   2498928[0m[34;1m   2237028[0m[34;1m     73.68[0m[34;1m    731276[0m[34;1m   2003744[0m[34;1m       128[0m
11:24:09   [34;1m    153176[0m[34;1m   1620144[0m[34;1m    239844[0m[34;1m      7.90[0m[34;1m     50284[0m[34;1m   2498932[0m[34;1m   2237028[0m[34;1m     73.68[0m[34;1m    731276[0m[34;1m   2003864[0m[34;1m       132[0m
11:24:10   [34;1m    153204[0m[34;1m   1620172[0m[34;1m    239808[0m[34;1m      7.90[0m[34;1m     50284[0m[34;1m   2498940[0m[34;1m   2237028[0m[34;1m     73.68[0m[34;1m    731276[0m[34;1m   2003864[0m[34;1m       140[0m
11:24:11   [34;1m    153204[0m[34;1m   1620196[0m[34;1m    239796[0m[34;1m      7.90[0m[34;1m     50284[0m[34;1m   2498952[0m[34;1m   2237028[0m[34;1m     73.68[0m[34;1m    731276[0m[34;1m   2003876[0m[34;1m       152[0m
11:24:12   [34;1m    153204[0m[34;1m   1620200[0m[34;1m    239776[0m[34;1m      7.90[0m[34;1m     50284[0m[34;1m   2498964[0m[34;1m   2241364[0m[34;1m     73.83[0m[34;1m    731276[0m[34;1m   2005456[0m[34;1m       168[0m
11:24:13   [34;1m    152952[0m[34;1m   1619964[0m[34;1m    240020[0m[34;1m      7.91[0m[34;1m     50284[0m[34;1m   2498972[0m[34;1m   2241364[0m[34;1m     73.83[0m[34;1m    731276[0m[34;1m   2005876[0m[34;1m       176[0m
11:24:14   [34;1m    152952[0m[34;1m   1619964[0m[34;1m    240008[0m[34;1m      7.91[0m[34;1m     50288[0m[34;1m   2498980[0m[34;1m   2241364[0m[34;1m     73.83[0m[34;1m    731276[0m[34;1m   2005876[0m[34;1m       184[0m
11:24:15   [34;1m    152952[0m[34;1m   1619980[0m[34;1m    240000[0m[34;1m      7.91[0m[34;1m     50288[0m[34;1m   2498992[0m[34;1m   2237028[0m[34;1m     73.68[0m[34;1m    731276[0m[34;1m   2004276[0m[34;1m       196[0m
11:24:16   [34;1m    152952[0m[34;1m   1619988[0m[34;1m    239992[0m[34;1m      7.90[0m[34;1m     50288[0m[34;1m   2499000[0m[34;1m   2237028[0m[34;1m     73.68[0m[34;1m    731280[0m[34;1m   2004196[0m[34;1m       204[0m
11:24:17   [34;1m    152952[0m[34;1m   1619988[0m[34;1m    239984[0m[34;1m      7.90[0m[34;1m     50288[0m[34;1m   2499008[0m[34;1m   2237028[0m[34;1m     73.68[0m[34;1m    731280[0m[34;1m   2004196[0m[34;1m       212[0m
11:24:18   [34;1m    152952[0m[34;1m   1619992[0m[34;1m    239976[0m[34;1m      7.90[0m[34;1m     50288[0m[34;1m   2499016[0m[34;1m   2237028[0m[34;1m     73.68[0m[34;1m    731280[0m[34;1m   2003816[0m[34;1m       220[0m
11:24:19   [34;1m    152952[0m[34;1m   1620020[0m[34;1m    239960[0m[34;1m      7.90[0m[34;1m     50292[0m[34;1m   2499028[0m[34;1m   2237028[0m[34;1m     73.68[0m[34;1m    731280[0m[34;1m   2003828[0m[34;1m       232[0m
11:24:20   [34;1m    152952[0m[34;1m   1620036[0m[34;1m    239952[0m[34;1m      7.90[0m[34;1m     50292[0m[34;1m   2499036[0m[34;1m   2237028[0m[34;1m     73.68[0m[34;1m    731284[0m[34;1m   2003884[0m[34;1m       240[0m
11:24:21   [34;1m    152952[0m[34;1m   1620044[0m[34;1m    239956[0m[34;1m      7.90[0m[34;1m     50292[0m[34;1m   2499048[0m[34;1m   2237028[0m[34;1m     73.68[0m[34;1m    731276[0m[34;1m   2003820[0m[34;1m       252[0m
11:24:22   [34;1m    152952[0m[34;1m   1620052[0m[34;1m    239948[0m[34;1m      7.90[0m[34;1m     50292[0m[34;1m   2499056[0m[34;1m   2237028[0m[34;1m     73.68[0m[34;1m    731284[0m[34;1m   2003652[0m[34;1m       260[0m
11:24:23   [34;1m    152952[0m[34;1m   1620052[0m[34;1m    239944[0m[34;1m      7.90[0m[34;1m     50292[0m[34;1m   2499060[0m[34;1m   2237028[0m[34;1m     73.68[0m[34;1m    731284[0m[34;1m   2003652[0m[34;1m       264[0m
11:24:24   [34;1m    152952[0m[34;1m   1620076[0m[34;1m    239928[0m[34;1m      7.90[0m[34;1m     50300[0m[34;1m   2499068[0m[34;1m   2237028[0m[34;1m     73.68[0m[34;1m    731292[0m[34;1m   2003820[0m[34;1m       272[0m
11:24:25   [34;1m    152952[0m[34;1m   1620080[0m[34;1m    239916[0m[34;1m      7.90[0m[34;1m     50300[0m[34;1m   2499080[0m[34;1m   2237028[0m[34;1m     73.68[0m[34;1m    731292[0m[34;1m   2004000[0m[34;1m       284[0m
11:24:26   [34;1m    152952[0m[34;1m   1620092[0m[34;1m    239908[0m[34;1m      7.90[0m[34;1m     50300[0m[34;1m   2499088[0m[34;1m   2237028[0m[34;1m     73.68[0m[34;1m    731292[0m[34;1m   2003852[0m[34;1m        24[0m
11:24:27   [34;1m    152952[0m[34;1m   1620096[0m[34;1m    239904[0m[34;1m      7.90[0m[34;1m     50300[0m[34;1m   2499096[0m[34;1m   2237028[0m[34;1m     73.68[0m[34;1m    731292[0m[34;1m   2003856[0m[34;1m        32[0m
11:24:28   [34;1m    152952[0m[34;1m   1620108[0m[34;1m    239900[0m[34;1m      7.90[0m[34;1m     50300[0m[34;1m   2499100[0m[34;1m   2237028[0m[34;1m     73.68[0m[34;1m    731292[0m[34;1m   2003780[0m[34;1m        36[0m
11:24:29   [34;1m    152952[0m[34;1m   1620108[0m[34;1m    239880[0m[34;1m      7.90[0m[34;1m     50308[0m[34;1m   2499112[0m[34;1m   2237028[0m[34;1m     73.68[0m[34;1m    731292[0m[34;1m   2003780[0m[34;1m        56[0m
11:24:30   [34;1m    152952[0m[34;1m   1620128[0m[34;1m    239876[0m[34;1m      7.90[0m[34;1m     50308[0m[34;1m   2499116[0m[34;1m   2237028[0m[34;1m     73.68[0m[34;1m    731300[0m[34;1m   2003728[0m[34;1m        60[0m
11:24:31   [34;1m    152952[0m[34;1m   1620140[0m[34;1m    239864[0m[34;1m      7.90[0m[34;1m     50308[0m[34;1m   2499128[0m[34;1m   2237028[0m[34;1m     73.68[0m[34;1m    731308[0m[34;1m   2003804[0m[34;1m        72[0m
11:24:32   [34;1m    152952[0m[34;1m   1620148[0m[34;1m    239836[0m[34;1m      7.90[0m[34;1m     50308[0m[34;1m   2499136[0m[34;1m   2241364[0m[34;1m     73.83[0m[34;1m    731300[0m[34;1m   2005212[0m[34;1m        80[0m
11:24:33   [34;1m    152952[0m[34;1m   1620156[0m[34;1m    239828[0m[34;1m      7.90[0m[34;1m     50308[0m[34;1m   2499144[0m[34;1m   2241364[0m[34;1m     73.83[0m[34;1m    731300[0m[34;1m   2005332[0m[34;1m        88[0m
11:24:34   [34;1m    152952[0m[34;1m   1620156[0m[34;1m    239820[0m[34;1m      7.90[0m[34;1m     50312[0m[34;1m   2499148[0m[34;1m   2241364[0m[34;1m     73.83[0m[34;1m    731300[0m[34;1m   2005332[0m[34;1m        92[0m
11:24:35   [34;1m    152952[0m[34;1m   1620168[0m[34;1m    239808[0m[34;1m      7.90[0m[34;1m     50312[0m[34;1m   2499160[0m[34;1m   2237028[0m[34;1m     73.68[0m[34;1m    731300[0m[34;1m   2003880[0m[34;1m       104[0m
11:24:36   [34;1m    152952[0m[34;1m   1620184[0m[34;1m    239804[0m[34;1m      7.90[0m[34;1m     50312[0m[34;1m   2499164[0m[34;1m   2237028[0m[34;1m     73.68[0m[34;1m    731304[0m[34;1m   2003960[0m[34;1m         4[0m
11:24:37   [34;1m    152952[0m[34;1m   1620184[0m[34;1m    239816[0m[34;1m      7.90[0m[34;1m     50312[0m[34;1m   2499172[0m[34;1m   2237028[0m[34;1m     73.68[0m[34;1m    731304[0m[34;1m   2003860[0m[34;1m        12[0m
11:24:38   [34;1m    152952[0m[34;1m   1620184[0m[34;1m    239808[0m[34;1m      7.90[0m[34;1m     50312[0m[34;1m   2499180[0m[34;1m   2237028[0m[34;1m     73.68[0m[34;1m    731304[0m[34;1m   2003860[0m[34;1m        20[0m
11:24:39   [34;1m    152952[0m[34;1m   1620208[0m[34;1m    239796[0m[34;1m      7.90[0m[34;1m     50316[0m[34;1m   2499188[0m[34;1m   2237028[0m[34;1m     73.68[0m[34;1m    731304[0m[34;1m   2004324[0m[34;1m        56[0m
11:24:40   [34;1m    152952[0m[34;1m   1620208[0m[34;1m    239788[0m[34;1m      7.90[0m[34;1m     50316[0m[34;1m   2499196[0m[34;1m   2237028[0m[34;1m     73.68[0m[34;1m    731304[0m[34;1m   2004324[0m[34;1m        64[0m
11:24:41   [34;1m    151944[0m[34;1m   1619208[0m[34;1m    240796[0m[34;1m      7.93[0m[34;1m     50316[0m[34;1m   2499196[0m[34;1m   2237028[0m[34;1m     73.68[0m[34;1m    731308[0m[34;1m   2004544[0m[34;22m         0[0m
