Linux 6.6.95 (ssp-study) 	04/21/26 	_x86_64_	(2 CPU)

10:56:40    kbmemfree   kbavail kbmemused  %memused kbbuffers  kbcached  kbcommit   %commit  kbactive   kbinact   kbdirty
10:56:41   [34;1m    142252[0m[34;1m   1181756[0m[34;1m    682340[0m[34;1m     22.48[0m[34;1m     49936[0m[34;1m   2079116[0m[34;1m   3639556[0m[31;1m    119.88[0m[34;1m    884012[0m[34;1m   1871764[0m[34;1m       336[0m
10:56:42   [34;1m    139492[0m[34;1m   1179064[0m[34;1m    685012[0m[34;1m     22.56[0m[34;1m     49936[0m[34;1m   2079172[0m[34;1m   3640132[0m[31;1m    119.90[0m[34;1m    884012[0m[34;1m   1874484[0m[34;1m       392[0m
10:56:43   [34;1m    134200[0m[34;1m   1173788[0m[34;1m    690184[0m[34;1m     22.73[0m[34;1m     49936[0m[34;1m   2079176[0m[34;1m   3658248[0m[31;1m    120.50[0m[34;1m    884012[0m[34;1m   1879652[0m[34;1m       392[0m
10:56:44   [34;1m    130448[0m[34;1m   1170148[0m[34;1m    693660[0m[34;1m     22.85[0m[34;1m     49944[0m[34;1m   2079260[0m[34;1m   3658248[0m[31;1m    120.50[0m[34;1m    884044[0m[34;1m   1881364[0m[34;1m       476[0m
10:56:45   [34;1m    130448[0m[34;1m   1170152[0m[34;1m    693556[0m[34;1m     22.84[0m[34;1m     49948[0m[34;1m   2079256[0m[34;1m   3666572[0m[31;1m    120.77[0m[34;1m    884056[0m[34;1m   1882104[0m[34;1m       476[0m
10:56:46   [34;1m    128684[0m[34;1m   1168512[0m[34;1m    695176[0m[34;1m     22.90[0m[34;1m     49948[0m[34;1m   2079360[0m[34;1m   3670668[0m[31;1m    120.91[0m[34;1m    884060[0m[34;1m   1884488[0m[34;1m       572[0m
10:56:47   [34;1m    125940[0m[34;1m   1165796[0m[34;1m    697728[0m[34;1m     22.98[0m[34;1m     49948[0m[34;1m   2079388[0m[34;1m   3666636[0m[31;1m    120.77[0m[34;1m    884060[0m[34;1m   1885352[0m[34;1m       600[0m
10:56:48   [34;1m    124680[0m[34;1m   1164704[0m[34;1m    698700[0m[34;1m     23.01[0m[34;1m     49948[0m[34;1m   2079524[0m[34;1m   3679056[0m[31;1m    121.18[0m[34;1m    884052[0m[34;1m   1887464[0m[34;1m       728[0m
10:56:49   [34;1m    120676[0m[34;1m   1160808[0m[34;1m    702596[0m[34;1m     23.14[0m[34;1m     49948[0m[34;1m   2079632[0m[34;1m   3679056[0m[31;1m    121.18[0m[34;1m    884052[0m[34;1m   1889512[0m[34;1m       836[0m
10:56:50   [34;1m    120172[0m[34;1m   1160424[0m[34;1m    702884[0m[34;1m     23.15[0m[34;1m     49956[0m[34;1m   2079724[0m[34;1m   3679312[0m[31;1m    121.19[0m[34;1m    884060[0m[34;1m   1889996[0m[34;1m       928[0m
10:56:51   [34;1m    118160[0m[34;1m   1158428[0m[34;1m    704764[0m[34;1m     23.21[0m[34;1m     49964[0m[34;1m   2079736[0m[34;1m   3683408[0m[31;1m    121.32[0m[34;1m    884060[0m[34;1m   1891968[0m[34;1m       948[0m
10:56:52   [34;1m    116956[0m[34;1m   1157476[0m[34;1m    705640[0m[34;1m     23.24[0m[34;1m     49976[0m[34;1m   2079952[0m[34;1m   3683408[0m[31;1m    121.32[0m[34;1m    884080[0m[34;1m   1893252[0m[34;1m      1144[0m
10:56:53   [34;1m    116956[0m[34;1m   1157520[0m[34;1m    705388[0m[34;1m     23.23[0m[34;1m     49976[0m[34;1m   2079988[0m[34;1m   3683664[0m[31;1m    121.33[0m[34;1m    884080[0m[34;1m   1894484[0m[34;1m      1176[0m
10:56:54   [34;1m    114952[0m[34;1m   1155744[0m[34;1m    707112[0m[34;1m     23.29[0m[34;1m     49976[0m[34;1m   2080176[0m[34;1m   3683664[0m[31;1m    121.33[0m[34;1m    884080[0m[34;1m   1895836[0m[34;1m       248[0m
10:56:55   [34;1m    112460[0m[34;1m   1153860[0m[34;1m    708864[0m[34;1m     23.35[0m[34;1m     49976[0m[34;1m   2080788[0m[34;1m   3688016[0m[31;1m    121.48[0m[34;1m    884540[0m[34;1m   1897860[0m[34;1m       484[0m
10:56:56   [34;1m    111452[0m[34;1m   1152976[0m[34;1m    709620[0m[34;1m     23.37[0m[34;1m     50004[0m[34;1m   2080868[0m[34;1m   3688008[0m[31;1m    121.48[0m[34;1m    884540[0m[34;1m   1899260[0m[34;1m       596[0m
10:56:57   [34;1m    108960[0m[34;1m   1150800[0m[34;1m    711728[0m[34;1m     23.44[0m[34;1m     50016[0m[34;1m   2081152[0m[34;1m   3688072[0m[31;1m    121.48[0m[34;1m    884552[0m[34;1m   1901840[0m[34;1m       900[0m
10:56:58   [34;1m    107196[0m[34;1m   1149188[0m[34;1m    713124[0m[34;1m     23.49[0m[34;1m     50016[0m[34;1m   2081304[0m[34;1m   3692232[0m[31;1m    121.62[0m[34;1m    884556[0m[34;1m   1903448[0m[34;1m      1048[0m
10:56:59   [34;1m    104704[0m[34;1m   1146832[0m[34;1m    715488[0m[34;1m     23.57[0m[34;1m     50016[0m[34;1m   2081452[0m[34;1m   3692296[0m[31;1m    121.62[0m[34;1m    884556[0m[34;1m   1904884[0m[34;1m      1196[0m
10:57:00   [34;1m    104452[0m[34;1m   1146804[0m[34;1m    715292[0m[34;1m     23.56[0m[34;1m     50016[0m[34;1m   2081672[0m[34;1m   3692296[0m[31;1m    121.62[0m[34;1m    884556[0m[34;1m   1905876[0m[34;1m      1412[0m
10:57:01   [34;1m    102324[0m[34;1m   1144872[0m[34;1m    717228[0m[34;1m     23.62[0m[34;1m     50016[0m[34;1m   2081832[0m[34;1m   3692296[0m[31;1m    121.62[0m[34;1m    884556[0m[34;1m   1907344[0m[34;1m      1572[0m
10:57:02   [34;1m    109672[0m[34;1m   1145916[0m[34;1m    716040[0m[34;1m     23.59[0m[34;1m     49908[0m[34;1m   2075568[0m[34;1m   3775988[0m[31;1m    124.37[0m[34;1m    882428[0m[34;1m   1906616[0m[34;1m       100[0m
10:57:03   [34;1m    106152[0m[34;1m   1142616[0m[34;1m    718924[0m[34;1m     23.68[0m[34;1m     49916[0m[34;1m   2075908[0m[34;1m   3701000[0m[31;1m    121.90[0m[34;1m    882504[0m[34;1m   1907612[0m[34;1m       200[0m
10:57:04   [34;1m    102152[0m[34;1m   1139000[0m[34;1m    722540[0m[34;1m     23.80[0m[34;1m     49916[0m[34;1m   2076136[0m[34;1m   3705096[0m[31;1m    122.04[0m[34;1m    882580[0m[34;1m   1909532[0m[34;1m       476[0m
10:57:05   [34;1m    116264[0m[34;1m   1140764[0m[34;1m    720432[0m[34;1m     23.73[0m[34;1m     49712[0m[34;1m   2064000[0m[34;1m   3709192[0m[31;1m    122.17[0m[34;1m    879312[0m[34;1m   1902464[0m[34;1m       736[0m
10:57:06   [34;1m    113576[0m[34;1m   1138624[0m[34;1m    722576[0m[34;1m     23.80[0m[34;1m     49712[0m[34;1m   2064392[0m[34;1m   3709704[0m[31;1m    122.19[0m[34;1m    879540[0m[34;1m   1904296[0m[34;1m       928[0m
10:57:07   [34;1m    112820[0m[34;1m   1138260[0m[34;1m    722856[0m[34;1m     23.81[0m[34;1m     49724[0m[34;1m   2064760[0m[34;1m   3705096[0m[31;1m    122.04[0m[34;1m    879608[0m[34;1m   1903344[0m[34;1m      1252[0m
10:57:08   [34;1m    111852[0m[34;1m   1137528[0m[34;1m    723476[0m[34;1m     23.83[0m[34;1m     49724[0m[34;1m   2064992[0m[34;1m   3705096[0m[31;1m    122.04[0m[34;1m    879676[0m[34;1m   1905408[0m[34;1m      1412[0m
10:57:09   [34;1m    109836[0m[34;1m   1135836[0m[34;1m    724844[0m[34;1m     23.88[0m[34;1m     49732[0m[34;1m   2065392[0m[34;1m   3709192[0m[31;1m    122.17[0m[34;1m    879684[0m[34;1m   1906528[0m[34;1m      1808[0m
10:57:10   [34;1m    108616[0m[34;1m   1134880[0m[34;1m    725824[0m[34;1m     23.91[0m[34;1m     49732[0m[34;1m   2065620[0m[34;1m   3709192[0m[31;1m    122.17[0m[34;1m    879684[0m[34;1m   1907812[0m[34;1m      2036[0m
10:57:11   [34;1m    107608[0m[34;1m   1134212[0m[34;1m    726432[0m[34;1m     23.93[0m[34;1m     49732[0m[34;1m   2065876[0m[34;1m   3709192[0m[31;1m    122.17[0m[34;1m    879684[0m[34;1m   1909072[0m[34;1m      2292[0m
10:57:12   [34;1m    106124[0m[34;1m   1132948[0m[34;1m    727684[0m[34;1m     23.97[0m[34;1m     49732[0m[34;1m   2066080[0m[34;1m   3709192[0m[31;1m    122.17[0m[34;1m    879684[0m[34;1m   1910192[0m[34;1m      2496[0m
10:57:13   [34;1m    104612[0m[34;1m   1131796[0m[34;1m    728832[0m[34;1m     24.01[0m[34;1m     49732[0m[34;1m   2066408[0m[34;1m   3709448[0m[31;1m    122.18[0m[34;1m    879684[0m[34;1m   1911484[0m[34;1m      2812[0m
10:57:14   [34;1m    102596[0m[34;1m   1130092[0m[34;1m    730404[0m[34;1m     24.06[0m[34;1m     49740[0m[34;1m   2066776[0m[34;1m   3709512[0m[31;1m    122.18[0m[34;1m    879692[0m[34;1m   1912792[0m[34;1m      3192[0m
10:57:15   [34;1m    102372[0m[34;1m   1130060[0m[34;1m    730388[0m[34;1m     24.06[0m[34;1m     49748[0m[34;1m   2067016[0m[34;1m   3709576[0m[31;1m    122.19[0m[34;1m    879692[0m[34;1m   1912716[0m[34;1m      3440[0m
10:57:16   [34;1m    102372[0m[34;1m   1130460[0m[34;1m    730092[0m[34;1m     24.05[0m[34;1m     49748[0m[34;1m   2067324[0m[34;1m   3709640[0m[31;1m    122.19[0m[34;1m    879700[0m[34;1m   1913164[0m[34;1m      3736[0m
10:57:17   [34;1m    102148[0m[34;1m   1130488[0m[34;1m    730060[0m[34;1m     24.05[0m[34;1m     49748[0m[34;1m   2067568[0m[34;1m   3709640[0m[31;1m    122.19[0m[34;1m    879700[0m[34;1m   1913524[0m[34;1m      3980[0m
10:57:18   [34;1m    116224[0m[34;1m   1132416[0m[34;1m    728152[0m[34;1m     23.98[0m[34;1m     49552[0m[34;1m   2055620[0m[34;1m   3709640[0m[31;1m    122.19[0m[34;1m    876684[0m[34;1m   1904664[0m[34;1m      4296[0m
10:57:19   [34;1m    114964[0m[34;1m   1131392[0m[34;1m    729272[0m[34;1m     24.02[0m[34;1m     49552[0m[34;1m   2055760[0m[34;1m   3709640[0m[31;1m    122.19[0m[34;1m    876700[0m[34;1m   1905008[0m[34;1m      4432[0m
10:57:20   [34;1m    114008[0m[34;1m   1130948[0m[34;1m    729508[0m[34;1m     24.03[0m[34;1m     49560[0m[34;1m   2056264[0m[34;1m   3709640[0m[31;1m    122.19[0m[34;1m    876808[0m[34;1m   1905040[0m[34;1m      4836[0m
10:57:21   [34;1m    113756[0m[34;1m   1130892[0m[34;1m    729508[0m[34;1m     24.03[0m[34;1m     49568[0m[34;1m   2056544[0m[34;1m   3709640[0m[31;1m    122.19[0m[34;1m    876836[0m[34;1m   1905284[0m[34;1m      5092[0m
10:57:22   [34;1m    113504[0m[34;1m   1131096[0m[34;1m    729308[0m[34;1m     24.02[0m[34;1m     49572[0m[34;1m   2056988[0m[34;1m   3709640[0m[31;1m    122.19[0m[34;1m    876960[0m[34;1m   1905960[0m[34;1m      5312[0m
10:57:23   [34;1m    112248[0m[34;1m   1130068[0m[34;1m    730400[0m[34;1m     24.06[0m[34;1m     49572[0m[34;1m   2057148[0m[34;1m   3714248[0m[31;1m    122.34[0m[34;1m    876984[0m[34;1m   1906780[0m[34;1m      5520[0m
10:57:24   [34;1m    109756[0m[34;1m   1128024[0m[34;1m    732400[0m[34;1m     24.12[0m[34;1m     49572[0m[34;1m   2057556[0m[34;1m   3714248[0m[31;1m    122.34[0m[34;1m    877032[0m[34;1m   1907700[0m[34;1m      5928[0m
10:57:25   [34;1m    109252[0m[34;1m   1127740[0m[34;1m    732760[0m[34;1m     24.14[0m[34;1m     49572[0m[34;1m   2057696[0m[34;1m   3714248[0m[31;1m    122.34[0m[34;1m    877028[0m[34;1m   1907952[0m[34;1m      6068[0m
10:57:26   [34;1m    109028[0m[34;1m   1127796[0m[34;1m    732584[0m[34;1m     24.13[0m[34;1m     49572[0m[34;1m   2058068[0m[34;1m   3714248[0m[31;1m    122.34[0m[34;1m    877028[0m[34;1m   1908388[0m[34;1m      6440[0m
10:57:27   [34;1m    108552[0m[34;1m   1127632[0m[34;1m    732860[0m[34;1m     24.14[0m[34;1m     49576[0m[34;1m   2058284[0m[34;1m   3717964[0m[31;1m    122.46[0m[34;1m    877028[0m[34;1m   1907328[0m[34;1m      6660[0m
10:57:28   [34;1m    108552[0m[34;1m   1127892[0m[34;1m    732528[0m[34;1m     24.13[0m[34;1m     49576[0m[34;1m   2058672[0m[34;1m   3717964[0m[31;1m    122.46[0m[34;1m    877032[0m[34;1m   1907588[0m[34;1m      7040[0m
10:57:29   [34;1m    108052[0m[34;1m   1127556[0m[34;1m    732848[0m[34;1m     24.14[0m[34;1m     49576[0m[34;1m   2058836[0m[34;1m   3717964[0m[31;1m    122.46[0m[34;1m    877032[0m[34;1m   1907768[0m[34;1m      7204[0m
10:57:30   [34;1m    107576[0m[34;1m   1127488[0m[34;1m    732944[0m[34;1m     24.14[0m[34;1m     49576[0m[34;1m   2059220[0m[34;1m   3717964[0m[31;1m    122.46[0m[34;1m    877032[0m[34;1m   1907284[0m[34;1m      7588[0m
10:57:31   [34;1m    107576[0m[34;1m   1127744[0m[34;1m    732652[0m[34;1m     24.13[0m[34;1m     49576[0m[34;1m   2059496[0m[34;1m   3717964[0m[31;1m    122.46[0m[34;1m    877032[0m[34;1m   1907568[0m[34;1m      7864[0m
10:57:32   [34;1m    107100[0m[34;1m   1127552[0m[34;1m    732820[0m[34;1m     24.14[0m[34;1m     49580[0m[34;1m   2059796[0m[34;1m   3726288[0m[31;1m    122.74[0m[34;1m    877036[0m[34;1m   1907896[0m[34;1m      8164[0m
10:57:33   [34;1m    107100[0m[34;1m   1127904[0m[34;1m    732588[0m[34;1m     24.13[0m[34;1m     49592[0m[34;1m   2060020[0m[34;1m   3726288[0m[31;1m    122.74[0m[34;1m    877236[0m[34;1m   1908016[0m[34;1m       100[0m
10:57:34   [34;1m    106596[0m[34;1m   1127712[0m[34;1m    732740[0m[34;1m     24.14[0m[34;1m     49592[0m[34;1m   2060368[0m[34;1m   3726288[0m[31;1m    122.74[0m[34;1m    877244[0m[34;1m   1909024[0m[34;1m       396[0m
10:57:35   [34;1m    106596[0m[34;1m   1127928[0m[34;1m    732488[0m[34;1m     24.13[0m[34;1m     49592[0m[34;1m   2060620[0m[34;1m   3726288[0m[31;1m    122.74[0m[34;1m    877248[0m[34;1m   1909048[0m[34;1m       648[0m
10:57:36   [34;1m    106372[0m[34;1m   1127972[0m[34;1m    732448[0m[34;1m     24.13[0m[34;1m     49592[0m[34;1m   2060884[0m[34;1m   3726288[0m[31;1m    122.74[0m[34;1m    877248[0m[34;1m   1909512[0m[34;1m       916[0m
10:57:37   [34;1m    105620[0m[34;1m   1127516[0m[34;1m    732932[0m[34;1m     24.14[0m[34;1m     49608[0m[34;1m   2061132[0m[34;1m   3726288[0m[31;1m    122.74[0m[34;1m    877248[0m[34;1m   1910452[0m[34;1m      1180[0m
10:57:38   [34;1m    105368[0m[34;1m   1127560[0m[34;1m    732868[0m[34;1m     24.14[0m[34;1m     49608[0m[34;1m   2061448[0m[34;1m   3726288[0m[31;1m    122.74[0m[34;1m    877264[0m[34;1m   1910912[0m[34;1m      1528[0m
10:57:39   [34;1m    104136[0m[34;1m   1126568[0m[34;1m    733716[0m[34;1m     24.17[0m[34;1m     49612[0m[34;1m   2061820[0m[34;1m   3726288[0m[31;1m    122.74[0m[34;1m    877264[0m[34;1m   1911264[0m[34;1m      1792[0m
10:57:40   [34;1m    103660[0m[34;1m   1126476[0m[34;1m    733940[0m[34;1m     24.17[0m[34;1m     49612[0m[34;1m   2062080[0m[34;1m   3726288[0m[31;1m    122.74[0m[34;1m    877352[0m[34;1m   1911568[0m[34;1m      2076[0m
10:57:41   [34;1m    103184[0m[34;1m   1126232[0m[34;1m    734132[0m[34;1m     24.18[0m[34;1m     49612[0m[34;1m   2062344[0m[34;1m   3726288[0m[31;1m    122.74[0m[34;1m    877352[0m[34;1m   1911828[0m[34;1m      2340[0m
10:57:42   [34;1m    102932[0m[34;1m   1126324[0m[34;1m    734152[0m[34;1m     24.18[0m[34;1m     49612[0m[34;1m   2062576[0m[34;1m   3726288[0m[31;1m    122.74[0m[34;1m    877352[0m[34;1m   1912356[0m[34;1m      2572[0m
10:57:43   [34;1m    101448[0m[34;1m   1125112[0m[34;1m    735304[0m[34;1m     24.22[0m[34;1m     49612[0m[34;1m   2062820[0m[34;1m   3730896[0m[31;1m    122.89[0m[34;1m    877352[0m[34;1m   1914036[0m[34;1m      2816[0m
10:57:44   [34;1m    105596[0m[34;1m   1127884[0m[34;1m    732524[0m[34;1m     24.13[0m[34;1m     49600[0m[34;1m   2061508[0m[34;1m   3735248[0m[31;1m    123.03[0m[34;1m    876840[0m[34;1m   1914080[0m[34;1m         8[0m
10:57:45   [34;1m    104912[0m[34;1m   1127292[0m[34;1m    733120[0m[34;1m     24.15[0m[34;1m     49600[0m[34;1m   2061648[0m[34;1m   3735248[0m[31;1m    123.03[0m[34;1m    876836[0m[34;1m   1914636[0m[34;1m       160[0m
10:57:46   [34;1m    104184[0m[34;1m   1127060[0m[34;1m    733276[0m[34;1m     24.15[0m[34;1m     49600[0m[34;1m   2062176[0m[34;1m   3735248[0m[31;1m    123.03[0m[34;1m    876960[0m[34;1m   1915164[0m[34;1m       552[0m
10:57:47   [34;1m    103684[0m[34;1m   1126772[0m[34;1m    733620[0m[34;1m     24.16[0m[34;1m     49600[0m[34;1m   2062356[0m[34;1m   3730640[0m[31;1m    122.88[0m[34;1m    877000[0m[34;1m   1913944[0m[34;1m       732[0m
10:57:48   [34;1m    103684[0m[34;1m   1127308[0m[34;1m    733048[0m[34;1m     24.15[0m[34;1m     49600[0m[34;1m   2062940[0m[34;1m   3730640[0m[31;1m    122.88[0m[34;1m    877204[0m[34;1m   1914452[0m[34;1m      1064[0m
10:57:49   [34;1m    102204[0m[34;1m   1126220[0m[34;1m    734208[0m[34;1m     24.18[0m[34;1m     49600[0m[34;1m   2063260[0m[34;1m   3730640[0m[31;1m    122.88[0m[34;1m    877232[0m[34;1m   1915168[0m[34;1m      1384[0m
10:57:50   [34;1m    101980[0m[34;1m   1126236[0m[34;1m    734184[0m[34;1m     24.18[0m[34;1m     49600[0m[34;1m   2063536[0m[34;1m   3730640[0m[31;1m    122.88[0m[34;1m    877232[0m[34;1m   1915120[0m[34;1m      1680[0m
10:57:51   [34;1m    101980[0m[34;1m   1126524[0m[34;1m    733880[0m[34;1m     24.17[0m[34;1m     49604[0m[34;1m   2063836[0m[34;1m   3730640[0m[31;1m    122.88[0m[34;1m    877232[0m[34;1m   1915400[0m[34;1m      1984[0m
10:57:52   [34;1m    101504[0m[34;1m   1126408[0m[34;1m    734012[0m[34;1m     24.18[0m[34;1m     49616[0m[34;1m   2064128[0m[34;1m   3730640[0m[31;1m    122.88[0m[34;1m    877248[0m[34;1m   1915920[0m[34;1m      2264[0m
10:57:53   [34;1m    101252[0m[34;1m   1126324[0m[34;1m    734104[0m[34;1m     24.18[0m[34;1m     49616[0m[34;1m   2064320[0m[34;1m   3730640[0m[31;1m    122.88[0m[34;1m    877248[0m[34;1m   1915332[0m[34;1m      2460[0m
10:57:54   [34;1m    100244[0m[34;1m   1125792[0m[34;1m    734632[0m[34;1m     24.20[0m[34;1m     49616[0m[34;1m   2064772[0m[34;1m   3730640[0m[31;1m    122.88[0m[34;1m    877288[0m[34;1m   1916012[0m[34;1m      2880[0m
10:57:55   [34;1m    115624[0m[34;1m   1128780[0m[34;1m    731500[0m[34;1m     24.09[0m[34;1m     49416[0m[34;1m   2052720[0m[34;1m   3730640[0m[31;1m    122.88[0m[34;1m    874008[0m[34;1m   1906956[0m[34;1m      3124[0m
10:57:56   [34;1m    115024[0m[34;1m   1128692[0m[34;1m    731744[0m[34;1m     24.10[0m[34;1m     49416[0m[34;1m   2053100[0m[34;1m   3730640[0m[31;1m    122.88[0m[34;1m    874184[0m[34;1m   1907396[0m[34;1m      3396[0m
10:57:57   [34;1m    114056[0m[34;1m   1127956[0m[34;1m    732456[0m[34;1m     24.13[0m[34;1m     49428[0m[34;1m   2053344[0m[34;1m   3730640[0m[31;1m    122.88[0m[34;1m    874184[0m[34;1m   1907804[0m[34;1m      3652[0m
10:57:58   [34;1m    113300[0m[34;1m   1127564[0m[34;1m    732844[0m[34;1m     24.14[0m[34;1m     49428[0m[34;1m   2053708[0m[34;1m   3734736[0m[31;1m    123.02[0m[34;1m    874228[0m[34;1m   1908640[0m[34;1m      3976[0m
10:57:59   [34;1m    111820[0m[34;1m   1126352[0m[34;1m    734052[0m[34;1m     24.18[0m[34;1m     49428[0m[34;1m   2053980[0m[34;1m   3734736[0m[31;1m    123.02[0m[34;1m    874228[0m[34;1m   1909020[0m[34;1m      4248[0m
10:58:00   [34;1m    111820[0m[34;1m   1126672[0m[34;1m    733724[0m[34;1m     24.17[0m[34;1m     49428[0m[34;1m   2054296[0m[34;1m   3734736[0m[31;1m    123.02[0m[34;1m    874280[0m[34;1m   1909192[0m[34;1m      4484[0m
10:58:01   [34;1m    111596[0m[34;1m   1126712[0m[34;1m    733608[0m[34;1m     24.16[0m[34;1m     49428[0m[34;1m   2054592[0m[34;1m   3734736[0m[31;1m    123.02[0m[34;1m    874280[0m[34;1m   1909416[0m[34;1m      4780[0m
10:58:02   [34;1m    111120[0m[34;1m   1126600[0m[34;1m    733800[0m[34;1m     24.17[0m[34;1m     49436[0m[34;1m   2054908[0m[34;1m   3734736[0m[31;1m    123.02[0m[34;1m    874288[0m[34;1m   1909740[0m[34;1m      5096[0m
10:58:03   [34;1m    106584[0m[34;1m   1122304[0m[34;1m    738132[0m[34;1m     24.31[0m[34;1m     49444[0m[34;1m   2055128[0m[34;1m   3739344[0m[31;1m    123.17[0m[34;1m    874292[0m[34;1m   1911944[0m[34;1m      5324[0m
10:58:04   [34;1m    105324[0m[34;1m   1121352[0m[34;1m    739020[0m[34;1m     24.34[0m[34;1m     49444[0m[34;1m   2055432[0m[34;1m   3739344[0m[31;1m    123.17[0m[34;1m    874300[0m[34;1m   1912840[0m[34;1m      5616[0m
10:58:05   [34;1m    105072[0m[34;1m   1121412[0m[34;1m    738968[0m[34;1m     24.34[0m[34;1m     49444[0m[34;1m   2055752[0m[34;1m   3739344[0m[31;1m    123.17[0m[34;1m    874376[0m[34;1m   1913012[0m[34;1m      5860[0m
10:58:06   [34;1m    104596[0m[34;1m   1121228[0m[34;1m    739148[0m[34;1m     24.35[0m[34;1m     49444[0m[34;1m   2056048[0m[34;1m   3739344[0m[31;1m    123.17[0m[34;1m    874376[0m[34;1m   1913564[0m[34;1m      6156[0m
10:58:07   [34;1m    104344[0m[34;1m   1121168[0m[34;1m    739196[0m[34;1m     24.35[0m[34;1m     49460[0m[34;1m   2056236[0m[34;1m   3734736[0m[31;1m    123.02[0m[34;1m    874376[0m[34;1m   1912404[0m[34;1m      6360[0m
10:58:08   [34;1m    104116[0m[34;1m   1121364[0m[34;1m    739124[0m[34;1m     24.35[0m[34;1m     49460[0m[34;1m   2056544[0m[34;1m   3734736[0m[31;1m    123.02[0m[34;1m    874396[0m[34;1m   1912992[0m[34;1m      6640[0m
10:58:09   [34;1m    103864[0m[34;1m   1121336[0m[34;1m    739032[0m[34;1m     24.34[0m[34;1m     49468[0m[34;1m   2056864[0m[34;1m   3734736[0m[31;1m    123.02[0m[34;1m    874396[0m[34;1m   1913312[0m[34;1m      6968[0m
10:58:10   [34;1m    103864[0m[34;1m   1121600[0m[34;1m    738752[0m[34;1m     24.33[0m[34;1m     49468[0m[34;1m   2057168[0m[34;1m   3734736[0m[31;1m    123.02[0m[34;1m    874400[0m[34;1m   1913608[0m[34;1m       128[0m
10:58:11   [34;1m    103388[0m[34;1m   1121308[0m[34;1m    738952[0m[34;1m     24.34[0m[34;1m     49468[0m[34;1m   2057424[0m[34;1m   3734736[0m[31;1m    123.02[0m[34;1m    874400[0m[34;1m   1913800[0m[34;1m       372[0m
10:58:12   [34;1m    103136[0m[34;1m   1121440[0m[34;1m    738908[0m[34;1m     24.34[0m[34;1m     49468[0m[34;1m   2057712[0m[34;1m   3734736[0m[31;1m    123.02[0m[34;1m    874404[0m[34;1m   1914228[0m[34;1m       660[0m
10:58:13   [34;1m    102884[0m[34;1m   1121396[0m[34;1m    738896[0m[34;1m     24.34[0m[34;1m     49468[0m[34;1m   2058008[0m[34;1m   3734736[0m[31;1m    123.02[0m[34;1m    874404[0m[34;1m   1914548[0m[34;1m       956[0m
10:58:14   [34;1m    102156[0m[34;1m   1121104[0m[34;1m    739272[0m[34;1m     24.35[0m[34;1m     49476[0m[34;1m   2058316[0m[34;1m   3734736[0m[31;1m    123.02[0m[34;1m    874412[0m[34;1m   1915328[0m[34;1m      1340[0m
10:58:15   [34;1m    102156[0m[34;1m   1121308[0m[34;1m    738972[0m[34;1m     24.34[0m[34;1m     49480[0m[34;1m   2058616[0m[34;1m   3734736[0m[31;1m    123.02[0m[34;1m    874476[0m[34;1m   1915396[0m[34;1m      1480[0m
10:58:16   [34;1m    101680[0m[34;1m   1121180[0m[34;1m    739196[0m[34;1m     24.35[0m[34;1m     49480[0m[34;1m   2058892[0m[34;1m   3734736[0m[31;1m    123.02[0m[34;1m    874480[0m[34;1m   1915828[0m[34;1m      1844[0m
10:58:17   [34;1m    100956[0m[34;1m   1120676[0m[34;1m    739724[0m[34;1m     24.37[0m[34;1m     49480[0m[34;1m   2059080[0m[34;1m   3734736[0m[31;1m    123.02[0m[34;1m    874480[0m[34;1m   1916048[0m[34;1m      2032[0m
10:58:18   [34;1m    118732[0m[34;1m   1126104[0m[34;1m    734288[0m[34;1m     24.19[0m[34;1m     49280[0m[34;1m   2047036[0m[34;1m   3734736[0m[31;1m    123.02[0m[34;1m    871208[0m[34;1m   1907172[0m[34;1m      2420[0m
10:58:19   [34;1m    116480[0m[34;1m   1124296[0m[34;1m    736148[0m[34;1m     24.25[0m[34;1m     49288[0m[34;1m   2047420[0m[34;1m   3734736[0m[31;1m    123.02[0m[34;1m    871364[0m[34;1m   1907484[0m[34;1m      2700[0m
10:58:20   [34;1m    116480[0m[34;1m   1124580[0m[34;1m    735808[0m[34;1m     24.24[0m[34;1m     49288[0m[34;1m   2047732[0m[34;1m   3734736[0m[31;1m    123.02[0m[34;1m    871380[0m[34;1m   1907132[0m[34;1m      3004[0m
10:58:21   [34;1m    116228[0m[34;1m   1124472[0m[34;1m    735940[0m[34;1m     24.24[0m[34;1m     49288[0m[34;1m   2047884[0m[34;1m   3734736[0m[31;1m    123.02[0m[34;1m    871380[0m[34;1m   1907264[0m[34;1m      3156[0m
10:58:22   [34;1m    115724[0m[34;1m   1124484[0m[34;1m    735936[0m[34;1m     24.24[0m[34;1m     49304[0m[34;1m   2048352[0m[34;1m   3734736[0m[31;1m    123.02[0m[34;1m    871488[0m[34;1m   1907720[0m[34;1m      3524[0m
10:58:23   [34;1m    115000[0m[34;1m   1124044[0m[34;1m    736288[0m[34;1m     24.25[0m[34;1m     49304[0m[34;1m   2048728[0m[34;1m   3739344[0m[31;1m    123.17[0m[34;1m    871588[0m[34;1m   1908344[0m[34;1m      3700[0m
10:58:24   [34;1m    114748[0m[34;1m   1124312[0m[34;1m    736220[0m[34;1m     24.25[0m[34;1m     49304[0m[34;1m   2049052[0m[34;1m   3739344[0m[31;1m    123.17[0m[34;1m    871656[0m[34;1m   1909024[0m[34;1m      4052[0m
10:58:25   [34;1m    114524[0m[34;1m   1124292[0m[34;1m    736120[0m[34;1m     24.25[0m[34;1m     49304[0m[34;1m   2049360[0m[34;1m   3739344[0m[31;1m    123.17[0m[34;1m    871668[0m[34;1m   1909264[0m[34;1m      4360[0m
10:58:26   [34;1m    114524[0m[34;1m   1124504[0m[34;1m    735820[0m[34;1m     24.24[0m[34;1m     49304[0m[34;1m   2049668[0m[34;1m   3739344[0m[31;1m    123.17[0m[34;1m    871668[0m[34;1m   1909556[0m[34;1m      4668[0m
10:58:27   [34;1m    114048[0m[34;1m   1124356[0m[34;1m    736040[0m[34;1m     24.24[0m[34;1m     49312[0m[34;1m   2049916[0m[34;1m   3734736[0m[31;1m    123.02[0m[34;1m    871668[0m[34;1m   1908520[0m[34;1m      4924[0m
10:58:28   [34;1m    113824[0m[34;1m   1124628[0m[34;1m    735812[0m[34;1m     24.24[0m[34;1m     49316[0m[34;1m   2050376[0m[34;1m   3734736[0m[31;1m    123.02[0m[34;1m    871816[0m[34;1m   1908688[0m[34;1m      5232[0m
10:58:29   [34;1m    113320[0m[34;1m   1124336[0m[34;1m    736136[0m[34;1m     24.25[0m[34;1m     49316[0m[34;1m   2050548[0m[34;1m   3734736[0m[31;1m    123.02[0m[34;1m    871816[0m[34;1m   1908988[0m[34;1m      5404[0m
10:58:30   [34;1m    113320[0m[34;1m   1124608[0m[34;1m    735808[0m[34;1m     24.24[0m[34;1m     49316[0m[34;1m   2050848[0m[34;1m   3734736[0m[31;1m    123.02[0m[34;1m    871816[0m[34;1m   1909372[0m[34;1m      5700[0m
10:58:31   [34;1m    113096[0m[34;1m   1124644[0m[34;1m    735736[0m[34;1m     24.23[0m[34;1m     49316[0m[34;1m   2051168[0m[34;1m   3734736[0m[31;1m    123.02[0m[34;1m    871816[0m[34;1m   1909556[0m[34;1m      6020[0m
10:58:32   [34;1m    113096[0m[34;1m   1124972[0m[34;1m    735352[0m[34;1m     24.22[0m[34;1m     49316[0m[34;1m   2051500[0m[34;1m   3734736[0m[31;1m    123.02[0m[34;1m    871816[0m[34;1m   1910000[0m[34;1m      6352[0m
10:58:33   [34;1m    112596[0m[34;1m   1124780[0m[34;1m    735628[0m[34;1m     24.23[0m[34;1m     49324[0m[34;1m   2051760[0m[34;1m   3734736[0m[31;1m    123.02[0m[34;1m    871816[0m[34;1m   1909948[0m[34;1m      6616[0m
10:58:34   [34;1m    110608[0m[34;1m   1123068[0m[34;1m    737340[0m[34;1m     24.29[0m[34;1m     49324[0m[34;1m   2052020[0m[34;1m   3734736[0m[31;1m    123.02[0m[34;1m    871824[0m[34;1m   1910868[0m[34;1m      6868[0m
10:58:35   [34;1m    110608[0m[34;1m   1123348[0m[34;1m    737152[0m[34;1m     24.28[0m[34;1m     49324[0m[34;1m   2052216[0m[34;1m   3734736[0m[31;1m    123.02[0m[34;1m    871824[0m[34;1m   1911028[0m[34;1m      7064[0m
10:58:36   [34;1m    110608[0m[34;1m   1123648[0m[34;1m    736748[0m[34;1m     24.27[0m[34;1m     49324[0m[34;1m   2052612[0m[34;1m   3734736[0m[31;1m    123.02[0m[34;1m    871832[0m[34;1m   1911400[0m[34;1m      7460[0m
10:58:37   [34;1m    110608[0m[34;1m   1123896[0m[34;1m    736504[0m[34;1m     24.26[0m[34;1m     49332[0m[34;1m   2052856[0m[34;1m   3734736[0m[31;1m    123.02[0m[34;1m    871832[0m[34;1m   1911720[0m[34;1m      7712[0m
10:58:38   [34;1m    110132[0m[34;1m   1123648[0m[34;1m    736684[0m[34;1m     24.27[0m[34;1m     49332[0m[34;1m   2053152[0m[34;1m   3734736[0m[31;1m    123.02[0m[34;1m    871840[0m[34;1m   1911848[0m[34;1m      7992[0m
10:58:39   [34;1m    109628[0m[34;1m   1123480[0m[34;1m    736904[0m[34;1m     24.27[0m[34;1m     49336[0m[34;1m   2053432[0m[34;1m   3775628[0m[31;1m    124.36[0m[34;1m    871840[0m[34;1m   1912580[0m[34;1m      8276[0m
10:58:40   [34;1m    109124[0m[34;1m   1123352[0m[34;1m    737120[0m[34;1m     24.28[0m[34;1m     49336[0m[34;1m   2053672[0m[34;1m   3734736[0m[31;1m    123.02[0m[34;1m    871844[0m[34;1m   1912720[0m[34;1m      8496[0m
10:58:41   [34;1m    109124[0m[34;1m   1123560[0m[34;1m    736832[0m[34;1m     24.27[0m[34;1m     49336[0m[34;1m   2053968[0m[34;1m   3734736[0m[31;1m    123.02[0m[34;1m    871844[0m[34;1m   1912900[0m[34;1m       316[0m
10:58:42   [34;1m    109124[0m[34;1m   1123836[0m[34;1m    736516[0m[34;1m     24.26[0m[34;1m     49336[0m[34;1m   2054284[0m[34;1m   3734736[0m[31;1m    123.02[0m[34;1m    871844[0m[34;1m   1913376[0m[34;1m       592[0m
10:58:43   [34;1m    106636[0m[34;1m   1121604[0m[34;1m    738780[0m[34;1m     24.33[0m[34;1m     49336[0m[34;1m   2054432[0m[34;1m   3739344[0m[31;1m    123.17[0m[34;1m    871844[0m[34;1m   1915056[0m[34;1m       740[0m
10:58:44   [34;1m    105880[0m[34;1m   1121096[0m[34;1m    739264[0m[34;1m     24.35[0m[34;1m     49340[0m[34;1m   2054772[0m[34;1m   3739344[0m[31;1m    123.17[0m[34;1m    871844[0m[34;1m   1915752[0m[34;1m      1088[0m
10:58:45   [34;1m    104872[0m[34;1m   1120436[0m[34;1m    739952[0m[34;1m     24.37[0m[34;1m     49344[0m[34;1m   2055084[0m[34;1m   3739344[0m[31;1m    123.17[0m[34;1m    871848[0m[34;1m   1916192[0m[34;1m      1404[0m
10:58:46   [34;1m    104872[0m[34;1m   1120740[0m[34;1m    739600[0m[34;1m     24.36[0m[34;1m     49344[0m[34;1m   2055408[0m[34;1m   3739344[0m[31;1m    123.17[0m[34;1m    871856[0m[34;1m   1916636[0m[34;1m      1620[0m
10:58:47   [34;1m    104620[0m[34;1m   1120688[0m[34;1m    739716[0m[34;1m     24.36[0m[34;1m     49344[0m[34;1m   2055544[0m[34;1m   3734736[0m[31;1m    123.02[0m[34;1m    871852[0m[34;1m   1915452[0m[34;1m      1752[0m
10:58:48   [34;1m    104620[0m[34;1m   1120960[0m[34;1m    739392[0m[34;1m     24.35[0m[34;1m     49344[0m[34;1m   2055876[0m[34;1m   3734736[0m[31;1m    123.02[0m[34;1m    871848[0m[34;1m   1915580[0m[34;1m      2088[0m
10:58:49   [34;1m    104396[0m[34;1m   1121052[0m[34;1m    739296[0m[34;1m     24.35[0m[34;1m     49344[0m[34;1m   2056228[0m[34;1m   3734736[0m[31;1m    123.02[0m[34;1m    871908[0m[34;1m   1915836[0m[34;1m      2368[0m
10:58:50   [34;1m    103892[0m[34;1m   1120852[0m[34;1m    739484[0m[34;1m     24.36[0m[34;1m     49344[0m[34;1m   2056512[0m[34;1m   3734736[0m[31;1m    123.02[0m[34;1m    871920[0m[34;1m   1915324[0m[34;1m      2688[0m
10:58:51   [34;1m    103892[0m[34;1m   1121128[0m[34;1m    739244[0m[34;1m     24.35[0m[34;1m     49344[0m[34;1m   2056772[0m[34;1m   3734736[0m[31;1m    123.02[0m[34;1m    871920[0m[34;1m   1915592[0m[34;1m      2948[0m
10:58:52   [34;1m    103892[0m[34;1m   1121456[0m[34;1m    738916[0m[34;1m     24.34[0m[34;1m     49356[0m[34;1m   2057064[0m[34;1m   3734736[0m[31;1m    123.02[0m[34;1m    871932[0m[34;1m   1915960[0m[34;1m      3240[0m
10:58:53   [34;1m    103668[0m[34;1m   1121512[0m[34;1m    738856[0m[34;1m     24.34[0m[34;1m     49356[0m[34;1m   2057368[0m[34;1m   3734736[0m[31;1m    123.02[0m[34;1m    871932[0m[34;1m   1915136[0m[34;1m      3528[0m
10:58:54   [34;1m    103668[0m[34;1m   1121772[0m[34;1m    738536[0m[34;1m     24.33[0m[34;1m     49356[0m[34;1m   2057648[0m[34;1m   3734736[0m[31;1m    123.02[0m[34;1m    871932[0m[34;1m   1915720[0m[34;1m      3812[0m
10:58:55   [34;1m    103416[0m[34;1m   1121736[0m[34;1m    738640[0m[34;1m     24.33[0m[34;1m     49356[0m[34;1m   2057836[0m[34;1m   3734736[0m[31;1m    123.02[0m[34;1m    871932[0m[34;1m   1915992[0m[34;1m      4000[0m
10:58:56   [34;1m    102940[0m[34;1m   1121604[0m[34;1m    738740[0m[34;1m     24.33[0m[34;1m     49356[0m[34;1m   2058188[0m[34;1m   3734736[0m[31;1m    123.02[0m[34;1m    871932[0m[34;1m   1916416[0m[34;1m      4352[0m
10:58:57   [34;1m    102464[0m[34;1m   1121276[0m[34;1m    738924[0m[34;1m     24.34[0m[34;1m     49368[0m[34;1m   2058488[0m[34;1m   3734736[0m[31;1m    123.02[0m[34;1m    871932[0m[34;1m   1916596[0m[34;1m      4656[0m
10:58:58   [34;1m    102212[0m[34;1m   1121540[0m[34;1m    738800[0m[34;1m     24.33[0m[34;1m     49368[0m[34;1m   2058848[0m[34;1m   3734736[0m[31;1m    123.02[0m[34;1m    872036[0m[34;1m   1917072[0m[34;1m      4916[0m
10:58:59   [34;1m    101736[0m[34;1m   1121228[0m[34;1m    739016[0m[34;1m     24.34[0m[34;1m     49368[0m[34;1m   2059128[0m[34;1m   3734736[0m[31;1m    123.02[0m[34;1m    872036[0m[34;1m   1917248[0m[34;1m      5196[0m
10:59:00   [34;1m    101484[0m[34;1m   1121340[0m[34;1m    738928[0m[34;1m     24.34[0m[34;1m     49368[0m[34;1m   2059444[0m[34;1m   3734736[0m[31;1m    123.02[0m[34;1m    872040[0m[34;1m   1917388[0m[34;1m      5512[0m
10:59:01   [34;1m    101484[0m[34;1m   1121528[0m[34;1m    738716[0m[34;1m     24.33[0m[34;1m     49368[0m[34;1m   2059672[0m[34;1m   3734736[0m[31;1m    123.02[0m[34;1m    872040[0m[34;1m   1917608[0m[34;1m      5740[0m
10:59:02   [34;1m    101008[0m[34;1m   1121440[0m[34;1m    738940[0m[34;1m     24.34[0m[34;1m     49372[0m[34;1m   2059928[0m[34;1m   3734736[0m[31;1m    123.02[0m[34;1m    872044[0m[34;1m   1918000[0m[34;1m      5996[0m
10:59:03   [34;1m    107844[0m[34;1m   1125432[0m[34;1m    734764[0m[34;1m     24.20[0m[34;1m     49336[0m[34;1m   2057228[0m[34;1m   3739344[0m[31;1m    123.17[0m[34;1m    871272[0m[34;1m   1917476[0m[34;1m       224[0m
10:59:04   [34;1m    107088[0m[34;1m   1125104[0m[34;1m    735232[0m[34;1m     24.22[0m[34;1m     49336[0m[34;1m   2057576[0m[34;1m   3739344[0m[31;1m    123.17[0m[34;1m    871420[0m[34;1m   1918176[0m[34;1m       504[0m
10:59:05   [34;1m    106108[0m[34;1m   1124360[0m[34;1m    735992[0m[34;1m     24.24[0m[34;1m     49336[0m[34;1m   2057792[0m[34;1m   3739344[0m[31;1m    123.17[0m[34;1m    871420[0m[34;1m   1918528[0m[34;1m       820[0m
10:59:06   [34;1m    105884[0m[34;1m   1124496[0m[34;1m    735840[0m[34;1m     24.24[0m[34;1m     49336[0m[34;1m   2058148[0m[34;1m   3739344[0m[31;1m    123.17[0m[34;1m    871424[0m[34;1m   1918984[0m[34;1m      1076[0m
10:59:07   [34;1m    105632[0m[34;1m   1124512[0m[34;1m    735768[0m[34;1m     24.23[0m[34;1m     49344[0m[34;1m   2058468[0m[34;1m   3734736[0m[31;1m    123.02[0m[34;1m    871432[0m[34;1m   1917804[0m[34;1m      1408[0m
10:59:08   [34;1m    105408[0m[34;1m   1124528[0m[34;1m    735708[0m[34;1m     24.23[0m[34;1m     49344[0m[34;1m   2058752[0m[34;1m   3734736[0m[31;1m    123.02[0m[34;1m    871432[0m[34;1m   1917772[0m[34;1m      1692[0m
10:59:09   [34;1m    104936[0m[34;1m   1124356[0m[34;1m    736036[0m[34;1m     24.24[0m[34;1m     49348[0m[34;1m   2058904[0m[34;1m   3734736[0m[31;1m    123.02[0m[34;1m    871432[0m[34;1m   1918124[0m[34;1m      1848[0m
10:59:10   [34;1m    104432[0m[34;1m   1124176[0m[34;1m    736148[0m[34;1m     24.25[0m[34;1m     49348[0m[34;1m   2059300[0m[34;1m   3734736[0m[31;1m    123.02[0m[34;1m    871436[0m[34;1m   1918544[0m[34;1m      2240[0m
10:59:11   [34;1m    104432[0m[34;1m   1124452[0m[34;1m    735956[0m[34;1m     24.24[0m[34;1m     49348[0m[34;1m   2059484[0m[34;1m   3734736[0m[31;1m    123.02[0m[34;1m    871436[0m[34;1m   1918884[0m[34;1m      2424[0m
10:59:12   [34;1m    104432[0m[34;1m   1124660[0m[34;1m    735680[0m[34;1m     24.23[0m[34;1m     49348[0m[34;1m   2059772[0m[34;1m   3734736[0m[31;1m    123.02[0m[34;1m    871436[0m[34;1m   1919236[0m[34;1m      2708[0m
10:59:13   [34;1m    104432[0m[34;1m   1124948[0m[34;1m    735364[0m[34;1m     24.22[0m[34;1m     49348[0m[34;1m   2060088[0m[34;1m   3734736[0m[31;1m    123.02[0m[34;1m    871436[0m[34;1m   1919556[0m[34;1m       224[0m
10:59:14   [34;1m    103704[0m[34;1m   1124464[0m[34;1m    735740[0m[34;1m     24.23[0m[34;1m     49356[0m[34;1m   2060428[0m[34;1m   3734736[0m[31;1m    123.02[0m[34;1m    871436[0m[34;1m   1920128[0m[34;1m       540[0m
10:59:15   [34;1m    101692[0m[34;1m   1122736[0m[34;1m    737552[0m[34;1m     24.29[0m[34;1m     49356[0m[34;1m   2060644[0m[34;1m   3734736[0m[31;1m    123.02[0m[34;1m    871444[0m[34;1m   1920420[0m[34;1m       756[0m
10:59:16   [34;1m    101468[0m[34;1m   1122848[0m[34;1m    737480[0m[34;1m     24.29[0m[34;1m     49360[0m[34;1m   2060916[0m[34;1m   3734736[0m[31;1m    123.02[0m[34;1m    871448[0m[34;1m   1920800[0m[34;1m      1028[0m
10:59:17   [34;1m    101216[0m[34;1m   1122836[0m[34;1m    737480[0m[34;1m     24.29[0m[34;1m     49360[0m[34;1m   2061192[0m[34;1m   3734736[0m[31;1m    123.02[0m[34;1m    871448[0m[34;1m   1921064[0m[34;1m      1300[0m
10:59:18   [34;1m    112872[0m[34;1m   1122332[0m[34;1m    737972[0m[34;1m     24.31[0m[34;1m     49144[0m[34;1m   2049408[0m[34;1m   3734736[0m[31;1m    123.02[0m[34;1m    868472[0m[34;1m   1912048[0m[34;1m      1556[0m
10:59:19   [34;1m    112872[0m[34;1m   1122644[0m[34;1m    737736[0m[34;1m     24.30[0m[34;1m     49144[0m[34;1m   2049688[0m[34;1m   3734736[0m[31;1m    123.02[0m[34;1m    868552[0m[34;1m   1911732[0m[34;1m      1880[0m
10:59:20   [34;1m    111864[0m[34;1m   1122024[0m[34;1m    738436[0m[34;1m     24.32[0m[34;1m     49148[0m[34;1m   2049988[0m[34;1m   3734736[0m[31;1m    123.02[0m[34;1m    868556[0m[34;1m   1911728[0m[34;1m      2176[0m
10:59:21   [34;1m    111392[0m[34;1m   1121716[0m[34;1m    738624[0m[34;1m     24.33[0m[34;1m     49148[0m[34;1m   2050260[0m[34;1m   3734736[0m[31;1m    123.02[0m[34;1m    868560[0m[34;1m   1911948[0m[34;1m      2440[0m
10:59:22   [34;1m    111168[0m[34;1m   1121944[0m[34;1m    738524[0m[34;1m     24.33[0m[34;1m     49156[0m[34;1m   2050592[0m[34;1m   3734736[0m[31;1m    123.02[0m[34;1m    868568[0m[34;1m   1912492[0m[34;1m      2772[0m
10:59:23   [34;1m    111168[0m[34;1m   1122156[0m[34;1m    738212[0m[34;1m     24.32[0m[34;1m     49156[0m[34;1m   2050804[0m[34;1m   3739344[0m[31;1m    123.17[0m[34;1m    868632[0m[34;1m   1912664[0m[34;1m      2900[0m
10:59:24   [34;1m    110916[0m[34;1m   1122320[0m[34;1m    738100[0m[34;1m     24.31[0m[34;1m     49156[0m[34;1m   2051224[0m[34;1m   3739344[0m[31;1m    123.17[0m[34;1m    868644[0m[34;1m   1913412[0m[34;1m      3320[0m
10:59:25   [34;1m    110692[0m[34;1m   1122300[0m[34;1m    738024[0m[34;1m     24.31[0m[34;1m     49156[0m[34;1m   2051532[0m[34;1m   3739344[0m[31;1m    123.17[0m[34;1m    868656[0m[34;1m   1913640[0m[34;1m      3612[0m
10:59:26   [34;1m    110692[0m[34;1m   1122528[0m[34;1m    737880[0m[34;1m     24.30[0m[34;1m     49156[0m[34;1m   2051676[0m[34;1m   3739344[0m[31;1m    123.17[0m[34;1m    868656[0m[34;1m   1913932[0m[34;1m      3756[0m
10:59:27   [34;1m    110216[0m[34;1m   1122404[0m[34;1m    737984[0m[34;1m     24.31[0m[34;1m     49168[0m[34;1m   2052020[0m[34;1m   3734736[0m[31;1m    123.02[0m[34;1m    868664[0m[34;1m   1913136[0m[34;1m      4096[0m
10:59:28   [34;1m    110216[0m[34;1m   1122636[0m[34;1m    737692[0m[34;1m     24.30[0m[34;1m     49168[0m[34;1m   2052316[0m[34;1m   3734736[0m[31;1m    123.02[0m[34;1m    868668[0m[34;1m   1913376[0m[34;1m      4292[0m
10:59:29   [34;1m    109992[0m[34;1m   1122784[0m[34;1m    737612[0m[34;1m     24.30[0m[34;1m     49168[0m[34;1m   2052636[0m[34;1m   3734736[0m[31;1m    123.02[0m[34;1m    868696[0m[34;1m   1914568[0m[34;1m      4684[0m
10:59:30   [34;1m    109992[0m[34;1m   1122996[0m[34;1m    737368[0m[34;1m     24.29[0m[34;1m     49168[0m[34;1m   2052840[0m[34;1m   3734736[0m[31;1m    123.02[0m[34;1m    868696[0m[34;1m   1914740[0m[34;1m      4888[0m
10:59:31   [34;1m    109520[0m[34;1m   1122852[0m[34;1m    737580[0m[34;1m     24.29[0m[34;1m     49168[0m[34;1m   2053156[0m[34;1m   3734736[0m[31;1m    123.02[0m[34;1m    868696[0m[34;1m   1915016[0m[34;1m      5204[0m
10:59:32   [34;1m    109520[0m[34;1m   1123168[0m[34;1m    737272[0m[34;1m     24.28[0m[34;1m     49168[0m[34;1m   2053448[0m[34;1m   3734736[0m[31;1m    123.02[0m[34;1m    868696[0m[34;1m   1915456[0m[34;1m      5496[0m
10:59:33   [34;1m    109268[0m[34;1m   1123124[0m[34;1m    737240[0m[34;1m     24.28[0m[34;1m     49176[0m[34;1m   2053744[0m[34;1m   3734736[0m[31;1m    123.02[0m[34;1m    868696[0m[34;1m   1915476[0m[34;1m      5700[0m
10:59:34   [34;1m    109016[0m[34;1m   1123272[0m[34;1m    737088[0m[34;1m     24.28[0m[34;1m     49176[0m[34;1m   2054088[0m[34;1m   3734736[0m[31;1m    123.02[0m[34;1m    868728[0m[34;1m   1916004[0m[34;1m      6092[0m
10:59:35   [34;1m    107504[0m[34;1m   1121944[0m[34;1m    738524[0m[34;1m     24.33[0m[34;1m     49176[0m[34;1m   2054228[0m[34;1m   3734736[0m[31;1m    123.02[0m[34;1m    868728[0m[34;1m   1916280[0m[34;1m      6232[0m
10:59:36   [34;1m    107504[0m[34;1m   1122324[0m[34;1m    738136[0m[34;1m     24.31[0m[34;1m     49176[0m[34;1m   2054628[0m[34;1m   3734736[0m[31;1m    123.02[0m[34;1m    868732[0m[34;1m   1916768[0m[34;1m      6628[0m
10:59:37   [34;1m    107504[0m[34;1m   1122480[0m[34;1m    738008[0m[34;1m     24.31[0m[34;1m     49184[0m[34;1m   2054748[0m[34;1m   3734736[0m[31;1m    123.02[0m[34;1m    868732[0m[34;1m   1916924[0m[34;1m      6856[0m
10:59:38   [34;1m    107028[0m[34;1m   1122508[0m[34;1m    737952[0m[34;1m     24.31[0m[34;1m     49184[0m[34;1m   2055248[0m[34;1m   3734736[0m[31;1m    123.02[0m[34;1m    868740[0m[34;1m   1917468[0m[34;1m      7196[0m
10:59:39   [34;1m    106776[0m[34;1m   1122460[0m[34;1m    738000[0m[34;1m     24.31[0m[34;1m     49188[0m[34;1m   2055468[0m[34;1m   3734736[0m[31;1m    123.02[0m[34;1m    868740[0m[34;1m   1917688[0m[34;1m      7420[0m
10:59:40   [34;1m    105012[0m[34;1m   1121016[0m[34;1m    739448[0m[34;1m     24.36[0m[34;1m     49188[0m[34;1m   2055792[0m[34;1m   3734736[0m[31;1m    123.02[0m[34;1m    868744[0m[34;1m   1918064[0m[34;1m      7748[0m
10:59:41   [34;1m    104536[0m[34;1m   1120752[0m[34;1m    739788[0m[34;1m     24.37[0m[34;1m     49188[0m[34;1m   2055928[0m[34;1m   3734736[0m[31;1m    123.02[0m[34;1m    868744[0m[34;1m   1918284[0m[34;1m      7884[0m
10:59:42   [34;1m    104060[0m[34;1m   1120512[0m[34;1m    739948[0m[34;1m     24.37[0m[34;1m     49188[0m[34;1m   2056272[0m[34;1m   3734736[0m[31;1m    123.02[0m[34;1m    868744[0m[34;1m   1917680[0m[34;1m      8228[0m
10:59:43   [34;1m    103808[0m[34;1m   1120580[0m[34;1m    739872[0m[34;1m     24.37[0m[34;1m     49188[0m[34;1m   2056496[0m[34;1m   3739344[0m[31;1m    123.17[0m[34;1m    868744[0m[34;1m   1919328[0m[34;1m      8452[0m
10:59:44   [34;1m    103332[0m[34;1m   1120372[0m[34;1m    740024[0m[34;1m     24.38[0m[34;1m     49192[0m[34;1m   2056856[0m[34;1m   3739344[0m[31;1m    123.17[0m[34;1m    868744[0m[34;1m   1920048[0m[34;1m       276[0m
10:59:45   [34;1m    102828[0m[34;1m   1120220[0m[34;1m    740224[0m[34;1m     24.38[0m[34;1m     49200[0m[34;1m   2057160[0m[34;1m   3739344[0m[31;1m    123.17[0m[34;1m    868748[0m[34;1m   1920456[0m[34;1m       580[0m
10:59:46   [34;1m    102828[0m[34;1m   1120472[0m[34;1m    739984[0m[34;1m     24.37[0m[34;1m     49200[0m[34;1m   2057420[0m[34;1m   3739344[0m[31;1m    123.17[0m[34;1m    868756[0m[34;1m   1920728[0m[34;1m       840[0m
10:59:47   [34;1m    102352[0m[34;1m   1120272[0m[34;1m    740172[0m[34;1m     24.38[0m[34;1m     49200[0m[34;1m   2057700[0m[34;1m   3734736[0m[31;1m    123.02[0m[34;1m    868756[0m[34;1m   1919616[0m[34;1m      1120[0m
10:59:48   [34;1m    102352[0m[34;1m   1120536[0m[34;1m    739936[0m[34;1m     24.37[0m[34;1m     49200[0m[34;1m   2057944[0m[34;1m   3734736[0m[31;1m    123.02[0m[34;1m    868756[0m[34;1m   1919220[0m[34;1m      1360[0m
10:59:49   [34;1m    102352[0m[34;1m   1120736[0m[34;1m    739740[0m[34;1m     24.37[0m[34;1m     49200[0m[34;1m   2058144[0m[34;1m   3734736[0m[31;1m    123.02[0m[34;1m    868756[0m[34;1m   1919496[0m[34;1m      1560[0m
10:59:50   [34;1m    100844[0m[34;1m   1119604[0m[34;1m    740868[0m[34;1m     24.40[0m[34;1m     49208[0m[34;1m   2058500[0m[34;1m   3734736[0m[31;1m    123.02[0m[34;1m    868764[0m[34;1m   1919772[0m[34;1m      1916[0m
10:59:51   [34;1m    100368[0m[34;1m   1119348[0m[34;1m    741164[0m[34;1m     24.41[0m[34;1m     49212[0m[34;1m   2058696[0m[34;1m   3734736[0m[31;1m    123.02[0m[34;1m    868764[0m[34;1m   1920040[0m[34;1m      2116[0m
10:59:52   [34;1m    111560[0m[34;1m   1124360[0m[34;1m    736176[0m[34;1m     24.25[0m[34;1m     49092[0m[34;1m   2052716[0m[34;1m   3734736[0m[31;1m    123.02[0m[34;1m    867088[0m[34;1m   1916920[0m[34;1m      2496[0m
10:59:53   [34;1m    111308[0m[34;1m   1124504[0m[34;1m    736048[0m[34;1m     24.24[0m[34;1m     49092[0m[34;1m   2053096[0m[34;1m   3734736[0m[31;1m    123.02[0m[34;1m    867228[0m[34;1m   1916360[0m[34;1m      2756[0m
10:59:54   [34;1m    110832[0m[34;1m   1124288[0m[34;1m    736180[0m[34;1m     24.25[0m[34;1m     49092[0m[34;1m   2053424[0m[34;1m   3734736[0m[31;1m    123.02[0m[34;1m    867272[0m[34;1m   1917028[0m[34;1m      3024[0m
10:59:55   [34;1m    110076[0m[34;1m   1123916[0m[34;1m    736676[0m[34;1m     24.26[0m[34;1m     49092[0m[34;1m   2053708[0m[34;1m   3734736[0m[31;1m    123.02[0m[34;1m    867272[0m[34;1m   1917428[0m[34;1m      3308[0m
10:59:56   [34;1m    109824[0m[34;1m   1123880[0m[34;1m    736560[0m[34;1m     24.26[0m[34;1m     49100[0m[34;1m   2054068[0m[34;1m   3734736[0m[31;1m    123.02[0m[34;1m    867276[0m[34;1m   1917788[0m[34;1m      3640[0m
10:59:57   [34;1m    109572[0m[34;1m   1123904[0m[34;1m    736580[0m[34;1m     24.26[0m[34;1m     49108[0m[34;1m   2054288[0m[34;1m   3734736[0m[31;1m    123.02[0m[34;1m    867284[0m[34;1m   1918068[0m[34;1m      3760[0m
10:59:58   [34;1m    109096[0m[34;1m   1123704[0m[34;1m    736684[0m[34;1m     24.27[0m[34;1m     49108[0m[34;1m   2054660[0m[34;1m   3734736[0m[31;1m    123.02[0m[34;1m    867292[0m[34;1m   1918452[0m[34;1m      4216[0m
10:59:59   [34;1m    108620[0m[34;1m   1123608[0m[34;1m    737036[0m[34;1m     24.28[0m[34;1m     49108[0m[34;1m   2054792[0m[34;1m   3734736[0m[31;1m    123.02[0m[34;1m    867292[0m[34;1m   1918852[0m[34;1m      4448[0m
11:00:00   [34;1m    106604[0m[34;1m   1121928[0m[34;1m    738624[0m[34;1m     24.33[0m[34;1m     49108[0m[34;1m   2055212[0m[34;1m   3734736[0m[31;1m    123.02[0m[34;1m    867356[0m[34;1m   1919128[0m[34;1m      4708[0m
11:00:01   [34;1m    106380[0m[34;1m   1121952[0m[34;1m    738660[0m[34;1m     24.33[0m[34;1m     49108[0m[34;1m   2055416[0m[34;1m   3734736[0m[31;1m    123.02[0m[34;1m    867360[0m[34;1m   1919384[0m[34;1m      4912[0m
11:00:02   [34;1m    106380[0m[34;1m   1122320[0m[34;1m    738224[0m[34;1m     24.32[0m[34;1m     49116[0m[34;1m   2055828[0m[34;1m   3734736[0m[31;1m    123.02[0m[34;1m    867368[0m[34;1m   1919600[0m[34;1m      5320[0m
11:00:03   [34;1m    102672[0m[34;1m   1118832[0m[34;1m    741680[0m[34;1m     24.43[0m[34;1m     49116[0m[34;1m   2056072[0m[34;1m   3739344[0m[31;1m    123.17[0m[34;1m    867368[0m[34;1m   1921320[0m[34;1m      5552[0m
11:00:04   [34;1m    102180[0m[34;1m   1118572[0m[34;1m    741820[0m[34;1m     24.43[0m[34;1m     49116[0m[34;1m   2056404[0m[34;1m   3739344[0m[31;1m    123.17[0m[34;1m    867360[0m[34;1m   1922136[0m[34;1m      5796[0m
11:00:05   [34;1m    102180[0m[34;1m   1118896[0m[34;1m    741604[0m[34;1m     24.43[0m[34;1m     49116[0m[34;1m   2056632[0m[34;1m   3739344[0m[31;1m    123.17[0m[34;1m    867360[0m[34;1m   1922596[0m[34;1m      6024[0m
11:00:06   [34;1m    101704[0m[34;1m   1118708[0m[34;1m    741796[0m[34;1m     24.43[0m[34;1m     49116[0m[34;1m   2056880[0m[34;1m   3739344[0m[31;1m    123.17[0m[34;1m    867360[0m[34;1m   1922876[0m[34;1m      6272[0m
11:00:07   [34;1m    101704[0m[34;1m   1118896[0m[34;1m    741580[0m[34;1m     24.43[0m[34;1m     49124[0m[34;1m   2057108[0m[34;1m   3734736[0m[31;1m    123.02[0m[34;1m    867360[0m[34;1m   1921700[0m[34;1m      6540[0m
11:00:08   [34;1m    101480[0m[34;1m   1119164[0m[34;1m    741348[0m[34;1m     24.42[0m[34;1m     49128[0m[34;1m   2057544[0m[34;1m   3734736[0m[31;1m    123.02[0m[34;1m    867380[0m[34;1m   1922076[0m[34;1m      6940[0m
11:00:09   [34;1m    101480[0m[34;1m   1119372[0m[34;1m    741108[0m[34;1m     24.41[0m[34;1m     49128[0m[34;1m   2057760[0m[34;1m   3734736[0m[31;1m    123.02[0m[34;1m    867384[0m[34;1m   1922344[0m[34;1m      7156[0m
11:00:10   [34;1m    100472[0m[34;1m   1118632[0m[34;1m    741840[0m[34;1m     24.43[0m[34;1m     49128[0m[34;1m   2058012[0m[34;1m   3734736[0m[31;1m    123.02[0m[34;1m    867384[0m[34;1m   1922796[0m[34;1m      7408[0m
11:00:11   [34;1m    100472[0m[34;1m   1118884[0m[34;1m    741544[0m[34;1m     24.43[0m[34;1m     49128[0m[34;1m   2058316[0m[34;1m   3734736[0m[31;1m    123.02[0m[34;1m    867384[0m[34;1m   1922960[0m[34;1m      7712[0m
11:00:12   [34;1m    100248[0m[34;1m   1118980[0m[34;1m    741476[0m[34;1m     24.42[0m[34;1m     49128[0m[34;1m   2058584[0m[34;1m   3734736[0m[31;1m    123.02[0m[34;1m    867384[0m[34;1m   1923324[0m[34;1m      7972[0m
11:00:13   [34;1m    100000[0m[34;1m   1118936[0m[34;1m    741556[0m[34;1m     24.43[0m[34;1m     49136[0m[34;1m   2058772[0m[34;1m   3734736[0m[31;1m    123.02[0m[34;1m    867384[0m[34;1m   1923544[0m[34;1m      8164[0m
11:00:14   [34;1m     99748[0m[34;1m   1119084[0m[34;1m    741360[0m[34;1m     24.42[0m[34;1m     49144[0m[34;1m   2059196[0m[34;1m   3734736[0m[31;1m    123.02[0m[34;1m    867388[0m[34;1m   1924264[0m[34;1m        88[0m
11:00:15   [34;1m    114684[0m[34;1m   1121620[0m[34;1m    738888[0m[34;1m     24.34[0m[34;1m     48888[0m[34;1m   2047100[0m[34;1m   3734736[0m[31;1m    123.02[0m[34;1m    863896[0m[34;1m   1915436[0m[34;1m       352[0m
11:00:16   [34;1m    114444[0m[34;1m   1121684[0m[34;1m    738892[0m[34;1m     24.34[0m[34;1m     48888[0m[34;1m   2047424[0m[34;1m   3734736[0m[31;1m    123.02[0m[34;1m    863924[0m[34;1m   1915820[0m[34;1m       656[0m
11:00:17   [34;1m    114192[0m[34;1m   1121616[0m[34;1m    738864[0m[34;1m     24.34[0m[34;1m     48888[0m[34;1m   2047696[0m[34;1m   3734736[0m[31;1m    123.02[0m[34;1m    863924[0m[34;1m   1916020[0m[34;1m       928[0m
11:00:18   [34;1m    111672[0m[34;1m   1119520[0m[34;1m    741020[0m[34;1m     24.41[0m[34;1m     48888[0m[34;1m   2048064[0m[34;1m   3734736[0m[31;1m    123.02[0m[34;1m    864052[0m[34;1m   1916364[0m[34;1m      1168[0m
11:00:19   [34;1m    111196[0m[34;1m   1119392[0m[34;1m    741188[0m[34;1m     24.41[0m[34;1m     48892[0m[34;1m   2048364[0m[34;1m   3734736[0m[31;1m    123.02[0m[34;1m    864052[0m[34;1m   1916764[0m[34;1m      1488[0m
11:00:20   [34;1m    111196[0m[34;1m   1119652[0m[34;1m    740808[0m[34;1m     24.40[0m[34;1m     48896[0m[34;1m   2048708[0m[34;1m   3734736[0m[31;1m    123.02[0m[34;1m    864060[0m[34;1m   1916788[0m[34;1m      1728[0m
11:00:21   [34;1m    110972[0m[34;1m   1119780[0m[34;1m    740784[0m[34;1m     24.40[0m[34;1m     48896[0m[34;1m   2048988[0m[34;1m   3734736[0m[31;1m    123.02[0m[34;1m    864152[0m[34;1m   1917044[0m[34;1m      2016[0m
11:00:22   [34;1m    110972[0m[34;1m   1120088[0m[34;1m    740476[0m[34;1m     24.39[0m[34;1m     48896[0m[34;1m   2049280[0m[34;1m   3734736[0m[31;1m    123.02[0m[34;1m    864152[0m[34;1m   1917008[0m[34;1m      2304[0m
11:00:23   [34;1m    110972[0m[34;1m   1120516[0m[34;1m    740096[0m[34;1m     24.38[0m[34;1m     48896[0m[34;1m   2049688[0m[34;1m   3734736[0m[31;1m    123.02[0m[34;1m    864252[0m[34;1m   1916380[0m[34;1m      2612[0m
11:00:24   [34;1m    109744[0m[34;1m   1119488[0m[34;1m    741052[0m[34;1m     24.41[0m[34;1m     48896[0m[34;1m   2049924[0m[34;1m   3739344[0m[31;1m    123.17[0m[34;1m    864296[0m[34;1m   1918432[0m[34;1m      2828[0m
11:00:25   [34;1m    108988[0m[34;1m   1119024[0m[34;1m    741528[0m[34;1m     24.42[0m[34;1m     48896[0m[34;1m   2050236[0m[34;1m   3739344[0m[31;1m    123.17[0m[34;1m    864296[0m[34;1m   1918896[0m[34;1m      3132[0m
11:00:26   [34;1m    108988[0m[34;1m   1119336[0m[34;1m    741168[0m[34;1m     24.41[0m[34;1m     48904[0m[34;1m   2050548[0m[34;1m   3739344[0m[31;1m    123.17[0m[34;1m    864296[0m[34;1m   1919164[0m[34;1m      3436[0m
11:00:27   [34;1m    108764[0m[34;1m   1119304[0m[34;1m    741160[0m[34;1m     24.41[0m[34;1m     48904[0m[34;1m   2050800[0m[34;1m   3734736[0m[31;1m    123.02[0m[34;1m    864304[0m[34;1m   1917896[0m[34;1m      3688[0m
11:00:28   [34;1m    108764[0m[34;1m   1119692[0m[34;1m    740852[0m[34;1m     24.40[0m[34;1m     48904[0m[34;1m   2051100[0m[34;1m   3734736[0m[31;1m    123.02[0m[34;1m    864304[0m[34;1m   1918448[0m[34;1m      3988[0m
11:00:29   [34;1m    108764[0m[34;1m   1119920[0m[34;1m    740684[0m[34;1m     24.40[0m[34;1m     48904[0m[34;1m   2051256[0m[34;1m   3734736[0m[31;1m    123.02[0m[34;1m    864304[0m[34;1m   1918728[0m[34;1m      4144[0m
11:00:30   [34;1m    108540[0m[34;1m   1120000[0m[34;1m    740484[0m[34;1m     24.39[0m[34;1m     48904[0m[34;1m   2051668[0m[34;1m   3734736[0m[31;1m    123.02[0m[34;1m    864308[0m[34;1m   1918768[0m[34;1m      4556[0m
11:00:31   [34;1m    108540[0m[34;1m   1120260[0m[34;1m    740336[0m[34;1m     24.39[0m[34;1m     48916[0m[34;1m   2051816[0m[34;1m   3734736[0m[31;1m    123.02[0m[34;1m    864304[0m[34;1m   1919036[0m[34;1m      4708[0m
11:00:32   [34;1m    108316[0m[34;1m   1120392[0m[34;1m    740144[0m[34;1m     24.38[0m[34;1m     48916[0m[34;1m   2052204[0m[34;1m   3734736[0m[31;1m    123.02[0m[34;1m    864316[0m[34;1m   1919448[0m[34;1m      5088[0m
11:00:33   [34;1m    108064[0m[34;1m   1120304[0m[34;1m    740148[0m[34;1m     24.38[0m[34;1m     48916[0m[34;1m   2052472[0m[34;1m   3734736[0m[31;1m    123.02[0m[34;1m    864316[0m[34;1m   1919728[0m[34;1m      5356[0m
11:00:34   [34;1m    107560[0m[34;1m   1120180[0m[34;1m    740344[0m[34;1m     24.39[0m[34;1m     48916[0m[34;1m   2052752[0m[34;1m   3734736[0m[31;1m    123.02[0m[34;1m    864316[0m[34;1m   1920252[0m[34;1m      5636[0m
11:00:35   [34;1m    106048[0m[34;1m   1118892[0m[34;1m    741600[0m[34;1m     24.43[0m[34;1m     48916[0m[34;1m   2053004[0m[34;1m   3734736[0m[31;1m    123.02[0m[34;1m    864316[0m[34;1m   1920652[0m[34;1m      5888[0m
11:00:36   [34;1m    106048[0m[34;1m   1119224[0m[34;1m    741232[0m[34;1m     24.41[0m[34;1m     48924[0m[34;1m   2053304[0m[34;1m   3734736[0m[31;1m    123.02[0m[34;1m    864316[0m[34;1m   1920964[0m[34;1m      6196[0m
11:00:37   [34;1m    105796[0m[34;1m   1119148[0m[34;1m    741348[0m[34;1m     24.42[0m[34;1m     48924[0m[34;1m   2053468[0m[34;1m   3734736[0m[31;1m    123.02[0m[34;1m    864324[0m[34;1m   1921192[0m[34;1m      6352[0m
11:00:38   [34;1m    105572[0m[34;1m   1119364[0m[34;1m    741164[0m[34;1m     24.41[0m[34;1m     48932[0m[34;1m   2053832[0m[34;1m   3734736[0m[31;1m    123.02[0m[34;1m    864324[0m[34;1m   1921640[0m[34;1m      6724[0m
11:00:39   [34;1m    105572[0m[34;1m   1119528[0m[34;1m    740980[0m[34;1m     24.41[0m[34;1m     48932[0m[34;1m   2054036[0m[34;1m   3734736[0m[31;1m    123.02[0m[34;1m    864328[0m[34;1m   1921816[0m[34;1m      6920[0m
11:00:40   [34;1m    104088[0m[34;1m   1118364[0m[34;1m    742096[0m[34;1m     24.44[0m[34;1m     48932[0m[34;1m   2054400[0m[34;1m   3734736[0m[31;1m    123.02[0m[34;1m    864328[0m[34;1m   1922156[0m[34;1m      7184[0m
11:00:41   [34;1m    104088[0m[34;1m   1118728[0m[34;1m    741772[0m[34;1m     24.43[0m[34;1m     48932[0m[34;1m   2054676[0m[34;1m   3734736[0m[31;1m    123.02[0m[34;1m    864324[0m[34;1m   1922536[0m[34;1m      7472[0m
11:00:42   [34;1m    103864[0m[34;1m   1118772[0m[34;1m    741684[0m[34;1m     24.43[0m[34;1m     48936[0m[34;1m   2055016[0m[34;1m   3734736[0m[31;1m    123.02[0m[34;1m    864328[0m[34;1m   1922816[0m[34;1m      7812[0m
11:00:43   [34;1m    103616[0m[34;1m   1118752[0m[34;1m    741700[0m[34;1m     24.43[0m[34;1m     48936[0m[34;1m   2055232[0m[34;1m   3734736[0m[31;1m    123.02[0m[34;1m    864332[0m[34;1m   1923052[0m[34;1m      8068[0m
11:00:44   [34;1m    101380[0m[34;1m   1116888[0m[34;1m    743652[0m[34;1m     24.49[0m[34;1m     48936[0m[34;1m   2055480[0m[34;1m   3739344[0m[31;1m    123.17[0m[34;1m    864332[0m[34;1m   1925260[0m[34;1m      8316[0m
11:00:45   [34;1m    114236[0m[34;1m   1123572[0m[34;1m    736812[0m[34;1m     24.27[0m[34;1m     48820[0m[34;1m   2049608[0m[34;1m   3739344[0m[31;1m    123.17[0m[34;1m    862956[0m[34;1m   1920644[0m[34;1m       128[0m
11:00:46   [34;1m    112820[0m[34;1m   1122568[0m[34;1m    738008[0m[34;1m     24.31[0m[34;1m     48820[0m[34;1m   2049872[0m[34;1m   3739344[0m[31;1m    123.17[0m[34;1m    863052[0m[34;1m   1921316[0m[34;1m       364[0m
11:00:47   [34;1m    112316[0m[34;1m   1122268[0m[34;1m    738228[0m[34;1m     24.32[0m[34;1m     48828[0m[34;1m   2050180[0m[34;1m   3734736[0m[31;1m    123.02[0m[34;1m    863052[0m[34;1m   1920136[0m[34;1m       680[0m
11:00:48   [34;1m    112316[0m[34;1m   1122668[0m[34;1m    737820[0m[34;1m     24.30[0m[34;1m     48832[0m[34;1m   2050568[0m[34;1m   3734736[0m[31;1m    123.02[0m[34;1m    863160[0m[34;1m   1920424[0m[34;1m       972[0m
11:00:49   [34;1m    112092[0m[34;1m   1122632[0m[34;1m    737784[0m[34;1m     24.30[0m[34;1m     48832[0m[34;1m   2050848[0m[34;1m   3734736[0m[31;1m    123.02[0m[34;1m    863176[0m[34;1m   1920592[0m[34;1m      1236[0m
11:00:50   [34;1m    110608[0m[34;1m   1121548[0m[34;1m    738940[0m[34;1m     24.34[0m[34;1m     48832[0m[34;1m   2051160[0m[34;1m   3734736[0m[31;1m    123.02[0m[34;1m    863208[0m[34;1m   1920240[0m[34;1m      1512[0m
11:00:51   [34;1m    110356[0m[34;1m   1121572[0m[34;1m    739016[0m[34;1m     24.34[0m[34;1m     48832[0m[34;1m   2051352[0m[34;1m   3734736[0m[31;1m    123.02[0m[34;1m    863208[0m[34;1m   1920420[0m[34;1m      1704[0m
11:00:52   [34;1m    110108[0m[34;1m   1121648[0m[34;1m    738828[0m[34;1m     24.34[0m[34;1m     48840[0m[34;1m   2051748[0m[34;1m   3734736[0m[31;1m    123.02[0m[34;1m    863208[0m[34;1m   1920752[0m[34;1m      2092[0m
11:00:53   [34;1m    109632[0m[34;1m   1121328[0m[34;1m    738992[0m[34;1m     24.34[0m[34;1m     48840[0m[34;1m   2052092[0m[34;1m   3743060[0m[31;1m    123.29[0m[34;1m    863216[0m[34;1m   1920184[0m[34;1m      2328[0m
11:00:54   [34;1m    109632[0m[34;1m   1121772[0m[34;1m    738728[0m[34;1m     24.33[0m[34;1m     48840[0m[34;1m   2052344[0m[34;1m   3743060[0m[31;1m    123.29[0m[34;1m    863280[0m[34;1m   1920368[0m[34;1m      2608[0m
11:00:55   [34;1m    109408[0m[34;1m   1121760[0m[34;1m    738728[0m[34;1m     24.33[0m[34;1m     48840[0m[34;1m   2052552[0m[34;1m   3743060[0m[31;1m    123.29[0m[34;1m    863288[0m[34;1m   1920632[0m[34;1m      2816[0m
11:00:56   [34;1m    109184[0m[34;1m   1121876[0m[34;1m    738564[0m[34;1m     24.33[0m[34;1m     48840[0m[34;1m   2052900[0m[34;1m   3743060[0m[31;1m    123.29[0m[34;1m    863288[0m[34;1m   1921080[0m[34;1m      3160[0m
11:00:57   [34;1m    108936[0m[34;1m   1121952[0m[34;1m    738432[0m[34;1m     24.32[0m[34;1m     48848[0m[34;1m   2053300[0m[34;1m   3743060[0m[31;1m    123.29[0m[34;1m    863288[0m[34;1m   1921420[0m[34;1m      3468[0m
11:00:58   [34;1m    108712[0m[34;1m   1122152[0m[34;1m    738344[0m[34;1m     24.32[0m[34;1m     48848[0m[34;1m   2053592[0m[34;1m   3743060[0m[31;1m    123.29[0m[34;1m    863340[0m[34;1m   1921868[0m[34;1m      3808[0m
11:00:59   [34;1m    108712[0m[34;1m   1122376[0m[34;1m    738112[0m[34;1m     24.31[0m[34;1m     48848[0m[34;1m   2053816[0m[34;1m   3743060[0m[31;1m    123.29[0m[34;1m    863340[0m[34;1m   1922116[0m[34;1m      4028[0m
11:01:00   [34;1m    107228[0m[34;1m   1121156[0m[34;1m    739256[0m[34;1m     24.35[0m[34;1m     48856[0m[34;1m   2054132[0m[34;1m   3743060[0m[31;1m    123.29[0m[34;1m    863368[0m[34;1m   1922300[0m[34;1m      4324[0m
11:01:01   [34;1m    107004[0m[34;1m   1121280[0m[34;1m    739172[0m[34;1m     24.35[0m[34;1m     48856[0m[34;1m   2054432[0m[34;1m   3743060[0m[31;1m    123.29[0m[34;1m    863428[0m[34;1m   1922576[0m[34;1m      4612[0m
11:01:02   [34;1m    106528[0m[34;1m   1121020[0m[34;1m    739444[0m[34;1m     24.36[0m[34;1m     48856[0m[34;1m   2054668[0m[34;1m   3743060[0m[31;1m    123.29[0m[34;1m    863428[0m[34;1m   1922816[0m[34;1m      4848[0m
11:01:03   [34;1m    104260[0m[34;1m   1119004[0m[34;1m    741484[0m[34;1m     24.42[0m[34;1m     48856[0m[34;1m   2054868[0m[34;1m   3743060[0m[31;1m    123.29[0m[34;1m    863428[0m[34;1m   1922708[0m[34;1m      5048[0m
11:01:04   [34;1m    103252[0m[34;1m   1118240[0m[34;1m    742088[0m[34;1m     24.44[0m[34;1m     48860[0m[34;1m   2055248[0m[34;1m   3747668[0m[31;1m    123.44[0m[34;1m    863428[0m[34;1m   1924640[0m[34;1m      5332[0m
11:01:05   [34;1m    100988[0m[34;1m   1116300[0m[34;1m    744116[0m[34;1m     24.51[0m[34;1m     48860[0m[34;1m   2055480[0m[34;1m   3747668[0m[31;1m    123.44[0m[34;1m    863428[0m[34;1m   1925216[0m[34;1m      5660[0m
11:01:06   [34;1m    100988[0m[34;1m   1116744[0m[34;1m    743636[0m[34;1m     24.49[0m[34;1m     48860[0m[34;1m   2055948[0m[34;1m   3747668[0m[31;1m    123.44[0m[34;1m    863500[0m[34;1m   1925392[0m[34;1m      6000[0m
11:01:07   [34;1m    100764[0m[34;1m   1116708[0m[34;1m    743760[0m[34;1m     24.50[0m[34;1m     48860[0m[34;1m   2056072[0m[34;1m   3743060[0m[31;1m    123.29[0m[34;1m    863528[0m[34;1m   1924140[0m[34;1m      6124[0m
11:01:08   [34;1m    100540[0m[34;1m   1116928[0m[34;1m    743588[0m[34;1m     24.49[0m[34;1m     48860[0m[34;1m   2056440[0m[34;1m   3743060[0m[31;1m    123.29[0m[34;1m    863528[0m[34;1m   1924432[0m[34;1m      6492[0m
11:01:09   [34;1m    100316[0m[34;1m   1116920[0m[34;1m    743528[0m[34;1m     24.49[0m[34;1m     48868[0m[34;1m   2056736[0m[34;1m   3743060[0m[31;1m    123.29[0m[34;1m    863528[0m[34;1m   1924660[0m[34;1m      6796[0m
11:01:10   [34;1m    100316[0m[34;1m   1117224[0m[34;1m    743192[0m[34;1m     24.48[0m[34;1m     48876[0m[34;1m   2057032[0m[34;1m   3743060[0m[31;1m    123.29[0m[34;1m    863536[0m[34;1m   1924916[0m[34;1m      7084[0m
11:01:11   [34;1m    100316[0m[34;1m   1117400[0m[34;1m    743040[0m[34;1m     24.47[0m[34;1m     48876[0m[34;1m   2057204[0m[34;1m   3743060[0m[31;1m    123.29[0m[34;1m    863536[0m[34;1m   1925136[0m[34;1m      7252[0m
11:01:12   [34;1m    100092[0m[34;1m   1117588[0m[34;1m    742788[0m[34;1m     24.47[0m[34;1m     48876[0m[34;1m   2057648[0m[34;1m   3743060[0m[31;1m    123.29[0m[34;1m    863548[0m[34;1m   1925532[0m[34;1m      7680[0m
11:01:13   [34;1m     99868[0m[34;1m   1117548[0m[34;1m    742784[0m[34;1m     24.47[0m[34;1m     48876[0m[34;1m   2057876[0m[34;1m   3743060[0m[31;1m    123.29[0m[34;1m    863548[0m[34;1m   1925612[0m[34;1m      7908[0m
11:01:14   [34;1m    110908[0m[34;1m   1122764[0m[34;1m    737692[0m[34;1m     24.30[0m[34;1m     48736[0m[34;1m   2052128[0m[34;1m   3743060[0m[31;1m    123.29[0m[34;1m    862212[0m[34;1m   1921168[0m[34;1m      8232[0m
11:01:15   [34;1m    109928[0m[34;1m   1122164[0m[34;1m    738164[0m[34;1m     24.31[0m[34;1m     48744[0m[34;1m   2052652[0m[34;1m   3743060[0m[31;1m    123.29[0m[34;1m    862424[0m[34;1m   1921604[0m[34;1m      8516[0m
11:01:16   [34;1m    109676[0m[34;1m   1122336[0m[34;1m    738140[0m[34;1m     24.31[0m[34;1m     48752[0m[34;1m   2052920[0m[34;1m   3743060[0m[31;1m    123.29[0m[34;1m    862492[0m[34;1m   1921936[0m[34;1m       160[0m
11:01:17   [34;1m    109200[0m[34;1m   1122164[0m[34;1m    738304[0m[34;1m     24.32[0m[34;1m     48752[0m[34;1m   2053212[0m[34;1m   3743060[0m[31;1m    123.29[0m[34;1m    862508[0m[34;1m   1922228[0m[34;1m       500[0m
11:01:18   [34;1m    106428[0m[34;1m   1119612[0m[34;1m    740844[0m[34;1m     24.40[0m[34;1m     48752[0m[34;1m   2053476[0m[34;1m   3743060[0m[31;1m    123.29[0m[34;1m    862508[0m[34;1m   1921948[0m[34;1m       764[0m
11:01:19   [34;1m    106204[0m[34;1m   1119676[0m[34;1m    740696[0m[34;1m     24.40[0m[34;1m     48752[0m[34;1m   2053804[0m[34;1m   3743060[0m[31;1m    123.29[0m[34;1m    862508[0m[34;1m   1922384[0m[34;1m      1092[0m
11:01:20   [34;1m    105484[0m[34;1m   1119184[0m[34;1m    741308[0m[34;1m     24.42[0m[34;1m     48752[0m[34;1m   2053932[0m[34;1m   3743060[0m[31;1m    123.29[0m[34;1m    862508[0m[34;1m   1922432[0m[34;1m      1220[0m
11:01:21   [34;1m    105484[0m[34;1m   1119536[0m[34;1m    740932[0m[34;1m     24.40[0m[34;1m     48756[0m[34;1m   2054296[0m[34;1m   3743060[0m[31;1m    123.29[0m[34;1m    862508[0m[34;1m   1922672[0m[34;1m      1684[0m
11:01:22   [34;1m    105484[0m[34;1m   1119876[0m[34;1m    740656[0m[34;1m     24.40[0m[34;1m     48756[0m[34;1m   2054556[0m[34;1m   3743060[0m[31;1m    123.29[0m[34;1m    862512[0m[34;1m   1923036[0m[34;1m      1860[0m
11:01:23   [34;1m    105484[0m[34;1m   1120128[0m[34;1m    740340[0m[34;1m     24.39[0m[34;1m     48756[0m[34;1m   2054868[0m[34;1m   3743060[0m[31;1m    123.29[0m[34;1m    862512[0m[34;1m   1922184[0m[34;1m      2172[0m
11:01:24   [34;1m    105260[0m[34;1m   1120176[0m[34;1m    740232[0m[34;1m     24.38[0m[34;1m     48756[0m[34;1m   2055160[0m[34;1m   3747668[0m[31;1m    123.44[0m[34;1m    862516[0m[34;1m   1924196[0m[34;1m      2456[0m
11:01:25   [34;1m    105260[0m[34;1m   1120408[0m[34;1m    739992[0m[34;1m     24.37[0m[34;1m     48756[0m[34;1m   2055420[0m[34;1m   3747668[0m[31;1m    123.44[0m[34;1m    862516[0m[34;1m   1925016[0m[34;1m      2716[0m
11:01:26   [34;1m    105036[0m[34;1m   1120500[0m[34;1m    739904[0m[34;1m     24.37[0m[34;1m     48764[0m[34;1m   2055728[0m[34;1m   3747668[0m[31;1m    123.44[0m[34;1m    862528[0m[34;1m   1925492[0m[34;1m      3032[0m
11:01:27   [34;1m    104812[0m[34;1m   1120544[0m[34;1m    739848[0m[34;1m     24.37[0m[34;1m     48764[0m[34;1m   2056008[0m[34;1m   3743060[0m[31;1m    123.29[0m[34;1m    862528[0m[34;1m   1924404[0m[34;1m      3312[0m
11:01:28   [34;1m    104812[0m[34;1m   1120860[0m[34;1m    739556[0m[34;1m     24.36[0m[34;1m     48768[0m[34;1m   2056292[0m[34;1m   3743060[0m[31;1m    123.29[0m[34;1m    862532[0m[34;1m   1924644[0m[34;1m      3588[0m
11:01:29   [34;1m    104812[0m[34;1m   1121216[0m[34;1m    739268[0m[34;1m     24.35[0m[34;1m     48768[0m[34;1m   2056580[0m[34;1m   3743060[0m[31;1m    123.29[0m[34;1m    862532[0m[34;1m   1924124[0m[34;1m      3880[0m
11:01:30   [34;1m    103556[0m[34;1m   1120184[0m[34;1m    740192[0m[34;1m     24.38[0m[34;1m     48768[0m[34;1m   2056860[0m[34;1m   3743060[0m[31;1m    123.29[0m[34;1m    862540[0m[34;1m   1924336[0m[34;1m      4160[0m
11:01:31   [34;1m    103080[0m[34;1m   1119928[0m[34;1m    740448[0m[34;1m     24.39[0m[34;1m     48768[0m[34;1m   2057124[0m[34;1m   3743060[0m[31;1m    123.29[0m[34;1m    862532[0m[34;1m   1924496[0m[34;1m      4424[0m
11:01:32   [34;1m    102828[0m[34;1m   1120244[0m[34;1m    740288[0m[34;1m     24.38[0m[34;1m     48772[0m[34;1m   2057500[0m[34;1m   3743060[0m[31;1m    123.29[0m[34;1m    862600[0m[34;1m   1925104[0m[34;1m      4732[0m
11:01:33   [34;1m    103456[0m[34;1m   1120976[0m[34;1m    739444[0m[34;1m     24.36[0m[34;1m     48772[0m[34;1m   2057704[0m[34;1m   3743060[0m[31;1m    123.29[0m[34;1m    862600[0m[34;1m   1921280[0m[34;1m      4936[0m
11:01:34   [34;1m    102700[0m[34;1m   1120608[0m[34;1m    739836[0m[34;1m     24.37[0m[34;1m     48772[0m[34;1m   2058060[0m[34;1m   3743060[0m[31;1m    123.29[0m[34;1m    862600[0m[34;1m   1923276[0m[34;1m      5292[0m
11:01:35   [34;1m    100712[0m[34;1m   1118800[0m[34;1m    741636[0m[34;1m     24.43[0m[34;1m     48772[0m[34;1m   2058260[0m[34;1m   3743060[0m[31;1m    123.29[0m[34;1m    862600[0m[34;1m   1924636[0m[34;1m      5492[0m
11:01:36   [34;1m    100712[0m[34;1m   1119200[0m[34;1m    741204[0m[34;1m     24.41[0m[34;1m     48772[0m[34;1m   2058672[0m[34;1m   3743060[0m[31;1m    123.29[0m[34;1m    862600[0m[34;1m   1925612[0m[34;1m      5904[0m
11:01:37   [34;1m    114300[0m[34;1m   1126696[0m[34;1m    733672[0m[34;1m     24.17[0m[34;1m     48688[0m[34;1m   2052692[0m[34;1m   3743060[0m[31;1m    123.29[0m[34;1m    861108[0m[34;1m   1921364[0m[34;1m       132[0m
11:01:38   [34;1m    113172[0m[34;1m   1126064[0m[34;1m    734368[0m[34;1m     24.19[0m[34;1m     48688[0m[34;1m   2053216[0m[34;1m   3743060[0m[31;1m    123.29[0m[34;1m    861332[0m[34;1m   1921896[0m[34;1m       472[0m
11:01:39   [34;1m    112416[0m[34;1m   1125660[0m[34;1m    734760[0m[34;1m     24.20[0m[34;1m     48688[0m[34;1m   2053576[0m[34;1m   3743060[0m[31;1m    123.29[0m[34;1m    861432[0m[34;1m   1922576[0m[34;1m       732[0m
11:01:40   [34;1m    110400[0m[34;1m   1123976[0m[34;1m    736480[0m[34;1m     24.26[0m[34;1m     48692[0m[34;1m   2053868[0m[34;1m   3743060[0m[31;1m    123.29[0m[34;1m    861452[0m[34;1m   1923100[0m[34;1m      1008[0m
11:01:41   [34;1m    109180[0m[34;1m   1122548[0m[34;1m    740608[0m[34;1m     24.39[0m[34;1m     48692[0m[34;1m   2054048[0m[34;1m   3743060[0m[31;1m    123.29[0m[34;1m    861444[0m[34;1m   1923192[0m[34;1m      1188[0m
11:01:42   [34;1m    108928[0m[34;1m   1122376[0m[34;1m    741036[0m[34;1m     24.41[0m[34;1m     48692[0m[34;1m   2054120[0m[34;1m   3743060[0m[31;1m    123.29[0m[34;1m    861444[0m[34;1m   1923052[0m[34;1m      1260[0m
