role.rbac.authorization.k8s.io/serviceweaver-pods-getter created
rolebinding.rbac.authorization.k8s.io/serviceweaver-default-pods-getter created
configmap/config-7cb186ea created
deployment.apps/ob-ad-7cb186ea-1947ff45 created
horizontalpodautoscaler.autoscaling/ob-ad-7cb186ea-1947ff45 created
deployment.apps/ob-co-7cb186ea-de5b7c02 created
horizontalpodautoscaler.autoscaling/ob-co-7cb186ea-de5b7c02 created
deployment.apps/ob-cs-7cb186ea-c5fe3e94 created
horizontalpodautoscaler.autoscaling/ob-cs-7cb186ea-c5fe3e94 created
deployment.apps/ob-cu-7cb186ea-fdc2fc37 created
horizontalpodautoscaler.autoscaling/ob-cu-7cb186ea-fdc2fc37 created
deployment.apps/ob-em-7cb186ea-1e7375cf created
horizontalpodautoscaler.autoscaling/ob-em-7cb186ea-1e7375cf created
service/boutique-7cb186ea created
deployment.apps/ob-weaver-main-7cb186ea-23d02ef7 created
horizontalpodautoscaler.autoscaling/ob-weaver-main-7cb186ea-23d02ef7 created
deployment.apps/ob-pa-7cb186ea-a10042e2 created
horizontalpodautoscaler.autoscaling/ob-pa-7cb186ea-a10042e2 created
deployment.apps/ob-pc-7cb186ea-c7c134c6 created
horizontalpodautoscaler.autoscaling/ob-pc-7cb186ea-c7c134c6 created
deployment.apps/ob-rc-7cb186ea-61333464 created
horizontalpodautoscaler.autoscaling/ob-rc-7cb186ea-61333464 created
deployment.apps/ob-sh-7cb186ea-5911622c created
horizontalpodautoscaler.autoscaling/ob-sh-7cb186ea-5911622c created
