Linux 6.6.95 (ssp-study) 	04/16/26 	_x86_64_	(2 CPU)

19:12:48        CPU     %user     %nice   %system   %iowait    %steal     %idle
19:12:49   [32;22m     all[0m[34;1m      2.11[0m[34;22m      0.00[0m[34;1m      1.58[0m[34;22m      0.00[0m[34;22m      0.00[0m[34;1m     96.32[0m
19:12:50   [32;22m     all[0m[34;1m      2.65[0m[34;22m      0.00[0m[34;1m      1.59[0m[34;22m      0.00[0m[34;22m      0.00[0m[34;1m     95.77[0m
19:12:51   [32;22m     all[0m[34;1m      2.14[0m[34;22m      0.00[0m[34;1m      1.07[0m[34;22m      0.00[0m[34;22m      0.00[0m[34;1m     96.79[0m
19:12:52   [32;22m     all[0m[34;1m      4.76[0m[34;22m      0.00[0m[34;1m      4.23[0m[34;22m      0.00[0m[34;22m      0.00[0m[34;1m     91.01[0m
19:12:53   [32;22m     all[0m[34;1m      2.63[0m[34;22m      0.00[0m[34;1m      1.05[0m[34;22m      0.00[0m[34;22m      0.00[0m[34;1m     96.32[0m
19:12:54   [32;22m     all[0m[34;1m      2.13[0m[34;22m      0.00[0m[34;1m      1.06[0m[34;22m      0.00[0m[34;22m      0.00[0m[34;1m     96.81[0m
19:12:55   [32;22m     all[0m[34;1m      3.19[0m[34;22m      0.00[0m[34;1m      2.13[0m[34;22m      0.00[0m[34;22m      0.00[0m[34;1m     94.68[0m
19:12:56   [32;22m     all[0m[34;1m      3.72[0m[34;22m      0.00[0m[34;1m      2.13[0m[34;22m      0.00[0m[34;22m      0.00[0m[34;1m     94.15[0m
19:12:57   [32;22m     all[0m[34;1m      4.28[0m[34;22m      0.00[0m[34;1m      2.67[0m[34;22m      0.00[0m[34;22m      0.00[0m[34;1m     93.05[0m
19:12:58   [32;22m     all[0m[34;1m      2.13[0m[34;22m      0.00[0m[34;1m      1.60[0m[34;22m      0.00[0m[34;22m      0.00[0m[34;1m     96.28[0m
19:12:59   [32;22m     all[0m[34;1m      2.14[0m[34;22m      0.00[0m[34;1m      1.60[0m[34;22m      0.00[0m[34;22m      0.00[0m[34;1m     96.26[0m
19:13:00   [32;22m     all[0m[34;1m      2.12[0m[34;22m      0.00[0m[34;1m      2.65[0m[34;22m      0.00[0m[34;22m      0.00[0m[34;1m     95.24[0m
19:13:01   [32;22m     all[0m[34;1m      2.69[0m[34;22m      0.00[0m[34;1m      2.15[0m[34;22m      0.00[0m[34;22m      0.00[0m[34;1m     95.16[0m
19:13:02   [32;22m     all[0m[34;1m      4.76[0m[34;22m      0.00[0m[34;1m      2.65[0m[34;22m      0.00[0m[34;22m      0.00[0m[34;1m     92.59[0m
19:13:03   [32;22m     all[0m[34;1m      2.16[0m[34;22m      0.00[0m[34;1m      1.62[0m[34;22m      0.00[0m[34;22m      0.00[0m[34;1m     96.22[0m
19:13:04   [32;22m     all[0m[34;1m      2.63[0m[34;22m      0.00[0m[34;1m      1.58[0m[34;1m      0.53[0m[34;22m      0.00[0m[34;1m     95.26[0m
19:13:05   [32;22m     all[0m[34;1m      4.28[0m[34;22m      0.00[0m[34;1m      3.21[0m[34;22m      0.00[0m[34;22m      0.00[0m[34;1m     92.51[0m
19:13:06   [32;22m     all[0m[34;1m      3.23[0m[34;22m      0.00[0m[34;1m      2.69[0m[34;22m      0.00[0m[34;22m      0.00[0m[34;1m     94.09[0m
19:13:07   [32;22m     all[0m[34;1m      6.49[0m[34;22m      0.00[0m[34;1m      5.95[0m[34;1m      0.54[0m[34;22m      0.00[0m[34;1m     87.03[0m
19:13:08   [32;22m     all[0m[34;1m      4.28[0m[34;22m      0.00[0m[34;1m      2.14[0m[34;22m      0.00[0m[34;22m      0.00[0m[34;1m     93.58[0m
19:13:09   [32;22m     all[0m[34;1m      5.95[0m[34;22m      0.00[0m[34;1m      4.32[0m[34;22m      0.00[0m[34;22m      0.00[0m[34;1m     89.73[0m
19:13:10   [32;22m     all[0m[34;1m      2.69[0m[34;22m      0.00[0m[34;1m      1.61[0m[34;22m      0.00[0m[34;22m      0.00[0m[34;1m     95.70[0m
19:13:11   [32;22m     all[0m[34;1m      2.70[0m[34;22m      0.00[0m[34;1m      2.16[0m[34;22m      0.00[0m[34;22m      0.00[0m[34;1m     95.14[0m
19:13:12   [32;22m     all[0m[34;1m      3.85[0m[34;22m      0.00[0m[34;1m      3.30[0m[34;22m      0.00[0m[34;22m      0.00[0m[34;1m     92.86[0m
19:13:13   [32;22m     all[0m[34;1m      3.26[0m[34;22m      0.00[0m[34;1m      2.72[0m[34;22m      0.00[0m[34;22m      0.00[0m[34;1m     94.02[0m
19:13:14   [32;22m     all[0m[34;1m      2.70[0m[34;22m      0.00[0m[34;1m      0.54[0m[34;22m      0.00[0m[34;22m      0.00[0m[34;1m     96.76[0m
19:13:15   [32;22m     all[0m[34;1m      5.56[0m[34;22m      0.00[0m[34;1m      5.00[0m[34;22m      0.00[0m[34;22m      0.00[0m[34;1m     89.44[0m
19:13:16   [32;22m     all[0m[34;1m      2.72[0m[34;22m      0.00[0m[34;1m      2.72[0m[34;22m      0.00[0m[34;22m      0.00[0m[34;1m     94.57[0m
19:13:17   [32;22m     all[0m[34;1m      5.46[0m[34;22m      0.00[0m[34;1m      5.46[0m[34;22m      0.00[0m[34;22m      0.00[0m[34;1m     89.07[0m
19:13:18   [32;22m     all[0m[34;1m      2.76[0m[34;22m      0.00[0m[34;1m      1.10[0m[34;22m      0.00[0m[34;22m      0.00[0m[34;1m     96.13[0m
19:13:19   [32;22m     all[0m[34;1m      3.24[0m[34;22m      0.00[0m[34;1m      2.70[0m[34;22m      0.00[0m[34;22m      0.00[0m[34;1m     94.05[0m
19:13:20   [32;22m     all[0m[34;1m      4.35[0m[34;22m      0.00[0m[34;1m      2.17[0m[34;22m      0.00[0m[34;22m      0.00[0m[34;1m     93.48[0m
19:13:21   [32;22m     all[0m[34;1m      2.72[0m[34;22m      0.00[0m[34;1m      2.72[0m[34;22m      0.00[0m[34;22m      0.00[0m[34;1m     94.57[0m
19:13:22   [32;22m     all[0m[34;1m      5.95[0m[34;22m      0.00[0m[34;1m      5.95[0m[34;22m      0.00[0m[34;22m      0.00[0m[34;1m     88.11[0m
19:13:23   [32;22m     all[0m[34;1m      4.35[0m[34;22m      0.00[0m[34;1m      3.26[0m[34;22m      0.00[0m[34;22m      0.00[0m[34;1m     92.39[0m
19:13:24   [32;22m     all[0m[34;1m      3.23[0m[34;22m      0.00[0m[34;1m      1.61[0m[34;22m      0.00[0m[34;22m      0.00[0m[34;1m     95.16[0m
19:13:25   [32;22m     all[0m[34;1m      4.86[0m[34;22m      0.00[0m[34;1m      3.78[0m[34;22m      0.00[0m[34;22m      0.00[0m[34;1m     91.35[0m
19:13:26   [32;22m     all[0m[34;1m      3.76[0m[34;22m      0.00[0m[34;1m      3.23[0m[34;22m      0.00[0m[34;22m      0.00[0m[34;1m     93.01[0m
19:13:27   [32;22m     all[0m[34;1m      6.59[0m[34;22m      0.00[0m[34;1m      5.49[0m[34;22m      0.00[0m[34;22m      0.00[0m[34;1m     87.91[0m
19:13:28   [32;22m     all[0m[34;1m      3.78[0m[34;22m      0.00[0m[34;1m      3.78[0m[34;22m      0.00[0m[34;22m      0.00[0m[34;1m     92.43[0m
19:13:29   [32;22m     all[0m[34;1m      2.73[0m[34;22m      0.00[0m[34;1m      2.19[0m[34;22m      0.00[0m[34;22m      0.00[0m[34;1m     95.08[0m
19:13:30   [32;22m     all[0m[34;1m      3.74[0m[34;22m      0.00[0m[34;1m      3.21[0m[34;22m      0.00[0m[34;22m      0.00[0m[34;1m     93.05[0m
19:13:31   [32;22m     all[0m[34;1m      3.26[0m[34;22m      0.00[0m[34;1m      2.17[0m[34;22m      0.00[0m[34;22m      0.00[0m[34;1m     94.57[0m
19:13:32   [32;22m     all[0m[34;1m      6.52[0m[34;22m      0.00[0m[34;1m      4.89[0m[34;22m      0.00[0m[34;22m      0.00[0m[34;1m     88.59[0m
19:13:33   [32;22m     all[0m[34;1m      3.80[0m[34;22m      0.00[0m[34;1m      2.72[0m[34;22m      0.00[0m[34;22m      0.00[0m[34;1m     93.48[0m
19:13:34   [32;22m     all[0m[34;1m      4.37[0m[34;22m      0.00[0m[34;1m      3.28[0m[34;22m      0.00[0m[34;22m      0.00[0m[34;1m     92.35[0m
19:13:35   [32;22m     all[0m[34;1m      3.80[0m[34;22m      0.00[0m[34;1m      3.26[0m[34;22m      0.00[0m[34;22m      0.00[0m[34;1m     92.93[0m
19:13:36   [32;22m     all[0m[34;1m      4.37[0m[34;22m      0.00[0m[34;1m      2.73[0m[34;22m      0.00[0m[34;22m      0.00[0m[34;1m     92.90[0m
19:13:37   [32;22m     all[0m[34;1m      9.34[0m[34;22m      0.00[0m[34;1m      6.59[0m[34;1m      0.55[0m[34;22m      0.00[0m[34;1m     83.52[0m
19:13:38   [32;22m     all[0m[34;1m      2.73[0m[34;22m      0.00[0m[34;1m      2.19[0m[34;22m      0.00[0m[34;22m      0.00[0m[34;1m     95.08[0m
19:13:39   [32;22m     all[0m[34;1m      3.23[0m[34;22m      0.00[0m[34;1m      2.69[0m[34;22m      0.00[0m[34;22m      0.00[0m[34;1m     94.09[0m
19:13:40   [32;22m     all[0m[34;1m      5.46[0m[34;22m      0.00[0m[34;1m      3.28[0m[34;22m      0.00[0m[34;22m      0.00[0m[34;1m     91.26[0m
19:13:41   [32;22m     all[0m[34;1m      2.72[0m[34;22m      0.00[0m[34;1m      2.72[0m[34;22m      0.00[0m[34;22m      0.00[0m[34;1m     94.57[0m
19:13:42   [32;22m     all[0m[34;1m      5.98[0m[34;22m      0.00[0m[34;1m      4.35[0m[34;22m      0.00[0m[34;22m      0.00[0m[34;1m     89.67[0m
19:13:43   [32;22m     all[0m[34;1m      3.78[0m[34;22m      0.00[0m[34;1m      2.16[0m[34;22m      0.00[0m[34;22m      0.00[0m[34;1m     94.05[0m
19:13:44   [32;22m     all[0m[34;1m      3.72[0m[34;22m      0.00[0m[34;1m      2.66[0m[34;22m      0.00[0m[34;22m      0.00[0m[34;1m     93.62[0m
19:13:45   [32;22m     all[0m[34;1m      4.86[0m[34;22m      0.00[0m[34;1m      4.32[0m[34;22m      0.00[0m[34;22m      0.00[0m[34;1m     90.81[0m
19:13:46   [32;22m     all[0m[34;1m      3.26[0m[34;22m      0.00[0m[34;1m      2.72[0m[34;22m      0.00[0m[34;22m      0.00[0m[34;1m     94.02[0m
19:13:47   [32;22m     all[0m[34;1m      6.59[0m[34;22m      0.00[0m[34;1m      6.04[0m[34;22m      0.00[0m[34;22m      0.00[0m[34;1m     87.36[0m
19:13:48   [32;22m     all[0m[34;1m      2.66[0m[34;22m      0.00[0m[34;1m      2.13[0m[34;22m      0.00[0m[34;22m      0.00[0m[34;1m     95.21[0m
19:13:49   [32;22m     all[0m[34;1m      3.24[0m[34;22m      0.00[0m[34;1m      3.78[0m[34;22m      0.00[0m[34;22m      0.00[0m[34;1m     92.97[0m
19:13:50   [32;22m     all[0m[34;1m      3.76[0m[34;22m      0.00[0m[34;1m      3.76[0m[34;22m      0.00[0m[34;22m      0.00[0m[34;1m     92.47[0m
19:13:51   [32;22m     all[0m[34;1m      3.31[0m[34;22m      0.00[0m[34;1m      1.66[0m[34;22m      0.00[0m[34;22m      0.00[0m[34;1m     95.03[0m
19:13:52   [32;22m     all[0m[34;1m      5.43[0m[34;22m      0.00[0m[34;1m      4.89[0m[34;22m      0.00[0m[34;22m      0.00[0m[34;1m     89.67[0m
19:13:53   [32;22m     all[0m[34;1m      2.72[0m[34;22m      0.00[0m[34;1m      1.63[0m[34;22m      0.00[0m[34;22m      0.00[0m[34;1m     95.65[0m
19:13:54   [32;22m     all[0m[34;1m      3.78[0m[34;22m      0.00[0m[34;1m      3.24[0m[34;22m      0.00[0m[34;22m      0.00[0m[34;1m     92.97[0m
19:13:55   [32;22m     all[0m[34;1m      4.95[0m[34;22m      0.00[0m[34;1m      3.30[0m[34;22m      0.00[0m[34;22m      0.00[0m[34;1m     91.76[0m
19:13:56   [32;22m     all[0m[34;1m      3.78[0m[34;22m      0.00[0m[34;1m      2.16[0m[34;22m      0.00[0m[34;22m      0.00[0m[34;1m     94.05[0m
19:13:57   [32;22m     all[0m[34;1m      5.52[0m[34;22m      0.00[0m[34;1m      5.52[0m[34;22m      0.00[0m[34;22m      0.00[0m[34;1m     88.95[0m
19:13:58   [32;22m     all[0m[34;1m      4.35[0m[34;22m      0.00[0m[34;1m      3.26[0m[34;22m      0.00[0m[34;22m      0.00[0m[34;1m     92.39[0m
19:13:59   [32;22m     all[0m[34;1m      2.15[0m[34;22m      0.00[0m[34;1m      1.61[0m[34;22m      0.00[0m[34;22m      0.00[0m[34;1m     96.24[0m
19:14:00   [32;22m     all[0m[34;1m      3.80[0m[34;22m      0.00[0m[34;1m      3.80[0m[34;22m      0.00[0m[34;22m      0.00[0m[34;1m     92.39[0m
19:14:01   [32;22m     all[0m[34;1m      2.16[0m[34;22m      0.00[0m[34;1m      2.70[0m[34;22m      0.00[0m[34;22m      0.00[0m[34;1m     95.14[0m
19:14:02   [32;22m     all[0m[34;1m      5.35[0m[34;22m      0.00[0m[34;1m      4.28[0m[34;22m      0.00[0m[34;22m      0.00[0m[34;1m     90.37[0m
19:14:03   [32;22m     all[0m[34;1m      3.23[0m[34;22m      0.00[0m[34;1m      3.23[0m[34;22m      0.00[0m[34;22m      0.00[0m[34;1m     93.55[0m
19:14:04   [32;22m     all[0m[34;1m      3.26[0m[34;22m      0.00[0m[34;1m      2.17[0m[34;22m      0.00[0m[34;22m      0.00[0m[34;1m     94.57[0m
19:14:05   [32;22m     all[0m[34;1m      4.84[0m[34;22m      0.00[0m[34;1m      3.23[0m[34;22m      0.00[0m[34;22m      0.00[0m[34;1m     91.94[0m
19:14:06   [32;22m     all[0m[34;1m      6.01[0m[34;22m      0.00[0m[34;1m      4.37[0m[34;1m      0.55[0m[34;22m      0.00[0m[34;1m     89.07[0m
19:14:07   [32;22m     all[0m[34;1m     10.93[0m[34;22m      0.00[0m[34;1m      7.65[0m[34;22m      0.00[0m[34;22m      0.00[0m[34;1m     81.42[0m
19:14:08   [32;22m     all[0m[34;1m      2.75[0m[34;22m      0.00[0m[34;1m      2.75[0m[34;22m      0.00[0m[34;22m      0.00[0m[34;1m     94.51[0m
19:14:09   [32;22m     all[0m[34;1m      2.14[0m[34;22m      0.00[0m[34;1m      2.14[0m[34;22m      0.00[0m[34;22m      0.00[0m[34;1m     95.72[0m
19:14:10   [32;22m     all[0m[34;1m      3.76[0m[34;22m      0.00[0m[34;1m      2.69[0m[34;22m      0.00[0m[34;22m      0.00[0m[34;1m     93.55[0m
19:14:11   [32;22m     all[0m[34;1m      2.16[0m[34;22m      0.00[0m[34;1m      1.62[0m[34;22m      0.00[0m[34;22m      0.00[0m[34;1m     96.22[0m
19:14:12   [32;22m     all[0m[34;1m      3.23[0m[34;22m      0.00[0m[34;1m      2.15[0m[34;22m      0.00[0m[34;22m      0.00[0m[34;1m     94.62[0m
19:14:13   [32;22m     all[0m[34;1m      3.26[0m[34;22m      0.00[0m[34;1m      3.80[0m[34;22m      0.00[0m[34;22m      0.00[0m[34;1m     92.93[0m
19:14:14   [32;22m     all[0m[34;1m      4.37[0m[34;22m      0.00[0m[34;1m      3.28[0m[34;22m      0.00[0m[34;22m      0.00[0m[34;1m     92.35[0m
19:14:15   [32;22m     all[0m[34;1m      4.92[0m[34;22m      0.00[0m[34;1m      3.28[0m[34;22m      0.00[0m[34;22m      0.00[0m[34;1m     91.80[0m
19:14:16   [32;22m     all[0m[34;1m      3.80[0m[34;22m      0.00[0m[34;1m      2.72[0m[34;22m      0.00[0m[34;22m      0.00[0m[34;1m     93.48[0m
19:14:17   [32;22m     all[0m[34;1m      7.10[0m[34;22m      0.00[0m[34;1m      3.28[0m[34;22m      0.00[0m[34;22m      0.00[0m[34;1m     89.62[0m
19:14:18   [32;22m     all[0m[34;1m      3.78[0m[34;22m      0.00[0m[34;1m      4.32[0m[34;22m      0.00[0m[34;22m      0.00[0m[34;1m     91.89[0m
19:14:19   [32;22m     all[0m[34;1m      3.21[0m[34;22m      0.00[0m[34;1m      1.60[0m[34;22m      0.00[0m[34;22m      0.00[0m[34;1m     95.19[0m
19:14:20   [32;22m     all[0m[34;1m      3.78[0m[34;22m      0.00[0m[34;1m      2.70[0m[34;22m      0.00[0m[34;22m      0.00[0m[34;1m     93.51[0m
19:14:21   [32;22m     all[0m[34;1m      3.78[0m[34;22m      0.00[0m[34;1m      2.16[0m[34;22m      0.00[0m[34;22m      0.00[0m[34;1m     94.05[0m
19:14:22   [32;22m     all[0m[34;1m      5.46[0m[34;22m      0.00[0m[34;1m      4.37[0m[34;1m      0.55[0m[34;22m      0.00[0m[34;1m     89.62[0m
19:14:23   [32;22m     all[0m[34;1m      3.21[0m[34;22m      0.00[0m[34;1m      3.74[0m[34;22m      0.00[0m[34;22m      0.00[0m[34;1m     93.05[0m
19:14:24   [32;22m     all[0m[34;1m      3.26[0m[34;22m      0.00[0m[34;1m      2.17[0m[34;22m      0.00[0m[34;22m      0.00[0m[34;1m     94.57[0m
19:14:25   [32;22m     all[0m[34;1m      5.98[0m[34;22m      0.00[0m[34;1m      2.17[0m[34;22m      0.00[0m[34;22m      0.00[0m[34;1m     91.85[0m
19:14:26   [32;22m     all[0m[34;1m      3.24[0m[34;22m      0.00[0m[34;1m      2.70[0m[34;22m      0.00[0m[34;22m      0.00[0m[34;1m     94.05[0m
19:14:27   [32;22m     all[0m[34;1m      5.95[0m[34;22m      0.00[0m[34;1m      5.41[0m[34;22m      0.00[0m[34;22m      0.00[0m[34;1m     88.65[0m
19:14:28   [32;22m     all[0m[34;1m      3.23[0m[34;22m      0.00[0m[34;1m      4.84[0m[34;1m      0.54[0m[34;22m      0.00[0m[34;1m     91.40[0m
19:14:29   [32;22m     all[0m[34;1m      3.85[0m[34;22m      0.00[0m[34;1m      3.30[0m[34;22m      0.00[0m[34;22m      0.00[0m[34;1m     92.86[0m
19:14:30   [32;22m     all[0m[34;1m      6.45[0m[34;22m      0.00[0m[34;1m      4.30[0m[34;22m      0.00[0m[34;22m      0.00[0m[34;1m     89.25[0m
19:14:31   [32;22m     all[0m[34;1m      2.19[0m[34;22m      0.00[0m[34;1m      2.73[0m[34;22m      0.00[0m[34;22m      0.00[0m[34;1m     95.08[0m
19:14:32   [32;22m     all[0m[34;1m      4.32[0m[34;22m      0.00[0m[34;1m      2.70[0m[34;22m      0.00[0m[34;22m      0.00[0m[34;1m     92.97[0m
19:14:33   [32;22m     all[0m[34;1m      6.11[0m[34;22m      0.00[0m[34;1m      5.00[0m[34;22m      0.00[0m[34;22m      0.00[0m[34;1m     88.89[0m
19:14:34   [32;22m     all[0m[34;1m      3.80[0m[34;22m      0.00[0m[34;1m      2.72[0m[34;22m      0.00[0m[34;22m      0.00[0m[34;1m     93.48[0m
19:14:35   [32;22m     all[0m[34;1m      4.30[0m[34;22m      0.00[0m[34;1m      3.23[0m[34;22m      0.00[0m[34;22m      0.00[0m[34;1m     92.47[0m
19:14:36   [32;22m     all[0m[34;1m      6.04[0m[34;22m      0.00[0m[34;1m      3.30[0m[34;22m      0.00[0m[34;22m      0.00[0m[34;1m     90.66[0m
19:14:37   [32;22m     all[0m[34;1m      9.94[0m[34;22m      0.00[0m[34;1m      6.63[0m[34;22m      0.00[0m[34;22m      0.00[0m[34;1m     83.43[0m
19:14:38   [32;22m     all[0m[34;1m      9.94[0m[34;22m      0.00[0m[34;1m      3.31[0m[34;22m      0.00[0m[34;22m      0.00[0m[34;1m     86.74[0m
19:14:39   [32;22m     all[0m[34;1m      3.80[0m[34;22m      0.00[0m[34;1m      2.72[0m[34;22m      0.00[0m[34;22m      0.00[0m[34;1m     93.48[0m
19:14:40   [32;22m     all[0m[34;1m      3.80[0m[34;22m      0.00[0m[34;1m      3.26[0m[34;22m      0.00[0m[34;22m      0.00[0m[34;1m     92.93[0m
19:14:41   [32;22m     all[0m[34;1m      4.26[0m[34;22m      0.00[0m[34;1m      2.66[0m[34;22m      0.00[0m[34;22m      0.00[0m[34;1m     93.09[0m
19:14:42   [32;22m     all[0m[34;1m      4.92[0m[34;22m      0.00[0m[34;1m      3.83[0m[34;22m      0.00[0m[34;22m      0.00[0m[34;1m     91.26[0m
19:14:43   [32;22m     all[0m[34;1m      3.21[0m[34;22m      0.00[0m[34;1m      3.74[0m[34;22m      0.00[0m[34;22m      0.00[0m[34;1m     93.05[0m
19:14:44   [32;22m     all[0m[34;1m      3.80[0m[34;22m      0.00[0m[34;1m      2.17[0m[34;22m      0.00[0m[34;22m      0.00[0m[34;1m     94.02[0m
19:14:45   [32;22m     all[0m[34;1m      4.32[0m[34;22m      0.00[0m[34;1m      5.41[0m[34;22m      0.00[0m[34;22m      0.00[0m[34;1m     90.27[0m
19:14:46   [32;22m     all[0m[34;1m      4.89[0m[34;22m      0.00[0m[34;1m      2.17[0m[34;22m      0.00[0m[34;22m      0.00[0m[34;1m     92.93[0m
19:14:47   [32;22m     all[0m[34;1m      5.91[0m[34;22m      0.00[0m[34;1m      4.30[0m[34;22m      0.00[0m[34;22m      0.00[0m[34;1m     89.78[0m
19:14:48   [32;22m     all[0m[34;1m      3.87[0m[34;22m      0.00[0m[34;1m      4.42[0m[34;22m      0.00[0m[34;22m      0.00[0m[34;1m     91.71[0m
19:14:49   [32;22m     all[0m[34;1m      2.70[0m[34;22m      0.00[0m[34;1m      2.70[0m[34;22m      0.00[0m[34;22m      0.00[0m[34;1m     94.59[0m
19:14:50   [32;22m     all[0m[34;1m      4.37[0m[34;22m      0.00[0m[34;1m      2.73[0m[34;22m      0.00[0m[34;22m      0.00[0m[34;1m     92.90[0m
19:14:51   [32;22m     all[0m[34;1m      3.31[0m[34;22m      0.00[0m[34;1m      3.31[0m[34;22m      0.00[0m[34;22m      0.00[0m[34;1m     93.37[0m
19:14:52   [32;22m     all[0m[34;1m      8.15[0m[34;22m      0.00[0m[34;1m      3.26[0m[34;1m      0.54[0m[34;22m      0.00[0m[34;1m     88.04[0m
19:14:53   [32;22m     all[0m[34;1m      2.73[0m[34;22m      0.00[0m[34;1m      2.73[0m[34;22m      0.00[0m[34;22m      0.00[0m[34;1m     94.54[0m
19:14:54   [32;22m     all[0m[34;1m      3.76[0m[34;22m      0.00[0m[34;1m      2.15[0m[34;22m      0.00[0m[34;22m      0.00[0m[34;1m     94.09[0m
19:14:55   [32;22m     all[0m[34;1m      3.80[0m[34;22m      0.00[0m[34;1m      3.26[0m[34;22m      0.00[0m[34;22m      0.00[0m[34;1m     92.93[0m
19:14:56   [32;22m     all[0m[34;1m      3.80[0m[34;22m      0.00[0m[34;1m      2.17[0m[34;22m      0.00[0m[34;22m      0.00[0m[34;1m     94.02[0m
19:14:57   [32;22m     all[0m[34;1m      4.30[0m[34;22m      0.00[0m[34;1m      5.38[0m[34;22m      0.00[0m[34;22m      0.00[0m[34;1m     90.32[0m
19:14:58   [32;22m     all[0m[34;1m      3.80[0m[34;22m      0.00[0m[34;1m      2.72[0m[34;22m      0.00[0m[34;22m      0.00[0m[34;1m     93.48[0m
19:14:59   [32;22m     all[0m[34;1m      2.16[0m[34;22m      0.00[0m[34;1m      1.62[0m[34;22m      0.00[0m[34;22m      0.00[0m[34;1m     96.22[0m
19:15:00   [32;22m     all[0m[34;1m      4.28[0m[34;22m      0.00[0m[34;1m      2.14[0m[34;22m      0.00[0m[34;22m      0.00[0m[34;1m     93.58[0m
19:15:01   [32;22m     all[0m[34;1m      2.70[0m[34;22m      0.00[0m[34;1m      2.70[0m[34;22m      0.00[0m[34;22m      0.00[0m[34;1m     94.59[0m
19:15:02   [32;22m     all[0m[34;1m      4.42[0m[34;22m      0.00[0m[34;1m      3.31[0m[34;22m      0.00[0m[34;22m      0.00[0m[34;1m     92.27[0m
19:15:03   [32;22m     all[0m[34;1m      5.41[0m[34;22m      0.00[0m[34;1m      3.78[0m[34;22m      0.00[0m[34;22m      0.00[0m[34;1m     90.81[0m
19:15:04   [32;22m     all[0m[34;1m      3.74[0m[34;22m      0.00[0m[34;1m      3.74[0m[34;22m      0.00[0m[34;22m      0.00[0m[34;1m     92.51[0m
19:15:05   [32;22m     all[0m[34;1m      4.81[0m[34;22m      0.00[0m[34;1m      2.67[0m[34;22m      0.00[0m[34;22m      0.00[0m[34;1m     92.51[0m
19:15:06   [32;22m     all[0m[34;1m      4.35[0m[34;22m      0.00[0m[34;1m      3.26[0m[34;22m      0.00[0m[34;22m      0.00[0m[34;1m     92.39[0m
19:15:07   [32;22m     all[0m[34;1m      7.65[0m[34;22m      0.00[0m[34;1m      5.46[0m[34;22m      0.00[0m[34;22m      0.00[0m[34;1m     86.89[0m
19:15:08   [32;22m     all[0m[34;1m      4.32[0m[34;22m      0.00[0m[34;1m      4.86[0m[34;22m      0.00[0m[34;22m      0.00[0m[34;1m     90.81[0m
19:15:09   [32;22m     all[0m[34;1m      3.76[0m[34;22m      0.00[0m[34;1m      2.15[0m[34;22m      0.00[0m[34;22m      0.00[0m[34;1m     94.09[0m
19:15:10   [32;22m     all[0m[34;1m      3.83[0m[34;22m      0.00[0m[34;1m      2.19[0m[34;22m      0.00[0m[34;22m      0.00[0m[34;1m     93.99[0m
19:15:11   [32;22m     all[0m[34;1m      2.15[0m[34;22m      0.00[0m[34;1m      1.61[0m[34;22m      0.00[0m[34;22m      0.00[0m[34;1m     96.24[0m
19:15:12   [32;22m     all[0m[34;1m      4.35[0m[34;22m      0.00[0m[34;1m      3.26[0m[34;22m      0.00[0m[34;22m      0.00[0m[34;1m     92.39[0m
19:15:13   [32;22m     all[0m[34;1m      2.69[0m[34;22m      0.00[0m[34;1m      3.23[0m[34;22m      0.00[0m[34;22m      0.00[0m[34;1m     94.09[0m
19:15:14   [32;22m     all[0m[34;1m      3.76[0m[34;22m      0.00[0m[34;1m      2.69[0m[34;22m      0.00[0m[34;22m      0.00[0m[34;1m     93.55[0m
19:15:15   [32;22m     all[0m[34;1m      4.35[0m[34;22m      0.00[0m[34;1m      2.17[0m[34;22m      0.00[0m[34;22m      0.00[0m[34;1m     93.48[0m
19:15:16   [32;22m     all[0m[34;1m      3.78[0m[34;22m      0.00[0m[34;1m      3.24[0m[34;22m      0.00[0m[34;22m      0.00[0m[34;1m     92.97[0m
19:15:17   [32;22m     all[0m[34;1m      3.85[0m[34;22m      0.00[0m[34;1m      3.30[0m[34;22m      0.00[0m[34;22m      0.00[0m[34;1m     92.86[0m
19:15:18   [32;22m     all[0m[34;1m      4.32[0m[34;22m      0.00[0m[34;1m      2.70[0m[34;1m      0.54[0m[34;22m      0.00[0m[34;1m     92.43[0m
19:15:19   [32;22m     all[0m[34;1m      1.62[0m[34;22m      0.00[0m[34;1m      2.16[0m[34;22m      0.00[0m[34;22m      0.00[0m[34;1m     96.22[0m
19:15:20   [32;22m     all[0m[34;1m      4.92[0m[34;22m      0.00[0m[34;1m      3.28[0m[34;22m      0.00[0m[34;22m      0.00[0m[34;1m     91.80[0m
19:15:21   [32;22m     all[0m[34;1m      3.21[0m[34;22m      0.00[0m[34;1m      2.67[0m[34;22m      0.00[0m[34;22m      0.00[0m[34;1m     94.12[0m
19:15:22   [32;22m     all[0m[34;1m      6.49[0m[34;22m      0.00[0m[34;1m      4.86[0m[34;22m      0.00[0m[34;22m      0.00[0m[34;1m     88.65[0m
19:15:23   [32;22m     all[0m[34;1m      2.19[0m[34;22m      0.00[0m[34;1m      2.73[0m[34;22m      0.00[0m[34;22m      0.00[0m[34;1m     95.08[0m
19:15:24   [32;22m     all[0m[34;1m      3.76[0m[34;22m      0.00[0m[34;1m      2.69[0m[34;22m      0.00[0m[34;22m      0.00[0m[34;1m     93.55[0m
19:15:25   [32;22m     all[0m[34;1m      3.80[0m[34;22m      0.00[0m[34;1m      4.35[0m[34;22m      0.00[0m[34;22m      0.00[0m[34;1m     91.85[0m
19:15:26   [32;22m     all[0m[34;1m      3.76[0m[34;22m      0.00[0m[34;1m      2.69[0m[34;22m      0.00[0m[34;22m      0.00[0m[34;1m     93.55[0m
19:15:27   [32;22m     all[0m[34;1m      6.01[0m[34;22m      0.00[0m[34;1m      4.37[0m[34;22m      0.00[0m[34;22m      0.00[0m[34;1m     89.62[0m
19:15:28   [32;22m     all[0m[34;1m      4.86[0m[34;22m      0.00[0m[34;1m      3.78[0m[34;22m      0.00[0m[34;22m      0.00[0m[34;1m     91.35[0m
19:15:29   [32;22m     all[0m[34;1m      2.19[0m[34;22m      0.00[0m[34;1m      2.19[0m[34;22m      0.00[0m[34;22m      0.00[0m[34;1m     95.63[0m
19:15:30   [32;22m     all[0m[34;1m      4.30[0m[34;22m      0.00[0m[34;1m      3.76[0m[34;22m      0.00[0m[34;22m      0.00[0m[34;1m     91.94[0m
19:15:31   [32;22m     all[0m[34;1m      4.32[0m[34;22m      0.00[0m[34;1m      2.70[0m[34;22m      0.00[0m[34;22m      0.00[0m[34;1m     92.97[0m
19:15:32   [32;22m     all[0m[34;1m      5.52[0m[34;22m      0.00[0m[34;1m      2.76[0m[34;22m      0.00[0m[34;22m      0.00[0m[34;1m     91.71[0m
19:15:33   [32;22m     all[0m[34;1m      4.32[0m[34;22m      0.00[0m[34;1m      4.32[0m[34;22m      0.00[0m[34;22m      0.00[0m[34;1m     91.35[0m
19:15:34   [32;22m     all[0m[34;1m      3.28[0m[34;22m      0.00[0m[34;1m      2.19[0m[34;22m      0.00[0m[34;22m      0.00[0m[34;1m     94.54[0m
19:15:35   [32;22m     all[0m[34;1m      4.32[0m[34;22m      0.00[0m[34;1m      3.78[0m[34;22m      0.00[0m[34;22m      0.00[0m[34;1m     91.89[0m
19:15:36   [32;22m     all[0m[34;1m      4.89[0m[34;22m      0.00[0m[34;1m      3.26[0m[34;22m      0.00[0m[34;22m      0.00[0m[34;1m     91.85[0m
19:15:37   [32;22m     all[0m[34;1m      9.29[0m[34;22m      0.00[0m[34;1m      6.01[0m[34;1m      0.55[0m[34;22m      0.00[0m[34;1m     84.15[0m
19:15:38   [32;22m     all[0m[34;1m      2.75[0m[34;22m      0.00[0m[34;1m      4.40[0m[34;1m      0.55[0m[34;22m      0.00[0m[34;1m     92.31[0m
19:15:39   [32;22m     all[0m[34;1m      2.70[0m[34;22m      0.00[0m[34;1m      1.08[0m[34;22m      0.00[0m[34;22m      0.00[0m[34;1m     96.22[0m
19:15:40   [32;22m     all[0m[34;1m      4.86[0m[34;22m      0.00[0m[34;1m      2.70[0m[34;22m      0.00[0m[34;22m      0.00[0m[34;1m     92.43[0m
19:15:41   [32;22m     all[0m[34;1m      2.15[0m[34;22m      0.00[0m[34;1m      1.61[0m[34;22m      0.00[0m[34;22m      0.00[0m[34;1m     96.24[0m
19:15:42   [32;22m     all[0m[34;1m      6.01[0m[34;22m      0.00[0m[34;1m      5.46[0m[34;22m      0.00[0m[34;22m      0.00[0m[34;1m     88.52[0m
19:15:43   [32;22m     all[0m[34;1m      3.24[0m[34;22m      0.00[0m[34;1m      4.32[0m[34;22m      0.00[0m[34;22m      0.00[0m[34;1m     92.43[0m
19:15:44   [32;22m     all[0m[34;1m      2.72[0m[34;22m      0.00[0m[34;1m      2.17[0m[34;22m      0.00[0m[34;22m      0.00[0m[34;1m     95.11[0m
19:15:45   [32;22m     all[0m[34;1m      6.49[0m[34;22m      0.00[0m[34;1m      3.24[0m[34;22m      0.00[0m[34;22m      0.00[0m[34;1m     90.27[0m
19:15:46   [32;22m     all[0m[34;1m      4.26[0m[34;22m      0.00[0m[34;1m      3.19[0m[34;22m      0.00[0m[34;22m      0.00[0m[34;1m     92.55[0m
19:15:47   [32;22m     all[0m[34;1m      3.26[0m[34;22m      0.00[0m[34;1m      2.17[0m[34;22m      0.00[0m[34;22m      0.00[0m[34;1m     94.57[0m
19:15:48   [32;22m     all[0m[34;1m      5.46[0m[34;22m      0.00[0m[34;1m      5.46[0m[34;22m      0.00[0m[34;22m      0.00[0m[34;1m     89.07[0m
19:15:49   [32;22m     all[0m[34;1m      2.73[0m[34;22m      0.00[0m[34;1m      2.73[0m[34;22m      0.00[0m[34;22m      0.00[0m[34;1m     94.54[0m
19:15:50   [32;22m     all[0m[34;1m      4.32[0m[34;22m      0.00[0m[34;1m      3.24[0m[34;22m      0.00[0m[34;22m      0.00[0m[34;1m     92.43[0m
19:15:51   [32;22m     all[0m[34;1m      2.72[0m[34;22m      0.00[0m[34;1m      1.63[0m[34;22m      0.00[0m[34;22m      0.00[0m[34;1m     95.65[0m
19:15:52   [32;22m     all[0m[34;1m      5.41[0m[34;22m      0.00[0m[34;1m      3.24[0m[34;22m      0.00[0m[34;22m      0.00[0m[34;1m     91.35[0m
19:15:53   [32;22m     all[0m[34;1m      3.83[0m[34;22m      0.00[0m[34;1m      2.73[0m[34;22m      0.00[0m[34;22m      0.00[0m[34;1m     93.44[0m
19:15:54   [32;22m     all[0m[34;1m      3.78[0m[34;22m      0.00[0m[34;1m      2.16[0m[34;22m      0.00[0m[34;22m      0.00[0m[34;1m     94.05[0m
19:15:55   [32;22m     all[0m[34;1m      5.00[0m[34;22m      0.00[0m[34;1m      2.78[0m[34;22m      0.00[0m[34;22m      0.00[0m[34;1m     92.22[0m
19:15:56   [32;22m     all[0m[34;1m      3.76[0m[34;22m      0.00[0m[34;1m      2.69[0m[34;22m      0.00[0m[34;22m      0.00[0m[34;1m     93.55[0m
19:15:57   [32;22m     all[0m[34;1m      3.24[0m[34;22m      0.00[0m[34;1m      1.62[0m[34;22m      0.00[0m[34;22m      0.00[0m[34;1m     95.14[0m
19:15:58   [32;22m     all[0m[34;1m      4.32[0m[34;22m      0.00[0m[34;1m      4.86[0m[34;22m      0.00[0m[34;22m      0.00[0m[34;1m     90.81[0m
19:15:59   [32;22m     all[0m[34;1m      2.17[0m[34;22m      0.00[0m[34;1m      2.72[0m[34;22m      0.00[0m[34;22m      0.00[0m[34;1m     95.11[0m
19:16:00   [32;22m     all[0m[34;1m      2.75[0m[34;22m      0.00[0m[34;1m      2.20[0m[34;22m      0.00[0m[34;22m      0.00[0m[34;1m     95.05[0m
19:16:01   [32;22m     all[0m[34;1m      2.70[0m[34;22m      0.00[0m[34;1m      1.62[0m[34;22m      0.00[0m[34;22m      0.00[0m[34;1m     95.68[0m
19:16:02   [32;22m     all[0m[34;1m      4.28[0m[34;22m      0.00[0m[34;1m      4.28[0m[34;22m      0.00[0m[34;22m      0.00[0m[34;1m     91.44[0m
19:16:03   [32;22m     all[0m[34;1m      3.83[0m[34;22m      0.00[0m[34;1m      4.37[0m[34;22m      0.00[0m[34;22m      0.00[0m[34;1m     91.80[0m
19:16:04   [32;22m     all[0m[34;1m      3.89[0m[34;22m      0.00[0m[34;1m      3.33[0m[34;22m      0.00[0m[34;22m      0.00[0m[34;1m     92.78[0m
19:16:05   [32;22m     all[0m[34;1m      5.49[0m[34;22m      0.00[0m[34;1m      3.30[0m[34;22m      0.00[0m[34;22m      0.00[0m[34;1m     91.21[0m
19:16:06   [32;22m     all[0m[34;1m      5.41[0m[34;22m      0.00[0m[34;1m      4.32[0m[34;22m      0.00[0m[34;22m      0.00[0m[34;1m     90.27[0m
19:16:07   [32;22m     all[0m[34;1m      5.52[0m[34;22m      0.00[0m[34;1m      3.31[0m[34;22m      0.00[0m[34;22m      0.00[0m[34;1m     91.16[0m
19:16:08   [32;22m     all[0m[34;1m      6.52[0m[34;22m      0.00[0m[34;1m      4.89[0m[34;22m      0.00[0m[34;22m      0.00[0m[34;1m     88.59[0m
19:16:09   [32;22m     all[0m[34;1m      3.26[0m[34;22m      0.00[0m[34;1m      2.72[0m[34;22m      0.00[0m[34;22m      0.00[0m[34;1m     94.02[0m
19:16:10   [32;22m     all[0m[34;1m      3.28[0m[34;22m      0.00[0m[34;1m      2.73[0m[34;22m      0.00[0m[34;22m      0.00[0m[34;1m     93.99[0m
19:16:11   [32;22m     all[0m[34;1m      2.66[0m[34;22m      0.00[0m[34;1m      2.66[0m[34;22m      0.00[0m[34;22m      0.00[0m[34;1m     94.68[0m
19:16:12   [32;22m     all[0m[34;1m      3.26[0m[34;22m      0.00[0m[34;1m      2.72[0m[34;22m      0.00[0m[34;22m      0.00[0m[34;1m     94.02[0m
19:16:13   [32;22m     all[0m[34;1m      3.28[0m[34;22m      0.00[0m[34;1m      3.28[0m[34;22m      0.00[0m[34;22m      0.00[0m[34;1m     93.44[0m
19:16:14   [32;22m     all[0m[34;1m      3.78[0m[34;22m      0.00[0m[34;1m      2.70[0m[34;22m      0.00[0m[34;22m      0.00[0m[34;1m     93.51[0m
19:16:15   [32;22m     all[0m[34;1m      3.31[0m[34;22m      0.00[0m[34;1m      2.21[0m[34;22m      0.00[0m[34;22m      0.00[0m[34;1m     94.48[0m
19:16:16   [32;22m     all[0m[34;1m      3.26[0m[34;22m      0.00[0m[34;1m      1.63[0m[34;22m      0.00[0m[34;22m      0.00[0m[34;1m     95.11[0m
19:16:17   [32;22m     all[0m[34;1m      3.78[0m[34;22m      0.00[0m[34;1m      3.24[0m[34;1m      0.54[0m[34;22m      0.00[0m[34;1m     92.43[0m
19:16:18   [32;22m     all[0m[34;1m      6.08[0m[34;22m      0.00[0m[34;1m      4.97[0m[34;22m      0.00[0m[34;22m      0.00[0m[34;1m     88.95[0m
19:16:19   [32;22m     all[0m[34;1m      3.24[0m[34;22m      0.00[0m[34;1m      2.16[0m[34;22m      0.00[0m[34;22m      0.00[0m[34;1m     94.59[0m
19:16:20   [32;22m     all[0m[34;1m      2.73[0m[34;22m      0.00[0m[34;1m      2.73[0m[34;22m      0.00[0m[34;22m      0.00[0m[34;1m     94.54[0m
19:16:21   [32;22m     all[0m[34;1m      2.69[0m[34;22m      0.00[0m[34;1m      3.23[0m[34;22m      0.00[0m[34;22m      0.00[0m[34;1m     94.09[0m
19:16:22   [32;22m     all[0m[34;1m      4.35[0m[34;22m      0.00[0m[34;1m      2.17[0m[34;22m      0.00[0m[34;22m      0.00[0m[34;1m     93.48[0m
19:16:23   [32;22m     all[0m[34;1m      3.28[0m[34;22m      0.00[0m[34;1m      3.28[0m[34;22m      0.00[0m[34;22m      0.00[0m[34;1m     93.44[0m
19:16:24   [32;22m     all[0m[34;1m      3.83[0m[34;22m      0.00[0m[34;1m      2.73[0m[34;22m      0.00[0m[34;22m      0.00[0m[34;1m     93.44[0m
19:16:25   [32;22m     all[0m[34;1m      4.92[0m[34;22m      0.00[0m[34;1m      3.83[0m[34;22m      0.00[0m[34;22m      0.00[0m[34;1m     91.26[0m
19:16:26   [32;22m     all[0m[34;1m      3.23[0m[34;22m      0.00[0m[34;1m      2.69[0m[34;22m      0.00[0m[34;22m      0.00[0m[34;1m     94.09[0m
19:16:27   [32;22m     all[0m[34;1m      3.78[0m[34;22m      0.00[0m[34;1m      2.70[0m[34;22m      0.00[0m[34;22m      0.00[0m[34;1m     93.51[0m
19:16:28   [32;22m     all[0m[34;1m      4.32[0m[34;22m      0.00[0m[34;1m      4.86[0m[34;22m      0.00[0m[34;22m      0.00[0m[34;1m     90.81[0m
19:16:29   [32;22m     all[0m[34;1m      2.62[0m[34;22m      0.00[0m[34;1m      3.66[0m[34;22m      0.00[0m[34;22m      0.00[0m[34;1m     93.72[0m
19:16:30   [32;22m     all[0m[34;1m      3.80[0m[34;22m      0.00[0m[34;1m      2.17[0m[34;22m      0.00[0m[34;22m      0.00[0m[34;1m     94.02[0m
19:16:31   [32;22m     all[0m[34;1m      3.76[0m[34;22m      0.00[0m[34;1m      2.15[0m[34;22m      0.00[0m[34;22m      0.00[0m[34;1m     94.09[0m
19:16:32   [32;22m     all[0m[34;1m      4.32[0m[34;22m      0.00[0m[34;1m      3.24[0m[34;22m      0.00[0m[34;22m      0.00[0m[34;1m     92.43[0m
19:16:33   [32;22m     all[0m[34;1m      3.76[0m[34;22m      0.00[0m[34;1m      2.69[0m[34;22m      0.00[0m[34;22m      0.00[0m[34;1m     93.55[0m
19:16:34   [32;22m     all[0m[34;1m      4.95[0m[34;22m      0.00[0m[34;1m      3.30[0m[34;22m      0.00[0m[34;22m      0.00[0m[34;1m     91.76[0m
19:16:35   [32;22m     all[0m[34;1m      5.43[0m[34;22m      0.00[0m[34;1m      3.26[0m[34;22m      0.00[0m[34;22m      0.00[0m[34;1m     91.30[0m
19:16:36   [32;22m     all[0m[34;1m      5.49[0m[34;22m      0.00[0m[34;1m      3.85[0m[34;22m      0.00[0m[34;22m      0.00[0m[34;1m     90.66[0m
19:16:37   [32;22m     all[0m[34;1m      4.32[0m[34;22m      0.00[0m[34;1m      3.78[0m[34;22m      0.00[0m[34;22m      0.00[0m[34;1m     91.89[0m
19:16:38   [32;22m     all[0m[34;1m     15.00[0m[34;22m      0.00[0m[34;1m      5.56[0m[34;22m      0.00[0m[34;22m      0.00[0m[34;1m     79.44[0m
19:16:39   [32;22m     all[0m[34;1m      4.26[0m[34;22m      0.00[0m[34;1m      3.72[0m[34;22m      0.00[0m[34;22m      0.00[0m[34;1m     92.02[0m
19:16:40   [32;22m     all[0m[34;1m      3.28[0m[34;22m      0.00[0m[34;1m      2.73[0m[34;22m      0.00[0m[34;22m      0.00[0m[34;1m     93.99[0m
19:16:41   [32;22m     all[0m[34;1m      2.70[0m[34;22m      0.00[0m[34;1m      2.70[0m[34;22m      0.00[0m[34;22m      0.00[0m[34;1m     94.59[0m
19:16:42   [32;22m     all[0m[34;1m      5.62[0m[34;22m      0.00[0m[34;1m      2.25[0m[34;22m      0.00[0m[34;22m      0.00[0m[34;1m     92.13[0m
19:16:43   [32;22m     all[0m[34;1m      4.32[0m[34;22m      0.00[0m[34;1m      3.78[0m[34;22m      0.00[0m[34;22m      0.00[0m[34;1m     91.89[0m
19:16:44   [32;22m     all[0m[34;1m      2.73[0m[34;22m      0.00[0m[34;1m      3.83[0m[34;22m      0.00[0m[34;22m      0.00[0m[34;1m     93.44[0m
19:16:45   [32;22m     all[0m[34;1m      4.28[0m[34;22m      0.00[0m[34;1m      3.74[0m[34;1m      0.53[0m[34;22m      0.00[0m[34;1m     91.44[0m
19:16:46   [32;22m     all[0m[34;1m      3.26[0m[34;22m      0.00[0m[34;1m      1.63[0m[34;22m      0.00[0m[34;22m      0.00[0m[34;1m     95.11[0m
19:16:47   [32;22m     all[0m[34;1m      4.32[0m[34;22m      0.00[0m[34;1m      4.32[0m[34;22m      0.00[0m[34;22m      0.00[0m[34;1m     91.35[0m
19:16:48   [32;22m     all[0m[34;1m      5.95[0m[34;22m      0.00[0m[34;1m      4.86[0m[34;22m      0.00[0m[34;22m      0.00[0m[34;1m     89.19[0m
19:16:49   [32;22m     all[0m[34;1m      2.72[0m[34;22m      0.00[0m[34;1m      2.17[0m[34;22m      0.00[0m[34;22m      0.00[0m[34;1m     95.11[0m
19:16:50   [32;22m     all[0m[34;1m      4.32[0m[34;22m      0.00[0m[34;1m      2.70[0m[34;22m      0.00[0m[34;22m      0.00[0m[34;1m     92.97[0m
19:16:51   [32;22m     all[0m[34;1m      2.69[0m[34;22m      0.00[0m[34;1m      2.69[0m[34;22m      0.00[0m[34;22m      0.00[0m[34;1m     94.62[0m
19:16:52   [32;22m     all[0m[34;1m      2.69[0m[34;22m      0.00[0m[34;1m      3.76[0m[34;22m      0.00[0m[34;22m      0.00[0m[34;1m     93.55[0m
19:16:53   [32;22m     all[0m[34;1m      3.24[0m[34;22m      0.00[0m[34;1m      3.24[0m[34;22m      0.00[0m[34;22m      0.00[0m[34;1m     93.51[0m
19:16:54   [32;22m     all[0m[34;1m      4.32[0m[34;22m      0.00[0m[34;1m      3.24[0m[34;22m      0.00[0m[34;22m      0.00[0m[34;1m     92.43[0m
19:16:55   [32;22m     all[0m[34;1m      4.92[0m[34;22m      0.00[0m[34;1m      3.28[0m[34;22m      0.00[0m[34;22m      0.00[0m[34;1m     91.80[0m
19:16:56   [32;22m     all[0m[34;1m      2.70[0m[34;22m      0.00[0m[34;1m      1.08[0m[34;22m      0.00[0m[34;22m      0.00[0m[34;1m     96.22[0m
19:16:57   [32;22m     all[0m[34;1m      4.37[0m[34;22m      0.00[0m[34;1m      3.28[0m[34;22m      0.00[0m[34;22m      0.00[0m[34;1m     92.35[0m
19:16:58   [32;22m     all[0m[34;1m      5.56[0m[34;22m      0.00[0m[34;1m      3.89[0m[34;22m      0.00[0m[34;22m      0.00[0m[34;1m     90.56[0m
19:16:59   [32;22m     all[0m[34;1m      3.78[0m[34;22m      0.00[0m[34;1m      3.24[0m[34;22m      0.00[0m[34;22m      0.00[0m[34;1m     92.97[0m
19:17:00   [32;22m     all[0m[34;1m      3.83[0m[34;22m      0.00[0m[34;1m      2.73[0m[34;22m      0.00[0m[34;22m      0.00[0m[34;1m     93.44[0m
19:17:01   [32;22m     all[0m[34;1m      2.72[0m[34;22m      0.00[0m[34;1m      2.17[0m[34;22m      0.00[0m[34;22m      0.00[0m[34;1m     95.11[0m
19:17:02   [32;22m     all[0m[34;1m      4.26[0m[34;22m      0.00[0m[34;1m      3.19[0m[34;1m      0.53[0m[34;22m      0.00[0m[34;1m     92.02[0m
19:17:03   [32;22m     all[0m[34;1m      4.92[0m[34;22m      0.00[0m[34;1m      2.73[0m[34;22m      0.00[0m[34;22m      0.00[0m[34;1m     92.35[0m
19:17:04   [32;22m     all[0m[34;1m      4.30[0m[34;22m      0.00[0m[34;1m      3.23[0m[34;22m      0.00[0m[34;22m      0.00[0m[34;1m     92.47[0m
19:17:05   [32;22m     all[0m[34;1m      4.95[0m[34;22m      0.00[0m[34;1m      2.75[0m[34;22m      0.00[0m[34;22m      0.00[0m[34;1m     92.31[0m
19:17:06   [32;22m     all[0m[34;1m      4.86[0m[34;22m      0.00[0m[34;1m      2.70[0m[34;22m      0.00[0m[34;22m      0.00[0m[34;1m     92.43[0m
19:17:07   [32;22m     all[0m[34;1m      4.35[0m[34;22m      0.00[0m[34;1m      2.72[0m[34;22m      0.00[0m[34;22m      0.00[0m[34;1m     92.93[0m
19:17:08   [32;22m     all[0m[34;1m      4.35[0m[34;22m      0.00[0m[34;1m      5.43[0m[34;22m      0.00[0m[34;22m      0.00[0m[34;1m     90.22[0m
19:17:09   [32;22m     all[0m[34;1m      4.28[0m[34;22m      0.00[0m[34;1m      3.21[0m[34;22m      0.00[0m[34;22m      0.00[0m[34;1m     92.51[0m
19:17:10   [32;22m     all[0m[34;1m      3.23[0m[34;22m      0.00[0m[34;1m      2.15[0m[34;22m      0.00[0m[34;22m      0.00[0m[34;1m     94.62[0m
19:17:11   [32;22m     all[0m[34;1m      3.26[0m[34;22m      0.00[0m[34;1m      1.63[0m[34;22m      0.00[0m[34;22m      0.00[0m[34;1m     95.11[0m
19:17:12   [32;22m     all[0m[34;1m      4.26[0m[34;22m      0.00[0m[34;1m      3.19[0m[34;22m      0.00[0m[34;22m      0.00[0m[34;1m     92.55[0m
19:17:13   [32;22m     all[0m[34;1m      3.24[0m[34;22m      0.00[0m[34;1m      3.78[0m[34;22m      0.00[0m[34;22m      0.00[0m[34;1m     92.97[0m
19:17:14   [32;22m     all[0m[34;1m      4.37[0m[34;22m      0.00[0m[34;1m      2.73[0m[34;22m      0.00[0m[34;22m      0.00[0m[34;1m     92.90[0m
19:17:15   [32;22m     all[0m[34;1m      4.97[0m[34;22m      0.00[0m[34;1m      3.31[0m[34;22m      0.00[0m[34;22m      0.00[0m[34;1m     91.71[0m
19:17:16   [32;22m     all[0m[34;1m      3.24[0m[34;22m      0.00[0m[34;1m      3.24[0m[34;22m      0.00[0m[34;22m      0.00[0m[34;1m     93.51[0m
19:17:17   [32;22m     all[0m[34;1m      3.28[0m[34;22m      0.00[0m[34;1m      2.73[0m[34;22m      0.00[0m[34;22m      0.00[0m[34;1m     93.99[0m
19:17:18   [32;22m     all[0m[34;1m      5.49[0m[34;22m      0.00[0m[34;1m      3.85[0m[34;22m      0.00[0m[34;22m      0.00[0m[34;1m     90.66[0m
19:17:19   [32;22m     all[0m[34;1m      2.73[0m[34;22m      0.00[0m[34;1m      2.73[0m[34;22m      0.00[0m[34;22m      0.00[0m[34;1m     94.54[0m
19:17:20   [32;22m     all[0m[34;1m      3.76[0m[34;22m      0.00[0m[34;1m      3.23[0m[34;22m      0.00[0m[34;22m      0.00[0m[34;1m     93.01[0m
19:17:21   [32;22m     all[0m[34;1m      3.83[0m[34;22m      0.00[0m[34;1m      2.73[0m[34;22m      0.00[0m[34;22m      0.00[0m[34;1m     93.44[0m
19:17:22   [32;22m     all[0m[34;1m      4.32[0m[34;22m      0.00[0m[34;1m      2.70[0m[34;22m      0.00[0m[34;22m      0.00[0m[34;1m     92.97[0m
19:17:23   [32;22m     all[0m[34;1m      3.80[0m[34;22m      0.00[0m[34;1m      2.17[0m[34;22m      0.00[0m[34;22m      0.00[0m[34;1m     94.02[0m
19:17:24   [32;22m     all[0m[34;1m      3.91[0m[34;22m      0.00[0m[34;1m      2.23[0m[34;22m      0.00[0m[34;22m      0.00[0m[34;1m     93.85[0m
19:17:25   [32;22m     all[0m[34;1m      7.10[0m[34;22m      0.00[0m[34;1m      4.37[0m[34;22m      0.00[0m[34;22m      0.00[0m[34;1m     88.52[0m
19:17:26   [32;22m     all[0m[34;1m      2.17[0m[34;22m      0.00[0m[34;1m      2.17[0m[34;22m      0.00[0m[34;22m      0.00[0m[34;1m     95.65[0m
19:17:27   [32;22m     all[0m[34;1m      4.30[0m[34;22m      0.00[0m[34;1m      3.23[0m[34;1m      0.54[0m[34;22m      0.00[0m[34;1m     91.94[0m
19:17:28   [32;22m     all[0m[34;1m      6.49[0m[34;22m      0.00[0m[34;1m      5.41[0m[34;22m      0.00[0m[34;22m      0.00[0m[34;1m     88.11[0m
19:17:29   [32;22m     all[0m[34;1m      3.26[0m[34;22m      0.00[0m[34;1m      2.72[0m[34;22m      0.00[0m[34;22m      0.00[0m[34;1m     94.02[0m
19:17:30   [32;22m     all[0m[34;1m      3.26[0m[34;22m      0.00[0m[34;1m      2.72[0m[34;22m      0.00[0m[34;22m      0.00[0m[34;1m     94.02[0m
19:17:31   [32;22m     all[0m[34;1m      3.24[0m[34;22m      0.00[0m[34;1m      3.24[0m[34;22m      0.00[0m[34;22m      0.00[0m[34;1m     93.51[0m
19:17:32   [32;22m     all[0m[34;1m      4.30[0m[34;22m      0.00[0m[34;1m      4.30[0m[34;22m      0.00[0m[34;22m      0.00[0m[34;1m     91.40[0m
19:17:33   [32;22m     all[0m[34;1m      4.89[0m[34;22m      0.00[0m[34;1m      3.26[0m[34;22m      0.00[0m[34;22m      0.00[0m[34;1m     91.85[0m
19:17:34   [32;22m     all[0m[34;1m      5.56[0m[34;22m      0.00[0m[34;1m      3.89[0m[34;22m      0.00[0m[34;22m      0.00[0m[34;1m     90.56[0m
19:17:35   [32;22m     all[0m[34;1m      7.07[0m[34;22m      0.00[0m[34;1m      3.80[0m[34;22m      0.00[0m[34;22m      0.00[0m[34;1m     89.13[0m
19:17:36   [32;22m     all[0m[34;1m      5.43[0m[34;22m      0.00[0m[34;1m      4.89[0m[34;22m      0.00[0m[34;22m      0.00[0m[34;1m     89.67[0m
19:17:37   [32;22m     all[0m[34;1m      4.95[0m[34;22m      0.00[0m[34;1m      3.85[0m[34;22m      0.00[0m[34;22m      0.00[0m[34;1m     91.21[0m
19:17:38   [32;22m     all[0m[34;1m      4.92[0m[34;22m      0.00[0m[34;1m      4.37[0m[34;22m      0.00[0m[34;22m      0.00[0m[34;1m     90.71[0m
19:17:39   [32;22m     all[0m[34;1m      3.28[0m[34;22m      0.00[0m[34;1m      2.73[0m[34;22m      0.00[0m[34;22m      0.00[0m[34;1m     93.99[0m
19:17:40   [32;22m     all[0m[34;1m      4.89[0m[34;22m      0.00[0m[34;1m      3.80[0m[34;22m      0.00[0m[34;22m      0.00[0m[34;1m     91.30[0m
19:17:41   [32;22m     all[0m[34;1m      2.20[0m[34;22m      0.00[0m[34;1m      1.65[0m[34;22m      0.00[0m[34;22m      0.00[0m[34;1m     96.15[0m
19:17:42   [32;22m     all[0m[34;1m      4.42[0m[34;22m      0.00[0m[34;1m      3.31[0m[34;22m      0.00[0m[34;22m      0.00[0m[34;1m     92.27[0m
19:17:43   [32;22m     all[0m[34;1m      3.80[0m[34;22m      0.00[0m[34;1m      2.17[0m[34;22m      0.00[0m[34;22m      0.00[0m[34;1m     94.02[0m
19:17:44   [32;22m     all[0m[34;1m      2.72[0m[34;22m      0.00[0m[34;1m      2.17[0m[34;22m      0.00[0m[34;22m      0.00[0m[34;1m     95.11[0m
19:17:45   [32;22m     all[0m[34;1m      7.65[0m[34;22m      0.00[0m[34;1m      3.83[0m[34;22m      0.00[0m[34;22m      0.00[0m[34;1m     88.52[0m
19:17:46   [32;22m     all[0m[34;1m      2.76[0m[34;22m      0.00[0m[34;1m      2.21[0m[34;22m      0.00[0m[34;22m      0.00[0m[34;1m     95.03[0m
19:17:47   [32;22m     all[0m[34;1m      3.76[0m[34;22m      0.00[0m[34;1m      2.69[0m[34;22m      0.00[0m[34;22m      0.00[0m[34;1m     93.55[0m
19:17:48   [32;22m     all[0m[34;1m      5.88[0m[34;22m      0.00[0m[34;1m      4.81[0m[34;22m      0.00[0m[34;22m      0.00[0m[34;1m     89.30[0m
