Linux 6.6.95 (ssp-study) 	04/21/26 	_x86_64_	(2 CPU)

09:31:21        CPU     %user     %nice   %system   %iowait    %steal     %idle
09:31:22   [32;22m     all[0m[34;1m     20.53[0m[34;22m      0.00[0m[34;1m     22.52[0m[34;22m      0.00[0m[34;22m      0.00[0m[34;1m     56.95[0m
09:31:23   [32;22m     all[0m[34;1m     12.43[0m[34;22m      0.00[0m[34;1m     11.86[0m[34;22m      0.00[0m[34;22m      0.00[0m[34;1m     75.71[0m
09:31:24   [32;22m     all[0m[34;1m     12.87[0m[34;22m      0.00[0m[34;1m     14.62[0m[34;22m      0.00[0m[34;22m      0.00[0m[34;1m     72.51[0m
09:31:25   [32;22m     all[0m[34;1m     15.52[0m[34;22m      0.00[0m[34;1m     18.39[0m[34;22m      0.00[0m[34;22m      0.00[0m[34;1m     66.09[0m
09:31:26   [32;22m     all[0m[34;1m     18.40[0m[34;22m      0.00[0m[34;1m     23.93[0m[34;22m      0.00[0m[34;22m      0.00[0m[34;1m     57.67[0m
09:31:27   [32;22m     all[0m[34;1m     15.12[0m[34;22m      0.00[0m[34;1m     22.67[0m[34;22m      0.00[0m[34;22m      0.00[0m[34;1m     62.21[0m
09:31:28   [32;22m     all[0m[34;1m     23.56[0m[34;22m      0.00[0m[34;1m     27.59[0m[34;22m      0.00[0m[34;22m      0.00[0m[34;1m     48.85[0m
09:31:29   [32;22m     all[0m[34;1m     20.47[0m[34;22m      0.00[0m[34;1m     23.98[0m[34;22m      0.00[0m[34;22m      0.00[0m[34;1m     55.56[0m
09:31:30   [32;22m     all[0m[34;1m     34.50[0m[34;22m      0.00[0m[34;1m     37.43[0m[34;22m      0.00[0m[34;22m      0.00[0m[34;1m     28.07[0m
09:31:31   [32;22m     all[0m[34;1m     21.76[0m[34;22m      0.00[0m[34;1m     28.82[0m[34;22m      0.00[0m[34;22m      0.00[0m[34;1m     49.41[0m
09:31:32   [32;22m     all[0m[34;1m     26.47[0m[34;22m      0.00[0m[34;1m     35.29[0m[34;22m      0.00[0m[34;22m      0.00[0m[34;1m     38.24[0m
09:31:33   [32;22m     all[0m[34;1m     23.03[0m[34;22m      0.00[0m[34;1m     35.15[0m[34;22m      0.00[0m[34;22m      0.00[0m[34;1m     41.82[0m
09:31:34   [32;22m     all[0m[34;1m     25.42[0m[34;22m      0.00[0m[34;1m     33.90[0m[34;22m      0.00[0m[34;22m      0.00[0m[34;1m     40.68[0m
09:31:35   [32;22m     all[0m[34;1m     26.74[0m[34;22m      0.00[0m[34;1m     39.53[0m[34;22m      0.00[0m[34;22m      0.00[0m[34;1m     33.72[0m
09:31:36   [32;22m     all[0m[34;1m     30.06[0m[34;22m      0.00[0m[34;1m     39.88[0m[34;22m      0.00[0m[34;22m      0.00[0m[34;1m     30.06[0m
09:31:37   [32;22m     all[0m[34;1m     24.14[0m[34;22m      0.00[0m[34;1m     40.23[0m[34;22m      0.00[0m[34;22m      0.00[0m[34;1m     35.63[0m
09:31:38   [32;22m     all[0m[34;1m     25.73[0m[34;22m      0.00[0m[34;1m     38.01[0m[34;22m      0.00[0m[34;22m      0.00[0m[34;1m     36.26[0m
09:31:39   [32;22m     all[0m[34;1m     34.71[0m[34;22m      0.00[0m[34;1m     43.53[0m[34;22m      0.00[0m[34;22m      0.00[0m[35;1m     21.76[0m
09:31:40   [32;22m     all[0m[34;1m     31.82[0m[34;22m      0.00[0m[34;1m     42.05[0m[34;22m      0.00[0m[34;22m      0.00[0m[34;1m     26.14[0m
09:31:41   [32;22m     all[0m[34;1m     36.41[0m[34;22m      0.00[0m[34;1m     42.93[0m[34;1m      0.54[0m[34;22m      0.00[0m[35;1m     20.11[0m
09:31:42   [32;22m     all[0m[34;1m     35.80[0m[34;22m      0.00[0m[34;1m     47.73[0m[34;22m      0.00[0m[34;22m      0.00[0m[35;1m     16.48[0m
09:31:43   [32;22m     all[0m[34;1m     34.66[0m[34;22m      0.00[0m[34;1m     40.91[0m[34;22m      0.00[0m[34;22m      0.00[0m[35;1m     24.43[0m
09:31:44   [32;22m     all[0m[34;1m     38.55[0m[34;22m      0.00[0m[34;1m     41.90[0m[34;22m      0.00[0m[34;22m      0.00[0m[35;1m     19.55[0m
09:31:45   [32;22m     all[0m[34;1m     36.61[0m[34;22m      0.00[0m[34;1m     43.72[0m[34;22m      0.00[0m[34;22m      0.00[0m[35;1m     19.67[0m
09:31:46   [32;22m     all[0m[34;1m     36.59[0m[34;22m      0.00[0m[34;1m     50.00[0m[34;1m      1.22[0m[34;22m      0.00[0m[35;1m     12.20[0m
09:31:47   [32;22m     all[0m[34;1m     35.03[0m[34;22m      0.00[0m[34;1m     47.46[0m[34;22m      0.00[0m[34;22m      0.00[0m[35;1m     17.51[0m
09:31:48   [32;22m     all[0m[34;1m     43.50[0m[34;22m      0.00[0m[34;1m     40.68[0m[34;22m      0.00[0m[34;22m      0.00[0m[35;1m     15.82[0m
09:31:49   [32;22m     all[0m[34;1m     41.11[0m[34;22m      0.00[0m[34;1m     46.11[0m[34;22m      0.00[0m[34;22m      0.00[0m[35;1m     12.78[0m
09:31:50   [32;22m     all[0m[34;1m     42.77[0m[34;22m      0.00[0m[34;1m     54.34[0m[34;22m      0.00[0m[34;22m      0.00[0m[31;1m      2.89[0m
09:31:51   [32;22m     all[0m[34;1m     39.53[0m[34;22m      0.00[0m[34;1m     54.65[0m[34;22m      0.00[0m[34;22m      0.00[0m[31;1m      5.81[0m
09:31:52   [32;22m     all[0m[34;1m     35.63[0m[34;22m      0.00[0m[34;1m     47.70[0m[34;22m      0.00[0m[34;22m      0.00[0m[35;1m     16.67[0m
09:31:53   [32;22m     all[0m[34;1m     41.57[0m[34;22m      0.00[0m[34;1m     52.25[0m[34;22m      0.00[0m[34;22m      0.00[0m[31;1m      6.18[0m
09:31:54   [32;22m     all[0m[34;1m     42.16[0m[34;22m      0.00[0m[34;1m     51.89[0m[34;22m      0.00[0m[34;22m      0.00[0m[31;1m      5.95[0m
09:31:55   [32;22m     all[0m[34;1m     41.18[0m[34;22m      0.00[0m[34;1m     54.55[0m[34;22m      0.00[0m[34;22m      0.00[0m[31;1m      4.28[0m
09:31:56   [32;22m     all[0m[34;1m     42.47[0m[34;22m      0.00[0m[34;1m     49.46[0m[34;22m      0.00[0m[34;22m      0.00[0m[31;1m      8.06[0m
09:31:57   [32;22m     all[0m[34;1m     41.71[0m[34;22m      0.00[0m[34;1m     48.57[0m[34;22m      0.00[0m[34;22m      0.00[0m[31;1m      9.71[0m
09:31:58   [32;22m     all[0m[34;1m     38.42[0m[34;22m      0.00[0m[34;1m     55.26[0m[34;22m      0.00[0m[34;22m      0.00[0m[31;1m      6.32[0m
09:31:59   [32;22m     all[0m[34;1m     41.62[0m[34;22m      0.00[0m[34;1m     54.05[0m[34;22m      0.00[0m[34;22m      0.00[0m[31;1m      4.32[0m
09:32:00   [32;22m     all[0m[34;1m     42.78[0m[34;22m      0.00[0m[34;1m     54.64[0m[34;22m      0.00[0m[34;22m      0.00[0m[31;1m      2.58[0m
09:32:01   [32;22m     all[0m[34;1m     42.25[0m[34;22m      0.00[0m[34;1m     54.01[0m[34;22m      0.00[0m[34;22m      0.00[0m[31;1m      3.74[0m
09:32:02   [32;22m     all[0m[34;1m     37.91[0m[34;22m      0.00[0m[34;1m     53.30[0m[34;22m      0.00[0m[34;22m      0.00[0m[31;1m      8.79[0m
09:32:03   [32;22m     all[0m[34;1m     41.21[0m[34;22m      0.00[0m[34;1m     51.65[0m[34;22m      0.00[0m[34;22m      0.00[0m[31;1m      7.14[0m
09:32:04   [32;22m     all[0m[34;1m     39.78[0m[34;22m      0.00[0m[34;1m     53.59[0m[34;22m      0.00[0m[34;22m      0.00[0m[31;1m      6.63[0m
09:32:05   [32;22m     all[0m[34;1m     39.89[0m[34;22m      0.00[0m[34;1m     54.64[0m[34;22m      0.00[0m[34;22m      0.00[0m[31;1m      5.46[0m
09:32:06   [32;22m     all[0m[34;1m     42.86[0m[34;22m      0.00[0m[34;1m     47.25[0m[34;22m      0.00[0m[34;22m      0.00[0m[31;1m      9.89[0m
09:32:07   [32;22m     all[0m[34;1m     40.64[0m[34;22m      0.00[0m[34;1m     54.01[0m[34;22m      0.00[0m[34;22m      0.00[0m[31;1m      5.35[0m
09:32:08   [32;22m     all[0m[34;1m     40.00[0m[34;22m      0.00[0m[34;1m     51.67[0m[34;22m      0.00[0m[34;22m      0.00[0m[31;1m      8.33[0m
09:32:09   [32;22m     all[0m[34;1m     46.81[0m[34;22m      0.00[0m[34;1m     48.40[0m[34;22m      0.00[0m[34;22m      0.00[0m[31;1m      4.79[0m
09:32:10   [32;22m     all[0m[34;1m     42.86[0m[34;22m      0.00[0m[34;1m     54.50[0m[34;22m      0.00[0m[34;22m      0.00[0m[31;1m      2.65[0m
09:32:11   [32;22m     all[0m[34;1m     42.02[0m[34;22m      0.00[0m[34;1m     55.85[0m[34;22m      0.00[0m[34;22m      0.00[0m[31;1m      2.13[0m
09:32:12   [32;22m     all[0m[34;1m     42.02[0m[34;22m      0.00[0m[34;1m     53.19[0m[34;22m      0.00[0m[34;22m      0.00[0m[31;1m      4.79[0m
09:32:13   [32;22m     all[0m[34;1m     38.83[0m[34;22m      0.00[0m[34;1m     56.38[0m[34;22m      0.00[0m[34;22m      0.00[0m[31;1m      4.79[0m
09:32:14   [32;22m     all[0m[34;1m     42.08[0m[34;22m      0.00[0m[34;1m     54.10[0m[34;22m      0.00[0m[34;22m      0.00[0m[31;1m      3.83[0m
09:32:15   [32;22m     all[0m[34;1m     41.27[0m[34;22m      0.00[0m[34;1m     52.91[0m[34;22m      0.00[0m[34;22m      0.00[0m[31;1m      5.82[0m
09:32:16   [32;22m     all[0m[34;1m     39.89[0m[34;22m      0.00[0m[34;1m     54.79[0m[34;22m      0.00[0m[34;22m      0.00[0m[31;1m      5.32[0m
09:32:17   [32;22m     all[0m[34;1m     38.46[0m[34;22m      0.00[0m[34;1m     54.40[0m[34;22m      0.00[0m[34;22m      0.00[0m[31;1m      7.14[0m
09:32:18   [32;22m     all[0m[34;1m     41.76[0m[34;22m      0.00[0m[34;1m     54.40[0m[34;22m      0.00[0m[34;22m      0.00[0m[31;1m      3.85[0m
09:32:19   [32;22m     all[0m[34;1m     43.92[0m[34;22m      0.00[0m[34;1m     52.38[0m[34;22m      0.00[0m[34;22m      0.00[0m[31;1m      3.70[0m
09:32:20   [32;22m     all[0m[34;1m     42.93[0m[34;22m      0.00[0m[34;1m     50.79[0m[34;22m      0.00[0m[34;22m      0.00[0m[31;1m      6.28[0m
09:32:21   [32;22m     all[0m[34;1m     41.40[0m[34;22m      0.00[0m[34;1m     55.38[0m[34;22m      0.00[0m[34;22m      0.00[0m[31;1m      3.23[0m
09:32:22   [32;22m     all[0m[34;1m     42.11[0m[34;22m      0.00[0m[34;1m     53.68[0m[34;22m      0.00[0m[34;22m      0.00[0m[31;1m      4.21[0m
09:32:23   [32;22m     all[0m[34;1m     38.38[0m[34;22m      0.00[0m[34;1m     55.14[0m[34;22m      0.00[0m[34;22m      0.00[0m[31;1m      6.49[0m
09:32:24   [32;22m     all[0m[34;1m     41.21[0m[34;22m      0.00[0m[34;1m     54.40[0m[34;22m      0.00[0m[34;22m      0.00[0m[31;1m      4.40[0m
09:32:25   [32;22m     all[0m[34;1m     40.86[0m[34;22m      0.00[0m[34;1m     54.30[0m[34;22m      0.00[0m[34;22m      0.00[0m[31;1m      4.84[0m
09:32:26   [32;22m     all[0m[34;1m     38.04[0m[34;22m      0.00[0m[34;1m     54.89[0m[34;22m      0.00[0m[34;22m      0.00[0m[31;1m      7.07[0m
09:32:27   [32;22m     all[0m[34;1m     41.34[0m[34;22m      0.00[0m[34;1m     53.63[0m[34;22m      0.00[0m[34;22m      0.00[0m[31;1m      5.03[0m
09:32:28   [32;22m     all[0m[34;1m     38.92[0m[34;22m      0.00[0m[34;1m     57.30[0m[34;22m      0.00[0m[34;22m      0.00[0m[31;1m      3.78[0m
09:32:29   [32;22m     all[0m[34;1m     43.92[0m[34;22m      0.00[0m[34;1m     52.91[0m[34;22m      0.00[0m[34;22m      0.00[0m[31;1m      3.17[0m
09:32:30   [32;22m     all[0m[34;1m     44.32[0m[34;22m      0.00[0m[34;1m     51.35[0m[34;22m      0.00[0m[34;22m      0.00[0m[31;1m      4.32[0m
09:32:31   [32;22m     all[0m[34;1m     40.96[0m[34;22m      0.00[0m[34;1m     54.79[0m[34;22m      0.00[0m[34;22m      0.00[0m[31;1m      4.26[0m
09:32:32   [32;22m     all[0m[34;1m     44.21[0m[34;22m      0.00[0m[34;1m     52.63[0m[34;22m      0.00[0m[34;22m      0.00[0m[31;1m      3.16[0m
09:32:33   [32;22m     all[0m[34;1m     41.18[0m[34;22m      0.00[0m[34;1m     52.94[0m[34;22m      0.00[0m[34;22m      0.00[0m[31;1m      5.88[0m
09:32:34   [32;22m     all[0m[34;1m     40.00[0m[34;22m      0.00[0m[34;1m     55.14[0m[34;22m      0.00[0m[34;22m      0.00[0m[31;1m      4.86[0m
09:32:35   [32;22m     all[0m[34;1m     40.86[0m[34;22m      0.00[0m[34;1m     52.69[0m[34;22m      0.00[0m[34;22m      0.00[0m[31;1m      6.45[0m
09:32:36   [32;22m     all[0m[34;1m     40.45[0m[34;22m      0.00[0m[34;1m     54.49[0m[34;22m      0.00[0m[34;22m      0.00[0m[31;1m      5.06[0m
09:32:37   [32;22m     all[0m[34;1m     38.17[0m[34;22m      0.00[0m[34;1m     52.69[0m[34;1m      0.54[0m[34;22m      0.00[0m[31;1m      8.60[0m
09:32:38   [32;22m     all[0m[34;1m     40.53[0m[34;22m      0.00[0m[34;1m     55.26[0m[34;22m      0.00[0m[34;22m      0.00[0m[31;1m      4.21[0m
09:32:39   [32;22m     all[0m[34;1m     44.51[0m[34;22m      0.00[0m[34;1m     53.18[0m[34;22m      0.00[0m[34;22m      0.00[0m[31;1m      2.31[0m
09:32:40   [32;22m     all[0m[34;1m     41.76[0m[34;22m      0.00[0m[34;1m     52.75[0m[34;22m      0.00[0m[34;22m      0.00[0m[31;1m      5.49[0m
09:32:41   [32;22m     all[0m[34;1m     42.78[0m[34;22m      0.00[0m[34;1m     51.67[0m[34;22m      0.00[0m[34;22m      0.00[0m[31;1m      5.56[0m
09:32:42   [32;22m     all[0m[34;1m     44.15[0m[34;22m      0.00[0m[34;1m     53.19[0m[34;22m      0.00[0m[34;22m      0.00[0m[31;1m      2.66[0m
09:32:43   [32;22m     all[0m[34;1m     43.78[0m[34;22m      0.00[0m[34;1m     50.27[0m[34;22m      0.00[0m[34;22m      0.00[0m[31;1m      5.95[0m
09:32:44   [32;22m     all[0m[34;1m     41.08[0m[34;22m      0.00[0m[34;1m     51.89[0m[34;22m      0.00[0m[34;22m      0.00[0m[31;1m      7.03[0m
09:32:45   [32;22m     all[0m[34;1m     43.89[0m[34;22m      0.00[0m[34;1m     52.78[0m[34;22m      0.00[0m[34;22m      0.00[0m[31;1m      3.33[0m
09:32:46   [32;22m     all[0m[34;1m     40.96[0m[34;22m      0.00[0m[34;1m     55.85[0m[34;22m      0.00[0m[34;22m      0.00[0m[31;1m      3.19[0m
09:32:47   [32;22m     all[0m[34;1m     40.21[0m[34;22m      0.00[0m[34;1m     56.08[0m[34;22m      0.00[0m[34;22m      0.00[0m[31;1m      3.70[0m
09:32:48   [32;22m     all[0m[34;1m     45.79[0m[34;22m      0.00[0m[34;1m     53.16[0m[34;22m      0.00[0m[34;22m      0.00[0m[31;1m      1.05[0m
09:32:49   [32;22m     all[0m[34;1m     41.94[0m[34;22m      0.00[0m[34;1m     52.69[0m[34;22m      0.00[0m[34;22m      0.00[0m[31;1m      5.38[0m
09:32:50   [32;22m     all[0m[34;1m     42.78[0m[34;22m      0.00[0m[34;1m     52.22[0m[34;22m      0.00[0m[34;22m      0.00[0m[31;1m      5.00[0m
09:32:51   [32;22m     all[0m[34;1m     44.27[0m[34;22m      0.00[0m[34;1m     54.17[0m[34;22m      0.00[0m[34;22m      0.00[0m[31;1m      1.56[0m
09:32:52   [32;22m     all[0m[34;1m     44.92[0m[34;22m      0.00[0m[34;1m     51.34[0m[34;22m      0.00[0m[34;22m      0.00[0m[31;1m      3.74[0m
09:32:53   [32;22m     all[0m[34;1m     52.15[0m[34;22m      0.00[0m[34;1m     44.62[0m[34;22m      0.00[0m[34;22m      0.00[0m[31;1m      3.23[0m
09:32:54   [32;22m     all[0m[34;1m     41.21[0m[34;22m      0.00[0m[34;1m     54.40[0m[34;22m      0.00[0m[34;22m      0.00[0m[31;1m      4.40[0m
09:32:55   [32;22m     all[0m[34;1m     39.47[0m[34;22m      0.00[0m[34;1m     54.74[0m[34;22m      0.00[0m[34;22m      0.00[0m[31;1m      5.79[0m
09:32:56   [32;22m     all[0m[34;1m     40.86[0m[34;22m      0.00[0m[34;1m     55.38[0m[34;22m      0.00[0m[34;22m      0.00[0m[31;1m      3.76[0m
09:32:57   [32;22m     all[0m[34;1m     36.41[0m[34;22m      0.00[0m[34;1m     57.61[0m[34;22m      0.00[0m[34;22m      0.00[0m[31;1m      5.98[0m
09:32:58   [32;22m     all[0m[34;1m     42.19[0m[34;22m      0.00[0m[34;1m     53.65[0m[34;22m      0.00[0m[34;22m      0.00[0m[31;1m      4.17[0m
09:32:59   [32;22m     all[0m[34;1m     37.91[0m[34;22m      0.00[0m[34;1m     54.95[0m[34;22m      0.00[0m[34;22m      0.00[0m[31;1m      7.14[0m
09:33:00   [32;22m     all[0m[34;1m     38.80[0m[34;22m      0.00[0m[34;1m     53.01[0m[34;22m      0.00[0m[34;22m      0.00[0m[31;1m      8.20[0m
09:33:01   [32;22m     all[0m[34;1m     38.15[0m[34;22m      0.00[0m[34;1m     57.23[0m[34;22m      0.00[0m[34;22m      0.00[0m[31;1m      4.62[0m
09:33:02   [32;22m     all[0m[34;1m     43.24[0m[34;22m      0.00[0m[34;1m     52.97[0m[34;22m      0.00[0m[34;22m      0.00[0m[31;1m      3.78[0m
09:33:03   [32;22m     all[0m[34;1m     43.98[0m[34;22m      0.00[0m[34;1m     52.88[0m[34;22m      0.00[0m[34;22m      0.00[0m[31;1m      3.14[0m
09:33:04   [32;22m     all[0m[34;1m     39.56[0m[34;22m      0.00[0m[34;1m     53.30[0m[34;22m      0.00[0m[34;22m      0.00[0m[31;1m      7.14[0m
09:33:05   [32;22m     all[0m[34;1m     40.84[0m[34;22m      0.00[0m[34;1m     57.07[0m[34;22m      0.00[0m[34;22m      0.00[0m[31;1m      2.09[0m
09:33:06   [32;22m     all[0m[34;1m     39.89[0m[34;22m      0.00[0m[34;1m     52.81[0m[34;22m      0.00[0m[34;22m      0.00[0m[31;1m      7.30[0m
09:33:07   [32;22m     all[0m[34;1m     38.92[0m[34;22m      0.00[0m[34;1m     55.14[0m[34;22m      0.00[0m[34;22m      0.00[0m[31;1m      5.95[0m
09:33:08   [32;22m     all[0m[34;1m     40.53[0m[34;22m      0.00[0m[34;1m     53.68[0m[34;22m      0.00[0m[34;22m      0.00[0m[31;1m      5.79[0m
09:33:09   [32;22m     all[0m[34;1m     40.41[0m[34;22m      0.00[0m[34;1m     56.99[0m[34;22m      0.00[0m[34;22m      0.00[0m[31;1m      2.59[0m
09:33:10   [32;22m     all[0m[34;1m     39.66[0m[34;22m      0.00[0m[34;1m     54.02[0m[34;22m      0.00[0m[34;22m      0.00[0m[31;1m      6.32[0m
09:33:11   [32;22m     all[0m[34;1m     38.92[0m[34;22m      0.00[0m[34;1m     57.30[0m[34;22m      0.00[0m[34;22m      0.00[0m[31;1m      3.78[0m
09:33:12   [32;22m     all[0m[34;1m     41.27[0m[34;22m      0.00[0m[34;1m     55.56[0m[34;22m      0.00[0m[34;22m      0.00[0m[31;1m      3.17[0m
09:33:13   [32;22m     all[0m[34;1m     44.62[0m[34;22m      0.00[0m[34;1m     51.61[0m[34;22m      0.00[0m[34;22m      0.00[0m[31;1m      3.76[0m
09:33:14   [32;22m     all[0m[34;1m     38.95[0m[34;22m      0.00[0m[34;1m     58.42[0m[34;22m      0.00[0m[34;22m      0.00[0m[31;1m      2.63[0m
09:33:15   [32;22m     all[0m[34;1m     41.71[0m[34;22m      0.00[0m[34;1m     55.61[0m[34;22m      0.00[0m[34;22m      0.00[0m[31;1m      2.67[0m
09:33:16   [32;22m     all[0m[34;1m     41.18[0m[34;22m      0.00[0m[34;1m     53.48[0m[34;22m      0.00[0m[34;22m      0.00[0m[31;1m      5.35[0m
09:33:17   [32;22m     all[0m[34;1m     37.30[0m[34;22m      0.00[0m[34;1m     55.14[0m[34;22m      0.00[0m[34;22m      0.00[0m[31;1m      7.57[0m
09:33:18   [32;22m     all[0m[34;1m     43.85[0m[34;22m      0.00[0m[34;1m     52.94[0m[34;22m      0.00[0m[34;22m      0.00[0m[31;1m      3.21[0m
09:33:19   [32;22m     all[0m[34;1m     42.71[0m[34;22m      0.00[0m[34;1m     54.69[0m[34;22m      0.00[0m[34;22m      0.00[0m[31;1m      2.60[0m
09:33:20   [32;22m     all[0m[34;1m     42.11[0m[34;22m      0.00[0m[34;1m     56.84[0m[34;22m      0.00[0m[34;22m      0.00[0m[31;1m      1.05[0m
09:33:21   [32;22m     all[0m[34;1m     37.84[0m[34;22m      0.00[0m[34;1m     56.76[0m[34;22m      0.00[0m[34;22m      0.00[0m[31;1m      5.41[0m
09:33:22   [32;22m     all[0m[34;1m     39.01[0m[34;22m      0.00[0m[34;1m     56.04[0m[34;22m      0.00[0m[34;22m      0.00[0m[31;1m      4.95[0m
09:33:23   [32;22m     all[0m[34;1m     35.48[0m[34;22m      0.00[0m[34;1m     60.75[0m[34;22m      0.00[0m[34;22m      0.00[0m[31;1m      3.76[0m
09:33:24   [32;22m     all[0m[34;1m     40.96[0m[34;22m      0.00[0m[34;1m     55.32[0m[34;22m      0.00[0m[34;22m      0.00[0m[31;1m      3.72[0m
09:33:25   [32;22m     all[0m[34;1m     41.62[0m[34;22m      0.00[0m[34;1m     52.43[0m[34;22m      0.00[0m[34;22m      0.00[0m[31;1m      5.95[0m
09:33:26   [32;22m     all[0m[34;1m     41.27[0m[34;22m      0.00[0m[34;1m     56.61[0m[34;22m      0.00[0m[34;22m      0.00[0m[31;1m      2.12[0m
09:33:27   [32;22m     all[0m[34;1m     42.31[0m[34;22m      0.00[0m[34;1m     51.65[0m[34;22m      0.00[0m[34;22m      0.00[0m[31;1m      6.04[0m
09:33:28   [32;22m     all[0m[34;1m     38.83[0m[34;22m      0.00[0m[34;1m     57.98[0m[34;22m      0.00[0m[34;22m      0.00[0m[31;1m      3.19[0m
09:33:29   [32;22m     all[0m[34;1m     42.78[0m[34;22m      0.00[0m[34;1m     51.34[0m[34;22m      0.00[0m[34;22m      0.00[0m[31;1m      5.88[0m
09:33:30   [32;22m     all[0m[34;1m     45.11[0m[34;22m      0.00[0m[34;1m     50.00[0m[34;22m      0.00[0m[34;22m      0.00[0m[31;1m      4.89[0m
09:33:31   [32;22m     all[0m[34;1m     42.02[0m[34;22m      0.00[0m[34;1m     54.26[0m[34;22m      0.00[0m[34;22m      0.00[0m[31;1m      3.72[0m
09:33:32   [32;22m     all[0m[34;1m     41.48[0m[34;22m      0.00[0m[34;1m     53.98[0m[34;22m      0.00[0m[34;22m      0.00[0m[31;1m      4.55[0m
09:33:33   [32;22m     all[0m[34;1m     41.71[0m[34;22m      0.00[0m[34;1m     53.48[0m[34;22m      0.00[0m[34;22m      0.00[0m[31;1m      4.81[0m
09:33:34   [32;22m     all[0m[34;1m     44.44[0m[34;22m      0.00[0m[34;1m     51.32[0m[34;22m      0.00[0m[34;22m      0.00[0m[31;1m      4.23[0m
09:33:35   [32;22m     all[0m[34;1m     37.30[0m[34;22m      0.00[0m[34;1m     56.76[0m[34;22m      0.00[0m[34;22m      0.00[0m[31;1m      5.95[0m
09:33:36   [32;22m     all[0m[34;1m     41.40[0m[34;22m      0.00[0m[34;1m     55.38[0m[34;22m      0.00[0m[34;22m      0.00[0m[31;1m      3.23[0m
09:33:37   [32;22m     all[0m[34;1m     38.71[0m[34;22m      0.00[0m[34;1m     57.53[0m[34;22m      0.00[0m[34;22m      0.00[0m[31;1m      3.76[0m
09:33:38   [32;22m     all[0m[34;1m     42.55[0m[34;22m      0.00[0m[34;1m     53.72[0m[34;22m      0.00[0m[34;22m      0.00[0m[31;1m      3.72[0m
09:33:39   [32;22m     all[0m[34;1m     41.27[0m[34;22m      0.00[0m[34;1m     55.03[0m[34;22m      0.00[0m[34;22m      0.00[0m[31;1m      3.70[0m
09:33:40   [32;22m     all[0m[34;1m     42.02[0m[34;22m      0.00[0m[34;1m     53.19[0m[34;22m      0.00[0m[34;22m      0.00[0m[31;1m      4.79[0m
09:33:41   [32;22m     all[0m[34;1m     40.11[0m[34;22m      0.00[0m[34;1m     55.08[0m[34;22m      0.00[0m[34;22m      0.00[0m[31;1m      4.81[0m
09:33:42   [32;22m     all[0m[34;1m     38.92[0m[34;22m      0.00[0m[34;1m     56.76[0m[34;22m      0.00[0m[34;22m      0.00[0m[31;1m      4.32[0m
09:33:43   [32;22m     all[0m[34;1m     40.00[0m[34;22m      0.00[0m[34;1m     50.81[0m[34;22m      0.00[0m[34;22m      0.00[0m[31;1m      9.19[0m
09:33:44   [32;22m     all[0m[34;1m     45.83[0m[34;22m      0.00[0m[34;1m     52.60[0m[34;22m      0.00[0m[34;22m      0.00[0m[31;1m      1.56[0m
09:33:45   [32;22m     all[0m[34;1m     41.85[0m[34;22m      0.00[0m[34;1m     54.89[0m[34;22m      0.00[0m[34;22m      0.00[0m[31;1m      3.26[0m
09:33:46   [32;22m     all[0m[34;1m     40.32[0m[34;22m      0.00[0m[34;1m     54.30[0m[34;22m      0.00[0m[34;22m      0.00[0m[31;1m      5.38[0m
09:33:47   [32;22m     all[0m[34;1m     39.13[0m[34;22m      0.00[0m[34;1m     55.98[0m[34;22m      0.00[0m[34;22m      0.00[0m[31;1m      4.89[0m
09:33:48   [32;22m     all[0m[34;1m     41.71[0m[34;22m      0.00[0m[34;1m     54.01[0m[34;22m      0.00[0m[34;22m      0.00[0m[31;1m      4.28[0m
09:33:49   [32;22m     all[0m[34;1m     41.36[0m[34;22m      0.00[0m[34;1m     54.97[0m[34;22m      0.00[0m[34;22m      0.00[0m[31;1m      3.66[0m
09:33:50   [32;22m     all[0m[34;1m     41.40[0m[34;22m      0.00[0m[34;1m     52.69[0m[34;22m      0.00[0m[34;22m      0.00[0m[31;1m      5.91[0m
09:33:51   [32;22m     all[0m[34;1m     39.18[0m[34;22m      0.00[0m[34;1m     59.79[0m[34;22m      0.00[0m[34;22m      0.00[0m[31;1m      1.03[0m
09:33:52   [32;22m     all[0m[34;1m     36.61[0m[34;22m      0.00[0m[34;1m     57.92[0m[34;22m      0.00[0m[34;22m      0.00[0m[31;1m      5.46[0m
09:33:53   [32;22m     all[0m[34;1m     37.84[0m[34;22m      0.00[0m[34;1m     57.30[0m[34;22m      0.00[0m[34;22m      0.00[0m[31;1m      4.86[0m
09:33:54   [32;22m     all[0m[34;1m     39.01[0m[34;22m      0.00[0m[34;1m     56.59[0m[34;22m      0.00[0m[34;22m      0.00[0m[31;1m      4.40[0m
09:33:55   [32;22m     all[0m[34;1m     43.62[0m[34;22m      0.00[0m[34;1m     54.26[0m[34;22m      0.00[0m[34;22m      0.00[0m[31;1m      2.13[0m
09:33:56   [32;22m     all[0m[34;1m     42.33[0m[34;22m      0.00[0m[34;1m     53.44[0m[34;22m      0.00[0m[34;22m      0.00[0m[31;1m      4.23[0m
09:33:57   [32;22m     all[0m[34;1m     39.89[0m[34;22m      0.00[0m[34;1m     56.91[0m[34;22m      0.00[0m[34;22m      0.00[0m[31;1m      3.19[0m
09:33:58   [32;22m     all[0m[34;1m     40.32[0m[34;22m      0.00[0m[34;1m     56.45[0m[34;22m      0.00[0m[34;22m      0.00[0m[31;1m      3.23[0m
09:33:59   [32;22m     all[0m[34;1m     40.31[0m[34;22m      0.00[0m[34;1m     55.50[0m[34;22m      0.00[0m[34;22m      0.00[0m[31;1m      4.19[0m
09:34:00   [32;22m     all[0m[34;1m     41.30[0m[34;22m      0.00[0m[34;1m     54.35[0m[34;22m      0.00[0m[34;22m      0.00[0m[31;1m      4.35[0m
09:34:01   [32;22m     all[0m[34;1m     40.11[0m[34;22m      0.00[0m[34;1m     56.15[0m[34;22m      0.00[0m[34;22m      0.00[0m[31;1m      3.74[0m
09:34:02   [32;22m     all[0m[34;1m     40.32[0m[34;22m      0.00[0m[34;1m     55.38[0m[34;22m      0.00[0m[34;22m      0.00[0m[31;1m      4.30[0m
09:34:03   [32;22m     all[0m[34;1m     41.71[0m[34;22m      0.00[0m[34;1m     50.80[0m[34;22m      0.00[0m[34;22m      0.00[0m[31;1m      7.49[0m
09:34:04   [32;22m     all[0m[34;1m     42.41[0m[34;22m      0.00[0m[34;1m     53.93[0m[34;22m      0.00[0m[34;22m      0.00[0m[31;1m      3.66[0m
09:34:05   [32;22m     all[0m[34;1m     42.63[0m[34;22m      0.00[0m[34;1m     52.63[0m[34;22m      0.00[0m[34;22m      0.00[0m[31;1m      4.74[0m
09:34:06   [32;22m     all[0m[34;1m     41.08[0m[34;22m      0.00[0m[34;1m     54.59[0m[34;22m      0.00[0m[34;22m      0.00[0m[31;1m      4.32[0m
09:34:07   [32;22m     all[0m[34;1m     42.33[0m[34;22m      0.00[0m[34;1m     52.91[0m[34;22m      0.00[0m[34;22m      0.00[0m[31;1m      4.76[0m
09:34:08   [32;22m     all[0m[34;1m     39.15[0m[34;22m      0.00[0m[34;1m     56.61[0m[34;22m      0.00[0m[34;22m      0.00[0m[31;1m      4.23[0m
09:34:09   [32;22m     all[0m[34;1m     42.78[0m[34;22m      0.00[0m[34;1m     53.48[0m[34;22m      0.00[0m[34;22m      0.00[0m[31;1m      3.74[0m
09:34:10   [32;22m     all[0m[34;1m     42.63[0m[34;22m      0.00[0m[34;1m     55.26[0m[34;22m      0.00[0m[34;22m      0.00[0m[31;1m      2.11[0m
09:34:11   [32;22m     all[0m[34;1m     41.94[0m[34;22m      0.00[0m[34;1m     54.84[0m[34;22m      0.00[0m[34;22m      0.00[0m[31;1m      3.23[0m
09:34:13   [32;22m     all[0m[34;1m     38.30[0m[34;22m      0.00[0m[34;1m     57.98[0m[34;22m      0.00[0m[34;22m      0.00[0m[31;1m      3.72[0m
09:34:14   [32;22m     all[0m[34;1m     41.36[0m[34;22m      0.00[0m[34;1m     53.40[0m[34;22m      0.00[0m[34;22m      0.00[0m[31;1m      5.24[0m
09:34:15   [32;22m     all[0m[34;1m     42.25[0m[34;22m      0.00[0m[34;1m     54.55[0m[34;22m      0.00[0m[34;22m      0.00[0m[31;1m      3.21[0m
09:34:16   [32;22m     all[0m[34;1m     42.93[0m[34;22m      0.00[0m[34;1m     53.93[0m[34;22m      0.00[0m[34;22m      0.00[0m[31;1m      3.14[0m
09:34:17   [32;22m     all[0m[34;1m     38.33[0m[34;22m      0.00[0m[34;1m     55.56[0m[34;22m      0.00[0m[34;22m      0.00[0m[31;1m      6.11[0m
09:34:18   [32;22m     all[0m[34;1m     40.64[0m[34;22m      0.00[0m[34;1m     52.41[0m[34;22m      0.00[0m[34;22m      0.00[0m[31;1m      6.95[0m
09:34:19   [32;22m     all[0m[34;1m     40.86[0m[34;22m      0.00[0m[34;1m     55.91[0m[34;22m      0.00[0m[34;22m      0.00[0m[31;1m      3.23[0m
09:34:20   [32;22m     all[0m[34;1m     37.97[0m[34;22m      0.00[0m[34;1m     57.22[0m[34;22m      0.00[0m[34;22m      0.00[0m[31;1m      4.81[0m
09:34:21   [32;22m     all[0m[34;1m     40.11[0m[34;22m      0.00[0m[34;1m     56.68[0m[34;22m      0.00[0m[34;22m      0.00[0m[31;1m      3.21[0m
09:34:22   [32;22m     all[0m[34;1m     38.83[0m[34;22m      0.00[0m[34;1m     57.45[0m[34;22m      0.00[0m[34;22m      0.00[0m[31;1m      3.72[0m
09:34:23   [32;22m     all[0m[34;1m     38.38[0m[34;22m      0.00[0m[34;1m     55.14[0m[34;22m      0.00[0m[34;22m      0.00[0m[31;1m      6.49[0m
09:34:24   [32;22m     all[0m[34;1m     40.86[0m[34;22m      0.00[0m[34;1m     54.30[0m[34;22m      0.00[0m[34;22m      0.00[0m[31;1m      4.84[0m
09:34:25   [32;22m     all[0m[34;1m     37.89[0m[34;22m      0.00[0m[34;1m     55.79[0m[34;22m      0.00[0m[34;22m      0.00[0m[31;1m      6.32[0m
09:34:26   [32;22m     all[0m[34;1m     38.95[0m[34;22m      0.00[0m[34;1m     56.84[0m[34;1m      0.53[0m[34;22m      0.00[0m[31;1m      3.68[0m
09:34:27   [32;22m     all[0m[34;1m     39.04[0m[34;22m      0.00[0m[34;1m     57.22[0m[34;22m      0.00[0m[34;22m      0.00[0m[31;1m      3.74[0m
09:34:28   [32;22m     all[0m[34;1m     39.47[0m[34;22m      0.00[0m[34;1m     54.74[0m[34;22m      0.00[0m[34;22m      0.00[0m[31;1m      5.79[0m
09:34:29   [32;22m     all[0m[34;1m     40.74[0m[34;22m      0.00[0m[34;1m     57.14[0m[34;22m      0.00[0m[34;22m      0.00[0m[31;1m      2.12[0m
09:34:30   [32;22m     all[0m[34;1m     39.67[0m[34;22m      0.00[0m[34;1m     53.80[0m[34;22m      0.00[0m[34;22m      0.00[0m[31;1m      6.52[0m
09:34:31   [32;22m     all[0m[34;1m     36.96[0m[34;22m      0.00[0m[34;1m     58.15[0m[34;22m      0.00[0m[34;22m      0.00[0m[31;1m      4.89[0m
09:34:32   [32;22m     all[0m[34;1m     38.74[0m[34;22m      0.00[0m[34;1m     57.59[0m[34;22m      0.00[0m[34;22m      0.00[0m[31;1m      3.66[0m
09:34:33   [32;22m     all[0m[34;1m     40.54[0m[34;22m      0.00[0m[34;1m     54.05[0m[34;22m      0.00[0m[34;22m      0.00[0m[31;1m      5.41[0m
09:34:34   [32;22m     all[0m[34;1m     41.27[0m[34;22m      0.00[0m[34;1m     56.08[0m[34;22m      0.00[0m[34;22m      0.00[0m[31;1m      2.65[0m
09:34:35   [32;22m     all[0m[34;1m     41.21[0m[34;22m      0.00[0m[34;1m     54.40[0m[34;22m      0.00[0m[34;22m      0.00[0m[31;1m      4.40[0m
09:34:36   [32;22m     all[0m[34;1m     37.63[0m[34;22m      0.00[0m[34;1m     56.99[0m[34;22m      0.00[0m[34;22m      0.00[0m[31;1m      5.38[0m
09:34:37   [32;22m     all[0m[34;1m     41.49[0m[34;22m      0.00[0m[34;1m     51.06[0m[34;22m      0.00[0m[34;22m      0.00[0m[31;1m      7.45[0m
09:34:38   [32;22m     all[0m[34;1m     39.25[0m[34;22m      0.00[0m[34;1m     55.38[0m[34;22m      0.00[0m[34;22m      0.00[0m[31;1m      5.38[0m
09:34:39   [32;22m     all[0m[34;1m     42.63[0m[34;22m      0.00[0m[34;1m     51.05[0m[34;22m      0.00[0m[34;22m      0.00[0m[31;1m      6.32[0m
09:34:40   [32;22m     all[0m[34;1m     43.46[0m[34;22m      0.00[0m[34;1m     53.40[0m[34;22m      0.00[0m[34;22m      0.00[0m[31;1m      3.14[0m
09:34:41   [32;22m     all[0m[34;1m     42.55[0m[34;22m      0.00[0m[34;1m     55.32[0m[34;22m      0.00[0m[34;22m      0.00[0m[31;1m      2.13[0m
09:34:42   [32;22m     all[0m[34;1m     39.25[0m[34;22m      0.00[0m[34;1m     56.99[0m[34;22m      0.00[0m[34;22m      0.00[0m[31;1m      3.76[0m
09:34:43   [32;22m     all[0m[34;1m     39.89[0m[34;22m      0.00[0m[34;1m     54.26[0m[34;22m      0.00[0m[34;22m      0.00[0m[31;1m      5.85[0m
09:34:44   [32;22m     all[0m[34;1m     41.53[0m[34;22m      0.00[0m[34;1m     55.74[0m[34;22m      0.00[0m[34;22m      0.00[0m[31;1m      2.73[0m
09:34:45   [32;22m     all[0m[34;1m     41.08[0m[34;22m      0.00[0m[34;1m     49.19[0m[34;22m      0.00[0m[34;22m      0.00[0m[31;1m      9.73[0m
09:34:46   [32;22m     all[0m[34;1m     38.71[0m[34;22m      0.00[0m[34;1m     55.91[0m[34;22m      0.00[0m[34;22m      0.00[0m[31;1m      5.38[0m
09:34:47   [32;22m     all[0m[34;1m     45.08[0m[34;22m      0.00[0m[34;1m     53.37[0m[34;22m      0.00[0m[34;22m      0.00[0m[31;1m      1.55[0m
09:34:48   [32;22m     all[0m[34;1m     41.40[0m[34;22m      0.00[0m[34;1m     54.84[0m[34;22m      0.00[0m[34;22m      0.00[0m[31;1m      3.76[0m
09:34:49   [32;22m     all[0m[34;1m     42.47[0m[34;22m      0.00[0m[34;1m     53.76[0m[34;22m      0.00[0m[34;22m      0.00[0m[31;1m      3.76[0m
09:34:50   [32;22m     all[0m[34;1m     44.50[0m[34;22m      0.00[0m[34;1m     52.88[0m[34;22m      0.00[0m[34;22m      0.00[0m[31;1m      2.62[0m
09:34:51   [32;22m     all[0m[34;1m     46.60[0m[34;22m      0.00[0m[34;1m     50.26[0m[34;22m      0.00[0m[34;22m      0.00[0m[31;1m      3.14[0m
09:34:52   [32;22m     all[0m[34;1m     39.56[0m[34;22m      0.00[0m[34;1m     54.95[0m[34;22m      0.00[0m[34;22m      0.00[0m[31;1m      5.49[0m
09:34:53   [32;22m     all[0m[34;1m     41.08[0m[34;22m      0.00[0m[34;1m     54.05[0m[34;22m      0.00[0m[34;22m      0.00[0m[31;1m      4.86[0m
09:34:54   [32;22m     all[0m[34;1m     49.20[0m[34;22m      0.00[0m[34;1m     48.13[0m[34;22m      0.00[0m[34;22m      0.00[0m[31;1m      2.67[0m
09:34:55   [32;22m     all[0m[34;1m     42.41[0m[34;22m      0.00[0m[34;1m     55.50[0m[34;22m      0.00[0m[34;22m      0.00[0m[31;1m      2.09[0m
09:34:56   [32;22m     all[0m[34;1m     38.42[0m[34;22m      0.00[0m[34;1m     56.84[0m[34;22m      0.00[0m[34;22m      0.00[0m[31;1m      4.74[0m
09:34:57   [32;22m     all[0m[34;1m     42.33[0m[34;22m      0.00[0m[34;1m     54.50[0m[34;22m      0.00[0m[34;22m      0.00[0m[31;1m      3.17[0m
09:34:58   [32;22m     all[0m[34;1m     38.10[0m[34;22m      0.00[0m[34;1m     55.56[0m[34;22m      0.00[0m[34;22m      0.00[0m[31;1m      6.35[0m
09:34:59   [32;22m     all[0m[34;1m     42.25[0m[34;22m      0.00[0m[34;1m     54.01[0m[34;22m      0.00[0m[34;22m      0.00[0m[31;1m      3.74[0m
09:35:00   [32;22m     all[0m[34;1m     40.84[0m[34;22m      0.00[0m[34;1m     57.07[0m[34;22m      0.00[0m[34;22m      0.00[0m[31;1m      2.09[0m
09:35:01   [32;22m     all[0m[34;1m     43.39[0m[34;22m      0.00[0m[34;1m     53.44[0m[34;22m      0.00[0m[34;22m      0.00[0m[31;1m      3.17[0m
09:35:02   [32;22m     all[0m[34;1m     38.67[0m[34;22m      0.00[0m[34;1m     58.01[0m[34;22m      0.00[0m[34;22m      0.00[0m[31;1m      3.31[0m
09:35:03   [32;22m     all[0m[34;1m     38.50[0m[34;22m      0.00[0m[34;1m     58.29[0m[34;22m      0.00[0m[34;22m      0.00[0m[31;1m      3.21[0m
09:35:04   [32;22m     all[0m[34;1m     40.21[0m[34;22m      0.00[0m[34;1m     55.03[0m[34;22m      0.00[0m[34;22m      0.00[0m[31;1m      4.76[0m
09:35:05   [32;22m     all[0m[34;1m     37.43[0m[34;22m      0.00[0m[34;1m     57.22[0m[34;22m      0.00[0m[34;22m      0.00[0m[31;1m      5.35[0m
09:35:06   [32;22m     all[0m[34;1m     40.54[0m[34;22m      0.00[0m[34;1m     55.68[0m[34;22m      0.00[0m[34;22m      0.00[0m[31;1m      3.78[0m
09:35:07   [32;22m     all[0m[34;1m     38.74[0m[34;22m      0.00[0m[34;1m     57.59[0m[34;22m      0.00[0m[34;22m      0.00[0m[31;1m      3.66[0m
09:35:08   [32;22m     all[0m[34;1m     43.23[0m[34;22m      0.00[0m[34;1m     55.21[0m[34;22m      0.00[0m[34;22m      0.00[0m[31;1m      1.56[0m
09:35:09   [32;22m     all[0m[34;1m     38.38[0m[34;22m      0.00[0m[34;1m     55.14[0m[34;22m      0.00[0m[34;22m      0.00[0m[31;1m      6.49[0m
09:35:10   [32;22m     all[0m[34;1m     36.36[0m[34;22m      0.00[0m[34;1m     58.29[0m[34;22m      0.00[0m[34;22m      0.00[0m[31;1m      5.35[0m
09:35:11   [32;22m     all[0m[34;1m     41.71[0m[34;22m      0.00[0m[34;1m     55.08[0m[34;22m      0.00[0m[34;22m      0.00[0m[31;1m      3.21[0m
09:35:12   [32;22m     all[0m[34;1m     40.11[0m[34;22m      0.00[0m[34;1m     56.68[0m[34;22m      0.00[0m[34;22m      0.00[0m[31;1m      3.21[0m
09:35:13   [32;22m     all[0m[34;1m     39.56[0m[34;22m      0.00[0m[34;1m     55.49[0m[34;22m      0.00[0m[34;22m      0.00[0m[31;1m      4.95[0m
09:35:14   [32;22m     all[0m[34;1m     39.04[0m[34;22m      0.00[0m[34;1m     56.15[0m[34;22m      0.00[0m[34;22m      0.00[0m[31;1m      4.81[0m
09:35:15   [32;22m     all[0m[34;1m     37.77[0m[34;22m      0.00[0m[34;1m     59.57[0m[34;22m      0.00[0m[34;22m      0.00[0m[31;1m      2.66[0m
09:35:16   [32;22m     all[0m[34;1m     37.97[0m[34;22m      0.00[0m[34;1m     57.22[0m[34;22m      0.00[0m[34;22m      0.00[0m[31;1m      4.81[0m
09:35:17   [32;22m     all[0m[34;1m     42.55[0m[34;22m      0.00[0m[34;1m     52.66[0m[34;22m      0.00[0m[34;22m      0.00[0m[31;1m      4.79[0m
09:35:18   [32;22m     all[0m[34;1m     40.64[0m[34;22m      0.00[0m[34;1m     56.15[0m[34;22m      0.00[0m[34;22m      0.00[0m[31;1m      3.21[0m
09:35:19   [32;22m     all[0m[34;1m     41.49[0m[34;22m      0.00[0m[34;1m     54.79[0m[34;22m      0.00[0m[34;22m      0.00[0m[31;1m      3.72[0m
09:35:20   [32;22m     all[0m[34;1m     42.05[0m[34;22m      0.00[0m[34;1m     55.90[0m[34;22m      0.00[0m[34;22m      0.00[0m[31;1m      2.05[0m
09:35:21   [32;22m     all[0m[34;1m     43.39[0m[34;22m      0.00[0m[34;1m     49.74[0m[34;22m      0.00[0m[34;22m      0.00[0m[31;1m      6.88[0m
09:35:22   [32;22m     all[0m[34;1m     40.22[0m[34;22m      0.00[0m[34;1m     54.89[0m[34;22m      0.00[0m[34;22m      0.00[0m[31;1m      4.89[0m
09:35:23   [32;22m     all[0m[34;1m     39.79[0m[34;22m      0.00[0m[34;1m     56.02[0m[34;22m      0.00[0m[34;22m      0.00[0m[31;1m      4.19[0m
09:35:24   [32;22m     all[0m[34;1m     41.36[0m[34;22m      0.00[0m[34;1m     56.54[0m[34;22m      0.00[0m[34;22m      0.00[0m[31;1m      2.09[0m
09:35:25   [32;22m     all[0m[34;1m     41.94[0m[34;22m      0.00[0m[34;1m     53.76[0m[34;22m      0.00[0m[34;22m      0.00[0m[31;1m      4.30[0m
09:35:26   [32;22m     all[0m[34;1m     39.89[0m[34;22m      0.00[0m[34;1m     54.79[0m[34;22m      0.00[0m[34;22m      0.00[0m[31;1m      5.32[0m
09:35:27   [32;22m     all[0m[34;1m     39.68[0m[34;22m      0.00[0m[34;1m     56.08[0m[34;22m      0.00[0m[34;22m      0.00[0m[31;1m      4.23[0m
09:35:28   [32;22m     all[0m[34;1m     39.68[0m[34;22m      0.00[0m[34;1m     57.14[0m[34;22m      0.00[0m[34;22m      0.00[0m[31;1m      3.17[0m
09:35:29   [32;22m     all[0m[34;1m     41.49[0m[34;22m      0.00[0m[34;1m     54.26[0m[34;22m      0.00[0m[34;22m      0.00[0m[31;1m      4.26[0m
09:35:30   [32;22m     all[0m[34;1m     41.27[0m[34;22m      0.00[0m[34;1m     52.38[0m[34;22m      0.00[0m[34;22m      0.00[0m[31;1m      6.35[0m
09:35:31   [32;22m     all[0m[34;1m     43.92[0m[34;22m      0.00[0m[34;1m     52.91[0m[34;22m      0.00[0m[34;22m      0.00[0m[31;1m      3.17[0m
09:35:32   [32;22m     all[0m[34;1m     41.94[0m[34;22m      0.00[0m[34;1m     54.30[0m[34;22m      0.00[0m[34;22m      0.00[0m[31;1m      3.76[0m
09:35:33   [32;22m     all[0m[34;1m     42.86[0m[34;22m      0.00[0m[34;1m     54.50[0m[34;22m      0.00[0m[34;22m      0.00[0m[31;1m      2.65[0m
09:35:34   [32;22m     all[0m[34;1m     40.43[0m[34;22m      0.00[0m[34;1m     52.13[0m[34;22m      0.00[0m[34;22m      0.00[0m[31;1m      7.45[0m
09:35:35   [32;22m     all[0m[34;1m     42.78[0m[34;22m      0.00[0m[34;1m     54.55[0m[34;22m      0.00[0m[34;22m      0.00[0m[31;1m      2.67[0m
09:35:36   [32;22m     all[0m[34;1m     42.41[0m[34;22m      0.00[0m[34;1m     53.93[0m[34;22m      0.00[0m[34;22m      0.00[0m[31;1m      3.66[0m
09:35:37   [32;22m     all[0m[34;1m     38.30[0m[34;22m      0.00[0m[34;1m     54.79[0m[34;22m      0.00[0m[34;22m      0.00[0m[31;1m      6.91[0m
09:35:38   [32;22m     all[0m[34;1m     41.71[0m[34;22m      0.00[0m[34;1m     54.55[0m[34;22m      0.00[0m[34;22m      0.00[0m[31;1m      3.74[0m
09:35:39   [32;22m     all[0m[34;1m     40.86[0m[34;22m      0.00[0m[34;1m     55.38[0m[34;22m      0.00[0m[34;22m      0.00[0m[31;1m      3.76[0m
09:35:40   [32;22m     all[0m[34;1m     43.96[0m[34;22m      0.00[0m[34;1m     49.45[0m[34;22m      0.00[0m[34;22m      0.00[0m[31;1m      6.59[0m
09:35:41   [32;22m     all[0m[34;1m     42.70[0m[34;22m      0.00[0m[34;1m     52.97[0m[34;22m      0.00[0m[34;22m      0.00[0m[31;1m      4.32[0m
09:35:42   [32;22m     all[0m[34;1m     42.39[0m[34;22m      0.00[0m[34;1m     52.72[0m[34;22m      0.00[0m[34;22m      0.00[0m[31;1m      4.89[0m
09:35:43   [32;22m     all[0m[34;1m     43.32[0m[34;22m      0.00[0m[34;1m     52.94[0m[34;22m      0.00[0m[34;22m      0.00[0m[31;1m      3.74[0m
09:35:44   [32;22m     all[0m[34;1m     39.38[0m[34;22m      0.00[0m[34;1m     56.99[0m[34;22m      0.00[0m[34;22m      0.00[0m[31;1m      3.63[0m
09:35:45   [32;22m     all[0m[34;1m     41.67[0m[34;22m      0.00[0m[34;1m     51.67[0m[34;22m      0.00[0m[34;22m      0.00[0m[31;1m      6.67[0m
09:35:46   [32;22m     all[0m[34;1m     42.55[0m[34;22m      0.00[0m[34;1m     53.72[0m[34;22m      0.00[0m[34;22m      0.00[0m[31;1m      3.72[0m
09:35:47   [32;22m     all[0m[34;1m     43.92[0m[34;22m      0.00[0m[34;1m     52.91[0m[34;22m      0.00[0m[34;22m      0.00[0m[31;1m      3.17[0m
09:35:48   [32;22m     all[0m[34;1m     38.50[0m[34;22m      0.00[0m[34;1m     57.22[0m[34;22m      0.00[0m[34;22m      0.00[0m[31;1m      4.28[0m
09:35:49   [32;22m     all[0m[34;1m     42.55[0m[34;22m      0.00[0m[34;1m     54.26[0m[34;22m      0.00[0m[34;22m      0.00[0m[31;1m      3.19[0m
09:35:50   [32;22m     all[0m[34;1m     44.44[0m[34;22m      0.00[0m[34;1m     52.91[0m[34;22m      0.00[0m[34;22m      0.00[0m[31;1m      2.65[0m
09:35:51   [32;22m     all[0m[34;1m     44.09[0m[34;22m      0.00[0m[34;1m     48.92[0m[34;22m      0.00[0m[34;22m      0.00[0m[31;1m      6.99[0m
09:35:52   [32;22m     all[0m[34;1m     42.86[0m[34;22m      0.00[0m[34;1m     53.97[0m[34;22m      0.00[0m[34;22m      0.00[0m[31;1m      3.17[0m
09:35:53   [32;22m     all[0m[34;1m     39.01[0m[34;22m      0.00[0m[34;1m     53.85[0m[34;22m      0.00[0m[34;22m      0.00[0m[31;1m      7.14[0m
09:35:54   [32;22m     all[0m[34;1m     40.88[0m[34;22m      0.00[0m[34;1m     55.80[0m[34;22m      0.00[0m[34;22m      0.00[0m[31;1m      3.31[0m
09:35:55   [32;22m     all[0m[34;1m     40.74[0m[34;22m      0.00[0m[34;1m     56.61[0m[34;22m      0.00[0m[34;22m      0.00[0m[31;1m      2.65[0m
09:35:56   [32;22m     all[0m[34;1m     36.67[0m[34;22m      0.00[0m[34;1m     56.67[0m[34;22m      0.00[0m[34;22m      0.00[0m[31;1m      6.67[0m
09:35:57   [32;22m     all[0m[34;1m     40.11[0m[34;22m      0.00[0m[34;1m     52.20[0m[34;22m      0.00[0m[34;22m      0.00[0m[31;1m      7.69[0m
09:35:58   [32;22m     all[0m[34;1m     41.18[0m[34;22m      0.00[0m[34;1m     50.80[0m[34;22m      0.00[0m[34;22m      0.00[0m[31;1m      8.02[0m
09:35:59   [32;22m     all[0m[34;1m     39.25[0m[34;22m      0.00[0m[34;1m     47.31[0m[34;22m      0.00[0m[34;22m      0.00[0m[35;1m     13.44[0m
09:36:00   [32;22m     all[0m[34;1m     42.62[0m[34;22m      0.00[0m[34;1m     52.46[0m[34;22m      0.00[0m[34;22m      0.00[0m[31;1m      4.92[0m
09:36:01   [32;22m     all[0m[34;1m     43.98[0m[34;22m      0.00[0m[34;1m     52.88[0m[34;22m      0.00[0m[34;22m      0.00[0m[31;1m      3.14[0m
09:36:02   [32;22m     all[0m[34;1m     41.94[0m[34;22m      0.00[0m[34;1m     53.76[0m[34;22m      0.00[0m[34;22m      0.00[0m[31;1m      4.30[0m
09:36:03   [32;22m     all[0m[34;1m     42.94[0m[34;22m      0.00[0m[34;1m     53.53[0m[34;22m      0.00[0m[34;22m      0.00[0m[31;1m      3.53[0m
09:36:04   [32;22m     all[0m[34;1m     39.68[0m[34;22m      0.00[0m[34;1m     54.50[0m[34;22m      0.00[0m[34;22m      0.00[0m[31;1m      5.82[0m
09:36:05   [32;22m     all[0m[34;1m     41.24[0m[34;22m      0.00[0m[34;1m     53.67[0m[34;22m      0.00[0m[34;22m      0.00[0m[31;1m      5.08[0m
09:36:06   [32;22m     all[0m[34;1m     38.17[0m[34;22m      0.00[0m[34;1m     57.53[0m[34;22m      0.00[0m[34;22m      0.00[0m[31;1m      4.30[0m
09:36:07   [32;22m     all[0m[34;1m     37.97[0m[34;22m      0.00[0m[34;1m     57.75[0m[34;22m      0.00[0m[34;22m      0.00[0m[31;1m      4.28[0m
09:36:08   [32;22m     all[0m[34;1m     39.13[0m[34;22m      0.00[0m[34;1m     57.07[0m[34;22m      0.00[0m[34;22m      0.00[0m[31;1m      3.80[0m
09:36:09   [32;22m     all[0m[34;1m     42.11[0m[34;22m      0.00[0m[34;1m     56.32[0m[34;22m      0.00[0m[34;22m      0.00[0m[31;1m      1.58[0m
09:36:10   [32;22m     all[0m[34;1m     39.27[0m[34;22m      0.00[0m[34;1m     56.54[0m[34;22m      0.00[0m[34;22m      0.00[0m[31;1m      4.19[0m
09:36:11   [32;22m     all[0m[34;1m     43.01[0m[34;22m      0.00[0m[34;1m     55.44[0m[34;22m      0.00[0m[34;22m      0.00[0m[31;1m      1.55[0m
09:36:12   [32;22m     all[0m[34;1m     38.80[0m[34;22m      0.00[0m[34;1m     55.74[0m[34;22m      0.00[0m[34;22m      0.00[0m[31;1m      5.46[0m
09:36:13   [32;22m     all[0m[34;1m     38.80[0m[34;22m      0.00[0m[34;1m     55.19[0m[34;22m      0.00[0m[34;22m      0.00[0m[31;1m      6.01[0m
09:36:14   [32;22m     all[0m[34;1m     44.74[0m[34;22m      0.00[0m[34;1m     52.63[0m[34;22m      0.00[0m[34;22m      0.00[0m[31;1m      2.63[0m
09:36:15   [32;22m     all[0m[34;1m     39.89[0m[34;22m      0.00[0m[34;1m     56.91[0m[34;22m      0.00[0m[34;22m      0.00[0m[31;1m      3.19[0m
09:36:16   [32;22m     all[0m[34;1m     43.78[0m[34;22m      0.00[0m[34;1m     50.81[0m[34;22m      0.00[0m[34;22m      0.00[0m[31;1m      5.41[0m
09:36:17   [32;22m     all[0m[34;1m     38.38[0m[34;22m      0.00[0m[34;1m     55.14[0m[34;22m      0.00[0m[34;22m      0.00[0m[31;1m      6.49[0m
09:36:18   [32;22m     all[0m[34;1m     38.50[0m[34;22m      0.00[0m[34;1m     56.68[0m[34;22m      0.00[0m[34;22m      0.00[0m[31;1m      4.81[0m
09:36:19   [32;22m     all[0m[34;1m     39.56[0m[34;22m      0.00[0m[34;1m     54.95[0m[34;22m      0.00[0m[34;22m      0.00[0m[31;1m      5.49[0m
09:36:20   [32;22m     all[0m[34;1m     40.21[0m[34;22m      0.00[0m[34;1m     56.08[0m[34;22m      0.00[0m[34;22m      0.00[0m[31;1m      3.70[0m
09:36:21   [32;22m     all[0m[34;1m     42.93[0m[34;22m      0.00[0m[34;1m     53.93[0m[34;22m      0.00[0m[34;22m      0.00[0m[31;1m      3.14[0m
09:36:22   [32;22m     all[0m[34;1m     37.70[0m[34;22m      0.00[0m[34;1m     57.92[0m[34;22m      0.00[0m[34;22m      0.00[0m[31;1m      4.37[0m
09:36:23   [32;22m     all[0m[34;1m     28.31[0m[34;22m      0.00[0m[34;1m     50.00[0m[34;22m      0.00[0m[34;22m      0.00[0m[35;1m     21.69[0m
