Linux 6.6.95 (ssp-study) 	04/16/26 	_x86_64_	(2 CPU)

19:23:41    kbmemfree   kbavail kbmemused  %memused kbbuffers  kbcached  kbcommit   %commit  kbactive   kbinact   kbdirty
19:23:42   [34;1m    803876[0m[34;1m   1623348[0m[34;1m    897644[0m[34;1m     23.60[0m[34;1m    109400[0m[34;1m   1867932[0m[34;1m   6251524[0m[31;1m    164.37[0m[34;1m   1208180[0m[34;1m   1589420[0m[34;1m      1152[0m
19:23:43   [34;1m    803876[0m[34;1m   1623348[0m[34;1m    897644[0m[34;1m     23.60[0m[34;1m    109400[0m[34;1m   1867932[0m[34;1m   6251524[0m[31;1m    164.37[0m[34;1m   1208180[0m[34;1m   1589480[0m[34;1m      1152[0m
19:23:44   [34;1m    800852[0m[34;1m   1620324[0m[34;1m    900664[0m[34;1m     23.68[0m[34;1m    109408[0m[34;1m   1867932[0m[34;1m   6251524[0m[31;1m    164.37[0m[34;1m   1208168[0m[34;1m   1589668[0m[34;1m      1152[0m
19:23:45   [34;1m    800852[0m[34;1m   1620340[0m[34;1m    900652[0m[34;1m     23.68[0m[34;1m    109408[0m[34;1m   1867940[0m[34;1m   6251524[0m[31;1m    164.37[0m[34;1m   1208188[0m[34;1m   1589680[0m[34;1m      1156[0m
19:23:46   [34;1m    800852[0m[34;1m   1620340[0m[34;1m    900652[0m[34;1m     23.68[0m[34;1m    109408[0m[34;1m   1867940[0m[34;1m   6251524[0m[31;1m    164.37[0m[34;1m   1208188[0m[34;1m   1589680[0m[34;1m      1156[0m
19:23:47   [34;1m    800852[0m[34;1m   1620384[0m[34;1m    900552[0m[34;1m     23.68[0m[34;1m    109408[0m[34;1m   1867940[0m[34;1m   6251524[0m[31;1m    164.37[0m[34;1m   1208188[0m[34;1m   1589740[0m[34;1m      1156[0m
19:23:48   [34;1m    800852[0m[34;1m   1620384[0m[34;1m    900552[0m[34;1m     23.68[0m[34;1m    109408[0m[34;1m   1867940[0m[34;1m   6251524[0m[31;1m    164.37[0m[34;1m   1208188[0m[34;1m   1589740[0m[34;1m      1156[0m
19:23:49   [34;1m    799088[0m[34;1m   1618640[0m[34;1m    902264[0m[34;1m     23.72[0m[34;1m    109408[0m[34;1m   1867940[0m[34;1m   6251524[0m[31;1m    164.37[0m[34;1m   1208188[0m[34;1m   1589864[0m[34;1m      1028[0m
19:23:50   [34;1m    799088[0m[34;1m   1618640[0m[34;1m    902228[0m[34;1m     23.72[0m[34;1m    109412[0m[34;1m   1867936[0m[34;1m   6251780[0m[31;1m    164.38[0m[34;1m   1208188[0m[34;1m   1590512[0m[34;1m      1028[0m
19:23:51   [34;1m    799088[0m[34;1m   1618656[0m[34;1m    902152[0m[34;1m     23.72[0m[34;1m    109420[0m[34;1m   1867944[0m[34;1m   6251780[0m[31;1m    164.38[0m[34;1m   1208200[0m[34;1m   1590736[0m[34;1m      1028[0m
19:23:52   [34;1m    799088[0m[34;1m   1618656[0m[34;1m    902156[0m[34;1m     23.72[0m[34;1m    109420[0m[34;1m   1867944[0m[34;1m   6251780[0m[31;1m    164.38[0m[34;1m   1208200[0m[34;1m   1590736[0m[34;1m      1028[0m
19:23:53   [34;1m    798848[0m[34;1m   1618416[0m[34;1m    902416[0m[34;1m     23.73[0m[34;1m    109420[0m[34;1m   1867944[0m[34;1m   6251780[0m[31;1m    164.38[0m[34;1m   1208200[0m[34;1m   1590332[0m[34;1m      1028[0m
19:23:54   [34;1m    798092[0m[34;1m   1617660[0m[34;1m    903172[0m[34;1m     23.75[0m[34;1m    109420[0m[34;1m   1867944[0m[34;1m   6251780[0m[31;1m    164.38[0m[34;1m   1208200[0m[34;1m   1591120[0m[34;1m      1028[0m
19:23:55   [34;1m    798092[0m[34;1m   1617668[0m[34;1m    903164[0m[34;1m     23.75[0m[34;1m    109424[0m[34;1m   1867948[0m[34;1m   6251780[0m[31;1m    164.38[0m[34;1m   1208204[0m[34;1m   1591840[0m[34;1m      1028[0m
19:23:56   [34;1m    798092[0m[34;1m   1617668[0m[34;1m    903164[0m[34;1m     23.75[0m[34;1m    109444[0m[34;1m   1867928[0m[34;1m   6251780[0m[31;1m    164.38[0m[34;1m   1208204[0m[34;1m   1591560[0m[34;1m      1028[0m
19:23:57   [34;1m    797868[0m[34;1m   1617504[0m[34;1m    903332[0m[34;1m     23.75[0m[34;1m    109452[0m[34;1m   1867980[0m[34;1m   6252036[0m[31;1m    164.39[0m[34;1m   1208232[0m[34;1m   1590872[0m[34;1m      1036[0m
19:23:58   [34;1m    797868[0m[34;1m   1617508[0m[34;1m    903332[0m[34;1m     23.75[0m[34;1m    109452[0m[34;1m   1867984[0m[34;1m   6252036[0m[31;1m    164.39[0m[34;1m   1208232[0m[34;1m   1589768[0m[34;1m      1036[0m
19:23:59   [34;1m    797868[0m[34;1m   1617508[0m[34;1m    903332[0m[34;1m     23.75[0m[34;1m    109452[0m[34;1m   1867984[0m[34;1m   6252036[0m[31;1m    164.39[0m[34;1m   1208224[0m[34;1m   1588404[0m[34;1m      1036[0m
19:24:00   [34;1m    797868[0m[34;1m   1617508[0m[34;1m    903328[0m[34;1m     23.75[0m[34;1m    109452[0m[34;1m   1867984[0m[34;1m   6252036[0m[31;1m    164.39[0m[34;1m   1208232[0m[34;1m   1588556[0m[34;1m      1036[0m
19:24:01   [34;1m    797868[0m[34;1m   1617516[0m[34;1m    903272[0m[34;1m     23.75[0m[34;1m    109456[0m[34;1m   1867988[0m[34;1m   6252036[0m[31;1m    164.39[0m[34;1m   1208236[0m[34;1m   1588756[0m[34;1m       956[0m
19:24:02   [34;1m    797868[0m[34;1m   1617516[0m[34;1m    903272[0m[34;1m     23.75[0m[34;1m    109456[0m[34;1m   1867988[0m[34;1m   6252036[0m[31;1m    164.39[0m[34;1m   1208236[0m[34;1m   1588464[0m[34;1m       956[0m
19:24:03   [34;1m    797868[0m[34;1m   1617516[0m[34;1m    903288[0m[34;1m     23.75[0m[34;1m    109456[0m[34;1m   1867988[0m[34;1m   6252036[0m[31;1m    164.39[0m[34;1m   1208236[0m[34;1m   1588400[0m[34;1m       956[0m
19:24:04   [34;1m    797868[0m[34;1m   1617516[0m[34;1m    903288[0m[34;1m     23.75[0m[34;1m    109456[0m[34;1m   1867988[0m[34;1m   6252036[0m[31;1m    164.39[0m[34;1m   1208236[0m[34;1m   1588400[0m[34;1m       956[0m
19:24:05   [34;1m    797868[0m[34;1m   1617520[0m[34;1m    903256[0m[34;1m     23.75[0m[34;1m    109456[0m[34;1m   1867996[0m[34;1m   6252036[0m[31;1m    164.39[0m[34;1m   1208236[0m[34;1m   1588476[0m[34;1m       960[0m
19:24:06   [34;1m    797868[0m[34;1m   1617524[0m[34;1m    903256[0m[34;1m     23.75[0m[34;1m    109456[0m[34;1m   1867996[0m[34;1m   6252036[0m[31;1m    164.39[0m[34;1m   1208236[0m[34;1m   1588572[0m[34;1m       928[0m
19:24:07   [34;1m    797620[0m[34;1m   1617276[0m[34;1m    903500[0m[34;1m     23.76[0m[34;1m    109456[0m[34;1m   1867996[0m[34;1m   6252036[0m[31;1m    164.39[0m[34;1m   1208236[0m[34;1m   1588620[0m[34;1m       932[0m
19:24:08   [34;1m    797620[0m[34;1m   1617276[0m[34;1m    903500[0m[34;1m     23.76[0m[34;1m    109456[0m[34;1m   1867996[0m[34;1m   6252036[0m[31;1m    164.39[0m[34;1m   1208236[0m[34;1m   1589040[0m[34;1m       932[0m
19:24:09   [34;1m    797620[0m[34;1m   1617276[0m[34;1m    903500[0m[34;1m     23.76[0m[34;1m    109456[0m[34;1m   1867996[0m[34;1m   6252036[0m[31;1m    164.39[0m[34;1m   1208232[0m[34;1m   1589364[0m[34;1m       932[0m
19:24:10   [34;1m    797368[0m[34;1m   1617024[0m[34;1m    903748[0m[34;1m     23.76[0m[34;1m    109460[0m[34;1m   1867992[0m[34;1m   6252292[0m[31;1m    164.40[0m[34;1m   1208236[0m[34;1m   1590344[0m[34;1m        32[0m
19:24:11   [34;1m    795352[0m[34;1m   1615048[0m[34;1m    905700[0m[34;1m     23.81[0m[34;1m    109492[0m[34;1m   1868000[0m[34;1m   6252548[0m[31;1m    164.40[0m[34;1m   1208268[0m[34;1m   1594900[0m[34;1m        28[0m
19:24:12   [34;1m    794848[0m[34;1m   1614576[0m[34;1m    906180[0m[34;1m     23.83[0m[34;1m    109496[0m[34;1m   1868032[0m[34;1m   6252548[0m[31;1m    164.40[0m[34;1m   1208272[0m[34;1m   1595424[0m[34;1m        40[0m
19:24:13   [34;1m    794848[0m[34;1m   1614580[0m[34;1m    906180[0m[34;1m     23.83[0m[34;1m    109496[0m[34;1m   1868032[0m[34;1m   6252548[0m[31;1m    164.40[0m[34;1m   1208276[0m[34;1m   1595536[0m[34;1m        40[0m
19:24:14   [34;1m    793084[0m[34;1m   1612816[0m[34;1m    907944[0m[34;1m     23.87[0m[34;1m    109496[0m[34;1m   1868032[0m[34;1m   6252548[0m[31;1m    164.40[0m[34;1m   1208276[0m[34;1m   1595656[0m[34;1m        40[0m
19:24:15   [34;1m    793084[0m[34;1m   1612816[0m[34;1m    907952[0m[34;1m     23.87[0m[34;1m    109496[0m[34;1m   1868032[0m[34;1m   6252548[0m[31;1m    164.40[0m[34;1m   1208276[0m[34;1m   1594684[0m[34;1m        40[0m
19:24:16   [34;1m    793084[0m[34;1m   1612816[0m[34;1m    907952[0m[34;1m     23.87[0m[34;1m    109500[0m[34;1m   1868028[0m[34;1m   6252548[0m[31;1m    164.40[0m[34;1m   1208276[0m[34;1m   1594688[0m[34;1m        40[0m
19:24:17   [34;1m    793084[0m[34;1m   1612824[0m[34;1m    907948[0m[34;1m     23.87[0m[34;1m    109500[0m[34;1m   1868036[0m[34;1m   6252548[0m[31;1m    164.40[0m[34;1m   1208280[0m[34;1m   1594712[0m[34;1m        40[0m
19:24:18   [34;1m    793084[0m[34;1m   1612824[0m[34;1m    907948[0m[34;1m     23.87[0m[34;1m    109500[0m[34;1m   1868036[0m[34;1m   6252548[0m[31;1m    164.40[0m[34;1m   1208280[0m[34;1m   1595016[0m[34;1m        40[0m
19:24:19   [34;1m    793084[0m[34;1m   1612824[0m[34;1m    907952[0m[34;1m     23.87[0m[34;1m    109500[0m[34;1m   1868036[0m[34;1m   6252548[0m[31;1m    164.40[0m[34;1m   1208280[0m[34;1m   1595080[0m[34;1m        40[0m
19:24:20   [34;1m    792832[0m[34;1m   1612572[0m[34;1m    908104[0m[34;1m     23.88[0m[34;1m    109500[0m[34;1m   1868036[0m[34;1m   6252548[0m[31;1m    164.40[0m[34;1m   1208280[0m[34;1m   1595920[0m[34;1m        40[0m
19:24:21   [34;1m    792832[0m[34;1m   1612580[0m[34;1m    908132[0m[34;1m     23.88[0m[34;1m    109500[0m[34;1m   1868036[0m[34;1m   6252548[0m[31;1m    164.40[0m[34;1m   1208280[0m[34;1m   1596076[0m[34;1m        24[0m
19:24:22   [34;1m    792832[0m[34;1m   1612584[0m[34;1m    908128[0m[34;1m     23.88[0m[34;1m    109500[0m[34;1m   1868040[0m[34;1m   6252548[0m[31;1m    164.40[0m[34;1m   1208280[0m[34;1m   1596124[0m[34;1m        24[0m
19:24:23   [34;1m    792832[0m[34;1m   1612584[0m[34;1m    908132[0m[34;1m     23.88[0m[34;1m    109500[0m[34;1m   1868040[0m[34;1m   6252548[0m[31;1m    164.40[0m[34;1m   1208280[0m[34;1m   1596124[0m[34;1m        24[0m
19:24:24   [34;1m    792832[0m[34;1m   1612584[0m[34;1m    908132[0m[34;1m     23.88[0m[34;1m    109500[0m[34;1m   1868040[0m[34;1m   6260740[0m[31;1m    164.62[0m[34;1m   1208280[0m[34;1m   1596248[0m[34;1m        24[0m
19:24:25   [34;1m    792832[0m[34;1m   1612588[0m[34;1m    908148[0m[34;1m     23.88[0m[34;1m    109500[0m[34;1m   1868044[0m[34;1m   6260740[0m[31;1m    164.62[0m[34;1m   1208280[0m[34;1m   1596204[0m[34;1m        24[0m
19:24:26   [34;1m    792832[0m[34;1m   1612588[0m[34;1m    908148[0m[34;1m     23.88[0m[34;1m    109516[0m[34;1m   1868028[0m[34;1m   6260740[0m[31;1m    164.62[0m[34;1m   1208280[0m[34;1m   1596404[0m[34;1m        24[0m
19:24:27   [34;1m    792832[0m[34;1m   1612640[0m[34;1m    908096[0m[34;1m     23.88[0m[34;1m    109516[0m[34;1m   1868080[0m[34;1m   6260740[0m[31;1m    164.62[0m[34;1m   1208296[0m[34;1m   1596720[0m[34;1m        36[0m
19:24:28   [34;1m    792832[0m[34;1m   1612644[0m[34;1m    908112[0m[34;1m     23.88[0m[34;1m    109516[0m[34;1m   1868084[0m[34;1m   6260740[0m[31;1m    164.62[0m[34;1m   1208296[0m[34;1m   1597044[0m[34;1m        40[0m
19:24:29   [34;1m    792832[0m[34;1m   1612644[0m[34;1m    908116[0m[34;1m     23.88[0m[34;1m    109516[0m[34;1m   1868084[0m[34;1m   6260740[0m[31;1m    164.62[0m[34;1m   1208296[0m[34;1m   1596860[0m[34;1m        40[0m
19:24:30   [34;1m    791572[0m[34;1m   1611388[0m[34;1m    909276[0m[34;1m     23.91[0m[34;1m    109516[0m[34;1m   1868084[0m[34;1m   6260996[0m[31;1m    164.62[0m[34;1m   1208296[0m[34;1m   1597764[0m[34;1m        40[0m
19:24:31   [34;1m    791320[0m[34;1m   1611172[0m[34;1m    909524[0m[34;1m     23.91[0m[34;1m    109516[0m[34;1m   1868084[0m[34;1m   6260996[0m[31;1m    164.62[0m[34;1m   1208340[0m[34;1m   1597980[0m[34;1m        40[0m
19:24:32   [34;1m    791320[0m[34;1m   1611176[0m[34;1m    909536[0m[34;1m     23.91[0m[34;1m    109516[0m[34;1m   1868088[0m[34;1m   6260996[0m[31;1m    164.62[0m[34;1m   1208340[0m[34;1m   1597648[0m[34;1m        40[0m
19:24:33   [34;1m    791320[0m[34;1m   1611176[0m[34;1m    909536[0m[34;1m     23.91[0m[34;1m    109516[0m[34;1m   1868088[0m[34;1m   6260996[0m[31;1m    164.62[0m[34;1m   1208340[0m[34;1m   1597600[0m[34;1m        40[0m
19:24:34   [34;1m    789052[0m[34;1m   1608912[0m[34;1m    911800[0m[34;1m     23.97[0m[34;1m    109516[0m[34;1m   1868092[0m[34;1m   6269764[0m[31;1m    164.85[0m[34;1m   1208336[0m[34;1m   1598364[0m[34;1m        48[0m
19:24:35   [34;1m    789052[0m[34;1m   1608912[0m[34;1m    911800[0m[34;1m     23.97[0m[34;1m    109520[0m[34;1m   1868088[0m[34;1m   6269764[0m[31;1m    164.85[0m[34;1m   1208340[0m[34;1m   1598424[0m[34;1m        48[0m
19:24:36   [34;1m    787792[0m[34;1m   1607660[0m[34;1m    913048[0m[34;1m     24.01[0m[34;1m    109520[0m[34;1m   1868096[0m[34;1m   6269764[0m[31;1m    164.85[0m[34;1m   1208348[0m[34;1m   1598280[0m[34;22m         0[0m
19:24:37   [34;1m    787792[0m[34;1m   1607660[0m[34;1m    913048[0m[34;1m     24.01[0m[34;1m    109520[0m[34;1m   1868096[0m[34;1m   6269764[0m[31;1m    164.85[0m[34;1m   1208344[0m[34;1m   1598224[0m[34;22m         0[0m
19:24:38   [34;1m    787792[0m[34;1m   1607660[0m[34;1m    913040[0m[34;1m     24.01[0m[34;1m    109520[0m[34;1m   1868096[0m[34;1m   6278920[0m[31;1m    165.10[0m[34;1m   1208344[0m[34;1m   1598864[0m[34;1m         4[0m
19:24:39   [34;1m    787792[0m[34;1m   1607660[0m[34;1m    913040[0m[34;1m     24.01[0m[34;1m    109520[0m[34;1m   1868096[0m[34;1m   6278920[0m[31;1m    165.10[0m[34;1m   1208344[0m[34;1m   1599144[0m[34;1m         4[0m
19:24:40   [34;1m    787568[0m[34;1m   1607440[0m[34;1m    913272[0m[34;1m     24.01[0m[34;1m    109520[0m[34;1m   1868096[0m[34;1m   6278920[0m[31;1m    165.10[0m[34;1m   1208344[0m[34;1m   1599136[0m[34;1m         4[0m
19:24:41   [34;1m    787568[0m[34;1m   1607440[0m[34;1m    913252[0m[34;1m     24.01[0m[34;1m    109548[0m[34;1m   1868068[0m[34;1m   6278920[0m[31;1m    165.10[0m[34;1m   1208344[0m[34;1m   1599168[0m[34;1m         4[0m
19:24:42   [34;1m    787568[0m[34;1m   1607504[0m[34;1m    913196[0m[34;1m     24.01[0m[34;1m    109552[0m[34;1m   1868128[0m[34;1m   6278920[0m[31;1m    165.10[0m[34;1m   1208376[0m[34;1m   1599264[0m[34;22m         0[0m
19:24:43   [34;1m    787568[0m[34;1m   1607508[0m[34;1m    913192[0m[34;1m     24.01[0m[34;1m    109552[0m[34;1m   1868132[0m[34;1m   6278920[0m[31;1m    165.10[0m[34;1m   1208376[0m[34;1m   1599268[0m[34;22m         0[0m
19:24:44   [34;1m    787568[0m[34;1m   1607508[0m[34;1m    913160[0m[34;1m     24.01[0m[34;1m    109552[0m[34;1m   1868132[0m[34;1m   6278920[0m[31;1m    165.10[0m[34;1m   1208380[0m[34;1m   1599216[0m[34;1m         4[0m
19:24:45   [34;1m    787568[0m[34;1m   1607508[0m[34;1m    913164[0m[34;1m     24.01[0m[34;1m    109552[0m[34;1m   1868132[0m[34;1m   6278920[0m[31;1m    165.10[0m[34;1m   1208376[0m[34;1m   1599300[0m[34;1m         4[0m
19:24:46   [34;1m    787568[0m[34;1m   1607508[0m[34;1m    913164[0m[34;1m     24.01[0m[34;1m    109552[0m[34;1m   1868132[0m[34;1m   6278920[0m[31;1m    165.10[0m[34;1m   1208376[0m[34;1m   1599332[0m[34;1m         4[0m
19:24:47   [34;1m    787568[0m[34;1m   1607508[0m[34;1m    913164[0m[34;1m     24.01[0m[34;1m    109560[0m[34;1m   1868124[0m[34;1m   6278920[0m[31;1m    165.10[0m[34;1m   1208376[0m[34;1m   1599336[0m[34;1m         4[0m
19:24:48   [34;1m    787568[0m[34;1m   1607520[0m[34;1m    913152[0m[34;1m     24.01[0m[34;1m    109560[0m[34;1m   1868136[0m[34;1m   6278920[0m[31;1m    165.10[0m[34;1m   1208384[0m[34;1m   1599648[0m[34;22m         0[0m
19:24:49   [34;1m    787316[0m[34;1m   1607268[0m[34;1m    913404[0m[34;1m     24.02[0m[34;1m    109560[0m[34;1m   1868136[0m[34;1m   6278920[0m[31;1m    165.10[0m[34;1m   1208384[0m[34;1m   1599648[0m[34;22m         0[0m
19:24:50   [34;1m    787092[0m[34;1m   1607048[0m[34;1m    913620[0m[34;1m     24.02[0m[34;1m    109560[0m[34;1m   1868140[0m[34;1m   6278920[0m[31;1m    165.10[0m[34;1m   1208384[0m[34;1m   1600220[0m[34;1m         8[0m
19:24:51   [34;1m    787092[0m[34;1m   1607048[0m[34;1m    913600[0m[34;1m     24.02[0m[34;1m    109560[0m[34;1m   1868140[0m[34;1m   6278920[0m[31;1m    165.10[0m[34;1m   1208384[0m[34;1m   1600248[0m[34;1m         8[0m
19:24:52   [34;1m    787092[0m[34;1m   1607056[0m[34;1m    913600[0m[34;1m     24.02[0m[34;1m    109564[0m[34;1m   1868144[0m[34;1m   6278920[0m[31;1m    165.10[0m[34;1m   1208388[0m[34;1m   1600364[0m[34;1m        20[0m
19:24:53   [34;1m    787092[0m[34;1m   1607056[0m[34;1m    913600[0m[34;1m     24.02[0m[34;1m    109564[0m[34;1m   1868144[0m[34;1m   6278920[0m[31;1m    165.10[0m[34;1m   1208388[0m[34;1m   1601724[0m[34;1m        20[0m
19:24:54   [34;1m    786084[0m[34;1m   1606048[0m[34;1m    914616[0m[34;1m     24.05[0m[34;1m    109564[0m[34;1m   1868144[0m[34;1m   6278920[0m[31;1m    165.10[0m[34;1m   1208388[0m[34;1m   1603180[0m[34;22m         0[0m
19:24:55   [34;1m    786084[0m[34;1m   1606048[0m[34;1m    914608[0m[34;1m     24.05[0m[34;1m    109568[0m[34;1m   1868140[0m[34;1m   6278920[0m[31;1m    165.10[0m[34;1m   1208388[0m[34;1m   1603200[0m[34;22m         0[0m
19:24:56   [34;1m    786084[0m[34;1m   1606084[0m[34;1m    914564[0m[34;1m     24.05[0m[34;1m    109584[0m[34;1m   1868164[0m[34;1m   6278920[0m[31;1m    165.10[0m[34;1m   1208404[0m[34;1m   1603520[0m[34;1m        32[0m
19:24:57   [34;1m    785580[0m[34;1m   1605600[0m[34;1m    915052[0m[34;1m     24.06[0m[34;1m    109584[0m[34;1m   1868180[0m[34;1m   6278920[0m[31;1m    165.10[0m[34;1m   1208408[0m[34;1m   1603948[0m[34;1m        44[0m
19:24:58   [34;1m    785580[0m[34;1m   1605604[0m[34;1m    915048[0m[34;1m     24.06[0m[34;1m    109584[0m[34;1m   1868184[0m[34;1m   6278920[0m[31;1m    165.10[0m[34;1m   1208408[0m[34;1m   1603616[0m[34;1m        44[0m
19:24:59   [34;1m    784824[0m[34;1m   1604848[0m[34;1m    915804[0m[34;1m     24.08[0m[34;1m    109584[0m[34;1m   1868184[0m[34;1m   6278920[0m[31;1m    165.10[0m[34;1m   1208408[0m[34;1m   1603468[0m[34;1m        44[0m
19:25:00   [34;1m    784824[0m[34;1m   1604848[0m[34;1m    915800[0m[34;1m     24.08[0m[34;1m    109584[0m[34;1m   1868184[0m[34;1m   6278920[0m[31;1m    165.10[0m[34;1m   1208408[0m[34;1m   1603740[0m[34;1m        44[0m
19:25:01   [34;1m    784824[0m[34;1m   1604848[0m[34;1m    915808[0m[34;1m     24.08[0m[34;1m    109584[0m[34;1m   1868184[0m[34;1m   6278920[0m[31;1m    165.10[0m[34;1m   1208408[0m[34;1m   1603760[0m[34;22m         0[0m
19:25:02   [34;1m    784824[0m[34;1m   1604856[0m[34;1m    915800[0m[34;1m     24.08[0m[34;1m    109588[0m[34;1m   1868188[0m[34;1m   6278920[0m[31;1m    165.10[0m[34;1m   1208412[0m[34;1m   1603556[0m[34;1m        32[0m
19:25:03   [34;1m    784824[0m[34;1m   1604856[0m[34;1m    915800[0m[34;1m     24.08[0m[34;1m    109588[0m[34;1m   1868188[0m[34;1m   6278920[0m[31;1m    165.10[0m[34;1m   1208412[0m[34;1m   1602968[0m[34;1m        32[0m
19:25:04   [34;1m    784320[0m[34;1m   1604352[0m[34;1m    916300[0m[34;1m     24.09[0m[34;1m    109588[0m[34;1m   1868188[0m[34;1m   6278920[0m[31;1m    165.10[0m[34;1m   1208420[0m[34;1m   1602536[0m[34;1m        32[0m
19:25:05   [34;1m    784320[0m[34;1m   1604352[0m[34;1m    916296[0m[34;1m     24.09[0m[34;1m    109588[0m[34;1m   1868188[0m[34;1m   6278920[0m[31;1m    165.10[0m[34;1m   1208412[0m[34;1m   1602456[0m[34;1m        32[0m
19:25:06   [34;1m    784320[0m[34;1m   1604352[0m[34;1m    916292[0m[34;1m     24.09[0m[34;1m    109588[0m[34;1m   1868188[0m[34;1m   6278920[0m[31;1m    165.10[0m[34;1m   1208412[0m[34;1m   1602224[0m[34;1m        32[0m
19:25:07   [34;1m    784320[0m[34;1m   1604352[0m[34;1m    916304[0m[34;1m     24.09[0m[34;1m    109588[0m[34;1m   1868188[0m[34;1m   6278920[0m[31;1m    165.10[0m[34;1m   1208412[0m[34;1m   1602224[0m[34;1m        32[0m
19:25:08   [34;1m    784320[0m[34;1m   1604356[0m[34;1m    916300[0m[34;1m     24.09[0m[34;1m    109588[0m[34;1m   1868192[0m[34;1m   6278920[0m[31;1m    165.10[0m[34;1m   1208412[0m[34;1m   1602320[0m[34;1m        32[0m
19:25:09   [34;1m    784320[0m[34;1m   1604356[0m[34;1m    916300[0m[34;1m     24.09[0m[34;1m    109588[0m[34;1m   1868192[0m[34;1m   6278920[0m[31;1m    165.10[0m[34;1m   1208412[0m[34;1m   1602420[0m[34;1m        32[0m
19:25:10   [34;1m    784320[0m[34;1m   1604360[0m[34;1m    916272[0m[34;1m     24.09[0m[34;1m    109588[0m[34;1m   1868196[0m[34;1m   6278920[0m[31;1m    165.10[0m[34;1m   1208412[0m[34;1m   1602664[0m[34;1m        36[0m
19:25:11   [34;1m    784320[0m[34;1m   1604352[0m[34;1m    916292[0m[34;1m     24.09[0m[34;1m    109596[0m[34;1m   1868188[0m[34;1m   6278920[0m[31;1m    165.10[0m[34;1m   1208412[0m[34;1m   1602712[0m[34;1m        36[0m
19:25:12   [34;1m    784320[0m[34;1m   1604396[0m[34;1m    916252[0m[34;1m     24.09[0m[34;1m    109604[0m[34;1m   1868232[0m[34;1m   6278920[0m[31;1m    165.10[0m[34;1m   1208420[0m[34;1m   1602816[0m[34;1m        36[0m
19:25:13   [34;1m    784320[0m[34;1m   1604400[0m[34;1m    916248[0m[34;1m     24.09[0m[34;1m    109604[0m[34;1m   1868236[0m[34;1m   6278920[0m[31;1m    165.10[0m[34;1m   1208420[0m[34;1m   1602820[0m[34;1m        40[0m
19:25:14   [34;1m    784320[0m[34;1m   1604408[0m[34;1m    916248[0m[34;1m     24.09[0m[34;1m    109604[0m[34;1m   1868236[0m[34;1m   6278920[0m[31;1m    165.10[0m[34;1m   1208428[0m[34;1m   1602824[0m[34;1m        44[0m
19:25:15   [34;1m    784320[0m[34;1m   1604408[0m[34;1m    916248[0m[34;1m     24.09[0m[34;1m    109604[0m[34;1m   1868236[0m[34;1m   6278984[0m[31;1m    165.10[0m[34;1m   1208428[0m[34;1m   1602820[0m[34;1m        44[0m
19:25:16   [34;1m    784320[0m[34;1m   1604408[0m[34;1m    916248[0m[34;1m     24.09[0m[34;1m    109604[0m[34;1m   1868236[0m[34;1m   6278984[0m[31;1m    165.10[0m[34;1m   1208428[0m[34;1m   1603136[0m[34;22m         0[0m
19:25:17   [34;1m    784320[0m[34;1m   1604408[0m[34;1m    916244[0m[34;1m     24.09[0m[34;1m    109608[0m[34;1m   1868232[0m[34;1m   6278984[0m[31;1m    165.10[0m[34;1m   1208428[0m[34;1m   1603276[0m[34;22m         0[0m
19:25:18   [34;1m    784320[0m[34;1m   1604416[0m[34;1m    916252[0m[34;1m     24.09[0m[34;1m    109608[0m[34;1m   1868240[0m[34;1m   6278984[0m[31;1m    165.10[0m[34;1m   1208432[0m[34;1m   1603464[0m[34;1m        32[0m
19:25:19   [34;1m    782568[0m[34;1m   1602664[0m[34;1m    918004[0m[34;1m     24.14[0m[34;1m    109608[0m[34;1m   1868240[0m[34;1m   6278984[0m[31;1m    165.10[0m[34;1m   1208432[0m[34;1m   1603824[0m[34;1m        32[0m
19:25:20   [34;1m    782316[0m[34;1m   1602412[0m[34;1m    918240[0m[34;1m     24.14[0m[34;1m    109608[0m[34;1m   1868240[0m[34;1m   6278984[0m[31;1m    165.10[0m[34;1m   1208432[0m[34;1m   1604432[0m[34;1m        32[0m
19:25:21   [34;1m    782316[0m[34;1m   1602412[0m[34;1m    918220[0m[34;1m     24.14[0m[34;1m    109608[0m[34;1m   1868240[0m[34;1m   6278984[0m[31;1m    165.10[0m[34;1m   1208432[0m[34;1m   1604536[0m[34;1m        32[0m
19:25:22   [34;1m    782316[0m[34;1m   1602428[0m[34;1m    918228[0m[34;1m     24.14[0m[34;1m    109620[0m[34;1m   1868244[0m[34;1m   6278984[0m[31;1m    165.10[0m[34;1m   1208444[0m[34;1m   1604588[0m[34;1m        44[0m
19:25:23   [34;1m    782316[0m[34;1m   1602428[0m[34;1m    918228[0m[34;1m     24.14[0m[34;1m    109620[0m[34;1m   1868244[0m[34;1m   6278984[0m[31;1m    165.10[0m[34;1m   1208444[0m[34;1m   1604604[0m[34;1m        12[0m
19:25:24   [34;1m    779292[0m[34;1m   1599404[0m[34;1m    921252[0m[34;1m     24.22[0m[34;1m    109620[0m[34;1m   1868244[0m[34;1m   6278984[0m[31;1m    165.10[0m[34;1m   1208436[0m[34;1m   1604656[0m[34;1m        16[0m
19:25:25   [34;1m    779292[0m[34;1m   1599404[0m[34;1m    921252[0m[34;1m     24.22[0m[34;1m    109620[0m[34;1m   1868244[0m[34;1m   6278984[0m[31;1m    165.10[0m[34;1m   1208444[0m[34;1m   1603928[0m[34;1m        16[0m
19:25:26   [34;1m    779292[0m[34;1m   1599436[0m[34;1m    921220[0m[34;1m     24.22[0m[34;1m    109632[0m[34;1m   1868264[0m[34;1m   6278984[0m[31;1m    165.10[0m[34;1m   1208456[0m[34;1m   1604060[0m[34;1m        28[0m
19:25:27   [34;1m    779292[0m[34;1m   1599452[0m[34;1m    921200[0m[34;1m     24.22[0m[34;1m    109632[0m[34;1m   1868276[0m[34;1m   6278984[0m[31;1m    165.10[0m[34;1m   1208456[0m[34;1m   1603984[0m[34;22m         0[0m
19:25:28   [34;1m    779292[0m[34;1m   1599452[0m[34;1m    921200[0m[34;1m     24.22[0m[34;1m    109632[0m[34;1m   1868276[0m[34;1m   6279560[0m[31;1m    165.11[0m[34;1m   1208456[0m[34;1m   1604508[0m[34;22m         0[0m
19:25:29   [34;1m    777528[0m[34;1m   1597692[0m[34;1m    922964[0m[34;1m     24.27[0m[34;1m    109632[0m[34;1m   1868280[0m[34;1m   6290632[0m[31;1m    165.40[0m[34;1m   1208456[0m[34;1m   1607160[0m[34;1m        32[0m
19:25:30   [34;1m    776772[0m[34;1m   1596936[0m[34;1m    923720[0m[34;1m     24.29[0m[34;1m    109632[0m[34;1m   1868280[0m[34;1m   6300044[0m[31;1m    165.65[0m[34;1m   1208456[0m[34;1m   1608180[0m[34;1m        32[0m
19:25:31   [34;1m    776044[0m[34;1m   1596212[0m[34;1m    924432[0m[34;1m     24.31[0m[34;1m    109632[0m[34;1m   1868284[0m[34;1m   6300044[0m[31;1m    165.65[0m[34;1m   1208456[0m[34;1m   1609252[0m[34;1m        36[0m
19:25:32   [34;1m    776044[0m[34;1m   1596212[0m[34;1m    924436[0m[34;1m     24.31[0m[34;1m    109636[0m[34;1m   1868280[0m[34;1m   6300044[0m[31;1m    165.65[0m[34;1m   1208456[0m[34;1m   1608852[0m[34;1m        36[0m
19:25:33   [34;1m    776044[0m[34;1m   1596220[0m[34;1m    924428[0m[34;1m     24.31[0m[34;1m    109636[0m[34;1m   1868288[0m[34;1m   6300044[0m[31;1m    165.65[0m[34;1m   1208460[0m[34;1m   1607924[0m[34;1m        36[0m
19:25:34   [34;1m    776044[0m[34;1m   1596220[0m[34;1m    924428[0m[34;1m     24.31[0m[34;1m    109636[0m[34;1m   1868288[0m[34;1m   6300620[0m[31;1m    165.67[0m[34;1m   1208460[0m[34;1m   1602692[0m[34;1m        36[0m
19:25:35   [34;1m    776044[0m[34;1m   1596220[0m[34;1m    924436[0m[34;1m     24.31[0m[34;1m    109636[0m[34;1m   1868288[0m[34;1m   6300940[0m[31;1m    165.67[0m[34;1m   1208460[0m[34;1m   1601316[0m[34;1m         4[0m
19:25:36   [34;1m    776044[0m[34;1m   1596220[0m[34;1m    924436[0m[34;1m     24.31[0m[34;1m    109636[0m[34;1m   1868288[0m[34;1m   6300940[0m[31;1m    165.67[0m[34;1m   1208460[0m[34;1m   1601216[0m[34;1m         4[0m
19:25:37   [34;1m    776044[0m[34;1m   1596224[0m[34;1m    924428[0m[34;1m     24.31[0m[34;1m    109636[0m[34;1m   1868292[0m[34;1m   6300940[0m[31;1m    165.67[0m[34;1m   1208460[0m[34;1m   1601160[0m[34;1m        28[0m
19:25:38   [34;1m    776044[0m[34;1m   1596224[0m[34;1m    924432[0m[34;1m     24.31[0m[34;1m    109636[0m[34;1m   1868292[0m[34;1m   6300940[0m[31;1m    165.67[0m[34;1m   1208460[0m[34;1m   1601160[0m[34;1m        28[0m
19:25:39   [34;1m    776044[0m[34;1m   1596224[0m[34;1m    924440[0m[34;1m     24.31[0m[34;1m    109636[0m[34;1m   1868292[0m[34;1m   6300940[0m[31;1m    165.67[0m[34;1m   1208452[0m[34;1m   1600096[0m[34;1m        28[0m
19:25:40   [34;1m    776044[0m[34;1m   1596224[0m[34;1m    924444[0m[34;1m     24.31[0m[34;1m    109636[0m[34;1m   1868292[0m[34;1m   6300940[0m[31;1m    165.67[0m[34;1m   1208460[0m[34;1m   1598988[0m[34;1m        28[0m
19:25:41   [34;1m    776044[0m[34;1m   1596252[0m[34;1m    924388[0m[34;1m     24.31[0m[34;1m    109648[0m[34;1m   1868308[0m[34;1m   6300940[0m[31;1m    165.67[0m[34;1m   1208472[0m[34;1m   1600204[0m[34;1m        28[0m
19:25:42   [34;1m    776044[0m[34;1m   1596264[0m[34;1m    924392[0m[34;1m     24.31[0m[34;1m    109648[0m[34;1m   1868324[0m[34;1m   6300940[0m[31;1m    165.67[0m[34;1m   1208472[0m[34;1m   1600236[0m[34;1m        32[0m
19:25:43   [34;1m    776044[0m[34;1m   1596280[0m[34;1m    924368[0m[34;1m     24.30[0m[34;1m    109656[0m[34;1m   1868332[0m[34;1m   6300940[0m[31;1m    165.67[0m[34;1m   1208480[0m[34;1m   1600252[0m[34;1m        32[0m
19:25:44   [34;1m    776044[0m[34;1m   1596280[0m[34;1m    924368[0m[34;1m     24.30[0m[34;1m    109656[0m[34;1m   1868332[0m[34;1m   6300940[0m[31;1m    165.67[0m[34;1m   1208480[0m[34;1m   1600352[0m[34;1m        32[0m
19:25:45   [34;1m    776044[0m[34;1m   1596284[0m[34;1m    924376[0m[34;1m     24.31[0m[34;1m    109656[0m[34;1m   1868332[0m[34;1m   6300940[0m[31;1m    165.67[0m[34;1m   1208480[0m[34;1m   1600388[0m[34;1m        32[0m
19:25:46   [34;1m    776044[0m[34;1m   1596284[0m[34;1m    924376[0m[34;1m     24.31[0m[34;1m    109656[0m[34;1m   1868332[0m[34;1m   6300940[0m[31;1m    165.67[0m[34;1m   1208480[0m[34;1m   1600404[0m[34;1m        32[0m
19:25:47   [34;1m    775820[0m[34;1m   1596060[0m[34;1m    924588[0m[34;1m     24.31[0m[34;1m    109656[0m[34;1m   1868332[0m[34;1m   6300940[0m[31;1m    165.67[0m[34;1m   1208480[0m[34;1m   1600404[0m[34;1m         4[0m
19:25:48   [34;1m    775820[0m[34;1m   1596060[0m[34;1m    924588[0m[34;1m     24.31[0m[34;1m    109656[0m[34;1m   1868332[0m[34;1m   6300940[0m[31;1m    165.67[0m[34;1m   1208480[0m[34;1m   1600432[0m[34;1m         4[0m
19:25:49   [34;1m    775568[0m[34;1m   1595820[0m[34;1m    924840[0m[34;1m     24.32[0m[34;1m    109664[0m[34;1m   1868336[0m[34;1m   6300940[0m[31;1m    165.67[0m[34;1m   1208480[0m[34;1m   1600468[0m[34;1m        32[0m
19:25:50   [34;1m    775568[0m[34;1m   1595820[0m[34;1m    924840[0m[34;1m     24.32[0m[34;1m    109664[0m[34;1m   1868336[0m[34;1m   6300940[0m[31;1m    165.67[0m[34;1m   1208488[0m[34;1m   1600476[0m[34;1m        32[0m
19:25:51   [34;1m    775316[0m[34;1m   1595568[0m[34;1m    925084[0m[34;1m     24.32[0m[34;1m    109664[0m[34;1m   1868336[0m[34;1m   6300940[0m[31;1m    165.67[0m[34;1m   1208488[0m[34;1m   1601136[0m[34;1m        32[0m
19:25:52   [34;1m    775316[0m[34;1m   1595568[0m[34;1m    925076[0m[34;1m     24.32[0m[34;1m    109664[0m[34;1m   1868336[0m[34;1m   6300940[0m[31;1m    165.67[0m[34;1m   1208488[0m[34;1m   1601220[0m[34;22m         0[0m
19:25:53   [34;1m    775316[0m[34;1m   1595568[0m[34;1m    925080[0m[34;1m     24.32[0m[34;1m    109668[0m[34;1m   1868332[0m[34;1m   6300940[0m[31;1m    165.67[0m[34;1m   1208488[0m[34;1m   1601224[0m[34;22m         0[0m
19:25:54   [34;1m    774560[0m[34;1m   1594824[0m[34;1m    925828[0m[34;1m     24.34[0m[34;1m    109668[0m[34;1m   1868344[0m[34;1m   6300940[0m[31;1m    165.67[0m[34;1m   1208488[0m[34;1m   1601364[0m[34;1m        20[0m
19:25:55   [34;1m    774560[0m[34;1m   1594824[0m[34;1m    925828[0m[34;1m     24.34[0m[34;1m    109668[0m[34;1m   1868344[0m[34;1m   6300940[0m[31;1m    165.67[0m[34;1m   1208492[0m[34;1m   1601272[0m[34;1m        20[0m
19:25:56   [34;1m    774560[0m[34;1m   1594856[0m[34;1m    925800[0m[34;1m     24.34[0m[34;1m    109684[0m[34;1m   1868360[0m[34;1m   6300940[0m[31;1m    165.67[0m[34;1m   1208508[0m[34;1m   1601292[0m[34;1m        28[0m
19:25:57   [34;1m    774560[0m[34;1m   1594876[0m[34;1m    925780[0m[34;1m     24.34[0m[34;1m    109688[0m[34;1m   1868376[0m[34;1m   6300940[0m[31;1m    165.67[0m[34;1m   1208512[0m[34;1m   1601388[0m[34;1m        32[0m
19:25:58   [34;1m    774560[0m[34;1m   1594876[0m[34;1m    925788[0m[34;1m     24.34[0m[34;1m    109688[0m[34;1m   1868376[0m[34;1m   6300940[0m[31;1m    165.67[0m[34;1m   1208512[0m[34;1m   1601092[0m[34;22m         0[0m
19:25:59   [34;1m    774560[0m[34;1m   1594876[0m[34;1m    925788[0m[34;1m     24.34[0m[34;1m    109688[0m[34;1m   1868376[0m[34;1m   6300940[0m[31;1m    165.67[0m[34;1m   1208512[0m[34;1m   1600528[0m[34;22m         0[0m
19:26:00   [34;1m    774560[0m[34;1m   1594880[0m[34;1m    925780[0m[34;1m     24.34[0m[34;1m    109688[0m[34;1m   1868380[0m[34;1m   6300940[0m[31;1m    165.67[0m[34;1m   1208512[0m[34;1m   1600496[0m[34;1m        36[0m
19:26:01   [34;1m    774560[0m[34;1m   1594880[0m[34;1m    925780[0m[34;1m     24.34[0m[34;1m    109688[0m[34;1m   1868380[0m[34;1m   6300940[0m[31;1m    165.67[0m[34;1m   1208512[0m[34;1m   1601496[0m[34;1m        36[0m
19:26:02   [34;1m    774560[0m[34;1m   1594880[0m[34;1m    925740[0m[34;1m     24.34[0m[34;1m    109688[0m[34;1m   1868380[0m[34;1m   6300940[0m[31;1m    165.67[0m[34;1m   1208512[0m[34;1m   1601156[0m[34;1m        36[0m
19:26:03   [34;1m    774560[0m[34;1m   1594880[0m[34;1m    925740[0m[34;1m     24.34[0m[34;1m    109692[0m[34;1m   1868376[0m[34;1m   6300940[0m[31;1m    165.67[0m[34;1m   1208512[0m[34;1m   1601152[0m[34;1m        36[0m
19:26:04   [34;1m    772292[0m[34;1m   1592620[0m[34;1m    927996[0m[34;1m     24.40[0m[34;1m    109692[0m[34;1m   1868384[0m[34;1m   6300940[0m[31;1m    165.67[0m[34;1m   1208504[0m[34;1m   1601148[0m[34;1m        36[0m
19:26:05   [34;1m    771788[0m[34;1m   1592116[0m[34;1m    928516[0m[34;1m     24.41[0m[34;1m    109692[0m[34;1m   1868384[0m[34;1m   6300940[0m[31;1m    165.67[0m[34;1m   1208516[0m[34;1m   1601628[0m[34;22m         0[0m
19:26:06   [34;1m    771788[0m[34;1m   1592116[0m[34;1m    928516[0m[34;1m     24.41[0m[34;1m    109692[0m[34;1m   1868384[0m[34;1m   6300940[0m[31;1m    165.67[0m[34;1m   1208516[0m[34;1m   1601388[0m[34;1m         4[0m
19:26:07   [34;1m    771788[0m[34;1m   1592116[0m[34;1m    928512[0m[34;1m     24.41[0m[34;1m    109692[0m[34;1m   1868384[0m[34;1m   6300940[0m[31;1m    165.67[0m[34;1m   1208516[0m[34;1m   1600716[0m[34;1m         4[0m
19:26:08   [34;1m    771788[0m[34;1m   1592116[0m[34;1m    928520[0m[34;1m     24.41[0m[34;1m    109692[0m[34;1m   1868384[0m[34;1m   6305036[0m[31;1m    165.78[0m[34;1m   1208516[0m[34;1m   1601028[0m[34;1m         4[0m
19:26:09   [34;1m    771032[0m[34;1m   1591360[0m[34;1m    929276[0m[34;1m     24.43[0m[34;1m    109692[0m[34;1m   1868384[0m[34;1m   6305100[0m[31;1m    165.78[0m[34;1m   1208516[0m[34;1m   1601128[0m[34;1m         4[0m
19:26:10   [34;1m    771032[0m[34;1m   1591364[0m[34;1m    929272[0m[34;1m     24.43[0m[34;1m    109692[0m[34;1m   1868388[0m[34;1m   6305100[0m[31;1m    165.78[0m[34;1m   1208516[0m[34;1m   1601112[0m[34;22m         0[0m
19:26:11   [34;1m    770528[0m[34;1m   1590860[0m[34;1m    929780[0m[34;1m     24.45[0m[34;1m    109704[0m[34;1m   1868376[0m[34;1m   6305100[0m[31;1m    165.78[0m[34;1m   1208516[0m[34;1m   1602012[0m[34;22m         0[0m
19:26:12   [34;1m    770528[0m[34;1m   1590908[0m[34;1m    929724[0m[34;1m     24.45[0m[34;1m    109704[0m[34;1m   1868424[0m[34;1m   6305100[0m[31;1m    165.78[0m[34;1m   1208528[0m[34;1m   1602164[0m[34;1m        32[0m
19:26:13   [34;1m    770528[0m[34;1m   1590908[0m[34;1m    929724[0m[34;1m     24.45[0m[34;1m    109704[0m[34;1m   1868424[0m[34;1m   6305100[0m[31;1m    165.78[0m[34;1m   1208528[0m[34;1m   1601864[0m[34;1m        32[0m
19:26:14   [34;1m    768008[0m[34;1m   1588396[0m[34;1m    932244[0m[34;1m     24.51[0m[34;1m    109704[0m[34;1m   1868432[0m[34;1m   6305100[0m[31;1m    165.78[0m[34;1m   1208524[0m[34;1m   1601700[0m[34;1m        36[0m
19:26:15   [34;1m    768008[0m[34;1m   1588396[0m[34;1m    932244[0m[34;1m     24.51[0m[34;1m    109704[0m[34;1m   1868432[0m[34;1m   6305100[0m[31;1m    165.78[0m[34;1m   1208528[0m[34;1m   1601736[0m[34;1m        36[0m
19:26:16   [34;1m    768008[0m[34;1m   1588396[0m[34;1m    932248[0m[34;1m     24.51[0m[34;1m    109704[0m[34;1m   1868432[0m[34;1m   6305100[0m[31;1m    165.78[0m[34;1m   1208528[0m[34;1m   1601756[0m[34;22m         0[0m
19:26:17   [34;1m    768008[0m[34;1m   1588396[0m[34;1m    932248[0m[34;1m     24.51[0m[34;1m    109704[0m[34;1m   1868432[0m[34;1m   6305100[0m[31;1m    165.78[0m[34;1m   1208528[0m[34;1m   1601756[0m[34;22m         0[0m
19:26:18   [34;1m    768008[0m[34;1m   1588396[0m[34;1m    932252[0m[34;1m     24.51[0m[34;1m    109704[0m[34;1m   1868432[0m[34;1m   6305100[0m[31;1m    165.78[0m[34;1m   1208528[0m[34;1m   1601996[0m[34;1m         4[0m
19:26:19   [34;1m    767000[0m[34;1m   1587388[0m[34;1m    933260[0m[34;1m     24.54[0m[34;1m    109708[0m[34;1m   1868428[0m[34;1m   6305100[0m[31;1m    165.78[0m[34;1m   1208528[0m[34;1m   1601996[0m[34;1m         4[0m
19:26:20   [34;1m    767000[0m[34;1m   1587396[0m[34;1m    933252[0m[34;1m     24.54[0m[34;1m    109708[0m[34;1m   1868436[0m[34;1m   6305100[0m[31;1m    165.78[0m[34;1m   1208532[0m[34;1m   1602040[0m[34;1m        36[0m
19:26:21   [34;1m    766524[0m[34;1m   1586920[0m[34;1m    933728[0m[34;1m     24.55[0m[34;1m    109708[0m[34;1m   1868436[0m[34;1m   6305100[0m[31;1m    165.78[0m[34;1m   1208532[0m[34;1m   1602540[0m[34;1m        36[0m
19:26:22   [34;1m    766524[0m[34;1m   1586920[0m[34;1m    933728[0m[34;1m     24.55[0m[34;1m    109708[0m[34;1m   1868436[0m[34;1m   6305100[0m[31;1m    165.78[0m[34;1m   1208532[0m[34;1m   1602628[0m[34;1m        36[0m
19:26:23   [34;1m    766524[0m[34;1m   1586920[0m[34;1m    933728[0m[34;1m     24.55[0m[34;1m    109708[0m[34;1m   1868436[0m[34;1m   6305100[0m[31;1m    165.78[0m[34;1m   1208532[0m[34;1m   1602644[0m[34;22m         0[0m
19:26:24   [34;1m    765012[0m[34;1m   1585412[0m[34;1m    935232[0m[34;1m     24.59[0m[34;1m    109708[0m[34;1m   1868440[0m[34;1m   6305100[0m[31;1m    165.78[0m[34;1m   1208528[0m[34;1m   1602692[0m[34;1m        16[0m
19:26:25   [34;1m    765012[0m[34;1m   1585412[0m[34;1m    935228[0m[34;1m     24.59[0m[34;1m    109708[0m[34;1m   1868440[0m[34;1m   6305100[0m[31;1m    165.78[0m[34;1m   1208532[0m[34;1m   1602432[0m[34;1m        16[0m
19:26:26   [34;1m    764760[0m[34;1m   1585160[0m[34;1m    935488[0m[34;1m     24.60[0m[34;1m    109708[0m[34;1m   1868440[0m[34;1m   6305100[0m[31;1m    165.78[0m[34;1m   1208532[0m[34;1m   1602432[0m[34;1m        16[0m
19:26:27   [34;1m    764760[0m[34;1m   1585188[0m[34;1m    935460[0m[34;1m     24.60[0m[34;1m    109708[0m[34;1m   1868468[0m[34;1m   6305356[0m[31;1m    165.79[0m[34;1m   1208532[0m[34;1m   1602380[0m[34;1m        28[0m
19:26:28   [34;1m    764760[0m[34;1m   1585192[0m[34;1m    935456[0m[34;1m     24.60[0m[34;1m    109708[0m[34;1m   1868472[0m[34;1m   6305356[0m[31;1m    165.79[0m[34;1m   1208532[0m[34;1m   1602116[0m[34;1m        28[0m
19:26:29   [34;1m    764760[0m[34;1m   1585192[0m[34;1m    935456[0m[34;1m     24.60[0m[34;1m    109708[0m[34;1m   1868472[0m[34;1m   6305356[0m[31;1m    165.79[0m[34;1m   1208532[0m[34;1m   1601728[0m[34;1m         4[0m
19:26:30   [34;1m    764760[0m[34;1m   1585192[0m[34;1m    935456[0m[34;1m     24.60[0m[34;1m    109708[0m[34;1m   1868472[0m[34;1m   6305356[0m[31;1m    165.79[0m[34;1m   1208532[0m[34;1m   1601728[0m[34;1m         4[0m
19:26:31   [34;1m    764760[0m[34;1m   1585192[0m[34;1m    935456[0m[34;1m     24.60[0m[34;1m    109712[0m[34;1m   1868468[0m[34;1m   6305356[0m[31;1m    165.79[0m[34;1m   1208532[0m[34;1m   1602328[0m[34;1m         4[0m
19:26:32   [34;1m    764760[0m[34;1m   1585200[0m[34;1m    935436[0m[34;1m     24.60[0m[34;1m    109712[0m[34;1m   1868476[0m[34;1m   6305356[0m[31;1m    165.79[0m[34;1m   1208536[0m[34;1m   1602428[0m[34;1m        32[0m
19:26:33   [34;1m    764760[0m[34;1m   1585200[0m[34;1m    935440[0m[34;1m     24.60[0m[34;1m    109720[0m[34;1m   1868468[0m[34;1m   6305356[0m[31;1m    165.79[0m[34;1m   1208536[0m[34;1m   1602448[0m[34;1m        32[0m
19:26:34   [34;1m    764760[0m[34;1m   1585212[0m[34;1m    935424[0m[34;1m     24.60[0m[34;1m    109720[0m[34;1m   1868480[0m[34;1m   6305932[0m[31;1m    165.81[0m[34;1m   1208548[0m[34;1m   1602928[0m[34;22m         0[0m
19:26:35   [34;1m    764760[0m[34;1m   1585212[0m[34;1m    935420[0m[34;1m     24.60[0m[34;1m    109720[0m[34;1m   1868484[0m[34;1m   6305932[0m[31;1m    165.81[0m[34;1m   1208544[0m[34;1m   1603036[0m[34;1m         8[0m
19:26:36   [34;1m    764760[0m[34;1m   1585212[0m[34;1m    935420[0m[34;1m     24.60[0m[34;1m    109720[0m[34;1m   1868484[0m[34;1m   6305932[0m[31;1m    165.81[0m[34;1m   1208544[0m[34;1m   1602880[0m[34;1m         8[0m
19:26:37   [34;1m    764760[0m[34;1m   1585216[0m[34;1m    935408[0m[34;1m     24.60[0m[34;1m    109720[0m[34;1m   1868484[0m[34;1m   6305932[0m[31;1m    165.81[0m[34;1m   1208544[0m[34;1m   1602308[0m[34;1m         8[0m
19:26:38   [34;1m    764760[0m[34;1m   1585216[0m[34;1m    935408[0m[34;1m     24.60[0m[34;1m    109720[0m[34;1m   1868484[0m[34;1m   6306508[0m[31;1m    165.82[0m[34;1m   1208544[0m[34;1m   1602724[0m[34;1m         8[0m
19:26:39   [34;1m    764760[0m[34;1m   1585224[0m[34;1m    935400[0m[34;1m     24.60[0m[34;1m    109728[0m[34;1m   1868484[0m[34;1m   6306508[0m[31;1m    165.82[0m[34;1m   1208548[0m[34;1m   1601616[0m[34;1m        20[0m
19:26:40   [34;1m    764760[0m[34;1m   1585228[0m[34;1m    935396[0m[34;1m     24.59[0m[34;1m    109728[0m[34;1m   1868488[0m[34;1m   6306508[0m[31;1m    165.82[0m[34;1m   1208552[0m[34;1m   1601684[0m[34;1m        20[0m
19:26:41   [34;1m    764760[0m[34;1m   1585256[0m[34;1m    935368[0m[34;1m     24.59[0m[34;1m    109740[0m[34;1m   1868500[0m[34;1m   6306508[0m[31;1m    165.82[0m[34;1m   1208564[0m[34;1m   1602264[0m[34;1m        36[0m
19:26:42   [34;1m    764760[0m[34;1m   1585268[0m[34;1m    935352[0m[34;1m     24.59[0m[34;1m    109744[0m[34;1m   1868508[0m[34;1m   6310604[0m[31;1m    165.93[0m[34;1m   1208568[0m[34;1m   1602584[0m[34;1m        44[0m
19:26:43   [34;1m    764760[0m[34;1m   1585268[0m[34;1m    935356[0m[34;1m     24.59[0m[34;1m    109748[0m[34;1m   1868504[0m[34;1m   6310604[0m[31;1m    165.93[0m[34;1m   1208568[0m[34;1m   1601620[0m[34;1m        44[0m
19:26:44   [34;1m    764760[0m[34;1m   1585276[0m[34;1m    935352[0m[34;1m     24.59[0m[34;1m    109748[0m[34;1m   1868512[0m[34;1m   6310604[0m[31;1m    165.93[0m[34;1m   1208572[0m[34;1m   1601424[0m[34;1m        44[0m
19:26:45   [34;1m    764760[0m[34;1m   1585276[0m[34;1m    935352[0m[34;1m     24.59[0m[34;1m    109748[0m[34;1m   1868512[0m[34;1m   6310604[0m[31;1m    165.93[0m[34;1m   1208572[0m[34;1m   1601364[0m[34;1m        44[0m
19:26:46   [34;1m    764760[0m[34;1m   1585276[0m[34;1m    935348[0m[34;1m     24.59[0m[34;1m    109748[0m[34;1m   1868512[0m[34;1m   6310604[0m[31;1m    165.93[0m[34;1m   1208572[0m[34;1m   1601376[0m[34;22m         0[0m
19:26:47   [34;1m    764760[0m[34;1m   1585276[0m[34;1m    935348[0m[34;1m     24.59[0m[34;1m    109752[0m[34;1m   1868508[0m[34;1m   6310604[0m[31;1m    165.93[0m[34;1m   1208572[0m[34;1m   1601376[0m[34;22m         0[0m
19:26:48   [34;1m    764760[0m[34;1m   1585280[0m[34;1m    935340[0m[34;1m     24.59[0m[34;1m    109752[0m[34;1m   1868516[0m[34;1m   6310604[0m[31;1m    165.93[0m[34;1m   1208572[0m[34;1m   1601388[0m[34;1m        32[0m
19:26:49   [34;1m    764508[0m[34;1m   1585028[0m[34;1m    935588[0m[34;1m     24.60[0m[34;1m    109752[0m[34;1m   1868516[0m[34;1m   6310604[0m[31;1m    165.93[0m[34;1m   1208572[0m[34;1m   1601488[0m[34;1m        32[0m
19:26:50   [34;1m    764508[0m[34;1m   1585032[0m[34;1m    935584[0m[34;1m     24.60[0m[34;1m    109752[0m[34;1m   1868516[0m[34;1m   6310604[0m[31;1m    165.93[0m[34;1m   1208576[0m[34;1m   1601388[0m[34;1m        32[0m
19:26:51   [34;1m    764508[0m[34;1m   1585032[0m[34;1m    935580[0m[34;1m     24.60[0m[34;1m    109752[0m[34;1m   1868516[0m[34;1m   6310604[0m[31;1m    165.93[0m[34;1m   1208576[0m[34;1m   1602388[0m[34;1m        32[0m
19:26:52   [34;1m    764508[0m[34;1m   1585032[0m[34;1m    935596[0m[34;1m     24.60[0m[34;1m    109752[0m[34;1m   1868516[0m[34;1m   6310604[0m[31;1m    165.93[0m[34;1m   1208576[0m[34;1m   1602432[0m[34;1m        32[0m
19:26:53   [34;1m    764508[0m[34;1m   1585032[0m[34;1m    935600[0m[34;1m     24.60[0m[34;1m    109760[0m[34;1m   1868508[0m[34;1m   6310604[0m[31;1m    165.93[0m[34;1m   1208576[0m[34;1m   1602432[0m[34;1m        32[0m
19:26:54   [34;1m    764508[0m[34;1m   1585044[0m[34;1m    935584[0m[34;1m     24.60[0m[34;1m    109760[0m[34;1m   1868520[0m[34;1m   6310604[0m[31;1m    165.93[0m[34;1m   1208580[0m[34;1m   1602424[0m[34;1m        16[0m
19:26:55   [34;1m    764508[0m[34;1m   1585044[0m[34;1m    935584[0m[34;1m     24.60[0m[34;1m    109760[0m[34;1m   1868520[0m[34;1m   6310604[0m[31;1m    165.93[0m[34;1m   1208584[0m[34;1m   1602480[0m[34;1m        16[0m
19:26:56   [34;1m    764508[0m[34;1m   1585052[0m[34;1m    935560[0m[34;1m     24.60[0m[34;1m    109760[0m[34;1m   1868528[0m[34;1m   6310604[0m[31;1m    165.93[0m[34;1m   1208584[0m[34;1m   1602500[0m[34;1m        24[0m
19:26:57   [34;1m    764508[0m[34;1m   1585052[0m[34;1m    935572[0m[34;1m     24.60[0m[34;1m    109760[0m[34;1m   1868528[0m[34;1m   6310604[0m[31;1m    165.93[0m[34;1m   1208584[0m[34;1m   1601908[0m[34;1m        24[0m
19:26:58   [34;1m    764508[0m[34;1m   1585056[0m[34;1m    935564[0m[34;1m     24.60[0m[34;1m    109760[0m[34;1m   1868536[0m[34;1m   6310604[0m[31;1m    165.93[0m[34;1m   1208584[0m[34;1m   1601380[0m[34;1m        32[0m
19:26:59   [34;1m    764256[0m[34;1m   1584808[0m[34;1m    935816[0m[34;1m     24.61[0m[34;1m    109760[0m[34;1m   1868536[0m[34;1m   6310604[0m[31;1m    165.93[0m[34;1m   1208584[0m[34;1m   1601028[0m[34;1m        32[0m
19:27:00   [34;1m    764256[0m[34;1m   1584808[0m[34;1m    935820[0m[34;1m     24.61[0m[34;1m    109760[0m[34;1m   1868536[0m[34;1m   6310604[0m[31;1m    165.93[0m[34;1m   1208584[0m[34;1m   1600892[0m[34;1m         4[0m
19:27:01   [34;1m    764256[0m[34;1m   1584808[0m[34;1m    935816[0m[34;1m     24.61[0m[34;1m    109772[0m[34;1m   1868524[0m[34;1m   6310604[0m[31;1m    165.93[0m[34;1m   1208584[0m[34;1m   1601292[0m[34;1m         4[0m
19:27:02   [34;1m    764256[0m[34;1m   1584824[0m[34;1m    935804[0m[34;1m     24.61[0m[34;1m    109772[0m[34;1m   1868540[0m[34;1m   6310604[0m[31;1m    165.93[0m[34;1m   1208596[0m[34;1m   1601200[0m[34;1m        36[0m
19:27:03   [34;1m    764256[0m[34;1m   1584824[0m[34;1m    935804[0m[34;1m     24.61[0m[34;1m    109772[0m[34;1m   1868540[0m[34;1m   6310604[0m[31;1m    165.93[0m[34;1m   1208596[0m[34;1m   1601232[0m[34;1m        36[0m
19:27:04   [34;1m    762744[0m[34;1m   1583312[0m[34;1m    937316[0m[34;1m     24.65[0m[34;1m    109772[0m[34;1m   1868540[0m[34;1m   6310604[0m[31;1m    165.93[0m[34;1m   1208584[0m[34;1m   1601260[0m[34;22m         0[0m
19:27:05   [34;1m    762744[0m[34;1m   1583312[0m[34;1m    937316[0m[34;1m     24.65[0m[34;1m    109776[0m[34;1m   1868536[0m[34;1m   6310604[0m[31;1m    165.93[0m[34;1m   1208596[0m[34;1m   1601224[0m[34;22m         0[0m
19:27:06   [34;1m    762744[0m[34;1m   1583320[0m[34;1m    937312[0m[34;1m     24.65[0m[34;1m    109776[0m[34;1m   1868544[0m[34;1m   6310604[0m[31;1m    165.93[0m[34;1m   1208600[0m[34;1m   1601164[0m[34;1m        16[0m
19:27:07   [34;1m    762744[0m[34;1m   1583320[0m[34;1m    937316[0m[34;1m     24.65[0m[34;1m    109776[0m[34;1m   1868544[0m[34;1m   6310604[0m[31;1m    165.93[0m[34;1m   1208600[0m[34;1m   1601084[0m[34;1m        16[0m
19:27:08   [34;1m    762744[0m[34;1m   1583320[0m[34;1m    937316[0m[34;1m     24.65[0m[34;1m    109776[0m[34;1m   1868544[0m[34;1m   6310604[0m[31;1m    165.93[0m[34;1m   1208600[0m[34;1m   1601088[0m[34;1m        16[0m
19:27:09   [34;1m    761988[0m[34;1m   1582564[0m[34;1m    938072[0m[34;1m     24.67[0m[34;1m    109776[0m[34;1m   1868544[0m[34;1m   6310604[0m[31;1m    165.93[0m[34;1m   1208600[0m[34;1m   1601288[0m[34;1m        16[0m
19:27:10   [34;1m    761988[0m[34;1m   1582564[0m[34;1m    938068[0m[34;1m     24.67[0m[34;1m    109776[0m[34;1m   1868544[0m[34;1m   6310604[0m[31;1m    165.93[0m[34;1m   1208600[0m[34;1m   1601216[0m[34;1m        16[0m
19:27:11   [34;1m    761484[0m[34;1m   1582060[0m[34;1m    938548[0m[34;1m     24.68[0m[34;1m    109780[0m[34;1m   1868544[0m[34;1m   6310604[0m[31;1m    165.93[0m[34;1m   1208600[0m[34;1m   1602008[0m[34;1m         4[0m
19:27:12   [34;1m    761484[0m[34;1m   1582072[0m[34;1m    938552[0m[34;1m     24.68[0m[34;1m    109780[0m[34;1m   1868552[0m[34;1m   6310604[0m[31;1m    165.93[0m[34;1m   1208604[0m[34;1m   1602056[0m[34;1m        24[0m
19:27:13   [34;1m    761484[0m[34;1m   1582072[0m[34;1m    938552[0m[34;1m     24.68[0m[34;1m    109780[0m[34;1m   1868552[0m[34;1m   6310604[0m[31;1m    165.93[0m[34;1m   1208604[0m[34;1m   1602056[0m[34;1m        24[0m
19:27:14   [34;1m    758712[0m[34;1m   1579304[0m[34;1m    941316[0m[34;1m     24.75[0m[34;1m    109784[0m[34;1m   1868552[0m[34;1m   6310604[0m[31;1m    165.93[0m[34;1m   1208596[0m[34;1m   1602204[0m[34;1m        24[0m
19:27:15   [34;1m    758712[0m[34;1m   1579304[0m[34;1m    941308[0m[34;1m     24.75[0m[34;1m    109784[0m[34;1m   1868556[0m[34;1m   6310604[0m[31;1m    165.93[0m[34;1m   1208604[0m[34;1m   1602116[0m[34;1m        28[0m
19:27:16   [34;1m    758712[0m[34;1m   1579304[0m[34;1m    941304[0m[34;1m     24.75[0m[34;1m    109784[0m[34;1m   1868556[0m[34;1m   6310604[0m[31;1m    165.93[0m[34;1m   1208604[0m[34;1m   1602184[0m[34;22m         0[0m
19:27:17   [34;1m    758712[0m[34;1m   1579304[0m[34;1m    941308[0m[34;1m     24.75[0m[34;1m    109784[0m[34;1m   1868556[0m[34;1m   6310604[0m[31;1m    165.93[0m[34;1m   1208604[0m[34;1m   1602284[0m[34;22m         0[0m
19:27:18   [34;1m    758712[0m[34;1m   1579308[0m[34;1m    941312[0m[34;1m     24.75[0m[34;1m    109784[0m[34;1m   1868560[0m[34;1m   6310604[0m[31;1m    165.93[0m[34;1m   1208604[0m[34;1m   1602304[0m[34;1m         8[0m
19:27:19   [34;1m    757200[0m[34;1m   1577796[0m[34;1m    942824[0m[34;1m     24.79[0m[34;1m    109788[0m[34;1m   1868556[0m[34;1m   6310604[0m[31;1m    165.93[0m[34;1m   1208604[0m[34;1m   1602604[0m[34;1m         8[0m
19:27:20   [34;1m    757200[0m[34;1m   1577804[0m[34;1m    942820[0m[34;1m     24.79[0m[34;1m    109788[0m[34;1m   1868564[0m[34;1m   6310604[0m[31;1m    165.93[0m[34;1m   1208608[0m[34;1m   1602604[0m[34;1m        36[0m
19:27:21   [34;1m    756444[0m[34;1m   1577048[0m[34;1m    943572[0m[34;1m     24.81[0m[34;1m    109788[0m[34;1m   1868564[0m[34;1m   6310604[0m[31;1m    165.93[0m[34;1m   1208608[0m[34;1m   1603404[0m[34;1m        36[0m
19:27:22   [34;1m    756444[0m[34;1m   1577052[0m[34;1m    943576[0m[34;1m     24.81[0m[34;1m    109788[0m[34;1m   1868564[0m[34;1m   6310604[0m[31;1m    165.93[0m[34;1m   1208612[0m[34;1m   1603100[0m[34;1m        36[0m
19:27:23   [34;1m    756444[0m[34;1m   1577052[0m[34;1m    943576[0m[34;1m     24.81[0m[34;1m    109788[0m[34;1m   1868564[0m[34;1m   6310604[0m[31;1m    165.93[0m[34;1m   1208612[0m[34;1m   1603028[0m[34;1m        36[0m
19:27:24   [34;1m    755688[0m[34;1m   1576296[0m[34;1m    944332[0m[34;1m     24.83[0m[34;1m    109788[0m[34;1m   1868564[0m[34;1m   6310604[0m[31;1m    165.93[0m[34;1m   1208608[0m[34;1m   1603036[0m[34;1m         4[0m
19:27:25   [34;1m    755688[0m[34;1m   1576300[0m[34;1m    944328[0m[34;1m     24.83[0m[34;1m    109788[0m[34;1m   1868568[0m[34;1m   6310604[0m[31;1m    165.93[0m[34;1m   1208612[0m[34;1m   1603072[0m[34;1m        28[0m
19:27:26   [34;1m    755688[0m[34;1m   1576300[0m[34;1m    944324[0m[34;1m     24.83[0m[34;1m    109788[0m[34;1m   1868568[0m[34;1m   6310604[0m[31;1m    165.93[0m[34;1m   1208612[0m[34;1m   1603072[0m[34;1m        28[0m
19:27:27   [34;1m    755688[0m[34;1m   1576312[0m[34;1m    944320[0m[34;1m     24.83[0m[34;1m    109788[0m[34;1m   1868580[0m[34;1m   6310604[0m[31;1m    165.93[0m[34;1m   1208612[0m[34;1m   1602848[0m[34;1m        40[0m
19:27:28   [34;1m    755688[0m[34;1m   1576312[0m[34;1m    944320[0m[34;1m     24.83[0m[34;1m    109788[0m[34;1m   1868580[0m[34;1m   6310604[0m[31;1m    165.93[0m[34;1m   1208612[0m[34;1m   1602496[0m[34;1m        44[0m
19:27:29   [34;1m    755436[0m[34;1m   1576060[0m[34;1m    944568[0m[34;1m     24.84[0m[34;1m    109788[0m[34;1m   1868580[0m[34;1m   6310604[0m[31;1m    165.93[0m[34;1m   1208612[0m[34;1m   1601088[0m[34;1m         4[0m
19:27:30   [34;1m    755436[0m[34;1m   1576060[0m[34;1m    944548[0m[34;1m     24.84[0m[34;1m    109788[0m[34;1m   1868580[0m[34;1m   6310604[0m[31;1m    165.93[0m[34;1m   1208612[0m[34;1m   1601428[0m[34;1m         4[0m
19:27:31   [34;1m    755436[0m[34;1m   1576060[0m[34;1m    944544[0m[34;1m     24.84[0m[34;1m    109788[0m[34;1m   1868580[0m[34;1m   6310604[0m[31;1m    165.93[0m[34;1m   1208612[0m[34;1m   1601288[0m[34;1m         4[0m
19:27:32   [34;1m    755436[0m[34;1m   1576060[0m[34;1m    944544[0m[34;1m     24.84[0m[34;1m    109788[0m[34;1m   1868580[0m[34;1m   6310604[0m[31;1m    165.93[0m[34;1m   1208612[0m[34;1m   1600932[0m[34;1m         4[0m
19:27:33   [34;1m    755436[0m[34;1m   1576060[0m[34;1m    944544[0m[34;1m     24.84[0m[34;1m    109792[0m[34;1m   1868576[0m[34;1m   6310604[0m[31;1m    165.93[0m[34;1m   1208612[0m[34;1m   1600564[0m[34;1m         4[0m
19:27:34   [34;1m    755184[0m[34;1m   1575816[0m[34;1m    944784[0m[34;1m     24.84[0m[34;1m    109796[0m[34;1m   1868584[0m[34;1m   6310604[0m[31;1m    165.93[0m[34;1m   1208616[0m[34;1m   1600164[0m[34;1m        32[0m
19:27:35   [34;1m    755184[0m[34;1m   1575820[0m[34;1m    944788[0m[34;1m     24.84[0m[34;1m    109796[0m[34;1m   1868584[0m[34;1m   6310604[0m[31;1m    165.93[0m[34;1m   1208620[0m[34;1m   1599444[0m[34;22m         0[0m
19:27:36   [34;1m    755184[0m[34;1m   1575820[0m[34;1m    944788[0m[34;1m     24.84[0m[34;1m    109796[0m[34;1m   1868584[0m[34;1m   6310604[0m[31;1m    165.93[0m[34;1m   1208624[0m[34;1m   1599352[0m[34;1m         4[0m
19:27:37   [34;1m    755184[0m[34;1m   1575820[0m[34;1m    944788[0m[34;1m     24.84[0m[34;1m    109796[0m[34;1m   1868584[0m[34;1m   6310604[0m[31;1m    165.93[0m[34;1m   1208620[0m[34;1m   1599284[0m[34;1m         4[0m
19:27:38   [34;1m    755184[0m[34;1m   1575824[0m[34;1m    944780[0m[34;1m     24.84[0m[34;1m    109800[0m[34;1m   1868588[0m[34;1m   6310604[0m[31;1m    165.93[0m[34;1m   1208620[0m[34;1m   1599296[0m[34;1m        16[0m
19:27:39   [34;1m    754932[0m[34;1m   1575572[0m[34;1m    945032[0m[34;1m     24.85[0m[34;1m    109800[0m[34;1m   1868588[0m[34;1m   6310604[0m[31;1m    165.93[0m[34;1m   1208620[0m[34;1m   1599296[0m[34;1m        16[0m
19:27:40   [34;1m    754932[0m[34;1m   1575584[0m[34;1m    945016[0m[34;1m     24.85[0m[34;1m    109800[0m[34;1m   1868596[0m[34;1m   6310604[0m[31;1m    165.93[0m[34;1m   1208624[0m[34;1m   1599320[0m[34;1m        20[0m
19:27:41   [34;1m    754932[0m[34;1m   1575584[0m[34;1m    944920[0m[34;1m     24.85[0m[34;1m    109800[0m[34;1m   1868596[0m[34;1m   6310604[0m[31;1m    165.93[0m[34;1m   1208624[0m[34;1m   1599820[0m[34;1m        20[0m
19:27:42   [34;1m    754932[0m[34;1m   1575592[0m[34;1m    944964[0m[34;1m     24.85[0m[34;1m    109800[0m[34;1m   1868604[0m[34;1m   6310668[0m[31;1m    165.93[0m[34;1m   1208624[0m[34;1m   1599896[0m[34;1m        12[0m
19:27:43   [34;1m    754932[0m[34;1m   1575592[0m[34;1m    944968[0m[34;1m     24.85[0m[34;1m    109800[0m[34;1m   1868604[0m[34;1m   6310668[0m[31;1m    165.93[0m[34;1m   1208624[0m[34;1m   1599896[0m[34;1m        40[0m
19:27:44   [34;1m    754932[0m[34;1m   1575592[0m[34;1m    944968[0m[34;1m     24.85[0m[34;1m    109800[0m[34;1m   1868604[0m[34;1m   6310668[0m[31;1m    165.93[0m[34;1m   1208624[0m[34;1m   1599996[0m[34;1m        40[0m
19:27:45   [34;1m    754932[0m[34;1m   1575592[0m[34;1m    944972[0m[34;1m     24.85[0m[34;1m    109800[0m[34;1m   1868604[0m[34;1m   6310668[0m[31;1m    165.93[0m[34;1m   1208624[0m[34;1m   1599932[0m[34;1m        40[0m
19:27:46   [34;1m    754932[0m[34;1m   1575596[0m[34;1m    944972[0m[34;1m     24.85[0m[34;1m    109804[0m[34;1m   1868604[0m[34;1m   6310668[0m[31;1m    165.93[0m[34;1m   1208624[0m[34;1m   1599960[0m[34;22m         0[0m
19:27:47   [34;1m    754932[0m[34;1m   1575600[0m[34;1m    944964[0m[34;1m     24.85[0m[34;1m    109804[0m[34;1m   1868608[0m[34;1m   6310668[0m[31;1m    165.93[0m[34;1m   1208628[0m[34;1m   1599960[0m[34;22m         0[0m
19:27:48   [34;1m    754932[0m[34;1m   1575600[0m[34;1m    944968[0m[34;1m     24.85[0m[34;1m    109804[0m[34;1m   1868608[0m[34;1m   6310668[0m[31;1m    165.93[0m[34;1m   1208628[0m[34;1m   1599960[0m[34;22m         0[0m
19:27:49   [34;1m    754932[0m[34;1m   1575600[0m[34;1m    944976[0m[34;1m     24.85[0m[34;1m    109804[0m[34;1m   1868608[0m[34;1m   6310668[0m[31;1m    165.93[0m[34;1m   1208616[0m[34;1m   1599888[0m[34;1m         4[0m
19:27:50   [34;1m    754932[0m[34;1m   1575600[0m[34;1m    944976[0m[34;1m     24.85[0m[34;1m    109804[0m[34;1m   1868608[0m[34;1m   6310668[0m[31;1m    165.93[0m[34;1m   1208628[0m[34;1m   1599968[0m[34;1m         4[0m
19:27:51   [34;1m    754932[0m[34;1m   1575600[0m[34;1m    944972[0m[34;1m     24.85[0m[34;1m    109808[0m[34;1m   1868604[0m[34;1m   6310668[0m[31;1m    165.93[0m[34;1m   1208628[0m[34;1m   1599976[0m[34;1m         4[0m
19:27:52   [34;1m    754932[0m[34;1m   1575612[0m[34;1m    944952[0m[34;1m     24.85[0m[34;1m    109808[0m[34;1m   1868612[0m[34;1m   6310668[0m[31;1m    165.93[0m[34;1m   1208632[0m[34;1m   1600728[0m[34;1m        28[0m
19:27:53   [34;1m    754932[0m[34;1m   1575612[0m[34;1m    944940[0m[34;1m     24.85[0m[34;1m    109808[0m[34;1m   1868612[0m[34;1m   6310668[0m[31;1m    165.93[0m[34;1m   1208632[0m[34;1m   1600768[0m[34;1m        32[0m
19:27:54   [34;1m    754176[0m[34;1m   1574856[0m[34;1m    945696[0m[34;1m     24.87[0m[34;1m    109808[0m[34;1m   1868612[0m[34;1m   6310668[0m[31;1m    165.93[0m[34;1m   1208632[0m[34;1m   1600772[0m[34;1m         4[0m
19:27:55   [34;1m    754176[0m[34;1m   1574856[0m[34;1m    945696[0m[34;1m     24.87[0m[34;1m    109812[0m[34;1m   1868608[0m[34;1m   6310668[0m[31;1m    165.93[0m[34;1m   1208632[0m[34;1m   1600800[0m[34;1m         4[0m
19:27:56   [34;1m    754176[0m[34;1m   1574864[0m[34;1m    945696[0m[34;1m     24.87[0m[34;1m    109812[0m[34;1m   1868620[0m[34;1m   6310668[0m[31;1m    165.93[0m[34;1m   1208632[0m[34;1m   1600836[0m[34;1m        24[0m
19:27:57   [34;1m    754176[0m[34;1m   1574868[0m[34;1m    945696[0m[34;1m     24.87[0m[34;1m    109812[0m[34;1m   1868620[0m[34;1m   6310668[0m[31;1m    165.93[0m[34;1m   1208636[0m[34;1m   1600780[0m[34;1m        24[0m
19:27:58   [34;1m    754176[0m[34;1m   1574872[0m[34;1m    945692[0m[34;1m     24.87[0m[34;1m    109812[0m[34;1m   1868624[0m[34;1m   6310668[0m[31;1m    165.93[0m[34;1m   1208636[0m[34;1m   1600376[0m[34;1m        28[0m
19:27:59   [34;1m    754176[0m[34;1m   1574872[0m[34;1m    945692[0m[34;1m     24.87[0m[34;1m    109812[0m[34;1m   1868624[0m[34;1m   6310668[0m[31;1m    165.93[0m[34;1m   1208636[0m[34;1m   1600036[0m[34;1m        28[0m
19:28:00   [34;1m    754176[0m[34;1m   1574876[0m[34;1m    945688[0m[34;1m     24.87[0m[34;1m    109816[0m[34;1m   1868624[0m[34;1m   6310668[0m[31;1m    165.93[0m[34;1m   1208636[0m[34;1m   1599912[0m[34;22m         0[0m
19:28:01   [34;1m    754176[0m[34;1m   1574880[0m[34;1m    945684[0m[34;1m     24.87[0m[34;1m    109816[0m[34;1m   1868628[0m[34;1m   6310668[0m[31;1m    165.93[0m[34;1m   1208640[0m[34;1m   1599912[0m[34;1m        32[0m
19:28:02   [34;1m    754176[0m[34;1m   1574884[0m[34;1m    945672[0m[34;1m     24.87[0m[34;1m    109816[0m[34;1m   1868632[0m[34;1m   6310668[0m[31;1m    165.93[0m[34;1m   1208640[0m[34;1m   1599736[0m[34;1m        36[0m
19:28:03   [34;1m    754176[0m[34;1m   1574884[0m[34;1m    945684[0m[34;1m     24.87[0m[34;1m    109816[0m[34;1m   1868632[0m[34;1m   6310668[0m[31;1m    165.93[0m[34;1m   1208640[0m[34;1m   1599788[0m[34;1m        36[0m
19:28:04   [34;1m    792368[0m[34;1m   1613076[0m[34;1m    907492[0m[34;1m     23.86[0m[34;1m    109816[0m[34;1m   1868632[0m[34;1m   6310668[0m[31;1m    165.93[0m[34;1m   1208640[0m[34;1m   1599788[0m[34;1m        36[0m
19:28:05   [34;1m    791724[0m[34;1m   1612432[0m[34;1m    908116[0m[34;1m     23.88[0m[34;1m    109816[0m[34;1m   1868632[0m[34;1m   6310668[0m[31;1m    165.93[0m[34;1m   1208640[0m[34;1m   1599684[0m[34;1m        36[0m
19:28:06   [34;1m    791724[0m[34;1m   1612436[0m[34;1m    908112[0m[34;1m     23.88[0m[34;1m    109816[0m[34;1m   1868636[0m[34;1m   6310668[0m[31;1m    165.93[0m[34;1m   1208640[0m[34;1m   1599604[0m[34;1m        24[0m
19:28:07   [34;1m    791484[0m[34;1m   1612196[0m[34;1m    908352[0m[34;1m     23.88[0m[34;1m    109816[0m[34;1m   1868636[0m[34;1m   6310668[0m[31;1m    165.93[0m[34;1m   1208640[0m[34;1m   1599528[0m[34;1m        28[0m
19:28:08   [34;1m    791484[0m[34;1m   1612196[0m[34;1m    908352[0m[34;1m     23.88[0m[34;1m    109820[0m[34;1m   1868632[0m[34;1m   6310668[0m[31;1m    165.93[0m[34;1m   1208640[0m[34;1m   1599528[0m[34;1m        28[0m
19:28:09   [34;1m    790728[0m[34;1m   1611448[0m[34;1m    909100[0m[34;1m     23.90[0m[34;1m    109820[0m[34;1m   1868640[0m[34;1m   6310668[0m[31;1m    165.93[0m[34;1m   1208644[0m[34;1m   1599532[0m[34;1m        28[0m
19:28:10   [34;1m    790476[0m[34;1m   1611196[0m[34;1m    909352[0m[34;1m     23.91[0m[34;1m    109820[0m[34;1m   1868640[0m[34;1m   6310668[0m[31;1m    165.93[0m[34;1m   1208644[0m[34;1m   1599536[0m[34;1m        28[0m
19:28:11   [34;1m    790476[0m[34;1m   1611196[0m[34;1m    909340[0m[34;1m     23.91[0m[34;1m    109820[0m[34;1m   1868644[0m[34;1m   6310668[0m[31;1m    165.93[0m[34;1m   1208644[0m[34;1m   1599536[0m[34;1m         8[0m
19:28:12   [34;1m    790224[0m[34;1m   1610944[0m[34;1m    909592[0m[34;1m     23.92[0m[34;1m    109820[0m[34;1m   1868644[0m[34;1m   6314764[0m[31;1m    166.04[0m[34;1m   1208644[0m[34;1m   1600736[0m[34;1m         8[0m
19:28:13   [34;1m    789972[0m[34;1m   1610696[0m[34;1m    909848[0m[34;1m     23.92[0m[34;1m    109820[0m[34;1m   1868644[0m[34;1m   6314764[0m[31;1m    166.04[0m[34;1m   1208644[0m[34;1m   1600888[0m[34;1m        12[0m
19:28:14   [34;1m    789720[0m[34;1m   1610444[0m[34;1m    910108[0m[34;1m     23.93[0m[34;1m    109836[0m[34;1m   1868628[0m[34;1m   6314764[0m[31;1m    166.04[0m[34;1m   1208644[0m[34;1m   1600888[0m[34;1m        12[0m
19:28:15   [34;1m    788208[0m[34;1m   1608952[0m[34;1m    911596[0m[34;1m     23.97[0m[34;1m    109836[0m[34;1m   1868648[0m[34;1m   6314764[0m[31;1m    166.04[0m[34;1m   1208660[0m[34;1m   1600692[0m[34;1m        28[0m
19:28:16   [34;1m    788208[0m[34;1m   1608952[0m[34;1m    911596[0m[34;1m     23.97[0m[34;1m    109836[0m[34;1m   1868648[0m[34;1m   6314764[0m[31;1m    166.04[0m[34;1m   1208660[0m[34;1m   1600692[0m[34;1m        28[0m
19:28:17   [34;1m    788208[0m[34;1m   1608952[0m[34;1m    911600[0m[34;1m     23.97[0m[34;1m    109836[0m[34;1m   1868648[0m[34;1m   6314764[0m[31;1m    166.04[0m[34;1m   1208660[0m[34;1m   1600720[0m[34;22m         0[0m
19:28:18   [34;1m    788208[0m[34;1m   1608952[0m[34;1m    911600[0m[34;1m     23.97[0m[34;1m    109836[0m[34;1m   1868648[0m[34;1m   6314764[0m[31;1m    166.04[0m[34;1m   1208660[0m[34;1m   1600720[0m[34;22m         0[0m
19:28:19   [34;1m    788208[0m[34;1m   1608956[0m[34;1m    911596[0m[34;1m     23.97[0m[34;1m    109836[0m[34;1m   1868652[0m[34;1m   6314764[0m[31;1m    166.04[0m[34;1m   1208660[0m[34;1m   1600728[0m[34;1m        32[0m
19:28:20   [34;1m    786444[0m[34;1m   1607192[0m[34;1m    913352[0m[34;1m     24.02[0m[34;1m    109836[0m[34;1m   1868652[0m[34;1m   6314764[0m[31;1m    166.04[0m[34;1m   1208660[0m[34;1m   1600728[0m[34;1m        32[0m
19:28:21   [34;1m    786444[0m[34;1m   1607192[0m[34;1m    913352[0m[34;1m     24.02[0m[34;1m    109836[0m[34;1m   1868652[0m[34;1m   6314764[0m[31;1m    166.04[0m[34;1m   1208660[0m[34;1m   1600360[0m[34;1m        32[0m
19:28:22   [34;1m    786192[0m[34;1m   1606940[0m[34;1m    913600[0m[34;1m     24.02[0m[34;1m    109836[0m[34;1m   1868656[0m[34;1m   6314764[0m[31;1m    166.04[0m[34;1m   1208660[0m[34;1m   1600832[0m[34;1m        36[0m
19:28:23   [34;1m    786192[0m[34;1m   1606940[0m[34;1m    913600[0m[34;1m     24.02[0m[34;1m    109840[0m[34;1m   1868652[0m[34;1m   6314764[0m[31;1m    166.04[0m[34;1m   1208660[0m[34;1m   1600912[0m[34;1m        36[0m
19:28:24   [34;1m    786192[0m[34;1m   1606948[0m[34;1m    913592[0m[34;1m     24.02[0m[34;1m    109840[0m[34;1m   1868656[0m[34;1m   6314764[0m[31;1m    166.04[0m[34;1m   1208664[0m[34;1m   1600976[0m[34;1m        24[0m
19:28:25   [34;1m    785184[0m[34;1m   1605944[0m[34;1m    914596[0m[34;1m     24.05[0m[34;1m    109840[0m[34;1m   1868660[0m[34;1m   6314764[0m[31;1m    166.04[0m[34;1m   1208668[0m[34;1m   1600980[0m[34;1m        28[0m
19:28:26   [34;1m    785184[0m[34;1m   1605944[0m[34;1m    914592[0m[34;1m     24.05[0m[34;1m    109844[0m[34;1m   1868656[0m[34;1m   6314764[0m[31;1m    166.04[0m[34;1m   1208664[0m[34;1m   1601080[0m[34;1m        28[0m
19:28:27   [34;1m    785184[0m[34;1m   1605960[0m[34;1m    914576[0m[34;1m     24.05[0m[34;1m    109844[0m[34;1m   1868672[0m[34;1m   6314764[0m[31;1m    166.04[0m[34;1m   1208668[0m[34;1m   1601096[0m[34;1m        40[0m
19:28:28   [34;1m    785184[0m[34;1m   1605960[0m[34;1m    914576[0m[34;1m     24.05[0m[34;1m    109844[0m[34;1m   1868672[0m[34;1m   6314764[0m[31;1m    166.04[0m[34;1m   1208668[0m[34;1m   1600724[0m[34;1m        40[0m
19:28:29   [34;1m    785184[0m[34;1m   1605960[0m[34;1m    914568[0m[34;1m     24.05[0m[34;1m    109844[0m[34;1m   1868672[0m[34;1m   6314764[0m[31;1m    166.04[0m[34;1m   1208668[0m[34;1m   1600136[0m[34;22m         0[0m
19:28:30   [34;1m    785184[0m[34;1m   1605960[0m[34;1m    914564[0m[34;1m     24.05[0m[34;1m    109844[0m[34;1m   1868672[0m[34;1m   6314764[0m[31;1m    166.04[0m[34;1m   1208668[0m[34;1m   1600216[0m[34;22m         0[0m
19:28:31   [34;1m    785184[0m[34;1m   1605960[0m[34;1m    914576[0m[34;1m     24.05[0m[34;1m    109844[0m[34;1m   1868672[0m[34;1m   6314764[0m[31;1m    166.04[0m[34;1m   1208668[0m[34;1m   1600136[0m[34;1m         4[0m
19:28:32   [34;1m    784960[0m[34;1m   1605736[0m[34;1m    914800[0m[34;1m     24.05[0m[34;1m    109848[0m[34;1m   1868668[0m[34;1m   6314764[0m[31;1m    166.04[0m[34;1m   1208668[0m[34;1m   1600364[0m[34;1m        28[0m
19:28:33   [34;1m    784960[0m[34;1m   1605744[0m[34;1m    914748[0m[34;1m     24.05[0m[34;1m    109848[0m[34;1m   1868676[0m[34;1m   6314764[0m[31;1m    166.04[0m[34;1m   1208672[0m[34;1m   1600260[0m[34;1m        32[0m
19:28:34   [34;1m    784960[0m[34;1m   1605744[0m[34;1m    914748[0m[34;1m     24.05[0m[34;1m    109848[0m[34;1m   1868676[0m[34;1m   6314764[0m[31;1m    166.04[0m[34;1m   1208672[0m[34;1m   1600260[0m[34;1m        32[0m
19:28:35   [34;1m    784960[0m[34;1m   1605744[0m[34;1m    914780[0m[34;1m     24.05[0m[34;1m    109848[0m[34;1m   1868676[0m[34;1m   6314764[0m[31;1m    166.04[0m[34;1m   1208668[0m[34;1m   1600296[0m[34;1m        32[0m
19:28:36   [34;1m    784708[0m[34;1m   1605500[0m[34;1m    915032[0m[34;1m     24.06[0m[34;1m    109852[0m[34;1m   1868680[0m[34;1m   6314764[0m[31;1m    166.04[0m[34;1m   1208676[0m[34;1m   1600192[0m[34;1m        12[0m
19:28:37   [34;1m    784708[0m[34;1m   1605500[0m[34;1m    915032[0m[34;1m     24.06[0m[34;1m    109852[0m[34;1m   1868680[0m[34;1m   6314764[0m[31;1m    166.04[0m[34;1m   1208676[0m[34;1m   1600136[0m[34;1m        16[0m
19:28:38   [34;1m    784708[0m[34;1m   1605500[0m[34;1m    915032[0m[34;1m     24.06[0m[34;1m    109852[0m[34;1m   1868680[0m[34;1m   6314764[0m[31;1m    166.04[0m[34;1m   1208676[0m[34;1m   1600136[0m[34;1m        16[0m
19:28:39   [34;1m    784708[0m[34;1m   1605500[0m[34;1m    915036[0m[34;1m     24.06[0m[34;1m    109852[0m[34;1m   1868680[0m[34;1m   6314764[0m[31;1m    166.04[0m[34;1m   1208676[0m[34;1m   1600196[0m[34;1m        16[0m
19:28:40   [34;1m    784708[0m[34;1m   1605500[0m[34;1m    915036[0m[34;1m     24.06[0m[34;1m    109856[0m[34;1m   1868676[0m[34;1m   6314764[0m[31;1m    166.04[0m[34;1m   1208676[0m[34;1m   1600196[0m[34;1m        16[0m
