Linux 6.6.95 (ssp-study) 	04/16/26 	_x86_64_	(2 CPU)

18:24:05    kbmemfree   kbavail kbmemused  %memused kbbuffers  kbcached  kbcommit   %commit  kbactive   kbinact   kbdirty
18:24:06   [34;1m   1020728[0m[34;1m   1812008[0m[34;1m    725420[0m[34;1m     19.07[0m[34;1m     93752[0m[34;1m   1852036[0m[34;1m   3926284[0m[31;1m    103.24[0m[34;1m   1189996[0m[34;1m   1401976[0m[34;1m       396[0m
18:24:07   [34;1m   1020728[0m[34;1m   1812008[0m[34;1m    725420[0m[34;1m     19.07[0m[34;1m     93752[0m[34;1m   1852036[0m[34;1m   3926284[0m[31;1m    103.24[0m[34;1m   1189996[0m[34;1m   1401972[0m[34;1m       396[0m
18:24:08   [34;1m   1019972[0m[34;1m   1811252[0m[34;1m    726176[0m[34;1m     19.09[0m[34;1m     93776[0m[34;1m   1852012[0m[34;1m   3926284[0m[31;1m    103.24[0m[34;1m   1189996[0m[34;1m   1402192[0m[34;1m       396[0m
18:24:09   [34;1m   1019972[0m[34;1m   1811292[0m[34;1m    726052[0m[34;1m     19.09[0m[34;1m     93776[0m[34;1m   1852052[0m[34;1m   3926540[0m[31;1m    103.24[0m[34;1m   1190020[0m[34;1m   1402660[0m[34;1m       404[0m
18:24:10   [34;1m   1019972[0m[34;1m   1811296[0m[34;1m    726048[0m[34;1m     19.09[0m[34;1m     93776[0m[34;1m   1852056[0m[34;1m   3926540[0m[31;1m    103.24[0m[34;1m   1190020[0m[34;1m   1402696[0m[34;1m       404[0m
18:24:11   [34;1m   1019972[0m[34;1m   1811296[0m[34;1m    726056[0m[34;1m     19.09[0m[34;1m     93776[0m[34;1m   1852056[0m[34;1m   3926540[0m[31;1m    103.24[0m[34;1m   1190020[0m[34;1m   1402720[0m[34;1m       404[0m
18:24:12   [34;1m   1019972[0m[34;1m   1811296[0m[34;1m    726056[0m[34;1m     19.09[0m[34;1m     93780[0m[34;1m   1852052[0m[34;1m   3926540[0m[31;1m    103.24[0m[34;1m   1190020[0m[34;1m   1402720[0m[34;1m       404[0m
18:24:13   [34;1m   1019720[0m[34;1m   1811052[0m[34;1m    726300[0m[34;1m     19.10[0m[34;1m     93780[0m[34;1m   1852060[0m[34;1m   3926540[0m[31;1m    103.24[0m[34;1m   1190016[0m[34;1m   1402712[0m[34;1m       404[0m
18:24:14   [34;1m   1019720[0m[34;1m   1811052[0m[34;1m    726280[0m[34;1m     19.10[0m[34;1m     93780[0m[34;1m   1852060[0m[34;1m   3926540[0m[31;1m    103.24[0m[34;1m   1190024[0m[34;1m   1402356[0m[34;1m       404[0m
18:24:15   [34;1m   1019720[0m[34;1m   1811052[0m[34;1m    726280[0m[34;1m     19.10[0m[34;1m     93780[0m[34;1m   1852060[0m[34;1m   3926540[0m[31;1m    103.24[0m[34;1m   1190024[0m[34;1m   1402364[0m[34;1m        72[0m
18:24:16   [34;1m   1019720[0m[34;1m   1811052[0m[34;1m    726280[0m[34;1m     19.10[0m[34;1m     93780[0m[34;1m   1852060[0m[34;1m   3926540[0m[31;1m    103.24[0m[34;1m   1190024[0m[34;1m   1402364[0m[34;1m        72[0m
18:24:17   [34;1m   1019720[0m[34;1m   1811052[0m[34;1m    726280[0m[34;1m     19.10[0m[34;1m     93780[0m[34;1m   1852060[0m[34;1m   3926540[0m[31;1m    103.24[0m[34;1m   1190024[0m[34;1m   1402380[0m[34;1m        72[0m
18:24:18   [34;1m   1019720[0m[34;1m   1811052[0m[34;1m    726276[0m[34;1m     19.10[0m[34;1m     93784[0m[34;1m   1852056[0m[34;1m   3926540[0m[31;1m    103.24[0m[34;1m   1190020[0m[34;1m   1402324[0m[34;1m        72[0m
18:24:19   [34;1m   1019720[0m[34;1m   1811060[0m[34;1m    726264[0m[34;1m     19.10[0m[34;1m     93784[0m[34;1m   1852064[0m[34;1m   3926540[0m[31;1m    103.24[0m[34;1m   1190028[0m[34;1m   1402740[0m[34;1m        84[0m
18:24:20   [34;1m   1019720[0m[34;1m   1811060[0m[34;1m    726264[0m[34;1m     19.10[0m[34;1m     93784[0m[34;1m   1852064[0m[34;1m   3926540[0m[31;1m    103.24[0m[34;1m   1190028[0m[34;1m   1402776[0m[34;1m        84[0m
18:24:21   [34;1m   1019720[0m[34;1m   1811064[0m[34;1m    726260[0m[34;1m     19.10[0m[34;1m     93784[0m[34;1m   1852068[0m[34;1m   3926540[0m[31;1m    103.24[0m[34;1m   1190028[0m[34;1m   1402844[0m[34;1m        88[0m
18:24:22   [34;1m   1019720[0m[34;1m   1811064[0m[34;1m    726260[0m[34;1m     19.10[0m[34;1m     93784[0m[34;1m   1852068[0m[34;1m   3926540[0m[31;1m    103.24[0m[34;1m   1190028[0m[34;1m   1402844[0m[34;1m        88[0m
18:24:23   [34;1m   1019468[0m[34;1m   1810816[0m[34;1m    726508[0m[34;1m     19.10[0m[34;1m     93788[0m[34;1m   1852068[0m[34;1m   3926540[0m[31;1m    103.24[0m[34;1m   1190020[0m[34;1m   1402940[0m[34;1m        88[0m
18:24:24   [34;1m   1019468[0m[34;1m   1810828[0m[34;1m    726496[0m[34;1m     19.10[0m[34;1m     93788[0m[34;1m   1852080[0m[34;1m   3927116[0m[31;1m    103.26[0m[34;1m   1190032[0m[34;1m   1402276[0m[34;1m        92[0m
18:24:25   [34;1m   1019468[0m[34;1m   1810828[0m[34;1m    726496[0m[34;1m     19.10[0m[34;1m     93788[0m[34;1m   1852080[0m[34;1m   3927116[0m[31;1m    103.26[0m[34;1m   1190032[0m[34;1m   1402508[0m[34;1m        24[0m
18:24:26   [34;1m   1019468[0m[34;1m   1810828[0m[34;1m    726496[0m[34;1m     19.10[0m[34;1m     93788[0m[34;1m   1852080[0m[34;1m   3927116[0m[31;1m    103.26[0m[34;1m   1190032[0m[34;1m   1402508[0m[34;1m        24[0m
18:24:27   [34;1m   1019468[0m[34;1m   1810828[0m[34;1m    726496[0m[34;1m     19.10[0m[34;1m     93788[0m[34;1m   1852080[0m[34;1m   3927116[0m[31;1m    103.26[0m[34;1m   1190032[0m[34;1m   1402724[0m[34;1m        28[0m
18:24:28   [34;1m   1019468[0m[34;1m   1810828[0m[34;1m    726496[0m[34;1m     19.10[0m[34;1m     93788[0m[34;1m   1852080[0m[34;1m   3927116[0m[31;1m    103.26[0m[34;1m   1190032[0m[34;1m   1402884[0m[34;1m        28[0m
18:24:29   [34;1m   1019468[0m[34;1m   1810836[0m[34;1m    726480[0m[34;1m     19.10[0m[34;1m     93792[0m[34;1m   1852084[0m[34;1m   3927116[0m[31;1m    103.26[0m[34;1m   1190036[0m[34;1m   1403164[0m[34;1m        52[0m
18:24:30   [34;1m   1019468[0m[34;1m   1810852[0m[34;1m    726456[0m[34;1m     19.10[0m[34;1m     93792[0m[34;1m   1852084[0m[34;1m   3927116[0m[31;1m    103.26[0m[34;1m   1190064[0m[34;1m   1403344[0m[34;1m        48[0m
18:24:31   [34;1m   1019468[0m[34;1m   1810852[0m[34;1m    726456[0m[34;1m     19.10[0m[34;1m     93792[0m[34;1m   1852084[0m[34;1m   3927116[0m[31;1m    103.26[0m[34;1m   1190064[0m[34;1m   1403492[0m[34;1m        48[0m
18:24:32   [34;1m   1019468[0m[34;1m   1810852[0m[34;1m    726452[0m[34;1m     19.10[0m[34;1m     93792[0m[34;1m   1852084[0m[34;1m   3927116[0m[31;1m    103.26[0m[34;1m   1190064[0m[34;1m   1403032[0m[34;1m        48[0m
18:24:33   [34;1m   1019468[0m[34;1m   1810732[0m[34;1m    726580[0m[34;1m     19.10[0m[34;1m     93832[0m[34;1m   1851908[0m[34;1m   3927104[0m[31;1m    103.26[0m[34;1m   1190072[0m[34;1m   1402784[0m[34;1m       200[0m
18:24:34   [34;1m   1019216[0m[34;1m   1810480[0m[34;1m    726828[0m[34;1m     19.11[0m[34;1m     93832[0m[34;1m   1851908[0m[34;1m   3927104[0m[31;1m    103.26[0m[34;1m   1190068[0m[34;1m   1402864[0m[34;1m        12[0m
18:24:35   [34;1m   1019216[0m[34;1m   1810480[0m[34;1m    726832[0m[34;1m     19.11[0m[34;1m     93832[0m[34;1m   1851908[0m[34;1m   3927104[0m[31;1m    103.26[0m[34;1m   1190068[0m[34;1m   1402864[0m[34;1m        12[0m
18:24:36   [34;1m   1019216[0m[34;1m   1810480[0m[34;1m    726832[0m[34;1m     19.11[0m[34;1m     93832[0m[34;1m   1851908[0m[34;1m   3927104[0m[31;1m    103.26[0m[34;1m   1190068[0m[34;1m   1402652[0m[34;1m        12[0m
18:24:37   [34;1m   1019216[0m[34;1m   1810484[0m[34;1m    726816[0m[34;1m     19.11[0m[34;1m     93844[0m[34;1m   1851912[0m[34;1m   3927104[0m[31;1m    103.26[0m[34;1m   1190068[0m[34;1m   1402612[0m[34;1m       180[0m
18:24:38   [34;1m   1019216[0m[34;1m   1810484[0m[34;1m    726816[0m[34;1m     19.11[0m[34;1m     93848[0m[34;1m   1851908[0m[34;1m   3927104[0m[31;1m    103.26[0m[34;1m   1190068[0m[34;1m   1402712[0m[34;1m       180[0m
18:24:39   [34;1m   1019216[0m[34;1m   1810520[0m[34;1m    726800[0m[34;1m     19.11[0m[34;1m     93856[0m[34;1m   1851924[0m[34;1m   3927104[0m[31;1m    103.26[0m[34;1m   1190092[0m[34;1m   1402944[0m[34;1m       188[0m
18:24:40   [34;1m   1019216[0m[34;1m   1810520[0m[34;1m    726800[0m[34;1m     19.11[0m[34;1m     93856[0m[34;1m   1851924[0m[34;1m   3927104[0m[31;1m    103.26[0m[34;1m   1190092[0m[34;1m   1402964[0m[34;1m       188[0m
18:24:41   [34;1m   1019216[0m[34;1m   1810524[0m[34;1m    726796[0m[34;1m     19.11[0m[34;1m     93856[0m[34;1m   1851928[0m[34;1m   3927104[0m[31;1m    103.26[0m[34;1m   1190092[0m[34;1m   1403200[0m[34;1m       184[0m
18:24:42   [34;1m   1019216[0m[34;1m   1810536[0m[34;1m    726784[0m[34;1m     19.11[0m[34;1m     93864[0m[34;1m   1851932[0m[34;1m   3927104[0m[31;1m    103.26[0m[34;1m   1190100[0m[34;1m   1403356[0m[34;1m       188[0m
18:24:43   [34;1m   1019216[0m[34;1m   1810536[0m[34;1m    726784[0m[34;1m     19.11[0m[34;1m     93864[0m[34;1m   1851932[0m[34;1m   3927104[0m[31;1m    103.26[0m[34;1m   1190100[0m[34;1m   1403420[0m[34;1m       188[0m
18:24:44   [34;1m   1019216[0m[34;1m   1810536[0m[34;1m    726784[0m[34;1m     19.11[0m[34;1m     93864[0m[34;1m   1851932[0m[34;1m   3927104[0m[31;1m    103.26[0m[34;1m   1190100[0m[34;1m   1403464[0m[34;1m       188[0m
18:24:45   [34;1m   1019216[0m[34;1m   1810536[0m[34;1m    726784[0m[34;1m     19.11[0m[34;1m     93864[0m[34;1m   1851932[0m[34;1m   3927104[0m[31;1m    103.26[0m[34;1m   1190100[0m[34;1m   1403468[0m[34;1m       188[0m
18:24:46   [34;1m   1019216[0m[34;1m   1810536[0m[34;1m    726784[0m[34;1m     19.11[0m[34;1m     93864[0m[34;1m   1851932[0m[34;1m   3927104[0m[31;1m    103.26[0m[34;1m   1190100[0m[34;1m   1403468[0m[34;1m       188[0m
18:24:47   [34;1m   1019216[0m[34;1m   1810540[0m[34;1m    726776[0m[34;1m     19.11[0m[34;1m     93868[0m[34;1m   1851936[0m[34;1m   3927104[0m[31;1m    103.26[0m[34;1m   1190100[0m[34;1m   1403508[0m[34;1m       188[0m
18:24:48   [34;1m   1019216[0m[34;1m   1810540[0m[34;1m    726776[0m[34;1m     19.11[0m[34;1m     93868[0m[34;1m   1851936[0m[34;1m   3927104[0m[31;1m    103.26[0m[34;1m   1190100[0m[34;1m   1403508[0m[34;1m       188[0m
18:24:49   [34;1m   1019216[0m[34;1m   1810544[0m[34;1m    726776[0m[34;1m     19.11[0m[34;1m     93868[0m[34;1m   1851936[0m[34;1m   3927104[0m[31;1m    103.26[0m[34;1m   1190104[0m[34;1m   1404032[0m[34;1m       188[0m
18:24:50   [34;1m   1019216[0m[34;1m   1810544[0m[34;1m    726776[0m[34;1m     19.11[0m[34;1m     93868[0m[34;1m   1851936[0m[34;1m   3927104[0m[31;1m    103.26[0m[34;1m   1190104[0m[34;1m   1404032[0m[34;1m       188[0m
18:24:51   [34;1m   1019216[0m[34;1m   1810544[0m[34;1m    726776[0m[34;1m     19.11[0m[34;1m     93868[0m[34;1m   1851936[0m[34;1m   3927104[0m[31;1m    103.26[0m[34;1m   1190104[0m[34;1m   1404084[0m[34;1m       188[0m
18:24:52   [34;1m   1019216[0m[34;1m   1810548[0m[34;1m    726772[0m[34;1m     19.11[0m[34;1m     93868[0m[34;1m   1851940[0m[34;1m   3927104[0m[31;1m    103.26[0m[34;1m   1190104[0m[34;1m   1404088[0m[34;1m       188[0m
18:24:53   [34;1m   1018968[0m[34;1m   1810300[0m[34;1m    727020[0m[34;1m     19.12[0m[34;1m     93868[0m[34;1m   1851940[0m[34;1m   3927104[0m[31;1m    103.26[0m[34;1m   1190108[0m[34;1m   1404188[0m[34;1m       192[0m
18:24:54   [34;1m   1018968[0m[34;1m   1810308[0m[34;1m    727016[0m[34;1m     19.12[0m[34;1m     93868[0m[34;1m   1851948[0m[34;1m   3927104[0m[31;1m    103.26[0m[34;1m   1190104[0m[34;1m   1404124[0m[34;1m       192[0m
18:24:55   [34;1m   1018968[0m[34;1m   1810308[0m[34;1m    727016[0m[34;1m     19.12[0m[34;1m     93868[0m[34;1m   1851948[0m[34;1m   3927104[0m[31;1m    103.26[0m[34;1m   1190104[0m[34;1m   1403556[0m[34;1m       192[0m
18:24:56   [34;1m   1018968[0m[34;1m   1810308[0m[34;1m    727016[0m[34;1m     19.12[0m[34;1m     93868[0m[34;1m   1851948[0m[34;1m   3927104[0m[31;1m    103.26[0m[34;1m   1190104[0m[34;1m   1403556[0m[34;1m       192[0m
18:24:57   [34;1m   1018968[0m[34;1m   1810312[0m[34;1m    727012[0m[34;1m     19.12[0m[34;1m     93868[0m[34;1m   1851952[0m[34;1m   3927104[0m[31;1m    103.26[0m[34;1m   1190104[0m[34;1m   1403600[0m[34;1m       192[0m
18:24:58   [34;1m   1018968[0m[34;1m   1810312[0m[34;1m    727012[0m[34;1m     19.12[0m[34;1m     93868[0m[34;1m   1851952[0m[34;1m   3927104[0m[31;1m    103.26[0m[34;1m   1190104[0m[34;1m   1403600[0m[34;1m       192[0m
18:24:59   [34;1m   1018968[0m[34;1m   1810312[0m[34;1m    727004[0m[34;1m     19.12[0m[34;1m     93868[0m[34;1m   1851952[0m[34;1m   3927104[0m[31;1m    103.26[0m[34;1m   1190104[0m[34;1m   1403776[0m[34;1m       192[0m
18:25:00   [34;1m   1018968[0m[34;1m   1810312[0m[34;1m    727000[0m[34;1m     19.12[0m[34;1m     93868[0m[34;1m   1851952[0m[34;1m   3927104[0m[31;1m    103.26[0m[34;1m   1190104[0m[34;1m   1403776[0m[34;1m       192[0m
18:25:01   [34;1m   1018968[0m[34;1m   1810320[0m[34;1m    726992[0m[34;1m     19.12[0m[34;1m     93872[0m[34;1m   1851956[0m[34;1m   3927104[0m[31;1m    103.26[0m[34;1m   1190108[0m[34;1m   1403792[0m[34;1m       192[0m
18:25:02   [34;1m   1018968[0m[34;1m   1810320[0m[34;1m    726992[0m[34;1m     19.12[0m[34;1m     93872[0m[34;1m   1851956[0m[34;1m   3927104[0m[31;1m    103.26[0m[34;1m   1190108[0m[34;1m   1403424[0m[34;1m       192[0m
18:25:03   [34;1m   1018968[0m[34;1m   1810324[0m[34;1m    726980[0m[34;1m     19.11[0m[34;1m     93872[0m[34;1m   1851960[0m[34;1m   3927104[0m[31;1m    103.26[0m[34;1m   1190116[0m[34;1m   1403472[0m[34;1m       196[0m
18:25:04   [34;1m   1018968[0m[34;1m   1810324[0m[34;1m    726988[0m[34;1m     19.12[0m[34;1m     93872[0m[34;1m   1851960[0m[34;1m   3927104[0m[31;1m    103.26[0m[34;1m   1190108[0m[34;1m   1403396[0m[34;1m       196[0m
18:25:05   [34;1m   1018968[0m[34;1m   1810324[0m[34;1m    726988[0m[34;1m     19.12[0m[34;1m     93872[0m[34;1m   1851960[0m[34;1m   3927104[0m[31;1m    103.26[0m[34;1m   1190108[0m[34;1m   1403396[0m[34;1m       196[0m
18:25:06   [34;1m   1018968[0m[34;1m   1810324[0m[34;1m    726988[0m[34;1m     19.12[0m[34;1m     93876[0m[34;1m   1851956[0m[34;1m   3927104[0m[31;1m    103.26[0m[34;1m   1190108[0m[34;1m   1403208[0m[34;1m       192[0m
18:25:07   [34;1m   1018968[0m[34;1m   1810332[0m[34;1m    726980[0m[34;1m     19.11[0m[34;1m     93876[0m[34;1m   1851964[0m[34;1m   3927104[0m[31;1m    103.26[0m[34;1m   1190112[0m[34;1m   1403140[0m[34;1m        12[0m
18:25:08   [34;1m   1017204[0m[34;1m   1808568[0m[34;1m    728744[0m[34;1m     19.16[0m[34;1m     93888[0m[34;1m   1851952[0m[34;1m   3927104[0m[31;1m    103.26[0m[34;1m   1190112[0m[34;1m   1403140[0m[34;1m        12[0m
18:25:09   [34;1m   1016952[0m[34;1m   1808340[0m[34;1m    728976[0m[34;1m     19.17[0m[34;1m     93888[0m[34;1m   1851976[0m[34;1m   3927104[0m[31;1m    103.26[0m[34;1m   1190124[0m[34;1m   1403724[0m[34;1m        32[0m
18:25:10   [34;1m   1016952[0m[34;1m   1808340[0m[34;1m    728976[0m[34;1m     19.17[0m[34;1m     93888[0m[34;1m   1851976[0m[34;1m   3927104[0m[31;1m    103.26[0m[34;1m   1190124[0m[34;1m   1403724[0m[34;1m        32[0m
18:25:11   [34;1m   1016952[0m[34;1m   1808344[0m[34;1m    728972[0m[34;1m     19.17[0m[34;1m     93888[0m[34;1m   1851980[0m[34;1m   3927104[0m[31;1m    103.26[0m[34;1m   1190124[0m[34;1m   1403764[0m[34;1m        32[0m
18:25:12   [34;1m   1016952[0m[34;1m   1808344[0m[34;1m    728972[0m[34;1m     19.17[0m[34;1m     93888[0m[34;1m   1851980[0m[34;1m   3927104[0m[31;1m    103.26[0m[34;1m   1190124[0m[34;1m   1403764[0m[34;1m        32[0m
18:25:13   [34;1m   1014432[0m[34;1m   1805824[0m[34;1m    731492[0m[34;1m     19.23[0m[34;1m     93888[0m[34;1m   1851980[0m[34;1m   3927104[0m[31;1m    103.26[0m[34;1m   1190124[0m[34;1m   1403784[0m[34;1m        32[0m
18:25:14   [34;1m   1014432[0m[34;1m   1805824[0m[34;1m    731492[0m[34;1m     19.23[0m[34;1m     93888[0m[34;1m   1851980[0m[34;1m   3927104[0m[31;1m    103.26[0m[34;1m   1190124[0m[34;1m   1403800[0m[34;1m        16[0m
18:25:15   [34;1m   1014432[0m[34;1m   1805824[0m[34;1m    731492[0m[34;1m     19.23[0m[34;1m     93888[0m[34;1m   1851980[0m[34;1m   3927104[0m[31;1m    103.26[0m[34;1m   1190124[0m[34;1m   1403864[0m[34;1m        16[0m
18:25:16   [34;1m   1014432[0m[34;1m   1805824[0m[34;1m    731492[0m[34;1m     19.23[0m[34;1m     93900[0m[34;1m   1851968[0m[34;1m   3927104[0m[31;1m    103.26[0m[34;1m   1190124[0m[34;1m   1403864[0m[34;1m        16[0m
18:25:17   [34;1m   1014432[0m[34;1m   1805840[0m[34;1m    731476[0m[34;1m     19.23[0m[34;1m     93900[0m[34;1m   1851984[0m[34;1m   3927104[0m[31;1m    103.26[0m[34;1m   1190136[0m[34;1m   1403876[0m[34;1m        28[0m
18:25:18   [34;1m   1014432[0m[34;1m   1805840[0m[34;1m    731476[0m[34;1m     19.23[0m[34;1m     93900[0m[34;1m   1851984[0m[34;1m   3927104[0m[31;1m    103.26[0m[34;1m   1190136[0m[34;1m   1403876[0m[34;1m        28[0m
18:25:19   [34;1m   1014180[0m[34;1m   1805588[0m[34;1m    731724[0m[34;1m     19.24[0m[34;1m     93900[0m[34;1m   1851984[0m[34;1m   3927104[0m[31;1m    103.26[0m[34;1m   1190136[0m[34;1m   1404268[0m[34;1m        28[0m
18:25:20   [34;1m   1014180[0m[34;1m   1805588[0m[34;1m    731724[0m[34;1m     19.24[0m[34;1m     93900[0m[34;1m   1851984[0m[34;1m   3927104[0m[31;1m    103.26[0m[34;1m   1190136[0m[34;1m   1404268[0m[34;1m        28[0m
18:25:21   [34;1m   1014180[0m[34;1m   1805596[0m[34;1m    731716[0m[34;1m     19.24[0m[34;1m     93904[0m[34;1m   1851988[0m[34;1m   3927104[0m[31;1m    103.26[0m[34;1m   1190140[0m[34;1m   1404292[0m[34;1m        28[0m
18:25:22   [34;1m   1014180[0m[34;1m   1805596[0m[34;1m    731716[0m[34;1m     19.24[0m[34;1m     93904[0m[34;1m   1851988[0m[34;1m   3927104[0m[31;1m    103.26[0m[34;1m   1190140[0m[34;1m   1404292[0m[34;1m        16[0m
18:25:23   [34;1m   1012924[0m[34;1m   1804348[0m[34;1m    732964[0m[34;1m     19.27[0m[34;1m     93916[0m[34;1m   1851984[0m[34;1m   3927104[0m[31;1m    103.26[0m[34;1m   1190144[0m[34;1m   1404736[0m[34;1m        16[0m
18:25:24   [34;1m   1012672[0m[34;1m   1804108[0m[34;1m    733204[0m[34;1m     19.28[0m[34;1m     93916[0m[34;1m   1851996[0m[34;1m   3927104[0m[31;1m    103.26[0m[34;1m   1190152[0m[34;1m   1404708[0m[34;1m        32[0m
18:25:25   [34;1m   1012432[0m[34;1m   1803868[0m[34;1m    733440[0m[34;1m     19.28[0m[34;1m     93916[0m[34;1m   1852000[0m[34;1m   3927360[0m[31;1m    103.26[0m[34;1m   1190152[0m[34;1m   1404708[0m[34;1m        36[0m
18:25:26   [34;1m   1012432[0m[34;1m   1803868[0m[34;1m    733440[0m[34;1m     19.28[0m[34;1m     93920[0m[34;1m   1851996[0m[34;1m   3927360[0m[31;1m    103.26[0m[34;1m   1190152[0m[34;1m   1404708[0m[34;1m        36[0m
18:25:27   [34;1m   1012432[0m[34;1m   1803880[0m[34;1m    733432[0m[34;1m     19.28[0m[34;1m     93920[0m[34;1m   1852004[0m[34;1m   3927360[0m[31;1m    103.26[0m[34;1m   1190156[0m[34;1m   1404756[0m[34;1m        40[0m
18:25:28   [34;1m   1010920[0m[34;1m   1802368[0m[34;1m    734944[0m[34;1m     19.32[0m[34;1m     93920[0m[34;1m   1852004[0m[34;1m   3927360[0m[31;1m    103.26[0m[34;1m   1190156[0m[34;1m   1404756[0m[34;1m        40[0m
18:25:29   [34;1m   1010416[0m[34;1m   1801864[0m[34;1m    735452[0m[34;1m     19.34[0m[34;1m     93920[0m[34;1m   1852004[0m[34;1m   3927360[0m[31;1m    103.26[0m[34;1m   1190156[0m[34;1m   1405028[0m[34;1m        12[0m
18:25:30   [34;1m   1010416[0m[34;1m   1801864[0m[34;1m    735452[0m[34;1m     19.34[0m[34;1m     93920[0m[34;1m   1852004[0m[34;1m   3927360[0m[31;1m    103.26[0m[34;1m   1190156[0m[34;1m   1405028[0m[34;1m        12[0m
18:25:31   [34;1m   1010416[0m[34;1m   1801872[0m[34;1m    735440[0m[34;1m     19.34[0m[34;1m     93924[0m[34;1m   1852008[0m[34;1m   3927360[0m[31;1m    103.26[0m[34;1m   1190160[0m[34;1m   1405068[0m[34;1m        12[0m
18:25:32   [34;1m   1010416[0m[34;1m   1801872[0m[34;1m    735440[0m[34;1m     19.34[0m[34;1m     93924[0m[34;1m   1852008[0m[34;1m   3927360[0m[31;1m    103.26[0m[34;1m   1190160[0m[34;1m   1404708[0m[34;1m        12[0m
18:25:33   [34;1m   1009912[0m[34;1m   1801368[0m[34;1m    735944[0m[34;1m     19.35[0m[34;1m     93924[0m[34;1m   1852008[0m[34;1m   3927360[0m[31;1m    103.26[0m[34;1m   1190164[0m[34;1m   1404656[0m[34;1m        16[0m
18:25:34   [34;1m   1008400[0m[34;1m   1799856[0m[34;1m    737472[0m[34;1m     19.39[0m[34;1m     93924[0m[34;1m   1852008[0m[34;1m   3927360[0m[31;1m    103.26[0m[34;1m   1190160[0m[34;1m   1404808[0m[34;1m        16[0m
18:25:35   [34;1m   1008400[0m[34;1m   1799860[0m[34;1m    737472[0m[34;1m     19.39[0m[34;1m     93924[0m[34;1m   1852012[0m[34;1m   3927360[0m[31;1m    103.26[0m[34;1m   1190160[0m[34;1m   1404832[0m[34;1m        32[0m
18:25:36   [34;1m   1008400[0m[34;1m   1799860[0m[34;1m    737472[0m[34;1m     19.39[0m[34;1m     93924[0m[34;1m   1852012[0m[34;1m   3927360[0m[31;1m    103.26[0m[34;1m   1190160[0m[34;1m   1404740[0m[34;1m         4[0m
18:25:37   [34;1m   1008400[0m[34;1m   1799860[0m[34;1m    737468[0m[34;1m     19.39[0m[34;1m     93924[0m[34;1m   1852012[0m[34;1m   3927360[0m[31;1m    103.26[0m[34;1m   1190160[0m[34;1m   1404580[0m[34;1m         4[0m
18:25:38   [34;1m   1007140[0m[34;1m   1798600[0m[34;1m    738728[0m[34;1m     19.42[0m[34;1m     93932[0m[34;1m   1852004[0m[34;1m   3927360[0m[31;1m    103.26[0m[34;1m   1190160[0m[34;1m   1405480[0m[34;1m         4[0m
18:25:39   [34;1m   1006636[0m[34;1m   1798116[0m[34;1m    739216[0m[34;1m     19.44[0m[34;1m     93932[0m[34;1m   1852024[0m[34;1m   3927360[0m[31;1m    103.26[0m[34;1m   1190168[0m[34;1m   1406436[0m[34;1m        28[0m
18:25:40   [34;1m   1006636[0m[34;1m   1798116[0m[34;1m    739216[0m[34;1m     19.44[0m[34;1m     93932[0m[34;1m   1852024[0m[34;1m   3927360[0m[31;1m    103.26[0m[34;1m   1190168[0m[34;1m   1406436[0m[34;1m        28[0m
18:25:41   [34;1m   1006636[0m[34;1m   1798120[0m[34;1m    739204[0m[34;1m     19.44[0m[34;1m     93940[0m[34;1m   1852028[0m[34;1m   3927360[0m[31;1m    103.26[0m[34;1m   1190168[0m[34;1m   1406476[0m[34;1m        28[0m
18:25:42   [34;1m   1006636[0m[34;1m   1798128[0m[34;1m    739204[0m[34;1m     19.44[0m[34;1m     93940[0m[34;1m   1852028[0m[34;1m   3927360[0m[31;1m    103.26[0m[34;1m   1190176[0m[34;1m   1406492[0m[34;1m        28[0m
18:25:43   [34;1m   1005628[0m[34;1m   1797120[0m[34;1m    740208[0m[34;1m     19.46[0m[34;1m     93940[0m[34;1m   1852028[0m[34;1m   3927360[0m[31;1m    103.26[0m[34;1m   1190180[0m[34;1m   1406592[0m[34;1m        28[0m
18:25:44   [34;1m   1005628[0m[34;1m   1797120[0m[34;1m    740208[0m[34;1m     19.46[0m[34;1m     93940[0m[34;1m   1852028[0m[34;1m   3927360[0m[31;1m    103.26[0m[34;1m   1190176[0m[34;1m   1406508[0m[34;1m        12[0m
18:25:45   [34;1m   1005628[0m[34;1m   1797128[0m[34;1m    740196[0m[34;1m     19.46[0m[34;1m     93944[0m[34;1m   1852036[0m[34;1m   3927360[0m[31;1m    103.26[0m[34;1m   1190176[0m[34;1m   1406520[0m[34;1m        28[0m
18:25:46   [34;1m   1005628[0m[34;1m   1797128[0m[34;1m    740196[0m[34;1m     19.46[0m[34;1m     93944[0m[34;1m   1852036[0m[34;1m   3927360[0m[31;1m    103.26[0m[34;1m   1190176[0m[34;1m   1406520[0m[34;1m        28[0m
18:25:47   [34;1m   1005628[0m[34;1m   1797132[0m[34;1m    740196[0m[34;1m     19.46[0m[34;1m     93944[0m[34;1m   1852036[0m[34;1m   3927360[0m[31;1m    103.26[0m[34;1m   1190180[0m[34;1m   1406576[0m[34;1m        28[0m
18:25:48   [34;1m   1003108[0m[34;1m   1794612[0m[34;1m    742716[0m[34;1m     19.53[0m[34;1m     93944[0m[34;1m   1852036[0m[34;1m   3927360[0m[31;1m    103.26[0m[34;1m   1190180[0m[34;1m   1406276[0m[34;1m        28[0m
18:25:49   [34;1m   1003108[0m[34;1m   1794620[0m[34;1m    742712[0m[34;1m     19.53[0m[34;1m     93944[0m[34;1m   1852036[0m[34;1m   3927360[0m[31;1m    103.26[0m[34;1m   1190180[0m[34;1m   1406456[0m[34;1m        28[0m
18:25:50   [34;1m   1003108[0m[34;1m   1794620[0m[34;1m    742712[0m[34;1m     19.53[0m[34;1m     93944[0m[34;1m   1852036[0m[34;1m   3927360[0m[31;1m    103.26[0m[34;1m   1190180[0m[34;1m   1406456[0m[34;1m        28[0m
18:25:51   [34;1m   1003108[0m[34;1m   1794624[0m[34;1m    742708[0m[34;1m     19.53[0m[34;1m     93944[0m[34;1m   1852040[0m[34;1m   3927360[0m[31;1m    103.26[0m[34;1m   1190180[0m[34;1m   1406560[0m[34;1m        28[0m
18:25:52   [34;1m   1003108[0m[34;1m   1794624[0m[34;1m    742708[0m[34;1m     19.53[0m[34;1m     93944[0m[34;1m   1852040[0m[34;1m   3927360[0m[31;1m    103.26[0m[34;1m   1190180[0m[34;1m   1406568[0m[34;1m        28[0m
18:25:53   [34;1m   1000840[0m[34;1m   1792364[0m[34;1m    744968[0m[34;1m     19.59[0m[34;1m     93948[0m[34;1m   1852044[0m[34;1m   3927360[0m[31;1m    103.26[0m[34;1m   1190180[0m[34;1m   1406760[0m[34;1m        28[0m
18:25:54   [34;1m    999832[0m[34;1m   1791360[0m[34;1m    745972[0m[34;1m     19.61[0m[34;1m     93948[0m[34;1m   1852048[0m[34;1m   3928512[0m[31;1m    103.29[0m[34;1m   1190184[0m[34;1m   1407596[0m[34;1m        32[0m
18:25:55   [34;1m    999832[0m[34;1m   1791372[0m[34;1m    745960[0m[34;1m     19.61[0m[34;1m     93956[0m[34;1m   1852052[0m[34;1m   3928512[0m[31;1m    103.29[0m[34;1m   1190192[0m[34;1m   1407932[0m[34;1m        32[0m
18:25:56   [34;1m    999832[0m[34;1m   1791372[0m[34;1m    745960[0m[34;1m     19.61[0m[34;1m     93956[0m[34;1m   1852052[0m[34;1m   3928512[0m[31;1m    103.29[0m[34;1m   1190192[0m[34;1m   1407932[0m[34;1m        16[0m
18:25:57   [34;1m    999832[0m[34;1m   1791372[0m[34;1m    745960[0m[34;1m     19.61[0m[34;1m     93956[0m[34;1m   1852052[0m[34;1m   3928512[0m[31;1m    103.29[0m[34;1m   1190192[0m[34;1m   1407972[0m[34;1m        16[0m
18:25:58   [34;1m    999832[0m[34;1m   1791372[0m[34;1m    745960[0m[34;1m     19.61[0m[34;1m     93956[0m[34;1m   1852052[0m[34;1m   3928512[0m[31;1m    103.29[0m[34;1m   1190192[0m[34;1m   1407972[0m[34;1m        16[0m
18:25:59   [34;1m    997312[0m[34;1m   1788860[0m[34;1m    748468[0m[34;1m     19.68[0m[34;1m     93960[0m[34;1m   1852056[0m[34;1m   3929088[0m[31;1m    103.31[0m[34;1m   1190196[0m[34;1m   1406752[0m[34;1m        28[0m
18:26:00   [34;1m    997312[0m[34;1m   1788860[0m[34;1m    748468[0m[34;1m     19.68[0m[34;1m     93960[0m[34;1m   1852056[0m[34;1m   3929088[0m[31;1m    103.31[0m[34;1m   1190196[0m[34;1m   1406812[0m[34;1m        28[0m
18:26:01   [34;1m    997312[0m[34;1m   1788860[0m[34;1m    748468[0m[34;1m     19.68[0m[34;1m     93960[0m[34;1m   1852056[0m[34;1m   3929088[0m[31;1m    103.31[0m[34;1m   1190196[0m[34;1m   1406932[0m[34;1m        28[0m
18:26:02   [34;1m    997312[0m[34;1m   1788860[0m[34;1m    748468[0m[34;1m     19.68[0m[34;1m     93960[0m[34;1m   1852056[0m[34;1m   3929088[0m[31;1m    103.31[0m[34;1m   1190196[0m[34;1m   1406608[0m[34;1m        28[0m
18:26:03   [34;1m    997072[0m[34;1m   1788624[0m[34;1m    748704[0m[34;1m     19.69[0m[34;1m     93960[0m[34;1m   1852060[0m[34;1m   3929088[0m[31;1m    103.31[0m[34;1m   1190196[0m[34;1m   1406552[0m[34;1m        28[0m
18:26:04   [34;1m    997072[0m[34;1m   1788624[0m[34;1m    748704[0m[34;1m     19.69[0m[34;1m     93960[0m[34;1m   1852060[0m[34;1m   3929088[0m[31;1m    103.31[0m[34;1m   1190196[0m[34;1m   1405784[0m[34;1m        20[0m
18:26:05   [34;1m    997072[0m[34;1m   1788624[0m[34;1m    748704[0m[34;1m     19.69[0m[34;1m     93960[0m[34;1m   1852060[0m[34;1m   3929088[0m[31;1m    103.31[0m[34;1m   1190196[0m[34;1m   1405396[0m[34;1m        12[0m
18:26:06   [34;1m    997072[0m[34;1m   1788624[0m[34;1m    748704[0m[34;1m     19.69[0m[34;1m     93960[0m[34;1m   1852060[0m[34;1m   3929088[0m[31;1m    103.31[0m[34;1m   1190196[0m[34;1m   1405188[0m[34;1m        12[0m
18:26:07   [34;1m    997072[0m[34;1m   1788624[0m[34;1m    748700[0m[34;1m     19.69[0m[34;1m     93960[0m[34;1m   1852064[0m[34;1m   3929088[0m[31;1m    103.31[0m[34;1m   1190196[0m[34;1m   1405116[0m[34;1m        16[0m
18:26:08   [34;1m    997072[0m[34;1m   1788624[0m[34;1m    748700[0m[34;1m     19.69[0m[34;1m     93980[0m[34;1m   1852044[0m[34;1m   3929088[0m[31;1m    103.31[0m[34;1m   1190196[0m[34;1m   1405224[0m[34;1m        16[0m
18:26:09   [34;1m    997072[0m[34;1m   1788660[0m[34;1m    748672[0m[34;1m     19.69[0m[34;1m     93984[0m[34;1m   1852072[0m[34;1m   3929088[0m[31;1m    103.31[0m[34;1m   1190216[0m[34;1m   1405528[0m[34;1m        36[0m
18:26:10   [34;1m    997072[0m[34;1m   1788664[0m[34;1m    748668[0m[34;1m     19.69[0m[34;1m     93984[0m[34;1m   1852076[0m[34;1m   3929088[0m[31;1m    103.31[0m[34;1m   1190220[0m[34;1m   1405624[0m[34;1m        40[0m
18:26:11   [34;1m    997072[0m[34;1m   1788664[0m[34;1m    748668[0m[34;1m     19.69[0m[34;1m     93984[0m[34;1m   1852076[0m[34;1m   3929088[0m[31;1m    103.31[0m[34;1m   1190220[0m[34;1m   1405624[0m[34;1m        40[0m
18:26:12   [34;1m    997072[0m[34;1m   1788664[0m[34;1m    748668[0m[34;1m     19.69[0m[34;1m     93984[0m[34;1m   1852076[0m[34;1m   3929088[0m[31;1m    103.31[0m[34;1m   1190220[0m[34;1m   1405812[0m[34;1m        40[0m
18:26:13   [34;1m    997072[0m[34;1m   1788664[0m[34;1m    748668[0m[34;1m     19.69[0m[34;1m     93992[0m[34;1m   1852068[0m[34;1m   3929088[0m[31;1m    103.31[0m[34;1m   1190220[0m[34;1m   1406400[0m[34;1m        40[0m
18:26:14   [34;1m    997072[0m[34;1m   1788676[0m[34;1m    748652[0m[34;1m     19.68[0m[34;1m     93992[0m[34;1m   1852080[0m[34;1m   3929088[0m[31;1m    103.31[0m[34;1m   1190228[0m[34;1m   1406532[0m[34;1m         8[0m
18:26:15   [34;1m    996824[0m[34;1m   1788428[0m[34;1m    748900[0m[34;1m     19.69[0m[34;1m     93992[0m[34;1m   1852080[0m[34;1m   3929088[0m[31;1m    103.31[0m[34;1m   1190228[0m[34;1m   1406592[0m[34;1m         8[0m
18:26:16   [34;1m    996824[0m[34;1m   1788428[0m[34;1m    748900[0m[34;1m     19.69[0m[34;1m     93992[0m[34;1m   1852080[0m[34;1m   3929088[0m[31;1m    103.31[0m[34;1m   1190228[0m[34;1m   1406612[0m[34;1m         8[0m
18:26:17   [34;1m    996824[0m[34;1m   1788428[0m[34;1m    748900[0m[34;1m     19.69[0m[34;1m     93992[0m[34;1m   1852080[0m[34;1m   3929088[0m[31;1m    103.31[0m[34;1m   1190228[0m[34;1m   1406612[0m[34;1m         8[0m
18:26:18   [34;1m    996824[0m[34;1m   1788428[0m[34;1m    748900[0m[34;1m     19.69[0m[34;1m     93992[0m[34;1m   1852080[0m[34;1m   3929088[0m[31;1m    103.31[0m[34;1m   1190228[0m[34;1m   1406612[0m[34;1m         8[0m
18:26:19   [34;1m    996824[0m[34;1m   1788428[0m[34;1m    748904[0m[34;1m     19.69[0m[34;1m     94000[0m[34;1m   1852072[0m[34;1m   3929088[0m[31;1m    103.31[0m[34;1m   1190228[0m[34;1m   1406936[0m[34;1m         8[0m
18:26:20   [34;1m    996824[0m[34;1m   1788440[0m[34;1m    748892[0m[34;1m     19.69[0m[34;1m     94000[0m[34;1m   1852084[0m[34;1m   3929088[0m[31;1m    103.31[0m[34;1m   1190236[0m[34;1m   1406984[0m[34;1m        20[0m
18:26:21   [34;1m    996824[0m[34;1m   1788440[0m[34;1m    748892[0m[34;1m     19.69[0m[34;1m     94000[0m[34;1m   1852084[0m[34;1m   3929088[0m[31;1m    103.31[0m[34;1m   1190236[0m[34;1m   1406984[0m[34;1m        20[0m
18:26:22   [34;1m    996824[0m[34;1m   1788440[0m[34;1m    748892[0m[34;1m     19.69[0m[34;1m     94000[0m[34;1m   1852084[0m[34;1m   3929088[0m[31;1m    103.31[0m[34;1m   1190236[0m[34;1m   1407028[0m[34;1m        20[0m
18:26:23   [34;1m    996824[0m[34;1m   1788440[0m[34;1m    748892[0m[34;1m     19.69[0m[34;1m     94012[0m[34;1m   1852072[0m[34;1m   3929088[0m[31;1m    103.31[0m[34;1m   1190236[0m[34;1m   1406728[0m[34;1m        20[0m
18:26:24   [34;1m    996824[0m[34;1m   1788468[0m[34;1m    748860[0m[34;1m     19.69[0m[34;1m     94012[0m[34;1m   1852100[0m[34;1m   3929088[0m[31;1m    103.31[0m[34;1m   1190248[0m[34;1m   1406440[0m[34;1m        32[0m
18:26:25   [34;1m    996824[0m[34;1m   1788468[0m[34;1m    748860[0m[34;1m     19.69[0m[34;1m     94012[0m[34;1m   1852100[0m[34;1m   3929088[0m[31;1m    103.31[0m[34;1m   1190248[0m[34;1m   1406444[0m[34;1m        16[0m
18:26:26   [34;1m    996824[0m[34;1m   1788468[0m[34;1m    748860[0m[34;1m     19.69[0m[34;1m     94012[0m[34;1m   1852100[0m[34;1m   3929088[0m[31;1m    103.31[0m[34;1m   1190248[0m[34;1m   1406452[0m[34;1m        16[0m
18:26:27   [34;1m    996824[0m[34;1m   1788468[0m[34;1m    748860[0m[34;1m     19.69[0m[34;1m     94012[0m[34;1m   1852100[0m[34;1m   3929088[0m[31;1m    103.31[0m[34;1m   1190248[0m[34;1m   1406452[0m[34;1m        16[0m
18:26:28   [34;1m    996824[0m[34;1m   1788468[0m[34;1m    748860[0m[34;1m     19.69[0m[34;1m     94012[0m[34;1m   1852100[0m[34;1m   3929088[0m[31;1m    103.31[0m[34;1m   1190248[0m[34;1m   1406452[0m[34;1m        16[0m
18:26:29   [34;1m    996824[0m[34;1m   1788468[0m[34;1m    748856[0m[34;1m     19.69[0m[34;1m     94020[0m[34;1m   1852092[0m[34;1m   3929088[0m[31;1m    103.31[0m[34;1m   1190248[0m[34;1m   1406660[0m[34;1m        16[0m
18:26:30   [34;1m    996824[0m[34;1m   1788484[0m[34;1m    748840[0m[34;1m     19.69[0m[34;1m     94020[0m[34;1m   1852108[0m[34;1m   3929088[0m[31;1m    103.31[0m[34;1m   1190256[0m[34;1m   1406704[0m[34;1m        32[0m
18:26:31   [34;1m    996824[0m[34;1m   1788484[0m[34;1m    748840[0m[34;1m     19.69[0m[34;1m     94020[0m[34;1m   1852108[0m[34;1m   3929088[0m[31;1m    103.31[0m[34;1m   1190256[0m[34;1m   1406804[0m[34;1m        32[0m
18:26:32   [34;1m    996824[0m[34;1m   1788484[0m[34;1m    748840[0m[34;1m     19.69[0m[34;1m     94020[0m[34;1m   1852108[0m[34;1m   3929088[0m[31;1m    103.31[0m[34;1m   1190256[0m[34;1m   1406472[0m[34;1m        32[0m
18:26:33   [34;1m    996824[0m[34;1m   1788484[0m[34;1m    748840[0m[34;1m     19.69[0m[34;1m     94028[0m[34;1m   1852100[0m[34;1m   3929088[0m[31;1m    103.31[0m[34;1m   1190256[0m[34;1m   1406440[0m[34;1m        32[0m
18:26:34   [34;1m    996824[0m[34;1m   1788496[0m[34;1m    748828[0m[34;1m     19.69[0m[34;1m     94028[0m[34;1m   1852112[0m[34;1m   3929088[0m[31;1m    103.31[0m[34;1m   1190264[0m[34;1m   1406484[0m[34;1m        32[0m
18:26:35   [34;1m    996824[0m[34;1m   1788496[0m[34;1m    748828[0m[34;1m     19.69[0m[34;1m     94028[0m[34;1m   1852112[0m[34;1m   3929088[0m[31;1m    103.31[0m[34;1m   1190264[0m[34;1m   1406484[0m[34;1m        20[0m
18:26:36   [34;1m    996824[0m[34;1m   1788496[0m[34;1m    748828[0m[34;1m     19.69[0m[34;1m     94028[0m[34;1m   1852112[0m[34;1m   3929088[0m[31;1m    103.31[0m[34;1m   1190264[0m[34;1m   1406368[0m[34;1m        20[0m
18:26:37   [34;1m    996824[0m[34;1m   1788496[0m[34;1m    748824[0m[34;1m     19.69[0m[34;1m     94028[0m[34;1m   1852112[0m[34;1m   3929088[0m[31;1m    103.31[0m[34;1m   1190264[0m[34;1m   1406288[0m[34;1m        20[0m
18:26:38   [34;1m    996584[0m[34;1m   1788264[0m[34;1m    749056[0m[34;1m     19.70[0m[34;1m     94032[0m[34;1m   1852116[0m[34;1m   3929088[0m[31;1m    103.31[0m[34;1m   1190264[0m[34;1m   1406308[0m[34;1m        32[0m
18:26:39   [34;1m    996584[0m[34;1m   1788268[0m[34;1m    749052[0m[34;1m     19.70[0m[34;1m     94040[0m[34;1m   1852112[0m[34;1m   3929088[0m[31;1m    103.31[0m[34;1m   1190268[0m[34;1m   1406468[0m[34;1m        36[0m
18:26:40   [34;1m    996584[0m[34;1m   1788280[0m[34;1m    749040[0m[34;1m     19.69[0m[34;1m     94040[0m[34;1m   1852124[0m[34;1m   3929088[0m[31;1m    103.31[0m[34;1m   1190276[0m[34;1m   1406288[0m[34;1m        24[0m
18:26:41   [34;1m    996584[0m[34;1m   1788280[0m[34;1m    749040[0m[34;1m     19.69[0m[34;1m     94040[0m[34;1m   1852124[0m[34;1m   3929088[0m[31;1m    103.31[0m[34;1m   1190276[0m[34;1m   1406288[0m[34;1m        24[0m
18:26:42   [34;1m    996584[0m[34;1m   1788280[0m[34;1m    749040[0m[34;1m     19.69[0m[34;1m     94040[0m[34;1m   1852124[0m[34;1m   3929088[0m[31;1m    103.31[0m[34;1m   1190276[0m[34;1m   1406328[0m[34;1m        28[0m
18:26:43   [34;1m    996584[0m[34;1m   1788280[0m[34;1m    749040[0m[34;1m     19.69[0m[34;1m     94048[0m[34;1m   1852116[0m[34;1m   3929088[0m[31;1m    103.31[0m[34;1m   1190276[0m[34;1m   1406328[0m[34;1m        12[0m
18:26:44   [34;1m    996584[0m[34;1m   1788292[0m[34;1m    749036[0m[34;1m     19.69[0m[34;1m     94048[0m[34;1m   1852128[0m[34;1m   3929088[0m[31;1m    103.31[0m[34;1m   1190284[0m[34;1m   1406340[0m[34;1m        36[0m
18:26:45   [34;1m    996584[0m[34;1m   1788292[0m[34;1m    749036[0m[34;1m     19.69[0m[34;1m     94048[0m[34;1m   1852128[0m[34;1m   3929088[0m[31;1m    103.31[0m[34;1m   1190284[0m[34;1m   1406340[0m[34;1m        36[0m
18:26:46   [34;1m    996584[0m[34;1m   1788292[0m[34;1m    749036[0m[34;1m     19.69[0m[34;1m     94048[0m[34;1m   1852128[0m[34;1m   3929088[0m[31;1m    103.31[0m[34;1m   1190284[0m[34;1m   1406356[0m[34;1m        36[0m
18:26:47   [34;1m    996584[0m[34;1m   1788292[0m[34;1m    749036[0m[34;1m     19.69[0m[34;1m     94052[0m[34;1m   1852124[0m[34;1m   3929088[0m[31;1m    103.31[0m[34;1m   1190284[0m[34;1m   1406356[0m[34;1m        36[0m
18:26:48   [34;1m    996584[0m[34;1m   1788300[0m[34;1m    749028[0m[34;1m     19.69[0m[34;1m     94052[0m[34;1m   1852132[0m[34;1m   3929088[0m[31;1m    103.31[0m[34;1m   1190288[0m[34;1m   1406412[0m[34;1m        36[0m
18:26:49   [34;1m    996584[0m[34;1m   1788300[0m[34;1m    749024[0m[34;1m     19.69[0m[34;1m     94052[0m[34;1m   1852132[0m[34;1m   3929088[0m[31;1m    103.31[0m[34;1m   1190288[0m[34;1m   1406616[0m[34;1m        12[0m
18:26:50   [34;1m    996584[0m[34;1m   1788300[0m[34;1m    749024[0m[34;1m     19.69[0m[34;1m     94052[0m[34;1m   1852132[0m[34;1m   3929088[0m[31;1m    103.31[0m[34;1m   1190288[0m[34;1m   1406748[0m[34;1m        12[0m
18:26:51   [34;1m    996584[0m[34;1m   1788300[0m[34;1m    749024[0m[34;1m     19.69[0m[34;1m     94052[0m[34;1m   1852132[0m[34;1m   3929088[0m[31;1m    103.31[0m[34;1m   1190288[0m[34;1m   1406748[0m[34;1m        12[0m
18:26:52   [34;1m    996584[0m[34;1m   1788304[0m[34;1m    749020[0m[34;1m     19.69[0m[34;1m     94052[0m[34;1m   1852136[0m[34;1m   3929088[0m[31;1m    103.31[0m[34;1m   1190288[0m[34;1m   1406816[0m[34;1m        16[0m
18:26:53   [34;1m    996584[0m[34;1m   1788312[0m[34;1m    749012[0m[34;1m     19.69[0m[34;1m     94072[0m[34;1m   1852124[0m[34;1m   3929088[0m[31;1m    103.31[0m[34;1m   1190296[0m[34;1m   1406816[0m[34;1m        24[0m
18:26:54   [34;1m    996584[0m[34;1m   1788340[0m[34;1m    748980[0m[34;1m     19.69[0m[34;1m     94072[0m[34;1m   1852152[0m[34;1m   3929088[0m[31;1m    103.31[0m[34;1m   1190308[0m[34;1m   1406396[0m[34;1m        36[0m
18:26:55   [34;1m    996584[0m[34;1m   1788340[0m[34;1m    748980[0m[34;1m     19.69[0m[34;1m     94072[0m[34;1m   1852152[0m[34;1m   3929088[0m[31;1m    103.31[0m[34;1m   1190308[0m[34;1m   1406396[0m[34;1m        24[0m
18:26:56   [34;1m    996584[0m[34;1m   1788340[0m[34;1m    748980[0m[34;1m     19.69[0m[34;1m     94072[0m[34;1m   1852152[0m[34;1m   3929088[0m[31;1m    103.31[0m[34;1m   1190308[0m[34;1m   1406412[0m[34;1m        24[0m
18:26:57   [34;1m    996584[0m[34;1m   1788340[0m[34;1m    748980[0m[34;1m     19.69[0m[34;1m     94076[0m[34;1m   1852148[0m[34;1m   3929088[0m[31;1m    103.31[0m[34;1m   1190308[0m[34;1m   1406412[0m[34;1m        24[0m
18:26:58   [34;1m    996584[0m[34;1m   1788348[0m[34;1m    748968[0m[34;1m     19.69[0m[34;1m     94076[0m[34;1m   1852156[0m[34;1m   3929088[0m[31;1m    103.31[0m[34;1m   1190308[0m[34;1m   1406440[0m[34;1m        36[0m
18:26:59   [34;1m    995576[0m[34;1m   1787344[0m[34;1m    749976[0m[34;1m     19.72[0m[34;1m     94076[0m[34;1m   1852156[0m[34;1m   3929088[0m[31;1m    103.31[0m[34;1m   1190312[0m[34;1m   1406440[0m[34;1m         8[0m
18:27:00   [34;1m    995576[0m[34;1m   1787344[0m[34;1m    749972[0m[34;1m     19.72[0m[34;1m     94076[0m[34;1m   1852156[0m[34;1m   3929088[0m[31;1m    103.31[0m[34;1m   1190312[0m[34;1m   1406680[0m[34;1m         8[0m
18:27:01   [34;1m    995576[0m[34;1m   1787344[0m[34;1m    749972[0m[34;1m     19.72[0m[34;1m     94076[0m[34;1m   1852156[0m[34;1m   3929088[0m[31;1m    103.31[0m[34;1m   1190312[0m[34;1m   1406668[0m[34;1m         8[0m
18:27:02   [34;1m    995576[0m[34;1m   1787344[0m[34;1m    749972[0m[34;1m     19.72[0m[34;1m     94076[0m[34;1m   1852156[0m[34;1m   3929088[0m[31;1m    103.31[0m[34;1m   1190312[0m[34;1m   1406332[0m[34;1m         8[0m
18:27:03   [34;1m    995576[0m[34;1m   1787344[0m[34;1m    749972[0m[34;1m     19.72[0m[34;1m     94084[0m[34;1m   1852148[0m[34;1m   3929088[0m[31;1m    103.31[0m[34;1m   1190312[0m[34;1m   1406248[0m[34;1m         8[0m
18:27:04   [34;1m    995576[0m[34;1m   1787356[0m[34;1m    749972[0m[34;1m     19.72[0m[34;1m     94084[0m[34;1m   1852160[0m[34;1m   3929088[0m[31;1m    103.31[0m[34;1m   1190320[0m[34;1m   1406252[0m[34;1m        20[0m
18:27:05   [34;1m    995576[0m[34;1m   1787356[0m[34;1m    749972[0m[34;1m     19.72[0m[34;1m     94084[0m[34;1m   1852160[0m[34;1m   3929088[0m[31;1m    103.31[0m[34;1m   1190320[0m[34;1m   1406252[0m[34;1m        20[0m
18:27:06   [34;1m    995576[0m[34;1m   1787356[0m[34;1m    749972[0m[34;1m     19.72[0m[34;1m     94084[0m[34;1m   1852160[0m[34;1m   3929088[0m[31;1m    103.31[0m[34;1m   1190320[0m[34;1m   1405940[0m[34;1m        20[0m
18:27:07   [34;1m    995576[0m[34;1m   1787360[0m[34;1m    749972[0m[34;1m     19.72[0m[34;1m     94084[0m[34;1m   1852164[0m[34;1m   3929088[0m[31;1m    103.31[0m[34;1m   1190320[0m[34;1m   1406004[0m[34;1m        20[0m
18:27:08   [34;1m    995576[0m[34;1m   1787360[0m[34;1m    749972[0m[34;1m     19.72[0m[34;1m     94088[0m[34;1m   1852160[0m[34;1m   3929088[0m[31;1m    103.31[0m[34;1m   1190320[0m[34;1m   1406012[0m[34;1m        20[0m
18:27:09   [34;1m    995336[0m[34;1m   1787128[0m[34;1m    750200[0m[34;1m     19.73[0m[34;1m     94088[0m[34;1m   1852168[0m[34;1m   3929088[0m[31;1m    103.31[0m[34;1m   1190324[0m[34;1m   1406080[0m[34;1m        12[0m
18:27:10   [34;1m    995336[0m[34;1m   1787128[0m[34;1m    750200[0m[34;1m     19.73[0m[34;1m     94088[0m[34;1m   1852168[0m[34;1m   3929088[0m[31;1m    103.31[0m[34;1m   1190324[0m[34;1m   1406260[0m[34;1m        12[0m
18:27:11   [34;1m    995336[0m[34;1m   1787128[0m[34;1m    750200[0m[34;1m     19.73[0m[34;1m     94088[0m[34;1m   1852168[0m[34;1m   3929088[0m[31;1m    103.31[0m[34;1m   1190324[0m[34;1m   1406260[0m[34;1m        12[0m
18:27:12   [34;1m    995336[0m[34;1m   1787132[0m[34;1m    750196[0m[34;1m     19.73[0m[34;1m     94088[0m[34;1m   1852172[0m[34;1m   3929088[0m[31;1m    103.31[0m[34;1m   1190324[0m[34;1m   1406312[0m[34;1m        16[0m
18:27:13   [34;1m    995336[0m[34;1m   1787132[0m[34;1m    750196[0m[34;1m     19.73[0m[34;1m     94100[0m[34;1m   1852160[0m[34;1m   3929088[0m[31;1m    103.31[0m[34;1m   1190324[0m[34;1m   1406312[0m[34;1m        16[0m
18:27:14   [34;1m    995336[0m[34;1m   1787156[0m[34;1m    750168[0m[34;1m     19.72[0m[34;1m     94100[0m[34;1m   1852176[0m[34;1m   3929088[0m[31;1m    103.31[0m[34;1m   1190336[0m[34;1m   1406424[0m[34;1m        28[0m
18:27:15   [34;1m    995336[0m[34;1m   1787156[0m[34;1m    750168[0m[34;1m     19.72[0m[34;1m     94104[0m[34;1m   1852172[0m[34;1m   3929088[0m[31;1m    103.31[0m[34;1m   1190336[0m[34;1m   1406424[0m[34;1m        28[0m
18:27:16   [34;1m    995336[0m[34;1m   1787164[0m[34;1m    750160[0m[34;1m     19.72[0m[34;1m     94104[0m[34;1m   1852180[0m[34;1m   3929088[0m[31;1m    103.31[0m[34;1m   1190340[0m[34;1m   1405980[0m[34;1m        32[0m
18:27:17   [34;1m    995336[0m[34;1m   1787164[0m[34;1m    750160[0m[34;1m     19.72[0m[34;1m     94104[0m[34;1m   1852180[0m[34;1m   3929088[0m[31;1m    103.31[0m[34;1m   1190340[0m[34;1m   1405980[0m[34;1m        32[0m
18:27:18   [34;1m    995336[0m[34;1m   1787164[0m[34;1m    750160[0m[34;1m     19.72[0m[34;1m     94104[0m[34;1m   1852180[0m[34;1m   3929088[0m[31;1m    103.31[0m[34;1m   1190340[0m[34;1m   1405988[0m[34;1m        32[0m
18:27:19   [34;1m    995336[0m[34;1m   1787164[0m[34;1m    750164[0m[34;1m     19.72[0m[34;1m     94104[0m[34;1m   1852180[0m[34;1m   3929088[0m[31;1m    103.31[0m[34;1m   1190340[0m[34;1m   1405988[0m[34;1m         8[0m
18:27:20   [34;1m    995336[0m[34;1m   1787164[0m[34;1m    750160[0m[34;1m     19.72[0m[34;1m     94104[0m[34;1m   1852180[0m[34;1m   3929088[0m[31;1m    103.31[0m[34;1m   1190340[0m[34;1m   1406336[0m[34;1m         8[0m
18:27:21   [34;1m    995336[0m[34;1m   1787164[0m[34;1m    750160[0m[34;1m     19.72[0m[34;1m     94108[0m[34;1m   1852176[0m[34;1m   3929088[0m[31;1m    103.31[0m[34;1m   1190340[0m[34;1m   1406756[0m[34;1m         8[0m
18:27:22   [34;1m    995336[0m[34;1m   1787176[0m[34;1m    750148[0m[34;1m     19.72[0m[34;1m     94112[0m[34;1m   1852184[0m[34;1m   3929088[0m[31;1m    103.31[0m[34;1m   1190348[0m[34;1m   1406892[0m[34;1m        20[0m
18:27:23   [34;1m    995336[0m[34;1m   1787176[0m[34;1m    750148[0m[34;1m     19.72[0m[34;1m     94112[0m[34;1m   1852184[0m[34;1m   3929088[0m[31;1m    103.31[0m[34;1m   1190348[0m[34;1m   1406892[0m[34;1m        20[0m
18:27:24   [34;1m    995084[0m[34;1m   1786928[0m[34;1m    750396[0m[34;1m     19.73[0m[34;1m     94112[0m[34;1m   1852188[0m[34;1m   3929088[0m[31;1m    103.31[0m[34;1m   1190348[0m[34;1m   1406628[0m[34;1m        24[0m
18:27:25   [34;1m    995084[0m[34;1m   1786928[0m[34;1m    750396[0m[34;1m     19.73[0m[34;1m     94112[0m[34;1m   1852188[0m[34;1m   3929088[0m[31;1m    103.31[0m[34;1m   1190348[0m[34;1m   1406628[0m[34;1m        24[0m
18:27:26   [34;1m    995084[0m[34;1m   1786936[0m[34;1m    750388[0m[34;1m     19.73[0m[34;1m     94116[0m[34;1m   1852192[0m[34;1m   3929088[0m[31;1m    103.31[0m[34;1m   1190352[0m[34;1m   1406632[0m[34;1m        28[0m
18:27:27   [34;1m    995084[0m[34;1m   1786936[0m[34;1m    750388[0m[34;1m     19.73[0m[34;1m     94116[0m[34;1m   1852192[0m[34;1m   3929088[0m[31;1m    103.31[0m[34;1m   1190352[0m[34;1m   1406732[0m[34;1m        12[0m
18:27:28   [34;1m    995084[0m[34;1m   1786936[0m[34;1m    750388[0m[34;1m     19.73[0m[34;1m     94116[0m[34;1m   1852192[0m[34;1m   3929088[0m[31;1m    103.31[0m[34;1m   1190352[0m[34;1m   1406864[0m[34;1m        12[0m
18:27:29   [34;1m    994076[0m[34;1m   1785928[0m[34;1m    751400[0m[34;1m     19.76[0m[34;1m     94116[0m[34;1m   1852192[0m[34;1m   3929088[0m[31;1m    103.31[0m[34;1m   1190352[0m[34;1m   1406896[0m[34;1m        12[0m
18:27:30   [34;1m    994076[0m[34;1m   1785928[0m[34;1m    751396[0m[34;1m     19.76[0m[34;1m     94116[0m[34;1m   1852192[0m[34;1m   3929088[0m[31;1m    103.31[0m[34;1m   1190352[0m[34;1m   1407124[0m[34;1m        12[0m
18:27:31   [34;1m    993824[0m[34;1m   1785676[0m[34;1m    751648[0m[34;1m     19.76[0m[34;1m     94120[0m[34;1m   1852188[0m[34;1m   3929088[0m[31;1m    103.31[0m[34;1m   1190352[0m[34;1m   1407280[0m[34;1m        12[0m
18:27:32   [34;1m    993824[0m[34;1m   1785688[0m[34;1m    751636[0m[34;1m     19.76[0m[34;1m     94124[0m[34;1m   1852196[0m[34;1m   3929088[0m[31;1m    103.31[0m[34;1m   1190360[0m[34;1m   1406980[0m[34;1m        24[0m
18:27:33   [34;1m    993824[0m[34;1m   1785688[0m[34;1m    751636[0m[34;1m     19.76[0m[34;1m     94124[0m[34;1m   1852196[0m[34;1m   3929088[0m[31;1m    103.31[0m[34;1m   1190360[0m[34;1m   1406892[0m[34;1m        24[0m
18:27:34   [34;1m    991556[0m[34;1m   1783424[0m[34;1m    753900[0m[34;1m     19.82[0m[34;1m     94124[0m[34;1m   1852200[0m[34;1m   3929088[0m[31;1m    103.31[0m[34;1m   1190360[0m[34;1m   1406900[0m[34;1m        28[0m
18:27:35   [34;1m    991556[0m[34;1m   1783428[0m[34;1m    753888[0m[34;1m     19.82[0m[34;1m     94132[0m[34;1m   1852204[0m[34;1m   3929088[0m[31;1m    103.31[0m[34;1m   1190360[0m[34;1m   1406904[0m[34;1m        28[0m
18:27:36   [34;1m    991556[0m[34;1m   1783436[0m[34;1m    753888[0m[34;1m     19.82[0m[34;1m     94132[0m[34;1m   1852204[0m[34;1m   3929088[0m[31;1m    103.31[0m[34;1m   1190368[0m[34;1m   1406700[0m[34;1m        16[0m
18:27:37   [34;1m    991556[0m[34;1m   1783436[0m[34;1m    753884[0m[34;1m     19.82[0m[34;1m     94132[0m[34;1m   1852204[0m[34;1m   3929088[0m[31;1m    103.31[0m[34;1m   1190368[0m[34;1m   1406636[0m[34;1m        16[0m
18:27:38   [34;1m    991556[0m[34;1m   1783436[0m[34;1m    753884[0m[34;1m     19.82[0m[34;1m     94132[0m[34;1m   1852204[0m[34;1m   3929088[0m[31;1m    103.31[0m[34;1m   1190368[0m[34;1m   1406444[0m[34;1m        16[0m
18:27:39   [34;1m    991556[0m[34;1m   1783436[0m[34;1m    753884[0m[34;1m     19.82[0m[34;1m     94132[0m[34;1m   1852204[0m[34;1m   3929088[0m[31;1m    103.31[0m[34;1m   1190368[0m[34;1m   1404620[0m[34;1m        16[0m
18:27:40   [34;1m    991556[0m[34;1m   1783448[0m[34;1m    753872[0m[34;1m     19.82[0m[34;1m     94140[0m[34;1m   1852208[0m[34;1m   3929088[0m[31;1m    103.31[0m[34;1m   1190376[0m[34;1m   1404916[0m[34;1m        32[0m
18:27:41   [34;1m    991556[0m[34;1m   1783448[0m[34;1m    753872[0m[34;1m     19.82[0m[34;1m     94140[0m[34;1m   1852208[0m[34;1m   3929088[0m[31;1m    103.31[0m[34;1m   1190376[0m[34;1m   1404968[0m[34;1m        24[0m
18:27:42   [34;1m    991556[0m[34;1m   1783448[0m[34;1m    753872[0m[34;1m     19.82[0m[34;1m     94140[0m[34;1m   1852208[0m[34;1m   3929088[0m[31;1m    103.31[0m[34;1m   1190376[0m[34;1m   1404976[0m[34;1m        24[0m
18:27:43   [34;1m    991556[0m[34;1m   1783448[0m[34;1m    753872[0m[34;1m     19.82[0m[34;1m     94140[0m[34;1m   1852208[0m[34;1m   3929088[0m[31;1m    103.31[0m[34;1m   1190376[0m[34;1m   1404976[0m[34;1m        24[0m
18:27:44   [34;1m    991556[0m[34;1m   1783448[0m[34;1m    753860[0m[34;1m     19.82[0m[34;1m     94148[0m[34;1m   1852208[0m[34;1m   3929088[0m[31;1m    103.31[0m[34;1m   1190376[0m[34;1m   1404980[0m[34;1m        36[0m
18:27:45   [34;1m    991556[0m[34;1m   1783452[0m[34;1m    753856[0m[34;1m     19.82[0m[34;1m     94148[0m[34;1m   1852212[0m[34;1m   3929088[0m[31;1m    103.31[0m[34;1m   1190376[0m[34;1m   1404984[0m[34;1m         8[0m
18:27:46   [34;1m    991556[0m[34;1m   1783460[0m[34;1m    753860[0m[34;1m     19.82[0m[34;1m     94148[0m[34;1m   1852212[0m[34;1m   3929088[0m[31;1m    103.31[0m[34;1m   1190384[0m[34;1m   1405000[0m[34;22m         0[0m
18:27:47   [34;1m    991556[0m[34;1m   1783460[0m[34;1m    753860[0m[34;1m     19.82[0m[34;1m     94148[0m[34;1m   1852212[0m[34;1m   3929088[0m[31;1m    103.31[0m[34;1m   1190384[0m[34;1m   1405000[0m[34;22m         0[0m
18:27:48   [34;1m    991556[0m[34;1m   1783464[0m[34;1m    753848[0m[34;1m     19.82[0m[34;1m     94152[0m[34;1m   1852216[0m[34;1m   3929088[0m[31;1m    103.31[0m[34;1m   1190384[0m[34;1m   1405164[0m[34;1m        28[0m
18:27:49   [34;1m    991304[0m[34;1m   1783216[0m[34;1m    754104[0m[34;1m     19.83[0m[34;1m     94152[0m[34;1m   1852216[0m[34;1m   3929088[0m[31;1m    103.31[0m[34;1m   1190388[0m[34;1m   1405168[0m[34;1m        28[0m
18:27:50   [34;1m    991304[0m[34;1m   1783216[0m[34;1m    754104[0m[34;1m     19.83[0m[34;1m     94152[0m[34;1m   1852216[0m[34;1m   3929088[0m[31;1m    103.31[0m[34;1m   1190388[0m[34;1m   1405520[0m[34;1m        28[0m
18:27:51   [34;1m    991304[0m[34;1m   1783216[0m[34;1m    754104[0m[34;1m     19.83[0m[34;1m     94152[0m[34;1m   1852216[0m[34;1m   3929088[0m[31;1m    103.31[0m[34;1m   1190388[0m[34;1m   1405520[0m[34;1m        28[0m
18:27:52   [34;1m    991304[0m[34;1m   1783216[0m[34;1m    754104[0m[34;1m     19.83[0m[34;1m     94152[0m[34;1m   1852216[0m[34;1m   3929088[0m[31;1m    103.31[0m[34;1m   1190388[0m[34;1m   1405520[0m[34;1m        28[0m
18:27:53   [34;1m    991304[0m[34;1m   1783216[0m[34;1m    754104[0m[34;1m     19.83[0m[34;1m     94152[0m[34;1m   1852216[0m[34;1m   3929088[0m[31;1m    103.31[0m[34;1m   1190388[0m[34;1m   1405520[0m[34;1m         4[0m
18:27:54   [34;1m    991304[0m[34;1m   1783220[0m[34;1m    754100[0m[34;1m     19.83[0m[34;1m     94152[0m[34;1m   1852220[0m[34;1m   3929088[0m[31;1m    103.31[0m[34;1m   1190388[0m[34;1m   1405524[0m[34;1m        24[0m
18:27:55   [34;1m    991304[0m[34;1m   1783220[0m[34;1m    754100[0m[34;1m     19.83[0m[34;1m     94152[0m[34;1m   1852220[0m[34;1m   3929088[0m[31;1m    103.31[0m[34;1m   1190388[0m[34;1m   1405220[0m[34;1m        24[0m
18:27:56   [34;1m    991304[0m[34;1m   1783224[0m[34;1m    754096[0m[34;1m     19.83[0m[34;1m     94152[0m[34;1m   1852224[0m[34;1m   3929088[0m[31;1m    103.31[0m[34;1m   1190388[0m[34;1m   1405224[0m[34;1m        28[0m
18:27:57   [34;1m    991304[0m[34;1m   1783224[0m[34;1m    754096[0m[34;1m     19.83[0m[34;1m     94152[0m[34;1m   1852224[0m[34;1m   3929088[0m[31;1m    103.31[0m[34;1m   1190388[0m[34;1m   1405224[0m[34;1m        28[0m
18:27:58   [34;1m    991304[0m[34;1m   1783232[0m[34;1m    754088[0m[34;1m     19.83[0m[34;1m     94156[0m[34;1m   1852228[0m[34;1m   3929088[0m[31;1m    103.31[0m[34;1m   1190392[0m[34;1m   1405228[0m[34;1m        12[0m
18:27:59   [34;1m    991304[0m[34;1m   1783232[0m[34;1m    754088[0m[34;1m     19.83[0m[34;1m     94156[0m[34;1m   1852228[0m[34;1m   3929088[0m[31;1m    103.31[0m[34;1m   1190392[0m[34;1m   1405132[0m[34;1m        12[0m
18:28:00   [34;1m    991304[0m[34;1m   1783232[0m[34;1m    754088[0m[34;1m     19.83[0m[34;1m     94156[0m[34;1m   1852228[0m[34;1m   3929088[0m[31;1m    103.31[0m[34;1m   1190392[0m[34;1m   1405476[0m[34;1m        12[0m
18:28:01   [34;1m    991304[0m[34;1m   1783232[0m[34;1m    754088[0m[34;1m     19.83[0m[34;1m     94156[0m[34;1m   1852228[0m[34;1m   3929088[0m[31;1m    103.31[0m[34;1m   1190392[0m[34;1m   1405512[0m[34;1m        12[0m
18:28:02   [34;1m    991304[0m[34;1m   1783232[0m[34;1m    754088[0m[34;1m     19.83[0m[34;1m     94156[0m[34;1m   1852228[0m[34;1m   3929088[0m[31;1m    103.31[0m[34;1m   1190392[0m[34;1m   1405172[0m[34;1m        12[0m
18:28:03   [34;1m    991304[0m[34;1m   1783232[0m[34;1m    754088[0m[34;1m     19.83[0m[34;1m     94160[0m[34;1m   1852224[0m[34;1m   3929088[0m[31;1m    103.31[0m[34;1m   1190392[0m[34;1m   1405088[0m[34;1m        12[0m
18:28:04   [34;1m    991304[0m[34;1m   1783240[0m[34;1m    754084[0m[34;1m     19.83[0m[34;1m     94160[0m[34;1m   1852232[0m[34;1m   3929088[0m[31;1m    103.31[0m[34;1m   1190396[0m[34;1m   1404604[0m[34;1m        24[0m
18:28:05   [34;1m    991304[0m[34;1m   1783240[0m[34;1m    754084[0m[34;1m     19.83[0m[34;1m     94160[0m[34;1m   1852232[0m[34;1m   3929088[0m[31;1m    103.31[0m[34;1m   1190396[0m[34;1m   1404600[0m[34;1m        24[0m
18:28:06   [34;1m    991304[0m[34;1m   1783244[0m[34;1m    754076[0m[34;1m     19.83[0m[34;1m     94160[0m[34;1m   1852236[0m[34;1m   3929088[0m[31;1m    103.31[0m[34;1m   1190396[0m[34;1m   1404472[0m[34;1m        24[0m
18:28:07   [34;1m    991304[0m[34;1m   1783244[0m[34;1m    754072[0m[34;1m     19.83[0m[34;1m     94160[0m[34;1m   1852236[0m[34;1m   3929088[0m[31;1m    103.31[0m[34;1m   1190396[0m[34;1m   1404392[0m[34;1m        24[0m
18:28:08   [34;1m    991304[0m[34;1m   1783244[0m[34;1m    754068[0m[34;1m     19.83[0m[34;1m     94160[0m[34;1m   1852240[0m[34;1m   3929088[0m[31;1m    103.31[0m[34;1m   1190396[0m[34;1m   1404416[0m[34;1m        28[0m
18:28:09   [34;1m    991304[0m[34;1m   1783248[0m[34;1m    754068[0m[34;1m     19.83[0m[34;1m     94160[0m[34;1m   1852240[0m[34;1m   3929088[0m[31;1m    103.31[0m[34;1m   1190396[0m[34;1m   1404428[0m[34;1m        16[0m
18:28:10   [34;1m    991304[0m[34;1m   1783248[0m[34;1m    754068[0m[34;1m     19.83[0m[34;1m     94160[0m[34;1m   1852240[0m[34;1m   3929088[0m[31;1m    103.31[0m[34;1m   1190396[0m[34;1m   1404620[0m[34;1m        16[0m
18:28:11   [34;1m    991304[0m[34;1m   1783248[0m[34;1m    754068[0m[34;1m     19.83[0m[34;1m     94164[0m[34;1m   1852236[0m[34;1m   3929088[0m[31;1m    103.31[0m[34;1m   1190396[0m[34;1m   1404620[0m[34;1m        16[0m
18:28:12   [34;1m    991304[0m[34;1m   1783256[0m[34;1m    754052[0m[34;1m     19.83[0m[34;1m     94172[0m[34;1m   1852244[0m[34;1m   3929088[0m[31;1m    103.31[0m[34;1m   1190400[0m[34;1m   1404760[0m[34;1m        32[0m
18:28:13   [34;1m    991304[0m[34;1m   1783256[0m[34;1m    754052[0m[34;1m     19.83[0m[34;1m     94172[0m[34;1m   1852244[0m[34;1m   3929088[0m[31;1m    103.31[0m[34;1m   1190400[0m[34;1m   1404760[0m[34;1m        32[0m
18:28:14   [34;1m    991304[0m[34;1m   1783264[0m[34;1m    754052[0m[34;1m     19.83[0m[34;1m     94172[0m[34;1m   1852244[0m[34;1m   3929088[0m[31;1m    103.31[0m[34;1m   1190408[0m[34;1m   1404808[0m[34;1m        32[0m
18:28:15   [34;1m    991304[0m[34;1m   1783264[0m[34;1m    754052[0m[34;1m     19.83[0m[34;1m     94172[0m[34;1m   1852244[0m[34;1m   3929088[0m[31;1m    103.31[0m[34;1m   1190408[0m[34;1m   1404808[0m[34;1m        32[0m
18:28:16   [34;1m    991304[0m[34;1m   1783280[0m[34;1m    754036[0m[34;1m     19.83[0m[34;1m     94180[0m[34;1m   1852252[0m[34;1m   3929088[0m[31;1m    103.31[0m[34;1m   1190416[0m[34;1m   1404828[0m[34;1m        20[0m
18:28:17   [34;1m    991304[0m[34;1m   1783280[0m[34;1m    754036[0m[34;1m     19.83[0m[34;1m     94180[0m[34;1m   1852252[0m[34;1m   3929088[0m[31;1m    103.31[0m[34;1m   1190416[0m[34;1m   1404828[0m[34;1m        20[0m
18:28:18   [34;1m    991304[0m[34;1m   1783280[0m[34;1m    754036[0m[34;1m     19.83[0m[34;1m     94180[0m[34;1m   1852252[0m[34;1m   3929088[0m[31;1m    103.31[0m[34;1m   1190416[0m[34;1m   1404892[0m[34;1m        20[0m
18:28:19   [34;1m    991304[0m[34;1m   1783280[0m[34;1m    754040[0m[34;1m     19.83[0m[34;1m     94180[0m[34;1m   1852252[0m[34;1m   3929088[0m[31;1m    103.31[0m[34;1m   1190416[0m[34;1m   1404900[0m[34;1m         8[0m
18:28:20   [34;1m    991304[0m[34;1m   1783292[0m[34;1m    754028[0m[34;1m     19.83[0m[34;1m     94188[0m[34;1m   1852256[0m[34;1m   3929088[0m[31;1m    103.31[0m[34;1m   1190424[0m[34;1m   1405408[0m[34;1m        36[0m
18:28:21   [34;1m    991304[0m[34;1m   1783292[0m[34;1m    754028[0m[34;1m     19.83[0m[34;1m     94188[0m[34;1m   1852256[0m[34;1m   3929088[0m[31;1m    103.31[0m[34;1m   1190424[0m[34;1m   1405408[0m[34;1m        36[0m
18:28:22   [34;1m    991304[0m[34;1m   1783292[0m[34;1m    754028[0m[34;1m     19.83[0m[34;1m     94188[0m[34;1m   1852256[0m[34;1m   3929088[0m[31;1m    103.31[0m[34;1m   1190424[0m[34;1m   1405472[0m[34;1m        36[0m
18:28:23   [34;1m    991304[0m[34;1m   1783292[0m[34;1m    754028[0m[34;1m     19.83[0m[34;1m     94188[0m[34;1m   1852256[0m[34;1m   3929088[0m[31;1m    103.31[0m[34;1m   1190424[0m[34;1m   1405472[0m[34;1m        36[0m
18:28:24   [34;1m    991304[0m[34;1m   1783292[0m[34;1m    754024[0m[34;1m     19.83[0m[34;1m     94188[0m[34;1m   1852256[0m[34;1m   3929088[0m[31;1m    103.31[0m[34;1m   1190424[0m[34;1m   1405152[0m[34;1m        28[0m
18:28:25   [34;1m    991304[0m[34;1m   1783292[0m[34;1m    754024[0m[34;1m     19.83[0m[34;1m     94192[0m[34;1m   1852252[0m[34;1m   3929088[0m[31;1m    103.31[0m[34;1m   1190424[0m[34;1m   1405152[0m[34;1m         4[0m
18:28:26   [34;1m    991304[0m[34;1m   1783304[0m[34;1m    754012[0m[34;1m     19.83[0m[34;1m     94196[0m[34;1m   1852260[0m[34;1m   3929088[0m[31;1m    103.31[0m[34;1m   1190432[0m[34;1m   1404804[0m[34;1m        32[0m
18:28:27   [34;1m    991304[0m[34;1m   1783304[0m[34;1m    754012[0m[34;1m     19.83[0m[34;1m     94196[0m[34;1m   1852260[0m[34;1m   3929088[0m[31;1m    103.31[0m[34;1m   1190432[0m[34;1m   1404784[0m[34;1m        32[0m
18:28:28   [34;1m    991304[0m[34;1m   1783304[0m[34;1m    754012[0m[34;1m     19.83[0m[34;1m     94196[0m[34;1m   1852260[0m[34;1m   3929088[0m[31;1m    103.31[0m[34;1m   1190432[0m[34;1m   1404784[0m[34;1m        32[0m
18:28:29   [34;1m    991304[0m[34;1m   1783304[0m[34;1m    754012[0m[34;1m     19.83[0m[34;1m     94196[0m[34;1m   1852260[0m[34;1m   3929088[0m[31;1m    103.31[0m[34;1m   1190432[0m[34;1m   1404784[0m[34;1m        32[0m
18:28:30   [34;1m    991304[0m[34;1m   1783312[0m[34;1m    754004[0m[34;1m     19.83[0m[34;1m     94200[0m[34;1m   1852264[0m[34;1m   3929088[0m[31;1m    103.31[0m[34;1m   1190436[0m[34;1m   1404900[0m[34;1m        32[0m
18:28:31   [34;1m    991304[0m[34;1m   1783312[0m[34;1m    754004[0m[34;1m     19.83[0m[34;1m     94200[0m[34;1m   1852264[0m[34;1m   3929088[0m[31;1m    103.31[0m[34;1m   1190436[0m[34;1m   1405104[0m[34;1m         4[0m
18:28:32   [34;1m    991304[0m[34;1m   1783312[0m[34;1m    754004[0m[34;1m     19.83[0m[34;1m     94200[0m[34;1m   1852264[0m[34;1m   3929088[0m[31;1m    103.31[0m[34;1m   1190436[0m[34;1m   1404824[0m[34;1m         4[0m
18:28:33   [34;1m    991304[0m[34;1m   1783312[0m[34;1m    754004[0m[34;1m     19.83[0m[34;1m     94200[0m[34;1m   1852264[0m[34;1m   3929088[0m[31;1m    103.31[0m[34;1m   1190436[0m[34;1m   1404788[0m[34;1m         4[0m
18:28:34   [34;1m    991304[0m[34;1m   1783312[0m[34;1m    754008[0m[34;1m     19.83[0m[34;1m     94200[0m[34;1m   1852264[0m[34;1m   3929088[0m[31;1m    103.31[0m[34;1m   1190436[0m[34;1m   1404820[0m[34;1m         4[0m
18:28:35   [34;1m    991304[0m[34;1m   1783312[0m[34;1m    754008[0m[34;1m     19.83[0m[34;1m     94216[0m[34;1m   1852248[0m[34;1m   3929088[0m[31;1m    103.31[0m[34;1m   1190436[0m[34;1m   1404820[0m[34;1m         4[0m
18:28:36   [34;1m    991304[0m[34;1m   1783332[0m[34;1m    753988[0m[34;1m     19.83[0m[34;1m     94216[0m[34;1m   1852268[0m[34;1m   3929088[0m[31;1m    103.31[0m[34;1m   1190452[0m[34;1m   1404552[0m[34;1m        16[0m
18:28:37   [34;1m    991304[0m[34;1m   1783332[0m[34;1m    753992[0m[34;1m     19.83[0m[34;1m     94216[0m[34;1m   1852268[0m[34;1m   3929088[0m[31;1m    103.31[0m[34;1m   1190452[0m[34;1m   1404552[0m[34;1m        16[0m
18:28:38   [34;1m    991304[0m[34;1m   1783340[0m[34;1m    753984[0m[34;1m     19.82[0m[34;1m     94216[0m[34;1m   1852276[0m[34;1m   3929088[0m[31;1m    103.31[0m[34;1m   1190452[0m[34;1m   1404560[0m[34;1m        24[0m
18:28:39   [34;1m    991304[0m[34;1m   1783344[0m[34;1m    753976[0m[34;1m     19.82[0m[34;1m     94216[0m[34;1m   1852280[0m[34;1m   3929088[0m[31;1m    103.31[0m[34;1m   1190452[0m[34;1m   1404568[0m[34;1m        28[0m
18:28:40   [34;1m    991304[0m[34;1m   1783344[0m[34;1m    753976[0m[34;1m     19.82[0m[34;1m     94216[0m[34;1m   1852280[0m[34;1m   3929088[0m[31;1m    103.31[0m[34;1m   1190452[0m[34;1m   1404768[0m[34;1m        16[0m
18:28:41   [34;1m    991304[0m[34;1m   1783344[0m[34;1m    753976[0m[34;1m     19.82[0m[34;1m     94216[0m[34;1m   1852280[0m[34;1m   3929088[0m[31;1m    103.31[0m[34;1m   1190452[0m[34;1m   1404788[0m[34;1m        16[0m
18:28:42   [34;1m    991304[0m[34;1m   1783344[0m[34;1m    753976[0m[34;1m     19.82[0m[34;1m     94216[0m[34;1m   1852280[0m[34;1m   3929088[0m[31;1m    103.31[0m[34;1m   1190452[0m[34;1m   1404788[0m[34;1m        16[0m
18:28:43   [34;1m    991304[0m[34;1m   1783344[0m[34;1m    753976[0m[34;1m     19.82[0m[34;1m     94224[0m[34;1m   1852272[0m[34;1m   3929088[0m[31;1m    103.31[0m[34;1m   1190452[0m[34;1m   1404788[0m[34;1m        16[0m
18:28:44   [34;1m    991304[0m[34;1m   1783364[0m[34;1m    753960[0m[34;1m     19.82[0m[34;1m     94232[0m[34;1m   1852284[0m[34;1m   3929088[0m[31;1m    103.31[0m[34;1m   1190468[0m[34;1m   1404824[0m[34;1m        32[0m
18:28:45   [34;1m    991304[0m[34;1m   1783364[0m[34;1m    753960[0m[34;1m     19.82[0m[34;1m     94232[0m[34;1m   1852284[0m[34;1m   3929088[0m[31;1m    103.31[0m[34;1m   1190468[0m[34;1m   1404824[0m[34;1m        32[0m
18:28:46   [34;1m    991304[0m[34;1m   1783364[0m[34;1m    753960[0m[34;1m     19.82[0m[34;1m     94232[0m[34;1m   1852284[0m[34;1m   3929088[0m[31;1m    103.31[0m[34;1m   1190468[0m[34;1m   1404832[0m[34;1m        32[0m
18:28:47   [34;1m    991304[0m[34;1m   1783364[0m[34;1m    753960[0m[34;1m     19.82[0m[34;1m     94232[0m[34;1m   1852284[0m[34;1m   3929088[0m[31;1m    103.31[0m[34;1m   1190468[0m[34;1m   1404832[0m[34;1m        32[0m
18:28:48   [34;1m    991304[0m[34;1m   1783372[0m[34;1m    753952[0m[34;1m     19.82[0m[34;1m     94236[0m[34;1m   1852288[0m[34;1m   3929088[0m[31;1m    103.31[0m[34;1m   1190472[0m[34;1m   1404836[0m[34;1m        32[0m
18:28:49   [34;1m    991304[0m[34;1m   1783380[0m[34;1m    753940[0m[34;1m     19.82[0m[34;1m     94240[0m[34;1m   1852292[0m[34;1m   3929088[0m[31;1m    103.31[0m[34;1m   1190476[0m[34;1m   1404840[0m[34;1m        28[0m
18:28:50   [34;1m    991304[0m[34;1m   1783380[0m[34;1m    753940[0m[34;1m     19.82[0m[34;1m     94240[0m[34;1m   1852292[0m[34;1m   3929088[0m[31;1m    103.31[0m[34;1m   1190476[0m[34;1m   1405160[0m[34;1m        28[0m
18:28:51   [34;1m    991304[0m[34;1m   1783380[0m[34;1m    753940[0m[34;1m     19.82[0m[34;1m     94240[0m[34;1m   1852292[0m[34;1m   3929088[0m[31;1m    103.31[0m[34;1m   1190476[0m[34;1m   1405188[0m[34;1m        28[0m
18:28:52   [34;1m    991304[0m[34;1m   1783388[0m[34;1m    753932[0m[34;1m     19.82[0m[34;1m     94244[0m[34;1m   1852296[0m[34;1m   3929088[0m[31;1m    103.31[0m[34;1m   1190480[0m[34;1m   1405212[0m[34;1m        28[0m
18:28:53   [34;1m    991304[0m[34;1m   1783388[0m[34;1m    753932[0m[34;1m     19.82[0m[34;1m     94244[0m[34;1m   1852296[0m[34;1m   3929088[0m[31;1m    103.31[0m[34;1m   1190480[0m[34;1m   1405212[0m[34;1m        28[0m
18:28:54   [34;1m    991304[0m[34;1m   1783388[0m[34;1m    753932[0m[34;1m     19.82[0m[34;1m     94244[0m[34;1m   1852296[0m[34;1m   3929088[0m[31;1m    103.31[0m[34;1m   1190480[0m[34;1m   1405100[0m[34;1m        16[0m
18:28:55   [34;1m    991304[0m[34;1m   1783388[0m[34;1m    753932[0m[34;1m     19.82[0m[34;1m     94244[0m[34;1m   1852296[0m[34;1m   3929088[0m[31;1m    103.31[0m[34;1m   1190480[0m[34;1m   1405100[0m[34;1m         8[0m
18:28:56   [34;1m    991304[0m[34;1m   1783396[0m[34;1m    753924[0m[34;1m     19.82[0m[34;1m     94244[0m[34;1m   1852300[0m[34;1m   3929088[0m[31;1m    103.31[0m[34;1m   1190480[0m[34;1m   1405104[0m[34;1m        40[0m
18:28:57   [34;1m    991304[0m[34;1m   1783396[0m[34;1m    753924[0m[34;1m     19.82[0m[34;1m     94244[0m[34;1m   1852300[0m[34;1m   3929088[0m[31;1m    103.31[0m[34;1m   1190480[0m[34;1m   1405112[0m[34;1m        40[0m
18:28:58   [34;1m    991304[0m[34;1m   1783396[0m[34;1m    753924[0m[34;1m     19.82[0m[34;1m     94244[0m[34;1m   1852300[0m[34;1m   3929088[0m[31;1m    103.31[0m[34;1m   1190480[0m[34;1m   1405112[0m[34;1m        40[0m
18:28:59   [34;1m    991304[0m[34;1m   1783396[0m[34;1m    753928[0m[34;1m     19.82[0m[34;1m     94244[0m[34;1m   1852300[0m[34;1m   3929088[0m[31;1m    103.31[0m[34;1m   1190480[0m[34;1m   1405112[0m[34;1m        40[0m
18:29:00   [34;1m    991304[0m[34;1m   1783396[0m[34;1m    753924[0m[34;1m     19.82[0m[34;1m     94244[0m[34;1m   1852304[0m[34;1m   3929088[0m[31;1m    103.31[0m[34;1m   1190480[0m[34;1m   1405312[0m[34;1m        44[0m
18:29:01   [34;1m    991304[0m[34;1m   1783400[0m[34;1m    753924[0m[34;1m     19.82[0m[34;1m     94244[0m[34;1m   1852304[0m[34;1m   3929088[0m[31;1m    103.31[0m[34;1m   1190480[0m[34;1m   1405348[0m[34;1m        52[0m
18:29:02   [34;1m    991304[0m[34;1m   1783408[0m[34;1m    753916[0m[34;1m     19.82[0m[34;1m     94248[0m[34;1m   1852308[0m[34;1m   3929088[0m[31;1m    103.31[0m[34;1m   1190484[0m[34;1m   1404964[0m[34;1m        28[0m
18:29:03   [34;1m    991304[0m[34;1m   1783408[0m[34;1m    753916[0m[34;1m     19.82[0m[34;1m     94248[0m[34;1m   1852308[0m[34;1m   3929088[0m[31;1m    103.31[0m[34;1m   1190484[0m[34;1m   1404960[0m[34;1m        28[0m
18:29:04   [34;1m    991304[0m[34;1m   1783408[0m[34;1m    753916[0m[34;1m     19.82[0m[34;1m     94248[0m[34;1m   1852308[0m[34;1m   3929088[0m[31;1m    103.31[0m[34;1m   1190484[0m[34;1m   1404968[0m[34;1m        28[0m
18:29:05   [34;1m    991304[0m[34;1m   1783408[0m[34;1m    753916[0m[34;1m     19.82[0m[34;1m     94248[0m[34;1m   1852308[0m[34;1m   3929088[0m[31;1m    103.31[0m[34;1m   1190484[0m[34;1m   1404968[0m[34;1m        28[0m
