procs -----------memory---------- ---swap-- -----io---- -system-- -------cpu-------
 r  b   swpd   free   buff  cache   si   so    bi    bo   in   cs us sy id wa st gu
 3  0      0 1024672 97588 1924864   0    0     2   623 3572   30  4  3 93  0  0  0
 0  0      0 1024672 97588 1924864   0    0     0    32 3316 4940  3  1 96  0  0  0
 3  0      0 1022908 97592 1924864   0    0     0    64 3415 5582  3  3 94  0  0  0
 0  0      0 1022908 97592 1924884   0    0     0    28 3415 5872  3  2 96  0  0  0
 1  0      0 1022436 97604 1924900   0    0     0   196 4040 7905  6  3 90  1  0  0
 0  0      0 1022436 97604 1924916   0    0     0    28 4022 7411  4  3 94  0  0  0
 1  0      0 1022436 97604 1924916   0    0     0     0 3150 5185  3  1 96  0  0  0
 0  0      0 1021680 97604 1924920   0    0     0    60 3875 6570  3  3 94  0  0  0
 0  0      0 1021456 97604 1924920   0    0     0     0 3520 6178  3  2 95  0  0  0
 0  0      0 1021456 97608 1924924   0    0     0    64 3235 5015  2  2 97  0  0  0
 0  0      0 1021456 97608 1924924   0    0     0   360 3320 4901  2  2 96  0  0  0
 0  0      0 1021456 97608 1924924   0    0     0    52 3399 5600  3  2 95  0  0  0
 0  0      0 1021456 97608 1924924   0    0     0    40 3672 5919  4  2 94  0  0  0
 0  0      0 1021456 97612 1924924   0    0     0    64 3769 5998  5  2 93  0  0  0
 5  0      0 1021456 97644 1924748   0    0     0   388 4031 7028  5  3 91  1  0  0
 0  0      0 1020448 97644 1924748   0    0     0    24 4194 7587  5  4 91  0  0  0
 0  0      0 1020448 97644 1924764   0    0     0     0 3260 4777  2  2 96  0  0  0
 0  0      0 1020448 97648 1924760   0    0     0   236 3815 5983  4  3 93  0  0  0
 0  0      0 1020448 97648 1924768   0    0     0     0 3599 5673  3  3 94  0  0  0
 0  0      0 1020448 97656 1924780   0    0     0   152 4054 7541  5  2 93  0  0  0
 0  0      0 1020224 97656 1924780   0    0     0    60 3692 6955  3  3 94  0  0  0
procs -----------memory---------- ---swap-- -----io---- -system-- -------cpu-------
 r  b   swpd   free   buff  cache   si   so    bi    bo   in   cs us sy id wa st gu
 1  0      0 1020224 97656 1924780   0    0     0    32 3387 5420  2  3 95  0  0  0
 0  0      0 1019972 97660 1924780   0    0     0   108 3476 5416  4  3 93  0  0  0
 0  0      0 1019720 97660 1924784   0    0     0   244 3764 5904  5  3 92  0  0  0
 0  0      0 1019720 97660 1924784   0    0     0     0 3623 5601  4  3 93  0  0  0
 4  0      0 1019720 97660 1924784   0    0     0    24 3591 5981  5  3 92  0  0  0
 0  0      0 1019720 97660 1924784   0    0     0     8 3635 6116  3  4 93  0  0  0
 0  0      0 1018712 97660 1924784   0    0     0    96 3935 6440  4  4 91  0  0  0
 0  0      0 1018712 97660 1924788   0    0     0     0 3547 5184  3  3 94  0  0  0
 0  0      0 1018712 97660 1924788   0    0     0    32 3440 5382  3  3 94  0  0  0
 0  0      0 1018712 97660 1924792   0    0     0     0 2957 4238  3  3 94  0  0  0
 0  0      0 1018712 97660 1924792   0    0     0    24 3363 5963  4  3 93  0  0  0
 0  0      0 1016948 97664 1924796   0    0     0    92 3562 6011  5  3 91  1  0  0
 0  0      0 1016696 97664 1924796   0    0     0    28 3355 5512  3  3 95  0  0  0
 0  0      0 1016696 97672 1924804   0    0     0   124 3739 7222  8  6 85  1  0  0
 0  0      0 1016696 97672 1924804   0    0     0    28 3314 6061  4  3 92  0  0  0
 0  0      0 1016204 97672 1924804   0    0     0     8 3621 5996  6  5 89  0  0  0
 0  0      0 1015700 97680 1924796   0    0     0   124 3563 5752  4  3 92  0  0  0
 0  0      0 1015700 97680 1924808   0    0     0     0 3375 5864  3  3 93  0  0  0
 0  0      0 1015448 97680 1924808   0    0     0    28 3222 5755 10  3 86  0  0  0
 0  0      0 1015448 97680 1924808   0    0     0     0 3607 5765  4  4 92  0  0  0
 0  0      0 1015448 97680 1924808   0    0     0    24 3364 5215  3  3 94  0  0  0
procs -----------memory---------- ---swap-- -----io---- -system-- -------cpu-------
 r  b   swpd   free   buff  cache   si   so    bi    bo   in   cs us sy id wa st gu
 6  0      0 1014440 97680 1924812   0    0     0    68 3515 5689  4  5 90  1  0  0
 0  0      0 1014440 97680 1924812   0    0     0    52 3472 6014  5  4 91  0  0  0
 1  0      0 1014440 97680 1924812   0    0     0     0 3496 5901  5  4 91  0  0  0
 0  0      0 1014440 97680 1924812   0    0     0    24 3472 5193  4  3 93  0  0  0
 4  0      0 1014500 97680 1924812   0    0     0     0 3975 6935  6  5 89  0  0  0
 2  0      0 1013684 97688 1924804   0    0     0   104 3476 5173  4  4 92  0  0  0
 0  0      0 1013684 97688 1924816   0    0     0     0 3375 4894  4  3 93  0  0  0
 0  0      0 1013684 97700 1924828   0    0     0   160 4056 6820  8  6 86  0  0  0
 0  0      0 1013684 97700 1924832   0    0     0     0 3454 5797  4  4 92  0  0  0
 0  0      0 1013460 97700 1924832   0    0     0    28 3287 4696  4  3 94  0  0  0
 0  0      0 1011948 97704 1924832   0    0     0    76 3640 5503  4  4 92  0  0  0
 0  0      0 1011948 97704 1924836   0    0     0    52 3216 4900  3  2 94  1  0  0
 1  0      0 1011948 97704 1924836   0    0     0     0 3719 6432  4  5 91  0  0  0
 0  0      0 1011948 97704 1924836   0    0     0    28 3157 4629  4  4 92  0  0  0
 0  0      0 1011948 97704 1924836   0    0     0     0 3828 7052  5  5 90  0  0  0
 0  0      0 1011444 97712 1924828   0    0     0    76 3565 5620  4  3 93  0  0  0
 0  0      0 1011444 97712 1924840   0    0     0     0 3474 5688  5  3 92  0  0  0
 2  0      0 1011444 97712 1924840   0    0     0    24 3540 5600  3  3 95  0  0  0
 3  0      0 1011444 97712 1924840   0    0     0     0 3521 5405  4  3 93  0  0  0
 0  0      0 1011444 97712 1924840   0    0     0    64 3161 4877  2  3 95  0  0  0
 1  0      0 1011444 97712 1924844   0    0     0    44 3750 6020  5  5 90  0  0  0
procs -----------memory---------- ---swap-- -----io---- -system-- -------cpu-------
 r  b   swpd   free   buff  cache   si   so    bi    bo   in   cs us sy id wa st gu
 1  0      0 1011444 97712 1924844   0    0     0    52 3477 4896  4  3 93  0  0  0
 0  0      0 1011444 97724 1924852   0    0     0   136 4231 7196  7  5 88  0  0  0
 2  0      0 1011196 97724 1924852   0    0     0    28 3404 6113  4  4 92  0  0  0
 0  0      0 1011196 97724 1924836   0    0     0     0 3863 6918  7  9 85  0  0  0
 0  0      0 1010692 97728 1924832   0    0     0   100 3442 5430  4  4 92  0  0  0
 0  0      0 1010692 97728 1924840   0    0     0     0 3440 5659  4  2 95  0  0  0
 0  0      0 1010692 97728 1924840   0    0     0    44 3650 5681  4  2 94  1  0  0
 0  0      0 1010692 97728 1924840   0    0     0     0 3502 5105  5  3 92  0  0  0
 0  0      0 1010692 97732 1924836   0    0     0    48 3527 6121  3  3 94  0  0  0
 0  0      0 1010692 97732 1924848   0    0     0    16 3577 5774  4  3 93  0  0  0
 0  0      0 1010692 97732 1924848   0    0     0    52 3601 6094  5  4 91  0  0  0
 0  0      0 1010692 97732 1924848   0    0     0    24 4032 7654  7  5 89  0  0  0
 0  0      0 1007920 97740 1924840   0    0     0    56 3818 6282  4  4 91  0  0  0
 0  0      0 1007920 97740 1924852   0    0     0     0 3804 6268  5  4 91  0  0  0
 0  0      0 1007164 97740 1924852   0    0     0    68 3736 5569  4  5 91  0  0  0
 0  0      0 1007164 97740 1924852   0    0     0     0 3230 5216  3  2 95  0  0  0
 1  0      0 1007164 97744 1924860   0    0     0   152 3797 6188  7  5 87  0  0  0
 0  0      0 1007164 97744 1924860   0    0     0     0 3404 5445  4  3 92  0  0  0
 0  0      0 1007164 97748 1924856   0    0     0    52 3299 5233  4  3 93  0  0  0
 0  0      0 1007164 97748 1924864   0    0     0    24 3884 6027  5  4 91  0  0  0
 0  0      0 1007164 97748 1924864   0    0     0    52 3454 4995  3  4 93  0  0  0
procs -----------memory---------- ---swap-- -----io---- -system-- -------cpu-------
 r  b   swpd   free   buff  cache   si   so    bi    bo   in   cs us sy id wa st gu
 1  0      0 1007164 97748 1924864   0    0     0    28 3638 5733  5  4 90  1  0  0
 0  0      0 1007164 97752 1924860   0    0     0    68 3405 4984  4  3 93  0  0  0
 1  0      0 1007164 97752 1924868   0    0     0     0 3769 6322  5  5 90  0  0  0
 0  0      0 1007164 97752 1924868   0    0     0    36 3826 5742  4  3 93  0  0  0
 0  0      0 1007164 97752 1924868   0    0     0    24 3353 5157  4  3 93  0  0  0
 0  0      0 1007164 97752 1924868   0    0     0     4 3408 5380  4  3 93  0  0  0
 0  0      0 1007164 97752 1924868   0    0     0    20 3676 5803  4  3 93  0  0  0
 0  0      0 1007164 97760 1924860   0    0     0    60 3211 4863  3  3 93  0  0  0
 0  0      0 1007164 97760 1924872   0    0     0    40 3357 4610  4  3 93  0  0  0
 0  0      0 1007164 97760 1924872   0    0     0    32 3340 5065  4  4 92  0  0  0
 0  0      0 1007164 97764 1924888   0    0     0   152 4235 7426 10  6 83  1  0  0
 0  0      0 1007164 97764 1924888   0    0     0    56 3354 5515  4  3 93  0  0  0
 3  0      0 1007164 97764 1924892   0    0     0     8 3579 5926  5  5 90  0  0  0
 2  0      0 1007164 97764 1924908   0    0     0    72 3499 5303  4  4 92  0  0  0
 0  0      0 1007164 97764 1924908   0    0     0     0 3297 4596  4  3 92  0  0  0
 0  0      0 1007164 97764 1924908   0    0     0    40 3360 5667  3  3 95  0  0  0
 0  0      0 1007164 97764 1924912   0    0     0    20 3343 5819  4  3 94  0  0  0
 3  0      0 1007164 97764 1924912   0    0     0     0 3317 5195  3  2 95  0  0  0
 0  0      0 1007164 97764 1924912   0    0     0    44 3429 5905  4  3 93  0  0  0
 1  0      0 1007164 97764 1924912   0    0     0    28 3545 5284  4  4 92  0  0  0
 0  0      0 1007164 97764 1924916   0    0     0    76 3867 6926  5  5 90  0  0  0
procs -----------memory---------- ---swap-- -----io---- -system-- -------cpu-------
 r  b   swpd   free   buff  cache   si   so    bi    bo   in   cs us sy id wa st gu
 2  0      0 1007164 97764 1924916   0    0     0    20 3370 5629  3  3 94  0  0  0
 1  0      0 1007164 97764 1924916   0    0     0    28 3900 6034  7  4 89  0  0  0
 1  0      0 1007164 97764 1924916   0    0     0    32 3577 5359  3  3 93  0  0  0
 3  0      0 1007164 97764 1924916   0    0     0    28 3782 6002  4  4 92  0  0  0
 1  0      0 1007164 97764 1924924   0    0     0   132 3845 6365  8  4 87  0  0  0
 0  0      0 1007164 97768 1924928   0    0     0    56 3544 6298  5  3 92  0  0  0
 0  0      0 1007164 97768 1924928   0    0     0     0 3149 4723  3  3 95  0  0  0
 0  0      0 1007164 97768 1924928   0    0     0    44 4039 7452  5  4 91  1  0  0
 0  0      0 1007164 97768 1924928   0    0     0    24 3289 5702  3  3 95  0  0  0
 0  0      0 1007164 97772 1924932   0    0     0    88 3694 6163  5  4 90  0  0  0
 0  0      0 1007164 97772 1924936   0    0     0     0 3130 5175  3  3 93  0  0  0
 1  0      0 1007164 97772 1924936   0    0     0    28 4026 6757  5  5 90  0  0  0
 1  0      0 1007164 97772 1924936   0    0     0    32 3370 4565  3  4 93  0  0  0
 2  0      0 1007164 97772 1924936   0    0     0    28 3698 5790  4  3 93  0  0  0
 2  0      0 1007164 97772 1924936   0    0     0     0 2947 4141  2  2 96  0  0  0
 4  0      0 1007164 97780 1924940   0    0     0    60 3646 6052  4  3 93  0  0  0
 1  0      0 1007164 97780 1924940   0    0     0     0 3225 5036  3  2 95  0  0  0
 1  0      0 1007164 97780 1924940   0    0     0    44 3651 6219  4  4 92  0  0  0
 0  0      0 1007164 97780 1924940   0    0     0    28 3145 4696  3  3 94  0  0  0
 1  0      0 1007164 97792 1924956   0    0     0   180 4274 8155  9  6 85  1  0  0
 0  0      0 1007164 97792 1924956   0    0     0    12 3228 5132  3  4 93  0  0  0
procs -----------memory---------- ---swap-- -----io---- -system-- -------cpu-------
 r  b   swpd   free   buff  cache   si   so    bi    bo   in   cs us sy id wa st gu
 1  0      0 1007164 97792 1924956   0    0     0    28 3854 7158  9  5 86  0  0  0
 0  0      0 1005148 97792 1924956   0    0     0    32 3273 5562  3  3 93  0  0  0
 0  0      0 1005148 97792 1924956   0    0     0    44 3439 5406  4  3 93  0  0  0
 1  0      0 1005148 97800 1924948   0    0     0    36 2979 4685  4  2 93  1  0  0
 1  0      0 1005148 97808 1924960   0    0     0    52 3463 5794  3  3 94  0  0  0
 3  0      0 1005148 97808 1924960   0    0     0     0 2999 4856  2  2 96  0  0  0
 0  0      0 1003384 97808 1924960   0    0     0    40 3563 5953  4  4 92  0  0  0
 0  0      0 1003132 97808 1924960   0    0     0    28 3650 5593  3  2 95  0  0  0
 0  0      0 1003132 97812 1924964   0    0     0    76 4090 7156  5  4 91  0  0  0
 0  0      0 1003132 97812 1924964   0    0     0    28 3382 5137  4  4 92  0  0  0
 1  0      0 1003132 97812 1924968   0    0     0    24 4241 7789  7  6 87  0  0  0
 0  0      0 1002628 97812 1924968   0    0     0    32 3618 6620  5  4 91  0  0  0
 0  0      0 1002628 97812 1924972   0    0     0    68 3268 5479  4  3 93  0  0  0
 0  0      0 1002628 97824 1924980   0    0     0   124 4012 7042  5  5 90  0  0  0
 2  0      0 1002628 97824 1924980   0    0     0    28 3715 6762  5  5 90  0  0  0
 1  0      0 1002628 97824 1924980   0    0     0     0 3004 5061  2  3 95  0  0  0
 0  0      0 1001116 97824 1924980   0    0     0    44 3691 6691  4  3 92  0  0  0
 1  0      0 1001116 97824 1924980   0    0     0     8 3204 5134  3  2 95  0  0  0
 0  0      0 1001116 97824 1924984   0    0     0    56 3759 6426  5  3 91  0  0  0
 2  0      0 1001116 97824 1924984   0    0     0    24 3410 6155  3  3 94  0  0  0
 1  0      0 1001116 97824 1924984   0    0     0    28 3805 6174  5  5 90  0  0  0
procs -----------memory---------- ---swap-- -----io---- -system-- -------cpu-------
 r  b   swpd   free   buff  cache   si   so    bi    bo   in   cs us sy id wa st gu
 1  0      0 999604  97824 1924984   0    0     0    32 3681 5455  3  3 95  0  0  0
 3  0      0 999604  97832 1924988   0    0     0    52 3621 5726  3  3 93  1  0  0
 2  0      0 999604  97832 1924988   0    0     0     4 3055 5311  4  3 94  0  0  0
 0  0      0 999604  97832 1924988   0    0     0    24 3263 5601  3  3 93  0  0  0
 0  0      0 999604  97832 1924988   0    0     0     0 2959 5514  2  2 96  0  0  0
 1  0      0 997592  97832 1924988   0    0     0    44 3696 6565  3  3 94  0  0  0
 3  0      0 997592  97840 1924980   0    0     0    16 3304 5794  2  3 95  0  0  0
 0  0      0 997592  97848 1925000   0    0     0   160 4489 8806  8  4 87  0  0  0
 7  0      0 997592  97848 1925004   0    0     0    24 3314 5628  3  3 94  0  0  0
 0  0      0 997592  97848 1925004   0    0     0    28 3900 7379  7  6 87  0  0  0
 0  0      0 997088  97848 1925004   0    0     0    32 3475 5607  3  3 93  0  0  0
 0  0      0 997088  97852 1925012   0    0     0    60 3408 5454  4  3 93  0  0  0
 1  0      0 997088  97852 1925012   0    0     0     0 3182 5666  9  2 89  0  0  0
 0  0      0 997088  97852 1925012   0    0     0    24 3302 4642  4  4 92  0  0  0
 0  0      0 997088  97852 1925012   0    0     0    12 3141 4649  3  2 95  0  0  0
 0  0      0 995324  97852 1925012   0    0     0    44 3860 6187  5  3 92  0  0  0
 0  0      0 995324  97852 1925012   0    0     0     0 3455 5962  3  3 95  0  0  0
 0  0      0 995324  97864 1925000   0    0     0   104 4105 7335  6  3 90  1  0  0
 0  0      0 995324  97864 1925016   0    0     0    24 3246 6062  3  3 94  0  0  0
14  0      0 995324  97864 1925016   0    0     0    28 3886 7072  7  4 88  0  0  0
 6  0      0 995324  97868 1925012   0    0     0    56 3735 7305  5  7 88  0  0  0
procs -----------memory---------- ---swap-- -----io---- -system-- -------cpu-------
 r  b   swpd   free   buff  cache   si   so    bi    bo   in   cs us sy id wa st gu
 2  0      0 995324  97868 1925020   0    0     0    24 3640 6734  5  3 92  0  0  0
 0  0      0 995324  97876 1925028   0    0     0   160 3663 6250  7  4 89  0  0  0
 0  0      0 995324  97876 1925028   0    0     0    28 3319 5515  4  3 93  0  0  0
 0  0      0 995324  97876 1925028   0    0     0     8 2859 4837  3  2 95  0  0  0
 0  0      0 995324  97876 1925028   0    0     0    44 3645 6232  4  4 92  0  0  0
 0  0      0 995324  97876 1925028   0    0     0     0 3283 5073  3  2 95  0  0  0
 0  0      0 995324  97888 1925016   0    0     0   108 3979 7294  5  4 90  1  0  0
 1  0      0 995324  97888 1925032   0    0     0    24 3412 5686  4  3 93  0  0  0
 0  0      0 995324  97892 1925028   0    0     0    52 3631 6624  4  3 93  0  0  0
 0  0      0 995324  97892 1925036   0    0     0    32 4045 7989  6  7 87  0  0  0
 1  0      0 995324  97892 1925036   0    0     0    24 3502 5938  4  3 93  0  0  0
 0  0      0 995324  97892 1925040   0    0     0    20 3213 5045  3  2 96  0  0  0
 1  0      0 995324  97892 1925040   0    0     0    28 3790 6752  5  4 91  0  0  0
 2  0      0 995324  97892 1925040   0    0     0     0 3002 4679  2  2 96  0  0  0
 2  0      0 995324  97896 1925036   0    0     0    76 3486 6064  4  4 91  1  0  0
 0  0      0 995324  97896 1925044   0    0     0     0 3170 4970  4  2 94  0  0  0
 0  0      0 995324  97900 1925048   0    0     0   116 4331 8713  8  4 88  0  0  0
 2  0      0 995324  97900 1925048   0    0     0     4 3204 5384  3  3 93  1  0  0
 0  0      0 995324  97904 1925044   0    0     0    72 3513 6402  4  3 93  0  0  0
 0  0      0 995324  97904 1925052   0    0     0    40 3777 6945  5  5 90  0  0  0
 0  0      0 995324  97904 1925052   0    0     0    24 3420 5329  4  4 92  0  0  0
procs -----------memory---------- ---swap-- -----io---- -system-- -------cpu-------
 r  b   swpd   free   buff  cache   si   so    bi    bo   in   cs us sy id wa st gu
 1  0      0 995324  97904 1925052   0    0     0     0 3078 5204  2  2 96  0  0  0
 1  0      0 995324  97904 1925052   0    0     0    28 3402 5198  4  3 93  0  0  0
 0  0      0 995324  97904 1925052   0    0     0     0 3209 5253  3  2 95  0  0  0
 0  0      0 995324  97908 1925048   0    0     0    80 3498 6100  7  3 90  0  0  0
 0  0      0 995324  97908 1925056   0    0     0     0 3461 5516  5  3 92  0  0  0
 1  0      0 995324  97908 1925056   0    0     0    28 4133 7577  6  4 90  0  0  0
 3  0      0 994820  97908 1925056   0    0     0    28 3547 5988  5  4 91  0  0  0
 0  0      0 994820  97908 1925056   0    0     0    76 3451 5430  3  2 94  0  0  0
 2  0      0 994568  97908 1925060   0    0     0    44 3860 6295  6  6 87  1  0  0
 0  0      0 993056  97908 1925060   0    0     0    44 3483 5633  4  4 92  0  0  0
 0  0      0 992804  97908 1925064   0    0     0     0 3435 6322  5  3 92  0  0  0
 0  0      0 992804  97908 1925064   0    0     0    64 3471 5764  6  4 90  0  0  0
 1  0      0 992804  97908 1925072   0    0     0     0 2882 4267  3  2 95  0  0  0
 5  0      0 992804  97908 1925072   0    0     0    44 3662 6632  4  5 91  0  0  0
 0  0      0 992300  97908 1925072   0    0     0     0 3439 6088  3  3 94  0  0  0
 0  0      0 992300  97908 1925072   0    0     0    28 3661 6036  5  4 91  0  0  0
 0  0      0 992300  97908 1925076   0    0     0    76 3065 4258  4  2 94  0  0  0
 0  0      0 992300  97908 1925076   0    0     0    52 3441 5820  4  4 92  0  0  0
 5  0      0 992300  97908 1925076   0    0     0    32 3811 6992  7  4 89  0  0  0
 0  0      0 992300  97908 1925076   0    0     0    24 3481 5644  3  3 94  0  0  0
 0  0      0 992300  97908 1925076   0    0     0     0 3092 5204  3  2 95  0  0  0
procs -----------memory---------- ---swap-- -----io---- -system-- -------cpu-------
 r  b   swpd   free   buff  cache   si   so    bi    bo   in   cs us sy id wa st gu
 1  0      0 992300  97908 1925076   0    0     0    64 3604 6161  4  5 90  1  0  0
 3  0      0 992300  97908 1925080   0    0     0     0 3062 5023  3  2 95  0  0  0
 0  0      0 992300  97908 1925080   0    0     0    40 3531 5937  4  4 92  0  0  0
 1  0      0 992300  97908 1925080   0    0     0     0 3231 4915  3  2 95  0  0  0
 0  0      0 992300  97912 1925076   0    0     0    56 4045 8009  6  4 90  0  0  0
 0  0      0 992300  97912 1925084   0    0     0    36 3033 4662  3  3 95  0  0  0
 0  0      0 992300  97912 1925084   0    0     0    52 3397 5602  3  3 94  0  0  0
 0  0      0 992300  97912 1925084   0    0     0    40 3754 6918  7  5 88  0  0  0
 0  0      0 992300  97912 1925084   0    0     0    68 3467 5827  3  4 92  0  0  0
 0  0      0 992300  97912 1925088   0    0     0     0 3235 5709  3  2 95  0  0  0
 0  0      0 992300  97912 1925088   0    0     0    24 3539 5726  3  4 93  0  0  0
 0  0      0 992300  97912 1925088   0    0     0     0 3112 5178  2  2 96  0  0  0
 0  0      0 992300  97912 1925088   0    0     0    44 3284 5666  3  3 94  0  0  0
 0  0      0 992300  97912 1925092   0    0     0     0 3578 6640  4  3 93  0  0  0
 2  0      0 992300  97924 1925080   0    0     0    88 4013 7669  6  4 90  0  0  0
 1  0      0 992300  97924 1925096   0    0     0    28 3466 6334  3  4 94  0  0  0
 4  0      0 992300  97924 1925096   0    0     0    52 3516 6484  4  3 93  1  0  0
 2  0      0 992300  97924 1925104   0    0     0    96 4092 7618  7  6 87  0  0  0
 7  0      0 992048  97924 1925104   0    0     0    28 3436 5707  4  3 92  0  0  0
 5  0      0 992048  97924 1925108   0    0     0     4 3661 6226  5  3 92  0  0  0
 0  0      0 992048  97924 1925108   0    0     0    32 3472 5591  4  4 92  0  0  0
procs -----------memory---------- ---swap-- -----io---- -system-- -------cpu-------
 r  b   swpd   free   buff  cache   si   so    bi    bo   in   cs us sy id wa st gu
 8  0      0 991796  97924 1925108   0    0     0     0 3282 5614  3  3 94  0  0  0
 1  0      0 991796  97928 1925104   0    0     0    92 3499 6030  4  3 93  0  0  0
 3  0      0 991040  97928 1925112   0    0     0     0 3244 5333  3  4 93  0  0  0
 1  0      0 991040  97928 1925112   0    0     0    28 3857 6846  6  4 90  0  0  0
 4  0      0 991040  97928 1925112   0    0     0     0 3414 5608  3  4 92  0  0  0
 1  0      0 991040  97932 1925108   0    0     0   116 3524 5634  3  3 93  1  0  0
 4  0      0 991040  97932 1925116   0    0     0    52 3798 6450  4  4 92  0  0  0
 1  0      0 990788  97932 1925116   0    0     0    28 3496 5600  4  3 93  0  0  0
 0  0      0 990788  97932 1925116   0    0     0     0 3100 4444  3  2 95  0  0  0
 5  0      0 990788  97932 1925116   0    0     0    48 3892 6789  5  4 91  0  0  0
 0  0      0 990788  97932 1925120   0    0     0     0 3314 5165  4  2 94  0  0  0
 0  0      0 990788  97932 1925120   0    0     0    36 3446 5611  4  3 93  0  0  0
 1  0      0 989276  97932 1925124   0    0     0     0 3118 4945  2  4 94  0  0  0
 0  0      0 989024  97932 1925124   0    0     0    28 3862 7751  7  4 89  0  0  0
 0  0      0 989024  97932 1925124   0    0     0     0 3352 5556  3  4 93  0  0  0
 0  0      0 989024  97936 1925120   0    0     0   104 3729 6329  4  3 92  0  0  0
 2  0      0 989024  97936 1925128   0    0     0    32 3688 6439  6  4 90  0  0  0
 0  0      0 988016  97936 1925128   0    0     0    24 3308 5573  4  4 92  0  0  0
 0  0      0 988016  97936 1925128   0    0     0     0 3375 5851  3  3 94  0  0  0
 2  0      0 988016  97944 1925120   0    0     0    52 3667 6659  4  4 92  0  0  0
 0  0      0 987764  97944 1925132   0    0     0     0 3377 5910  4  3 93  0  0  0
procs -----------memory---------- ---swap-- -----io---- -system-- -------cpu-------
 r  b   swpd   free   buff  cache   si   so    bi    bo   in   cs us sy id wa st gu
 2  0      0 987764  97944 1925132   0    0     0    20 3429 6025  6  3 90  1  0  0
 0  0      0 987008  97944 1925132   0    0     0    20 4159 7097  7  4 89  0  0  0
 3  0      0 987008  97944 1925132   0    0     0   136 3710 6380  5  4 91  0  0  0
 4  0      0 1023356 97944 1925136   0    0     0     0 3458 5933  4  4 92  0  0  0
 0  0      0 1022892 97944 1925136   0    0     0    28 3592 5464  5  3 92  0  0  0
 1  0      0 1022640 97944 1925136   0    0     0    88 4079 6982  7  6 87  0  0  0
 0  0      0 1021380 97948 1925132   0    0     0    60 3684 6245  4  4 92  0  0  0
 0  0      0 1021380 97948 1925144   0    0     0    24 3582 5770  6  3 91  0  0  0
 0  0      0 1021380 97948 1925144   0    0     0     4 3645 5817  4  2 93  0  0  0
 0  0      0 1021380 97948 1925144   0    0     0    20 3289 5295  3  3 95  0  0  0
 0  0      0 1021380 97948 1925144   0    0     0    20 3557 6120  5  5 90  0  0  0
 0  0      0 1021380 97948 1925144   0    0     0    32 2874 4073  3  2 96  0  0  0
 3  0      0 1021380 97952 1925140   0    0     0    32 3441 5727  7  4 89  0  0  0
 4  0      0 1021380 97952 1925152   0    0     0    52 3493 5919  4  4 92  0  0  0
 0  0      0 1021380 97952 1925152   0    0     0    28 3464 5869  4  3 93  0  0  0
 0  0      0 1021380 97956 1925148   0    0     0   108 4355 7352  6  6 88  0  0  0
 0  0      0 1019616 97956 1925156   0    0     0    12 3442 5898  3  3 94  0  0  0
 0  0      0 1019616 97956 1925156   0    0     0    28 3482 5518  4  2 94  0  0  0
 3  0      0 1019616 97956 1925156   0    0     0     0 3351 5457  3  3 95  0  0  0
 0  0      0 1019616 97956 1925156   0    0     0    40 3236 4947  3  3 95  0  0  0
 0  0      0 1019616 97956 1925156   0    0     0    44 3382 5558  3  3 93  0  0  0
procs -----------memory---------- ---swap-- -----io---- -system-- -------cpu-------
 r  b   swpd   free   buff  cache   si   so    bi    bo   in   cs us sy id wa st gu
 1  0      0 1018860 97964 1925160   0    0     0    52 3331 5529  3  4 93  1  0  0
 6  0      0 1018860 97964 1925160   0    0     0     0 3690 6987  6  4 90  0  0  0
 0  0      0 1018860 97964 1925160   0    0     0    28 3231 5685  3  3 94  0  0  0
 0  0      0 1018860 97964 1925160   0    0     0    32 3202 4905  4  4 92  0  0  0
 0  0      0 1018636 97972 1925164   0    0     0   116 4148 7431  7  6 87  0  0  0
 0  0      0 1018636 97972 1925164   0    0     0     0 3308 6571  3  3 94  0  0  0
 0  0      0 1018636 97972 1925164   0    0     0    24 3132 4377  9  2 89  0  0  0
 0  0      0 1018636 97972 1925164   0    0     0     0 3388 5567  3  3 94  0  0  0
 0  0      0 1018636 97972 1925164   0    0     0    28 3435 5358  5  3 92  0  0  0
 0  0      0 1018636 97980 1925156   0    0     0    52 3300 5492  3  3 95  0  0  0
 0  0      0 1018388 97980 1925168   0    0     0    24 3678 5581  4  4 91  0  0  0
 0  0      0 1018388 97980 1925168   0    0     0     0 3602 6370  5  4 90  0  0  0
 0  0      0 1018388 97980 1925168   0    0     0    28 3482 5471  4  3 93  0  0  0
 3  0      0 1018388 97980 1925168   0    0     0    28 3394 6544  4  4 92  0  0  0
 2  0      0 1018388 97984 1925180   0    0     0   108 4336 7445  7  7 86  1  0  0
 4  0      0 1018388 97984 1925180   0    0     0     0 3501 6520  5  4 91  0  0  0
 0  0      0 1018388 97984 1925180   0    0     0    32 3575 6171  6  4 90  0  0  0
 0  0      0 1018388 97984 1925180   0    0     0     0 3469 5157  3  3 94  0  0  0
 0  0      0 1018388 97988 1925184   0    0     0    52 3387 5468  3  4 94  0  0  0
 4  0      0 1018388 97988 1925184   0    0     0    16 3416 5390  3  3 95  0  0  0
 0  0      0 1018388 97988 1925184   0    0     0    28 3699 6000  4  4 92  0  0  0
procs -----------memory---------- ---swap-- -----io---- -system-- -------cpu-------
 r  b   swpd   free   buff  cache   si   so    bi    bo   in   cs us sy id wa st gu
 3  0      0 1018424 97988 1925184   0    0     0     0 3806 7078  6  4 90  0  0  0
 0  0      0 1018448 97988 1925184   0    0     0    28 3283 4452  3  3 95  0  0  0
 0  0      0 1018448 97988 1925184   0    0     0    64 3486 5810  3  3 94  0  0  0
 0  0      0 1021228 97988 1925188   0    0     0    64 3994 7577  7  6 87  0  0  0
 0  0      0 1019972 97988 1925188   0    0     0    24 3517 6104  3  3 93  0  0  0
 0  0      0 1019908 97988 1925192   0    0     0    56 3503 5274  3  3 94  0  0  0
 0  0      0 1019732 97988 1925192   0    0     0     0 3503 5498  4  3 92  0  0  0
