role.rbac.authorization.k8s.io/serviceweaver-pods-getter created
rolebinding.rbac.authorization.k8s.io/serviceweaver-default-pods-getter created
configmap/config-dba1101c created
deployment.apps/ob-ad-dba1101c-03e99898 created
horizontalpodautoscaler.autoscaling/ob-ad-dba1101c-03e99898 created
deployment.apps/ob-cc-dba1101c-58a4a44b created
horizontalpodautoscaler.autoscaling/ob-cc-dba1101c-58a4a44b created
deployment.apps/ob-co-dba1101c-6749099e created
horizontalpodautoscaler.autoscaling/ob-co-dba1101c-6749099e created
deployment.apps/ob-cs-dba1101c-e04507f2 created
horizontalpodautoscaler.autoscaling/ob-cs-dba1101c-e04507f2 created
deployment.apps/ob-cu-dba1101c-5984bebd created
horizontalpodautoscaler.autoscaling/ob-cu-dba1101c-5984bebd created
deployment.apps/ob-em-dba1101c-856f38c3 created
horizontalpodautoscaler.autoscaling/ob-em-dba1101c-856f38c3 created
service/boutique-dba1101c created
deployment.apps/ob-weaver-main-dba1101c-7e390367 created
horizontalpodautoscaler.autoscaling/ob-weaver-main-dba1101c-7e390367 created
deployment.apps/ob-pa-dba1101c-9012c187 created
horizontalpodautoscaler.autoscaling/ob-pa-dba1101c-9012c187 created
deployment.apps/ob-pc-dba1101c-68e2a45a created
horizontalpodautoscaler.autoscaling/ob-pc-dba1101c-68e2a45a created
deployment.apps/ob-rc-dba1101c-1b50da20 created
horizontalpodautoscaler.autoscaling/ob-rc-dba1101c-1b50da20 created
deployment.apps/ob-sh-dba1101c-96232be4 created
horizontalpodautoscaler.autoscaling/ob-sh-dba1101c-96232be4 created
