Linux 6.6.95 (ssp-study) 	04/16/26 	_x86_64_	(2 CPU)

18:07:52    kbmemfree   kbavail kbmemused  %memused kbbuffers  kbcached  kbcommit   %commit  kbactive   kbinact   kbdirty
18:07:53   [34;1m   1048696[0m[34;1m   1832624[0m[34;1m    705248[0m[34;1m     18.54[0m[34;1m     89128[0m[34;1m   1849432[0m[34;1m   3892236[0m[31;1m    102.34[0m[34;1m   1185172[0m[34;1m   1394452[0m[34;1m       344[0m
18:07:54   [34;1m   1048696[0m[34;1m   1832648[0m[34;1m    705164[0m[34;1m     18.54[0m[34;1m     89136[0m[34;1m   1849440[0m[34;1m   3892236[0m[31;1m    102.34[0m[34;1m   1185180[0m[34;1m   1394580[0m[34;1m       348[0m
18:07:55   [34;1m   1045424[0m[34;1m   1829392[0m[34;1m    708404[0m[34;1m     18.63[0m[34;1m     89156[0m[34;1m   1849420[0m[34;1m   3892236[0m[31;1m    102.34[0m[34;1m   1185180[0m[34;1m   1394680[0m[34;1m       348[0m
18:07:56   [34;1m   1045424[0m[34;1m   1829452[0m[34;1m    708332[0m[34;1m     18.62[0m[34;1m     89160[0m[34;1m   1849460[0m[34;1m   3892236[0m[31;1m    102.34[0m[34;1m   1185204[0m[34;1m   1394712[0m[34;1m       360[0m
18:07:57   [34;1m   1045424[0m[34;1m   1829452[0m[34;1m    708332[0m[34;1m     18.62[0m[34;1m     89160[0m[34;1m   1849460[0m[34;1m   3892236[0m[31;1m    102.34[0m[34;1m   1185204[0m[34;1m   1394712[0m[34;1m       360[0m
18:07:58   [34;1m   1045424[0m[34;1m   1829452[0m[34;1m    708332[0m[34;1m     18.62[0m[34;1m     89160[0m[34;1m   1849460[0m[34;1m   3892236[0m[31;1m    102.34[0m[34;1m   1185204[0m[34;1m   1394720[0m[34;1m       360[0m
18:07:59   [34;1m   1045424[0m[34;1m   1829452[0m[34;1m    708332[0m[34;1m     18.62[0m[34;1m     89160[0m[34;1m   1849460[0m[34;1m   3892236[0m[31;1m    102.34[0m[34;1m   1185204[0m[34;1m   1394420[0m[34;1m       360[0m
18:08:00   [34;1m   1045424[0m[34;1m   1829456[0m[34;1m    708296[0m[34;1m     18.62[0m[34;1m     89164[0m[34;1m   1849460[0m[34;1m   3892236[0m[31;1m    102.34[0m[34;1m   1185208[0m[34;1m   1394424[0m[34;1m       360[0m
18:08:01   [34;1m   1045424[0m[34;1m   1829460[0m[34;1m    708292[0m[34;1m     18.62[0m[34;1m     89164[0m[34;1m   1849464[0m[34;1m   3892236[0m[31;1m    102.34[0m[34;1m   1185208[0m[34;1m   1394392[0m[34;1m       360[0m
18:08:02   [34;1m   1045184[0m[34;1m   1829220[0m[34;1m    708532[0m[34;1m     18.63[0m[34;1m     89164[0m[34;1m   1849464[0m[34;1m   3892236[0m[31;1m    102.34[0m[34;1m   1185208[0m[34;1m   1394052[0m[34;1m       288[0m
18:08:03   [34;1m   1045184[0m[34;1m   1829220[0m[34;1m    708532[0m[34;1m     18.63[0m[34;1m     89164[0m[34;1m   1849464[0m[34;1m   3892236[0m[31;1m    102.34[0m[34;1m   1185208[0m[34;1m   1394024[0m[34;1m       288[0m
18:08:04   [34;1m   1045184[0m[34;1m   1829220[0m[34;1m    708512[0m[34;1m     18.63[0m[34;1m     89164[0m[34;1m   1849464[0m[34;1m   3892236[0m[31;1m    102.34[0m[34;1m   1185208[0m[34;1m   1394344[0m[34;1m       288[0m
18:08:05   [34;1m   1045184[0m[34;1m   1829220[0m[34;1m    708512[0m[34;1m     18.63[0m[34;1m     89164[0m[34;1m   1849464[0m[34;1m   3892236[0m[31;1m    102.34[0m[34;1m   1185208[0m[34;1m   1394504[0m[34;1m       288[0m
18:08:06   [34;1m   1045184[0m[34;1m   1829236[0m[34;1m    708468[0m[34;1m     18.63[0m[34;1m     89180[0m[34;1m   1849468[0m[34;1m   3892236[0m[31;1m    102.34[0m[34;1m   1185224[0m[34;1m   1394280[0m[34;1m       296[0m
18:08:07   [34;1m   1045184[0m[34;1m   1829236[0m[34;1m    708464[0m[34;1m     18.63[0m[34;1m     89180[0m[34;1m   1849468[0m[34;1m   3892236[0m[31;1m    102.34[0m[34;1m   1185224[0m[34;1m   1394280[0m[34;1m         4[0m
18:08:08   [34;1m   1044960[0m[34;1m   1829012[0m[34;1m    708688[0m[34;1m     18.63[0m[34;1m     89180[0m[34;1m   1849468[0m[34;1m   3892236[0m[31;1m    102.34[0m[34;1m   1185224[0m[34;1m   1394280[0m[34;1m         4[0m
18:08:09   [34;1m   1044960[0m[34;1m   1829012[0m[34;1m    708688[0m[34;1m     18.63[0m[34;1m     89180[0m[34;1m   1849468[0m[34;1m   3892236[0m[31;1m    102.34[0m[34;1m   1185224[0m[34;1m   1394280[0m[34;1m         4[0m
18:08:10   [34;1m   1043196[0m[34;1m   1827268[0m[34;1m    710432[0m[34;1m     18.68[0m[34;1m     89196[0m[34;1m   1849472[0m[34;1m   3892236[0m[31;1m    102.34[0m[34;1m   1185232[0m[34;1m   1394308[0m[34;1m        20[0m
18:08:11   [34;1m   1042692[0m[34;1m   1826772[0m[34;1m    710928[0m[34;1m     18.69[0m[34;1m     89196[0m[34;1m   1849480[0m[34;1m   3893068[0m[31;1m    102.36[0m[34;1m   1185240[0m[34;1m   1393680[0m[34;1m        24[0m
18:08:12   [34;1m   1042692[0m[34;1m   1826772[0m[34;1m    710928[0m[34;1m     18.69[0m[34;1m     89196[0m[34;1m   1849480[0m[34;1m   3893068[0m[31;1m    102.36[0m[34;1m   1185240[0m[34;1m   1393628[0m[34;1m        16[0m
18:08:13   [34;1m   1042692[0m[34;1m   1826772[0m[34;1m    710928[0m[34;1m     18.69[0m[34;1m     89196[0m[34;1m   1849480[0m[34;1m   3893068[0m[31;1m    102.36[0m[34;1m   1185240[0m[34;1m   1393628[0m[34;1m        16[0m
18:08:14   [34;1m   1042692[0m[34;1m   1826776[0m[34;1m    710904[0m[34;1m     18.69[0m[34;1m     89196[0m[34;1m   1849484[0m[34;1m   3893068[0m[31;1m    102.36[0m[34;1m   1185240[0m[34;1m   1394244[0m[34;1m        24[0m
18:08:15   [34;1m   1042188[0m[34;1m   1826272[0m[34;1m    711408[0m[34;1m     18.71[0m[34;1m     89196[0m[34;1m   1849484[0m[34;1m   3893068[0m[31;1m    102.36[0m[34;1m   1185240[0m[34;1m   1394444[0m[34;1m        24[0m
18:08:16   [34;1m   1042188[0m[34;1m   1826288[0m[34;1m    711396[0m[34;1m     18.71[0m[34;1m     89200[0m[34;1m   1849488[0m[34;1m   3893068[0m[31;1m    102.36[0m[34;1m   1185244[0m[34;1m   1394324[0m[34;1m        24[0m
18:08:17   [34;1m   1042188[0m[34;1m   1826288[0m[34;1m    711396[0m[34;1m     18.71[0m[34;1m     89200[0m[34;1m   1849488[0m[34;1m   3893068[0m[31;1m    102.36[0m[34;1m   1185244[0m[34;1m   1394324[0m[34;1m        24[0m
18:08:18   [34;1m   1042188[0m[34;1m   1826288[0m[34;1m    711396[0m[34;1m     18.71[0m[34;1m     89200[0m[34;1m   1849488[0m[34;1m   3893068[0m[31;1m    102.36[0m[34;1m   1185244[0m[34;1m   1394340[0m[34;1m        24[0m
18:08:19   [34;1m   1042188[0m[34;1m   1826288[0m[34;1m    711396[0m[34;1m     18.71[0m[34;1m     89200[0m[34;1m   1849488[0m[34;1m   3893068[0m[31;1m    102.36[0m[34;1m   1185244[0m[34;1m   1394340[0m[34;1m        24[0m
18:08:20   [34;1m   1042188[0m[34;1m   1826300[0m[34;1m    711384[0m[34;1m     18.70[0m[34;1m     89208[0m[34;1m   1849492[0m[34;1m   3933448[0m[31;1m    103.42[0m[34;1m   1185252[0m[34;1m   1394688[0m[34;1m         4[0m
18:08:21   [34;1m   1042188[0m[34;1m   1826300[0m[34;1m    711380[0m[34;1m     18.70[0m[34;1m     89208[0m[34;1m   1849492[0m[34;1m   3893068[0m[31;1m    102.36[0m[34;1m   1185252[0m[34;1m   1394404[0m[34;1m         4[0m
18:08:22   [34;1m   1042188[0m[34;1m   1826300[0m[34;1m    711380[0m[34;1m     18.70[0m[34;1m     89208[0m[34;1m   1849492[0m[34;1m   3893068[0m[31;1m    102.36[0m[34;1m   1185252[0m[34;1m   1394436[0m[34;1m         4[0m
18:08:23   [34;1m   1042188[0m[34;1m   1826300[0m[34;1m    711380[0m[34;1m     18.70[0m[34;1m     89208[0m[34;1m   1849492[0m[34;1m   3893068[0m[31;1m    102.36[0m[34;1m   1185252[0m[34;1m   1394436[0m[34;1m         4[0m
18:08:24   [34;1m   1042188[0m[34;1m   1826308[0m[34;1m    711376[0m[34;1m     18.70[0m[34;1m     89212[0m[34;1m   1849496[0m[34;1m   3893068[0m[31;1m    102.36[0m[34;1m   1185256[0m[34;1m   1394860[0m[34;1m        16[0m
18:08:25   [34;1m   1042188[0m[34;1m   1826308[0m[34;1m    711376[0m[34;1m     18.70[0m[34;1m     89220[0m[34;1m   1849488[0m[34;1m   3893068[0m[31;1m    102.36[0m[34;1m   1185256[0m[34;1m   1394860[0m[34;1m        16[0m
18:08:26   [34;1m   1041964[0m[34;1m   1826112[0m[34;1m    711560[0m[34;1m     18.71[0m[34;1m     89220[0m[34;1m   1849508[0m[34;1m   3893068[0m[31;1m    102.36[0m[34;1m   1185264[0m[34;1m   1394916[0m[34;1m        28[0m
18:08:27   [34;1m   1041964[0m[34;1m   1826112[0m[34;1m    711560[0m[34;1m     18.71[0m[34;1m     89220[0m[34;1m   1849508[0m[34;1m   3893068[0m[31;1m    102.36[0m[34;1m   1185264[0m[34;1m   1394916[0m[34;1m        28[0m
18:08:28   [34;1m   1041964[0m[34;1m   1826112[0m[34;1m    711560[0m[34;1m     18.71[0m[34;1m     89220[0m[34;1m   1849508[0m[34;1m   3893068[0m[31;1m    102.36[0m[34;1m   1185264[0m[34;1m   1394924[0m[34;1m        28[0m
18:08:29   [34;1m   1041964[0m[34;1m   1826112[0m[34;1m    711560[0m[34;1m     18.71[0m[34;1m     89220[0m[34;1m   1849508[0m[34;1m   3893068[0m[31;1m    102.36[0m[34;1m   1185264[0m[34;1m   1394924[0m[34;1m        28[0m
18:08:30   [34;1m   1041964[0m[34;1m   1826116[0m[34;1m    711552[0m[34;1m     18.71[0m[34;1m     89224[0m[34;1m   1849512[0m[34;1m   3893068[0m[31;1m    102.36[0m[34;1m   1185264[0m[34;1m   1394948[0m[34;1m        24[0m
18:08:31   [34;1m   1041964[0m[34;1m   1826120[0m[34;1m    711520[0m[34;1m     18.71[0m[34;1m     89224[0m[34;1m   1849512[0m[34;1m   3893068[0m[31;1m    102.36[0m[34;1m   1185268[0m[34;1m   1394968[0m[34;1m        12[0m
18:08:32   [34;1m   1041964[0m[34;1m   1826120[0m[34;1m    711524[0m[34;1m     18.71[0m[34;1m     89224[0m[34;1m   1849512[0m[34;1m   3893068[0m[31;1m    102.36[0m[34;1m   1185268[0m[34;1m   1394668[0m[34;1m        16[0m
18:08:33   [34;1m   1039696[0m[34;1m   1823852[0m[34;1m    713784[0m[34;1m     18.77[0m[34;1m     89224[0m[34;1m   1849512[0m[34;1m   3893068[0m[31;1m    102.36[0m[34;1m   1185268[0m[34;1m   1394728[0m[34;1m        16[0m
18:08:34   [34;1m   1039444[0m[34;1m   1823608[0m[34;1m    714028[0m[34;1m     18.77[0m[34;1m     89228[0m[34;1m   1849516[0m[34;1m   3893068[0m[31;1m    102.36[0m[34;1m   1185272[0m[34;1m   1395168[0m[34;1m        56[0m
18:08:35   [34;1m   1039444[0m[34;1m   1823608[0m[34;1m    714028[0m[34;1m     18.77[0m[34;1m     89228[0m[34;1m   1849516[0m[34;1m   3893068[0m[31;1m    102.36[0m[34;1m   1185272[0m[34;1m   1395212[0m[34;1m         4[0m
18:08:36   [34;1m   1038688[0m[34;1m   1822856[0m[34;1m    714780[0m[34;1m     18.79[0m[34;1m     89228[0m[34;1m   1849520[0m[34;1m   3893068[0m[31;1m    102.36[0m[34;1m   1185272[0m[34;1m   1395124[0m[34;1m         8[0m
18:08:37   [34;1m   1038688[0m[34;1m   1822856[0m[34;1m    714780[0m[34;1m     18.79[0m[34;1m     89228[0m[34;1m   1849520[0m[34;1m   3893068[0m[31;1m    102.36[0m[34;1m   1185272[0m[34;1m   1395032[0m[34;1m         8[0m
18:08:38   [34;1m   1038688[0m[34;1m   1822856[0m[34;1m    714780[0m[34;1m     18.79[0m[34;1m     89228[0m[34;1m   1849520[0m[34;1m   3893068[0m[31;1m    102.36[0m[34;1m   1185272[0m[34;1m   1395048[0m[34;1m         4[0m
18:08:39   [34;1m   1038688[0m[34;1m   1822856[0m[34;1m    714780[0m[34;1m     18.79[0m[34;1m     89232[0m[34;1m   1849516[0m[34;1m   3893068[0m[31;1m    102.36[0m[34;1m   1185272[0m[34;1m   1395048[0m[34;1m         4[0m
18:08:40   [34;1m   1038688[0m[34;1m   1822876[0m[34;1m    714760[0m[34;1m     18.79[0m[34;1m     89240[0m[34;1m   1849528[0m[34;1m   3893068[0m[31;1m    102.36[0m[34;1m   1185284[0m[34;1m   1395100[0m[34;1m        36[0m
18:08:41   [34;1m   1038688[0m[34;1m   1822880[0m[34;1m    714760[0m[34;1m     18.79[0m[34;1m     89240[0m[34;1m   1849532[0m[34;1m   3893068[0m[31;1m    102.36[0m[34;1m   1185284[0m[34;1m   1394988[0m[34;1m        36[0m
18:08:42   [34;1m   1038688[0m[34;1m   1822880[0m[34;1m    714760[0m[34;1m     18.79[0m[34;1m     89240[0m[34;1m   1849532[0m[34;1m   3893068[0m[31;1m    102.36[0m[34;1m   1185284[0m[34;1m   1394024[0m[34;1m        36[0m
18:08:43   [34;1m   1038688[0m[34;1m   1822880[0m[34;1m    714760[0m[34;1m     18.79[0m[34;1m     89240[0m[34;1m   1849532[0m[34;1m   3893068[0m[31;1m    102.36[0m[34;1m   1185284[0m[34;1m   1394000[0m[34;1m        36[0m
18:08:44   [34;1m   1038688[0m[34;1m   1822888[0m[34;1m    714752[0m[34;1m     18.79[0m[34;1m     89244[0m[34;1m   1849536[0m[34;1m   3893068[0m[31;1m    102.36[0m[34;1m   1185288[0m[34;1m   1394160[0m[34;1m         4[0m
18:08:45   [34;1m   1038688[0m[34;1m   1822888[0m[34;1m    714752[0m[34;1m     18.79[0m[34;1m     89244[0m[34;1m   1849536[0m[34;1m   3893068[0m[31;1m    102.36[0m[34;1m   1185288[0m[34;1m   1394220[0m[34;1m         4[0m
18:08:46   [34;1m   1038688[0m[34;1m   1822888[0m[34;1m    714748[0m[34;1m     18.79[0m[34;1m     89244[0m[34;1m   1849536[0m[34;1m   3893068[0m[31;1m    102.36[0m[34;1m   1185288[0m[34;1m   1394252[0m[34;1m         4[0m
18:08:47   [34;1m   1038688[0m[34;1m   1822888[0m[34;1m    714748[0m[34;1m     18.79[0m[34;1m     89244[0m[34;1m   1849536[0m[34;1m   3893068[0m[31;1m    102.36[0m[34;1m   1185288[0m[34;1m   1394252[0m[34;1m         4[0m
18:08:48   [34;1m   1038688[0m[34;1m   1822888[0m[34;1m    714748[0m[34;1m     18.79[0m[34;1m     89244[0m[34;1m   1849536[0m[34;1m   3893068[0m[31;1m    102.36[0m[34;1m   1185288[0m[34;1m   1394252[0m[34;1m         4[0m
18:08:49   [34;1m   1038688[0m[34;1m   1822892[0m[34;1m    714744[0m[34;1m     18.79[0m[34;1m     89244[0m[34;1m   1849540[0m[34;1m   3893068[0m[31;1m    102.36[0m[34;1m   1185288[0m[34;1m   1394256[0m[34;1m        16[0m
18:08:50   [34;1m   1038688[0m[34;1m   1822892[0m[34;1m    714744[0m[34;1m     18.79[0m[34;1m     89244[0m[34;1m   1849540[0m[34;1m   3893068[0m[31;1m    102.36[0m[34;1m   1185288[0m[34;1m   1394260[0m[34;1m        16[0m
18:08:51   [34;1m   1038688[0m[34;1m   1822892[0m[34;1m    714744[0m[34;1m     18.79[0m[34;1m     89244[0m[34;1m   1849540[0m[34;1m   3893068[0m[31;1m    102.36[0m[34;1m   1185288[0m[34;1m   1394260[0m[34;1m        16[0m
18:08:52   [34;1m   1038688[0m[34;1m   1822892[0m[34;1m    714744[0m[34;1m     18.79[0m[34;1m     89244[0m[34;1m   1849540[0m[34;1m   3893068[0m[31;1m    102.36[0m[34;1m   1185288[0m[34;1m   1394260[0m[34;1m        16[0m
18:08:53   [34;1m   1038688[0m[34;1m   1822900[0m[34;1m    714736[0m[34;1m     18.79[0m[34;1m     89248[0m[34;1m   1849544[0m[34;1m   3893068[0m[31;1m    102.36[0m[34;1m   1185292[0m[34;1m   1394448[0m[34;1m         4[0m
18:08:54   [34;1m   1038688[0m[34;1m   1822900[0m[34;1m    714736[0m[34;1m     18.79[0m[34;1m     89248[0m[34;1m   1849544[0m[34;1m   3893068[0m[31;1m    102.36[0m[34;1m   1185292[0m[34;1m   1395008[0m[34;1m         4[0m
18:08:55   [34;1m   1038688[0m[34;1m   1822908[0m[34;1m    714732[0m[34;1m     18.79[0m[34;1m     89248[0m[34;1m   1849552[0m[34;1m   3893068[0m[31;1m    102.36[0m[34;1m   1185292[0m[34;1m   1395092[0m[34;1m        20[0m
18:08:56   [34;1m   1038688[0m[34;1m   1822912[0m[34;1m    714732[0m[34;1m     18.79[0m[34;1m     89248[0m[34;1m   1849556[0m[34;1m   3893068[0m[31;1m    102.36[0m[34;1m   1185292[0m[34;1m   1395104[0m[34;1m        24[0m
18:08:57   [34;1m   1038688[0m[34;1m   1822912[0m[34;1m    714732[0m[34;1m     18.79[0m[34;1m     89248[0m[34;1m   1849556[0m[34;1m   3893068[0m[31;1m    102.36[0m[34;1m   1185292[0m[34;1m   1395104[0m[34;1m        28[0m
18:08:58   [34;1m   1038688[0m[34;1m   1822920[0m[34;1m    714724[0m[34;1m     18.79[0m[34;1m     89248[0m[34;1m   1849564[0m[34;1m   3893068[0m[31;1m    102.36[0m[34;1m   1185292[0m[34;1m   1395112[0m[34;1m        32[0m
18:08:59   [34;1m   1038688[0m[34;1m   1822920[0m[34;1m    714724[0m[34;1m     18.79[0m[34;1m     89248[0m[34;1m   1849564[0m[34;1m   3893068[0m[31;1m    102.36[0m[34;1m   1185292[0m[34;1m   1395112[0m[34;1m        32[0m
18:09:00   [34;1m   1038688[0m[34;1m   1822920[0m[34;1m    714724[0m[34;1m     18.79[0m[34;1m     89248[0m[34;1m   1849564[0m[34;1m   3893068[0m[31;1m    102.36[0m[34;1m   1185292[0m[34;1m   1395112[0m[34;1m        32[0m
18:09:01   [34;1m   1038688[0m[34;1m   1822920[0m[34;1m    714724[0m[34;1m     18.79[0m[34;1m     89248[0m[34;1m   1849564[0m[34;1m   3893068[0m[31;1m    102.36[0m[34;1m   1185292[0m[34;1m   1395148[0m[34;22m         0[0m
18:09:02   [34;1m   1038688[0m[34;1m   1822920[0m[34;1m    714724[0m[34;1m     18.79[0m[34;1m     89248[0m[34;1m   1849564[0m[34;1m   3893068[0m[31;1m    102.36[0m[34;1m   1185292[0m[34;1m   1394812[0m[34;22m         0[0m
18:09:03   [34;1m   1038688[0m[34;1m   1822924[0m[34;1m    714720[0m[34;1m     18.79[0m[34;1m     89252[0m[34;1m   1849564[0m[34;1m   3893068[0m[31;1m    102.36[0m[34;1m   1185296[0m[34;1m   1394776[0m[34;1m        36[0m
18:09:04   [34;1m   1038688[0m[34;1m   1822928[0m[34;1m    714716[0m[34;1m     18.79[0m[34;1m     89252[0m[34;1m   1849568[0m[34;1m   3893068[0m[31;1m    102.36[0m[34;1m   1185296[0m[34;1m   1394980[0m[34;1m        36[0m
18:09:05   [34;1m   1038688[0m[34;1m   1822928[0m[34;1m    714716[0m[34;1m     18.79[0m[34;1m     89252[0m[34;1m   1849568[0m[34;1m   3893068[0m[31;1m    102.36[0m[34;1m   1185296[0m[34;1m   1395020[0m[34;1m        36[0m
18:09:06   [34;1m   1038688[0m[34;1m   1822928[0m[34;1m    714720[0m[34;1m     18.79[0m[34;1m     89252[0m[34;1m   1849568[0m[34;1m   3897164[0m[31;1m    102.47[0m[34;1m   1185296[0m[34;1m   1395988[0m[34;1m        36[0m
18:09:07   [34;1m   1038688[0m[34;1m   1822928[0m[34;1m    714720[0m[34;1m     18.79[0m[34;1m     89252[0m[34;1m   1849568[0m[34;1m   3897164[0m[31;1m    102.47[0m[34;1m   1185296[0m[34;1m   1395932[0m[34;1m        32[0m
18:09:08   [34;1m   1038688[0m[34;1m   1822928[0m[34;1m    714720[0m[34;1m     18.79[0m[34;1m     89260[0m[34;1m   1849560[0m[34;1m   3897164[0m[31;1m    102.47[0m[34;1m   1185296[0m[34;1m   1395932[0m[34;1m        32[0m
18:09:09   [34;1m   1038688[0m[34;1m   1822940[0m[34;1m    714708[0m[34;1m     18.79[0m[34;1m     89260[0m[34;1m   1849572[0m[34;1m   3897164[0m[31;1m    102.47[0m[34;1m   1185304[0m[34;1m   1395940[0m[34;1m         4[0m
18:09:10   [34;1m   1038688[0m[34;1m   1822940[0m[34;1m    714708[0m[34;1m     18.79[0m[34;1m     89268[0m[34;1m   1849564[0m[34;1m   3897164[0m[31;1m    102.47[0m[34;1m   1185304[0m[34;1m   1396040[0m[34;1m         4[0m
18:09:11   [34;1m   1038688[0m[34;1m   1822956[0m[34;1m    714692[0m[34;1m     18.79[0m[34;1m     89268[0m[34;1m   1849580[0m[34;1m   3897164[0m[31;1m    102.47[0m[34;1m   1185312[0m[34;1m   1396156[0m[34;1m        24[0m
18:09:12   [34;1m   1038688[0m[34;1m   1822956[0m[34;1m    714692[0m[34;1m     18.79[0m[34;1m     89268[0m[34;1m   1849580[0m[34;1m   3897164[0m[31;1m    102.47[0m[34;1m   1185312[0m[34;1m   1396104[0m[34;1m        24[0m
18:09:13   [34;1m   1038688[0m[34;1m   1822960[0m[34;1m    714684[0m[34;1m     18.79[0m[34;1m     89272[0m[34;1m   1849584[0m[34;1m   3897164[0m[31;1m    102.47[0m[34;1m   1185312[0m[34;1m   1396108[0m[34;1m        24[0m
18:09:14   [34;1m   1038688[0m[34;1m   1822964[0m[34;1m    714684[0m[34;1m     18.79[0m[34;1m     89272[0m[34;1m   1849584[0m[34;1m   3897164[0m[31;1m    102.47[0m[34;1m   1185316[0m[34;1m   1396884[0m[34;1m        16[0m
18:09:15   [34;1m   1038688[0m[34;1m   1822964[0m[34;1m    714672[0m[34;1m     18.79[0m[34;1m     89272[0m[34;1m   1849584[0m[34;1m   3897164[0m[31;1m    102.47[0m[34;1m   1185316[0m[34;1m   1397184[0m[34;1m         4[0m
18:09:16   [34;1m   1038464[0m[34;1m   1822740[0m[34;1m    714904[0m[34;1m     18.80[0m[34;1m     89272[0m[34;1m   1849584[0m[34;1m   3897164[0m[31;1m    102.47[0m[34;1m   1185316[0m[34;1m   1397260[0m[34;1m         4[0m
18:09:17   [34;1m   1038464[0m[34;1m   1822740[0m[34;1m    714904[0m[34;1m     18.80[0m[34;1m     89272[0m[34;1m   1849584[0m[34;1m   3897164[0m[31;1m    102.47[0m[34;1m   1185316[0m[34;1m   1397288[0m[34;1m         4[0m
18:09:18   [34;1m   1038464[0m[34;1m   1822740[0m[34;1m    714904[0m[34;1m     18.80[0m[34;1m     89276[0m[34;1m   1849580[0m[34;1m   3897164[0m[31;1m    102.47[0m[34;1m   1185316[0m[34;1m   1397348[0m[34;1m         4[0m
18:09:19   [34;1m   1038464[0m[34;1m   1822748[0m[34;1m    714892[0m[34;1m     18.80[0m[34;1m     89276[0m[34;1m   1849592[0m[34;1m   3897164[0m[31;1m    102.47[0m[34;1m   1185316[0m[34;1m   1397420[0m[34;1m        20[0m
18:09:20   [34;1m   1038464[0m[34;1m   1822748[0m[34;1m    714892[0m[34;1m     18.80[0m[34;1m     89276[0m[34;1m   1849592[0m[34;1m   3897164[0m[31;1m    102.47[0m[34;1m   1185316[0m[34;1m   1397420[0m[34;1m        12[0m
18:09:21   [34;1m   1038464[0m[34;1m   1822752[0m[34;1m    714892[0m[34;1m     18.80[0m[34;1m     89276[0m[34;1m   1849592[0m[34;1m   3897164[0m[31;1m    102.47[0m[34;1m   1185320[0m[34;1m   1397452[0m[34;1m        16[0m
18:09:22   [34;1m   1038464[0m[34;1m   1822752[0m[34;1m    714892[0m[34;1m     18.80[0m[34;1m     89280[0m[34;1m   1849588[0m[34;1m   3897164[0m[31;1m    102.47[0m[34;1m   1185320[0m[34;1m   1397452[0m[34;1m        16[0m
18:09:23   [34;1m   1038464[0m[34;1m   1822760[0m[34;1m    714884[0m[34;1m     18.80[0m[34;1m     89280[0m[34;1m   1849596[0m[34;1m   3897164[0m[31;1m    102.47[0m[34;1m   1185324[0m[34;1m   1397512[0m[34;1m         4[0m
18:09:24   [34;1m   1038212[0m[34;1m   1822508[0m[34;1m    715136[0m[34;1m     18.80[0m[34;1m     89280[0m[34;1m   1849596[0m[34;1m   3897164[0m[31;1m    102.47[0m[34;1m   1185324[0m[34;1m   1397904[0m[34;1m         4[0m
18:09:25   [34;1m   1037960[0m[34;1m   1822268[0m[34;1m    715376[0m[34;1m     18.81[0m[34;1m     89288[0m[34;1m   1849600[0m[34;1m   3897164[0m[31;1m    102.47[0m[34;1m   1185332[0m[34;1m   1398368[0m[34;1m        20[0m
18:09:26   [34;1m   1037960[0m[34;1m   1822272[0m[34;1m    715372[0m[34;1m     18.81[0m[34;1m     89288[0m[34;1m   1849604[0m[34;1m   3897164[0m[31;1m    102.47[0m[34;1m   1185332[0m[34;1m   1398432[0m[34;1m        20[0m
18:09:27   [34;1m   1037960[0m[34;1m   1822272[0m[34;1m    715372[0m[34;1m     18.81[0m[34;1m     89288[0m[34;1m   1849604[0m[34;1m   3897164[0m[31;1m    102.47[0m[34;1m   1185332[0m[34;1m   1398452[0m[34;1m        24[0m
18:09:28   [34;1m   1037960[0m[34;1m   1822272[0m[34;1m    715372[0m[34;1m     18.81[0m[34;1m     89288[0m[34;1m   1849604[0m[34;1m   3897164[0m[31;1m    102.47[0m[34;1m   1185332[0m[34;1m   1398452[0m[34;1m        24[0m
18:09:29   [34;1m   1037720[0m[34;1m   1822044[0m[34;1m    715584[0m[34;1m     18.82[0m[34;1m     89288[0m[34;1m   1849608[0m[34;1m   3897164[0m[31;1m    102.47[0m[34;1m   1185360[0m[34;1m   1398428[0m[34;1m        24[0m
18:09:30   [34;1m   1037720[0m[34;1m   1822044[0m[34;1m    715576[0m[34;1m     18.82[0m[34;1m     89288[0m[34;1m   1849608[0m[34;1m   3897164[0m[31;1m    102.47[0m[34;1m   1185360[0m[34;1m   1398512[0m[34;1m        24[0m
18:09:31   [34;1m   1037468[0m[34;1m   1821800[0m[34;1m    715820[0m[34;1m     18.82[0m[34;1m     89288[0m[34;1m   1849608[0m[34;1m   3897164[0m[31;1m    102.47[0m[34;1m   1185360[0m[34;1m   1398548[0m[34;22m         0[0m
18:09:32   [34;1m   1037468[0m[34;1m   1821800[0m[34;1m    715820[0m[34;1m     18.82[0m[34;1m     89292[0m[34;1m   1849604[0m[34;1m   3897164[0m[31;1m    102.47[0m[34;1m   1185360[0m[34;1m   1398212[0m[34;22m         0[0m
18:09:33   [34;1m   1031924[0m[34;1m   1816264[0m[34;1m    721356[0m[34;1m     18.97[0m[34;1m     89292[0m[34;1m   1849612[0m[34;1m   3897164[0m[31;1m    102.47[0m[34;1m   1185364[0m[34;1m   1398124[0m[34;1m        16[0m
18:09:34   [34;1m   1031924[0m[34;1m   1816264[0m[34;1m    721360[0m[34;1m     18.97[0m[34;1m     89292[0m[34;1m   1849612[0m[34;1m   3897164[0m[31;1m    102.47[0m[34;1m   1185364[0m[34;1m   1398364[0m[34;1m        20[0m
18:09:35   [34;1m   1031924[0m[34;1m   1816264[0m[34;1m    721360[0m[34;1m     18.97[0m[34;1m     89292[0m[34;1m   1849612[0m[34;1m   3897164[0m[31;1m    102.47[0m[34;1m   1185364[0m[34;1m   1398448[0m[34;1m        24[0m
18:09:36   [34;1m   1031924[0m[34;1m   1816264[0m[34;1m    721360[0m[34;1m     18.97[0m[34;1m     89296[0m[34;1m   1849608[0m[34;1m   3897164[0m[31;1m    102.47[0m[34;1m   1185364[0m[34;1m   1398408[0m[34;1m        24[0m
18:09:37   [34;1m   1031924[0m[34;1m   1816272[0m[34;1m    721348[0m[34;1m     18.97[0m[34;1m     89296[0m[34;1m   1849616[0m[34;1m   3897164[0m[31;1m    102.47[0m[34;1m   1185368[0m[34;1m   1398248[0m[34;1m        12[0m
18:09:38   [34;1m   1031924[0m[34;1m   1816272[0m[34;1m    721348[0m[34;1m     18.97[0m[34;1m     89296[0m[34;1m   1849616[0m[34;1m   3897164[0m[31;1m    102.47[0m[34;1m   1185368[0m[34;1m   1398860[0m[34;22m         0[0m
18:09:39   [34;1m   1031924[0m[34;1m   1816272[0m[34;1m    721348[0m[34;1m     18.97[0m[34;1m     89296[0m[34;1m   1849616[0m[34;1m   3897164[0m[31;1m    102.47[0m[34;1m   1185368[0m[34;1m   1398980[0m[34;1m         4[0m
18:09:40   [34;1m   1031924[0m[34;1m   1816272[0m[34;1m    721348[0m[34;1m     18.97[0m[34;1m     89304[0m[34;1m   1849608[0m[34;1m   3897164[0m[31;1m    102.47[0m[34;1m   1185368[0m[34;1m   1399180[0m[34;1m         4[0m
18:09:41   [34;1m   1030160[0m[34;1m   1814532[0m[34;1m    723088[0m[34;1m     19.01[0m[34;1m     89304[0m[34;1m   1849632[0m[34;1m   3897740[0m[31;1m    102.49[0m[34;1m   1185376[0m[34;1m   1398924[0m[34;1m        32[0m
18:09:42   [34;1m   1030160[0m[34;1m   1814532[0m[34;1m    723088[0m[34;1m     19.01[0m[34;1m     89308[0m[34;1m   1849628[0m[34;1m   3897740[0m[31;1m    102.49[0m[34;1m   1185376[0m[34;1m   1398860[0m[34;1m        32[0m
18:09:43   [34;1m   1030160[0m[34;1m   1814544[0m[34;1m    723076[0m[34;1m     19.01[0m[34;1m     89308[0m[34;1m   1849636[0m[34;1m   3897740[0m[31;1m    102.49[0m[34;1m   1185380[0m[34;1m   1398856[0m[34;1m        16[0m
18:09:44   [34;1m   1029908[0m[34;1m   1814292[0m[34;1m    723328[0m[34;1m     19.02[0m[34;1m     89308[0m[34;1m   1849636[0m[34;1m   3897740[0m[31;1m    102.49[0m[34;1m   1185380[0m[34;1m   1399164[0m[34;1m        16[0m
18:09:45   [34;1m   1029908[0m[34;1m   1814300[0m[34;1m    723320[0m[34;1m     19.02[0m[34;1m     89308[0m[34;1m   1849636[0m[34;1m   3897740[0m[31;1m    102.49[0m[34;1m   1185380[0m[34;1m   1399200[0m[34;1m        20[0m
18:09:46   [34;1m   1027136[0m[34;1m   1811528[0m[34;1m    726096[0m[34;1m     19.09[0m[34;1m     89316[0m[34;1m   1849628[0m[34;1m   3898636[0m[31;1m    102.51[0m[34;1m   1185380[0m[34;1m   1399528[0m[34;1m         4[0m
18:09:47   [34;1m   1027136[0m[34;1m   1811540[0m[34;1m    726084[0m[34;1m     19.09[0m[34;1m     89316[0m[34;1m   1849640[0m[34;1m   3898636[0m[31;1m    102.51[0m[34;1m   1185388[0m[34;1m   1399616[0m[34;1m        36[0m
18:09:48   [34;1m   1027136[0m[34;1m   1811540[0m[34;1m    726084[0m[34;1m     19.09[0m[34;1m     89316[0m[34;1m   1849640[0m[34;1m   3898636[0m[31;1m    102.51[0m[34;1m   1185388[0m[34;1m   1399616[0m[34;1m        36[0m
18:09:49   [34;1m   1027136[0m[34;1m   1811540[0m[34;1m    726084[0m[34;1m     19.09[0m[34;1m     89316[0m[34;1m   1849640[0m[34;1m   3898636[0m[31;1m    102.51[0m[34;1m   1185388[0m[34;1m   1399728[0m[34;1m        32[0m
18:09:50   [34;1m   1027136[0m[34;1m   1811540[0m[34;1m    726084[0m[34;1m     19.09[0m[34;1m     89316[0m[34;1m   1849640[0m[34;1m   3898636[0m[31;1m    102.51[0m[34;1m   1185388[0m[34;1m   1399428[0m[34;1m        32[0m
18:09:51   [34;1m   1026128[0m[34;1m   1810536[0m[34;1m    727088[0m[34;1m     19.12[0m[34;1m     89320[0m[34;1m   1849640[0m[34;1m   3898636[0m[31;1m    102.51[0m[34;1m   1185392[0m[34;1m   1397160[0m[34;1m         8[0m
18:09:52   [34;1m   1026128[0m[34;1m   1810540[0m[34;1m    727076[0m[34;1m     19.12[0m[34;1m     89328[0m[34;1m   1849644[0m[34;1m   3898636[0m[31;1m    102.51[0m[34;1m   1185392[0m[34;1m   1397144[0m[34;1m        16[0m
18:09:53   [34;1m   1026128[0m[34;1m   1810548[0m[34;1m    727076[0m[34;1m     19.12[0m[34;1m     89328[0m[34;1m   1849644[0m[34;1m   3898636[0m[31;1m    102.51[0m[34;1m   1185400[0m[34;1m   1397152[0m[34;1m        16[0m
18:09:54   [34;1m   1026128[0m[34;1m   1810548[0m[34;1m    727076[0m[34;1m     19.12[0m[34;1m     89332[0m[34;1m   1849640[0m[34;1m   3898636[0m[31;1m    102.51[0m[34;1m   1185400[0m[34;1m   1397372[0m[34;1m        16[0m
18:09:55   [34;1m   1026128[0m[34;1m   1810560[0m[34;1m    727056[0m[34;1m     19.12[0m[34;1m     89332[0m[34;1m   1849652[0m[34;1m   3898636[0m[31;1m    102.51[0m[34;1m   1185404[0m[34;1m   1397580[0m[34;1m        20[0m
18:09:56   [34;1m   1025372[0m[34;1m   1809804[0m[34;1m    727816[0m[34;1m     19.14[0m[34;1m     89340[0m[34;1m   1849644[0m[34;1m   3898636[0m[31;1m    102.51[0m[34;1m   1185404[0m[34;1m   1397620[0m[34;1m        20[0m
18:09:57   [34;1m   1025372[0m[34;1m   1809816[0m[34;1m    727804[0m[34;1m     19.14[0m[34;1m     89340[0m[34;1m   1849656[0m[34;1m   3898636[0m[31;1m    102.51[0m[34;1m   1185412[0m[34;1m   1397640[0m[34;1m         8[0m
18:09:58   [34;1m   1025372[0m[34;1m   1809816[0m[34;1m    727808[0m[34;1m     19.14[0m[34;1m     89340[0m[34;1m   1849656[0m[34;1m   3898636[0m[31;1m    102.51[0m[34;1m   1185412[0m[34;1m   1397640[0m[34;1m         8[0m
18:09:59   [34;1m   1025372[0m[34;1m   1809816[0m[34;1m    727808[0m[34;1m     19.14[0m[34;1m     89340[0m[34;1m   1849656[0m[34;1m   3898636[0m[31;1m    102.51[0m[34;1m   1185412[0m[34;1m   1397644[0m[34;1m         8[0m
18:10:00   [34;1m   1025372[0m[34;1m   1809816[0m[34;1m    727808[0m[34;1m     19.14[0m[34;1m     89340[0m[34;1m   1849656[0m[34;1m   3898636[0m[31;1m    102.51[0m[34;1m   1185412[0m[34;1m   1397744[0m[34;1m         8[0m
18:10:01   [34;1m   1024112[0m[34;1m   1808564[0m[34;1m    729060[0m[34;1m     19.17[0m[34;1m     89348[0m[34;1m   1849656[0m[34;1m   3898636[0m[31;1m    102.51[0m[34;1m   1185420[0m[34;1m   1397944[0m[34;1m         8[0m
18:10:02   [34;1m   1024112[0m[34;1m   1808568[0m[34;1m    729056[0m[34;1m     19.17[0m[34;1m     89352[0m[34;1m   1849656[0m[34;1m   3898636[0m[31;1m    102.51[0m[34;1m   1185424[0m[34;1m   1397716[0m[34;1m        12[0m
18:10:03   [34;1m   1024112[0m[34;1m   1808576[0m[34;1m    729044[0m[34;1m     19.17[0m[34;1m     89352[0m[34;1m   1849664[0m[34;1m   3898636[0m[31;1m    102.51[0m[34;1m   1185424[0m[34;1m   1397708[0m[34;1m        20[0m
18:10:04   [34;1m   1023860[0m[34;1m   1808328[0m[34;1m    729292[0m[34;1m     19.18[0m[34;1m     89356[0m[34;1m   1849664[0m[34;1m   3898892[0m[31;1m    102.52[0m[34;1m   1185428[0m[34;1m   1398016[0m[34;1m        20[0m
18:10:05   [34;1m   1023860[0m[34;1m   1808332[0m[34;1m    729288[0m[34;1m     19.18[0m[34;1m     89356[0m[34;1m   1849668[0m[34;1m   3898892[0m[31;1m    102.52[0m[34;1m   1185428[0m[34;1m   1398060[0m[34;1m        20[0m
18:10:06   [34;1m   1022852[0m[34;1m   1807324[0m[34;1m    730296[0m[34;1m     19.20[0m[34;1m     89356[0m[34;1m   1849668[0m[34;1m   3898892[0m[31;1m    102.52[0m[34;1m   1185428[0m[34;1m   1397960[0m[34;1m        20[0m
18:10:07   [34;1m   1022852[0m[34;1m   1807324[0m[34;1m    730296[0m[34;1m     19.20[0m[34;1m     89356[0m[34;1m   1849668[0m[34;1m   3898892[0m[31;1m    102.52[0m[34;1m   1185428[0m[34;1m   1397872[0m[34;1m         8[0m
18:10:08   [34;1m   1022852[0m[34;1m   1807324[0m[34;1m    730296[0m[34;1m     19.20[0m[34;1m     89356[0m[34;1m   1849668[0m[34;1m   3898892[0m[31;1m    102.52[0m[34;1m   1185428[0m[34;1m   1397988[0m[34;1m         4[0m
18:10:09   [34;1m   1022852[0m[34;1m   1807324[0m[34;1m    730296[0m[34;1m     19.20[0m[34;1m     89356[0m[34;1m   1849668[0m[34;1m   3898892[0m[31;1m    102.52[0m[34;1m   1185428[0m[34;1m   1398012[0m[34;1m         4[0m
18:10:10   [34;1m   1022852[0m[34;1m   1807324[0m[34;1m    730296[0m[34;1m     19.20[0m[34;1m     89372[0m[34;1m   1849652[0m[34;1m   3898892[0m[31;1m    102.52[0m[34;1m   1185428[0m[34;1m   1398012[0m[34;1m         4[0m
18:10:11   [34;1m   1022096[0m[34;1m   1806604[0m[34;1m    731016[0m[34;1m     19.22[0m[34;1m     89380[0m[34;1m   1849680[0m[34;1m   3898892[0m[31;1m    102.52[0m[34;1m   1185452[0m[34;1m   1397788[0m[34;1m        40[0m
18:10:12   [34;1m   1022096[0m[34;1m   1806608[0m[34;1m    731012[0m[34;1m     19.22[0m[34;1m     89380[0m[34;1m   1849684[0m[34;1m   3898892[0m[31;1m    102.52[0m[34;1m   1185452[0m[34;1m   1397784[0m[34;1m        40[0m
18:10:13   [34;1m   1022096[0m[34;1m   1806608[0m[34;1m    731012[0m[34;1m     19.22[0m[34;1m     89380[0m[34;1m   1849684[0m[34;1m   3898892[0m[31;1m    102.52[0m[34;1m   1185452[0m[34;1m   1397800[0m[34;1m        40[0m
18:10:14   [34;1m   1022096[0m[34;1m   1806608[0m[34;1m    731012[0m[34;1m     19.22[0m[34;1m     89380[0m[34;1m   1849684[0m[34;1m   3898892[0m[31;1m    102.52[0m[34;1m   1185452[0m[34;1m   1397904[0m[34;1m        28[0m
18:10:15   [34;1m   1022096[0m[34;1m   1806612[0m[34;1m    731004[0m[34;1m     19.22[0m[34;1m     89380[0m[34;1m   1849688[0m[34;1m   3898892[0m[31;1m    102.52[0m[34;1m   1185452[0m[34;1m   1397992[0m[34;1m         4[0m
18:10:16   [34;1m   1020584[0m[34;1m   1805100[0m[34;1m    732520[0m[34;1m     19.26[0m[34;1m     89380[0m[34;1m   1849688[0m[34;1m   3898892[0m[31;1m    102.52[0m[34;1m   1185452[0m[34;1m   1398000[0m[34;1m         4[0m
18:10:17   [34;1m   1020584[0m[34;1m   1805100[0m[34;1m    732520[0m[34;1m     19.26[0m[34;1m     89380[0m[34;1m   1849688[0m[34;1m   3898892[0m[31;1m    102.52[0m[34;1m   1185452[0m[34;1m   1398000[0m[34;1m         4[0m
18:10:18   [34;1m   1020584[0m[34;1m   1805100[0m[34;1m    732520[0m[34;1m     19.26[0m[34;1m     89380[0m[34;1m   1849688[0m[34;1m   3898892[0m[31;1m    102.52[0m[34;1m   1185452[0m[34;1m   1398000[0m[34;1m         4[0m
18:10:19   [34;1m   1020584[0m[34;1m   1805100[0m[34;1m    732520[0m[34;1m     19.26[0m[34;1m     89380[0m[34;1m   1849688[0m[34;1m   3898892[0m[31;1m    102.52[0m[34;1m   1185452[0m[34;1m   1398016[0m[34;22m         0[0m
18:10:20   [34;1m   1020584[0m[34;1m   1805100[0m[34;1m    732520[0m[34;1m     19.26[0m[34;1m     89384[0m[34;1m   1849684[0m[34;1m   3898892[0m[31;1m    102.52[0m[34;1m   1185452[0m[34;1m   1398016[0m[34;22m         0[0m
18:10:21   [34;1m   1020360[0m[34;1m   1804884[0m[34;1m    732736[0m[34;1m     19.27[0m[34;1m     89384[0m[34;1m   1849692[0m[34;1m   3898892[0m[31;1m    102.52[0m[34;1m   1185456[0m[34;1m   1398028[0m[34;1m        16[0m
18:10:22   [34;1m   1020360[0m[34;1m   1804884[0m[34;1m    732736[0m[34;1m     19.27[0m[34;1m     89384[0m[34;1m   1849692[0m[34;1m   3898892[0m[31;1m    102.52[0m[34;1m   1185456[0m[34;1m   1398028[0m[34;1m        16[0m
18:10:23   [34;1m   1020112[0m[34;1m   1804640[0m[34;1m    732980[0m[34;1m     19.27[0m[34;1m     89384[0m[34;1m   1849696[0m[34;1m   3898892[0m[31;1m    102.52[0m[34;1m   1185456[0m[34;1m   1398180[0m[34;1m        20[0m
18:10:24   [34;1m   1020112[0m[34;1m   1804640[0m[34;1m    732980[0m[34;1m     19.27[0m[34;1m     89392[0m[34;1m   1849688[0m[34;1m   3899148[0m[31;1m    102.52[0m[34;1m   1185456[0m[34;1m   1398960[0m[34;1m        20[0m
18:10:25   [34;1m   1020112[0m[34;1m   1804672[0m[34;1m    732932[0m[34;1m     19.27[0m[34;1m     89404[0m[34;1m   1849708[0m[34;1m   3899148[0m[31;1m    102.52[0m[34;1m   1185476[0m[34;1m   1399016[0m[34;1m        12[0m
18:10:26   [34;1m   1020112[0m[34;1m   1804672[0m[34;1m    732932[0m[34;1m     19.27[0m[34;1m     89404[0m[34;1m   1849708[0m[34;1m   3899148[0m[31;1m    102.52[0m[34;1m   1185476[0m[34;1m   1399068[0m[34;22m         0[0m
18:10:27   [34;1m   1020112[0m[34;1m   1804672[0m[34;1m    732932[0m[34;1m     19.27[0m[34;1m     89404[0m[34;1m   1849708[0m[34;1m   3899148[0m[31;1m    102.52[0m[34;1m   1185476[0m[34;1m   1399256[0m[34;1m         4[0m
18:10:28   [34;1m   1020112[0m[34;1m   1804672[0m[34;1m    732932[0m[34;1m     19.27[0m[34;1m     89404[0m[34;1m   1849708[0m[34;1m   3899148[0m[31;1m    102.52[0m[34;1m   1185476[0m[34;1m   1399416[0m[34;1m         4[0m
18:10:29   [34;1m   1020112[0m[34;1m   1804672[0m[34;1m    732932[0m[34;1m     19.27[0m[34;1m     89404[0m[34;1m   1849708[0m[34;1m   3899148[0m[31;1m    102.52[0m[34;1m   1185476[0m[34;1m   1399516[0m[34;1m         4[0m
18:10:30   [34;1m   1020112[0m[34;1m   1804672[0m[34;1m    732932[0m[34;1m     19.27[0m[34;1m     89404[0m[34;1m   1849708[0m[34;1m   3899148[0m[31;1m    102.52[0m[34;1m   1185476[0m[34;1m   1399516[0m[34;1m         4[0m
18:10:31   [34;1m   1020112[0m[34;1m   1804680[0m[34;1m    732928[0m[34;1m     19.27[0m[34;1m     89404[0m[34;1m   1849712[0m[34;1m   3899148[0m[31;1m    102.52[0m[34;1m   1185476[0m[34;1m   1399564[0m[34;1m        28[0m
18:10:32   [34;1m   1019888[0m[34;1m   1804456[0m[34;1m    733148[0m[34;1m     19.28[0m[34;1m     89404[0m[34;1m   1849712[0m[34;1m   3899148[0m[31;1m    102.52[0m[34;1m   1185476[0m[34;1m   1399196[0m[34;1m        24[0m
18:10:33   [34;1m   1018124[0m[34;1m   1802692[0m[34;1m    734908[0m[34;1m     19.32[0m[34;1m     89404[0m[34;1m   1849712[0m[34;1m   3899148[0m[31;1m    102.52[0m[34;1m   1185468[0m[34;1m   1398496[0m[34;1m        28[0m
18:10:34   [34;1m   1018124[0m[34;1m   1802692[0m[34;1m    734908[0m[34;1m     19.32[0m[34;1m     89404[0m[34;1m   1849712[0m[34;1m   3899148[0m[31;1m    102.52[0m[34;1m   1185476[0m[34;1m   1398652[0m[34;1m        28[0m
18:10:35   [34;1m   1018124[0m[34;1m   1802696[0m[34;1m    734900[0m[34;1m     19.32[0m[34;1m     89404[0m[34;1m   1849716[0m[34;1m   3899148[0m[31;1m    102.52[0m[34;1m   1185476[0m[34;1m   1398812[0m[34;1m        28[0m
18:10:36   [34;1m   1017368[0m[34;1m   1801948[0m[34;1m    735656[0m[34;1m     19.34[0m[34;1m     89408[0m[34;1m   1849720[0m[34;1m   3899148[0m[31;1m    102.52[0m[34;1m   1185480[0m[34;1m   1398756[0m[34;1m         4[0m
18:10:37   [34;1m   1017368[0m[34;1m   1801948[0m[34;1m    735660[0m[34;1m     19.34[0m[34;1m     89408[0m[34;1m   1849720[0m[34;1m   3899148[0m[31;1m    102.52[0m[34;1m   1185480[0m[34;1m   1398604[0m[34;1m         4[0m
18:10:38   [34;1m   1017368[0m[34;1m   1801948[0m[34;1m    735660[0m[34;1m     19.34[0m[34;1m     89416[0m[34;1m   1849712[0m[34;1m   3899148[0m[31;1m    102.52[0m[34;1m   1185480[0m[34;1m   1398604[0m[34;22m         0[0m
18:10:39   [34;1m   1017368[0m[34;1m   1801960[0m[34;1m    735648[0m[34;1m     19.34[0m[34;1m     89416[0m[34;1m   1849724[0m[34;1m   3899148[0m[31;1m    102.52[0m[34;1m   1185488[0m[34;1m   1398644[0m[34;1m        16[0m
18:10:40   [34;1m   1017368[0m[34;1m   1801960[0m[34;1m    735648[0m[34;1m     19.34[0m[34;1m     89424[0m[34;1m   1849716[0m[34;1m   3899148[0m[31;1m    102.52[0m[34;1m   1185488[0m[34;1m   1398644[0m[34;1m        16[0m
18:10:41   [34;1m   1015604[0m[34;1m   1800216[0m[34;1m    737392[0m[34;1m     19.39[0m[34;1m     89424[0m[34;1m   1849736[0m[34;1m   3899148[0m[31;1m    102.52[0m[34;1m   1185496[0m[34;1m   1398396[0m[34;1m        28[0m
18:10:42   [34;1m   1015604[0m[34;1m   1800216[0m[34;1m    737392[0m[34;1m     19.39[0m[34;1m     89424[0m[34;1m   1849736[0m[34;1m   3899148[0m[31;1m    102.52[0m[34;1m   1185496[0m[34;1m   1398412[0m[34;1m        28[0m
18:10:43   [34;1m   1015604[0m[34;1m   1800216[0m[34;1m    737392[0m[34;1m     19.39[0m[34;1m     89424[0m[34;1m   1849736[0m[34;1m   3899148[0m[31;1m    102.52[0m[34;1m   1185496[0m[34;1m   1398528[0m[34;22m         0[0m
18:10:44   [34;1m   1015600[0m[34;1m   1800212[0m[34;1m    737396[0m[34;1m     19.39[0m[34;1m     89428[0m[34;1m   1849732[0m[34;1m   3899148[0m[31;1m    102.52[0m[34;1m   1185496[0m[34;1m   1398628[0m[34;22m         0[0m
18:10:45   [34;1m   1015600[0m[34;1m   1800224[0m[34;1m    737380[0m[34;1m     19.39[0m[34;1m     89428[0m[34;1m   1849744[0m[34;1m   3899148[0m[31;1m    102.52[0m[34;1m   1185500[0m[34;1m   1398788[0m[34;1m        36[0m
18:10:46   [34;1m   1013080[0m[34;1m   1797704[0m[34;1m    739904[0m[34;1m     19.45[0m[34;1m     89428[0m[34;1m   1849744[0m[34;1m   3899148[0m[31;1m    102.52[0m[34;1m   1185500[0m[34;1m   1398828[0m[34;1m        36[0m
18:10:47   [34;1m   1013080[0m[34;1m   1797704[0m[34;1m    739904[0m[34;1m     19.45[0m[34;1m     89428[0m[34;1m   1849744[0m[34;1m   3899148[0m[31;1m    102.52[0m[34;1m   1185500[0m[34;1m   1398828[0m[34;1m        36[0m
18:10:48   [34;1m   1013080[0m[34;1m   1797704[0m[34;1m    739904[0m[34;1m     19.45[0m[34;1m     89436[0m[34;1m   1849736[0m[34;1m   3899148[0m[31;1m    102.52[0m[34;1m   1185500[0m[34;1m   1398828[0m[34;1m        36[0m
18:10:49   [34;1m   1013080[0m[34;1m   1797708[0m[34;1m    739892[0m[34;1m     19.45[0m[34;1m     89436[0m[34;1m   1849748[0m[34;1m   3899148[0m[31;1m    102.52[0m[34;1m   1185500[0m[34;1m   1398832[0m[34;1m        36[0m
18:10:50   [34;1m   1013080[0m[34;1m   1797716[0m[34;1m    739892[0m[34;1m     19.45[0m[34;1m     89436[0m[34;1m   1849748[0m[34;1m   3899148[0m[31;1m    102.52[0m[34;1m   1185508[0m[34;1m   1398832[0m[34;22m         0[0m
18:10:51   [34;1m   1010560[0m[34;1m   1795196[0m[34;1m    742412[0m[34;1m     19.52[0m[34;1m     89436[0m[34;1m   1849748[0m[34;1m   3899148[0m[31;1m    102.52[0m[34;1m   1185508[0m[34;1m   1398832[0m[34;1m         4[0m
18:10:52   [34;1m   1010560[0m[34;1m   1795196[0m[34;1m    742412[0m[34;1m     19.52[0m[34;1m     89436[0m[34;1m   1849748[0m[34;1m   3899148[0m[31;1m    102.52[0m[34;1m   1185508[0m[34;1m   1398832[0m[34;1m         4[0m
18:10:53   [34;1m   1010560[0m[34;1m   1795196[0m[34;1m    742404[0m[34;1m     19.52[0m[34;1m     89444[0m[34;1m   1849748[0m[34;1m   3899148[0m[31;1m    102.52[0m[34;1m   1185508[0m[34;1m   1398836[0m[34;1m        28[0m
18:10:54   [34;1m   1010560[0m[34;1m   1795200[0m[34;1m    742396[0m[34;1m     19.52[0m[34;1m     89444[0m[34;1m   1849752[0m[34;1m   3899148[0m[31;1m    102.52[0m[34;1m   1185508[0m[34;1m   1398856[0m[34;1m        28[0m
18:10:55   [34;1m   1010308[0m[34;1m   1794968[0m[34;1m    742632[0m[34;1m     19.53[0m[34;1m     89452[0m[34;1m   1849756[0m[34;1m   3899148[0m[31;1m    102.52[0m[34;1m   1185524[0m[34;1m   1399324[0m[34;1m        36[0m
18:10:56   [34;1m   1010308[0m[34;1m   1794972[0m[34;1m    742616[0m[34;1m     19.53[0m[34;1m     89460[0m[34;1m   1849760[0m[34;1m   3899148[0m[31;1m    102.52[0m[34;1m   1185524[0m[34;1m   1399328[0m[34;1m        32[0m
18:10:57   [34;1m   1010308[0m[34;1m   1794972[0m[34;1m    742616[0m[34;1m     19.53[0m[34;1m     89460[0m[34;1m   1849760[0m[34;1m   3899148[0m[31;1m    102.52[0m[34;1m   1185524[0m[34;1m   1399340[0m[34;1m        32[0m
18:10:58   [34;1m   1010308[0m[34;1m   1794972[0m[34;1m    742616[0m[34;1m     19.53[0m[34;1m     89460[0m[34;1m   1849760[0m[34;1m   3899148[0m[31;1m    102.52[0m[34;1m   1185524[0m[34;1m   1399340[0m[34;1m        32[0m
18:10:59   [34;1m   1010308[0m[34;1m   1794980[0m[34;1m    742616[0m[34;1m     19.53[0m[34;1m     89460[0m[34;1m   1849760[0m[34;1m   3899148[0m[31;1m    102.52[0m[34;1m   1185532[0m[34;1m   1399408[0m[34;1m         4[0m
18:11:00   [34;1m   1010308[0m[34;1m   1794980[0m[34;1m    742616[0m[34;1m     19.53[0m[34;1m     89460[0m[34;1m   1849760[0m[34;1m   3899148[0m[31;1m    102.52[0m[34;1m   1185532[0m[34;1m   1399408[0m[34;1m         4[0m
18:11:01   [34;1m   1009552[0m[34;1m   1794224[0m[34;1m    743380[0m[34;1m     19.55[0m[34;1m     89460[0m[34;1m   1849760[0m[34;1m   3899148[0m[31;1m    102.52[0m[34;1m   1185532[0m[34;1m   1399032[0m[34;1m         4[0m
18:11:02   [34;1m   1009552[0m[34;1m   1794224[0m[34;1m    743380[0m[34;1m     19.55[0m[34;1m     89472[0m[34;1m   1849748[0m[34;1m   3899148[0m[31;1m    102.52[0m[34;1m   1185532[0m[34;1m   1398708[0m[34;22m         0[0m
18:11:03   [34;1m   1009552[0m[34;1m   1794240[0m[34;1m    743364[0m[34;1m     19.55[0m[34;1m     89472[0m[34;1m   1849764[0m[34;1m   3899148[0m[31;1m    102.52[0m[34;1m   1185544[0m[34;1m   1398620[0m[34;1m        16[0m
18:11:04   [34;1m   1009552[0m[34;1m   1794240[0m[34;1m    743368[0m[34;1m     19.55[0m[34;1m     89472[0m[34;1m   1849764[0m[34;1m   3899148[0m[31;1m    102.52[0m[34;1m   1185544[0m[34;1m   1398632[0m[34;1m        16[0m
18:11:05   [34;1m   1009552[0m[34;1m   1794240[0m[34;1m    743368[0m[34;1m     19.55[0m[34;1m     89472[0m[34;1m   1849764[0m[34;1m   3899148[0m[31;1m    102.52[0m[34;1m   1185544[0m[34;1m   1398848[0m[34;1m        16[0m
18:11:06   [34;1m   1008040[0m[34;1m   1792728[0m[34;1m    744876[0m[34;1m     19.59[0m[34;1m     89472[0m[34;1m   1849764[0m[34;1m   3899148[0m[31;1m    102.52[0m[34;1m   1185544[0m[34;1m   1398688[0m[34;1m        16[0m
18:11:07   [34;1m   1008040[0m[34;1m   1792740[0m[34;1m    744864[0m[34;1m     19.59[0m[34;1m     89476[0m[34;1m   1849772[0m[34;1m   3899148[0m[31;1m    102.52[0m[34;1m   1185548[0m[34;1m   1398620[0m[34;1m         8[0m
18:11:08   [34;1m   1008040[0m[34;1m   1792740[0m[34;1m    744864[0m[34;1m     19.59[0m[34;1m     89476[0m[34;1m   1849772[0m[34;1m   3899148[0m[31;1m    102.52[0m[34;1m   1185548[0m[34;1m   1398624[0m[34;22m         0[0m
18:11:09   [34;1m   1008040[0m[34;1m   1792740[0m[34;1m    744864[0m[34;1m     19.59[0m[34;1m     89476[0m[34;1m   1849772[0m[34;1m   3899148[0m[31;1m    102.52[0m[34;1m   1185548[0m[34;1m   1398624[0m[34;1m         4[0m
18:11:10   [34;1m   1008040[0m[34;1m   1792740[0m[34;1m    744864[0m[34;1m     19.59[0m[34;1m     89476[0m[34;1m   1849772[0m[34;1m   3899148[0m[31;1m    102.52[0m[34;1m   1185548[0m[34;1m   1398624[0m[34;1m         4[0m
18:11:11   [34;1m   1008040[0m[34;1m   1792740[0m[34;1m    744864[0m[34;1m     19.59[0m[34;1m     89476[0m[34;1m   1849772[0m[34;1m   3899148[0m[31;1m    102.52[0m[34;1m   1185548[0m[34;1m   1398368[0m[34;1m         8[0m
18:11:12   [34;1m   1008040[0m[34;1m   1792740[0m[34;1m    744864[0m[34;1m     19.59[0m[34;1m     89484[0m[34;1m   1849764[0m[34;1m   3899148[0m[31;1m    102.52[0m[34;1m   1185548[0m[34;1m   1398356[0m[34;1m         8[0m
18:11:13   [34;1m   1008040[0m[34;1m   1792744[0m[34;1m    744848[0m[34;1m     19.58[0m[34;1m     89488[0m[34;1m   1849776[0m[34;1m   3899148[0m[31;1m    102.52[0m[34;1m   1185548[0m[34;1m   1398168[0m[34;1m        36[0m
18:11:14   [34;1m   1008040[0m[34;1m   1792756[0m[34;1m    744848[0m[34;1m     19.58[0m[34;1m     89488[0m[34;1m   1849776[0m[34;1m   3899148[0m[31;1m    102.52[0m[34;1m   1185560[0m[34;1m   1398172[0m[34;1m        28[0m
18:11:15   [34;1m   1008040[0m[34;1m   1792756[0m[34;1m    744848[0m[34;1m     19.58[0m[34;1m     89488[0m[34;1m   1849776[0m[34;1m   3899148[0m[31;1m    102.52[0m[34;1m   1185560[0m[34;1m   1398484[0m[34;1m        32[0m
18:11:16   [34;1m   1008040[0m[34;1m   1792760[0m[34;1m    744844[0m[34;1m     19.58[0m[34;1m     89492[0m[34;1m   1849776[0m[34;1m   3899148[0m[31;1m    102.52[0m[34;1m   1185568[0m[34;1m   1398520[0m[34;1m        32[0m
18:11:17   [34;1m   1008040[0m[34;1m   1792764[0m[34;1m    744840[0m[34;1m     19.58[0m[34;1m     89492[0m[34;1m   1849780[0m[34;1m   3899148[0m[31;1m    102.52[0m[34;1m   1185564[0m[34;1m   1398488[0m[34;1m        32[0m
18:11:18   [34;1m   1008040[0m[34;1m   1792764[0m[34;1m    744844[0m[34;1m     19.58[0m[34;1m     89492[0m[34;1m   1849780[0m[34;1m   3899148[0m[31;1m    102.52[0m[34;1m   1185564[0m[34;1m   1398488[0m[34;1m         4[0m
18:11:19   [34;1m   1008040[0m[34;1m   1792764[0m[34;1m    744844[0m[34;1m     19.58[0m[34;1m     89492[0m[34;1m   1849780[0m[34;1m   3899148[0m[31;1m    102.52[0m[34;1m   1185564[0m[34;1m   1398488[0m[34;1m         4[0m
18:11:20   [34;1m   1008040[0m[34;1m   1792764[0m[34;1m    744844[0m[34;1m     19.58[0m[34;1m     89492[0m[34;1m   1849780[0m[34;1m   3899148[0m[31;1m    102.52[0m[34;1m   1185564[0m[34;1m   1398488[0m[34;22m         0[0m
18:11:21   [34;1m   1008040[0m[34;1m   1792768[0m[34;1m    744840[0m[34;1m     19.58[0m[34;1m     89492[0m[34;1m   1849784[0m[34;1m   3899148[0m[31;1m    102.52[0m[34;1m   1185564[0m[34;1m   1398484[0m[34;1m        16[0m
18:11:22   [34;1m   1008040[0m[34;1m   1792768[0m[34;1m    744836[0m[34;1m     19.58[0m[34;1m     89492[0m[34;1m   1849784[0m[34;1m   3899148[0m[31;1m    102.52[0m[34;1m   1185564[0m[34;1m   1398492[0m[34;1m        16[0m
18:11:23   [34;1m   1008040[0m[34;1m   1792768[0m[34;1m    744832[0m[34;1m     19.58[0m[34;1m     89492[0m[34;1m   1849784[0m[34;1m   3899148[0m[31;1m    102.52[0m[34;1m   1185564[0m[34;1m   1398492[0m[34;1m        16[0m
18:11:24   [34;1m   1008040[0m[34;1m   1792768[0m[34;1m    744832[0m[34;1m     19.58[0m[34;1m     89492[0m[34;1m   1849784[0m[34;1m   3899148[0m[31;1m    102.52[0m[34;1m   1185564[0m[34;1m   1398492[0m[34;1m        16[0m
18:11:25   [34;1m   1008040[0m[34;1m   1792772[0m[34;1m    744820[0m[34;1m     19.58[0m[34;1m     89496[0m[34;1m   1849792[0m[34;1m   3903244[0m[31;1m    102.63[0m[34;1m   1185564[0m[34;1m   1399308[0m[34;1m        24[0m
18:11:26   [34;1m   1008040[0m[34;1m   1792780[0m[34;1m    744820[0m[34;1m     19.58[0m[34;1m     89496[0m[34;1m   1849792[0m[34;1m   3903244[0m[31;1m    102.63[0m[34;1m   1185568[0m[34;1m   1399488[0m[34;22m         0[0m
18:11:27   [34;1m   1008040[0m[34;1m   1792780[0m[34;1m    744820[0m[34;1m     19.58[0m[34;1m     89496[0m[34;1m   1849792[0m[34;1m   3903244[0m[31;1m    102.63[0m[34;1m   1185568[0m[34;1m   1399416[0m[34;1m         4[0m
18:11:28   [34;1m   1008040[0m[34;1m   1792780[0m[34;1m    744820[0m[34;1m     19.58[0m[34;1m     89496[0m[34;1m   1849792[0m[34;1m   3903244[0m[31;1m    102.63[0m[34;1m   1185568[0m[34;1m   1399416[0m[34;1m         4[0m
18:11:29   [34;1m   1008040[0m[34;1m   1792784[0m[34;1m    744816[0m[34;1m     19.58[0m[34;1m     89496[0m[34;1m   1849796[0m[34;1m   3903244[0m[31;1m    102.63[0m[34;1m   1185568[0m[34;1m   1399428[0m[34;1m         8[0m
18:11:30   [34;1m   1007800[0m[34;1m   1792544[0m[34;1m    745056[0m[34;1m     19.59[0m[34;1m     89496[0m[34;1m   1849796[0m[34;1m   3903244[0m[31;1m    102.63[0m[34;1m   1185568[0m[34;1m   1399428[0m[34;1m         8[0m
18:11:31   [34;1m   1007800[0m[34;1m   1792556[0m[34;1m    745052[0m[34;1m     19.59[0m[34;1m     89504[0m[34;1m   1849800[0m[34;1m   3903244[0m[31;1m    102.63[0m[34;1m   1185564[0m[34;1m   1399508[0m[34;1m        36[0m
18:11:32   [34;1m   1007800[0m[34;1m   1792556[0m[34;1m    745052[0m[34;1m     19.59[0m[34;1m     89504[0m[34;1m   1849800[0m[34;1m   3903244[0m[31;1m    102.63[0m[34;1m   1185576[0m[34;1m   1398932[0m[34;1m        36[0m
18:11:33   [34;1m   1007044[0m[34;1m   1791800[0m[34;1m    745808[0m[34;1m     19.61[0m[34;1m     89504[0m[34;1m   1849800[0m[34;1m   3903244[0m[31;1m    102.63[0m[34;1m   1185568[0m[34;1m   1398996[0m[34;1m        32[0m
18:11:34   [34;1m   1007044[0m[34;1m   1791800[0m[34;1m    745800[0m[34;1m     19.61[0m[34;1m     89504[0m[34;1m   1849800[0m[34;1m   3903244[0m[31;1m    102.63[0m[34;1m   1185576[0m[34;1m   1398984[0m[34;1m        32[0m
18:11:35   [34;1m   1007044[0m[34;1m   1791804[0m[34;1m    745776[0m[34;1m     19.61[0m[34;1m     89504[0m[34;1m   1849804[0m[34;1m   3903244[0m[31;1m    102.63[0m[34;1m   1185576[0m[34;1m   1397656[0m[34;1m        36[0m
18:11:36   [34;1m   1007044[0m[34;1m   1791804[0m[34;1m    745776[0m[34;1m     19.61[0m[34;1m     89504[0m[34;1m   1849804[0m[34;1m   3903244[0m[31;1m    102.63[0m[34;1m   1185576[0m[34;1m   1397616[0m[34;1m        36[0m
18:11:37   [34;1m   1007044[0m[34;1m   1791804[0m[34;1m    745776[0m[34;1m     19.61[0m[34;1m     89504[0m[34;1m   1849804[0m[34;1m   3903244[0m[31;1m    102.63[0m[34;1m   1185576[0m[34;1m   1397440[0m[34;1m         4[0m
18:11:38   [34;1m   1007044[0m[34;1m   1791804[0m[34;1m    745776[0m[34;1m     19.61[0m[34;1m     89504[0m[34;1m   1849804[0m[34;1m   3903244[0m[31;1m    102.63[0m[34;1m   1185576[0m[34;1m   1397440[0m[34;22m         0[0m
18:11:39   [34;1m   1007044[0m[34;1m   1791808[0m[34;1m    745764[0m[34;1m     19.61[0m[34;1m     89512[0m[34;1m   1849808[0m[34;1m   3903244[0m[31;1m    102.63[0m[34;1m   1185576[0m[34;1m   1396348[0m[34;1m        16[0m
18:11:40   [34;1m   1007044[0m[34;1m   1791808[0m[34;1m    745764[0m[34;1m     19.61[0m[34;1m     89512[0m[34;1m   1849808[0m[34;1m   3903244[0m[31;1m    102.63[0m[34;1m   1185576[0m[34;1m   1396272[0m[34;1m        16[0m
18:11:41   [34;1m   1007044[0m[34;1m   1791816[0m[34;1m    745784[0m[34;1m     19.61[0m[34;1m     89512[0m[34;1m   1849808[0m[34;1m   3903244[0m[31;1m    102.63[0m[34;1m   1185580[0m[34;1m   1396308[0m[34;1m        20[0m
18:11:42   [34;1m   1007044[0m[34;1m   1791816[0m[34;1m    745784[0m[34;1m     19.61[0m[34;1m     89512[0m[34;1m   1849808[0m[34;1m   3903244[0m[31;1m    102.63[0m[34;1m   1185584[0m[34;1m   1396068[0m[34;1m        20[0m
18:11:43   [34;1m   1007044[0m[34;1m   1791816[0m[34;1m    745784[0m[34;1m     19.61[0m[34;1m     89512[0m[34;1m   1849808[0m[34;1m   3903244[0m[31;1m    102.63[0m[34;1m   1185584[0m[34;1m   1396084[0m[34;1m        20[0m
18:11:44   [34;1m   1007044[0m[34;1m   1791816[0m[34;1m    745784[0m[34;1m     19.61[0m[34;1m     89524[0m[34;1m   1849796[0m[34;1m   3903244[0m[31;1m    102.63[0m[34;1m   1185584[0m[34;1m   1396096[0m[34;22m         0[0m
18:11:45   [34;1m   1007044[0m[34;1m   1791832[0m[34;1m    745764[0m[34;1m     19.61[0m[34;1m     89524[0m[34;1m   1849812[0m[34;1m   3903244[0m[31;1m    102.63[0m[34;1m   1185596[0m[34;1m   1396368[0m[34;1m        20[0m
18:11:46   [34;1m   1007044[0m[34;1m   1791832[0m[34;1m    745764[0m[34;1m     19.61[0m[34;1m     89524[0m[34;1m   1849812[0m[34;1m   3903244[0m[31;1m    102.63[0m[34;1m   1185596[0m[34;1m   1396376[0m[34;1m        20[0m
18:11:47   [34;1m   1006792[0m[34;1m   1791592[0m[34;1m    746000[0m[34;1m     19.61[0m[34;1m     89532[0m[34;1m   1849816[0m[34;1m   3903244[0m[31;1m    102.63[0m[34;1m   1185604[0m[34;1m   1396444[0m[34;1m        20[0m
18:11:48   [34;1m   1006792[0m[34;1m   1791592[0m[34;1m    746000[0m[34;1m     19.61[0m[34;1m     89532[0m[34;1m   1849816[0m[34;1m   3903244[0m[31;1m    102.63[0m[34;1m   1185604[0m[34;1m   1396444[0m[34;1m        20[0m
18:11:49   [34;1m   1006792[0m[34;1m   1791592[0m[34;1m    746004[0m[34;1m     19.62[0m[34;1m     89532[0m[34;1m   1849820[0m[34;1m   3903244[0m[31;1m    102.63[0m[34;1m   1185604[0m[34;1m   1396444[0m[34;1m         8[0m
18:11:50   [34;1m   1006792[0m[34;1m   1791592[0m[34;1m    746004[0m[34;1m     19.62[0m[34;1m     89532[0m[34;1m   1849820[0m[34;1m   3903244[0m[31;1m    102.63[0m[34;1m   1185604[0m[34;1m   1396444[0m[34;1m         8[0m
18:11:51   [34;1m   1043308[0m[34;1m   1828112[0m[34;1m    709492[0m[34;1m     18.66[0m[34;1m     89532[0m[34;1m   1849820[0m[34;1m   3903244[0m[31;1m    102.63[0m[34;1m   1185596[0m[34;1m   1396312[0m[34;1m         4[0m
18:11:52   [34;1m   1043308[0m[34;1m   1828112[0m[34;1m    709492[0m[34;1m     18.66[0m[34;1m     89540[0m[34;1m   1849812[0m[34;1m   3903244[0m[31;1m    102.63[0m[34;1m   1185604[0m[34;1m   1390912[0m[34;1m         4[0m
18:11:53   [34;1m   1043308[0m[34;1m   1828116[0m[34;1m    709472[0m[34;1m     18.65[0m[34;1m     89548[0m[34;1m   1849824[0m[34;1m   3903244[0m[31;1m    102.63[0m[34;1m   1185604[0m[34;1m   1390936[0m[34;1m        28[0m
18:11:54   [34;1m   1043308[0m[34;1m   1828116[0m[34;1m    709472[0m[34;1m     18.65[0m[34;1m     89548[0m[34;1m   1849824[0m[34;1m   3903244[0m[31;1m    102.63[0m[34;1m   1185604[0m[34;1m   1390936[0m[34;1m        28[0m
18:11:55   [34;1m   1043056[0m[34;1m   1827880[0m[34;1m    709704[0m[34;1m     18.66[0m[34;1m     89548[0m[34;1m   1849824[0m[34;1m   3903244[0m[31;1m    102.63[0m[34;1m   1185620[0m[34;1m   1391408[0m[34;1m        28[0m
18:11:56   [34;1m   1040536[0m[34;1m   1825364[0m[34;1m    712220[0m[34;1m     18.73[0m[34;1m     89548[0m[34;1m   1849828[0m[34;1m   3903244[0m[31;1m    102.63[0m[34;1m   1185620[0m[34;1m   1391416[0m[34;1m        36[0m
18:11:57   [34;1m   1040536[0m[34;1m   1825372[0m[34;1m    712220[0m[34;1m     18.73[0m[34;1m     89552[0m[34;1m   1849832[0m[34;1m   3903244[0m[31;1m    102.63[0m[34;1m   1185624[0m[34;1m   1391472[0m[34;1m         4[0m
18:11:58   [34;1m   1040536[0m[34;1m   1825372[0m[34;1m    712220[0m[34;1m     18.73[0m[34;1m     89552[0m[34;1m   1849832[0m[34;1m   3903244[0m[31;1m    102.63[0m[34;1m   1185624[0m[34;1m   1391472[0m[34;1m         4[0m
18:11:59   [34;1m   1040536[0m[34;1m   1825372[0m[34;1m    712220[0m[34;1m     18.73[0m[34;1m     89552[0m[34;1m   1849832[0m[34;1m   3903244[0m[31;1m    102.63[0m[34;1m   1185624[0m[34;1m   1391524[0m[34;1m         4[0m
18:12:00   [34;1m   1040536[0m[34;1m   1825372[0m[34;1m    712220[0m[34;1m     18.73[0m[34;1m     89552[0m[34;1m   1849832[0m[34;1m   3903244[0m[31;1m    102.63[0m[34;1m   1185624[0m[34;1m   1391524[0m[34;1m         4[0m
18:12:01   [34;1m   1040536[0m[34;1m   1825372[0m[34;1m    712220[0m[34;1m     18.73[0m[34;1m     89552[0m[34;1m   1849832[0m[34;1m   3903244[0m[31;1m    102.63[0m[34;1m   1185632[0m[34;1m   1391620[0m[34;1m         4[0m
18:12:02   [34;1m   1040536[0m[34;1m   1825372[0m[34;1m    712232[0m[34;1m     18.73[0m[34;1m     89560[0m[34;1m   1849824[0m[34;1m   3903244[0m[31;1m    102.63[0m[34;1m   1185624[0m[34;1m   1391256[0m[34;1m         4[0m
18:12:03   [34;1m   1040536[0m[34;1m   1825392[0m[34;1m    712212[0m[34;1m     18.73[0m[34;1m     89568[0m[34;1m   1849836[0m[34;1m   3903244[0m[31;1m    102.63[0m[34;1m   1185640[0m[34;1m   1391352[0m[34;1m        16[0m
18:12:04   [34;1m   1040536[0m[34;1m   1825392[0m[34;1m    712212[0m[34;1m     18.73[0m[34;1m     89568[0m[34;1m   1849836[0m[34;1m   3903244[0m[31;1m    102.63[0m[34;1m   1185640[0m[34;1m   1391352[0m[34;1m        16[0m
18:12:05   [34;1m   1040536[0m[34;1m   1825392[0m[34;1m    712212[0m[34;1m     18.73[0m[34;1m     89568[0m[34;1m   1849836[0m[34;1m   3903244[0m[31;1m    102.63[0m[34;1m   1185640[0m[34;1m   1391544[0m[34;1m        16[0m
18:12:06   [34;1m   1040536[0m[34;1m   1825404[0m[34;1m    712200[0m[34;1m     18.73[0m[34;1m     89576[0m[34;1m   1849840[0m[34;1m   3903244[0m[31;1m    102.63[0m[34;1m   1185648[0m[34;1m   1391444[0m[34;1m        16[0m
18:12:07   [34;1m   1040536[0m[34;1m   1825404[0m[34;1m    712200[0m[34;1m     18.73[0m[34;1m     89576[0m[34;1m   1849840[0m[34;1m   3903244[0m[31;1m    102.63[0m[34;1m   1185648[0m[34;1m   1391468[0m[34;1m        16[0m
18:12:08   [34;1m   1040536[0m[34;1m   1825404[0m[34;1m    712200[0m[34;1m     18.73[0m[34;1m     89576[0m[34;1m   1849840[0m[34;1m   3903244[0m[31;1m    102.63[0m[34;1m   1185648[0m[34;1m   1391468[0m[34;22m         0[0m
18:12:09   [34;1m   1040536[0m[34;1m   1825404[0m[34;1m    712200[0m[34;1m     18.73[0m[34;1m     89576[0m[34;1m   1849840[0m[34;1m   3903244[0m[31;1m    102.63[0m[34;1m   1185648[0m[34;1m   1391500[0m[34;1m         4[0m
18:12:10   [34;1m   1040536[0m[34;1m   1825404[0m[34;1m    712200[0m[34;1m     18.73[0m[34;1m     89576[0m[34;1m   1849840[0m[34;1m   3903244[0m[31;1m    102.63[0m[34;1m   1185648[0m[34;1m   1391500[0m[34;1m         4[0m
18:12:11   [34;1m   1040284[0m[34;1m   1825172[0m[34;1m    712432[0m[34;1m     18.73[0m[34;1m     89588[0m[34;1m   1849848[0m[34;1m   3903244[0m[31;1m    102.63[0m[34;1m   1185668[0m[34;1m   1390840[0m[34;1m        28[0m
18:12:12   [34;1m   1040284[0m[34;1m   1825172[0m[34;1m    712436[0m[34;1m     18.73[0m[34;1m     89588[0m[34;1m   1849848[0m[34;1m   3903244[0m[31;1m    102.63[0m[34;1m   1185660[0m[34;1m   1390772[0m[34;1m        28[0m
18:12:13   [34;1m   1040284[0m[34;1m   1825172[0m[34;1m    712436[0m[34;1m     18.73[0m[34;1m     89588[0m[34;1m   1849848[0m[34;1m   3903244[0m[31;1m    102.63[0m[34;1m   1185660[0m[34;1m   1390796[0m[34;1m        28[0m
18:12:14   [34;1m   1040284[0m[34;1m   1825172[0m[34;1m    712436[0m[34;1m     18.73[0m[34;1m     89588[0m[34;1m   1849848[0m[34;1m   3903244[0m[31;1m    102.63[0m[34;1m   1185660[0m[34;1m   1390796[0m[34;1m        28[0m
18:12:15   [34;1m   1040060[0m[34;1m   1824948[0m[34;1m    712660[0m[34;1m     18.74[0m[34;1m     89588[0m[34;1m   1849848[0m[34;1m   3903244[0m[31;1m    102.63[0m[34;1m   1185660[0m[34;1m   1391040[0m[34;1m        20[0m
18:12:16   [34;1m   1040060[0m[34;1m   1824952[0m[34;1m    712640[0m[34;1m     18.74[0m[34;1m     89604[0m[34;1m   1849852[0m[34;1m   3903244[0m[31;1m    102.63[0m[34;1m   1185660[0m[34;1m   1391184[0m[34;1m        32[0m
18:12:17   [34;1m   1040060[0m[34;1m   1824968[0m[34;1m    712632[0m[34;1m     18.74[0m[34;1m     89604[0m[34;1m   1849852[0m[34;1m   3903244[0m[31;1m    102.63[0m[34;1m   1185676[0m[34;1m   1391100[0m[34;1m         4[0m
18:12:18   [34;1m   1040060[0m[34;1m   1824968[0m[34;1m    712632[0m[34;1m     18.74[0m[34;1m     89604[0m[34;1m   1849852[0m[34;1m   3903244[0m[31;1m    102.63[0m[34;1m   1185676[0m[34;1m   1391100[0m[34;1m         4[0m
18:12:19   [34;1m   1040060[0m[34;1m   1824968[0m[34;1m    712632[0m[34;1m     18.74[0m[34;1m     89604[0m[34;1m   1849852[0m[34;1m   3903244[0m[31;1m    102.63[0m[34;1m   1185676[0m[34;1m   1391108[0m[34;1m         4[0m
18:12:20   [34;1m   1040060[0m[34;1m   1824968[0m[34;1m    712632[0m[34;1m     18.74[0m[34;1m     89604[0m[34;1m   1849852[0m[34;1m   3903244[0m[31;1m    102.63[0m[34;1m   1185676[0m[34;1m   1391108[0m[34;1m         4[0m
18:12:21   [34;1m   1039808[0m[34;1m   1824728[0m[34;1m    712872[0m[34;1m     18.74[0m[34;1m     89612[0m[34;1m   1849856[0m[34;1m   3903244[0m[31;1m    102.63[0m[34;1m   1185680[0m[34;1m   1391028[0m[34;1m        16[0m
18:12:22   [34;1m   1039808[0m[34;1m   1824728[0m[34;1m    712872[0m[34;1m     18.74[0m[34;1m     89612[0m[34;1m   1849856[0m[34;1m   3903244[0m[31;1m    102.63[0m[34;1m   1185684[0m[34;1m   1391112[0m[34;1m        16[0m
18:12:23   [34;1m   1039808[0m[34;1m   1824728[0m[34;1m    712872[0m[34;1m     18.74[0m[34;1m     89612[0m[34;1m   1849856[0m[34;1m   3903244[0m[31;1m    102.63[0m[34;1m   1185684[0m[34;1m   1391116[0m[34;1m        16[0m
18:12:24   [34;1m   1039808[0m[34;1m   1824728[0m[34;1m    712872[0m[34;1m     18.74[0m[34;1m     89612[0m[34;1m   1849856[0m[34;1m   3903244[0m[31;1m    102.63[0m[34;1m   1185684[0m[34;1m   1391116[0m[34;1m        16[0m
18:12:25   [34;1m   1039808[0m[34;1m   1824732[0m[34;1m    712856[0m[34;1m     18.74[0m[34;1m     89620[0m[34;1m   1849864[0m[34;1m   3903244[0m[31;1m    102.63[0m[34;1m   1185684[0m[34;1m   1391520[0m[34;1m        24[0m
18:12:26   [34;1m   1039808[0m[34;1m   1824732[0m[34;1m    712856[0m[34;1m     18.74[0m[34;1m     89620[0m[34;1m   1849864[0m[34;1m   3903244[0m[31;1m    102.63[0m[34;1m   1185684[0m[34;1m   1391628[0m[34;1m        24[0m
18:12:27   [34;1m   1039808[0m[34;1m   1824744[0m[34;1m    712860[0m[34;1m     18.74[0m[34;1m     89620[0m[34;1m   1849864[0m[34;1m   3903244[0m[31;1m    102.63[0m[34;1m   1185692[0m[34;1m   1392576[0m[34;1m         4[0m
18:12:28   [34;1m   1039808[0m[34;1m   1824744[0m[34;1m    712860[0m[34;1m     18.74[0m[34;1m     89620[0m[34;1m   1849864[0m[34;1m   3903244[0m[31;1m    102.63[0m[34;1m   1185692[0m[34;1m   1392584[0m[34;1m         4[0m
18:12:29   [34;1m   1039808[0m[34;1m   1824748[0m[34;1m    712848[0m[34;1m     18.74[0m[34;1m     89628[0m[34;1m   1849868[0m[34;1m   3903244[0m[31;1m    102.63[0m[34;1m   1185692[0m[34;1m   1392588[0m[34;1m        32[0m
18:12:30   [34;1m   1039808[0m[34;1m   1824748[0m[34;1m    712848[0m[34;1m     18.74[0m[34;1m     89628[0m[34;1m   1849868[0m[34;1m   3903244[0m[31;1m    102.63[0m[34;1m   1185692[0m[34;1m   1392588[0m[34;1m        32[0m
18:12:31   [34;1m   1039808[0m[34;1m   1824756[0m[34;1m    712844[0m[34;1m     18.74[0m[34;1m     89628[0m[34;1m   1849868[0m[34;1m   3903244[0m[31;1m    102.63[0m[34;1m   1185700[0m[34;1m   1392652[0m[34;1m        32[0m
18:12:32   [34;1m   1039560[0m[34;1m   1824508[0m[34;1m    713088[0m[34;1m     18.75[0m[34;1m     89628[0m[34;1m   1849868[0m[34;1m   3903244[0m[31;1m    102.63[0m[34;1m   1185700[0m[34;1m   1392300[0m[34;1m        32[0m
18:12:33   [34;1m   1039560[0m[34;1m   1824508[0m[34;1m    713092[0m[34;1m     18.75[0m[34;1m     89628[0m[34;1m   1849868[0m[34;1m   3903244[0m[31;1m    102.63[0m[34;1m   1185704[0m[34;1m   1392204[0m[34;1m        28[0m
18:12:34   [34;1m   1039560[0m[34;1m   1824512[0m[34;1m    713084[0m[34;1m     18.75[0m[34;1m     89628[0m[34;1m   1849872[0m[34;1m   3903244[0m[31;1m    102.63[0m[34;1m   1185700[0m[34;1m   1392184[0m[34;1m        36[0m
18:12:35   [34;1m   1039560[0m[34;1m   1824524[0m[34;1m    713068[0m[34;1m     18.75[0m[34;1m     89640[0m[34;1m   1849872[0m[34;1m   3903244[0m[31;1m    102.63[0m[34;1m   1185712[0m[34;1m   1392372[0m[34;1m        20[0m
18:12:36   [34;1m   1039560[0m[34;1m   1824528[0m[34;1m    713044[0m[34;1m     18.75[0m[34;1m     89640[0m[34;1m   1849876[0m[34;1m   3903244[0m[31;1m    102.63[0m[34;1m   1185712[0m[34;1m   1392296[0m[34;1m        20[0m
18:12:37   [34;1m   1039560[0m[34;1m   1824532[0m[34;1m    713052[0m[34;1m     18.75[0m[34;1m     89644[0m[34;1m   1849876[0m[34;1m   3903244[0m[31;1m    102.63[0m[34;1m   1185716[0m[34;1m   1392220[0m[34;1m        20[0m
18:12:38   [34;1m   1039560[0m[34;1m   1824536[0m[34;1m    713052[0m[34;1m     18.75[0m[34;1m     89644[0m[34;1m   1849880[0m[34;1m   3903244[0m[31;1m    102.63[0m[34;1m   1185716[0m[34;1m   1392240[0m[34;1m        20[0m
18:12:39   [34;1m   1039560[0m[34;1m   1824536[0m[34;1m    713052[0m[34;1m     18.75[0m[34;1m     89644[0m[34;1m   1849880[0m[34;1m   3903244[0m[31;1m    102.63[0m[34;1m   1185716[0m[34;1m   1392240[0m[34;1m        16[0m
18:12:40   [34;1m   1039560[0m[34;1m   1824536[0m[34;1m    713052[0m[34;1m     18.75[0m[34;1m     89644[0m[34;1m   1849880[0m[34;1m   3903244[0m[31;1m    102.63[0m[34;1m   1185716[0m[34;1m   1392248[0m[34;1m        16[0m
18:12:41   [34;1m   1039560[0m[34;1m   1824536[0m[34;1m    713052[0m[34;1m     18.75[0m[34;1m     89644[0m[34;1m   1849880[0m[34;1m   3903244[0m[31;1m    102.63[0m[34;1m   1185716[0m[34;1m   1391908[0m[34;1m         8[0m
18:12:42   [34;1m   1039560[0m[34;1m   1824536[0m[34;1m    713052[0m[34;1m     18.75[0m[34;1m     89644[0m[34;1m   1849880[0m[34;1m   3903244[0m[31;1m    102.63[0m[34;1m   1185716[0m[34;1m   1391976[0m[34;1m         8[0m
18:12:43   [34;1m   1039308[0m[34;1m   1824284[0m[34;1m    713304[0m[34;1m     18.76[0m[34;1m     89656[0m[34;1m   1849868[0m[34;1m   3903244[0m[31;1m    102.63[0m[34;1m   1185716[0m[34;1m   1391976[0m[34;1m         8[0m
18:12:44   [34;1m   1039308[0m[34;1m   1824304[0m[34;1m    713284[0m[34;1m     18.75[0m[34;1m     89656[0m[34;1m   1849884[0m[34;1m   3903244[0m[31;1m    102.63[0m[34;1m   1185728[0m[34;1m   1392032[0m[34;1m        28[0m
18:12:45   [34;1m   1039308[0m[34;1m   1824304[0m[34;1m    713284[0m[34;1m     18.75[0m[34;1m     89656[0m[34;1m   1849884[0m[34;1m   3903244[0m[31;1m    102.63[0m[34;1m   1185728[0m[34;1m   1392232[0m[34;1m        28[0m
18:12:46   [34;1m   1038300[0m[34;1m   1823296[0m[34;1m    714292[0m[34;1m     18.78[0m[34;1m     89656[0m[34;1m   1849884[0m[34;1m   3903244[0m[31;1m    102.63[0m[34;1m   1185736[0m[34;1m   1392456[0m[34;1m        32[0m
18:12:47   [34;1m   1038300[0m[34;1m   1823296[0m[34;1m    714300[0m[34;1m     18.78[0m[34;1m     89660[0m[34;1m   1849880[0m[34;1m   3903244[0m[31;1m    102.63[0m[34;1m   1185728[0m[34;1m   1392376[0m[34;1m        32[0m
18:12:48   [34;1m   1038048[0m[34;1m   1823052[0m[34;1m    714544[0m[34;1m     18.79[0m[34;1m     89660[0m[34;1m   1849888[0m[34;1m   3903244[0m[31;1m    102.63[0m[34;1m   1185732[0m[34;1m   1392608[0m[34;1m         4[0m
18:12:49   [34;1m   1037796[0m[34;1m   1822800[0m[34;1m    714796[0m[34;1m     18.79[0m[34;1m     89660[0m[34;1m   1849888[0m[34;1m   3903244[0m[31;1m    102.63[0m[34;1m   1185732[0m[34;1m   1393188[0m[34;1m         4[0m
18:12:50   [34;1m   1037796[0m[34;1m   1822800[0m[34;1m    714796[0m[34;1m     18.79[0m[34;1m     89660[0m[34;1m   1849888[0m[34;1m   3903244[0m[31;1m    102.63[0m[34;1m   1185732[0m[34;1m   1393324[0m[34;22m         0[0m
18:12:51   [34;1m   1037544[0m[34;1m   1822548[0m[34;1m    715048[0m[34;1m     18.80[0m[34;1m     89660[0m[34;1m   1849888[0m[34;1m   3903244[0m[31;1m    102.63[0m[34;1m   1185732[0m[34;1m   1393424[0m[34;22m         0[0m
