Linux 6.6.95 (ssp-study-m02) 	04/21/26 	_x86_64_	(2 CPU)

11:48:36    kbmemfree   kbavail kbmemused  %memused kbbuffers  kbcached  kbcommit   %commit  kbactive   kbinact   kbdirty
11:48:37   [34;1m    113928[0m[34;1m   1555884[0m[34;1m    300100[0m[34;1m      9.88[0m[34;1m     59916[0m[34;1m   2464376[0m[34;1m   3317408[0m[31;1m    109.27[0m[34;1m    738416[0m[34;1m   2037736[0m[34;1m       352[0m
11:48:38   [34;1m    113424[0m[34;1m   1555380[0m[34;1m    300572[0m[34;1m      9.90[0m[34;1m     59924[0m[34;1m   2464368[0m[34;1m   3329828[0m[31;1m    109.68[0m[34;1m    738416[0m[34;1m   2038156[0m[34;1m       352[0m
11:48:39   [34;1m    110904[0m[34;1m   1552868[0m[34;1m    303080[0m[34;1m      9.98[0m[34;1m     59924[0m[34;1m   2464380[0m[34;1m   3333924[0m[31;1m    109.81[0m[34;1m    738416[0m[34;1m   2039200[0m[34;1m       360[0m
11:48:40   [34;1m    109644[0m[34;1m   1551608[0m[34;1m    304332[0m[34;1m     10.02[0m[34;1m     59924[0m[34;1m   2464380[0m[34;1m   3343400[0m[31;1m    110.13[0m[34;1m    738424[0m[34;1m   2041348[0m[34;1m       360[0m
11:48:41   [34;1m    108888[0m[34;1m   1550856[0m[34;1m    305088[0m[34;1m     10.05[0m[34;1m     59924[0m[34;1m   2464380[0m[34;1m   3351592[0m[31;1m    110.40[0m[34;1m    738424[0m[34;1m   2042060[0m[34;1m       360[0m
11:48:42   [34;1m    108636[0m[34;1m   1550604[0m[34;1m    305340[0m[34;1m     10.06[0m[34;1m     59924[0m[34;1m   2464380[0m[34;1m   3351848[0m[31;1m    110.40[0m[34;1m    738424[0m[34;1m   2042500[0m[34;1m       360[0m
11:48:43   [34;1m    108132[0m[34;1m   1550108[0m[34;1m    305836[0m[34;1m     10.07[0m[34;1m     59928[0m[34;1m   2464384[0m[34;1m   3351848[0m[31;1m    110.40[0m[34;1m    738428[0m[34;1m   2042916[0m[34;1m       364[0m
11:48:44   [34;1m    107124[0m[34;1m   1549100[0m[34;1m    306844[0m[34;1m     10.11[0m[34;1m     59928[0m[34;1m   2464384[0m[34;1m   3351848[0m[31;1m    110.40[0m[34;1m    738428[0m[34;1m   2043436[0m[34;1m       364[0m
11:48:45   [34;1m    105864[0m[34;1m   1547840[0m[34;1m    308080[0m[34;1m     10.15[0m[34;1m     59928[0m[34;1m   2464384[0m[34;1m   3356264[0m[31;1m    110.55[0m[34;1m    738424[0m[34;1m   2045236[0m[34;1m         4[0m
11:48:46   [34;1m    104604[0m[34;1m   1546584[0m[34;1m    309336[0m[34;1m     10.19[0m[34;1m     59928[0m[34;1m   2464388[0m[34;1m   3356840[0m[31;1m    110.57[0m[34;1m    738424[0m[34;1m   2046776[0m[34;1m         8[0m
11:48:47   [34;1m    103848[0m[34;1m   1545832[0m[34;1m    310092[0m[34;1m     10.21[0m[34;1m     59928[0m[34;1m   2464392[0m[34;1m   3361192[0m[31;1m    110.71[0m[34;1m    738424[0m[34;1m   2047556[0m[34;1m        12[0m
11:48:48   [34;1m    102840[0m[34;1m   1544824[0m[34;1m    311100[0m[34;1m     10.25[0m[34;1m     59928[0m[34;1m   2464392[0m[34;1m   3361448[0m[31;1m    110.72[0m[34;1m    738424[0m[34;1m   2047180[0m[34;1m        12[0m
11:48:49   [34;1m    102336[0m[34;1m   1544324[0m[34;1m    311572[0m[34;1m     10.26[0m[34;1m     59928[0m[34;1m   2464396[0m[34;1m   3361448[0m[31;1m    110.72[0m[34;1m    738432[0m[34;1m   2046940[0m[34;1m        36[0m
11:48:50   [34;1m    102336[0m[34;1m   1544324[0m[34;1m    311572[0m[34;1m     10.26[0m[34;1m     59928[0m[34;1m   2464396[0m[34;1m   3361448[0m[31;1m    110.72[0m[34;1m    738424[0m[34;1m   2047064[0m[34;1m        36[0m
11:48:51   [34;1m    102336[0m[34;1m   1544332[0m[34;1m    311564[0m[34;1m     10.26[0m[34;1m     59928[0m[34;1m   2464404[0m[34;1m   3361704[0m[31;1m    110.73[0m[34;1m    738424[0m[34;1m   2047536[0m[34;1m        44[0m
11:48:52   [34;1m    101832[0m[34;1m   1543828[0m[34;1m    312068[0m[34;1m     10.28[0m[34;1m     59928[0m[34;1m   2464404[0m[34;1m   3379184[0m[31;1m    111.30[0m[34;1m    738424[0m[34;1m   2048716[0m[34;1m        44[0m
11:48:53   [34;1m    119252[0m[34;1m   1540892[0m[34;1m    315168[0m[34;1m     10.38[0m[34;1m     59836[0m[34;1m   2444392[0m[34;1m   3392676[0m[31;1m    111.75[0m[34;1m    738796[0m[34;1m   2031268[0m[34;1m        60[0m
11:48:54   [34;1m    116272[0m[34;1m   1537912[0m[34;1m    318148[0m[34;1m     10.48[0m[34;1m     59836[0m[34;1m   2444392[0m[34;1m   3392676[0m[31;1m    111.75[0m[34;1m    738796[0m[34;1m   2032228[0m[34;1m        60[0m
11:48:55   [34;1m    116020[0m[34;1m   1537668[0m[34;1m    318356[0m[34;1m     10.49[0m[34;1m     59836[0m[34;1m   2444404[0m[34;1m   3392676[0m[31;1m    111.75[0m[34;1m    738796[0m[34;1m   2032724[0m[34;1m        72[0m
11:48:56   [34;1m    115516[0m[34;1m   1537168[0m[34;1m    318860[0m[34;1m     10.50[0m[34;1m     59836[0m[34;1m   2444404[0m[34;1m   3392676[0m[31;1m    111.75[0m[34;1m    738796[0m[34;1m   2032904[0m[34;1m        72[0m
11:48:57   [34;1m    115264[0m[34;1m   1536920[0m[34;1m    319144[0m[34;1m     10.51[0m[34;1m     59836[0m[34;1m   2444412[0m[34;1m   3388340[0m[31;1m    111.61[0m[34;1m    738796[0m[34;1m   2031844[0m[34;1m        80[0m
11:48:58   [34;1m    115264[0m[34;1m   1536920[0m[34;1m    319156[0m[34;1m     10.51[0m[34;1m     59840[0m[34;1m   2444408[0m[34;1m   3388340[0m[31;1m    111.61[0m[34;1m    738796[0m[34;1m   2031724[0m[34;1m        80[0m
11:48:59   [34;1m    115264[0m[34;1m   1536936[0m[34;1m    319144[0m[34;1m     10.51[0m[34;1m     59840[0m[34;1m   2444420[0m[34;1m   3388340[0m[31;1m    111.61[0m[34;1m    738796[0m[34;1m   2032072[0m[34;1m       108[0m
11:49:00   [34;1m    115264[0m[34;1m   1536940[0m[34;1m    319140[0m[34;1m     10.51[0m[34;1m     59840[0m[34;1m   2444424[0m[34;1m   3388916[0m[31;1m    111.62[0m[34;1m    738968[0m[34;1m   2032816[0m[34;1m       112[0m
11:49:01   [34;1m    114016[0m[34;1m   1535692[0m[34;1m    320384[0m[34;1m     10.55[0m[34;1m     59840[0m[34;1m   2444428[0m[34;1m   3388916[0m[31;1m    111.62[0m[34;1m    738968[0m[34;1m   2032980[0m[34;1m       116[0m
11:49:02   [34;1m    113512[0m[34;1m   1535200[0m[34;1m    320860[0m[34;1m     10.57[0m[34;1m     59840[0m[34;1m   2444444[0m[34;1m   3389172[0m[31;1m    111.63[0m[34;1m    738968[0m[34;1m   2033376[0m[34;1m       132[0m
11:49:03   [34;1m    113512[0m[34;1m   1535212[0m[34;1m    320832[0m[34;1m     10.57[0m[34;1m     59848[0m[34;1m   2444448[0m[34;1m   3389172[0m[31;1m    111.63[0m[34;1m    738996[0m[34;1m   2033440[0m[34;1m       152[0m
11:49:04   [34;1m    112000[0m[34;1m   1533708[0m[34;1m    322344[0m[34;1m     10.62[0m[34;1m     59848[0m[34;1m   2444448[0m[34;1m   3389172[0m[31;1m    111.63[0m[34;1m    739004[0m[34;1m   2033552[0m[34;1m       152[0m
11:49:05   [34;1m    112000[0m[34;1m   1533716[0m[34;1m    322352[0m[34;1m     10.62[0m[34;1m     59848[0m[34;1m   2444460[0m[34;1m   3389172[0m[31;1m    111.63[0m[34;1m    739004[0m[34;1m   2033716[0m[34;1m       164[0m
11:49:06   [34;1m    112000[0m[34;1m   1533716[0m[34;1m    322352[0m[34;1m     10.62[0m[34;1m     59848[0m[34;1m   2444460[0m[34;1m   3397496[0m[31;1m    111.91[0m[34;1m    739004[0m[34;1m   2034024[0m[34;1m       164[0m
11:49:07   [34;1m    111748[0m[34;1m   1533476[0m[34;1m    322596[0m[34;1m     10.63[0m[34;1m     59848[0m[34;1m   2444468[0m[34;1m   3397816[0m[31;1m    111.92[0m[34;1m    739004[0m[34;1m   2035184[0m[34;1m       172[0m
11:49:08   [34;1m    111496[0m[34;1m   1533224[0m[34;1m    322844[0m[34;1m     10.63[0m[34;1m     59848[0m[34;1m   2444472[0m[34;1m   3398072[0m[31;1m    111.93[0m[34;1m    739004[0m[34;1m   2035544[0m[34;1m       176[0m
11:49:09   [34;1m    109732[0m[34;1m   1531472[0m[34;1m    324604[0m[34;1m     10.69[0m[34;1m     59848[0m[34;1m   2444480[0m[34;1m   3398072[0m[31;1m    111.93[0m[34;1m    739000[0m[34;1m   2036176[0m[34;1m       184[0m
11:49:10   [34;1m    109732[0m[34;1m   1531476[0m[34;1m    324600[0m[34;1m     10.69[0m[34;1m     59848[0m[34;1m   2444484[0m[34;1m   3398072[0m[31;1m    111.93[0m[34;1m    739004[0m[34;1m   2036336[0m[34;1m       188[0m
11:49:11   [34;1m    108976[0m[34;1m   1530724[0m[34;1m    325352[0m[34;1m     10.72[0m[34;1m     59848[0m[34;1m   2444488[0m[34;1m   3398648[0m[31;1m    111.95[0m[34;1m    739004[0m[34;1m   2037696[0m[34;1m       192[0m
11:49:12   [34;1m    108976[0m[34;1m   1530732[0m[34;1m    325344[0m[34;1m     10.72[0m[34;1m     59848[0m[34;1m   2444496[0m[34;1m   3398648[0m[31;1m    111.95[0m[34;1m    739004[0m[34;1m   2037536[0m[34;1m       200[0m
11:49:13   [34;1m    108976[0m[34;1m   1530736[0m[34;1m    325336[0m[34;1m     10.72[0m[34;1m     59848[0m[34;1m   2444504[0m[34;1m   3398648[0m[31;1m    111.95[0m[34;1m    739004[0m[34;1m   2037764[0m[34;1m       208[0m
11:49:14   [34;1m    107964[0m[34;1m   1529728[0m[34;1m    326344[0m[34;1m     10.75[0m[34;1m     59852[0m[34;1m   2444504[0m[34;1m   3398648[0m[31;1m    111.95[0m[34;1m    739004[0m[34;1m   2038384[0m[34;1m       212[0m
11:49:15   [34;1m    107964[0m[34;1m   1529744[0m[34;1m    326332[0m[34;1m     10.75[0m[34;1m     59852[0m[34;1m   2444516[0m[34;1m   3398648[0m[31;1m    111.95[0m[34;1m    739008[0m[34;1m   2038296[0m[34;1m       220[0m
11:49:16   [34;1m    107964[0m[34;1m   1529744[0m[34;1m    326328[0m[34;1m     10.75[0m[34;1m     59852[0m[34;1m   2444520[0m[34;1m   3398648[0m[31;1m    111.95[0m[34;1m    739008[0m[34;1m   2038696[0m[34;1m       124[0m
11:49:17   [34;1m    107964[0m[34;1m   1529756[0m[34;1m    326320[0m[34;1m     10.75[0m[34;1m     59852[0m[34;1m   2444528[0m[34;1m   3398648[0m[31;1m    111.95[0m[34;1m    739008[0m[34;1m   2039260[0m[34;1m        80[0m
11:49:18   [34;1m    107964[0m[34;1m   1529760[0m[34;1m    326316[0m[34;1m     10.75[0m[34;1m     59852[0m[34;1m   2444532[0m[34;1m   3398648[0m[31;1m    111.95[0m[34;1m    739008[0m[34;1m   2039108[0m[34;1m        84[0m
11:49:19   [34;1m    106704[0m[34;1m   1528512[0m[34;1m    327556[0m[34;1m     10.79[0m[34;1m     59860[0m[34;1m   2444544[0m[34;1m   3398648[0m[31;1m    111.95[0m[34;1m    739016[0m[34;1m   2039004[0m[34;1m       104[0m
11:49:20   [34;1m    106704[0m[34;1m   1528516[0m[34;1m    327560[0m[34;1m     10.79[0m[34;1m     59860[0m[34;1m   2444544[0m[34;1m   3398648[0m[31;1m    111.95[0m[34;1m    739016[0m[34;1m   2039080[0m[34;1m       104[0m
11:49:21   [34;1m    104184[0m[34;1m   1526004[0m[34;1m    330072[0m[34;1m     10.87[0m[34;1m     59860[0m[34;1m   2444552[0m[34;1m   3398648[0m[31;1m    111.95[0m[34;1m    739016[0m[34;1m   2039296[0m[34;1m        44[0m
11:49:22   [34;1m    104184[0m[34;1m   1526008[0m[34;1m    330068[0m[34;1m     10.87[0m[34;1m     59860[0m[34;1m   2444556[0m[34;1m   3398648[0m[31;1m    111.95[0m[34;1m    739016[0m[34;1m   2039284[0m[34;1m        48[0m
11:49:23   [34;1m    104184[0m[34;1m   1526028[0m[34;1m    330052[0m[34;1m     10.87[0m[34;1m     59860[0m[34;1m   2444572[0m[34;1m   3398648[0m[31;1m    111.95[0m[34;1m    739016[0m[34;1m   2039524[0m[34;1m        64[0m
11:49:24   [34;1m    104180[0m[34;1m   1526028[0m[34;1m    330052[0m[34;1m     10.87[0m[34;1m     59864[0m[34;1m   2444572[0m[34;1m   3398648[0m[31;1m    111.95[0m[34;1m    739016[0m[34;1m   2039784[0m[34;1m        68[0m
11:49:25   [34;1m    104180[0m[34;1m   1526036[0m[34;1m    330044[0m[34;1m     10.87[0m[34;1m     59864[0m[34;1m   2444580[0m[34;1m   3398648[0m[31;1m    111.95[0m[34;1m    739016[0m[34;1m   2039920[0m[34;1m        80[0m
11:49:26   [34;1m    104180[0m[34;1m   1526036[0m[34;1m    330040[0m[34;1m     10.87[0m[34;1m     59864[0m[34;1m   2444584[0m[34;1m   3398648[0m[31;1m    111.95[0m[34;1m    739016[0m[34;1m   2040040[0m[34;1m        84[0m
11:49:27   [34;1m    104176[0m[34;1m   1526044[0m[34;1m    330032[0m[34;1m     10.87[0m[34;1m     59864[0m[34;1m   2444592[0m[34;1m   3399224[0m[31;1m    111.96[0m[34;1m    739016[0m[34;1m   2040760[0m[34;1m        84[0m
11:49:28   [34;1m    104176[0m[34;1m   1526048[0m[34;1m    330032[0m[34;1m     10.87[0m[34;1m     59864[0m[34;1m   2444596[0m[34;1m   3399224[0m[31;1m    111.96[0m[34;1m    739016[0m[34;1m   2040780[0m[34;1m        88[0m
11:49:29   [34;1m    104176[0m[34;1m   1526068[0m[34;1m    330012[0m[34;1m     10.87[0m[34;1m     59872[0m[34;1m   2444608[0m[34;1m   3399224[0m[31;1m    111.96[0m[34;1m    739028[0m[34;1m   2041136[0m[34;1m       112[0m
11:49:30   [34;1m    104176[0m[34;1m   1526068[0m[34;1m    330012[0m[34;1m     10.87[0m[34;1m     59872[0m[34;1m   2444608[0m[34;1m   3399224[0m[31;1m    111.96[0m[34;1m    739024[0m[34;1m   2040944[0m[34;1m       112[0m
11:49:31   [34;1m    104176[0m[34;1m   1526076[0m[34;1m    330004[0m[34;1m     10.87[0m[34;1m     59872[0m[34;1m   2444616[0m[34;1m   3399224[0m[31;1m    111.96[0m[34;1m    739024[0m[34;1m   2040872[0m[34;1m       120[0m
11:49:32   [34;1m    104176[0m[34;1m   1526080[0m[34;1m    329996[0m[34;1m     10.87[0m[34;1m     59872[0m[34;1m   2444624[0m[34;1m   3399224[0m[31;1m    111.96[0m[34;1m    739024[0m[34;1m   2041240[0m[34;1m       128[0m
11:49:33   [34;1m    103168[0m[34;1m   1525076[0m[34;1m    330968[0m[34;1m     10.90[0m[34;1m     59872[0m[34;1m   2444628[0m[34;1m   3403560[0m[31;1m    112.11[0m[34;1m    739024[0m[34;1m   2042752[0m[34;1m       136[0m
11:49:34   [34;1m    102160[0m[34;1m   1524080[0m[34;1m    331968[0m[34;1m     10.93[0m[34;1m     59876[0m[34;1m   2444632[0m[34;1m   3403560[0m[31;1m    112.11[0m[34;1m    739024[0m[34;1m   2042952[0m[34;1m       144[0m
11:49:35   [34;1m    102160[0m[34;1m   1524092[0m[34;1m    331948[0m[34;1m     10.93[0m[34;1m     59876[0m[34;1m   2444644[0m[34;1m   3403560[0m[31;1m    112.11[0m[34;1m    739028[0m[34;1m   2043080[0m[34;1m       152[0m
11:49:36   [34;1m    101908[0m[34;1m   1523840[0m[34;1m    332196[0m[34;1m     10.94[0m[34;1m     59876[0m[34;1m   2444648[0m[34;1m   3403560[0m[31;1m    112.11[0m[34;1m    739028[0m[34;1m   2043080[0m[34;1m       156[0m
11:49:37   [34;1m    101908[0m[34;1m   1523844[0m[34;1m    332188[0m[34;1m     10.94[0m[34;1m     59876[0m[34;1m   2444656[0m[34;1m   3399224[0m[31;1m    111.96[0m[34;1m    739028[0m[34;1m   2041936[0m[34;1m       164[0m
11:49:38   [34;1m    101908[0m[34;1m   1523852[0m[34;1m    332184[0m[34;1m     10.94[0m[34;1m     59876[0m[34;1m   2444660[0m[34;1m   3399224[0m[31;1m    111.96[0m[34;1m    739028[0m[34;1m   2042000[0m[34;1m       168[0m
11:49:39   [34;1m    101908[0m[34;1m   1523864[0m[34;1m    332176[0m[34;1m     10.94[0m[34;1m     59880[0m[34;1m   2444664[0m[34;1m   3399224[0m[31;1m    111.96[0m[34;1m    739028[0m[34;1m   2042116[0m[34;1m       172[0m
11:49:40   [34;1m    101908[0m[34;1m   1523864[0m[34;1m    332172[0m[34;1m     10.94[0m[34;1m     59880[0m[34;1m   2444668[0m[34;1m   3399224[0m[31;1m    111.96[0m[34;1m    739032[0m[34;1m   2042164[0m[34;1m       176[0m
11:49:41   [34;1m    101908[0m[34;1m   1523876[0m[34;1m    332164[0m[34;1m     10.94[0m[34;1m     59880[0m[34;1m   2444676[0m[34;1m   3399224[0m[31;1m    111.96[0m[34;1m    739032[0m[34;1m   2042256[0m[34;1m       184[0m
11:49:42   [34;1m    101908[0m[34;1m   1523880[0m[34;1m    332160[0m[34;1m     10.94[0m[34;1m     59880[0m[34;1m   2444680[0m[34;1m   3399224[0m[31;1m    111.96[0m[34;1m    739032[0m[34;1m   2042576[0m[34;1m       188[0m
11:49:43   [34;1m    101908[0m[34;1m   1523888[0m[34;1m    332148[0m[34;1m     10.94[0m[34;1m     59880[0m[34;1m   2444692[0m[34;1m   3399224[0m[31;1m    111.96[0m[34;1m    739032[0m[34;1m   2042456[0m[34;1m       200[0m
11:49:44   [34;1m    101908[0m[34;1m   1523888[0m[34;1m    332148[0m[34;1m     10.94[0m[34;1m     59884[0m[34;1m   2444688[0m[34;1m   3399224[0m[31;1m    111.96[0m[34;1m    739032[0m[34;1m   2042476[0m[34;1m       200[0m
11:49:45   [34;1m    101908[0m[34;1m   1523896[0m[34;1m    332136[0m[34;1m     10.94[0m[34;1m     59884[0m[34;1m   2444700[0m[34;1m   3399224[0m[31;1m    111.96[0m[34;1m    739032[0m[34;1m   2042348[0m[34;1m       208[0m
11:49:46   [34;1m    101908[0m[34;1m   1523900[0m[34;1m    332132[0m[34;1m     10.94[0m[34;1m     59884[0m[34;1m   2444704[0m[34;1m   3399224[0m[31;1m    111.96[0m[34;1m    739032[0m[34;1m   2042400[0m[34;1m       212[0m
11:49:47   [34;1m    101908[0m[34;1m   1523916[0m[34;1m    332124[0m[34;1m     10.94[0m[34;1m     59884[0m[34;1m   2444712[0m[34;1m   3399224[0m[31;1m    111.96[0m[34;1m    739036[0m[34;1m   2042736[0m[34;1m       124[0m
11:49:48   [34;1m    101908[0m[34;1m   1523920[0m[34;1m    332124[0m[34;1m     10.94[0m[34;1m     59884[0m[34;1m   2444716[0m[34;1m   3399224[0m[31;1m    111.96[0m[34;1m    739036[0m[34;1m   2042784[0m[34;1m        32[0m
11:49:49   [34;1m    101908[0m[34;1m   1523932[0m[34;1m    332096[0m[34;1m     10.94[0m[34;1m     59896[0m[34;1m   2444732[0m[34;1m   3399224[0m[31;1m    111.96[0m[34;1m    739040[0m[34;1m   2042816[0m[34;1m        64[0m
11:49:50   [34;1m    101908[0m[34;1m   1523932[0m[34;1m    332096[0m[34;1m     10.94[0m[34;1m     59896[0m[34;1m   2444732[0m[34;1m   3399224[0m[31;1m    111.96[0m[34;1m    739036[0m[34;1m   2042808[0m[34;1m        64[0m
11:49:51   [34;1m    101908[0m[34;1m   1523948[0m[34;1m    332088[0m[34;1m     10.94[0m[34;1m     59896[0m[34;1m   2444740[0m[34;1m   3399224[0m[31;1m    111.96[0m[34;1m    739048[0m[34;1m   2042856[0m[34;1m        72[0m
11:49:52   [34;1m    101908[0m[34;1m   1523964[0m[34;1m    332080[0m[34;1m     10.94[0m[34;1m     59896[0m[34;1m   2444748[0m[34;1m   3399224[0m[31;1m    111.96[0m[34;1m    739048[0m[34;1m   2042908[0m[34;1m        80[0m
11:49:53   [34;1m    101908[0m[34;1m   1523968[0m[34;1m    331968[0m[34;1m     10.93[0m[34;1m     59896[0m[34;1m   2444760[0m[34;1m   3403560[0m[31;1m    112.11[0m[34;1m    739048[0m[34;1m   2044528[0m[34;1m        92[0m
11:49:54   [34;1m    101152[0m[34;1m   1523212[0m[34;1m    332808[0m[34;1m     10.96[0m[34;1m     59900[0m[34;1m   2444756[0m[34;1m   3403560[0m[31;1m    112.11[0m[34;1m    739048[0m[34;1m   2044808[0m[34;1m        92[0m
11:49:55   [34;1m    100900[0m[34;1m   1522968[0m[34;1m    333024[0m[34;1m     10.97[0m[34;1m     59900[0m[34;1m   2444764[0m[34;1m   3403560[0m[31;1m    112.11[0m[34;1m    739048[0m[34;1m   2044720[0m[34;1m        96[0m
11:49:56   [34;1m    100900[0m[34;1m   1522976[0m[34;1m    333016[0m[34;1m     10.97[0m[34;1m     59900[0m[34;1m   2444772[0m[34;1m   3403560[0m[31;1m    112.11[0m[34;1m    739052[0m[34;1m   2044608[0m[34;1m       104[0m
11:49:57   [34;1m    100900[0m[34;1m   1522976[0m[34;1m    333012[0m[34;1m     10.97[0m[34;1m     59900[0m[34;1m   2444776[0m[34;1m   3399224[0m[31;1m    111.96[0m[34;1m    739052[0m[34;1m   2043196[0m[34;1m         8[0m
11:49:58   [34;1m    100900[0m[34;1m   1522996[0m[34;1m    333040[0m[34;1m     10.97[0m[34;1m     59900[0m[34;1m   2444784[0m[34;1m   3399224[0m[31;1m    111.96[0m[34;1m    739052[0m[34;1m   2043728[0m[34;1m         8[0m
11:49:59   [34;1m    100144[0m[34;1m   1522244[0m[34;1m    333788[0m[34;1m     10.99[0m[34;1m     59912[0m[34;1m   2444780[0m[34;1m   3399224[0m[31;1m    111.96[0m[34;1m    739052[0m[34;1m   2043460[0m[34;1m        16[0m
11:50:00   [34;1m    100144[0m[34;1m   1522248[0m[34;1m    333772[0m[34;1m     10.99[0m[34;1m     59912[0m[34;1m   2444796[0m[34;1m   3399224[0m[31;1m    111.96[0m[34;1m    739052[0m[34;1m   2043448[0m[34;1m        40[0m
11:50:01   [34;1m     99892[0m[34;1m   1522016[0m[34;1m    334016[0m[34;1m     11.00[0m[34;1m     59912[0m[34;1m   2444804[0m[34;1m   3399224[0m[31;1m    111.96[0m[34;1m    739064[0m[34;1m   2043368[0m[34;1m        48[0m
11:50:02   [34;1m     99892[0m[34;1m   1522096[0m[34;1m    333924[0m[34;1m     11.00[0m[34;1m     59912[0m[34;1m   2444888[0m[34;1m   3399224[0m[31;1m    111.96[0m[34;1m    739136[0m[34;1m   2043488[0m[34;1m        64[0m
11:50:03   [34;1m     99892[0m[34;1m   1522164[0m[34;1m    333852[0m[34;1m     11.00[0m[34;1m     59912[0m[34;1m   2444960[0m[34;1m   3399224[0m[31;1m    111.96[0m[34;1m    739192[0m[34;1m   2043292[0m[34;1m        64[0m
11:50:04   [34;1m    110988[0m[34;1m   1528544[0m[34;1m    327520[0m[34;1m     10.79[0m[34;1m     59908[0m[34;1m   2440304[0m[34;1m   3407672[0m[31;1m    112.24[0m[34;1m    738864[0m[34;1m   2039012[0m[34;1m         8[0m
11:50:05   [34;1m    110988[0m[34;1m   1528556[0m[34;1m    327516[0m[34;1m     10.79[0m[34;1m     59908[0m[34;1m   2440316[0m[34;1m   3407672[0m[31;1m    112.24[0m[34;1m    738872[0m[34;1m   2038940[0m[34;1m        44[0m
11:50:06   [34;1m    110988[0m[34;1m   1528580[0m[34;1m    327508[0m[34;1m     10.79[0m[34;1m     59908[0m[34;1m   2440324[0m[34;1m   3407672[0m[31;1m    112.24[0m[34;1m    738884[0m[34;1m   2039264[0m[34;1m        52[0m
11:50:07   [34;1m    110736[0m[34;1m   1528332[0m[34;1m    327752[0m[34;1m     10.80[0m[34;1m     59908[0m[34;1m   2440332[0m[34;1m   3407672[0m[31;1m    112.24[0m[34;1m    738884[0m[34;1m   2039344[0m[34;1m        60[0m
11:50:08   [34;1m    110736[0m[34;1m   1528340[0m[34;1m    327748[0m[34;1m     10.80[0m[34;1m     59908[0m[34;1m   2440336[0m[34;1m   3407672[0m[31;1m    112.24[0m[34;1m    738884[0m[34;1m   2039420[0m[34;1m        64[0m
11:50:09   [34;1m    109224[0m[34;1m   1526836[0m[34;1m    329248[0m[34;1m     10.84[0m[34;1m     59920[0m[34;1m   2440336[0m[34;1m   3407672[0m[31;1m    112.24[0m[34;1m    738892[0m[34;1m   2039688[0m[34;1m         4[0m
11:50:10   [34;1m    109224[0m[34;1m   1526836[0m[34;1m    329236[0m[34;1m     10.84[0m[34;1m     59920[0m[34;1m   2440348[0m[34;1m   3407672[0m[31;1m    112.24[0m[34;1m    738884[0m[34;1m   2039528[0m[34;1m        28[0m
11:50:11   [34;1m    109224[0m[34;1m   1526852[0m[34;1m    329232[0m[34;1m     10.84[0m[34;1m     59920[0m[34;1m   2440352[0m[34;1m   3407672[0m[31;1m    112.24[0m[34;1m    738896[0m[34;1m   2039532[0m[34;1m        32[0m
11:50:12   [34;1m    109224[0m[34;1m   1526852[0m[34;1m    329224[0m[34;1m     10.84[0m[34;1m     59920[0m[34;1m   2440360[0m[34;1m   3407672[0m[31;1m    112.24[0m[34;1m    738896[0m[34;1m   2039632[0m[34;1m        40[0m
11:50:13   [34;1m    107208[0m[34;1m   1524860[0m[34;1m    331208[0m[34;1m     10.91[0m[34;1m     59920[0m[34;1m   2440372[0m[34;1m   3412008[0m[31;1m    112.39[0m[34;1m    738896[0m[34;1m   2041404[0m[34;1m        56[0m
11:50:14   [34;1m    106200[0m[34;1m   1523852[0m[34;1m    332216[0m[34;1m     10.94[0m[34;1m     59928[0m[34;1m   2440364[0m[34;1m   3412008[0m[31;1m    112.39[0m[34;1m    738896[0m[34;1m   2041424[0m[34;1m        56[0m
11:50:15   [34;1m    106200[0m[34;1m   1523852[0m[34;1m    332192[0m[34;1m     10.94[0m[34;1m     59928[0m[34;1m   2440380[0m[34;1m   3412008[0m[31;1m    112.39[0m[34;1m    738896[0m[34;1m   2041260[0m[34;1m        68[0m
11:50:16   [34;1m    106200[0m[34;1m   1523852[0m[34;1m    332188[0m[34;1m     10.94[0m[34;1m     59928[0m[34;1m   2440384[0m[34;1m   3412008[0m[31;1m    112.39[0m[34;1m    738896[0m[34;1m   2041660[0m[34;1m        72[0m
11:50:17   [34;1m    106200[0m[34;1m   1523880[0m[34;1m    332184[0m[34;1m     10.94[0m[34;1m     59928[0m[34;1m   2440396[0m[34;1m   3407672[0m[31;1m    112.24[0m[34;1m    738904[0m[34;1m   2040164[0m[34;1m        84[0m
11:50:18   [34;1m    106200[0m[34;1m   1523884[0m[34;1m    332188[0m[34;1m     10.94[0m[34;1m     59928[0m[34;1m   2440400[0m[34;1m   3407672[0m[31;1m    112.24[0m[34;1m    738904[0m[34;1m   2040336[0m[34;1m        88[0m
11:50:19   [34;1m    106200[0m[34;1m   1523892[0m[34;1m    332184[0m[34;1m     10.94[0m[34;1m     59928[0m[34;1m   2440404[0m[34;1m   3407928[0m[31;1m    112.25[0m[34;1m    738900[0m[34;1m   2040792[0m[34;1m        92[0m
11:50:20   [34;1m    106200[0m[34;1m   1523900[0m[34;1m    332176[0m[34;1m     10.94[0m[34;1m     59936[0m[34;1m   2440404[0m[34;1m   3407928[0m[31;1m    112.25[0m[34;1m    738904[0m[34;1m   2040464[0m[34;1m       100[0m
11:50:21   [34;1m    106200[0m[34;1m   1523916[0m[34;1m    332156[0m[34;1m     10.94[0m[34;1m     59936[0m[34;1m   2440424[0m[34;1m   3407928[0m[31;1m    112.25[0m[34;1m    738908[0m[34;1m   2040416[0m[34;1m       112[0m
11:50:22   [34;1m    106200[0m[34;1m   1523916[0m[34;1m    332156[0m[34;1m     10.94[0m[34;1m     59936[0m[34;1m   2440424[0m[34;1m   3407928[0m[31;1m    112.25[0m[34;1m    738912[0m[34;1m   2040448[0m[34;1m       112[0m
11:50:23   [34;1m    106200[0m[34;1m   1523924[0m[34;1m    332144[0m[34;1m     10.94[0m[34;1m     59936[0m[34;1m   2440436[0m[34;1m   3407928[0m[31;1m    112.25[0m[34;1m    738912[0m[34;1m   2040564[0m[34;1m       124[0m
11:50:24   [34;1m    105192[0m[34;1m   1522916[0m[34;1m    333152[0m[34;1m     10.97[0m[34;1m     59936[0m[34;1m   2440436[0m[34;1m   3407928[0m[31;1m    112.25[0m[34;1m    738912[0m[34;1m   2040764[0m[34;1m       124[0m
11:50:25   [34;1m    105192[0m[34;1m   1522924[0m[34;1m    333144[0m[34;1m     10.97[0m[34;1m     59940[0m[34;1m   2440440[0m[34;1m   3407928[0m[31;1m    112.25[0m[34;1m    738912[0m[34;1m   2040720[0m[34;1m       132[0m
11:50:26   [34;1m    105192[0m[34;1m   1522924[0m[34;1m    333136[0m[34;1m     10.97[0m[34;1m     59940[0m[34;1m   2440448[0m[34;1m   3407928[0m[31;1m    112.25[0m[34;1m    738912[0m[34;1m   2040720[0m[34;1m       136[0m
11:50:27   [34;1m    105192[0m[34;1m   1522924[0m[34;1m    333132[0m[34;1m     10.97[0m[34;1m     59940[0m[34;1m   2440452[0m[34;1m   3407928[0m[31;1m    112.25[0m[34;1m    738912[0m[34;1m   2040620[0m[34;1m       140[0m
11:50:28   [34;1m    105192[0m[34;1m   1522948[0m[34;1m    333128[0m[34;1m     10.97[0m[34;1m     59940[0m[34;1m   2440456[0m[34;1m   3407928[0m[31;1m    112.25[0m[34;1m    738916[0m[34;1m   2040760[0m[34;1m       144[0m
11:50:29   [34;1m    105192[0m[34;1m   1522956[0m[34;1m    333120[0m[34;1m     10.97[0m[34;1m     59940[0m[34;1m   2440464[0m[34;1m   3407928[0m[31;1m    112.25[0m[34;1m    738916[0m[34;1m   2040704[0m[34;1m       152[0m
11:50:30   [34;1m    105192[0m[34;1m   1522956[0m[34;1m    333116[0m[34;1m     10.97[0m[34;1m     59948[0m[34;1m   2440460[0m[34;1m   3407928[0m[31;1m    112.25[0m[34;1m    738956[0m[34;1m   2040740[0m[34;1m       156[0m
11:50:31   [34;1m    105192[0m[34;1m   1522964[0m[34;1m    333100[0m[34;1m     10.97[0m[34;1m     59948[0m[34;1m   2440476[0m[34;1m   3407928[0m[31;1m    112.25[0m[34;1m    738956[0m[34;1m   2040672[0m[34;1m       164[0m
11:50:32   [34;1m    105192[0m[34;1m   1522964[0m[34;1m    333096[0m[34;1m     10.97[0m[34;1m     59948[0m[34;1m   2440480[0m[34;1m   3407928[0m[31;1m    112.25[0m[34;1m    738956[0m[34;1m   2040772[0m[34;1m       168[0m
11:50:33   [34;1m    105192[0m[34;1m   1522968[0m[34;1m    333084[0m[34;1m     10.97[0m[34;1m     59948[0m[34;1m   2440492[0m[34;1m   3412264[0m[31;1m    112.39[0m[34;1m    738956[0m[34;1m   2042340[0m[34;1m       180[0m
11:50:34   [34;1m    104940[0m[34;1m   1522744[0m[34;1m    333328[0m[34;1m     10.98[0m[34;1m     59948[0m[34;1m   2440500[0m[34;1m   3412264[0m[31;1m    112.39[0m[34;1m    738964[0m[34;1m   2042452[0m[34;1m       188[0m
11:50:35   [34;1m    104940[0m[34;1m   1522752[0m[34;1m    333292[0m[34;1m     10.98[0m[34;1m     59952[0m[34;1m   2440500[0m[34;1m   3412264[0m[31;1m    112.39[0m[34;1m    738964[0m[34;1m   2042396[0m[34;1m       192[0m
11:50:36   [34;1m    104940[0m[34;1m   1522752[0m[34;1m    333280[0m[34;1m     10.98[0m[34;1m     59952[0m[34;1m   2440512[0m[34;1m   3412264[0m[31;1m    112.39[0m[34;1m    738964[0m[34;1m   2042396[0m[34;1m       200[0m
11:50:37   [34;1m    104940[0m[34;1m   1522764[0m[34;1m    333256[0m[34;1m     10.98[0m[34;1m     59952[0m[34;1m   2440524[0m[34;1m   3407928[0m[31;1m    112.25[0m[34;1m    738964[0m[34;1m   2041204[0m[34;1m       212[0m
11:50:38   [34;1m    104940[0m[34;1m   1522776[0m[34;1m    333256[0m[34;1m     10.98[0m[34;1m     59952[0m[34;1m   2440524[0m[34;1m   3407928[0m[31;1m    112.25[0m[34;1m    738968[0m[34;1m   2041216[0m[34;1m       212[0m
11:50:39   [34;1m    104940[0m[34;1m   1522788[0m[34;1m    333244[0m[34;1m     10.98[0m[34;1m     59952[0m[34;1m   2440536[0m[34;1m   3407928[0m[31;1m    112.25[0m[34;1m    738972[0m[34;1m   2041328[0m[34;1m       224[0m
11:50:40   [34;1m    104940[0m[34;1m   1522788[0m[34;1m    333240[0m[34;1m     10.98[0m[34;1m     59960[0m[34;1m   2440532[0m[34;1m   3407928[0m[31;1m    112.25[0m[34;1m    738968[0m[34;1m   2040884[0m[34;1m         4[0m
11:50:41   [34;1m    104936[0m[34;1m   1522800[0m[34;1m    333224[0m[34;1m     10.98[0m[34;1m     59960[0m[34;1m   2440552[0m[34;1m   3407928[0m[31;1m    112.25[0m[34;1m    738968[0m[34;1m   2041008[0m[34;1m        40[0m
11:50:42   [34;1m    104936[0m[34;1m   1522808[0m[34;1m    333224[0m[34;1m     10.98[0m[34;1m     59960[0m[34;1m   2440552[0m[34;1m   3407928[0m[31;1m    112.25[0m[34;1m    738976[0m[34;1m   2041420[0m[34;1m        40[0m
11:50:43   [34;1m    104936[0m[34;1m   1522816[0m[34;1m    333216[0m[34;1m     10.98[0m[34;1m     59960[0m[34;1m   2440560[0m[34;1m   3407928[0m[31;1m    112.25[0m[34;1m    738976[0m[34;1m   2041088[0m[34;1m        48[0m
11:50:44   [34;1m    104936[0m[34;1m   1522820[0m[34;1m    333208[0m[34;1m     10.98[0m[34;1m     59960[0m[34;1m   2440568[0m[34;1m   3407928[0m[31;1m    112.25[0m[34;1m    738984[0m[34;1m   2041352[0m[34;1m        56[0m
11:50:45   [34;1m    104936[0m[34;1m   1522828[0m[34;1m    333204[0m[34;1m     10.98[0m[34;1m     59964[0m[34;1m   2440568[0m[34;1m   3407928[0m[31;1m    112.25[0m[34;1m    738976[0m[34;1m   2041036[0m[34;1m        60[0m
11:50:46   [34;1m    104936[0m[34;1m   1522840[0m[34;1m    333188[0m[34;1m     10.97[0m[34;1m     59964[0m[34;1m   2440584[0m[34;1m   3407928[0m[31;1m    112.25[0m[34;1m    738976[0m[34;1m   2041060[0m[34;1m        72[0m
11:50:47   [34;1m    104936[0m[34;1m   1522840[0m[34;1m    333192[0m[34;1m     10.97[0m[34;1m     59964[0m[34;1m   2440588[0m[34;1m   3407928[0m[31;1m    112.25[0m[34;1m    738976[0m[34;1m   2041280[0m[34;1m        76[0m
11:50:48   [34;1m    104936[0m[34;1m   1522852[0m[34;1m    333184[0m[34;1m     10.97[0m[34;1m     59964[0m[34;1m   2440596[0m[34;1m   3407928[0m[31;1m    112.25[0m[34;1m    738980[0m[34;1m   2041256[0m[34;1m        84[0m
11:50:49   [34;1m    104936[0m[34;1m   1522864[0m[34;1m    333176[0m[34;1m     10.97[0m[34;1m     59964[0m[34;1m   2440604[0m[34;1m   3407928[0m[31;1m    112.25[0m[34;1m    738984[0m[34;1m   2041608[0m[34;1m        92[0m
11:50:50   [34;1m    104936[0m[34;1m   1522864[0m[34;1m    333188[0m[34;1m     10.97[0m[34;1m     59968[0m[34;1m   2440604[0m[34;1m   3407928[0m[31;1m    112.25[0m[34;1m    738980[0m[34;1m   2041236[0m[34;1m        96[0m
11:50:51   [34;1m    104936[0m[34;1m   1522872[0m[34;1m    333180[0m[34;1m     10.97[0m[34;1m     59968[0m[34;1m   2440612[0m[34;1m   3407928[0m[31;1m    112.25[0m[34;1m    738980[0m[34;1m   2041324[0m[34;1m       100[0m
11:50:52   [34;1m    104936[0m[34;1m   1522880[0m[34;1m    333176[0m[34;1m     10.97[0m[34;1m     59968[0m[34;1m   2440616[0m[34;1m   3407928[0m[31;1m    112.25[0m[34;1m    738984[0m[34;1m   2041380[0m[34;1m       104[0m
11:50:53   [34;1m    104936[0m[34;1m   1522888[0m[34;1m    333168[0m[34;1m     10.97[0m[34;1m     59968[0m[34;1m   2440624[0m[34;1m   3412264[0m[31;1m    112.39[0m[34;1m    738984[0m[34;1m   2042900[0m[34;1m       116[0m
11:50:54   [34;1m    103424[0m[34;1m   1521376[0m[34;1m    334648[0m[34;1m     11.02[0m[34;1m     59968[0m[34;1m   2440628[0m[34;1m   3412264[0m[31;1m    112.39[0m[34;1m    738988[0m[34;1m   2042836[0m[34;1m       120[0m
11:50:55   [34;1m    103424[0m[34;1m   1521384[0m[34;1m    334640[0m[34;1m     11.02[0m[34;1m     59968[0m[34;1m   2440636[0m[34;1m   3412264[0m[31;1m    112.39[0m[34;1m    738984[0m[34;1m   2042824[0m[34;1m       128[0m
11:50:56   [34;1m    103424[0m[34;1m   1521388[0m[34;1m    334628[0m[34;1m     11.02[0m[34;1m     59972[0m[34;1m   2440644[0m[34;1m   3412264[0m[31;1m    112.39[0m[34;1m    738984[0m[34;1m   2042828[0m[34;1m       140[0m
11:50:57   [34;1m    103424[0m[34;1m   1521388[0m[34;1m    334624[0m[34;1m     11.02[0m[34;1m     59972[0m[34;1m   2440648[0m[34;1m   3407928[0m[31;1m    112.25[0m[34;1m    738984[0m[34;1m   2041428[0m[34;1m       140[0m
11:50:58   [34;1m    103424[0m[34;1m   1521412[0m[34;1m    334632[0m[34;1m     11.02[0m[34;1m     59972[0m[34;1m   2440656[0m[34;1m   3407928[0m[31;1m    112.25[0m[34;1m    738988[0m[34;1m   2041352[0m[34;1m       148[0m
11:50:59   [34;1m    103424[0m[34;1m   1521416[0m[34;1m    334628[0m[34;1m     11.02[0m[34;1m     59972[0m[34;1m   2440660[0m[34;1m   3407928[0m[31;1m    112.25[0m[34;1m    738988[0m[34;1m   2041412[0m[34;1m       152[0m
11:51:00   [34;1m    103424[0m[34;1m   1521416[0m[34;1m    334616[0m[34;1m     11.02[0m[34;1m     59972[0m[34;1m   2440668[0m[34;1m   3407928[0m[31;1m    112.25[0m[34;1m    738988[0m[34;1m   2041464[0m[34;1m       160[0m
11:51:01   [34;1m    103424[0m[34;1m   1521420[0m[34;1m    334612[0m[34;1m     11.02[0m[34;1m     59980[0m[34;1m   2440664[0m[34;1m   3407928[0m[31;1m    112.25[0m[34;1m    738988[0m[34;1m   2041524[0m[34;1m       164[0m
11:51:02   [34;1m    103424[0m[34;1m   1521440[0m[34;1m    334596[0m[34;1m     11.02[0m[34;1m     59980[0m[34;1m   2440676[0m[34;1m   3407928[0m[31;1m    112.25[0m[34;1m    738996[0m[34;1m   2041588[0m[34;1m       168[0m
11:51:03   [34;1m    103424[0m[34;1m   1521444[0m[34;1m    334584[0m[34;1m     11.02[0m[34;1m     59980[0m[34;1m   2440684[0m[34;1m   3407928[0m[31;1m    112.25[0m[34;1m    738996[0m[34;1m   2041508[0m[34;1m       176[0m
11:51:04   [34;1m    103424[0m[34;1m   1521456[0m[34;1m    334580[0m[34;1m     11.02[0m[34;1m     59980[0m[34;1m   2440696[0m[34;1m   3407928[0m[31;1m    112.25[0m[34;1m    738996[0m[34;1m   2041704[0m[34;1m       188[0m
11:51:05   [34;1m    103424[0m[34;1m   1521460[0m[34;1m    334584[0m[34;1m     11.02[0m[34;1m     59980[0m[34;1m   2440696[0m[34;1m   3407928[0m[31;1m    112.25[0m[34;1m    738996[0m[34;1m   2041628[0m[34;1m       188[0m
11:51:06   [34;1m    103424[0m[34;1m   1521460[0m[34;1m    334576[0m[34;1m     11.02[0m[34;1m     59988[0m[34;1m   2440696[0m[34;1m   3407928[0m[31;1m    112.25[0m[34;1m    738996[0m[34;1m   2041628[0m[34;1m       196[0m
11:51:07   [34;1m    103424[0m[34;1m   1521484[0m[34;1m    334560[0m[34;1m     11.02[0m[34;1m     59988[0m[34;1m   2440712[0m[34;1m   3407928[0m[31;1m    112.25[0m[34;1m    739004[0m[34;1m   2041880[0m[34;1m       204[0m
11:51:08   [34;1m    103424[0m[34;1m   1521492[0m[34;1m    334548[0m[34;1m     11.02[0m[34;1m     59988[0m[34;1m   2440724[0m[34;1m   3407928[0m[31;1m    112.25[0m[34;1m    739004[0m[34;1m   2041964[0m[34;1m       216[0m
11:51:09   [34;1m    103424[0m[34;1m   1521496[0m[34;1m    334540[0m[34;1m     11.02[0m[34;1m     59988[0m[34;1m   2440732[0m[34;1m   3407928[0m[31;1m    112.25[0m[34;1m    739004[0m[34;1m   2042424[0m[34;1m       224[0m
11:51:10   [34;1m    103424[0m[34;1m   1521508[0m[34;1m    334528[0m[34;1m     11.02[0m[34;1m     59988[0m[34;1m   2440744[0m[34;1m   3407928[0m[31;1m    112.25[0m[34;1m    739004[0m[34;1m   2042096[0m[34;1m        40[0m
11:51:11   [34;1m    103424[0m[34;1m   1521520[0m[34;1m    334520[0m[34;1m     11.02[0m[34;1m     60000[0m[34;1m   2440740[0m[34;1m   3407928[0m[31;1m    112.25[0m[34;1m    739004[0m[34;1m   2041912[0m[34;1m        20[0m
11:51:12   [34;1m    103424[0m[34;1m   1521520[0m[34;1m    334508[0m[34;1m     11.02[0m[34;1m     60000[0m[34;1m   2440752[0m[34;1m   3407928[0m[31;1m    112.25[0m[34;1m    739004[0m[34;1m   2041912[0m[34;1m        40[0m
11:51:13   [34;1m    103424[0m[34;1m   1521520[0m[34;1m    334400[0m[34;1m     11.01[0m[34;1m     60000[0m[34;1m   2440760[0m[34;1m   3412264[0m[31;1m    112.39[0m[34;1m    739004[0m[34;1m   2043412[0m[34;1m        48[0m
11:51:14   [34;1m    103424[0m[34;1m   1521544[0m[34;1m    334448[0m[34;1m     11.02[0m[34;1m     60000[0m[34;1m   2440768[0m[34;1m   3412264[0m[31;1m    112.39[0m[34;1m    739016[0m[34;1m   2043600[0m[34;1m        56[0m
11:51:15   [34;1m    103424[0m[34;1m   1521552[0m[34;1m    334444[0m[34;1m     11.02[0m[34;1m     60000[0m[34;1m   2440772[0m[34;1m   3412264[0m[31;1m    112.39[0m[34;1m    739016[0m[34;1m   2043548[0m[34;1m        60[0m
11:51:16   [34;1m    103424[0m[34;1m   1521556[0m[34;1m    334440[0m[34;1m     11.02[0m[34;1m     60004[0m[34;1m   2440772[0m[34;1m   3412264[0m[31;1m    112.39[0m[34;1m    739016[0m[34;1m   2043524[0m[34;1m        64[0m
11:51:17   [34;1m    103424[0m[34;1m   1521556[0m[34;1m    334432[0m[34;1m     11.02[0m[34;1m     60004[0m[34;1m   2440780[0m[34;1m   3407928[0m[31;1m    112.25[0m[34;1m    739016[0m[34;1m   2042224[0m[34;1m        72[0m
11:51:18   [34;1m    103424[0m[34;1m   1521572[0m[34;1m    334440[0m[34;1m     11.02[0m[34;1m     60004[0m[34;1m   2440788[0m[34;1m   3407928[0m[31;1m    112.25[0m[34;1m    739020[0m[34;1m   2042324[0m[34;1m        80[0m
11:51:19   [34;1m    103424[0m[34;1m   1521580[0m[34;1m    334436[0m[34;1m     11.02[0m[34;1m     60004[0m[34;1m   2440792[0m[34;1m   3407928[0m[31;1m    112.25[0m[34;1m    739020[0m[34;1m   2042060[0m[34;1m        84[0m
11:51:20   [34;1m    103424[0m[34;1m   1521584[0m[34;1m    334428[0m[34;1m     11.02[0m[34;1m     60004[0m[34;1m   2440800[0m[34;1m   3407928[0m[31;1m    112.25[0m[34;1m    739020[0m[34;1m   2041984[0m[34;1m        92[0m
11:51:21   [34;1m    103172[0m[34;1m   1521348[0m[34;1m    334664[0m[34;1m     11.02[0m[34;1m     60012[0m[34;1m   2440812[0m[34;1m   3407928[0m[31;1m    112.25[0m[34;1m    739020[0m[34;1m   2042028[0m[34;1m       104[0m
11:51:22   [34;1m    103172[0m[34;1m   1521348[0m[34;1m    334660[0m[34;1m     11.02[0m[34;1m     60012[0m[34;1m   2440816[0m[34;1m   3407928[0m[31;1m    112.25[0m[34;1m    739020[0m[34;1m   2042028[0m[34;1m       108[0m
11:51:23   [34;1m    103172[0m[34;1m   1521348[0m[34;1m    334660[0m[34;1m     11.02[0m[34;1m     60012[0m[34;1m   2440816[0m[34;1m   3407928[0m[31;1m    112.25[0m[34;1m    739020[0m[34;1m   2042328[0m[34;1m       108[0m
11:51:24   [34;1m    103172[0m[34;1m   1521364[0m[34;1m    334656[0m[34;1m     11.02[0m[34;1m     60012[0m[34;1m   2440820[0m[34;1m   3407928[0m[31;1m    112.25[0m[34;1m    739024[0m[34;1m   2041872[0m[34;1m       112[0m
11:51:25   [34;1m    103172[0m[34;1m   1521368[0m[34;1m    334652[0m[34;1m     11.02[0m[34;1m     60012[0m[34;1m   2440824[0m[34;1m   3407928[0m[31;1m    112.25[0m[34;1m    739028[0m[34;1m   2041688[0m[34;1m       116[0m
11:51:26   [34;1m    103172[0m[34;1m   1521376[0m[34;1m    334644[0m[34;1m     11.02[0m[34;1m     60016[0m[34;1m   2440828[0m[34;1m   3407928[0m[31;1m    112.25[0m[34;1m    739028[0m[34;1m   2041604[0m[34;1m       124[0m
11:51:27   [34;1m    103172[0m[34;1m   1521388[0m[34;1m    334628[0m[34;1m     11.02[0m[34;1m     60016[0m[34;1m   2440844[0m[34;1m   3407928[0m[31;1m    112.25[0m[34;1m    739028[0m[34;1m   2041664[0m[34;1m       140[0m
11:51:28   [34;1m    103172[0m[34;1m   1521392[0m[34;1m    334628[0m[34;1m     11.02[0m[34;1m     60016[0m[34;1m   2440844[0m[34;1m   3407928[0m[31;1m    112.25[0m[34;1m    739032[0m[34;1m   2041720[0m[34;1m       140[0m
11:51:29   [34;1m    103172[0m[34;1m   1521404[0m[34;1m    334612[0m[34;1m     11.02[0m[34;1m     60016[0m[34;1m   2440860[0m[34;1m   3407928[0m[31;1m    112.25[0m[34;1m    739032[0m[34;1m   2041776[0m[34;1m       156[0m
11:51:30   [34;1m    103172[0m[34;1m   1521404[0m[34;1m    334612[0m[34;1m     11.02[0m[34;1m     60016[0m[34;1m   2440860[0m[34;1m   3407928[0m[31;1m    112.25[0m[34;1m    739032[0m[34;1m   2041776[0m[34;1m       156[0m
11:51:31   [34;1m    103172[0m[34;1m   1521408[0m[34;1m    334604[0m[34;1m     11.02[0m[34;1m     60024[0m[34;1m   2440860[0m[34;1m   3407928[0m[31;1m    112.25[0m[34;1m    739032[0m[34;1m   2041728[0m[34;1m       164[0m
11:51:32   [34;1m    103172[0m[34;1m   1521412[0m[34;1m    334592[0m[34;1m     11.02[0m[34;1m     60024[0m[34;1m   2440872[0m[34;1m   3407928[0m[31;1m    112.25[0m[34;1m    739032[0m[34;1m   2041784[0m[34;1m       168[0m
11:51:33   [34;1m    103172[0m[34;1m   1521412[0m[34;1m    334568[0m[34;1m     11.02[0m[34;1m     60024[0m[34;1m   2440880[0m[34;1m   3412264[0m[31;1m    112.39[0m[34;1m    739032[0m[34;1m   2043420[0m[34;1m       180[0m
11:51:34   [34;1m    103172[0m[34;1m   1521432[0m[34;1m    334568[0m[34;1m     11.02[0m[34;1m     60024[0m[34;1m   2440880[0m[34;1m   3412264[0m[31;1m    112.39[0m[34;1m    739040[0m[34;1m   2043672[0m[34;1m       180[0m
11:51:35   [34;1m    103172[0m[34;1m   1521440[0m[34;1m    334552[0m[34;1m     11.02[0m[34;1m     60024[0m[34;1m   2440888[0m[34;1m   3412264[0m[31;1m    112.39[0m[34;1m    739040[0m[34;1m   2043272[0m[34;1m       188[0m
11:51:36   [34;1m    103172[0m[34;1m   1521440[0m[34;1m    334548[0m[34;1m     11.02[0m[34;1m     60024[0m[34;1m   2440892[0m[34;1m   3412264[0m[31;1m    112.39[0m[34;1m    739040[0m[34;1m   2043272[0m[34;1m       192[0m
11:51:37   [34;1m    103172[0m[34;1m   1521468[0m[34;1m    334548[0m[34;1m     11.02[0m[34;1m     60032[0m[34;1m   2440904[0m[34;1m   3407928[0m[31;1m    112.25[0m[34;1m    739048[0m[34;1m   2042148[0m[34;1m       204[0m
11:51:38   [34;1m    103172[0m[34;1m   1521468[0m[34;1m    334548[0m[34;1m     11.02[0m[34;1m     60032[0m[34;1m   2440904[0m[34;1m   3407928[0m[31;1m    112.25[0m[34;1m    739048[0m[34;1m   2042048[0m[34;1m       204[0m
11:51:39   [34;1m    103172[0m[34;1m   1521468[0m[34;1m    334556[0m[34;1m     11.02[0m[34;1m     60032[0m[34;1m   2440912[0m[34;1m   3407928[0m[31;1m    112.25[0m[34;1m    739040[0m[34;1m   2042184[0m[34;1m       212[0m
11:51:40   [34;1m    103172[0m[34;1m   1521480[0m[34;1m    334552[0m[34;1m     11.02[0m[34;1m     60032[0m[34;1m   2440916[0m[34;1m   3407928[0m[31;1m    112.25[0m[34;1m    739048[0m[34;1m   2042188[0m[34;1m       216[0m
11:51:41   [34;1m    103172[0m[34;1m   1521484[0m[34;1m    334544[0m[34;1m     11.02[0m[34;1m     60032[0m[34;1m   2440924[0m[34;1m   3407928[0m[31;1m    112.25[0m[34;1m    739048[0m[34;1m   2042244[0m[34;1m        44[0m
11:51:42   [34;1m    102948[0m[34;1m   1521260[0m[34;1m    334764[0m[34;1m     11.03[0m[34;1m     60044[0m[34;1m   2440916[0m[34;1m   3407928[0m[31;1m    112.25[0m[34;1m    739048[0m[34;1m   2042444[0m[34;1m        48[0m
11:51:43   [34;1m    102948[0m[34;1m   1521280[0m[34;1m    334748[0m[34;1m     11.03[0m[34;1m     60044[0m[34;1m   2440932[0m[34;1m   3407928[0m[31;1m    112.25[0m[34;1m    739060[0m[34;1m   2042472[0m[34;1m        52[0m
11:51:44   [34;1m    102948[0m[34;1m   1521280[0m[34;1m    334744[0m[34;1m     11.03[0m[34;1m     60044[0m[34;1m   2440936[0m[34;1m   3407928[0m[31;1m    112.25[0m[34;1m    739060[0m[34;1m   2042872[0m[34;1m        56[0m
11:51:45   [34;1m    102948[0m[34;1m   1521296[0m[34;1m    334728[0m[34;1m     11.03[0m[34;1m     60044[0m[34;1m   2440952[0m[34;1m   3407928[0m[31;1m    112.25[0m[34;1m    739060[0m[34;1m   2042524[0m[34;1m        72[0m
11:51:46   [34;1m    102948[0m[34;1m   1521296[0m[34;1m    334728[0m[34;1m     11.03[0m[34;1m     60044[0m[34;1m   2440952[0m[34;1m   3407928[0m[31;1m    112.25[0m[34;1m    739060[0m[34;1m   2042524[0m[34;1m        72[0m
11:51:47   [34;1m    102948[0m[34;1m   1521300[0m[34;1m    334716[0m[34;1m     11.02[0m[34;1m     60052[0m[34;1m   2440952[0m[34;1m   3407928[0m[31;1m    112.25[0m[34;1m    739060[0m[34;1m   2042688[0m[34;1m        44[0m
11:51:48   [34;1m    102948[0m[34;1m   1521324[0m[34;1m    334704[0m[34;1m     11.02[0m[34;1m     60052[0m[34;1m   2440964[0m[34;1m   3407928[0m[31;1m    112.25[0m[34;1m    739068[0m[34;1m   2042360[0m[34;1m        56[0m
11:51:49   [34;1m    102948[0m[34;1m   1521328[0m[34;1m    334692[0m[34;1m     11.02[0m[34;1m     60052[0m[34;1m   2440972[0m[34;1m   3407928[0m[31;1m    112.25[0m[34;1m    739072[0m[34;1m   2042000[0m[34;1m        64[0m
11:51:50   [34;1m    102948[0m[34;1m   1521332[0m[34;1m    334688[0m[34;1m     11.02[0m[34;1m     60052[0m[34;1m   2440976[0m[34;1m   3407928[0m[31;1m    112.25[0m[34;1m    739068[0m[34;1m   2041816[0m[34;1m        68[0m
11:51:51   [34;1m    102948[0m[34;1m   1521336[0m[34;1m    334680[0m[34;1m     11.02[0m[34;1m     60052[0m[34;1m   2440984[0m[34;1m   3407928[0m[31;1m    112.25[0m[34;1m    739068[0m[34;1m   2041856[0m[34;1m        76[0m
11:51:52   [34;1m    102948[0m[34;1m   1521348[0m[34;1m    334676[0m[34;1m     11.02[0m[34;1m     60052[0m[34;1m   2440988[0m[34;1m   3407928[0m[31;1m    112.25[0m[34;1m    739068[0m[34;1m   2042316[0m[34;1m        80[0m
11:51:53   [34;1m    102948[0m[34;1m   1521360[0m[34;1m    334632[0m[34;1m     11.02[0m[34;1m     60052[0m[34;1m   2441000[0m[34;1m   3412264[0m[31;1m    112.39[0m[34;1m    739068[0m[34;1m   2043384[0m[34;1m        92[0m
11:51:54   [34;1m    102948[0m[34;1m   1521360[0m[34;1m    334632[0m[34;1m     11.02[0m[34;1m     60052[0m[34;1m   2441000[0m[34;1m   3412264[0m[31;1m    112.39[0m[34;1m    739068[0m[34;1m   2043484[0m[34;1m        92[0m
11:51:55   [34;1m    102948[0m[34;1m   1521364[0m[34;1m    334620[0m[34;1m     11.02[0m[34;1m     60052[0m[34;1m   2441012[0m[34;1m   3412264[0m[31;1m    112.39[0m[34;1m    739068[0m[34;1m   2043272[0m[34;1m       104[0m
11:51:56   [34;1m    102948[0m[34;1m   1521364[0m[34;1m    334620[0m[34;1m     11.02[0m[34;1m     60052[0m[34;1m   2441012[0m[34;1m   3412264[0m[31;1m    112.39[0m[34;1m    739068[0m[34;1m   2043472[0m[34;1m       104[0m
11:51:57   [34;1m    102948[0m[34;1m   1521380[0m[34;1m    334612[0m[34;1m     11.02[0m[34;1m     60056[0m[34;1m   2441016[0m[34;1m   3407928[0m[31;1m    112.25[0m[34;1m    739068[0m[34;1m   2041772[0m[34;1m       112[0m
11:51:58   [34;1m    102948[0m[34;1m   1521388[0m[34;1m    334624[0m[34;1m     11.02[0m[34;1m     60056[0m[34;1m   2441024[0m[34;1m   3407928[0m[31;1m    112.25[0m[34;1m    739072[0m[34;1m   2041732[0m[34;1m       116[0m
11:51:59   [34;1m    102948[0m[34;1m   1521396[0m[34;1m    334612[0m[34;1m     11.02[0m[34;1m     60056[0m[34;1m   2441036[0m[34;1m   3407928[0m[31;1m    112.25[0m[34;1m    739080[0m[34;1m   2041808[0m[34;1m       128[0m
11:52:00   [34;1m    102948[0m[34;1m   1521396[0m[34;1m    334612[0m[34;1m     11.02[0m[34;1m     60056[0m[34;1m   2441036[0m[34;1m   3407928[0m[31;1m    112.25[0m[34;1m    739072[0m[34;1m   2041888[0m[34;1m       128[0m
11:52:01   [34;1m    102948[0m[34;1m   1521412[0m[34;1m    334596[0m[34;1m     11.02[0m[34;1m     60056[0m[34;1m   2441052[0m[34;1m   3407928[0m[31;1m    112.25[0m[34;1m    739072[0m[34;1m   2041908[0m[34;1m       144[0m
11:52:02   [34;1m    102948[0m[34;1m   1521412[0m[34;1m    334596[0m[34;1m     11.02[0m[34;1m     60064[0m[34;1m   2441044[0m[34;1m   3407928[0m[31;1m    112.25[0m[34;1m    739072[0m[34;1m   2042408[0m[34;1m       144[0m
11:52:03   [34;1m    102948[0m[34;1m   1521432[0m[34;1m    334580[0m[34;1m     11.02[0m[34;1m     60064[0m[34;1m   2441060[0m[34;1m   3407928[0m[31;1m    112.25[0m[34;1m    739080[0m[34;1m   2042024[0m[34;1m       152[0m
11:52:04   [34;1m    102444[0m[34;1m   1520928[0m[34;1m    335080[0m[34;1m     11.04[0m[34;1m     60064[0m[34;1m   2441064[0m[34;1m   3407928[0m[31;1m    112.25[0m[34;1m    739080[0m[34;1m   2042124[0m[34;1m       156[0m
11:52:05   [34;1m    102444[0m[34;1m   1520936[0m[34;1m    335068[0m[34;1m     11.04[0m[34;1m     60064[0m[34;1m   2441080[0m[34;1m   3407928[0m[31;1m    112.25[0m[34;1m    739080[0m[34;1m   2042072[0m[34;1m       172[0m
11:52:06   [34;1m    102444[0m[34;1m   1520936[0m[34;1m    335068[0m[34;1m     11.04[0m[34;1m     60064[0m[34;1m   2441080[0m[34;1m   3407928[0m[31;1m    112.25[0m[34;1m    739080[0m[34;1m   2042072[0m[34;1m       172[0m
11:52:07   [34;1m    102192[0m[34;1m   1520704[0m[34;1m    335312[0m[34;1m     11.04[0m[34;1m     60072[0m[34;1m   2441080[0m[34;1m   3407928[0m[31;1m    112.25[0m[34;1m    739080[0m[34;1m   2042824[0m[34;1m       176[0m
11:52:08   [34;1m    102192[0m[34;1m   1520716[0m[34;1m    335308[0m[34;1m     11.04[0m[34;1m     60072[0m[34;1m   2441092[0m[34;1m   3407928[0m[31;1m    112.25[0m[34;1m    739088[0m[34;1m   2042396[0m[34;1m       180[0m
11:52:09   [34;1m    101940[0m[34;1m   1520476[0m[34;1m    335544[0m[34;1m     11.05[0m[34;1m     60072[0m[34;1m   2441108[0m[34;1m   3407928[0m[31;1m    112.25[0m[34;1m    739088[0m[34;1m   2042468[0m[34;1m       196[0m
11:52:10   [34;1m    101940[0m[34;1m   1520476[0m[34;1m    335544[0m[34;1m     11.05[0m[34;1m     60072[0m[34;1m   2441108[0m[34;1m   3407928[0m[31;1m    112.25[0m[34;1m    739088[0m[34;1m   2042468[0m[34;1m       196[0m
11:52:11   [34;1m    101940[0m[34;1m   1520488[0m[34;1m    335532[0m[34;1m     11.05[0m[34;1m     60072[0m[34;1m   2441120[0m[34;1m   3407928[0m[31;1m    112.25[0m[34;1m    739088[0m[34;1m   2042588[0m[34;1m       208[0m
11:52:12   [34;1m    101940[0m[34;1m   1520492[0m[34;1m    335508[0m[34;1m     11.05[0m[34;1m     60084[0m[34;1m   2441132[0m[34;1m   3407928[0m[31;1m    112.25[0m[34;1m    739088[0m[34;1m   2042736[0m[34;1m        44[0m
11:52:13   [34;1m    101940[0m[34;1m   1520492[0m[34;1m    335488[0m[34;1m     11.05[0m[34;1m     60084[0m[34;1m   2441136[0m[34;1m   3412264[0m[31;1m    112.39[0m[34;1m    739088[0m[34;1m   2044168[0m[34;1m        48[0m
11:52:14   [34;1m    101940[0m[34;1m   1520516[0m[34;1m    335484[0m[34;1m     11.05[0m[34;1m     60084[0m[34;1m   2441140[0m[34;1m   3412264[0m[31;1m    112.39[0m[34;1m    739100[0m[34;1m   2044176[0m[34;1m        52[0m
11:52:15   [34;1m    101940[0m[34;1m   1520524[0m[34;1m    335472[0m[34;1m     11.05[0m[34;1m     60084[0m[34;1m   2441148[0m[34;1m   3412264[0m[31;1m    112.39[0m[34;1m    739100[0m[34;1m   2044272[0m[34;1m        60[0m
11:52:16   [34;1m    101940[0m[34;1m   1520524[0m[34;1m    335464[0m[34;1m     11.05[0m[34;1m     60084[0m[34;1m   2441156[0m[34;1m   3412264[0m[31;1m    112.39[0m[34;1m    739100[0m[34;1m   2044272[0m[34;1m        68[0m
11:52:17   [34;1m    101940[0m[34;1m   1520544[0m[34;1m    335460[0m[34;1m     11.05[0m[34;1m     60088[0m[34;1m   2441168[0m[34;1m   3407928[0m[31;1m    112.25[0m[34;1m    739100[0m[34;1m   2043032[0m[34;1m        64[0m
11:52:18   [34;1m    101940[0m[34;1m   1520544[0m[34;1m    335460[0m[34;1m     11.05[0m[34;1m     60088[0m[34;1m   2441168[0m[34;1m   3407928[0m[31;1m    112.25[0m[34;1m    739100[0m[34;1m   2043332[0m[34;1m        64[0m
11:52:19   [34;1m    101940[0m[34;1m   1520564[0m[34;1m    335452[0m[34;1m     11.05[0m[34;1m     60088[0m[34;1m   2441176[0m[34;1m   3407928[0m[31;1m    112.25[0m[34;1m    739112[0m[34;1m   2043048[0m[34;1m        72[0m
11:52:20   [34;1m    101940[0m[34;1m   1520564[0m[34;1m    335444[0m[34;1m     11.05[0m[34;1m     60088[0m[34;1m   2441184[0m[34;1m   3407928[0m[31;1m    112.25[0m[34;1m    739104[0m[34;1m   2042884[0m[34;1m        80[0m
11:52:21   [34;1m     99672[0m[34;1m   1518300[0m[34;1m    337712[0m[34;1m     11.12[0m[34;1m     60088[0m[34;1m   2441184[0m[34;1m   3407928[0m[31;1m    112.25[0m[34;1m    739108[0m[34;1m   2042964[0m[34;1m        80[0m
11:52:22   [34;1m     99672[0m[34;1m   1518308[0m[34;1m    337704[0m[34;1m     11.12[0m[34;1m     60096[0m[34;1m   2441184[0m[34;1m   3407928[0m[31;1m    112.25[0m[34;1m    739104[0m[34;1m   2042916[0m[34;1m        88[0m
11:52:23   [34;1m     99672[0m[34;1m   1518312[0m[34;1m    337684[0m[34;1m     11.12[0m[34;1m     60096[0m[34;1m   2441208[0m[34;1m   3407928[0m[31;1m    112.25[0m[34;1m    739104[0m[34;1m   2042976[0m[34;1m       104[0m
11:52:24   [34;1m    111780[0m[34;1m   1525720[0m[34;1m    330276[0m[34;1m     10.88[0m[34;1m     60080[0m[34;1m   2436524[0m[34;1m   3407928[0m[31;1m    112.25[0m[34;1m    739204[0m[34;1m   2038332[0m[34;1m       104[0m
11:52:25   [34;1m    111124[0m[34;1m   1525044[0m[34;1m    331004[0m[34;1m     10.90[0m[34;1m     60080[0m[34;1m   2436536[0m[34;1m   3407928[0m[31;1m    112.25[0m[34;1m    739300[0m[34;1m   2038216[0m[34;1m       116[0m
11:52:26   [34;1m    111124[0m[34;1m   1525044[0m[34;1m    331004[0m[34;1m     10.90[0m[34;1m     60080[0m[34;1m   2436536[0m[34;1m   3407928[0m[31;1m    112.25[0m[34;1m    739300[0m[34;1m   2038216[0m[34;1m       116[0m
11:52:27   [34;1m    110876[0m[34;1m   1524804[0m[34;1m    331236[0m[34;1m     10.91[0m[34;1m     60084[0m[34;1m   2436548[0m[34;1m   3407928[0m[31;1m    112.25[0m[34;1m    739300[0m[34;1m   2038276[0m[34;1m       128[0m
11:52:28   [34;1m    110624[0m[34;1m   1524576[0m[34;1m    331476[0m[34;1m     10.92[0m[34;1m     60084[0m[34;1m   2436556[0m[34;1m   3407928[0m[31;1m    112.25[0m[34;1m    739304[0m[34;1m   2038452[0m[34;1m       136[0m
11:52:29   [34;1m    109868[0m[34;1m   1523824[0m[34;1m    332228[0m[34;1m     10.94[0m[34;1m     60084[0m[34;1m   2436560[0m[34;1m   3407928[0m[31;1m    112.25[0m[34;1m    739296[0m[34;1m   2038408[0m[34;1m       140[0m
11:52:30   [34;1m    109868[0m[34;1m   1523824[0m[34;1m    332228[0m[34;1m     10.94[0m[34;1m     60084[0m[34;1m   2436560[0m[34;1m   3407928[0m[31;1m    112.25[0m[34;1m    739304[0m[34;1m   2038504[0m[34;1m       140[0m
11:52:31   [34;1m    109868[0m[34;1m   1523832[0m[34;1m    332224[0m[34;1m     10.94[0m[34;1m     60084[0m[34;1m   2436568[0m[34;1m   3407928[0m[31;1m    112.25[0m[34;1m    739304[0m[34;1m   2038440[0m[34;1m       148[0m
11:52:32   [34;1m    109868[0m[34;1m   1523832[0m[34;1m    332216[0m[34;1m     10.94[0m[34;1m     60092[0m[34;1m   2436568[0m[34;1m   3407928[0m[31;1m    112.25[0m[34;1m    739304[0m[34;1m   2038440[0m[34;1m       156[0m
11:52:33   [34;1m    109364[0m[34;1m   1523348[0m[34;1m    332696[0m[34;1m     10.96[0m[34;1m     60092[0m[34;1m   2436588[0m[34;1m   3412264[0m[31;1m    112.39[0m[34;1m    739312[0m[34;1m   2040108[0m[34;1m       168[0m
11:52:34   [34;1m    108356[0m[34;1m   1522340[0m[34;1m    333704[0m[34;1m     10.99[0m[34;1m     60092[0m[34;1m   2436588[0m[34;1m   3412264[0m[31;1m    112.39[0m[34;1m    739312[0m[34;1m   2040208[0m[34;1m       168[0m
11:52:35   [34;1m    108356[0m[34;1m   1522352[0m[34;1m    333688[0m[34;1m     10.99[0m[34;1m     60092[0m[34;1m   2436596[0m[34;1m   3412264[0m[31;1m    112.39[0m[34;1m    739312[0m[34;1m   2040228[0m[34;1m       176[0m
11:52:36   [34;1m    108356[0m[34;1m   1522352[0m[34;1m    333684[0m[34;1m     10.99[0m[34;1m     60092[0m[34;1m   2436608[0m[34;1m   3412264[0m[31;1m    112.39[0m[34;1m    739312[0m[34;1m   2040228[0m[34;1m       188[0m
11:52:37   [34;1m    108356[0m[34;1m   1522356[0m[34;1m    333688[0m[34;1m     10.99[0m[34;1m     60092[0m[34;1m   2436608[0m[34;1m   3407928[0m[31;1m    112.25[0m[34;1m    739312[0m[34;1m   2038904[0m[34;1m       188[0m
11:52:38   [34;1m    108356[0m[34;1m   1522376[0m[34;1m    333692[0m[34;1m     10.99[0m[34;1m     60096[0m[34;1m   2436612[0m[34;1m   3407928[0m[31;1m    112.25[0m[34;1m    739312[0m[34;1m   2038940[0m[34;1m       196[0m
11:52:39   [34;1m    108104[0m[34;1m   1522140[0m[34;1m    333924[0m[34;1m     11.00[0m[34;1m     60096[0m[34;1m   2436628[0m[34;1m   3407928[0m[31;1m    112.25[0m[34;1m    739316[0m[34;1m   2038868[0m[34;1m       208[0m
11:52:40   [34;1m    108104[0m[34;1m   1522140[0m[34;1m    333924[0m[34;1m     11.00[0m[34;1m     60096[0m[34;1m   2436628[0m[34;1m   3407928[0m[31;1m    112.25[0m[34;1m    739316[0m[34;1m   2038812[0m[34;1m       208[0m
11:52:41   [34;1m    108104[0m[34;1m   1522144[0m[34;1m    333912[0m[34;1m     11.00[0m[34;1m     60096[0m[34;1m   2436640[0m[34;1m   3407928[0m[31;1m    112.25[0m[34;1m    739316[0m[34;1m   2038632[0m[34;1m       220[0m
11:52:42   [34;1m    108104[0m[34;1m   1522144[0m[34;1m    333912[0m[34;1m     11.00[0m[34;1m     60096[0m[34;1m   2436640[0m[34;1m   3407928[0m[31;1m    112.25[0m[34;1m    739316[0m[34;1m   2038532[0m[34;1m        20[0m
11:52:43   [34;1m    108104[0m[34;1m   1522148[0m[34;1m    333904[0m[34;1m     11.00[0m[34;1m     60104[0m[34;1m   2436640[0m[34;1m   3407928[0m[31;1m    112.25[0m[34;1m    739316[0m[34;1m   2038448[0m[34;1m        24[0m
11:52:44   [34;1m    108104[0m[34;1m   1522176[0m[34;1m    333884[0m[34;1m     11.00[0m[34;1m     60104[0m[34;1m   2436660[0m[34;1m   3407928[0m[31;1m    112.25[0m[34;1m    739324[0m[34;1m   2038524[0m[34;1m        52[0m
11:52:45   [34;1m    108104[0m[34;1m   1522180[0m[34;1m    333880[0m[34;1m     11.00[0m[34;1m     60104[0m[34;1m   2436664[0m[34;1m   3407928[0m[31;1m    112.25[0m[34;1m    739324[0m[34;1m   2038400[0m[34;1m        56[0m
11:52:46   [34;1m    108104[0m[34;1m   1522180[0m[34;1m    333876[0m[34;1m     11.00[0m[34;1m     60104[0m[34;1m   2436668[0m[34;1m   3407928[0m[31;1m    112.25[0m[34;1m    739324[0m[34;1m   2038400[0m[34;1m        60[0m
11:52:47   [34;1m    108104[0m[34;1m   1522180[0m[34;1m    333868[0m[34;1m     11.00[0m[34;1m     60104[0m[34;1m   2436676[0m[34;1m   3407928[0m[31;1m    112.25[0m[34;1m    739324[0m[34;1m   2038400[0m[34;1m        68[0m
11:52:48   [34;1m    108104[0m[34;1m   1522192[0m[34;1m    333860[0m[34;1m     11.00[0m[34;1m     60108[0m[34;1m   2436680[0m[34;1m   3407928[0m[31;1m    112.25[0m[34;1m    739324[0m[34;1m   2038460[0m[34;1m        44[0m
11:52:49   [34;1m    107348[0m[34;1m   1521460[0m[34;1m    334600[0m[34;1m     11.02[0m[34;1m     60108[0m[34;1m   2436696[0m[34;1m   3407928[0m[31;1m    112.25[0m[34;1m    739328[0m[34;1m   2038216[0m[34;1m        76[0m
11:52:50   [34;1m    107348[0m[34;1m   1521460[0m[34;1m    334600[0m[34;1m     11.02[0m[34;1m     60108[0m[34;1m   2436696[0m[34;1m   3407928[0m[31;1m    112.25[0m[34;1m    739328[0m[34;1m   2038216[0m[34;1m        76[0m
11:52:51   [34;1m    107348[0m[34;1m   1521460[0m[34;1m    334596[0m[34;1m     11.02[0m[34;1m     60108[0m[34;1m   2436700[0m[34;1m   3407928[0m[31;1m    112.25[0m[34;1m    739328[0m[34;1m   2038216[0m[34;1m        80[0m
11:52:52   [34;1m    107348[0m[34;1m   1521472[0m[34;1m    334580[0m[34;1m     11.02[0m[34;1m     60108[0m[34;1m   2436716[0m[34;1m   3407928[0m[31;1m    112.25[0m[34;1m    739328[0m[34;1m   2038244[0m[34;1m       100[0m
11:52:53   [34;1m    103064[0m[34;1m   1517188[0m[34;1m    338864[0m[34;1m     11.16[0m[34;1m     60116[0m[34;1m   2436708[0m[34;1m   3412264[0m[31;1m    112.39[0m[34;1m    739328[0m[34;1m   2040144[0m[34;1m       100[0m
11:52:54   [34;1m    101300[0m[34;1m   1515448[0m[34;1m    340596[0m[34;1m     11.22[0m[34;1m     60116[0m[34;1m   2436724[0m[34;1m   3412264[0m[31;1m    112.39[0m[34;1m    739368[0m[34;1m   2039880[0m[34;1m       108[0m
11:52:55   [34;1m    101300[0m[34;1m   1515464[0m[34;1m    340572[0m[34;1m     11.22[0m[34;1m     60116[0m[34;1m   2436736[0m[34;1m   3412264[0m[31;1m    112.39[0m[34;1m    739368[0m[34;1m   2039932[0m[34;1m       120[0m
11:52:56   [34;1m    101048[0m[34;1m   1515212[0m[34;1m    340824[0m[34;1m     11.23[0m[34;1m     60116[0m[34;1m   2436736[0m[34;1m   3412264[0m[31;1m    112.39[0m[34;1m    739368[0m[34;1m   2040132[0m[34;1m       120[0m
11:52:57   [34;1m    100796[0m[34;1m   1514968[0m[34;1m    341076[0m[34;1m     11.23[0m[34;1m     60116[0m[34;1m   2436748[0m[34;1m   3407928[0m[31;1m    112.25[0m[34;1m    739368[0m[34;1m   2038508[0m[34;1m       132[0m
11:52:58   [34;1m    100796[0m[34;1m   1514968[0m[34;1m    341076[0m[34;1m     11.23[0m[34;1m     60120[0m[34;1m   2436744[0m[34;1m   3407928[0m[31;1m    112.25[0m[34;1m    739368[0m[34;1m   2038908[0m[34;1m       132[0m
11:52:59   [34;1m    100556[0m[34;1m   1514744[0m[34;1m    341348[0m[34;1m     11.24[0m[34;1m     60120[0m[34;1m   2436756[0m[34;1m   3407928[0m[31;1m    112.25[0m[34;1m    739364[0m[34;1m   2038628[0m[34;1m       140[0m
11:53:00   [34;1m    100556[0m[34;1m   1514752[0m[34;1m    341336[0m[34;1m     11.24[0m[34;1m     60120[0m[34;1m   2436768[0m[34;1m   3407928[0m[31;1m    112.25[0m[34;1m    739372[0m[34;1m   2038740[0m[34;1m       152[0m
11:53:01   [34;1m    100556[0m[34;1m   1514764[0m[34;1m    341328[0m[34;1m     11.24[0m[34;1m     60120[0m[34;1m   2436776[0m[34;1m   3407928[0m[31;1m    112.25[0m[34;1m    739376[0m[34;1m   2039428[0m[34;1m       160[0m
11:53:02   [34;1m    100308[0m[34;1m   1514516[0m[34;1m    341572[0m[34;1m     11.25[0m[34;1m     60120[0m[34;1m   2436776[0m[34;1m   3407928[0m[31;1m    112.25[0m[34;1m    739372[0m[34;1m   2038900[0m[34;1m       160[0m
11:53:03   [34;1m    100308[0m[34;1m   1514528[0m[34;1m    341552[0m[34;1m     11.25[0m[34;1m     60124[0m[34;1m   2436784[0m[34;1m   3407928[0m[31;1m    112.25[0m[34;1m    739372[0m[34;1m   2038916[0m[34;1m       168[0m
11:53:04   [34;1m    100308[0m[34;1m   1514528[0m[34;1m    341552[0m[34;1m     11.25[0m[34;1m     60124[0m[34;1m   2436784[0m[34;1m   3407928[0m[31;1m    112.25[0m[34;1m    739372[0m[34;1m   2039016[0m[34;1m       168[0m
11:53:05   [34;1m    100308[0m[34;1m   1514536[0m[34;1m    341540[0m[34;1m     11.25[0m[34;1m     60124[0m[34;1m   2436796[0m[34;1m   3407928[0m[31;1m    112.25[0m[34;1m    739376[0m[34;1m   2038956[0m[34;1m       180[0m
11:53:06   [34;1m    100308[0m[34;1m   1514536[0m[34;1m    341540[0m[34;1m     11.25[0m[34;1m     60124[0m[34;1m   2436796[0m[34;1m   3407928[0m[31;1m    112.25[0m[34;1m    739376[0m[34;1m   2038956[0m[34;1m       180[0m
11:53:07   [34;1m    100308[0m[34;1m   1514536[0m[34;1m    341532[0m[34;1m     11.25[0m[34;1m     60124[0m[34;1m   2436804[0m[34;1m   3407928[0m[31;1m    112.25[0m[34;1m    739376[0m[34;1m   2038956[0m[34;1m       188[0m
11:53:08   [34;1m    100308[0m[34;1m   1514560[0m[34;1m    341508[0m[34;1m     11.25[0m[34;1m     60132[0m[34;1m   2436816[0m[34;1m   3407928[0m[31;1m    112.25[0m[34;1m    739376[0m[34;1m   2039224[0m[34;1m       200[0m
11:53:09   [34;1m     99804[0m[34;1m   1514056[0m[34;1m    342012[0m[34;1m     11.27[0m[34;1m     60132[0m[34;1m   2436816[0m[34;1m   3407928[0m[31;1m    112.25[0m[34;1m    739376[0m[34;1m   2039024[0m[34;1m       200[0m
11:53:10   [34;1m     99804[0m[34;1m   1514072[0m[34;1m    342008[0m[34;1m     11.27[0m[34;1m     60132[0m[34;1m   2436824[0m[34;1m   3407928[0m[31;1m    112.25[0m[34;1m    739384[0m[34;1m   2038900[0m[34;1m       208[0m
11:53:11   [34;1m     99804[0m[34;1m   1514080[0m[34;1m    341996[0m[34;1m     11.26[0m[34;1m     60132[0m[34;1m   2436836[0m[34;1m   3407928[0m[31;1m    112.25[0m[34;1m    739384[0m[34;1m   2038696[0m[34;1m       220[0m
11:53:12   [34;1m     99804[0m[34;1m   1514080[0m[34;1m    341996[0m[34;1m     11.26[0m[34;1m     60132[0m[34;1m   2436836[0m[34;1m   3407928[0m[31;1m    112.25[0m[34;1m    739384[0m[34;1m   2038696[0m[34;1m       220[0m
11:53:13   [34;1m    111144[0m[34;1m   1524492[0m[34;1m    331572[0m[34;1m     10.92[0m[34;1m     60140[0m[34;1m   2435920[0m[34;1m   3412264[0m[31;1m    112.39[0m[34;1m    739384[0m[34;1m   2039512[0m[34;1m        48[0m
11:53:14   [34;1m    109888[0m[34;1m   1523236[0m[34;1m    332828[0m[34;1m     10.96[0m[34;1m     60140[0m[34;1m   2435920[0m[34;1m   3412264[0m[31;1m    112.39[0m[34;1m    739384[0m[34;1m   2039612[0m[34;1m        48[0m
11:53:15   [34;1m    109888[0m[34;1m   1523256[0m[34;1m    332812[0m[34;1m     10.96[0m[34;1m     60140[0m[34;1m   2435928[0m[34;1m   3412264[0m[31;1m    112.39[0m[34;1m    739392[0m[34;1m   2039508[0m[34;1m        56[0m
11:53:16   [34;1m    109888[0m[34;1m   1523256[0m[34;1m    332800[0m[34;1m     10.96[0m[34;1m     60140[0m[34;1m   2435940[0m[34;1m   3412264[0m[31;1m    112.39[0m[34;1m    739392[0m[34;1m   2039508[0m[34;1m        68[0m
11:53:17   [34;1m    109888[0m[34;1m   1523264[0m[34;1m    332808[0m[34;1m     10.96[0m[34;1m     60140[0m[34;1m   2435944[0m[34;1m   3407928[0m[31;1m    112.25[0m[34;1m    739392[0m[34;1m   2037932[0m[34;1m        72[0m
11:53:18   [34;1m    109888[0m[34;1m   1523272[0m[34;1m    332808[0m[34;1m     10.96[0m[34;1m     60144[0m[34;1m   2435940[0m[34;1m   3407928[0m[31;1m    112.25[0m[34;1m    739392[0m[34;1m   2038140[0m[34;1m        72[0m
11:53:19   [34;1m    109888[0m[34;1m   1523288[0m[34;1m    332792[0m[34;1m     10.96[0m[34;1m     60144[0m[34;1m   2435956[0m[34;1m   3407928[0m[31;1m    112.25[0m[34;1m    739396[0m[34;1m   2038240[0m[34;1m        52[0m
11:53:20   [34;1m    109888[0m[34;1m   1523288[0m[34;1m    332792[0m[34;1m     10.96[0m[34;1m     60144[0m[34;1m   2435956[0m[34;1m   3407928[0m[31;1m    112.25[0m[34;1m    739396[0m[34;1m   2037940[0m[34;1m        52[0m
11:53:21   [34;1m    108376[0m[34;1m   1521788[0m[34;1m    334292[0m[34;1m     11.01[0m[34;1m     60144[0m[34;1m   2435968[0m[34;1m   3407928[0m[31;1m    112.25[0m[34;1m    739396[0m[34;1m   2037960[0m[34;1m        64[0m
11:53:22   [34;1m    108152[0m[34;1m   1521564[0m[34;1m    334516[0m[34;1m     11.02[0m[34;1m     60144[0m[34;1m   2435968[0m[34;1m   3407928[0m[31;1m    112.25[0m[34;1m    739396[0m[34;1m   2037960[0m[34;1m        64[0m
11:53:23   [34;1m    108152[0m[34;1m   1521568[0m[34;1m    334504[0m[34;1m     11.02[0m[34;1m     60152[0m[34;1m   2435968[0m[34;1m   3407928[0m[31;1m    112.25[0m[34;1m    739396[0m[34;1m   2038104[0m[34;1m        64[0m
11:53:24   [34;1m    108152[0m[34;1m   1521592[0m[34;1m    334492[0m[34;1m     11.02[0m[34;1m     60152[0m[34;1m   2435988[0m[34;1m   3407928[0m[31;1m    112.25[0m[34;1m    739404[0m[34;1m   2038120[0m[34;1m        84[0m
11:53:25   [34;1m    108152[0m[34;1m   1521592[0m[34;1m    334500[0m[34;1m     11.02[0m[34;1m     60152[0m[34;1m   2435988[0m[34;1m   3407928[0m[31;1m    112.25[0m[34;1m    739404[0m[34;1m   2038120[0m[34;1m        84[0m
11:53:26   [34;1m    108152[0m[34;1m   1521592[0m[34;1m    334496[0m[34;1m     11.02[0m[34;1m     60152[0m[34;1m   2435992[0m[34;1m   3407928[0m[31;1m    112.25[0m[34;1m    739404[0m[34;1m   2038120[0m[34;1m        88[0m
11:53:27   [34;1m    108152[0m[34;1m   1521604[0m[34;1m    334480[0m[34;1m     11.02[0m[34;1m     60152[0m[34;1m   2436008[0m[34;1m   3407928[0m[31;1m    112.25[0m[34;1m    739404[0m[34;1m   2038148[0m[34;1m       104[0m
11:53:28   [34;1m    108152[0m[34;1m   1521604[0m[34;1m    334480[0m[34;1m     11.02[0m[34;1m     60160[0m[34;1m   2436000[0m[34;1m   3407928[0m[31;1m    112.25[0m[34;1m    739404[0m[34;1m   2038248[0m[34;1m       104[0m
11:53:29   [34;1m    107900[0m[34;1m   1521384[0m[34;1m    334708[0m[34;1m     11.02[0m[34;1m     60160[0m[34;1m   2436020[0m[34;1m   3407928[0m[31;1m    112.25[0m[34;1m    739412[0m[34;1m   2038208[0m[34;1m       124[0m
11:53:30   [34;1m    107900[0m[34;1m   1521384[0m[34;1m    334708[0m[34;1m     11.02[0m[34;1m     60160[0m[34;1m   2436020[0m[34;1m   3407928[0m[31;1m    112.25[0m[34;1m    739412[0m[34;1m   2038008[0m[34;1m       124[0m
11:53:31   [34;1m    107900[0m[34;1m   1521388[0m[34;1m    334696[0m[34;1m     11.02[0m[34;1m     60160[0m[34;1m   2436032[0m[34;1m   3407928[0m[31;1m    112.25[0m[34;1m    739412[0m[34;1m   2037948[0m[34;1m       136[0m
11:53:32   [34;1m    107900[0m[34;1m   1521408[0m[34;1m    334684[0m[34;1m     11.02[0m[34;1m     60160[0m[34;1m   2436044[0m[34;1m   3407928[0m[31;1m    112.25[0m[34;1m    739412[0m[34;1m   2038608[0m[34;1m       152[0m
11:53:33   [34;1m    107900[0m[34;1m   1521408[0m[34;1m    334660[0m[34;1m     11.02[0m[34;1m     60168[0m[34;1m   2436044[0m[34;1m   3412264[0m[31;1m    112.39[0m[34;1m    739412[0m[34;1m   2039720[0m[34;1m       152[0m
11:53:34   [34;1m    106892[0m[34;1m   1520404[0m[34;1m    335664[0m[34;1m     11.06[0m[34;1m     60168[0m[34;1m   2436048[0m[34;1m   3412264[0m[31;1m    112.39[0m[34;1m    739412[0m[34;1m   2039708[0m[34;1m       156[0m
11:53:35   [34;1m    106892[0m[34;1m   1520416[0m[34;1m    335644[0m[34;1m     11.06[0m[34;1m     60168[0m[34;1m   2436060[0m[34;1m   3412264[0m[31;1m    112.39[0m[34;1m    739420[0m[34;1m   2039784[0m[34;1m       168[0m
11:53:36   [34;1m    106892[0m[34;1m   1520416[0m[34;1m    335644[0m[34;1m     11.06[0m[34;1m     60168[0m[34;1m   2436060[0m[34;1m   3412264[0m[31;1m    112.39[0m[34;1m    739420[0m[34;1m   2039784[0m[34;1m       168[0m
11:53:37   [34;1m    106892[0m[34;1m   1520432[0m[34;1m    335644[0m[34;1m     11.06[0m[34;1m     60168[0m[34;1m   2436072[0m[34;1m   3407928[0m[31;1m    112.25[0m[34;1m    739420[0m[34;1m   2038036[0m[34;1m       180[0m
11:53:38   [34;1m    106892[0m[34;1m   1520436[0m[34;1m    335644[0m[34;1m     11.06[0m[34;1m     60168[0m[34;1m   2436072[0m[34;1m   3407928[0m[31;1m    112.25[0m[34;1m    739420[0m[34;1m   2038336[0m[34;1m       180[0m
