role.rbac.authorization.k8s.io/serviceweaver-pods-getter created
rolebinding.rbac.authorization.k8s.io/serviceweaver-default-pods-getter created
configmap/config-4608d062 created
deployment.apps/ob-ad-4608d062-01c90aae created
horizontalpodautoscaler.autoscaling/ob-ad-4608d062-01c90aae created
deployment.apps/ob-co-4608d062-14495c5e created
horizontalpodautoscaler.autoscaling/ob-co-4608d062-14495c5e created
deployment.apps/ob-cs-4608d062-cab9a65f created
horizontalpodautoscaler.autoscaling/ob-cs-4608d062-cab9a65f created
deployment.apps/ob-cu-4608d062-e4e1d392 created
horizontalpodautoscaler.autoscaling/ob-cu-4608d062-e4e1d392 created
deployment.apps/ob-em-4608d062-018a76da created
horizontalpodautoscaler.autoscaling/ob-em-4608d062-018a76da created
service/boutique-4608d062 created
deployment.apps/ob-weaver-main-4608d062-abb45686 created
horizontalpodautoscaler.autoscaling/ob-weaver-main-4608d062-abb45686 created
deployment.apps/ob-pa-4608d062-531bdfc0 created
horizontalpodautoscaler.autoscaling/ob-pa-4608d062-531bdfc0 created
deployment.apps/ob-pc-4608d062-7d0dd458 created
horizontalpodautoscaler.autoscaling/ob-pc-4608d062-7d0dd458 created
deployment.apps/ob-rc-4608d062-d7658c23 created
horizontalpodautoscaler.autoscaling/ob-rc-4608d062-d7658c23 created
deployment.apps/ob-sh-4608d062-f476eb45 created
horizontalpodautoscaler.autoscaling/ob-sh-4608d062-f476eb45 created
