Linux 6.6.95 (ssp-study) 	04/21/26 	_x86_64_	(2 CPU)

11:13:54    kbmemfree   kbavail kbmemused  %memused kbbuffers  kbcached  kbcommit   %commit  kbactive   kbinact   kbdirty
11:13:55   [34;1m    199080[0m[34;1m   1171308[0m[34;1m    692096[0m[34;1m     22.80[0m[34;1m     48284[0m[34;1m   2013324[0m[34;1m   3648596[0m[31;1m    120.18[0m[34;1m    826764[0m[34;1m   1867208[0m[34;1m       348[0m
11:13:56   [34;1m    195048[0m[34;1m   1167488[0m[34;1m    695868[0m[34;1m     22.92[0m[34;1m     48292[0m[34;1m   2013388[0m[34;1m   3661848[0m[31;1m    120.61[0m[34;1m    826820[0m[34;1m   1871292[0m[34;1m       416[0m
11:13:57   [34;1m    190792[0m[34;1m   1163276[0m[34;1m    699856[0m[34;1m     23.05[0m[34;1m     48356[0m[34;1m   2013360[0m[34;1m   3662096[0m[31;1m    120.62[0m[34;1m    826860[0m[34;1m   1874792[0m[34;1m       504[0m
11:13:58   [34;1m    187516[0m[34;1m   1160148[0m[34;1m    702868[0m[34;1m     23.15[0m[34;1m     48356[0m[34;1m   2013468[0m[34;1m   3666448[0m[31;1m    120.77[0m[34;1m    826860[0m[34;1m   1878344[0m[34;1m       612[0m
11:13:59   [34;1m    183516[0m[34;1m   1156212[0m[34;1m    706492[0m[34;1m     23.27[0m[34;1m     48356[0m[34;1m   2013520[0m[34;1m   3667024[0m[31;1m    120.79[0m[34;1m    826860[0m[34;1m   1881824[0m[34;1m       664[0m
11:14:00   [34;1m    180996[0m[34;1m   1153860[0m[34;1m    708680[0m[34;1m     23.34[0m[34;1m     48356[0m[34;1m   2013676[0m[34;1m   3671120[0m[31;1m    120.92[0m[34;1m    826860[0m[34;1m   1884448[0m[34;1m       816[0m
11:14:01   [34;1m    177968[0m[34;1m   1150948[0m[34;1m    711416[0m[34;1m     23.43[0m[34;1m     48364[0m[34;1m   2013760[0m[34;1m   3671120[0m[31;1m    120.92[0m[34;1m    826860[0m[34;1m   1887216[0m[34;1m       908[0m
11:14:02   [34;1m    174200[0m[34;1m   1147428[0m[34;1m    714716[0m[34;1m     23.54[0m[34;1m     48364[0m[34;1m   2013956[0m[34;1m   3679568[0m[31;1m    121.20[0m[34;1m    826868[0m[34;1m   1889940[0m[34;1m      1116[0m
11:14:03   [34;1m    170420[0m[34;1m   1143856[0m[34;1m    718116[0m[34;1m     23.65[0m[34;1m     48368[0m[34;1m   2014164[0m[34;1m   3679568[0m[31;1m    121.20[0m[34;1m    826872[0m[34;1m   1894396[0m[34;1m      1220[0m
11:14:04   [34;1m    165660[0m[34;1m   1139356[0m[34;1m    722380[0m[34;1m     23.79[0m[34;1m     48368[0m[34;1m   2014404[0m[34;1m   3683984[0m[31;1m    121.34[0m[34;1m    826876[0m[34;1m   1897408[0m[34;1m      1432[0m
11:14:05   [34;1m    161920[0m[34;1m   1135816[0m[34;1m    725716[0m[34;1m     23.90[0m[34;1m     48368[0m[34;1m   2014564[0m[34;1m   3688912[0m[31;1m    121.51[0m[34;1m    826876[0m[34;1m   1901620[0m[34;1m      1592[0m
11:14:06   [34;1m    159904[0m[34;1m   1134140[0m[34;1m    727220[0m[34;1m     23.95[0m[34;1m     48372[0m[34;1m   2014856[0m[34;1m   3693072[0m[31;1m    121.64[0m[34;1m    826880[0m[34;1m   1903624[0m[34;1m      1864[0m
11:14:07   [34;1m    157668[0m[34;1m   1132012[0m[34;1m    729116[0m[34;1m     24.02[0m[34;1m     48372[0m[34;1m   2014992[0m[34;1m   3693328[0m[31;1m    121.65[0m[34;1m    826880[0m[34;1m   1904552[0m[34;1m       300[0m
11:14:08   [34;1m    156156[0m[34;1m   1130856[0m[34;1m    730096[0m[34;1m     24.05[0m[34;1m     48372[0m[34;1m   2015268[0m[34;1m   3692816[0m[31;1m    121.63[0m[34;1m    826880[0m[34;1m   1906904[0m[34;1m       532[0m
11:14:09   [34;1m    154420[0m[34;1m   1129316[0m[34;1m    731372[0m[34;1m     24.09[0m[34;1m     48372[0m[34;1m   2015488[0m[34;1m   3692816[0m[31;1m    121.63[0m[34;1m    826880[0m[34;1m   1908284[0m[34;1m       752[0m
11:14:10   [34;1m    150388[0m[34;1m   1125616[0m[34;1m    734936[0m[34;1m     24.21[0m[34;1m     48372[0m[34;1m   2015756[0m[34;1m   3705236[0m[31;1m    122.04[0m[34;1m    826880[0m[34;1m   1912268[0m[34;1m      1020[0m
11:14:11   [34;1m    148384[0m[34;1m   1124080[0m[34;1m    736088[0m[34;1m     24.25[0m[34;1m     48372[0m[34;1m   2016012[0m[34;1m   3705236[0m[31;1m    122.04[0m[34;1m    826880[0m[34;1m   1914052[0m[34;1m      1276[0m
11:14:12   [34;1m    144364[0m[34;1m   1120504[0m[34;1m    739440[0m[34;1m     24.36[0m[34;1m     48372[0m[34;1m   2016376[0m[34;1m   3709332[0m[31;1m    122.18[0m[34;1m    826880[0m[34;1m   1917700[0m[34;1m      1640[0m
11:14:13   [34;1m    140584[0m[34;1m   1116980[0m[34;1m    742764[0m[34;1m     24.47[0m[34;1m     48376[0m[34;1m   2016636[0m[34;1m   3709844[0m[31;1m    122.20[0m[34;1m    826884[0m[34;1m   1921348[0m[34;1m      1892[0m
11:14:14   [34;1m    138596[0m[34;1m   1115388[0m[34;1m    744016[0m[34;1m     24.51[0m[34;1m     48376[0m[34;1m   2017004[0m[34;1m   3714004[0m[31;1m    122.33[0m[34;1m    826884[0m[34;1m   1923212[0m[34;1m      2256[0m
11:14:15   [34;1m    136328[0m[34;1m   1113524[0m[34;1m    745728[0m[34;1m     24.56[0m[34;1m     48376[0m[34;1m   2017364[0m[34;1m   3730716[0m[31;1m    122.88[0m[34;1m    826884[0m[34;1m   1924912[0m[34;1m      2616[0m
11:14:16   [34;1m    133052[0m[34;1m   1110576[0m[34;1m    748524[0m[34;1m     24.66[0m[34;1m     48376[0m[34;1m   2017664[0m[34;1m   3734876[0m[31;1m    123.02[0m[34;1m    826884[0m[34;1m   1928312[0m[34;1m      2916[0m
11:14:17   [34;1m    128520[0m[34;1m   1106464[0m[34;1m    752368[0m[34;1m     24.78[0m[34;1m     48376[0m[34;1m   2018060[0m[34;1m   3734876[0m[31;1m    123.02[0m[34;1m    826884[0m[34;1m   1931200[0m[34;1m      3312[0m
11:14:18   [34;1m    127512[0m[34;1m   1105912[0m[34;1m    752676[0m[34;1m     24.79[0m[34;1m     48376[0m[34;1m   2018500[0m[34;1m   3734876[0m[31;1m    123.02[0m[34;1m    826884[0m[34;1m   1932884[0m[34;1m      3744[0m
11:14:19   [34;1m    122484[0m[34;1m   1101332[0m[34;1m    757044[0m[34;1m     24.94[0m[34;1m     48376[0m[34;1m   2018884[0m[34;1m   3747164[0m[31;1m    123.42[0m[34;1m    826884[0m[34;1m   1935692[0m[34;1m      4128[0m
11:14:20   [34;1m    120228[0m[34;1m   1099496[0m[34;1m    758652[0m[34;1m     24.99[0m[34;1m     48380[0m[34;1m   2019300[0m[34;1m   3747420[0m[31;1m    123.43[0m[34;1m    826888[0m[34;1m   1938900[0m[34;1m      4540[0m
11:14:21   [34;1m    118720[0m[34;1m   1098488[0m[34;1m    759492[0m[34;1m     25.02[0m[34;1m     48396[0m[34;1m   2019716[0m[34;1m   3751516[0m[31;1m    123.57[0m[34;1m    826904[0m[34;1m   1941388[0m[34;1m      4948[0m
11:14:22   [34;1m    114436[0m[34;1m   1094632[0m[34;1m    763156[0m[34;1m     25.14[0m[34;1m     48396[0m[34;1m   2020132[0m[34;1m   3755612[0m[31;1m    123.70[0m[34;1m    826904[0m[34;1m   1944848[0m[34;1m      5364[0m
11:14:23   [34;1m    111440[0m[34;1m   1092504[0m[34;1m    764604[0m[34;1m     25.18[0m[34;1m     48396[0m[34;1m   2020668[0m[34;1m   3755612[0m[31;1m    123.70[0m[34;1m    826904[0m[34;1m   1947572[0m[34;1m      5892[0m
11:14:24   [34;1m    108452[0m[34;1m   1089968[0m[34;1m    766876[0m[34;1m     25.26[0m[34;1m     48396[0m[34;1m   2021112[0m[34;1m   3760032[0m[31;1m    123.85[0m[34;1m    826904[0m[34;1m   1949704[0m[34;1m      6336[0m
11:14:25   [34;1m    103692[0m[34;1m   1085796[0m[34;1m    770856[0m[34;1m     25.39[0m[34;1m     48396[0m[34;1m   2021672[0m[34;1m   3764704[0m[31;1m    124.00[0m[34;1m    826904[0m[34;1m   1954548[0m[34;1m      6896[0m
11:14:26   [34;1m    114624[0m[34;1m   1083448[0m[34;1m    773316[0m[34;1m     25.47[0m[34;1m     48040[0m[34;1m   2008792[0m[34;1m   3764768[0m[31;1m    124.00[0m[34;1m    823948[0m[34;1m   1945532[0m[34;1m      7404[0m
11:14:27   [34;1m    113708[0m[34;1m   1083116[0m[34;1m    773744[0m[34;1m     25.49[0m[34;1m     48040[0m[34;1m   2009284[0m[34;1m   3764832[0m[31;1m    124.01[0m[34;1m    823992[0m[34;1m   1946020[0m[34;1m      7828[0m
11:14:28   [34;1m    113484[0m[34;1m   1083324[0m[34;1m    773432[0m[34;1m     25.48[0m[34;1m     48040[0m[34;1m   2009836[0m[34;1m   3760224[0m[31;1m    123.86[0m[34;1m    823972[0m[34;1m   1944924[0m[34;1m       216[0m
11:14:29   [34;1m    113260[0m[34;1m   1083564[0m[34;1m    773184[0m[34;1m     25.47[0m[34;1m     48040[0m[34;1m   2010244[0m[34;1m   3760224[0m[31;1m    123.86[0m[34;1m    823972[0m[34;1m   1946004[0m[34;1m       624[0m
11:14:30   [34;1m    113036[0m[34;1m   1083864[0m[34;1m    772844[0m[34;1m     25.46[0m[34;1m     48040[0m[34;1m   2010812[0m[34;1m   3760224[0m[31;1m    123.86[0m[34;1m    823976[0m[34;1m   1946272[0m[34;1m      1196[0m
11:14:31   [34;1m    112812[0m[34;1m   1084052[0m[34;1m    772672[0m[34;1m     25.45[0m[34;1m     48052[0m[34;1m   2011208[0m[34;1m   3760224[0m[31;1m    123.86[0m[34;1m    823976[0m[34;1m   1946552[0m[34;1m      1640[0m
11:14:32   [34;1m    111848[0m[34;1m   1083660[0m[34;1m    773064[0m[34;1m     25.46[0m[34;1m     48052[0m[34;1m   2011756[0m[34;1m   3760224[0m[31;1m    123.86[0m[34;1m    823988[0m[34;1m   1947500[0m[34;1m      2180[0m
11:14:33   [34;1m    111372[0m[34;1m   1083720[0m[34;1m    773040[0m[34;1m     25.46[0m[34;1m     48052[0m[34;1m   2012280[0m[34;1m   3760224[0m[31;1m    123.86[0m[34;1m    823988[0m[34;1m   1948216[0m[34;1m      2708[0m
11:14:34   [34;1m    109928[0m[34;1m   1082840[0m[34;1m    773768[0m[34;1m     25.49[0m[34;1m     48052[0m[34;1m   2012708[0m[34;1m   3760224[0m[31;1m    123.86[0m[34;1m    823988[0m[34;1m   1948872[0m[34;1m      3136[0m
11:14:35   [34;1m    109200[0m[34;1m   1082548[0m[34;1m    774044[0m[34;1m     25.50[0m[34;1m     48052[0m[34;1m   2013156[0m[34;1m   3760224[0m[31;1m    123.86[0m[34;1m    823988[0m[34;1m   1949352[0m[34;1m      3584[0m
11:14:36   [34;1m    107480[0m[34;1m   1081456[0m[34;1m    775140[0m[34;1m     25.53[0m[34;1m     48064[0m[34;1m   2013764[0m[34;1m   3760224[0m[31;1m    123.86[0m[34;1m    824000[0m[34;1m   1949964[0m[34;1m      4196[0m
11:14:37   [34;1m    106800[0m[34;1m   1081240[0m[34;1m    775376[0m[34;1m     25.54[0m[34;1m     48064[0m[34;1m   2014220[0m[34;1m   3760224[0m[31;1m    123.86[0m[34;1m    824000[0m[34;1m   1949460[0m[34;1m      4552[0m
11:14:38   [34;1m    106548[0m[34;1m   1081444[0m[34;1m    775152[0m[34;1m     25.53[0m[34;1m     48068[0m[34;1m   2014696[0m[34;1m   3760224[0m[31;1m    123.86[0m[34;1m    824020[0m[34;1m   1949996[0m[34;1m      5108[0m
11:14:39   [34;1m    106044[0m[34;1m   1081396[0m[34;1m    775212[0m[34;1m     25.53[0m[34;1m     48068[0m[34;1m   2015156[0m[34;1m   3760224[0m[31;1m    123.86[0m[34;1m    824020[0m[34;1m   1950716[0m[34;1m      5568[0m
11:14:40   [34;1m    105064[0m[34;1m   1080932[0m[34;1m    775660[0m[34;1m     25.55[0m[34;1m     48068[0m[34;1m   2015676[0m[34;1m   3760224[0m[31;1m    123.86[0m[34;1m    824024[0m[34;1m   1951332[0m[34;1m      6088[0m
11:14:41   [34;1m    104840[0m[34;1m   1081208[0m[34;1m    775436[0m[34;1m     25.54[0m[34;1m     48068[0m[34;1m   2016132[0m[34;1m   3760224[0m[31;1m    123.86[0m[34;1m    824024[0m[34;1m   1951960[0m[34;1m      6544[0m
11:14:42   [34;1m    103608[0m[34;1m   1080488[0m[34;1m    776148[0m[34;1m     25.56[0m[34;1m     48068[0m[34;1m   2016656[0m[34;1m   3760224[0m[31;1m    123.86[0m[34;1m    824024[0m[34;1m   1952716[0m[34;1m      7068[0m
11:14:43   [34;1m    102884[0m[34;1m   1080244[0m[34;1m    776368[0m[34;1m     25.57[0m[34;1m     48076[0m[34;1m   2017100[0m[34;1m   3760224[0m[31;1m    123.86[0m[34;1m    824032[0m[34;1m   1953348[0m[34;1m      7512[0m
11:14:44   [34;1m    101680[0m[34;1m   1079504[0m[34;1m    777048[0m[34;1m     25.59[0m[34;1m     48084[0m[34;1m   2017592[0m[34;1m   3760224[0m[31;1m    123.86[0m[34;1m    824040[0m[34;1m   1953804[0m[34;1m      8000[0m
11:14:45   [34;1m    114020[0m[34;1m   1078724[0m[34;1m    778084[0m[34;1m     25.63[0m[34;1m     47672[0m[34;1m   2005180[0m[34;1m   3764832[0m[31;1m    124.01[0m[34;1m    820748[0m[34;1m   1945876[0m[34;1m      8380[0m
11:14:46   [34;1m    113048[0m[34;1m   1078384[0m[34;1m    778432[0m[34;1m     25.64[0m[34;1m     47672[0m[34;1m   2005772[0m[34;1m   3764832[0m[31;1m    124.01[0m[34;1m    820752[0m[34;1m   1946620[0m[34;1m      8968[0m
11:14:47   [34;1m    110332[0m[34;1m   1076152[0m[34;1m    780644[0m[34;1m     25.71[0m[34;1m     47672[0m[34;1m   2006248[0m[34;1m   3768928[0m[31;1m    124.14[0m[34;1m    820752[0m[34;1m   1947656[0m[34;1m      9444[0m
11:14:48   [34;1m    111248[0m[34;1m   1077756[0m[34;1m    778816[0m[34;1m     25.65[0m[34;1m     47672[0m[34;1m   2006648[0m[34;1m   3764320[0m[31;1m    123.99[0m[34;1m    820752[0m[34;1m   1946200[0m[34;1m      9844[0m
11:14:49   [34;1m    111024[0m[34;1m   1078068[0m[34;1m    778476[0m[34;1m     25.64[0m[34;1m     47676[0m[34;1m   2007224[0m[34;1m   3764320[0m[31;1m    123.99[0m[34;1m    820756[0m[34;1m   1947164[0m[34;1m     10420[0m
11:14:50   [34;1m    109596[0m[34;1m   1077196[0m[34;1m    779372[0m[34;1m     25.67[0m[34;1m     47680[0m[34;1m   2007752[0m[34;1m   3764320[0m[31;1m    123.99[0m[34;1m    820780[0m[34;1m   1947904[0m[34;1m     10924[0m
11:14:51   [34;1m    109116[0m[34;1m   1077184[0m[34;1m    779360[0m[34;1m     25.67[0m[34;1m     47688[0m[34;1m   2008192[0m[34;1m   3764320[0m[31;1m    123.99[0m[34;1m    820792[0m[34;1m   1948292[0m[34;1m     11356[0m
11:14:52   [34;1m    107888[0m[34;1m   1076360[0m[34;1m    780188[0m[34;1m     25.70[0m[34;1m     47688[0m[34;1m   2008624[0m[34;1m   3768672[0m[31;1m    124.13[0m[34;1m    820792[0m[34;1m   1944408[0m[34;1m     11788[0m
11:14:53   [34;1m    107160[0m[34;1m   1076192[0m[34;1m    780388[0m[34;1m     25.70[0m[34;1m     47688[0m[34;1m   2009168[0m[34;1m   3768672[0m[31;1m    124.13[0m[34;1m    820792[0m[34;1m   1945908[0m[34;1m     12332[0m
11:14:54   [34;1m    106908[0m[34;1m   1076468[0m[34;1m    780220[0m[34;1m     25.70[0m[34;1m     47688[0m[34;1m   2009592[0m[34;1m   3768672[0m[31;1m    124.13[0m[34;1m    820792[0m[34;1m   1946744[0m[34;1m     12756[0m
11:14:55   [34;1m    106428[0m[34;1m   1076476[0m[34;1m    780092[0m[34;1m     25.69[0m[34;1m     47688[0m[34;1m   2010184[0m[34;1m   3768672[0m[31;1m    124.13[0m[34;1m    820792[0m[34;1m   1947188[0m[34;1m     13348[0m
11:14:56   [34;1m    105228[0m[34;1m   1075668[0m[34;1m    780916[0m[34;1m     25.72[0m[34;1m     47692[0m[34;1m   2010556[0m[34;1m   3768672[0m[31;1m    124.13[0m[34;1m    820792[0m[34;1m   1948192[0m[34;1m     13724[0m
11:14:57   [34;1m    102512[0m[34;1m   1073500[0m[34;1m    783028[0m[34;1m     25.79[0m[34;1m     47696[0m[34;1m   2011152[0m[34;1m   3768672[0m[31;1m    124.13[0m[34;1m    820800[0m[34;1m   1949720[0m[34;1m     14312[0m
11:14:58   [34;1m    102036[0m[34;1m   1073508[0m[34;1m    783072[0m[34;1m     25.79[0m[34;1m     47696[0m[34;1m   2011584[0m[34;1m   3768672[0m[31;1m    124.13[0m[34;1m    820800[0m[34;1m   1950288[0m[34;1m     14744[0m
11:14:59   [34;1m    104740[0m[34;1m   1074712[0m[34;1m    781924[0m[34;1m     25.76[0m[34;1m     47668[0m[34;1m   2010224[0m[34;1m   3768672[0m[31;1m    124.13[0m[34;1m    820220[0m[34;1m   1949544[0m[34;1m       288[0m
11:15:00   [34;1m    104112[0m[34;1m   1074636[0m[34;1m    782008[0m[34;1m     25.76[0m[34;1m     47668[0m[34;1m   2010756[0m[34;1m   3768672[0m[31;1m    124.13[0m[34;1m    820228[0m[34;1m   1950144[0m[34;1m       824[0m
11:15:01   [34;1m    103196[0m[34;1m   1074236[0m[34;1m    782352[0m[34;1m     25.77[0m[34;1m     47668[0m[34;1m   2011328[0m[34;1m   3768672[0m[31;1m    124.13[0m[34;1m    820232[0m[34;1m   1950536[0m[34;1m      1496[0m
11:15:02   [34;1m    102216[0m[34;1m   1073880[0m[34;1m    782824[0m[34;1m     25.78[0m[34;1m     47668[0m[34;1m   2011820[0m[34;1m   3768672[0m[31;1m    124.13[0m[34;1m    820284[0m[34;1m   1951432[0m[34;1m      1896[0m
11:15:03   [34;1m    101992[0m[34;1m   1074104[0m[34;1m    782524[0m[34;1m     25.77[0m[34;1m     47668[0m[34;1m   2012336[0m[34;1m   3768672[0m[31;1m    124.13[0m[34;1m    820284[0m[34;1m   1951920[0m[34;1m      2416[0m
11:15:04   [34;1m    113616[0m[34;1m   1073264[0m[34;1m    783280[0m[34;1m     25.80[0m[34;1m     47400[0m[34;1m   2000232[0m[34;1m   3768672[0m[31;1m    124.13[0m[34;1m    817276[0m[34;1m   1942608[0m[34;1m      2880[0m
11:15:05   [34;1m    112252[0m[34;1m   1072648[0m[34;1m    783936[0m[34;1m     25.82[0m[34;1m     47400[0m[34;1m   2000896[0m[34;1m   3773280[0m[31;1m    124.29[0m[34;1m    817408[0m[34;1m   1944860[0m[34;1m      3412[0m
11:15:06   [34;1m    111052[0m[34;1m   1071936[0m[34;1m    784588[0m[34;1m     25.84[0m[34;1m     47408[0m[34;1m   2001388[0m[34;1m   3773280[0m[31;1m    124.29[0m[34;1m    817416[0m[34;1m   1945400[0m[34;1m      3904[0m
11:15:07   [34;1m    109064[0m[34;1m   1070476[0m[34;1m    786104[0m[34;1m     25.89[0m[34;1m     47408[0m[34;1m   2001868[0m[34;1m   3773536[0m[31;1m    124.29[0m[34;1m    817436[0m[34;1m   1944624[0m[34;1m      4364[0m
11:15:08   [34;1m    108616[0m[34;1m   1070540[0m[34;1m    786092[0m[34;1m     25.89[0m[34;1m     47412[0m[34;1m   2002320[0m[34;1m   3768928[0m[31;1m    124.14[0m[34;1m    817440[0m[34;1m   1942920[0m[34;1m      4808[0m
11:15:09   [34;1m    107704[0m[34;1m   1070260[0m[34;1m    786256[0m[34;1m     25.90[0m[34;1m     47412[0m[34;1m   2002996[0m[34;1m   3768928[0m[31;1m    124.14[0m[34;1m    817512[0m[34;1m   1944320[0m[34;1m      5408[0m
11:15:10   [34;1m    107456[0m[34;1m   1070380[0m[34;1m    786164[0m[34;1m     25.89[0m[34;1m     47412[0m[34;1m   2003360[0m[34;1m   3768928[0m[31;1m    124.14[0m[34;1m    817524[0m[34;1m   1944880[0m[34;1m      5768[0m
11:15:11   [34;1m    107008[0m[34;1m   1070520[0m[34;1m    786072[0m[34;1m     25.89[0m[34;1m     47412[0m[34;1m   2003892[0m[34;1m   3768928[0m[31;1m    124.14[0m[34;1m    817528[0m[34;1m   1945656[0m[34;1m      6300[0m
11:15:12   [34;1m    106056[0m[34;1m   1070052[0m[34;1m    786460[0m[34;1m     25.90[0m[34;1m     47412[0m[34;1m   2004420[0m[34;1m   3768928[0m[31;1m    124.14[0m[34;1m    817528[0m[34;1m   1946232[0m[34;1m      6828[0m
11:15:13   [34;1m    105832[0m[34;1m   1070252[0m[34;1m    786208[0m[34;1m     25.90[0m[34;1m     47420[0m[34;1m   2004876[0m[34;1m   3768928[0m[31;1m    124.14[0m[34;1m    817536[0m[34;1m   1946660[0m[34;1m      7284[0m
11:15:14   [34;1m    104880[0m[34;1m   1069884[0m[34;1m    786636[0m[34;1m     25.91[0m[34;1m     47428[0m[34;1m   2005392[0m[34;1m   3768928[0m[31;1m    124.14[0m[34;1m    817544[0m[34;1m   1947736[0m[34;1m      7792[0m
11:15:15   [34;1m    104124[0m[34;1m   1069552[0m[34;1m    786940[0m[34;1m     25.92[0m[34;1m     47428[0m[34;1m   2005808[0m[34;1m   3768928[0m[31;1m    124.14[0m[34;1m    817544[0m[34;1m   1948248[0m[34;1m      8208[0m
11:15:16   [34;1m    103648[0m[34;1m   1069668[0m[34;1m    786824[0m[34;1m     25.92[0m[34;1m     47428[0m[34;1m   2006380[0m[34;1m   3768928[0m[31;1m    124.14[0m[34;1m    817544[0m[34;1m   1949004[0m[34;1m      8780[0m
11:15:17   [34;1m    101912[0m[34;1m   1068464[0m[34;1m    788024[0m[34;1m     25.96[0m[34;1m     47428[0m[34;1m   2006912[0m[34;1m   3768928[0m[31;1m    124.14[0m[34;1m    817544[0m[34;1m   1949584[0m[34;1m      9312[0m
11:15:18   [34;1m    101488[0m[34;1m   1068020[0m[34;1m    788272[0m[34;1m     25.96[0m[34;1m     47416[0m[34;1m   2007088[0m[34;1m   3768928[0m[31;1m    124.14[0m[34;1m    817036[0m[34;1m   1950164[0m[34;1m      9776[0m
11:15:19   [34;1m    111984[0m[34;1m   1067192[0m[34;1m    789228[0m[34;1m     26.00[0m[34;1m     47156[0m[34;1m   1995868[0m[34;1m   3768928[0m[31;1m    124.14[0m[34;1m    814732[0m[34;1m   1940880[0m[34;1m     10288[0m
11:15:20   [34;1m    111508[0m[34;1m   1067220[0m[34;1m    789188[0m[34;1m     25.99[0m[34;1m     47160[0m[34;1m   1996372[0m[34;1m   3768928[0m[31;1m    124.14[0m[34;1m    814816[0m[34;1m   1941264[0m[34;1m     10708[0m
11:15:21   [34;1m    111256[0m[34;1m   1067464[0m[34;1m    789000[0m[34;1m     25.99[0m[34;1m     47176[0m[34;1m   1996828[0m[34;1m   3768928[0m[31;1m    124.14[0m[34;1m    814824[0m[34;1m   1941704[0m[34;1m     11156[0m
11:15:22   [34;1m    110304[0m[34;1m   1067044[0m[34;1m    789336[0m[34;1m     26.00[0m[34;1m     47176[0m[34;1m   1997408[0m[34;1m   3768928[0m[31;1m    124.14[0m[34;1m    814832[0m[34;1m   1942348[0m[34;1m     11712[0m
11:15:23   [34;1m    109856[0m[34;1m   1067052[0m[34;1m    789432[0m[34;1m     26.00[0m[34;1m     47176[0m[34;1m   1997796[0m[34;1m   3768928[0m[31;1m    124.14[0m[34;1m    814856[0m[34;1m   1942596[0m[34;1m     12100[0m
11:15:24   [34;1m    109132[0m[34;1m   1066872[0m[34;1m    789592[0m[34;1m     26.01[0m[34;1m     47176[0m[34;1m   1998352[0m[34;1m   3768928[0m[31;1m    124.14[0m[34;1m    814856[0m[34;1m   1943716[0m[34;1m     12656[0m
11:15:25   [34;1m    107648[0m[34;1m   1065872[0m[34;1m    790540[0m[34;1m     26.04[0m[34;1m     47176[0m[34;1m   1998844[0m[34;1m   3773536[0m[31;1m    124.29[0m[34;1m    814856[0m[34;1m   1945716[0m[34;1m     13148[0m
11:15:26   [34;1m    106444[0m[34;1m   1065296[0m[34;1m    791112[0m[34;1m     26.06[0m[34;1m     47184[0m[34;1m   1999444[0m[34;1m   3773536[0m[31;1m    124.29[0m[34;1m    814980[0m[34;1m   1946140[0m[34;1m     13632[0m
11:15:27   [34;1m    104960[0m[34;1m   1064332[0m[34;1m    792116[0m[34;1m     26.09[0m[34;1m     47184[0m[34;1m   1999916[0m[34;1m   3773536[0m[31;1m    124.29[0m[34;1m    815052[0m[34;1m   1946528[0m[34;1m     14032[0m
11:15:28   [34;1m    104232[0m[34;1m   1064048[0m[34;1m    792256[0m[34;1m     26.10[0m[34;1m     47192[0m[34;1m   2000508[0m[34;1m   3768928[0m[31;1m    124.14[0m[34;1m    815060[0m[34;1m   1945508[0m[34;1m     14620[0m
11:15:29   [34;1m    104008[0m[34;1m   1064384[0m[34;1m    792064[0m[34;1m     26.09[0m[34;1m     47192[0m[34;1m   2000972[0m[34;1m   3768928[0m[31;1m    124.14[0m[34;1m    815060[0m[34;1m   1946632[0m[34;1m       128[0m
11:15:30   [34;1m    103284[0m[34;1m   1064092[0m[34;1m    792340[0m[34;1m     26.10[0m[34;1m     47192[0m[34;1m   2001404[0m[34;1m   3768928[0m[31;1m    124.14[0m[34;1m    815060[0m[34;1m   1947136[0m[34;1m       560[0m
11:15:31   [34;1m    102808[0m[34;1m   1064188[0m[34;1m    792260[0m[34;1m     26.10[0m[34;1m     47200[0m[34;1m   2001952[0m[34;1m   3768928[0m[31;1m    124.14[0m[34;1m    815068[0m[34;1m   1947636[0m[34;1m      1104[0m
11:15:32   [34;1m    101548[0m[34;1m   1063356[0m[34;1m    793148[0m[34;1m     26.12[0m[34;1m     47200[0m[34;1m   2002368[0m[34;1m   3768928[0m[31;1m    124.14[0m[34;1m    815068[0m[34;1m   1948072[0m[34;1m      1520[0m
11:15:33   [34;1m    101240[0m[34;1m   1063604[0m[34;1m    792880[0m[34;1m     26.12[0m[34;1m     47200[0m[34;1m   2002936[0m[34;1m   3768928[0m[31;1m    124.14[0m[34;1m    815068[0m[34;1m   1948592[0m[34;1m      2088[0m
11:15:34   [34;1m    100980[0m[34;1m   1063812[0m[34;1m    792660[0m[34;1m     26.11[0m[34;1m     47200[0m[34;1m   2003412[0m[34;1m   3768928[0m[31;1m    124.14[0m[34;1m    815072[0m[34;1m   1949180[0m[34;1m      2564[0m
11:15:35   [34;1m    115252[0m[34;1m   1065048[0m[34;1m    791660[0m[34;1m     26.08[0m[34;1m     46936[0m[34;1m   1990880[0m[34;1m   3768928[0m[31;1m    124.14[0m[34;1m    811764[0m[34;1m   1939764[0m[34;1m      2884[0m
11:15:36   [34;1m    114616[0m[34;1m   1064984[0m[34;1m    791700[0m[34;1m     26.08[0m[34;1m     46940[0m[34;1m   1991440[0m[34;1m   3768928[0m[31;1m    124.14[0m[34;1m    811772[0m[34;1m   1939532[0m[34;1m      3476[0m
11:15:37   [34;1m    113408[0m[34;1m   1064396[0m[34;1m    792208[0m[34;1m     26.09[0m[34;1m     46940[0m[34;1m   1991836[0m[34;1m   3769184[0m[31;1m    124.15[0m[34;1m    811772[0m[34;1m   1939292[0m[34;1m      3872[0m
11:15:38   [34;1m    112960[0m[34;1m   1064484[0m[34;1m    792028[0m[34;1m     26.09[0m[34;1m     46940[0m[34;1m   1992448[0m[34;1m   3769184[0m[31;1m    124.15[0m[34;1m    811780[0m[34;1m   1940152[0m[34;1m      4476[0m
11:15:39   [34;1m    112264[0m[34;1m   1064348[0m[34;1m    792200[0m[34;1m     26.09[0m[34;1m     46952[0m[34;1m   1992960[0m[34;1m   3769184[0m[31;1m    124.15[0m[34;1m    811860[0m[34;1m   1940924[0m[34;1m      4932[0m
11:15:40   [34;1m    111092[0m[34;1m   1063684[0m[34;1m    792840[0m[34;1m     26.11[0m[34;1m     46952[0m[34;1m   1993480[0m[34;1m   3769184[0m[31;1m    124.15[0m[34;1m    811864[0m[34;1m   1941532[0m[34;1m      5444[0m
11:15:41   [34;1m    110372[0m[34;1m   1063448[0m[34;1m    793064[0m[34;1m     26.12[0m[34;1m     46952[0m[34;1m   1993944[0m[34;1m   3769184[0m[31;1m    124.15[0m[34;1m    811876[0m[34;1m   1942096[0m[34;1m      5896[0m
11:15:42   [34;1m    136092[0m[34;1m   1089892[0m[34;1m    766620[0m[34;1m     25.25[0m[34;1m     46952[0m[34;1m   1994676[0m[34;1m   3769184[0m[31;1m    124.15[0m[34;1m    812132[0m[34;1m   1942332[0m[34;1m      6368[0m
11:15:43   [34;1m    134864[0m[34;1m   1089160[0m[34;1m    767388[0m[34;1m     25.28[0m[34;1m     46952[0m[34;1m   1995160[0m[34;1m   3769184[0m[31;1m    124.15[0m[34;1m    812132[0m[34;1m   1942820[0m[34;1m      6852[0m
11:15:44   [34;1m    134640[0m[34;1m   1089436[0m[34;1m    767072[0m[34;1m     25.27[0m[34;1m     46964[0m[34;1m   1995676[0m[34;1m   3769184[0m[31;1m    124.15[0m[34;1m    812160[0m[34;1m   1943888[0m[34;1m      7376[0m
11:15:45   [34;1m    132372[0m[34;1m   1087612[0m[34;1m    768828[0m[34;1m     25.32[0m[34;1m     46964[0m[34;1m   1996152[0m[34;1m   3773792[0m[31;1m    124.30[0m[34;1m    812160[0m[34;1m   1945564[0m[34;1m      7852[0m
11:15:46   [34;1m    131140[0m[34;1m   1086868[0m[34;1m    769556[0m[34;1m     25.35[0m[34;1m     46964[0m[34;1m   1996664[0m[34;1m   3773792[0m[31;1m    124.30[0m[34;1m    812160[0m[34;1m   1946696[0m[34;1m      8364[0m
11:15:47   [34;1m    128424[0m[34;1m   1084628[0m[34;1m    771780[0m[34;1m     25.42[0m[34;1m     46964[0m[34;1m   1997144[0m[34;1m   3773792[0m[31;1m    124.30[0m[34;1m    812160[0m[34;1m   1947344[0m[34;1m      8844[0m
11:15:48   [34;1m    127960[0m[34;1m   1084640[0m[34;1m    771780[0m[34;1m     25.42[0m[34;1m     46964[0m[34;1m   1997584[0m[34;1m   3769184[0m[31;1m    124.15[0m[34;1m    812160[0m[34;1m   1946416[0m[34;1m      9284[0m
11:15:49   [34;1m    127736[0m[34;1m   1084952[0m[34;1m    771504[0m[34;1m     25.41[0m[34;1m     46968[0m[34;1m   1998064[0m[34;1m   3769184[0m[31;1m    124.15[0m[34;1m    812164[0m[34;1m   1947140[0m[34;1m      9764[0m
11:15:50   [34;1m    127512[0m[34;1m   1085184[0m[34;1m    771256[0m[34;1m     25.40[0m[34;1m     46972[0m[34;1m   1998580[0m[34;1m   3769184[0m[31;1m    124.15[0m[34;1m    812168[0m[34;1m   1947768[0m[34;1m     10276[0m
11:15:51   [34;1m    127512[0m[34;1m   1085776[0m[34;1m    770716[0m[34;1m     25.39[0m[34;1m     46988[0m[34;1m   1999100[0m[34;1m   3769184[0m[31;1m    124.15[0m[34;1m    812184[0m[34;1m   1947848[0m[34;1m     10792[0m
11:15:52   [34;1m    126284[0m[34;1m   1084960[0m[34;1m    771540[0m[34;1m     25.41[0m[34;1m     46988[0m[34;1m   1999488[0m[34;1m   3769184[0m[31;1m    124.15[0m[34;1m    812184[0m[34;1m   1948428[0m[34;1m     11180[0m
11:15:53   [34;1m    125780[0m[34;1m   1084996[0m[34;1m    771424[0m[34;1m     25.41[0m[34;1m     46988[0m[34;1m   2000072[0m[34;1m   3769184[0m[31;1m    124.15[0m[34;1m    812184[0m[34;1m   1948960[0m[34;1m     11764[0m
11:15:54   [34;1m    125304[0m[34;1m   1084956[0m[34;1m    771448[0m[34;1m     25.41[0m[34;1m     46988[0m[34;1m   2000548[0m[34;1m   3769184[0m[31;1m    124.15[0m[34;1m    812184[0m[34;1m   1949400[0m[34;1m     12240[0m
11:15:55   [34;1m    124128[0m[34;1m   1084388[0m[34;1m    772156[0m[34;1m     25.43[0m[34;1m     46992[0m[34;1m   2001028[0m[34;1m   3769184[0m[31;1m    124.15[0m[34;1m    812196[0m[34;1m   1950128[0m[34;1m       260[0m
11:15:56   [34;1m    123624[0m[34;1m   1084360[0m[34;1m    772048[0m[34;1m     25.43[0m[34;1m     47000[0m[34;1m   2001600[0m[34;1m   3769184[0m[31;1m    124.15[0m[34;1m    812204[0m[34;1m   1950472[0m[34;1m       900[0m
11:15:57   [34;1m    122396[0m[34;1m   1083668[0m[34;1m    772808[0m[34;1m     25.45[0m[34;1m     47000[0m[34;1m   2002092[0m[34;1m   3769184[0m[31;1m    124.15[0m[34;1m    812204[0m[34;1m   1951016[0m[34;1m      1392[0m
11:15:58   [34;1m    122168[0m[34;1m   1083976[0m[34;1m    772492[0m[34;1m     25.44[0m[34;1m     47008[0m[34;1m   2002600[0m[34;1m   3769184[0m[31;1m    124.15[0m[34;1m    812212[0m[34;1m   1951400[0m[34;1m      1892[0m
11:15:59   [34;1m    120964[0m[34;1m   1083340[0m[34;1m    773084[0m[34;1m     25.46[0m[34;1m     47008[0m[34;1m   2003180[0m[34;1m   3769184[0m[31;1m    124.15[0m[34;1m    812280[0m[34;1m   1952044[0m[34;1m      2404[0m
11:16:00   [34;1m    119480[0m[34;1m   1082336[0m[34;1m    774144[0m[34;1m     25.50[0m[34;1m     47008[0m[34;1m   2003636[0m[34;1m   3769184[0m[31;1m    124.15[0m[34;1m    812280[0m[34;1m   1953492[0m[34;1m       212[0m
11:16:01   [34;1m    118528[0m[34;1m   1081848[0m[34;1m    774552[0m[34;1m     25.51[0m[34;1m     47016[0m[34;1m   2004152[0m[34;1m   3769184[0m[31;1m    124.15[0m[34;1m    812300[0m[34;1m   1953968[0m[34;1m       736[0m
11:16:02   [34;1m    116516[0m[34;1m   1080340[0m[34;1m    776072[0m[34;1m     25.56[0m[34;1m     47016[0m[34;1m   2004640[0m[34;1m   3769184[0m[31;1m    124.15[0m[34;1m    812300[0m[34;1m   1954580[0m[34;1m      1220[0m
11:16:03   [34;1m    116044[0m[34;1m   1080336[0m[34;1m    776104[0m[34;1m     25.56[0m[34;1m     47016[0m[34;1m   2005084[0m[34;1m   3769184[0m[31;1m    124.15[0m[34;1m    812300[0m[34;1m   1955108[0m[34;1m      1664[0m
11:16:04   [34;1m    112796[0m[34;1m   1077604[0m[34;1m    778936[0m[34;1m     25.66[0m[34;1m     47016[0m[34;1m   2005524[0m[34;1m   3769184[0m[31;1m    124.15[0m[34;1m    812300[0m[34;1m   1955756[0m[34;1m      2108[0m
11:16:05   [34;1m    111536[0m[34;1m   1076744[0m[34;1m    779672[0m[34;1m     25.68[0m[34;1m     47016[0m[34;1m   2005988[0m[34;1m   3773792[0m[31;1m    124.30[0m[34;1m    812300[0m[34;1m   1957544[0m[34;1m      2572[0m
11:16:06   [34;1m    111060[0m[34;1m   1076892[0m[34;1m    779568[0m[34;1m     25.68[0m[34;1m     47032[0m[34;1m   2006564[0m[34;1m   3773792[0m[31;1m    124.30[0m[34;1m    812316[0m[34;1m   1957644[0m[34;1m      3148[0m
11:16:07   [34;1m    110584[0m[34;1m   1076852[0m[34;1m    779672[0m[34;1m     25.68[0m[34;1m     47032[0m[34;1m   2006956[0m[34;1m   3773792[0m[31;1m    124.30[0m[34;1m    812316[0m[34;1m   1956692[0m[34;1m      3536[0m
11:16:08   [34;1m    110360[0m[34;1m   1077084[0m[34;1m    779304[0m[34;1m     25.67[0m[34;1m     47032[0m[34;1m   2007544[0m[34;1m   3769184[0m[31;1m    124.15[0m[34;1m    812316[0m[34;1m   1955644[0m[34;1m      4124[0m
11:16:09   [34;1m    110136[0m[34;1m   1077296[0m[34;1m    779160[0m[34;1m     25.66[0m[34;1m     47036[0m[34;1m   2007924[0m[34;1m   3769184[0m[31;1m    124.15[0m[34;1m    812316[0m[34;1m   1956224[0m[34;1m      4508[0m
11:16:10   [34;1m    109888[0m[34;1m   1077624[0m[34;1m    778844[0m[34;1m     25.65[0m[34;1m     47036[0m[34;1m   2008472[0m[34;1m   3769184[0m[31;1m    124.15[0m[34;1m    812320[0m[34;1m   1956356[0m[34;1m      5048[0m
11:16:11   [34;1m    109888[0m[34;1m   1078100[0m[34;1m    778344[0m[34;1m     25.64[0m[34;1m     47036[0m[34;1m   2008944[0m[34;1m   3769184[0m[31;1m    124.15[0m[34;1m    812324[0m[34;1m   1957252[0m[34;1m      5520[0m
11:16:12   [34;1m    109664[0m[34;1m   1078372[0m[34;1m    778044[0m[34;1m     25.63[0m[34;1m     47036[0m[34;1m   2009456[0m[34;1m   3769184[0m[31;1m    124.15[0m[34;1m    812328[0m[34;1m   1957368[0m[34;1m      6032[0m
11:16:13   [34;1m    109440[0m[34;1m   1078612[0m[34;1m    777804[0m[34;1m     25.62[0m[34;1m     47036[0m[34;1m   2009908[0m[34;1m   3769184[0m[31;1m    124.15[0m[34;1m    812328[0m[34;1m   1957928[0m[34;1m      6484[0m
11:16:14   [34;1m    108964[0m[34;1m   1078640[0m[34;1m    777764[0m[34;1m     25.62[0m[34;1m     47044[0m[34;1m   2010420[0m[34;1m   3769184[0m[31;1m    124.15[0m[34;1m    812336[0m[34;1m   1958396[0m[34;1m      6992[0m
11:16:15   [34;1m    108716[0m[34;1m   1078892[0m[34;1m    777528[0m[34;1m     25.61[0m[34;1m     47044[0m[34;1m   2010892[0m[34;1m   3769184[0m[31;1m    124.15[0m[34;1m    812336[0m[34;1m   1958528[0m[34;1m      7464[0m
11:16:16   [34;1m    108492[0m[34;1m   1079028[0m[34;1m    777368[0m[34;1m     25.61[0m[34;1m     47044[0m[34;1m   2011244[0m[34;1m   3769184[0m[31;1m    124.15[0m[34;1m    812336[0m[34;1m   1958960[0m[34;1m      7816[0m
11:16:17   [34;1m    107008[0m[34;1m   1078144[0m[34;1m    778248[0m[34;1m     25.63[0m[34;1m     47044[0m[34;1m   2011848[0m[34;1m   3769184[0m[31;1m    124.15[0m[34;1m    812336[0m[34;1m   1959704[0m[34;1m      8420[0m
11:16:18   [34;1m    107008[0m[34;1m   1078692[0m[34;1m    777684[0m[34;1m     25.62[0m[34;1m     47044[0m[34;1m   2012376[0m[34;1m   3769184[0m[31;1m    124.15[0m[34;1m    812340[0m[34;1m   1960504[0m[34;1m      8852[0m
11:16:19   [34;1m    103508[0m[34;1m   1075636[0m[34;1m    780768[0m[34;1m     25.72[0m[34;1m     47048[0m[34;1m   2012816[0m[34;1m   3769184[0m[31;1m    124.15[0m[34;1m    812344[0m[34;1m   1961188[0m[34;1m      9284[0m
11:16:20   [34;1m    102280[0m[34;1m   1074924[0m[34;1m    781476[0m[34;1m     25.74[0m[34;1m     47048[0m[34;1m   2013316[0m[34;1m   3769184[0m[31;1m    124.15[0m[34;1m    812344[0m[34;1m   1961996[0m[34;1m      9780[0m
11:16:21   [34;1m    101804[0m[34;1m   1074940[0m[34;1m    781424[0m[34;1m     25.74[0m[34;1m     47060[0m[34;1m   2013816[0m[34;1m   3769184[0m[31;1m    124.15[0m[34;1m    812348[0m[34;1m   1962272[0m[34;1m     10276[0m
11:16:22   [34;1m    117268[0m[34;1m   1077196[0m[34;1m    779224[0m[34;1m     25.67[0m[34;1m     46780[0m[34;1m   2001028[0m[34;1m   3769184[0m[31;1m    124.15[0m[34;1m    808968[0m[34;1m   1952260[0m[34;1m     10704[0m
11:16:23   [34;1m    116708[0m[34;1m   1077556[0m[34;1m    778880[0m[34;1m     25.65[0m[34;1m     46780[0m[34;1m   2001900[0m[34;1m   3769184[0m[31;1m    124.15[0m[34;1m    809060[0m[34;1m   1953256[0m[34;1m     11348[0m
11:16:24   [34;1m    115980[0m[34;1m   1077336[0m[34;1m    779096[0m[34;1m     25.66[0m[34;1m     46780[0m[34;1m   2002448[0m[34;1m   3769184[0m[31;1m    124.15[0m[34;1m    809156[0m[34;1m   1953564[0m[34;1m     11800[0m
11:16:25   [34;1m    114244[0m[34;1m   1076192[0m[34;1m    780256[0m[34;1m     25.70[0m[34;1m     46780[0m[34;1m   2002960[0m[34;1m   3781984[0m[31;1m    124.57[0m[34;1m    809156[0m[34;1m   1955940[0m[34;1m     12312[0m
11:16:26   [34;1m    113520[0m[34;1m   1075896[0m[34;1m    780528[0m[34;1m     25.71[0m[34;1m     46792[0m[34;1m   2003428[0m[34;1m   3781984[0m[31;1m    124.57[0m[34;1m    809160[0m[34;1m   1956428[0m[34;1m       428[0m
11:16:27   [34;1m    111560[0m[34;1m   1074620[0m[34;1m    781884[0m[34;1m     25.75[0m[34;1m     46792[0m[34;1m   2004032[0m[34;1m   3781984[0m[31;1m    124.57[0m[34;1m    809372[0m[34;1m   1956104[0m[34;1m       812[0m
11:16:28   [34;1m    111336[0m[34;1m   1074940[0m[34;1m    781536[0m[34;1m     25.74[0m[34;1m     46800[0m[34;1m   2004620[0m[34;1m   3777376[0m[31;1m    124.42[0m[34;1m    809380[0m[34;1m   1955140[0m[34;1m      1396[0m
11:16:29   [34;1m    111336[0m[34;1m   1075312[0m[34;1m    781160[0m[34;1m     25.73[0m[34;1m     46800[0m[34;1m   2004988[0m[34;1m   3777376[0m[31;1m    124.42[0m[34;1m    809380[0m[34;1m   1956080[0m[34;1m      1764[0m
11:16:30   [34;1m    111112[0m[34;1m   1075688[0m[34;1m    780700[0m[34;1m     25.71[0m[34;1m     46800[0m[34;1m   2005676[0m[34;1m   3777376[0m[31;1m    124.42[0m[34;1m    809420[0m[34;1m   1956768[0m[34;1m      2312[0m
11:16:31   [34;1m    110888[0m[34;1m   1075948[0m[34;1m    780516[0m[34;1m     25.71[0m[34;1m     46800[0m[34;1m   2006080[0m[34;1m   3777376[0m[31;1m    124.42[0m[34;1m    809452[0m[34;1m   1957092[0m[34;1m      2784[0m
11:16:32   [34;1m    109172[0m[34;1m   1074928[0m[34;1m    781476[0m[34;1m     25.74[0m[34;1m     46808[0m[34;1m   2006692[0m[34;1m   3777376[0m[31;1m    124.42[0m[34;1m    809504[0m[34;1m   1957576[0m[34;1m      3356[0m
11:16:33   [34;1m    108948[0m[34;1m   1075200[0m[34;1m    781188[0m[34;1m     25.73[0m[34;1m     46808[0m[34;1m   2007188[0m[34;1m   3777376[0m[31;1m    124.42[0m[34;1m    809524[0m[34;1m   1958032[0m[34;1m      3836[0m
11:16:34   [34;1m    108248[0m[34;1m   1075028[0m[34;1m    781400[0m[34;1m     25.74[0m[34;1m     46808[0m[34;1m   2007700[0m[34;1m   3777376[0m[31;1m    124.42[0m[34;1m    809524[0m[34;1m   1958816[0m[34;1m      4348[0m
11:16:35   [34;1m    107996[0m[34;1m   1075256[0m[34;1m    781100[0m[34;1m     25.73[0m[34;1m     46808[0m[34;1m   2008248[0m[34;1m   3777376[0m[31;1m    124.42[0m[34;1m    809588[0m[34;1m   1959164[0m[34;1m      4832[0m
11:16:36   [34;1m    107016[0m[34;1m   1074948[0m[34;1m    781492[0m[34;1m     25.74[0m[34;1m     46820[0m[34;1m   2008824[0m[34;1m   3777376[0m[31;1m    124.42[0m[34;1m    809644[0m[34;1m   1959828[0m[34;1m      5364[0m
11:16:37   [34;1m    105564[0m[34;1m   1073960[0m[34;1m    782400[0m[34;1m     25.77[0m[34;1m     46820[0m[34;1m   2009300[0m[34;1m   3777376[0m[31;1m    124.42[0m[34;1m    809644[0m[34;1m   1958972[0m[34;1m      5836[0m
11:16:38   [34;1m    105340[0m[34;1m   1074248[0m[34;1m    782100[0m[34;1m     25.76[0m[34;1m     46820[0m[34;1m   2009808[0m[34;1m   3777376[0m[31;1m    124.42[0m[34;1m    809644[0m[34;1m   1959316[0m[34;1m      6340[0m
11:16:39   [34;1m    104136[0m[34;1m   1073456[0m[34;1m    782880[0m[34;1m     25.79[0m[34;1m     46824[0m[34;1m   2010204[0m[34;1m   3777376[0m[31;1m    124.42[0m[34;1m    809648[0m[34;1m   1960828[0m[34;1m      6736[0m
11:16:40   [34;1m    102900[0m[34;1m   1072864[0m[34;1m    783588[0m[34;1m     25.81[0m[34;1m     46832[0m[34;1m   2010744[0m[34;1m   3777376[0m[31;1m    124.42[0m[34;1m    809656[0m[34;1m   1962144[0m[34;1m      7272[0m
11:16:41   [34;1m    101920[0m[34;1m   1072248[0m[34;1m    784112[0m[34;1m     25.83[0m[34;1m     46832[0m[34;1m   2011184[0m[34;1m   3777376[0m[31;1m    124.42[0m[34;1m    809656[0m[34;1m   1962320[0m[34;1m      7712[0m
11:16:42   [34;1m    116140[0m[34;1m   1073036[0m[34;1m    783408[0m[34;1m     25.80[0m[34;1m     46572[0m[34;1m   1998356[0m[34;1m   3777376[0m[31;1m    124.42[0m[34;1m    806212[0m[34;1m   1952680[0m[34;1m      8280[0m
11:16:43   [34;1m    115748[0m[34;1m   1073384[0m[34;1m    783208[0m[34;1m     25.80[0m[34;1m     46572[0m[34;1m   1998968[0m[34;1m   3777376[0m[31;1m    124.42[0m[34;1m    806444[0m[34;1m   1952544[0m[34;1m      8756[0m
11:16:44   [34;1m    115272[0m[34;1m   1073380[0m[34;1m    783176[0m[34;1m     25.80[0m[34;1m     46580[0m[34;1m   1999476[0m[34;1m   3777376[0m[31;1m    124.42[0m[34;1m    806452[0m[34;1m   1952792[0m[34;1m      9260[0m
11:16:45   [34;1m    110540[0m[34;1m   1069132[0m[34;1m    787376[0m[34;1m     25.93[0m[34;1m     46580[0m[34;1m   1999932[0m[34;1m   3781984[0m[31;1m    124.57[0m[34;1m    806496[0m[34;1m   1955016[0m[34;1m      9716[0m
11:16:46   [34;1m    110288[0m[34;1m   1069468[0m[34;1m    787100[0m[34;1m     25.93[0m[34;1m     46580[0m[34;1m   2000488[0m[34;1m   3781984[0m[31;1m    124.57[0m[34;1m    806568[0m[34;1m   1955640[0m[34;1m     10196[0m
11:16:47   [34;1m    108808[0m[34;1m   1068452[0m[34;1m    788060[0m[34;1m     25.96[0m[34;1m     46580[0m[34;1m   2000988[0m[34;1m   3781984[0m[31;1m    124.57[0m[34;1m    806568[0m[34;1m   1956184[0m[34;1m     10696[0m
11:16:48   [34;1m    108584[0m[34;1m   1068608[0m[34;1m    787944[0m[34;1m     25.95[0m[34;1m     46580[0m[34;1m   2001368[0m[34;1m   3777376[0m[31;1m    124.42[0m[34;1m    806568[0m[34;1m   1955004[0m[34;1m     11072[0m
11:16:49   [34;1m    107648[0m[34;1m   1068556[0m[34;1m    787724[0m[34;1m     25.95[0m[34;1m     46588[0m[34;1m   2002032[0m[34;1m   3777376[0m[31;1m    124.42[0m[34;1m    806628[0m[34;1m   1955712[0m[34;1m     11684[0m
11:16:50   [34;1m    106728[0m[34;1m   1068056[0m[34;1m    788252[0m[34;1m     25.96[0m[34;1m     46592[0m[34;1m   2002476[0m[34;1m   3777376[0m[31;1m    124.42[0m[34;1m    806636[0m[34;1m   1956320[0m[34;1m     12124[0m
11:16:51   [34;1m    106280[0m[34;1m   1068204[0m[34;1m    788168[0m[34;1m     25.96[0m[34;1m     46600[0m[34;1m   2002992[0m[34;1m   3777376[0m[31;1m    124.42[0m[34;1m    806668[0m[34;1m   1956472[0m[34;1m     12620[0m
11:16:52   [34;1m    104544[0m[34;1m   1067000[0m[34;1m    789364[0m[34;1m     26.00[0m[34;1m     46600[0m[34;1m   2003524[0m[34;1m   3777376[0m[31;1m    124.42[0m[34;1m    806676[0m[34;1m   1957016[0m[34;1m     13136[0m
11:16:53   [34;1m    103620[0m[34;1m   1066512[0m[34;1m    789832[0m[34;1m     26.02[0m[34;1m     46600[0m[34;1m   2003988[0m[34;1m   3777376[0m[31;1m    124.42[0m[34;1m    806676[0m[34;1m   1957476[0m[34;1m     13600[0m
11:16:54   [34;1m    103144[0m[34;1m   1066516[0m[34;1m    789820[0m[34;1m     26.02[0m[34;1m     46600[0m[34;1m   2004480[0m[34;1m   3777376[0m[31;1m    124.42[0m[34;1m    806688[0m[34;1m   1958020[0m[34;1m     14080[0m
11:16:55   [34;1m    102444[0m[34;1m   1066236[0m[34;1m    790088[0m[34;1m     26.02[0m[34;1m     46600[0m[34;1m   2004912[0m[34;1m   3777376[0m[31;1m    124.42[0m[34;1m    806688[0m[34;1m   1958496[0m[34;1m     14504[0m
11:16:56   [34;1m    101720[0m[34;1m   1066104[0m[34;1m    790208[0m[34;1m     26.03[0m[34;1m     46608[0m[34;1m   2005484[0m[34;1m   3777376[0m[31;1m    124.42[0m[34;1m    806684[0m[34;1m   1959128[0m[34;1m        20[0m
11:16:57   [34;1m    101244[0m[34;1m   1066076[0m[34;1m    790196[0m[34;1m     26.03[0m[34;1m     46608[0m[34;1m   2006000[0m[34;1m   3777376[0m[31;1m    124.42[0m[34;1m    806688[0m[34;1m   1959500[0m[34;1m       540[0m
11:16:58   [34;1m    100036[0m[34;1m   1065416[0m[34;1m    790928[0m[34;1m     26.05[0m[34;1m     46608[0m[34;1m   2006448[0m[34;1m   3777376[0m[31;1m    124.42[0m[34;1m    806692[0m[34;1m   1960420[0m[34;1m       992[0m
11:16:59   [34;1m    116616[0m[34;1m   1069220[0m[34;1m    787260[0m[34;1m     25.93[0m[34;1m     46344[0m[34;1m   1994216[0m[34;1m   3777376[0m[31;1m    124.42[0m[34;1m    803948[0m[34;1m   1950036[0m[34;1m      1504[0m
11:17:00   [34;1m    115700[0m[34;1m   1068860[0m[34;1m    787696[0m[34;1m     25.95[0m[34;1m     46344[0m[34;1m   1994716[0m[34;1m   3777376[0m[31;1m    124.42[0m[34;1m    803948[0m[34;1m   1951024[0m[34;1m      2004[0m
11:17:01   [34;1m    114472[0m[34;1m   1068148[0m[34;1m    788516[0m[34;1m     25.97[0m[34;1m     46348[0m[34;1m   1995108[0m[34;1m   3777376[0m[31;1m    124.42[0m[34;1m    803952[0m[34;1m   1951432[0m[34;1m      2444[0m
11:17:02   [34;1m    111552[0m[34;1m   1065684[0m[34;1m    790852[0m[34;1m     26.05[0m[34;1m     46352[0m[34;1m   1995680[0m[34;1m   3777376[0m[31;1m    124.42[0m[34;1m    803964[0m[34;1m   1952188[0m[34;1m      3012[0m
11:17:03   [34;1m    111104[0m[34;1m   1066224[0m[34;1m    790280[0m[34;1m     26.03[0m[34;1m     46352[0m[34;1m   1996676[0m[34;1m   3777376[0m[31;1m    124.42[0m[34;1m    804084[0m[34;1m   1953024[0m[34;1m      3520[0m
11:17:04   [34;1m    108108[0m[34;1m   1063668[0m[34;1m    792820[0m[34;1m     26.11[0m[34;1m     46352[0m[34;1m   1997160[0m[34;1m   3777376[0m[31;1m    124.42[0m[34;1m    804084[0m[34;1m   1953492[0m[34;1m      4004[0m
11:17:05   [34;1m    105392[0m[34;1m   1061600[0m[34;1m    794672[0m[34;1m     26.18[0m[34;1m     46352[0m[34;1m   1997548[0m[34;1m   3781984[0m[31;1m    124.57[0m[34;1m    804084[0m[34;1m   1955548[0m[34;1m      4392[0m
11:17:06   [34;1m    104916[0m[34;1m   1061744[0m[34;1m    794592[0m[34;1m     26.17[0m[34;1m     46352[0m[34;1m   1998128[0m[34;1m   3781984[0m[31;1m    124.57[0m[34;1m    804148[0m[34;1m   1956124[0m[34;1m      4892[0m
11:17:07   [34;1m    103936[0m[34;1m   1061352[0m[34;1m    794888[0m[34;1m     26.18[0m[34;1m     46356[0m[34;1m   1998772[0m[34;1m   3781984[0m[31;1m    124.57[0m[34;1m    804248[0m[34;1m   1955520[0m[34;1m      5444[0m
11:17:08   [34;1m    103708[0m[34;1m   1061628[0m[34;1m    794660[0m[34;1m     26.17[0m[34;1m     46360[0m[34;1m   1999240[0m[34;1m   3777376[0m[31;1m    124.42[0m[34;1m    804272[0m[34;1m   1954564[0m[34;1m      5892[0m
11:17:09   [34;1m    103036[0m[34;1m   1061512[0m[34;1m    794752[0m[34;1m     26.18[0m[34;1m     46360[0m[34;1m   1999792[0m[34;1m   3777376[0m[31;1m    124.42[0m[34;1m    804272[0m[34;1m   1955136[0m[34;1m      6444[0m
11:17:10   [34;1m    102340[0m[34;1m   1061192[0m[34;1m    795072[0m[34;1m     26.19[0m[34;1m     46360[0m[34;1m   2000156[0m[34;1m   3777376[0m[31;1m    124.42[0m[34;1m    804272[0m[34;1m   1955772[0m[34;1m      6808[0m
11:17:11   [34;1m    102116[0m[34;1m   1061404[0m[34;1m    794780[0m[34;1m     26.18[0m[34;1m     46360[0m[34;1m   2000660[0m[34;1m   3777376[0m[31;1m    124.42[0m[34;1m    804272[0m[34;1m   1956344[0m[34;1m      7312[0m
11:17:12   [34;1m    129432[0m[34;1m   1089236[0m[34;1m    767024[0m[34;1m     25.26[0m[34;1m     46360[0m[34;1m   2001088[0m[34;1m   3777376[0m[31;1m    124.42[0m[34;1m    804272[0m[34;1m   1956680[0m[34;1m      7736[0m
11:17:13   [34;1m    126980[0m[34;1m   1087352[0m[34;1m    768828[0m[34;1m     25.32[0m[34;1m     46364[0m[34;1m   2001724[0m[34;1m   3777376[0m[31;1m    124.42[0m[34;1m    804276[0m[34;1m   1958164[0m[34;1m      8368[0m
11:17:14   [34;1m    126252[0m[34;1m   1087212[0m[34;1m    769028[0m[34;1m     25.33[0m[34;1m     46364[0m[34;1m   2002232[0m[34;1m   3777376[0m[31;1m    124.42[0m[34;1m    804276[0m[34;1m   1958424[0m[34;1m      8836[0m
11:17:15   [34;1m    125048[0m[34;1m   1086384[0m[34;1m    769832[0m[34;1m     25.36[0m[34;1m     46364[0m[34;1m   2002648[0m[34;1m   3777376[0m[31;1m    124.42[0m[34;1m    804276[0m[34;1m   1958808[0m[34;1m      9252[0m
11:17:16   [34;1m    124796[0m[34;1m   1086740[0m[34;1m    769496[0m[34;1m     25.35[0m[34;1m     46364[0m[34;1m   2003188[0m[34;1m   3777376[0m[31;1m    124.42[0m[34;1m    804276[0m[34;1m   1959528[0m[34;1m      9792[0m
11:17:17   [34;1m    123564[0m[34;1m   1085932[0m[34;1m    770324[0m[34;1m     25.37[0m[34;1m     46364[0m[34;1m   2003604[0m[34;1m   3777376[0m[31;1m    124.42[0m[34;1m    804276[0m[34;1m   1959872[0m[34;1m     10208[0m
11:17:18   [34;1m    123088[0m[34;1m   1086056[0m[34;1m    770172[0m[34;1m     25.37[0m[34;1m     46368[0m[34;1m   2004192[0m[34;1m   3777376[0m[31;1m    124.42[0m[34;1m    804280[0m[34;1m   1960676[0m[34;1m     10796[0m
11:17:19   [34;1m    119364[0m[34;1m   1082736[0m[34;1m    773460[0m[34;1m     25.48[0m[34;1m     46368[0m[34;1m   2004608[0m[34;1m   3777376[0m[31;1m    124.42[0m[34;1m    804280[0m[34;1m   1961084[0m[34;1m     11212[0m
11:17:20   [34;1m    118416[0m[34;1m   1082404[0m[34;1m    773816[0m[34;1m     25.49[0m[34;1m     46376[0m[34;1m   2005208[0m[34;1m   3777376[0m[31;1m    124.42[0m[34;1m    804280[0m[34;1m   1962044[0m[34;1m     11820[0m
11:17:21   [34;1m    117968[0m[34;1m   1082496[0m[34;1m    773772[0m[34;1m     25.49[0m[34;1m     46376[0m[34;1m   2005724[0m[34;1m   3777376[0m[31;1m    124.42[0m[34;1m    804288[0m[34;1m   1962388[0m[34;1m     12328[0m
11:17:22   [34;1m    117520[0m[34;1m   1082512[0m[34;1m    773708[0m[34;1m     25.48[0m[34;1m     46376[0m[34;1m   2006180[0m[34;1m   3777376[0m[31;1m    124.42[0m[34;1m    804288[0m[34;1m   1962904[0m[34;1m     12784[0m
11:17:23   [34;1m    117520[0m[34;1m   1082864[0m[34;1m    773296[0m[34;1m     25.47[0m[34;1m     46376[0m[34;1m   2006584[0m[34;1m   3777376[0m[31;1m    124.42[0m[34;1m    804288[0m[34;1m   1963288[0m[34;1m     13188[0m
11:17:24   [34;1m    116796[0m[34;1m   1082788[0m[34;1m    773396[0m[34;1m     25.47[0m[34;1m     46380[0m[34;1m   2007188[0m[34;1m   3777376[0m[31;1m    124.42[0m[34;1m    804292[0m[34;1m   1963984[0m[34;1m     13788[0m
11:17:25   [34;1m    114304[0m[34;1m   1080876[0m[34;1m    775224[0m[34;1m     25.53[0m[34;1m     46380[0m[34;1m   2007792[0m[34;1m   3781984[0m[31;1m    124.57[0m[34;1m    804376[0m[34;1m   1966140[0m[34;1m     14268[0m
11:17:26   [34;1m    113576[0m[34;1m   1080724[0m[34;1m    775428[0m[34;1m     25.54[0m[34;1m     46380[0m[34;1m   2008308[0m[34;1m   3781984[0m[31;1m    124.57[0m[34;1m    804376[0m[34;1m   1966676[0m[34;1m     14784[0m
11:17:27   [34;1m    111840[0m[34;1m   1079400[0m[34;1m    776760[0m[34;1m     25.59[0m[34;1m     46380[0m[34;1m   2008684[0m[34;1m   3781984[0m[31;1m    124.57[0m[34;1m    804376[0m[34;1m   1967436[0m[34;1m       156[0m
11:17:28   [34;1m    111840[0m[34;1m   1079948[0m[34;1m    776200[0m[34;1m     25.57[0m[34;1m     46380[0m[34;1m   2009228[0m[34;1m   3777376[0m[31;1m    124.42[0m[34;1m    804380[0m[34;1m   1966320[0m[34;1m       696[0m
11:17:29   [34;1m    111392[0m[34;1m   1079944[0m[34;1m    776196[0m[34;1m     25.57[0m[34;1m     46384[0m[34;1m   2009664[0m[34;1m   3777376[0m[31;1m    124.42[0m[34;1m    804384[0m[34;1m   1966904[0m[34;1m      1132[0m
11:17:30   [34;1m    203856[0m[34;1m   1079656[0m[34;1m    776820[0m[34;1m     25.59[0m[34;1m     46384[0m[34;1m   1917228[0m[34;1m   3777376[0m[31;1m    124.42[0m[34;1m    804384[0m[34;1m   1874748[0m[34;1m       508[0m
11:17:31   [34;1m    203608[0m[34;1m   1079812[0m[34;1m    776544[0m[34;1m     25.58[0m[34;1m     46392[0m[34;1m   1917752[0m[34;1m   3777376[0m[31;1m    124.42[0m[34;1m    804392[0m[34;1m   1875000[0m[34;1m      1048[0m
11:17:32   [34;1m    203132[0m[34;1m   1079932[0m[34;1m    776492[0m[34;1m     25.58[0m[34;1m     46392[0m[34;1m   1918236[0m[34;1m   3777376[0m[31;1m    124.42[0m[34;1m    804392[0m[34;1m   1875620[0m[34;1m      1432[0m
11:17:33   [34;1m    202908[0m[34;1m   1080208[0m[34;1m    776196[0m[34;1m     25.57[0m[34;1m     46392[0m[34;1m   1918744[0m[34;1m   3777376[0m[31;1m    124.42[0m[34;1m    804392[0m[34;1m   1876292[0m[34;1m      1936[0m
11:17:34   [34;1m    202684[0m[34;1m   1080404[0m[34;1m    776040[0m[34;1m     25.56[0m[34;1m     46392[0m[34;1m   1919148[0m[34;1m   3777376[0m[31;1m    124.42[0m[34;1m    804392[0m[34;1m   1876492[0m[34;1m      2340[0m
11:17:35   [34;1m    201988[0m[34;1m   1080276[0m[34;1m    776124[0m[34;1m     25.56[0m[34;1m     46392[0m[34;1m   1919756[0m[34;1m   3777376[0m[31;1m    124.42[0m[34;1m    804392[0m[34;1m   1877068[0m[34;1m      2948[0m
11:17:36   [34;1m    201512[0m[34;1m   1080284[0m[34;1m    776120[0m[34;1m     25.56[0m[34;1m     46408[0m[34;1m   1920196[0m[34;1m   3777376[0m[31;1m    124.42[0m[34;1m    804408[0m[34;1m   1877544[0m[34;1m      3420[0m
11:17:37   [34;1m    201036[0m[34;1m   1080168[0m[34;1m    776244[0m[34;1m     25.57[0m[34;1m     46408[0m[34;1m   1920576[0m[34;1m   3777376[0m[31;1m    124.42[0m[34;1m    804408[0m[34;1m   1876140[0m[34;1m      3800[0m
11:17:38   [34;1m    200588[0m[34;1m   1080320[0m[34;1m    776084[0m[34;1m     25.56[0m[34;1m     46408[0m[34;1m   1921148[0m[34;1m   3777376[0m[31;1m    124.42[0m[34;1m    804408[0m[34;1m   1877300[0m[34;1m      4372[0m
11:17:39   [34;1m    200364[0m[34;1m   1080476[0m[34;1m    775820[0m[34;1m     25.55[0m[34;1m     46408[0m[34;1m   1921644[0m[34;1m   3777376[0m[31;1m    124.42[0m[34;1m    804408[0m[34;1m   1877500[0m[34;1m      4868[0m
11:17:40   [34;1m    200140[0m[34;1m   1080792[0m[34;1m    775632[0m[34;1m     25.55[0m[34;1m     46408[0m[34;1m   1922064[0m[34;1m   3777376[0m[31;1m    124.42[0m[34;1m    804408[0m[34;1m   1878796[0m[34;1m      5288[0m
11:17:41   [34;1m    199664[0m[34;1m   1080816[0m[34;1m    775680[0m[34;1m     25.55[0m[34;1m     46424[0m[34;1m   1922484[0m[34;1m   3777376[0m[31;1m    124.42[0m[34;1m    804408[0m[34;1m   1879344[0m[34;1m      5724[0m
11:17:42   [34;1m    198240[0m[34;1m   1079944[0m[34;1m    776468[0m[34;1m     25.58[0m[34;1m     46424[0m[34;1m   1923096[0m[34;1m   3777376[0m[31;1m    124.42[0m[34;1m    804424[0m[34;1m   1879628[0m[34;1m      6316[0m
11:17:43   [34;1m    197792[0m[34;1m   1079876[0m[34;1m    776532[0m[34;1m     25.58[0m[34;1m     46424[0m[34;1m   1923504[0m[34;1m   3777376[0m[31;1m    124.42[0m[34;1m    804424[0m[34;1m   1879772[0m[34;1m      6724[0m
11:17:44   [34;1m    197568[0m[34;1m   1080328[0m[34;1m    776072[0m[34;1m     25.56[0m[34;1m     46424[0m[34;1m   1924172[0m[34;1m   3777376[0m[31;1m    124.42[0m[34;1m    804528[0m[34;1m   1880364[0m[34;1m      7288[0m
11:17:45   [34;1m    196336[0m[34;1m   1079536[0m[34;1m    776800[0m[34;1m     25.59[0m[34;1m     46424[0m[34;1m   1924664[0m[34;1m   3781984[0m[31;1m    124.57[0m[34;1m    804644[0m[34;1m   1882300[0m[34;1m      7664[0m
11:17:46   [34;1m    195356[0m[34;1m   1079236[0m[34;1m    777156[0m[34;1m     25.60[0m[34;1m     46428[0m[34;1m   1925280[0m[34;1m   3781984[0m[31;1m    124.57[0m[34;1m    804648[0m[34;1m   1883076[0m[34;1m      8232[0m
11:17:47   [34;1m    193144[0m[34;1m   1077444[0m[34;1m    778932[0m[34;1m     25.66[0m[34;1m     46428[0m[34;1m   1925712[0m[34;1m   3781984[0m[31;1m    124.57[0m[34;1m    804648[0m[34;1m   1883652[0m[34;1m      8664[0m
11:17:48   [34;1m    192420[0m[34;1m   1077304[0m[34;1m    779040[0m[34;1m     25.66[0m[34;1m     46436[0m[34;1m   1926296[0m[34;1m   3777632[0m[31;1m    124.43[0m[34;1m    804656[0m[34;1m   1882712[0m[34;1m      9244[0m
11:17:49   [34;1m    191972[0m[34;1m   1077260[0m[34;1m    779196[0m[34;1m     25.67[0m[34;1m     46436[0m[34;1m   1926660[0m[34;1m   3777632[0m[31;1m    124.43[0m[34;1m    804656[0m[34;1m   1883156[0m[34;1m      9604[0m
11:17:50   [34;1m    191524[0m[34;1m   1077372[0m[34;1m    778984[0m[34;1m     25.66[0m[34;1m     46436[0m[34;1m   1927272[0m[34;1m   3777632[0m[31;1m    124.43[0m[34;1m    804656[0m[34;1m   1883944[0m[34;1m     10216[0m
11:17:51   [34;1m    191164[0m[34;1m   1077456[0m[34;1m    778976[0m[34;1m     25.66[0m[34;1m     46436[0m[34;1m   1927692[0m[34;1m   3777632[0m[31;1m    124.43[0m[34;1m    804656[0m[34;1m   1884176[0m[34;1m     10636[0m
11:17:52   [34;1m    189736[0m[34;1m   1076544[0m[34;1m    779908[0m[34;1m     25.69[0m[34;1m     46444[0m[34;1m   1928180[0m[34;1m   3777632[0m[31;1m    124.43[0m[34;1m    804656[0m[34;1m   1884588[0m[34;1m     11132[0m
11:17:53   [34;1m    189008[0m[34;1m   1076448[0m[34;1m    780016[0m[34;1m     25.69[0m[34;1m     46444[0m[34;1m   1928792[0m[34;1m   3777632[0m[31;1m    124.43[0m[34;1m    804668[0m[34;1m   1885228[0m[34;1m     11688[0m
11:17:54   [34;1m    188784[0m[34;1m   1076800[0m[34;1m    779616[0m[34;1m     25.68[0m[34;1m     46444[0m[34;1m   1929420[0m[34;1m   3777632[0m[31;1m    124.43[0m[34;1m    804808[0m[34;1m   1885720[0m[34;1m     12144[0m
11:17:55   [34;1m    187580[0m[34;1m   1076096[0m[34;1m    780388[0m[34;1m     25.70[0m[34;1m     46444[0m[34;1m   1929864[0m[34;1m   3777632[0m[31;1m    124.43[0m[34;1m    804844[0m[34;1m   1886228[0m[34;1m     12580[0m
11:17:56   [34;1m    187076[0m[34;1m   1076052[0m[34;1m    780376[0m[34;1m     25.70[0m[34;1m     46444[0m[34;1m   1930380[0m[34;1m   3777632[0m[31;1m    124.43[0m[34;1m    804844[0m[34;1m   1886664[0m[34;1m     13096[0m
11:17:57   [34;1m    185116[0m[34;1m   1074608[0m[34;1m    781800[0m[34;1m     25.75[0m[34;1m     46452[0m[34;1m   1930880[0m[34;1m   3777632[0m[31;1m    124.43[0m[34;1m    804844[0m[34;1m   1887192[0m[34;1m     13604[0m
11:17:58   [34;1m    184388[0m[34;1m   1074400[0m[34;1m    782036[0m[34;1m     25.76[0m[34;1m     46452[0m[34;1m   1931404[0m[34;1m   3777632[0m[31;1m    124.43[0m[34;1m    804852[0m[34;1m   1887712[0m[34;1m     14128[0m
11:17:59   [34;1m    183664[0m[34;1m   1074104[0m[34;1m    782264[0m[34;1m     25.77[0m[34;1m     46452[0m[34;1m   1931860[0m[34;1m   3777632[0m[31;1m    124.43[0m[34;1m    804852[0m[34;1m   1888148[0m[34;1m     14584[0m
11:18:00   [34;1m    182712[0m[34;1m   1073544[0m[34;1m    782884[0m[34;1m     25.79[0m[34;1m     46460[0m[34;1m   1932212[0m[34;1m   3777632[0m[31;1m    124.43[0m[34;1m    804852[0m[34;1m   1888736[0m[34;1m     14944[0m
11:18:01   [34;1m    182488[0m[34;1m   1073960[0m[34;1m    782480[0m[34;1m     25.77[0m[34;1m     46460[0m[34;1m   1932840[0m[34;1m   3777632[0m[31;1m    124.43[0m[34;1m    804860[0m[34;1m   1889180[0m[34;1m     15572[0m
11:18:02   [34;1m    181004[0m[34;1m   1072904[0m[34;1m    783532[0m[34;1m     25.81[0m[34;1m     46460[0m[34;1m   1933264[0m[34;1m   3777632[0m[31;1m    124.43[0m[34;1m    804860[0m[34;1m   1889632[0m[34;1m     15996[0m
11:18:03   [34;1m    181168[0m[34;1m   1073460[0m[34;1m    782960[0m[34;1m     25.79[0m[34;1m     46460[0m[34;1m   1933680[0m[34;1m   3777632[0m[31;1m    124.43[0m[34;1m    804860[0m[34;1m   1885036[0m[34;1m       192[0m
11:18:04   [34;1m    180464[0m[34;1m   1073356[0m[34;1m    783052[0m[34;1m     25.79[0m[34;1m     46464[0m[34;1m   1934256[0m[34;1m   3777632[0m[31;1m    124.43[0m[34;1m    804864[0m[34;1m   1880432[0m[34;1m       776[0m
11:18:05   [34;1m    180240[0m[34;1m   1073472[0m[34;1m    782904[0m[34;1m     25.79[0m[34;1m     46464[0m[34;1m   1934636[0m[34;1m   3782240[0m[31;1m    124.58[0m[34;1m    804864[0m[34;1m   1883584[0m[34;1m      1156[0m
11:18:06   [34;1m    179516[0m[34;1m   1073380[0m[34;1m    783028[0m[34;1m     25.79[0m[34;1m     46464[0m[34;1m   1935224[0m[34;1m   3782240[0m[31;1m    124.58[0m[34;1m    804864[0m[34;1m   1884512[0m[34;1m      1748[0m
11:18:07   [34;1m    179292[0m[34;1m   1073696[0m[34;1m    782812[0m[34;1m     25.78[0m[34;1m     46464[0m[34;1m   1935656[0m[34;1m   3782240[0m[31;1m    124.58[0m[34;1m    804864[0m[34;1m   1884672[0m[34;1m      2180[0m
11:18:08   [34;1m    179068[0m[34;1m   1073908[0m[34;1m    782504[0m[34;1m     25.77[0m[34;1m     46464[0m[34;1m   1936196[0m[34;1m   3777632[0m[31;1m    124.43[0m[34;1m    804864[0m[34;1m   1885268[0m[34;1m      2656[0m
11:18:09   [34;1m    178844[0m[34;1m   1074132[0m[34;1m    782340[0m[34;1m     25.77[0m[34;1m     46464[0m[34;1m   1936600[0m[34;1m   3777632[0m[31;1m    124.43[0m[34;1m    804864[0m[34;1m   1885820[0m[34;1m      3080[0m
11:18:10   [34;1m    178620[0m[34;1m   1074360[0m[34;1m    782044[0m[34;1m     25.76[0m[34;1m     46464[0m[34;1m   1937112[0m[34;1m   3777632[0m[31;1m    124.43[0m[34;1m    804864[0m[34;1m   1886620[0m[34;1m      3592[0m
11:18:11   [34;1m    178396[0m[34;1m   1074520[0m[34;1m    781868[0m[34;1m     25.75[0m[34;1m     46464[0m[34;1m   1937524[0m[34;1m   3777632[0m[31;1m    124.43[0m[34;1m    804864[0m[34;1m   1887000[0m[34;1m      4004[0m
11:18:12   [34;1m    177920[0m[34;1m   1074720[0m[34;1m    781740[0m[34;1m     25.75[0m[34;1m     46468[0m[34;1m   1938140[0m[34;1m   3777632[0m[31;1m    124.43[0m[34;1m    804868[0m[34;1m   1887924[0m[34;1m      4628[0m
11:18:13   [34;1m    177696[0m[34;1m   1074960[0m[34;1m    781488[0m[34;1m     25.74[0m[34;1m     46468[0m[34;1m   1938632[0m[34;1m   3777632[0m[31;1m    124.43[0m[34;1m    804868[0m[34;1m   1887980[0m[34;1m      5120[0m
11:18:14   [34;1m    176996[0m[34;1m   1074748[0m[34;1m    781732[0m[34;1m     25.75[0m[34;1m     46476[0m[34;1m   1939080[0m[34;1m   3777632[0m[31;1m    124.43[0m[34;1m    804876[0m[34;1m   1888532[0m[34;1m      5568[0m
11:18:15   [34;1m    176296[0m[34;1m   1074568[0m[34;1m    781860[0m[34;1m     25.75[0m[34;1m     46476[0m[34;1m   1939628[0m[34;1m   3777632[0m[31;1m    124.43[0m[34;1m    804876[0m[34;1m   1889140[0m[34;1m      6116[0m
11:18:16   [34;1m    175624[0m[34;1m   1074372[0m[34;1m    782112[0m[34;1m     25.76[0m[34;1m     46476[0m[34;1m   1940080[0m[34;1m   3777632[0m[31;1m    124.43[0m[34;1m    804876[0m[34;1m   1889740[0m[34;1m      6568[0m
11:18:17   [34;1m    174392[0m[34;1m   1073644[0m[34;1m    782812[0m[34;1m     25.78[0m[34;1m     46476[0m[34;1m   1940596[0m[34;1m   3777632[0m[31;1m    124.43[0m[34;1m    804876[0m[34;1m   1891000[0m[34;1m      7084[0m
11:18:18   [34;1m    173916[0m[34;1m   1073676[0m[34;1m    782780[0m[34;1m     25.78[0m[34;1m     46476[0m[34;1m   1941096[0m[34;1m   3777632[0m[31;1m    124.43[0m[34;1m    804876[0m[34;1m   1891228[0m[34;1m      7584[0m
11:18:19   [34;1m    170416[0m[34;1m   1070620[0m[34;1m    785920[0m[34;1m     25.89[0m[34;1m     46480[0m[34;1m   1941452[0m[34;1m   3777632[0m[31;1m    124.43[0m[34;1m    804876[0m[34;1m   1892168[0m[34;1m      7944[0m
11:18:20   [34;1m    170164[0m[34;1m   1070988[0m[34;1m    785448[0m[34;1m     25.87[0m[34;1m     46480[0m[34;1m   1942148[0m[34;1m   3777632[0m[31;1m    124.43[0m[34;1m    804976[0m[34;1m   1892672[0m[34;1m      8540[0m
11:18:21   [34;1m    169940[0m[34;1m   1071284[0m[34;1m    785032[0m[34;1m     25.86[0m[34;1m     46480[0m[34;1m   1942800[0m[34;1m   3777632[0m[31;1m    124.43[0m[34;1m    804976[0m[34;1m   1893040[0m[34;1m      9064[0m
11:18:22   [34;1m    168936[0m[34;1m   1070960[0m[34;1m    785464[0m[34;1m     25.87[0m[34;1m     46484[0m[34;1m   1943352[0m[34;1m   3777632[0m[31;1m    124.43[0m[34;1m    805088[0m[34;1m   1893760[0m[34;1m      9504[0m
11:18:23   [34;1m    168236[0m[34;1m   1070776[0m[34;1m    785632[0m[34;1m     25.88[0m[34;1m     46484[0m[34;1m   1943908[0m[34;1m   3777632[0m[31;1m    124.43[0m[34;1m    805088[0m[34;1m   1894304[0m[34;1m     10060[0m
11:18:24   [34;1m    167508[0m[34;1m   1070552[0m[34;1m    785908[0m[34;1m     25.89[0m[34;1m     46484[0m[34;1m   1944360[0m[34;1m   3777632[0m[31;1m    124.43[0m[34;1m    805112[0m[34;1m   1894852[0m[34;1m     10480[0m
11:18:25   [34;1m    166024[0m[34;1m   1069520[0m[34;1m    786860[0m[34;1m     25.92[0m[34;1m     46484[0m[34;1m   1944872[0m[34;1m   3782240[0m[31;1m    124.58[0m[34;1m    805112[0m[34;1m   1896988[0m[34;1m     10992[0m
11:18:26   [34;1m    164852[0m[34;1m   1069012[0m[34;1m    787468[0m[34;1m     25.94[0m[34;1m     46492[0m[34;1m   1945412[0m[34;1m   3782240[0m[31;1m    124.58[0m[34;1m    805112[0m[34;1m   1897708[0m[34;1m     11484[0m
11:18:27   [34;1m    163088[0m[34;1m   1067632[0m[34;1m    788804[0m[34;1m     25.98[0m[34;1m     46492[0m[34;1m   1945844[0m[34;1m   3782240[0m[31;1m    124.58[0m[34;1m    805120[0m[34;1m   1898300[0m[34;1m     11912[0m
11:18:28   [34;1m    162136[0m[34;1m   1067168[0m[34;1m    789224[0m[34;1m     26.00[0m[34;1m     46492[0m[34;1m   1946384[0m[34;1m   3777632[0m[31;1m    124.43[0m[34;1m    805120[0m[34;1m   1897184[0m[34;1m     12452[0m
11:18:29   [34;1m    161664[0m[34;1m   1067152[0m[34;1m    789152[0m[34;1m     25.99[0m[34;1m     46492[0m[34;1m   1946908[0m[34;1m   3777632[0m[31;1m    124.43[0m[34;1m    805120[0m[34;1m   1897640[0m[34;1m     12976[0m
11:18:30   [34;1m    161216[0m[34;1m   1067332[0m[34;1m    789132[0m[34;1m     25.99[0m[34;1m     46492[0m[34;1m   1947424[0m[34;1m   3777632[0m[31;1m    124.43[0m[34;1m    805120[0m[34;1m   1898540[0m[34;1m     13492[0m
11:18:31   [34;1m    160964[0m[34;1m   1067476[0m[34;1m    788928[0m[34;1m     25.99[0m[34;1m     46500[0m[34;1m   1947876[0m[34;1m   3777632[0m[31;1m    124.43[0m[34;1m    805120[0m[34;1m   1898592[0m[34;1m     13944[0m
11:18:32   [34;1m    158752[0m[34;1m   1065860[0m[34;1m    790612[0m[34;1m     26.04[0m[34;1m     46508[0m[34;1m   1948392[0m[34;1m   3777632[0m[31;1m    124.43[0m[34;1m    805136[0m[34;1m   1899388[0m[34;1m     14460[0m
11:18:33   [34;1m    157576[0m[34;1m   1065072[0m[34;1m    791336[0m[34;1m     26.07[0m[34;1m     46508[0m[34;1m   1948848[0m[34;1m   3777632[0m[31;1m    124.43[0m[34;1m    805136[0m[34;1m   1900124[0m[34;1m     14916[0m
11:18:34   [34;1m    157100[0m[34;1m   1065132[0m[34;1m    791296[0m[34;1m     26.06[0m[34;1m     46508[0m[34;1m   1949344[0m[34;1m   3777632[0m[31;1m    124.43[0m[34;1m    805136[0m[34;1m   1900300[0m[34;1m       424[0m
11:18:35   [34;1m    156876[0m[34;1m   1065328[0m[34;1m    791184[0m[34;1m     26.06[0m[34;1m     46508[0m[34;1m   1949712[0m[34;1m   3777632[0m[31;1m    124.43[0m[34;1m    805136[0m[34;1m   1900744[0m[34;1m       792[0m
11:18:36   [34;1m    155900[0m[34;1m   1064896[0m[34;1m    791524[0m[34;1m     26.07[0m[34;1m     46508[0m[34;1m   1950308[0m[34;1m   3777632[0m[31;1m    124.43[0m[34;1m    805136[0m[34;1m   1901544[0m[34;1m      1388[0m
11:18:37   [34;1m    154696[0m[34;1m   1064216[0m[34;1m    792260[0m[34;1m     26.10[0m[34;1m     46516[0m[34;1m   1950768[0m[34;1m   3777632[0m[31;1m    124.43[0m[34;1m    805132[0m[34;1m   1901032[0m[34;1m      1856[0m
11:18:38   [34;1m    154192[0m[34;1m   1064168[0m[34;1m    792288[0m[34;1m     26.10[0m[34;1m     46516[0m[34;1m   1951268[0m[34;1m   3777632[0m[31;1m    124.43[0m[34;1m    805144[0m[34;1m   1901492[0m[34;1m      2256[0m
11:18:39   [34;1m    153968[0m[34;1m   1064576[0m[34;1m    791848[0m[34;1m     26.08[0m[34;1m     46520[0m[34;1m   1951904[0m[34;1m   3777632[0m[31;1m    124.43[0m[34;1m    805212[0m[34;1m   1902136[0m[34;1m      2780[0m
11:18:40   [34;1m    152988[0m[34;1m   1063944[0m[34;1m    792380[0m[34;1m     26.10[0m[34;1m     46520[0m[34;1m   1952352[0m[34;1m   3777632[0m[31;1m    124.43[0m[34;1m    805212[0m[34;1m   1902776[0m[34;1m      3228[0m
11:18:41   [34;1m    152288[0m[34;1m   1063752[0m[34;1m    792596[0m[34;1m     26.11[0m[34;1m     46520[0m[34;1m   1952808[0m[34;1m   3777632[0m[31;1m    124.43[0m[34;1m    805212[0m[34;1m   1903308[0m[34;1m      3688[0m
11:18:42   [34;1m    150804[0m[34;1m   1062864[0m[34;1m    793580[0m[34;1m     26.14[0m[34;1m     46520[0m[34;1m   1953336[0m[34;1m   3777632[0m[31;1m    124.43[0m[34;1m    805212[0m[34;1m   1903992[0m[34;1m      4216[0m
11:18:43   [34;1m    177192[0m[34;1m   1089684[0m[34;1m    766732[0m[34;1m     25.25[0m[34;1m     46520[0m[34;1m   1953772[0m[34;1m   3777632[0m[31;1m    124.43[0m[34;1m    805212[0m[34;1m   1904560[0m[34;1m      4652[0m
11:18:44   [34;1m    176716[0m[34;1m   1089668[0m[34;1m    766784[0m[34;1m     25.26[0m[34;1m     46532[0m[34;1m   1954200[0m[34;1m   3777632[0m[31;1m    124.43[0m[34;1m    805220[0m[34;1m   1904944[0m[34;1m      5140[0m
11:18:45   [34;1m    174448[0m[34;1m   1087964[0m[34;1m    768448[0m[34;1m     25.31[0m[34;1m     46532[0m[34;1m   1954772[0m[34;1m   3782240[0m[31;1m    124.58[0m[34;1m    805224[0m[34;1m   1907060[0m[34;1m      5704[0m
11:18:46   [34;1m    173972[0m[34;1m   1087900[0m[34;1m    768452[0m[34;1m     25.31[0m[34;1m     46532[0m[34;1m   1955264[0m[34;1m   3782240[0m[31;1m    124.58[0m[34;1m    805224[0m[34;1m   1907520[0m[34;1m      6196[0m
11:18:47   [34;1m    171232[0m[34;1m   1085636[0m[34;1m    770732[0m[34;1m     25.39[0m[34;1m     46532[0m[34;1m   1955724[0m[34;1m   3782240[0m[31;1m    124.58[0m[34;1m    805224[0m[34;1m   1908004[0m[34;1m      6656[0m
11:18:48   [34;1m    170756[0m[34;1m   1085616[0m[34;1m    770800[0m[34;1m     25.39[0m[34;1m     46532[0m[34;1m   1956116[0m[34;1m   3777632[0m[31;1m    124.43[0m[34;1m    805224[0m[34;1m   1907084[0m[34;1m      7048[0m
11:18:49   [34;1m    170532[0m[34;1m   1086096[0m[34;1m    770284[0m[34;1m     25.37[0m[34;1m     46540[0m[34;1m   1956868[0m[34;1m   3777632[0m[31;1m    124.43[0m[34;1m    805280[0m[34;1m   1907772[0m[34;1m      7628[0m
11:18:50   [34;1m    170056[0m[34;1m   1086072[0m[34;1m    770356[0m[34;1m     25.37[0m[34;1m     46540[0m[34;1m   1957296[0m[34;1m   3777632[0m[31;1m    124.43[0m[34;1m    805280[0m[34;1m   1908688[0m[34;1m      8056[0m
11:18:51   [34;1m    169804[0m[34;1m   1086248[0m[34;1m    770136[0m[34;1m     25.37[0m[34;1m     46556[0m[34;1m   1957732[0m[34;1m   3777632[0m[31;1m    124.43[0m[34;1m    805288[0m[34;1m   1908856[0m[34;1m      8496[0m
11:18:52   [34;1m    168600[0m[34;1m   1085624[0m[34;1m    770780[0m[34;1m     25.39[0m[34;1m     46556[0m[34;1m   1958292[0m[34;1m   3777632[0m[31;1m    124.43[0m[34;1m    805296[0m[34;1m   1909392[0m[34;1m      9048[0m
11:18:53   [34;1m    168100[0m[34;1m   1085608[0m[34;1m    770720[0m[34;1m     25.39[0m[34;1m     46556[0m[34;1m   1958848[0m[34;1m   3777632[0m[31;1m    124.43[0m[34;1m    805296[0m[34;1m   1909944[0m[34;1m      9604[0m
11:18:54   [34;1m    166616[0m[34;1m   1084660[0m[34;1m    771756[0m[34;1m     25.42[0m[34;1m     46556[0m[34;1m   1959304[0m[34;1m   3777632[0m[31;1m    124.43[0m[34;1m    805296[0m[34;1m   1911564[0m[34;1m     10060[0m
11:18:55   [34;1m    164136[0m[34;1m   1081836[0m[34;1m    780028[0m[34;1m     25.69[0m[34;1m     46564[0m[34;1m   1959732[0m[34;1m   3777632[0m[31;1m    124.43[0m[34;1m    805304[0m[34;1m   1912004[0m[34;1m     10472[0m
11:18:56   [34;1m    164136[0m[34;1m   1081808[0m[34;1m    780084[0m[34;1m     25.69[0m[34;1m     46564[0m[34;1m   1959736[0m[34;1m   3777632[0m[31;1m    124.43[0m[34;1m    805304[0m[34;1m   1912004[0m[34;1m     10476[0m
