procs -----------memory---------- ---swap-- -----io---- -system-- -------cpu-------
 r  b   swpd   free   buff  cache   si   so    bi    bo   in   cs us sy id wa st gu
 7  0      0 173828  41376 2117616   0    0   191   674 9506   84 31 39 30  0  0  0
 0  0      0 169080  41384 2117680   0    0     0    60 4743 8249 17 21 61  1  0  0
33  0      0 167064  41384 2117700   0    0     0     0 4717 8279 18 16 66  0  0  0
 1  0      0 164548  41416 2117836   0    0     0   380 6716 12294 26 27 47 0  0  0
 2  0      0 162532  41432 2117884   0    0     0   152 6452 12316 19 24 56 1  0  0
17  0      0 159032  41432 2117984   0    0     0    24 6098 11139 17 22 61 0  0  0
 2  0      0 158528  41432 2118080   0    0     0   296 7221 13133 20 23 57 0  0  0
 3  0      0 157520  41432 2118244   0    0     0    24 7284 13742 20 26 54 0  0  0
 0  0      0 156064  41440 2118304   0    0     0    68 7459 14455 25 37 37 1  0  0
 8  0      0 155056  41440 2118460   0    0     0    32 7725 14141 23 30 48 0  0  0
 5  0      0 154300  41440 2118544   0    0     0    24 7678 15088 25 29 47 0  0  0
 7  0      0 152816  41440 2118704   0    0     0    56 7912 14419 25 32 44 0  0  0
13  0      0 149288  41440 2118836   0    0     0     0 8879 16754 31 37 32 0  0  0
 4  0      0 147048  41456 2119000   0    0     0   112 9228 17714 34 40 25 0  0  0
 2  0      0 145536  41456 2119156   0    0     0     0 8900 16482 27 34 39 0  0  0
 3  0      0 144036  41456 2119440   0    0     0     4 9002 16108 27 37 35 0  0  0
 9  0      0 142584  41456 2119524   0    0     0    48 9000 15898 30 40 30 0  0  0
 9  0      0 140848  41456 2119724   0    0     0     4 8209 15426 26 40 34 0  0  0
 3  0      0 138132  41496 2119944   0    0     0   368 7273 12604 46 48 6  1  0  0
12  0      0 136204  41504 2120192   0    0     0   168 9357 15570 41 49 9  0  0  0
 8  0      0 133964  41512 2120368   0    0     0   108 8760 14839 35 46 19 1  0  0
procs -----------memory---------- ---swap-- -----io---- -system-- -------cpu-------
 r  b   swpd   free   buff  cache   si   so    bi    bo   in   cs us sy id wa st gu
 3  0      0 133236  41512 2120596   0    0     0    24 9073 14299 34 41 25 0  0  0
 4  0      0 131064  41512 2120816   0    0     0    24 8709 14480 34 45 21 0  0  0
 9  0      0 126276  41512 2121128   0    0     0    16 10023 17626 42 45 13 0 0  0
 8  0      0 123116  41512 2121388   0    0     0    32 8942 15531 36 47 17 0  0  0
 6  0      0 119956  41520 2121684   0    0     0    44 8319 16194 35 42 23 0  0  0
18  0      0 117996  41528 2121892   0    0     0    76 9827 16484 35 42 23 0  0  0
 7  0      0 116064  41528 2122244   0    0     0     0 10024 14983 37 47 16 0 0  0
 6  0      0 113360  41528 2122484   0    0     0    56 9668 15348 35 44 21 0  0  0
 9  0      0 112440  41528 2122844   0    0     0     0 9286 16722 37 46 16 0  0  0
 4  0      0 110792  41536 2123076   0    0     0    80 9290 15138 36 45 19 1  0  0
 5  0      0 106428  41536 2123408   0    0     0   184 10088 15561 44 51 6 0  0  0
 7  0      0 105476  41536 2123684   0    0     0    24 12406 18859 42 54 4 0  0  0
 6  0      0 102964  41568 2123968   0    0     0   320 11278 18420 46 50 4 0  0  0
 8  0      0 100692  41584 2124240   0    0     0   220 12575 19626 43 52 5 0  0  0
 8  0      0 100104  41584 2124788   0    0     0     0 12382 20267 42 52 5 0  0  0
10  0      0  99340  41596 2125244   0    0   128  5928 11233 18421 43 53 4 0  0  0
 5  0      0 115332  41584 2124976   0    0     0     0 11920 21120 41 52 7 0  0  0
 9  0      0 113480  41584 2125216   0    0     0    56 12082 20585 40 55 5 0  0  0
 3  0      0 112340  41584 2125484   0    0     0     0 13050 21829 37 54 8 0  0  0
 3  0      0 111652  41584 2125788   0    0     0    52 10140 15828 40 54 6 0  0  0
 7  0      0 110304  41592 2126032   0    0     0    56 11174 17898 40 54 6 0  0  0
procs -----------memory---------- ---swap-- -----io---- -system-- -------cpu-------
 r  b   swpd   free   buff  cache   si   so    bi    bo   in   cs us sy id wa st gu
17  0      0 109604  41592 2126308   0    0     0    24 12133 19672 41 53 6 0  0  0
 5  0      0 108204  41592 2126612   0    0     0    16 12204 20127 44 51 5 0  0  0
12  0      0 105744  41592 2126864   0    0     0    24 12646 22032 37 57 5 0  0  0
 3  0      0 104768  41592 2127076   0    0     0     0 12077 18951 39 55 6 0  0  0
 9  0      0 104068  41600 2127432   0    0     0    56 12276 17213 38 56 6 0  0  0
 8  0      0 103396  41600 2127724   0    0     4    28 11784 18682 40 55 5 0  0  0
16  0      0 102012  41640 2127932   0    0     0   364 10620 17879 47 50 3 0  0  0
 4  0      0 110468  41656 2127980   0    0     0   172 11066 17577 43 53 4 0  0  0
 5  0      0 109768  41656 2128196   0    0     0    52 11834 19746 38 56 6 0  0  0
 6  0      0 108540  41656 2128536   0    0     0    24 11687 17072 40 55 5 0  0  0
19  0      0 107616  41664 2128724   0    0     0    60 12211 20725 38 56 7 0  0  0
12  0      0 106440  41664 2129080   0    0     0    16 11660 19562 42 54 4 0  0  0
 8  0      0 104008  41664 2129324   0    0     0    28 10698 15574 44 53 3 0  0  0
 6  0      0 103560  41664 2129612   0    0     0     0 11427 16615 41 55 4 0  0  0
 2  0      0 102636  41664 2129940   0    0     0    24 12499 18160 41 52 7 0  0  0
 6  0      0 101716  41672 2130212   0    0     0    56 12770 20837 41 53 5 0  0  0
 7  0      0 110444  41676 2128280   0    0     0    84 13041 20650 38 54 7 0  0  0
 6  0      0 108136  41676 2128480   0    0     0     0 13098 19711 40 56 4 0  0  0
 9  0      0 106740  41676 2128640   0    0     0    28 11015 15804 39 57 4 0  0  0
 3  0      0 105352  41676 2129032   0    0     0    48 12172 19636 41 56 3 0  0  0
13  0      0 104428  41676 2129220   0    0     0    24 11853 19739 41 52 8 0  0  0
procs -----------memory---------- ---swap-- -----io---- -system-- -------cpu-------
 r  b   swpd   free   buff  cache   si   so    bi    bo   in   cs us sy id wa st gu
 8  0      0 103036  41704 2129536   0    0     0   348 11754 18320 45 53 2 0  0  0
 6  0      0 107548  41716 2129696   0    0    68   204 10523 15653 44 53 3 0  0  0
11  0      0 102964  41716 2130004   0    0     0     0 10043 14897 40 56 4 0  0  0
 4  0      0 101820  41716 2130296   0    0     0    28 11399 17506 40 56 3 0  0  0
 9  0      0 100056  41716 2130596   0    0     0  8408 12010 19995 39 56 5 0  0  0
10  0      0 116984  41672 2120900   0    0     0    56 11832 21226 39 56 5 0  0  0
18  0      0 114820  41680 2121208   0    0     0    56 11284 15565 39 57 4 0  0  0
 5  0      0 114096  41684 2121524   0    0     0    56 10580 14745 40 57 3 0  0  0
 7  0      0 112236  41684 2121816   0    0     0    48 11397 19372 39 55 6 0  0  0
11  0      0 111336  41684 2122108   0    0     0    24 12378 23625 38 57 5 0  0  0
 6  0      0 111112  41684 2122380   0    0     0    16 11508 18692 42 53 4 0  0  0
10  0      0 108708  41684 2122600   0    0     4    24 12540 20636 45 51 4 0  0  0
10  0      0 108260  41692 2122848   0    0     0    32 12050 17814 39 54 7 0  0  0
 5  0      0 106864  41700 2123120   0    0     0    52 12248 18948 42 52 5 0  0  0
13  0      0 106864  41700 2123428   0    0     0     0 12453 17264 41 54 5 0  0  0
 9  0      0 105944  41732 2123632   0    0     0   336 11129 17696 45 50 5 0  0  0
 7  0      0 103320  41748 2124008   0    0     0   176 10747 15757 43 54 3 0  0  0
 7  0      0 102144  41748 2124308   0    0     0     4 12504 19429 43 52 5 0  0  0
 5  0      0 101252  41756 2124564   0    0     0    88 13012 19641 39 56 5 0  0  0
13  0      0 123164  41712 2114764   0    0     0    32 12769 20454 40 52 8 0  0  0
 8  0      0 121592  41712 2115128   0    0     0    40 11328 16099 40 54 6 0  0  0
procs -----------memory---------- ---swap-- -----io---- -system-- -------cpu-------
 r  b   swpd   free   buff  cache   si   so    bi    bo   in   cs us sy id wa st gu
10  0      0 119804  41712 2115308   0    0     0     0 11762 17425 42 54 3 0  0  0
11  0      0 118660  41712 2115604   0    0     0    28 9951 14062 45 51 4  0  0  0
12  0      0 116792  41720 2115872   0    0     0    44 11666 18583 42 53 4 0  0  0
13  0      0 116096  41720 2116084   0    0     0    24 13051 21114 41 52 7 0  0  0
 3  0      0 114704  41728 2116448   0    0     0    84 11019 17652 40 57 3 0  0  0
 4  0      0 112492  41728 2116724   0    0     0    24 12208 18028 43 54 3 0  0  0
 3  0      0 111596  41728 2116944   0    0     0     0 12976 21539 36 58 6 0  0  0
 3  0      0 110452  41728 2117260   0    0     0    52 10264 15348 41 55 4 0  0  0
11  1      0 109528  41736 2117532   0    0     0  6616 11305 15766 42 55 3 0  0  0
 3  0      0 108332  41760 2117696   0    0     0   740 10870 17495 47 48 4 0  0  0
11  0      0 105008  41768 2117992   0    0     0   172 11197 15996 43 53 4 0  0  0
 6  0      0 103580  41768 2118356   0    0     0    24 12084 17187 43 54 3 0  0  0
14  0      0 102884  41768 2118536   0    0     0     0 11383 16939 39 57 4 0  0  0
 7  0      0 101464  41768 2118824   0    0     0    28 11276 16673 43 54 3 0  0  0
11  0      0 128316  41724 2109392   0    0     0    56 11877 19412 40 56 4 0  0  0
 9  0      0 125188  41732 2109640   0    0     0    56 12619 18489 43 53 4 0  0  0
 6  0      0 124024  41732 2109880   0    0     0     0 12593 21827 39 54 7 0  0  0
 8  0      0 122656  41732 2110196   0    0     0    52 11158 16433 42 54 3 0  0  0
12  0      0 121708  41732 2110432   0    0     0    24 13191 18849 42 51 7 0  0  0
 5  0      0 121260  41740 2110684   0    0     0    80 12717 19397 45 52 4 0  0  0
 6  0      0 120060  41740 2110924   0    0     0     0 12700 18552 41 54 6 0  0  0
procs -----------memory---------- ---swap-- -----io---- -system-- -------cpu-------
 r  b   swpd   free   buff  cache   si   so    bi    bo   in   cs us sy id wa st gu
 9  0      0 118620  41740 2111196   0    0     0    24 12126 19519 44 52 4 0  0  0
 8  0      0 118148  41740 2111468   0    0     0     0 12652 18196 40 55 5 0  0  0
11  0      0 117676  41740 2111764   0    0     0    28 10815 16226 43 54 3 0  0  0
11  0      0 116280  41768 2112056   0    0     0   320 10339 15801 45 51 3 0  0  0
13  0      0 114100  41784 2112292   0    0     0   180 9889 13976 43 54 3  0  0  0
 4  0      0 110808  41784 2112612   0    0     0     0 11408 16597 42 55 3 0  0  0
 4  0      0 109660  41792 2112844   0    0     0    80 12038 18205 40 57 3 0  0  0
 5  0      0 108488  41792 2113168   0    0     0    28 11660 19319 40 56 4 0  0  0
 5  0      0 107092  41792 2113408   0    0     0    40 10811 15783 42 55 3 0  0  0
 8  0      0 105224  41792 2113708   0    0     0     0 10699 16715 41 55 4 0  0  0
 3  0      0 104080  41800 2113908   0    0     0    60 11348 17879 43 54 3 0  0  0
 4  0      0 103856  41800 2114140   0    0     0     0 12244 17776 42 51 8 0  0  0
11  0      0 102488  41800 2114448   0    0     0    24 11694 18657 42 53 5 0  0  0
 9  0      0 101068  41800 2114664   0    0     0    40 10699 16920 43 53 4 0  0  0
 9  0      0 121716  41800 2114688   0    0     0    24 11894 16835 44 51 5 0  0  0
14  0      0 121016  41808 2114884   0    0     0    28 11900 17535 40 56 5 0  0  0
 7  0      0 120324  41808 2115152   0    0     0    24 12291 17317 42 55 2 0  0  0
 9  0      0 118736  41816 2115472   0    0     0    80 12029 16934 42 53 5 0  0  0
11  0      0 117984  41844 2115744   0    0     0  8420 11151 17707 51 46 3 0  0  0
 4  0      0 113388  41860 2115900   0    0     0   152 10150 14380 41 55 3 1  0  0
14  0      0 111236  41860 2116260   0    0     0    24 10636 15410 45 53 2 0  0  0
procs -----------memory---------- ---swap-- -----io---- -system-- -------cpu-------
 r  b   swpd   free   buff  cache   si   so    bi    bo   in   cs us sy id wa st gu
 9  0      0 110088  41860 2116544   0    0     0     0 10068 14743 41 56 3 0  0  0
13  0      0 108468  41868 2116816   0    0     0    64 10379 14467 41 57 3 0  0  0
 6  0      0 107492  41868 2117056   0    0     0    56 12121 17665 41 55 4 0  0  0
12  0      0 105788  41868 2117356   0    0     0    24 11367 15716 39 58 3 0  0  0
10  0      0 103856  41868 2117588   0    0     0     0 11749 17692 40 56 4 0  0  0
 8  0      0 101824  41868 2117936   0    0     0    28 10856 16017 41 55 4 0  0  0
 9  0      0 107560  41856 2113752   0    0     0    56 11619 17129 41 56 3 0  0  0
 9  0      0 107528  41860 2113940   0    0     0    96 11302 16217 43 54 3 0  0  0
 4  0      0 105100  41860 2114288   0    0     0     0 11639 15712 37 55 8 0  0  0
11  0      0 104152  41860 2114488   0    0     0    28 11770 18494 43 50 7 0  0  0
 8  0      0 103204  41860 2114772   0    0     0     0 11303 16305 43 54 3 0  0  0
 3  0      0 101560  41860 2115120   0    0     0    24 12003 17039 44 52 4 0  0  0
 3  0      0 141560  41796 2096684   0    0     0   368 11052 17776 45 51 4 0  0  0
12  0      0 139276  41812 2096848   0    0     0   156 11325 16596 43 53 3 0  0  0
15  0      0 136592  41812 2097136   0    0     0    24 11951 17053 41 55 4 0  0  0
 8  0      0 133724  41812 2097380   0    0     0     0 11980 17196 40 57 4 0  0  0
 8  0      0 133028  41812 2097716   0    0     0    52 12502 19341 39 56 5 0  0  0
11  0      0 132076  41812 2097932   0    0     0    40 11869 16962 44 51 5 0  0  0
 5  0      0 130428  41820 2098192   0    0     0    68 12727 19847 41 54 4 0  0  0
 8  0      0 129256  41820 2098504   0    0     0     0 12349 17384 40 54 6 0  0  0
 6  0      0 127884  41820 2098760   0    0     0    24 11626 16744 44 54 3 0  0  0
procs -----------memory---------- ---swap-- -----io---- -system-- -------cpu-------
 r  b   swpd   free   buff  cache   si   so    bi    bo   in   cs us sy id wa st gu
 5  0      0 126492  41820 2099148   0    0     4     0 11612 17111 43 53 5 0  0  0
12  0      0 125796  41820 2099340   0    0     0    56 12447 19242 38 53 8 0  0  0
 7  0      0 123868  41824 2099620   0    0     0    52 12245 18224 45 52 3 0  0  0
 1  0      0 123420  41832 2099912   0    0     0    56 12206 15759 42 55 3 0  0  0
 5  0      0 122724  41832 2100172   0    0    44     0 9924 15057 40 55 5  0  0  0
 5  0      0 121528  41832 2100668   0    0   144   268 11825 16689 41 54 5 0  0  0
 4  0      0 120832  41868 2100904   0    0    64   376 11421 16789 47 50 3 1  0  0
11  0      0 118456  41880 2101164   0    0     4  8392 12032 17472 41 55 5 0  0  0
 6  0      0 116836  41880 2101568   0    0     0     0 11390 16262 41 55 3 0  0  0
 6  0      0 115912  41880 2101816   0    0     0    24 12170 19973 41 54 5 0  0  0
 7  0      0 115408  41880 2102052   0    0     0     0 11086 15095 41 55 4 0  0  0
 6  0      0 113316  41880 2102300   0    0     0    40 11483 16660 42 55 3 0  0  0
 9  0      0 111696  41888 2102564   0    0     0    56 11340 16429 40 56 4 0  0  0
 9  0      0 110300  41888 2102880   0    0     0    24 12000 18913 37 59 4 0  0  0
 8  0      0 109828  41888 2103028   0    0     0     0 11675 17381 41 56 3 0  0  0
 4  0      0 108656  41896 2103384   0    0     0    56 11603 15272 41 54 4 0  0  0
 6  0      0 107460  41896 2103688   0    0     0    68 12545 17939 43 54 3 0  0  0
10  0      0 104272  41896 2104004   0    0     0    24 11552 17048 38 58 4 0  0  0
 8  0      0 101348  41896 2104296   0    0     0     0 12204 18676 40 55 5 0  0  0
 5  0      0 100876  41904 2104592   0    0     0    60 12460 16578 41 54 5 0  0  0
 9  0      0 100712  41904 2104784   0    0     0     0 12478 20740 42 54 4 0  0  0
procs -----------memory---------- ---swap-- -----io---- -system-- -------cpu-------
 r  b   swpd   free   buff  cache   si   so    bi    bo   in   cs us sy id wa st gu
15  0      0 127684  41916 2105116   0    0     0   228 11336 17950 43 53 4 0  0  0
 4  0      0 125220  41924 2105256   0    0     0   112 12023 16852 43 52 4 0  0  0
12  0      0 124076  41924 2105592   0    0     0    24 11962 16493 42 52 6 0  0  0
 5  0      0 123156  41924 2105844   0    0     0     0 10760 16174 39 57 4 0  0  0
 4  0      0 122460  41924 2106040   0    0     0    28 10623 15891 47 50 3 0  0  0
 9  0      0 120816  41932 2106400   0    0     0   108 11652 17357 39 57 4 0  0  0
 9  0      0 119668  41932 2106688   0    0     0    36 12245 19740 39 55 6 0  0  0
 8  0      0 118216  41932 2106928   0    0     0     0 12995 19506 37 59 4 0  0  0
12  0      0 117044  41932 2107164   0    0     0    24 11503 15892 41 56 3 0  0  0
 3  0      0 114668  41932 2107508   0    0     0     0 10409 14016 41 57 3 0  0  0
 4  0      0 112548  41948 2107764   0    0     0   124 11085 17118 38 59 3 0  0  0
 6  0      0 111124  41948 2108100   0    0     0    24 11693 18056 40 56 4 0  0  0
 7  0      0 108916  41948 2108232   0    0     0    28 12233 18079 38 57 5 0  0  0
 9  0      0 107996  41948 2108628   0    0     0     0 11926 16211 40 56 4 0  0  0
 9  0      0 107548  41948 2108784   0    0     0    24 11862 17867 41 55 4 0  0  0
 9  0      0 107076  41964 2109132   0    0     0   112 11753 17024 44 52 3 0  0  0
10  0      0 105648  41964 2109492   0    0     0  8132 11423 17049 39 57 4 0  0  0
 9  0      0 104252  41964 2109620   0    0     0    36 10939 16114 40 56 4 0  0  0
 2  0      0 103304  41964 2109988   0    0     0    24 9984 14024 42 55 3  0  0  0
11  0      0 102160  41964 2110284   0    0     0     0 11564 16058 43 55 2 0  0  0
 6  0      0 100960  41972 2110464   0    0     0   108 10657 14379 40 55 5 0  0  0
procs -----------memory---------- ---swap-- -----io---- -system-- -------cpu-------
 r  b   swpd   free   buff  cache   si   so    bi    bo   in   cs us sy id wa st gu
11  0      0 113396  41940 2101524   0    0     0  1232 11582 17198 40 55 5 0  0  0
 2  0      0 110728  41940 2101848   0    0     0    32 10842 14574 40 57 3 0  0  0
 9  0      0 110040  41940 2101984   0    0     0     0 12902 17572 41 54 5 0  0  0
10  0      0 109592  41940 2102336   0    0     0    24 12871 18951 40 54 6 0  0  0
 3  0      0 108200  41940 2102572   0    0     0    40 11363 16907 40 57 4 0  0  0
12  0      0 107304  41956 2102844   0    0     0   112 11834 17075 40 58 2 0  0  0
 9  0      0 133204  41956 2103184   0    0     0     0 11461 16805 40 57 3 0  0  0
 7  0      0 132284  41956 2103320   0    0     0     4 12403 17837 40 56 5 0  0  0
 6  0      0 131108  41956 2103636   0    0     0    20 11783 17223 42 53 5 0  0  0
 9  0      0 129444  41956 2103932   0    0     0    32 12049 16877 42 52 6 0  0  0
 9  0      0 127520  41964 2104216   0    0     0    80 12288 17768 42 54 4 0  0  0
11  0      0 125620  41964 2104532   0    0     0     0 11734 16772 38 59 3 0  0  0
 7  0      0 124420  41972 2104768   0    0     0    60 10939 16453 38 59 3 0  0  0
12  0      0 123720  41972 2104940   0    0     0     0 11815 16982 38 57 5 0  0  0
 9  0      0 122324  41972 2105344   0    0     0    40 12641 18834 41 56 3 0  0  0
 8  0      0 121848  41972 2105500   0    0     0    48 12361 17250 40 57 4 0  0  0
 4  0      0 119888  41972 2105880   0    0     0    28 12319 15878 42 55 3 0  0  0
 9  0      0 118972  41980 2106180   0    0     0    32 11038 15815 42 54 4 0  0  0
16  0      0 117268  41984 2106420   0    0     0    48 11882 19490 39 55 6 0  0  0
 3  0      0 115816  41984 2106676   0    0     0    32 10540 16028 43 55 2 0  0  0
 3  0      0 113176  41984 2106960   0    0     0    24 10705 16006 43 55 2 0  0  0
procs -----------memory---------- ---swap-- -----io---- -system-- -------cpu-------
 r  b   swpd   free   buff  cache   si   so    bi    bo   in   cs us sy id wa st gu
 6  0      0 109984  41984 2107248   0    0     0    24 12972 18622 39 58 3 0  0  0
11  0      0 108816  41984 2107544   0    0     0    28 10790 16100 39 53 8 0  0  0
 6  0      0 108144  41988 2107768   0    0     0    32 11849 18236 39 57 4 0  0  0
 8  0      0 106976  41996 2108064   0    0     0   456 11688 19652 43 54 3 0  0  0
11  0      0 106528  41996 2108336   0    0     0    52 12198 20207 38 57 5 0  0  0
10  0      0 105832  41996 2108628   0    0     0    60 11065 17455 41 55 4 0  0  0
 7  0      0 104680  41996 2108788   0    0     0     0 12734 20017 41 57 2 0  0  0
 5  0      0 103536  42004 2109092   0    0     0    56 11063 20581 39 56 4 0  0  0
 6  0      0 102340  42004 2109372   0    0     0    32 11434 17135 40 57 3 0  0  0
 6  0      0 101196  42004 2109632   0    0     0    24 11973 17237 40 55 5 0  0  0
 8  0      0 130352  41996 2107676   0    0     0  8200 11897 18416 40 56 4 0  0  0
 6  0      0 129192  41996 2108020   0    0     0    52 11189 14521 40 58 2 0  0  0
 4  0      0 127580  42000 2108240   0    0     0    40 11952 17344 40 55 5 0  0  0
17  0      0 125180  42008 2108488   0    0     0    76 11739 16195 40 56 4 0  0  0
 9  0      0 123536  42008 2108828   0    0     0    24 11842 17437 40 57 3 0  0  0
11  0      0 119340  42008 2109064   0    0     0    64 11853 18477 42 56 3 0  0  0
 4  0      0 117720  42008 2109304   0    0     0     0 11086 16316 38 59 3 0  0  0
 6  0      0 116772  42008 2109600   0    0     0    24 11780 16121 38 58 4 0  0  0
 8  0      0 114876  42016 2109796   0    0     0    84 10907 16677 43 54 2 0  0  0
 5  0      0 113232  42016 2110244   0    0     0    28 11746 15863 41 57 2 1  0  0
 8  0      0 111336  42016 2110464   0    0     0    48 11393 16156 39 56 5 0  0  0
procs -----------memory---------- ---swap-- -----io---- -system-- -------cpu-------
 r  b   swpd   free   buff  cache   si   so    bi    bo   in   cs us sy id wa st gu
11  0      0 110164  42016 2110776   0    0     0    24 10397 15629 39 56 4 0  0  0
11  0      0 109044  42016 2111016   0    0     0     0 12849 18700 37 57 6 0  0  0
17  0      0 108348  42024 2111288   0    0     0    92 12701 20806 40 55 5 0  0  0
 8  0      0 107176  42028 2111516   0    0     0    52 11880 15479 37 57 6 0  0  0
 9  0      0 105720  42028 2111776   0    0     0    52 12512 18995 39 56 5 0  0  0
 8  0      0 104800  42028 2112128   0    0     0     0 11858 17950 40 57 3 0  0  0
 8  0      0 103628  42028 2112372   0    0     0    24 11362 16824 40 57 3 0  0  0
 7  0      0 102236  42028 2112676   0    0     0    32 11878 18750 41 56 3 0  0  0
 4  0      0 101540  42036 2112908   0    0     0    56 12572 18231 38 57 5 0  0  0
 6  0      0 133264  41976 2103652   0    0     0     0 11753 17425 40 57 3 0  0  0
 7  0      0 132324  41976 2103876   0    0     0    52 12763 18816 41 53 5 0  0  0
 5  0      0 131644  41976 2104120   0    0     0     0 11961 18798 40 55 5 0  0  0
12  0      0 130420  41976 2104344   0    0     0    40 12327 17720 43 53 4 0  0  0
 2  0      0 128760  41984 2104644   0    0     0    40 11858 17681 41 56 3 0  0  0
10  0      0 125660  41992 2104904   0    0     0  6964 9680 13289 39 58 3  0  0  0
 7  0      0 124072  41992 2105196   0    0     0     0 11009 15087 39 57 4 0  0  0
 5  1      0 122648  41992 2105504   0    0     0    20 11846 18113 41 57 3 0  0  0
12  0      0 122200  41992 2105744   0    0     0    36 12990 20904 36 54 9 0  0  0
 3  0      0 120332  41992 2105944   0    0     0     4 11345 15183 44 54 2 0  0  0
 3  0      0 113712  42000 2106344   0    0     0   120 11560 16499 39 58 3 0  0  0
 5  0      0 112792  42000 2106636   0    0     0    32 12011 18551 39 56 5 0  0  0
procs -----------memory---------- ---swap-- -----io---- -system-- -------cpu-------
 r  b   swpd   free   buff  cache   si   so    bi    bo   in   cs us sy id wa st gu
 6  0      0 111896  42000 2106884   0    0     0    28 11793 18503 41 55 5 0  0  0
14  0      0 110976  42000 2107140   0    0     0    16 12992 18499 44 53 3 0  0  0
 3  0      0 110056  42000 2107408   0    0     0    28 12627 19663 39 57 5 0  0  0
 8  0      0 108880  42016 2107720   0    0     0   112 12208 17518 42 54 4 0  0  0
 4  0      0 108404  42016 2107964   0    0     0    24 13108 19019 39 56 4 0  0  0
 3  0      0 107012  42016 2108276   0    0     0     0 9889 14905 39 56 5  0  0  0
 3  0      0 106092  42016 2108476   0    0     0    56 11021 15748 41 56 3 0  0  0
 4  0      0 104492  42016 2108744   0    0     0     0 12317 18209 42 55 3 0  0  0
 9  0      0 103516  42024 2108912   0    0     0    64 12417 18446 39 55 6 0  0  0
13  0      0 102596  42024 2109316   0    0     0    24 11399 15578 40 55 5 0  0  0
10  0      0 101452  42032 2109556   0    0     0    52 12368 18397 39 56 5 0  0  0
 6  0      0 100756  42032 2109796   0    0     0    16 11444 16075 43 52 5 0  0  0
 8  0      0 131720  42020 2107780   0    0     0    24 12063 18972 39 55 6 0  0  0
 2  0      0 129512  42020 2108000   0    0     0    52 11060 16461 39 57 3 0  0  0
 6  0      0 128820  42028 2108272   0    0     0    60 11786 15573 41 56 3 0  0  0
 8  0      0 128120  42028 2108588   0    0     0     0 12057 15681 41 54 5 0  0  0
 6  0      0 126468  42028 2108844   0    0     0    36 11406 15385 39 57 4 0  0  0
 3  0      0 125320  42028 2109084   0    0     0     0 12628 17429 42 57 1 0  0  0
 5  0      0 123116  42028 2109344   0    0     0    24 11276 14645 42 51 7 0  0  0
 7  0      0 121940  42036 2109572   0    0     0    60 10940 15409 42 55 3 0  0  0
10  0      0 119512  42036 2109872   0    0     0    24 11478 15284 42 52 5 0  0  0
procs -----------memory---------- ---swap-- -----io---- -system-- -------cpu-------
 r  b   swpd   free   buff  cache   si   so    bi    bo   in   cs us sy id wa st gu
17  0      0 117364  42044 2110116   0    0     0    56 10326 15048 43 56 2 0  0  0
 2  0      0 115496  42044 2110436   0    0     0    24 11767 17213 41 55 5 0  0  0
 6  0      0 112556  42044 2110668   0    0     0    56 11627 18097 40 58 2 0  0  0
 8  0      0 111412  42048 2110952   0    0     0  8076 10359 14896 41 56 3 0  0  0
 7  0      0 107584  42048 2111252   0    0     0     0 11051 14630 39 56 4 0  0  0
 3  0      0 104732  42056 2111520   0    0     0   112 10770 15427 41 56 3 0  0  0
 7  0      0 103112  42056 2111772   0    0     0     0 12049 17725 42 53 5 0  0  0
21  0      0 101216  42056 2112100   0    0     0    24 11664 17390 39 59 3 0  0  0
 6  0      0 126312  42052 2111224   0    0     0    48 12081 19253 38 57 5 0  0  0
 6  0      0 124444  42052 2111536   0    0     0    48 12017 15787 39 54 7 0  0  0
 7  0      0 123492  42060 2111740   0    0     0    64 11393 18171 40 56 4 0  0  0
 9  0      0 121844  42064 2112044   0    0     0    52 11634 16059 38 60 3 0  0  0
 5  0      0 118348  42064 2112192   0    0     0    24 11709 13967 39 52 8 0  0  0
 9  0      0 116700  42064 2112600   0    0     0    52 11186 15266 41 56 3 0  0  0
 6  0      0 115304  42064 2112892   0    0     0     0 11689 18598 38 58 4 0  0  0
 5  0      0 113852  42088 2113096   0    0     0   280 12558 20270 43 55 2 0  0  0
 9  0      0 112904  42088 2113428   0    0     0    76 11518 16387 41 56 3 0  0  0
 6  0      0 110784  42096 2113628   0    0     0    68 10355 16110 43 55 2 0  0  0
 2  0      0 109356  42096 2113896   0    0     0    20 11448 13835 39 52 9 0  0  0
 7  0      0 107984  42096 2114140   0    0     0    48 11003 14194 48 50 2 0  0  0
 3  0      0 105896  42096 2114532   0    0     0    16 12217 18206 42 55 3 0  0  0
procs -----------memory---------- ---swap-- -----io---- -system-- -------cpu-------
 r  b   swpd   free   buff  cache   si   so    bi    bo   in   cs us sy id wa st gu
 7  0      0 104752  42096 2114776   0    0     0    28 11890 18975 40 56 3 0  0  0
 9  0      0 103832  42104 2115024   0    0     0    48 11157 16652 39 57 3 0  0  0
 2  0      0 100760  42112 2115264   0    0     0    96 10469 16019 39 57 3 0  0  0
 4  0      0 128656  42084 2111032   0    0     0     0 11385 14748 44 55 1 0  0  0
 4  0      0 128440  42084 2111228   0    0     0    60 11029 15506 39 56 5 0  0  0
 6  0      0 126572  42084 2111580   0    0     0     0 12573 17471 41 56 4 0  0  0
 6  0      0 124336  42092 2110860   0    0     0    64 6251 9746 37 60  3  0  0  0
