role.rbac.authorization.k8s.io/serviceweaver-pods-getter created
rolebinding.rbac.authorization.k8s.io/serviceweaver-default-pods-getter created
configmap/config-a49dba0a created
deployment.apps/ob-ad-a49dba0a-5815b580 created
horizontalpodautoscaler.autoscaling/ob-ad-a49dba0a-5815b580 created
deployment.apps/ob-co-a49dba0a-699d523f created
horizontalpodautoscaler.autoscaling/ob-co-a49dba0a-699d523f created
deployment.apps/ob-cs-a49dba0a-e7a20687 created
horizontalpodautoscaler.autoscaling/ob-cs-a49dba0a-e7a20687 created
deployment.apps/ob-cu-a49dba0a-b5a69641 created
horizontalpodautoscaler.autoscaling/ob-cu-a49dba0a-b5a69641 created
deployment.apps/ob-em-a49dba0a-a885024e created
horizontalpodautoscaler.autoscaling/ob-em-a49dba0a-a885024e created
service/boutique-a49dba0a created
deployment.apps/ob-weaver-main-a49dba0a-7b53760a created
horizontalpodautoscaler.autoscaling/ob-weaver-main-a49dba0a-7b53760a created
deployment.apps/ob-pa-a49dba0a-8cda10c8 created
horizontalpodautoscaler.autoscaling/ob-pa-a49dba0a-8cda10c8 created
deployment.apps/ob-pc-a49dba0a-dfde4fac created
horizontalpodautoscaler.autoscaling/ob-pc-a49dba0a-dfde4fac created
deployment.apps/ob-rc-a49dba0a-98d008f1 created
horizontalpodautoscaler.autoscaling/ob-rc-a49dba0a-98d008f1 created
deployment.apps/ob-sh-a49dba0a-f075c467 created
horizontalpodautoscaler.autoscaling/ob-sh-a49dba0a-f075c467 created
