Linux 6.6.95 (ssp-study-m02) 	04/21/26 	_x86_64_	(2 CPU)

09:25:10        CPU     %user     %nice   %system   %iowait    %steal     %idle
09:25:11   [32;22m     all[0m[34;1m      1.54[0m[34;22m      0.00[0m[34;1m      2.56[0m[34;22m      0.00[0m[34;22m      0.00[0m[34;1m     95.90[0m
09:25:12   [32;22m     all[0m[34;1m      1.02[0m[34;22m      0.00[0m[34;1m      3.06[0m[34;22m      0.00[0m[34;22m      0.00[0m[34;1m     95.92[0m
09:25:13   [32;22m     all[0m[34;22m      0.00[0m[34;22m      0.00[0m[34;1m      1.04[0m[34;22m      0.00[0m[34;22m      0.00[0m[34;1m     98.96[0m
09:25:14   [32;22m     all[0m[34;1m      1.01[0m[34;22m      0.00[0m[34;1m      3.03[0m[34;22m      0.00[0m[34;22m      0.00[0m[34;1m     95.96[0m
09:25:15   [32;22m     all[0m[34;1m      0.52[0m[34;22m      0.00[0m[34;1m      2.59[0m[34;22m      0.00[0m[34;22m      0.00[0m[34;1m     96.89[0m
09:25:16   [32;22m     all[0m[34;1m      1.53[0m[34;22m      0.00[0m[34;1m      3.06[0m[34;22m      0.00[0m[34;22m      0.00[0m[34;1m     95.41[0m
09:25:17   [32;22m     all[0m[34;1m      1.52[0m[34;22m      0.00[0m[34;1m      3.55[0m[34;22m      0.00[0m[34;22m      0.00[0m[34;1m     94.92[0m
09:25:18   [32;22m     all[0m[34;1m      0.51[0m[34;22m      0.00[0m[34;1m      3.08[0m[34;22m      0.00[0m[34;22m      0.00[0m[34;1m     96.41[0m
09:25:19   [32;22m     all[0m[34;1m      1.54[0m[34;22m      0.00[0m[34;1m      4.10[0m[34;22m      0.00[0m[34;22m      0.00[0m[34;1m     94.36[0m
09:25:20   [32;22m     all[0m[34;1m      1.04[0m[34;22m      0.00[0m[34;1m      3.63[0m[34;22m      0.00[0m[34;22m      0.00[0m[34;1m     95.34[0m
09:25:21   [32;22m     all[0m[34;1m      2.58[0m[34;22m      0.00[0m[34;1m      4.64[0m[34;22m      0.00[0m[34;22m      0.00[0m[34;1m     92.78[0m
09:25:22   [32;22m     all[0m[34;1m      1.55[0m[34;22m      0.00[0m[34;1m      4.15[0m[34;22m      0.00[0m[34;22m      0.00[0m[34;1m     94.30[0m
09:25:23   [32;22m     all[0m[34;1m      1.55[0m[34;22m      0.00[0m[34;1m      5.15[0m[34;22m      0.00[0m[34;22m      0.00[0m[34;1m     93.30[0m
09:25:24   [32;22m     all[0m[34;1m      2.08[0m[34;22m      0.00[0m[34;1m      5.73[0m[34;22m      0.00[0m[34;22m      0.00[0m[34;1m     92.19[0m
09:25:25   [32;22m     all[0m[34;1m      2.08[0m[34;22m      0.00[0m[34;1m      4.69[0m[34;22m      0.00[0m[34;22m      0.00[0m[34;1m     93.23[0m
09:25:26   [32;22m     all[0m[34;1m      3.12[0m[34;22m      0.00[0m[34;1m      6.25[0m[34;22m      0.00[0m[34;22m      0.00[0m[34;1m     90.62[0m
09:25:27   [32;22m     all[0m[34;1m      1.58[0m[34;22m      0.00[0m[34;1m      6.32[0m[34;22m      0.00[0m[34;22m      0.00[0m[34;1m     92.11[0m
09:25:28   [32;22m     all[0m[34;1m      2.56[0m[34;22m      0.00[0m[34;1m      7.18[0m[34;22m      0.00[0m[34;22m      0.00[0m[34;1m     90.26[0m
09:25:29   [32;22m     all[0m[34;1m      2.65[0m[34;22m      0.00[0m[34;1m      7.94[0m[34;22m      0.00[0m[34;22m      0.00[0m[34;1m     89.42[0m
09:25:30   [32;22m     all[0m[34;1m      2.58[0m[34;22m      0.00[0m[34;1m      8.25[0m[34;22m      0.00[0m[34;22m      0.00[0m[34;1m     89.18[0m
09:25:31   [32;22m     all[0m[34;1m      2.13[0m[34;22m      0.00[0m[34;1m      7.45[0m[34;22m      0.00[0m[34;22m      0.00[0m[34;1m     90.43[0m
09:25:32   [32;22m     all[0m[34;1m      2.07[0m[34;22m      0.00[0m[34;1m      9.84[0m[34;22m      0.00[0m[34;22m      0.00[0m[34;1m     88.08[0m
09:25:33   [32;22m     all[0m[34;1m      3.14[0m[34;22m      0.00[0m[34;1m      9.95[0m[34;22m      0.00[0m[34;22m      0.00[0m[34;1m     86.91[0m
09:25:34   [32;22m     all[0m[34;1m      2.60[0m[34;22m      0.00[0m[34;1m      9.90[0m[34;22m      0.00[0m[34;22m      0.00[0m[34;1m     87.50[0m
09:25:35   [32;22m     all[0m[34;1m      2.08[0m[34;22m      0.00[0m[34;1m     11.46[0m[34;22m      0.00[0m[34;22m      0.00[0m[34;1m     86.46[0m
09:25:36   [32;22m     all[0m[34;1m      3.16[0m[34;22m      0.00[0m[34;1m      8.95[0m[34;22m      0.00[0m[34;22m      0.00[0m[34;1m     87.89[0m
09:25:37   [32;22m     all[0m[34;1m      3.68[0m[34;22m      0.00[0m[34;1m     11.05[0m[34;22m      0.00[0m[34;22m      0.00[0m[34;1m     85.26[0m
09:25:38   [32;22m     all[0m[34;1m      3.14[0m[34;22m      0.00[0m[34;1m     10.47[0m[34;22m      0.00[0m[34;22m      0.00[0m[34;1m     86.39[0m
09:25:39   [32;22m     all[0m[34;1m      3.65[0m[34;22m      0.00[0m[34;1m     10.42[0m[34;22m      0.00[0m[34;22m      0.00[0m[34;1m     85.94[0m
09:25:40   [32;22m     all[0m[34;1m      2.66[0m[34;22m      0.00[0m[34;1m     11.17[0m[34;22m      0.00[0m[34;22m      0.00[0m[34;1m     86.17[0m
09:25:41   [32;22m     all[0m[34;1m      3.19[0m[34;22m      0.00[0m[34;1m      9.57[0m[34;22m      0.00[0m[34;22m      0.00[0m[34;1m     87.23[0m
09:25:42   [32;22m     all[0m[34;1m      2.55[0m[34;22m      0.00[0m[34;1m     11.22[0m[34;22m      0.00[0m[34;22m      0.00[0m[34;1m     86.22[0m
09:25:43   [32;22m     all[0m[34;1m      3.17[0m[34;22m      0.00[0m[34;1m     11.64[0m[34;22m      0.00[0m[34;22m      0.00[0m[34;1m     85.19[0m
09:25:44   [32;22m     all[0m[34;1m      3.16[0m[34;22m      0.00[0m[34;1m     10.53[0m[34;22m      0.00[0m[34;22m      0.00[0m[34;1m     86.32[0m
09:25:45   [32;22m     all[0m[34;1m      2.58[0m[34;22m      0.00[0m[34;1m     10.82[0m[34;22m      0.00[0m[34;22m      0.00[0m[34;1m     86.60[0m
09:25:46   [32;22m     all[0m[34;1m      2.07[0m[34;22m      0.00[0m[34;1m      9.84[0m[34;22m      0.00[0m[34;22m      0.00[0m[34;1m     88.08[0m
09:25:47   [32;22m     all[0m[34;1m      4.74[0m[34;22m      0.00[0m[34;1m     11.58[0m[34;22m      0.00[0m[34;22m      0.00[0m[34;1m     83.68[0m
09:25:48   [32;22m     all[0m[34;1m      3.08[0m[34;22m      0.00[0m[34;1m      9.74[0m[34;22m      0.00[0m[34;22m      0.00[0m[34;1m     87.18[0m
09:25:49   [32;22m     all[0m[34;1m      3.21[0m[34;22m      0.00[0m[34;1m     10.16[0m[34;22m      0.00[0m[34;22m      0.00[0m[34;1m     86.63[0m
09:25:50   [32;22m     all[0m[34;1m      3.17[0m[34;22m      0.00[0m[34;1m     10.58[0m[34;22m      0.00[0m[34;22m      0.00[0m[34;1m     86.24[0m
09:25:51   [32;22m     all[0m[34;1m      3.59[0m[34;22m      0.00[0m[34;1m     13.33[0m[34;22m      0.00[0m[34;22m      0.00[0m[34;1m     83.08[0m
09:25:52   [32;22m     all[0m[34;1m      4.69[0m[34;22m      0.00[0m[34;1m     11.98[0m[34;22m      0.00[0m[34;22m      0.00[0m[34;1m     83.33[0m
09:25:53   [32;22m     all[0m[34;1m      3.63[0m[34;22m      0.00[0m[34;1m     14.51[0m[34;22m      0.00[0m[34;22m      0.00[0m[34;1m     81.87[0m
09:25:54   [32;22m     all[0m[34;1m      3.16[0m[34;22m      0.00[0m[34;1m     12.11[0m[34;22m      0.00[0m[34;22m      0.00[0m[34;1m     84.74[0m
09:25:55   [32;22m     all[0m[34;1m      3.06[0m[34;22m      0.00[0m[34;1m     10.71[0m[34;22m      0.00[0m[34;22m      0.00[0m[34;1m     86.22[0m
09:25:56   [32;22m     all[0m[34;1m      4.19[0m[34;22m      0.00[0m[34;1m     11.52[0m[34;22m      0.00[0m[34;22m      0.00[0m[34;1m     84.29[0m
09:25:57   [32;22m     all[0m[34;1m      3.09[0m[34;22m      0.00[0m[34;1m     12.37[0m[34;22m      0.00[0m[34;22m      0.00[0m[34;1m     84.54[0m
09:25:58   [32;22m     all[0m[34;1m      3.54[0m[34;22m      0.00[0m[34;1m     10.61[0m[34;22m      0.00[0m[34;22m      0.00[0m[34;1m     85.86[0m
09:25:59   [32;22m     all[0m[34;1m      4.06[0m[34;22m      0.00[0m[34;1m     14.21[0m[34;22m      0.00[0m[34;22m      0.00[0m[34;1m     81.73[0m
09:26:00   [32;22m     all[0m[34;1m      1.57[0m[34;22m      0.00[0m[34;1m     10.47[0m[34;22m      0.00[0m[34;22m      0.00[0m[34;1m     87.96[0m
09:26:01   [32;22m     all[0m[34;1m      3.65[0m[34;22m      0.00[0m[34;1m     10.94[0m[34;22m      0.00[0m[34;22m      0.00[0m[34;1m     85.42[0m
09:26:02   [32;22m     all[0m[34;1m      3.17[0m[34;22m      0.00[0m[34;1m     12.70[0m[34;22m      0.00[0m[34;22m      0.00[0m[34;1m     84.13[0m
09:26:03   [32;22m     all[0m[34;1m      3.19[0m[34;22m      0.00[0m[34;1m     12.23[0m[34;22m      0.00[0m[34;22m      0.00[0m[34;1m     84.57[0m
09:26:04   [32;22m     all[0m[34;1m      2.08[0m[34;22m      0.00[0m[34;1m     11.98[0m[34;22m      0.00[0m[34;22m      0.00[0m[34;1m     85.94[0m
09:26:05   [32;22m     all[0m[34;1m      3.66[0m[34;22m      0.00[0m[34;1m     11.52[0m[34;22m      0.00[0m[34;22m      0.00[0m[34;1m     84.82[0m
09:26:06   [32;22m     all[0m[34;1m      3.12[0m[34;22m      0.00[0m[34;1m     13.54[0m[34;22m      0.00[0m[34;22m      0.00[0m[34;1m     83.33[0m
09:26:07   [32;22m     all[0m[34;1m      3.68[0m[34;22m      0.00[0m[34;1m     10.00[0m[34;22m      0.00[0m[34;22m      0.00[0m[34;1m     86.32[0m
09:26:08   [32;22m     all[0m[34;1m      2.65[0m[34;22m      0.00[0m[34;1m     10.58[0m[34;22m      0.00[0m[34;22m      0.00[0m[34;1m     86.77[0m
09:26:09   [32;22m     all[0m[34;1m      2.62[0m[34;22m      0.00[0m[34;1m     12.04[0m[34;22m      0.00[0m[34;22m      0.00[0m[34;1m     85.34[0m
09:26:10   [32;22m     all[0m[34;1m      2.63[0m[34;22m      0.00[0m[34;1m     12.63[0m[34;22m      0.00[0m[34;22m      0.00[0m[34;1m     84.74[0m
09:26:11   [32;22m     all[0m[34;1m      2.59[0m[34;22m      0.00[0m[34;1m     13.47[0m[34;22m      0.00[0m[34;22m      0.00[0m[34;1m     83.94[0m
09:26:12   [32;22m     all[0m[34;1m      3.19[0m[34;22m      0.00[0m[34;1m     12.23[0m[34;22m      0.00[0m[34;22m      0.00[0m[34;1m     84.57[0m
09:26:13   [32;22m     all[0m[34;1m      4.66[0m[34;22m      0.00[0m[34;1m     14.51[0m[34;22m      0.00[0m[34;22m      0.00[0m[34;1m     80.83[0m
09:26:14   [32;22m     all[0m[34;1m      3.65[0m[34;22m      0.00[0m[34;1m     14.06[0m[34;22m      0.00[0m[34;22m      0.00[0m[34;1m     82.29[0m
09:26:15   [32;22m     all[0m[34;1m      3.16[0m[34;22m      0.00[0m[34;1m     14.21[0m[34;22m      0.00[0m[34;22m      0.00[0m[34;1m     82.63[0m
09:26:16   [32;22m     all[0m[34;1m      3.17[0m[34;22m      0.00[0m[34;1m     11.11[0m[34;22m      0.00[0m[34;22m      0.00[0m[34;1m     85.71[0m
09:26:17   [32;22m     all[0m[34;1m      4.10[0m[34;22m      0.00[0m[34;1m     14.36[0m[34;22m      0.00[0m[34;22m      0.00[0m[34;1m     81.54[0m
09:26:18   [32;22m     all[0m[34;1m      3.72[0m[34;22m      0.00[0m[34;1m     14.89[0m[34;22m      0.00[0m[34;22m      0.00[0m[34;1m     81.38[0m
09:26:19   [32;22m     all[0m[34;1m      4.71[0m[34;22m      0.00[0m[34;1m     16.75[0m[34;1m      0.52[0m[34;22m      0.00[0m[34;1m     78.01[0m
09:26:20   [32;22m     all[0m[34;1m      2.63[0m[34;22m      0.00[0m[34;1m     13.68[0m[34;22m      0.00[0m[34;22m      0.00[0m[34;1m     83.68[0m
09:26:21   [32;22m     all[0m[34;1m      3.65[0m[34;22m      0.00[0m[34;1m     13.02[0m[34;22m      0.00[0m[34;22m      0.00[0m[34;1m     83.33[0m
09:26:22   [32;22m     all[0m[34;1m      3.11[0m[34;22m      0.00[0m[34;1m     14.51[0m[34;22m      0.00[0m[34;22m      0.00[0m[34;1m     82.38[0m
09:26:23   [32;22m     all[0m[34;1m      2.11[0m[34;22m      0.00[0m[34;1m     13.16[0m[34;22m      0.00[0m[34;22m      0.00[0m[34;1m     84.74[0m
09:26:24   [32;22m     all[0m[34;1m      3.19[0m[34;22m      0.00[0m[34;1m     17.55[0m[34;22m      0.00[0m[34;22m      0.00[0m[34;1m     79.26[0m
09:26:25   [32;22m     all[0m[34;1m      5.41[0m[34;22m      0.00[0m[34;1m     19.46[0m[34;22m      0.00[0m[34;22m      0.00[0m[34;1m     75.14[0m
09:26:26   [32;22m     all[0m[34;1m      4.28[0m[34;22m      0.00[0m[34;1m     16.58[0m[34;22m      0.00[0m[34;22m      0.00[0m[34;1m     79.14[0m
09:26:27   [32;22m     all[0m[34;1m      4.32[0m[34;22m      0.00[0m[34;1m     15.68[0m[34;22m      0.00[0m[34;22m      0.00[0m[34;1m     80.00[0m
09:26:28   [32;22m     all[0m[34;1m      4.35[0m[34;22m      0.00[0m[34;1m     16.30[0m[34;22m      0.00[0m[34;22m      0.00[0m[34;1m     79.35[0m
09:26:29   [32;22m     all[0m[34;1m      4.28[0m[34;22m      0.00[0m[34;1m     16.04[0m[34;22m      0.00[0m[34;22m      0.00[0m[34;1m     79.68[0m
09:26:30   [32;22m     all[0m[34;1m      3.70[0m[34;22m      0.00[0m[34;1m     13.23[0m[34;22m      0.00[0m[34;22m      0.00[0m[34;1m     83.07[0m
09:26:31   [32;22m     all[0m[34;1m      1.55[0m[34;22m      0.00[0m[34;1m     14.43[0m[34;22m      0.00[0m[34;22m      0.00[0m[34;1m     84.02[0m
09:26:32   [32;22m     all[0m[34;1m      3.11[0m[34;22m      0.00[0m[34;1m     10.88[0m[34;22m      0.00[0m[34;22m      0.00[0m[34;1m     86.01[0m
09:26:33   [32;22m     all[0m[34;1m      4.95[0m[34;22m      0.00[0m[34;1m     18.13[0m[34;22m      0.00[0m[34;22m      0.00[0m[34;1m     76.92[0m
09:26:34   [32;22m     all[0m[34;1m      2.15[0m[34;22m      0.00[0m[34;1m     12.37[0m[34;22m      0.00[0m[34;22m      0.00[0m[34;1m     85.48[0m
09:26:35   [32;22m     all[0m[34;1m      2.62[0m[34;22m      0.00[0m[34;1m     11.52[0m[34;22m      0.00[0m[34;22m      0.00[0m[34;1m     85.86[0m
09:26:36   [32;22m     all[0m[34;1m      3.16[0m[34;22m      0.00[0m[34;1m     14.21[0m[34;22m      0.00[0m[34;22m      0.00[0m[34;1m     82.63[0m
09:26:37   [32;22m     all[0m[34;1m      3.76[0m[34;22m      0.00[0m[34;1m     16.67[0m[34;22m      0.00[0m[34;22m      0.00[0m[34;1m     79.57[0m
09:26:38   [32;22m     all[0m[34;1m      3.16[0m[34;22m      0.00[0m[34;1m     11.58[0m[34;22m      0.00[0m[34;22m      0.00[0m[34;1m     85.26[0m
09:26:39   [32;22m     all[0m[34;1m      3.14[0m[34;22m      0.00[0m[34;1m     13.09[0m[34;22m      0.00[0m[34;22m      0.00[0m[34;1m     83.77[0m
09:26:40   [32;22m     all[0m[34;1m      3.74[0m[34;22m      0.00[0m[34;1m     14.97[0m[34;22m      0.00[0m[34;22m      0.00[0m[34;1m     81.28[0m
09:26:41   [32;22m     all[0m[34;1m      3.12[0m[34;22m      0.00[0m[34;1m     16.67[0m[34;22m      0.00[0m[34;22m      0.00[0m[34;1m     80.21[0m
09:26:42   [32;22m     all[0m[34;1m      2.66[0m[34;22m      0.00[0m[34;1m     13.83[0m[34;22m      0.00[0m[34;22m      0.00[0m[34;1m     83.51[0m
09:26:43   [32;22m     all[0m[34;1m      3.66[0m[34;22m      0.00[0m[34;1m     15.71[0m[34;22m      0.00[0m[34;22m      0.00[0m[34;1m     80.63[0m
09:26:44   [32;22m     all[0m[34;1m      3.72[0m[34;22m      0.00[0m[34;1m     14.89[0m[34;22m      0.00[0m[34;22m      0.00[0m[34;1m     81.38[0m
09:26:45   [32;22m     all[0m[34;1m      4.79[0m[34;22m      0.00[0m[34;1m     19.68[0m[34;22m      0.00[0m[34;22m      0.00[0m[34;1m     75.53[0m
09:26:46   [32;22m     all[0m[34;1m      5.59[0m[34;22m      0.00[0m[34;1m     18.44[0m[34;22m      0.00[0m[34;22m      0.00[0m[34;1m     75.98[0m
09:26:47   [32;22m     all[0m[34;1m      3.17[0m[34;22m      0.00[0m[34;1m     12.70[0m[34;22m      0.00[0m[34;22m      0.00[0m[34;1m     84.13[0m
09:26:48   [32;22m     all[0m[34;1m      3.63[0m[34;22m      0.00[0m[34;1m     16.58[0m[34;22m      0.00[0m[34;22m      0.00[0m[34;1m     79.79[0m
09:26:49   [32;22m     all[0m[34;1m      3.83[0m[34;22m      0.00[0m[34;1m     15.30[0m[34;22m      0.00[0m[34;22m      0.00[0m[34;1m     80.87[0m
09:26:50   [32;22m     all[0m[34;1m      4.26[0m[34;22m      0.00[0m[34;1m     15.43[0m[34;22m      0.00[0m[34;22m      0.00[0m[34;1m     80.32[0m
09:26:51   [32;22m     all[0m[34;1m      2.62[0m[34;22m      0.00[0m[34;1m     13.09[0m[34;22m      0.00[0m[34;22m      0.00[0m[34;1m     84.29[0m
09:26:52   [32;22m     all[0m[34;1m      4.81[0m[34;22m      0.00[0m[34;1m     16.58[0m[34;22m      0.00[0m[34;22m      0.00[0m[34;1m     78.61[0m
09:26:53   [32;22m     all[0m[34;1m      3.72[0m[34;22m      0.00[0m[34;1m     15.96[0m[34;22m      0.00[0m[34;22m      0.00[0m[34;1m     80.32[0m
09:26:54   [32;22m     all[0m[34;1m      4.35[0m[34;22m      0.00[0m[34;1m     15.22[0m[34;22m      0.00[0m[34;22m      0.00[0m[34;1m     80.43[0m
09:26:55   [32;22m     all[0m[34;1m      3.17[0m[34;22m      0.00[0m[34;1m     13.23[0m[34;22m      0.00[0m[34;22m      0.00[0m[34;1m     83.60[0m
09:26:56   [32;22m     all[0m[34;1m      2.67[0m[34;22m      0.00[0m[34;1m     14.44[0m[34;22m      0.00[0m[34;22m      0.00[0m[34;1m     82.89[0m
09:26:57   [32;22m     all[0m[34;1m      3.63[0m[34;22m      0.00[0m[34;1m     13.99[0m[34;22m      0.00[0m[34;22m      0.00[0m[34;1m     82.38[0m
09:26:58   [32;22m     all[0m[34;1m      3.19[0m[34;22m      0.00[0m[34;1m     14.89[0m[34;22m      0.00[0m[34;22m      0.00[0m[34;1m     81.91[0m
09:26:59   [32;22m     all[0m[34;1m      4.92[0m[34;22m      0.00[0m[34;1m     16.39[0m[34;22m      0.00[0m[34;22m      0.00[0m[34;1m     78.69[0m
09:27:00   [32;22m     all[0m[34;1m      2.65[0m[34;22m      0.00[0m[34;1m     16.40[0m[34;22m      0.00[0m[34;22m      0.00[0m[34;1m     80.95[0m
09:27:01   [32;22m     all[0m[34;1m      2.69[0m[34;22m      0.00[0m[34;1m     15.59[0m[34;22m      0.00[0m[34;22m      0.00[0m[34;1m     81.72[0m
09:27:02   [32;22m     all[0m[34;1m      8.52[0m[34;22m      0.00[0m[34;1m     28.98[0m[34;22m      0.00[0m[34;22m      0.00[0m[34;1m     62.50[0m
09:27:03   [32;22m     all[0m[34;1m     10.34[0m[34;22m      0.00[0m[34;1m     32.76[0m[34;22m      0.00[0m[34;22m      0.00[0m[34;1m     56.90[0m
09:27:04   [32;22m     all[0m[34;1m     10.17[0m[34;22m      0.00[0m[34;1m     32.77[0m[34;22m      0.00[0m[34;22m      0.00[0m[34;1m     57.06[0m
09:27:05   [32;22m     all[0m[34;1m     12.92[0m[34;22m      0.00[0m[34;1m     33.71[0m[34;22m      0.00[0m[34;22m      0.00[0m[34;1m     53.37[0m
09:27:06   [32;22m     all[0m[34;1m     10.80[0m[34;22m      0.00[0m[34;1m     35.23[0m[34;22m      0.00[0m[34;22m      0.00[0m[34;1m     53.98[0m
09:27:07   [32;22m     all[0m[34;1m     20.59[0m[34;22m      0.00[0m[34;1m     44.12[0m[34;22m      0.00[0m[34;22m      0.00[0m[34;1m     35.29[0m
09:27:08   [32;22m     all[0m[34;1m      9.20[0m[34;22m      0.00[0m[34;1m     35.06[0m[34;22m      0.00[0m[34;22m      0.00[0m[34;1m     55.75[0m
09:27:09   [32;22m     all[0m[34;1m     17.26[0m[34;22m      0.00[0m[34;1m     39.29[0m[34;22m      0.00[0m[34;22m      0.00[0m[34;1m     43.45[0m
09:27:10   [32;22m     all[0m[34;1m     13.69[0m[34;22m      0.00[0m[34;1m     36.31[0m[34;22m      0.00[0m[34;22m      0.00[0m[34;1m     50.00[0m
09:27:11   [32;22m     all[0m[34;1m     13.64[0m[34;22m      0.00[0m[34;1m     39.20[0m[34;22m      0.00[0m[34;22m      0.00[0m[34;1m     47.16[0m
09:27:12   [32;22m     all[0m[34;1m     11.49[0m[34;22m      0.00[0m[34;1m     37.93[0m[34;22m      0.00[0m[34;22m      0.00[0m[34;1m     50.57[0m
09:27:13   [32;22m     all[0m[34;1m     13.14[0m[34;22m      0.00[0m[34;1m     40.00[0m[34;22m      0.00[0m[34;22m      0.00[0m[34;1m     46.86[0m
09:27:14   [32;22m     all[0m[34;1m      9.66[0m[34;22m      0.00[0m[34;1m     31.25[0m[34;22m      0.00[0m[34;22m      0.00[0m[34;1m     59.09[0m
09:27:15   [32;22m     all[0m[34;1m     13.45[0m[34;22m      0.00[0m[34;1m     36.84[0m[34;22m      0.00[0m[34;22m      0.00[0m[34;1m     49.71[0m
09:27:16   [32;22m     all[0m[34;1m     14.77[0m[34;22m      0.00[0m[34;1m     35.80[0m[34;22m      0.00[0m[34;22m      0.00[0m[34;1m     49.43[0m
09:27:17   [32;22m     all[0m[34;1m     14.37[0m[34;22m      0.00[0m[34;1m     36.21[0m[34;22m      0.00[0m[34;22m      0.00[0m[34;1m     49.43[0m
09:27:18   [32;22m     all[0m[34;1m      9.41[0m[34;22m      0.00[0m[34;1m     31.76[0m[34;22m      0.00[0m[34;22m      0.00[0m[34;1m     58.82[0m
09:27:19   [32;22m     all[0m[34;1m     16.67[0m[34;22m      0.00[0m[34;1m     42.53[0m[34;22m      0.00[0m[34;22m      0.00[0m[34;1m     40.80[0m
09:27:20   [32;22m     all[0m[34;1m     12.35[0m[34;22m      0.00[0m[34;1m     36.47[0m[34;22m      0.00[0m[34;22m      0.00[0m[34;1m     51.18[0m
09:27:21   [32;22m     all[0m[34;1m     14.11[0m[34;22m      0.00[0m[34;1m     36.20[0m[34;22m      0.00[0m[34;22m      0.00[0m[34;1m     49.69[0m
09:27:22   [32;22m     all[0m[34;1m     13.71[0m[34;22m      0.00[0m[34;1m     36.57[0m[34;22m      0.00[0m[34;22m      0.00[0m[34;1m     49.71[0m
09:27:23   [32;22m     all[0m[34;1m     12.35[0m[34;22m      0.00[0m[34;1m     37.65[0m[34;22m      0.00[0m[34;22m      0.00[0m[34;1m     50.00[0m
09:27:24   [32;22m     all[0m[34;1m      8.28[0m[34;22m      0.00[0m[34;1m     29.59[0m[34;22m      0.00[0m[34;22m      0.00[0m[34;1m     62.13[0m
09:27:25   [32;22m     all[0m[34;1m     13.79[0m[34;22m      0.00[0m[34;1m     40.80[0m[34;22m      0.00[0m[34;22m      0.00[0m[34;1m     45.40[0m
09:27:26   [32;22m     all[0m[34;1m     12.43[0m[34;22m      0.00[0m[34;1m     36.72[0m[34;22m      0.00[0m[34;22m      0.00[0m[34;1m     50.85[0m
09:27:27   [32;22m     all[0m[34;1m     14.20[0m[34;22m      0.00[0m[34;1m     36.36[0m[34;22m      0.00[0m[34;22m      0.00[0m[34;1m     49.43[0m
09:27:28   [32;22m     all[0m[34;1m      9.71[0m[34;22m      0.00[0m[34;1m     31.43[0m[34;22m      0.00[0m[34;22m      0.00[0m[34;1m     58.86[0m
09:27:29   [32;22m     all[0m[34;1m     16.09[0m[34;22m      0.00[0m[34;1m     40.80[0m[34;22m      0.00[0m[34;22m      0.00[0m[34;1m     43.10[0m
09:27:30   [32;22m     all[0m[34;1m      9.83[0m[34;22m      0.00[0m[34;1m     34.10[0m[34;22m      0.00[0m[34;22m      0.00[0m[34;1m     56.07[0m
09:27:31   [32;22m     all[0m[34;1m      8.00[0m[34;22m      0.00[0m[34;1m     32.57[0m[34;22m      0.00[0m[34;22m      0.00[0m[34;1m     59.43[0m
09:27:32   [32;22m     all[0m[34;1m     12.87[0m[34;22m      0.00[0m[34;1m     34.50[0m[34;22m      0.00[0m[34;22m      0.00[0m[34;1m     52.63[0m
09:27:33   [32;22m     all[0m[34;1m     10.65[0m[34;22m      0.00[0m[34;1m     34.91[0m[34;22m      0.00[0m[34;22m      0.00[0m[34;1m     54.44[0m
09:27:34   [32;22m     all[0m[34;1m      7.88[0m[34;22m      0.00[0m[34;1m     37.58[0m[34;22m      0.00[0m[34;22m      0.00[0m[34;1m     54.55[0m
09:27:35   [32;22m     all[0m[34;1m      9.09[0m[34;22m      0.00[0m[34;1m     30.68[0m[34;22m      0.00[0m[34;22m      0.00[0m[34;1m     60.23[0m
09:27:36   [32;22m     all[0m[34;1m     10.91[0m[34;22m      0.00[0m[34;1m     36.36[0m[34;22m      0.00[0m[34;22m      0.00[0m[34;1m     52.73[0m
09:27:37   [32;22m     all[0m[34;1m     13.86[0m[34;22m      0.00[0m[34;1m     38.55[0m[34;22m      0.00[0m[34;22m      0.00[0m[34;1m     47.59[0m
09:27:38   [32;22m     all[0m[34;1m      8.82[0m[34;22m      0.00[0m[34;1m     31.18[0m[34;22m      0.00[0m[34;22m      0.00[0m[34;1m     60.00[0m
09:27:39   [32;22m     all[0m[34;1m     12.28[0m[34;22m      0.00[0m[34;1m     34.50[0m[34;22m      0.00[0m[34;22m      0.00[0m[34;1m     53.22[0m
09:27:40   [32;22m     all[0m[34;1m      9.41[0m[34;22m      0.00[0m[34;1m     33.53[0m[34;22m      0.00[0m[34;22m      0.00[0m[34;1m     57.06[0m
09:27:41   [32;22m     all[0m[34;1m     10.18[0m[34;22m      0.00[0m[34;1m     35.93[0m[34;22m      0.00[0m[34;22m      0.00[0m[34;1m     53.89[0m
09:27:42   [32;22m     all[0m[34;1m     10.06[0m[34;22m      0.00[0m[34;1m     34.91[0m[34;22m      0.00[0m[34;22m      0.00[0m[34;1m     55.03[0m
09:27:43   [32;22m     all[0m[34;1m      9.77[0m[34;22m      0.00[0m[34;1m     27.01[0m[34;22m      0.00[0m[34;22m      0.00[0m[34;1m     63.22[0m
09:27:44   [32;22m     all[0m[34;1m      9.83[0m[34;22m      0.00[0m[34;1m     34.68[0m[34;22m      0.00[0m[34;22m      0.00[0m[34;1m     55.49[0m
09:27:45   [32;22m     all[0m[34;1m      9.88[0m[34;22m      0.00[0m[34;1m     31.40[0m[34;22m      0.00[0m[34;22m      0.00[0m[34;1m     58.72[0m
09:27:46   [32;22m     all[0m[34;1m     11.76[0m[34;22m      0.00[0m[34;1m     31.18[0m[34;22m      0.00[0m[34;22m      0.00[0m[34;1m     57.06[0m
09:27:47   [32;22m     all[0m[34;1m     21.74[0m[34;22m      0.00[0m[34;1m     49.69[0m[34;22m      0.00[0m[34;22m      0.00[0m[34;1m     28.57[0m
09:27:48   [32;22m     all[0m[34;1m     11.86[0m[34;22m      0.00[0m[34;1m     35.59[0m[34;22m      0.00[0m[34;22m      0.00[0m[34;1m     52.54[0m
09:27:49   [32;22m     all[0m[34;1m     14.45[0m[34;22m      0.00[0m[34;1m     42.20[0m[34;1m      0.58[0m[34;22m      0.00[0m[34;1m     42.77[0m
09:27:50   [32;22m     all[0m[34;1m     11.56[0m[34;22m      0.00[0m[34;1m     36.42[0m[34;22m      0.00[0m[34;22m      0.00[0m[34;1m     52.02[0m
09:27:51   [32;22m     all[0m[34;1m      9.94[0m[34;22m      0.00[0m[34;1m     33.92[0m[34;22m      0.00[0m[34;22m      0.00[0m[34;1m     56.14[0m
09:27:52   [32;22m     all[0m[34;1m     13.61[0m[34;22m      0.00[0m[34;1m     37.28[0m[34;22m      0.00[0m[34;22m      0.00[0m[34;1m     49.11[0m
09:27:53   [32;22m     all[0m[34;1m     11.83[0m[34;22m      0.00[0m[34;1m     38.46[0m[34;22m      0.00[0m[34;22m      0.00[0m[34;1m     49.70[0m
09:27:54   [32;22m     all[0m[34;1m     10.47[0m[34;22m      0.00[0m[34;1m     34.30[0m[34;22m      0.00[0m[34;22m      0.00[0m[34;1m     55.23[0m
09:27:55   [32;22m     all[0m[34;1m      7.43[0m[34;22m      0.00[0m[34;1m     35.43[0m[34;22m      0.00[0m[34;22m      0.00[0m[34;1m     57.14[0m
09:27:56   [32;22m     all[0m[34;1m      8.77[0m[34;22m      0.00[0m[34;1m     36.26[0m[34;22m      0.00[0m[34;22m      0.00[0m[34;1m     54.97[0m
09:27:57   [32;22m     all[0m[34;1m     18.02[0m[34;22m      0.00[0m[34;1m     42.44[0m[34;22m      0.00[0m[34;22m      0.00[0m[34;1m     39.53[0m
09:27:58   [32;22m     all[0m[34;1m      8.82[0m[34;22m      0.00[0m[34;1m     32.35[0m[34;22m      0.00[0m[34;22m      0.00[0m[34;1m     58.82[0m
09:27:59   [32;22m     all[0m[34;1m     13.95[0m[34;22m      0.00[0m[34;1m     37.79[0m[34;22m      0.00[0m[34;22m      0.00[0m[34;1m     48.26[0m
09:28:00   [32;22m     all[0m[34;1m     12.14[0m[34;22m      0.00[0m[34;1m     32.37[0m[34;22m      0.00[0m[34;22m      0.00[0m[34;1m     55.49[0m
09:28:01   [32;22m     all[0m[34;1m     12.35[0m[34;22m      0.00[0m[34;1m     35.88[0m[34;22m      0.00[0m[34;22m      0.00[0m[34;1m     51.76[0m
09:28:02   [32;22m     all[0m[34;1m      9.25[0m[34;22m      0.00[0m[34;1m     32.95[0m[34;22m      0.00[0m[34;22m      0.00[0m[34;1m     57.80[0m
09:28:03   [32;22m     all[0m[34;1m     11.76[0m[34;22m      0.00[0m[34;1m     31.18[0m[34;22m      0.00[0m[34;22m      0.00[0m[34;1m     57.06[0m
09:28:04   [32;22m     all[0m[34;1m     10.06[0m[34;22m      0.00[0m[34;1m     33.14[0m[34;22m      0.00[0m[34;22m      0.00[0m[34;1m     56.80[0m
09:28:05   [32;22m     all[0m[34;1m     12.35[0m[34;22m      0.00[0m[34;1m     37.06[0m[34;22m      0.00[0m[34;22m      0.00[0m[34;1m     50.59[0m
09:28:06   [32;22m     all[0m[34;1m     14.37[0m[34;22m      0.00[0m[34;1m     36.21[0m[34;22m      0.00[0m[34;22m      0.00[0m[34;1m     49.43[0m
09:28:07   [32;22m     all[0m[34;1m     17.16[0m[34;22m      0.00[0m[34;1m     42.01[0m[34;22m      0.00[0m[34;22m      0.00[0m[34;1m     40.83[0m
09:28:08   [32;22m     all[0m[34;1m      9.71[0m[34;22m      0.00[0m[34;1m     33.14[0m[34;22m      0.00[0m[34;22m      0.00[0m[34;1m     57.14[0m
09:28:09   [32;22m     all[0m[34;1m     11.24[0m[34;22m      0.00[0m[34;1m     34.91[0m[34;22m      0.00[0m[34;22m      0.00[0m[34;1m     53.85[0m
09:28:10   [32;22m     all[0m[34;1m     12.36[0m[34;22m      0.00[0m[34;1m     37.08[0m[34;22m      0.00[0m[34;22m      0.00[0m[34;1m     50.56[0m
09:28:11   [32;22m     all[0m[34;1m     10.65[0m[34;22m      0.00[0m[34;1m     36.69[0m[34;22m      0.00[0m[34;22m      0.00[0m[34;1m     52.66[0m
09:28:12   [32;22m     all[0m[34;1m     10.59[0m[34;22m      0.00[0m[34;1m     34.71[0m[34;22m      0.00[0m[34;22m      0.00[0m[34;1m     54.71[0m
09:28:13   [32;22m     all[0m[34;1m      9.94[0m[34;22m      0.00[0m[34;1m     32.16[0m[34;22m      0.00[0m[34;22m      0.00[0m[34;1m     57.89[0m
09:28:14   [32;22m     all[0m[34;1m      8.33[0m[34;22m      0.00[0m[34;1m     32.14[0m[34;22m      0.00[0m[34;22m      0.00[0m[34;1m     59.52[0m
09:28:15   [32;22m     all[0m[34;1m      8.19[0m[34;22m      0.00[0m[34;1m     28.07[0m[34;22m      0.00[0m[34;22m      0.00[0m[34;1m     63.74[0m
09:28:16   [32;22m     all[0m[34;1m      9.71[0m[34;22m      0.00[0m[34;1m     31.43[0m[34;22m      0.00[0m[34;22m      0.00[0m[34;1m     58.86[0m
09:28:17   [32;22m     all[0m[34;1m     14.20[0m[34;22m      0.00[0m[34;1m     37.65[0m[34;22m      0.00[0m[34;22m      0.00[0m[34;1m     48.15[0m
09:28:18   [32;22m     all[0m[34;1m     13.02[0m[34;22m      0.00[0m[34;1m     39.64[0m[34;22m      0.00[0m[34;22m      0.00[0m[34;1m     47.34[0m
09:28:19   [32;22m     all[0m[34;1m     10.12[0m[34;22m      0.00[0m[34;1m     34.52[0m[34;22m      0.00[0m[34;22m      0.00[0m[34;1m     55.36[0m
09:28:20   [32;22m     all[0m[34;1m     14.71[0m[34;22m      0.00[0m[34;1m     40.00[0m[34;22m      0.00[0m[34;22m      0.00[0m[34;1m     45.29[0m
09:28:21   [32;22m     all[0m[34;1m     10.71[0m[34;22m      0.00[0m[34;1m     33.33[0m[34;22m      0.00[0m[34;22m      0.00[0m[34;1m     55.95[0m
09:28:22   [32;22m     all[0m[34;1m     11.76[0m[34;22m      0.00[0m[34;1m     37.65[0m[34;22m      0.00[0m[34;22m      0.00[0m[34;1m     50.59[0m
09:28:23   [32;22m     all[0m[34;1m      9.30[0m[34;22m      0.00[0m[34;1m     34.88[0m[34;22m      0.00[0m[34;22m      0.00[0m[34;1m     55.81[0m
09:28:24   [32;22m     all[0m[34;1m      9.36[0m[34;22m      0.00[0m[34;1m     33.33[0m[34;22m      0.00[0m[34;22m      0.00[0m[34;1m     57.31[0m
09:28:25   [32;22m     all[0m[34;1m     11.70[0m[34;22m      0.00[0m[34;1m     36.26[0m[34;22m      0.00[0m[34;22m      0.00[0m[34;1m     52.05[0m
09:28:26   [32;22m     all[0m[34;1m     10.47[0m[34;22m      0.00[0m[34;1m     31.40[0m[34;22m      0.00[0m[34;22m      0.00[0m[34;1m     58.14[0m
09:28:27   [32;22m     all[0m[34;1m     15.12[0m[34;22m      0.00[0m[34;1m     41.86[0m[34;22m      0.00[0m[34;22m      0.00[0m[34;1m     43.02[0m
09:28:28   [32;22m     all[0m[34;1m      9.66[0m[34;22m      0.00[0m[34;1m     32.95[0m[34;22m      0.00[0m[34;22m      0.00[0m[34;1m     57.39[0m
09:28:29   [32;22m     all[0m[34;1m     12.21[0m[34;22m      0.00[0m[34;1m     36.05[0m[34;22m      0.00[0m[34;22m      0.00[0m[34;1m     51.74[0m
09:28:30   [32;22m     all[0m[34;1m     12.35[0m[34;22m      0.00[0m[34;1m     38.82[0m[34;22m      0.00[0m[34;22m      0.00[0m[34;1m     48.82[0m
09:28:31   [32;22m     all[0m[34;1m     13.29[0m[34;22m      0.00[0m[34;1m     39.31[0m[34;22m      0.00[0m[34;22m      0.00[0m[34;1m     47.40[0m
09:28:32   [32;22m     all[0m[34;1m     11.24[0m[34;22m      0.00[0m[34;1m     36.69[0m[34;22m      0.00[0m[34;22m      0.00[0m[34;1m     52.07[0m
09:28:33   [32;22m     all[0m[34;1m     10.40[0m[34;22m      0.00[0m[34;1m     35.84[0m[34;22m      0.00[0m[34;22m      0.00[0m[34;1m     53.76[0m
09:28:34   [32;22m     all[0m[34;1m      9.14[0m[34;22m      0.00[0m[34;1m     36.00[0m[34;22m      0.00[0m[34;22m      0.00[0m[34;1m     54.86[0m
09:28:35   [32;22m     all[0m[34;1m     10.24[0m[34;22m      0.00[0m[34;1m     33.13[0m[34;22m      0.00[0m[34;22m      0.00[0m[34;1m     56.63[0m
09:28:36   [32;22m     all[0m[34;1m     11.18[0m[34;22m      0.00[0m[34;1m     33.53[0m[34;22m      0.00[0m[34;22m      0.00[0m[34;1m     55.29[0m
09:28:37   [32;22m     all[0m[34;1m     14.88[0m[34;22m      0.00[0m[34;1m     35.71[0m[34;22m      0.00[0m[34;22m      0.00[0m[34;1m     49.40[0m
09:28:38   [32;22m     all[0m[34;1m      8.82[0m[34;22m      0.00[0m[34;1m     34.12[0m[34;22m      0.00[0m[34;22m      0.00[0m[34;1m     57.06[0m
09:28:39   [32;22m     all[0m[34;1m     11.11[0m[34;22m      0.00[0m[34;1m     38.01[0m[34;22m      0.00[0m[34;22m      0.00[0m[34;1m     50.88[0m
09:28:40   [32;22m     all[0m[34;1m     11.45[0m[34;22m      0.00[0m[34;1m     36.14[0m[34;22m      0.00[0m[34;22m      0.00[0m[34;1m     52.41[0m
09:28:41   [32;22m     all[0m[34;1m     12.00[0m[34;22m      0.00[0m[34;1m     34.29[0m[34;22m      0.00[0m[34;22m      0.00[0m[34;1m     53.71[0m
09:28:42   [32;22m     all[0m[34;1m      8.93[0m[34;22m      0.00[0m[34;1m     36.90[0m[34;22m      0.00[0m[34;22m      0.00[0m[34;1m     54.17[0m
09:28:43   [32;22m     all[0m[34;1m      9.04[0m[34;22m      0.00[0m[34;1m     34.34[0m[34;22m      0.00[0m[34;22m      0.00[0m[34;1m     56.63[0m
09:28:44   [32;22m     all[0m[34;1m     10.98[0m[34;22m      0.00[0m[34;1m     33.53[0m[34;22m      0.00[0m[34;22m      0.00[0m[34;1m     55.49[0m
09:28:45   [32;22m     all[0m[34;1m     10.78[0m[34;22m      0.00[0m[34;1m     32.93[0m[34;22m      0.00[0m[34;22m      0.00[0m[34;1m     56.29[0m
09:28:46   [32;22m     all[0m[34;1m     12.00[0m[34;22m      0.00[0m[34;1m     30.29[0m[34;22m      0.00[0m[34;22m      0.00[0m[34;1m     57.71[0m
09:28:47   [32;22m     all[0m[34;1m     13.10[0m[34;22m      0.00[0m[34;1m     38.69[0m[34;22m      0.00[0m[34;22m      0.00[0m[34;1m     48.21[0m
09:28:48   [32;22m     all[0m[34;1m      9.66[0m[34;22m      0.00[0m[34;1m     36.36[0m[34;22m      0.00[0m[34;22m      0.00[0m[34;1m     53.98[0m
09:28:49   [32;22m     all[0m[34;1m      9.83[0m[34;22m      0.00[0m[34;1m     33.53[0m[34;22m      0.00[0m[34;22m      0.00[0m[34;1m     56.65[0m
09:28:50   [32;22m     all[0m[34;1m     12.07[0m[34;22m      0.00[0m[34;1m     37.93[0m[34;22m      0.00[0m[34;22m      0.00[0m[34;1m     50.00[0m
09:28:51   [32;22m     all[0m[34;1m     10.86[0m[34;22m      0.00[0m[34;1m     36.00[0m[34;22m      0.00[0m[34;22m      0.00[0m[34;1m     53.14[0m
09:28:52   [32;22m     all[0m[34;1m     13.37[0m[34;22m      0.00[0m[34;1m     35.47[0m[34;22m      0.00[0m[34;22m      0.00[0m[34;1m     51.16[0m
09:28:53   [32;22m     all[0m[34;1m      8.72[0m[34;22m      0.00[0m[34;1m     36.05[0m[34;22m      0.00[0m[34;22m      0.00[0m[34;1m     55.23[0m
09:28:54   [32;22m     all[0m[34;1m     11.90[0m[34;22m      0.00[0m[34;1m     36.90[0m[34;22m      0.00[0m[34;22m      0.00[0m[34;1m     51.19[0m
09:28:55   [32;22m     all[0m[34;1m      9.60[0m[34;22m      0.00[0m[34;1m     33.33[0m[34;22m      0.00[0m[34;22m      0.00[0m[34;1m     57.06[0m
09:28:56   [32;22m     all[0m[34;1m     12.35[0m[34;22m      0.00[0m[34;1m     37.65[0m[34;22m      0.00[0m[34;22m      0.00[0m[34;1m     50.00[0m
09:28:57   [32;22m     all[0m[34;1m     15.12[0m[34;22m      0.00[0m[34;1m     40.12[0m[34;22m      0.00[0m[34;22m      0.00[0m[34;1m     44.77[0m
09:28:58   [32;22m     all[0m[34;1m     10.12[0m[34;22m      0.00[0m[34;1m     36.31[0m[34;22m      0.00[0m[34;22m      0.00[0m[34;1m     53.57[0m
09:28:59   [32;22m     all[0m[34;1m     11.90[0m[34;22m      0.00[0m[34;1m     37.50[0m[34;22m      0.00[0m[34;22m      0.00[0m[34;1m     50.60[0m
09:29:00   [32;22m     all[0m[34;1m     12.65[0m[34;22m      0.00[0m[34;1m     38.55[0m[34;22m      0.00[0m[34;22m      0.00[0m[34;1m     48.80[0m
09:29:01   [32;22m     all[0m[34;1m     11.24[0m[34;22m      0.00[0m[34;1m     37.28[0m[34;22m      0.00[0m[34;22m      0.00[0m[34;1m     51.48[0m
09:29:02   [32;22m     all[0m[34;1m     10.18[0m[34;22m      0.00[0m[34;1m     32.93[0m[34;22m      0.00[0m[34;22m      0.00[0m[34;1m     56.89[0m
09:29:03   [32;22m     all[0m[34;1m     10.18[0m[34;22m      0.00[0m[34;1m     37.13[0m[34;22m      0.00[0m[34;22m      0.00[0m[34;1m     52.69[0m
09:29:04   [32;22m     all[0m[34;1m     10.71[0m[34;22m      0.00[0m[34;1m     35.12[0m[34;22m      0.00[0m[34;22m      0.00[0m[34;1m     54.17[0m
09:29:05   [32;22m     all[0m[34;1m     11.18[0m[34;22m      0.00[0m[34;1m     37.65[0m[34;22m      0.00[0m[34;22m      0.00[0m[34;1m     51.18[0m
09:29:06   [32;22m     all[0m[34;1m     11.98[0m[34;22m      0.00[0m[34;1m     35.93[0m[34;22m      0.00[0m[34;22m      0.00[0m[34;1m     52.10[0m
09:29:07   [32;22m     all[0m[34;1m     16.00[0m[34;22m      0.00[0m[34;1m     36.00[0m[34;22m      0.00[0m[34;22m      0.00[0m[34;1m     48.00[0m
09:29:08   [32;22m     all[0m[34;1m     10.18[0m[34;22m      0.00[0m[34;1m     34.13[0m[34;22m      0.00[0m[34;22m      0.00[0m[34;1m     55.69[0m
09:29:09   [32;22m     all[0m[34;1m     11.63[0m[34;22m      0.00[0m[34;1m     37.21[0m[34;22m      0.00[0m[34;22m      0.00[0m[34;1m     51.16[0m
09:29:10   [32;22m     all[0m[34;1m     14.37[0m[34;22m      0.00[0m[34;1m     34.48[0m[34;22m      0.00[0m[34;22m      0.00[0m[34;1m     51.15[0m
09:29:11   [32;22m     all[0m[34;1m     10.18[0m[34;22m      0.00[0m[34;1m     36.53[0m[34;22m      0.00[0m[34;22m      0.00[0m[34;1m     53.29[0m
09:29:12   [32;22m     all[0m[34;1m     11.56[0m[34;22m      0.00[0m[34;1m     38.15[0m[34;22m      0.00[0m[34;22m      0.00[0m[34;1m     50.29[0m
09:29:13   [32;22m     all[0m[34;1m     11.83[0m[34;22m      0.00[0m[34;1m     34.91[0m[34;22m      0.00[0m[34;22m      0.00[0m[34;1m     53.25[0m
09:29:14   [32;22m     all[0m[34;1m      9.30[0m[34;22m      0.00[0m[34;1m     36.05[0m[34;22m      0.00[0m[34;22m      0.00[0m[34;1m     54.65[0m
09:29:15   [32;22m     all[0m[34;1m     12.28[0m[34;22m      0.00[0m[34;1m     36.26[0m[34;22m      0.00[0m[34;22m      0.00[0m[34;1m     51.46[0m
09:29:16   [32;22m     all[0m[34;1m      9.88[0m[34;22m      0.00[0m[34;1m     35.47[0m[34;22m      0.00[0m[34;22m      0.00[0m[34;1m     54.65[0m
09:29:17   [32;22m     all[0m[34;1m     13.25[0m[34;22m      0.00[0m[34;1m     37.35[0m[34;22m      0.00[0m[34;22m      0.00[0m[34;1m     49.40[0m
09:29:18   [32;22m     all[0m[34;1m      6.98[0m[34;22m      0.00[0m[34;1m     29.65[0m[34;22m      0.00[0m[34;22m      0.00[0m[34;1m     63.37[0m
09:29:19   [32;22m     all[0m[34;1m      9.83[0m[34;22m      0.00[0m[34;1m     32.95[0m[34;22m      0.00[0m[34;22m      0.00[0m[34;1m     57.23[0m
09:29:20   [32;22m     all[0m[34;1m     11.76[0m[34;22m      0.00[0m[34;1m     39.41[0m[34;22m      0.00[0m[34;22m      0.00[0m[34;1m     48.82[0m
09:29:21   [32;22m     all[0m[34;1m     11.05[0m[34;22m      0.00[0m[34;1m     37.21[0m[34;22m      0.00[0m[34;22m      0.00[0m[34;1m     51.74[0m
09:29:22   [32;22m     all[0m[34;1m      8.19[0m[34;22m      0.00[0m[34;1m     35.09[0m[34;22m      0.00[0m[34;22m      0.00[0m[34;1m     56.73[0m
09:29:23   [32;22m     all[0m[34;1m     11.52[0m[34;22m      0.00[0m[34;1m     32.12[0m[34;22m      0.00[0m[34;22m      0.00[0m[34;1m     56.36[0m
09:29:24   [32;22m     all[0m[34;1m      9.52[0m[34;22m      0.00[0m[34;1m     32.14[0m[34;22m      0.00[0m[34;22m      0.00[0m[34;1m     58.33[0m
09:29:25   [32;22m     all[0m[34;1m     11.45[0m[34;22m      0.00[0m[34;1m     36.75[0m[34;22m      0.00[0m[34;22m      0.00[0m[34;1m     51.81[0m
09:29:26   [32;22m     all[0m[34;1m     11.18[0m[34;22m      0.00[0m[34;1m     32.94[0m[34;22m      0.00[0m[34;22m      0.00[0m[34;1m     55.88[0m
09:29:27   [32;22m     all[0m[34;1m     12.94[0m[34;22m      0.00[0m[34;1m     34.71[0m[34;22m      0.00[0m[34;22m      0.00[0m[34;1m     52.35[0m
09:29:28   [32;22m     all[0m[34;1m     10.98[0m[34;22m      0.00[0m[34;1m     36.99[0m[34;22m      0.00[0m[34;22m      0.00[0m[34;1m     52.02[0m
09:29:29   [32;22m     all[0m[34;1m     10.59[0m[34;22m      0.00[0m[34;1m     36.47[0m[34;22m      0.00[0m[34;22m      0.00[0m[34;1m     52.94[0m
09:29:30   [32;22m     all[0m[34;1m     13.41[0m[34;22m      0.00[0m[34;1m     34.76[0m[34;22m      0.00[0m[34;22m      0.00[0m[34;1m     51.83[0m
09:29:31   [32;22m     all[0m[34;1m     10.80[0m[34;22m      0.00[0m[34;1m     39.20[0m[34;22m      0.00[0m[34;22m      0.00[0m[34;1m     50.00[0m
09:29:32   [32;22m     all[0m[34;1m      8.72[0m[34;22m      0.00[0m[34;1m     33.14[0m[34;22m      0.00[0m[34;22m      0.00[0m[34;1m     58.14[0m
09:29:33   [32;22m     all[0m[34;1m     12.21[0m[34;22m      0.00[0m[34;1m     36.05[0m[34;22m      0.00[0m[34;22m      0.00[0m[34;1m     51.74[0m
09:29:34   [32;22m     all[0m[34;1m     11.93[0m[34;22m      0.00[0m[34;1m     35.80[0m[34;22m      0.00[0m[34;22m      0.00[0m[34;1m     52.27[0m
09:29:35   [32;22m     all[0m[34;1m     12.21[0m[34;22m      0.00[0m[34;1m     38.37[0m[34;22m      0.00[0m[34;22m      0.00[0m[34;1m     49.42[0m
09:29:36   [32;22m     all[0m[34;1m     11.56[0m[34;22m      0.00[0m[34;1m     35.84[0m[34;22m      0.00[0m[34;22m      0.00[0m[34;1m     52.60[0m
09:29:37   [32;22m     all[0m[34;1m     11.93[0m[34;22m      0.00[0m[34;1m     34.09[0m[34;22m      0.00[0m[34;22m      0.00[0m[34;1m     53.98[0m
09:29:38   [32;22m     all[0m[34;1m     12.14[0m[34;22m      0.00[0m[34;1m     36.42[0m[34;22m      0.00[0m[34;22m      0.00[0m[34;1m     51.45[0m
09:29:39   [32;22m     all[0m[34;1m     10.47[0m[34;22m      0.00[0m[34;1m     31.98[0m[34;22m      0.00[0m[34;22m      0.00[0m[34;1m     57.56[0m
09:29:40   [32;22m     all[0m[34;1m      8.38[0m[34;22m      0.00[0m[34;1m     32.93[0m[34;22m      0.00[0m[34;22m      0.00[0m[34;1m     58.68[0m
09:29:41   [32;22m     all[0m[34;1m     12.72[0m[34;22m      0.00[0m[34;1m     36.42[0m[34;22m      0.00[0m[34;22m      0.00[0m[34;1m     50.87[0m
09:29:42   [32;22m     all[0m[34;1m     10.24[0m[34;22m      0.00[0m[34;1m     36.14[0m[34;22m      0.00[0m[34;22m      0.00[0m[34;1m     53.61[0m
09:29:43   [32;22m     all[0m[34;1m      9.83[0m[34;22m      0.00[0m[34;1m     32.37[0m[34;22m      0.00[0m[34;22m      0.00[0m[34;1m     57.80[0m
09:29:44   [32;22m     all[0m[34;1m      9.20[0m[34;22m      0.00[0m[34;1m     34.97[0m[34;22m      0.00[0m[34;22m      0.00[0m[34;1m     55.83[0m
09:29:45   [32;22m     all[0m[34;1m      9.94[0m[34;22m      0.00[0m[34;1m     30.99[0m[34;22m      0.00[0m[34;22m      0.00[0m[34;1m     59.06[0m
09:29:46   [32;22m     all[0m[34;1m      9.47[0m[34;22m      0.00[0m[34;1m     34.91[0m[34;22m      0.00[0m[34;22m      0.00[0m[34;1m     55.62[0m
09:29:47   [32;22m     all[0m[34;1m     12.79[0m[34;22m      0.00[0m[34;1m     36.63[0m[34;22m      0.00[0m[34;22m      0.00[0m[34;1m     50.58[0m
09:29:48   [32;22m     all[0m[34;1m     10.00[0m[34;22m      0.00[0m[34;1m     32.35[0m[34;1m      0.59[0m[34;22m      0.00[0m[34;1m     57.06[0m
09:29:49   [32;22m     all[0m[34;1m     11.18[0m[34;22m      0.00[0m[34;1m     34.12[0m[34;22m      0.00[0m[34;22m      0.00[0m[34;1m     54.71[0m
09:29:50   [32;22m     all[0m[34;1m     11.18[0m[34;22m      0.00[0m[34;1m     34.71[0m[34;22m      0.00[0m[34;22m      0.00[0m[34;1m     54.12[0m
09:29:51   [32;22m     all[0m[34;1m     12.64[0m[34;22m      0.00[0m[34;1m     37.36[0m[34;22m      0.00[0m[34;22m      0.00[0m[34;1m     50.00[0m
09:29:52   [32;22m     all[0m[34;1m     12.87[0m[34;22m      0.00[0m[34;1m     35.67[0m[34;22m      0.00[0m[34;22m      0.00[0m[34;1m     51.46[0m
09:29:53   [32;22m     all[0m[34;1m      9.76[0m[34;22m      0.00[0m[34;1m     38.41[0m[34;22m      0.00[0m[34;22m      0.00[0m[34;1m     51.83[0m
09:29:54   [32;22m     all[0m[34;1m      8.00[0m[34;22m      0.00[0m[34;1m     30.86[0m[34;22m      0.00[0m[34;22m      0.00[0m[34;1m     61.14[0m
09:29:55   [32;22m     all[0m[34;1m      9.36[0m[34;22m      0.00[0m[34;1m     36.84[0m[34;22m      0.00[0m[34;22m      0.00[0m[34;1m     53.80[0m
09:29:56   [32;22m     all[0m[34;1m      9.83[0m[34;22m      0.00[0m[34;1m     34.68[0m[34;22m      0.00[0m[34;22m      0.00[0m[34;1m     55.49[0m
09:29:57   [32;22m     all[0m[34;1m     17.24[0m[34;22m      0.00[0m[34;1m     38.51[0m[34;22m      0.00[0m[34;22m      0.00[0m[34;1m     44.25[0m
09:29:58   [32;22m     all[0m[34;1m      8.00[0m[34;22m      0.00[0m[34;1m     29.71[0m[34;22m      0.00[0m[34;22m      0.00[0m[34;1m     62.29[0m
09:29:59   [32;22m     all[0m[34;1m     11.18[0m[34;22m      0.00[0m[34;1m     35.88[0m[34;22m      0.00[0m[34;22m      0.00[0m[34;1m     52.94[0m
09:30:00   [32;22m     all[0m[34;1m     10.00[0m[34;22m      0.00[0m[34;1m     33.53[0m[34;22m      0.00[0m[34;22m      0.00[0m[34;1m     56.47[0m
09:30:01   [32;22m     all[0m[34;1m     14.11[0m[34;22m      0.00[0m[34;1m     42.33[0m[34;22m      0.00[0m[34;22m      0.00[0m[34;1m     43.56[0m
09:30:02   [32;22m     all[0m[34;1m     12.94[0m[34;22m      0.00[0m[34;1m     36.47[0m[34;22m      0.00[0m[34;22m      0.00[0m[34;1m     50.59[0m
09:30:03   [32;22m     all[0m[34;1m     12.28[0m[34;22m      0.00[0m[34;1m     36.84[0m[34;22m      0.00[0m[34;22m      0.00[0m[34;1m     50.88[0m
09:30:04   [32;22m     all[0m[34;1m      9.77[0m[34;22m      0.00[0m[34;1m     34.48[0m[34;22m      0.00[0m[34;22m      0.00[0m[34;1m     55.75[0m
09:30:05   [32;22m     all[0m[34;1m      9.09[0m[34;22m      0.00[0m[34;1m     35.76[0m[34;22m      0.00[0m[34;22m      0.00[0m[34;1m     55.15[0m
09:30:06   [32;22m     all[0m[34;1m      9.30[0m[34;22m      0.00[0m[34;1m     34.88[0m[34;22m      0.00[0m[34;22m      0.00[0m[34;1m     55.81[0m
09:30:07   [32;22m     all[0m[34;1m     13.61[0m[34;22m      0.00[0m[34;1m     36.09[0m[34;22m      0.00[0m[34;22m      0.00[0m[34;1m     50.30[0m
09:30:08   [32;22m     all[0m[34;1m     13.45[0m[34;22m      0.00[0m[34;1m     36.26[0m[34;22m      0.00[0m[34;22m      0.00[0m[34;1m     50.29[0m
09:30:09   [32;22m     all[0m[34;1m     12.21[0m[34;22m      0.00[0m[34;1m     36.05[0m[34;22m      0.00[0m[34;22m      0.00[0m[34;1m     51.74[0m
09:30:10   [32;22m     all[0m[34;1m      8.28[0m[34;22m      0.00[0m[34;1m     31.36[0m[34;22m      0.00[0m[34;22m      0.00[0m[34;1m     60.36[0m
09:30:11   [32;22m     all[0m[34;1m     10.06[0m[34;22m      0.00[0m[34;1m     29.59[0m[34;22m      0.00[0m[34;22m      0.00[0m[34;1m     60.36[0m
09:30:12   [32;22m     all[0m[34;1m      1.64[0m[34;22m      0.00[0m[34;1m      4.37[0m[34;22m      0.00[0m[34;22m      0.00[0m[34;1m     93.99[0m
