Linux 6.6.95 (ssp-study) 	04/21/26 	_x86_64_	(2 CPU)

09:25:11        CPU     %user     %nice   %system   %iowait    %steal     %idle
09:25:12   [32;22m     all[0m[34;1m      3.72[0m[34;22m      0.00[0m[34;1m      4.79[0m[34;22m      0.00[0m[34;22m      0.00[0m[34;1m     91.49[0m
09:25:13   [32;22m     all[0m[34;1m      2.65[0m[34;22m      0.00[0m[34;1m      4.76[0m[34;22m      0.00[0m[34;22m      0.00[0m[34;1m     92.59[0m
09:25:14   [32;22m     all[0m[34;1m      3.74[0m[34;22m      0.00[0m[34;1m      4.28[0m[34;22m      0.00[0m[34;22m      0.00[0m[34;1m     91.98[0m
09:25:15   [32;22m     all[0m[34;1m      3.74[0m[34;22m      0.00[0m[34;1m      5.88[0m[34;22m      0.00[0m[34;22m      0.00[0m[34;1m     90.37[0m
09:25:16   [32;22m     all[0m[34;1m      4.84[0m[34;22m      0.00[0m[34;1m      5.38[0m[34;22m      0.00[0m[34;22m      0.00[0m[34;1m     89.78[0m
09:25:17   [32;22m     all[0m[34;1m      4.81[0m[34;22m      0.00[0m[34;1m      6.95[0m[34;22m      0.00[0m[34;22m      0.00[0m[34;1m     88.24[0m
09:25:18   [32;22m     all[0m[34;1m      4.32[0m[34;22m      0.00[0m[34;1m      7.03[0m[34;1m      0.54[0m[34;22m      0.00[0m[34;1m     88.11[0m
09:25:19   [32;22m     all[0m[34;1m      6.45[0m[34;22m      0.00[0m[34;1m      7.53[0m[34;22m      0.00[0m[34;22m      0.00[0m[34;1m     86.02[0m
09:25:20   [32;22m     all[0m[34;1m      5.88[0m[34;22m      0.00[0m[34;1m      8.56[0m[34;22m      0.00[0m[34;22m      0.00[0m[34;1m     85.56[0m
09:25:21   [32;22m     all[0m[34;1m      7.45[0m[34;22m      0.00[0m[34;1m     10.11[0m[34;22m      0.00[0m[34;22m      0.00[0m[34;1m     82.45[0m
09:25:22   [32;22m     all[0m[34;1m      7.57[0m[34;22m      0.00[0m[34;1m      9.73[0m[34;22m      0.00[0m[34;22m      0.00[0m[34;1m     82.70[0m
09:25:23   [32;22m     all[0m[34;1m      7.53[0m[34;22m      0.00[0m[34;1m      9.68[0m[34;22m      0.00[0m[34;22m      0.00[0m[34;1m     82.80[0m
09:25:24   [32;22m     all[0m[34;1m      8.11[0m[34;22m      0.00[0m[34;1m     10.81[0m[34;22m      0.00[0m[34;22m      0.00[0m[34;1m     81.08[0m
09:25:25   [32;22m     all[0m[34;1m      8.74[0m[34;22m      0.00[0m[34;1m     11.48[0m[34;22m      0.00[0m[34;22m      0.00[0m[34;1m     79.78[0m
09:25:26   [32;22m     all[0m[34;1m      7.65[0m[34;22m      0.00[0m[34;1m     12.57[0m[34;22m      0.00[0m[34;22m      0.00[0m[34;1m     79.78[0m
09:25:27   [32;22m     all[0m[34;1m      7.65[0m[34;22m      0.00[0m[34;1m     10.38[0m[34;22m      0.00[0m[34;22m      0.00[0m[34;1m     81.97[0m
09:25:28   [32;22m     all[0m[34;1m      8.99[0m[34;22m      0.00[0m[34;1m     14.04[0m[34;22m      0.00[0m[34;22m      0.00[0m[34;1m     76.97[0m
09:25:29   [32;22m     all[0m[34;1m     10.06[0m[34;22m      0.00[0m[34;1m     14.53[0m[34;22m      0.00[0m[34;22m      0.00[0m[34;1m     75.42[0m
09:25:30   [32;22m     all[0m[34;1m      9.34[0m[34;22m      0.00[0m[34;1m     14.84[0m[34;22m      0.00[0m[34;22m      0.00[0m[34;1m     75.82[0m
09:25:31   [32;22m     all[0m[34;1m      8.33[0m[34;22m      0.00[0m[34;1m     17.78[0m[34;22m      0.00[0m[34;22m      0.00[0m[34;1m     73.89[0m
09:25:32   [32;22m     all[0m[34;1m      8.84[0m[34;22m      0.00[0m[34;1m     16.02[0m[34;22m      0.00[0m[34;22m      0.00[0m[34;1m     75.14[0m
09:25:33   [32;22m     all[0m[34;1m      8.99[0m[34;22m      0.00[0m[34;1m     19.10[0m[34;22m      0.00[0m[34;22m      0.00[0m[34;1m     71.91[0m
09:25:34   [32;22m     all[0m[34;1m     13.11[0m[34;22m      0.00[0m[34;1m     19.67[0m[34;22m      0.00[0m[34;22m      0.00[0m[34;1m     67.21[0m
09:25:35   [32;22m     all[0m[34;1m     10.93[0m[34;22m      0.00[0m[34;1m     19.67[0m[34;22m      0.00[0m[34;22m      0.00[0m[34;1m     69.40[0m
09:25:36   [32;22m     all[0m[34;1m     10.99[0m[34;22m      0.00[0m[34;1m     17.03[0m[34;22m      0.00[0m[34;22m      0.00[0m[34;1m     71.98[0m
09:25:37   [32;22m     all[0m[34;1m     11.11[0m[34;22m      0.00[0m[34;1m     18.33[0m[34;22m      0.00[0m[34;22m      0.00[0m[34;1m     70.56[0m
09:25:38   [32;22m     all[0m[34;1m     11.54[0m[34;22m      0.00[0m[34;1m     20.88[0m[34;22m      0.00[0m[34;22m      0.00[0m[34;1m     67.58[0m
09:25:39   [32;22m     all[0m[34;1m     12.92[0m[34;22m      0.00[0m[34;1m     23.03[0m[34;22m      0.00[0m[34;22m      0.00[0m[34;1m     64.04[0m
09:25:40   [32;22m     all[0m[34;1m     11.11[0m[34;22m      0.00[0m[34;1m     17.78[0m[34;22m      0.00[0m[34;22m      0.00[0m[34;1m     71.11[0m
09:25:41   [32;22m     all[0m[34;1m     12.92[0m[34;22m      0.00[0m[34;1m     21.35[0m[34;22m      0.00[0m[34;22m      0.00[0m[34;1m     65.73[0m
09:25:42   [32;22m     all[0m[34;1m     12.99[0m[34;22m      0.00[0m[34;1m     19.21[0m[34;22m      0.00[0m[34;22m      0.00[0m[34;1m     67.80[0m
09:25:43   [32;22m     all[0m[34;1m     10.44[0m[34;22m      0.00[0m[34;1m     21.43[0m[34;22m      0.00[0m[34;22m      0.00[0m[34;1m     68.13[0m
09:25:44   [32;22m     all[0m[34;1m     14.53[0m[34;22m      0.00[0m[34;1m     22.91[0m[34;22m      0.00[0m[34;22m      0.00[0m[34;1m     62.57[0m
09:25:45   [32;22m     all[0m[34;1m     11.17[0m[34;22m      0.00[0m[34;1m     21.23[0m[34;22m      0.00[0m[34;22m      0.00[0m[34;1m     67.60[0m
09:25:46   [32;22m     all[0m[34;1m      9.94[0m[34;22m      0.00[0m[34;1m     20.44[0m[34;22m      0.00[0m[34;22m      0.00[0m[34;1m     69.61[0m
09:25:47   [32;22m     all[0m[34;1m      9.44[0m[34;22m      0.00[0m[34;1m     19.44[0m[34;22m      0.00[0m[34;22m      0.00[0m[34;1m     71.11[0m
09:25:48   [32;22m     all[0m[34;1m     12.36[0m[34;22m      0.00[0m[34;1m     20.79[0m[34;22m      0.00[0m[34;22m      0.00[0m[34;1m     66.85[0m
09:25:49   [32;22m     all[0m[34;1m     10.61[0m[34;22m      0.00[0m[34;1m     18.44[0m[34;22m      0.00[0m[34;22m      0.00[0m[34;1m     70.95[0m
09:25:50   [32;22m     all[0m[34;1m     11.11[0m[34;22m      0.00[0m[34;1m     19.44[0m[34;22m      0.00[0m[34;22m      0.00[0m[34;1m     69.44[0m
09:25:51   [32;22m     all[0m[34;1m      9.50[0m[34;22m      0.00[0m[34;1m     19.55[0m[34;22m      0.00[0m[34;22m      0.00[0m[34;1m     70.95[0m
09:25:52   [32;22m     all[0m[34;1m      9.60[0m[34;22m      0.00[0m[34;1m     19.21[0m[34;22m      0.00[0m[34;22m      0.00[0m[34;1m     71.19[0m
09:25:53   [32;22m     all[0m[34;1m     10.06[0m[34;22m      0.00[0m[34;1m     23.46[0m[34;22m      0.00[0m[34;22m      0.00[0m[34;1m     66.48[0m
09:25:54   [32;22m     all[0m[34;1m     14.04[0m[34;22m      0.00[0m[34;1m     27.53[0m[34;22m      0.00[0m[34;22m      0.00[0m[34;1m     58.43[0m
09:25:55   [32;22m     all[0m[34;1m     11.86[0m[34;22m      0.00[0m[34;1m     20.90[0m[34;22m      0.00[0m[34;22m      0.00[0m[34;1m     67.23[0m
09:25:56   [32;22m     all[0m[34;1m     10.56[0m[34;22m      0.00[0m[34;1m     17.78[0m[34;22m      0.00[0m[34;22m      0.00[0m[34;1m     71.67[0m
09:25:57   [32;22m     all[0m[34;1m     11.30[0m[34;22m      0.00[0m[34;1m     20.34[0m[34;22m      0.00[0m[34;22m      0.00[0m[34;1m     68.36[0m
09:25:58   [32;22m     all[0m[34;1m     11.30[0m[34;22m      0.00[0m[34;1m     23.73[0m[34;22m      0.00[0m[34;22m      0.00[0m[34;1m     64.97[0m
09:25:59   [32;22m     all[0m[34;1m     11.05[0m[34;22m      0.00[0m[34;1m     19.34[0m[34;22m      0.00[0m[34;22m      0.00[0m[34;1m     69.61[0m
09:26:00   [32;22m     all[0m[34;1m     10.61[0m[34;22m      0.00[0m[34;1m     20.11[0m[34;22m      0.00[0m[34;22m      0.00[0m[34;1m     69.27[0m
09:26:01   [32;22m     all[0m[34;1m     10.99[0m[34;22m      0.00[0m[34;1m     19.78[0m[34;22m      0.00[0m[34;22m      0.00[0m[34;1m     69.23[0m
09:26:02   [32;22m     all[0m[34;1m     11.54[0m[34;22m      0.00[0m[34;1m     20.33[0m[34;22m      0.00[0m[34;22m      0.00[0m[34;1m     68.13[0m
09:26:03   [32;22m     all[0m[34;1m     10.61[0m[34;22m      0.00[0m[34;1m     21.79[0m[34;22m      0.00[0m[34;22m      0.00[0m[34;1m     67.60[0m
09:26:04   [32;22m     all[0m[34;1m     13.33[0m[34;22m      0.00[0m[34;1m     21.11[0m[34;22m      0.00[0m[34;22m      0.00[0m[34;1m     65.56[0m
09:26:05   [32;22m     all[0m[34;1m     10.50[0m[34;22m      0.00[0m[34;1m     22.10[0m[34;22m      0.00[0m[34;22m      0.00[0m[34;1m     67.40[0m
09:26:06   [32;22m     all[0m[34;1m     11.73[0m[34;22m      0.00[0m[34;1m     23.46[0m[34;22m      0.00[0m[34;22m      0.00[0m[34;1m     64.80[0m
09:26:07   [32;22m     all[0m[34;1m     11.11[0m[34;22m      0.00[0m[34;1m     20.00[0m[34;22m      0.00[0m[34;22m      0.00[0m[34;1m     68.89[0m
09:26:08   [32;22m     all[0m[34;1m     11.54[0m[34;22m      0.00[0m[34;1m     19.78[0m[34;22m      0.00[0m[34;22m      0.00[0m[34;1m     68.68[0m
09:26:09   [32;22m     all[0m[34;1m     11.60[0m[34;22m      0.00[0m[34;1m     22.65[0m[34;22m      0.00[0m[34;22m      0.00[0m[34;1m     65.75[0m
09:26:10   [32;22m     all[0m[34;1m      8.70[0m[34;22m      0.00[0m[34;1m     16.85[0m[34;1m      0.54[0m[34;22m      0.00[0m[34;1m     73.91[0m
09:26:11   [32;22m     all[0m[34;1m      9.89[0m[34;22m      0.00[0m[34;1m     24.18[0m[34;22m      0.00[0m[34;22m      0.00[0m[34;1m     65.93[0m
09:26:12   [32;22m     all[0m[34;1m     11.24[0m[34;22m      0.00[0m[34;1m     23.60[0m[34;22m      0.00[0m[34;22m      0.00[0m[34;1m     65.17[0m
09:26:13   [32;22m     all[0m[34;1m      9.04[0m[34;22m      0.00[0m[34;1m     21.47[0m[34;22m      0.00[0m[34;22m      0.00[0m[34;1m     69.49[0m
09:26:14   [32;22m     all[0m[34;1m     16.18[0m[34;22m      0.00[0m[34;1m     26.01[0m[34;22m      0.00[0m[34;22m      0.00[0m[34;1m     57.80[0m
09:26:15   [32;22m     all[0m[34;1m     12.50[0m[34;22m      0.00[0m[34;1m     21.59[0m[34;22m      0.00[0m[34;22m      0.00[0m[34;1m     65.91[0m
09:26:16   [32;22m     all[0m[34;1m     11.86[0m[34;22m      0.00[0m[34;1m     25.42[0m[34;22m      0.00[0m[34;22m      0.00[0m[34;1m     62.71[0m
09:26:17   [32;22m     all[0m[34;1m     11.30[0m[34;22m      0.00[0m[34;1m     20.34[0m[34;22m      0.00[0m[34;22m      0.00[0m[34;1m     68.36[0m
09:26:18   [32;22m     all[0m[34;1m     11.60[0m[34;22m      0.00[0m[34;1m     21.55[0m[34;22m      0.00[0m[34;22m      0.00[0m[34;1m     66.85[0m
09:26:19   [32;22m     all[0m[34;1m     15.25[0m[34;22m      0.00[0m[34;1m     24.86[0m[34;22m      0.00[0m[34;22m      0.00[0m[34;1m     59.89[0m
09:26:20   [32;22m     all[0m[34;1m     12.36[0m[34;22m      0.00[0m[34;1m     26.40[0m[34;1m      0.56[0m[34;22m      0.00[0m[34;1m     60.67[0m
09:26:21   [32;22m     all[0m[34;1m     13.41[0m[34;22m      0.00[0m[34;1m     26.26[0m[34;22m      0.00[0m[34;22m      0.00[0m[34;1m     60.34[0m
09:26:22   [32;22m     all[0m[34;1m     11.05[0m[34;22m      0.00[0m[34;1m     20.44[0m[34;22m      0.00[0m[34;22m      0.00[0m[34;1m     68.51[0m
09:26:23   [32;22m     all[0m[34;1m     12.15[0m[34;22m      0.00[0m[34;1m     23.20[0m[34;22m      0.00[0m[34;22m      0.00[0m[34;1m     64.64[0m
09:26:24   [32;22m     all[0m[34;1m     13.71[0m[34;22m      0.00[0m[34;1m     24.57[0m[34;22m      0.00[0m[34;22m      0.00[0m[34;1m     61.71[0m
09:26:25   [32;22m     all[0m[34;1m     17.44[0m[34;22m      0.00[0m[34;1m     30.81[0m[34;22m      0.00[0m[34;22m      0.00[0m[34;1m     51.74[0m
09:26:26   [32;22m     all[0m[34;1m     20.69[0m[34;22m      0.00[0m[34;1m     36.21[0m[34;22m      0.00[0m[34;22m      0.00[0m[34;1m     43.10[0m
09:26:27   [32;22m     all[0m[34;1m     16.95[0m[34;22m      0.00[0m[34;1m     28.25[0m[34;22m      0.00[0m[34;22m      0.00[0m[34;1m     54.80[0m
09:26:28   [32;22m     all[0m[34;1m     13.56[0m[34;22m      0.00[0m[34;1m     24.29[0m[34;22m      0.00[0m[34;22m      0.00[0m[34;1m     62.15[0m
09:26:29   [32;22m     all[0m[34;1m     15.73[0m[34;22m      0.00[0m[34;1m     29.21[0m[34;22m      0.00[0m[34;22m      0.00[0m[34;1m     55.06[0m
09:26:30   [32;22m     all[0m[34;1m     12.50[0m[34;22m      0.00[0m[34;1m     19.89[0m[34;22m      0.00[0m[34;22m      0.00[0m[34;1m     67.61[0m
09:26:31   [32;22m     all[0m[34;1m      9.44[0m[34;22m      0.00[0m[34;1m     17.78[0m[34;22m      0.00[0m[34;22m      0.00[0m[34;1m     72.78[0m
09:26:32   [32;22m     all[0m[34;1m      9.44[0m[34;22m      0.00[0m[34;1m     21.67[0m[34;22m      0.00[0m[34;22m      0.00[0m[34;1m     68.89[0m
09:26:33   [32;22m     all[0m[34;1m     10.06[0m[34;22m      0.00[0m[34;1m     21.23[0m[34;22m      0.00[0m[34;22m      0.00[0m[34;1m     68.72[0m
09:26:34   [32;22m     all[0m[34;1m     18.39[0m[34;22m      0.00[0m[34;1m     29.89[0m[34;22m      0.00[0m[34;22m      0.00[0m[34;1m     51.72[0m
09:26:35   [32;22m     all[0m[34;1m     12.22[0m[34;22m      0.00[0m[34;1m     20.00[0m[34;22m      0.00[0m[34;22m      0.00[0m[34;1m     67.78[0m
09:26:36   [32;22m     all[0m[34;1m      8.84[0m[34;22m      0.00[0m[34;1m     17.13[0m[34;22m      0.00[0m[34;22m      0.00[0m[34;1m     74.03[0m
09:26:37   [32;22m     all[0m[34;1m      8.20[0m[34;22m      0.00[0m[34;1m     19.13[0m[34;22m      0.00[0m[34;22m      0.00[0m[34;1m     72.68[0m
09:26:38   [32;22m     all[0m[34;1m     11.80[0m[34;22m      0.00[0m[34;1m     26.97[0m[34;22m      0.00[0m[34;22m      0.00[0m[34;1m     61.24[0m
09:26:39   [32;22m     all[0m[34;1m      9.89[0m[34;22m      0.00[0m[34;1m     19.23[0m[34;22m      0.00[0m[34;22m      0.00[0m[34;1m     70.88[0m
09:26:40   [32;22m     all[0m[34;1m      9.94[0m[34;22m      0.00[0m[34;1m     18.23[0m[34;22m      0.00[0m[34;22m      0.00[0m[34;1m     71.82[0m
09:26:41   [32;22m     all[0m[34;1m     11.73[0m[34;22m      0.00[0m[34;1m     27.93[0m[34;22m      0.00[0m[34;22m      0.00[0m[34;1m     60.34[0m
09:26:42   [32;22m     all[0m[34;1m     10.56[0m[34;22m      0.00[0m[34;1m     22.78[0m[34;22m      0.00[0m[34;22m      0.00[0m[34;1m     66.67[0m
09:26:43   [32;22m     all[0m[34;1m     11.73[0m[34;22m      0.00[0m[34;1m     25.14[0m[34;22m      0.00[0m[34;22m      0.00[0m[34;1m     63.13[0m
09:26:44   [32;22m     all[0m[34;1m     14.84[0m[34;22m      0.00[0m[34;1m     25.27[0m[34;22m      0.00[0m[34;22m      0.00[0m[34;1m     59.89[0m
09:26:45   [32;22m     all[0m[34;1m     10.67[0m[34;22m      0.00[0m[34;1m     23.60[0m[34;22m      0.00[0m[34;22m      0.00[0m[34;1m     65.73[0m
09:26:46   [32;22m     all[0m[34;1m     20.35[0m[34;22m      0.00[0m[34;1m     34.30[0m[34;22m      0.00[0m[34;22m      0.00[0m[34;1m     45.35[0m
09:26:47   [32;22m     all[0m[34;1m     18.50[0m[34;22m      0.00[0m[34;1m     34.10[0m[34;22m      0.00[0m[34;22m      0.00[0m[34;1m     47.40[0m
09:26:48   [32;22m     all[0m[34;1m     11.73[0m[34;22m      0.00[0m[34;1m     23.46[0m[34;22m      0.00[0m[34;22m      0.00[0m[34;1m     64.80[0m
09:26:49   [32;22m     all[0m[34;1m     14.45[0m[34;22m      0.00[0m[34;1m     24.86[0m[34;22m      0.00[0m[34;22m      0.00[0m[34;1m     60.69[0m
09:26:50   [32;22m     all[0m[34;1m     11.48[0m[34;22m      0.00[0m[34;1m     23.50[0m[34;22m      0.00[0m[34;22m      0.00[0m[34;1m     65.03[0m
09:26:51   [32;22m     all[0m[34;1m     14.20[0m[34;22m      0.00[0m[34;1m     27.27[0m[34;22m      0.00[0m[34;22m      0.00[0m[34;1m     58.52[0m
09:26:52   [32;22m     all[0m[34;1m     10.73[0m[34;22m      0.00[0m[34;1m     23.16[0m[34;22m      0.00[0m[34;22m      0.00[0m[34;1m     66.10[0m
09:26:53   [32;22m     all[0m[34;1m     14.13[0m[34;22m      0.00[0m[34;1m     23.37[0m[34;22m      0.00[0m[34;22m      0.00[0m[34;1m     62.50[0m
09:26:54   [32;22m     all[0m[34;1m     20.59[0m[34;22m      0.00[0m[34;1m     34.71[0m[34;22m      0.00[0m[34;22m      0.00[0m[34;1m     44.71[0m
09:26:55   [32;22m     all[0m[34;1m     11.05[0m[34;22m      0.00[0m[34;1m     21.55[0m[34;22m      0.00[0m[34;22m      0.00[0m[34;1m     67.40[0m
09:26:56   [32;22m     all[0m[34;1m      8.94[0m[34;22m      0.00[0m[34;1m     18.44[0m[34;22m      0.00[0m[34;22m      0.00[0m[34;1m     72.63[0m
09:26:57   [32;22m     all[0m[34;1m     10.61[0m[34;22m      0.00[0m[34;1m     24.58[0m[34;22m      0.00[0m[34;22m      0.00[0m[34;1m     64.80[0m
09:26:58   [32;22m     all[0m[34;1m     12.14[0m[34;22m      0.00[0m[34;1m     28.32[0m[34;22m      0.00[0m[34;22m      0.00[0m[34;1m     59.54[0m
09:26:59   [32;22m     all[0m[34;1m     12.36[0m[34;22m      0.00[0m[34;1m     25.84[0m[34;22m      0.00[0m[34;22m      0.00[0m[34;1m     61.80[0m
09:27:00   [32;22m     all[0m[34;1m     12.64[0m[34;22m      0.00[0m[34;1m     20.69[0m[34;22m      0.00[0m[34;22m      0.00[0m[34;1m     66.67[0m
09:27:01   [32;22m     all[0m[34;1m     12.57[0m[34;22m      0.00[0m[34;1m     21.71[0m[34;22m      0.00[0m[34;22m      0.00[0m[34;1m     65.71[0m
09:27:02   [32;22m     all[0m[34;1m      8.06[0m[34;22m      0.00[0m[34;1m     21.51[0m[34;22m      0.00[0m[34;22m      0.00[0m[34;1m     70.43[0m
09:27:03   [32;22m     all[0m[34;1m     30.68[0m[34;22m      0.00[0m[34;1m     50.00[0m[34;22m      0.00[0m[34;22m      0.00[0m[35;1m     19.32[0m
09:27:04   [32;22m     all[0m[34;1m     39.56[0m[34;22m      0.00[0m[34;1m     54.95[0m[34;22m      0.00[0m[34;22m      0.00[0m[31;1m      5.49[0m
09:27:05   [32;22m     all[0m[34;1m     44.92[0m[34;22m      0.00[0m[34;1m     51.34[0m[34;22m      0.00[0m[34;22m      0.00[0m[31;1m      3.74[0m
09:27:06   [32;22m     all[0m[34;1m     39.34[0m[34;22m      0.00[0m[34;1m     55.74[0m[34;22m      0.00[0m[34;22m      0.00[0m[31;1m      4.92[0m
09:27:07   [32;22m     all[0m[34;1m     36.93[0m[34;22m      0.00[0m[34;1m     48.86[0m[34;22m      0.00[0m[34;22m      0.00[0m[35;1m     14.20[0m
09:27:08   [32;22m     all[0m[34;1m     40.11[0m[34;22m      0.00[0m[34;1m     51.65[0m[34;22m      0.00[0m[34;22m      0.00[0m[31;1m      8.24[0m
09:27:09   [32;22m     all[0m[34;1m     42.86[0m[34;22m      0.00[0m[34;1m     53.97[0m[34;22m      0.00[0m[34;22m      0.00[0m[31;1m      3.17[0m
09:27:10   [32;22m     all[0m[34;1m     41.24[0m[34;22m      0.00[0m[34;1m     53.67[0m[34;22m      0.00[0m[34;22m      0.00[0m[31;1m      5.08[0m
09:27:11   [32;22m     all[0m[34;1m     40.44[0m[34;22m      0.00[0m[34;1m     56.28[0m[34;22m      0.00[0m[34;22m      0.00[0m[31;1m      3.28[0m
09:27:12   [32;22m     all[0m[34;1m     41.49[0m[34;22m      0.00[0m[34;1m     54.79[0m[34;22m      0.00[0m[34;22m      0.00[0m[31;1m      3.72[0m
09:27:13   [32;22m     all[0m[34;1m     44.09[0m[34;22m      0.00[0m[34;1m     52.15[0m[34;22m      0.00[0m[34;22m      0.00[0m[31;1m      3.76[0m
09:27:14   [32;22m     all[0m[34;1m     43.62[0m[34;22m      0.00[0m[34;1m     53.72[0m[34;22m      0.00[0m[34;22m      0.00[0m[31;1m      2.66[0m
09:27:15   [32;22m     all[0m[34;1m     41.80[0m[34;22m      0.00[0m[34;1m     54.50[0m[34;22m      0.00[0m[34;22m      0.00[0m[31;1m      3.70[0m
09:27:16   [32;22m     all[0m[34;1m     40.53[0m[34;22m      0.00[0m[34;1m     54.74[0m[34;22m      0.00[0m[34;22m      0.00[0m[31;1m      4.74[0m
09:27:17   [32;22m     all[0m[34;1m     41.67[0m[34;22m      0.00[0m[34;1m     54.69[0m[34;22m      0.00[0m[34;22m      0.00[0m[31;1m      3.65[0m
09:27:18   [32;22m     all[0m[34;1m     38.67[0m[34;22m      0.00[0m[34;1m     56.35[0m[34;22m      0.00[0m[34;22m      0.00[0m[31;1m      4.97[0m
09:27:19   [32;22m     all[0m[34;1m     40.43[0m[34;22m      0.00[0m[34;1m     53.72[0m[34;22m      0.00[0m[34;22m      0.00[0m[31;1m      5.85[0m
09:27:20   [32;22m     all[0m[34;1m     39.04[0m[34;22m      0.00[0m[34;1m     57.22[0m[34;22m      0.00[0m[34;22m      0.00[0m[31;1m      3.74[0m
09:27:21   [32;22m     all[0m[34;1m     42.33[0m[34;22m      0.00[0m[34;1m     53.97[0m[34;22m      0.00[0m[34;22m      0.00[0m[31;1m      3.70[0m
09:27:22   [32;22m     all[0m[34;1m     39.56[0m[34;22m      0.00[0m[34;1m     56.04[0m[34;22m      0.00[0m[34;22m      0.00[0m[31;1m      4.40[0m
09:27:23   [32;22m     all[0m[34;1m     40.88[0m[34;22m      0.00[0m[34;1m     54.70[0m[34;22m      0.00[0m[34;22m      0.00[0m[31;1m      4.42[0m
09:27:24   [32;22m     all[0m[34;1m     42.29[0m[34;22m      0.00[0m[34;1m     54.29[0m[34;22m      0.00[0m[34;22m      0.00[0m[31;1m      3.43[0m
09:27:25   [32;22m     all[0m[34;1m     40.11[0m[34;22m      0.00[0m[34;1m     56.59[0m[34;22m      0.00[0m[34;22m      0.00[0m[31;1m      3.30[0m
09:27:26   [32;22m     all[0m[34;1m     41.71[0m[34;22m      0.00[0m[34;1m     57.22[0m[34;22m      0.00[0m[34;22m      0.00[0m[31;1m      1.07[0m
09:27:27   [32;22m     all[0m[34;1m     38.25[0m[34;22m      0.00[0m[34;1m     53.55[0m[34;22m      0.00[0m[34;22m      0.00[0m[31;1m      8.20[0m
09:27:28   [32;22m     all[0m[34;1m     38.12[0m[34;22m      0.00[0m[34;1m     53.04[0m[34;22m      0.00[0m[34;22m      0.00[0m[31;1m      8.84[0m
09:27:29   [32;22m     all[0m[34;1m     42.62[0m[34;22m      0.00[0m[34;1m     51.91[0m[34;22m      0.00[0m[34;22m      0.00[0m[31;1m      5.46[0m
09:27:30   [32;22m     all[0m[34;1m     41.36[0m[34;22m      0.00[0m[34;1m     54.97[0m[34;22m      0.00[0m[34;22m      0.00[0m[31;1m      3.66[0m
09:27:31   [32;22m     all[0m[34;1m     40.43[0m[34;22m      0.00[0m[34;1m     54.26[0m[34;22m      0.00[0m[34;22m      0.00[0m[31;1m      5.32[0m
09:27:32   [32;22m     all[0m[34;1m     35.91[0m[34;22m      0.00[0m[34;1m     55.80[0m[34;22m      0.00[0m[34;22m      0.00[0m[31;1m      8.29[0m
09:27:33   [32;22m     all[0m[34;1m     41.71[0m[34;22m      0.00[0m[34;1m     52.94[0m[34;22m      0.00[0m[34;22m      0.00[0m[31;1m      5.35[0m
09:27:34   [32;22m     all[0m[34;1m     40.45[0m[34;22m      0.00[0m[34;1m     52.81[0m[34;22m      0.00[0m[34;22m      0.00[0m[31;1m      6.74[0m
09:27:35   [32;22m     all[0m[34;1m     39.89[0m[34;22m      0.00[0m[34;1m     53.01[0m[34;22m      0.00[0m[34;22m      0.00[0m[31;1m      7.10[0m
09:27:36   [32;22m     all[0m[34;1m     38.67[0m[34;22m      0.00[0m[34;1m     49.17[0m[34;22m      0.00[0m[34;22m      0.00[0m[35;1m     12.15[0m
09:27:37   [32;22m     all[0m[34;1m     40.56[0m[34;22m      0.00[0m[34;1m     50.56[0m[34;22m      0.00[0m[34;22m      0.00[0m[31;1m      8.89[0m
09:27:38   [32;22m     all[0m[34;1m     38.20[0m[34;22m      0.00[0m[34;1m     54.49[0m[34;22m      0.00[0m[34;22m      0.00[0m[31;1m      7.30[0m
09:27:39   [32;22m     all[0m[34;1m     43.09[0m[34;22m      0.00[0m[34;1m     53.59[0m[34;22m      0.00[0m[34;22m      0.00[0m[31;1m      3.31[0m
09:27:40   [32;22m     all[0m[34;1m     36.11[0m[34;22m      0.00[0m[34;1m     53.89[0m[34;22m      0.00[0m[34;22m      0.00[0m[31;1m     10.00[0m
09:27:41   [32;22m     all[0m[34;1m     37.57[0m[34;22m      0.00[0m[34;1m     52.49[0m[34;22m      0.00[0m[34;22m      0.00[0m[31;1m      9.94[0m
09:27:42   [32;22m     all[0m[34;1m     31.98[0m[34;22m      0.00[0m[34;1m     58.72[0m[34;22m      0.00[0m[34;22m      0.00[0m[31;1m      9.30[0m
09:27:43   [32;22m     all[0m[34;1m     36.72[0m[34;22m      0.00[0m[34;1m     53.67[0m[34;22m      0.00[0m[34;22m      0.00[0m[31;1m      9.60[0m
09:27:44   [32;22m     all[0m[34;1m     37.50[0m[34;22m      0.00[0m[34;1m     55.98[0m[34;22m      0.00[0m[34;22m      0.00[0m[31;1m      6.52[0m
09:27:45   [32;22m     all[0m[34;1m     33.33[0m[34;22m      0.00[0m[34;1m     54.80[0m[34;22m      0.00[0m[34;22m      0.00[0m[35;1m     11.86[0m
09:27:46   [32;22m     all[0m[34;1m     38.89[0m[34;22m      0.00[0m[34;1m     52.78[0m[34;22m      0.00[0m[34;22m      0.00[0m[31;1m      8.33[0m
09:27:47   [32;22m     all[0m[34;1m     35.87[0m[34;22m      0.00[0m[34;1m     57.07[0m[34;1m      0.54[0m[34;22m      0.00[0m[31;1m      6.52[0m
09:27:48   [32;22m     all[0m[34;1m     40.57[0m[34;22m      0.00[0m[34;1m     56.00[0m[34;22m      0.00[0m[34;22m      0.00[0m[31;1m      3.43[0m
09:27:49   [32;22m     all[0m[34;1m     42.93[0m[34;22m      0.00[0m[34;1m     52.72[0m[34;22m      0.00[0m[34;22m      0.00[0m[31;1m      4.35[0m
09:27:50   [32;22m     all[0m[34;1m     43.62[0m[34;22m      0.00[0m[34;1m     51.06[0m[34;22m      0.00[0m[34;22m      0.00[0m[31;1m      5.32[0m
09:27:51   [32;22m     all[0m[34;1m     42.78[0m[34;22m      0.00[0m[34;1m     49.44[0m[34;22m      0.00[0m[34;22m      0.00[0m[31;1m      7.78[0m
09:27:52   [32;22m     all[0m[34;1m     39.25[0m[34;22m      0.00[0m[34;1m     53.23[0m[34;22m      0.00[0m[34;22m      0.00[0m[31;1m      7.53[0m
09:27:53   [32;22m     all[0m[34;1m     42.02[0m[34;22m      0.00[0m[34;1m     55.32[0m[34;22m      0.00[0m[34;22m      0.00[0m[31;1m      2.66[0m
09:27:54   [32;22m     all[0m[34;1m     42.78[0m[34;22m      0.00[0m[34;1m     54.01[0m[34;22m      0.00[0m[34;22m      0.00[0m[31;1m      3.21[0m
09:27:55   [32;22m     all[0m[34;1m     38.46[0m[34;22m      0.00[0m[34;1m     52.75[0m[34;22m      0.00[0m[34;22m      0.00[0m[31;1m      8.79[0m
09:27:56   [32;22m     all[0m[34;1m     42.16[0m[34;22m      0.00[0m[34;1m     54.59[0m[34;22m      0.00[0m[34;22m      0.00[0m[31;1m      3.24[0m
09:27:57   [32;22m     all[0m[34;1m     39.78[0m[34;22m      0.00[0m[34;1m     51.93[0m[34;22m      0.00[0m[34;22m      0.00[0m[31;1m      8.29[0m
09:27:58   [32;22m     all[0m[34;1m     36.67[0m[34;22m      0.00[0m[34;1m     57.78[0m[34;22m      0.00[0m[34;22m      0.00[0m[31;1m      5.56[0m
09:27:59   [32;22m     all[0m[34;1m     45.16[0m[34;22m      0.00[0m[34;1m     51.08[0m[34;22m      0.00[0m[34;22m      0.00[0m[31;1m      3.76[0m
09:28:00   [32;22m     all[0m[34;1m     40.43[0m[34;22m      0.00[0m[34;1m     55.85[0m[34;22m      0.00[0m[34;22m      0.00[0m[31;1m      3.72[0m
09:28:01   [32;22m     all[0m[34;1m     39.89[0m[34;22m      0.00[0m[34;1m     52.46[0m[34;22m      0.00[0m[34;22m      0.00[0m[31;1m      7.65[0m
09:28:02   [32;22m     all[0m[34;1m     37.64[0m[34;22m      0.00[0m[34;1m     56.18[0m[34;22m      0.00[0m[34;22m      0.00[0m[31;1m      6.18[0m
09:28:03   [32;22m     all[0m[34;1m     40.22[0m[34;22m      0.00[0m[34;1m     54.35[0m[34;22m      0.00[0m[34;22m      0.00[0m[31;1m      5.43[0m
09:28:04   [32;22m     all[0m[34;1m     40.88[0m[34;22m      0.00[0m[34;1m     53.04[0m[34;22m      0.00[0m[34;22m      0.00[0m[31;1m      6.08[0m
09:28:05   [32;22m     all[0m[34;1m     36.72[0m[34;22m      0.00[0m[34;1m     52.54[0m[34;22m      0.00[0m[34;22m      0.00[0m[35;1m     10.73[0m
09:28:06   [32;22m     all[0m[34;1m     38.20[0m[34;22m      0.00[0m[34;1m     53.37[0m[34;22m      0.00[0m[34;22m      0.00[0m[31;1m      8.43[0m
09:28:07   [32;22m     all[0m[34;1m     39.46[0m[34;22m      0.00[0m[34;1m     55.14[0m[34;22m      0.00[0m[34;22m      0.00[0m[31;1m      5.41[0m
09:28:08   [32;22m     all[0m[34;1m     38.12[0m[34;22m      0.00[0m[34;1m     54.14[0m[34;22m      0.00[0m[34;22m      0.00[0m[31;1m      7.73[0m
09:28:09   [32;22m     all[0m[34;1m     40.96[0m[34;22m      0.00[0m[34;1m     54.26[0m[34;22m      0.00[0m[34;22m      0.00[0m[31;1m      4.79[0m
09:28:10   [32;22m     all[0m[34;1m     39.56[0m[34;22m      0.00[0m[34;1m     53.30[0m[34;22m      0.00[0m[34;22m      0.00[0m[31;1m      7.14[0m
09:28:11   [32;22m     all[0m[34;1m     37.64[0m[34;22m      0.00[0m[34;1m     55.06[0m[34;22m      0.00[0m[34;22m      0.00[0m[31;1m      7.30[0m
09:28:12   [32;22m     all[0m[34;1m     34.86[0m[34;22m      0.00[0m[34;1m     53.71[0m[34;22m      0.00[0m[34;22m      0.00[0m[35;1m     11.43[0m
09:28:13   [32;22m     all[0m[34;1m     37.99[0m[34;22m      0.00[0m[34;1m     51.96[0m[34;22m      0.00[0m[34;22m      0.00[0m[35;1m     10.06[0m
09:28:14   [32;22m     all[0m[34;1m     38.04[0m[34;22m      0.00[0m[34;1m     51.63[0m[34;22m      0.00[0m[34;22m      0.00[0m[35;1m     10.33[0m
09:28:15   [32;22m     all[0m[34;1m     38.07[0m[34;22m      0.00[0m[34;1m     53.41[0m[34;22m      0.00[0m[34;22m      0.00[0m[31;1m      8.52[0m
09:28:16   [32;22m     all[0m[34;1m     36.52[0m[34;22m      0.00[0m[34;1m     49.44[0m[34;22m      0.00[0m[34;22m      0.00[0m[35;1m     14.04[0m
09:28:17   [32;22m     all[0m[34;1m     38.15[0m[34;22m      0.00[0m[34;1m     50.87[0m[34;22m      0.00[0m[34;22m      0.00[0m[35;1m     10.98[0m
09:28:18   [32;22m     all[0m[34;1m     40.91[0m[34;22m      0.00[0m[34;1m     54.55[0m[34;22m      0.00[0m[34;22m      0.00[0m[31;1m      4.55[0m
09:28:19   [32;22m     all[0m[34;1m     43.92[0m[34;22m      0.00[0m[34;1m     53.44[0m[34;22m      0.00[0m[34;22m      0.00[0m[31;1m      2.65[0m
09:28:20   [32;22m     all[0m[34;1m     38.12[0m[34;22m      0.00[0m[34;1m     51.38[0m[34;22m      0.00[0m[34;22m      0.00[0m[35;1m     10.50[0m
09:28:21   [32;22m     all[0m[34;1m     39.67[0m[34;22m      0.00[0m[34;1m     55.98[0m[34;22m      0.00[0m[34;22m      0.00[0m[31;1m      4.35[0m
09:28:22   [32;22m     all[0m[34;1m     37.70[0m[34;22m      0.00[0m[34;1m     56.28[0m[34;22m      0.00[0m[34;22m      0.00[0m[31;1m      6.01[0m
09:28:23   [32;22m     all[0m[34;1m     38.46[0m[34;22m      0.00[0m[34;1m     53.30[0m[34;22m      0.00[0m[34;22m      0.00[0m[31;1m      8.24[0m
09:28:24   [32;22m     all[0m[34;1m     38.38[0m[34;22m      0.00[0m[34;1m     56.22[0m[34;1m      0.54[0m[34;22m      0.00[0m[31;1m      4.86[0m
09:28:25   [32;22m     all[0m[34;1m     38.76[0m[34;22m      0.00[0m[34;1m     53.37[0m[34;22m      0.00[0m[34;22m      0.00[0m[31;1m      7.87[0m
09:28:26   [32;22m     all[0m[34;1m     37.78[0m[34;22m      0.00[0m[34;1m     56.11[0m[34;22m      0.00[0m[34;22m      0.00[0m[31;1m      6.11[0m
09:28:27   [32;22m     all[0m[34;1m     38.59[0m[34;22m      0.00[0m[34;1m     55.43[0m[34;22m      0.00[0m[34;22m      0.00[0m[31;1m      5.98[0m
09:28:28   [32;22m     all[0m[34;1m     36.11[0m[34;22m      0.00[0m[34;1m     56.11[0m[34;22m      0.00[0m[34;22m      0.00[0m[31;1m      7.78[0m
09:28:29   [32;22m     all[0m[34;1m     39.66[0m[34;22m      0.00[0m[34;1m     49.72[0m[34;22m      0.00[0m[34;22m      0.00[0m[35;1m     10.61[0m
09:28:30   [32;22m     all[0m[34;1m     35.36[0m[34;22m      0.00[0m[34;1m     53.04[0m[34;22m      0.00[0m[34;22m      0.00[0m[35;1m     11.60[0m
09:28:31   [32;22m     all[0m[34;1m     37.43[0m[34;22m      0.00[0m[34;1m     53.63[0m[34;22m      0.00[0m[34;22m      0.00[0m[31;1m      8.94[0m
09:28:32   [32;22m     all[0m[34;1m     38.67[0m[34;22m      0.00[0m[34;1m     54.70[0m[34;22m      0.00[0m[34;22m      0.00[0m[31;1m      6.63[0m
09:28:33   [32;22m     all[0m[34;1m     38.76[0m[34;22m      0.00[0m[34;1m     50.56[0m[34;22m      0.00[0m[34;22m      0.00[0m[35;1m     10.67[0m
09:28:34   [32;22m     all[0m[34;1m     36.16[0m[34;22m      0.00[0m[34;1m     54.80[0m[34;22m      0.00[0m[34;22m      0.00[0m[31;1m      9.04[0m
09:28:35   [32;22m     all[0m[34;1m     40.45[0m[34;22m      0.00[0m[34;1m     51.12[0m[34;22m      0.00[0m[34;22m      0.00[0m[31;1m      8.43[0m
09:28:36   [32;22m     all[0m[34;1m     37.99[0m[34;22m      0.00[0m[34;1m     53.63[0m[34;22m      0.00[0m[34;22m      0.00[0m[31;1m      8.38[0m
09:28:37   [32;22m     all[0m[34;1m     42.70[0m[34;22m      0.00[0m[34;1m     51.35[0m[34;22m      0.00[0m[34;22m      0.00[0m[31;1m      5.95[0m
09:28:38   [32;22m     all[0m[34;1m     40.44[0m[34;22m      0.00[0m[34;1m     53.01[0m[34;22m      0.00[0m[34;22m      0.00[0m[31;1m      6.56[0m
09:28:39   [32;22m     all[0m[34;1m     41.71[0m[34;22m      0.00[0m[34;1m     52.94[0m[34;22m      0.00[0m[34;22m      0.00[0m[31;1m      5.35[0m
09:28:40   [32;22m     all[0m[34;1m     42.31[0m[34;22m      0.00[0m[34;1m     52.75[0m[34;22m      0.00[0m[34;22m      0.00[0m[31;1m      4.95[0m
09:28:41   [32;22m     all[0m[34;1m     38.89[0m[34;22m      0.00[0m[34;1m     53.33[0m[34;22m      0.00[0m[34;22m      0.00[0m[31;1m      7.78[0m
09:28:42   [32;22m     all[0m[34;1m     40.45[0m[34;22m      0.00[0m[34;1m     51.69[0m[34;22m      0.00[0m[34;22m      0.00[0m[31;1m      7.87[0m
09:28:43   [32;22m     all[0m[34;1m     33.88[0m[34;22m      0.00[0m[34;1m     55.74[0m[34;22m      0.00[0m[34;22m      0.00[0m[35;1m     10.38[0m
09:28:44   [32;22m     all[0m[34;1m     36.21[0m[34;22m      0.00[0m[34;1m     56.32[0m[34;22m      0.00[0m[34;22m      0.00[0m[31;1m      7.47[0m
09:28:45   [32;22m     all[0m[34;1m     35.33[0m[34;22m      0.00[0m[34;1m     58.15[0m[34;22m      0.00[0m[34;22m      0.00[0m[31;1m      6.52[0m
09:28:46   [32;22m     all[0m[34;1m     36.11[0m[34;22m      0.00[0m[34;1m     54.44[0m[34;22m      0.00[0m[34;22m      0.00[0m[31;1m      9.44[0m
09:28:47   [32;22m     all[0m[34;1m     41.44[0m[34;22m      0.00[0m[34;1m     49.72[0m[34;22m      0.00[0m[34;22m      0.00[0m[31;1m      8.84[0m
09:28:48   [32;22m     all[0m[34;1m     37.50[0m[34;22m      0.00[0m[34;1m     53.98[0m[34;22m      0.00[0m[34;22m      0.00[0m[31;1m      8.52[0m
09:28:49   [32;22m     all[0m[34;1m     40.96[0m[34;22m      0.00[0m[34;1m     55.32[0m[34;22m      0.00[0m[34;22m      0.00[0m[31;1m      3.72[0m
09:28:50   [32;22m     all[0m[34;1m     37.84[0m[34;22m      0.00[0m[34;1m     54.59[0m[34;22m      0.00[0m[34;22m      0.00[0m[31;1m      7.57[0m
09:28:51   [32;22m     all[0m[34;1m     39.46[0m[34;22m      0.00[0m[34;1m     55.68[0m[34;22m      0.00[0m[34;22m      0.00[0m[31;1m      4.86[0m
09:28:52   [32;22m     all[0m[34;1m     39.11[0m[34;22m      0.00[0m[34;1m     52.51[0m[34;22m      0.00[0m[34;22m      0.00[0m[31;1m      8.38[0m
09:28:53   [32;22m     all[0m[34;1m     45.90[0m[34;22m      0.00[0m[34;1m     44.81[0m[34;22m      0.00[0m[34;22m      0.00[0m[31;1m      9.29[0m
09:28:54   [32;22m     all[0m[34;1m     40.76[0m[34;22m      0.00[0m[34;1m     54.89[0m[34;22m      0.00[0m[34;22m      0.00[0m[31;1m      4.35[0m
09:28:55   [32;22m     all[0m[34;1m     39.11[0m[34;22m      0.00[0m[34;1m     53.63[0m[34;22m      0.00[0m[34;22m      0.00[0m[31;1m      7.26[0m
09:28:56   [32;22m     all[0m[34;1m     37.22[0m[34;22m      0.00[0m[34;1m     54.44[0m[34;22m      0.00[0m[34;22m      0.00[0m[31;1m      8.33[0m
09:28:57   [32;22m     all[0m[34;1m     37.70[0m[34;22m      0.00[0m[34;1m     54.64[0m[34;22m      0.00[0m[34;22m      0.00[0m[31;1m      7.65[0m
09:28:58   [32;22m     all[0m[34;1m     42.62[0m[34;22m      0.00[0m[34;1m     50.82[0m[34;22m      0.00[0m[34;22m      0.00[0m[31;1m      6.56[0m
09:28:59   [32;22m     all[0m[34;1m     43.09[0m[34;22m      0.00[0m[34;1m     50.83[0m[34;22m      0.00[0m[34;22m      0.00[0m[31;1m      6.08[0m
09:29:00   [32;22m     all[0m[34;1m     36.22[0m[34;22m      0.00[0m[34;1m     54.05[0m[34;22m      0.00[0m[34;22m      0.00[0m[31;1m      9.73[0m
09:29:01   [32;22m     all[0m[34;1m     37.50[0m[34;22m      0.00[0m[34;1m     55.43[0m[34;22m      0.00[0m[34;22m      0.00[0m[31;1m      7.07[0m
09:29:02   [32;22m     all[0m[34;1m     38.42[0m[34;22m      0.00[0m[34;1m     54.24[0m[34;22m      0.00[0m[34;22m      0.00[0m[31;1m      7.34[0m
09:29:03   [32;22m     all[0m[34;1m     38.46[0m[34;22m      0.00[0m[34;1m     52.75[0m[34;22m      0.00[0m[34;22m      0.00[0m[31;1m      8.79[0m
09:29:04   [32;22m     all[0m[34;1m     39.89[0m[34;22m      0.00[0m[34;1m     51.91[0m[34;22m      0.00[0m[34;22m      0.00[0m[31;1m      8.20[0m
09:29:05   [32;22m     all[0m[34;1m     37.22[0m[34;22m      0.00[0m[34;1m     53.89[0m[34;22m      0.00[0m[34;22m      0.00[0m[31;1m      8.89[0m
09:29:06   [32;22m     all[0m[34;1m     40.45[0m[34;22m      0.00[0m[34;1m     51.12[0m[34;22m      0.00[0m[34;22m      0.00[0m[31;1m      8.43[0m
09:29:07   [32;22m     all[0m[34;1m     38.20[0m[34;22m      0.00[0m[34;1m     55.06[0m[34;22m      0.00[0m[34;22m      0.00[0m[31;1m      6.74[0m
09:29:08   [32;22m     all[0m[34;1m     39.46[0m[34;22m      0.00[0m[34;1m     55.14[0m[34;22m      0.00[0m[34;22m      0.00[0m[31;1m      5.41[0m
09:29:09   [32;22m     all[0m[34;1m     36.93[0m[34;22m      0.00[0m[34;1m     53.41[0m[34;22m      0.00[0m[34;22m      0.00[0m[31;1m      9.66[0m
09:29:10   [32;22m     all[0m[34;1m     39.34[0m[34;22m      0.00[0m[34;1m     56.28[0m[34;22m      0.00[0m[34;22m      0.00[0m[31;1m      4.37[0m
09:29:11   [32;22m     all[0m[34;1m     38.67[0m[34;22m      0.00[0m[34;1m     54.70[0m[34;22m      0.00[0m[34;22m      0.00[0m[31;1m      6.63[0m
09:29:12   [32;22m     all[0m[34;1m     37.36[0m[34;22m      0.00[0m[34;1m     56.04[0m[34;22m      0.00[0m[34;22m      0.00[0m[31;1m      6.59[0m
09:29:13   [32;22m     all[0m[34;1m     36.61[0m[34;22m      0.00[0m[34;1m     57.92[0m[34;22m      0.00[0m[34;22m      0.00[0m[31;1m      5.46[0m
09:29:14   [32;22m     all[0m[34;1m     37.79[0m[34;22m      0.00[0m[34;1m     55.23[0m[34;22m      0.00[0m[34;22m      0.00[0m[31;1m      6.98[0m
09:29:15   [32;22m     all[0m[34;1m     37.57[0m[34;22m      0.00[0m[34;1m     56.35[0m[34;22m      0.00[0m[34;22m      0.00[0m[31;1m      6.08[0m
09:29:16   [32;22m     all[0m[34;1m     37.64[0m[34;22m      0.00[0m[34;1m     55.06[0m[34;22m      0.00[0m[34;22m      0.00[0m[31;1m      7.30[0m
09:29:17   [32;22m     all[0m[34;1m     39.23[0m[34;22m      0.00[0m[34;1m     53.04[0m[34;22m      0.00[0m[34;22m      0.00[0m[31;1m      7.73[0m
09:29:18   [32;22m     all[0m[34;1m     38.80[0m[34;22m      0.00[0m[34;1m     54.10[0m[34;22m      0.00[0m[34;22m      0.00[0m[31;1m      7.10[0m
09:29:19   [32;22m     all[0m[34;1m     41.85[0m[34;22m      0.00[0m[34;1m     53.26[0m[34;22m      0.00[0m[34;22m      0.00[0m[31;1m      4.89[0m
09:29:20   [32;22m     all[0m[34;1m     39.77[0m[34;22m      0.00[0m[34;1m     47.73[0m[34;22m      0.00[0m[34;22m      0.00[0m[35;1m     12.50[0m
09:29:21   [32;22m     all[0m[34;1m     39.01[0m[34;22m      0.00[0m[34;1m     53.30[0m[34;22m      0.00[0m[34;22m      0.00[0m[31;1m      7.69[0m
09:29:22   [32;22m     all[0m[34;1m     38.20[0m[34;22m      0.00[0m[34;1m     53.93[0m[34;22m      0.00[0m[34;22m      0.00[0m[31;1m      7.87[0m
09:29:23   [32;22m     all[0m[34;1m     39.67[0m[34;22m      0.00[0m[34;1m     54.89[0m[34;22m      0.00[0m[34;22m      0.00[0m[31;1m      5.43[0m
09:29:24   [32;22m     all[0m[34;1m     38.25[0m[34;22m      0.00[0m[34;1m     53.55[0m[34;22m      0.00[0m[34;22m      0.00[0m[31;1m      8.20[0m
09:29:25   [32;22m     all[0m[34;1m     36.00[0m[34;22m      0.00[0m[34;1m     52.00[0m[34;22m      0.00[0m[34;22m      0.00[0m[35;1m     12.00[0m
09:29:26   [32;22m     all[0m[34;1m     36.31[0m[34;22m      0.00[0m[34;1m     55.31[0m[34;22m      0.00[0m[34;22m      0.00[0m[31;1m      8.38[0m
09:29:27   [32;22m     all[0m[34;1m     39.89[0m[34;22m      0.00[0m[34;1m     50.00[0m[34;22m      0.00[0m[34;22m      0.00[0m[35;1m     10.11[0m
09:29:28   [32;22m     all[0m[34;1m     37.02[0m[34;22m      0.00[0m[34;1m     55.80[0m[34;22m      0.00[0m[34;22m      0.00[0m[31;1m      7.18[0m
09:29:29   [32;22m     all[0m[34;1m     36.46[0m[34;22m      0.00[0m[34;1m     56.35[0m[34;22m      0.00[0m[34;22m      0.00[0m[31;1m      7.18[0m
09:29:30   [32;22m     all[0m[34;1m     39.33[0m[34;22m      0.00[0m[34;1m     51.12[0m[34;22m      0.00[0m[34;22m      0.00[0m[31;1m      9.55[0m
09:29:31   [32;22m     all[0m[34;1m     36.67[0m[34;22m      0.00[0m[34;1m     56.11[0m[34;22m      0.00[0m[34;22m      0.00[0m[31;1m      7.22[0m
09:29:32   [32;22m     all[0m[34;1m     37.29[0m[34;22m      0.00[0m[34;1m     55.37[0m[34;22m      0.00[0m[34;22m      0.00[0m[31;1m      7.34[0m
09:29:33   [32;22m     all[0m[34;1m     37.14[0m[34;22m      0.00[0m[34;1m     51.43[0m[34;22m      0.00[0m[34;22m      0.00[0m[35;1m     11.43[0m
09:29:34   [32;22m     all[0m[34;1m     37.36[0m[34;22m      0.00[0m[34;1m     52.75[0m[34;22m      0.00[0m[34;22m      0.00[0m[31;1m      9.89[0m
09:29:35   [32;22m     all[0m[34;1m     38.20[0m[34;22m      0.00[0m[34;1m     50.56[0m[34;22m      0.00[0m[34;22m      0.00[0m[35;1m     11.24[0m
09:29:36   [32;22m     all[0m[34;1m     38.20[0m[34;22m      0.00[0m[34;1m     52.81[0m[34;22m      0.00[0m[34;22m      0.00[0m[31;1m      8.99[0m
09:29:37   [32;22m     all[0m[34;1m     39.78[0m[34;22m      0.00[0m[34;1m     54.14[0m[34;22m      0.00[0m[34;22m      0.00[0m[31;1m      6.08[0m
09:29:38   [32;22m     all[0m[34;1m     35.39[0m[34;22m      0.00[0m[34;1m     51.12[0m[34;22m      0.00[0m[34;22m      0.00[0m[35;1m     13.48[0m
09:29:39   [32;22m     all[0m[34;1m     43.24[0m[34;22m      0.00[0m[34;1m     51.89[0m[34;22m      0.00[0m[34;22m      0.00[0m[31;1m      4.86[0m
09:29:40   [32;22m     all[0m[34;1m     36.16[0m[34;22m      0.00[0m[34;1m     54.24[0m[34;22m      0.00[0m[34;22m      0.00[0m[31;1m      9.60[0m
09:29:41   [32;22m     all[0m[34;1m     39.13[0m[34;22m      0.00[0m[34;1m     54.35[0m[34;22m      0.00[0m[34;22m      0.00[0m[31;1m      6.52[0m
09:29:42   [32;22m     all[0m[34;1m     36.57[0m[34;22m      0.00[0m[34;1m     53.71[0m[34;22m      0.00[0m[34;22m      0.00[0m[31;1m      9.71[0m
09:29:43   [32;22m     all[0m[34;1m     38.50[0m[34;22m      0.00[0m[34;1m     56.68[0m[34;22m      0.00[0m[34;22m      0.00[0m[31;1m      4.81[0m
09:29:44   [32;22m     all[0m[34;1m     36.00[0m[34;22m      0.00[0m[34;1m     53.71[0m[34;22m      0.00[0m[34;22m      0.00[0m[35;1m     10.29[0m
09:29:45   [32;22m     all[0m[34;1m     39.78[0m[34;22m      0.00[0m[34;1m     55.91[0m[34;22m      0.00[0m[34;22m      0.00[0m[31;1m      4.30[0m
09:29:46   [32;22m     all[0m[34;1m     35.84[0m[34;22m      0.00[0m[34;1m     52.60[0m[34;22m      0.00[0m[34;22m      0.00[0m[35;1m     11.56[0m
09:29:47   [32;22m     all[0m[34;1m     37.91[0m[34;22m      0.00[0m[34;1m     56.04[0m[34;22m      0.00[0m[34;22m      0.00[0m[31;1m      6.04[0m
09:29:48   [32;22m     all[0m[34;1m     37.91[0m[34;22m      0.00[0m[34;1m     52.75[0m[34;22m      0.00[0m[34;22m      0.00[0m[31;1m      9.34[0m
09:29:49   [32;22m     all[0m[34;1m     39.67[0m[34;22m      0.00[0m[34;1m     53.80[0m[34;22m      0.00[0m[34;22m      0.00[0m[31;1m      6.52[0m
09:29:50   [32;22m     all[0m[34;1m     40.96[0m[34;22m      0.00[0m[34;1m     55.32[0m[34;22m      0.00[0m[34;22m      0.00[0m[31;1m      3.72[0m
09:29:51   [32;22m     all[0m[34;1m     42.47[0m[34;22m      0.00[0m[34;1m     52.69[0m[34;22m      0.00[0m[34;22m      0.00[0m[31;1m      4.84[0m
09:29:52   [32;22m     all[0m[34;1m     35.43[0m[34;22m      0.00[0m[34;1m     57.14[0m[34;22m      0.00[0m[34;22m      0.00[0m[31;1m      7.43[0m
09:29:53   [32;22m     all[0m[34;1m     40.11[0m[34;22m      0.00[0m[34;1m     54.40[0m[34;22m      0.00[0m[34;22m      0.00[0m[31;1m      5.49[0m
09:29:54   [32;22m     all[0m[34;1m     39.33[0m[34;22m      0.00[0m[34;1m     56.18[0m[34;22m      0.00[0m[34;22m      0.00[0m[31;1m      4.49[0m
09:29:55   [32;22m     all[0m[34;1m     34.83[0m[34;22m      0.00[0m[34;1m     54.49[0m[34;22m      0.00[0m[34;22m      0.00[0m[35;1m     10.67[0m
09:29:56   [32;22m     all[0m[34;1m     36.52[0m[34;22m      0.00[0m[34;1m     54.49[0m[34;22m      0.00[0m[34;22m      0.00[0m[31;1m      8.99[0m
09:29:57   [32;22m     all[0m[34;1m     38.67[0m[34;22m      0.00[0m[34;1m     54.14[0m[34;22m      0.00[0m[34;22m      0.00[0m[31;1m      7.18[0m
09:29:58   [32;22m     all[0m[34;1m     39.01[0m[34;22m      0.00[0m[34;1m     54.40[0m[34;22m      0.00[0m[34;22m      0.00[0m[31;1m      6.59[0m
09:29:59   [32;22m     all[0m[34;1m     42.02[0m[34;22m      0.00[0m[34;1m     53.19[0m[34;22m      0.00[0m[34;22m      0.00[0m[31;1m      4.79[0m
09:30:00   [32;22m     all[0m[34;1m     41.76[0m[34;22m      0.00[0m[34;1m     50.00[0m[34;22m      0.00[0m[34;22m      0.00[0m[31;1m      8.24[0m
09:30:01   [32;22m     all[0m[34;1m     38.92[0m[34;22m      0.00[0m[34;1m     54.05[0m[34;22m      0.00[0m[34;22m      0.00[0m[31;1m      7.03[0m
09:30:02   [32;22m     all[0m[34;1m     39.43[0m[34;22m      0.00[0m[34;1m     54.86[0m[34;22m      0.00[0m[34;22m      0.00[0m[31;1m      5.71[0m
09:30:03   [32;22m     all[0m[34;1m     40.66[0m[34;22m      0.00[0m[34;1m     51.10[0m[34;22m      0.00[0m[34;22m      0.00[0m[31;1m      8.24[0m
09:30:04   [32;22m     all[0m[34;1m     43.32[0m[34;22m      0.00[0m[34;1m     52.94[0m[34;22m      0.00[0m[34;22m      0.00[0m[31;1m      3.74[0m
09:30:05   [32;22m     all[0m[34;1m     36.46[0m[34;22m      0.00[0m[34;1m     53.59[0m[34;22m      0.00[0m[34;22m      0.00[0m[31;1m      9.94[0m
09:30:06   [32;22m     all[0m[34;1m     38.89[0m[34;22m      0.00[0m[34;1m     51.67[0m[34;22m      0.00[0m[34;22m      0.00[0m[31;1m      9.44[0m
09:30:07   [32;22m     all[0m[34;1m     40.00[0m[34;22m      0.00[0m[34;1m     55.14[0m[34;22m      0.00[0m[34;22m      0.00[0m[31;1m      4.86[0m
09:30:08   [32;22m     all[0m[34;1m     36.87[0m[34;22m      0.00[0m[34;1m     54.19[0m[34;22m      0.00[0m[34;22m      0.00[0m[31;1m      8.94[0m
09:30:09   [32;22m     all[0m[34;1m     38.46[0m[34;22m      0.00[0m[34;1m     55.49[0m[34;22m      0.00[0m[34;22m      0.00[0m[31;1m      6.04[0m
09:30:10   [32;22m     all[0m[34;1m     42.47[0m[34;22m      0.00[0m[34;1m     52.15[0m[34;22m      0.00[0m[34;22m      0.00[0m[31;1m      5.38[0m
09:30:11   [32;22m     all[0m[34;1m     34.07[0m[34;22m      0.00[0m[34;1m     55.49[0m[34;22m      0.00[0m[34;22m      0.00[0m[35;1m     10.44[0m
09:30:12   [32;22m     all[0m[34;1m     34.21[0m[34;22m      0.00[0m[34;1m     56.58[0m[34;22m      0.00[0m[34;22m      0.00[0m[31;1m      9.21[0m
09:30:13   [32;22m     all[0m[34;1m     16.07[0m[34;22m      0.00[0m[34;1m     23.81[0m[34;22m      0.00[0m[34;22m      0.00[0m[34;1m     60.12[0m
