procs -----------memory---------- ---swap-- -----io---- -system-- -------cpu-------
 r  b   swpd   free   buff  cache   si   so    bi    bo   in   cs us sy id wa st gu
 0  0      0 539772  20364 1830660   0    0  1203   722 9156   93 15 19 65  0  0  0
 0  0      0 538512  20364 1830660   0    0     0    24 3729 5423  3  4 93  0  0  0
 4  0      0 537504  20372 1830688   0    0     0    20 3735 6093  3  5 93  0  0  0
 0  0      0 535488  20384 1830732   0    0     0    64 5148 8560  4  5 91  0  0  0
 0  0      0 534480  20384 1830828   0    0     0    24 5369 8942  3  6 91  0  0  0
 0  0      0 533976  20384 1830896   0    0     0    40 6447 11856 5  5 89  0  0  0
 0  0      0 532716  20384 1830932   0    0     0     0 6927 12678 4  7 89  0  0  0
 1  0      0 532212  20396 1831004   0    0     0    88 6728 12151 5  7 88  1  0  0
 1  0      0 527968  20396 1831144   0    0     0     0 7460 14626 6  8 86  0  0  0
 9  0      0 526988  20396 1831244   0    0     0    28 8310 15995 6  9 85  0  0  0
 0  0      0 526484  20396 1831312   0    0     0    56 8483 16891 7 10 83  0  0  0
 0  0      0 524216  20408 1831580   0    0     0    96 9886 18784 8 10 83  0  0  0
 1  0      0 523488  20408 1831692   0    0     0     0 9277 17575 7 10 83  0  0  0
 0  0      0 522228  20420 1831864   0    0     0   804 9907 19661 8 11 81  0  0  0
 0  0      0 521988  20420 1831968   0    0     0     0 10273 21688 9 10 81 0  0  0
 0  0      0 520980  20420 1832116   0    0     0    60 11054 22196 8 13 79 0  0  0
 0  0      0 520252  20420 1832236   0    0     0     0 10444 21306 8 10 82 0  0  0
 7  0      0 519524  20444 1832416   0    0     0   156 11619 23878 9 15 77 0  0  0
 0  0      0 518012  20444 1832540   0    0     0     4 11806 23915 9 15 76 0  0  0
 4  0      0 517032  20444 1832744   0    0     0    28 13087 26150 9 14 76 0  0  0
 0  0      0 516288  20444 1832904   0    0     0    36 12534 24935 9 18 73 0  0  0
procs -----------memory---------- ---swap-- -----io---- -system-- -------cpu-------
 r  b   swpd   free   buff  cache   si   so    bi    bo   in   cs us sy id wa st gu
 1  0      0 514272  20444 1833108   0    0     0    24 13099 26518 8 16 76 0  0  0
 3  0      0 513292  20452 1833488   0    0     0    20 14116 28753 9 19 71 0  0  0
 0  0      0 510028  20452 1833728   0    0     0    32 14676 31228 13 19 68 0 0  0
 1  0      0 509556  20452 1833916   0    0     0     0 14847 30061 11 20 69 0 0  0
 0  0      0 507820  20464 1834168   0    0     0   116 13764 28003 12 17 71 0 0  0
 6  0      0 506336  20476 1834336   0    0     0    96 14837 30343 11 19 70 0 0  0
 2  0      0 505580  20476 1834580   0    0     0    24 15361 31481 12 21 68 0 0  0
 0  0      0 502332  20488 1834868   0    0     0    72 15625 33111 12 22 65 1 0  0
 7  0      0 500820  20488 1835096   0    0     0    24 14983 29068 12 18 70 0 0  0
 0  0      0 499056  20488 1835320   0    0     0    28 15940 33167 13 20 67 0 0  0
 5  0      0 497568  20488 1835584   0    0     0    24 17622 37769 12 20 68 0 0  0
 4  0      0 497568  20488 1835784   0    0     0     0 17946 36529 11 21 68 0 0  0
 3  0      0 494544  20496 1836020   0    0     0    48 18093 38431 14 23 63 0 0  0
 5  0      0 494544  20496 1836216   0    0     0     0 18513 35505 11 21 68 0 0  0
 1  0      0 494540  20508 1836480   0    0     0   100 18299 37946 11 20 69 0 0  0
 2  0      0 494540  20508 1836652   0    0     0     0 16934 34801 9 20 71 0  0  0
 0  0      0 494316  20508 1836908   0    0     0    24 18820 38936 12 21 67 0 0  0
 0  0      0 494316  20508 1837056   0    0     0    32 17287 36638 11 18 71 0 0  0
 0  0      0 494316  20520 1837476   0    0     0    64 17452 36024 11 19 70 0 0  0
 5  0      0 494316  20520 1837720   0    0     0    60 19053 38889 9 21 71 0  0  0
 1  0      0 494316  20532 1837968   0    0     0   104 18309 38704 10 19 71 0 0  0
procs -----------memory---------- ---swap-- -----io---- -system-- -------cpu-------
 r  b   swpd   free   buff  cache   si   so    bi    bo   in   cs us sy id wa st gu
 2  0      0 494092  20532 1838148   0    0     0     0 19378 39100 10 24 66 0 0  0
 1  0      0 493600  20532 1838396   0    0     0    28 17718 36153 14 27 58 0 0  0
 0  0      0 493600  20532 1838596   0    0     0  5740 18784 39368 12 20 68 0 0  0
 4  0      0 493600  20544 1838832   0    0     0   100 17831 37378 11 19 70 0 0  0
 2  0      0 493376  20544 1839024   0    0     0     0 18464 37659 11 20 69 0 0  0
 0  0      0 493376  20544 1839288   0    0     0    28 18874 38406 11 24 65 0 0  0
 5  0      0 493148  20544 1839464   0    0     0    48 18419 38021 12 19 69 0 0  0
 0  0      0 492896  20556 1839712   0    0     0    80 19034 38271 10 21 69 0 0  0
 3  0      0 492896  20556 1839864   0    0     0    28 18224 36062 11 19 69 0 0  0
 0  0      0 492896  20556 1840116   0    0     0    28 18868 38287 11 20 68 0 0  0
 0  0      0 492144  20556 1840312   0    0     0     0 19674 39909 11 22 67 0 0  0
 0  0      0 491164  20556 1840560   0    0     0    24 19144 39677 12 22 66 0 0  0
 3  0      0 490940  20564 1840732   0    0     0    24 17523 37385 12 21 67 0 0  0
 0  0      0 490940  20576 1840980   0    0     0   132 19330 39809 11 24 65 0 0  0
 1  0      0 490436  20588 1841196   0    0     0    72 19693 39478 11 19 69 0 0  0
 1  0      0 490212  20588 1841420   0    0     0    24 19174 37968 12 19 69 0 0  0
 3  0      0 488448  20600 1841604   0    0     0    68 19716 39755 12 23 65 0 0  0
 0  0      0 488448  20600 1841864   0    0     0    44 18384 36662 9 17 74 0  0  0
 1  0      0 488224  20600 1842044   0    0     0    32 19546 39814 10 24 66 0 0  0
 1  0      0 488224  20600 1842284   0    0     0    28 18542 38800 11 24 66 0 0  0
 7  0      0 488220  20600 1842516   0    0     0     0 18628 36464 10 21 69 0 0  0
procs -----------memory---------- ---swap-- -----io---- -system-- -------cpu-------
 r  b   swpd   free   buff  cache   si   so    bi    bo   in   cs us sy id wa st gu
 3  0      0 487744  20608 1842692   0    0     0    48 17900 35988 17 26 57 0 0  0
 6  0      0 487744  20608 1842908   0    0     0     4 18724 38364 11 22 66 0 0  0
 0  0      0 487744  20620 1843180   0    0     0    96 19863 39474 12 25 63 0 0  0
 0  0      0 487016  20620 1843360   0    0     0     0 19046 38199 11 19 69 0 0  0
 1  0      0 487016  20620 1843592   0    0     0    24 18258 37382 12 23 66 0 0  0
10  0      0 483740  20620 1843816   0    0     0    28 19656 40174 15 25 60 0 0  0
 0  0      0 483516  20632 1844100   0    0    20    92 19608 38456 12 25 62 1 0  0
 3  0      0 483264  20632 1844280   0    0     0    64 18318 37856 14 27 59 0 0  0
 0  0      0 483012  20644 1844524   0    0     0    96 19292 38017 10 20 70 0 0  0
 5  0      0 483012  20644 1844708   0    0     0     0 19658 37997 12 23 65 0 0  0
 1  0      0 482760  20644 1844960   0    0     0    28 20116 38725 15 25 60 0 0  0
 5  0      0 482284  20644 1845172   0    0     0     0 19735 38437 17 31 52 0 0  0
 5  0      0 482284  20656 1845404   0    0     0  6584 17314 33772 22 36 43 0 0  0
 2  0      0 481808  20656 1845608   0    0     0     0 19478 37018 16 29 55 0 0  0
 0  0      0 481556  20656 1845864   0    0     0    28 18108 36309 13 24 63 0 0  0
 0  0      0 481332  20656 1846056   0    0     0    24 17435 34961 16 30 54 0 0  0
 3  0      0 481332  20668 1846248   0    0     0    92 20454 41161 12 20 68 0 0  0
 3  0      0 481332  20668 1846484   0    0     0    88 18756 36645 10 18 73 0 0  0
 5  0      0 481332  20668 1846676   0    0     0    28 19441 38047 10 21 69 0 0  0
 8  0      0 481332  20668 1846864   0    0     0     0 18656 37404 11 21 68 0 0  0
 7  0      0 480856  20668 1847120   0    0     0    24 19123 38668 18 30 52 0 0  0
procs -----------memory---------- ---swap-- -----io---- -system-- -------cpu-------
 r  b   swpd   free   buff  cache   si   so    bi    bo   in   cs us sy id wa st gu
 4  0      0 480856  20676 1847300   0    0     0    40 18722 37543 12 20 68 0 0  0
 2  0      0 480604  20688 1847484   0    0     0   108 18764 37118 9 17 74 0  0  0
 3  0      0 480380  20700 1847716   0    0     0    92 21706 42367 9 19 72 0  0  0
 7  0      0 480128  20700 1847976   0    0     0    28 21427 41360 12 27 61 0 0  0
 3  0      0 478364  20700 1848164   0    0     0     0 20456 39535 10 19 71 0 0  0
 5  0      0 478140  20712 1848428   0    0     0   100 19051 39622 9 19 71 0  0  0
 3  0      0 477664  20712 1848608   0    0     0    32 19682 40014 12 28 60 0 0  0
 1  0      0 477664  20712 1848868   0    0     0    24 21134 40751 10 23 67 0 0  0
 0  0      0 475900  20712 1849052   0    0     0     0 18786 37411 12 25 63 0 0  0
 2  0      0 469880  20712 1849276   0    0     0    24 18986 37776 14 25 61 0 0  0
 0  0      0 469880  20720 1849460   0    0     0    28 19881 39044 11 23 65 0 0  0
 3  0      0 469880  20720 1849716   0    0     0    36 17760 33928 21 35 44 0 0  0
 7  0      0 469656  20720 1849896   0    0     0    28 17072 33802 18 34 48 0 0  0
 2  0      0 469656  20732 1850120   0    0     0    60 19517 37748 12 23 65 0 0  0
 2  0      0 469656  20732 1850308   0    0     0     0 20377 42192 14 26 60 0 0  0
 1  0      0 469656  20732 1850520   0    0     0    56 19153 37252 12 22 66 0 0  0
 4  0      0 469656  20744 1850704   0    0     0   108 20341 39665 15 27 58 0 0  0
 0  0      0 469656  20756 1850932   0    0     0    92 17892 34144 10 24 66 1 0  0
 0  0      0 469192  20756 1851104   0    0     0     0 19993 38115 15 23 62 0 0  0
 1  0      0 469192  20756 1851392   0    0     0    28 19223 35655 21 36 44 0 0  0
 7  0      0 469192  20756 1851632   0    0     0   296 21125 42281 10 20 70 0 0  0
procs -----------memory---------- ---swap-- -----io---- -system-- -------cpu-------
 r  b   swpd   free   buff  cache   si   so    bi    bo   in   cs us sy id wa st gu
 5  0      0 469192  20756 1851856   0    0     0  6356 19865 38651 8 19 72 0  0  0
 4  0      0 469192  20776 1852048   0    0    12   108 19799 37840 11 24 65 0 0  0
 0  0      0 468968  20776 1852300   0    0     0    28 18758 38589 13 29 59 0 0  0
 0  0      0 468968  20776 1852488   0    0     0     0 19537 38901 12 24 64 0 0  0
 0  0      0 468968  20776 1852760   0    0     0    48 20262 40553 13 22 66 0 0  0
 4  0      0 468744  20776 1852924   0    0     0    56 19539 37833 12 23 65 0 0  0
 1  0      0 468744  20796 1853164   0    0     0    96 20506 39581 8 21 71 0  0  0
11  0      0 468744  20796 1853380   0    0     0     0 12125 21376 32 51 18 0 0  0
 8  0      0 468744  20796 1853568   0    0     0    24 11038 18802 39 55 5 0  0  0
 1  0      0 468296  20796 1853768   0    0     0     0 10899 16762 45 52 4 0  0  0
10  0      0 468072  20796 1853980   0    0     0    92 11330 18301 40 55 5 0  0  0
 6  0      0 467848  20820 1854172   0    0     0   192 11936 20537 36 50 14 0 0  0
 8  0      0 466928  20820 1854392   0    0     0    28 12541 23226 40 53 8 0  0  0
11  0      0 464968  20820 1854588   0    0     0     0 9868 16026 43 53 3  0  0  0
12  0      0 464496  20820 1854796   0    0     0    48 8962 12215 42 53 6  0  0  0
 9  0      0 464272  20832 1855016   0    0     0   112 8577 13015 41 57 3  0  0  0
 6  0      0 462088  20832 1855244   0    0     0     4 9067 13223 42 54 4  0  0  0
 9  0      0 460664  20832 1855416   0    0     0    20 9920 14209 44 52 4  0  0  0
13  0      0 459716  20832 1855612   0    0     0     4 9552 13764 43 55 2  0  0  0
 7  0      0 459020  20832 1855776   0    0     0    20 8492 13536 42 54 4  0  0  0
13  0      0 458100  20840 1855980   0    0     0    44 8783 11641 40 55 5  0  0  0
procs -----------memory---------- ---swap-- -----io---- -system-- -------cpu-------
 r  b   swpd   free   buff  cache   si   so    bi    bo   in   cs us sy id wa st gu
 8  0      0 456168  20840 1856172   0    0     0    52 8824 13886 41 55 4  0  0  0
 4  0      0 455696  20840 1856396   0    0     0     0 9173 13611 40 55 5  0  0  0
 2  0      0 455248  20852 1856564   0    0     0    60 10607 17633 41 54 5 0  0  0
 5  0      0 454048  20852 1856800   0    0     0    24 9893 15190 39 57 4  0  0  0
10  0      0 453824  20864 1856960   0    0     0   116 10762 15994 42 54 5 0  0  0
 6  0      0 453352  20876 1857204   0    0     0    72 10019 15134 39 57 4 0  0  0
 5  0      0 452904  20876 1857428   0    0     0    24 10746 16621 42 54 4 0  0  0
15  0      0 452432  20876 1857568   0    0     0     0 8215 13255 41 55 3  0  0  0
12  0      0 451720  20876 1857720   0    0     0    28 8253 13638 41 56 3  0  0  0
 8  0      0 449656  20876 1857920   0    0     0    16 8555 11064 42 57 1  0  0  0
10  0      0 446156  20884 1858228   0    0    28  6100 11146 17694 39 52 9 0  0  0
12  0      0 445680  20884 1858372   0    0     0    24 11906 20402 38 54 9 0  0  0
 5  0      0 449236  20896 1858584   0    0     0    72 11539 19105 43 52 5 0  0  0
14  0      0 448788  20896 1858816   0    0     0    24 10896 17426 42 54 4 0  0  0
15  0      0 447588  20896 1859044   0    0     0    80 11061 19068 40 55 5 0  0  0
 3  0      0 447364  20896 1859252   0    0     0     4 11498 20357 36 56 8 0  0  0
 6  0      0 446888  20908 1859448   0    0     0    72 12292 19801 43 51 5 0  0  0
 2  0      0 446664  20908 1859700   0    0     0     0 12636 22173 39 53 8 0  0  0
 8  0      0 446192  20908 1859876   0    0     0    24 12135 21384 40 53 8 0  0  0
16  0      0 445968  20908 1860104   0    0     0    20 11614 20888 39 49 12 0 0  0
 7  0      0 445744  20920 1860320   0    0     0   172 11369 20891 41 51 8 0  0  0
procs -----------memory---------- ---swap-- -----io---- -system-- -------cpu-------
 r  b   swpd   free   buff  cache   si   so    bi    bo   in   cs us sy id wa st gu
 8  0      0 445492  20920 1860528   0    0     0    24 11081 19200 39 55 6 0  0  0
 6  0      0 444012  20932 1860748   0    0     0    76 11296 18850 42 54 4 0  0  0
 5  0      0 442276  20932 1860932   0    0     0    28 12436 21335 36 54 10 0 0  0
 6  0      0 441800  20932 1861100   0    0     0    80 13347 22293 37 53 11 0 0  0
 6  0      0 441352  20932 1861368   0    0     0     8 12509 22374 33 57 10 0 0  0
 4  0      0 441352  20944 1861528   0    0     0    80 13320 23191 36 54 10 0 0  0
 9  0      0 442896  20944 1861784   0    0     0     0 11402 19894 37 57 6 0  0  0
12  0      0 470572  20944 1861964   0    0     0    28 13190 23846 34 54 12 0 0  0
 6  0      0 469844  20944 1862220   0    0     0    16 13658 24624 39 52 9 0  0  0
14  0      0 469340  20944 1862376   0    0     0    24 9591 15630 35 59 6  0  0  0
 8  0      0 466880  20952 1862568   0    0     0    52 8522 12759 42 55 3  0  0  0
 7  0      0 464668  20952 1862812   0    0     0    24 9790 14794 42 53 4  0  0  0
 2  0      0 462680  20964 1862972   0    0     0    72 9345 12875 45 50 5  0  0  0
10  0      0 462200  20964 1863216   0    0     0    72 11864 18317 42 50 8 0  0  0
 8  0      0 462200  20976 1863388   0    0     0    92 11755 18945 39 54 7 0  0  0
 6  0      0 461728  20988 1863640   0    0     0    60 10467 17466 42 55 3 1  0  0
 5  0      0 461280  20988 1863904   0    0     0     0 10313 16738 43 54 3 0  0  0
 7  0      0 461280  20988 1864040   0    0     0    28 12354 19810 39 52 9 0  0  0
 5  0      0 460092  20988 1864356   0    0    44    16 11280 19006 42 54 4 0  0  0
 5  0      0 459868  20988 1864492   0    0     0    24 11628 20782 39 53 8 0  0  0
 7  0      0 459196  20996 1864768   0    0     0  6244 11948 20424 37 58 5 0  0  0
procs -----------memory---------- ---swap-- -----io---- -system-- -------cpu-------
 r  b   swpd   free   buff  cache   si   so    bi    bo   in   cs us sy id wa st gu
 6  0      0 458500  20996 1864920   0    0     0    28 9193 14492 45 51 4  0  0  0
 5  0      0 457800  20996 1865156   0    0     0     0 10615 18029 41 55 4 0  0  0
13  0      0 457576  21008 1865372   0    0     0   108 11534 19634 40 53 8 0  0  0
 7  0      0 457352  21008 1865564   0    0     0    20 11944 18994 38 56 6 0  0  0
 8  0      0 456632  21008 1865764   0    0     0    28 11590 19053 43 52 5 0  0  0
 5  0      0 456180  21008 1866012   0    0     0     0 11414 18664 38 55 7 0  0  0
 7  0      0 456180  21020 1866152   0    0     0    64 12918 23568 37 53 10 0 0  0
 7  0      0 455704  21020 1866440   0    0     0    20 12009 19938 39 53 8 0  0  0
 6  0      0 455480  21020 1866616   0    0     0    60 11388 19278 38 56 6 0  0  0
 4  0      0 454532  21032 1866840   0    0     0    68 11110 18941 38 54 8 0  0  0
 3  0      0 454056  21032 1867032   0    0     0    28 11333 18157 42 53 5 0  0  0
 3  0      0 452572  21032 1867280   0    0     0     0 12347 20518 39 54 7 0  0  0
 5  0      0 452096  21032 1867440   0    0     0    88 13078 23171 37 55 8 0  0  0
 4  0      0 451872  21044 1867688   0    0     0    68 13751 24791 34 55 11 0 0  0
 2  0      0 451396  21044 1867864   0    0     0    88 12451 20040 40 49 10 0 0  0
 7  0      0 451172  21044 1868140   0    0     0     0 12149 20745 38 52 9 0  0  0
 4  0      0 450948  21044 1868312   0    0     0    24 12924 23606 37 53 10 0 0  0
 7  0      0 450700  21044 1868560   0    0     0    16 13012 22525 38 50 12 0 0  0
 6  0      0 450448  21052 1868716   0    0     0    40 13690 23725 38 51 12 0 0  0
 2  0      0 449720  21052 1868896   0    0     0    28 9089 13465 41 55 4  0  0  0
10  0      0 447036  21052 1869172   0    0     0    24 11904 18574 43 54 4 0  0  0
procs -----------memory---------- ---swap-- -----io---- -system-- -------cpu-------
 r  b   swpd   free   buff  cache   si   so    bi    bo   in   cs us sy id wa st gu
 9  0      0 445776  21064 1869392   0    0     0    84 12496 21296 39 51 10 0 0  0
 8  0      0 444856  21064 1869632   0    0     0    56 10908 19041 39 57 4 0  0  0
 9  0      0 444632  21064 1869796   0    0     0    48 12326 20946 39 55 7 0  0  0
 3  0      0 444408  21064 1870080   0    0     0     8 12838 21274 39 54 8 0  0  0
 4  0      0 444184  21076 1870264   0    0     0    84 11434 19561 39 56 5 0  0  0
 7  0      0 443960  21076 1870440   0    0     0     0 12474 20971 35 56 8 0  0  0
 4  0      0 443012  21076 1870692   0    0     0    40 11836 19305 39 55 7 0  0  0
 9  0      0 442788  21076 1870860   0    0     0     0 11706 19338 41 55 5 0  0  0
 1  0      0 442312  21076 1871136   0    0     0  6328 13232 23314 35 55 10 0 0  0
 6  0      0 442088  21084 1871276   0    0     0    60 12853 21649 39 52 9 0  0  0
 3  0      0 441836  21084 1871552   0    0     0    28 12535 21821 36 52 12 0 0  0
 3  0      0 441388  21096 1871760   0    0     0   100 12249 20429 36 55 8 0  0  0
 9  0      0 440916  21096 1871948   0    0     0    48 12897 21296 40 54 7 0  0  0
 9  0      0 440468  21096 1872212   0    0     0     0 12835 22595 39 51 11 0 0  0
 4  0      0 439992  21096 1872416   0    0    44    28 13119 22534 37 54 8 0  0  0
 1  0      0 439768  21096 1872680   0    0     0     0 12695 22641 38 53 10 0 0  0
 2  0      0 439768  21108 1872860   0    0     0    80 12534 22270 41 51 8 0  0  0
 5  0      0 439320  21108 1873060   0    0     0     0 11976 20010 40 54 6 0  0  0
 5  0      0 438372  21108 1873296   0    0     0    24 11776 20987 44 51 5 0  0  0
 7  0      0 438148  21108 1873456   0    0     0    24 11501 17285 42 53 5 0  0  0
 8  0      0 436160  21108 1873628   0    0     0    28 10476 16984 42 53 6 0  0  0
procs -----------memory---------- ---swap-- -----io---- -system-- -------cpu-------
 r  b   swpd   free   buff  cache   si   so    bi    bo   in   cs us sy id wa st gu
 6  0      0 435684  21116 1873924   0    0     0    88 12788 21194 38 54 8 0  0  0
 0  0      0 435460  21128 1874108   0    0     0    84 12502 21210 39 52 9 0  0  0
 2  0      0 434760  21128 1874280   0    0     0     0 12324 21411 34 56 10 0 0  0
 7  0      0 433756  21128 1874548   0    0     0    36 12769 21677 37 57 6 0  0  0
 0  0      0 432020  21128 1874792   0    0     0     0 12388 21604 36 56 8 0  0  0
 5  0      0 431544  21128 1874980   0    0     0    40 12548 20897 36 54 10 0 0  0
 7  0      0 431292  21136 1875116   0    0     0    36 11910 20205 42 51 7 0  0  0
10  0      0 430568  21148 1875368   0    0     0    64 10918 18708 40 52 8 0  0  0
 4  0      0 429144  21148 1875592   0    0     0    80 10464 16325 40 57 3 0  0  0
 9  0      0 427688  21148 1875736   0    0     0    28 12020 20557 37 55 8 0  0  0
12  0      0 427212  21148 1876012   0    0     0    32 12031 19529 39 54 6 0  0  0
 8  0      0 453284  21160 1876128   0    0     0   120 12623 22608 38 53 10 0 0  0
11  0      0 452556  21160 1876440   0    0     0     0 12024 18248 45 46 8 0  0  0
 6  0      0 451100  21160 1876544   0    0     0    36 10762 17167 42 54 4 0  0  0
 5  0      0 449336  21160 1876788   0    0     0     0 12746 21331 36 55 8 0  0  0
 9  0      0 448640  21160 1877136   0    0    68    40 11554 20651 40 54 6 0  0  0
14  0      0 448416  21168 1877260   0    0     0    36 12617 20248 38 52 9 0  0  0
 2  0      0 448168  21168 1877588   0    0     0    24 12286 21841 42 52 6 0  0  0
 5  0      0 445956  21168 1877736   0    0     0  6256 10813 17409 44 51 5 0  0  0
 8  0      0 444220  21180 1877920   0    0     0    80 11883 20836 35 54 11 0 0  0
 3  0      0 443744  21180 1878212   0    0     0    32 13003 21934 37 56 7 0  0  0
procs -----------memory---------- ---swap-- -----io---- -system-- -------cpu-------
 r  b   swpd   free   buff  cache   si   so    bi    bo   in   cs us sy id wa st gu
 4  0      0 443020  21180 1878356   0    0     0    72 12584 19150 39 54 7 0  0  0
 8  0      0 442544  21180 1878624   0    0     0     0 12036 20804 38 54 9 0  0  0
 5  0      0 442320  21192 1878768   0    0     0    68 12635 19777 40 51 8 0  0  0
 5  0      0 442096  21192 1879088   0    0     0     0 12183 20818 36 54 10 0 0  0
10  0      0 441400  21192 1879292   0    0     0    40 12204 21074 41 52 7 0  0  0
 4  0      0 440952  21192 1879424   0    0     0     0 12090 18562 37 56 7 0  0  0
 2  0      0 440480  21192 1879708   0    0     0    24 11602 19510 41 54 5 0  0  0
11  0      0 440256  21200 1879832   0    0     0    36 11943 19450 38 52 10 0 0  0
 3  0      0 440004  21200 1880172   0    0   128    48 10868 17425 40 56 4 0  0  0
 5  0      0 439556  21212 1880384   0    0     0    76 12559 21160 36 57 7 0  0  0
 6  0      0 439080  21212 1880672   0    0     0    48 11974 19207 38 57 6 0  0  0
 2  0      0 438132  21212 1880840   0    0     0    24 12301 19581 36 57 7 0  0  0
 9  0      0 437908  21212 1881084   0    0     0    36 11226 18267 38 55 6 0  0  0
 6  0      0 436900  21212 1881260   0    0     0     0 12568 20566 37 56 7 0  0  0
 9  0      0 435196  21232 1881552   0    0     0   112 12172 22517 40 54 5 0  0  0
 7  0      0 435196  21232 1881668   0    0     0     0 13354 22080 36 56 8 0  0  0
 5  0      0 434972  21232 1881936   0    0     0     4 12038 21461 41 52 7 0  0  0
 2  0      0 433016  21232 1882116   0    0     0    20 11106 18535 42 52 6 0  0  0
 6  0      0 432764  21232 1882356   0    0     0    28 12794 22114 40 48 13 0 0  0
 4  0      0 432068  21240 1882508   0    0     0    84 13047 22006 37 54 9 0  0  0
 7  0      0 431592  21252 1882780   0    0     0    64 12654 20598 39 55 7 0  0  0
procs -----------memory---------- ---swap-- -----io---- -system-- -------cpu-------
 r  b   swpd   free   buff  cache   si   so    bi    bo   in   cs us sy id wa st gu
 8  0      0 431368  21252 1882952   0    0     0    44 11822 19711 39 57 4 0  0  0
 5  0      0 431144  21252 1883212   0    0     0    44 12229 20863 38 52 10 0 0  0
 7  0      0 430920  21252 1883376   0    0     0    28 12990 22154 36 53 11 0 0  0
10  0      0 430696  21252 1883592   0    0     0    16 12999 22702 38 54 8 0  0  0
 4  0      0 430248  21260 1883780   0    0     0    48 13085 23613 38 50 13 0 0  0
 5  0      0 429776  21260 1884048   0    0     0     0 11364 20011 39 56 4 0  0  0
 3  0      0 429552  21272 1884204   0    0     0    64 13045 22268 39 54 7 0  0  0
 4  0      0 429076  21272 1884492   0    0     0  6352 13111 22637 38 53 10 0 0  0
 7  0      0 428096  21272 1884628   0    0     0    60 12148 21296 35 58 7 0  0  0
 7  0      0 427620  21284 1884868   0    0     0    80 13361 21029 38 53 8 0  0  0
 7  0      0 427396  21296 1885044   0    0     0   128 13248 22409 35 52 13 0 0  0
 9  0      0 426892  21296 1885364   0    0     0     0 12171 21531 38 53 9 0  0  0
 4  0      0 426668  21296 1885552   0    0     0    28 12656 21316 38 51 12 0 0  0
14  0      0 426164  21296 1885780   0    0     0    16 12966 21990 40 52 8 0  0  0
 3  0      0 425692  21296 1885936   0    0     0    24 12871 20009 37 53 10 0 0  0
21  0      0 425468  21304 1886144   0    0     0    28 12066 20804 40 52 8 0  0  0
 4  0      0 423256  21316 1886392   0    0     0    64 11980 19773 42 52 6 0  0  0
10  0      0 422780  21316 1886568   0    0     0    28 12551 21749 36 56 8 0  0  0
 3  0      0 422052  21316 1886836   0    0     0    56 12749 21894 37 55 8 0  0  0
 5  0      0 421356  21316 1886964   0    0     0     0 12391 20817 37 55 8 0  0  0
 4  0      0 421132  21328 1887276   0    0     0   120 11299 17621 39 56 5 0  0  0
procs -----------memory---------- ---swap-- -----io---- -system-- -------cpu-------
 r  b   swpd   free   buff  cache   si   so    bi    bo   in   cs us sy id wa st gu
 6  0      0 418140  21328 1887436   0    0     0     0 10655 19365 37 53 10 0 0  0
 7  0      0 417692  21328 1887596   0    0     0    36 12984 21008 38 54 8 0  0  0
11  0      0 417468  21328 1887900   0    0     0    16 12002 21422 38 53 9 0  0  0
 5  0      0 417244  21328 1888068   0    0     0    24 12200 19025 36 58 6 0  0  0
 6  0      0 417020  21336 1888208   0    0     0    36 12401 20758 39 52 9 1  0  0
13  0      0 416548  21336 1888500   0    0     0    24 11699 19520 41 54 5 0  0  0
 8  0      0 413552  21336 1888624   0    0     0     8 11878 19595 41 54 5 0  0  0
 6  0      0 413328  21348 1888908   0    0     0   120 12989 20458 40 55 5 0  0  0
10  0      0 413328  21348 1889064   0    0     0     0 12012 19169 35 57 8 0  0  0
 5  0      0 412632  21348 1889376   0    0     0    72 10493 16248 43 53 4 0  0  0
10  0      0 411960  21348 1889520   0    0     0     0 10854 17126 37 57 6 0  0  0
 7  0      0 411960  21360 1889756   0    0     0    80 11979 20124 35 55 10 0 0  0
10  0      0 411484  21360 1889928   0    0     0    16 12541 20673 37 54 10 0 0  0
 5  0      0 411260  21360 1890100   0    0     0    24 12108 20211 38 55 7 0  0  0
 9  0      0 410788  21360 1890352   0    0     0     0 12576 19888 39 54 7 0  0  0
12  0      0 409528  21360 1890576   0    0     0    24 11420 18391 46 51 3 0  0  0
 6  0      0 409304  21368 1890816   0    0     0  6364 12502 20997 40 51 9 0  0  0
10  0      0 408828  21380 1891008   0    0     0   120 11530 18422 36 57 7 0  0  0
 3  0      0 408128  21380 1891260   0    0     0     0 12314 19849 40 52 8 0  0  0
 9  0      0 407904  21380 1891464   0    0     0    24 12088 20364 43 51 6 0  0  0
 5  0      0 407432  21380 1891692   0    0     0    28 11004 17788 39 55 5 0  0  0
procs -----------memory---------- ---swap-- -----io---- -system-- -------cpu-------
 r  b   swpd   free   buff  cache   si   so    bi    bo   in   cs us sy id wa st gu
 7  0      0 407208  21380 1891856   0    0     0    24 12586 20339 38 52 10 0 0  0
 7  0      0 407236  21392 1892044   0    0     0    56 12594 21054 39 53 8 0  0  0
 3  0      0 406540  21392 1892304   0    0     0    64 12398 19211 39 57 4 0  0  0
 7  0      0 406316  21392 1892420   0    0     0     0 12056 20007 38 52 10 0 0  0
10  0      0 405868  21404 1892688   0    0     0    64 12214 19552 44 52 4 0  0  0
14  0      0 405644  21404 1892952   0    0     0    32 13329 22316 36 55 9 0  0  0
 3  0      0 403684  21404 1893112   0    0     0    52 12796 21205 35 57 8 0  0  0
14  0      0 403216  21404 1893272   0    0     0     0 6620 10941 34 58 8  0  0  0
 0  0      0 430060  21404 1892560   0    0     0    24 3450 5481 11 11 78  0  0  0
