Linux 6.6.95 (ssp-study) 	04/16/26 	_x86_64_	(2 CPU)

17:57:02    kbmemfree   kbavail kbmemused  %memused kbbuffers  kbcached  kbcommit   %commit  kbactive   kbinact   kbdirty
17:57:03   [34;1m   1066664[0m[34;1m   1846392[0m[34;1m    692300[0m[34;1m     18.20[0m[34;1m     86440[0m[34;1m   1847864[0m[34;1m   3640340[0m[31;1m     95.72[0m[34;1m   1182364[0m[34;1m   1367512[0m[34;1m       344[0m
17:57:04   [34;1m   1066664[0m[34;1m   1846408[0m[34;1m    692284[0m[34;1m     18.20[0m[34;1m     86448[0m[34;1m   1847868[0m[34;1m   3599444[0m[31;1m     94.64[0m[34;1m   1182376[0m[34;1m   1366792[0m[34;1m       344[0m
17:57:05   [34;1m   1066664[0m[34;1m   1846412[0m[34;1m    692272[0m[34;1m     18.20[0m[34;1m     86456[0m[34;1m   1847872[0m[34;1m   3599444[0m[31;1m     94.64[0m[34;1m   1182376[0m[34;1m   1366800[0m[34;1m       348[0m
17:57:06   [34;1m   1066664[0m[34;1m   1846436[0m[34;1m    692256[0m[34;1m     18.20[0m[34;1m     86464[0m[34;1m   1847880[0m[34;1m   3599444[0m[31;1m     94.64[0m[34;1m   1182392[0m[34;1m   1366600[0m[34;1m       352[0m
17:57:07   [34;1m   1066664[0m[34;1m   1846436[0m[34;1m    692256[0m[34;1m     18.20[0m[34;1m     86464[0m[34;1m   1847880[0m[34;1m   3599444[0m[31;1m     94.64[0m[34;1m   1182392[0m[34;1m   1366720[0m[34;1m       352[0m
17:57:08   [34;1m   1066664[0m[34;1m   1846436[0m[34;1m    692256[0m[34;1m     18.20[0m[34;1m     86464[0m[34;1m   1847880[0m[34;1m   3599444[0m[31;1m     94.64[0m[34;1m   1182392[0m[34;1m   1366752[0m[34;1m       352[0m
17:57:09   [34;1m   1064900[0m[34;1m   1844672[0m[34;1m    694020[0m[34;1m     18.25[0m[34;1m     86464[0m[34;1m   1847880[0m[34;1m   3599444[0m[31;1m     94.64[0m[34;1m   1182392[0m[34;1m   1366736[0m[34;1m       352[0m
17:57:10   [34;1m   1064648[0m[34;1m   1844432[0m[34;1m    694260[0m[34;1m     18.25[0m[34;1m     86468[0m[34;1m   1847888[0m[34;1m   3599444[0m[31;1m     94.64[0m[34;1m   1182396[0m[34;1m   1367084[0m[34;1m       356[0m
17:57:11   [34;1m   1064648[0m[34;1m   1844432[0m[34;1m    694260[0m[34;1m     18.25[0m[34;1m     86468[0m[34;1m   1847888[0m[34;1m   3599444[0m[31;1m     94.64[0m[34;1m   1182396[0m[34;1m   1367084[0m[34;1m       356[0m
17:57:12   [34;1m   1064648[0m[34;1m   1844432[0m[34;1m    694260[0m[34;1m     18.25[0m[34;1m     86468[0m[34;1m   1847888[0m[34;1m   3599444[0m[31;1m     94.64[0m[34;1m   1182396[0m[34;1m   1367100[0m[34;1m       352[0m
17:57:13   [34;1m   1064648[0m[34;1m   1844432[0m[34;1m    694260[0m[34;1m     18.25[0m[34;1m     86468[0m[34;1m   1847888[0m[34;1m   3599444[0m[31;1m     94.64[0m[34;1m   1182396[0m[34;1m   1367220[0m[34;1m       352[0m
17:57:14   [34;1m   1064648[0m[34;1m   1844432[0m[34;1m    694244[0m[34;1m     18.25[0m[34;1m     86468[0m[34;1m   1847888[0m[34;1m   3599444[0m[31;1m     94.64[0m[34;1m   1182396[0m[34;1m   1366708[0m[34;1m       352[0m
17:57:15   [34;1m   1064648[0m[34;1m   1844432[0m[34;1m    694240[0m[34;1m     18.25[0m[34;1m     86472[0m[34;1m   1847888[0m[34;1m   3599444[0m[31;1m     94.64[0m[34;1m   1182396[0m[34;1m   1366612[0m[34;1m       352[0m
17:57:16   [34;1m   1064648[0m[34;1m   1844440[0m[34;1m    694192[0m[34;1m     18.25[0m[34;1m     86476[0m[34;1m   1847892[0m[34;1m   3604460[0m[31;1m     94.77[0m[34;1m   1182400[0m[34;1m   1368144[0m[34;1m       352[0m
17:57:17   [34;1m   1064648[0m[34;1m   1844444[0m[34;1m    694192[0m[34;1m     18.25[0m[34;1m     86476[0m[34;1m   1847892[0m[34;1m   3604460[0m[31;1m     94.77[0m[34;1m   1182404[0m[34;1m   1368160[0m[34;1m       352[0m
17:57:18   [34;1m   1064648[0m[34;1m   1844448[0m[34;1m    694184[0m[34;1m     18.25[0m[34;1m     86484[0m[34;1m   1847896[0m[34;1m   3604460[0m[31;1m     94.77[0m[34;1m   1182404[0m[34;1m   1368164[0m[34;1m       352[0m
17:57:19   [34;1m   1062380[0m[34;1m   1842188[0m[34;1m    696460[0m[34;1m     18.31[0m[34;1m     86484[0m[34;1m   1847896[0m[34;1m   3599444[0m[31;1m     94.64[0m[34;1m   1182412[0m[34;1m   1366628[0m[34;1m       352[0m
17:57:20   [34;1m   1062380[0m[34;1m   1842188[0m[34;1m    696444[0m[34;1m     18.31[0m[34;1m     86492[0m[34;1m   1847888[0m[34;1m   3603540[0m[31;1m     94.75[0m[34;1m   1182412[0m[34;1m   1367236[0m[34;1m       352[0m
17:57:21   [34;1m   1062380[0m[34;1m   1842200[0m[34;1m    696432[0m[34;1m     18.31[0m[34;1m     86492[0m[34;1m   1847900[0m[34;1m   3603796[0m[31;1m     94.76[0m[34;1m   1182420[0m[34;1m   1366688[0m[34;1m       352[0m
17:57:22   [34;1m   1062380[0m[34;1m   1842200[0m[34;1m    696432[0m[34;1m     18.31[0m[34;1m     86492[0m[34;1m   1847900[0m[34;1m   3603796[0m[31;1m     94.76[0m[34;1m   1182420[0m[34;1m   1366676[0m[34;1m       352[0m
17:57:23   [34;1m   1062380[0m[34;1m   1842200[0m[34;1m    696432[0m[34;1m     18.31[0m[34;1m     86492[0m[34;1m   1847900[0m[34;1m   3603796[0m[31;1m     94.76[0m[34;1m   1182420[0m[34;1m   1366676[0m[34;1m       288[0m
17:57:24   [34;1m   1062380[0m[34;1m   1842212[0m[34;1m    696420[0m[34;1m     18.31[0m[34;1m     86500[0m[34;1m   1847904[0m[34;1m   3603796[0m[31;1m     94.76[0m[34;1m   1182428[0m[34;1m   1366780[0m[34;1m       296[0m
17:57:25   [34;1m   1062380[0m[34;1m   1842212[0m[34;1m    696420[0m[34;1m     18.31[0m[34;1m     86500[0m[34;1m   1847904[0m[34;1m   3603796[0m[31;1m     94.76[0m[34;1m   1182428[0m[34;1m   1366780[0m[34;1m       296[0m
17:57:26   [34;1m   1062380[0m[34;1m   1842212[0m[34;1m    696420[0m[34;1m     18.31[0m[34;1m     86500[0m[34;1m   1847904[0m[34;1m   3603796[0m[31;1m     94.76[0m[34;1m   1182428[0m[34;1m   1366784[0m[34;1m       296[0m
17:57:27   [34;1m   1062380[0m[34;1m   1842212[0m[34;1m    696420[0m[34;1m     18.31[0m[34;1m     86500[0m[34;1m   1847904[0m[34;1m   3603796[0m[31;1m     94.76[0m[34;1m   1182428[0m[34;1m   1366784[0m[34;1m       296[0m
17:57:28   [34;1m   1062380[0m[34;1m   1842216[0m[34;1m    696408[0m[34;1m     18.31[0m[34;1m     86508[0m[34;1m   1847908[0m[34;1m   3603796[0m[31;1m     94.76[0m[34;1m   1182428[0m[34;1m   1366792[0m[34;1m       296[0m
17:57:29   [34;1m   1062140[0m[34;1m   1841984[0m[34;1m    696648[0m[34;1m     18.32[0m[34;1m     86508[0m[34;1m   1847908[0m[34;1m   3603796[0m[31;1m     94.76[0m[34;1m   1182436[0m[34;1m   1366792[0m[34;1m       296[0m
17:57:30   [34;1m   1062140[0m[34;1m   1841988[0m[34;1m    696644[0m[34;1m     18.32[0m[34;1m     86508[0m[34;1m   1847912[0m[34;1m   3603796[0m[31;1m     94.76[0m[34;1m   1182436[0m[34;1m   1367068[0m[34;1m       300[0m
17:57:31   [34;1m   1062140[0m[34;1m   1841988[0m[34;1m    696644[0m[34;1m     18.32[0m[34;1m     86508[0m[34;1m   1847912[0m[34;1m   3603796[0m[31;1m     94.76[0m[34;1m   1182436[0m[34;1m   1367068[0m[34;1m       300[0m
17:57:32   [34;1m   1062140[0m[34;1m   1842012[0m[34;1m    696728[0m[34;1m     18.32[0m[34;1m     86528[0m[34;1m   1847808[0m[34;1m   3603788[0m[31;1m     94.76[0m[34;1m   1182452[0m[34;1m   1366672[0m[34;1m       380[0m
17:57:33   [34;1m   1062140[0m[34;1m   1841904[0m[34;1m    696736[0m[34;1m     18.32[0m[34;1m     86528[0m[34;1m   1847796[0m[34;1m   3603788[0m[31;1m     94.76[0m[34;1m   1182432[0m[34;1m   1366636[0m[34;1m       380[0m
17:57:34   [34;1m   1062140[0m[34;1m   1841904[0m[34;1m    696736[0m[34;1m     18.32[0m[34;1m     86528[0m[34;1m   1847796[0m[34;1m   3603788[0m[31;1m     94.76[0m[34;1m   1182432[0m[34;1m   1366636[0m[34;1m       380[0m
17:57:35   [34;1m   1062140[0m[34;1m   1841904[0m[34;1m    696736[0m[34;1m     18.32[0m[34;1m     86536[0m[34;1m   1847788[0m[34;1m   3603788[0m[31;1m     94.76[0m[34;1m   1182432[0m[34;1m   1366636[0m[34;1m       380[0m
17:57:36   [34;1m   1061888[0m[34;1m   1841680[0m[34;1m    696944[0m[34;1m     18.33[0m[34;1m     86544[0m[34;1m   1847808[0m[34;1m   3608804[0m[31;1m     94.89[0m[34;1m   1182452[0m[34;1m   1367892[0m[34;1m       420[0m
17:57:37   [34;1m   1061888[0m[34;1m   1841680[0m[34;1m    696944[0m[34;1m     18.33[0m[34;1m     86544[0m[34;1m   1847808[0m[34;1m   3608804[0m[31;1m     94.89[0m[34;1m   1182452[0m[34;1m   1367892[0m[34;1m       420[0m
17:57:38   [34;1m   1061888[0m[34;1m   1841680[0m[34;1m    696944[0m[34;1m     18.33[0m[34;1m     86544[0m[34;1m   1847808[0m[34;1m   3608804[0m[31;1m     94.89[0m[34;1m   1182452[0m[34;1m   1368068[0m[34;1m       420[0m
17:57:39   [34;1m   1061888[0m[34;1m   1841680[0m[34;1m    696960[0m[34;1m     18.33[0m[34;1m     86544[0m[34;1m   1847808[0m[34;1m   3603788[0m[31;1m     94.76[0m[34;1m   1182448[0m[34;1m   1366524[0m[34;1m       420[0m
17:57:40   [34;1m   1061888[0m[34;1m   1841688[0m[34;1m    696952[0m[34;1m     18.33[0m[34;1m     86548[0m[34;1m   1847812[0m[34;1m   3603788[0m[31;1m     94.76[0m[34;1m   1182452[0m[34;1m   1366712[0m[34;1m       420[0m
17:57:41   [34;1m   1061888[0m[34;1m   1841688[0m[34;1m    696952[0m[34;1m     18.33[0m[34;1m     86548[0m[34;1m   1847812[0m[34;1m   3603788[0m[31;1m     94.76[0m[34;1m   1182452[0m[34;1m   1366784[0m[34;1m       420[0m
17:57:42   [34;1m   1061888[0m[34;1m   1841688[0m[34;1m    696952[0m[34;1m     18.33[0m[34;1m     86548[0m[34;1m   1847812[0m[34;1m   3603788[0m[31;1m     94.76[0m[34;1m   1182452[0m[34;1m   1366788[0m[34;1m       420[0m
17:57:43   [34;1m   1061888[0m[34;1m   1841688[0m[34;1m    696952[0m[34;1m     18.33[0m[34;1m     86548[0m[34;1m   1847812[0m[34;1m   3603788[0m[31;1m     94.76[0m[34;1m   1182452[0m[34;1m   1366796[0m[34;1m        16[0m
17:57:44   [34;1m   1061888[0m[34;1m   1841688[0m[34;1m    696952[0m[34;1m     18.33[0m[34;1m     86548[0m[34;1m   1847812[0m[34;1m   3604044[0m[31;1m     94.76[0m[34;1m   1182452[0m[34;1m   1366812[0m[34;1m        16[0m
17:57:45   [34;1m   1061888[0m[34;1m   1841688[0m[34;1m    696952[0m[34;1m     18.33[0m[34;1m     86548[0m[34;1m   1847812[0m[34;1m   3604044[0m[31;1m     94.76[0m[34;1m   1182452[0m[34;1m   1366828[0m[34;1m        16[0m
17:57:46   [34;1m   1061888[0m[34;1m   1841692[0m[34;1m    696940[0m[34;1m     18.33[0m[34;1m     86556[0m[34;1m   1847816[0m[34;1m   3604044[0m[31;1m     94.76[0m[34;1m   1182452[0m[34;1m   1366836[0m[34;1m        28[0m
17:57:47   [34;1m   1061888[0m[34;1m   1841700[0m[34;1m    696940[0m[34;1m     18.33[0m[34;1m     86556[0m[34;1m   1847816[0m[34;1m   3604044[0m[31;1m     94.76[0m[34;1m   1182460[0m[34;1m   1366904[0m[34;1m        28[0m
17:57:48   [34;1m   1061888[0m[34;1m   1841700[0m[34;1m    696940[0m[34;1m     18.33[0m[34;1m     86556[0m[34;1m   1847816[0m[34;1m   3604044[0m[31;1m     94.76[0m[34;1m   1182460[0m[34;1m   1367100[0m[34;1m        28[0m
17:57:49   [34;1m   1061888[0m[34;1m   1841704[0m[34;1m    696932[0m[34;1m     18.32[0m[34;1m     86560[0m[34;1m   1847820[0m[34;1m   3604044[0m[31;1m     94.76[0m[34;1m   1182460[0m[34;1m   1367216[0m[34;1m        28[0m
17:57:50   [34;1m   1061636[0m[34;1m   1841456[0m[34;1m    697184[0m[34;1m     18.33[0m[34;1m     86564[0m[34;1m   1847816[0m[34;1m   3604044[0m[31;1m     94.76[0m[34;1m   1182464[0m[34;1m   1367712[0m[34;1m        28[0m
17:57:51   [34;1m   1061384[0m[34;1m   1841212[0m[34;1m    697428[0m[34;1m     18.34[0m[34;1m     86564[0m[34;1m   1847824[0m[34;1m   3604044[0m[31;1m     94.76[0m[34;1m   1182468[0m[34;1m   1367724[0m[34;1m        32[0m
17:57:52   [34;1m   1061384[0m[34;1m   1841216[0m[34;1m    697424[0m[34;1m     18.34[0m[34;1m     86572[0m[34;1m   1847820[0m[34;1m   3604044[0m[31;1m     94.76[0m[34;1m   1182468[0m[34;1m   1367772[0m[34;1m        32[0m
17:57:53   [34;1m   1061384[0m[34;1m   1841228[0m[34;1m    697412[0m[34;1m     18.34[0m[34;1m     86572[0m[34;1m   1847832[0m[34;1m   3604044[0m[31;1m     94.76[0m[34;1m   1182476[0m[34;1m   1367812[0m[34;1m        36[0m
17:57:54   [34;1m   1061384[0m[34;1m   1841228[0m[34;1m    697412[0m[34;1m     18.34[0m[34;1m     86572[0m[34;1m   1847832[0m[34;1m   3604044[0m[31;1m     94.76[0m[34;1m   1182476[0m[34;1m   1367812[0m[34;1m        36[0m
17:57:55   [34;1m   1061384[0m[34;1m   1841228[0m[34;1m    697412[0m[34;1m     18.34[0m[34;1m     86572[0m[34;1m   1847832[0m[34;1m   3604044[0m[31;1m     94.76[0m[34;1m   1182476[0m[34;1m   1367820[0m[34;1m        36[0m
17:57:56   [34;1m   1060628[0m[34;1m   1840480[0m[34;1m    698100[0m[34;1m     18.36[0m[34;1m     86572[0m[34;1m   1847832[0m[34;1m   3609060[0m[31;1m     94.90[0m[34;1m   1182476[0m[34;1m   1369320[0m[34;1m        24[0m
17:57:57   [34;1m   1060628[0m[34;1m   1840480[0m[34;1m    698100[0m[34;1m     18.36[0m[34;1m     86572[0m[34;1m   1847832[0m[34;1m   3609060[0m[31;1m     94.90[0m[34;1m   1182476[0m[34;1m   1369392[0m[34;1m        28[0m
17:57:58   [34;1m   1060628[0m[34;1m   1840480[0m[34;1m    698100[0m[34;1m     18.36[0m[34;1m     86584[0m[34;1m   1847820[0m[34;1m   3609060[0m[31;1m     94.90[0m[34;1m   1182476[0m[34;1m   1369392[0m[34;1m        28[0m
17:57:59   [34;1m   1060628[0m[34;1m   1840496[0m[34;1m    698108[0m[34;1m     18.36[0m[34;1m     86584[0m[34;1m   1847836[0m[34;1m   3604044[0m[31;1m     94.76[0m[34;1m   1182488[0m[34;1m   1367892[0m[34;1m        40[0m
17:58:00   [34;1m   1060404[0m[34;1m   1840272[0m[34;1m    698332[0m[34;1m     18.36[0m[34;1m     86584[0m[34;1m   1847836[0m[34;1m   3604044[0m[31;1m     94.76[0m[34;1m   1182488[0m[34;1m   1367992[0m[34;1m        40[0m
17:58:01   [34;1m   1060404[0m[34;1m   1840272[0m[34;1m    698364[0m[34;1m     18.36[0m[34;1m     86584[0m[34;1m   1847836[0m[34;1m   3604044[0m[31;1m     94.76[0m[34;1m   1182488[0m[34;1m   1368112[0m[34;1m        32[0m
17:58:02   [34;1m   1060404[0m[34;1m   1840272[0m[34;1m    698364[0m[34;1m     18.36[0m[34;1m     86588[0m[34;1m   1847832[0m[34;1m   3604044[0m[31;1m     94.76[0m[34;1m   1182488[0m[34;1m   1367876[0m[34;1m        32[0m
17:58:03   [34;1m   1060404[0m[34;1m   1840280[0m[34;1m    698356[0m[34;1m     18.36[0m[34;1m     86588[0m[34;1m   1847840[0m[34;1m   3604044[0m[31;1m     94.76[0m[34;1m   1182492[0m[34;1m   1367784[0m[34;1m        36[0m
17:58:04   [34;1m   1060404[0m[34;1m   1840280[0m[34;1m    698360[0m[34;1m     18.36[0m[34;1m     86588[0m[34;1m   1847840[0m[34;1m   3604044[0m[31;1m     94.76[0m[34;1m   1182492[0m[34;1m   1367784[0m[34;1m        36[0m
17:58:05   [34;1m   1060404[0m[34;1m   1840284[0m[34;1m    698356[0m[34;1m     18.36[0m[34;1m     86592[0m[34;1m   1847840[0m[34;1m   3604044[0m[31;1m     94.76[0m[34;1m   1182492[0m[34;1m   1368184[0m[34;1m        32[0m
17:58:06   [34;1m   1060404[0m[34;1m   1840288[0m[34;1m    698352[0m[34;1m     18.36[0m[34;1m     86592[0m[34;1m   1847844[0m[34;1m   3604044[0m[31;1m     94.76[0m[34;1m   1182496[0m[34;1m   1368660[0m[34;1m        36[0m
17:58:07   [34;1m   1060404[0m[34;1m   1840292[0m[34;1m    698348[0m[34;1m     18.36[0m[34;1m     86592[0m[34;1m   1847848[0m[34;1m   3604044[0m[31;1m     94.76[0m[34;1m   1182496[0m[34;1m   1368804[0m[34;1m        40[0m
17:58:08   [34;1m   1060404[0m[34;1m   1840292[0m[34;1m    698348[0m[34;1m     18.36[0m[34;1m     86592[0m[34;1m   1847848[0m[34;1m   3604044[0m[31;1m     94.76[0m[34;1m   1182496[0m[34;1m   1369684[0m[34;1m        40[0m
17:58:09   [34;1m   1059648[0m[34;1m   1839540[0m[34;1m    699108[0m[34;1m     18.38[0m[34;1m     86592[0m[34;1m   1847852[0m[34;1m   3604044[0m[31;1m     94.76[0m[34;1m   1182496[0m[34;1m   1370168[0m[34;1m        40[0m
17:58:10   [34;1m   1059648[0m[34;1m   1839540[0m[34;1m    699108[0m[34;1m     18.38[0m[34;1m     86592[0m[34;1m   1847852[0m[34;1m   3604044[0m[31;1m     94.76[0m[34;1m   1182496[0m[34;1m   1370856[0m[34;1m        40[0m
17:58:11   [34;1m   1059648[0m[34;1m   1839540[0m[34;1m    699108[0m[34;1m     18.38[0m[34;1m     86592[0m[34;1m   1847852[0m[34;1m   3604044[0m[31;1m     94.76[0m[34;1m   1182496[0m[34;1m   1370932[0m[34;1m        32[0m
17:58:12   [34;1m   1059648[0m[34;1m   1839540[0m[34;1m    699108[0m[34;1m     18.38[0m[34;1m     86592[0m[34;1m   1847852[0m[34;1m   3604044[0m[31;1m     94.76[0m[34;1m   1182496[0m[34;1m   1370996[0m[34;1m        32[0m
17:58:13   [34;1m   1059648[0m[34;1m   1839540[0m[34;1m    699108[0m[34;1m     18.38[0m[34;1m     86592[0m[34;1m   1847852[0m[34;1m   3604044[0m[31;1m     94.76[0m[34;1m   1182496[0m[34;1m   1371204[0m[34;1m        36[0m
17:58:14   [34;1m   1056876[0m[34;1m   1836768[0m[34;1m    701880[0m[34;1m     18.45[0m[34;1m     86604[0m[34;1m   1847840[0m[34;1m   3604044[0m[31;1m     94.76[0m[34;1m   1182496[0m[34;1m   1371340[0m[34;1m        36[0m
17:58:15   [34;1m   1056876[0m[34;1m   1836776[0m[34;1m    701860[0m[34;1m     18.45[0m[34;1m     86604[0m[34;1m   1847860[0m[34;1m   3604044[0m[31;1m     94.76[0m[34;1m   1182496[0m[34;1m   1371420[0m[34;1m        40[0m
17:58:16   [34;1m   1056876[0m[34;1m   1836776[0m[34;1m    701840[0m[34;1m     18.45[0m[34;1m     86604[0m[34;1m   1847860[0m[34;1m   3609060[0m[31;1m     94.90[0m[34;1m   1182496[0m[34;1m   1373088[0m[34;1m        40[0m
17:58:17   [34;1m   1056876[0m[34;1m   1836788[0m[34;1m    701840[0m[34;1m     18.45[0m[34;1m     86604[0m[34;1m   1847860[0m[34;1m   3609060[0m[31;1m     94.90[0m[34;1m   1182508[0m[34;1m   1373232[0m[34;1m        32[0m
17:58:18   [34;1m   1056876[0m[34;1m   1836788[0m[34;1m    701840[0m[34;1m     18.45[0m[34;1m     86608[0m[34;1m   1847856[0m[34;1m   3609060[0m[31;1m     94.90[0m[34;1m   1182508[0m[34;1m   1373236[0m[34;22m         0[0m
17:58:19   [34;1m   1055112[0m[34;1m   1835032[0m[34;1m    703612[0m[34;1m     18.50[0m[34;1m     86608[0m[34;1m   1847864[0m[34;1m   3604044[0m[31;1m     94.76[0m[34;1m   1182512[0m[34;1m   1371760[0m[34;1m        28[0m
17:58:20   [34;1m   1055112[0m[34;1m   1835032[0m[34;1m    703612[0m[34;1m     18.50[0m[34;1m     86608[0m[34;1m   1847864[0m[34;1m   3604044[0m[31;1m     94.76[0m[34;1m   1182512[0m[34;1m   1372068[0m[34;1m        28[0m
17:58:21   [34;1m   1055112[0m[34;1m   1835036[0m[34;1m    703608[0m[34;1m     18.50[0m[34;1m     86608[0m[34;1m   1847868[0m[34;1m   3604044[0m[31;1m     94.76[0m[34;1m   1182512[0m[34;1m   1371684[0m[34;1m        36[0m
17:58:22   [34;1m   1055112[0m[34;1m   1835036[0m[34;1m    703608[0m[34;1m     18.50[0m[34;1m     86612[0m[34;1m   1847864[0m[34;1m   3604044[0m[31;1m     94.76[0m[34;1m   1182512[0m[34;1m   1371716[0m[34;1m        36[0m
17:58:23   [34;1m   1055112[0m[34;1m   1835040[0m[34;1m    703600[0m[34;1m     18.50[0m[34;1m     86612[0m[34;1m   1847872[0m[34;1m   3604044[0m[31;1m     94.76[0m[34;1m   1182512[0m[34;1m   1371720[0m[34;1m        36[0m
17:58:24   [34;1m   1055112[0m[34;1m   1835044[0m[34;1m    703604[0m[34;1m     18.50[0m[34;1m     86612[0m[34;1m   1847872[0m[34;1m   3604044[0m[31;1m     94.76[0m[34;1m   1182516[0m[34;1m   1371724[0m[34;1m        28[0m
17:58:25   [34;1m   1055112[0m[34;1m   1835044[0m[34;1m    703604[0m[34;1m     18.50[0m[34;1m     86612[0m[34;1m   1847872[0m[34;1m   3604044[0m[31;1m     94.76[0m[34;1m   1182516[0m[34;1m   1371740[0m[34;1m        32[0m
17:58:26   [34;1m   1055112[0m[34;1m   1835044[0m[34;1m    703604[0m[34;1m     18.50[0m[34;1m     86612[0m[34;1m   1847872[0m[34;1m   3604044[0m[31;1m     94.76[0m[34;1m   1182516[0m[34;1m   1371740[0m[34;1m        32[0m
17:58:27   [34;1m   1055112[0m[34;1m   1835044[0m[34;1m    703604[0m[34;1m     18.50[0m[34;1m     86612[0m[34;1m   1847872[0m[34;1m   3604044[0m[31;1m     94.76[0m[34;1m   1182516[0m[34;1m   1371760[0m[34;1m        32[0m
17:58:28   [34;1m   1055112[0m[34;1m   1835044[0m[34;1m    703600[0m[34;1m     18.50[0m[34;1m     86620[0m[34;1m   1847864[0m[34;1m   3604044[0m[31;1m     94.76[0m[34;1m   1182516[0m[34;1m   1371760[0m[34;1m        32[0m
17:58:29   [34;1m   1053600[0m[34;1m   1833544[0m[34;1m    705100[0m[34;1m     18.54[0m[34;1m     86620[0m[34;1m   1847876[0m[34;1m   3604044[0m[31;1m     94.76[0m[34;1m   1182524[0m[34;1m   1371780[0m[34;1m        32[0m
17:58:30   [34;1m   1053600[0m[34;1m   1833544[0m[34;1m    705100[0m[34;1m     18.54[0m[34;1m     86624[0m[34;1m   1847872[0m[34;1m   3604044[0m[31;1m     94.76[0m[34;1m   1182524[0m[34;1m   1371880[0m[34;1m        28[0m
17:58:31   [34;1m   1053352[0m[34;1m   1833304[0m[34;1m    705344[0m[34;1m     18.55[0m[34;1m     86624[0m[34;1m   1847880[0m[34;1m   3604044[0m[31;1m     94.76[0m[34;1m   1182528[0m[34;1m   1372084[0m[34;1m        32[0m
17:58:32   [34;1m   1053352[0m[34;1m   1833304[0m[34;1m    705344[0m[34;1m     18.55[0m[34;1m     86624[0m[34;1m   1847880[0m[34;1m   3604044[0m[31;1m     94.76[0m[34;1m   1182528[0m[34;1m   1371860[0m[34;1m        32[0m
17:58:33   [34;1m   1053352[0m[34;1m   1833304[0m[34;1m    705344[0m[34;1m     18.55[0m[34;1m     86624[0m[34;1m   1847880[0m[34;1m   3604044[0m[31;1m     94.76[0m[34;1m   1182528[0m[34;1m   1371688[0m[34;1m        32[0m
17:58:34   [34;1m   1052344[0m[34;1m   1832296[0m[34;1m    706352[0m[34;1m     18.57[0m[34;1m     86624[0m[34;1m   1847880[0m[34;1m   3604044[0m[31;1m     94.76[0m[34;1m   1182528[0m[34;1m   1371688[0m[34;1m        32[0m
17:58:35   [34;1m   1052344[0m[34;1m   1832296[0m[34;1m    706336[0m[34;1m     18.57[0m[34;1m     86632[0m[34;1m   1847888[0m[34;1m   3604044[0m[31;1m     94.76[0m[34;1m   1182528[0m[34;1m   1371696[0m[34;1m        48[0m
17:58:36   [34;1m   1052092[0m[34;1m   1832064[0m[34;1m    706584[0m[34;1m     18.58[0m[34;1m     86636[0m[34;1m   1847888[0m[34;1m   3604044[0m[31;1m     94.76[0m[34;1m   1182536[0m[34;1m   1371520[0m[34;1m        40[0m
17:58:37   [34;1m   1052092[0m[34;1m   1832072[0m[34;1m    706576[0m[34;1m     18.58[0m[34;1m     86636[0m[34;1m   1847896[0m[34;1m   3604044[0m[31;1m     94.76[0m[34;1m   1182540[0m[34;1m   1371444[0m[34;1m        44[0m
17:58:38   [34;1m   1052092[0m[34;1m   1832072[0m[34;1m    706576[0m[34;1m     18.58[0m[34;1m     86636[0m[34;1m   1847896[0m[34;1m   3604044[0m[31;1m     94.76[0m[34;1m   1182540[0m[34;1m   1371444[0m[34;1m        44[0m
17:58:39   [34;1m   1050580[0m[34;1m   1830560[0m[34;1m    708088[0m[34;1m     18.62[0m[34;1m     86640[0m[34;1m   1847896[0m[34;1m   3604044[0m[31;1m     94.76[0m[34;1m   1182540[0m[34;1m   1371476[0m[34;1m        44[0m
17:58:40   [34;1m   1050580[0m[34;1m   1830564[0m[34;1m    708084[0m[34;1m     18.62[0m[34;1m     86640[0m[34;1m   1847900[0m[34;1m   3604044[0m[31;1m     94.76[0m[34;1m   1182540[0m[34;1m   1371680[0m[34;1m        44[0m
17:58:41   [34;1m   1050580[0m[34;1m   1830568[0m[34;1m    708084[0m[34;1m     18.62[0m[34;1m     86640[0m[34;1m   1847900[0m[34;1m   3604044[0m[31;1m     94.76[0m[34;1m   1182544[0m[34;1m   1371704[0m[34;1m        32[0m
17:58:42   [34;1m   1050580[0m[34;1m   1830568[0m[34;1m    708084[0m[34;1m     18.62[0m[34;1m     86640[0m[34;1m   1847900[0m[34;1m   3604044[0m[31;1m     94.76[0m[34;1m   1182544[0m[34;1m   1371704[0m[34;1m        32[0m
17:58:43   [34;1m   1050580[0m[34;1m   1830568[0m[34;1m    708084[0m[34;1m     18.62[0m[34;1m     86640[0m[34;1m   1847900[0m[34;1m   3604044[0m[31;1m     94.76[0m[34;1m   1182544[0m[34;1m   1371708[0m[34;1m        36[0m
17:58:44   [34;1m   1049824[0m[34;1m   1829812[0m[34;1m    708840[0m[34;1m     18.64[0m[34;1m     86644[0m[34;1m   1847896[0m[34;1m   3604044[0m[31;1m     94.76[0m[34;1m   1182544[0m[34;1m   1371724[0m[34;1m        36[0m
17:58:45   [34;1m   1049824[0m[34;1m   1829820[0m[34;1m    708832[0m[34;1m     18.64[0m[34;1m     86644[0m[34;1m   1847904[0m[34;1m   3604044[0m[31;1m     94.76[0m[34;1m   1182548[0m[34;1m   1371736[0m[34;1m        40[0m
17:58:46   [34;1m   1049824[0m[34;1m   1829820[0m[34;1m    708832[0m[34;1m     18.64[0m[34;1m     86644[0m[34;1m   1847904[0m[34;1m   3604044[0m[31;1m     94.76[0m[34;1m   1182548[0m[34;1m   1371736[0m[34;1m        40[0m
17:58:47   [34;1m   1049824[0m[34;1m   1829820[0m[34;1m    708832[0m[34;1m     18.64[0m[34;1m     86644[0m[34;1m   1847904[0m[34;1m   3604044[0m[31;1m     94.76[0m[34;1m   1182548[0m[34;1m   1371568[0m[34;1m        40[0m
17:58:48   [34;1m   1049824[0m[34;1m   1829820[0m[34;1m    708832[0m[34;1m     18.64[0m[34;1m     86644[0m[34;1m   1847904[0m[34;1m   3604044[0m[31;1m     94.76[0m[34;1m   1182548[0m[34;1m   1371568[0m[34;1m        36[0m
17:58:49   [34;1m   1048312[0m[34;1m   1828316[0m[34;1m    710356[0m[34;1m     18.68[0m[34;1m     86648[0m[34;1m   1847908[0m[34;1m   3604044[0m[31;1m     94.76[0m[34;1m   1182552[0m[34;1m   1371580[0m[34;1m         4[0m
17:58:50   [34;1m   1048088[0m[34;1m   1828092[0m[34;1m    710580[0m[34;1m     18.68[0m[34;1m     86656[0m[34;1m   1847900[0m[34;1m   3604044[0m[31;1m     94.76[0m[34;1m   1182552[0m[34;1m   1371880[0m[34;1m         4[0m
17:58:51   [34;1m   1047584[0m[34;1m   1827600[0m[34;1m    711072[0m[34;1m     18.70[0m[34;1m     86656[0m[34;1m   1847912[0m[34;1m   3604364[0m[31;1m     94.77[0m[34;1m   1182560[0m[34;1m   1372360[0m[34;1m        24[0m
17:58:52   [34;1m   1047332[0m[34;1m   1827348[0m[34;1m    711324[0m[34;1m     18.70[0m[34;1m     86660[0m[34;1m   1847908[0m[34;1m   3604364[0m[31;1m     94.77[0m[34;1m   1182560[0m[34;1m   1372464[0m[34;1m        24[0m
17:58:53   [34;1m   1047332[0m[34;1m   1827352[0m[34;1m    711316[0m[34;1m     18.70[0m[34;1m     86660[0m[34;1m   1847916[0m[34;1m   3604364[0m[31;1m     94.77[0m[34;1m   1182560[0m[34;1m   1372572[0m[34;1m        24[0m
17:58:54   [34;1m   1047080[0m[34;1m   1827104[0m[34;1m    711568[0m[34;1m     18.71[0m[34;1m     86660[0m[34;1m   1847916[0m[34;1m   3604364[0m[31;1m     94.77[0m[34;1m   1182564[0m[34;1m   1372576[0m[34;1m        16[0m
17:58:55   [34;1m   1047080[0m[34;1m   1827104[0m[34;1m    711568[0m[34;1m     18.71[0m[34;1m     86660[0m[34;1m   1847916[0m[34;1m   3604364[0m[31;1m     94.77[0m[34;1m   1182564[0m[34;1m   1372576[0m[34;1m        20[0m
17:58:56   [34;1m   1047080[0m[34;1m   1827104[0m[34;1m    711544[0m[34;1m     18.71[0m[34;1m     86664[0m[34;1m   1847912[0m[34;1m   3609700[0m[31;1m     94.91[0m[34;1m   1182564[0m[34;1m   1374028[0m[34;1m        20[0m
17:58:57   [34;1m   1047080[0m[34;1m   1827112[0m[34;1m    711532[0m[34;1m     18.71[0m[34;1m     86664[0m[34;1m   1847924[0m[34;1m   3609700[0m[31;1m     94.91[0m[34;1m   1182564[0m[34;1m   1374116[0m[34;1m        24[0m
17:58:58   [34;1m   1047080[0m[34;1m   1827112[0m[34;1m    711532[0m[34;1m     18.71[0m[34;1m     86664[0m[34;1m   1847924[0m[34;1m   3609700[0m[31;1m     94.91[0m[34;1m   1182564[0m[34;1m   1374116[0m[34;1m        24[0m
17:58:59   [34;1m   1046072[0m[34;1m   1826108[0m[34;1m    712540[0m[34;1m     18.74[0m[34;1m     86664[0m[34;1m   1847924[0m[34;1m   3604684[0m[31;1m     94.78[0m[34;1m   1182568[0m[34;1m   1372568[0m[34;1m        24[0m
17:59:00   [34;1m   1046072[0m[34;1m   1826108[0m[34;1m    712540[0m[34;1m     18.74[0m[34;1m     86672[0m[34;1m   1847916[0m[34;1m   3604684[0m[31;1m     94.78[0m[34;1m   1182568[0m[34;1m   1372568[0m[34;1m        16[0m
17:59:01   [34;1m   1045820[0m[34;1m   1825868[0m[34;1m    712780[0m[34;1m     18.74[0m[34;1m     86672[0m[34;1m   1847928[0m[34;1m   3604684[0m[31;1m     94.78[0m[34;1m   1182576[0m[34;1m   1371896[0m[34;1m        32[0m
17:59:02   [34;1m   1045820[0m[34;1m   1825868[0m[34;1m    712780[0m[34;1m     18.74[0m[34;1m     86672[0m[34;1m   1847928[0m[34;1m   3604684[0m[31;1m     94.78[0m[34;1m   1182576[0m[34;1m   1371632[0m[34;1m        32[0m
17:59:03   [34;1m   1045820[0m[34;1m   1825868[0m[34;1m    712780[0m[34;1m     18.74[0m[34;1m     86672[0m[34;1m   1847928[0m[34;1m   3604684[0m[31;1m     94.78[0m[34;1m   1182576[0m[34;1m   1371572[0m[34;1m        32[0m
17:59:04   [34;1m   1043552[0m[34;1m   1823600[0m[34;1m    715068[0m[34;1m     18.80[0m[34;1m     86672[0m[34;1m   1847928[0m[34;1m   3604684[0m[31;1m     94.78[0m[34;1m   1182576[0m[34;1m   1371580[0m[34;1m        32[0m
17:59:05   [34;1m   1043552[0m[34;1m   1823600[0m[34;1m    715068[0m[34;1m     18.80[0m[34;1m     86676[0m[34;1m   1847924[0m[34;1m   3604684[0m[31;1m     94.78[0m[34;1m   1182576[0m[34;1m   1371580[0m[34;1m        32[0m
17:59:06   [34;1m   1043300[0m[34;1m   1823368[0m[34;1m    715300[0m[34;1m     18.81[0m[34;1m     86684[0m[34;1m   1847936[0m[34;1m   3604684[0m[31;1m     94.78[0m[34;1m   1182588[0m[34;1m   1371408[0m[34;1m        28[0m
17:59:07   [34;1m   1043300[0m[34;1m   1823368[0m[34;1m    715300[0m[34;1m     18.81[0m[34;1m     86684[0m[34;1m   1847936[0m[34;1m   3604684[0m[31;1m     94.78[0m[34;1m   1182588[0m[34;1m   1371344[0m[34;1m        32[0m
17:59:08   [34;1m   1043300[0m[34;1m   1823368[0m[34;1m    715300[0m[34;1m     18.81[0m[34;1m     86684[0m[34;1m   1847936[0m[34;1m   3604684[0m[31;1m     94.78[0m[34;1m   1182588[0m[34;1m   1371344[0m[34;1m        32[0m
17:59:09   [34;1m   1041032[0m[34;1m   1821104[0m[34;1m    717564[0m[34;1m     18.87[0m[34;1m     86688[0m[34;1m   1847936[0m[34;1m   3604684[0m[31;1m     94.78[0m[34;1m   1182592[0m[34;1m   1371380[0m[34;1m        32[0m
17:59:10   [34;1m   1041032[0m[34;1m   1821108[0m[34;1m    717560[0m[34;1m     18.87[0m[34;1m     86688[0m[34;1m   1847940[0m[34;1m   3604684[0m[31;1m     94.78[0m[34;1m   1182592[0m[34;1m   1371384[0m[34;1m        32[0m
17:59:11   [34;1m   1040780[0m[34;1m   1820856[0m[34;1m    717812[0m[34;1m     18.87[0m[34;1m     86688[0m[34;1m   1847940[0m[34;1m   3604684[0m[31;1m     94.78[0m[34;1m   1182592[0m[34;1m   1371560[0m[34;1m        32[0m
17:59:12   [34;1m   1040780[0m[34;1m   1820856[0m[34;1m    717812[0m[34;1m     18.87[0m[34;1m     86688[0m[34;1m   1847940[0m[34;1m   3604684[0m[31;1m     94.78[0m[34;1m   1182592[0m[34;1m   1371720[0m[34;1m        28[0m
17:59:13   [34;1m   1040780[0m[34;1m   1820856[0m[34;1m    717812[0m[34;1m     18.87[0m[34;1m     86688[0m[34;1m   1847940[0m[34;1m   3604684[0m[31;1m     94.78[0m[34;1m   1182592[0m[34;1m   1371820[0m[34;1m        32[0m
17:59:14   [34;1m   1040780[0m[34;1m   1820856[0m[34;1m    717812[0m[34;1m     18.87[0m[34;1m     86688[0m[34;1m   1847940[0m[34;1m   3604684[0m[31;1m     94.78[0m[34;1m   1182592[0m[34;1m   1371828[0m[34;1m        32[0m
17:59:15   [34;1m   1040780[0m[34;1m   1820860[0m[34;1m    717808[0m[34;1m     18.87[0m[34;1m     86688[0m[34;1m   1847944[0m[34;1m   3604684[0m[31;1m     94.78[0m[34;1m   1182592[0m[34;1m   1371856[0m[34;1m        32[0m
17:59:16   [34;1m   1039772[0m[34;1m   1819852[0m[34;1m    718784[0m[34;1m     18.90[0m[34;1m     86688[0m[34;1m   1847944[0m[34;1m   3609700[0m[31;1m     94.91[0m[34;1m   1182596[0m[34;1m   1372448[0m[34;1m        32[0m
17:59:17   [34;1m   1039772[0m[34;1m   1819852[0m[34;1m    718784[0m[34;1m     18.90[0m[34;1m     86688[0m[34;1m   1847944[0m[34;1m   3609700[0m[31;1m     94.91[0m[34;1m   1182596[0m[34;1m   1372472[0m[34;1m        32[0m
17:59:18   [34;1m   1039772[0m[34;1m   1819852[0m[34;1m    718784[0m[34;1m     18.90[0m[34;1m     86688[0m[34;1m   1847944[0m[34;1m   3609700[0m[31;1m     94.91[0m[34;1m   1182596[0m[34;1m   1372472[0m[34;1m        28[0m
17:59:19   [34;1m   1037756[0m[34;1m   1817848[0m[34;1m    720792[0m[34;1m     18.95[0m[34;1m     86692[0m[34;1m   1847952[0m[34;1m   3604684[0m[31;1m     94.78[0m[34;1m   1182596[0m[34;1m   1370948[0m[34;1m        36[0m
17:59:20   [34;1m   1037756[0m[34;1m   1817848[0m[34;1m    720792[0m[34;1m     18.95[0m[34;1m     86692[0m[34;1m   1847952[0m[34;1m   3604684[0m[31;1m     94.78[0m[34;1m   1182596[0m[34;1m   1370948[0m[34;1m        36[0m
17:59:21   [34;1m   1038012[0m[34;1m   1818128[0m[34;1m    720512[0m[34;1m     18.94[0m[34;1m     86704[0m[34;1m   1847964[0m[34;1m   3604684[0m[31;1m     94.78[0m[34;1m   1182608[0m[34;1m   1371088[0m[34;1m        16[0m
17:59:22   [34;1m   1038012[0m[34;1m   1818128[0m[34;1m    720512[0m[34;1m     18.94[0m[34;1m     86704[0m[34;1m   1847964[0m[34;1m   3604684[0m[31;1m     94.78[0m[34;1m   1182608[0m[34;1m   1371064[0m[34;1m        16[0m
17:59:23   [34;1m   1038012[0m[34;1m   1818128[0m[34;1m    720512[0m[34;1m     18.94[0m[34;1m     86704[0m[34;1m   1847964[0m[34;1m   3604684[0m[31;1m     94.78[0m[34;1m   1182608[0m[34;1m   1371096[0m[34;1m        16[0m
17:59:24   [34;1m   1038716[0m[34;1m   1818832[0m[34;1m    719808[0m[34;1m     18.93[0m[34;1m     86704[0m[34;1m   1847964[0m[34;1m   3604684[0m[31;1m     94.78[0m[34;1m   1182608[0m[34;1m   1371100[0m[34;1m        16[0m
17:59:25   [34;1m   1038768[0m[34;1m   1818884[0m[34;1m    719756[0m[34;1m     18.92[0m[34;1m     86704[0m[34;1m   1847964[0m[34;1m   3604684[0m[31;1m     94.78[0m[34;1m   1182608[0m[34;1m   1371148[0m[34;1m         4[0m
17:59:26   [34;1m   1038768[0m[34;1m   1818884[0m[34;1m    719756[0m[34;1m     18.92[0m[34;1m     86708[0m[34;1m   1847960[0m[34;1m   3604684[0m[31;1m     94.78[0m[34;1m   1182608[0m[34;1m   1371148[0m[34;1m         4[0m
17:59:27   [34;1m   1038768[0m[34;1m   1818900[0m[34;1m    719740[0m[34;1m     18.92[0m[34;1m     86716[0m[34;1m   1847968[0m[34;1m   3604684[0m[31;1m     94.78[0m[34;1m   1182620[0m[34;1m   1371252[0m[34;1m        36[0m
17:59:28   [34;1m   1038768[0m[34;1m   1818900[0m[34;1m    719740[0m[34;1m     18.92[0m[34;1m     86716[0m[34;1m   1847968[0m[34;1m   3604684[0m[31;1m     94.78[0m[34;1m   1182620[0m[34;1m   1371252[0m[34;1m        36[0m
17:59:29   [34;1m   1073256[0m[34;1m   1853388[0m[34;1m    685268[0m[34;1m     18.02[0m[34;1m     86716[0m[34;1m   1847968[0m[34;1m   3604684[0m[31;1m     94.78[0m[34;1m   1182620[0m[34;1m   1370800[0m[34;1m        36[0m
17:59:30   [34;1m   1073032[0m[34;1m   1853164[0m[34;1m    685492[0m[34;1m     18.02[0m[34;1m     86716[0m[34;1m   1847968[0m[34;1m   3604684[0m[31;1m     94.78[0m[34;1m   1182660[0m[34;1m   1370780[0m[34;1m        32[0m
17:59:31   [34;1m   1073032[0m[34;1m   1853172[0m[34;1m    685484[0m[34;1m     18.02[0m[34;1m     86720[0m[34;1m   1847972[0m[34;1m   3604684[0m[31;1m     94.78[0m[34;1m   1182664[0m[34;1m   1371088[0m[34;1m        36[0m
17:59:32   [34;1m   1073032[0m[34;1m   1853172[0m[34;1m    685484[0m[34;1m     18.02[0m[34;1m     86720[0m[34;1m   1847972[0m[34;1m   3604684[0m[31;1m     94.78[0m[34;1m   1182664[0m[34;1m   1370752[0m[34;1m        36[0m
17:59:33   [34;1m   1071520[0m[34;1m   1851660[0m[34;1m    687004[0m[34;1m     18.06[0m[34;1m     86720[0m[34;1m   1847972[0m[34;1m   3604684[0m[31;1m     94.78[0m[34;1m   1182664[0m[34;1m   1370636[0m[34;1m        36[0m
17:59:34   [34;1m   1070260[0m[34;1m   1850400[0m[34;1m    688264[0m[34;1m     18.10[0m[34;1m     86720[0m[34;1m   1847972[0m[34;1m   3604684[0m[31;1m     94.78[0m[34;1m   1182664[0m[34;1m   1370648[0m[34;1m        40[0m
17:59:35   [34;1m   1070260[0m[34;1m   1850404[0m[34;1m    688260[0m[34;1m     18.10[0m[34;1m     86724[0m[34;1m   1847972[0m[34;1m   3604684[0m[31;1m     94.78[0m[34;1m   1182668[0m[34;1m   1370656[0m[34;1m        52[0m
17:59:36   [34;1m   1070260[0m[34;1m   1850416[0m[34;1m    688216[0m[34;1m     18.10[0m[34;1m     86728[0m[34;1m   1847980[0m[34;1m   3609700[0m[31;1m     94.91[0m[34;1m   1182672[0m[34;1m   1372028[0m[34;1m        40[0m
17:59:37   [34;1m   1070260[0m[34;1m   1850416[0m[34;1m    688216[0m[34;1m     18.10[0m[34;1m     86728[0m[34;1m   1847980[0m[34;1m   3609700[0m[31;1m     94.91[0m[34;1m   1182672[0m[34;1m   1372140[0m[34;1m        44[0m
17:59:38   [34;1m   1070260[0m[34;1m   1850416[0m[34;1m    688216[0m[34;1m     18.10[0m[34;1m     86728[0m[34;1m   1847980[0m[34;1m   3609700[0m[31;1m     94.91[0m[34;1m   1182672[0m[34;1m   1372280[0m[34;1m        44[0m
17:59:39   [34;1m   1069756[0m[34;1m   1849916[0m[34;1m    688712[0m[34;1m     18.11[0m[34;1m     86728[0m[34;1m   1847984[0m[34;1m   3609700[0m[31;1m     94.91[0m[34;1m   1182672[0m[34;1m   1372080[0m[34;1m        48[0m
17:59:40   [34;1m   1069756[0m[34;1m   1849920[0m[34;1m    688720[0m[34;1m     18.11[0m[34;1m     86732[0m[34;1m   1847988[0m[34;1m   3604684[0m[31;1m     94.78[0m[34;1m   1182668[0m[34;1m   1370484[0m[34;1m        48[0m
17:59:41   [34;1m   1069532[0m[34;1m   1849700[0m[34;1m    688940[0m[34;1m     18.11[0m[34;1m     86732[0m[34;1m   1847988[0m[34;1m   3604684[0m[31;1m     94.78[0m[34;1m   1182672[0m[34;1m   1370668[0m[34;1m        48[0m
17:59:42   [34;1m   1069532[0m[34;1m   1849700[0m[34;1m    688940[0m[34;1m     18.11[0m[34;1m     86732[0m[34;1m   1847988[0m[34;1m   3604684[0m[31;1m     94.78[0m[34;1m   1182672[0m[34;1m   1370668[0m[34;1m        40[0m
17:59:43   [34;1m   1069532[0m[34;1m   1849712[0m[34;1m    688928[0m[34;1m     18.11[0m[34;1m     86740[0m[34;1m   1847992[0m[34;1m   3604684[0m[31;1m     94.78[0m[34;1m   1182680[0m[34;1m   1370712[0m[34;1m        44[0m
17:59:44   [34;1m   1069532[0m[34;1m   1849712[0m[34;1m    688936[0m[34;1m     18.11[0m[34;1m     86740[0m[34;1m   1847992[0m[34;1m   3604684[0m[31;1m     94.78[0m[34;1m   1182680[0m[34;1m   1370716[0m[34;1m        44[0m
17:59:45   [34;1m   1069284[0m[34;1m   1849464[0m[34;1m    689184[0m[34;1m     18.12[0m[34;1m     86740[0m[34;1m   1847992[0m[34;1m   3604684[0m[31;1m     94.78[0m[34;1m   1182680[0m[34;1m   1370732[0m[34;1m        44[0m
17:59:46   [34;1m   1069284[0m[34;1m   1849464[0m[34;1m    689184[0m[34;1m     18.12[0m[34;1m     86740[0m[34;1m   1847992[0m[34;1m   3604684[0m[31;1m     94.78[0m[34;1m   1182680[0m[34;1m   1370732[0m[34;1m        44[0m
17:59:47   [34;1m   1069284[0m[34;1m   1849464[0m[34;1m    689184[0m[34;1m     18.12[0m[34;1m     86740[0m[34;1m   1847992[0m[34;1m   3604684[0m[31;1m     94.78[0m[34;1m   1182680[0m[34;1m   1370752[0m[34;1m        44[0m
17:59:48   [34;1m   1069284[0m[34;1m   1849464[0m[34;1m    689184[0m[34;1m     18.12[0m[34;1m     86748[0m[34;1m   1847984[0m[34;1m   3604684[0m[31;1m     94.78[0m[34;1m   1182680[0m[34;1m   1370752[0m[34;1m        44[0m
17:59:49   [34;1m   1069284[0m[34;1m   1849480[0m[34;1m    689168[0m[34;1m     18.12[0m[34;1m     86752[0m[34;1m   1847996[0m[34;1m   3604684[0m[31;1m     94.78[0m[34;1m   1182692[0m[34;1m   1370772[0m[34;1m        44[0m
17:59:50   [34;1m   1069284[0m[34;1m   1849480[0m[34;1m    689168[0m[34;1m     18.12[0m[34;1m     86752[0m[34;1m   1847996[0m[34;1m   3604684[0m[31;1m     94.78[0m[34;1m   1182692[0m[34;1m   1370772[0m[34;1m        44[0m
17:59:51   [34;1m   1069032[0m[34;1m   1849240[0m[34;1m    689408[0m[34;1m     18.13[0m[34;1m     86760[0m[34;1m   1848004[0m[34;1m   3604684[0m[31;1m     94.78[0m[34;1m   1182696[0m[34;1m   1371052[0m[34;1m        48[0m
17:59:52   [34;1m   1069032[0m[34;1m   1849244[0m[34;1m    689408[0m[34;1m     18.13[0m[34;1m     86760[0m[34;1m   1848004[0m[34;1m   3604684[0m[31;1m     94.78[0m[34;1m   1182700[0m[34;1m   1370988[0m[34;1m        48[0m
17:59:53   [34;1m   1069032[0m[34;1m   1849244[0m[34;1m    689408[0m[34;1m     18.13[0m[34;1m     86760[0m[34;1m   1848004[0m[34;1m   3604684[0m[31;1m     94.78[0m[34;1m   1182700[0m[34;1m   1370988[0m[34;1m        48[0m
17:59:54   [34;1m   1068276[0m[34;1m   1848488[0m[34;1m    690164[0m[34;1m     18.15[0m[34;1m     86760[0m[34;1m   1848004[0m[34;1m   3604684[0m[31;1m     94.78[0m[34;1m   1182700[0m[34;1m   1371992[0m[34;1m        40[0m
17:59:55   [34;1m   1068276[0m[34;1m   1848488[0m[34;1m    690164[0m[34;1m     18.15[0m[34;1m     86760[0m[34;1m   1848004[0m[34;1m   3604684[0m[31;1m     94.78[0m[34;1m   1182700[0m[34;1m   1372020[0m[34;1m        44[0m
17:59:56   [34;1m   1067520[0m[34;1m   1847732[0m[34;1m    690900[0m[34;1m     18.17[0m[34;1m     86764[0m[34;1m   1848000[0m[34;1m   3609700[0m[31;1m     94.91[0m[34;1m   1182700[0m[34;1m   1373584[0m[34;1m        44[0m
17:59:57   [34;1m   1067520[0m[34;1m   1847740[0m[34;1m    690884[0m[34;1m     18.17[0m[34;1m     86772[0m[34;1m   1848008[0m[34;1m   3609700[0m[31;1m     94.91[0m[34;1m   1182704[0m[34;1m   1373596[0m[34;1m        16[0m
17:59:58   [34;1m   1067520[0m[34;1m   1847748[0m[34;1m    690884[0m[34;1m     18.17[0m[34;1m     86772[0m[34;1m   1848008[0m[34;1m   3609700[0m[31;1m     94.91[0m[34;1m   1182712[0m[34;1m   1373596[0m[34;1m        16[0m
17:59:59   [34;1m   1066512[0m[34;1m   1846740[0m[34;1m    691884[0m[34;1m     18.19[0m[34;1m     86772[0m[34;1m   1848008[0m[34;1m   3609700[0m[31;1m     94.91[0m[34;1m   1182712[0m[34;1m   1373612[0m[34;1m        16[0m
18:00:00   [34;1m   1066512[0m[34;1m   1846740[0m[34;1m    691892[0m[34;1m     18.19[0m[34;1m     86772[0m[34;1m   1848008[0m[34;1m   3604684[0m[31;1m     94.78[0m[34;1m   1182712[0m[34;1m   1372040[0m[34;1m        12[0m
18:00:01   [34;1m   1066512[0m[34;1m   1846748[0m[34;1m    691880[0m[34;1m     18.19[0m[34;1m     86776[0m[34;1m   1848016[0m[34;1m   3604684[0m[31;1m     94.78[0m[34;1m   1182712[0m[34;1m   1372424[0m[34;1m        20[0m
18:00:02   [34;1m   1066512[0m[34;1m   1846752[0m[34;1m    691880[0m[34;1m     18.19[0m[34;1m     86776[0m[34;1m   1848016[0m[34;1m   3604684[0m[31;1m     94.78[0m[34;1m   1182716[0m[34;1m   1372124[0m[34;1m        20[0m
18:00:03   [34;1m   1066512[0m[34;1m   1846752[0m[34;1m    691880[0m[34;1m     18.19[0m[34;1m     86776[0m[34;1m   1848016[0m[34;1m   3604684[0m[31;1m     94.78[0m[34;1m   1182716[0m[34;1m   1372036[0m[34;1m        20[0m
18:00:04   [34;1m   1066288[0m[34;1m   1846528[0m[34;1m    692104[0m[34;1m     18.20[0m[34;1m     86776[0m[34;1m   1848016[0m[34;1m   3604684[0m[31;1m     94.78[0m[34;1m   1182716[0m[34;1m   1372036[0m[34;1m        20[0m
18:00:05   [34;1m   1066288[0m[34;1m   1846540[0m[34;1m    692116[0m[34;1m     18.20[0m[34;1m     86784[0m[34;1m   1848020[0m[34;1m   3604684[0m[31;1m     94.78[0m[34;1m   1182724[0m[34;1m   1372052[0m[34;1m        24[0m
18:00:06   [34;1m   1066288[0m[34;1m   1846540[0m[34;1m    692116[0m[34;1m     18.20[0m[34;1m     86784[0m[34;1m   1848020[0m[34;1m   3604684[0m[31;1m     94.78[0m[34;1m   1182724[0m[34;1m   1371812[0m[34;1m        24[0m
18:00:07   [34;1m   1066288[0m[34;1m   1846544[0m[34;1m    692104[0m[34;1m     18.20[0m[34;1m     86792[0m[34;1m   1848024[0m[34;1m   3604684[0m[31;1m     94.78[0m[34;1m   1182724[0m[34;1m   1371736[0m[34;1m        32[0m
18:00:08   [34;1m   1066288[0m[34;1m   1846544[0m[34;1m    692104[0m[34;1m     18.20[0m[34;1m     86792[0m[34;1m   1848024[0m[34;1m   3604684[0m[31;1m     94.78[0m[34;1m   1182724[0m[34;1m   1371736[0m[34;1m        32[0m
18:00:09   [34;1m   1066288[0m[34;1m   1846552[0m[34;1m    692104[0m[34;1m     18.20[0m[34;1m     86792[0m[34;1m   1848024[0m[34;1m   3604684[0m[31;1m     94.78[0m[34;1m   1182736[0m[34;1m   1371748[0m[34;1m        32[0m
18:00:10   [34;1m   1066288[0m[34;1m   1846552[0m[34;1m    692104[0m[34;1m     18.20[0m[34;1m     86792[0m[34;1m   1848024[0m[34;1m   3604684[0m[31;1m     94.78[0m[34;1m   1182732[0m[34;1m   1371736[0m[34;1m        32[0m
18:00:11   [34;1m   1066288[0m[34;1m   1846552[0m[34;1m    692104[0m[34;1m     18.20[0m[34;1m     86800[0m[34;1m   1848016[0m[34;1m   3604684[0m[31;1m     94.78[0m[34;1m   1182732[0m[34;1m   1371884[0m[34;1m        32[0m
18:00:12   [34;1m   1066288[0m[34;1m   1846564[0m[34;1m    692092[0m[34;1m     18.20[0m[34;1m     86800[0m[34;1m   1848028[0m[34;1m   3604684[0m[31;1m     94.78[0m[34;1m   1182740[0m[34;1m   1371944[0m[34;1m        32[0m
18:00:13   [34;1m   1066288[0m[34;1m   1846564[0m[34;1m    692092[0m[34;1m     18.20[0m[34;1m     86800[0m[34;1m   1848028[0m[34;1m   3604684[0m[31;1m     94.78[0m[34;1m   1182740[0m[34;1m   1371944[0m[34;1m        32[0m
18:00:14   [34;1m   1065784[0m[34;1m   1846060[0m[34;1m    692596[0m[34;1m     18.21[0m[34;1m     86800[0m[34;1m   1848028[0m[34;1m   3604684[0m[31;1m     94.78[0m[34;1m   1182740[0m[34;1m   1371948[0m[34;1m        32[0m
18:00:15   [34;1m   1065784[0m[34;1m   1846060[0m[34;1m    692596[0m[34;1m     18.21[0m[34;1m     86800[0m[34;1m   1848028[0m[34;1m   3604684[0m[31;1m     94.78[0m[34;1m   1182740[0m[34;1m   1371952[0m[34;1m        32[0m
18:00:16   [34;1m   1065280[0m[34;1m   1845556[0m[34;1m    693084[0m[34;1m     18.22[0m[34;1m     86800[0m[34;1m   1848028[0m[34;1m   3609700[0m[31;1m     94.91[0m[34;1m   1182740[0m[34;1m   1373392[0m[34;1m        32[0m
18:00:17   [34;1m   1065056[0m[34;1m   1845336[0m[34;1m    693304[0m[34;1m     18.23[0m[34;1m     86808[0m[34;1m   1848024[0m[34;1m   3609700[0m[31;1m     94.91[0m[34;1m   1182740[0m[34;1m   1373444[0m[34;1m        32[0m
18:00:18   [34;1m   1065056[0m[34;1m   1845344[0m[34;1m    693296[0m[34;1m     18.23[0m[34;1m     86808[0m[34;1m   1848032[0m[34;1m   3609700[0m[31;1m     94.91[0m[34;1m   1182744[0m[34;1m   1373500[0m[34;1m        32[0m
18:00:19   [34;1m   1065056[0m[34;1m   1845344[0m[34;1m    693296[0m[34;1m     18.23[0m[34;1m     86808[0m[34;1m   1848032[0m[34;1m   3609700[0m[31;1m     94.91[0m[34;1m   1182740[0m[34;1m   1373520[0m[34;1m        32[0m
18:00:20   [34;1m   1065056[0m[34;1m   1845344[0m[34;1m    693292[0m[34;1m     18.23[0m[34;1m     86808[0m[34;1m   1848032[0m[34;1m   3604684[0m[31;1m     94.78[0m[34;1m   1182748[0m[34;1m   1371996[0m[34;1m        32[0m
18:00:21   [34;1m   1065056[0m[34;1m   1845348[0m[34;1m    693288[0m[34;1m     18.23[0m[34;1m     86816[0m[34;1m   1848028[0m[34;1m   3604684[0m[31;1m     94.78[0m[34;1m   1182748[0m[34;1m   1372376[0m[34;1m        40[0m
18:00:22   [34;1m   1065056[0m[34;1m   1845360[0m[34;1m    693276[0m[34;1m     18.23[0m[34;1m     86816[0m[34;1m   1848040[0m[34;1m   3604684[0m[31;1m     94.78[0m[34;1m   1182756[0m[34;1m   1372480[0m[34;1m        40[0m
18:00:23   [34;1m   1065056[0m[34;1m   1845360[0m[34;1m    693276[0m[34;1m     18.23[0m[34;1m     86816[0m[34;1m   1848040[0m[34;1m   3604684[0m[31;1m     94.78[0m[34;1m   1182756[0m[34;1m   1372500[0m[34;1m        40[0m
18:00:24   [34;1m   1065056[0m[34;1m   1845376[0m[34;1m    693260[0m[34;1m     18.23[0m[34;1m     86824[0m[34;1m   1848048[0m[34;1m   3604684[0m[31;1m     94.78[0m[34;1m   1182764[0m[34;1m   1372632[0m[34;1m        44[0m
18:00:25   [34;1m   1065056[0m[34;1m   1845376[0m[34;1m    693260[0m[34;1m     18.23[0m[34;1m     86828[0m[34;1m   1848044[0m[34;1m   3604684[0m[31;1m     94.78[0m[34;1m   1182764[0m[34;1m   1372600[0m[34;1m        32[0m
18:00:26   [34;1m   1065056[0m[34;1m   1845380[0m[34;1m    693252[0m[34;1m     18.23[0m[34;1m     86828[0m[34;1m   1848052[0m[34;1m   3604684[0m[31;1m     94.78[0m[34;1m   1182764[0m[34;1m   1372612[0m[34;1m        36[0m
18:00:27   [34;1m   1065056[0m[34;1m   1845384[0m[34;1m    693252[0m[34;1m     18.23[0m[34;1m     86828[0m[34;1m   1848052[0m[34;1m   3604684[0m[31;1m     94.78[0m[34;1m   1182768[0m[34;1m   1372632[0m[34;1m        36[0m
18:00:28   [34;1m   1065056[0m[34;1m   1845384[0m[34;1m    693252[0m[34;1m     18.23[0m[34;1m     86828[0m[34;1m   1848052[0m[34;1m   3604684[0m[31;1m     94.78[0m[34;1m   1182768[0m[34;1m   1372656[0m[34;1m         4[0m
18:00:29   [34;1m   1065056[0m[34;1m   1845384[0m[34;1m    693252[0m[34;1m     18.23[0m[34;1m     86828[0m[34;1m   1848052[0m[34;1m   3604684[0m[31;1m     94.78[0m[34;1m   1182768[0m[34;1m   1372756[0m[34;1m         4[0m
18:00:30   [34;1m   1065056[0m[34;1m   1845384[0m[34;1m    693252[0m[34;1m     18.23[0m[34;1m     86828[0m[34;1m   1848052[0m[34;1m   3604684[0m[31;1m     94.78[0m[34;1m   1182768[0m[34;1m   1372692[0m[34;22m         0[0m
18:00:31   [34;1m   1064804[0m[34;1m   1845132[0m[34;1m    693504[0m[34;1m     18.23[0m[34;1m     86840[0m[34;1m   1848040[0m[34;1m   3604684[0m[31;1m     94.78[0m[34;1m   1182768[0m[34;1m   1373092[0m[34;22m         0[0m
18:00:32   [34;1m   1064804[0m[34;1m   1845148[0m[34;1m    693488[0m[34;1m     18.23[0m[34;1m     86840[0m[34;1m   1848056[0m[34;1m   3604684[0m[31;1m     94.78[0m[34;1m   1182780[0m[34;1m   1372380[0m[34;1m        16[0m
18:00:33   [34;1m   1064804[0m[34;1m   1845148[0m[34;1m    693496[0m[34;1m     18.23[0m[34;1m     86844[0m[34;1m   1848052[0m[34;1m   3604684[0m[31;1m     94.78[0m[34;1m   1182780[0m[34;1m   1372392[0m[34;1m        16[0m
18:00:34   [34;1m   1064804[0m[34;1m   1845152[0m[34;1m    693488[0m[34;1m     18.23[0m[34;1m     86844[0m[34;1m   1848060[0m[34;1m   3604684[0m[31;1m     94.78[0m[34;1m   1182780[0m[34;1m   1372524[0m[34;1m        16[0m
18:00:35   [34;1m   1064804[0m[34;1m   1845156[0m[34;1m    693456[0m[34;1m     18.23[0m[34;1m     86844[0m[34;1m   1848060[0m[34;1m   3604684[0m[31;1m     94.78[0m[34;1m   1182784[0m[34;1m   1372472[0m[34;1m        16[0m
18:00:36   [34;1m   1064804[0m[34;1m   1845156[0m[34;1m    693432[0m[34;1m     18.23[0m[34;1m     86844[0m[34;1m   1848060[0m[34;1m   3609700[0m[31;1m     94.91[0m[34;1m   1182788[0m[34;1m   1373824[0m[34;1m        20[0m
18:00:37   [34;1m   1064804[0m[34;1m   1845156[0m[34;1m    693432[0m[34;1m     18.23[0m[34;1m     86844[0m[34;1m   1848060[0m[34;1m   3609700[0m[31;1m     94.91[0m[34;1m   1182788[0m[34;1m   1373824[0m[34;1m        12[0m
18:00:38   [34;1m   1064804[0m[34;1m   1845156[0m[34;1m    693432[0m[34;1m     18.23[0m[34;1m     86844[0m[34;1m   1848060[0m[34;1m   3609700[0m[31;1m     94.91[0m[34;1m   1182788[0m[34;1m   1373436[0m[34;1m        16[0m
18:00:39   [34;1m   1064804[0m[34;1m   1845156[0m[34;1m    693432[0m[34;1m     18.23[0m[34;1m     86856[0m[34;1m   1848048[0m[34;1m   3609700[0m[31;1m     94.91[0m[34;1m   1182788[0m[34;1m   1373436[0m[34;1m        16[0m
18:00:40   [34;1m   1064804[0m[34;1m   1845172[0m[34;1m    693436[0m[34;1m     18.23[0m[34;1m     86856[0m[34;1m   1848064[0m[34;1m   3604684[0m[31;1m     94.78[0m[34;1m   1182796[0m[34;1m   1371888[0m[34;1m        20[0m
18:00:41   [34;1m   1064804[0m[34;1m   1845172[0m[34;1m    693436[0m[34;1m     18.23[0m[34;1m     86856[0m[34;1m   1848064[0m[34;1m   3604684[0m[31;1m     94.78[0m[34;1m   1182796[0m[34;1m   1371988[0m[34;1m        20[0m
18:00:42   [34;1m   1064804[0m[34;1m   1845172[0m[34;1m    693436[0m[34;1m     18.23[0m[34;1m     86856[0m[34;1m   1848064[0m[34;1m   3604684[0m[31;1m     94.78[0m[34;1m   1182796[0m[34;1m   1372084[0m[34;1m        20[0m
18:00:43   [34;1m   1064804[0m[34;1m   1845172[0m[34;1m    693436[0m[34;1m     18.23[0m[34;1m     86860[0m[34;1m   1848060[0m[34;1m   3604684[0m[31;1m     94.78[0m[34;1m   1182796[0m[34;1m   1372092[0m[34;1m        16[0m
18:00:44   [34;1m   1064804[0m[34;1m   1845184[0m[34;1m    693424[0m[34;1m     18.23[0m[34;1m     86860[0m[34;1m   1848072[0m[34;1m   3604684[0m[31;1m     94.78[0m[34;1m   1182788[0m[34;1m   1372044[0m[34;1m        24[0m
18:00:45   [34;1m   1064804[0m[34;1m   1845184[0m[34;1m    693424[0m[34;1m     18.23[0m[34;1m     86860[0m[34;1m   1848072[0m[34;1m   3604684[0m[31;1m     94.78[0m[34;1m   1182800[0m[34;1m   1372108[0m[34;1m        24[0m
18:00:46   [34;1m   1064804[0m[34;1m   1845184[0m[34;1m    693424[0m[34;1m     18.23[0m[34;1m     86860[0m[34;1m   1848072[0m[34;1m   3604684[0m[31;1m     94.78[0m[34;1m   1182800[0m[34;1m   1372108[0m[34;1m        24[0m
18:00:47   [34;1m   1064804[0m[34;1m   1845184[0m[34;1m    693424[0m[34;1m     18.23[0m[34;1m     86864[0m[34;1m   1848068[0m[34;1m   3604684[0m[31;1m     94.78[0m[34;1m   1182800[0m[34;1m   1372108[0m[34;1m        24[0m
18:00:48   [34;1m   1064804[0m[34;1m   1845188[0m[34;1m    693416[0m[34;1m     18.23[0m[34;1m     86864[0m[34;1m   1848076[0m[34;1m   3604684[0m[31;1m     94.78[0m[34;1m   1182800[0m[34;1m   1372112[0m[34;1m        24[0m
18:00:49   [34;1m   1064804[0m[34;1m   1845188[0m[34;1m    693416[0m[34;1m     18.23[0m[34;1m     86864[0m[34;1m   1848076[0m[34;1m   3604684[0m[31;1m     94.78[0m[34;1m   1182800[0m[34;1m   1372112[0m[34;1m        16[0m
18:00:50   [34;1m   1064804[0m[34;1m   1845192[0m[34;1m    693416[0m[34;1m     18.23[0m[34;1m     86864[0m[34;1m   1848076[0m[34;1m   3604684[0m[31;1m     94.78[0m[34;1m   1182804[0m[34;1m   1372112[0m[34;1m        20[0m
18:00:51   [34;1m   1064804[0m[34;1m   1845192[0m[34;1m    693416[0m[34;1m     18.23[0m[34;1m     86864[0m[34;1m   1848076[0m[34;1m   3604684[0m[31;1m     94.78[0m[34;1m   1182804[0m[34;1m   1371980[0m[34;1m        24[0m
18:00:52   [34;1m   1064804[0m[34;1m   1845196[0m[34;1m    693412[0m[34;1m     18.23[0m[34;1m     86864[0m[34;1m   1848080[0m[34;1m   3604684[0m[31;1m     94.78[0m[34;1m   1182804[0m[34;1m   1372260[0m[34;1m        24[0m
18:00:53   [34;1m   1064804[0m[34;1m   1845196[0m[34;1m    693412[0m[34;1m     18.23[0m[34;1m     86864[0m[34;1m   1848080[0m[34;1m   3604684[0m[31;1m     94.78[0m[34;1m   1182804[0m[34;1m   1372268[0m[34;1m        36[0m
18:00:54   [34;1m   1064804[0m[34;1m   1845196[0m[34;1m    693412[0m[34;1m     18.23[0m[34;1m     86864[0m[34;1m   1848080[0m[34;1m   3604684[0m[31;1m     94.78[0m[34;1m   1182816[0m[34;1m   1372288[0m[34;1m        36[0m
18:00:55   [34;1m   1064804[0m[34;1m   1845196[0m[34;1m    693412[0m[34;1m     18.23[0m[34;1m     86864[0m[34;1m   1848080[0m[34;1m   3604684[0m[31;1m     94.78[0m[34;1m   1182804[0m[34;1m   1372268[0m[34;1m        28[0m
18:00:56   [34;1m   1064804[0m[34;1m   1845196[0m[34;1m    693412[0m[34;1m     18.23[0m[34;1m     86864[0m[34;1m   1848080[0m[34;1m   3604684[0m[31;1m     94.78[0m[34;1m   1182804[0m[34;1m   1371580[0m[34;1m        32[0m
18:00:57   [34;1m   1064804[0m[34;1m   1845196[0m[34;1m    693412[0m[34;1m     18.23[0m[34;1m     86868[0m[34;1m   1848076[0m[34;1m   3604684[0m[31;1m     94.78[0m[34;1m   1182804[0m[34;1m   1371508[0m[34;1m        32[0m
18:00:58   [34;1m   1064804[0m[34;1m   1845204[0m[34;1m    693400[0m[34;1m     18.23[0m[34;1m     86868[0m[34;1m   1848084[0m[34;1m   3604684[0m[31;1m     94.78[0m[34;1m   1182808[0m[34;1m   1371512[0m[34;1m        32[0m
18:00:59   [34;1m   1064804[0m[34;1m   1845204[0m[34;1m    693400[0m[34;1m     18.23[0m[34;1m     86868[0m[34;1m   1848084[0m[34;1m   3604684[0m[31;1m     94.78[0m[34;1m   1182808[0m[34;1m   1371612[0m[34;1m        32[0m
18:01:00   [34;1m   1064804[0m[34;1m   1845204[0m[34;1m    693400[0m[34;1m     18.23[0m[34;1m     86868[0m[34;1m   1848084[0m[34;1m   3604684[0m[31;1m     94.78[0m[34;1m   1182808[0m[34;1m   1371508[0m[34;1m        28[0m
18:01:01   [34;1m   1064804[0m[34;1m   1845204[0m[34;1m    693400[0m[34;1m     18.23[0m[34;1m     86868[0m[34;1m   1848084[0m[34;1m   3604684[0m[31;1m     94.78[0m[34;1m   1182808[0m[34;1m   1371608[0m[34;1m        28[0m
18:01:02   [34;1m   1064804[0m[34;1m   1845208[0m[34;1m    693404[0m[34;1m     18.23[0m[34;1m     86876[0m[34;1m   1848088[0m[34;1m   3604684[0m[31;1m     94.78[0m[34;1m   1182816[0m[34;1m   1371216[0m[34;1m        16[0m
18:01:03   [34;1m   1064804[0m[34;1m   1845208[0m[34;1m    693404[0m[34;1m     18.23[0m[34;1m     86876[0m[34;1m   1848088[0m[34;1m   3604684[0m[31;1m     94.78[0m[34;1m   1182816[0m[34;1m   1371180[0m[34;1m        16[0m
18:01:04   [34;1m   1064804[0m[34;1m   1845208[0m[34;1m    693404[0m[34;1m     18.23[0m[34;1m     86876[0m[34;1m   1848088[0m[34;1m   3604684[0m[31;1m     94.78[0m[34;1m   1182808[0m[34;1m   1371160[0m[34;1m        16[0m
18:01:05   [34;1m   1064804[0m[34;1m   1845208[0m[34;1m    693404[0m[34;1m     18.23[0m[34;1m     86880[0m[34;1m   1848084[0m[34;1m   3604684[0m[31;1m     94.78[0m[34;1m   1182816[0m[34;1m   1371184[0m[34;1m        16[0m
18:01:06   [34;1m   1064552[0m[34;1m   1844972[0m[34;1m    693640[0m[34;1m     18.24[0m[34;1m     86880[0m[34;1m   1848100[0m[34;1m   3604684[0m[31;1m     94.78[0m[34;1m   1182820[0m[34;1m   1370948[0m[34;1m        28[0m
18:01:07   [34;1m   1064552[0m[34;1m   1844972[0m[34;1m    693640[0m[34;1m     18.24[0m[34;1m     86880[0m[34;1m   1848100[0m[34;1m   3604684[0m[31;1m     94.78[0m[34;1m   1182820[0m[34;1m   1370948[0m[34;1m        12[0m
18:01:08   [34;1m   1064552[0m[34;1m   1844972[0m[34;1m    693640[0m[34;1m     18.24[0m[34;1m     86880[0m[34;1m   1848100[0m[34;1m   3604684[0m[31;1m     94.78[0m[34;1m   1182820[0m[34;1m   1370948[0m[34;1m        16[0m
18:01:09   [34;1m   1064552[0m[34;1m   1844972[0m[34;1m    693640[0m[34;1m     18.24[0m[34;1m     86880[0m[34;1m   1848100[0m[34;1m   3604684[0m[31;1m     94.78[0m[34;1m   1182820[0m[34;1m   1370948[0m[34;1m        16[0m
18:01:10   [34;1m   1064552[0m[34;1m   1844972[0m[34;1m    693640[0m[34;1m     18.24[0m[34;1m     86880[0m[34;1m   1848100[0m[34;1m   3604684[0m[31;1m     94.78[0m[34;1m   1182820[0m[34;1m   1370972[0m[34;1m        16[0m
18:01:11   [34;1m   1064552[0m[34;1m   1844972[0m[34;1m    693640[0m[34;1m     18.24[0m[34;1m     86892[0m[34;1m   1848088[0m[34;1m   3604684[0m[31;1m     94.78[0m[34;1m   1182820[0m[34;1m   1371172[0m[34;1m        16[0m
18:01:12   [34;1m   1064552[0m[34;1m   1844980[0m[34;1m    693624[0m[34;1m     18.24[0m[34;1m     86892[0m[34;1m   1848104[0m[34;1m   3604684[0m[31;1m     94.78[0m[34;1m   1182824[0m[34;1m   1371200[0m[34;1m        36[0m
18:01:13   [34;1m   1064552[0m[34;1m   1844988[0m[34;1m    693624[0m[34;1m     18.24[0m[34;1m     86892[0m[34;1m   1848104[0m[34;1m   3604684[0m[31;1m     94.78[0m[34;1m   1182832[0m[34;1m   1371200[0m[34;1m        32[0m
18:01:14   [34;1m   1064552[0m[34;1m   1844988[0m[34;1m    693624[0m[34;1m     18.24[0m[34;1m     86892[0m[34;1m   1848104[0m[34;1m   3604684[0m[31;1m     94.78[0m[34;1m   1182828[0m[34;1m   1371244[0m[34;1m        36[0m
18:01:15   [34;1m   1064552[0m[34;1m   1844988[0m[34;1m    693636[0m[34;1m     18.24[0m[34;1m     86900[0m[34;1m   1848096[0m[34;1m   3604684[0m[31;1m     94.78[0m[34;1m   1182832[0m[34;1m   1371232[0m[34;1m        36[0m
18:01:16   [34;1m   1064552[0m[34;1m   1845000[0m[34;1m    693632[0m[34;1m     18.24[0m[34;1m     86900[0m[34;1m   1848108[0m[34;1m   3604684[0m[31;1m     94.78[0m[34;1m   1182840[0m[34;1m   1371252[0m[34;1m        36[0m
18:01:17   [34;1m   1064552[0m[34;1m   1845000[0m[34;1m    693632[0m[34;1m     18.24[0m[34;1m     86900[0m[34;1m   1848108[0m[34;1m   3604684[0m[31;1m     94.78[0m[34;1m   1182840[0m[34;1m   1371252[0m[34;1m        36[0m
18:01:18   [34;1m   1064552[0m[34;1m   1845000[0m[34;1m    693632[0m[34;1m     18.24[0m[34;1m     86900[0m[34;1m   1848108[0m[34;1m   3604684[0m[31;1m     94.78[0m[34;1m   1182840[0m[34;1m   1371252[0m[34;1m        36[0m
18:01:19   [34;1m   1064552[0m[34;1m   1845004[0m[34;1m    693628[0m[34;1m     18.24[0m[34;1m     86904[0m[34;1m   1848108[0m[34;1m   3604684[0m[31;1m     94.78[0m[34;1m   1182844[0m[34;1m   1371336[0m[34;1m        32[0m
18:01:20   [34;1m   1064552[0m[34;1m   1845004[0m[34;1m    693624[0m[34;1m     18.24[0m[34;1m     86904[0m[34;1m   1848112[0m[34;1m   3604684[0m[31;1m     94.78[0m[34;1m   1182840[0m[34;1m   1371280[0m[34;1m        36[0m
18:01:21   [34;1m   1064552[0m[34;1m   1845008[0m[34;1m    693624[0m[34;1m     18.24[0m[34;1m     86904[0m[34;1m   1848112[0m[34;1m   3604684[0m[31;1m     94.78[0m[34;1m   1182844[0m[34;1m   1371476[0m[34;1m        40[0m
18:01:22   [34;1m   1064552[0m[34;1m   1845008[0m[34;1m    693624[0m[34;1m     18.24[0m[34;1m     86904[0m[34;1m   1848112[0m[34;1m   3604684[0m[31;1m     94.78[0m[34;1m   1182844[0m[34;1m   1371504[0m[34;1m        40[0m
18:01:23   [34;1m   1064552[0m[34;1m   1845012[0m[34;1m    693620[0m[34;1m     18.24[0m[34;1m     86912[0m[34;1m   1848108[0m[34;1m   3604684[0m[31;1m     94.78[0m[34;1m   1182844[0m[34;1m   1371512[0m[34;1m        40[0m
18:01:24   [34;1m   1064552[0m[34;1m   1845012[0m[34;1m    693612[0m[34;1m     18.24[0m[34;1m     86912[0m[34;1m   1848116[0m[34;1m   3604684[0m[31;1m     94.78[0m[34;1m   1182844[0m[34;1m   1371516[0m[34;1m        40[0m
18:01:25   [34;1m   1064552[0m[34;1m   1845020[0m[34;1m    693612[0m[34;1m     18.24[0m[34;1m     86912[0m[34;1m   1848116[0m[34;1m   3604684[0m[31;1m     94.78[0m[34;1m   1182852[0m[34;1m   1371528[0m[34;1m        36[0m
18:01:26   [34;1m   1064552[0m[34;1m   1845020[0m[34;1m    693612[0m[34;1m     18.24[0m[34;1m     86912[0m[34;1m   1848116[0m[34;1m   3604684[0m[31;1m     94.78[0m[34;1m   1182852[0m[34;1m   1371528[0m[34;1m        36[0m
18:01:27   [34;1m   1064552[0m[34;1m   1845020[0m[34;1m    693612[0m[34;1m     18.24[0m[34;1m     86912[0m[34;1m   1848116[0m[34;1m   3604684[0m[31;1m     94.78[0m[34;1m   1182852[0m[34;1m   1371528[0m[34;1m        36[0m
18:01:28   [34;1m   1064552[0m[34;1m   1845020[0m[34;1m    693608[0m[34;1m     18.24[0m[34;1m     86912[0m[34;1m   1848120[0m[34;1m   3604684[0m[31;1m     94.78[0m[34;1m   1182852[0m[34;1m   1371528[0m[34;1m        40[0m
18:01:29   [34;1m   1064552[0m[34;1m   1845024[0m[34;1m    693608[0m[34;1m     18.24[0m[34;1m     86924[0m[34;1m   1848116[0m[34;1m   3604684[0m[31;1m     94.78[0m[34;1m   1182848[0m[34;1m   1371516[0m[34;1m        40[0m
18:01:30   [34;1m   1064552[0m[34;1m   1845036[0m[34;1m    693600[0m[34;1m     18.24[0m[34;1m     86924[0m[34;1m   1848124[0m[34;1m   3604684[0m[31;1m     94.78[0m[34;1m   1182860[0m[34;1m   1371536[0m[34;1m        40[0m
18:01:31   [34;1m   1064552[0m[34;1m   1845036[0m[34;1m    693600[0m[34;1m     18.24[0m[34;1m     86924[0m[34;1m   1848124[0m[34;1m   3604684[0m[31;1m     94.78[0m[34;1m   1182860[0m[34;1m   1371728[0m[34;1m        32[0m
18:01:32   [34;1m   1064552[0m[34;1m   1845040[0m[34;1m    693600[0m[34;1m     18.24[0m[34;1m     86924[0m[34;1m   1848124[0m[34;1m   3604684[0m[31;1m     94.78[0m[34;1m   1182864[0m[34;1m   1371760[0m[34;1m        36[0m
18:01:33   [34;1m   1064552[0m[34;1m   1845040[0m[34;1m    693600[0m[34;1m     18.24[0m[34;1m     86932[0m[34;1m   1848116[0m[34;1m   3604684[0m[31;1m     94.78[0m[34;1m   1182864[0m[34;1m   1371816[0m[34;1m         4[0m
18:01:34   [34;1m   1064552[0m[34;1m   1845052[0m[34;1m    693588[0m[34;1m     18.24[0m[34;1m     86932[0m[34;1m   1848128[0m[34;1m   3604684[0m[31;1m     94.78[0m[34;1m   1182872[0m[34;1m   1371936[0m[34;1m        28[0m
18:01:35   [34;1m   1064552[0m[34;1m   1845052[0m[34;1m    693588[0m[34;1m     18.24[0m[34;1m     86932[0m[34;1m   1848128[0m[34;1m   3604684[0m[31;1m     94.78[0m[34;1m   1182872[0m[34;1m   1371848[0m[34;1m        28[0m
18:01:36   [34;1m   1064300[0m[34;1m   1844800[0m[34;1m    693796[0m[34;1m     18.24[0m[34;1m     86932[0m[34;1m   1848128[0m[34;1m   3609700[0m[31;1m     94.91[0m[34;1m   1182876[0m[34;1m   1373248[0m[34;1m        32[0m
18:01:37   [34;1m   1064300[0m[34;1m   1844800[0m[34;1m    693804[0m[34;1m     18.24[0m[34;1m     86940[0m[34;1m   1848120[0m[34;1m   3609700[0m[31;1m     94.91[0m[34;1m   1182876[0m[34;1m   1373196[0m[34;1m        24[0m
18:01:38   [34;1m   1064300[0m[34;1m   1844804[0m[34;1m    693792[0m[34;1m     18.24[0m[34;1m     86940[0m[34;1m   1848132[0m[34;1m   3609700[0m[31;1m     94.91[0m[34;1m   1182876[0m[34;1m   1373224[0m[34;1m        32[0m
18:01:39   [34;1m   1064300[0m[34;1m   1844804[0m[34;1m    693792[0m[34;1m     18.24[0m[34;1m     86940[0m[34;1m   1848132[0m[34;1m   3609700[0m[31;1m     94.91[0m[34;1m   1182876[0m[34;1m   1372824[0m[34;1m        32[0m
18:01:40   [34;1m   1064300[0m[34;1m   1844812[0m[34;1m    693800[0m[34;1m     18.24[0m[34;1m     86940[0m[34;1m   1848132[0m[34;1m   3604684[0m[31;1m     94.78[0m[34;1m   1182880[0m[34;1m   1371284[0m[34;1m        32[0m
18:01:41   [34;1m   1064300[0m[34;1m   1844812[0m[34;1m    693800[0m[34;1m     18.24[0m[34;1m     86940[0m[34;1m   1848132[0m[34;1m   3604684[0m[31;1m     94.78[0m[34;1m   1182880[0m[34;1m   1371284[0m[34;1m        32[0m
18:01:42   [34;1m   1064300[0m[34;1m   1844812[0m[34;1m    693804[0m[34;1m     18.24[0m[34;1m     86940[0m[34;1m   1848132[0m[34;1m   3604684[0m[31;1m     94.78[0m[34;1m   1182880[0m[34;1m   1371536[0m[34;1m        32[0m
18:01:43   [34;1m   1064300[0m[34;1m   1844812[0m[34;1m    693804[0m[34;1m     18.24[0m[34;1m     86948[0m[34;1m   1848124[0m[34;1m   3604684[0m[31;1m     94.78[0m[34;1m   1182880[0m[34;1m   1371536[0m[34;1m        28[0m
18:01:44   [34;1m   1064300[0m[34;1m   1844824[0m[34;1m    693792[0m[34;1m     18.24[0m[34;1m     86948[0m[34;1m   1848136[0m[34;1m   3604684[0m[31;1m     94.78[0m[34;1m   1182892[0m[34;1m   1371568[0m[34;1m        32[0m
18:01:45   [34;1m   1064300[0m[34;1m   1844824[0m[34;1m    693792[0m[34;1m     18.24[0m[34;1m     86948[0m[34;1m   1848136[0m[34;1m   3604684[0m[31;1m     94.78[0m[34;1m   1182888[0m[34;1m   1371568[0m[34;1m        32[0m
18:01:46   [34;1m   1064300[0m[34;1m   1844824[0m[34;1m    693792[0m[34;1m     18.24[0m[34;1m     86948[0m[34;1m   1848136[0m[34;1m   3604684[0m[31;1m     94.78[0m[34;1m   1182888[0m[34;1m   1371624[0m[34;1m        32[0m
18:01:47   [34;1m   1064300[0m[34;1m   1844824[0m[34;1m    693792[0m[34;1m     18.24[0m[34;1m     86948[0m[34;1m   1848136[0m[34;1m   3604684[0m[31;1m     94.78[0m[34;1m   1182888[0m[34;1m   1371624[0m[34;1m        32[0m
18:01:48   [34;1m   1064300[0m[34;1m   1844836[0m[34;1m    693780[0m[34;1m     18.24[0m[34;1m     86952[0m[34;1m   1848144[0m[34;1m   3604684[0m[31;1m     94.78[0m[34;1m   1182892[0m[34;1m   1371192[0m[34;1m        36[0m
18:01:49   [34;1m   1064300[0m[34;1m   1844836[0m[34;1m    693780[0m[34;1m     18.24[0m[34;1m     86952[0m[34;1m   1848144[0m[34;1m   3604684[0m[31;1m     94.78[0m[34;1m   1182892[0m[34;1m   1371192[0m[34;1m        28[0m
18:01:50   [34;1m   1064300[0m[34;1m   1844836[0m[34;1m    693780[0m[34;1m     18.24[0m[34;1m     86952[0m[34;1m   1848144[0m[34;1m   3604684[0m[31;1m     94.78[0m[34;1m   1182892[0m[34;1m   1371196[0m[34;1m        32[0m
18:01:51   [34;1m   1064300[0m[34;1m   1844840[0m[34;1m    693776[0m[34;1m     18.24[0m[34;1m     86952[0m[34;1m   1848148[0m[34;1m   3604684[0m[31;1m     94.78[0m[34;1m   1182892[0m[34;1m   1371004[0m[34;1m        40[0m
18:01:52   [34;1m   1064300[0m[34;1m   1844840[0m[34;1m    693792[0m[34;1m     18.24[0m[34;1m     86952[0m[34;1m   1848148[0m[34;1m   3604684[0m[31;1m     94.78[0m[34;1m   1182892[0m[34;1m   1371396[0m[34;1m        40[0m
18:01:53   [34;1m   1064300[0m[34;1m   1844860[0m[34;1m    693772[0m[34;1m     18.24[0m[34;1m     86968[0m[34;1m   1848152[0m[34;1m   3604684[0m[31;1m     94.78[0m[34;1m   1182908[0m[34;1m   1371444[0m[34;1m        40[0m
18:01:54   [34;1m   1064300[0m[34;1m   1844860[0m[34;1m    693776[0m[34;1m     18.24[0m[34;1m     86968[0m[34;1m   1848152[0m[34;1m   3604684[0m[31;1m     94.78[0m[34;1m   1182900[0m[34;1m   1371444[0m[34;1m        40[0m
18:01:55   [34;1m   1064300[0m[34;1m   1844860[0m[34;1m    693780[0m[34;1m     18.24[0m[34;1m     86968[0m[34;1m   1848152[0m[34;1m   3604684[0m[31;1m     94.78[0m[34;1m   1182908[0m[34;1m   1371448[0m[34;1m        40[0m
18:01:56   [34;1m   1064300[0m[34;1m   1844868[0m[34;1m    693756[0m[34;1m     18.24[0m[34;1m     86972[0m[34;1m   1848156[0m[34;1m   3609700[0m[31;1m     94.91[0m[34;1m   1182916[0m[34;1m   1373020[0m[34;1m        36[0m
18:01:57   [34;1m   1064300[0m[34;1m   1844868[0m[34;1m    693756[0m[34;1m     18.24[0m[34;1m     86972[0m[34;1m   1848156[0m[34;1m   3609700[0m[31;1m     94.91[0m[34;1m   1182916[0m[34;1m   1373020[0m[34;1m        36[0m
18:01:58   [34;1m   1064300[0m[34;1m   1844868[0m[34;1m    693756[0m[34;1m     18.24[0m[34;1m     86972[0m[34;1m   1848156[0m[34;1m   3609700[0m[31;1m     94.91[0m[34;1m   1182916[0m[34;1m   1373020[0m[34;1m        36[0m
18:01:59   [34;1m   1064048[0m[34;1m   1844616[0m[34;1m    694008[0m[34;1m     18.25[0m[34;1m     86972[0m[34;1m   1848156[0m[34;1m   3609700[0m[31;1m     94.91[0m[34;1m   1182916[0m[34;1m   1373020[0m[34;1m        36[0m
18:02:00   [34;1m   1064048[0m[34;1m   1844616[0m[34;1m    694016[0m[34;1m     18.25[0m[34;1m     86972[0m[34;1m   1848156[0m[34;1m   3604684[0m[31;1m     94.78[0m[34;1m   1182912[0m[34;1m   1371448[0m[34;1m        36[0m
18:02:01   [34;1m   1064048[0m[34;1m   1844616[0m[34;1m    694016[0m[34;1m     18.25[0m[34;1m     86972[0m[34;1m   1848156[0m[34;1m   3604684[0m[31;1m     94.78[0m[34;1m   1182912[0m[34;1m   1371268[0m[34;1m        32[0m
18:02:02   [34;1m   1064048[0m[34;1m   1844624[0m[34;1m    694008[0m[34;1m     18.25[0m[34;1m     86976[0m[34;1m   1848160[0m[34;1m   3604684[0m[31;1m     94.78[0m[34;1m   1182916[0m[34;1m   1371216[0m[34;1m        36[0m
