role.rbac.authorization.k8s.io/serviceweaver-pods-getter created
rolebinding.rbac.authorization.k8s.io/serviceweaver-default-pods-getter created
configmap/config-7c0163c4 created
deployment.apps/ob-ad-7c0163c4-c91fe44d created
horizontalpodautoscaler.autoscaling/ob-ad-7c0163c4-c91fe44d created
deployment.apps/ob-co-7c0163c4-bb262353 created
horizontalpodautoscaler.autoscaling/ob-co-7c0163c4-bb262353 created
deployment.apps/ob-cs-7c0163c4-bae6b1a5 created
horizontalpodautoscaler.autoscaling/ob-cs-7c0163c4-bae6b1a5 created
deployment.apps/ob-cu-7c0163c4-fea9e685 created
horizontalpodautoscaler.autoscaling/ob-cu-7c0163c4-fea9e685 created
deployment.apps/ob-em-7c0163c4-08495928 created
horizontalpodautoscaler.autoscaling/ob-em-7c0163c4-08495928 created
service/boutique-7c0163c4 created
deployment.apps/ob-weaver-main-7c0163c4-fa18cbd1 created
horizontalpodautoscaler.autoscaling/ob-weaver-main-7c0163c4-fa18cbd1 created
deployment.apps/ob-pa-7c0163c4-21d2ae8d created
horizontalpodautoscaler.autoscaling/ob-pa-7c0163c4-21d2ae8d created
deployment.apps/ob-pc-7c0163c4-341d790e created
horizontalpodautoscaler.autoscaling/ob-pc-7c0163c4-341d790e created
deployment.apps/ob-rc-7c0163c4-e2a4a3c3 created
horizontalpodautoscaler.autoscaling/ob-rc-7c0163c4-e2a4a3c3 created
deployment.apps/ob-sh-7c0163c4-5c87d3c8 created
horizontalpodautoscaler.autoscaling/ob-sh-7c0163c4-5c87d3c8 created
