role.rbac.authorization.k8s.io/serviceweaver-pods-getter created
rolebinding.rbac.authorization.k8s.io/serviceweaver-default-pods-getter created
configmap/config-29d048f3 created
deployment.apps/ob-ad-29d048f3-46f17f9a created
horizontalpodautoscaler.autoscaling/ob-ad-29d048f3-46f17f9a created
deployment.apps/ob-co-29d048f3-5e764a2e created
horizontalpodautoscaler.autoscaling/ob-co-29d048f3-5e764a2e created
deployment.apps/ob-cs-29d048f3-b8ebd897 created
horizontalpodautoscaler.autoscaling/ob-cs-29d048f3-b8ebd897 created
deployment.apps/ob-cu-29d048f3-25564ab2 created
horizontalpodautoscaler.autoscaling/ob-cu-29d048f3-25564ab2 created
deployment.apps/ob-em-29d048f3-981b8794 created
horizontalpodautoscaler.autoscaling/ob-em-29d048f3-981b8794 created
service/boutique-29d048f3 created
deployment.apps/ob-weaver-main-29d048f3-6dbc3931 created
horizontalpodautoscaler.autoscaling/ob-weaver-main-29d048f3-6dbc3931 created
deployment.apps/ob-pa-29d048f3-9b2284c8 created
horizontalpodautoscaler.autoscaling/ob-pa-29d048f3-9b2284c8 created
deployment.apps/ob-pc-29d048f3-e692e4bb created
horizontalpodautoscaler.autoscaling/ob-pc-29d048f3-e692e4bb created
deployment.apps/ob-rc-29d048f3-740288a2 created
horizontalpodautoscaler.autoscaling/ob-rc-29d048f3-740288a2 created
deployment.apps/ob-sh-29d048f3-0409f28d created
horizontalpodautoscaler.autoscaling/ob-sh-29d048f3-0409f28d created
