role.rbac.authorization.k8s.io/serviceweaver-pods-getter created
rolebinding.rbac.authorization.k8s.io/serviceweaver-default-pods-getter created
configmap/config-4127b9ea created
deployment.apps/ob-ad-4127b9ea-c4a132f0 created
horizontalpodautoscaler.autoscaling/ob-ad-4127b9ea-c4a132f0 created
deployment.apps/ob-cc-4127b9ea-d80421e3 created
horizontalpodautoscaler.autoscaling/ob-cc-4127b9ea-d80421e3 created
deployment.apps/ob-co-4127b9ea-5a033e60 created
horizontalpodautoscaler.autoscaling/ob-co-4127b9ea-5a033e60 created
deployment.apps/ob-cs-4127b9ea-5771fcf0 created
horizontalpodautoscaler.autoscaling/ob-cs-4127b9ea-5771fcf0 created
deployment.apps/ob-cu-4127b9ea-493e774f created
horizontalpodautoscaler.autoscaling/ob-cu-4127b9ea-493e774f created
deployment.apps/ob-em-4127b9ea-7598219f created
horizontalpodautoscaler.autoscaling/ob-em-4127b9ea-7598219f created
service/boutique-4127b9ea created
deployment.apps/ob-weaver-main-4127b9ea-388da5c5 created
horizontalpodautoscaler.autoscaling/ob-weaver-main-4127b9ea-388da5c5 created
deployment.apps/ob-pa-4127b9ea-41879397 created
horizontalpodautoscaler.autoscaling/ob-pa-4127b9ea-41879397 created
deployment.apps/ob-pc-4127b9ea-508a579f created
horizontalpodautoscaler.autoscaling/ob-pc-4127b9ea-508a579f created
deployment.apps/ob-rc-4127b9ea-ee1eaaf4 created
horizontalpodautoscaler.autoscaling/ob-rc-4127b9ea-ee1eaaf4 created
deployment.apps/ob-sh-4127b9ea-81475d91 created
horizontalpodautoscaler.autoscaling/ob-sh-4127b9ea-81475d91 created
