role.rbac.authorization.k8s.io/serviceweaver-pods-getter created
rolebinding.rbac.authorization.k8s.io/serviceweaver-default-pods-getter created
configmap/config-5b355c54 created
deployment.apps/ob-ad-5b355c54-16a8065e created
horizontalpodautoscaler.autoscaling/ob-ad-5b355c54-16a8065e created
deployment.apps/ob-co-5b355c54-c8fed905 created
horizontalpodautoscaler.autoscaling/ob-co-5b355c54-c8fed905 created
deployment.apps/ob-cs-5b355c54-239af396 created
horizontalpodautoscaler.autoscaling/ob-cs-5b355c54-239af396 created
deployment.apps/ob-cu-5b355c54-dd09f98b created
horizontalpodautoscaler.autoscaling/ob-cu-5b355c54-dd09f98b created
deployment.apps/ob-em-5b355c54-379c424c created
horizontalpodautoscaler.autoscaling/ob-em-5b355c54-379c424c created
service/boutique-5b355c54 created
deployment.apps/ob-weaver-main-5b355c54-9363d921 created
horizontalpodautoscaler.autoscaling/ob-weaver-main-5b355c54-9363d921 created
deployment.apps/ob-pa-5b355c54-e028a25a created
horizontalpodautoscaler.autoscaling/ob-pa-5b355c54-e028a25a created
deployment.apps/ob-pc-5b355c54-015be461 created
horizontalpodautoscaler.autoscaling/ob-pc-5b355c54-015be461 created
deployment.apps/ob-rc-5b355c54-fc3e8e1e created
horizontalpodautoscaler.autoscaling/ob-rc-5b355c54-fc3e8e1e created
deployment.apps/ob-sh-5b355c54-9f083c40 created
horizontalpodautoscaler.autoscaling/ob-sh-5b355c54-9f083c40 created
