Linux 6.6.95 (ssp-study-m02) 	04/21/26 	_x86_64_	(2 CPU)

10:45:07    kbmemfree   kbavail kbmemused  %memused kbbuffers  kbcached  kbcommit   %commit  kbactive   kbinact   kbdirty
10:45:08   [34;1m    269108[0m[34;1m   1628736[0m[34;1m    235756[0m[34;1m      7.77[0m[34;1m     45876[0m[34;1m   2394564[0m[34;1m   2251620[0m[34;1m     74.16[0m[34;1m    713560[0m[34;1m   1912316[0m[34;1m       508[0m
10:45:09   [34;1m    269108[0m[34;1m   1628744[0m[34;1m    235756[0m[34;1m      7.77[0m[34;1m     45876[0m[34;1m   2394564[0m[34;1m   2251620[0m[34;1m     74.16[0m[34;1m    713568[0m[34;1m   1912368[0m[34;1m       508[0m
10:45:10   [34;1m    269108[0m[34;1m   1628748[0m[34;1m    235752[0m[34;1m      7.77[0m[34;1m     45876[0m[34;1m   2394568[0m[34;1m   2251620[0m[34;1m     74.16[0m[34;1m    713568[0m[34;1m   1912488[0m[34;1m       512[0m
10:45:11   [34;1m    268100[0m[34;1m   1627740[0m[34;1m    236660[0m[34;1m      7.80[0m[34;1m     45876[0m[34;1m   2394568[0m[34;1m   2255956[0m[34;1m     74.31[0m[34;1m    713568[0m[34;1m   1914148[0m[34;1m       512[0m
10:45:12   [34;1m    268100[0m[34;1m   1627748[0m[34;1m    236688[0m[34;1m      7.80[0m[34;1m     45876[0m[34;1m   2394568[0m[34;1m   2255956[0m[34;1m     74.31[0m[34;1m    713568[0m[34;1m   1914268[0m[34;1m       512[0m
10:45:13   [34;1m    266336[0m[34;1m   1625984[0m[34;1m    238460[0m[34;1m      7.85[0m[34;1m     45876[0m[34;1m   2394568[0m[34;1m   2265112[0m[34;1m     74.61[0m[34;1m    713568[0m[34;1m   1915572[0m[34;1m       512[0m
10:45:14   [34;1m    266336[0m[34;1m   1625984[0m[34;1m    238460[0m[34;1m      7.85[0m[34;1m     45884[0m[34;1m   2394560[0m[34;1m   2265112[0m[34;1m     74.61[0m[34;1m    713568[0m[34;1m   1915572[0m[34;1m       512[0m
10:45:15   [34;1m    266336[0m[34;1m   1625992[0m[34;1m    238460[0m[34;1m      7.85[0m[34;1m     45884[0m[34;1m   2394568[0m[34;1m   2260776[0m[34;1m     74.47[0m[34;1m    713576[0m[34;1m   1914104[0m[34;1m       512[0m
10:45:16   [34;1m    266336[0m[34;1m   1625992[0m[34;1m    238460[0m[34;1m      7.85[0m[34;1m     45884[0m[34;1m   2394568[0m[34;1m   2260776[0m[34;1m     74.47[0m[34;1m    713576[0m[34;1m   1914100[0m[34;1m       512[0m
10:45:17   [34;1m    266336[0m[34;1m   1625996[0m[34;1m    238456[0m[34;1m      7.85[0m[34;1m     45884[0m[34;1m   2394572[0m[34;1m   2260776[0m[34;1m     74.47[0m[34;1m    713576[0m[34;1m   1913760[0m[34;1m       516[0m
10:45:18   [34;1m    264824[0m[34;1m   1624484[0m[34;1m    239980[0m[34;1m      7.90[0m[34;1m     45884[0m[34;1m   2394572[0m[34;1m   2260776[0m[34;1m     74.47[0m[34;1m    713576[0m[34;1m   1914052[0m[34;1m       516[0m
10:45:19   [34;1m    264824[0m[34;1m   1624484[0m[34;1m    239980[0m[34;1m      7.90[0m[34;1m     45884[0m[34;1m   2394572[0m[34;1m   2260776[0m[34;1m     74.47[0m[34;1m    713572[0m[34;1m   1914164[0m[34;1m       436[0m
10:45:20   [34;1m    264824[0m[34;1m   1624484[0m[34;1m    239980[0m[34;1m      7.90[0m[34;1m     45892[0m[34;1m   2394564[0m[34;1m   2260776[0m[34;1m     74.47[0m[34;1m    713576[0m[34;1m   1914168[0m[34;1m       436[0m
10:45:21   [34;1m    264572[0m[34;1m   1624244[0m[34;1m    240216[0m[34;1m      7.91[0m[34;1m     45892[0m[34;1m   2394576[0m[34;1m   2261608[0m[34;1m     74.49[0m[34;1m    713584[0m[34;1m   1914784[0m[34;1m       440[0m
10:45:22   [34;1m    264572[0m[34;1m   1624244[0m[34;1m    240216[0m[34;1m      7.91[0m[34;1m     45892[0m[34;1m   2394576[0m[34;1m   2261608[0m[34;1m     74.49[0m[34;1m    713584[0m[34;1m   1914804[0m[34;1m       440[0m
10:45:23   [34;1m    264320[0m[34;1m   1623992[0m[34;1m    240468[0m[34;1m      7.92[0m[34;1m     45892[0m[34;1m   2394576[0m[34;1m   2261608[0m[34;1m     74.49[0m[34;1m    713588[0m[34;1m   1914536[0m[34;1m       432[0m
10:45:24   [34;1m    264320[0m[34;1m   1623992[0m[34;1m    240468[0m[34;1m      7.92[0m[34;1m     45892[0m[34;1m   2394576[0m[34;1m   2261608[0m[34;1m     74.49[0m[34;1m    713584[0m[34;1m   1914468[0m[34;1m       432[0m
10:45:25   [34;1m    264320[0m[34;1m   1623992[0m[34;1m    240464[0m[34;1m      7.92[0m[34;1m     45892[0m[34;1m   2394580[0m[34;1m   2261608[0m[34;1m     74.49[0m[34;1m    713584[0m[34;1m   1914588[0m[34;1m       436[0m
10:45:26   [34;1m    264320[0m[34;1m   1623996[0m[34;1m    240456[0m[34;1m      7.92[0m[34;1m     45900[0m[34;1m   2394580[0m[34;1m   2261608[0m[34;1m     74.49[0m[34;1m    713584[0m[34;1m   1914648[0m[34;1m       448[0m
10:45:27   [34;1m    264320[0m[34;1m   1624008[0m[34;1m    240452[0m[34;1m      7.92[0m[34;1m     45900[0m[34;1m   2394584[0m[34;1m   2261608[0m[34;1m     74.49[0m[34;1m    713592[0m[34;1m   1914760[0m[34;1m       452[0m
10:45:28   [34;1m    264320[0m[34;1m   1624008[0m[34;1m    240448[0m[34;1m      7.92[0m[34;1m     45900[0m[34;1m   2394584[0m[34;1m   2261608[0m[34;1m     74.49[0m[34;1m    713600[0m[34;1m   1915164[0m[34;1m         4[0m
10:45:29   [34;1m    264320[0m[34;1m   1624008[0m[34;1m    240448[0m[34;1m      7.92[0m[34;1m     45900[0m[34;1m   2394584[0m[34;1m   2261608[0m[34;1m     74.49[0m[34;1m    713592[0m[34;1m   1915052[0m[34;1m         4[0m
10:45:30   [34;1m    264320[0m[34;1m   1624008[0m[34;1m    240448[0m[34;1m      7.92[0m[34;1m     45900[0m[34;1m   2394584[0m[34;1m   2261608[0m[34;1m     74.49[0m[34;1m    713592[0m[34;1m   1915096[0m[34;1m         4[0m
10:45:31   [34;1m    263564[0m[34;1m   1623256[0m[34;1m    241196[0m[34;1m      7.94[0m[34;1m     45908[0m[34;1m   2394580[0m[34;1m   2274136[0m[34;1m     74.91[0m[34;1m    713592[0m[34;1m   1916512[0m[34;1m         8[0m
10:45:32   [34;1m    263564[0m[34;1m   1623264[0m[34;1m    241176[0m[34;1m      7.94[0m[34;1m     45908[0m[34;1m   2394588[0m[34;1m   2274136[0m[34;1m     74.91[0m[34;1m    713600[0m[34;1m   1916604[0m[34;1m        20[0m
10:45:33   [34;1m    263564[0m[34;1m   1623264[0m[34;1m    241172[0m[34;1m      7.94[0m[34;1m     45908[0m[34;1m   2394592[0m[34;1m   2274136[0m[34;1m     74.91[0m[34;1m    713600[0m[34;1m   1916824[0m[34;1m        28[0m
10:45:34   [34;1m    263564[0m[34;1m   1623268[0m[34;1m    241160[0m[34;1m      7.94[0m[34;1m     45908[0m[34;1m   2394596[0m[34;1m   2274136[0m[34;1m     74.91[0m[34;1m    713600[0m[34;1m   1916804[0m[34;1m        32[0m
10:45:35   [34;1m    263564[0m[34;1m   1623268[0m[34;1m    241160[0m[34;1m      7.94[0m[34;1m     45908[0m[34;1m   2394596[0m[34;1m   2269800[0m[34;1m     74.76[0m[34;1m    713600[0m[34;1m   1915336[0m[34;1m        32[0m
10:45:36   [34;1m    263564[0m[34;1m   1623272[0m[34;1m    241176[0m[34;1m      7.94[0m[34;1m     45908[0m[34;1m   2394596[0m[34;1m   2269800[0m[34;1m     74.76[0m[34;1m    713600[0m[34;1m   1915292[0m[34;1m        32[0m
10:45:37   [34;1m    263564[0m[34;1m   1623272[0m[34;1m    241164[0m[34;1m      7.94[0m[34;1m     45916[0m[34;1m   2394600[0m[34;1m   2269800[0m[34;1m     74.76[0m[34;1m    713600[0m[34;1m   1915352[0m[34;1m        40[0m
10:45:38   [34;1m    263564[0m[34;1m   1623284[0m[34;1m    241164[0m[34;1m      7.94[0m[34;1m     45916[0m[34;1m   2394604[0m[34;1m   2269800[0m[34;1m     74.76[0m[34;1m    713608[0m[34;1m   1915704[0m[34;1m        44[0m
10:45:39   [34;1m    263564[0m[34;1m   1623288[0m[34;1m    241164[0m[34;1m      7.94[0m[34;1m     45916[0m[34;1m   2394604[0m[34;1m   2269800[0m[34;1m     74.76[0m[34;1m    713608[0m[34;1m   1915700[0m[34;1m        44[0m
10:45:40   [34;1m    263564[0m[34;1m   1623288[0m[34;1m    241156[0m[34;1m      7.94[0m[34;1m     45916[0m[34;1m   2394608[0m[34;1m   2269800[0m[34;1m     74.76[0m[34;1m    713608[0m[34;1m   1915700[0m[34;1m        48[0m
10:45:41   [34;1m    263564[0m[34;1m   1623288[0m[34;1m    241156[0m[34;1m      7.94[0m[34;1m     45916[0m[34;1m   2394608[0m[34;1m   2269800[0m[34;1m     74.76[0m[34;1m    713608[0m[34;1m   1915700[0m[34;1m        48[0m
10:45:42   [34;1m    263564[0m[34;1m   1623288[0m[34;1m    241144[0m[34;1m      7.94[0m[34;1m     45924[0m[34;1m   2394612[0m[34;1m   2269800[0m[34;1m     74.76[0m[34;1m    713608[0m[34;1m   1915700[0m[34;1m        52[0m
10:45:43   [34;1m    263060[0m[34;1m   1622784[0m[34;1m    241648[0m[34;1m      7.96[0m[34;1m     45924[0m[34;1m   2394612[0m[34;1m   2269800[0m[34;1m     74.76[0m[34;1m    713608[0m[34;1m   1915940[0m[34;1m        52[0m
10:45:44   [34;1m    263060[0m[34;1m   1622800[0m[34;1m    241644[0m[34;1m      7.96[0m[34;1m     45924[0m[34;1m   2394616[0m[34;1m   2269800[0m[34;1m     74.76[0m[34;1m    713616[0m[34;1m   1915992[0m[34;1m        56[0m
10:45:45   [34;1m    263060[0m[34;1m   1622800[0m[34;1m    241644[0m[34;1m      7.96[0m[34;1m     45924[0m[34;1m   2394616[0m[34;1m   2269800[0m[34;1m     74.76[0m[34;1m    713616[0m[34;1m   1915992[0m[34;1m        56[0m
10:45:46   [34;1m    263060[0m[34;1m   1622804[0m[34;1m    241644[0m[34;1m      7.96[0m[34;1m     45924[0m[34;1m   2394616[0m[34;1m   2269800[0m[34;1m     74.76[0m[34;1m    713616[0m[34;1m   1916052[0m[34;1m        56[0m
10:45:47   [34;1m    262808[0m[34;1m   1622564[0m[34;1m    241884[0m[34;1m      7.97[0m[34;1m     45932[0m[34;1m   2394620[0m[34;1m   2269800[0m[34;1m     74.76[0m[34;1m    713624[0m[34;1m   1916152[0m[34;1m        60[0m
10:45:48   [34;1m    262808[0m[34;1m   1622564[0m[34;1m    241876[0m[34;1m      7.97[0m[34;1m     45932[0m[34;1m   2394624[0m[34;1m   2269800[0m[34;1m     74.76[0m[34;1m    713620[0m[34;1m   1916516[0m[34;1m        64[0m
10:45:49   [34;1m    262808[0m[34;1m   1622568[0m[34;1m    241876[0m[34;1m      7.97[0m[34;1m     45932[0m[34;1m   2394624[0m[34;1m   2269800[0m[34;1m     74.76[0m[34;1m    713624[0m[34;1m   1916520[0m[34;1m         4[0m
10:45:50   [34;1m    262808[0m[34;1m   1622568[0m[34;1m    241872[0m[34;1m      7.97[0m[34;1m     45932[0m[34;1m   2394628[0m[34;1m   2269800[0m[34;1m     74.76[0m[34;1m    713624[0m[34;1m   1916520[0m[34;1m         8[0m
10:45:51   [34;1m    262808[0m[34;1m   1622572[0m[34;1m    241784[0m[34;1m      7.96[0m[34;1m     45932[0m[34;1m   2394632[0m[34;1m   2278232[0m[35;1m     75.04[0m[34;1m    713624[0m[34;1m   1917976[0m[34;1m        12[0m
10:45:52   [34;1m    262808[0m[34;1m   1622576[0m[34;1m    241840[0m[34;1m      7.97[0m[34;1m     45936[0m[34;1m   2394632[0m[34;1m   2278232[0m[35;1m     75.04[0m[34;1m    713624[0m[34;1m   1918016[0m[34;1m        32[0m
10:45:53   [34;1m    262052[0m[34;1m   1621824[0m[34;1m    242592[0m[34;1m      7.99[0m[34;1m     45936[0m[34;1m   2394632[0m[34;1m   2278232[0m[35;1m     75.04[0m[34;1m    713628[0m[34;1m   1918556[0m[34;1m        36[0m
10:45:54   [34;1m    262052[0m[34;1m   1621824[0m[34;1m    242584[0m[34;1m      7.99[0m[34;1m     45936[0m[34;1m   2394636[0m[34;1m   2278232[0m[35;1m     75.04[0m[34;1m    713628[0m[34;1m   1918520[0m[34;1m        40[0m
10:45:55   [34;1m    262052[0m[34;1m   1621824[0m[34;1m    242584[0m[34;1m      7.99[0m[34;1m     45936[0m[34;1m   2394636[0m[34;1m   2273896[0m[34;1m     74.90[0m[34;1m    713628[0m[34;1m   1917120[0m[34;1m        40[0m
10:45:56   [34;1m    262052[0m[34;1m   1621828[0m[34;1m    242592[0m[34;1m      7.99[0m[34;1m     45936[0m[34;1m   2394640[0m[34;1m   2273896[0m[34;1m     74.90[0m[34;1m    713628[0m[34;1m   1916956[0m[34;1m        44[0m
10:45:57   [34;1m    262052[0m[34;1m   1621828[0m[34;1m    242592[0m[34;1m      7.99[0m[34;1m     45940[0m[34;1m   2394636[0m[34;1m   2273896[0m[34;1m     74.90[0m[34;1m    713628[0m[34;1m   1916956[0m[34;1m        44[0m
10:45:58   [34;1m    262052[0m[34;1m   1621840[0m[34;1m    242620[0m[34;1m      7.99[0m[34;1m     45940[0m[34;1m   2394644[0m[34;1m   2273896[0m[34;1m     74.90[0m[34;1m    713628[0m[34;1m   1917064[0m[34;1m        52[0m
10:45:59   [34;1m    261044[0m[34;1m   1620832[0m[34;1m    243624[0m[34;1m      8.02[0m[34;1m     45940[0m[34;1m   2394648[0m[34;1m   2273896[0m[34;1m     74.90[0m[34;1m    713632[0m[34;1m   1917000[0m[34;1m        56[0m
10:46:00   [34;1m    261044[0m[34;1m   1620836[0m[34;1m    243624[0m[34;1m      8.02[0m[34;1m     45940[0m[34;1m   2394648[0m[34;1m   2273896[0m[34;1m     74.90[0m[34;1m    713632[0m[34;1m   1916996[0m[34;1m        56[0m
10:46:01   [34;1m    261044[0m[34;1m   1620840[0m[34;1m    243620[0m[34;1m      8.02[0m[34;1m     45940[0m[34;1m   2394652[0m[34;1m   2273896[0m[34;1m     74.90[0m[34;1m    713632[0m[34;1m   1916960[0m[34;1m        60[0m
10:46:02   [34;1m    261044[0m[34;1m   1620840[0m[34;1m    243620[0m[34;1m      8.02[0m[34;1m     45940[0m[34;1m   2394652[0m[34;1m   2273896[0m[34;1m     74.90[0m[34;1m    713632[0m[34;1m   1917020[0m[34;1m        60[0m
10:46:03   [34;1m    261044[0m[34;1m   1620856[0m[34;1m    243604[0m[34;1m      8.02[0m[34;1m     45948[0m[34;1m   2394660[0m[34;1m   2273896[0m[34;1m     74.90[0m[34;1m    713632[0m[34;1m   1917252[0m[34;1m        72[0m
10:46:04   [34;1m    261044[0m[34;1m   1620860[0m[34;1m    243600[0m[34;1m      8.02[0m[34;1m     45948[0m[34;1m   2394664[0m[34;1m   2273896[0m[34;1m     74.90[0m[34;1m    713640[0m[34;1m   1917348[0m[34;1m        76[0m
10:46:05   [34;1m    261044[0m[34;1m   1620860[0m[34;1m    243600[0m[34;1m      8.02[0m[34;1m     45948[0m[34;1m   2394664[0m[34;1m   2273896[0m[34;1m     74.90[0m[34;1m    713640[0m[34;1m   1917228[0m[34;1m        76[0m
10:46:06   [34;1m    261044[0m[34;1m   1620864[0m[34;1m    243596[0m[34;1m      8.02[0m[34;1m     45948[0m[34;1m   2394668[0m[34;1m   2273896[0m[34;1m     74.90[0m[34;1m    713640[0m[34;1m   1917232[0m[34;1m        80[0m
10:46:07   [34;1m    261044[0m[34;1m   1620864[0m[34;1m    243592[0m[34;1m      8.02[0m[34;1m     45948[0m[34;1m   2394672[0m[34;1m   2273896[0m[34;1m     74.90[0m[34;1m    713640[0m[34;1m   1917292[0m[34;1m        84[0m
10:46:08   [34;1m    261044[0m[34;1m   1620868[0m[34;1m    243580[0m[34;1m      8.02[0m[34;1m     45956[0m[34;1m   2394672[0m[34;1m   2273896[0m[34;1m     74.90[0m[34;1m    713640[0m[34;1m   1917632[0m[34;1m        84[0m
10:46:09   [34;1m    261044[0m[34;1m   1620876[0m[34;1m    243576[0m[34;1m      8.02[0m[34;1m     45956[0m[34;1m   2394676[0m[34;1m   2273896[0m[34;1m     74.90[0m[34;1m    713648[0m[34;1m   1917560[0m[34;1m        88[0m
10:46:10   [34;1m    261044[0m[34;1m   1620876[0m[34;1m    243576[0m[34;1m      8.02[0m[34;1m     45956[0m[34;1m   2394676[0m[34;1m   2273896[0m[34;1m     74.90[0m[34;1m    713648[0m[34;1m   1917560[0m[34;1m        88[0m
10:46:11   [34;1m    261044[0m[34;1m   1620876[0m[34;1m    243576[0m[34;1m      8.02[0m[34;1m     45956[0m[34;1m   2394676[0m[34;1m   2278232[0m[35;1m     75.04[0m[34;1m    713648[0m[34;1m   1919060[0m[34;1m        88[0m
10:46:12   [34;1m    261040[0m[34;1m   1620880[0m[34;1m    243568[0m[34;1m      8.02[0m[34;1m     45956[0m[34;1m   2394684[0m[34;1m   2278232[0m[35;1m     75.04[0m[34;1m    713648[0m[34;1m   1918900[0m[34;1m        96[0m
10:46:13   [34;1m    261040[0m[34;1m   1620884[0m[34;1m    243560[0m[34;1m      8.02[0m[34;1m     45964[0m[34;1m   2394684[0m[34;1m   2278232[0m[35;1m     75.04[0m[34;1m    713648[0m[34;1m   1916096[0m[34;1m        96[0m
10:46:14   [34;1m    261040[0m[34;1m   1620884[0m[34;1m    243552[0m[34;1m      8.02[0m[34;1m     45964[0m[34;1m   2394688[0m[34;1m   2278232[0m[35;1m     75.04[0m[34;1m    713648[0m[34;1m   1916096[0m[34;1m       100[0m
10:46:15   [34;1m    261040[0m[34;1m   1620896[0m[34;1m    243556[0m[34;1m      8.02[0m[34;1m     45964[0m[34;1m   2394688[0m[34;1m   2273896[0m[34;1m     74.90[0m[34;1m    713656[0m[34;1m   1914672[0m[34;1m       100[0m
10:46:16   [34;1m    261040[0m[34;1m   1620896[0m[34;1m    243564[0m[34;1m      8.02[0m[34;1m     45964[0m[34;1m   2394692[0m[34;1m   2273896[0m[34;1m     74.90[0m[34;1m    713656[0m[34;1m   1914620[0m[34;1m       104[0m
10:46:17   [34;1m    261040[0m[34;1m   1620900[0m[34;1m    243564[0m[34;1m      8.02[0m[34;1m     45964[0m[34;1m   2394692[0m[34;1m   2273896[0m[34;1m     74.90[0m[34;1m    713656[0m[34;1m   1914672[0m[34;1m       104[0m
10:46:18   [34;1m    261040[0m[34;1m   1620908[0m[34;1m    243556[0m[34;1m      8.02[0m[34;1m     45972[0m[34;1m   2394692[0m[34;1m   2273896[0m[34;1m     74.90[0m[34;1m    713656[0m[34;1m   1914848[0m[34;1m       104[0m
10:46:19   [34;1m    261040[0m[34;1m   1620908[0m[34;1m    243552[0m[34;1m      8.02[0m[34;1m     45972[0m[34;1m   2394696[0m[34;1m   2273896[0m[34;1m     74.90[0m[34;1m    713664[0m[34;1m   1914824[0m[34;1m       108[0m
10:46:20   [34;1m    261040[0m[34;1m   1620912[0m[34;1m    243552[0m[34;1m      8.02[0m[34;1m     45972[0m[34;1m   2394696[0m[34;1m   2273896[0m[34;1m     74.90[0m[34;1m    713664[0m[34;1m   1914836[0m[34;1m        40[0m
10:46:21   [34;1m    261040[0m[34;1m   1620912[0m[34;1m    243552[0m[34;1m      8.02[0m[34;1m     45972[0m[34;1m   2394696[0m[34;1m   2273896[0m[34;1m     74.90[0m[34;1m    713664[0m[34;1m   1914836[0m[34;1m        40[0m
10:46:22   [34;1m    261040[0m[34;1m   1620912[0m[34;1m    243548[0m[34;1m      8.02[0m[34;1m     45972[0m[34;1m   2394700[0m[34;1m   2273896[0m[34;1m     74.90[0m[34;1m    713664[0m[34;1m   1914836[0m[34;1m        44[0m
10:46:23   [34;1m    261040[0m[34;1m   1620920[0m[34;1m    243536[0m[34;1m      8.02[0m[34;1m     45980[0m[34;1m   2394704[0m[34;1m   2273896[0m[34;1m     74.90[0m[34;1m    713668[0m[34;1m   1914884[0m[34;1m        48[0m
10:46:24   [34;1m    261040[0m[34;1m   1620920[0m[34;1m    243536[0m[34;1m      8.02[0m[34;1m     45980[0m[34;1m   2394704[0m[34;1m   2273896[0m[34;1m     74.90[0m[34;1m    713664[0m[34;1m   1914880[0m[34;1m        48[0m
10:46:25   [34;1m    261040[0m[34;1m   1620928[0m[34;1m    243536[0m[34;1m      8.02[0m[34;1m     45980[0m[34;1m   2394704[0m[34;1m   2273896[0m[34;1m     74.90[0m[34;1m    713672[0m[34;1m   1915044[0m[34;1m        12[0m
10:46:26   [34;1m    261040[0m[34;1m   1620932[0m[34;1m    243532[0m[34;1m      8.02[0m[34;1m     45980[0m[34;1m   2394708[0m[34;1m   2273896[0m[34;1m     74.90[0m[34;1m    713672[0m[34;1m   1915164[0m[34;1m        16[0m
10:46:27   [34;1m    261040[0m[34;1m   1620932[0m[34;1m    243532[0m[34;1m      8.02[0m[34;1m     45980[0m[34;1m   2394708[0m[34;1m   2273896[0m[34;1m     74.90[0m[34;1m    713672[0m[34;1m   1915404[0m[34;1m        16[0m
10:46:28   [34;1m    260032[0m[34;1m   1619928[0m[34;1m    244528[0m[34;1m      8.05[0m[34;1m     45980[0m[34;1m   2394712[0m[34;1m   2273896[0m[34;1m     74.90[0m[34;1m    713672[0m[34;1m   1915984[0m[34;1m        20[0m
10:46:29   [34;1m    260032[0m[34;1m   1619932[0m[34;1m    244524[0m[34;1m      8.05[0m[34;1m     45984[0m[34;1m   2394716[0m[34;1m   2273896[0m[34;1m     74.90[0m[34;1m    713676[0m[34;1m   1915572[0m[34;1m        44[0m
10:46:30   [34;1m    260032[0m[34;1m   1619932[0m[34;1m    244524[0m[34;1m      8.05[0m[34;1m     45984[0m[34;1m   2394716[0m[34;1m   2273896[0m[34;1m     74.90[0m[34;1m    713676[0m[34;1m   1915604[0m[34;1m        44[0m
10:46:31   [34;1m    258520[0m[34;1m   1618428[0m[34;1m    246008[0m[34;1m      8.10[0m[34;1m     45984[0m[34;1m   2394724[0m[34;1m   2278232[0m[35;1m     75.04[0m[34;1m    713676[0m[34;1m   1917016[0m[34;1m        52[0m
10:46:32   [34;1m    258520[0m[34;1m   1618428[0m[34;1m    246008[0m[34;1m      8.10[0m[34;1m     45984[0m[34;1m   2394724[0m[34;1m   2278232[0m[35;1m     75.04[0m[34;1m    713676[0m[34;1m   1917016[0m[34;1m        52[0m
10:46:33   [34;1m    258268[0m[34;1m   1618180[0m[34;1m    246260[0m[34;1m      8.11[0m[34;1m     45984[0m[34;1m   2394724[0m[34;1m   2278232[0m[35;1m     75.04[0m[34;1m    713676[0m[34;1m   1917236[0m[34;1m        56[0m
10:46:34   [34;1m    258268[0m[34;1m   1618184[0m[34;1m    246248[0m[34;1m      8.11[0m[34;1m     45988[0m[34;1m   2394728[0m[34;1m   2278232[0m[35;1m     75.04[0m[34;1m    713676[0m[34;1m   1917244[0m[34;1m        60[0m
10:46:35   [34;1m    258268[0m[34;1m   1618184[0m[34;1m    246244[0m[34;1m      8.11[0m[34;1m     45988[0m[34;1m   2394732[0m[34;1m   2273896[0m[34;1m     74.90[0m[34;1m    713676[0m[34;1m   1915844[0m[34;1m        64[0m
10:46:36   [34;1m    258268[0m[34;1m   1618192[0m[34;1m    246248[0m[34;1m      8.11[0m[34;1m     45988[0m[34;1m   2394736[0m[34;1m   2273896[0m[34;1m     74.90[0m[34;1m    713680[0m[34;1m   1915688[0m[34;1m        68[0m
10:46:37   [34;1m    258268[0m[34;1m   1618192[0m[34;1m    246248[0m[34;1m      8.11[0m[34;1m     45988[0m[34;1m   2394736[0m[34;1m   2273896[0m[34;1m     74.90[0m[34;1m    713680[0m[34;1m   1915688[0m[34;1m        68[0m
10:46:38   [34;1m    257008[0m[34;1m   1616936[0m[34;1m    247508[0m[34;1m      8.15[0m[34;1m     45988[0m[34;1m   2394740[0m[34;1m   2273896[0m[34;1m     74.90[0m[34;1m    713680[0m[34;1m   1915980[0m[34;1m        72[0m
10:46:39   [34;1m    257008[0m[34;1m   1616940[0m[34;1m    247496[0m[34;1m      8.15[0m[34;1m     45996[0m[34;1m   2394744[0m[34;1m   2273896[0m[34;1m     74.90[0m[34;1m    713680[0m[34;1m   1915900[0m[34;1m        76[0m
10:46:40   [34;1m    257008[0m[34;1m   1616940[0m[34;1m    247496[0m[34;1m      8.15[0m[34;1m     45996[0m[34;1m   2394744[0m[34;1m   2273896[0m[34;1m     74.90[0m[34;1m    713680[0m[34;1m   1915900[0m[34;1m        76[0m
10:46:41   [34;1m    257008[0m[34;1m   1616940[0m[34;1m    247492[0m[34;1m      8.15[0m[34;1m     45996[0m[34;1m   2394748[0m[34;1m   2273896[0m[34;1m     74.90[0m[34;1m    713680[0m[34;1m   1915900[0m[34;1m        80[0m
10:46:42   [34;1m    257008[0m[34;1m   1616940[0m[34;1m    247488[0m[34;1m      8.15[0m[34;1m     45996[0m[34;1m   2394752[0m[34;1m   2273896[0m[34;1m     74.90[0m[34;1m    713680[0m[34;1m   1915900[0m[34;1m        84[0m
10:46:43   [34;1m    256756[0m[34;1m   1616700[0m[34;1m    247740[0m[34;1m      8.16[0m[34;1m     45996[0m[34;1m   2394752[0m[34;1m   2273896[0m[34;1m     74.90[0m[34;1m    713688[0m[34;1m   1916112[0m[34;1m        84[0m
10:46:44   [34;1m    256756[0m[34;1m   1616712[0m[34;1m    247736[0m[34;1m      8.16[0m[34;1m     46004[0m[34;1m   2394748[0m[34;1m   2273896[0m[34;1m     74.90[0m[34;1m    713688[0m[34;1m   1916084[0m[34;1m        88[0m
10:46:45   [34;1m    256756[0m[34;1m   1616712[0m[34;1m    247728[0m[34;1m      8.16[0m[34;1m     46004[0m[34;1m   2394756[0m[34;1m   2273896[0m[34;1m     74.90[0m[34;1m    713688[0m[34;1m   1916084[0m[34;1m        88[0m
10:46:46   [34;1m    256756[0m[34;1m   1616712[0m[34;1m    247724[0m[34;1m      8.16[0m[34;1m     46004[0m[34;1m   2394760[0m[34;1m   2273896[0m[34;1m     74.90[0m[34;1m    713688[0m[34;1m   1916084[0m[34;1m        92[0m
10:46:47   [34;1m    256756[0m[34;1m   1616716[0m[34;1m    247724[0m[34;1m      8.16[0m[34;1m     46004[0m[34;1m   2394760[0m[34;1m   2273896[0m[34;1m     74.90[0m[34;1m    713688[0m[34;1m   1915988[0m[34;1m        92[0m
10:46:48   [34;1m    256756[0m[34;1m   1616728[0m[34;1m    247724[0m[34;1m      8.16[0m[34;1m     46004[0m[34;1m   2394764[0m[34;1m   2273896[0m[34;1m     74.90[0m[34;1m    713696[0m[34;1m   1916180[0m[34;1m        96[0m
10:46:49   [34;1m    256756[0m[34;1m   1616728[0m[34;1m    247724[0m[34;1m      8.16[0m[34;1m     46004[0m[34;1m   2394768[0m[34;1m   2273896[0m[34;1m     74.90[0m[34;1m    713696[0m[34;1m   1916036[0m[34;1m       100[0m
10:46:50   [34;1m    256756[0m[34;1m   1616728[0m[34;1m    247716[0m[34;1m      8.16[0m[34;1m     46012[0m[34;1m   2394768[0m[34;1m   2273896[0m[34;1m     74.90[0m[34;1m    713696[0m[34;1m   1916036[0m[34;1m       100[0m
10:46:51   [34;1m    255748[0m[34;1m   1615732[0m[34;1m    248712[0m[34;1m      8.19[0m[34;1m     46012[0m[34;1m   2394772[0m[34;1m   2278232[0m[35;1m     75.04[0m[34;1m    713704[0m[34;1m   1917616[0m[34;1m        32[0m
10:46:52   [34;1m    255748[0m[34;1m   1615732[0m[34;1m    248712[0m[34;1m      8.19[0m[34;1m     46012[0m[34;1m   2394772[0m[34;1m   2278232[0m[35;1m     75.04[0m[34;1m    713704[0m[34;1m   1917616[0m[34;1m        32[0m
10:46:53   [34;1m    255748[0m[34;1m   1615732[0m[34;1m    248708[0m[34;1m      8.19[0m[34;1m     46012[0m[34;1m   2394776[0m[34;1m   2278232[0m[35;1m     75.04[0m[34;1m    713704[0m[34;1m   1917716[0m[34;1m        36[0m
10:46:54   [34;1m    255748[0m[34;1m   1615740[0m[34;1m    248708[0m[34;1m      8.19[0m[34;1m     46012[0m[34;1m   2394776[0m[34;1m   2278232[0m[35;1m     75.04[0m[34;1m    713704[0m[34;1m   1917668[0m[34;1m        36[0m
10:46:55   [34;1m    255748[0m[34;1m   1615740[0m[34;1m    248696[0m[34;1m      8.19[0m[34;1m     46020[0m[34;1m   2394780[0m[34;1m   2273896[0m[34;1m     74.90[0m[34;1m    713704[0m[34;1m   1916168[0m[34;1m        48[0m
10:46:56   [34;1m    255748[0m[34;1m   1615748[0m[34;1m    248696[0m[34;1m      8.19[0m[34;1m     46020[0m[34;1m   2394784[0m[34;1m   2273896[0m[34;1m     74.90[0m[34;1m    713712[0m[34;1m   1916072[0m[34;1m        52[0m
10:46:57   [34;1m    255748[0m[34;1m   1615760[0m[34;1m    248692[0m[34;1m      8.19[0m[34;1m     46020[0m[34;1m   2394788[0m[34;1m   2273896[0m[34;1m     74.90[0m[34;1m    713712[0m[34;1m   1916232[0m[34;1m        56[0m
10:46:58   [34;1m    255748[0m[34;1m   1615764[0m[34;1m    248688[0m[34;1m      8.19[0m[34;1m     46020[0m[34;1m   2394792[0m[34;1m   2273896[0m[34;1m     74.90[0m[34;1m    713712[0m[34;1m   1916324[0m[34;1m        60[0m
10:46:59   [34;1m    255496[0m[34;1m   1615512[0m[34;1m    248940[0m[34;1m      8.20[0m[34;1m     46020[0m[34;1m   2394792[0m[34;1m   2273896[0m[34;1m     74.90[0m[34;1m    713712[0m[34;1m   1916284[0m[34;1m        60[0m
10:47:00   [34;1m    255496[0m[34;1m   1615512[0m[34;1m    248932[0m[34;1m      8.20[0m[34;1m     46028[0m[34;1m   2394792[0m[34;1m   2273896[0m[34;1m     74.90[0m[34;1m    713712[0m[34;1m   1916284[0m[34;1m        60[0m
10:47:01   [34;1m    255496[0m[34;1m   1615512[0m[34;1m    248932[0m[34;1m      8.20[0m[34;1m     46028[0m[34;1m   2394792[0m[34;1m   2273896[0m[34;1m     74.90[0m[34;1m    713712[0m[34;1m   1916212[0m[34;1m        32[0m
10:47:02   [34;1m    255496[0m[34;1m   1615512[0m[34;1m    248928[0m[34;1m      8.20[0m[34;1m     46028[0m[34;1m   2394796[0m[34;1m   2273896[0m[34;1m     74.90[0m[34;1m    713712[0m[34;1m   1916212[0m[34;1m        36[0m
10:47:03   [34;1m    253732[0m[34;1m   1613764[0m[34;1m    250692[0m[34;1m      8.26[0m[34;1m     46028[0m[34;1m   2394800[0m[34;1m   2273896[0m[34;1m     74.90[0m[34;1m    713728[0m[34;1m   1916288[0m[34;1m        40[0m
10:47:04   [34;1m    253732[0m[34;1m   1613764[0m[34;1m    250688[0m[34;1m      8.26[0m[34;1m     46028[0m[34;1m   2394804[0m[34;1m   2273896[0m[34;1m     74.90[0m[34;1m    713720[0m[34;1m   1916224[0m[34;1m        44[0m
10:47:05   [34;1m    253732[0m[34;1m   1613764[0m[34;1m    250688[0m[34;1m      8.26[0m[34;1m     46036[0m[34;1m   2394796[0m[34;1m   2273896[0m[34;1m     74.90[0m[34;1m    713720[0m[34;1m   1916224[0m[34;1m        44[0m
10:47:06   [34;1m    253732[0m[34;1m   1613772[0m[34;1m    250676[0m[34;1m      8.26[0m[34;1m     46036[0m[34;1m   2394808[0m[34;1m   2273896[0m[34;1m     74.90[0m[34;1m    713720[0m[34;1m   1916232[0m[34;1m        52[0m
10:47:07   [34;1m    253732[0m[34;1m   1613772[0m[34;1m    250672[0m[34;1m      8.26[0m[34;1m     46036[0m[34;1m   2394812[0m[34;1m   2273896[0m[34;1m     74.90[0m[34;1m    713720[0m[34;1m   1916232[0m[34;1m        56[0m
10:47:08   [34;1m    251968[0m[34;1m   1612024[0m[34;1m    252424[0m[34;1m      8.31[0m[34;1m     46036[0m[34;1m   2394816[0m[34;1m   2273896[0m[34;1m     74.90[0m[34;1m    713732[0m[34;1m   1916368[0m[34;1m        60[0m
10:47:09   [34;1m    251968[0m[34;1m   1612024[0m[34;1m    252424[0m[34;1m      8.31[0m[34;1m     46036[0m[34;1m   2394816[0m[34;1m   2273896[0m[34;1m     74.90[0m[34;1m    713728[0m[34;1m   1916308[0m[34;1m        60[0m
10:47:10   [34;1m    251968[0m[34;1m   1612024[0m[34;1m    252420[0m[34;1m      8.31[0m[34;1m     46036[0m[34;1m   2394820[0m[34;1m   2273896[0m[34;1m     74.90[0m[34;1m    713728[0m[34;1m   1916308[0m[34;1m        64[0m
10:47:11   [34;1m    250708[0m[34;1m   1610764[0m[34;1m    253572[0m[34;1m      8.35[0m[34;1m     46044[0m[34;1m   2394820[0m[34;1m   2278232[0m[35;1m     75.04[0m[34;1m    713728[0m[34;1m   1917708[0m[34;1m        64[0m
10:47:12   [34;1m    250708[0m[34;1m   1610776[0m[34;1m    253644[0m[34;1m      8.35[0m[34;1m     46044[0m[34;1m   2394824[0m[34;1m   2278232[0m[35;1m     75.04[0m[34;1m    713736[0m[34;1m   1917872[0m[34;1m        68[0m
10:47:13   [34;1m    250204[0m[34;1m   1610272[0m[34;1m    254144[0m[34;1m      8.37[0m[34;1m     46044[0m[34;1m   2394828[0m[34;1m   2278232[0m[35;1m     75.04[0m[34;1m    713736[0m[34;1m   1918072[0m[34;1m        76[0m
10:47:14   [34;1m    250204[0m[34;1m   1610280[0m[34;1m    254140[0m[34;1m      8.37[0m[34;1m     46044[0m[34;1m   2394828[0m[34;1m   2278232[0m[35;1m     75.04[0m[34;1m    713736[0m[34;1m   1917904[0m[34;1m        76[0m
10:47:15   [34;1m    250204[0m[34;1m   1610280[0m[34;1m    254136[0m[34;1m      8.37[0m[34;1m     46044[0m[34;1m   2394832[0m[34;1m   2273896[0m[34;1m     74.90[0m[34;1m    713736[0m[34;1m   1916504[0m[34;1m        80[0m
10:47:16   [34;1m    250204[0m[34;1m   1610284[0m[34;1m    254140[0m[34;1m      8.37[0m[34;1m     46048[0m[34;1m   2394836[0m[34;1m   2273896[0m[34;1m     74.90[0m[34;1m    713736[0m[34;1m   1916340[0m[34;1m        84[0m
10:47:17   [34;1m    250204[0m[34;1m   1610292[0m[34;1m    254140[0m[34;1m      8.37[0m[34;1m     46048[0m[34;1m   2394836[0m[34;1m   2273896[0m[34;1m     74.90[0m[34;1m    713740[0m[34;1m   1916236[0m[34;1m        84[0m
10:47:18   [34;1m    250204[0m[34;1m   1610296[0m[34;1m    254140[0m[34;1m      8.37[0m[34;1m     46048[0m[34;1m   2394840[0m[34;1m   2273896[0m[34;1m     74.90[0m[34;1m    713736[0m[34;1m   1916396[0m[34;1m        88[0m
10:47:19   [34;1m    250204[0m[34;1m   1610296[0m[34;1m    254140[0m[34;1m      8.37[0m[34;1m     46048[0m[34;1m   2394840[0m[34;1m   2273896[0m[34;1m     74.90[0m[34;1m    713740[0m[34;1m   1916460[0m[34;1m        88[0m
10:47:20   [34;1m    250204[0m[34;1m   1610296[0m[34;1m    254144[0m[34;1m      8.37[0m[34;1m     46048[0m[34;1m   2394840[0m[34;1m   2273896[0m[34;1m     74.90[0m[34;1m    713740[0m[34;1m   1916360[0m[34;1m        88[0m
10:47:21   [34;1m    250204[0m[34;1m   1610300[0m[34;1m    254136[0m[34;1m      8.37[0m[34;1m     46052[0m[34;1m   2394840[0m[34;1m   2273896[0m[34;1m     74.90[0m[34;1m    713740[0m[34;1m   1916368[0m[34;1m        20[0m
10:47:22   [34;1m    250204[0m[34;1m   1610300[0m[34;1m    254132[0m[34;1m      8.37[0m[34;1m     46052[0m[34;1m   2394844[0m[34;1m   2273896[0m[34;1m     74.90[0m[34;1m    713740[0m[34;1m   1916368[0m[34;1m        28[0m
10:47:23   [34;1m    250204[0m[34;1m   1610300[0m[34;1m    254128[0m[34;1m      8.37[0m[34;1m     46052[0m[34;1m   2394848[0m[34;1m   2273896[0m[34;1m     74.90[0m[34;1m    713740[0m[34;1m   1916468[0m[34;1m        32[0m
10:47:24   [34;1m    250204[0m[34;1m   1610308[0m[34;1m    254132[0m[34;1m      8.37[0m[34;1m     46052[0m[34;1m   2394852[0m[34;1m   2273896[0m[34;1m     74.90[0m[34;1m    713744[0m[34;1m   1916376[0m[34;1m        36[0m
10:47:25   [34;1m    250204[0m[34;1m   1610308[0m[34;1m    254132[0m[34;1m      8.37[0m[34;1m     46052[0m[34;1m   2394852[0m[34;1m   2273896[0m[34;1m     74.90[0m[34;1m    713744[0m[34;1m   1916376[0m[34;1m        36[0m
10:47:26   [34;1m    250204[0m[34;1m   1610308[0m[34;1m    254132[0m[34;1m      8.37[0m[34;1m     46060[0m[34;1m   2394844[0m[34;1m   2273896[0m[34;1m     74.90[0m[34;1m    713744[0m[34;1m   1916376[0m[34;1m        36[0m
10:47:27   [34;1m    250204[0m[34;1m   1610308[0m[34;1m    254168[0m[34;1m      8.37[0m[34;1m     46060[0m[34;1m   2394856[0m[34;1m   2273896[0m[34;1m     74.90[0m[34;1m    713744[0m[34;1m   1916376[0m[34;1m        40[0m
10:47:28   [34;1m    250204[0m[34;1m   1610308[0m[34;1m    254164[0m[34;1m      8.37[0m[34;1m     46060[0m[34;1m   2394860[0m[34;1m   2273896[0m[34;1m     74.90[0m[34;1m    713744[0m[34;1m   1916476[0m[34;1m        44[0m
10:47:29   [34;1m    250204[0m[34;1m   1610328[0m[34;1m    254168[0m[34;1m      8.37[0m[34;1m     46060[0m[34;1m   2394860[0m[34;1m   2273896[0m[34;1m     74.90[0m[34;1m    713752[0m[34;1m   1916424[0m[34;1m        44[0m
10:47:30   [34;1m    250204[0m[34;1m   1610328[0m[34;1m    254168[0m[34;1m      8.37[0m[34;1m     46060[0m[34;1m   2394860[0m[34;1m   2273896[0m[34;1m     74.90[0m[34;1m    713752[0m[34;1m   1916424[0m[34;1m        44[0m
10:47:31   [34;1m    250204[0m[34;1m   1610328[0m[34;1m    254160[0m[34;1m      8.37[0m[34;1m     46064[0m[34;1m   2394864[0m[34;1m   2278232[0m[35;1m     75.04[0m[34;1m    713752[0m[34;1m   1917924[0m[34;1m        48[0m
10:47:32   [34;1m    250204[0m[34;1m   1610332[0m[34;1m    254164[0m[34;1m      8.37[0m[34;1m     46064[0m[34;1m   2394864[0m[34;1m   2278232[0m[35;1m     75.04[0m[34;1m    713752[0m[34;1m   1917948[0m[34;1m        48[0m
10:47:33   [34;1m    250204[0m[34;1m   1610340[0m[34;1m    254148[0m[34;1m      8.37[0m[34;1m     46064[0m[34;1m   2394868[0m[34;1m   2278232[0m[35;1m     75.04[0m[34;1m    713764[0m[34;1m   1918004[0m[34;1m        52[0m
10:47:34   [34;1m    250204[0m[34;1m   1610340[0m[34;1m    254148[0m[34;1m      8.37[0m[34;1m     46064[0m[34;1m   2394868[0m[34;1m   2278232[0m[35;1m     75.04[0m[34;1m    713756[0m[34;1m   1917984[0m[34;1m        52[0m
10:47:35   [34;1m    250204[0m[34;1m   1610340[0m[34;1m    254148[0m[34;1m      8.37[0m[34;1m     46064[0m[34;1m   2394868[0m[34;1m   2273896[0m[34;1m     74.90[0m[34;1m    713756[0m[34;1m   1916584[0m[34;1m        52[0m
10:47:36   [34;1m    250204[0m[34;1m   1610340[0m[34;1m    254160[0m[34;1m      8.37[0m[34;1m     46064[0m[34;1m   2394872[0m[34;1m   2273896[0m[34;1m     74.90[0m[34;1m    713756[0m[34;1m   1916396[0m[34;1m        56[0m
10:47:37   [34;1m    250204[0m[34;1m   1610344[0m[34;1m    254148[0m[34;1m      8.37[0m[34;1m     46072[0m[34;1m   2394876[0m[34;1m   2273896[0m[34;1m     74.90[0m[34;1m    713756[0m[34;1m   1916404[0m[34;1m        52[0m
10:47:38   [34;1m    250204[0m[34;1m   1610352[0m[34;1m    254168[0m[34;1m      8.37[0m[34;1m     46072[0m[34;1m   2394876[0m[34;1m   2273896[0m[34;1m     74.90[0m[34;1m    713764[0m[34;1m   1916388[0m[34;1m        52[0m
10:47:39   [34;1m    250204[0m[34;1m   1610360[0m[34;1m    254164[0m[34;1m      8.37[0m[34;1m     46072[0m[34;1m   2394880[0m[34;1m   2273896[0m[34;1m     74.90[0m[34;1m    713764[0m[34;1m   1916488[0m[34;1m        56[0m
10:47:40   [34;1m    250204[0m[34;1m   1610360[0m[34;1m    254160[0m[34;1m      8.37[0m[34;1m     46072[0m[34;1m   2394884[0m[34;1m   2273896[0m[34;1m     74.90[0m[34;1m    713764[0m[34;1m   1916488[0m[34;1m        60[0m
10:47:41   [34;1m    250204[0m[34;1m   1610360[0m[34;1m    254164[0m[34;1m      8.37[0m[34;1m     46072[0m[34;1m   2394884[0m[34;1m   2273896[0m[34;1m     74.90[0m[34;1m    713764[0m[34;1m   1916488[0m[34;1m        60[0m
10:47:42   [34;1m    250204[0m[34;1m   1610360[0m[34;1m    254148[0m[34;1m      8.37[0m[34;1m     46080[0m[34;1m   2394888[0m[34;1m   2273896[0m[34;1m     74.90[0m[34;1m    713764[0m[34;1m   1916488[0m[34;1m        64[0m
10:47:43   [34;1m    250204[0m[34;1m   1610360[0m[34;1m    254148[0m[34;1m      8.37[0m[34;1m     46080[0m[34;1m   2394888[0m[34;1m   2273896[0m[34;1m     74.90[0m[34;1m    713764[0m[34;1m   1916588[0m[34;1m        64[0m
10:47:44   [34;1m    250204[0m[34;1m   1610372[0m[34;1m    254144[0m[34;1m      8.37[0m[34;1m     46080[0m[34;1m   2394892[0m[34;1m   2273896[0m[34;1m     74.90[0m[34;1m    713772[0m[34;1m   1916504[0m[34;1m        68[0m
10:47:45   [34;1m    250204[0m[34;1m   1610372[0m[34;1m    254144[0m[34;1m      8.37[0m[34;1m     46080[0m[34;1m   2394892[0m[34;1m   2273896[0m[34;1m     74.90[0m[34;1m    713772[0m[34;1m   1916504[0m[34;1m        68[0m
10:47:46   [34;1m    250204[0m[34;1m   1610372[0m[34;1m    254140[0m[34;1m      8.37[0m[34;1m     46080[0m[34;1m   2394896[0m[34;1m   2273896[0m[34;1m     74.90[0m[34;1m    713772[0m[34;1m   1916504[0m[34;1m        72[0m
10:47:47   [34;1m    250204[0m[34;1m   1610396[0m[34;1m    254128[0m[34;1m      8.37[0m[34;1m     46088[0m[34;1m   2394900[0m[34;1m   2273896[0m[34;1m     74.90[0m[34;1m    713780[0m[34;1m   1916432[0m[34;1m        80[0m
10:47:48   [34;1m    250204[0m[34;1m   1610396[0m[34;1m    254128[0m[34;1m      8.37[0m[34;1m     46088[0m[34;1m   2394900[0m[34;1m   2273896[0m[34;1m     74.90[0m[34;1m    713780[0m[34;1m   1916512[0m[34;1m        80[0m
10:47:49   [34;1m    250204[0m[34;1m   1610396[0m[34;1m    254124[0m[34;1m      8.37[0m[34;1m     46088[0m[34;1m   2394904[0m[34;1m   2273896[0m[34;1m     74.90[0m[34;1m    713780[0m[34;1m   1916504[0m[34;1m        84[0m
10:47:50   [34;1m    250204[0m[34;1m   1610396[0m[34;1m    254124[0m[34;1m      8.37[0m[34;1m     46088[0m[34;1m   2394904[0m[34;1m   2273896[0m[34;1m     74.90[0m[34;1m    713780[0m[34;1m   1916504[0m[34;1m        84[0m
10:47:51   [34;1m    250204[0m[34;1m   1610396[0m[34;1m    254124[0m[34;1m      8.37[0m[34;1m     46088[0m[34;1m   2394904[0m[34;1m   2278232[0m[35;1m     75.04[0m[34;1m    713780[0m[34;1m   1918004[0m[34;1m        84[0m
10:47:52   [34;1m    250204[0m[34;1m   1610404[0m[34;1m    254096[0m[34;1m      8.37[0m[34;1m     46096[0m[34;1m   2394908[0m[34;1m   2278232[0m[35;1m     75.04[0m[34;1m    713780[0m[34;1m   1918072[0m[34;1m        32[0m
10:47:53   [34;1m    250204[0m[34;1m   1610416[0m[34;1m    254080[0m[34;1m      8.37[0m[34;1m     46096[0m[34;1m   2394912[0m[34;1m   2278232[0m[35;1m     75.04[0m[34;1m    713832[0m[34;1m   1918056[0m[34;1m        40[0m
10:47:54   [34;1m    250204[0m[34;1m   1610420[0m[34;1m    254076[0m[34;1m      8.37[0m[34;1m     46096[0m[34;1m   2394916[0m[34;1m   2278232[0m[35;1m     75.04[0m[34;1m    713832[0m[34;1m   1918060[0m[34;1m        44[0m
10:47:55   [34;1m    250204[0m[34;1m   1610420[0m[34;1m    254072[0m[34;1m      8.37[0m[34;1m     46096[0m[34;1m   2394920[0m[34;1m   2273896[0m[34;1m     74.90[0m[34;1m    713832[0m[34;1m   1916560[0m[34;1m        48[0m
10:47:56   [34;1m    250204[0m[34;1m   1610424[0m[34;1m    254072[0m[34;1m      8.37[0m[34;1m     46096[0m[34;1m   2394924[0m[34;1m   2273896[0m[34;1m     74.90[0m[34;1m    713824[0m[34;1m   1916496[0m[34;1m        52[0m
10:47:57   [34;1m    250204[0m[34;1m   1610424[0m[34;1m    254072[0m[34;1m      8.37[0m[34;1m     46104[0m[34;1m   2394916[0m[34;1m   2273896[0m[34;1m     74.90[0m[34;1m    713824[0m[34;1m   1916596[0m[34;1m        52[0m
10:47:58   [34;1m    250204[0m[34;1m   1610436[0m[34;1m    254060[0m[34;1m      8.37[0m[34;1m     46104[0m[34;1m   2394928[0m[34;1m   2273896[0m[34;1m     74.90[0m[34;1m    713832[0m[34;1m   1916752[0m[34;1m        56[0m
10:47:59   [34;1m    250204[0m[34;1m   1610440[0m[34;1m    254052[0m[34;1m      8.37[0m[34;1m     46104[0m[34;1m   2394928[0m[34;1m   2273896[0m[34;1m     74.90[0m[34;1m    713832[0m[34;1m   1916564[0m[34;1m        56[0m
10:48:00   [34;1m    250204[0m[34;1m   1610444[0m[34;1m    254060[0m[34;1m      8.37[0m[34;1m     46104[0m[34;1m   2394932[0m[34;1m   2273896[0m[34;1m     74.90[0m[34;1m    713832[0m[34;1m   1916568[0m[34;1m        60[0m
10:48:01   [34;1m    250204[0m[34;1m   1610444[0m[34;1m    254060[0m[34;1m      8.37[0m[34;1m     46104[0m[34;1m   2394932[0m[34;1m   2273896[0m[34;1m     74.90[0m[34;1m    713832[0m[34;1m   1916496[0m[34;1m        60[0m
10:48:02   [34;1m    250204[0m[34;1m   1610444[0m[34;1m    254060[0m[34;1m      8.37[0m[34;1m     46112[0m[34;1m   2394924[0m[34;1m   2273896[0m[34;1m     74.90[0m[34;1m    713832[0m[34;1m   1916496[0m[34;1m        60[0m
10:48:03   [34;1m    250204[0m[34;1m   1610456[0m[34;1m    254064[0m[34;1m      8.37[0m[34;1m     46112[0m[34;1m   2394936[0m[34;1m   2273896[0m[34;1m     74.90[0m[34;1m    713840[0m[34;1m   1916500[0m[34;1m        64[0m
10:48:04   [34;1m    250204[0m[34;1m   1610456[0m[34;1m    254064[0m[34;1m      8.37[0m[34;1m     46112[0m[34;1m   2394936[0m[34;1m   2273896[0m[34;1m     74.90[0m[34;1m    713840[0m[34;1m   1916500[0m[34;1m        64[0m
10:48:05   [34;1m    250204[0m[34;1m   1610456[0m[34;1m    254060[0m[34;1m      8.37[0m[34;1m     46112[0m[34;1m   2394940[0m[34;1m   2273896[0m[34;1m     74.90[0m[34;1m    713840[0m[34;1m   1916500[0m[34;1m        68[0m
10:48:06   [34;1m    250204[0m[34;1m   1610456[0m[34;1m    254060[0m[34;1m      8.37[0m[34;1m     46112[0m[34;1m   2394940[0m[34;1m   2273896[0m[34;1m     74.90[0m[34;1m    713840[0m[34;1m   1916500[0m[34;1m        68[0m
10:48:07   [34;1m    250204[0m[34;1m   1610464[0m[34;1m    254056[0m[34;1m      8.37[0m[34;1m     46112[0m[34;1m   2394944[0m[34;1m   2273896[0m[34;1m     74.90[0m[34;1m    713840[0m[34;1m   1916508[0m[34;1m        44[0m
10:48:08   [34;1m    250204[0m[34;1m   1610464[0m[34;1m    254048[0m[34;1m      8.37[0m[34;1m     46120[0m[34;1m   2394944[0m[34;1m   2273896[0m[34;1m     74.90[0m[34;1m    713840[0m[34;1m   1916508[0m[34;1m        52[0m
10:48:09   [34;1m    250204[0m[34;1m   1610472[0m[34;1m    254044[0m[34;1m      8.37[0m[34;1m     46120[0m[34;1m   2394948[0m[34;1m   2273896[0m[34;1m     74.90[0m[34;1m    713848[0m[34;1m   1916632[0m[34;1m        56[0m
10:48:10   [34;1m    250204[0m[34;1m   1610472[0m[34;1m    254044[0m[34;1m      8.37[0m[34;1m     46120[0m[34;1m   2394948[0m[34;1m   2273896[0m[34;1m     74.90[0m[34;1m    713848[0m[34;1m   1916632[0m[34;1m        56[0m
10:48:11   [34;1m    250204[0m[34;1m   1610476[0m[34;1m    254020[0m[34;1m      8.37[0m[34;1m     46120[0m[34;1m   2394952[0m[34;1m   2278232[0m[35;1m     75.04[0m[34;1m    713848[0m[34;1m   1918116[0m[34;1m        60[0m
10:48:12   [34;1m    250204[0m[34;1m   1610480[0m[34;1m    254020[0m[34;1m      8.37[0m[34;1m     46120[0m[34;1m   2394952[0m[34;1m   2278232[0m[35;1m     75.04[0m[34;1m    713848[0m[34;1m   1918144[0m[34;1m        60[0m
10:48:13   [34;1m    250204[0m[34;1m   1610480[0m[34;1m    254008[0m[34;1m      8.37[0m[34;1m     46128[0m[34;1m   2394956[0m[34;1m   2278232[0m[35;1m     75.04[0m[34;1m    713848[0m[34;1m   1916324[0m[34;1m        64[0m
10:48:14   [34;1m    250204[0m[34;1m   1610492[0m[34;1m    254004[0m[34;1m      8.37[0m[34;1m     46128[0m[34;1m   2394956[0m[34;1m   2278232[0m[35;1m     75.04[0m[34;1m    713856[0m[34;1m   1916380[0m[34;1m        64[0m
10:48:15   [34;1m    250204[0m[34;1m   1610492[0m[34;1m    254000[0m[34;1m      8.37[0m[34;1m     46128[0m[34;1m   2394960[0m[34;1m   2273896[0m[34;1m     74.90[0m[34;1m    713856[0m[34;1m   1914880[0m[34;1m        68[0m
10:48:16   [34;1m    250204[0m[34;1m   1610492[0m[34;1m    254012[0m[34;1m      8.37[0m[34;1m     46128[0m[34;1m   2394960[0m[34;1m   2273896[0m[34;1m     74.90[0m[34;1m    713856[0m[34;1m   1914788[0m[34;1m        68[0m
10:48:17   [34;1m    250204[0m[34;1m   1610492[0m[34;1m    254008[0m[34;1m      8.37[0m[34;1m     46128[0m[34;1m   2394964[0m[34;1m   2273896[0m[34;1m     74.90[0m[34;1m    713856[0m[34;1m   1914688[0m[34;1m        72[0m
10:48:18   [34;1m    250204[0m[34;1m   1610500[0m[34;1m    253996[0m[34;1m      8.37[0m[34;1m     46136[0m[34;1m   2394968[0m[34;1m   2273896[0m[34;1m     74.90[0m[34;1m    713856[0m[34;1m   1914632[0m[34;1m        76[0m
10:48:19   [34;1m    250204[0m[34;1m   1610512[0m[34;1m    253996[0m[34;1m      8.37[0m[34;1m     46136[0m[34;1m   2394968[0m[34;1m   2273896[0m[34;1m     74.90[0m[34;1m    713864[0m[34;1m   1914712[0m[34;1m        76[0m
10:48:20   [34;1m    250204[0m[34;1m   1610512[0m[34;1m    253992[0m[34;1m      8.37[0m[34;1m     46136[0m[34;1m   2394972[0m[34;1m   2273896[0m[34;1m     74.90[0m[34;1m    713864[0m[34;1m   1914712[0m[34;1m        80[0m
10:48:21   [34;1m    250204[0m[34;1m   1610512[0m[34;1m    253992[0m[34;1m      8.37[0m[34;1m     46136[0m[34;1m   2394972[0m[34;1m   2273896[0m[34;1m     74.90[0m[34;1m    713864[0m[34;1m   1914712[0m[34;1m        80[0m
10:48:22   [34;1m    250204[0m[34;1m   1610512[0m[34;1m    253988[0m[34;1m      8.37[0m[34;1m     46136[0m[34;1m   2394976[0m[34;1m   2273896[0m[34;1m     74.90[0m[34;1m    713864[0m[34;1m   1914712[0m[34;1m        88[0m
10:48:23   [34;1m    250204[0m[34;1m   1610516[0m[34;1m    253984[0m[34;1m      8.37[0m[34;1m     46144[0m[34;1m   2394972[0m[34;1m   2273896[0m[34;1m     74.90[0m[34;1m    713864[0m[34;1m   1914716[0m[34;1m        20[0m
10:48:24   [34;1m    250204[0m[34;1m   1610536[0m[34;1m    253976[0m[34;1m      8.37[0m[34;1m     46144[0m[34;1m   2394984[0m[34;1m   2273896[0m[34;1m     74.90[0m[34;1m    713872[0m[34;1m   1914728[0m[34;1m        32[0m
10:48:25   [34;1m    250204[0m[34;1m   1610536[0m[34;1m    253976[0m[34;1m      8.37[0m[34;1m     46144[0m[34;1m   2394984[0m[34;1m   2273896[0m[34;1m     74.90[0m[34;1m    713872[0m[34;1m   1914728[0m[34;1m        32[0m
10:48:26   [34;1m    250204[0m[34;1m   1610536[0m[34;1m    253972[0m[34;1m      8.37[0m[34;1m     46144[0m[34;1m   2394988[0m[34;1m   2273896[0m[34;1m     74.90[0m[34;1m    713872[0m[34;1m   1914728[0m[34;1m        36[0m
10:48:27   [34;1m    250204[0m[34;1m   1610536[0m[34;1m    253972[0m[34;1m      8.37[0m[34;1m     46144[0m[34;1m   2394988[0m[34;1m   2273896[0m[34;1m     74.90[0m[34;1m    713872[0m[34;1m   1914728[0m[34;1m        36[0m
10:48:28   [34;1m    250204[0m[34;1m   1610540[0m[34;1m    253968[0m[34;1m      8.37[0m[34;1m     46144[0m[34;1m   2394992[0m[34;1m   2273896[0m[34;1m     74.90[0m[34;1m    713872[0m[34;1m   1914832[0m[34;1m        32[0m
10:48:29   [34;1m    250204[0m[34;1m   1610552[0m[34;1m    253960[0m[34;1m      8.36[0m[34;1m     46152[0m[34;1m   2394996[0m[34;1m   2273896[0m[34;1m     74.90[0m[34;1m    713880[0m[34;1m   1914756[0m[34;1m        48[0m
10:48:30   [34;1m    250204[0m[34;1m   1610552[0m[34;1m    253960[0m[34;1m      8.36[0m[34;1m     46152[0m[34;1m   2394996[0m[34;1m   2273896[0m[34;1m     74.90[0m[34;1m    713880[0m[34;1m   1914756[0m[34;1m        48[0m
10:48:31   [34;1m    250204[0m[34;1m   1610560[0m[34;1m    253960[0m[34;1m      8.36[0m[34;1m     46152[0m[34;1m   2395000[0m[34;1m   2278232[0m[35;1m     75.04[0m[34;1m    713880[0m[34;1m   1915632[0m[34;1m        52[0m
10:48:32   [34;1m    250204[0m[34;1m   1610560[0m[34;1m    253936[0m[34;1m      8.36[0m[34;1m     46152[0m[34;1m   2395000[0m[34;1m   2278232[0m[35;1m     75.04[0m[34;1m    713880[0m[34;1m   1915692[0m[34;1m        52[0m
10:48:33   [34;1m    250204[0m[34;1m   1610560[0m[34;1m    253932[0m[34;1m      8.36[0m[34;1m     46152[0m[34;1m   2395004[0m[34;1m   2278232[0m[35;1m     75.04[0m[34;1m    713880[0m[34;1m   1915692[0m[34;1m        60[0m
10:48:34   [34;1m    249448[0m[34;1m   1609808[0m[34;1m    254676[0m[34;1m      8.39[0m[34;1m     46160[0m[34;1m   2395004[0m[34;1m   2278232[0m[35;1m     75.04[0m[34;1m    713880[0m[34;1m   1915784[0m[34;1m        60[0m
10:48:35   [34;1m    249448[0m[34;1m   1609808[0m[34;1m    254672[0m[34;1m      8.39[0m[34;1m     46160[0m[34;1m   2395008[0m[34;1m   2273896[0m[34;1m     74.90[0m[34;1m    713880[0m[34;1m   1914384[0m[34;1m        64[0m
10:48:36   [34;1m    249448[0m[34;1m   1609820[0m[34;1m    254680[0m[34;1m      8.39[0m[34;1m     46160[0m[34;1m   2395008[0m[34;1m   2273896[0m[34;1m     74.90[0m[34;1m    713888[0m[34;1m   1914208[0m[34;1m        64[0m
10:48:37   [34;1m    249448[0m[34;1m   1609820[0m[34;1m    254676[0m[34;1m      8.39[0m[34;1m     46160[0m[34;1m   2395012[0m[34;1m   2273896[0m[34;1m     74.90[0m[34;1m    713888[0m[34;1m   1914208[0m[34;1m        68[0m
10:48:38   [34;1m    249448[0m[34;1m   1609824[0m[34;1m    254672[0m[34;1m      8.39[0m[34;1m     46160[0m[34;1m   2395016[0m[34;1m   2273896[0m[34;1m     74.90[0m[34;1m    713888[0m[34;1m   1914212[0m[34;1m        44[0m
10:48:39   [34;1m    248440[0m[34;1m   1608820[0m[34;1m    255696[0m[34;1m      8.42[0m[34;1m     46168[0m[34;1m   2395016[0m[34;1m   2273896[0m[34;1m     74.90[0m[34;1m    713888[0m[34;1m   1914292[0m[34;1m        48[0m
10:48:40   [34;1m    248440[0m[34;1m   1608820[0m[34;1m    255696[0m[34;1m      8.42[0m[34;1m     46168[0m[34;1m   2395016[0m[34;1m   2273896[0m[34;1m     74.90[0m[34;1m    713888[0m[34;1m   1914292[0m[34;1m        48[0m
10:48:41   [34;1m    248440[0m[34;1m   1608832[0m[34;1m    255692[0m[34;1m      8.42[0m[34;1m     46168[0m[34;1m   2395020[0m[34;1m   2273896[0m[34;1m     74.90[0m[34;1m    713896[0m[34;1m   1914304[0m[34;1m        52[0m
10:48:42   [34;1m    248440[0m[34;1m   1608832[0m[34;1m    255692[0m[34;1m      8.42[0m[34;1m     46168[0m[34;1m   2395020[0m[34;1m   2273896[0m[34;1m     74.90[0m[34;1m    713896[0m[34;1m   1914304[0m[34;1m        52[0m
10:48:43   [34;1m    248440[0m[34;1m   1608832[0m[34;1m    255692[0m[34;1m      8.42[0m[34;1m     46168[0m[34;1m   2395020[0m[34;1m   2273896[0m[34;1m     74.90[0m[34;1m    713896[0m[34;1m   1914364[0m[34;1m        52[0m
10:48:44   [34;1m    248440[0m[34;1m   1608832[0m[34;1m    255688[0m[34;1m      8.42[0m[34;1m     46176[0m[34;1m   2395016[0m[34;1m   2273896[0m[34;1m     74.90[0m[34;1m    713896[0m[34;1m   1914368[0m[34;1m        56[0m
10:48:45   [34;1m    248440[0m[34;1m   1608832[0m[34;1m    255680[0m[34;1m      8.42[0m[34;1m     46176[0m[34;1m   2395024[0m[34;1m   2273896[0m[34;1m     74.90[0m[34;1m    713896[0m[34;1m   1914368[0m[34;1m        60[0m
10:48:46   [34;1m    248440[0m[34;1m   1608832[0m[34;1m    255672[0m[34;1m      8.42[0m[34;1m     46176[0m[34;1m   2395032[0m[34;1m   2273896[0m[34;1m     74.90[0m[34;1m    713896[0m[34;1m   1914368[0m[34;1m        68[0m
10:48:47   [34;1m    248440[0m[34;1m   1608852[0m[34;1m    255672[0m[34;1m      8.42[0m[34;1m     46176[0m[34;1m   2395032[0m[34;1m   2273896[0m[34;1m     74.90[0m[34;1m    713904[0m[34;1m   1914264[0m[34;1m        68[0m
10:48:48   [34;1m    248440[0m[34;1m   1608852[0m[34;1m    255656[0m[34;1m      8.42[0m[34;1m     46176[0m[34;1m   2395036[0m[34;1m   2273896[0m[34;1m     74.90[0m[34;1m    713904[0m[34;1m   1914480[0m[34;1m        72[0m
10:48:49   [34;1m    248440[0m[34;1m   1608856[0m[34;1m    255652[0m[34;1m      8.42[0m[34;1m     46176[0m[34;1m   2395040[0m[34;1m   2273896[0m[34;1m     74.90[0m[34;1m    713904[0m[34;1m   1914456[0m[34;1m        76[0m
10:48:50   [34;1m    248440[0m[34;1m   1608856[0m[34;1m    255644[0m[34;1m      8.42[0m[34;1m     46184[0m[34;1m   2395040[0m[34;1m   2273896[0m[34;1m     74.90[0m[34;1m    713904[0m[34;1m   1914436[0m[34;1m        76[0m
10:48:51   [34;1m    246928[0m[34;1m   1607344[0m[34;1m    257152[0m[34;1m      8.47[0m[34;1m     46184[0m[34;1m   2395044[0m[34;1m   2278232[0m[35;1m     75.04[0m[34;1m    713904[0m[34;1m   1915936[0m[34;1m        80[0m
10:48:52   [34;1m    246928[0m[34;1m   1607356[0m[34;1m    257128[0m[34;1m      8.47[0m[34;1m     46184[0m[34;1m   2395048[0m[34;1m   2278232[0m[35;1m     75.04[0m[34;1m    713912[0m[34;1m   1916000[0m[34;1m        84[0m
10:48:53   [34;1m    246928[0m[34;1m   1607364[0m[34;1m    257124[0m[34;1m      8.47[0m[34;1m     46184[0m[34;1m   2395052[0m[34;1m   2278232[0m[35;1m     75.04[0m[34;1m    713912[0m[34;1m   1915848[0m[34;1m        88[0m
10:48:54   [34;1m    246928[0m[34;1m   1607368[0m[34;1m    257132[0m[34;1m      8.47[0m[34;1m     46184[0m[34;1m   2395052[0m[34;1m   2278232[0m[35;1m     75.04[0m[34;1m    713912[0m[34;1m   1915892[0m[34;1m        16[0m
10:48:55   [34;1m    246928[0m[34;1m   1607368[0m[34;1m    257124[0m[34;1m      8.47[0m[34;1m     46192[0m[34;1m   2395052[0m[34;1m   2273896[0m[34;1m     74.90[0m[34;1m    713912[0m[34;1m   1914452[0m[34;1m        24[0m
10:48:56   [34;1m    246928[0m[34;1m   1607376[0m[34;1m    257128[0m[34;1m      8.47[0m[34;1m     46192[0m[34;1m   2395056[0m[34;1m   2273896[0m[34;1m     74.90[0m[34;1m    713920[0m[34;1m   1914372[0m[34;1m        28[0m
10:48:57   [34;1m    246928[0m[34;1m   1607376[0m[34;1m    257128[0m[34;1m      8.47[0m[34;1m     46192[0m[34;1m   2395056[0m[34;1m   2273896[0m[34;1m     74.90[0m[34;1m    713920[0m[34;1m   1914060[0m[34;1m        28[0m
10:48:58   [34;1m    246928[0m[34;1m   1607380[0m[34;1m    257124[0m[34;1m      8.47[0m[34;1m     46192[0m[34;1m   2395060[0m[34;1m   2273896[0m[34;1m     74.90[0m[34;1m    713920[0m[34;1m   1914212[0m[34;1m        32[0m
10:48:59   [34;1m    247352[0m[34;1m   1607812[0m[34;1m    256712[0m[34;1m      8.46[0m[34;1m     46192[0m[34;1m   2395064[0m[34;1m   2273896[0m[34;1m     74.90[0m[34;1m    713920[0m[34;1m   1914168[0m[34;1m        36[0m
10:49:00   [34;1m    247432[0m[34;1m   1607892[0m[34;1m    256628[0m[34;1m      8.45[0m[34;1m     46200[0m[34;1m   2395056[0m[34;1m   2273896[0m[34;1m     74.90[0m[34;1m    713920[0m[34;1m   1914068[0m[34;1m        36[0m
10:49:01   [34;1m    247432[0m[34;1m   1607900[0m[34;1m    256616[0m[34;1m      8.45[0m[34;1m     46200[0m[34;1m   2395068[0m[34;1m   2273896[0m[34;1m     74.90[0m[34;1m    713928[0m[34;1m   1913984[0m[34;1m        40[0m
10:49:02   [34;1m    247432[0m[34;1m   1607904[0m[34;1m    256616[0m[34;1m      8.45[0m[34;1m     46200[0m[34;1m   2395068[0m[34;1m   2273896[0m[34;1m     74.90[0m[34;1m    713928[0m[34;1m   1914044[0m[34;1m        40[0m
10:49:03   [34;1m    247432[0m[34;1m   1607908[0m[34;1m    256612[0m[34;1m      8.45[0m[34;1m     46200[0m[34;1m   2395072[0m[34;1m   2273896[0m[34;1m     74.90[0m[34;1m    713928[0m[34;1m   1914124[0m[34;1m        44[0m
10:49:04   [34;1m    247432[0m[34;1m   1607908[0m[34;1m    256616[0m[34;1m      8.45[0m[34;1m     46200[0m[34;1m   2395072[0m[34;1m   2273896[0m[34;1m     74.90[0m[34;1m    713928[0m[34;1m   1914124[0m[34;1m        40[0m
10:49:05   [34;1m    247432[0m[34;1m   1607908[0m[34;1m    256612[0m[34;1m      8.45[0m[34;1m     46200[0m[34;1m   2395076[0m[34;1m   2273896[0m[34;1m     74.90[0m[34;1m    713928[0m[34;1m   1914124[0m[34;1m        44[0m
10:49:06   [34;1m    247432[0m[34;1m   1607908[0m[34;1m    256604[0m[34;1m      8.45[0m[34;1m     46208[0m[34;1m   2395076[0m[34;1m   2273896[0m[34;1m     74.90[0m[34;1m    713928[0m[34;1m   1914124[0m[34;1m        44[0m
10:49:07   [34;1m    247432[0m[34;1m   1607908[0m[34;1m    256600[0m[34;1m      8.45[0m[34;1m     46208[0m[34;1m   2395080[0m[34;1m   2273896[0m[34;1m     74.90[0m[34;1m    713928[0m[34;1m   1914124[0m[34;1m        48[0m
10:49:08   [34;1m    247432[0m[34;1m   1607908[0m[34;1m    256596[0m[34;1m      8.45[0m[34;1m     46208[0m[34;1m   2395084[0m[34;1m   2273896[0m[34;1m     74.90[0m[34;1m    713928[0m[34;1m   1914244[0m[34;1m        52[0m
10:49:09   [34;1m    247432[0m[34;1m   1607928[0m[34;1m    256596[0m[34;1m      8.45[0m[34;1m     46208[0m[34;1m   2395084[0m[34;1m   2273896[0m[34;1m     74.90[0m[34;1m    713936[0m[34;1m   1914404[0m[34;1m        52[0m
10:49:10   [34;1m    247432[0m[34;1m   1607932[0m[34;1m    256592[0m[34;1m      8.45[0m[34;1m     46208[0m[34;1m   2395088[0m[34;1m   2273896[0m[34;1m     74.90[0m[34;1m    713936[0m[34;1m   1914308[0m[34;1m        56[0m
10:49:11   [34;1m    247432[0m[34;1m   1607932[0m[34;1m    256480[0m[34;1m      8.45[0m[34;1m     46216[0m[34;1m   2395092[0m[34;1m   2278232[0m[35;1m     75.04[0m[34;1m    713936[0m[34;1m   1915640[0m[34;1m        60[0m
10:49:12   [34;1m    247432[0m[34;1m   1607944[0m[34;1m    256524[0m[34;1m      8.45[0m[34;1m     46216[0m[34;1m   2395096[0m[34;1m   2278232[0m[35;1m     75.04[0m[34;1m    713944[0m[34;1m   1915724[0m[34;1m        64[0m
10:49:13   [34;1m    247432[0m[34;1m   1607944[0m[34;1m    256536[0m[34;1m      8.45[0m[34;1m     46216[0m[34;1m   2395096[0m[34;1m   2278232[0m[35;1m     75.04[0m[34;1m    713944[0m[34;1m   1915724[0m[34;1m        68[0m
10:49:14   [34;1m    247432[0m[34;1m   1607948[0m[34;1m    256524[0m[34;1m      8.45[0m[34;1m     46216[0m[34;1m   2395100[0m[34;1m   2278232[0m[35;1m     75.04[0m[34;1m    713944[0m[34;1m   1915864[0m[34;1m        56[0m
10:49:15   [34;1m    247432[0m[34;1m   1607948[0m[34;1m    256524[0m[34;1m      8.45[0m[34;1m     46216[0m[34;1m   2395100[0m[34;1m   2273896[0m[34;1m     74.90[0m[34;1m    713944[0m[34;1m   1914464[0m[34;1m        56[0m
10:49:16   [34;1m    247432[0m[34;1m   1607956[0m[34;1m    256516[0m[34;1m      8.45[0m[34;1m     46224[0m[34;1m   2395104[0m[34;1m   2273896[0m[34;1m     74.90[0m[34;1m    713944[0m[34;1m   1914416[0m[34;1m        68[0m
10:49:17   [34;1m    247432[0m[34;1m   1607964[0m[34;1m    256516[0m[34;1m      8.45[0m[34;1m     46224[0m[34;1m   2395104[0m[34;1m   2273896[0m[34;1m     74.90[0m[34;1m    713952[0m[34;1m   1914388[0m[34;1m        68[0m
10:49:18   [34;1m    247432[0m[34;1m   1607964[0m[34;1m    256520[0m[34;1m      8.45[0m[34;1m     46224[0m[34;1m   2395108[0m[34;1m   2273896[0m[34;1m     74.90[0m[34;1m    713952[0m[34;1m   1914364[0m[34;1m        72[0m
10:49:19   [34;1m    246108[0m[34;1m   1606644[0m[34;1m    257844[0m[34;1m      8.49[0m[34;1m     46224[0m[34;1m   2395108[0m[34;1m   2273896[0m[34;1m     74.90[0m[34;1m    713952[0m[34;1m   1914272[0m[34;1m        72[0m
10:49:20   [34;1m    246172[0m[34;1m   1606708[0m[34;1m    257784[0m[34;1m      8.49[0m[34;1m     46224[0m[34;1m   2395112[0m[34;1m   2273896[0m[34;1m     74.90[0m[34;1m    713952[0m[34;1m   1914272[0m[34;1m        76[0m
10:49:21   [34;1m    246172[0m[34;1m   1606708[0m[34;1m    257784[0m[34;1m      8.49[0m[34;1m     46232[0m[34;1m   2395104[0m[34;1m   2273896[0m[34;1m     74.90[0m[34;1m    713952[0m[34;1m   1914272[0m[34;1m        76[0m
10:49:22   [34;1m    246172[0m[34;1m   1606708[0m[34;1m    257772[0m[34;1m      8.49[0m[34;1m     46232[0m[34;1m   2395116[0m[34;1m   2273896[0m[34;1m     74.90[0m[34;1m    713952[0m[34;1m   1914272[0m[34;1m        80[0m
10:49:23   [34;1m    246172[0m[34;1m   1606708[0m[34;1m    257768[0m[34;1m      8.49[0m[34;1m     46232[0m[34;1m   2395120[0m[34;1m   2273896[0m[34;1m     74.90[0m[34;1m    713952[0m[34;1m   1914272[0m[34;1m        84[0m
10:49:24   [34;1m    272876[0m[34;1m   1633432[0m[34;1m    231076[0m[34;1m      7.61[0m[34;1m     46232[0m[34;1m   2395124[0m[34;1m   2273896[0m[34;1m     74.90[0m[34;1m    713960[0m[34;1m   1914312[0m[34;1m        24[0m
10:49:25   [34;1m    272876[0m[34;1m   1633432[0m[34;1m    231076[0m[34;1m      7.61[0m[34;1m     46232[0m[34;1m   2395124[0m[34;1m   2273896[0m[34;1m     74.90[0m[34;1m    713960[0m[34;1m   1914312[0m[34;1m        24[0m
10:49:26   [34;1m    272876[0m[34;1m   1633432[0m[34;1m    231072[0m[34;1m      7.61[0m[34;1m     46232[0m[34;1m   2395128[0m[34;1m   2273896[0m[34;1m     74.90[0m[34;1m    713960[0m[34;1m   1914312[0m[34;1m        28[0m
10:49:27   [34;1m    272876[0m[34;1m   1633432[0m[34;1m    231060[0m[34;1m      7.61[0m[34;1m     46240[0m[34;1m   2395132[0m[34;1m   2273896[0m[34;1m     74.90[0m[34;1m    713960[0m[34;1m   1914312[0m[34;1m        40[0m
10:49:28   [34;1m    272876[0m[34;1m   1633432[0m[34;1m    231060[0m[34;1m      7.61[0m[34;1m     46240[0m[34;1m   2395132[0m[34;1m   2273896[0m[34;1m     74.90[0m[34;1m    713960[0m[34;1m   1914312[0m[34;1m        40[0m
10:49:29   [34;1m    271368[0m[34;1m   1631944[0m[34;1m    232564[0m[34;1m      7.66[0m[34;1m     46240[0m[34;1m   2395132[0m[34;1m   2273896[0m[34;1m     74.90[0m[34;1m    713968[0m[34;1m   1914304[0m[34;1m        40[0m
10:49:30   [34;1m    271368[0m[34;1m   1631944[0m[34;1m    232560[0m[34;1m      7.66[0m[34;1m     46240[0m[34;1m   2395136[0m[34;1m   2273896[0m[34;1m     74.90[0m[34;1m    713968[0m[34;1m   1914304[0m[34;1m        44[0m
10:49:31   [34;1m    271116[0m[34;1m   1631696[0m[34;1m    232808[0m[34;1m      7.67[0m[34;1m     46240[0m[34;1m   2395140[0m[34;1m   2278232[0m[35;1m     75.04[0m[34;1m    713968[0m[34;1m   1915780[0m[34;1m        48[0m
10:49:32   [34;1m    271116[0m[34;1m   1631700[0m[34;1m    232780[0m[34;1m      7.67[0m[34;1m     46248[0m[34;1m   2395140[0m[34;1m   2278232[0m[35;1m     75.04[0m[34;1m    713968[0m[34;1m   1915804[0m[34;1m        48[0m
10:49:33   [34;1m    270876[0m[34;1m   1631460[0m[34;1m    233016[0m[34;1m      7.68[0m[34;1m     46248[0m[34;1m   2395144[0m[34;1m   2278232[0m[35;1m     75.04[0m[34;1m    713968[0m[34;1m   1915804[0m[34;1m        52[0m
10:49:34   [34;1m    269868[0m[34;1m   1630464[0m[34;1m    234020[0m[34;1m      7.71[0m[34;1m     46248[0m[34;1m   2395148[0m[34;1m   2278232[0m[35;1m     75.04[0m[34;1m    713976[0m[34;1m   1915824[0m[34;1m        56[0m
10:49:35   [34;1m    269868[0m[34;1m   1630464[0m[34;1m    234020[0m[34;1m      7.71[0m[34;1m     46248[0m[34;1m   2395148[0m[34;1m   2273896[0m[34;1m     74.90[0m[34;1m    713976[0m[34;1m   1914424[0m[34;1m        56[0m
10:49:36   [34;1m    269868[0m[34;1m   1630468[0m[34;1m    234028[0m[34;1m      7.71[0m[34;1m     46248[0m[34;1m   2395152[0m[34;1m   2273896[0m[34;1m     74.90[0m[34;1m    713976[0m[34;1m   1914264[0m[34;1m        60[0m
10:49:37   [34;1m    269868[0m[34;1m   1630468[0m[34;1m    234020[0m[34;1m      7.71[0m[34;1m     46256[0m[34;1m   2395152[0m[34;1m   2273896[0m[34;1m     74.90[0m[34;1m    713976[0m[34;1m   1914264[0m[34;1m        60[0m
10:49:38   [34;1m    269868[0m[34;1m   1630468[0m[34;1m    234032[0m[34;1m      7.71[0m[34;1m     46256[0m[34;1m   2395156[0m[34;1m   2273896[0m[34;1m     74.90[0m[34;1m    713976[0m[34;1m   1914364[0m[34;1m        64[0m
10:49:39   [34;1m    269868[0m[34;1m   1630484[0m[34;1m    234036[0m[34;1m      7.71[0m[34;1m     46256[0m[34;1m   2395156[0m[34;1m   2273896[0m[34;1m     74.90[0m[34;1m    713984[0m[34;1m   1914436[0m[34;1m        64[0m
10:49:40   [34;1m    269868[0m[34;1m   1630484[0m[34;1m    234032[0m[34;1m      7.71[0m[34;1m     46256[0m[34;1m   2395160[0m[34;1m   2273896[0m[34;1m     74.90[0m[34;1m    713984[0m[34;1m   1914436[0m[34;1m        68[0m
10:49:41   [34;1m    269868[0m[34;1m   1630484[0m[34;1m    234028[0m[34;1m      7.71[0m[34;1m     46256[0m[34;1m   2395164[0m[34;1m   2273896[0m[34;1m     74.90[0m[34;1m    713984[0m[34;1m   1914436[0m[34;1m        72[0m
10:49:42   [34;1m    269868[0m[34;1m   1630492[0m[34;1m    234028[0m[34;1m      7.71[0m[34;1m     46264[0m[34;1m   2395156[0m[34;1m   2273896[0m[34;1m     74.90[0m[34;1m    713984[0m[34;1m   1914576[0m[34;1m        72[0m
10:49:43   [34;1m    269868[0m[34;1m   1630500[0m[34;1m    234020[0m[34;1m      7.71[0m[34;1m     46264[0m[34;1m   2395164[0m[34;1m   2273896[0m[34;1m     74.90[0m[34;1m    713992[0m[34;1m   1914808[0m[34;1m        72[0m
10:49:44   [34;1m    268608[0m[34;1m   1629244[0m[34;1m    235276[0m[34;1m      7.75[0m[34;1m     46264[0m[34;1m   2395168[0m[34;1m   2273896[0m[34;1m     74.90[0m[34;1m    713992[0m[34;1m   1914880[0m[34;1m        76[0m
10:49:45   [34;1m    268608[0m[34;1m   1629244[0m[34;1m    235276[0m[34;1m      7.75[0m[34;1m     46264[0m[34;1m   2395168[0m[34;1m   2273896[0m[34;1m     74.90[0m[34;1m    713992[0m[34;1m   1914880[0m[34;1m        68[0m
10:49:46   [34;1m    268608[0m[34;1m   1629244[0m[34;1m    235276[0m[34;1m      7.75[0m[34;1m     46264[0m[34;1m   2395168[0m[34;1m   2273896[0m[34;1m     74.90[0m[34;1m    713992[0m[34;1m   1914880[0m[34;1m        68[0m
10:49:47   [34;1m    268608[0m[34;1m   1629244[0m[34;1m    235264[0m[34;1m      7.75[0m[34;1m     46272[0m[34;1m   2395172[0m[34;1m   2273896[0m[34;1m     74.90[0m[34;1m    713992[0m[34;1m   1914808[0m[34;1m        84[0m
10:49:48   [34;1m    268608[0m[34;1m   1629248[0m[34;1m    235260[0m[34;1m      7.75[0m[34;1m     46272[0m[34;1m   2395176[0m[34;1m   2273896[0m[34;1m     74.90[0m[34;1m    713992[0m[34;1m   1914752[0m[34;1m        88[0m
10:49:49   [34;1m    267600[0m[34;1m   1628252[0m[34;1m    236280[0m[34;1m      7.78[0m[34;1m     46272[0m[34;1m   2395176[0m[34;1m   2273896[0m[34;1m     74.90[0m[34;1m    714000[0m[34;1m   1914872[0m[34;1m        88[0m
10:49:50   [34;1m    267600[0m[34;1m   1628252[0m[34;1m    236276[0m[34;1m      7.78[0m[34;1m     46272[0m[34;1m   2395180[0m[34;1m   2273896[0m[34;1m     74.90[0m[34;1m    714000[0m[34;1m   1914872[0m[34;1m        64[0m
10:49:51   [34;1m    266340[0m[34;1m   1626992[0m[34;1m    237436[0m[34;1m      7.82[0m[34;1m     46272[0m[34;1m   2395180[0m[34;1m   2278232[0m[35;1m     75.04[0m[34;1m    714000[0m[34;1m   1916372[0m[34;1m        64[0m
10:49:52   [34;1m    266340[0m[34;1m   1626996[0m[34;1m    237476[0m[34;1m      7.82[0m[34;1m     46272[0m[34;1m   2395184[0m[34;1m   2278232[0m[35;1m     75.04[0m[34;1m    714000[0m[34;1m   1916464[0m[34;1m        68[0m
10:49:53   [34;1m    266340[0m[34;1m   1626996[0m[34;1m    237464[0m[34;1m      7.82[0m[34;1m     46280[0m[34;1m   2395188[0m[34;1m   2278232[0m[35;1m     75.04[0m[34;1m    714000[0m[34;1m   1916764[0m[34;1m        80[0m
10:49:54   [34;1m    264576[0m[34;1m   1625248[0m[34;1m    239220[0m[34;1m      7.88[0m[34;1m     46280[0m[34;1m   2395188[0m[34;1m   2278232[0m[35;1m     75.04[0m[34;1m    714008[0m[34;1m   1916788[0m[34;1m        80[0m
10:49:55   [34;1m    264576[0m[34;1m   1625248[0m[34;1m    239220[0m[34;1m      7.88[0m[34;1m     46280[0m[34;1m   2395188[0m[34;1m   2273896[0m[34;1m     74.90[0m[34;1m    714008[0m[34;1m   1915392[0m[34;1m        12[0m
10:49:56   [34;1m    264576[0m[34;1m   1625248[0m[34;1m    239228[0m[34;1m      7.88[0m[34;1m     46280[0m[34;1m   2395192[0m[34;1m   2273896[0m[34;1m     74.90[0m[34;1m    714008[0m[34;1m   1915204[0m[34;1m        16[0m
10:49:57   [34;1m    264576[0m[34;1m   1625248[0m[34;1m    239228[0m[34;1m      7.88[0m[34;1m     46280[0m[34;1m   2395192[0m[34;1m   2273896[0m[34;1m     74.90[0m[34;1m    714008[0m[34;1m   1915204[0m[34;1m        16[0m
10:49:58   [34;1m    264576[0m[34;1m   1625264[0m[34;1m    239224[0m[34;1m      7.88[0m[34;1m     46288[0m[34;1m   2395196[0m[34;1m   2273896[0m[34;1m     74.90[0m[34;1m    714016[0m[34;1m   1915376[0m[34;1m        32[0m
10:49:59   [34;1m    264576[0m[34;1m   1625264[0m[34;1m    239252[0m[34;1m      7.88[0m[34;1m     46288[0m[34;1m   2395196[0m[34;1m   2273896[0m[34;1m     74.90[0m[34;1m    714016[0m[34;1m   1915420[0m[34;1m        32[0m
10:50:00   [34;1m    264292[0m[34;1m   1624984[0m[34;1m    239532[0m[34;1m      7.89[0m[34;1m     46288[0m[34;1m   2395200[0m[34;1m   2273896[0m[34;1m     74.90[0m[34;1m    714016[0m[34;1m   1915256[0m[34;1m        36[0m
10:50:01   [34;1m    264292[0m[34;1m   1624984[0m[34;1m    239528[0m[34;1m      7.89[0m[34;1m     46288[0m[34;1m   2395204[0m[34;1m   2273896[0m[34;1m     74.90[0m[34;1m    714016[0m[34;1m   1915256[0m[34;1m        40[0m
10:50:02   [34;1m    264292[0m[34;1m   1624988[0m[34;1m    239528[0m[34;1m      7.89[0m[34;1m     46288[0m[34;1m   2395204[0m[34;1m   2273896[0m[34;1m     74.90[0m[34;1m    714016[0m[34;1m   1914760[0m[34;1m        40[0m
10:50:03   [34;1m    264292[0m[34;1m   1625000[0m[34;1m    239520[0m[34;1m      7.89[0m[34;1m     46296[0m[34;1m   2395208[0m[34;1m   2273896[0m[34;1m     74.90[0m[34;1m    714024[0m[34;1m   1914856[0m[34;1m        44[0m
10:50:04   [34;1m    263788[0m[34;1m   1624496[0m[34;1m    240032[0m[34;1m      7.91[0m[34;1m     46296[0m[34;1m   2395208[0m[34;1m   2273896[0m[34;1m     74.90[0m[34;1m    714024[0m[34;1m   1914856[0m[34;1m        44[0m
10:50:05   [34;1m    263788[0m[34;1m   1624496[0m[34;1m    240028[0m[34;1m      7.91[0m[34;1m     46296[0m[34;1m   2395212[0m[34;1m   2273896[0m[34;1m     74.90[0m[34;1m    714024[0m[34;1m   1914856[0m[34;1m        48[0m
10:50:06   [34;1m    263788[0m[34;1m   1624496[0m[34;1m    240028[0m[34;1m      7.91[0m[34;1m     46296[0m[34;1m   2395212[0m[34;1m   2273896[0m[34;1m     74.90[0m[34;1m    714024[0m[34;1m   1914852[0m[34;1m        48[0m
10:50:07   [34;1m    263788[0m[34;1m   1624496[0m[34;1m    240024[0m[34;1m      7.91[0m[34;1m     46296[0m[34;1m   2395216[0m[34;1m   2273896[0m[34;1m     74.90[0m[34;1m    714024[0m[34;1m   1914852[0m[34;1m        52[0m
10:50:08   [34;1m    263788[0m[34;1m   1624504[0m[34;1m    240016[0m[34;1m      7.91[0m[34;1m     46304[0m[34;1m   2395216[0m[34;1m   2273896[0m[34;1m     74.90[0m[34;1m    714032[0m[34;1m   1914904[0m[34;1m        52[0m
