Linux 6.6.95 (ssp-study) 	04/21/26 	_x86_64_	(2 CPU)

10:45:07        CPU     %user     %nice   %system   %iowait    %steal     %idle
10:45:08   [32;22m     all[0m[34;1m      6.11[0m[34;22m      0.00[0m[34;1m      7.22[0m[34;22m      0.00[0m[34;22m      0.00[0m[34;1m     86.67[0m
10:45:09   [32;22m     all[0m[34;1m      9.78[0m[34;22m      0.00[0m[34;1m     10.33[0m[34;22m      0.00[0m[34;22m      0.00[0m[34;1m     79.89[0m
10:45:10   [32;22m     all[0m[34;1m      7.91[0m[34;22m      0.00[0m[34;1m      7.34[0m[34;22m      0.00[0m[34;22m      0.00[0m[34;1m     84.75[0m
10:45:11   [32;22m     all[0m[34;1m      5.46[0m[34;22m      0.00[0m[34;1m      8.74[0m[34;22m      0.00[0m[34;22m      0.00[0m[34;1m     85.79[0m
10:45:12   [32;22m     all[0m[34;1m      5.95[0m[34;22m      0.00[0m[34;1m      8.11[0m[34;22m      0.00[0m[34;22m      0.00[0m[34;1m     85.95[0m
10:45:13   [32;22m     all[0m[34;1m      8.52[0m[34;22m      0.00[0m[34;1m     10.23[0m[34;1m      0.57[0m[34;22m      0.00[0m[34;1m     80.68[0m
10:45:14   [32;22m     all[0m[34;1m     10.81[0m[34;22m      0.00[0m[34;1m     10.81[0m[34;22m      0.00[0m[34;22m      0.00[0m[34;1m     78.38[0m
10:45:15   [32;22m     all[0m[34;1m      7.22[0m[34;22m      0.00[0m[34;1m     10.56[0m[34;22m      0.00[0m[34;22m      0.00[0m[34;1m     82.22[0m
10:45:16   [32;22m     all[0m[34;1m      9.19[0m[34;22m      0.00[0m[34;1m     12.97[0m[34;1m      0.54[0m[34;22m      0.00[0m[34;1m     77.30[0m
10:45:17   [32;22m     all[0m[34;1m     14.20[0m[34;22m      0.00[0m[34;1m     19.89[0m[34;22m      0.00[0m[34;22m      0.00[0m[34;1m     65.91[0m
10:45:18   [32;22m     all[0m[34;1m     15.88[0m[34;22m      0.00[0m[34;1m     20.59[0m[34;22m      0.00[0m[34;22m      0.00[0m[34;1m     63.53[0m
10:45:19   [32;22m     all[0m[34;1m     25.15[0m[34;22m      0.00[0m[34;1m     30.54[0m[34;22m      0.00[0m[34;22m      0.00[0m[34;1m     44.31[0m
10:45:20   [32;22m     all[0m[34;1m     13.95[0m[34;22m      0.00[0m[34;1m     16.86[0m[34;1m      1.16[0m[34;22m      0.00[0m[34;1m     68.02[0m
10:45:21   [32;22m     all[0m[34;1m     10.23[0m[34;22m      0.00[0m[34;1m     14.77[0m[34;22m      0.00[0m[34;22m      0.00[0m[34;1m     75.00[0m
10:45:22   [32;22m     all[0m[34;1m     15.98[0m[34;22m      0.00[0m[34;1m     20.71[0m[34;22m      0.00[0m[34;22m      0.00[0m[34;1m     63.31[0m
10:45:23   [32;22m     all[0m[34;1m     10.67[0m[34;22m      0.00[0m[34;1m     15.17[0m[34;22m      0.00[0m[34;22m      0.00[0m[34;1m     74.16[0m
10:45:24   [32;22m     all[0m[34;1m     12.35[0m[34;22m      0.00[0m[34;1m     18.82[0m[34;1m      0.59[0m[34;22m      0.00[0m[34;1m     68.24[0m
10:45:25   [32;22m     all[0m[34;1m     12.71[0m[34;22m      0.00[0m[34;1m     18.78[0m[34;22m      0.00[0m[34;22m      0.00[0m[34;1m     68.51[0m
10:45:26   [32;22m     all[0m[34;1m     11.17[0m[34;22m      0.00[0m[34;1m     14.53[0m[34;22m      0.00[0m[34;22m      0.00[0m[34;1m     74.30[0m
10:45:27   [32;22m     all[0m[34;1m     14.69[0m[34;22m      0.00[0m[34;1m     25.42[0m[34;22m      0.00[0m[34;22m      0.00[0m[34;1m     59.89[0m
10:45:28   [32;22m     all[0m[34;1m     21.21[0m[34;22m      0.00[0m[34;1m     29.09[0m[34;22m      0.00[0m[34;22m      0.00[0m[34;1m     49.70[0m
10:45:29   [32;22m     all[0m[34;1m     18.33[0m[34;22m      0.00[0m[34;1m     20.56[0m[34;22m      0.00[0m[34;22m      0.00[0m[34;1m     61.11[0m
10:45:30   [32;22m     all[0m[34;1m     19.88[0m[34;22m      0.00[0m[34;1m     28.92[0m[34;22m      0.00[0m[34;22m      0.00[0m[34;1m     51.20[0m
10:45:31   [32;22m     all[0m[34;1m     15.00[0m[34;22m      0.00[0m[34;1m     19.44[0m[34;22m      0.00[0m[34;22m      0.00[0m[34;1m     65.56[0m
10:45:32   [32;22m     all[0m[34;1m     20.45[0m[34;22m      0.00[0m[34;1m     26.14[0m[34;22m      0.00[0m[34;22m      0.00[0m[34;1m     53.41[0m
10:45:33   [32;22m     all[0m[34;1m     20.90[0m[34;22m      0.00[0m[34;1m     31.07[0m[34;22m      0.00[0m[34;22m      0.00[0m[34;1m     48.02[0m
10:45:34   [32;22m     all[0m[34;1m     25.16[0m[34;22m      0.00[0m[34;1m     40.25[0m[34;22m      0.00[0m[34;22m      0.00[0m[34;1m     34.59[0m
10:45:35   [32;22m     all[0m[34;1m     27.65[0m[34;22m      0.00[0m[34;1m     37.65[0m[34;22m      0.00[0m[34;22m      0.00[0m[34;1m     34.71[0m
10:45:36   [32;22m     all[0m[34;1m     24.07[0m[34;22m      0.00[0m[34;1m     33.33[0m[34;22m      0.00[0m[34;22m      0.00[0m[34;1m     42.59[0m
10:45:37   [32;22m     all[0m[34;1m     26.70[0m[34;22m      0.00[0m[34;1m     38.07[0m[34;22m      0.00[0m[34;22m      0.00[0m[34;1m     35.23[0m
10:45:38   [32;22m     all[0m[34;1m     27.43[0m[34;22m      0.00[0m[34;1m     38.86[0m[34;22m      0.00[0m[34;22m      0.00[0m[34;1m     33.71[0m
10:45:39   [32;22m     all[0m[34;1m     22.03[0m[34;22m      0.00[0m[34;1m     36.16[0m[34;22m      0.00[0m[34;22m      0.00[0m[34;1m     41.81[0m
10:45:40   [32;22m     all[0m[34;1m     30.41[0m[34;22m      0.00[0m[34;1m     33.92[0m[34;22m      0.00[0m[34;22m      0.00[0m[34;1m     35.67[0m
10:45:41   [32;22m     all[0m[34;1m     22.54[0m[34;22m      0.00[0m[34;1m     33.53[0m[34;22m      0.00[0m[34;22m      0.00[0m[34;1m     43.93[0m
10:45:42   [32;22m     all[0m[34;1m     23.70[0m[34;22m      0.00[0m[34;1m     34.68[0m[34;22m      0.00[0m[34;22m      0.00[0m[34;1m     41.62[0m
10:45:43   [32;22m     all[0m[34;1m     19.89[0m[34;22m      0.00[0m[34;1m     29.55[0m[34;22m      0.00[0m[34;22m      0.00[0m[34;1m     50.57[0m
10:45:44   [32;22m     all[0m[34;1m     14.53[0m[34;22m      0.00[0m[34;1m     25.14[0m[34;1m      0.56[0m[34;22m      0.00[0m[34;1m     59.78[0m
10:45:45   [32;22m     all[0m[34;1m     14.20[0m[34;22m      0.00[0m[34;1m     24.43[0m[34;22m      0.00[0m[34;22m      0.00[0m[34;1m     61.36[0m
10:45:46   [32;22m     all[0m[34;1m     18.39[0m[34;22m      0.00[0m[34;1m     25.86[0m[34;1m      0.57[0m[34;22m      0.00[0m[34;1m     55.17[0m
10:45:47   [32;22m     all[0m[34;1m     18.97[0m[34;22m      0.00[0m[34;1m     25.29[0m[34;22m      0.00[0m[34;22m      0.00[0m[34;1m     55.75[0m
10:45:48   [32;22m     all[0m[34;1m     23.70[0m[34;22m      0.00[0m[34;1m     36.42[0m[34;22m      0.00[0m[34;22m      0.00[0m[34;1m     39.88[0m
10:45:49   [32;22m     all[0m[34;1m     21.59[0m[34;22m      0.00[0m[34;1m     27.84[0m[34;22m      0.00[0m[34;22m      0.00[0m[34;1m     50.57[0m
10:45:50   [32;22m     all[0m[34;1m     29.59[0m[34;22m      0.00[0m[34;1m     36.69[0m[34;22m      0.00[0m[34;22m      0.00[0m[34;1m     33.73[0m
10:45:51   [32;22m     all[0m[34;1m     21.05[0m[34;22m      0.00[0m[34;1m     29.24[0m[34;22m      0.00[0m[34;22m      0.00[0m[34;1m     49.71[0m
10:45:52   [32;22m     all[0m[34;1m     27.33[0m[34;22m      0.00[0m[34;1m     38.37[0m[34;22m      0.00[0m[34;22m      0.00[0m[34;1m     34.30[0m
10:45:53   [32;22m     all[0m[34;1m     21.84[0m[34;22m      0.00[0m[34;1m     32.18[0m[34;22m      0.00[0m[34;22m      0.00[0m[34;1m     45.98[0m
10:45:54   [32;22m     all[0m[34;1m     34.48[0m[34;22m      0.00[0m[34;1m     32.76[0m[34;22m      0.00[0m[34;22m      0.00[0m[34;1m     32.76[0m
10:45:55   [32;22m     all[0m[34;1m     18.39[0m[34;22m      0.00[0m[34;1m     29.31[0m[34;22m      0.00[0m[34;22m      0.00[0m[34;1m     52.30[0m
10:45:56   [32;22m     all[0m[34;1m     28.74[0m[34;22m      0.00[0m[34;1m     37.93[0m[34;22m      0.00[0m[34;22m      0.00[0m[34;1m     33.33[0m
10:45:57   [32;22m     all[0m[34;1m     21.97[0m[34;22m      0.00[0m[34;1m     33.53[0m[34;22m      0.00[0m[34;22m      0.00[0m[34;1m     44.51[0m
10:45:58   [32;22m     all[0m[34;1m     21.26[0m[34;22m      0.00[0m[34;1m     31.03[0m[34;22m      0.00[0m[34;22m      0.00[0m[34;1m     47.70[0m
10:45:59   [32;22m     all[0m[34;1m     26.16[0m[34;22m      0.00[0m[34;1m     35.47[0m[34;22m      0.00[0m[34;22m      0.00[0m[34;1m     38.37[0m
10:46:00   [32;22m     all[0m[34;1m     28.32[0m[34;22m      0.00[0m[34;1m     34.68[0m[34;22m      0.00[0m[34;22m      0.00[0m[34;1m     36.99[0m
10:46:01   [32;22m     all[0m[34;1m     18.39[0m[34;22m      0.00[0m[34;1m     29.89[0m[34;22m      0.00[0m[34;22m      0.00[0m[34;1m     51.72[0m
10:46:02   [32;22m     all[0m[34;1m     22.86[0m[34;22m      0.00[0m[34;1m     27.43[0m[34;22m      0.00[0m[34;22m      0.00[0m[34;1m     49.71[0m
10:46:03   [32;22m     all[0m[34;1m     15.82[0m[34;22m      0.00[0m[34;1m     25.42[0m[34;22m      0.00[0m[34;22m      0.00[0m[34;1m     58.76[0m
10:46:04   [32;22m     all[0m[34;1m     18.86[0m[34;22m      0.00[0m[34;1m     28.57[0m[34;22m      0.00[0m[34;22m      0.00[0m[34;1m     52.57[0m
10:46:05   [32;22m     all[0m[34;1m     15.73[0m[34;22m      0.00[0m[34;1m     29.78[0m[34;22m      0.00[0m[34;22m      0.00[0m[34;1m     54.49[0m
10:46:06   [32;22m     all[0m[34;1m     16.09[0m[34;22m      0.00[0m[34;1m     24.71[0m[34;22m      0.00[0m[34;22m      0.00[0m[34;1m     59.20[0m
10:46:07   [32;22m     all[0m[34;1m     16.48[0m[34;22m      0.00[0m[34;1m     23.86[0m[34;22m      0.00[0m[34;22m      0.00[0m[34;1m     59.66[0m
10:46:08   [32;22m     all[0m[34;1m     15.82[0m[34;22m      0.00[0m[34;1m     22.60[0m[34;22m      0.00[0m[34;22m      0.00[0m[34;1m     61.58[0m
10:46:09   [32;22m     all[0m[34;1m     17.34[0m[34;22m      0.00[0m[34;1m     24.28[0m[34;22m      0.00[0m[34;22m      0.00[0m[34;1m     58.38[0m
10:46:10   [32;22m     all[0m[34;1m     28.09[0m[34;22m      0.00[0m[34;1m     36.52[0m[34;22m      0.00[0m[34;22m      0.00[0m[34;1m     35.39[0m
10:46:11   [32;22m     all[0m[34;1m     22.35[0m[34;22m      0.00[0m[34;1m     36.47[0m[34;22m      0.00[0m[34;22m      0.00[0m[34;1m     41.18[0m
10:46:12   [32;22m     all[0m[34;1m     26.90[0m[34;22m      0.00[0m[34;1m     36.84[0m[34;22m      0.00[0m[34;22m      0.00[0m[34;1m     36.26[0m
10:46:13   [32;22m     all[0m[34;1m     23.67[0m[34;22m      0.00[0m[34;1m     33.14[0m[34;22m      0.00[0m[34;22m      0.00[0m[34;1m     43.20[0m
10:46:14   [32;22m     all[0m[34;1m     24.86[0m[34;22m      0.00[0m[34;1m     35.84[0m[34;22m      0.00[0m[34;22m      0.00[0m[34;1m     39.31[0m
10:46:15   [32;22m     all[0m[34;1m     20.69[0m[34;22m      0.00[0m[34;1m     29.31[0m[34;22m      0.00[0m[34;22m      0.00[0m[34;1m     50.00[0m
10:46:16   [32;22m     all[0m[34;1m     29.89[0m[34;22m      0.00[0m[34;1m     39.08[0m[34;22m      0.00[0m[34;22m      0.00[0m[34;1m     31.03[0m
10:46:17   [32;22m     all[0m[34;1m     30.46[0m[34;22m      0.00[0m[34;1m     45.98[0m[34;22m      0.00[0m[34;22m      0.00[0m[35;1m     23.56[0m
10:46:18   [32;22m     all[0m[34;1m     36.36[0m[34;22m      0.00[0m[34;1m     48.86[0m[34;22m      0.00[0m[34;22m      0.00[0m[35;1m     14.77[0m
10:46:19   [32;22m     all[0m[34;1m     25.58[0m[34;22m      0.00[0m[34;1m     40.12[0m[34;22m      0.00[0m[34;22m      0.00[0m[34;1m     34.30[0m
10:46:20   [32;22m     all[0m[34;1m     31.61[0m[34;22m      0.00[0m[34;1m     40.23[0m[34;22m      0.00[0m[34;22m      0.00[0m[34;1m     28.16[0m
10:46:21   [32;22m     all[0m[34;1m     23.98[0m[34;22m      0.00[0m[34;1m     30.41[0m[34;22m      0.00[0m[34;22m      0.00[0m[34;1m     45.61[0m
10:46:22   [32;22m     all[0m[34;1m     20.93[0m[34;22m      0.00[0m[34;1m     28.49[0m[34;1m      0.58[0m[34;22m      0.00[0m[34;1m     50.00[0m
10:46:23   [32;22m     all[0m[34;1m     23.16[0m[34;22m      0.00[0m[34;1m     34.46[0m[34;22m      0.00[0m[34;22m      0.00[0m[34;1m     42.37[0m
10:46:24   [32;22m     all[0m[34;1m     25.14[0m[34;22m      0.00[0m[34;1m     36.00[0m[34;22m      0.00[0m[34;22m      0.00[0m[34;1m     38.86[0m
10:46:25   [32;22m     all[0m[34;1m     21.18[0m[34;22m      0.00[0m[34;1m     32.35[0m[34;22m      0.00[0m[34;22m      0.00[0m[34;1m     46.47[0m
10:46:26   [32;22m     all[0m[34;1m     19.08[0m[34;22m      0.00[0m[34;1m     28.90[0m[34;22m      0.00[0m[34;22m      0.00[0m[34;1m     52.02[0m
10:46:27   [32;22m     all[0m[34;1m     21.47[0m[34;22m      0.00[0m[34;1m     35.59[0m[34;22m      0.00[0m[34;22m      0.00[0m[34;1m     42.94[0m
10:46:28   [32;22m     all[0m[34;1m     17.65[0m[34;22m      0.00[0m[34;1m     29.41[0m[34;22m      0.00[0m[34;22m      0.00[0m[34;1m     52.94[0m
10:46:29   [32;22m     all[0m[34;1m     26.29[0m[34;22m      0.00[0m[34;1m     34.29[0m[34;22m      0.00[0m[34;22m      0.00[0m[34;1m     39.43[0m
10:46:30   [32;22m     all[0m[34;1m     27.75[0m[34;22m      0.00[0m[34;1m     37.57[0m[34;22m      0.00[0m[34;22m      0.00[0m[34;1m     34.68[0m
10:46:31   [32;22m     all[0m[34;1m     23.70[0m[34;22m      0.00[0m[34;1m     35.84[0m[34;22m      0.00[0m[34;22m      0.00[0m[34;1m     40.46[0m
10:46:32   [32;22m     all[0m[34;1m     28.99[0m[34;22m      0.00[0m[34;1m     37.87[0m[34;22m      0.00[0m[34;22m      0.00[0m[34;1m     33.14[0m
10:46:33   [32;22m     all[0m[34;1m     21.26[0m[34;22m      0.00[0m[34;1m     33.33[0m[34;22m      0.00[0m[34;22m      0.00[0m[34;1m     45.40[0m
10:46:34   [32;22m     all[0m[34;1m     23.56[0m[34;22m      0.00[0m[34;1m     37.36[0m[34;22m      0.00[0m[34;22m      0.00[0m[34;1m     39.08[0m
10:46:35   [32;22m     all[0m[34;1m     21.84[0m[34;22m      0.00[0m[34;1m     36.21[0m[34;22m      0.00[0m[34;22m      0.00[0m[34;1m     41.95[0m
10:46:36   [32;22m     all[0m[34;1m     25.44[0m[34;22m      0.00[0m[34;1m     32.54[0m[34;22m      0.00[0m[34;22m      0.00[0m[34;1m     42.01[0m
10:46:37   [32;22m     all[0m[34;1m     18.29[0m[34;22m      0.00[0m[34;1m     31.43[0m[34;22m      0.00[0m[34;22m      0.00[0m[34;1m     50.29[0m
10:46:38   [32;22m     all[0m[34;1m     24.42[0m[34;22m      0.00[0m[34;1m     40.70[0m[34;22m      0.00[0m[34;22m      0.00[0m[34;1m     34.88[0m
10:46:39   [32;22m     all[0m[34;1m     21.89[0m[34;22m      0.00[0m[34;1m     34.32[0m[34;22m      0.00[0m[34;22m      0.00[0m[34;1m     43.79[0m
10:46:40   [32;22m     all[0m[34;1m     28.32[0m[34;22m      0.00[0m[34;1m     34.68[0m[34;22m      0.00[0m[34;22m      0.00[0m[34;1m     36.99[0m
10:46:41   [32;22m     all[0m[34;1m     28.90[0m[34;22m      0.00[0m[34;1m     41.04[0m[34;1m      0.58[0m[34;22m      0.00[0m[34;1m     29.48[0m
10:46:42   [32;22m     all[0m[34;1m     22.22[0m[34;22m      0.00[0m[34;1m     36.84[0m[34;22m      0.00[0m[34;22m      0.00[0m[34;1m     40.94[0m
10:46:43   [32;22m     all[0m[34;1m     22.81[0m[34;22m      0.00[0m[34;1m     30.99[0m[34;22m      0.00[0m[34;22m      0.00[0m[34;1m     46.20[0m
10:46:44   [32;22m     all[0m[34;1m     24.42[0m[34;22m      0.00[0m[34;1m     35.47[0m[34;22m      0.00[0m[34;22m      0.00[0m[34;1m     40.12[0m
10:46:45   [32;22m     all[0m[34;1m     12.00[0m[34;22m      0.00[0m[34;1m     20.57[0m[34;22m      0.00[0m[34;22m      0.00[0m[34;1m     67.43[0m
10:46:46   [32;22m     all[0m[34;1m     17.05[0m[34;22m      0.00[0m[34;1m     22.73[0m[34;22m      0.00[0m[34;22m      0.00[0m[34;1m     60.23[0m
10:46:47   [32;22m     all[0m[34;1m     16.76[0m[34;22m      0.00[0m[34;1m     25.43[0m[34;22m      0.00[0m[34;22m      0.00[0m[34;1m     57.80[0m
10:46:48   [32;22m     all[0m[34;1m     16.57[0m[34;22m      0.00[0m[34;1m     24.00[0m[34;22m      0.00[0m[34;22m      0.00[0m[34;1m     59.43[0m
10:46:49   [32;22m     all[0m[34;1m     16.38[0m[34;22m      0.00[0m[34;1m     25.42[0m[34;22m      0.00[0m[34;22m      0.00[0m[34;1m     58.19[0m
10:46:50   [32;22m     all[0m[34;1m     28.49[0m[34;22m      0.00[0m[34;1m     37.21[0m[34;22m      0.00[0m[34;22m      0.00[0m[34;1m     34.30[0m
10:46:51   [32;22m     all[0m[34;1m     28.32[0m[34;22m      0.00[0m[34;1m     38.15[0m[34;22m      0.00[0m[34;22m      0.00[0m[34;1m     33.53[0m
10:46:52   [32;22m     all[0m[34;1m     22.94[0m[34;22m      0.00[0m[34;1m     31.76[0m[34;22m      0.00[0m[34;22m      0.00[0m[34;1m     45.29[0m
10:46:53   [32;22m     all[0m[34;1m     16.48[0m[34;22m      0.00[0m[34;1m     27.27[0m[34;22m      0.00[0m[34;22m      0.00[0m[34;1m     56.25[0m
10:46:54   [32;22m     all[0m[34;1m     17.24[0m[34;22m      0.00[0m[34;1m     28.16[0m[34;22m      0.00[0m[34;22m      0.00[0m[34;1m     54.60[0m
10:46:55   [32;22m     all[0m[34;1m     21.14[0m[34;22m      0.00[0m[34;1m     33.14[0m[34;22m      0.00[0m[34;22m      0.00[0m[34;1m     45.71[0m
10:46:56   [32;22m     all[0m[34;1m     25.42[0m[34;22m      0.00[0m[34;1m     34.46[0m[34;22m      0.00[0m[34;22m      0.00[0m[34;1m     40.11[0m
10:46:57   [32;22m     all[0m[34;1m     25.88[0m[34;22m      0.00[0m[34;1m     36.47[0m[34;22m      0.00[0m[34;22m      0.00[0m[34;1m     37.65[0m
10:46:58   [32;22m     all[0m[34;1m     18.97[0m[34;22m      0.00[0m[34;1m     28.16[0m[34;22m      0.00[0m[34;22m      0.00[0m[34;1m     52.87[0m
10:46:59   [32;22m     all[0m[34;1m     23.12[0m[34;22m      0.00[0m[34;1m     29.48[0m[34;22m      0.00[0m[34;22m      0.00[0m[34;1m     47.40[0m
10:47:00   [32;22m     all[0m[34;1m     16.00[0m[34;22m      0.00[0m[34;1m     23.43[0m[34;22m      0.00[0m[34;22m      0.00[0m[34;1m     60.57[0m
10:47:01   [32;22m     all[0m[34;1m     18.18[0m[34;22m      0.00[0m[34;1m     31.82[0m[34;22m      0.00[0m[34;22m      0.00[0m[34;1m     50.00[0m
10:47:02   [32;22m     all[0m[34;1m     23.26[0m[34;22m      0.00[0m[34;1m     31.40[0m[34;22m      0.00[0m[34;22m      0.00[0m[34;1m     45.35[0m
10:47:03   [32;22m     all[0m[34;1m     16.48[0m[34;22m      0.00[0m[34;1m     26.70[0m[34;22m      0.00[0m[34;22m      0.00[0m[34;1m     56.82[0m
10:47:04   [32;22m     all[0m[34;1m     16.76[0m[34;22m      0.00[0m[34;1m     32.37[0m[34;22m      0.00[0m[34;22m      0.00[0m[34;1m     50.87[0m
10:47:05   [32;22m     all[0m[34;1m     17.98[0m[34;22m      0.00[0m[34;1m     29.78[0m[34;1m      0.56[0m[34;22m      0.00[0m[34;1m     51.69[0m
10:47:06   [32;22m     all[0m[34;1m     22.22[0m[34;22m      0.00[0m[34;1m     30.99[0m[34;22m      0.00[0m[34;22m      0.00[0m[34;1m     46.78[0m
10:47:07   [32;22m     all[0m[34;1m     14.94[0m[34;22m      0.00[0m[34;1m     26.44[0m[34;22m      0.00[0m[34;22m      0.00[0m[34;1m     58.62[0m
10:47:08   [32;22m     all[0m[34;1m     17.92[0m[34;22m      0.00[0m[34;1m     24.86[0m[34;22m      0.00[0m[34;22m      0.00[0m[34;1m     57.23[0m
10:47:09   [32;22m     all[0m[34;1m     24.86[0m[34;22m      0.00[0m[34;1m     35.26[0m[34;22m      0.00[0m[34;22m      0.00[0m[34;1m     39.88[0m
10:47:10   [32;22m     all[0m[34;1m     20.23[0m[34;22m      0.00[0m[34;1m     31.79[0m[34;22m      0.00[0m[34;22m      0.00[0m[34;1m     47.98[0m
10:47:11   [32;22m     all[0m[34;1m     16.48[0m[34;22m      0.00[0m[34;1m     22.73[0m[34;22m      0.00[0m[34;22m      0.00[0m[34;1m     60.80[0m
10:47:12   [32;22m     all[0m[34;1m     11.93[0m[34;22m      0.00[0m[34;1m     19.32[0m[34;22m      0.00[0m[34;22m      0.00[0m[34;1m     68.75[0m
10:47:13   [32;22m     all[0m[34;1m     16.38[0m[34;22m      0.00[0m[34;1m     25.99[0m[34;22m      0.00[0m[34;22m      0.00[0m[34;1m     57.63[0m
10:47:14   [32;22m     all[0m[34;1m     17.34[0m[34;22m      0.00[0m[34;1m     26.59[0m[34;22m      0.00[0m[34;22m      0.00[0m[34;1m     56.07[0m
10:47:15   [32;22m     all[0m[34;1m     14.29[0m[34;22m      0.00[0m[34;1m     21.71[0m[34;22m      0.00[0m[34;22m      0.00[0m[34;1m     64.00[0m
10:47:16   [32;22m     all[0m[34;1m     18.29[0m[34;22m      0.00[0m[34;1m     31.43[0m[34;22m      0.00[0m[34;22m      0.00[0m[34;1m     50.29[0m
10:47:17   [32;22m     all[0m[34;1m     18.50[0m[34;22m      0.00[0m[34;1m     24.28[0m[34;22m      0.00[0m[34;22m      0.00[0m[34;1m     57.23[0m
10:47:18   [32;22m     all[0m[34;1m     17.14[0m[34;22m      0.00[0m[34;1m     24.57[0m[34;22m      0.00[0m[34;22m      0.00[0m[34;1m     58.29[0m
10:47:19   [32;22m     all[0m[34;1m     18.29[0m[34;22m      0.00[0m[34;1m     26.29[0m[34;22m      0.00[0m[34;22m      0.00[0m[34;1m     55.43[0m
10:47:20   [32;22m     all[0m[34;1m     16.76[0m[34;22m      0.00[0m[34;1m     25.14[0m[34;22m      0.00[0m[34;22m      0.00[0m[34;1m     58.10[0m
10:47:21   [32;22m     all[0m[34;1m     24.85[0m[34;22m      0.00[0m[34;1m     31.95[0m[34;22m      0.00[0m[34;22m      0.00[0m[34;1m     43.20[0m
10:47:22   [32;22m     all[0m[34;1m     15.43[0m[34;22m      0.00[0m[34;1m     26.86[0m[34;22m      0.00[0m[34;22m      0.00[0m[34;1m     57.71[0m
10:47:23   [32;22m     all[0m[34;1m     19.30[0m[34;22m      0.00[0m[34;1m     25.73[0m[34;22m      0.00[0m[34;22m      0.00[0m[34;1m     54.97[0m
10:47:24   [32;22m     all[0m[34;1m     13.64[0m[34;22m      0.00[0m[34;1m     21.59[0m[34;22m      0.00[0m[34;22m      0.00[0m[34;1m     64.77[0m
10:47:25   [32;22m     all[0m[34;1m     14.62[0m[34;22m      0.00[0m[34;1m     19.88[0m[34;22m      0.00[0m[34;22m      0.00[0m[34;1m     65.50[0m
10:47:26   [32;22m     all[0m[34;1m     16.37[0m[34;22m      0.00[0m[34;1m     26.90[0m[34;22m      0.00[0m[34;22m      0.00[0m[34;1m     56.73[0m
10:47:27   [32;22m     all[0m[34;1m     13.71[0m[34;22m      0.00[0m[34;1m     25.14[0m[34;22m      0.00[0m[34;22m      0.00[0m[34;1m     61.14[0m
10:47:28   [32;22m     all[0m[34;1m     14.29[0m[34;22m      0.00[0m[34;1m     24.57[0m[34;22m      0.00[0m[34;22m      0.00[0m[34;1m     61.14[0m
10:47:29   [32;22m     all[0m[34;1m     16.18[0m[34;22m      0.00[0m[34;1m     23.12[0m[34;22m      0.00[0m[34;22m      0.00[0m[34;1m     60.69[0m
10:47:30   [32;22m     all[0m[34;1m     15.03[0m[34;22m      0.00[0m[34;1m     24.86[0m[34;22m      0.00[0m[34;22m      0.00[0m[34;1m     60.12[0m
10:47:31   [32;22m     all[0m[34;1m     16.76[0m[34;22m      0.00[0m[34;1m     26.59[0m[34;22m      0.00[0m[34;22m      0.00[0m[34;1m     56.65[0m
10:47:32   [32;22m     all[0m[34;1m     14.61[0m[34;22m      0.00[0m[34;1m     22.47[0m[34;1m      0.56[0m[34;22m      0.00[0m[34;1m     62.36[0m
10:47:33   [32;22m     all[0m[34;1m     14.04[0m[34;22m      0.00[0m[34;1m     18.71[0m[34;22m      0.00[0m[34;22m      0.00[0m[34;1m     67.25[0m
10:47:34   [32;22m     all[0m[34;1m     14.53[0m[34;22m      0.00[0m[34;1m     24.58[0m[34;22m      0.00[0m[34;22m      0.00[0m[34;1m     60.89[0m
10:47:35   [32;22m     all[0m[34;1m     14.44[0m[34;22m      0.00[0m[34;1m     25.00[0m[34;22m      0.00[0m[34;22m      0.00[0m[34;1m     60.56[0m
10:47:36   [32;22m     all[0m[34;1m     13.87[0m[34;22m      0.00[0m[34;1m     25.43[0m[34;22m      0.00[0m[34;22m      0.00[0m[34;1m     60.69[0m
10:47:37   [32;22m     all[0m[34;1m     15.61[0m[34;22m      0.00[0m[34;1m     27.17[0m[34;22m      0.00[0m[34;22m      0.00[0m[34;1m     57.23[0m
10:47:38   [32;22m     all[0m[34;1m     21.97[0m[34;22m      0.00[0m[34;1m     31.79[0m[34;22m      0.00[0m[34;22m      0.00[0m[34;1m     46.24[0m
10:47:39   [32;22m     all[0m[34;1m     16.37[0m[34;22m      0.00[0m[34;1m     23.39[0m[34;22m      0.00[0m[34;22m      0.00[0m[34;1m     60.23[0m
10:47:40   [32;22m     all[0m[34;1m     23.98[0m[34;22m      0.00[0m[34;1m     36.84[0m[34;22m      0.00[0m[34;22m      0.00[0m[34;1m     39.18[0m
10:47:41   [32;22m     all[0m[34;1m     24.86[0m[34;22m      0.00[0m[34;1m     37.57[0m[34;22m      0.00[0m[34;22m      0.00[0m[34;1m     37.57[0m
10:47:42   [32;22m     all[0m[34;1m     23.39[0m[34;22m      0.00[0m[34;1m     30.41[0m[34;22m      0.00[0m[34;22m      0.00[0m[34;1m     46.20[0m
10:47:43   [32;22m     all[0m[34;1m     24.42[0m[34;22m      0.00[0m[34;1m     33.14[0m[34;22m      0.00[0m[34;22m      0.00[0m[34;1m     42.44[0m
10:47:44   [32;22m     all[0m[34;1m     22.81[0m[34;22m      0.00[0m[34;1m     35.67[0m[34;22m      0.00[0m[34;22m      0.00[0m[34;1m     41.52[0m
10:47:45   [32;22m     all[0m[34;1m     20.69[0m[34;22m      0.00[0m[34;1m     30.46[0m[34;22m      0.00[0m[34;22m      0.00[0m[34;1m     48.85[0m
10:47:46   [32;22m     all[0m[34;1m     24.12[0m[34;22m      0.00[0m[34;1m     38.24[0m[34;22m      0.00[0m[34;22m      0.00[0m[34;1m     37.65[0m
10:47:47   [32;22m     all[0m[34;1m     18.71[0m[34;22m      0.00[0m[34;1m     22.22[0m[34;22m      0.00[0m[34;22m      0.00[0m[34;1m     59.06[0m
10:47:48   [32;22m     all[0m[34;1m     17.65[0m[34;22m      0.00[0m[34;1m     24.71[0m[34;22m      0.00[0m[34;22m      0.00[0m[34;1m     57.65[0m
10:47:49   [32;22m     all[0m[34;1m     26.79[0m[34;22m      0.00[0m[34;1m     41.67[0m[34;22m      0.00[0m[34;22m      0.00[0m[34;1m     31.55[0m
10:47:50   [32;22m     all[0m[34;1m     17.18[0m[34;22m      0.00[0m[34;1m     30.06[0m[34;22m      0.00[0m[34;22m      0.00[0m[34;1m     52.76[0m
10:47:51   [32;22m     all[0m[34;1m     17.65[0m[34;22m      0.00[0m[34;1m     29.41[0m[34;22m      0.00[0m[34;22m      0.00[0m[34;1m     52.94[0m
10:47:52   [32;22m     all[0m[34;1m     12.85[0m[34;22m      0.00[0m[34;1m     22.35[0m[34;22m      0.00[0m[34;22m      0.00[0m[34;1m     64.80[0m
10:47:53   [32;22m     all[0m[34;1m     16.67[0m[34;22m      0.00[0m[34;1m     28.16[0m[34;22m      0.00[0m[34;22m      0.00[0m[34;1m     55.17[0m
10:47:54   [32;22m     all[0m[34;1m     18.18[0m[34;22m      0.00[0m[34;1m     24.43[0m[34;22m      0.00[0m[34;22m      0.00[0m[34;1m     57.39[0m
10:47:55   [32;22m     all[0m[34;1m     13.64[0m[34;22m      0.00[0m[34;1m     23.86[0m[34;22m      0.00[0m[34;22m      0.00[0m[34;1m     62.50[0m
10:47:56   [32;22m     all[0m[34;1m     14.29[0m[34;22m      0.00[0m[34;1m     22.29[0m[34;22m      0.00[0m[34;22m      0.00[0m[34;1m     63.43[0m
10:47:57   [32;22m     all[0m[34;1m     11.17[0m[34;22m      0.00[0m[34;1m     21.79[0m[34;22m      0.00[0m[34;22m      0.00[0m[34;1m     67.04[0m
10:47:58   [32;22m     all[0m[34;1m     13.71[0m[34;22m      0.00[0m[34;1m     20.57[0m[34;22m      0.00[0m[34;22m      0.00[0m[34;1m     65.71[0m
10:47:59   [32;22m     all[0m[34;1m     13.71[0m[34;22m      0.00[0m[34;1m     25.71[0m[34;22m      0.00[0m[34;22m      0.00[0m[34;1m     60.57[0m
10:48:00   [32;22m     all[0m[34;1m     11.86[0m[34;22m      0.00[0m[34;1m     22.03[0m[34;22m      0.00[0m[34;22m      0.00[0m[34;1m     66.10[0m
10:48:01   [32;22m     all[0m[34;1m     18.39[0m[34;22m      0.00[0m[34;1m     27.59[0m[34;1m      0.57[0m[34;22m      0.00[0m[34;1m     53.45[0m
10:48:02   [32;22m     all[0m[34;1m     17.71[0m[34;22m      0.00[0m[34;1m     24.00[0m[34;22m      0.00[0m[34;22m      0.00[0m[34;1m     58.29[0m
10:48:03   [32;22m     all[0m[34;1m     19.43[0m[34;22m      0.00[0m[34;1m     28.57[0m[34;22m      0.00[0m[34;22m      0.00[0m[34;1m     52.00[0m
10:48:04   [32;22m     all[0m[34;1m     17.75[0m[34;22m      0.00[0m[34;1m     30.77[0m[34;22m      0.00[0m[34;22m      0.00[0m[34;1m     51.48[0m
10:48:05   [32;22m     all[0m[34;1m     21.43[0m[34;22m      0.00[0m[34;1m     38.69[0m[34;22m      0.00[0m[34;22m      0.00[0m[34;1m     39.88[0m
10:48:06   [32;22m     all[0m[34;1m     22.75[0m[34;22m      0.00[0m[34;1m     37.13[0m[34;22m      0.00[0m[34;22m      0.00[0m[34;1m     40.12[0m
10:48:07   [32;22m     all[0m[34;1m     21.89[0m[34;22m      0.00[0m[34;1m     36.69[0m[34;22m      0.00[0m[34;22m      0.00[0m[34;1m     41.42[0m
10:48:08   [32;22m     all[0m[34;1m     19.65[0m[34;22m      0.00[0m[34;1m     30.64[0m[34;22m      0.00[0m[34;22m      0.00[0m[34;1m     49.71[0m
10:48:09   [32;22m     all[0m[34;1m     17.54[0m[34;22m      0.00[0m[34;1m     25.73[0m[34;22m      0.00[0m[34;22m      0.00[0m[34;1m     56.73[0m
10:48:10   [32;22m     all[0m[34;1m     15.29[0m[34;22m      0.00[0m[34;1m     21.76[0m[34;22m      0.00[0m[34;22m      0.00[0m[34;1m     62.94[0m
10:48:11   [32;22m     all[0m[34;1m     22.94[0m[34;22m      0.00[0m[34;1m     29.41[0m[34;22m      0.00[0m[34;22m      0.00[0m[34;1m     47.65[0m
10:48:12   [32;22m     all[0m[34;1m     19.16[0m[34;22m      0.00[0m[34;1m     35.93[0m[34;22m      0.00[0m[34;22m      0.00[0m[34;1m     44.91[0m
10:48:13   [32;22m     all[0m[34;1m     24.70[0m[34;22m      0.00[0m[34;1m     36.75[0m[34;22m      0.00[0m[34;22m      0.00[0m[34;1m     38.55[0m
10:48:14   [32;22m     all[0m[34;1m     24.86[0m[34;22m      0.00[0m[34;1m     35.84[0m[34;22m      0.00[0m[34;22m      0.00[0m[34;1m     39.31[0m
10:48:15   [32;22m     all[0m[34;1m     23.08[0m[34;22m      0.00[0m[34;1m     36.09[0m[34;22m      0.00[0m[34;22m      0.00[0m[34;1m     40.83[0m
10:48:16   [32;22m     all[0m[34;1m     10.40[0m[34;22m      0.00[0m[34;1m     21.39[0m[34;22m      0.00[0m[34;22m      0.00[0m[34;1m     68.21[0m
10:48:17   [32;22m     all[0m[34;1m     14.61[0m[34;22m      0.00[0m[34;1m     23.60[0m[34;22m      0.00[0m[34;22m      0.00[0m[34;1m     61.80[0m
10:48:18   [32;22m     all[0m[34;1m     13.97[0m[34;22m      0.00[0m[34;1m     22.35[0m[34;1m      0.56[0m[34;22m      0.00[0m[34;1m     63.13[0m
10:48:19   [32;22m     all[0m[34;1m     14.04[0m[34;22m      0.00[0m[34;1m     19.30[0m[34;22m      0.00[0m[34;22m      0.00[0m[34;1m     66.67[0m
10:48:20   [32;22m     all[0m[34;1m     14.04[0m[34;22m      0.00[0m[34;1m     23.39[0m[34;22m      0.00[0m[34;22m      0.00[0m[34;1m     62.57[0m
10:48:21   [32;22m     all[0m[34;1m     13.33[0m[34;22m      0.00[0m[34;1m     20.00[0m[34;22m      0.00[0m[34;22m      0.00[0m[34;1m     66.67[0m
10:48:22   [32;22m     all[0m[34;1m     11.93[0m[34;22m      0.00[0m[34;1m     19.32[0m[34;22m      0.00[0m[34;22m      0.00[0m[34;1m     68.75[0m
10:48:23   [32;22m     all[0m[34;1m     13.56[0m[34;22m      0.00[0m[34;1m     22.03[0m[34;22m      0.00[0m[34;22m      0.00[0m[34;1m     64.41[0m
10:48:24   [32;22m     all[0m[34;1m     11.36[0m[34;22m      0.00[0m[34;1m     21.59[0m[34;22m      0.00[0m[34;22m      0.00[0m[34;1m     67.05[0m
10:48:25   [32;22m     all[0m[34;1m      9.50[0m[34;22m      0.00[0m[34;1m     18.44[0m[34;22m      0.00[0m[34;22m      0.00[0m[34;1m     72.07[0m
10:48:26   [32;22m     all[0m[34;1m     13.56[0m[34;22m      0.00[0m[34;1m     23.16[0m[34;22m      0.00[0m[34;22m      0.00[0m[34;1m     63.28[0m
10:48:27   [32;22m     all[0m[34;1m     14.37[0m[34;22m      0.00[0m[34;1m     20.69[0m[34;22m      0.00[0m[34;22m      0.00[0m[34;1m     64.94[0m
10:48:28   [32;22m     all[0m[34;1m     14.37[0m[34;22m      0.00[0m[34;1m     22.41[0m[34;22m      0.00[0m[34;22m      0.00[0m[34;1m     63.22[0m
10:48:29   [32;22m     all[0m[34;1m     11.30[0m[34;22m      0.00[0m[34;1m     19.21[0m[34;22m      0.00[0m[34;22m      0.00[0m[34;1m     69.49[0m
10:48:30   [32;22m     all[0m[34;1m     10.34[0m[34;22m      0.00[0m[34;1m     19.54[0m[34;22m      0.00[0m[34;22m      0.00[0m[34;1m     70.11[0m
10:48:31   [32;22m     all[0m[34;1m     14.29[0m[34;22m      0.00[0m[34;1m     22.29[0m[34;22m      0.00[0m[34;22m      0.00[0m[34;1m     63.43[0m
10:48:32   [32;22m     all[0m[34;1m     11.93[0m[34;22m      0.00[0m[34;1m     18.18[0m[34;22m      0.00[0m[34;22m      0.00[0m[34;1m     69.89[0m
10:48:33   [32;22m     all[0m[34;1m     12.36[0m[34;22m      0.00[0m[34;1m     21.35[0m[34;22m      0.00[0m[34;22m      0.00[0m[34;1m     66.29[0m
10:48:34   [32;22m     all[0m[34;1m     11.30[0m[34;22m      0.00[0m[34;1m     18.64[0m[34;22m      0.00[0m[34;22m      0.00[0m[34;1m     70.06[0m
10:48:35   [32;22m     all[0m[34;1m     11.49[0m[34;22m      0.00[0m[34;1m     19.54[0m[34;22m      0.00[0m[34;22m      0.00[0m[34;1m     68.97[0m
10:48:36   [32;22m     all[0m[34;1m     11.05[0m[34;22m      0.00[0m[34;1m     18.23[0m[34;22m      0.00[0m[34;22m      0.00[0m[34;1m     70.72[0m
10:48:37   [32;22m     all[0m[34;1m     13.33[0m[34;22m      0.00[0m[34;1m     21.11[0m[34;22m      0.00[0m[34;22m      0.00[0m[34;1m     65.56[0m
10:48:38   [32;22m     all[0m[34;1m      9.09[0m[34;22m      0.00[0m[34;1m     18.18[0m[34;22m      0.00[0m[34;22m      0.00[0m[34;1m     72.73[0m
10:48:39   [32;22m     all[0m[34;1m     12.09[0m[34;22m      0.00[0m[34;1m     18.13[0m[34;22m      0.00[0m[34;22m      0.00[0m[34;1m     69.78[0m
10:48:40   [32;22m     all[0m[34;1m     13.48[0m[34;22m      0.00[0m[34;1m     17.98[0m[34;22m      0.00[0m[34;22m      0.00[0m[34;1m     68.54[0m
10:48:41   [32;22m     all[0m[34;1m     14.12[0m[34;22m      0.00[0m[34;1m     23.16[0m[34;22m      0.00[0m[34;22m      0.00[0m[34;1m     62.71[0m
10:48:42   [32;22m     all[0m[34;1m     11.30[0m[34;22m      0.00[0m[34;1m     18.64[0m[34;22m      0.00[0m[34;22m      0.00[0m[34;1m     70.06[0m
10:48:43   [32;22m     all[0m[34;1m      9.94[0m[34;22m      0.00[0m[34;1m     16.57[0m[34;22m      0.00[0m[34;22m      0.00[0m[34;1m     73.48[0m
10:48:44   [32;22m     all[0m[34;1m     13.07[0m[34;22m      0.00[0m[34;1m     21.02[0m[34;22m      0.00[0m[34;22m      0.00[0m[34;1m     65.91[0m
10:48:45   [32;22m     all[0m[34;1m     13.14[0m[34;22m      0.00[0m[34;1m     20.57[0m[34;22m      0.00[0m[34;22m      0.00[0m[34;1m     66.29[0m
10:48:46   [32;22m     all[0m[34;1m     12.71[0m[34;22m      0.00[0m[34;1m     19.34[0m[34;22m      0.00[0m[34;22m      0.00[0m[34;1m     67.96[0m
10:48:47   [32;22m     all[0m[34;1m     12.50[0m[34;22m      0.00[0m[34;1m     18.75[0m[34;22m      0.00[0m[34;22m      0.00[0m[34;1m     68.75[0m
10:48:48   [32;22m     all[0m[34;1m     12.92[0m[34;22m      0.00[0m[34;1m     23.60[0m[34;22m      0.00[0m[34;22m      0.00[0m[34;1m     63.48[0m
10:48:49   [32;22m     all[0m[34;1m     14.53[0m[34;22m      0.00[0m[34;1m     22.35[0m[34;22m      0.00[0m[34;22m      0.00[0m[34;1m     63.13[0m
10:48:50   [32;22m     all[0m[34;1m     11.24[0m[34;22m      0.00[0m[34;1m     21.35[0m[34;22m      0.00[0m[34;22m      0.00[0m[34;1m     67.42[0m
10:48:51   [32;22m     all[0m[34;1m     12.85[0m[34;22m      0.00[0m[34;1m     17.88[0m[34;22m      0.00[0m[34;22m      0.00[0m[34;1m     69.27[0m
10:48:52   [32;22m     all[0m[34;1m      9.66[0m[34;22m      0.00[0m[34;1m     21.59[0m[34;22m      0.00[0m[34;22m      0.00[0m[34;1m     68.75[0m
10:48:53   [32;22m     all[0m[34;1m     13.48[0m[34;22m      0.00[0m[34;1m     21.35[0m[34;22m      0.00[0m[34;22m      0.00[0m[34;1m     65.17[0m
10:48:54   [32;22m     all[0m[34;1m     12.43[0m[34;22m      0.00[0m[34;1m     22.03[0m[34;22m      0.00[0m[34;22m      0.00[0m[34;1m     65.54[0m
10:48:55   [32;22m     all[0m[34;1m     12.92[0m[34;22m      0.00[0m[34;1m     21.35[0m[34;22m      0.00[0m[34;22m      0.00[0m[34;1m     65.73[0m
10:48:56   [32;22m     all[0m[34;1m     13.56[0m[34;22m      0.00[0m[34;1m     19.77[0m[34;22m      0.00[0m[34;22m      0.00[0m[34;1m     66.67[0m
10:48:57   [32;22m     all[0m[34;1m     13.22[0m[34;22m      0.00[0m[34;1m     18.97[0m[34;22m      0.00[0m[34;22m      0.00[0m[34;1m     67.82[0m
10:48:58   [32;22m     all[0m[34;1m     11.36[0m[34;22m      0.00[0m[34;1m     19.89[0m[34;22m      0.00[0m[34;22m      0.00[0m[34;1m     68.75[0m
10:48:59   [32;22m     all[0m[34;1m     10.73[0m[34;22m      0.00[0m[34;1m     15.82[0m[34;22m      0.00[0m[34;22m      0.00[0m[34;1m     73.45[0m
10:49:00   [32;22m     all[0m[34;1m     12.99[0m[34;22m      0.00[0m[34;1m     16.38[0m[34;22m      0.00[0m[34;22m      0.00[0m[34;1m     70.62[0m
10:49:01   [32;22m     all[0m[34;1m     13.04[0m[34;22m      0.00[0m[34;1m     19.57[0m[34;22m      0.00[0m[34;22m      0.00[0m[34;1m     67.39[0m
10:49:02   [32;22m     all[0m[34;1m     12.36[0m[34;22m      0.00[0m[34;1m     20.22[0m[34;22m      0.00[0m[34;22m      0.00[0m[34;1m     67.42[0m
10:49:03   [32;22m     all[0m[34;1m     15.34[0m[34;22m      0.00[0m[34;1m     21.59[0m[34;22m      0.00[0m[34;22m      0.00[0m[34;1m     63.07[0m
10:49:04   [32;22m     all[0m[34;1m     11.54[0m[34;22m      0.00[0m[34;1m     19.23[0m[34;22m      0.00[0m[34;22m      0.00[0m[34;1m     69.23[0m
10:49:05   [32;22m     all[0m[34;1m     11.80[0m[34;22m      0.00[0m[34;1m     16.85[0m[34;1m      0.56[0m[34;22m      0.00[0m[34;1m     70.79[0m
10:49:06   [32;22m     all[0m[34;1m     13.71[0m[34;22m      0.00[0m[34;1m     20.57[0m[34;22m      0.00[0m[34;22m      0.00[0m[34;1m     65.71[0m
10:49:07   [32;22m     all[0m[34;1m     13.97[0m[34;22m      0.00[0m[34;1m     18.99[0m[34;22m      0.00[0m[34;22m      0.00[0m[34;1m     67.04[0m
10:49:08   [32;22m     all[0m[34;1m     13.89[0m[34;22m      0.00[0m[34;1m     20.56[0m[34;1m      0.56[0m[34;22m      0.00[0m[34;1m     65.00[0m
10:49:09   [32;22m     all[0m[34;1m     11.05[0m[34;22m      0.00[0m[34;1m     19.34[0m[34;22m      0.00[0m[34;22m      0.00[0m[34;1m     69.61[0m
10:49:10   [32;22m     all[0m[34;1m     12.36[0m[34;22m      0.00[0m[34;1m     16.29[0m[34;22m      0.00[0m[34;22m      0.00[0m[34;1m     71.35[0m
10:49:11   [32;22m     all[0m[34;1m     11.17[0m[34;22m      0.00[0m[34;1m     16.76[0m[34;22m      0.00[0m[34;22m      0.00[0m[34;1m     72.07[0m
10:49:12   [32;22m     all[0m[34;1m     12.22[0m[34;22m      0.00[0m[34;1m     16.67[0m[34;22m      0.00[0m[34;22m      0.00[0m[34;1m     71.11[0m
10:49:13   [32;22m     all[0m[34;1m     14.77[0m[34;22m      0.00[0m[34;1m     23.30[0m[34;22m      0.00[0m[34;22m      0.00[0m[34;1m     61.93[0m
10:49:14   [32;22m     all[0m[34;1m     11.11[0m[34;22m      0.00[0m[34;1m     20.00[0m[34;22m      0.00[0m[34;22m      0.00[0m[34;1m     68.89[0m
10:49:15   [32;22m     all[0m[34;1m     11.11[0m[34;22m      0.00[0m[34;1m     17.78[0m[34;22m      0.00[0m[34;22m      0.00[0m[34;1m     71.11[0m
10:49:16   [32;22m     all[0m[34;1m     12.09[0m[34;22m      0.00[0m[34;1m     17.58[0m[34;22m      0.00[0m[34;22m      0.00[0m[34;1m     70.33[0m
10:49:17   [32;22m     all[0m[34;1m     12.36[0m[34;22m      0.00[0m[34;1m     19.66[0m[34;22m      0.00[0m[34;22m      0.00[0m[34;1m     67.98[0m
10:49:18   [32;22m     all[0m[34;1m     11.54[0m[34;22m      0.00[0m[34;1m     19.23[0m[34;22m      0.00[0m[34;22m      0.00[0m[34;1m     69.23[0m
10:49:19   [32;22m     all[0m[34;1m     13.97[0m[34;22m      0.00[0m[34;1m     18.44[0m[34;22m      0.00[0m[34;22m      0.00[0m[34;1m     67.60[0m
10:49:20   [32;22m     all[0m[34;1m     12.85[0m[34;22m      0.00[0m[34;1m     18.99[0m[34;22m      0.00[0m[34;22m      0.00[0m[34;1m     68.16[0m
10:49:21   [32;22m     all[0m[34;1m     13.07[0m[34;22m      0.00[0m[34;1m     19.89[0m[34;22m      0.00[0m[34;22m      0.00[0m[34;1m     67.05[0m
10:49:22   [32;22m     all[0m[34;1m     12.36[0m[34;22m      0.00[0m[34;1m     20.79[0m[34;22m      0.00[0m[34;22m      0.00[0m[34;1m     66.85[0m
10:49:23   [32;22m     all[0m[34;1m     14.04[0m[34;22m      0.00[0m[34;1m     18.54[0m[34;22m      0.00[0m[34;22m      0.00[0m[34;1m     67.42[0m
10:49:24   [32;22m     all[0m[34;1m     12.36[0m[34;22m      0.00[0m[34;1m     19.66[0m[34;22m      0.00[0m[34;22m      0.00[0m[34;1m     67.98[0m
10:49:25   [32;22m     all[0m[34;1m     18.02[0m[34;22m      0.00[0m[34;1m     29.07[0m[34;22m      0.00[0m[34;22m      0.00[0m[34;1m     52.91[0m
10:49:26   [32;22m     all[0m[34;1m     15.03[0m[34;22m      0.00[0m[34;1m     26.01[0m[34;22m      0.00[0m[34;22m      0.00[0m[34;1m     58.96[0m
10:49:27   [32;22m     all[0m[34;1m     13.95[0m[34;22m      0.00[0m[34;1m     22.09[0m[34;22m      0.00[0m[34;22m      0.00[0m[34;1m     63.95[0m
10:49:28   [32;22m     all[0m[34;1m     14.53[0m[34;22m      0.00[0m[34;1m     24.02[0m[34;22m      0.00[0m[34;22m      0.00[0m[34;1m     61.45[0m
10:49:29   [32;22m     all[0m[34;1m     16.67[0m[34;22m      0.00[0m[34;1m     27.01[0m[34;22m      0.00[0m[34;22m      0.00[0m[34;1m     56.32[0m
10:49:30   [32;22m     all[0m[34;1m     14.12[0m[34;22m      0.00[0m[34;1m     19.77[0m[34;22m      0.00[0m[34;22m      0.00[0m[34;1m     66.10[0m
10:49:31   [32;22m     all[0m[34;1m     14.20[0m[34;22m      0.00[0m[34;1m     25.00[0m[34;1m      0.57[0m[34;22m      0.00[0m[34;1m     60.23[0m
10:49:32   [32;22m     all[0m[34;1m     16.38[0m[34;22m      0.00[0m[34;1m     25.42[0m[34;22m      0.00[0m[34;22m      0.00[0m[34;1m     58.19[0m
10:49:33   [32;22m     all[0m[34;1m     15.34[0m[34;22m      0.00[0m[34;1m     21.02[0m[34;22m      0.00[0m[34;22m      0.00[0m[34;1m     63.64[0m
10:49:34   [32;22m     all[0m[34;1m     14.61[0m[34;22m      0.00[0m[34;1m     21.35[0m[34;22m      0.00[0m[34;22m      0.00[0m[34;1m     64.04[0m
10:49:35   [32;22m     all[0m[34;1m     11.73[0m[34;22m      0.00[0m[34;1m     17.32[0m[34;22m      0.00[0m[34;22m      0.00[0m[34;1m     70.95[0m
10:49:36   [32;22m     all[0m[34;1m     15.61[0m[34;22m      0.00[0m[34;1m     27.17[0m[34;22m      0.00[0m[34;22m      0.00[0m[34;1m     57.23[0m
10:49:37   [32;22m     all[0m[34;1m     14.69[0m[34;22m      0.00[0m[34;1m     24.86[0m[34;22m      0.00[0m[34;22m      0.00[0m[34;1m     60.45[0m
10:49:38   [32;22m     all[0m[34;1m     13.56[0m[34;22m      0.00[0m[34;1m     17.51[0m[34;22m      0.00[0m[34;22m      0.00[0m[34;1m     68.93[0m
10:49:39   [32;22m     all[0m[34;1m     12.22[0m[34;22m      0.00[0m[34;1m     20.00[0m[34;22m      0.00[0m[34;22m      0.00[0m[34;1m     67.78[0m
10:49:40   [32;22m     all[0m[34;1m     12.15[0m[34;22m      0.00[0m[34;1m     17.13[0m[34;22m      0.00[0m[34;22m      0.00[0m[34;1m     70.72[0m
10:49:41   [32;22m     all[0m[34;1m     12.00[0m[34;22m      0.00[0m[34;1m     19.43[0m[34;22m      0.00[0m[34;22m      0.00[0m[34;1m     68.57[0m
10:49:42   [32;22m     all[0m[34;1m     14.61[0m[34;22m      0.00[0m[34;1m     23.03[0m[34;22m      0.00[0m[34;22m      0.00[0m[34;1m     62.36[0m
10:49:43   [32;22m     all[0m[34;1m     11.73[0m[34;22m      0.00[0m[34;1m     17.88[0m[34;22m      0.00[0m[34;22m      0.00[0m[34;1m     70.39[0m
10:49:44   [32;22m     all[0m[34;1m     12.78[0m[34;22m      0.00[0m[34;1m     18.89[0m[34;22m      0.00[0m[34;22m      0.00[0m[34;1m     68.33[0m
10:49:45   [32;22m     all[0m[34;1m     12.99[0m[34;22m      0.00[0m[34;1m     19.77[0m[34;22m      0.00[0m[34;22m      0.00[0m[34;1m     67.23[0m
10:49:46   [32;22m     all[0m[34;1m     10.93[0m[34;22m      0.00[0m[34;1m     16.94[0m[34;22m      0.00[0m[34;22m      0.00[0m[34;1m     72.13[0m
10:49:47   [32;22m     all[0m[34;1m     13.48[0m[34;22m      0.00[0m[34;1m     19.66[0m[34;22m      0.00[0m[34;22m      0.00[0m[34;1m     66.85[0m
10:49:48   [32;22m     all[0m[34;1m     13.56[0m[34;22m      0.00[0m[34;1m     21.47[0m[34;22m      0.00[0m[34;22m      0.00[0m[34;1m     64.97[0m
10:49:49   [32;22m     all[0m[34;1m     16.48[0m[34;22m      0.00[0m[34;1m     21.59[0m[34;22m      0.00[0m[34;22m      0.00[0m[34;1m     61.93[0m
10:49:50   [32;22m     all[0m[34;1m     13.56[0m[34;22m      0.00[0m[34;1m     21.47[0m[34;22m      0.00[0m[34;22m      0.00[0m[34;1m     64.97[0m
10:49:51   [32;22m     all[0m[34;1m     18.02[0m[34;22m      0.00[0m[34;1m     22.67[0m[34;22m      0.00[0m[34;22m      0.00[0m[34;1m     59.30[0m
10:49:52   [32;22m     all[0m[34;1m     14.36[0m[34;22m      0.00[0m[34;1m     21.55[0m[34;22m      0.00[0m[34;22m      0.00[0m[34;1m     64.09[0m
10:49:53   [32;22m     all[0m[34;1m     13.14[0m[34;22m      0.00[0m[34;1m     17.14[0m[34;22m      0.00[0m[34;22m      0.00[0m[34;1m     69.71[0m
10:49:54   [32;22m     all[0m[34;1m     15.08[0m[34;22m      0.00[0m[34;1m     20.67[0m[34;22m      0.00[0m[34;22m      0.00[0m[34;1m     64.25[0m
10:49:55   [32;22m     all[0m[34;1m     11.30[0m[34;22m      0.00[0m[34;1m     19.77[0m[34;22m      0.00[0m[34;22m      0.00[0m[34;1m     68.93[0m
10:49:56   [32;22m     all[0m[34;1m     11.80[0m[34;22m      0.00[0m[34;1m     17.42[0m[34;22m      0.00[0m[34;22m      0.00[0m[34;1m     70.79[0m
10:49:57   [32;22m     all[0m[34;1m     14.53[0m[34;22m      0.00[0m[34;1m     19.55[0m[34;22m      0.00[0m[34;22m      0.00[0m[34;1m     65.92[0m
10:49:58   [32;22m     all[0m[34;1m     11.80[0m[34;22m      0.00[0m[34;1m     18.54[0m[34;22m      0.00[0m[34;22m      0.00[0m[34;1m     69.66[0m
10:49:59   [32;22m     all[0m[34;1m     16.48[0m[34;22m      0.00[0m[34;1m     22.16[0m[34;22m      0.00[0m[34;22m      0.00[0m[34;1m     61.36[0m
10:50:00   [32;22m     all[0m[34;1m     14.04[0m[34;22m      0.00[0m[34;1m     20.79[0m[34;22m      0.00[0m[34;22m      0.00[0m[34;1m     65.17[0m
10:50:01   [32;22m     all[0m[34;1m     12.92[0m[34;22m      0.00[0m[34;1m     24.16[0m[34;22m      0.00[0m[34;22m      0.00[0m[34;1m     62.92[0m
10:50:02   [32;22m     all[0m[34;1m      9.84[0m[34;22m      0.00[0m[34;1m     14.75[0m[34;22m      0.00[0m[34;22m      0.00[0m[34;1m     75.41[0m
10:50:03   [32;22m     all[0m[34;1m      9.44[0m[34;22m      0.00[0m[34;1m     16.11[0m[34;22m      0.00[0m[34;22m      0.00[0m[34;1m     74.44[0m
10:50:04   [32;22m     all[0m[34;1m      9.34[0m[34;22m      0.00[0m[34;1m     14.84[0m[34;22m      0.00[0m[34;22m      0.00[0m[34;1m     75.82[0m
10:50:05   [32;22m     all[0m[34;1m     10.73[0m[34;22m      0.00[0m[34;1m     18.64[0m[34;22m      0.00[0m[34;22m      0.00[0m[34;1m     70.62[0m
10:50:06   [32;22m     all[0m[34;1m     10.00[0m[34;22m      0.00[0m[34;1m     19.44[0m[34;22m      0.00[0m[34;22m      0.00[0m[34;1m     70.56[0m
10:50:07   [32;22m     all[0m[34;1m     10.00[0m[34;22m      0.00[0m[34;1m     17.22[0m[34;1m      0.56[0m[34;22m      0.00[0m[34;1m     72.22[0m
10:50:08   [32;22m     all[0m[34;1m      5.43[0m[34;22m      0.00[0m[34;1m      8.15[0m[34;22m      0.00[0m[34;22m      0.00[0m[34;1m     86.41[0m
