Linux 6.6.95 (ssp-study) 	04/21/26 	_x86_64_	(2 CPU)

10:26:57        CPU     %user     %nice   %system   %iowait    %steal     %idle
10:26:58   [32;22m     all[0m[34;1m     29.17[0m[34;22m      0.00[0m[34;1m     29.76[0m[34;1m      0.60[0m[34;22m      0.00[0m[34;1m     40.48[0m
10:26:59   [32;22m     all[0m[34;1m     22.35[0m[34;22m      0.00[0m[34;1m     25.88[0m[34;22m      0.00[0m[34;22m      0.00[0m[34;1m     51.76[0m
10:27:00   [32;22m     all[0m[34;1m     29.09[0m[34;22m      0.00[0m[34;1m     30.91[0m[34;1m      0.61[0m[34;22m      0.00[0m[34;1m     39.39[0m
10:27:01   [32;22m     all[0m[34;1m     27.54[0m[34;22m      0.00[0m[34;1m     28.14[0m[34;22m      0.00[0m[34;22m      0.00[0m[34;1m     44.31[0m
10:27:02   [32;22m     all[0m[34;1m     26.42[0m[34;22m      0.00[0m[34;1m     37.74[0m[34;22m      0.00[0m[34;22m      0.00[0m[34;1m     35.85[0m
10:27:03   [32;22m     all[0m[34;1m     32.73[0m[34;22m      0.00[0m[34;1m     41.82[0m[34;22m      0.00[0m[34;22m      0.00[0m[34;1m     25.45[0m
10:27:04   [32;22m     all[0m[34;1m     30.00[0m[34;22m      0.00[0m[34;1m     40.59[0m[34;22m      0.00[0m[34;22m      0.00[0m[34;1m     29.41[0m
10:27:05   [32;22m     all[0m[34;1m     30.23[0m[34;22m      0.00[0m[34;1m     41.86[0m[34;22m      0.00[0m[34;22m      0.00[0m[34;1m     27.91[0m
10:27:06   [32;22m     all[0m[34;1m     36.42[0m[34;22m      0.00[0m[34;1m     43.93[0m[34;22m      0.00[0m[34;22m      0.00[0m[35;1m     19.65[0m
10:27:07   [32;22m     all[0m[34;1m     34.43[0m[34;22m      0.00[0m[34;1m     45.36[0m[34;22m      0.00[0m[34;22m      0.00[0m[35;1m     20.22[0m
10:27:08   [32;22m     all[0m[34;1m     39.53[0m[34;22m      0.00[0m[34;1m     45.35[0m[34;22m      0.00[0m[34;22m      0.00[0m[35;1m     15.12[0m
10:27:09   [32;22m     all[0m[34;1m     34.50[0m[34;22m      0.00[0m[34;1m     43.86[0m[34;22m      0.00[0m[34;22m      0.00[0m[35;1m     21.64[0m
10:27:10   [32;22m     all[0m[34;1m     41.46[0m[34;22m      0.00[0m[34;1m     50.61[0m[34;1m      0.61[0m[34;22m      0.00[0m[31;1m      7.32[0m
10:27:11   [32;22m     all[0m[34;1m     40.13[0m[34;22m      0.00[0m[34;1m     55.41[0m[34;22m      0.00[0m[34;22m      0.00[0m[31;1m      4.46[0m
10:27:12   [32;22m     all[0m[34;1m     42.69[0m[34;22m      0.00[0m[34;1m     53.80[0m[34;22m      0.00[0m[34;22m      0.00[0m[31;1m      3.51[0m
10:27:13   [32;22m     all[0m[34;1m     48.80[0m[34;22m      0.00[0m[34;1m     46.39[0m[34;1m      0.60[0m[34;22m      0.00[0m[31;1m      4.22[0m
10:27:14   [32;22m     all[0m[34;1m     41.96[0m[34;22m      0.00[0m[34;1m     54.55[0m[34;1m      0.70[0m[34;22m      0.00[0m[31;1m      2.80[0m
10:27:15   [32;22m     all[0m[34;1m     40.56[0m[34;22m      0.00[0m[34;1m     55.56[0m[34;22m      0.00[0m[34;22m      0.00[0m[31;1m      3.89[0m
10:27:16   [32;22m     all[0m[34;1m     45.12[0m[34;22m      0.00[0m[34;1m     51.22[0m[34;22m      0.00[0m[34;22m      0.00[0m[31;1m      3.66[0m
10:27:17   [32;22m     all[0m[34;1m     43.12[0m[34;22m      0.00[0m[34;1m     51.25[0m[34;22m      0.00[0m[34;22m      0.00[0m[31;1m      5.62[0m
10:27:18   [32;22m     all[0m[34;1m     43.66[0m[34;22m      0.00[0m[34;1m     50.00[0m[34;22m      0.00[0m[34;22m      0.00[0m[31;1m      6.34[0m
10:27:19   [32;22m     all[0m[34;1m     36.72[0m[34;22m      0.00[0m[34;1m     58.59[0m[34;22m      0.00[0m[34;22m      0.00[0m[31;1m      4.69[0m
10:27:20   [32;22m     all[0m[34;1m     43.54[0m[34;22m      0.00[0m[34;1m     48.98[0m[34;22m      0.00[0m[34;22m      0.00[0m[31;1m      7.48[0m
10:27:21   [32;22m     all[0m[34;1m     42.01[0m[34;22m      0.00[0m[34;1m     53.85[0m[34;22m      0.00[0m[34;22m      0.00[0m[31;1m      4.14[0m
10:27:22   [32;22m     all[0m[34;1m     46.45[0m[34;22m      0.00[0m[34;1m     51.91[0m[34;22m      0.00[0m[34;22m      0.00[0m[31;1m      1.64[0m
10:27:23   [32;22m     all[0m[34;1m     38.37[0m[34;22m      0.00[0m[34;1m     56.98[0m[34;22m      0.00[0m[34;22m      0.00[0m[31;1m      4.65[0m
10:27:24   [32;22m     all[0m[34;1m     45.83[0m[34;22m      0.00[0m[34;1m     49.40[0m[34;22m      0.00[0m[34;22m      0.00[0m[31;1m      4.76[0m
10:27:25   [32;22m     all[0m[34;1m     43.75[0m[34;22m      0.00[0m[34;1m     53.98[0m[34;22m      0.00[0m[34;22m      0.00[0m[31;1m      2.27[0m
10:27:26   [32;22m     all[0m[34;1m     45.35[0m[34;22m      0.00[0m[34;1m     50.58[0m[34;22m      0.00[0m[34;22m      0.00[0m[31;1m      4.07[0m
10:27:27   [32;22m     all[0m[34;1m     47.40[0m[34;22m      0.00[0m[34;1m     49.48[0m[34;22m      0.00[0m[34;22m      0.00[0m[31;1m      3.12[0m
10:27:28   [32;22m     all[0m[34;1m     47.62[0m[34;22m      0.00[0m[34;1m     49.74[0m[34;22m      0.00[0m[34;22m      0.00[0m[31;1m      2.65[0m
10:27:29   [32;22m     all[0m[34;1m     47.62[0m[34;22m      0.00[0m[34;1m     49.21[0m[34;22m      0.00[0m[34;22m      0.00[0m[31;1m      3.17[0m
10:27:30   [32;22m     all[0m[34;1m     42.93[0m[34;22m      0.00[0m[34;1m     52.17[0m[34;1m      0.54[0m[34;22m      0.00[0m[31;1m      4.35[0m
10:27:31   [32;22m     all[0m[34;1m     48.15[0m[34;22m      0.00[0m[34;1m     49.21[0m[34;22m      0.00[0m[34;22m      0.00[0m[31;1m      2.65[0m
10:27:32   [32;22m     all[0m[34;1m     42.39[0m[34;22m      0.00[0m[34;1m     52.17[0m[34;22m      0.00[0m[34;22m      0.00[0m[31;1m      5.43[0m
10:27:33   [32;22m     all[0m[34;1m     46.88[0m[34;22m      0.00[0m[34;1m     49.48[0m[34;22m      0.00[0m[34;22m      0.00[0m[31;1m      3.65[0m
10:27:34   [32;22m     all[0m[34;1m     40.53[0m[34;22m      0.00[0m[34;1m     55.26[0m[34;22m      0.00[0m[34;22m      0.00[0m[31;1m      4.21[0m
10:27:35   [32;22m     all[0m[34;1m     44.62[0m[34;22m      0.00[0m[34;1m     52.82[0m[34;22m      0.00[0m[34;22m      0.00[0m[31;1m      2.56[0m
10:27:36   [32;22m     all[0m[34;1m     46.07[0m[34;22m      0.00[0m[34;1m     51.31[0m[34;22m      0.00[0m[34;22m      0.00[0m[31;1m      2.62[0m
10:27:37   [32;22m     all[0m[34;1m     46.56[0m[34;22m      0.00[0m[34;1m     49.74[0m[34;22m      0.00[0m[34;22m      0.00[0m[31;1m      3.70[0m
10:27:38   [32;22m     all[0m[34;1m     43.39[0m[34;22m      0.00[0m[34;1m     50.79[0m[34;22m      0.00[0m[34;22m      0.00[0m[31;1m      5.82[0m
10:27:39   [32;22m     all[0m[34;1m     47.12[0m[34;22m      0.00[0m[34;1m     49.74[0m[34;22m      0.00[0m[34;22m      0.00[0m[31;1m      3.14[0m
10:27:40   [32;22m     all[0m[34;1m     46.39[0m[34;22m      0.00[0m[34;1m     50.00[0m[34;22m      0.00[0m[34;22m      0.00[0m[31;1m      3.61[0m
10:27:41   [32;22m     all[0m[34;1m     43.62[0m[34;22m      0.00[0m[34;1m     53.72[0m[34;22m      0.00[0m[34;22m      0.00[0m[31;1m      2.66[0m
10:27:42   [32;22m     all[0m[34;1m     45.79[0m[34;22m      0.00[0m[34;1m     50.00[0m[34;22m      0.00[0m[34;22m      0.00[0m[31;1m      4.21[0m
10:27:43   [32;22m     all[0m[34;1m     45.83[0m[34;22m      0.00[0m[34;1m     52.08[0m[34;22m      0.00[0m[34;22m      0.00[0m[31;1m      2.08[0m
10:27:44   [32;22m     all[0m[34;1m     45.50[0m[34;22m      0.00[0m[34;1m     49.74[0m[34;22m      0.00[0m[34;22m      0.00[0m[31;1m      4.76[0m
10:27:45   [32;22m     all[0m[34;1m     41.18[0m[34;22m      0.00[0m[34;1m     55.61[0m[34;22m      0.00[0m[34;22m      0.00[0m[31;1m      3.21[0m
10:27:46   [32;22m     all[0m[34;1m     46.56[0m[34;22m      0.00[0m[34;1m     49.74[0m[34;22m      0.00[0m[34;22m      0.00[0m[31;1m      3.70[0m
10:27:47   [32;22m     all[0m[34;1m     47.37[0m[34;22m      0.00[0m[34;1m     51.05[0m[34;22m      0.00[0m[34;22m      0.00[0m[31;1m      1.58[0m
10:27:48   [32;22m     all[0m[34;1m     43.41[0m[34;22m      0.00[0m[34;1m     50.00[0m[34;22m      0.00[0m[34;22m      0.00[0m[31;1m      6.59[0m
10:27:49   [32;22m     all[0m[34;1m     47.89[0m[34;22m      0.00[0m[34;1m     47.89[0m[34;22m      0.00[0m[34;22m      0.00[0m[31;1m      4.21[0m
10:27:50   [32;22m     all[0m[34;1m     43.92[0m[34;22m      0.00[0m[34;1m     52.38[0m[34;22m      0.00[0m[34;22m      0.00[0m[31;1m      3.70[0m
10:27:51   [32;22m     all[0m[34;1m     44.09[0m[34;22m      0.00[0m[34;1m     48.92[0m[34;22m      0.00[0m[34;22m      0.00[0m[31;1m      6.99[0m
10:27:52   [32;22m     all[0m[34;1m     45.36[0m[34;22m      0.00[0m[34;1m     50.00[0m[34;22m      0.00[0m[34;22m      0.00[0m[31;1m      4.64[0m
10:27:53   [32;22m     all[0m[34;1m     43.09[0m[34;22m      0.00[0m[34;1m     48.40[0m[34;22m      0.00[0m[34;22m      0.00[0m[31;1m      8.51[0m
10:27:54   [32;22m     all[0m[34;1m     45.56[0m[34;22m      0.00[0m[34;1m     50.56[0m[34;22m      0.00[0m[34;22m      0.00[0m[31;1m      3.89[0m
10:27:55   [32;22m     all[0m[34;1m     43.62[0m[34;22m      0.00[0m[34;1m     53.19[0m[34;22m      0.00[0m[34;22m      0.00[0m[31;1m      3.19[0m
10:27:56   [32;22m     all[0m[34;1m     43.24[0m[34;22m      0.00[0m[34;1m     52.43[0m[34;22m      0.00[0m[34;22m      0.00[0m[31;1m      4.32[0m
10:27:57   [32;22m     all[0m[34;1m     49.48[0m[34;22m      0.00[0m[34;1m     47.92[0m[34;22m      0.00[0m[34;22m      0.00[0m[31;1m      2.60[0m
10:27:58   [32;22m     all[0m[34;1m     46.07[0m[34;22m      0.00[0m[34;1m     49.74[0m[34;1m      0.52[0m[34;22m      0.00[0m[31;1m      3.66[0m
10:27:59   [32;22m     all[0m[34;1m     46.32[0m[34;22m      0.00[0m[34;1m     47.89[0m[34;22m      0.00[0m[34;22m      0.00[0m[31;1m      5.79[0m
10:28:00   [32;22m     all[0m[34;1m     45.79[0m[34;22m      0.00[0m[34;1m     52.11[0m[34;22m      0.00[0m[34;22m      0.00[0m[31;1m      2.11[0m
10:28:01   [32;22m     all[0m[34;1m     42.78[0m[34;22m      0.00[0m[34;1m     50.80[0m[34;22m      0.00[0m[34;22m      0.00[0m[31;1m      6.42[0m
10:28:02   [32;22m     all[0m[34;1m     45.74[0m[34;22m      0.00[0m[34;1m     50.53[0m[34;1m      0.53[0m[34;22m      0.00[0m[31;1m      3.19[0m
10:28:03   [32;22m     all[0m[34;1m     42.35[0m[34;22m      0.00[0m[34;1m     52.94[0m[34;22m      0.00[0m[34;22m      0.00[0m[31;1m      4.71[0m
10:28:04   [32;22m     all[0m[34;1m     46.07[0m[34;22m      0.00[0m[34;1m     51.31[0m[34;22m      0.00[0m[34;22m      0.00[0m[31;1m      2.62[0m
10:28:05   [32;22m     all[0m[34;1m     43.32[0m[34;22m      0.00[0m[34;1m     54.01[0m[34;22m      0.00[0m[34;22m      0.00[0m[31;1m      2.67[0m
10:28:06   [32;22m     all[0m[34;1m     45.41[0m[34;22m      0.00[0m[34;1m     48.11[0m[34;22m      0.00[0m[34;22m      0.00[0m[31;1m      6.49[0m
10:28:07   [32;22m     all[0m[34;1m     44.79[0m[34;22m      0.00[0m[34;1m     51.56[0m[34;22m      0.00[0m[34;22m      0.00[0m[31;1m      3.65[0m
10:28:08   [32;22m     all[0m[34;1m     42.33[0m[34;22m      0.00[0m[34;1m     55.03[0m[34;22m      0.00[0m[34;22m      0.00[0m[31;1m      2.65[0m
10:28:09   [32;22m     all[0m[34;1m     43.30[0m[34;22m      0.00[0m[34;1m     51.55[0m[34;22m      0.00[0m[34;22m      0.00[0m[31;1m      5.15[0m
10:28:10   [32;22m     all[0m[34;1m     42.33[0m[34;22m      0.00[0m[34;1m     53.44[0m[34;22m      0.00[0m[34;22m      0.00[0m[31;1m      4.23[0m
10:28:11   [32;22m     all[0m[34;1m     47.31[0m[34;22m      0.00[0m[34;1m     47.31[0m[34;22m      0.00[0m[34;22m      0.00[0m[31;1m      5.38[0m
10:28:12   [32;22m     all[0m[34;1m     47.15[0m[34;22m      0.00[0m[34;1m     51.30[0m[34;22m      0.00[0m[34;22m      0.00[0m[31;1m      1.55[0m
10:28:13   [32;22m     all[0m[34;1m     48.68[0m[34;22m      0.00[0m[34;1m     49.21[0m[34;22m      0.00[0m[34;22m      0.00[0m[31;1m      2.12[0m
10:28:14   [32;22m     all[0m[34;1m     45.60[0m[34;22m      0.00[0m[34;1m     50.00[0m[34;22m      0.00[0m[34;22m      0.00[0m[31;1m      4.40[0m
10:28:15   [32;22m     all[0m[34;1m     43.17[0m[34;22m      0.00[0m[34;1m     49.18[0m[34;22m      0.00[0m[34;22m      0.00[0m[31;1m      7.65[0m
10:28:16   [32;22m     all[0m[34;1m     45.50[0m[34;22m      0.00[0m[34;1m     48.15[0m[34;22m      0.00[0m[34;22m      0.00[0m[31;1m      6.35[0m
10:28:17   [32;22m     all[0m[34;1m     50.79[0m[34;22m      0.00[0m[34;1m     46.60[0m[34;22m      0.00[0m[34;22m      0.00[0m[31;1m      2.62[0m
10:28:18   [32;22m     all[0m[34;1m     45.08[0m[34;22m      0.00[0m[34;1m     53.89[0m[34;22m      0.00[0m[34;22m      0.00[0m[31;1m      1.04[0m
10:28:19   [32;22m     all[0m[34;1m     43.39[0m[34;22m      0.00[0m[34;1m     51.32[0m[34;22m      0.00[0m[34;22m      0.00[0m[31;1m      5.29[0m
10:28:20   [32;22m     all[0m[34;1m     40.43[0m[34;22m      0.00[0m[34;1m     56.38[0m[34;22m      0.00[0m[34;22m      0.00[0m[31;1m      3.19[0m
10:28:21   [32;22m     all[0m[34;1m     45.79[0m[34;22m      0.00[0m[34;1m     51.58[0m[34;22m      0.00[0m[34;22m      0.00[0m[31;1m      2.63[0m
10:28:22   [32;22m     all[0m[34;1m     42.33[0m[34;22m      0.00[0m[34;1m     55.56[0m[34;22m      0.00[0m[34;22m      0.00[0m[31;1m      2.12[0m
10:28:23   [32;22m     all[0m[34;1m     42.33[0m[34;22m      0.00[0m[34;1m     55.03[0m[34;22m      0.00[0m[34;22m      0.00[0m[31;1m      2.65[0m
10:28:24   [32;22m     all[0m[34;1m     48.70[0m[34;22m      0.00[0m[34;1m     49.22[0m[34;22m      0.00[0m[34;22m      0.00[0m[31;1m      2.07[0m
10:28:25   [32;22m     all[0m[34;1m     40.96[0m[34;22m      0.00[0m[34;1m     54.26[0m[34;22m      0.00[0m[34;22m      0.00[0m[31;1m      4.79[0m
10:28:26   [32;22m     all[0m[34;1m     44.62[0m[34;22m      0.00[0m[34;1m     50.54[0m[34;22m      0.00[0m[34;22m      0.00[0m[31;1m      4.84[0m
10:28:27   [32;22m     all[0m[34;1m     48.40[0m[34;22m      0.00[0m[34;1m     46.28[0m[34;22m      0.00[0m[34;22m      0.00[0m[31;1m      5.32[0m
10:28:28   [32;22m     all[0m[34;1m     49.47[0m[34;22m      0.00[0m[34;1m     48.95[0m[34;22m      0.00[0m[34;22m      0.00[0m[31;1m      1.58[0m
10:28:29   [32;22m     all[0m[34;1m     45.74[0m[34;22m      0.00[0m[34;1m     47.34[0m[34;22m      0.00[0m[34;22m      0.00[0m[31;1m      6.91[0m
10:28:30   [32;22m     all[0m[34;1m     42.70[0m[34;22m      0.00[0m[34;1m     51.35[0m[34;22m      0.00[0m[34;22m      0.00[0m[31;1m      5.95[0m
10:28:31   [32;22m     all[0m[34;1m     42.63[0m[34;22m      0.00[0m[34;1m     52.63[0m[34;22m      0.00[0m[34;22m      0.00[0m[31;1m      4.74[0m
10:28:32   [32;22m     all[0m[34;1m     44.86[0m[34;22m      0.00[0m[34;1m     49.73[0m[34;22m      0.00[0m[34;22m      0.00[0m[31;1m      5.41[0m
10:28:33   [32;22m     all[0m[34;1m     39.13[0m[34;22m      0.00[0m[34;1m     55.98[0m[34;22m      0.00[0m[34;22m      0.00[0m[31;1m      4.89[0m
10:28:34   [32;22m     all[0m[34;1m     43.46[0m[34;22m      0.00[0m[34;1m     53.93[0m[34;22m      0.00[0m[34;22m      0.00[0m[31;1m      2.62[0m
10:28:35   [32;22m     all[0m[34;1m     44.68[0m[34;22m      0.00[0m[34;1m     51.60[0m[34;22m      0.00[0m[34;22m      0.00[0m[31;1m      3.72[0m
10:28:36   [32;22m     all[0m[34;1m     48.66[0m[34;22m      0.00[0m[34;1m     45.99[0m[34;22m      0.00[0m[34;22m      0.00[0m[31;1m      5.35[0m
10:28:37   [32;22m     all[0m[34;1m     43.68[0m[34;22m      0.00[0m[34;1m     53.68[0m[34;22m      0.00[0m[34;22m      0.00[0m[31;1m      2.63[0m
10:28:38   [32;22m     all[0m[34;1m     43.24[0m[34;22m      0.00[0m[34;1m     52.43[0m[34;22m      0.00[0m[34;22m      0.00[0m[31;1m      4.32[0m
10:28:39   [32;22m     all[0m[34;1m     43.78[0m[34;22m      0.00[0m[34;1m     52.97[0m[34;22m      0.00[0m[34;22m      0.00[0m[31;1m      3.24[0m
10:28:40   [32;22m     all[0m[34;1m     38.67[0m[34;22m      0.00[0m[34;1m     56.91[0m[34;22m      0.00[0m[34;22m      0.00[0m[31;1m      4.42[0m
10:28:41   [32;22m     all[0m[34;1m     45.45[0m[34;22m      0.00[0m[34;1m     48.66[0m[34;22m      0.00[0m[34;22m      0.00[0m[31;1m      5.88[0m
10:28:42   [32;22m     all[0m[34;1m     43.48[0m[34;22m      0.00[0m[34;1m     50.54[0m[34;22m      0.00[0m[34;22m      0.00[0m[31;1m      5.98[0m
10:28:43   [32;22m     all[0m[34;1m     44.97[0m[34;22m      0.00[0m[34;1m     52.38[0m[34;22m      0.00[0m[34;22m      0.00[0m[31;1m      2.65[0m
10:28:44   [32;22m     all[0m[34;1m     45.45[0m[34;22m      0.00[0m[34;1m     50.27[0m[34;22m      0.00[0m[34;22m      0.00[0m[31;1m      4.28[0m
10:28:45   [32;22m     all[0m[34;1m     43.62[0m[34;22m      0.00[0m[34;1m     53.19[0m[34;22m      0.00[0m[34;22m      0.00[0m[31;1m      3.19[0m
10:28:46   [32;22m     all[0m[34;1m     41.49[0m[34;22m      0.00[0m[34;1m     53.19[0m[34;22m      0.00[0m[34;22m      0.00[0m[31;1m      5.32[0m
10:28:47   [32;22m     all[0m[34;1m     46.74[0m[34;22m      0.00[0m[34;1m     47.83[0m[34;22m      0.00[0m[34;22m      0.00[0m[31;1m      5.43[0m
10:28:48   [32;22m     all[0m[34;1m     44.44[0m[34;22m      0.00[0m[34;1m     51.85[0m[34;22m      0.00[0m[34;22m      0.00[0m[31;1m      3.70[0m
10:28:49   [32;22m     all[0m[34;1m     44.79[0m[34;22m      0.00[0m[34;1m     51.04[0m[34;22m      0.00[0m[34;22m      0.00[0m[31;1m      4.17[0m
10:28:50   [32;22m     all[0m[34;1m     45.50[0m[34;22m      0.00[0m[34;1m     51.85[0m[34;22m      0.00[0m[34;22m      0.00[0m[31;1m      2.65[0m
10:28:51   [32;22m     all[0m[34;1m     39.04[0m[34;22m      0.00[0m[34;1m     58.29[0m[34;22m      0.00[0m[34;22m      0.00[0m[31;1m      2.67[0m
10:28:52   [32;22m     all[0m[34;1m     44.94[0m[34;22m      0.00[0m[34;1m     49.44[0m[34;22m      0.00[0m[34;22m      0.00[0m[31;1m      5.62[0m
10:28:53   [32;22m     all[0m[34;1m     39.56[0m[34;22m      0.00[0m[34;1m     53.30[0m[34;22m      0.00[0m[34;22m      0.00[0m[31;1m      7.14[0m
10:28:54   [32;22m     all[0m[34;1m     43.72[0m[34;22m      0.00[0m[34;1m     50.82[0m[34;22m      0.00[0m[34;22m      0.00[0m[31;1m      5.46[0m
10:28:55   [32;22m     all[0m[34;1m     41.80[0m[34;22m      0.00[0m[34;1m     56.61[0m[34;22m      0.00[0m[34;22m      0.00[0m[31;1m      1.59[0m
10:28:56   [32;22m     all[0m[34;1m     41.71[0m[34;22m      0.00[0m[34;1m     55.08[0m[34;22m      0.00[0m[34;22m      0.00[0m[31;1m      3.21[0m
10:28:57   [32;22m     all[0m[34;1m     43.92[0m[34;22m      0.00[0m[34;1m     52.38[0m[34;22m      0.00[0m[34;22m      0.00[0m[31;1m      3.70[0m
10:28:58   [32;22m     all[0m[34;1m     44.74[0m[34;22m      0.00[0m[34;1m     51.05[0m[34;22m      0.00[0m[34;22m      0.00[0m[31;1m      4.21[0m
10:28:59   [32;22m     all[0m[34;1m     49.73[0m[34;22m      0.00[0m[34;1m     48.11[0m[34;22m      0.00[0m[34;22m      0.00[0m[31;1m      2.16[0m
10:29:00   [32;22m     all[0m[34;1m     42.11[0m[34;22m      0.00[0m[34;1m     55.79[0m[34;22m      0.00[0m[34;22m      0.00[0m[31;1m      2.11[0m
10:29:01   [32;22m     all[0m[34;1m     40.11[0m[34;22m      0.00[0m[34;1m     57.22[0m[34;22m      0.00[0m[34;22m      0.00[0m[31;1m      2.67[0m
10:29:02   [32;22m     all[0m[34;1m     43.78[0m[34;22m      0.00[0m[34;1m     51.89[0m[34;22m      0.00[0m[34;22m      0.00[0m[31;1m      4.32[0m
10:29:03   [32;22m     all[0m[34;1m     45.41[0m[34;22m      0.00[0m[34;1m     53.57[0m[34;22m      0.00[0m[34;22m      0.00[0m[31;1m      1.02[0m
10:29:04   [32;22m     all[0m[34;1m     41.75[0m[34;22m      0.00[0m[34;1m     56.19[0m[34;22m      0.00[0m[34;22m      0.00[0m[31;1m      2.06[0m
10:29:05   [32;22m     all[0m[34;1m     38.74[0m[34;22m      0.00[0m[34;1m     56.54[0m[34;22m      0.00[0m[34;22m      0.00[0m[31;1m      4.71[0m
10:29:06   [32;22m     all[0m[34;1m     42.19[0m[34;22m      0.00[0m[34;1m     56.25[0m[34;22m      0.00[0m[34;22m      0.00[0m[31;1m      1.56[0m
10:29:07   [32;22m     all[0m[34;1m     37.89[0m[34;22m      0.00[0m[34;1m     58.42[0m[34;22m      0.00[0m[34;22m      0.00[0m[31;1m      3.68[0m
10:29:08   [32;22m     all[0m[34;1m     38.30[0m[34;22m      0.00[0m[34;1m     55.32[0m[34;22m      0.00[0m[34;22m      0.00[0m[31;1m      6.38[0m
10:29:09   [32;22m     all[0m[34;1m     40.54[0m[34;22m      0.00[0m[34;1m     54.05[0m[34;22m      0.00[0m[34;22m      0.00[0m[31;1m      5.41[0m
10:29:10   [32;22m     all[0m[34;1m     38.62[0m[34;22m      0.00[0m[34;1m     57.14[0m[34;22m      0.00[0m[34;22m      0.00[0m[31;1m      4.23[0m
10:29:11   [32;22m     all[0m[34;1m     41.88[0m[34;22m      0.00[0m[34;1m     56.54[0m[34;22m      0.00[0m[34;22m      0.00[0m[31;1m      1.57[0m
10:29:12   [32;22m     all[0m[34;1m     43.39[0m[34;22m      0.00[0m[34;1m     51.85[0m[34;1m      0.53[0m[34;22m      0.00[0m[31;1m      4.23[0m
10:29:13   [32;22m     all[0m[34;1m     42.11[0m[34;22m      0.00[0m[34;1m     53.68[0m[34;22m      0.00[0m[34;22m      0.00[0m[31;1m      4.21[0m
10:29:14   [32;22m     all[0m[34;1m     44.21[0m[34;22m      0.00[0m[34;1m     51.58[0m[34;22m      0.00[0m[34;22m      0.00[0m[31;1m      4.21[0m
10:29:15   [32;22m     all[0m[34;1m     36.32[0m[34;22m      0.00[0m[34;1m     55.26[0m[34;22m      0.00[0m[34;22m      0.00[0m[31;1m      8.42[0m
10:29:16   [32;22m     all[0m[34;1m     41.67[0m[34;22m      0.00[0m[34;1m     53.12[0m[34;22m      0.00[0m[34;22m      0.00[0m[31;1m      5.21[0m
10:29:17   [32;22m     all[0m[34;1m     44.56[0m[34;22m      0.00[0m[34;1m     51.81[0m[34;22m      0.00[0m[34;22m      0.00[0m[31;1m      3.63[0m
10:29:18   [32;22m     all[0m[34;1m     41.67[0m[34;22m      0.00[0m[34;1m     52.60[0m[34;22m      0.00[0m[34;22m      0.00[0m[31;1m      5.73[0m
10:29:19   [32;22m     all[0m[34;1m     42.33[0m[34;22m      0.00[0m[34;1m     55.56[0m[34;22m      0.00[0m[34;22m      0.00[0m[31;1m      2.12[0m
10:29:20   [32;22m     all[0m[34;1m     43.92[0m[34;22m      0.00[0m[34;1m     52.91[0m[34;22m      0.00[0m[34;22m      0.00[0m[31;1m      3.17[0m
10:29:21   [32;22m     all[0m[34;1m     43.88[0m[34;22m      0.00[0m[34;1m     53.57[0m[34;22m      0.00[0m[34;22m      0.00[0m[31;1m      2.55[0m
10:29:22   [32;22m     all[0m[34;1m     39.47[0m[34;22m      0.00[0m[34;1m     55.26[0m[34;22m      0.00[0m[34;22m      0.00[0m[31;1m      5.26[0m
10:29:23   [32;22m     all[0m[34;1m     39.58[0m[34;22m      0.00[0m[34;1m     56.77[0m[34;22m      0.00[0m[34;22m      0.00[0m[31;1m      3.65[0m
10:29:24   [32;22m     all[0m[34;1m     37.57[0m[34;22m      0.00[0m[34;1m     53.97[0m[34;22m      0.00[0m[34;22m      0.00[0m[31;1m      8.47[0m
10:29:25   [32;22m     all[0m[34;1m     39.68[0m[34;22m      0.00[0m[34;1m     56.61[0m[34;22m      0.00[0m[34;22m      0.00[0m[31;1m      3.70[0m
10:29:26   [32;22m     all[0m[34;1m     40.86[0m[34;22m      0.00[0m[34;1m     55.91[0m[34;22m      0.00[0m[34;22m      0.00[0m[31;1m      3.23[0m
10:29:27   [32;22m     all[0m[34;1m     41.36[0m[34;22m      0.00[0m[34;1m     51.31[0m[34;22m      0.00[0m[34;22m      0.00[0m[31;1m      7.33[0m
10:29:28   [32;22m     all[0m[34;1m     45.08[0m[34;22m      0.00[0m[34;1m     52.33[0m[34;22m      0.00[0m[34;22m      0.00[0m[31;1m      2.59[0m
10:29:29   [32;22m     all[0m[34;1m     41.05[0m[34;22m      0.00[0m[34;1m     56.84[0m[34;22m      0.00[0m[34;22m      0.00[0m[31;1m      2.11[0m
10:29:30   [32;22m     all[0m[34;1m     41.49[0m[34;22m      0.00[0m[34;1m     54.26[0m[34;22m      0.00[0m[34;22m      0.00[0m[31;1m      4.26[0m
10:29:31   [32;22m     all[0m[34;1m     41.45[0m[34;22m      0.00[0m[34;1m     53.89[0m[34;22m      0.00[0m[34;22m      0.00[0m[31;1m      4.66[0m
10:29:32   [32;22m     all[0m[34;1m     43.01[0m[34;22m      0.00[0m[34;1m     50.78[0m[34;22m      0.00[0m[34;22m      0.00[0m[31;1m      6.22[0m
10:29:33   [32;22m     all[0m[34;1m     45.03[0m[34;22m      0.00[0m[34;1m     52.36[0m[34;22m      0.00[0m[34;22m      0.00[0m[31;1m      2.62[0m
10:29:34   [32;22m     all[0m[34;1m     41.58[0m[34;22m      0.00[0m[34;1m     54.74[0m[34;22m      0.00[0m[34;22m      0.00[0m[31;1m      3.68[0m
10:29:35   [32;22m     all[0m[34;1m     38.71[0m[34;22m      0.00[0m[34;1m     58.60[0m[34;22m      0.00[0m[34;22m      0.00[0m[31;1m      2.69[0m
10:29:36   [32;22m     all[0m[34;1m     42.41[0m[34;22m      0.00[0m[34;1m     55.50[0m[34;22m      0.00[0m[34;22m      0.00[0m[31;1m      2.09[0m
10:29:37   [32;22m     all[0m[34;1m     40.00[0m[34;22m      0.00[0m[34;1m     56.92[0m[34;22m      0.00[0m[34;22m      0.00[0m[31;1m      3.08[0m
10:29:38   [32;22m     all[0m[34;1m     39.36[0m[34;22m      0.00[0m[34;1m     57.45[0m[34;22m      0.00[0m[34;22m      0.00[0m[31;1m      3.19[0m
10:29:39   [32;22m     all[0m[34;1m     37.77[0m[34;22m      0.00[0m[34;1m     59.04[0m[34;22m      0.00[0m[34;22m      0.00[0m[31;1m      3.19[0m
10:29:40   [32;22m     all[0m[34;1m     40.43[0m[34;22m      0.00[0m[34;1m     56.38[0m[34;22m      0.00[0m[34;22m      0.00[0m[31;1m      3.19[0m
10:29:41   [32;22m     all[0m[34;1m     40.00[0m[34;22m      0.00[0m[34;1m     54.21[0m[34;22m      0.00[0m[34;22m      0.00[0m[31;1m      5.79[0m
10:29:42   [32;22m     all[0m[34;1m     41.45[0m[34;22m      0.00[0m[34;1m     55.96[0m[34;22m      0.00[0m[34;22m      0.00[0m[31;1m      2.59[0m
10:29:43   [32;22m     all[0m[34;1m     41.88[0m[34;22m      0.00[0m[34;1m     55.50[0m[34;22m      0.00[0m[34;22m      0.00[0m[31;1m      2.62[0m
10:29:44   [32;22m     all[0m[34;1m     41.05[0m[34;22m      0.00[0m[34;1m     53.16[0m[34;22m      0.00[0m[34;22m      0.00[0m[31;1m      5.79[0m
10:29:45   [32;22m     all[0m[34;1m     41.84[0m[34;22m      0.00[0m[34;1m     55.10[0m[34;22m      0.00[0m[34;22m      0.00[0m[31;1m      3.06[0m
10:29:46   [32;22m     all[0m[34;1m     45.99[0m[34;22m      0.00[0m[34;1m     51.34[0m[34;22m      0.00[0m[34;22m      0.00[0m[31;1m      2.67[0m
10:29:47   [32;22m     all[0m[34;1m     42.02[0m[34;22m      0.00[0m[34;1m     54.79[0m[34;22m      0.00[0m[34;22m      0.00[0m[31;1m      3.19[0m
10:29:48   [32;22m     all[0m[34;1m     40.00[0m[34;22m      0.00[0m[34;1m     57.30[0m[34;22m      0.00[0m[34;22m      0.00[0m[31;1m      2.70[0m
10:29:49   [32;22m     all[0m[34;1m     40.00[0m[34;22m      0.00[0m[34;1m     57.89[0m[34;22m      0.00[0m[34;22m      0.00[0m[31;1m      2.11[0m
10:29:50   [32;22m     all[0m[34;1m     44.21[0m[34;22m      0.00[0m[34;1m     53.16[0m[34;22m      0.00[0m[34;22m      0.00[0m[31;1m      2.63[0m
10:29:51   [32;22m     all[0m[34;1m     40.21[0m[34;22m      0.00[0m[34;1m     55.03[0m[34;22m      0.00[0m[34;22m      0.00[0m[31;1m      4.76[0m
10:29:52   [32;22m     all[0m[34;1m     40.53[0m[34;22m      0.00[0m[34;1m     55.26[0m[34;22m      0.00[0m[34;22m      0.00[0m[31;1m      4.21[0m
10:29:53   [32;22m     all[0m[34;1m     38.86[0m[34;22m      0.00[0m[34;1m     59.07[0m[34;22m      0.00[0m[34;22m      0.00[0m[31;1m      2.07[0m
10:29:54   [32;22m     all[0m[34;1m     40.74[0m[34;22m      0.00[0m[34;1m     57.14[0m[34;22m      0.00[0m[34;22m      0.00[0m[31;1m      2.12[0m
10:29:55   [32;22m     all[0m[34;1m     38.30[0m[34;22m      0.00[0m[34;1m     59.04[0m[34;22m      0.00[0m[34;22m      0.00[0m[31;1m      2.66[0m
10:29:56   [32;22m     all[0m[34;1m     37.23[0m[34;22m      0.00[0m[34;1m     60.11[0m[34;22m      0.00[0m[34;22m      0.00[0m[31;1m      2.66[0m
10:29:57   [32;22m     all[0m[34;1m     40.64[0m[34;22m      0.00[0m[34;1m     54.55[0m[34;22m      0.00[0m[34;22m      0.00[0m[31;1m      4.81[0m
10:29:58   [32;22m     all[0m[34;1m     42.55[0m[34;22m      0.00[0m[34;1m     55.32[0m[34;22m      0.00[0m[34;22m      0.00[0m[31;1m      2.13[0m
10:29:59   [32;22m     all[0m[34;1m     40.32[0m[34;22m      0.00[0m[34;1m     54.30[0m[34;22m      0.00[0m[34;22m      0.00[0m[31;1m      5.38[0m
10:30:00   [32;22m     all[0m[34;1m     40.11[0m[34;22m      0.00[0m[34;1m     54.95[0m[34;22m      0.00[0m[34;22m      0.00[0m[31;1m      4.95[0m
10:30:01   [32;22m     all[0m[34;1m     41.08[0m[34;22m      0.00[0m[34;1m     53.51[0m[34;22m      0.00[0m[34;22m      0.00[0m[31;1m      5.41[0m
10:30:02   [32;22m     all[0m[34;1m     40.43[0m[34;22m      0.00[0m[34;1m     56.38[0m[34;22m      0.00[0m[34;22m      0.00[0m[31;1m      3.19[0m
10:30:03   [32;22m     all[0m[34;1m     40.32[0m[34;22m      0.00[0m[34;1m     52.69[0m[34;22m      0.00[0m[34;22m      0.00[0m[31;1m      6.99[0m
10:30:04   [32;22m     all[0m[34;1m     48.17[0m[34;22m      0.00[0m[34;1m     48.69[0m[34;22m      0.00[0m[34;22m      0.00[0m[31;1m      3.14[0m
10:30:05   [32;22m     all[0m[34;1m     42.86[0m[34;22m      0.00[0m[34;1m     53.44[0m[34;22m      0.00[0m[34;22m      0.00[0m[31;1m      3.70[0m
10:30:06   [32;22m     all[0m[34;1m     40.96[0m[34;22m      0.00[0m[34;1m     54.79[0m[34;22m      0.00[0m[34;22m      0.00[0m[31;1m      4.26[0m
10:30:07   [32;22m     all[0m[34;1m     42.19[0m[34;22m      0.00[0m[34;1m     56.25[0m[34;22m      0.00[0m[34;22m      0.00[0m[31;1m      1.56[0m
10:30:08   [32;22m     all[0m[34;1m     39.18[0m[34;22m      0.00[0m[34;1m     58.76[0m[34;22m      0.00[0m[34;22m      0.00[0m[31;1m      2.06[0m
10:30:09   [32;22m     all[0m[34;1m     39.04[0m[34;22m      0.00[0m[34;1m     58.82[0m[34;22m      0.00[0m[34;22m      0.00[0m[31;1m      2.14[0m
10:30:10   [32;22m     all[0m[34;1m     39.57[0m[34;22m      0.00[0m[34;1m     58.29[0m[34;22m      0.00[0m[34;22m      0.00[0m[31;1m      2.14[0m
10:30:11   [32;22m     all[0m[34;1m     40.93[0m[34;22m      0.00[0m[34;1m     56.99[0m[34;22m      0.00[0m[34;22m      0.00[0m[31;1m      2.07[0m
10:30:12   [32;22m     all[0m[34;1m     38.95[0m[34;22m      0.00[0m[34;1m     57.37[0m[34;22m      0.00[0m[34;22m      0.00[0m[31;1m      3.68[0m
10:30:13   [32;22m     all[0m[34;1m     39.58[0m[34;22m      0.00[0m[34;1m     58.33[0m[34;22m      0.00[0m[34;22m      0.00[0m[31;1m      2.08[0m
10:30:14   [32;22m     all[0m[34;1m     43.92[0m[34;22m      0.00[0m[34;1m     52.38[0m[34;22m      0.00[0m[34;22m      0.00[0m[31;1m      3.70[0m
10:30:15   [32;22m     all[0m[34;1m     40.10[0m[34;22m      0.00[0m[34;1m     56.25[0m[34;22m      0.00[0m[34;22m      0.00[0m[31;1m      3.65[0m
10:30:16   [32;22m     all[0m[34;1m     44.15[0m[34;22m      0.00[0m[34;1m     52.13[0m[34;22m      0.00[0m[34;22m      0.00[0m[31;1m      3.72[0m
10:30:17   [32;22m     all[0m[34;1m     44.21[0m[34;22m      0.00[0m[34;1m     52.63[0m[34;22m      0.00[0m[34;22m      0.00[0m[31;1m      3.16[0m
10:30:18   [32;22m     all[0m[34;1m     38.42[0m[34;22m      0.00[0m[34;1m     58.95[0m[34;22m      0.00[0m[34;22m      0.00[0m[31;1m      2.63[0m
10:30:19   [32;22m     all[0m[34;1m     39.67[0m[34;22m      0.00[0m[34;1m     54.35[0m[34;22m      0.00[0m[34;22m      0.00[0m[31;1m      5.98[0m
10:30:20   [32;22m     all[0m[34;1m     41.94[0m[34;22m      0.00[0m[34;1m     52.69[0m[34;22m      0.00[0m[34;22m      0.00[0m[31;1m      5.38[0m
10:30:21   [32;22m     all[0m[34;1m     40.44[0m[34;22m      0.00[0m[34;1m     56.28[0m[34;22m      0.00[0m[34;22m      0.00[0m[31;1m      3.28[0m
10:30:22   [32;22m     all[0m[34;1m     38.46[0m[34;22m      0.00[0m[34;1m     56.59[0m[34;22m      0.00[0m[34;22m      0.00[0m[31;1m      4.95[0m
10:30:23   [32;22m     all[0m[34;1m     37.97[0m[34;22m      0.00[0m[34;1m     58.29[0m[34;22m      0.00[0m[34;22m      0.00[0m[31;1m      3.74[0m
10:30:24   [32;22m     all[0m[34;1m     37.17[0m[34;22m      0.00[0m[34;1m     57.07[0m[34;22m      0.00[0m[34;22m      0.00[0m[31;1m      5.76[0m
10:30:25   [32;22m     all[0m[34;1m     41.62[0m[34;22m      0.00[0m[34;1m     53.51[0m[34;22m      0.00[0m[34;22m      0.00[0m[31;1m      4.86[0m
10:30:26   [32;22m     all[0m[34;1m     41.15[0m[34;22m      0.00[0m[34;1m     55.73[0m[34;22m      0.00[0m[34;22m      0.00[0m[31;1m      3.12[0m
10:30:27   [32;22m     all[0m[34;1m     40.84[0m[34;22m      0.00[0m[34;1m     56.54[0m[34;22m      0.00[0m[34;22m      0.00[0m[31;1m      2.62[0m
10:30:28   [32;22m     all[0m[34;1m     42.41[0m[34;22m      0.00[0m[34;1m     54.45[0m[34;22m      0.00[0m[34;22m      0.00[0m[31;1m      3.14[0m
10:30:29   [32;22m     all[0m[34;1m     40.74[0m[34;22m      0.00[0m[34;1m     57.14[0m[34;22m      0.00[0m[34;22m      0.00[0m[31;1m      2.12[0m
10:30:30   [32;22m     all[0m[34;1m     42.93[0m[34;22m      0.00[0m[34;1m     54.97[0m[34;22m      0.00[0m[34;22m      0.00[0m[31;1m      2.09[0m
10:30:31   [32;22m     all[0m[34;1m     41.88[0m[34;22m      0.00[0m[34;1m     55.50[0m[34;22m      0.00[0m[34;22m      0.00[0m[31;1m      2.62[0m
10:30:32   [32;22m     all[0m[34;1m     42.16[0m[34;22m      0.00[0m[34;1m     51.89[0m[34;22m      0.00[0m[34;22m      0.00[0m[31;1m      5.95[0m
10:30:33   [32;22m     all[0m[34;1m     38.71[0m[34;22m      0.00[0m[34;1m     56.99[0m[34;22m      0.00[0m[34;22m      0.00[0m[31;1m      4.30[0m
10:30:34   [32;22m     all[0m[34;1m     40.86[0m[34;22m      0.00[0m[34;1m     53.23[0m[34;1m      0.54[0m[34;22m      0.00[0m[31;1m      5.38[0m
10:30:35   [32;22m     all[0m[34;1m     38.92[0m[34;22m      0.00[0m[34;1m     58.38[0m[34;22m      0.00[0m[34;22m      0.00[0m[31;1m      2.70[0m
10:30:36   [32;22m     all[0m[34;1m     43.46[0m[34;22m      0.00[0m[34;1m     52.88[0m[34;22m      0.00[0m[34;22m      0.00[0m[31;1m      3.66[0m
10:30:37   [32;22m     all[0m[34;1m     40.62[0m[34;22m      0.00[0m[34;1m     55.73[0m[34;22m      0.00[0m[34;22m      0.00[0m[31;1m      3.65[0m
10:30:38   [32;22m     all[0m[34;1m     38.89[0m[34;22m      0.00[0m[34;1m     57.07[0m[34;22m      0.00[0m[34;22m      0.00[0m[31;1m      4.04[0m
10:30:39   [32;22m     all[0m[34;1m     42.08[0m[34;22m      0.00[0m[34;1m     54.10[0m[34;22m      0.00[0m[34;22m      0.00[0m[31;1m      3.83[0m
10:30:40   [32;22m     all[0m[34;1m     40.21[0m[34;22m      0.00[0m[34;1m     56.08[0m[34;22m      0.00[0m[34;22m      0.00[0m[31;1m      3.70[0m
10:30:41   [32;22m     all[0m[34;1m     38.22[0m[34;22m      0.00[0m[34;1m     58.64[0m[34;22m      0.00[0m[34;22m      0.00[0m[31;1m      3.14[0m
10:30:42   [32;22m     all[0m[34;1m     40.00[0m[34;22m      0.00[0m[34;1m     56.76[0m[34;22m      0.00[0m[34;22m      0.00[0m[31;1m      3.24[0m
10:30:43   [32;22m     all[0m[34;1m     37.97[0m[34;22m      0.00[0m[34;1m     56.68[0m[34;22m      0.00[0m[34;22m      0.00[0m[31;1m      5.35[0m
10:30:44   [32;22m     all[0m[34;1m     42.25[0m[34;22m      0.00[0m[34;1m     55.08[0m[34;22m      0.00[0m[34;22m      0.00[0m[31;1m      2.67[0m
10:30:45   [32;22m     all[0m[34;1m     40.53[0m[34;22m      0.00[0m[34;1m     55.79[0m[34;22m      0.00[0m[34;22m      0.00[0m[31;1m      3.68[0m
10:30:46   [32;22m     all[0m[34;1m     41.58[0m[34;22m      0.00[0m[34;1m     55.79[0m[34;22m      0.00[0m[34;22m      0.00[0m[31;1m      2.63[0m
10:30:47   [32;22m     all[0m[34;1m     40.84[0m[34;22m      0.00[0m[34;1m     56.54[0m[34;22m      0.00[0m[34;22m      0.00[0m[31;1m      2.62[0m
10:30:48   [32;22m     all[0m[34;1m     42.08[0m[34;22m      0.00[0m[34;1m     54.64[0m[34;22m      0.00[0m[34;22m      0.00[0m[31;1m      3.28[0m
10:30:49   [32;22m     all[0m[34;1m     39.68[0m[34;22m      0.00[0m[34;1m     56.61[0m[34;22m      0.00[0m[34;22m      0.00[0m[31;1m      3.70[0m
10:30:50   [32;22m     all[0m[34;1m     40.84[0m[34;22m      0.00[0m[34;1m     58.12[0m[34;22m      0.00[0m[34;22m      0.00[0m[31;1m      1.05[0m
10:30:51   [32;22m     all[0m[34;1m     40.86[0m[34;22m      0.00[0m[34;1m     55.91[0m[34;22m      0.00[0m[34;22m      0.00[0m[31;1m      3.23[0m
10:30:52   [32;22m     all[0m[34;1m     43.62[0m[34;22m      0.00[0m[34;1m     53.19[0m[34;22m      0.00[0m[34;22m      0.00[0m[31;1m      3.19[0m
10:30:53   [32;22m     all[0m[34;1m     40.11[0m[34;22m      0.00[0m[34;1m     55.08[0m[34;22m      0.00[0m[34;22m      0.00[0m[31;1m      4.81[0m
10:30:54   [32;22m     all[0m[34;1m     41.62[0m[34;22m      0.00[0m[34;1m     54.05[0m[34;22m      0.00[0m[34;22m      0.00[0m[31;1m      4.32[0m
10:30:55   [32;22m     all[0m[34;1m     40.54[0m[34;22m      0.00[0m[34;1m     57.30[0m[34;22m      0.00[0m[34;22m      0.00[0m[31;1m      2.16[0m
10:30:56   [32;22m     all[0m[34;1m     39.89[0m[34;22m      0.00[0m[34;1m     54.64[0m[34;22m      0.00[0m[34;22m      0.00[0m[31;1m      5.46[0m
10:30:57   [32;22m     all[0m[34;1m     40.33[0m[34;22m      0.00[0m[34;1m     55.25[0m[34;22m      0.00[0m[34;22m      0.00[0m[31;1m      4.42[0m
10:30:58   [32;22m     all[0m[34;1m     41.53[0m[34;22m      0.00[0m[34;1m     54.10[0m[34;22m      0.00[0m[34;22m      0.00[0m[31;1m      4.37[0m
10:30:59   [32;22m     all[0m[34;1m     36.13[0m[34;22m      0.00[0m[34;1m     59.16[0m[34;22m      0.00[0m[34;22m      0.00[0m[31;1m      4.71[0m
10:31:00   [32;22m     all[0m[34;1m     41.62[0m[34;22m      0.00[0m[34;1m     54.59[0m[34;22m      0.00[0m[34;22m      0.00[0m[31;1m      3.78[0m
10:31:01   [32;22m     all[0m[34;1m     36.56[0m[34;22m      0.00[0m[34;1m     61.29[0m[34;22m      0.00[0m[34;22m      0.00[0m[31;1m      2.15[0m
10:31:02   [32;22m     all[0m[34;1m     42.11[0m[34;22m      0.00[0m[34;1m     55.26[0m[34;22m      0.00[0m[34;22m      0.00[0m[31;1m      2.63[0m
10:31:03   [32;22m     all[0m[34;1m     41.24[0m[34;22m      0.00[0m[34;1m     56.70[0m[34;22m      0.00[0m[34;22m      0.00[0m[31;1m      2.06[0m
10:31:04   [32;22m     all[0m[34;1m     39.06[0m[34;22m      0.00[0m[34;1m     58.33[0m[34;22m      0.00[0m[34;22m      0.00[0m[31;1m      2.60[0m
10:31:05   [32;22m     all[0m[34;1m     42.56[0m[34;22m      0.00[0m[34;1m     56.92[0m[34;22m      0.00[0m[34;22m      0.00[0m[31;1m      0.51[0m
10:31:06   [32;22m     all[0m[34;1m     42.93[0m[34;22m      0.00[0m[34;1m     53.80[0m[34;22m      0.00[0m[34;22m      0.00[0m[31;1m      3.26[0m
10:31:07   [32;22m     all[0m[34;1m     42.55[0m[34;22m      0.00[0m[34;1m     52.66[0m[34;22m      0.00[0m[34;22m      0.00[0m[31;1m      4.79[0m
10:31:08   [32;22m     all[0m[34;1m     41.18[0m[34;22m      0.00[0m[34;1m     53.48[0m[34;22m      0.00[0m[34;22m      0.00[0m[31;1m      5.35[0m
10:31:09   [32;22m     all[0m[34;1m     42.11[0m[34;22m      0.00[0m[34;1m     56.32[0m[34;22m      0.00[0m[34;22m      0.00[0m[31;1m      1.58[0m
10:31:10   [32;22m     all[0m[34;1m     42.11[0m[34;22m      0.00[0m[34;1m     55.26[0m[34;22m      0.00[0m[34;22m      0.00[0m[31;1m      2.63[0m
10:31:11   [32;22m     all[0m[34;1m     40.00[0m[34;22m      0.00[0m[34;1m     54.59[0m[34;22m      0.00[0m[34;22m      0.00[0m[31;1m      5.41[0m
10:31:12   [32;22m     all[0m[34;1m     40.00[0m[34;22m      0.00[0m[34;1m     56.84[0m[34;22m      0.00[0m[34;22m      0.00[0m[31;1m      3.16[0m
10:31:13   [32;22m     all[0m[34;1m     42.33[0m[34;22m      0.00[0m[34;1m     53.44[0m[34;1m      0.53[0m[34;22m      0.00[0m[31;1m      3.70[0m
10:31:14   [32;22m     all[0m[34;1m     41.94[0m[34;22m      0.00[0m[34;1m     56.45[0m[34;22m      0.00[0m[34;22m      0.00[0m[31;1m      1.61[0m
10:31:15   [32;22m     all[0m[34;1m     39.13[0m[34;22m      0.00[0m[34;1m     56.52[0m[34;22m      0.00[0m[34;22m      0.00[0m[31;1m      4.35[0m
10:31:16   [32;22m     all[0m[34;1m     41.36[0m[34;22m      0.00[0m[34;1m     55.50[0m[34;22m      0.00[0m[34;22m      0.00[0m[31;1m      3.14[0m
10:31:17   [32;22m     all[0m[34;1m     38.59[0m[34;22m      0.00[0m[34;1m     57.61[0m[34;22m      0.00[0m[34;22m      0.00[0m[31;1m      3.80[0m
10:31:18   [32;22m     all[0m[34;1m     38.42[0m[34;22m      0.00[0m[34;1m     60.53[0m[34;22m      0.00[0m[34;22m      0.00[0m[31;1m      1.05[0m
10:31:19   [32;22m     all[0m[34;1m     35.94[0m[34;22m      0.00[0m[34;1m     59.38[0m[34;22m      0.00[0m[34;22m      0.00[0m[31;1m      4.69[0m
10:31:20   [32;22m     all[0m[34;1m     40.21[0m[34;22m      0.00[0m[34;1m     56.08[0m[34;22m      0.00[0m[34;22m      0.00[0m[31;1m      3.70[0m
10:31:21   [32;22m     all[0m[34;1m     40.64[0m[34;22m      0.00[0m[34;1m     57.75[0m[34;22m      0.00[0m[34;22m      0.00[0m[31;1m      1.60[0m
10:31:22   [32;22m     all[0m[34;1m     42.93[0m[34;22m      0.00[0m[34;1m     53.93[0m[34;22m      0.00[0m[34;22m      0.00[0m[31;1m      3.14[0m
10:31:23   [32;22m     all[0m[34;1m     38.42[0m[34;22m      0.00[0m[34;1m     56.84[0m[34;22m      0.00[0m[34;22m      0.00[0m[31;1m      4.74[0m
10:31:24   [32;22m     all[0m[34;1m     42.78[0m[34;22m      0.00[0m[34;1m     53.48[0m[34;22m      0.00[0m[34;22m      0.00[0m[31;1m      3.74[0m
10:31:25   [32;22m     all[0m[34;1m     43.98[0m[34;22m      0.00[0m[34;1m     53.40[0m[34;22m      0.00[0m[34;22m      0.00[0m[31;1m      2.62[0m
10:31:26   [32;22m     all[0m[34;1m     41.49[0m[34;22m      0.00[0m[34;1m     55.32[0m[34;22m      0.00[0m[34;22m      0.00[0m[31;1m      3.19[0m
10:31:27   [32;22m     all[0m[34;1m     45.08[0m[34;22m      0.00[0m[34;1m     51.30[0m[34;22m      0.00[0m[34;22m      0.00[0m[31;1m      3.63[0m
10:31:28   [32;22m     all[0m[34;1m     43.62[0m[34;22m      0.00[0m[34;1m     52.66[0m[34;22m      0.00[0m[34;22m      0.00[0m[31;1m      3.72[0m
10:31:29   [32;22m     all[0m[34;1m     44.21[0m[34;22m      0.00[0m[34;1m     51.58[0m[34;22m      0.00[0m[34;22m      0.00[0m[31;1m      4.21[0m
10:31:30   [32;22m     all[0m[34;1m     40.53[0m[34;22m      0.00[0m[34;1m     55.26[0m[34;22m      0.00[0m[34;22m      0.00[0m[31;1m      4.21[0m
10:31:31   [32;22m     all[0m[34;1m     38.83[0m[34;22m      0.00[0m[34;1m     58.51[0m[34;22m      0.00[0m[34;22m      0.00[0m[31;1m      2.66[0m
10:31:32   [32;22m     all[0m[34;1m     37.95[0m[34;22m      0.00[0m[34;1m     55.90[0m[34;22m      0.00[0m[34;22m      0.00[0m[31;1m      6.15[0m
10:31:33   [32;22m     all[0m[34;1m     36.76[0m[34;22m      0.00[0m[34;1m     58.92[0m[34;22m      0.00[0m[34;22m      0.00[0m[31;1m      4.32[0m
10:31:34   [32;22m     all[0m[34;1m     40.22[0m[34;22m      0.00[0m[34;1m     55.98[0m[34;22m      0.00[0m[34;22m      0.00[0m[31;1m      3.80[0m
10:31:35   [32;22m     all[0m[34;1m     40.54[0m[34;22m      0.00[0m[34;1m     55.68[0m[34;22m      0.00[0m[34;22m      0.00[0m[31;1m      3.78[0m
10:31:36   [32;22m     all[0m[34;1m     39.78[0m[34;22m      0.00[0m[34;1m     56.99[0m[34;22m      0.00[0m[34;22m      0.00[0m[31;1m      3.23[0m
10:31:37   [32;22m     all[0m[34;1m     41.49[0m[34;22m      0.00[0m[34;1m     54.26[0m[34;22m      0.00[0m[34;22m      0.00[0m[31;1m      4.26[0m
10:31:38   [32;22m     all[0m[34;1m     40.84[0m[34;22m      0.00[0m[34;1m     56.02[0m[34;22m      0.00[0m[34;22m      0.00[0m[31;1m      3.14[0m
10:31:39   [32;22m     all[0m[34;1m     39.89[0m[34;22m      0.00[0m[34;1m     55.85[0m[34;22m      0.00[0m[34;22m      0.00[0m[31;1m      4.26[0m
10:31:40   [32;22m     all[0m[34;1m     41.05[0m[34;22m      0.00[0m[34;1m     54.21[0m[34;22m      0.00[0m[34;22m      0.00[0m[31;1m      4.74[0m
10:31:41   [32;22m     all[0m[34;1m     40.84[0m[34;22m      0.00[0m[34;1m     55.50[0m[34;22m      0.00[0m[34;22m      0.00[0m[31;1m      3.66[0m
10:31:42   [32;22m     all[0m[34;1m     42.55[0m[34;22m      0.00[0m[34;1m     52.13[0m[34;22m      0.00[0m[34;22m      0.00[0m[31;1m      5.32[0m
10:31:43   [32;22m     all[0m[34;1m     43.39[0m[34;22m      0.00[0m[34;1m     52.91[0m[34;22m      0.00[0m[34;22m      0.00[0m[31;1m      3.70[0m
10:31:44   [32;22m     all[0m[34;1m     42.33[0m[34;22m      0.00[0m[34;1m     55.03[0m[34;22m      0.00[0m[34;22m      0.00[0m[31;1m      2.65[0m
10:31:45   [32;22m     all[0m[34;1m     38.02[0m[34;22m      0.00[0m[34;1m     56.77[0m[34;22m      0.00[0m[34;22m      0.00[0m[31;1m      5.21[0m
10:31:46   [32;22m     all[0m[34;1m     41.27[0m[34;22m      0.00[0m[34;1m     56.08[0m[34;22m      0.00[0m[34;22m      0.00[0m[31;1m      2.65[0m
10:31:47   [32;22m     all[0m[34;1m     41.62[0m[34;22m      0.00[0m[34;1m     55.14[0m[34;1m      0.54[0m[34;22m      0.00[0m[31;1m      2.70[0m
10:31:48   [32;22m     all[0m[34;1m     42.27[0m[34;22m      0.00[0m[34;1m     55.67[0m[34;22m      0.00[0m[34;22m      0.00[0m[31;1m      2.06[0m
10:31:49   [32;22m     all[0m[34;1m     41.01[0m[34;22m      0.00[0m[34;1m     56.74[0m[34;22m      0.00[0m[34;22m      0.00[0m[31;1m      2.25[0m
10:31:50   [32;22m     all[0m[34;1m     42.33[0m[34;22m      0.00[0m[34;1m     53.44[0m[34;22m      0.00[0m[34;22m      0.00[0m[31;1m      4.23[0m
10:31:51   [32;22m     all[0m[34;1m     43.65[0m[34;22m      0.00[0m[34;1m     55.33[0m[34;22m      0.00[0m[34;22m      0.00[0m[31;1m      1.02[0m
10:31:52   [32;22m     all[0m[34;1m     41.15[0m[34;22m      0.00[0m[34;1m     54.17[0m[34;22m      0.00[0m[34;22m      0.00[0m[31;1m      4.69[0m
10:31:53   [32;22m     all[0m[34;1m     41.97[0m[34;22m      0.00[0m[34;1m     55.44[0m[34;22m      0.00[0m[34;22m      0.00[0m[31;1m      2.59[0m
10:31:54   [32;22m     all[0m[34;1m     39.15[0m[34;22m      0.00[0m[34;1m     57.14[0m[34;22m      0.00[0m[34;22m      0.00[0m[31;1m      3.70[0m
10:31:55   [32;22m     all[0m[34;1m     43.01[0m[34;22m      0.00[0m[34;1m     51.08[0m[34;22m      0.00[0m[34;22m      0.00[0m[31;1m      5.91[0m
10:31:56   [32;22m     all[0m[34;1m     36.17[0m[34;22m      0.00[0m[34;1m     60.64[0m[34;22m      0.00[0m[34;22m      0.00[0m[31;1m      3.19[0m
