Linux 6.6.95 (ssp-study) 	04/20/26 	_x86_64_	(2 CPU)

09:53:32        CPU     %user     %nice   %system   %iowait    %steal     %idle
09:53:33   [32;22m     all[0m[34;1m     16.67[0m[34;22m      0.00[0m[34;1m     26.19[0m[34;1m      0.79[0m[34;22m      0.00[0m[34;1m     56.35[0m
09:53:34   [32;22m     all[0m[34;1m     14.69[0m[34;22m      0.00[0m[34;1m     12.43[0m[34;22m      0.00[0m[34;22m      0.00[0m[34;1m     72.88[0m
09:53:35   [32;22m     all[0m[34;1m      7.30[0m[34;22m      0.00[0m[34;1m     28.47[0m[34;1m      2.19[0m[34;22m      0.00[0m[34;1m     62.04[0m
09:53:36   [32;22m     all[0m[34;1m      8.38[0m[34;22m      0.00[0m[34;1m     12.85[0m[34;22m      0.00[0m[34;22m      0.00[0m[34;1m     78.77[0m
09:53:37   [32;22m     all[0m[34;1m      5.52[0m[34;22m      0.00[0m[34;1m     12.88[0m[34;22m      0.00[0m[34;22m      0.00[0m[34;1m     81.60[0m
09:53:38   [32;22m     all[0m[34;1m      5.68[0m[34;22m      0.00[0m[34;1m      7.95[0m[34;22m      0.00[0m[34;22m      0.00[0m[34;1m     86.36[0m
09:53:39   [32;22m     all[0m[34;1m      9.21[0m[34;22m      0.00[0m[34;1m     19.08[0m[34;22m      0.00[0m[34;22m      0.00[0m[34;1m     71.71[0m
09:53:40   [32;22m     all[0m[34;1m      5.08[0m[34;22m      0.00[0m[34;1m     10.17[0m[34;22m      0.00[0m[34;22m      0.00[0m[34;1m     84.75[0m
09:53:41   [32;22m     all[0m[34;1m      7.69[0m[34;22m      0.00[0m[34;1m     14.74[0m[34;22m      0.00[0m[34;22m      0.00[0m[34;1m     77.56[0m
09:53:42   [32;22m     all[0m[34;1m      5.81[0m[34;22m      0.00[0m[34;1m     12.21[0m[34;22m      0.00[0m[34;22m      0.00[0m[34;1m     81.98[0m
09:53:43   [32;22m     all[0m[34;1m     13.43[0m[34;22m      0.00[0m[34;1m     28.36[0m[34;22m      0.00[0m[34;22m      0.00[0m[34;1m     58.21[0m
09:53:44   [32;22m     all[0m[34;1m     21.71[0m[34;22m      0.00[0m[34;1m     26.32[0m[34;1m      1.97[0m[34;22m      0.00[0m[34;1m     50.00[0m
09:53:45   [32;22m     all[0m[34;1m     10.71[0m[34;22m      0.00[0m[34;1m     19.64[0m[34;22m      0.00[0m[34;22m      0.00[0m[34;1m     69.64[0m
09:53:46   [32;22m     all[0m[34;1m      9.42[0m[34;22m      0.00[0m[34;1m     26.09[0m[34;22m      0.00[0m[34;22m      0.00[0m[34;1m     64.49[0m
09:53:47   [32;22m     all[0m[34;1m     15.23[0m[34;22m      0.00[0m[34;1m     22.52[0m[34;22m      0.00[0m[34;22m      0.00[0m[34;1m     62.25[0m
09:53:48   [32;22m     all[0m[34;1m     11.28[0m[34;22m      0.00[0m[34;1m     31.58[0m[34;22m      0.00[0m[34;22m      0.00[0m[34;1m     57.14[0m
09:53:49   [32;22m     all[0m[34;1m     10.42[0m[34;22m      0.00[0m[34;1m     29.17[0m[34;22m      0.00[0m[34;22m      0.00[0m[34;1m     60.42[0m
09:53:50   [32;22m     all[0m[34;1m     11.97[0m[34;22m      0.00[0m[34;1m     28.17[0m[34;22m      0.00[0m[34;22m      0.00[0m[34;1m     59.86[0m
09:53:51   [32;22m     all[0m[34;1m     15.75[0m[34;22m      0.00[0m[34;1m     39.37[0m[34;22m      0.00[0m[34;22m      0.00[0m[34;1m     44.88[0m
09:53:52   [32;22m     all[0m[34;1m     13.01[0m[34;22m      0.00[0m[34;1m     26.03[0m[34;22m      0.00[0m[34;22m      0.00[0m[34;1m     60.96[0m
09:53:53   [32;22m     all[0m[34;1m     17.50[0m[34;22m      0.00[0m[34;1m     41.67[0m[34;22m      0.00[0m[34;22m      0.00[0m[34;1m     40.83[0m
09:53:54   [32;22m     all[0m[34;1m     24.56[0m[34;22m      0.00[0m[34;1m     49.12[0m[34;22m      0.00[0m[34;22m      0.00[0m[34;1m     26.32[0m
09:53:55   [32;22m     all[0m[34;1m     11.11[0m[34;22m      0.00[0m[34;1m     38.89[0m[34;22m      0.00[0m[34;22m      0.00[0m[34;1m     50.00[0m
09:53:56   [32;22m     all[0m[34;1m     13.95[0m[34;22m      0.00[0m[34;1m     27.91[0m[34;22m      0.00[0m[34;22m      0.00[0m[34;1m     58.14[0m
09:53:57   [32;22m     all[0m[34;1m     27.19[0m[34;22m      0.00[0m[34;1m     41.23[0m[34;22m      0.00[0m[34;22m      0.00[0m[34;1m     31.58[0m
09:53:58   [32;22m     all[0m[34;1m     17.22[0m[34;22m      0.00[0m[34;1m     31.79[0m[34;22m      0.00[0m[34;22m      0.00[0m[34;1m     50.99[0m
09:53:59   [32;22m     all[0m[34;1m     13.91[0m[34;22m      0.00[0m[34;1m     46.96[0m[34;22m      0.00[0m[34;22m      0.00[0m[34;1m     39.13[0m
09:54:00   [32;22m     all[0m[34;1m     14.67[0m[34;22m      0.00[0m[34;1m     29.33[0m[34;22m      0.00[0m[34;22m      0.00[0m[34;1m     56.00[0m
09:54:01   [32;22m     all[0m[34;1m     22.40[0m[34;22m      0.00[0m[34;1m     40.00[0m[34;22m      0.00[0m[34;22m      0.00[0m[34;1m     37.60[0m
09:54:02   [32;22m     all[0m[34;1m     14.81[0m[34;22m      0.00[0m[34;1m     30.86[0m[34;22m      0.00[0m[34;22m      0.00[0m[34;1m     54.32[0m
09:54:03   [32;22m     all[0m[34;1m     20.81[0m[34;22m      0.00[0m[34;1m     34.90[0m[34;1m      0.67[0m[34;22m      0.00[0m[34;1m     43.62[0m
09:54:04   [32;22m     all[0m[34;1m     23.23[0m[34;22m      0.00[0m[34;1m     36.77[0m[34;22m      0.00[0m[34;22m      0.00[0m[34;1m     40.00[0m
09:54:05   [32;22m     all[0m[34;1m     20.44[0m[34;22m      0.00[0m[34;1m     41.61[0m[34;22m      0.00[0m[34;22m      0.00[0m[34;1m     37.96[0m
09:54:06   [32;22m     all[0m[34;1m     15.65[0m[34;22m      0.00[0m[34;1m     38.78[0m[34;22m      0.00[0m[34;22m      0.00[0m[34;1m     45.58[0m
09:54:07   [32;22m     all[0m[34;1m     16.89[0m[34;22m      0.00[0m[34;1m     39.19[0m[34;22m      0.00[0m[34;22m      0.00[0m[34;1m     43.92[0m
09:54:08   [32;22m     all[0m[34;1m     16.25[0m[34;22m      0.00[0m[34;1m     29.38[0m[34;22m      0.00[0m[34;22m      0.00[0m[34;1m     54.37[0m
09:54:09   [32;22m     all[0m[34;1m     18.49[0m[34;22m      0.00[0m[34;1m     49.58[0m[34;22m      0.00[0m[34;22m      0.00[0m[34;1m     31.93[0m
09:54:10   [32;22m     all[0m[34;1m     20.69[0m[34;22m      0.00[0m[34;1m     44.14[0m[34;22m      0.00[0m[34;22m      0.00[0m[34;1m     35.17[0m
09:54:11   [32;22m     all[0m[34;1m     16.51[0m[34;22m      0.00[0m[34;1m     47.71[0m[34;22m      0.00[0m[34;22m      0.00[0m[34;1m     35.78[0m
09:54:12   [32;22m     all[0m[34;1m     18.18[0m[34;22m      0.00[0m[34;1m     35.66[0m[34;22m      0.00[0m[34;22m      0.00[0m[34;1m     46.15[0m
09:54:13   [32;22m     all[0m[34;1m     18.18[0m[34;22m      0.00[0m[34;1m     37.88[0m[34;22m      0.00[0m[34;22m      0.00[0m[34;1m     43.94[0m
09:54:14   [32;22m     all[0m[34;1m     22.29[0m[34;22m      0.00[0m[34;1m     35.67[0m[34;22m      0.00[0m[34;22m      0.00[0m[34;1m     42.04[0m
09:54:15   [32;22m     all[0m[34;1m     22.82[0m[34;22m      0.00[0m[34;1m     38.26[0m[34;22m      0.00[0m[34;22m      0.00[0m[34;1m     38.93[0m
09:54:16   [32;22m     all[0m[34;1m     19.08[0m[34;22m      0.00[0m[34;1m     43.51[0m[34;22m      0.00[0m[34;22m      0.00[0m[34;1m     37.40[0m
09:54:17   [32;22m     all[0m[34;1m     19.66[0m[34;22m      0.00[0m[34;1m     47.86[0m[34;22m      0.00[0m[34;22m      0.00[0m[34;1m     32.48[0m
09:54:18   [32;22m     all[0m[34;1m     25.37[0m[34;22m      0.00[0m[34;1m     50.75[0m[34;22m      0.00[0m[34;22m      0.00[0m[35;1m     23.88[0m
09:54:19   [32;22m     all[0m[34;1m     26.02[0m[34;22m      0.00[0m[34;1m     53.66[0m[34;22m      0.00[0m[34;22m      0.00[0m[35;1m     20.33[0m
09:54:20   [32;22m     all[0m[34;1m     20.59[0m[34;22m      0.00[0m[34;1m     44.12[0m[34;1m      0.74[0m[34;22m      0.00[0m[34;1m     34.56[0m
09:54:21   [32;22m     all[0m[34;1m     15.50[0m[34;22m      0.00[0m[34;1m     40.31[0m[34;22m      0.00[0m[34;22m      0.00[0m[34;1m     44.19[0m
09:54:22   [32;22m     all[0m[34;1m     17.93[0m[34;22m      0.00[0m[34;1m     44.14[0m[34;22m      0.00[0m[34;22m      0.00[0m[34;1m     37.93[0m
09:54:23   [32;22m     all[0m[34;1m     19.84[0m[34;22m      0.00[0m[34;1m     42.86[0m[34;22m      0.00[0m[34;22m      0.00[0m[34;1m     37.30[0m
09:54:24   [32;22m     all[0m[34;1m     20.65[0m[34;22m      0.00[0m[34;1m     30.97[0m[34;22m      0.00[0m[34;22m      0.00[0m[34;1m     48.39[0m
09:54:25   [32;22m     all[0m[34;1m     19.05[0m[34;22m      0.00[0m[34;1m     46.03[0m[34;22m      0.00[0m[34;22m      0.00[0m[34;1m     34.92[0m
09:54:26   [32;22m     all[0m[34;1m     20.30[0m[34;22m      0.00[0m[34;1m     42.11[0m[34;22m      0.00[0m[34;22m      0.00[0m[34;1m     37.59[0m
09:54:27   [32;22m     all[0m[34;1m     16.39[0m[34;22m      0.00[0m[34;1m     45.08[0m[34;22m      0.00[0m[34;22m      0.00[0m[34;1m     38.52[0m
09:54:28   [32;22m     all[0m[34;1m     15.49[0m[34;22m      0.00[0m[34;1m     33.80[0m[34;22m      0.00[0m[34;22m      0.00[0m[34;1m     50.70[0m
09:54:29   [32;22m     all[0m[34;1m     16.80[0m[34;22m      0.00[0m[34;1m     39.20[0m[34;22m      0.00[0m[34;22m      0.00[0m[34;1m     44.00[0m
09:54:30   [32;22m     all[0m[34;1m     18.18[0m[34;22m      0.00[0m[34;1m     35.71[0m[34;22m      0.00[0m[34;22m      0.00[0m[34;1m     46.10[0m
09:54:31   [32;22m     all[0m[34;1m     17.36[0m[34;22m      0.00[0m[34;1m     41.32[0m[34;22m      0.00[0m[34;22m      0.00[0m[34;1m     41.32[0m
09:54:32   [32;22m     all[0m[34;1m     18.99[0m[34;22m      0.00[0m[34;1m     38.61[0m[34;22m      0.00[0m[34;22m      0.00[0m[34;1m     42.41[0m
09:54:33   [32;22m     all[0m[34;1m     19.21[0m[34;22m      0.00[0m[34;1m     31.79[0m[34;22m      0.00[0m[34;22m      0.00[0m[34;1m     49.01[0m
09:54:34   [32;22m     all[0m[34;1m     26.72[0m[34;22m      0.00[0m[34;1m     48.09[0m[34;1m      0.76[0m[34;22m      0.00[0m[35;1m     24.43[0m
09:54:35   [32;22m     all[0m[34;1m     21.19[0m[34;22m      0.00[0m[34;1m     40.40[0m[34;22m      0.00[0m[34;22m      0.00[0m[34;1m     38.41[0m
09:54:36   [32;22m     all[0m[34;1m     22.95[0m[34;22m      0.00[0m[34;1m     53.28[0m[34;22m      0.00[0m[34;22m      0.00[0m[35;1m     23.77[0m
09:54:37   [32;22m     all[0m[34;1m     16.54[0m[34;22m      0.00[0m[34;1m     44.09[0m[34;22m      0.00[0m[34;22m      0.00[0m[34;1m     39.37[0m
09:54:38   [32;22m     all[0m[34;1m     18.83[0m[34;22m      0.00[0m[34;1m     37.01[0m[34;22m      0.00[0m[34;22m      0.00[0m[34;1m     44.16[0m
09:54:39   [32;22m     all[0m[34;1m     19.57[0m[34;22m      0.00[0m[34;1m     45.65[0m[34;22m      0.00[0m[34;22m      0.00[0m[34;1m     34.78[0m
09:54:40   [32;22m     all[0m[34;1m     15.79[0m[34;22m      0.00[0m[34;1m     32.89[0m[34;22m      0.00[0m[34;22m      0.00[0m[34;1m     51.32[0m
09:54:41   [32;22m     all[0m[34;1m     16.79[0m[34;22m      0.00[0m[34;1m     41.61[0m[34;22m      0.00[0m[34;22m      0.00[0m[34;1m     41.61[0m
09:54:42   [32;22m     all[0m[34;1m     18.44[0m[34;22m      0.00[0m[34;1m     39.72[0m[34;22m      0.00[0m[34;22m      0.00[0m[34;1m     41.84[0m
09:54:43   [32;22m     all[0m[34;1m     23.02[0m[34;22m      0.00[0m[34;1m     43.17[0m[34;22m      0.00[0m[34;22m      0.00[0m[34;1m     33.81[0m
09:54:44   [32;22m     all[0m[34;1m     25.68[0m[34;22m      0.00[0m[34;1m     43.24[0m[34;22m      0.00[0m[34;22m      0.00[0m[34;1m     31.08[0m
09:54:45   [32;22m     all[0m[34;1m     20.14[0m[34;22m      0.00[0m[34;1m     37.50[0m[34;22m      0.00[0m[34;22m      0.00[0m[34;1m     42.36[0m
09:54:46   [32;22m     all[0m[34;1m     14.29[0m[34;22m      0.00[0m[34;1m     32.30[0m[34;22m      0.00[0m[34;22m      0.00[0m[34;1m     53.42[0m
09:54:47   [32;22m     all[0m[34;1m     15.28[0m[34;22m      0.00[0m[34;1m     36.81[0m[34;22m      0.00[0m[34;22m      0.00[0m[34;1m     47.92[0m
09:54:48   [32;22m     all[0m[34;1m     21.13[0m[34;22m      0.00[0m[34;1m     37.32[0m[34;22m      0.00[0m[34;22m      0.00[0m[34;1m     41.55[0m
09:54:49   [32;22m     all[0m[34;1m     15.62[0m[34;22m      0.00[0m[34;1m     44.53[0m[34;22m      0.00[0m[34;22m      0.00[0m[34;1m     39.84[0m
09:54:50   [32;22m     all[0m[34;1m     15.06[0m[34;22m      0.00[0m[34;1m     34.34[0m[34;22m      0.00[0m[34;22m      0.00[0m[34;1m     50.60[0m
09:54:51   [32;22m     all[0m[34;1m     16.78[0m[34;22m      0.00[0m[34;1m     36.36[0m[34;22m      0.00[0m[34;22m      0.00[0m[34;1m     46.85[0m
09:54:52   [32;22m     all[0m[34;1m     18.49[0m[34;22m      0.00[0m[34;1m     38.36[0m[34;22m      0.00[0m[34;22m      0.00[0m[34;1m     43.15[0m
09:54:53   [32;22m     all[0m[34;1m     24.41[0m[34;22m      0.00[0m[34;1m     51.18[0m[34;22m      0.00[0m[34;22m      0.00[0m[35;1m     24.41[0m
09:54:54   [32;22m     all[0m[34;1m     21.97[0m[34;22m      0.00[0m[34;1m     38.64[0m[34;22m      0.00[0m[34;22m      0.00[0m[34;1m     39.39[0m
09:54:55   [32;22m     all[0m[34;1m     14.52[0m[34;22m      0.00[0m[34;1m     41.13[0m[34;1m      0.81[0m[34;22m      0.00[0m[34;1m     43.55[0m
09:54:56   [32;22m     all[0m[34;1m     13.89[0m[34;22m      0.00[0m[34;1m     62.04[0m[34;22m      0.00[0m[34;22m      0.00[0m[35;1m     24.07[0m
09:54:57   [32;22m     all[0m[34;1m     20.74[0m[34;22m      0.00[0m[34;1m     48.15[0m[34;22m      0.00[0m[34;22m      0.00[0m[34;1m     31.11[0m
09:54:58   [32;22m     all[0m[34;1m     18.24[0m[34;22m      0.00[0m[34;1m     35.22[0m[34;22m      0.00[0m[34;22m      0.00[0m[34;1m     46.54[0m
09:54:59   [32;22m     all[0m[34;1m     14.20[0m[34;22m      0.00[0m[34;1m     30.25[0m[34;22m      0.00[0m[34;22m      0.00[0m[34;1m     55.56[0m
09:55:00   [32;22m     all[0m[34;1m     20.53[0m[34;22m      0.00[0m[34;1m     34.44[0m[34;22m      0.00[0m[34;22m      0.00[0m[34;1m     45.03[0m
09:55:01   [32;22m     all[0m[34;1m     24.14[0m[34;22m      0.00[0m[34;1m     51.72[0m[34;22m      0.00[0m[34;22m      0.00[0m[35;1m     24.14[0m
09:55:02   [32;22m     all[0m[34;1m     16.56[0m[34;22m      0.00[0m[34;1m     34.39[0m[34;22m      0.00[0m[34;22m      0.00[0m[34;1m     49.04[0m
09:55:03   [32;22m     all[0m[34;1m     21.88[0m[34;22m      0.00[0m[34;1m     45.31[0m[34;22m      0.00[0m[34;22m      0.00[0m[34;1m     32.81[0m
09:55:04   [32;22m     all[0m[34;1m     27.42[0m[34;22m      0.00[0m[34;1m     55.65[0m[34;22m      0.00[0m[34;22m      0.00[0m[35;1m     16.94[0m
09:55:05   [32;22m     all[0m[34;1m     26.32[0m[34;22m      0.00[0m[34;1m     52.63[0m[34;22m      0.00[0m[34;22m      0.00[0m[35;1m     21.05[0m
09:55:06   [32;22m     all[0m[34;1m     19.15[0m[34;22m      0.00[0m[34;1m     39.72[0m[34;22m      0.00[0m[34;22m      0.00[0m[34;1m     41.13[0m
09:55:07   [32;22m     all[0m[34;1m     17.89[0m[34;22m      0.00[0m[34;1m     40.65[0m[34;22m      0.00[0m[34;22m      0.00[0m[34;1m     41.46[0m
09:55:08   [32;22m     all[0m[34;1m     21.38[0m[34;22m      0.00[0m[34;1m     44.83[0m[34;22m      0.00[0m[34;22m      0.00[0m[34;1m     33.79[0m
09:55:09   [32;22m     all[0m[34;1m     16.67[0m[34;22m      0.00[0m[34;1m     42.75[0m[34;1m      0.72[0m[34;22m      0.00[0m[34;1m     39.86[0m
09:55:10   [32;22m     all[0m[34;1m     16.67[0m[34;22m      0.00[0m[34;1m     30.86[0m[34;22m      0.00[0m[34;22m      0.00[0m[34;1m     52.47[0m
09:55:11   [32;22m     all[0m[34;1m     16.67[0m[34;22m      0.00[0m[34;1m     51.67[0m[34;22m      0.00[0m[34;22m      0.00[0m[34;1m     31.67[0m
09:55:12   [32;22m     all[0m[34;1m     15.89[0m[34;22m      0.00[0m[34;1m     37.09[0m[34;1m      0.66[0m[34;22m      0.00[0m[34;1m     46.36[0m
09:55:13   [32;22m     all[0m[34;1m     15.91[0m[34;22m      0.00[0m[34;1m     40.15[0m[34;22m      0.00[0m[34;22m      0.00[0m[34;1m     43.94[0m
09:55:14   [32;22m     all[0m[34;1m     20.75[0m[34;22m      0.00[0m[34;1m     30.82[0m[34;22m      0.00[0m[34;22m      0.00[0m[34;1m     48.43[0m
09:55:15   [32;22m     all[0m[34;1m     20.98[0m[34;22m      0.00[0m[34;1m     39.86[0m[34;22m      0.00[0m[34;22m      0.00[0m[34;1m     39.16[0m
09:55:16   [32;22m     all[0m[34;1m     20.00[0m[34;22m      0.00[0m[34;1m     39.29[0m[34;22m      0.00[0m[34;22m      0.00[0m[34;1m     40.71[0m
09:55:17   [32;22m     all[0m[34;1m     24.58[0m[34;22m      0.00[0m[34;1m     43.22[0m[34;22m      0.00[0m[34;22m      0.00[0m[34;1m     32.20[0m
09:55:18   [32;22m     all[0m[34;1m     16.13[0m[34;22m      0.00[0m[34;1m     36.13[0m[34;22m      0.00[0m[34;22m      0.00[0m[34;1m     47.74[0m
09:55:19   [32;22m     all[0m[34;1m     20.86[0m[34;22m      0.00[0m[34;1m     43.88[0m[34;22m      0.00[0m[34;22m      0.00[0m[34;1m     35.25[0m
09:55:20   [32;22m     all[0m[34;1m     16.56[0m[34;22m      0.00[0m[34;1m     36.31[0m[34;22m      0.00[0m[34;22m      0.00[0m[34;1m     47.13[0m
09:55:21   [32;22m     all[0m[34;1m     17.42[0m[34;22m      0.00[0m[34;1m     38.64[0m[34;22m      0.00[0m[34;22m      0.00[0m[34;1m     43.94[0m
09:55:22   [32;22m     all[0m[34;1m     18.01[0m[34;22m      0.00[0m[34;1m     34.78[0m[34;22m      0.00[0m[34;22m      0.00[0m[34;1m     47.20[0m
09:55:23   [32;22m     all[0m[34;1m     22.73[0m[34;22m      0.00[0m[34;1m     35.71[0m[34;1m      0.65[0m[34;22m      0.00[0m[34;1m     40.91[0m
09:55:24   [32;22m     all[0m[34;1m     22.22[0m[34;22m      0.00[0m[34;1m     42.36[0m[34;22m      0.00[0m[34;22m      0.00[0m[34;1m     35.42[0m
09:55:25   [32;22m     all[0m[34;1m     23.57[0m[34;22m      0.00[0m[34;1m     40.00[0m[34;22m      0.00[0m[34;22m      0.00[0m[34;1m     36.43[0m
09:55:26   [32;22m     all[0m[34;1m     18.24[0m[34;22m      0.00[0m[34;1m     37.11[0m[34;22m      0.00[0m[34;22m      0.00[0m[34;1m     44.65[0m
09:55:27   [32;22m     all[0m[34;1m     17.24[0m[34;22m      0.00[0m[34;1m     52.59[0m[34;22m      0.00[0m[34;22m      0.00[0m[34;1m     30.17[0m
09:55:28   [32;22m     all[0m[34;1m     15.33[0m[34;22m      0.00[0m[34;1m     34.00[0m[34;22m      0.00[0m[34;22m      0.00[0m[34;1m     50.67[0m
09:55:29   [32;22m     all[0m[34;1m     23.74[0m[34;22m      0.00[0m[34;1m     40.29[0m[34;22m      0.00[0m[34;22m      0.00[0m[34;1m     35.97[0m
09:55:30   [32;22m     all[0m[34;1m     17.31[0m[34;22m      0.00[0m[34;1m     54.81[0m[34;22m      0.00[0m[34;22m      0.00[0m[34;1m     27.88[0m
09:55:31   [32;22m     all[0m[34;1m     19.72[0m[34;22m      0.00[0m[34;1m     40.14[0m[34;22m      0.00[0m[34;22m      0.00[0m[34;1m     40.14[0m
09:55:32   [32;22m     all[0m[34;1m     20.44[0m[34;22m      0.00[0m[34;1m     45.99[0m[34;22m      0.00[0m[34;22m      0.00[0m[34;1m     33.58[0m
09:55:33   [32;22m     all[0m[34;1m     27.12[0m[34;22m      0.00[0m[34;1m     48.31[0m[34;1m      0.85[0m[34;22m      0.00[0m[35;1m     23.73[0m
09:55:34   [32;22m     all[0m[34;1m     18.94[0m[34;22m      0.00[0m[34;1m     46.97[0m[34;1m      1.52[0m[34;22m      0.00[0m[34;1m     32.58[0m
09:55:35   [32;22m     all[0m[34;1m     24.24[0m[34;22m      0.00[0m[34;1m     47.73[0m[34;22m      0.00[0m[34;22m      0.00[0m[34;1m     28.03[0m
09:55:36   [32;22m     all[0m[34;1m     25.40[0m[34;22m      0.00[0m[34;1m     46.83[0m[34;22m      0.00[0m[34;22m      0.00[0m[34;1m     27.78[0m
09:55:37   [32;22m     all[0m[34;1m     21.57[0m[34;22m      0.00[0m[34;1m     36.60[0m[34;22m      0.00[0m[34;22m      0.00[0m[34;1m     41.83[0m
09:55:38   [32;22m     all[0m[34;1m     16.03[0m[34;22m      0.00[0m[34;1m     40.46[0m[34;22m      0.00[0m[34;22m      0.00[0m[34;1m     43.51[0m
09:55:39   [32;22m     all[0m[34;1m     18.06[0m[34;22m      0.00[0m[34;1m     36.13[0m[34;22m      0.00[0m[34;22m      0.00[0m[34;1m     45.81[0m
09:55:40   [32;22m     all[0m[34;1m     20.16[0m[34;22m      0.00[0m[34;1m     41.09[0m[34;22m      0.00[0m[34;22m      0.00[0m[34;1m     38.76[0m
09:55:41   [32;22m     all[0m[34;1m     22.40[0m[34;22m      0.00[0m[34;1m     42.40[0m[34;22m      0.00[0m[34;22m      0.00[0m[34;1m     35.20[0m
09:55:42   [32;22m     all[0m[34;1m     14.93[0m[34;22m      0.00[0m[34;1m     40.30[0m[34;22m      0.00[0m[34;22m      0.00[0m[34;1m     44.78[0m
09:55:43   [32;22m     all[0m[34;1m     19.86[0m[34;22m      0.00[0m[34;1m     35.62[0m[34;22m      0.00[0m[34;22m      0.00[0m[34;1m     44.52[0m
09:55:44   [32;22m     all[0m[34;1m     25.35[0m[34;22m      0.00[0m[34;1m     45.77[0m[34;22m      0.00[0m[34;22m      0.00[0m[34;1m     28.87[0m
09:55:45   [32;22m     all[0m[34;1m     20.13[0m[34;22m      0.00[0m[34;1m     35.85[0m[34;22m      0.00[0m[34;22m      0.00[0m[34;1m     44.03[0m
09:55:46   [32;22m     all[0m[34;1m     18.90[0m[34;22m      0.00[0m[34;1m     43.31[0m[34;22m      0.00[0m[34;22m      0.00[0m[34;1m     37.80[0m
09:55:47   [32;22m     all[0m[34;1m     19.31[0m[34;22m      0.00[0m[34;1m     37.24[0m[34;22m      0.00[0m[34;22m      0.00[0m[34;1m     43.45[0m
09:55:48   [32;22m     all[0m[34;1m     21.58[0m[34;22m      0.00[0m[34;1m     42.45[0m[34;1m      1.44[0m[34;22m      0.00[0m[34;1m     34.53[0m
09:55:49   [32;22m     all[0m[34;1m     19.48[0m[34;22m      0.00[0m[34;1m     37.01[0m[34;22m      0.00[0m[34;22m      0.00[0m[34;1m     43.51[0m
09:55:50   [32;22m     all[0m[34;1m     21.19[0m[34;22m      0.00[0m[34;1m     50.85[0m[34;22m      0.00[0m[34;22m      0.00[0m[34;1m     27.97[0m
09:55:51   [32;22m     all[0m[34;1m     25.83[0m[34;22m      0.00[0m[34;1m     50.83[0m[34;22m      0.00[0m[34;22m      0.00[0m[35;1m     23.33[0m
09:55:52   [32;22m     all[0m[34;1m     26.45[0m[34;22m      0.00[0m[34;1m     47.93[0m[34;22m      0.00[0m[34;22m      0.00[0m[34;1m     25.62[0m
09:55:53   [32;22m     all[0m[34;1m     22.30[0m[34;22m      0.00[0m[34;1m     40.29[0m[34;22m      0.00[0m[34;22m      0.00[0m[34;1m     37.41[0m
09:55:54   [32;22m     all[0m[34;1m     25.90[0m[34;22m      0.00[0m[34;1m     45.32[0m[34;1m      0.72[0m[34;22m      0.00[0m[34;1m     28.06[0m
09:55:55   [32;22m     all[0m[34;1m     18.18[0m[34;22m      0.00[0m[34;1m     37.76[0m[34;22m      0.00[0m[34;22m      0.00[0m[34;1m     44.06[0m
09:55:56   [32;22m     all[0m[34;1m     19.21[0m[34;22m      0.00[0m[34;1m     37.75[0m[34;22m      0.00[0m[34;22m      0.00[0m[34;1m     43.05[0m
09:55:57   [32;22m     all[0m[34;1m     23.75[0m[34;22m      0.00[0m[34;1m     39.38[0m[34;22m      0.00[0m[34;22m      0.00[0m[34;1m     36.88[0m
09:55:58   [32;22m     all[0m[34;1m     14.79[0m[34;22m      0.00[0m[34;1m     42.96[0m[34;22m      0.00[0m[34;22m      0.00[0m[34;1m     42.25[0m
09:55:59   [32;22m     all[0m[34;1m     19.05[0m[34;22m      0.00[0m[34;1m     37.41[0m[34;22m      0.00[0m[34;22m      0.00[0m[34;1m     43.54[0m
09:56:00   [32;22m     all[0m[34;1m     18.05[0m[34;22m      0.00[0m[34;1m     37.59[0m[34;22m      0.00[0m[34;22m      0.00[0m[34;1m     44.36[0m
09:56:01   [32;22m     all[0m[34;1m     26.23[0m[34;22m      0.00[0m[34;1m     49.18[0m[34;1m      0.82[0m[34;22m      0.00[0m[35;1m     23.77[0m
09:56:02   [32;22m     all[0m[34;1m     20.34[0m[34;22m      0.00[0m[34;1m     55.08[0m[34;22m      0.00[0m[34;22m      0.00[0m[35;1m     24.58[0m
09:56:03   [32;22m     all[0m[34;1m     25.52[0m[34;22m      0.00[0m[34;1m     44.14[0m[34;22m      0.00[0m[34;22m      0.00[0m[34;1m     30.34[0m
09:56:04   [32;22m     all[0m[34;1m     19.05[0m[34;22m      0.00[0m[34;1m     39.46[0m[34;1m      0.68[0m[34;22m      0.00[0m[34;1m     40.82[0m
09:56:05   [32;22m     all[0m[34;1m     18.67[0m[34;22m      0.00[0m[34;1m     33.13[0m[34;22m      0.00[0m[34;22m      0.00[0m[34;1m     48.19[0m
09:56:06   [32;22m     all[0m[34;1m     15.28[0m[34;22m      0.00[0m[34;1m     40.97[0m[34;22m      0.00[0m[34;22m      0.00[0m[34;1m     43.75[0m
09:56:07   [32;22m     all[0m[34;1m     20.55[0m[34;22m      0.00[0m[34;1m     45.21[0m[34;22m      0.00[0m[34;22m      0.00[0m[34;1m     34.25[0m
09:56:08   [32;22m     all[0m[34;1m     19.83[0m[34;22m      0.00[0m[34;1m     42.15[0m[34;22m      0.00[0m[34;22m      0.00[0m[34;1m     38.02[0m
09:56:09   [32;22m     all[0m[34;1m     25.00[0m[34;22m      0.00[0m[34;1m     40.54[0m[34;22m      0.00[0m[34;22m      0.00[0m[34;1m     34.46[0m
09:56:10   [32;22m     all[0m[34;1m     17.32[0m[34;22m      0.00[0m[34;1m     44.09[0m[34;22m      0.00[0m[34;22m      0.00[0m[34;1m     38.58[0m
09:56:11   [32;22m     all[0m[34;1m     18.00[0m[34;22m      0.00[0m[34;1m     30.67[0m[34;22m      0.00[0m[34;22m      0.00[0m[34;1m     51.33[0m
09:56:12   [32;22m     all[0m[34;1m     13.24[0m[34;22m      0.00[0m[34;1m     39.71[0m[34;22m      0.00[0m[34;22m      0.00[0m[34;1m     47.06[0m
09:56:13   [32;22m     all[0m[34;1m     18.95[0m[34;22m      0.00[0m[34;1m     35.95[0m[34;22m      0.00[0m[34;22m      0.00[0m[34;1m     45.10[0m
09:56:14   [32;22m     all[0m[34;1m     20.77[0m[34;22m      0.00[0m[34;1m     42.31[0m[34;22m      0.00[0m[34;22m      0.00[0m[34;1m     36.92[0m
09:56:15   [32;22m     all[0m[34;1m     20.25[0m[34;22m      0.00[0m[34;1m     34.18[0m[34;22m      0.00[0m[34;22m      0.00[0m[34;1m     45.57[0m
09:56:16   [32;22m     all[0m[34;1m     30.25[0m[34;22m      0.00[0m[34;1m     48.74[0m[34;22m      0.00[0m[34;22m      0.00[0m[35;1m     21.01[0m
09:56:17   [32;22m     all[0m[34;1m     20.42[0m[34;22m      0.00[0m[34;1m     41.55[0m[34;22m      0.00[0m[34;22m      0.00[0m[34;1m     38.03[0m
09:56:18   [32;22m     all[0m[34;1m     15.38[0m[34;22m      0.00[0m[34;1m     41.54[0m[34;1m      0.77[0m[34;22m      0.00[0m[34;1m     42.31[0m
09:56:19   [32;22m     all[0m[34;1m     16.34[0m[34;22m      0.00[0m[34;1m     39.22[0m[34;22m      0.00[0m[34;22m      0.00[0m[34;1m     44.44[0m
09:56:20   [32;22m     all[0m[34;1m     21.25[0m[34;22m      0.00[0m[34;1m     36.88[0m[34;22m      0.00[0m[34;22m      0.00[0m[34;1m     41.88[0m
09:56:21   [32;22m     all[0m[34;1m     18.54[0m[34;22m      0.00[0m[34;1m     35.76[0m[34;1m      0.66[0m[34;22m      0.00[0m[34;1m     45.03[0m
09:56:22   [32;22m     all[0m[34;1m     18.59[0m[34;22m      0.00[0m[34;1m     35.26[0m[34;22m      0.00[0m[34;22m      0.00[0m[34;1m     46.15[0m
09:56:23   [32;22m     all[0m[34;1m     19.46[0m[34;22m      0.00[0m[34;1m     42.28[0m[34;22m      0.00[0m[34;22m      0.00[0m[34;1m     38.26[0m
09:56:24   [32;22m     all[0m[34;1m     17.12[0m[34;22m      0.00[0m[34;1m     47.75[0m[34;22m      0.00[0m[34;22m      0.00[0m[34;1m     35.14[0m
09:56:25   [32;22m     all[0m[34;1m     18.49[0m[34;22m      0.00[0m[34;1m     41.10[0m[34;22m      0.00[0m[34;22m      0.00[0m[34;1m     40.41[0m
09:56:26   [32;22m     all[0m[34;1m     27.35[0m[34;22m      0.00[0m[34;1m     50.43[0m[34;22m      0.00[0m[34;22m      0.00[0m[35;1m     22.22[0m
09:56:27   [32;22m     all[0m[34;1m     25.45[0m[34;22m      0.00[0m[34;1m     49.09[0m[34;22m      0.00[0m[34;22m      0.00[0m[34;1m     25.45[0m
09:56:28   [32;22m     all[0m[34;1m     19.61[0m[34;22m      0.00[0m[34;1m     33.99[0m[34;1m      0.65[0m[34;22m      0.00[0m[34;1m     45.75[0m
09:56:29   [32;22m     all[0m[34;1m     29.17[0m[34;22m      0.00[0m[34;1m     44.17[0m[34;22m      0.00[0m[34;22m      0.00[0m[34;1m     26.67[0m
09:56:30   [32;22m     all[0m[34;1m     19.15[0m[34;22m      0.00[0m[34;1m     36.17[0m[34;22m      0.00[0m[34;22m      0.00[0m[34;1m     44.68[0m
09:56:31   [32;22m     all[0m[34;1m     26.89[0m[34;22m      0.00[0m[34;1m     42.02[0m[34;22m      0.00[0m[34;22m      0.00[0m[34;1m     31.09[0m
09:56:32   [32;22m     all[0m[34;1m     17.18[0m[34;22m      0.00[0m[34;1m     29.45[0m[34;22m      0.00[0m[34;22m      0.00[0m[34;1m     53.37[0m
09:56:33   [32;22m     all[0m[34;1m     17.69[0m[34;22m      0.00[0m[34;1m     43.85[0m[34;22m      0.00[0m[34;22m      0.00[0m[34;1m     38.46[0m
09:56:34   [32;22m     all[0m[34;1m     20.41[0m[34;22m      0.00[0m[34;1m     38.78[0m[34;22m      0.00[0m[34;22m      0.00[0m[34;1m     40.82[0m
09:56:35   [32;22m     all[0m[34;1m     19.51[0m[34;22m      0.00[0m[34;1m     52.85[0m[34;22m      0.00[0m[34;22m      0.00[0m[34;1m     27.64[0m
09:56:36   [32;22m     all[0m[34;1m     16.98[0m[34;22m      0.00[0m[34;1m     28.93[0m[34;22m      0.00[0m[34;22m      0.00[0m[34;1m     54.09[0m
09:56:37   [32;22m     all[0m[34;1m     21.09[0m[34;22m      0.00[0m[34;1m     40.62[0m[34;22m      0.00[0m[34;22m      0.00[0m[34;1m     38.28[0m
09:56:38   [32;22m     all[0m[34;1m     16.44[0m[34;22m      0.00[0m[34;1m     36.30[0m[34;22m      0.00[0m[34;22m      0.00[0m[34;1m     47.26[0m
09:56:39   [32;22m     all[0m[34;1m     14.72[0m[34;22m      0.00[0m[34;1m     36.81[0m[34;1m      0.61[0m[34;22m      0.00[0m[34;1m     47.85[0m
09:56:40   [32;22m     all[0m[34;1m     20.17[0m[34;22m      0.00[0m[34;1m     52.10[0m[34;22m      0.00[0m[34;22m      0.00[0m[34;1m     27.73[0m
09:56:41   [32;22m     all[0m[34;1m     22.03[0m[34;22m      0.00[0m[34;1m     42.37[0m[34;22m      0.00[0m[34;22m      0.00[0m[34;1m     35.59[0m
09:56:42   [32;22m     all[0m[34;1m     12.59[0m[34;22m      0.00[0m[34;1m     34.97[0m[34;22m      0.00[0m[34;22m      0.00[0m[34;1m     52.45[0m
09:56:43   [32;22m     all[0m[34;1m     16.28[0m[34;22m      0.00[0m[34;1m     37.21[0m[34;22m      0.00[0m[34;22m      0.00[0m[34;1m     46.51[0m
09:56:44   [32;22m     all[0m[34;1m     25.62[0m[34;22m      0.00[0m[34;1m     39.38[0m[34;22m      0.00[0m[34;22m      0.00[0m[34;1m     35.00[0m
09:56:45   [32;22m     all[0m[34;1m     19.83[0m[34;22m      0.00[0m[34;1m     52.07[0m[34;22m      0.00[0m[34;22m      0.00[0m[34;1m     28.10[0m
09:56:46   [32;22m     all[0m[34;1m     17.24[0m[34;22m      0.00[0m[34;1m     37.24[0m[34;22m      0.00[0m[34;22m      0.00[0m[34;1m     45.52[0m
09:56:47   [32;22m     all[0m[34;1m     21.43[0m[34;22m      0.00[0m[34;1m     31.75[0m[34;22m      0.00[0m[34;22m      0.00[0m[34;1m     46.83[0m
09:56:48   [32;22m     all[0m[34;1m     19.48[0m[34;22m      0.00[0m[34;1m     36.36[0m[34;22m      0.00[0m[34;22m      0.00[0m[34;1m     44.16[0m
09:56:49   [32;22m     all[0m[34;1m     14.93[0m[34;22m      0.00[0m[34;1m     45.52[0m[34;22m      0.00[0m[34;22m      0.00[0m[34;1m     39.55[0m
09:56:50   [32;22m     all[0m[34;1m     19.35[0m[34;22m      0.00[0m[34;1m     38.71[0m[34;22m      0.00[0m[34;22m      0.00[0m[34;1m     41.94[0m
09:56:51   [32;22m     all[0m[34;1m     15.97[0m[34;22m      0.00[0m[34;1m     35.42[0m[34;22m      0.00[0m[34;22m      0.00[0m[34;1m     48.61[0m
09:56:52   [32;22m     all[0m[34;1m     18.47[0m[34;22m      0.00[0m[34;1m     31.85[0m[34;22m      0.00[0m[34;22m      0.00[0m[34;1m     49.68[0m
09:56:53   [32;22m     all[0m[34;1m     19.58[0m[34;22m      0.00[0m[34;1m     40.56[0m[34;22m      0.00[0m[34;22m      0.00[0m[34;1m     39.86[0m
09:56:54   [32;22m     all[0m[34;1m     18.11[0m[34;22m      0.00[0m[34;1m     50.39[0m[34;1m      0.79[0m[34;22m      0.00[0m[34;1m     30.71[0m
09:56:55   [32;22m     all[0m[34;1m     22.45[0m[34;22m      0.00[0m[34;1m     45.58[0m[34;22m      0.00[0m[34;22m      0.00[0m[34;1m     31.97[0m
09:56:56   [32;22m     all[0m[34;1m     15.87[0m[34;22m      0.00[0m[34;1m     46.03[0m[34;22m      0.00[0m[34;22m      0.00[0m[34;1m     38.10[0m
09:56:57   [32;22m     all[0m[34;1m     22.31[0m[34;22m      0.00[0m[34;1m     48.46[0m[34;22m      0.00[0m[34;22m      0.00[0m[34;1m     29.23[0m
09:56:58   [32;22m     all[0m[34;1m     22.58[0m[34;22m      0.00[0m[34;1m     46.77[0m[34;1m      1.61[0m[34;22m      0.00[0m[34;1m     29.03[0m
09:56:59   [32;22m     all[0m[34;1m     21.37[0m[34;22m      0.00[0m[34;1m     44.27[0m[34;22m      0.00[0m[34;22m      0.00[0m[34;1m     34.35[0m
09:57:00   [32;22m     all[0m[34;1m     21.71[0m[34;22m      0.00[0m[34;1m     49.61[0m[34;22m      0.00[0m[34;22m      0.00[0m[34;1m     28.68[0m
09:57:01   [32;22m     all[0m[34;1m     15.44[0m[34;22m      0.00[0m[34;1m     30.87[0m[34;22m      0.00[0m[34;22m      0.00[0m[34;1m     53.69[0m
09:57:02   [32;22m     all[0m[34;1m     25.41[0m[34;22m      0.00[0m[34;1m     52.46[0m[34;22m      0.00[0m[34;22m      0.00[0m[35;1m     22.13[0m
09:57:03   [32;22m     all[0m[34;1m     14.73[0m[34;22m      0.00[0m[34;1m     35.66[0m[34;22m      0.00[0m[34;22m      0.00[0m[34;1m     49.61[0m
09:57:04   [32;22m     all[0m[34;1m     19.86[0m[34;22m      0.00[0m[34;1m     39.01[0m[34;22m      0.00[0m[34;22m      0.00[0m[34;1m     41.13[0m
09:57:05   [32;22m     all[0m[34;1m     17.42[0m[34;22m      0.00[0m[34;1m     39.39[0m[34;1m      0.76[0m[34;22m      0.00[0m[34;1m     42.42[0m
09:57:06   [32;22m     all[0m[34;1m     19.85[0m[34;22m      0.00[0m[34;1m     46.32[0m[34;22m      0.00[0m[34;22m      0.00[0m[34;1m     33.82[0m
09:57:07   [32;22m     all[0m[34;1m     20.00[0m[34;22m      0.00[0m[34;1m     45.19[0m[34;22m      0.00[0m[34;22m      0.00[0m[34;1m     34.81[0m
09:57:08   [32;22m     all[0m[34;1m     21.67[0m[34;22m      0.00[0m[34;1m     45.00[0m[34;22m      0.00[0m[34;22m      0.00[0m[34;1m     33.33[0m
09:57:09   [32;22m     all[0m[34;1m     19.44[0m[34;22m      0.00[0m[34;1m     31.94[0m[34;22m      0.00[0m[34;22m      0.00[0m[34;1m     48.61[0m
09:57:10   [32;22m     all[0m[34;1m     19.74[0m[34;22m      0.00[0m[34;1m     37.50[0m[34;22m      0.00[0m[34;22m      0.00[0m[34;1m     42.76[0m
09:57:11   [32;22m     all[0m[34;1m     22.40[0m[34;22m      0.00[0m[34;1m     56.00[0m[34;22m      0.00[0m[34;22m      0.00[0m[35;1m     21.60[0m
09:57:12   [32;22m     all[0m[34;1m     14.29[0m[34;22m      0.00[0m[34;1m     27.95[0m[34;22m      0.00[0m[34;22m      0.00[0m[34;1m     57.76[0m
09:57:13   [32;22m     all[0m[34;1m     19.23[0m[34;22m      0.00[0m[34;1m     40.77[0m[34;22m      0.00[0m[34;22m      0.00[0m[34;1m     40.00[0m
09:57:14   [32;22m     all[0m[34;1m     21.23[0m[34;22m      0.00[0m[34;1m     37.67[0m[34;1m      0.68[0m[34;22m      0.00[0m[34;1m     40.41[0m
09:57:15   [32;22m     all[0m[34;1m     21.01[0m[34;22m      0.00[0m[34;1m     36.97[0m[34;22m      0.00[0m[34;22m      0.00[0m[34;1m     42.02[0m
09:57:16   [32;22m     all[0m[34;1m     19.87[0m[34;22m      0.00[0m[34;1m     35.90[0m[34;22m      0.00[0m[34;22m      0.00[0m[34;1m     44.23[0m
09:57:17   [32;22m     all[0m[34;1m     23.58[0m[34;22m      0.00[0m[34;1m     49.06[0m[34;22m      0.00[0m[34;22m      0.00[0m[34;1m     27.36[0m
09:57:18   [32;22m     all[0m[34;1m     19.39[0m[34;22m      0.00[0m[34;1m     27.88[0m[34;22m      0.00[0m[34;22m      0.00[0m[34;1m     52.73[0m
09:57:19   [32;22m     all[0m[34;1m     19.35[0m[34;22m      0.00[0m[34;1m     44.35[0m[34;22m      0.00[0m[34;22m      0.00[0m[34;1m     36.29[0m
09:57:20   [32;22m     all[0m[34;1m     19.48[0m[34;22m      0.00[0m[34;1m     36.36[0m[34;22m      0.00[0m[34;22m      0.00[0m[34;1m     44.16[0m
09:57:21   [32;22m     all[0m[34;1m     17.93[0m[34;22m      0.00[0m[34;1m     43.45[0m[34;22m      0.00[0m[34;22m      0.00[0m[34;1m     38.62[0m
09:57:22   [32;22m     all[0m[34;1m     21.43[0m[34;22m      0.00[0m[34;1m     36.36[0m[34;22m      0.00[0m[34;22m      0.00[0m[34;1m     42.21[0m
09:57:23   [32;22m     all[0m[34;1m     15.15[0m[34;22m      0.00[0m[34;1m     43.18[0m[34;22m      0.00[0m[34;22m      0.00[0m[34;1m     41.67[0m
09:57:24   [32;22m     all[0m[34;1m     25.60[0m[34;22m      0.00[0m[34;1m     48.80[0m[34;1m      0.80[0m[34;22m      0.00[0m[35;1m     24.80[0m
09:57:25   [32;22m     all[0m[34;1m     17.74[0m[34;22m      0.00[0m[34;1m     40.32[0m[34;22m      0.00[0m[34;22m      0.00[0m[34;1m     41.94[0m
09:57:26   [32;22m     all[0m[34;1m     18.24[0m[34;22m      0.00[0m[34;1m     43.24[0m[34;22m      0.00[0m[34;22m      0.00[0m[34;1m     38.51[0m
09:57:27   [32;22m     all[0m[34;1m     22.73[0m[34;22m      0.00[0m[34;1m     37.88[0m[34;22m      0.00[0m[34;22m      0.00[0m[34;1m     39.39[0m
09:57:28   [32;22m     all[0m[34;1m     21.29[0m[34;22m      0.00[0m[34;1m     37.42[0m[34;22m      0.00[0m[34;22m      0.00[0m[34;1m     41.29[0m
09:57:29   [32;22m     all[0m[34;1m     23.13[0m[34;22m      0.00[0m[34;1m     33.33[0m[34;22m      0.00[0m[34;22m      0.00[0m[34;1m     43.54[0m
09:57:30   [32;22m     all[0m[34;1m     17.09[0m[34;22m      0.00[0m[34;1m     34.18[0m[34;22m      0.00[0m[34;22m      0.00[0m[34;1m     48.73[0m
09:57:31   [32;22m     all[0m[34;1m     17.20[0m[34;22m      0.00[0m[34;1m     29.94[0m[34;22m      0.00[0m[34;22m      0.00[0m[34;1m     52.87[0m
09:57:32   [32;22m     all[0m[34;1m     20.99[0m[34;22m      0.00[0m[34;1m     31.48[0m[34;22m      0.00[0m[34;22m      0.00[0m[34;1m     47.53[0m
09:57:33   [32;22m     all[0m[34;1m     16.77[0m[34;22m      0.00[0m[34;1m     33.55[0m[34;22m      0.00[0m[34;22m      0.00[0m[34;1m     49.68[0m
09:57:34   [32;22m     all[0m[34;1m     20.13[0m[34;22m      0.00[0m[34;1m     37.01[0m[34;22m      0.00[0m[34;22m      0.00[0m[34;1m     42.86[0m
09:57:35   [32;22m     all[0m[34;1m     18.58[0m[34;22m      0.00[0m[34;1m     46.90[0m[34;22m      0.00[0m[34;22m      0.00[0m[34;1m     34.51[0m
09:57:36   [32;22m     all[0m[34;1m     20.57[0m[34;22m      0.00[0m[34;1m     40.43[0m[34;22m      0.00[0m[34;22m      0.00[0m[34;1m     39.01[0m
09:57:37   [32;22m     all[0m[34;1m     17.88[0m[34;22m      0.00[0m[34;1m     31.79[0m[34;22m      0.00[0m[34;22m      0.00[0m[34;1m     50.33[0m
09:57:38   [32;22m     all[0m[34;1m     16.78[0m[34;22m      0.00[0m[34;1m     38.46[0m[34;22m      0.00[0m[34;22m      0.00[0m[34;1m     44.76[0m
09:57:39   [32;22m     all[0m[34;1m     16.00[0m[34;22m      0.00[0m[34;1m     35.33[0m[34;1m      0.67[0m[34;22m      0.00[0m[34;1m     48.00[0m
09:57:40   [32;22m     all[0m[34;1m     20.13[0m[34;22m      0.00[0m[34;1m     46.98[0m[34;22m      0.00[0m[34;22m      0.00[0m[34;1m     32.89[0m
09:57:41   [32;22m     all[0m[34;1m     16.77[0m[34;22m      0.00[0m[34;1m     31.61[0m[34;22m      0.00[0m[34;22m      0.00[0m[34;1m     51.61[0m
09:57:42   [32;22m     all[0m[34;1m     16.88[0m[34;22m      0.00[0m[34;1m     35.06[0m[34;22m      0.00[0m[34;22m      0.00[0m[34;1m     48.05[0m
09:57:43   [32;22m     all[0m[34;1m     21.88[0m[34;22m      0.00[0m[34;1m     32.50[0m[34;22m      0.00[0m[34;22m      0.00[0m[34;1m     45.62[0m
09:57:44   [32;22m     all[0m[34;1m     22.01[0m[34;22m      0.00[0m[34;1m     35.22[0m[34;22m      0.00[0m[34;22m      0.00[0m[34;1m     42.77[0m
09:57:45   [32;22m     all[0m[34;1m     19.23[0m[34;22m      0.00[0m[34;1m     33.97[0m[34;22m      0.00[0m[34;22m      0.00[0m[34;1m     46.79[0m
09:57:46   [32;22m     all[0m[34;1m     19.35[0m[34;22m      0.00[0m[34;1m     33.55[0m[34;22m      0.00[0m[34;22m      0.00[0m[34;1m     47.10[0m
09:57:47   [32;22m     all[0m[34;1m     15.38[0m[34;22m      0.00[0m[34;1m     33.14[0m[34;22m      0.00[0m[34;22m      0.00[0m[34;1m     51.48[0m
09:57:48   [32;22m     all[0m[34;1m     22.38[0m[34;22m      0.00[0m[34;1m     43.36[0m[34;22m      0.00[0m[34;22m      0.00[0m[34;1m     34.27[0m
09:57:49   [32;22m     all[0m[34;1m     21.09[0m[34;22m      0.00[0m[34;1m     46.88[0m[34;1m      0.78[0m[34;22m      0.00[0m[34;1m     31.25[0m
09:57:50   [32;22m     all[0m[34;1m     20.33[0m[34;22m      0.00[0m[34;1m     49.59[0m[34;22m      0.00[0m[34;22m      0.00[0m[34;1m     30.08[0m
09:57:51   [32;22m     all[0m[34;1m     27.82[0m[34;22m      0.00[0m[34;1m     57.14[0m[34;22m      0.00[0m[34;22m      0.00[0m[35;1m     15.04[0m
09:57:52   [32;22m     all[0m[34;1m     20.63[0m[34;22m      0.00[0m[34;1m     43.65[0m[34;22m      0.00[0m[34;22m      0.00[0m[34;1m     35.71[0m
09:57:53   [32;22m     all[0m[34;1m     21.15[0m[34;22m      0.00[0m[34;1m     34.62[0m[34;22m      0.00[0m[34;22m      0.00[0m[34;1m     44.23[0m
09:57:54   [32;22m     all[0m[34;1m     31.21[0m[34;22m      0.00[0m[34;1m     46.10[0m[34;22m      0.00[0m[34;22m      0.00[0m[35;1m     22.70[0m
09:57:55   [32;22m     all[0m[34;1m     21.68[0m[34;22m      0.00[0m[34;1m     40.56[0m[34;22m      0.00[0m[34;22m      0.00[0m[34;1m     37.76[0m
09:57:56   [32;22m     all[0m[34;1m     17.74[0m[34;22m      0.00[0m[34;1m     44.35[0m[34;22m      0.00[0m[34;22m      0.00[0m[34;1m     37.90[0m
09:57:57   [32;22m     all[0m[34;1m     22.67[0m[34;22m      0.00[0m[34;1m     39.33[0m[34;22m      0.00[0m[34;22m      0.00[0m[34;1m     38.00[0m
09:57:58   [32;22m     all[0m[34;1m     19.12[0m[34;22m      0.00[0m[34;1m     44.12[0m[34;22m      0.00[0m[34;22m      0.00[0m[34;1m     36.76[0m
09:57:59   [32;22m     all[0m[34;1m     19.87[0m[34;22m      0.00[0m[34;1m     40.40[0m[34;22m      0.00[0m[34;22m      0.00[0m[34;1m     39.74[0m
09:58:00   [32;22m     all[0m[34;1m     21.37[0m[34;22m      0.00[0m[34;1m     48.09[0m[34;22m      0.00[0m[34;22m      0.00[0m[34;1m     30.53[0m
09:58:01   [32;22m     all[0m[34;1m     16.45[0m[34;22m      0.00[0m[34;1m     35.53[0m[34;1m      0.66[0m[34;22m      0.00[0m[34;1m     47.37[0m
09:58:02   [32;22m     all[0m[34;1m     17.91[0m[34;22m      0.00[0m[34;1m     40.30[0m[34;22m      0.00[0m[34;22m      0.00[0m[34;1m     41.79[0m
09:58:03   [32;22m     all[0m[34;1m     20.69[0m[34;22m      0.00[0m[34;1m     35.86[0m[34;22m      0.00[0m[34;22m      0.00[0m[34;1m     43.45[0m
09:58:04   [32;22m     all[0m[34;1m     23.26[0m[34;22m      0.00[0m[34;1m     47.29[0m[34;22m      0.00[0m[34;22m      0.00[0m[34;1m     29.46[0m
09:58:05   [32;22m     all[0m[34;1m     14.91[0m[34;22m      0.00[0m[34;1m     32.92[0m[34;22m      0.00[0m[34;22m      0.00[0m[34;1m     52.17[0m
09:58:06   [32;22m     all[0m[34;1m     17.52[0m[34;22m      0.00[0m[34;1m     35.04[0m[34;22m      0.00[0m[34;22m      0.00[0m[34;1m     47.45[0m
09:58:07   [32;22m     all[0m[34;1m     18.47[0m[34;22m      0.00[0m[34;1m     35.67[0m[34;22m      0.00[0m[34;22m      0.00[0m[34;1m     45.86[0m
09:58:08   [32;22m     all[0m[34;1m     19.87[0m[34;22m      0.00[0m[34;1m     32.45[0m[34;22m      0.00[0m[34;22m      0.00[0m[34;1m     47.68[0m
09:58:09   [32;22m     all[0m[34;1m     16.23[0m[34;22m      0.00[0m[34;1m     34.42[0m[34;22m      0.00[0m[34;22m      0.00[0m[34;1m     49.35[0m
09:58:10   [32;22m     all[0m[34;1m     22.48[0m[34;22m      0.00[0m[34;1m     55.04[0m[34;22m      0.00[0m[34;22m      0.00[0m[35;1m     22.48[0m
09:58:11   [32;22m     all[0m[34;1m     21.74[0m[34;22m      0.00[0m[34;1m     46.09[0m[34;22m      0.00[0m[34;22m      0.00[0m[34;1m     32.17[0m
09:58:12   [32;22m     all[0m[34;1m     20.16[0m[34;22m      0.00[0m[34;1m     50.81[0m[34;22m      0.00[0m[34;22m      0.00[0m[34;1m     29.03[0m
09:58:13   [32;22m     all[0m[34;1m     19.25[0m[34;22m      0.00[0m[34;1m     34.16[0m[34;22m      0.00[0m[34;22m      0.00[0m[34;1m     46.58[0m
09:58:14   [32;22m     all[0m[34;1m     20.69[0m[34;22m      0.00[0m[34;1m     32.41[0m[34;22m      0.00[0m[34;22m      0.00[0m[34;1m     46.90[0m
09:58:15   [32;22m     all[0m[34;1m     16.56[0m[34;22m      0.00[0m[34;1m     33.13[0m[34;22m      0.00[0m[34;22m      0.00[0m[34;1m     50.31[0m
09:58:16   [32;22m     all[0m[34;1m     17.69[0m[34;22m      0.00[0m[34;1m     46.15[0m[34;22m      0.00[0m[34;22m      0.00[0m[34;1m     36.15[0m
09:58:17   [32;22m     all[0m[34;1m     18.30[0m[34;22m      0.00[0m[34;1m     35.29[0m[34;22m      0.00[0m[34;22m      0.00[0m[34;1m     46.41[0m
09:58:18   [32;22m     all[0m[34;1m     20.47[0m[34;22m      0.00[0m[34;1m     42.52[0m[34;22m      0.00[0m[34;22m      0.00[0m[34;1m     37.01[0m
09:58:19   [32;22m     all[0m[34;1m     21.19[0m[34;22m      0.00[0m[34;1m     38.41[0m[34;22m      0.00[0m[34;22m      0.00[0m[34;1m     40.40[0m
09:58:20   [32;22m     all[0m[34;1m     18.80[0m[34;22m      0.00[0m[34;1m     44.36[0m[34;22m      0.00[0m[34;22m      0.00[0m[34;1m     36.84[0m
09:58:21   [32;22m     all[0m[34;1m     23.24[0m[34;22m      0.00[0m[34;1m     44.37[0m[34;22m      0.00[0m[34;22m      0.00[0m[34;1m     32.39[0m
09:58:22   [32;22m     all[0m[34;1m     18.18[0m[34;22m      0.00[0m[34;1m     35.76[0m[34;22m      0.00[0m[34;22m      0.00[0m[34;1m     46.06[0m
09:58:23   [32;22m     all[0m[34;1m     21.58[0m[34;22m      0.00[0m[34;1m     43.88[0m[34;22m      0.00[0m[34;22m      0.00[0m[34;1m     34.53[0m
09:58:24   [32;22m     all[0m[34;1m     17.65[0m[34;22m      0.00[0m[34;1m     34.64[0m[34;1m      0.65[0m[34;22m      0.00[0m[34;1m     47.06[0m
09:58:25   [32;22m     all[0m[34;1m     23.68[0m[34;22m      0.00[0m[34;1m     34.87[0m[34;22m      0.00[0m[34;22m      0.00[0m[34;1m     41.45[0m
09:58:26   [32;22m     all[0m[34;1m     18.12[0m[34;22m      0.00[0m[34;1m     37.58[0m[34;22m      0.00[0m[34;22m      0.00[0m[34;1m     44.30[0m
09:58:27   [32;22m     all[0m[34;1m     18.05[0m[34;22m      0.00[0m[34;1m     42.11[0m[34;22m      0.00[0m[34;22m      0.00[0m[34;1m     39.85[0m
09:58:28   [32;22m     all[0m[34;1m     20.90[0m[34;22m      0.00[0m[34;1m     47.76[0m[34;22m      0.00[0m[34;22m      0.00[0m[34;1m     31.34[0m
09:58:29   [32;22m     all[0m[34;1m     22.14[0m[34;22m      0.00[0m[34;1m     43.57[0m[34;22m      0.00[0m[34;22m      0.00[0m[34;1m     34.29[0m
09:58:30   [32;22m     all[0m[34;1m     18.80[0m[34;22m      0.00[0m[34;1m     46.62[0m[34;22m      0.00[0m[34;22m      0.00[0m[34;1m     34.59[0m
